Logging to file /mta_fs/UserFiles/37258710/amosbatch/pippo/CS08T.log
                        __  __  ____   _____
                  /\   |  \/  |/ __ \ / ____|
                 /  \  | \  / | |  | | (___  
                / /\ \ | |\/| | |  | |\___ \ 
               / ____ \| |  | | |__| |____) |
              /_/    \_\_|  |_|\____/|_____/
              OSS Framework for MoShell-25.0h 
  Copyright (c) Ericsson AB 2001-2025 - All Rights Reserved
              
           
[1;31mWARNING: [0mthe AMOS version currently running is more than 27 weeks old and is unsupported.
Please upgrade as soon as possible to the latest released version, available from your local Ericsson support.

$amosrb_pid = 3234584

Checking ip contact...OK

HELP MENU            : h
BASIC MO COMMANDS    : m
OTHER MO COMMANDS    : n
OTHER COMMANDS       : o
PM COMMANDS          : p
QUIT                 : q

CS08T> lt all

251110-11:25:17+0100 19.31.2.165 25.0h  stopfile=/tmp/3234515
Looking up temporary_amos account... OK.
Trying temporary_amos_t20251110_37258710_2892_421's password from amos lookupAccount ... OK

$ssh_pid = 3235370

Connected to 19.31.2.165 (SubNetwork=BBMM_rckomc_R,MeContext=CS08T,ManagedElement=CS08T)

Checking MOM version...MSRBS_NODE_MODEL_25.Q1_693.28324.131_62ac
Parsing MOM (cached): /ericsson/log/amos/moshell_logfiles/t20251110_37258710_2892/logs_moshell/tempfiles/scp-4-amos_20251110-112511_3234457/MSRBS_NODE_MODEL_25.Q1_693.28324.131_62ac.xml.cache.gz ..................................................................................................................................................................................................................................Done.
Using paramfile /opt/ericsson/amos/moshell/commonjars/pm/PARAM_MSRBS_25.Q1.txt
Parsing file /opt/ericsson/amos/moshell/commonjars/pm/PARAM_MSRBS_25.Q1.txt .......................................................................................Done.
Using imomdfile /opt/ericsson/amos/moshell/commonjars/pm/IMOMD_MSRBS_22.Q4.txt
Using imomfile /opt/ericsson/amos/moshell/commonjars/pm/IMOM_MSRBS_25.Q1.txt
Connected to 19.31.2.165 (SubNetwork=BBMM_rckomc_R,MeContext=CS08T,ManagedElement=CS08T)

Last MO: 22509. Loaded 22509 MOs. Total: 22510 MOs.

CS08T> st cell

251110-11:25:34+0100 19.31.2.165 25.0h MSRBS_NODE_MODEL_25.Q1_693.28324.131_62ac stopfile=/tmp/3234515
===================================================================================
Proxy  Adm State     Op. State     MO
===================================================================================
   43  1 (UNLOCKED)  1 (ENABLED)   ENodeBFunction=1,EUtranCellFDD=CS08E1
  278  1 (UNLOCKED)  1 (ENABLED)   ENodeBFunction=1,EUtranCellFDD=CS08E2
  471  1 (UNLOCKED)  1 (ENABLED)   ENodeBFunction=1,EUtranCellFDD=CS08E3
  669  1 (UNLOCKED)  1 (ENABLED)   ENodeBFunction=1,EUtranCellFDD=CS08E4
  869  1 (UNLOCKED)  1 (ENABLED)   ENodeBFunction=1,EUtranCellFDD=CS08M1
 1004  1 (UNLOCKED)  1 (ENABLED)   ENodeBFunction=1,EUtranCellFDD=CS08M2
 1163  1 (UNLOCKED)  1 (ENABLED)   ENodeBFunction=1,EUtranCellFDD=CS08M3
 1319  1 (UNLOCKED)  1 (ENABLED)   ENodeBFunction=1,EUtranCellFDD=CS08M4
 1499  1 (UNLOCKED)  1 (ENABLED)   ENodeBFunction=1,EUtranCellFDD=CS08T1
 1641  1 (UNLOCKED)  1 (ENABLED)   ENodeBFunction=1,EUtranCellFDD=CS08T2
 1795  1 (UNLOCKED)  1 (ENABLED)   ENodeBFunction=1,EUtranCellFDD=CS08T3
 1951  1 (UNLOCKED)  1 (ENABLED)   ENodeBFunction=1,EUtranCellFDD=CS08T4
 3004  1 (UNLOCKED)  1 (ENABLED)   ENodeBFunction=1,NbIotCell=CS08N1
 3005  1 (UNLOCKED)  1 (ENABLED)   ENodeBFunction=1,NbIotCell=CS08N2
 3006  1 (UNLOCKED)  1 (ENABLED)   ENodeBFunction=1,NbIotCell=CS08N3
 3007  1 (UNLOCKED)  1 (ENABLED)   ENodeBFunction=1,NbIotCell=CS08N4
 5268  1 (UNLOCKED)  1 (ENABLED)   GNBDUFunction=1,NRCellDU=CS08G1
 5270  1 (UNLOCKED)  1 (ENABLED)   GNBDUFunction=1,NRCellDU=CS08G2
 5272  1 (UNLOCKED)  1 (ENABLED)   GNBDUFunction=1,NRCellDU=CS08G3
 5274  1 (UNLOCKED)  1 (ENABLED)   GNBDUFunction=1,NRCellDU=CS08G4
 5276  1 (UNLOCKED)  1 (ENABLED)   GNBDUFunction=1,NRCellDU=CS08V1
 5278  1 (UNLOCKED)  1 (ENABLED)   GNBDUFunction=1,NRCellDU=CS08V2
 5280  1 (UNLOCKED)  1 (ENABLED)   GNBDUFunction=1,NRCellDU=CS08V3
===================================================================================
Total: 23 MOs

INFO: NRCellDU status needs to be printed with command "stz" or "hget ,nrcell state" due to dependency to cellState/serviceState attributes.

CS08T> st radio

251110-11:25:35+0100 19.31.2.165 25.0h MSRBS_NODE_MODEL_25.Q1_693.28324.131_62ac stopfile=/tmp/3234515
===================================================================================
Proxy  Adm State     Op. State     MO
===================================================================================
 4330  1 (UNLOCKED)  1 (ENABLED)   Equipment=1,FieldReplaceableUnit=Radio-S100-1
 4353  1 (UNLOCKED)  1 (ENABLED)   Equipment=1,FieldReplaceableUnit=Radio-S102-1
 4376  1 (UNLOCKED)  1 (ENABLED)   Equipment=1,FieldReplaceableUnit=Radio-S220-1
 4403  1 (UNLOCKED)  1 (ENABLED)   Equipment=1,FieldReplaceableUnit=Radio-S221-1
 4430  1 (UNLOCKED)  1 (ENABLED)   Equipment=1,FieldReplaceableUnit=Radio-S222-1
 4457  1 (UNLOCKED)  1 (ENABLED)   Equipment=1,FieldReplaceableUnit=Radio-S223-1
22500  1 (UNLOCKED)  1 (ENABLED)   Transport=1,Synchronization=1,RadioEquipmentClock=1,RadioEquipmentClockReference=NTP1
22501  1 (UNLOCKED)  1 (ENABLED)   Transport=1,Synchronization=1,RadioEquipmentClock=1,RadioEquipmentClockReference=PTP
===================================================================================
Total: 8 MOs

CS08T> sdir

251110-11:25:35+0100 19.31.2.165 25.0h MSRBS_NODE_MODEL_25.Q1_693.28324.131_62ac stopfile=/tmp/3234515
INFO: Using amos lookupAccount credentials for the export login
................
get /rop/A20251110.0930-0945_CS08T.xml.gz /ericsson/log/amos/moshell_logfiles/t20251110_37258710_2892/logs_moshell/pmfiles/19.31.2.165/rop/A20251110.0930-0945_CS08T.xml.gz ... OK
get /rop/A20251110.0945-1000_CS08T.xml.gz /ericsson/log/amos/moshell_logfiles/t20251110_37258710_2892/logs_moshell/pmfiles/19.31.2.165/rop/A20251110.0945-1000_CS08T.xml.gz ... OK
get /rop/A20251110.1000-1015_CS08T.xml.gz /ericsson/log/amos/moshell_logfiles/t20251110_37258710_2892/logs_moshell/pmfiles/19.31.2.165/rop/A20251110.1000-1015_CS08T.xml.gz ... OK
....Checking available boards on node...

Collecting RCS board data ...
..................................................................................................................................................................
............................
...................................................................................................................................................................................................................................................................................................................................................................................
....
Collecting TN data...
.........................................................................................................................................................................
Getting MO data from node (135 MOs). Please wait...
0%                                             ~50%                                           ~100%
......................................................................................................................................
Collecting RF data...
...........
Collecting Alarms...
.Executing action Log.export()
...
Log=AlarmLog                    actionId=8891
........
Executing action LogM.exportAvailabilityLog()
..LogM=1,exportAvailabilityLog    actionId=8892
.....Parsing alarmLog.....Done.
Parsing availabilityLog....Done.
...

Total: 9 CPRI links (9 OK, 0 OKW, 0 NOK, 0 NT)
.
+--------+                      +----------------------------+
|        | A        O101     D1 |        Radio-S220-1        |
|        |-----------1----------| RRU247924B824B2024B28BM01* |
|        |         OK-78m       |           BXP_3            |
|        |                      +----------------------------+
|        |                                     |A  |B  |C  |D
|        |                          SE=220* AG=220 FDD=CS08E1
|        |                             NIOT=CS08N1 NRC=CS08G1
|        |
|        |                      +----------------------------+
|        | B        O101     D1 |        Radio-S221-1        |
|        |-----------2----------| RRU247924B824B2024B28BM01* |
|        |         OK-78m       |           BXP_2            |
|        |                      +----------------------------+
|        |                                     |A  |B  |C  |D
|        |                          SE=221* AG=221 FDD=CS08E2
|        |                             NIOT=CS08N2 NRC=CS08G2
|        |
|        |                      +----------------------------+
|        | C        O101     D1 |        Radio-S222-1        |
|        |-----------3----------| RRU247924B824B2024B28BM01* |
|        |         OK-78m       |           BXP_6            |
|        |                      +----------------------------+
|        |                                     |A  |B  |C  |D
|        |                          SE=222* AG=222 FDD=CS08E3
|        |                             NIOT=CS08N3 NRC=CS08G3
|        |
|        |                      +------------------+
|        | D        O101     D2 |   Radio-S100-1   |
|        |-----------4----------| RRU449944B144B3C |
|        |         OK-83m       |      BXP_4       |
|        |                      +------------------+
|        |                           |A  |B  |C  |D
|        |                    SE=100 AG=100  |   |
|        |            FDD=CS08M1 FDD=CS08T1  |   |
|        |                            SE=101 AG=101
|        |                    FDD=CS08M2 FDD=CS08T2
|        |
|  BB-1  |                      +------------------+
| BB6648 | E        O101     D2 |   Radio-S102-1   |
| 000100 |-----------5----------| RRU449944B144B3C |
|        |         OK-83m       |      BXP_5       |
|        |                      +------------------+
|        |                           |A  |B  |C  |D
|        |                    SE=102 AG=102  |   |
|        |            FDD=CS08M3 FDD=CS08T3  |   |
|        |                            SE=103 AG=103
|        |                    FDD=CS08M4 FDD=CS08T4
|        |
|        |                      +----------------------------+
|        | F        O101     D1 |        Radio-S223-1        |
|        |-----------6----------| RRU247924B824B2024B28BM01* |
|        |         OK-93m       |           BXP_7            |
|        |                      +----------------------------+
|        |                                     |A  |B  |C  |D
|        |                          SE=223* AG=223 FDD=CS08E4
|        |                             NIOT=CS08N4 NRC=CS08G4
|        |
|        |                      +-------------+
|        | K        O257     D1 | AAS-S160-1  |
|        |-----------7----------| AIR3278B78K |
|        |         OK-92m       |  fru_2048   |
|        |                      +-------------+
|        |                                  |A
|        |                   SE=160 NRC=CS08V1
|        |
|        |                      +-------------+
|        | L        O257     D1 | AAS-S161-1  |
|        |-----------8----------| AIR3278B78K |
|        |         OK-92m       |  fru_2049   |
|        |                      +-------------+
|        |                                  |A
|        |                   SE=161 NRC=CS08V2
|        |
|        |                      +-------------+
|        | M        O257     D1 | AAS-S162-1  |
|        |-----------9----------| AIR3278B78K |
|        |         OK-92m       |  fru_2050   |
|        |                      +-------------+
|        |                                  |A
+--------+                   SE=162 NRC=CS08V3

=====================================================================================================================================
ID RiL    Type Res MO1-MO2                  BOARD1-BOARD2                     AlmIDs Cells (States)                                        Issue (Failed checks)
=====================================================================================================================================
 1 S220-1 O101 OK  BB-1(A) Radio-S220-1(D1) BB6648 RRU247924B824B2024B28BM01*        FDD=CS08E1 NIOT=CS08N1 NRC=CS08G1 (1,1,1)             Passed
 2 S221-1 O101 OK  BB-1(B) Radio-S221-1(D1) BB6648 RRU247924B824B2024B28BM01*        FDD=CS08E2 NIOT=CS08N2 NRC=CS08G2 (1,1,1)             Passed
 3 S222-1 O101 OK  BB-1(C) Radio-S222-1(D1) BB6648 RRU247924B824B2024B28BM01*        FDD=CS08E3 NIOT=CS08N3 NRC=CS08G3 (1,1,1)             Passed
 4 S100-1 O101 OK  BB-1(D) Radio-S100-1(D2) BB6648 RRU449944B144B3C                  FDD=CS08M1 FDD=CS08M2 FDD=CS08T1 FDD=CS08T2 (1,1,1,1) Passed
 5 S102-1 O101 OK  BB-1(E) Radio-S102-1(D2) BB6648 RRU449944B144B3C                  FDD=CS08M3 FDD=CS08M4 FDD=CS08T3 FDD=CS08T4 (1,1,1,1) Passed
 6 S223-1 O101 OK  BB-1(F) Radio-S223-1(D1) BB6648 RRU247924B824B2024B28BM01*        FDD=CS08E4 NIOT=CS08N4 NRC=CS08G4 (1,1,1)             Passed
 7 S160-1 O257 OK  BB-1(K) AAS-S160-1(D1)   BB6648 AIR3278B78K                       NRC=CS08V1 (1)                                        Passed
 8 S161-1 O257 OK  BB-1(L) AAS-S161-1(D1)   BB6648 AIR3278B78K                       NRC=CS08V2 (1)                                        Passed
 9 S162-1 O257 OK  BB-1(M) AAS-S162-1(D1)   BB6648 AIR3278B78K                       NRC=CS08V3 (1)                                        Passed
-------------------------------------------------------------------------------------------------------------------------------------

Node: RadioNode LN   CXP2010174/2_R27J08 (25.Q1)   G3.0   LTE-FDD,LTE-IoT NR-LB-FDD,NR-MB-TDD-NSA

=====================================================================================================================================
FRU          ;LNH      ;BOARD                      ;ST ;FAULT ;OPER ;MAINT ;STAT ;PRODUCTNUMBER   ;REV     ;SERIAL        ;DATE     ;PMTEMP ; TEMP ; UPT ;VOLT ;SW                   ;
=====================================================================================================================================
BB-1         ;000100   ;BB6648                     ; 1 ;  OFF ;  ON ;  OFF ;  ON ;KDU1370015/11   ;R3H     ;E96A00RHJN    ;20220524 ;4 (OK) ;      ; 118 ;51   ;                     ;
Radio-S100-1 ;BXP_4    ;RRU449944B144B3C           ; 1 ;  OFF ;  ON ;  OFF ; N/A ;KRC161787/1     ;R2G     ;E55G668868    ;20220604 ;4 (OK) ; 45.6 ; 118 ;50.5 ;CXP9013268%15_R101LX ; (Radio449944B144B3C)
Radio-S102-1 ;BXP_5    ;RRU449944B144B3C           ; 1 ;  OFF ;  ON ;  OFF ; N/A ;KRC161787/1     ;R2G     ;E55G668784    ;20220604 ;4 (OK) ; 65.6 ; 118 ;48.3 ;CXP9013268%15_R101LX ; (Radio449944B144B3C)
Radio-S220-1 ;BXP_3    ;RRU247924B824B2024B28BM01* ; 1 ;  OFF ;  ON ;  OFF ; N/A ;KRC161832/1     ;R2J     ;TU8U02VGHT    ;20250113 ;4 (OK) ; 37.7 ; 118 ;51.2 ;CXP9013268%15_R101LX ; (Radio247924B824B2024B28BM01)
Radio-S221-1 ;BXP_2    ;RRU247924B824B2024B28BM01* ; 1 ;  OFF ;  ON ;  OFF ; N/A ;KRC161832/1     ;R2J     ;TU8U02S32L    ;20241012 ;4 (OK) ; 45.2 ; 118 ;50.8 ;CXP9013268%15_R101LX ; (Radio247924B824B2024B28BM01)
Radio-S222-1 ;BXP_6    ;RRU247924B824B2024B28BM01* ; 1 ;  OFF ;  ON ;  OFF ; N/A ;KRC161832/1     ;R2J     ;TU8U02S38Q    ;20241014 ;4 (OK) ; 48.0 ; 118 ;50.9 ;CXP9013268%15_R101LX ; (Radio247924B824B2024B28BM01)
Radio-S223-1 ;BXP_7    ;RRU247924B824B2024B28BM01* ; 1 ;  OFF ;  ON ;  OFF ; N/A ;KRC161832/1     ;R2J     ;TU8U02S41X    ;20241014 ;4 (OK) ; 46.3 ; 118 ;51.1 ;CXP9013268%15_R101LX ; (Radio247924B824B2024B28BM01)
AAS-S160-1   ;fru_2048 ;AIR3278B78K                ; 1 ;  OFF ;  ON ;  OFF ; N/A ;KRD901266/11    ;R2C     ;E96A202Q38    ;20220621 ;4 (OK) ; 40.5 ; 118 ;51.3 ;CXP2030038%1_R140L31 ;
AAS-S161-1   ;fru_2049 ;AIR3278B78K                ; 1 ;  OFF ;  ON ;  OFF ; N/A ;KRD901266/11    ;R2C     ;E96A202Q33    ;20220621 ;4 (OK) ; 45.5 ; 118 ;50.9 ;CXP2030038%1_R140L31 ;
AAS-S162-1   ;fru_2050 ;AIR3278B78K                ; 1 ;  OFF ;  ON ;  OFF ; N/A ;KRD901266/11    ;R2C     ;E96A202Q34    ;20220621 ;4 (OK) ; 43.0 ; 118 ;51.2 ;CXP2030038%1_R140L31 ;
-------------------------------------------------------------------------------------------------------------------------------------

=====================================================================================================================================
AntennaNearUnit                                         ;ST  ;TYPE   ;PRODUCTNR       ;REV                ;UNIQUEID             ;RfPort
=====================================================================================================================================
AntennaUnitGroup=220,AntennaNearUnit=RET_1800-2100      ; 1  ;S-RET  ;AIMM20M22S0v01  ;WD82MANQR22_VER.A  ;HWN3880Q901LF063Lb1  ;FieldReplaceableUnit=Radio-S220-1,RfPort=R
AntennaUnitGroup=220,AntennaNearUnit=RET_2600           ; 1  ;S-RET  ;AIMM20M22S0v01  ;WD82MANQR22_VER.A  ;HWN3880Q901LH021Ly1  ;FieldReplaceableUnit=Radio-S220-1,RfPort=R
AntennaUnitGroup=220,AntennaNearUnit=RET_700_800_900_1  ; 1  ;S-RET  ;AIMM20M22S0v01  ;WD82MANQR22_VER.A  ;HWN3880Q901LD020Lr1  ;FieldReplaceableUnit=Radio-S220-1,RfPort=R
AntennaUnitGroup=220,AntennaNearUnit=RET_700_800_900_2  ; 1  ;S-RET  ;AIMM20M22S0v01  ;WD82MANQR22_VER.A  ;HWN3880Q901LE034Rr2  ;FieldReplaceableUnit=Radio-S220-1,RfPort=R
AntennaUnitGroup=221,AntennaNearUnit=RET_1800-2100      ; 1  ;S-RET  ;AIMM20M22v01    ;WD82MANBRCU_VER.D  ;HWM1887K4003F059Ly1  ;FieldReplaceableUnit=Radio-S221-1,RfPort=R
AntennaUnitGroup=221,AntennaNearUnit=RET_2600           ; 1  ;S-RET  ;AIMM20M22v01    ;WD82MANBRCU_VER.D  ;HWM1887K4003D094Ry2  ;FieldReplaceableUnit=Radio-S221-1,RfPort=R
AntennaUnitGroup=221,AntennaNearUnit=RET_700_800_900_1  ; 1  ;S-RET  ;AIMM20M22v01    ;WD82MANBRCU_VER.D  ;HWM1887K4003G021Lr1  ;FieldReplaceableUnit=Radio-S221-1,RfPort=R
AntennaUnitGroup=221,AntennaNearUnit=RET_700_800_900_2  ; 1  ;S-RET  ;AIMM20M22v01    ;WD82MANBRCU_VER.D  ;HWM1887K4003E077Rr2  ;FieldReplaceableUnit=Radio-S221-1,RfPort=R
AntennaUnitGroup=222,AntennaNearUnit=RET_1800-2100      ; 1  ;S-RET  ;AIMM20M22v01    ;WD82MANBRCU_VER.D  ;HWM1887K400B6049Ly1  ;FieldReplaceableUnit=Radio-S222-1,RfPort=R
AntennaUnitGroup=222,AntennaNearUnit=RET_2600           ; 1  ;S-RET  ;AIMM20M22v01    ;WD82MANBRCU_VER.D  ;HWM1887K400B4059Ry2  ;FieldReplaceableUnit=Radio-S222-1,RfPort=R
AntennaUnitGroup=222,AntennaNearUnit=RET_700_800_900_1  ; 1  ;S-RET  ;AIMM20M22v01    ;WD82MANBRCU_VER.D  ;HWM1887K400B7031Lr1  ;FieldReplaceableUnit=Radio-S222-1,RfPort=R
AntennaUnitGroup=222,AntennaNearUnit=RET_700_800_900_2  ; 1  ;S-RET  ;AIMM20M22v01    ;WD82MANBRCU_VER.D  ;HWM1887K400B5075Rr2  ;FieldReplaceableUnit=Radio-S222-1,RfPort=R
AntennaUnitGroup=223,AntennaNearUnit=RET_1800-2100      ; 1  ;S-RET  ;AIMM20M22v01    ;WD82MANBRCU_VER.D  ;HWM1887K40011051Ly1  ;FieldReplaceableUnit=Radio-S223-1,RfPort=R
AntennaUnitGroup=223,AntennaNearUnit=RET_2600           ; 1  ;S-RET  ;AIMM20M22v01    ;WD82MANBRCU_VER.D  ;HWM1887K4000Y001Ry2  ;FieldReplaceableUnit=Radio-S223-1,RfPort=R
AntennaUnitGroup=223,AntennaNearUnit=RET_700_800_900_1  ; 1  ;S-RET  ;AIMM20M22v01    ;WD82MANBRCU_VER.D  ;HWM1887K40012084Lr1  ;FieldReplaceableUnit=Radio-S223-1,RfPort=R
AntennaUnitGroup=223,AntennaNearUnit=RET_700_800_900_2  ; 1  ;S-RET  ;AIMM20M22v01    ;WD82MANBRCU_VER.D  ;HWM1887K40010029Rr2  ;FieldReplaceableUnit=Radio-S223-1,RfPort=R
-------------------------------------------------------------------------------------------------------------------------------------

=====================================================================================================================================
XPBOARD  ;ST ;FAULT ;OPER ;PRODUCTNUMBER ;REV ;SERIAL/NAME ;DATE     ; TEMP ;MO
=====================================================================================================================================
FAN08    ; 1 ;N/A   ;N/A  ;BKV106236/1   ;R2F ;DD111B2762  ;20211117 ; 53.0 ;SupportUnit=1 (FAN  BB-1)
-------------------------------------------------------------------------------------------------------------------------------------

=====================================================================================================================================
ID ;T ;RiL    ;BPBP ;BOARD1                     ;LNH1 ;PORT ;R ;LINK ;RATE  ; BER ;BOARD2                     ;LNH2   ;PORT ;R ;LINK ;RATE  ; BER ;LENGTH ;MO1 - MO2
=====================================================================================================================================
 1 ;O ;S220-1 ;1111 ;BB6648                     ;000100 ; 1 ;M ;Up   ;10.1G ;   0 ;RRU247924B824B2024B28BM01* ;BXP_3    ; 0 ;S ;Up   ;10.1G ;   0 ;   78m ;Fru=BB-1(A) Fru=Radio-S220-1(D1)
 2 ;O ;S221-1 ;1111 ;BB6648                     ;000100 ; 2 ;M ;Up   ;10.1G ;   0 ;RRU247924B824B2024B28BM01* ;BXP_2    ; 0 ;S ;Up   ;10.1G ;   0 ;   78m ;Fru=BB-1(B) Fru=Radio-S221-1(D1)
 3 ;O ;S222-1 ;1111 ;BB6648                     ;000100 ; 3 ;M ;Up   ;10.1G ;   0 ;RRU247924B824B2024B28BM01* ;BXP_6    ; 0 ;S ;Up   ;10.1G ;   0 ;   78m ;Fru=BB-1(C) Fru=Radio-S222-1(D1)
 4 ;O ;S100-1 ;1111 ;BB6648                     ;000100 ; 4 ;M ;Up   ;10.1G ;   0 ;RRU449944B144B3C           ;BXP_4    ; 1 ;S ;Up   ;10.1G ;   0 ;   83m ;Fru=BB-1(D) Fru=Radio-S100-1(D2)
 5 ;O ;S102-1 ;1111 ;BB6648                     ;000100 ; 5 ;M ;Up   ;10.1G ;   0 ;RRU449944B144B3C           ;BXP_5    ; 1 ;S ;Up   ;10.1G ;   0 ;   83m ;Fru=BB-1(E) Fru=Radio-S102-1(D2)
 6 ;O ;S223-1 ;1111 ;BB6648                     ;000100 ; 6 ;M ;Up   ;10.1G ;   0 ;RRU247924B824B2024B28BM01* ;BXP_7    ; 0 ;S ;Up   ;10.1G ;   0 ;   93m ;Fru=BB-1(F) Fru=Radio-S223-1(D1)
 7 ;O ;S160-1 ;1111 ;BB6648                     ;000100 ;10 ;M ;Up   ;25.7G ; 0/0 ;AIR3278B78K                ;fru_2048 ; 0 ;S ;Up   ;25.7G ; 0/0 ;   92m ;Fru=BB-1(K) Fru=AAS-S160-1(D1)
 8 ;O ;S161-1 ;1111 ;BB6648                     ;000100 ;11 ;M ;Up   ;25.7G ; 0/0 ;AIR3278B78K                ;fru_2049 ; 0 ;S ;Up   ;25.7G ; 0/0 ;   92m ;Fru=BB-1(L) Fru=AAS-S161-1(D1)
 9 ;O ;S162-1 ;1111 ;BB6648                     ;000100 ;12 ;M ;Up   ;25.7G ; 0/0 ;AIR3278B78K                ;fru_2050 ; 0 ;S ;Up   ;25.7G ; 0/0 ;   92m ;Fru=BB-1(M) Fru=AAS-S162-1(D1)
-------------------------------------------------------------------------------------------------------------------------------------

=====================================================================================================================================
ID ;LINK ;RiL    ;VENDOR1  ;VENDORPROD1      ;REV1 ;SERIAL1         ;DATE1    ;ERICSSONPROD1     ;VENDOR2  ;VENDORPROD2      ;REV2 ;SERIAL2         ;DATE2    ;ERICSSONPROD2     ;TT ;WL1     ;WL2    
=====================================================================================================================================
 1 ;Up   ;S220-1 ;ERICSSON ;LCP-10G3B4HDRME4 ;A    ;2220094A2453401 ;20220511 ;RDH10265/2 R1A    ;ERICSSON ;LCP-10G3B4HDRME4 ;A    ;2220094A2453438 ;20220511 ;RDH10265/2 R1A    ;0  ;1310.00 ;1310.00
 2 ;Up   ;S221-1 ;ERICSSON ;LCP-10G3B4HDRME4 ;A    ;2220094A2453435 ;20220511 ;RDH10265/2 R1A    ;ERICSSON ;LCP-10G3B4HDRME4 ;A    ;2220094A2453404 ;20220511 ;RDH10265/2 R1A    ;0  ;1310.00 ;1310.00
 3 ;Up   ;S222-1 ;ERICSSON ;LCP-10G3B4HDRME4 ;A    ;2220094A2453440 ;20220511 ;RDH10265/2 R1A    ;ERICSSON ;LCP-10G3B4HDRME4 ;A    ;2220094A2453434 ;20220511 ;RDH10265/2 R1A    ;0  ;1310.00 ;1310.00
 4 ;Up   ;S100-1 ;ERICSSON ;LCP-10G3B4HDRME4 ;A    ;2220094A2453407 ;20220511 ;RDH10265/2 R1A    ;ERICSSON ;LCP-10G3B4HDRME4 ;A    ;2220094A2453419 ;20220511 ;RDH10265/2 R1A    ;0  ;1310.00 ;1310.00
 5 ;Up   ;S102-1 ;ERICSSON ;LCP-10G3B4HDRME4 ;A    ;2224094A2451536 ;20220607 ;RDH10265/2 R1A    ;ERICSSON ;LCP-10G3B4HDRME4 ;A    ;2220094A2453424 ;20220511 ;RDH10265/2 R1A    ;0  ;1310.00 ;1310.00
 6 ;Up   ;S223-1 ;ERICSSON ;LCP-10G3B4HDRME4 ;A    ;2220094A2453416 ;20220511 ;RDH10265/2 R1A    ;ERICSSON ;EOLP-1396-02-IY  ;1.0  ;DZ8Q801C6M      ;20240904 ;RDH10265/2 R1A    ;0  ;1310.00 ;1310.00
 7 ;Up   ;S160-1 ;ERICSSON ;FTLF1436W5BTV-E7 ;A    ;CD4V77008Y      ;20220404 ;RDH10275/3 R1A    ;ERICSSON ;FTLF1436W5BTV-E7 ;A    ;CD4V6QA1XA      ;20220404 ;RDH10275/3 R1A    ;0  ;1310.00 ;1310.00
 8 ;Up   ;S161-1 ;ERICSSON ;FTLF1436W5BTV-E7 ;A    ;CD4V77009E      ;20220404 ;RDH10275/3 R1A    ;ERICSSON ;FTLF1436W5BTV-E7 ;A    ;CD4V7700RY      ;20220404 ;RDH10275/3 R1A    ;0  ;1310.00 ;1310.00
 9 ;Up   ;S162-1 ;ERICSSON ;FTLF1436W5BTV-E7 ;A    ;CD4V7706SQ      ;20220404 ;RDH10275/3 R1A    ;ERICSSON ;FTLF1436W5BTV-E7 ;A    ;CD4V7702W4      ;20220404 ;RDH10275/3 R1A    ;0  ;1310.00 ;1310.00
-------------------------------------------------------------------------------------------------------------------------------------

=====================================================================================================================================
ID ;LINK ;RiL    ;WL1     ;TEMP1 ;TXbs1 ;TXdBm1 ;RXdBm1 ;BER1   ;WL2     ;TEMP2 ;TXbs2 ;TXdBm2 ;RXdBm2 ;BER2   ;DlLoss ;UlLoss ;LENGTH ;TT
=====================================================================================================================================
 1 ;Up   ;S220-1 ;1310.00 ;43C   ;42%   ;-3.19  ;-3.97  ;   0   ;1310.00 ;34C   ;30%   ;-3.21  ;-3.71  ;   0   ;  0.52 ;  0.76 ;   78m ; 0
 2 ;Up   ;S221-1 ;1310.00 ;45C   ;42%   ;-3.27  ;-3.55  ;   0   ;1310.00 ;37C   ;36%   ;-3.25  ;-4.33  ;   0   ;  1.06 ;   0.3 ;   78m ; 0
 3 ;Up   ;S222-1 ;1310.00 ;43C   ;38%   ;-3.22  ;-3.94  ;   0   ;1310.00 ;44C   ;38%   ;-3.12  ;-3.70  ;   0   ;  0.48 ;  0.82 ;   78m ; 0
 4 ;Up   ;S100-1 ;1310.00 ;38C   ;36%   ;-3.13  ;-3.01  ;   0   ;1310.00 ;38C   ;41%   ;-3.28  ;-3.24  ;   0   ;  0.11 ; -0.27 ;   83m ; 0
 5 ;Up   ;S102-1 ;1310.00 ;46C   ;40%   ;-3.21  ;-3.89  ;   0   ;1310.00 ;54C   ;51%   ;-2.83  ;-3.47  ;   0   ;  0.26 ;  1.06 ;   83m ; 0
 6 ;Up   ;S223-1 ;1310.00 ;41C   ;38%   ;-3.26  ;-2.42  ;   0   ;1310.00 ;43C   ;42%   ;-2.13  ;-3.90  ;   0   ;  0.64 ;  0.29 ;   93m ; 0
 7 ;Up   ;S160-1 ;1310.00 ;47C   ;50%   ;-0.93  ;-1.07  ; 0/0   ;1310.00 ;41C   ;49%   ;-0.75  ;-0.39  ; 0/0   ; -0.54 ;  0.32 ;   92m ; 0
 8 ;Up   ;S161-1 ;1310.00 ;48C   ;49%   ;-1.00  ;-1.16  ; 0/0   ;1310.00 ;42C   ;49%   ;-0.87  ;-0.36  ; 0/0   ; -0.64 ;  0.29 ;   92m ; 0
 9 ;Up   ;S162-1 ;1310.00 ;48C   ;48%   ;-0.28  ;-1.08  ; 0/0   ;1310.00 ;42C   ;49%   ;-1.31  ;-0.34  ; 0/0   ;  0.06 ; -0.23 ;   92m ; 0
-------------------------------------------------------------------------------------------------------------------------------------

=====================================================================================================================================
ID ;RiL    ;BOARD                      ;SFPLNH  ;PORT ;VENDOR   ;VENDORPROD       ;REV  ;SERIAL          ;DATE     ;ERICSSONPROD      ;WL      ;TEMP  ;TXbs  ;TXdBm  ;RXdBm  ; BER
=====================================================================================================================================
 1 ;S220-1 ;BB6648                     ;000100   ;  1 ;ERICSSON ;LCP-10G3B4HDRME4 ;A    ;2220094A2453401 ;20220511 ;RDH10265/2 R1A    ;1310.00 ;43C   ;42%   ;-3.19  ;-3.97  ;   0
 2 ;S221-1 ;BB6648                     ;000100   ;  2 ;ERICSSON ;LCP-10G3B4HDRME4 ;A    ;2220094A2453435 ;20220511 ;RDH10265/2 R1A    ;1310.00 ;45C   ;42%   ;-3.27  ;-3.55  ;   0
 3 ;S222-1 ;BB6648                     ;000100   ;  3 ;ERICSSON ;LCP-10G3B4HDRME4 ;A    ;2220094A2453440 ;20220511 ;RDH10265/2 R1A    ;1310.00 ;43C   ;38%   ;-3.22  ;-3.94  ;   0
 4 ;S100-1 ;BB6648                     ;000100   ;  4 ;ERICSSON ;LCP-10G3B4HDRME4 ;A    ;2220094A2453407 ;20220511 ;RDH10265/2 R1A    ;1310.00 ;38C   ;36%   ;-3.13  ;-3.01  ;   0
 5 ;S102-1 ;BB6648                     ;000100   ;  5 ;ERICSSON ;LCP-10G3B4HDRME4 ;A    ;2224094A2451536 ;20220607 ;RDH10265/2 R1A    ;1310.00 ;46C   ;40%   ;-3.21  ;-3.89  ;   0
 6 ;S223-1 ;BB6648                     ;000100   ;  6 ;ERICSSON ;LCP-10G3B4HDRME4 ;A    ;2220094A2453416 ;20220511 ;RDH10265/2 R1A    ;1310.00 ;41C   ;38%   ;-3.26  ;-2.42  ;   0
 7 ;S160-1 ;BB6648                     ;000100   ; 10 ;ERICSSON ;FTLF1436W5BTV-E7 ;A    ;CD4V77008Y      ;20220404 ;RDH10275/3 R1A    ;1310.00 ;47C   ;50%   ;-0.93  ;-1.07  ; 0/0
 8 ;S161-1 ;BB6648                     ;000100   ; 11 ;ERICSSON ;FTLF1436W5BTV-E7 ;A    ;CD4V77009E      ;20220404 ;RDH10275/3 R1A    ;1310.00 ;48C   ;49%   ;-1.00  ;-1.16  ; 0/0
 9 ;S162-1 ;BB6648                     ;000100   ; 12 ;ERICSSON ;FTLF1436W5BTV-E7 ;A    ;CD4V7706SQ      ;20220404 ;RDH10275/3 R1A    ;1310.00 ;48C   ;48%   ;-0.28  ;-1.08  ; 0/0
 2 ;S221-1 ;RRU247924B824B2024B28BM01* ;BXP_2    ;  0 ;ERICSSON ;LCP-10G3B4HDRME4 ;A    ;2220094A2453404 ;20220511 ;RDH10265/2 R1A    ;1310.00 ;37C   ;36%   ;-3.25  ;-4.33  ;   0
 1 ;S220-1 ;RRU247924B824B2024B28BM01* ;BXP_3    ;  0 ;ERICSSON ;LCP-10G3B4HDRME4 ;A    ;2220094A2453438 ;20220511 ;RDH10265/2 R1A    ;1310.00 ;34C   ;30%   ;-3.21  ;-3.71  ;   0
 4 ;S100-1 ;RRU449944B144B3C           ;BXP_4    ;  1 ;ERICSSON ;LCP-10G3B4HDRME4 ;A    ;2220094A2453419 ;20220511 ;RDH10265/2 R1A    ;1310.00 ;38C   ;41%   ;-3.28  ;-3.24  ;   0
 5 ;S102-1 ;RRU449944B144B3C           ;BXP_5    ;  1 ;ERICSSON ;LCP-10G3B4HDRME4 ;A    ;2220094A2453424 ;20220511 ;RDH10265/2 R1A    ;1310.00 ;54C   ;51%   ;-2.83  ;-3.47  ;   0
 3 ;S222-1 ;RRU247924B824B2024B28BM01* ;BXP_6    ;  0 ;ERICSSON ;LCP-10G3B4HDRME4 ;A    ;2220094A2453434 ;20220511 ;RDH10265/2 R1A    ;1310.00 ;44C   ;38%   ;-3.12  ;-3.70  ;   0
 6 ;S223-1 ;RRU247924B824B2024B28BM01* ;BXP_7    ;  0 ;ERICSSON ;EOLP-1396-02-IY  ;1.0  ;DZ8Q801C6M      ;20240904 ;RDH10265/2 R1A    ;1310.00 ;43C   ;42%   ;-2.13  ;-3.90  ;   0
 7 ;S160-1 ;AIR3278B78K                ;fru_2048 ;  0 ;ERICSSON ;FTLF1436W5BTV-E7 ;A    ;CD4V6QA1XA      ;20220404 ;RDH10275/3 R1A    ;1310.00 ;41C   ;49%   ;-0.75  ;-0.39  ; 0/0
 8 ;S161-1 ;AIR3278B78K                ;fru_2049 ;  0 ;ERICSSON ;FTLF1436W5BTV-E7 ;A    ;CD4V7700RY      ;20220404 ;RDH10275/3 R1A    ;1310.00 ;42C   ;49%   ;-0.87  ;-0.36  ; 0/0
 9 ;S162-1 ;AIR3278B78K                ;fru_2050 ;  0 ;ERICSSON ;FTLF1436W5BTV-E7 ;A    ;CD4V7702W4      ;20220404 ;RDH10275/3 R1A    ;1310.00 ;42C   ;49%   ;-1.31  ;-0.34  ; 0/0
-------------------------------------------------------------------------------------------------------------------------------------
TN ;       ;BB6648                     ;000100   ; IB ;DELTA    ;LCP-10G3B4QDRME2 ;A    ;1831091A0500624 ;20180801 ;RDH10265/3 R1A    ;1310    ;46C   ;30%   ;-1.99  ;-7.33  ;NZ/0
TN ;       ;BB6648                     ;000100   ; IC ;ERICSSON ;LCP-10G3B4HDRME4 ;A    ;2220094A2453405 ;20220511 ;RDH10265/2 R1A    ;1310    ;41C   ;27%   ;-3.25  ;-5.75  ; 0/0
TN ;       ;BB6648                     ;000100   ; ID ;Amphenol ;57-0170          ;2    ;220426N20404    ;20220426 ;RPM777543/010 R1B ;NA      ;NA    ;NA    ;NA     ;NA     ; 0/0
-------------------------------------------------------------------------------------------------------------------------------------

=====================================================================================================================================
BOARD       ;LNH    ;PORT     ;T ;S ;OpMode   ;AutoNeg ;MacAddress        ;VlanIds        ;LOS ;BER
=====================================================================================================================================
AIR3278B78K ;fru_2048 ;0        ;E ;1 ;ANY      ;true    ;F8:97:A9:68:70:13 ;               ;    ;0/0
AIR3278B78K ;fru_2049 ;0        ;E ;1 ;ANY      ;true    ;F8:97:A9:68:7B:93 ;               ;    ;0/0
AIR3278B78K ;fru_2050 ;0        ;E ;1 ;ANY      ;true    ;F8:97:A9:67:EB:B3 ;               ;    ;0/0
BB6648      ;000100 ;10       ;E ;1 ;ANY      ;true    ;F8:97:A9:0B:BC:FC ;               ;    ;0/0
BB6648      ;000100 ;11       ;E ;1 ;ANY      ;true    ;F8:97:A9:0B:BC:FD ;               ;    ;0/0
BB6648      ;000100 ;12       ;E ;1 ;ANY      ;true    ;F8:97:A9:0B:BC:FE ;               ;    ;0/0
BB6648      ;000100 ;TN_IDL_B ;O ;1 ;10G_FULL ;false   ;F8:97:A9:0B:BD:03 ;3901,3908,3910 ;0   ;NZ/0
BB6648      ;000100 ;TN_IDL_C ;O ;1 ;10G_FULL ;false   ;F8:97:A9:0B:BD:04 ;3901,3908,3910 ;0   ;0/0
BB6648      ;000100 ;TN_IDL_D ;O ;1 ;10G_FULL ;false   ;F8:97:A9:0B:BD:05 ;3908           ;0   ;0/0
-------------------------------------------------------------------------------------------------------------------------------------

radioClockState : RNT_TIME_LOCKED
-------------------------------------------------------------------------------------
Prio  ;ST  ;syncRefType    ;refStatus  ;opQualLevel  ;SyncReference
-------------------------------------------------------------------------------------
  *1  ; 1  ;PTP_TIME       ;NO_FAULT   ;PRTC         ;Ptp=1,BoundaryOrdinaryClock=PTP (G_8275_1 EthernetPort=TN_IDL_B:SLAVE EthernetPort=TN_IDL_C:MASTER)
   2  ; 1  ;NTP_FREQUENCY  ;NO_FAULT   ;PRC          ;Ntp=1,NtpFrequencySync=NTP1 (10.31.0.54:32751 Router=45G_Traffic,InterfaceIPv4=LTE,AddressIPv4=LTE)
-------------------------------------------------------------------------------------
-------------------------------------------------------------------------------------
Prio  ;ST  ;assistRefStatus  ;recQualLevel  ;AssistingReference
-------------------------------------------------------------------------------------
   1  ; 0  ;NO_FAULT         ;PRC           ;Synchronization=1,SyncEthInput=SyncE (SFP_OPTICAL EthernetPort=TN_IDL_B)
-------------------------------------------------------------------------------------
nodeGroupRole   : SYNC_PROVIDER (syncNodePriority=1, selectionMode=NODE_PRIORITY)
-------------------------------------------------------------------------------------
DU  ;Port  ;sharedUnitRef (RiPortA - RiPortB)  ;remoteNodePriority  ;CandidateStatus
-------------------------------------------------------------------------------------
1   ;C     ;Fru=Radio-S222-1 (1 - 2)           ;3                   ;OK_NOT_ACTIVE
1   ;F     ;Fru=Radio-S223-1 (1 - 2)           ;3                   ;OK_NOT_ACTIVE
1   ;B     ;Fru=Radio-S221-1 (1 - 2)           ;3                   ;OK_NOT_ACTIVE
1   ;A     ;Fru=Radio-S220-1 (1 - 2)           ;3                   ;OK_NOT_ACTIVE
-------------------------------------------------------------------------------------

=====================================================================================================================================
FRU          ;LNH      ;BOARD                      ;RF  ;BP  ;TX (W/dBm)  ;VSWR (RL)   ;RX (dBm) ;UEs/gUEs  ;Sector/AntennaGroup/Cells (State:CellIds:PCIs)
=====================================================================================================================================
Radio-S100-1 ;BXP_4    ;RRU449944B144B3C           ; A  ;11  ;21.4 (43.3) ;1.15 (23.0) ;-89.3    ;55/-      ;SE=100 AG=100 FDD=CS08M1 FDD=CS08T1 (1:31:378, 1:41:475)
Radio-S100-1 ;BXP_4    ;RRU449944B144B3C           ; B  ;11  ;21.2 (43.3) ;1.14 (23.8) ;-88.7    ;55/-      ;SE=100 AG=100 FDD=CS08M1 FDD=CS08T1 (1:31:378, 1:41:475)
Radio-S100-1 ;BXP_4    ;RRU449944B144B3C           ; C  ;11  ;25.2 (44.0) ;1.11 (25.6) ;-86.1    ;81/-      ;SE=101 AG=101 FDD=CS08M2 FDD=CS08T2 (1:32:387, 1:42:84)
Radio-S100-1 ;BXP_4    ;RRU449944B144B3C           ; D  ;11  ;25.5 (44.1) ;1.16 (22.4) ;-83.5    ;81/-      ;SE=101 AG=101 FDD=CS08M2 FDD=CS08T2 (1:32:387, 1:42:84)
Radio-S102-1 ;BXP_5    ;RRU449944B144B3C           ; A  ;11  ;36.0 (45.6) ;1.12 (24.9) ;-86.0    ;107/-     ;SE=102 AG=102 FDD=CS08M3 FDD=CS08T3 (1:33:107, 1:43:229)
Radio-S102-1 ;BXP_5    ;RRU449944B144B3C           ; B  ;11  ;33.2 (45.2) ;1.14 (23.9) ;-86.5    ;107/-     ;SE=102 AG=102 FDD=CS08M3 FDD=CS08T3 (1:33:107, 1:43:229)
Radio-S102-1 ;BXP_5    ;RRU449944B144B3C           ; C  ;11  ;61.9 (47.9) ;1.14 (23.8) ;-86.0    ;236/-     ;SE=103 AG=103 FDD=CS08M4 FDD=CS08T4 (1:34:120, 1:44:115)
Radio-S102-1 ;BXP_5    ;RRU449944B144B3C           ; D  ;11  ;58.1 (47.6) ;1.11 (25.5) ;-85.6    ;236/-     ;SE=103 AG=103 FDD=CS08M4 FDD=CS08T4 (1:34:120, 1:44:115)
AAS-S160-1   ;fru_2048 ;AIR3278B78K                ; A  ;11  ;-           ;-           ;         ;-/18      ;SE=160 NRC=CS08V1 (1:571:875)
AAS-S161-1   ;fru_2049 ;AIR3278B78K                ; A  ;11  ;-           ;-           ;         ;-/40      ;SE=161 NRC=CS08V2 (1:572:872)
AAS-S162-1   ;fru_2050 ;AIR3278B78K                ; A  ;11  ;-           ;-           ;         ;-/56      ;SE=162 NRC=CS08V3 (1:573:833)
Radio-S220-1 ;BXP_3    ;RRU247924B824B2024B28BM01* ; A  ;11  ;12.2 (40.9) ;1.15 (23.1) ;-83.5    ;1/3       ;SE=220* AG=220 FDD=CS08E1 NIOT=CS08N1 NRC=CS08G1 (1:61:132, 1:161:132, 1:561:968)
Radio-S220-1 ;BXP_3    ;RRU247924B824B2024B28BM01* ; B  ;11  ;14.1 (41.5) ;1.21 (20.6) ;-84.6    ;1/3       ;SE=220* AG=220 FDD=CS08E1 NIOT=CS08N1 NRC=CS08G1 (1:61:132, 1:161:132, 1:561:968)
Radio-S220-1 ;BXP_3    ;RRU247924B824B2024B28BM01* ; C  ;11  ;12.6 (41.0) ;1.19 (21.2) ;-83.5    ;1/3       ;SE=220* AG=220 FDD=CS08E1 NIOT=CS08N1 NRC=CS08G1 (1:61:132, 1:161:132, 1:561:968)
Radio-S220-1 ;BXP_3    ;RRU247924B824B2024B28BM01* ; D  ;11  ;12.9 (41.1) ;1.19 (21.1) ;-83.1    ;1/3       ;SE=220* AG=220 FDD=CS08E1 NIOT=CS08N1 NRC=CS08G1 (1:61:132, 1:161:132, 1:561:968)
Radio-S221-1 ;BXP_2    ;RRU247924B824B2024B28BM01* ; A  ;11  ;17.5 (42.4) ;1.15 (23.0) ;-83.2    ;7/13      ;SE=221* AG=221 FDD=CS08E2 NIOT=CS08N2 NRC=CS08G2 (1:62:312, 1:162:312, 1:562:965)
Radio-S221-1 ;BXP_2    ;RRU247924B824B2024B28BM01* ; B  ;11  ;12.9 (41.1) ;1.10 (26.2) ;-82.9    ;7/13      ;SE=221* AG=221 FDD=CS08E2 NIOT=CS08N2 NRC=CS08G2 (1:62:312, 1:162:312, 1:562:965)
Radio-S221-1 ;BXP_2    ;RRU247924B824B2024B28BM01* ; C  ;11  ;9.8 (39.9)  ;1.13 (24.2) ;-84.5    ;7/13      ;SE=221* AG=221 FDD=CS08E2 NIOT=CS08N2 NRC=CS08G2 (1:62:312, 1:162:312, 1:562:965)
Radio-S221-1 ;BXP_2    ;RRU247924B824B2024B28BM01* ; D  ;11  ;8.9 (39.5)  ;1.10 (26.3) ;-82.7    ;7/13      ;SE=221* AG=221 FDD=CS08E2 NIOT=CS08N2 NRC=CS08G2 (1:62:312, 1:162:312, 1:562:965)
Radio-S222-1 ;BXP_6    ;RRU247924B824B2024B28BM01* ; A  ;11  ;16.2 (42.1) ;1.14 (23.7) ;-82.2    ;23/3      ;SE=222* AG=222 FDD=CS08E3 NIOT=CS08N3 NRC=CS08G3 (1:63:123, 1:163:123, 1:563:427)
Radio-S222-1 ;BXP_6    ;RRU247924B824B2024B28BM01* ; B  ;11  ;18.9 (42.8) ;1.05 (32.0) ;-83.8    ;23/3      ;SE=222* AG=222 FDD=CS08E3 NIOT=CS08N3 NRC=CS08G3 (1:63:123, 1:163:123, 1:563:427)
Radio-S222-1 ;BXP_6    ;RRU247924B824B2024B28BM01* ; C  ;11  ;11.7 (40.7) ;1.09 (27.1) ;-82.3    ;23/3      ;SE=222* AG=222 FDD=CS08E3 NIOT=CS08N3 NRC=CS08G3 (1:63:123, 1:163:123, 1:563:427)
Radio-S222-1 ;BXP_6    ;RRU247924B824B2024B28BM01* ; D  ;11  ;11.2 (40.5) ;1.13 (24.2) ;-83.7    ;23/3      ;SE=222* AG=222 FDD=CS08E3 NIOT=CS08N3 NRC=CS08G3 (1:63:123, 1:163:123, 1:563:427)
Radio-S223-1 ;BXP_7    ;RRU247924B824B2024B28BM01* ; A  ;11  ;33.6 (45.3) ;1.23 (19.7) ;-81.5    ;28/6      ;SE=223* AG=223 FDD=CS08E4 NIOT=CS08N4 NRC=CS08G4 (1:64:149, 1:164:149, 1:564:434)
Radio-S223-1 ;BXP_7    ;RRU247924B824B2024B28BM01* ; B  ;11  ;38.5 (45.9) ;1.06 (30.9) ;-84.3    ;28/6      ;SE=223* AG=223 FDD=CS08E4 NIOT=CS08N4 NRC=CS08G4 (1:64:149, 1:164:149, 1:564:434)
Radio-S223-1 ;BXP_7    ;RRU247924B824B2024B28BM01* ; C  ;11  ;8.5 (39.3)  ;1.09 (27.4) ;-81.7    ;28/6      ;SE=223* AG=223 FDD=CS08E4 NIOT=CS08N4 NRC=CS08G4 (1:64:149, 1:164:149, 1:564:434)
Radio-S223-1 ;BXP_7    ;RRU247924B824B2024B28BM01* ; D  ;11  ;9.1 (39.6)  ;1.07 (29.7) ;-84.3    ;28/6      ;SE=223* AG=223 FDD=CS08E4 NIOT=CS08N4 NRC=CS08G4 (1:64:149, 1:164:149, 1:564:434)
-------------------------------------------------------------------------------------------------------------------------------------

CS08T> mfar

251110-11:29:53+0100 19.31.2.165 25.0h MSRBS_NODE_MODEL_25.Q1_693.28324.131_62ac stopfile=/tmp/3234515
...........
Last MO: 22510. Loaded 22510 MOs. Total: 22511 MOs.
.....................................................
get /rop/A20251110.0900-0915_CS08T.xml.gz /ericsson/log/amos/moshell_logfiles/t20251110_37258710_2892/logs_moshell/pmfiles/19.31.2.165/rop/A20251110.0900-0915_CS08T.xml.gz ... OK
get /rop/A20251110.0915-0930_CS08T.xml.gz /ericsson/log/amos/moshell_logfiles/t20251110_37258710_2892/logs_moshell/pmfiles/19.31.2.165/rop/A20251110.0915-0930_CS08T.xml.gz ... OK

Using hardcoded thresholds: 3, 4.5, and 16.5
================================================================================================================================
SC     SE  Tx/Rx BrPair  RfPort1 - RfPort2               HW       Serial      Cell (State)   Samples   Med  Mean  SDev Pol Res Issue
================================================================================================================================
CS08E1 220   2/4 0 (1,2) Radio-S220-1(A) Radio-S220-1(B) RRU2479  TU8U02VGHT  FDD=CS08E1 (1)   65677  -0.5  -0.8   8.0  NA  OK Passed
CS08E1 220   2/4 1 (2,3) Radio-S220-1(B) Radio-S220-1(C) RRU2479  TU8U02VGHT  FDD=CS08E1 (1)   65677   0.5   0.9   7.7  NA  OK Passed
CS08E1 220   2/4 2 (3,4) Radio-S220-1(C) Radio-S220-1(D) RRU2479  TU8U02VGHT  FDD=CS08E1 (1)   65677  -0.5  -1.1   7.8  NA  OK Passed
CS08E2 221   2/4 0 (1,2) Radio-S221-1(A) Radio-S221-1(B) RRU2479  TU8U02S32L  FDD=CS08E2 (1)   78705  -0.5  -0.6   7.2  NA  OK Passed
CS08E2 221   2/4 1 (2,3) Radio-S221-1(B) Radio-S221-1(C) RRU2479  TU8U02S32L  FDD=CS08E2 (1)   78705   1.5   1.0   7.3  NA  OK Passed
CS08E2 221   2/4 2 (3,4) Radio-S221-1(C) Radio-S221-1(D) RRU2479  TU8U02S32L  FDD=CS08E2 (1)   78705  -0.5  -0.7   7.2  NA  OK Passed
CS08E3 222   2/4 0 (1,2) Radio-S222-1(A) Radio-S222-1(B) RRU2479  TU8U02S38Q  FDD=CS08E3 (1)  134722   0.5   0.2   6.9  NA  OK Passed
CS08E3 222   2/4 1 (2,3) Radio-S222-1(B) Radio-S222-1(C) RRU2479  TU8U02S38Q  FDD=CS08E3 (1)  134722  -0.5  -0.2   6.9  NA  OK Passed
CS08E3 222   2/4 2 (3,4) Radio-S222-1(C) Radio-S222-1(D) RRU2479  TU8U02S38Q  FDD=CS08E3 (1)  134722   0.5   0.1   6.9  NA  OK Passed
CS08E4 223   2/4 0 (1,2) Radio-S223-1(A) Radio-S223-1(B) RRU2479  TU8U02S41X  FDD=CS08E4 (1)  166040  -0.5  -0.7   6.3  NA  OK Passed
CS08E4 223   2/4 1 (2,3) Radio-S223-1(B) Radio-S223-1(C) RRU2479  TU8U02S41X  FDD=CS08E4 (1)  166040   0.5   0.4   6.3  NA  OK Passed
CS08E4 223   2/4 2 (3,4) Radio-S223-1(C) Radio-S223-1(D) RRU2479  TU8U02S41X  FDD=CS08E4 (1)  166040  -0.5  -0.8   6.2  NA  OK Passed
CS08M1 100   2/2 0 (1,2) Radio-S100-1(A) Radio-S100-1(B) RRU4499  E55G668868  FDD=CS08M1 (1)   99624   0.5   0.6   6.6  NA  OK Passed
CS08M2 101   2/2 0 (1,2) Radio-S100-1(C) Radio-S100-1(D) RRU4499  E55G668868  FDD=CS08M2 (1)   97298  -0.5  -0.3   6.9  NA  OK Passed
CS08M3 102   2/2 0 (1,2) Radio-S102-1(A) Radio-S102-1(B) RRU4499  E55G668784  FDD=CS08M3 (1)  119776   0.5   0.6   6.9  NA  OK Passed
CS08M4 103   2/2 0 (1,2) Radio-S102-1(C) Radio-S102-1(D) RRU4499  E55G668784  FDD=CS08M4 (1)  205561   0.5  -0.0   6.5  NA  OK Passed
CS08T1 100   2/2 0 (1,2) Radio-S100-1(A) Radio-S100-1(B) RRU4499  E55G668868  FDD=CS08T1 (1)  127022   0.5   0.7   6.8  NA  OK Passed
CS08T2 101   2/2 0 (1,2) Radio-S100-1(C) Radio-S100-1(D) RRU4499  E55G668868  FDD=CS08T2 (1)  164113  -0.5  -0.6   7.2  NA  OK Passed
CS08T3 102   2/2 0 (1,2) Radio-S102-1(A) Radio-S102-1(B) RRU4499  E55G668784  FDD=CS08T3 (1)  186444  -0.5  -0.6   7.0  NA  OK Passed
CS08T4 103   2/2 0 (1,2) Radio-S102-1(C) Radio-S102-1(D) RRU4499  E55G668784  FDD=CS08T4 (1)  210981  -0.5  -0.0   6.8  NA  OK Passed
================================================================================================================================
Total: 12 SectorCarriers, 20 RfBranch Pairs (20 OK, 0 OKW, 0 NOK, 0 NT)
.............
Last MO: 22510. Loaded 22510 MOs. Total: 22511 MOs.
..........................................
get /rop/A20251110.1015-1030_CS08T.xml.gz /ericsson/log/amos/moshell_logfiles/t20251110_37258710_2892/logs_moshell/pmfiles/19.31.2.165/rop/A20251110.1015-1030_CS08T.xml.gz ... OK

Using hardcoded thresholds: 3, 4.5, and 16.5
================================================================================================================================
SC     SE  Tx/Rx BrPair  RfPort1 - RfPort2               HW       Serial      Cell (State)  Samples   Med  Mean  SDev Pol Res Issue
================================================================================================================================
CS08G1 220   2/4 0 (1,2) Radio-S220-1(A) Radio-S220-1(B) RRU2479  TU8U02VGHT  DU=CS08G1 (1)  186405   0.5   0.3   6.8  NA  OK Passed
CS08G1 220   2/4 1 (2,3) Radio-S220-1(B) Radio-S220-1(C) RRU2479  TU8U02VGHT  DU=CS08G1 (1)  186406   0.5   0.2   6.8  NA  OK Passed
CS08G1 220   2/4 2 (3,4) Radio-S220-1(C) Radio-S220-1(D) RRU2479  TU8U02VGHT  DU=CS08G1 (1)  186404  -0.5  -0.1   6.8  NA  OK Passed
CS08G2 221   2/4 0 (1,2) Radio-S221-1(A) Radio-S221-1(B) RRU2479  TU8U02S32L  DU=CS08G2 (1)  995160   0.5   0.1   7.0  NA  OK Passed
CS08G2 221   2/4 1 (2,3) Radio-S221-1(B) Radio-S221-1(C) RRU2479  TU8U02S32L  DU=CS08G2 (1)  995162  -0.5   0.1   7.2  NA  OK Passed
CS08G2 221   2/4 2 (3,4) Radio-S221-1(C) Radio-S221-1(D) RRU2479  TU8U02S32L  DU=CS08G2 (1)  995118   0.5  -0.4   7.4  NA  OK Passed
CS08G3 222   2/4 0 (1,2) Radio-S222-1(A) Radio-S222-1(B) RRU2479  TU8U02S38Q  DU=CS08G3 (1)  283480   0.5   0.1   6.7  NA  OK Passed
CS08G3 222   2/4 1 (2,3) Radio-S222-1(B) Radio-S222-1(C) RRU2479  TU8U02S38Q  DU=CS08G3 (1)  283478   0.5   0.2   6.7  NA  OK Passed
CS08G3 222   2/4 2 (3,4) Radio-S222-1(C) Radio-S222-1(D) RRU2479  TU8U02S38Q  DU=CS08G3 (1)  283472   0.5   0.2   6.8  NA  OK Passed
CS08G4 223   2/4 0 (1,2) Radio-S223-1(A) Radio-S223-1(B) RRU2479  TU8U02S41X  DU=CS08G4 (1)  420517   0.5   0.3   7.1  NA  OK Passed
CS08G4 223   2/4 1 (2,3) Radio-S223-1(B) Radio-S223-1(C) RRU2479  TU8U02S41X  DU=CS08G4 (1)  420514  -0.5  -0.2   7.1  NA  OK Passed
CS08G4 223   2/4 2 (3,4) Radio-S223-1(C) Radio-S223-1(D) RRU2479  TU8U02S41X  DU=CS08G4 (1)  420521   0.5   0.3   7.0  NA  OK Passed
CS08V1 160 32/32 0 (1,2) AAS-S160-1                      AIR3278  E96A202Q38  DU=CS08V1 (1)       0     0     0     0   ?  NT Not supported on AAS.
CS08V1 160 32/32 1 (2,3) AAS-S160-1                      AIR3278  E96A202Q38  DU=CS08V1 (1)       0     0     0     0   ?  NT Not supported on AAS.
CS08V1 160 32/32 2 (3,4) AAS-S160-1                      AIR3278  E96A202Q38  DU=CS08V1 (1)       0     0     0     0   ?  NT Not supported on AAS.
CS08V1 160 32/32 3 (4,5) AAS-S160-1                      AIR3278  E96A202Q38  DU=CS08V1 (1)       0     0     0     0   ?  NT Not supported on AAS.
CS08V1 160 32/32 4 (5,6) AAS-S160-1                      AIR3278  E96A202Q38  DU=CS08V1 (1)       0     0     0     0   ?  NT Not supported on AAS.
CS08V1 160 32/32 5 (6,7) AAS-S160-1                      AIR3278  E96A202Q38  DU=CS08V1 (1)       0     0     0     0   ?  NT Not supported on AAS.
CS08V1 160 32/32 6 (7,8) AAS-S160-1                      AIR3278  E96A202Q38  DU=CS08V1 (1)       0     0     0     0   ?  NT Not supported on AAS.
CS08V2 161 32/32 0 (1,2) AAS-S161-1                      AIR3278  E96A202Q33  DU=CS08V2 (1)       0     0     0     0   ?  NT Not supported on AAS.
CS08V2 161 32/32 1 (2,3) AAS-S161-1                      AIR3278  E96A202Q33  DU=CS08V2 (1)       0     0     0     0   ?  NT Not supported on AAS.
CS08V2 161 32/32 2 (3,4) AAS-S161-1                      AIR3278  E96A202Q33  DU=CS08V2 (1)       0     0     0     0   ?  NT Not supported on AAS.
CS08V2 161 32/32 3 (4,5) AAS-S161-1                      AIR3278  E96A202Q33  DU=CS08V2 (1)       0     0     0     0   ?  NT Not supported on AAS.
CS08V2 161 32/32 4 (5,6) AAS-S161-1                      AIR3278  E96A202Q33  DU=CS08V2 (1)       0     0     0     0   ?  NT Not supported on AAS.
CS08V2 161 32/32 5 (6,7) AAS-S161-1                      AIR3278  E96A202Q33  DU=CS08V2 (1)       0     0     0     0   ?  NT Not supported on AAS.
CS08V2 161 32/32 6 (7,8) AAS-S161-1                      AIR3278  E96A202Q33  DU=CS08V2 (1)       0     0     0     0   ?  NT Not supported on AAS.
CS08V3 162 32/32 0 (1,2) AAS-S162-1                      AIR3278  E96A202Q34  DU=CS08V3 (1)       0     0     0     0   ?  NT Not supported on AAS.
CS08V3 162 32/32 1 (2,3) AAS-S162-1                      AIR3278  E96A202Q34  DU=CS08V3 (1)       0     0     0     0   ?  NT Not supported on AAS.
CS08V3 162 32/32 2 (3,4) AAS-S162-1                      AIR3278  E96A202Q34  DU=CS08V3 (1)       0     0     0     0   ?  NT Not supported on AAS.
CS08V3 162 32/32 3 (4,5) AAS-S162-1                      AIR3278  E96A202Q34  DU=CS08V3 (1)       0     0     0     0   ?  NT Not supported on AAS.
CS08V3 162 32/32 4 (5,6) AAS-S162-1                      AIR3278  E96A202Q34  DU=CS08V3 (1)       0     0     0     0   ?  NT Not supported on AAS.
CS08V3 162 32/32 5 (6,7) AAS-S162-1                      AIR3278  E96A202Q34  DU=CS08V3 (1)       0     0     0     0   ?  NT Not supported on AAS.
CS08V3 162 32/32 6 (7,8) AAS-S162-1                      AIR3278  E96A202Q34  DU=CS08V3 (1)       0     0     0     0   ?  NT Not supported on AAS.
================================================================================================================================
Total: 7 NRSectorCarriers, 33 RfBranch Pairs (12 OK, 0 OKW, 0 NOK, 21 NT)

CS08T> mfitr

251110-11:30:31+0100 19.31.2.165 25.0h MSRBS_NODE_MODEL_25.Q1_693.28324.131_62ac stopfile=/tmp/3234515
......................
Last MO: 22510. Loaded 22510 MOs. Total: 22511 MOs.
................
2025-11-10 11:31
================================================================================================================================
CELL       SC     FRU          BOARD                     PUSCH  PUCCH       A      B      C      D  DELTA
================================================================================================================================
FDD=CS08E1 CS08E1 Radio-S220-1 RRU247924B824B2024B28BM01 -114.9 -113.9 -115.1 -115.3 -114.9 -115.2    0.4
FDD=CS08E2 CS08E2 Radio-S221-1 RRU247924B824B2024B28BM01 -113.8 -113.6 -112.5 -112.3 -112.8 -113.2    0.9
FDD=CS08E3 CS08E3 Radio-S222-1 RRU247924B824B2024B28BM01 -111.9 -112.2 -112.5 -112.3 -111.9 -112.0    0.6
FDD=CS08E4 CS08E4 Radio-S223-1 RRU247924B824B2024B28BM01 -111.6 -112.0 -112.0 -111.7 -111.5 -111.3    0.7
FDD=CS08M1 CS08M1 Radio-S100-1 RRU449944B144B3C          -113.5 -117.7 -117.1 -117.9                  0.8
FDD=CS08M2 CS08M2 Radio-S100-1 RRU449944B144B3C          -113.4 -118.0               -115.6 -115.1    0.5
FDD=CS08M3 CS08M3 Radio-S102-1 RRU449944B144B3C          -112.8 -116.9 -113.1 -112.7                  0.4
FDD=CS08M4 CS08M4 Radio-S102-1 RRU449944B144B3C          -114.1 -116.5               -112.2 -109.7    2.5
FDD=CS08T1 CS08T1 Radio-S100-1 RRU449944B144B3C          -110.4 -116.0 -112.1 -110.8                  1.3
FDD=CS08T2 CS08T2 Radio-S100-1 RRU449944B144B3C          -108.8 -112.2               -108.1 -108.1      0
FDD=CS08T3 CS08T3 Radio-S102-1 RRU449944B144B3C          -107.3 -113.7 -107.6 -108.3                  0.7
FDD=CS08T4 CS08T4 Radio-S102-1 RRU449944B144B3C          -109.0 -113.6               -109.7 -110.2    0.5
================================================================================================================================
Bye...
Output has been logged to file /mta_fs/UserFiles/37258710/amosbatch/pippo/CS08T.log
