Logging to file /mta_fs/UserFiles/37258710/amosbatch/SDIR/CS03F.log
                        __  __  ____   _____
                  /\   |  \/  |/ __ \ / ____|
                 /  \  | \  / | |  | | (___  
                / /\ \ | |\/| | |  | |\___ \ 
               / ____ \| |  | | |__| |____) |
              /_/    \_\_|  |_|\____/|_____/
              OSS Framework for MoShell-25.0h 
  Copyright (c) Ericsson AB 2001-2025 - All Rights Reserved
              
           
[1;31mWARNING: [0mthe AMOS version currently running is more than 29 weeks old and is unsupported.
Please upgrade as soon as possible to the latest released version, available from your local Ericsson support.

$amosrb_pid = 1215011

Checking ip contact...OK

HELP MENU            : h
BASIC MO COMMANDS    : m
OTHER MO COMMANDS    : n
OTHER COMMANDS       : o
PM COMMANDS          : p
QUIT                 : q

CS03F> lt all

251125-08:31:06+0100 19.31.6.222 25.0h  stopfile=/tmp/1213651
Looking up temporary_amos account... OK.
Trying temporary_amos_t20251125_37258710_65084_131's password from amos lookupAccount ... OK

$ssh_pid = 1222538

Connected to 19.31.6.222 (SubNetwork=BBMM_rckomc_R,MeContext=CS03F,ManagedElement=CS03F)

Checking MOM version...MSRBS_NODE_MODEL_25.Q1_693.28324.131_62ac
Parsing MOM (cached): /ericsson/log/amos/moshell_logfiles/t20251125_37258710_65084/logs_moshell/tempfiles/scp-4-amos_20251125-083051_1213332/MSRBS_NODE_MODEL_25.Q1_693.28324.131_62ac.xml.cache.gz ..................................................................................................................................................................................................................................Done.
Using paramfile /opt/ericsson/amos/moshell/commonjars/pm/PARAM_MSRBS_25.Q1.txt
Parsing file /opt/ericsson/amos/moshell/commonjars/pm/PARAM_MSRBS_25.Q1.txt .......................................................................................Done.
Using imomdfile /opt/ericsson/amos/moshell/commonjars/pm/IMOMD_MSRBS_22.Q4.txt
Using imomfile /opt/ericsson/amos/moshell/commonjars/pm/IMOM_MSRBS_25.Q1.txt
Connected to 19.31.6.222 (SubNetwork=BBMM_rckomc_R,MeContext=CS03F,ManagedElement=CS03F)

Last MO: 17357. Loaded 17357 MOs. Total: 17358 MOs.

CS03F> st cell

251125-08:31:26+0100 19.31.6.222 25.0h MSRBS_NODE_MODEL_25.Q1_693.28324.131_62ac stopfile=/tmp/1213651
===================================================================================
Proxy  Adm State     Op. State     MO
===================================================================================
   61  1 (UNLOCKED)  1 (ENABLED)   ENodeBFunction=1,EUtranCellFDD=CS03F1
  130  1 (UNLOCKED)  1 (ENABLED)   ENodeBFunction=1,EUtranCellFDD=CS03F2
  199  1 (UNLOCKED)  1 (ENABLED)   ENodeBFunction=1,EUtranCellFDD=CS03F3
  268  1 (UNLOCKED)  1 (ENABLED)   ENodeBFunction=1,EUtranCellFDD=CS03L1
  392  1 (UNLOCKED)  1 (ENABLED)   ENodeBFunction=1,EUtranCellFDD=CS03L2
  493  1 (UNLOCKED)  1 (ENABLED)   ENodeBFunction=1,EUtranCellFDD=CS03L3
===================================================================================
Total: 6 MOs

CS03F> st radio

251125-08:31:26+0100 19.31.6.222 25.0h MSRBS_NODE_MODEL_25.Q1_693.28324.131_62ac stopfile=/tmp/1213651
===================================================================================
Proxy  Adm State     Op. State     MO
===================================================================================
 1484  1 (UNLOCKED)  1 (ENABLED)   Equipment=1,FieldReplaceableUnit=Radio-S180-1
 1499  1 (UNLOCKED)  1 (ENABLED)   Equipment=1,FieldReplaceableUnit=Radio-S182-1
 1514  1 (UNLOCKED)  1 (ENABLED)   Equipment=1,FieldReplaceableUnit=Radio-S20-1
 1527  1 (UNLOCKED)  1 (ENABLED)   Equipment=1,FieldReplaceableUnit=Radio-S21-1
 1540  1 (UNLOCKED)  1 (ENABLED)   Equipment=1,FieldReplaceableUnit=Radio-S22-1
 1553  1 (UNLOCKED)  1 (ENABLED)   Equipment=1,FieldReplaceableUnit=Radio-S220-1
 1580  1 (UNLOCKED)  1 (ENABLED)   Equipment=1,FieldReplaceableUnit=Radio-S221-1
 1607  1 (UNLOCKED)  1 (ENABLED)   Equipment=1,FieldReplaceableUnit=Radio-S222-1
17351  1 (UNLOCKED)  1 (ENABLED)   Transport=1,Synchronization=1,RadioEquipmentClock=1,RadioEquipmentClockReference=PTP8275_2
17352  1 (UNLOCKED)  1 (ENABLED)   Transport=1,Synchronization=1,RadioEquipmentClock=1,RadioEquipmentClockReference=SyncE
===================================================================================
Total: 10 MOs

CS03F> sdir

251125-08:31:27+0100 19.31.6.222 25.0h MSRBS_NODE_MODEL_25.Q1_693.28324.131_62ac stopfile=/tmp/1213651
INFO: Using amos lookupAccount credentials for the export login
................................
get /rop/A20251125.0645-0700_CS03F.xml.gz /ericsson/log/amos/moshell_logfiles/t20251125_37258710_65084/logs_moshell/pmfiles/19.31.6.222/rop/A20251125.0645-0700_CS03F.xml.gz ... OK
get /rop/A20251125.0700-0715_CS03F.xml.gz /ericsson/log/amos/moshell_logfiles/t20251125_37258710_65084/logs_moshell/pmfiles/19.31.6.222/rop/A20251125.0700-0715_CS03F.xml.gz ... OK
get /rop/A20251125.0715-0730_CS03F.xml.gz /ericsson/log/amos/moshell_logfiles/t20251125_37258710_65084/logs_moshell/pmfiles/19.31.6.222/rop/A20251125.0715-0730_CS03F.xml.gz ... OK
.....Checking available boards on node...

Collecting RCS board data ...
..........................................................................................................................
........................................
...............................................................................................................................................................................................................................................................................................
.........
Collecting TN data...
...........................................................................................................................
Getting MO data from node (80 MOs). Please wait...
0%                                             ~50%                                           ~100%
...................................................................................................................................
Collecting RF data...
.....
Collecting Alarms...
Executing action Log.export()
...
Log=AlarmLog                    actionId=9073
...................
Executing action LogM.exportAvailabilityLog()
..LogM=1,exportAvailabilityLog    actionId=9074
.....Parsing alarmLog...........Done.
Parsing availabilityLog....Done.
..........

Total: 8 CPRI links (8 OK, 0 OKW, 0 NOK, 0 NT)
.
+--------+                      +----------------------------+
|        | A        O101     D2 |        Radio-S220-1        |
|        |-----------1----------| RRU247924B824B2024B28BM01* |
|        |         OK-57m       |           BXP_5            |
|        |                      +----------------------------+
|        |                                     |A  |B  |C  |D
|        |                         SE=220* AG=220 GT=CS03D1/0
|        |                GT=CS03D1/1 GT=CS03D1/2 GT=CS03D1/3
|        |
|        |                      +----------------------------+
|        | B        O101     D2 |        Radio-S221-1        |
|        |-----------2----------| RRU247924B824B2024B28BM01* |
|        |         OK-57m       |           BXP_4            |
|        |                      +----------------------------+
|        |                                     |A  |B  |C  |D
|        |                         SE=221* AG=221 GT=CS03D2/0
|        |                            GT=CS03D2/1 GT=CS03D2/2
|        |
|        |                      +----------------------------+
|        | C        O101     D2 |        Radio-S222-1        |
|        |-----------3----------| RRU247924B824B2024B28BM01* |
|        |         OK-56m       |           BXP_3            |
|        |                      +----------------------------+
|        |                                     |A  |B  |C  |D
|        |                         SE=222* AG=222 GT=CS03D3/0
|        |                GT=CS03D3/1 GT=CS03D3/2 GT=CS03D3/3
|        |
|  BB-1  |
| BB6631 |                      +---------------+
| 000100 | D        O101     D1 | Radio-S180-1  |
|        |-----------4----------|   RRU4415B7   |
|        |         OK-57m       |     BXP_8     |
|        |                      +---------------+
|        |                        |A  |B  |C  |D
|        |                 SE=180 AG=180  |   |
|        |                    FDD=CS03L1  |   |
|        |                         SE=181 AG=181
|        |                            FDD=CS03L2
|        |
|        |                      +---------------+
|        | E        O101     D1 | Radio-S182-1  |
|        |-----------5----------|   RRU4415B7   |
|        |         OK-56m       |     BXP_7     |
|        |                      +---------------+
|        |                        |A  |B  |C  |D
|        |                 SE=182 AG=182  |   |
|        |                    FDD=CS03L3  |   |
|        |
|        |                      +-------------+           +-------------+           +-------------+
|        | G        O101     D1 | Radio-S20-1 | D2 O101 D1| Radio-S21-1 | D2 O101 D1| Radio-S22-1 |
|        |-----------6----------| RRU2012B32A |-----7-----| RRU2012B32A |-----8-----| RRU2012B32A |
|        |         OK-56m       |    BXP_2    |   OK-9m   |    BXP_6    |   OK-24m  |    BXP_9    |
|        |                      +-------------+           +-------------+           +-------------+
|        |                              |A  |B                    |A  |B                    |A  |B
+--------+              SE=20 AG=20 FDD=CS03F1    SE=21 AG=21 FDD=CS03F2    SE=22 AG=22 FDD=CS03F3

=====================================================================================================================================
ID RiL    Type Res MO1-MO2                         BOARD1-BOARD2                     AlmIDs Cells (States)                                            Issue (Failed checks)
=====================================================================================================================================
 1 S220-1 O101 OK  BB-1(A) Radio-S220-1(D2)        BB6631 RRU247924B824B2024B28BM01*        GT=CS03D1/0 GT=CS03D1/1 GT=CS03D1/2 GT=CS03D1/3 (1,1,1,1) Passed
 2 S221-1 O101 OK  BB-1(B) Radio-S221-1(D2)        BB6631 RRU247924B824B2024B28BM01*        GT=CS03D2/0 GT=CS03D2/1 GT=CS03D2/2 (1,1,1)               Passed
 3 S222-1 O101 OK  BB-1(C) Radio-S222-1(D2)        BB6631 RRU247924B824B2024B28BM01*        GT=CS03D3/0 GT=CS03D3/1 GT=CS03D3/2 GT=CS03D3/3 (1,1,1,1) Passed
 4 S180-1 O101 OK  BB-1(D) Radio-S180-1(D1)        BB6631 RRU4415B7                         FDD=CS03L1 FDD=CS03L2 (1,1)                               Passed
 5 S182-1 O101 OK  BB-1(E) Radio-S182-1(D1)        BB6631 RRU4415B7                         FDD=CS03L3 (1)                                            Passed
 6 S20-1  O101 OK  BB-1(G) Radio-S20-1(D1)         BB6631 RRU2012B32A                       FDD=CS03F1 (1)                                            Passed
 7 S21-1  O101 OK  Radio-S20-1(D2) Radio-S21-1(D1) RRU2012B32A RRU2012B32A                  FDD=CS03F2 (1)                                            Passed
 8 S22-1  O101 OK  Radio-S21-1(D2) Radio-S22-1(D1) RRU2012B32A RRU2012B32A                  FDD=CS03F3 (1)                                            Passed
-------------------------------------------------------------------------------------------------------------------------------------

Node: RadioNode GL   CXP2010174/2_R27J08 (25.Q1)   G3.1   GSM LTE-FDD 

=====================================================================================================================================
FRU          ;LNH    ;BOARD                      ;ST ;FAULT ;OPER ;MAINT ;STAT ;PRODUCTNUMBER   ;REV     ;SERIAL        ;DATE     ;PMTEMP ; TEMP ; UPT ;VOLT ;SW                   ;
=====================================================================================================================================
BB-1         ;000100 ;BB6631                     ; 1 ;  OFF ;  ON ;  OFF ;  ON ;KDU1370071/11   ;R2A     ;E96A00WA2X    ;20221117 ;3 (OK) ;      ; 133 ;55   ;                     ;
Radio-S180-1 ;BXP_8  ;RRU4415B7                  ; 1 ;  OFF ;  ON ;  OFF ; N/A ;KRC161495/1     ;R5J     ;TU8U01RE3U    ;20220922 ;4 (OK) ; 23.5 ;54.5 ;54.5 ;CXP9013268%15_R101LX ; (Radio4415B7)
Radio-S182-1 ;BXP_7  ;RRU4415B7                  ; 1 ;  OFF ;  ON ;  OFF ; N/A ;KRC161495/1     ;R5J     ;TU8U01RJE7    ;20220924 ;4 (OK) ; 21.5 ;54.5 ;55.1 ;CXP9013268%15_R101LX ; (Radio4415B7)
Radio-S20-1  ;BXP_2  ;RRU2012B32A                ; 1 ;  OFF ;  ON ;  OFF ; N/A ;KRC161604/1     ;R2C     ;TU8U01MHRP    ;20220710 ;4 (OK) ; 20.0 ;54.5 ;53.1 ;CXP9013268%15_R101LX ; (Radio2012B32A)
Radio-S21-1  ;BXP_6  ;RRU2012B32A                ; 1 ;  OFF ;  ON ;  OFF ; N/A ;KRC161604/1     ;R2C     ;TU8U01MHS3    ;20220710 ;4 (OK) ; 19.3 ;54.5 ;53.1 ;CXP9013268%15_R101LX ; (Radio2012B32A)
Radio-S22-1  ;BXP_9  ;RRU2012B32A                ; 1 ;  OFF ;  ON ;  OFF ; N/A ;KRC161604/1     ;R2C     ;TU8U01MHS1    ;20220710 ;4 (OK) ; 18.0 ;54.5 ;53.3 ;CXP9013268%15_R101LX ; (Radio2012B32A)
Radio-S220-1 ;BXP_5  ;RRU247924B824B2024B28BM01* ; 1 ;  OFF ;  ON ;  OFF ; N/A ;KRC161832/1     ;R2J     ;TU8U02UC55    ;20241204 ;4 (OK) ; 22.3 ;54.5 ;54.6 ;CXP9013268%15_R101LX ; (Radio247924B824B2024B28BM01)
Radio-S221-1 ;BXP_4  ;RRU247924B824B2024B28BM01* ; 1 ;  OFF ;  ON ;  OFF ; N/A ;KRC161832/1     ;R2J     ;TU8U02UC5B    ;20241204 ;4 (OK) ; 20.6 ;54.5 ;54.9 ;CXP9013268%15_R101LX ; (Radio247924B824B2024B28BM01)
Radio-S222-1 ;BXP_3  ;RRU247924B824B2024B28BM01* ; 1 ;  OFF ;  ON ;  OFF ; N/A ;KRC161832/1     ;R2J     ;TU8U02UC53    ;20241204 ;4 (OK) ; 18.9 ;54.5 ;54.3 ;CXP9013268%15_R101LX ; (Radio247924B824B2024B28BM01)
-------------------------------------------------------------------------------------------------------------------------------------

=====================================================================================================================================
XPBOARD  ;ST ;FAULT ;OPER ;PRODUCTNUMBER ;REV ;SERIAL/NAME ;DATE     ; TEMP ;MO
=====================================================================================================================================
FAN08    ; 1 ;N/A   ;N/A  ;BKV106236/1   ;R2F ;DD111P8343  ;20220309 ; 38.0 ;SupportUnit=1 (FAN  BB-1)
-------------------------------------------------------------------------------------------------------------------------------------

=====================================================================================================================================
ID ;T ;RiL    ;BPBP ;BOARD1                     ;LNH1 ;PORT ;R ;LINK ;RATE  ; BER ;BOARD2                     ;LNH2 ;PORT ;R ;LINK ;RATE  ; BER ;LENGTH ;MO1 - MO2
=====================================================================================================================================
 1 ;O ;S220-1 ;1111 ;BB6631                     ;000100 ; 1 ;M ;Up   ;10.1G ;   0 ;RRU247924B824B2024B28BM01* ;BXP_5  ; 1 ;S ;Up   ;10.1G ;   0 ;   57m ;Fru=BB-1(A) Fru=Radio-S220-1(D2)
 2 ;O ;S221-1 ;1111 ;BB6631                     ;000100 ; 2 ;M ;Up   ;10.1G ;   0 ;RRU247924B824B2024B28BM01* ;BXP_4  ; 1 ;S ;Up   ;10.1G ;   0 ;   57m ;Fru=BB-1(B) Fru=Radio-S221-1(D2)
 3 ;O ;S222-1 ;1111 ;BB6631                     ;000100 ; 3 ;M ;Up   ;10.1G ;   0 ;RRU247924B824B2024B28BM01* ;BXP_3  ; 1 ;S ;Up   ;10.1G ;   0 ;   56m ;Fru=BB-1(C) Fru=Radio-S222-1(D2)
 4 ;O ;S180-1 ;1111 ;BB6631                     ;000100 ; 4 ;M ;Up   ;10.1G ;   0 ;RRU4415B7                  ;BXP_8  ; 0 ;S ;Up   ;10.1G ;   0 ;   57m ;Fru=BB-1(D) Fru=Radio-S180-1(D1)
 5 ;O ;S182-1 ;1111 ;BB6631                     ;000100 ; 5 ;M ;Up   ;10.1G ;   0 ;RRU4415B7                  ;BXP_7  ; 0 ;S ;Up   ;10.1G ;   0 ;   56m ;Fru=BB-1(E) Fru=Radio-S182-1(D1)
 6 ;O ; S20-1 ;1111 ;BB6631                     ;000100 ; 7 ;M ;Up   ;10.1G ;   0 ;RRU2012B32A                ;BXP_2  ; 0 ;S ;Up   ;10.1G ;   0 ;   56m ;Fru=BB-1(G) Fru=Radio-S20-1(D1)
 7 ;O ; S21-1 ;1111 ;RRU2012B32A                ;BXP_2  ; 1 ;M ;Up   ;10.1G ;   0 ;RRU2012B32A                ;BXP_6  ; 0 ;S ;Up   ;10.1G ;   0 ;    9m ;Fru=Radio-S20-1(D2) Fru=Radio-S21-1(D1)
 8 ;O ; S22-1 ;1111 ;RRU2012B32A                ;BXP_6  ; 1 ;M ;Up   ;10.1G ;   0 ;RRU2012B32A                ;BXP_9  ; 0 ;S ;Up   ;10.1G ;   0 ;   24m ;Fru=Radio-S21-1(D2) Fru=Radio-S22-1(D1)
-------------------------------------------------------------------------------------------------------------------------------------

=====================================================================================================================================
ID ;LINK ;RiL    ;VENDOR1  ;VENDORPROD1     ;REV1 ;SERIAL1        ;DATE1    ;ERICSSONPROD1      ;VENDOR2  ;VENDORPROD2     ;REV2 ;SERIAL2        ;DATE2    ;ERICSSONPROD2      ;TT ;WL1     ;WL2    
=====================================================================================================================================
 1 ;Up   ;S220-1 ;ERICSSON ;EOLP-1396-02-IY ;1.0  ;PMCG082253     ;20220310 ;RDH10265/2 R1A     ;ERICSSON ;SPP10ELRIDFTEN  ;0101 ;CT74677875     ;20241028 ;RDH10265/2 R1A     ;0  ;1310.00 ;1310.00
 2 ;Up   ;S221-1 ;ERICSSON ;EOLP-1396-02-IY ;1.0  ;PMCG082269     ;20220310 ;RDH10265/2 R1A     ;ERICSSON ;SPP10ELRIDFTEN  ;0101 ;CT74677936     ;20241028 ;RDH10265/2 R1A     ;0  ;1310.00 ;1310.00
 3 ;Up   ;S222-1 ;ERICSSON ;EOLP-1396-02-IY ;1.0  ;PMCG082231     ;20220310 ;RDH10265/2 R1A     ;ERICSSON ;SPP10ELRIDFTEN  ;0101 ;CT74678107     ;20241028 ;RDH10265/2 R1A     ;0  ;1310.00 ;1310.00
 4 ;Up   ;S180-1 ;ERICSSON ;EOLP-1396-02-IY ;1.0  ;PMCG082265     ;20220310 ;RDH10265/2 R1A     ;ERICSSON ;EOLP-1396-02-IY ;1.0  ;PMCG081126     ;20220309 ;RDH10265/2 R1A     ;0  ;1310.00 ;1310.00
 5 ;Up   ;S182-1 ;ERICSSON ;EOLP-1396-02-IY ;1.0  ;PMCG082262     ;20220310 ;RDH10265/2 R1A     ;ERICSSON ;EOLP-1396-02-IY ;1.0  ;PMCG082246     ;20220310 ;RDH10265/2 R1A     ;0  ;1310.00 ;1310.00
 6 ;Up   ; S20-1 ;ERICSSON ;EOLP-1396-02-IY ;1.0  ;PMCG082295     ;20220310 ;RDH10265/2 R1A     ;ERICSSON ;EOLP-1396-02-IY ;1.0  ;PMCG082202     ;20220310 ;RDH10265/2 R1A     ;0  ;1310.00 ;1310.00
 7 ;Up   ; S21-1 ;ERICSSON ;EOLP-1396-02-IY ;1.0  ;PMCG082292     ;20220310 ;RDH10265/2 R1A     ;ERICSSON ;EOLP-1396-02-IY ;1.0  ;PMCG082298     ;20220310 ;RDH10265/2 R1A     ;0  ;1310.00 ;1310.00
 8 ;Up   ; S22-1 ;ERICSSON ;EOLP-1396-02-IY ;1.0  ;PMCG082283     ;20220310 ;RDH10265/2 R1A     ;ERICSSON ;EOLP-1396-02-IY ;1.0  ;PMCG082290     ;20220310 ;RDH10265/2 R1A     ;0  ;1310.00 ;1310.00
-------------------------------------------------------------------------------------------------------------------------------------

=====================================================================================================================================
ID ;LINK ;RiL    ;WL1     ;TEMP1 ;TXbs1 ;TXdBm1 ;RXdBm1 ;BER1   ;WL2     ;TEMP2 ;TXbs2 ;TXdBm2 ;RXdBm2 ;BER2   ;DlLoss ;UlLoss ;LENGTH ;TT
=====================================================================================================================================
 1 ;Up   ;S220-1 ;1310.00 ;33C   ;40%   ;-3.08  ;-4.80  ;   0   ;1310.00 ;24C   ;42%   ;-3.81  ;-2.46  ;   0   ; -0.62 ;  0.99 ;   57m ; 0
 2 ;Up   ;S221-1 ;1310.00 ;33C   ;40%   ;-2.37  ;-4.18  ;   0   ;1310.00 ;26C   ;43%   ;-3.05  ;-2.83  ;   0   ;  0.46 ;  1.13 ;   57m ; 0
 3 ;Up   ;S222-1 ;1310.00 ;35C   ;40%   ;-2.62  ;-1.65  ;   0   ;1310.00 ;26C   ;42%   ;-2.23  ;-3.90  ;   0   ;  1.28 ; -0.58 ;   56m ; 0
 4 ;Up   ;S180-1 ;1310.00 ;34C   ;39%   ;-2.72  ;-2.60  ;   0   ;1310.00 ;19C   ;37%   ;-2.79  ;-2.50  ;   0   ; -0.22 ; -0.19 ;   57m ; 0
 5 ;Up   ;S182-1 ;1310.00 ;34C   ;39%   ;-2.77  ;-3.21  ;   0   ;1310.00 ;17C   ;36%   ;-2.67  ;-2.34  ;   0   ; -0.43 ;  0.54 ;   56m ; 0
 6 ;Up   ; S20-1 ;1310.00 ;35C   ;39%   ;-3.26  ;-2.60  ;   0   ;1310.00 ;19C   ;38%   ;-2.51  ;-3.86  ;   0   ;   0.6 ;  0.09 ;   56m ; 0
 7 ;Up   ; S21-1 ;1310.00 ;19C   ;37%   ;-2.68  ;-3.12  ;   0   ;1310.00 ;20C   ;36%   ;-2.79  ;-3.02  ;   0   ;  0.34 ;  0.33 ;    9m ; 0
 8 ;Up   ; S22-1 ;1310.00 ;15C   ;36%   ;-3.30  ;-1.81  ;   0   ;1310.00 ;16C   ;37%   ;-2.43  ;-2.53  ;   0   ; -0.77 ; -0.62 ;   24m ; 0
-------------------------------------------------------------------------------------------------------------------------------------

=====================================================================================================================================
ID ;RiL    ;BOARD                      ;SFPLNH  ;PORT ;VENDOR   ;VENDORPROD      ;REV  ;SERIAL         ;DATE     ;ERICSSONPROD       ;WL      ;TEMP  ;TXbs  ;TXdBm  ;RXdBm  ; BER
=====================================================================================================================================
 1 ;S220-1 ;BB6631                     ;000100   ;  1 ;ERICSSON ;EOLP-1396-02-IY ;1.0  ;PMCG082253     ;20220310 ;RDH10265/2 R1A     ;1310.00 ;33C   ;40%   ;-3.08  ;-4.80  ;   0
 2 ;S221-1 ;BB6631                     ;000100   ;  2 ;ERICSSON ;EOLP-1396-02-IY ;1.0  ;PMCG082269     ;20220310 ;RDH10265/2 R1A     ;1310.00 ;33C   ;40%   ;-2.37  ;-4.18  ;   0
 3 ;S222-1 ;BB6631                     ;000100   ;  3 ;ERICSSON ;EOLP-1396-02-IY ;1.0  ;PMCG082231     ;20220310 ;RDH10265/2 R1A     ;1310.00 ;35C   ;40%   ;-2.62  ;-1.65  ;   0
 4 ;S180-1 ;BB6631                     ;000100   ;  4 ;ERICSSON ;EOLP-1396-02-IY ;1.0  ;PMCG082265     ;20220310 ;RDH10265/2 R1A     ;1310.00 ;34C   ;39%   ;-2.72  ;-2.60  ;   0
 5 ;S182-1 ;BB6631                     ;000100   ;  5 ;ERICSSON ;EOLP-1396-02-IY ;1.0  ;PMCG082262     ;20220310 ;RDH10265/2 R1A     ;1310.00 ;34C   ;39%   ;-2.77  ;-3.21  ;   0
 6 ; S20-1 ;BB6631                     ;000100   ;  7 ;ERICSSON ;EOLP-1396-02-IY ;1.0  ;PMCG082295     ;20220310 ;RDH10265/2 R1A     ;1310.00 ;35C   ;39%   ;-3.26  ;-2.60  ;   0
 6 ; S20-1 ;RRU2012B32A                ;BXP_2    ;  0 ;ERICSSON ;EOLP-1396-02-IY ;1.0  ;PMCG082202     ;20220310 ;RDH10265/2 R1A     ;1310.00 ;19C   ;38%   ;-2.51  ;-3.86  ;   0
 7 ; S21-1 ;RRU2012B32A                ;BXP_2    ;  1 ;ERICSSON ;EOLP-1396-02-IY ;1.0  ;PMCG082292     ;20220310 ;RDH10265/2 R1A     ;1310.00 ;19C   ;37%   ;-2.68  ;-3.12  ;   0
 3 ;S222-1 ;RRU247924B824B2024B28BM01* ;BXP_3    ;  1 ;ERICSSON ;SPP10ELRIDFTEN  ;0101 ;CT74678107     ;20241028 ;RDH10265/2 R1A     ;1310.00 ;26C   ;42%   ;-2.23  ;-3.90  ;   0
 2 ;S221-1 ;RRU247924B824B2024B28BM01* ;BXP_4    ;  1 ;ERICSSON ;SPP10ELRIDFTEN  ;0101 ;CT74677936     ;20241028 ;RDH10265/2 R1A     ;1310.00 ;26C   ;43%   ;-3.05  ;-2.83  ;   0
 1 ;S220-1 ;RRU247924B824B2024B28BM01* ;BXP_5    ;  1 ;ERICSSON ;SPP10ELRIDFTEN  ;0101 ;CT74677875     ;20241028 ;RDH10265/2 R1A     ;1310.00 ;24C   ;42%   ;-3.81  ;-2.46  ;   0
 7 ; S21-1 ;RRU2012B32A                ;BXP_6    ;  0 ;ERICSSON ;EOLP-1396-02-IY ;1.0  ;PMCG082298     ;20220310 ;RDH10265/2 R1A     ;1310.00 ;20C   ;36%   ;-2.79  ;-3.02  ;   0
 8 ; S22-1 ;RRU2012B32A                ;BXP_6    ;  1 ;ERICSSON ;EOLP-1396-02-IY ;1.0  ;PMCG082283     ;20220310 ;RDH10265/2 R1A     ;1310.00 ;15C   ;36%   ;-3.30  ;-1.81  ;   0
 5 ;S182-1 ;RRU4415B7                  ;BXP_7    ;  0 ;ERICSSON ;EOLP-1396-02-IY ;1.0  ;PMCG082246     ;20220310 ;RDH10265/2 R1A     ;1310.00 ;17C   ;36%   ;-2.67  ;-2.34  ;   0
 4 ;S180-1 ;RRU4415B7                  ;BXP_8    ;  0 ;ERICSSON ;EOLP-1396-02-IY ;1.0  ;PMCG081126     ;20220309 ;RDH10265/2 R1A     ;1310.00 ;19C   ;37%   ;-2.79  ;-2.50  ;   0
 8 ; S22-1 ;RRU2012B32A                ;BXP_9    ;  0 ;ERICSSON ;EOLP-1396-02-IY ;1.0  ;PMCG082290     ;20220310 ;RDH10265/2 R1A     ;1310.00 ;16C   ;37%   ;-2.43  ;-2.53  ;   0
-------------------------------------------------------------------------------------------------------------------------------------
TN ;       ;BB6631                     ;000100   ;IA2 ;ERICSSON ;NDAAF9-E201     ;E    ;APF22452011WM8 ;20221109 ;RPM777053/1000 R1B ;NA      ;NA    ;NA    ;NA     ;NA     ; 0/0
-------------------------------------------------------------------------------------------------------------------------------------

=====================================================================================================================================
BOARD  ;LNH    ;PORT       ;T ;S ;OpMode   ;AutoNeg ;MacAddress        ;VlanIds        ;LOS ;BER
=====================================================================================================================================
BB6631 ;000100 ;TN_IDL_A_1 ;E ;1 ;10G_FULL ;false   ;F8:97:A9:C6:19:B0 ;3901,3908,3910 ;0   ;0/0
BB6631 ;000100 ;TN_IDL_A_2 ;O ;1 ;10G_FULL ;false   ;F8:97:A9:C6:19:B1 ;3908           ;0   ;0/0
-------------------------------------------------------------------------------------------------------------------------------------

Last MO: 17357. Loaded 17357 MOs. Total: 17358 MOs.
radioClockState : RNT_TIME_LOCKED
-------------------------------------------------------------------------------------
Prio  ;ST  ;syncRefType  ;refStatus  ;opQualLevel  ;SyncReference
-------------------------------------------------------------------------------------
   1  ; 1  ;PTP_TIME     ;NO_FAULT   ;PRTC         ;Ptp=1,BoundaryOrdinaryClock=1 (G_8275_2 Router=45G_Traffic,InterfaceIPv4=LTE,AddressIPv4=LTE:SLAVE)
   2  ; 1  ;SYNC_E       ;NO_FAULT   ;PRTC         ;Synchronization=1,SyncEthInput=SyncE (SFP_DAC EthernetPort=TN_IDL_A_1)
-------------------------------------------------------------------------------------
nodeGroupRole   : SYNC_RECEIVER (syncNodePriority=3, selectionMode=NODE_PRIORITY)
-------------------------------------------------------------------------------------
DU  ;Port  ;sharedUnitRef (RiPortA - RiPortB)  ;remoteNodePriority  ;CandidateStatus
-------------------------------------------------------------------------------------
1   ;C     ;Fru=Radio-S222-1 (2 - 1)           ;1                   ;OK_NOT_ACTIVE
1   ;B     ;Fru=Radio-S221-1 (2 - 1)           ;1                   ;OK_NOT_ACTIVE
1   ;A     ;Fru=Radio-S220-1 (2 - 1)           ;1                   ;OK_ACTIVE
-------------------------------------------------------------------------------------

=====================================================================================================================================
FRU          ;LNH    ;BOARD                      ;RF  ;BP  ;TX (W/dBm)  ;VSWR (RL)   ;RX (dBm) ;UEs/gUEs  ;Sector/AntennaGroup/Cells (State:CellIds:PCIs)
=====================================================================================================================================
Radio-S180-1 ;BXP_8  ;RRU4415B7                  ; A  ;11  ;30.2 (44.8) ;1.13 (24.1) ;-96.9    ;12/-      ;SE=180 AG=180 FDD=CS03L1 (1:21:300)
Radio-S180-1 ;BXP_8  ;RRU4415B7                  ; B  ;11  ;-           ;1.10 (26.2) ;-97.2    ;12/-      ;SE=180 AG=180 FDD=CS03L1 (1:21:300)
Radio-S180-1 ;BXP_8  ;RRU4415B7                  ; C  ;11  ;20.9 (43.2) ;1.11 (25.8) ;-99.7    ;0/-       ;SE=181 AG=181 FDD=CS03L2 (1:22:302)
Radio-S180-1 ;BXP_8  ;RRU4415B7                  ; D  ;11  ;-           ;1.04 (33.6) ;-100.0   ;0/-       ;SE=181 AG=181 FDD=CS03L2 (1:22:302)
Radio-S182-1 ;BXP_7  ;RRU4415B7                  ; A  ;11  ;21.4 (43.3) ;1.21 (20.6) ;-100.0   ;3/-       ;SE=182 AG=182 FDD=CS03L3 (1:23:301)
Radio-S182-1 ;BXP_7  ;RRU4415B7                  ; B  ;11  ;-           ;1.30 (17.6) ;-99.9    ;3/-       ;SE=182 AG=182 FDD=CS03L3 (1:23:301)
Radio-S182-1 ;BXP_7  ;RRU4415B7                  ; C  ;11  ;-           ;-           ;         ;          ;
Radio-S182-1 ;BXP_7  ;RRU4415B7                  ; D  ;11  ;-           ;-           ;         ;          ;
Radio-S20-1  ;BXP_2  ;RRU2012B32A                ; A  ;11  ;22.9 (43.6) ;1.13 (24.1) ;         ;0/-       ;SE=20 AG=20 FDD=CS03F1 (1:81:141)
Radio-S20-1  ;BXP_2  ;RRU2012B32A                ; B  ;11  ;-           ;1.04 (34.8) ;         ;0/-       ;SE=20 AG=20 FDD=CS03F1 (1:81:141)
Radio-S21-1  ;BXP_6  ;RRU2012B32A                ; A  ;11  ;20.9 (43.2) ;1.12 (24.7) ;         ;0/-       ;SE=21 AG=21 FDD=CS03F2 (1:82:26)
Radio-S21-1  ;BXP_6  ;RRU2012B32A                ; B  ;11  ;-           ;1.16 (22.7) ;         ;0/-       ;SE=21 AG=21 FDD=CS03F2 (1:82:26)
Radio-S22-1  ;BXP_9  ;RRU2012B32A                ; A  ;11  ;21.4 (43.3) ;1.20 (20.9) ;         ;0/-       ;SE=22 AG=22 FDD=CS03F3 (1:83:22)
Radio-S22-1  ;BXP_9  ;RRU2012B32A                ; B  ;11  ;-           ;1.07 (29.0) ;         ;0/-       ;SE=22 AG=22 FDD=CS03F3 (1:83:22)
Radio-S220-1 ;BXP_5  ;RRU247924B824B2024B28BM01* ; A  ;11  ;23.6 (43.7) ;1.05 (32.3) ;-92.8    ;-/-       ;SE=220* AG=220 GT=CS03D1/0 GT=CS03D1/1 GT=CS03D1/2 GT=CS03D1/3 (1, 1, 1, 1)
Radio-S220-1 ;BXP_5  ;RRU247924B824B2024B28BM01* ; B  ;11  ;34.8 (45.4) ;1.11 (25.8) ;-93.0    ;-/-       ;SE=220* AG=220 GT=CS03D1/0 GT=CS03D1/1 GT=CS03D1/2 GT=CS03D1/3 (1, 1, 1, 1)
Radio-S220-1 ;BXP_5  ;RRU247924B824B2024B28BM01* ; C  ;11  ;9.5 (39.8)  ;1.09 (27.6) ;-92.9    ;-/-       ;SE=220* AG=220 GT=CS03D1/0 GT=CS03D1/1 GT=CS03D1/2 GT=CS03D1/3 (1, 1, 1, 1)
Radio-S220-1 ;BXP_5  ;RRU247924B824B2024B28BM01* ; D  ;11  ;10.2 (40.1) ;1.13 (24.4) ;-93.3    ;-/-       ;SE=220* AG=220 GT=CS03D1/0 GT=CS03D1/1 GT=CS03D1/2 GT=CS03D1/3 (1, 1, 1, 1)
Radio-S221-1 ;BXP_4  ;RRU247924B824B2024B28BM01* ; A  ;11  ;28.8 (44.6) ;1.14 (23.6) ;-95.0    ;-/-       ;SE=221* AG=221 GT=CS03D2/0 GT=CS03D2/1 GT=CS03D2/2 (1, 1, 1)
Radio-S221-1 ;BXP_4  ;RRU247924B824B2024B28BM01* ; B  ;11  ;31.8 (45.0) ;1.18 (21.7) ;-96.1    ;-/-       ;SE=221* AG=221 GT=CS03D2/0 GT=CS03D2/1 GT=CS03D2/2 (1, 1, 1)
Radio-S221-1 ;BXP_4  ;RRU247924B824B2024B28BM01* ; C  ;11  ;7.4 (38.7)  ;1.04 (33.2) ;-95.7    ;-/-       ;SE=221* AG=221 GT=CS03D2/0 GT=CS03D2/1 GT=CS03D2/2 (1, 1, 1)
Radio-S221-1 ;BXP_4  ;RRU247924B824B2024B28BM01* ; D  ;11  ;7.4 (38.7)  ;1.07 (29.1) ;-96.6    ;-/-       ;SE=221* AG=221 GT=CS03D2/0 GT=CS03D2/1 GT=CS03D2/2 (1, 1, 1)
Radio-S222-1 ;BXP_3  ;RRU247924B824B2024B28BM01* ; A  ;11  ;22.4 (43.5) ;1.07 (30.0) ;-92.1    ;-/-       ;SE=222* AG=222 GT=CS03D3/0 GT=CS03D3/1 GT=CS03D3/2 GT=CS03D3/3 (1, 1, 1, 1)
Radio-S222-1 ;BXP_3  ;RRU247924B824B2024B28BM01* ; B  ;11  ;17.2 (42.4) ;1.13 (24.0) ;-89.2    ;-/-       ;SE=222* AG=222 GT=CS03D3/0 GT=CS03D3/1 GT=CS03D3/2 GT=CS03D3/3 (1, 1, 1, 1)
Radio-S222-1 ;BXP_3  ;RRU247924B824B2024B28BM01* ; C  ;11  ;9.1 (39.6)  ;1.07 (29.9) ;-91.5    ;-/-       ;SE=222* AG=222 GT=CS03D3/0 GT=CS03D3/1 GT=CS03D3/2 GT=CS03D3/3 (1, 1, 1, 1)
Radio-S222-1 ;BXP_3  ;RRU247924B824B2024B28BM01* ; D  ;11  ;9.1 (39.6)  ;1.08 (28.4) ;-88.7    ;-/-       ;SE=222* AG=222 GT=CS03D3/0 GT=CS03D3/1 GT=CS03D3/2 GT=CS03D3/3 (1, 1, 1, 1)
-------------------------------------------------------------------------------------------------------------------------------------

CS03F> mfar

251125-08:35:10+0100 19.31.6.222 25.0h MSRBS_NODE_MODEL_25.Q1_693.28324.131_62ac stopfile=/tmp/1213651
........
Last MO: 17368. Loaded 17368 MOs. Total: 17369 MOs.
...................................................
get /rop/A20251125.0600-0615_CS03F.xml.gz /ericsson/log/amos/moshell_logfiles/t20251125_37258710_65084/logs_moshell/pmfiles/19.31.6.222/rop/A20251125.0600-0615_CS03F.xml.gz ... OK
get /rop/A20251125.0615-0630_CS03F.xml.gz /ericsson/log/amos/moshell_logfiles/t20251125_37258710_65084/logs_moshell/pmfiles/19.31.6.222/rop/A20251125.0615-0630_CS03F.xml.gz ... OK
get /rop/A20251125.0630-0645_CS03F.xml.gz /ericsson/log/amos/moshell_logfiles/t20251125_37258710_65084/logs_moshell/pmfiles/19.31.6.222/rop/A20251125.0630-0645_CS03F.xml.gz ... OK

Using hardcoded thresholds: 3, 4.5, and 16.5
================================================================================================================================
SC     SE  Tx/Rx BrPair  RfPort1 - RfPort2               HW       Serial      Cell (State)   Samples   Med  Mean  SDev Pol Res Issue
================================================================================================================================
CS03F1  20   2/0 0 (1,2) Radio-S20-1(A) Radio-S20-1(B)   RRU2012  TU8U01MHRP  FDD=CS03F1 (1)       0     0     0     0  NA  NT No data
CS03F2  21   2/0 0 (1,2) Radio-S21-1(A) Radio-S21-1(B)   RRU2012  TU8U01MHS3  FDD=CS03F2 (1)       0     0     0     0  NA  NT No data
CS03F3  22   2/0 0 (1,2) Radio-S22-1(A) Radio-S22-1(B)   RRU2012  TU8U01MHS1  FDD=CS03F3 (1)       0     0     0     0  NA  NT No data
CS03L1 180   2/2 0 (1,2) Radio-S180-1(A) Radio-S180-1(B) RRU4415  TU8U01RE3U  FDD=CS03L1 (1)  120648   0.5   1.0   6.8  NA  OK Passed
CS03L2 181   2/2 0 (1,2) Radio-S180-1(C) Radio-S180-1(D) RRU4415  TU8U01RE3U  FDD=CS03L2 (1)    2544  -0.5  -0.7   6.6  NA  NT Not enough data
CS03L3 182   2/2 0 (1,2) Radio-S182-1(A) Radio-S182-1(B) RRU4415  TU8U01RJE7  FDD=CS03L3 (1)   54138  -0.5  -0.6   6.0  NA  OK Passed
================================================================================================================================
Total: 6 SectorCarriers, 6 RfBranch Pairs (2 OK, 0 OKW, 0 NOK, 4 NT)
.........
Last MO: 17368. Loaded 17368 MOs. Total: 17369 MOs.

No NRSectorCarrier MOs are defined on the node.

CS03F> mfitr

251125-08:35:32+0100 19.31.6.222 25.0h MSRBS_NODE_MODEL_25.Q1_693.28324.131_62ac stopfile=/tmp/1213651
..............
Last MO: 17368. Loaded 17368 MOs. Total: 17369 MOs.
.........
2025-11-25 08:36
================================================================================================================================
CELL       SC     FRU          BOARD     PUSCH  PUCCH       A      B      C      D  DELTA
================================================================================================================================
FDD=CS03L1 CS03L1 Radio-S180-1 RRU4415B7 -117.1 -118.5 -116.6 -116.8                  0.2
FDD=CS03L2 CS03L2 Radio-S180-1 RRU4415B7 -119.1 -119.3               -118.6 -119.1    0.5
FDD=CS03L3 CS03L3 Radio-S182-1 RRU4415B7 -119.1 -119.4 -118.6 -118.8                  0.2
================================================================================================================================
Bye...
Output has been logged to file /mta_fs/UserFiles/37258710/amosbatch/SDIR/CS03F.log
