Logging to file /mta_fs/UserFiles/37258710/amosbatch/SDIR/CS0CE.log
                        __  __  ____   _____
                  /\   |  \/  |/ __ \ / ____|
                 /  \  | \  / | |  | | (___  
                / /\ \ | |\/| | |  | |\___ \ 
               / ____ \| |  | | |__| |____) |
              /_/    \_\_|  |_|\____/|_____/
              OSS Framework for MoShell-25.0h 
  Copyright (c) Ericsson AB 2001-2025 - All Rights Reserved
              
           
[1;31mWARNING: [0mthe AMOS version currently running is more than 29 weeks old and is unsupported.
Please upgrade as soon as possible to the latest released version, available from your local Ericsson support.

$amosrb_pid = 1964259

Checking ip contact...OK

HELP MENU            : h
BASIC MO COMMANDS    : m
OTHER MO COMMANDS    : n
OTHER COMMANDS       : o
PM COMMANDS          : p
QUIT                 : q

CS0CE> lt all

251125-10:37:33+0100 19.31.2.160 25.0h  stopfile=/tmp/1964177
Looking up temporary_amos account... OK.
Trying temporary_amos_t20251125_37258710_65084_131's password from amos lookupAccount ... OK

$ssh_pid = 1964630

Connected to 19.31.2.160 (SubNetwork=BBMM_rckomc_R,MeContext=CS0CE,ManagedElement=CS0CE)

Checking MOM version...MSRBS_NODE_MODEL_25.Q1_693.28324.131_62ac
Parsing MOM (cached): /ericsson/log/amos/moshell_logfiles/t20251125_37258710_65084/logs_moshell/tempfiles/scp-4-amos_20251125-103726_1964113/MSRBS_NODE_MODEL_25.Q1_693.28324.131_62ac.xml.cache.gz ..................................................................................................................................................................................................................................Done.
Using paramfile /opt/ericsson/amos/moshell/commonjars/pm/PARAM_MSRBS_25.Q1.txt
Parsing file /opt/ericsson/amos/moshell/commonjars/pm/PARAM_MSRBS_25.Q1.txt .......................................................................................Done.
Using imomdfile /opt/ericsson/amos/moshell/commonjars/pm/IMOMD_MSRBS_22.Q4.txt
Using imomfile /opt/ericsson/amos/moshell/commonjars/pm/IMOM_MSRBS_25.Q1.txt
Connected to 19.31.2.160 (SubNetwork=BBMM_rckomc_R,MeContext=CS0CE,ManagedElement=CS0CE)

Last MO: 22271. Loaded 22271 MOs. Total: 22272 MOs.

CS0CE> st cell

251125-10:37:49+0100 19.31.2.160 25.0h MSRBS_NODE_MODEL_25.Q1_693.28324.131_62ac stopfile=/tmp/1964177
===================================================================================
Proxy  Adm State     Op. State     MO
===================================================================================
   43  1 (UNLOCKED)  1 (ENABLED)   ENodeBFunction=1,EUtranCellFDD=CS0CE1
  305  1 (UNLOCKED)  1 (ENABLED)   ENodeBFunction=1,EUtranCellFDD=CS0CE2
  466  1 (UNLOCKED)  1 (ENABLED)   ENodeBFunction=1,EUtranCellFDD=CS0CE3
  713  1 (UNLOCKED)  1 (ENABLED)   ENodeBFunction=1,EUtranCellFDD=CS0CM1
  894  1 (UNLOCKED)  1 (ENABLED)   ENodeBFunction=1,EUtranCellFDD=CS0CM2
 1028  1 (UNLOCKED)  1 (ENABLED)   ENodeBFunction=1,EUtranCellFDD=CS0CM3
 1236  1 (UNLOCKED)  1 (ENABLED)   ENodeBFunction=1,EUtranCellFDD=CS0CT1
 1405  1 (UNLOCKED)  1 (ENABLED)   ENodeBFunction=1,EUtranCellFDD=CS0CT2
 1550  1 (UNLOCKED)  1 (ENABLED)   ENodeBFunction=1,EUtranCellFDD=CS0CT3
 2718  1 (UNLOCKED)  1 (ENABLED)   ENodeBFunction=1,NbIotCell=CS0CN1
 2719  1 (UNLOCKED)  1 (ENABLED)   ENodeBFunction=1,NbIotCell=CS0CN2
 2720  1 (UNLOCKED)  1 (ENABLED)   ENodeBFunction=1,NbIotCell=CS0CN3
 4992  1 (UNLOCKED)  1 (ENABLED)   GNBDUFunction=1,NRCellDU=CS0CG1
 4994  1 (UNLOCKED)  1 (ENABLED)   GNBDUFunction=1,NRCellDU=CS0CG2
 4996  1 (UNLOCKED)  1 (ENABLED)   GNBDUFunction=1,NRCellDU=CS0CG3
===================================================================================
Total: 15 MOs

INFO: NRCellDU status needs to be printed with command "stz" or "hget ,nrcell state" due to dependency to cellState/serviceState attributes.

CS0CE> st radio

251125-10:37:50+0100 19.31.2.160 25.0h MSRBS_NODE_MODEL_25.Q1_693.28324.131_62ac stopfile=/tmp/1964177
===================================================================================
Proxy  Adm State     Op. State     MO
===================================================================================
 4008  1 (UNLOCKED)  1 (ENABLED)   Equipment=1,FieldReplaceableUnit=Radio-S100-1
 4031  1 (UNLOCKED)  1 (ENABLED)   Equipment=1,FieldReplaceableUnit=Radio-S102-1
 4054  1 (UNLOCKED)  1 (ENABLED)   Equipment=1,FieldReplaceableUnit=Radio-S220-1
 4081  1 (UNLOCKED)  1 (ENABLED)   Equipment=1,FieldReplaceableUnit=Radio-S221-1
 4108  1 (UNLOCKED)  1 (ENABLED)   Equipment=1,FieldReplaceableUnit=Radio-S222-1
22262  1 (UNLOCKED)  1 (ENABLED)   Transport=1,Synchronization=1,RadioEquipmentClock=1,RadioEquipmentClockReference=NTP1
22263  1 (UNLOCKED)  1 (ENABLED)   Transport=1,Synchronization=1,RadioEquipmentClock=1,RadioEquipmentClockReference=PTP8275_2
===================================================================================
Total: 7 MOs

CS0CE> sdir

251125-10:37:50+0100 19.31.2.160 25.0h MSRBS_NODE_MODEL_25.Q1_693.28324.131_62ac stopfile=/tmp/1964177
INFO: Using amos lookupAccount credentials for the export login
...................
get /rop/A20251125.0845-0900_CS0CE.xml.gz /ericsson/log/amos/moshell_logfiles/t20251125_37258710_65084/logs_moshell/pmfiles/19.31.2.160/rop/A20251125.0845-0900_CS0CE.xml.gz ... OK
get /rop/A20251125.0900-0915_CS0CE.xml.gz /ericsson/log/amos/moshell_logfiles/t20251125_37258710_65084/logs_moshell/pmfiles/19.31.2.160/rop/A20251125.0900-0915_CS0CE.xml.gz ... OK
get /rop/A20251125.0915-0930_CS0CE.xml.gz /ericsson/log/amos/moshell_logfiles/t20251125_37258710_65084/logs_moshell/pmfiles/19.31.2.160/rop/A20251125.0915-0930_CS0CE.xml.gz ... OK
....Checking available boards on node...

Collecting RCS board data ...
...........................................................................................................................
.............................
.......................................................................................................................................................................................................................................................................................................................................................
....
Collecting TN data...
........................................................................................................................
Getting MO data from node (93 MOs). Please wait...
0%                                             ~50%                                           ~100%
....................................................................................................................................
Collecting RF data...
.....
Collecting Alarms...
.Executing action Log.export()
...
Log=AlarmLog                    actionId=14796
..........................
Executing action LogM.exportAvailabilityLog()
..LogM=1,exportAvailabilityLog    actionId=14797
.....Parsing alarmLog...........Done.
Parsing availabilityLog........Done.
.............

Total: 5 CPRI links (5 OK, 0 OKW, 0 NOK, 0 NT)
.
+--------+                      +----------------------------+
|        | A        O101     D1 |        Radio-S220-1        |
|        |-----------1----------| RRU247924B824B2024B28BM01* |
|        |         OK-61m       |           BXP_6            |
|        |                      +----------------------------+
|        |                                     |A  |B  |C  |D
|        |                          SE=220* AG=220 FDD=CS0CE1
|        |                             NIOT=CS0CN1 NRC=CS0CG1
|        |
|        |                      +----------------------------+
|        | B        O101     D1 |        Radio-S221-1        |
|        |-----------2----------| RRU247924B824B2024B28BM01* |
|        |         OK-61m       |           BXP_2            |
|        |                      +----------------------------+
|        |                                     |A  |B  |C  |D
|        |                          SE=221* AG=221 FDD=CS0CE2
|        |                             NIOT=CS0CN2 NRC=CS0CG2
|        |
|        |                      +----------------------------+
|        | C        O101     D1 |        Radio-S222-1        |
|        |-----------3----------| RRU247924B824B2024B28BM01* |
|        |         OK-61m       |           BXP_4            |
|        |                      +----------------------------+
|  BB-1  |                                     |A  |B  |C  |D
| BB6631 |                          SE=222* AG=222 FDD=CS0CE3
| 000100 |                             NIOT=CS0CN3 NRC=CS0CG3
|        |
|        |                      +------------------+
|        | D        O101     D2 |   Radio-S100-1   |
|        |-----------4----------| RRU449944B144B3C |
|        |         OK-61m       |      BXP_5       |
|        |                      +------------------+
|        |                           |A  |B  |C  |D
|        |                    SE=100 AG=100  |   |
|        |            FDD=CS0CM1 FDD=CS0CT1  |   |
|        |                            SE=101 AG=101
|        |                    FDD=CS0CM2 FDD=CS0CT2
|        |
|        |                      +------------------+
|        | E        O101     D2 |   Radio-S102-1   |
|        |-----------5----------| RRU449944B144B3C |
|        |         OK-61m       |      BXP_3       |
|        |                      +------------------+
|        |                           |A  |B  |C  |D
|        |                    SE=102 AG=102  |   |
|        |            FDD=CS0CM3 FDD=CS0CT3  |   |
|        |
+--------+

=====================================================================================================================================
ID RiL    Type Res MO1-MO2                  BOARD1-BOARD2                     AlmIDs Cells (States)                                        Issue (Failed checks)
=====================================================================================================================================
 1 S220-1 O101 OK  BB-1(A) Radio-S220-1(D1) BB6631 RRU247924B824B2024B28BM01*        FDD=CS0CE1 NIOT=CS0CN1 NRC=CS0CG1 (1,1,1)             Passed
 2 S221-1 O101 OK  BB-1(B) Radio-S221-1(D1) BB6631 RRU247924B824B2024B28BM01*        FDD=CS0CE2 NIOT=CS0CN2 NRC=CS0CG2 (1,1,1)             Passed
 3 S222-1 O101 OK  BB-1(C) Radio-S222-1(D1) BB6631 RRU247924B824B2024B28BM01*        FDD=CS0CE3 NIOT=CS0CN3 NRC=CS0CG3 (1,1,1)             Passed
 4 S100-1 O101 OK  BB-1(D) Radio-S100-1(D2) BB6631 RRU449944B144B3C                  FDD=CS0CM1 FDD=CS0CM2 FDD=CS0CT1 FDD=CS0CT2 (1,1,1,1) Passed
 5 S102-1 O101 OK  BB-1(E) Radio-S102-1(D2) BB6631 RRU449944B144B3C                  FDD=CS0CM3 FDD=CS0CT3 (1,1)                           Passed
-------------------------------------------------------------------------------------------------------------------------------------

=====================================================================================================================================
AlmID IDs RiLs Status      Alarm
=====================================================================================================================================
-------------------------------------------------------------------------------------------------------------------------------------

Node: RadioNode LN   CXP2010174/2_R27J08 (25.Q1)   G3.1   LTE-FDD,LTE-IoT NR-LB-FDD-NSA

=====================================================================================================================================
FRU          ;LNH    ;BOARD                      ;ST ;FAULT ;OPER ;MAINT ;STAT ;PRODUCTNUMBER   ;REV     ;SERIAL        ;DATE     ;PMTEMP ; TEMP ; UPT ;VOLT ;SW                   ;
=====================================================================================================================================
BB-1         ;000100 ;BB6631                     ; 1 ;  OFF ;  ON ;  OFF ;  ON ;KDU1370071/11   ;R3E     ;E23F254541    ;20240219 ;3 (OK) ;      ;63.9 ;55   ;                     ;
Radio-S100-1 ;BXP_5  ;RRU449944B144B3C           ; 1 ;  OFF ;  ON ;  OFF ; N/A ;KRC161787/1     ;R3A     ;E23F229582    ;20240206 ;4 (OK) ; 28.3 ;75.9 ;51.9 ;CXP9013268%15_R101LX ; (Radio449944B144B3C)
Radio-S102-1 ;BXP_3  ;RRU449944B144B3C           ; 1 ;  OFF ;  ON ;  OFF ; N/A ;KRC161787/1     ;R3A     ;E23F250604    ;20240214 ;4 (OK) ; 22.7 ;75.9 ;52.3 ;CXP9013268%15_R101LX ; (Radio449944B144B3C)
Radio-S220-1 ;BXP_6  ;RRU247924B824B2024B28BM01* ; 1 ;  OFF ;  ON ;  OFF ; N/A ;KRC161832/1     ;R2H     ;TU8U02DYSB    ;20240220 ;4 (OK) ; 33.1 ; 133 ;53.5 ;CXP9013268%15_R101LX ; (Radio247924B824B2024B28BM01)
Radio-S221-1 ;BXP_2  ;RRU247924B824B2024B28BM01* ; 1 ;  OFF ;  ON ;  OFF ; N/A ;KRC161832/1     ;R2H     ;TU8U02DULW    ;20240216 ;4 (OK) ; 28.0 ; 133 ;53.5 ;CXP9013268%15_R101LX ; (Radio247924B824B2024B28BM01)
Radio-S222-1 ;BXP_4  ;RRU247924B824B2024B28BM01* ; 1 ;  OFF ;  ON ;  OFF ; N/A ;KRC161832/1     ;R2H     ;TU8U02DYSJ    ;20240220 ;4 (OK) ; 23.0 ; 133 ;53.0 ;CXP9013268%15_R101LX ; (Radio247924B824B2024B28BM01)
-------------------------------------------------------------------------------------------------------------------------------------

=====================================================================================================================================
AntennaNearUnit                                     ;ST  ;TYPE   ;PRODUCTNR       ;REV                ;UNIQUEID             ;RfPort
=====================================================================================================================================
AntennaUnitGroup=220,AntennaNearUnit=RET_1800_2100  ; 1  ;S-RET  ;AIMM20M22S0v03  ;WD83MANWRCU_VER.A  ;HWN3969P101U404LBy1  ;FieldReplaceableUnit=Radio-S220-1,RfPort=R
AntennaUnitGroup=220,AntennaNearUnit=RET_2600       ; 1  ;S-RET  ;AIMM20M22S0v03  ;WD83MANWRCU_VER.A  ;HWN3969P101U30CLBy2  ;FieldReplaceableUnit=Radio-S220-1,RfPort=R
AntennaUnitGroup=220,AntennaNearUnit=RET_700        ; 1  ;S-RET  ;AIMM20M22S0v03  ;WD83MANWRCU_VER.A  ;HWN3969P101U0004Rr2  ;FieldReplaceableUnit=Radio-S220-1,RfPort=R
AntennaUnitGroup=220,AntennaNearUnit=RET_800_900    ; 1  ;S-RET  ;AIMM20M22S0v03  ;WD83MANWRCU_VER.A  ;HWN3969P101U1005Lr1  ;FieldReplaceableUnit=Radio-S220-1,RfPort=R
AntennaUnitGroup=221,AntennaNearUnit=RET_1800_2100  ; 1  ;S-RET  ;AIMM20M22S0v03  ;WD83MANWRCU_VER.A  ;HWN3969P1005T07LBy1  ;FieldReplaceableUnit=Radio-S221-1,RfPort=R
AntennaUnitGroup=221,AntennaNearUnit=RET_2600       ; 1  ;S-RET  ;AIMM20M22S0v03  ;WD83MANWRCU_VER.A  ;HWN3969P1005S0CLBy2  ;FieldReplaceableUnit=Radio-S221-1,RfPort=R
AntennaUnitGroup=221,AntennaNearUnit=RET_700        ; 1  ;S-RET  ;AIMM20M22S0v03  ;WD83MANWRCU_VER.A  ;HWN3969P1005P042Rr2  ;FieldReplaceableUnit=Radio-S221-1,RfPort=R
AntennaUnitGroup=221,AntennaNearUnit=RET_800_900    ; 1  ;S-RET  ;AIMM20M22S0v03  ;WD83MANWRCU_VER.A  ;HWN3969P1005Q046Lr1  ;FieldReplaceableUnit=Radio-S221-1,RfPort=R
AntennaUnitGroup=222,AntennaNearUnit=RET_1800_2100  ; 1  ;S-RET  ;AIMM20M22S0v03  ;WD83MANWRCU_VER.A  ;HWN3969P1017G05LBy1  ;FieldReplaceableUnit=Radio-S222-1,RfPort=R
AntennaUnitGroup=222,AntennaNearUnit=RET_2600       ; 1  ;S-RET  ;AIMM20M22S0v03  ;WD83MANWRCU_VER.A  ;HWN3969P1017F0CLBy2  ;FieldReplaceableUnit=Radio-S222-1,RfPort=R
AntennaUnitGroup=222,AntennaNearUnit=RET_700        ; 1  ;S-RET  ;AIMM20M22S0v03  ;WD83MANWRCU_VER.A  ;HWN3969P1017C079Rr2  ;FieldReplaceableUnit=Radio-S222-1,RfPort=R
AntennaUnitGroup=222,AntennaNearUnit=RET_800_900    ; 1  ;S-RET  ;AIMM20M22S0v03  ;WD83MANWRCU_VER.A  ;HWN3969P1017D093Lr1  ;FieldReplaceableUnit=Radio-S222-1,RfPort=R
-------------------------------------------------------------------------------------------------------------------------------------

=====================================================================================================================================
XPBOARD  ;ST ;FAULT ;OPER ;PRODUCTNUMBER ;REV ;SERIAL/NAME ;DATE     ; TEMP ;MO
=====================================================================================================================================
FAN08    ; 1 ;N/A   ;N/A  ;BKV106236/1   ;R2F ;DD138G1015  ;20230224 ; 48.0 ;SupportUnit=1 (FAN  BB-1)
-------------------------------------------------------------------------------------------------------------------------------------

=====================================================================================================================================
ID ;T ;RiL    ;BPBP ;BOARD1                     ;LNH1 ;PORT ;R ;LINK ;RATE  ; BER ;BOARD2                     ;LNH2 ;PORT ;R ;LINK ;RATE  ; BER ;LENGTH ;MO1 - MO2
=====================================================================================================================================
 1 ;O ;S220-1 ;1111 ;BB6631                     ;000100 ; 1 ;M ;Up   ;10.1G ;   0 ;RRU247924B824B2024B28BM01* ;BXP_6  ; 0 ;S ;Up   ;10.1G ;   0 ;   61m ;Fru=BB-1(A) Fru=Radio-S220-1(D1)
 2 ;O ;S221-1 ;1111 ;BB6631                     ;000100 ; 2 ;M ;Up   ;10.1G ;   0 ;RRU247924B824B2024B28BM01* ;BXP_2  ; 0 ;S ;Up   ;10.1G ;   0 ;   61m ;Fru=BB-1(B) Fru=Radio-S221-1(D1)
 3 ;O ;S222-1 ;1111 ;BB6631                     ;000100 ; 3 ;M ;Up   ;10.1G ;   0 ;RRU247924B824B2024B28BM01* ;BXP_4  ; 0 ;S ;Up   ;10.1G ;   0 ;   61m ;Fru=BB-1(C) Fru=Radio-S222-1(D1)
 4 ;O ;S100-1 ;1111 ;BB6631                     ;000100 ; 4 ;M ;Up   ;10.1G ;   0 ;RRU449944B144B3C           ;BXP_5  ; 1 ;S ;Up   ;10.1G ;   0 ;   61m ;Fru=BB-1(D) Fru=Radio-S100-1(D2)
 5 ;O ;S102-1 ;1111 ;BB6631                     ;000100 ; 5 ;M ;Up   ;10.1G ;   0 ;RRU449944B144B3C           ;BXP_3  ; 1 ;S ;Up   ;10.1G ;   0 ;   61m ;Fru=BB-1(E) Fru=Radio-S102-1(D2)
-------------------------------------------------------------------------------------------------------------------------------------

=====================================================================================================================================
ID ;LINK ;RiL    ;VENDOR1  ;VENDORPROD1     ;REV1 ;SERIAL1      ;DATE1    ;ERICSSONPROD1      ;VENDOR2  ;VENDORPROD2     ;REV2 ;SERIAL2      ;DATE2    ;ERICSSONPROD2      ;TT ;WL1     ;WL2    
=====================================================================================================================================
 1 ;Up   ;S220-1 ;ERICSSON ;EOLP-1396-02-IY ;1.0  ;DZ8Q1011JU   ;20240123 ;RDH10265/2 R1A     ;ERICSSON ;EOLP-1396-02-IY ;1.0  ;DZ8Q1011H1   ;20240123 ;RDH10265/2 R1A     ;0  ;1310.00 ;1310.00
 2 ;Up   ;S221-1 ;ERICSSON ;EOLP-1396-02-IY ;1.0  ;DZ8Q1011JC   ;20240123 ;RDH10265/2 R1A     ;ERICSSON ;EOLP-1396-02-IY ;1.0  ;DZ8Q1011HK   ;20240123 ;RDH10265/2 R1A     ;0  ;1310.00 ;1310.00
 3 ;Up   ;S222-1 ;ERICSSON ;EOLP-1396-02-IY ;1.0  ;DZ8Q10118S   ;20240123 ;RDH10265/2 R1A     ;ERICSSON ;EOLP-1396-02-IY ;1.0  ;DZ8Q1011JP   ;20240123 ;RDH10265/2 R1A     ;0  ;1310.00 ;1310.00
 4 ;Up   ;S100-1 ;ERICSSON ;EOLP-1396-02-IY ;1.0  ;DZ8Q1011H9   ;20240123 ;RDH10265/2 R1A     ;ERICSSON ;EOLP-1396-02-IY ;1.0  ;DZ8Q1011GX   ;20240123 ;RDH10265/2 R1A     ;0  ;1310.00 ;1310.00
 5 ;Up   ;S102-1 ;ERICSSON ;EOLP-1396-02-IY ;1.0  ;DZ8Q1011G1   ;20240123 ;RDH10265/2 R1A     ;ERICSSON ;EOLP-1396-02-IY ;1.0  ;DZ8Q1011JD   ;20240123 ;RDH10265/2 R1A     ;0  ;1310.00 ;1310.00
-------------------------------------------------------------------------------------------------------------------------------------

=====================================================================================================================================
ID ;LINK ;RiL    ;WL1     ;TEMP1 ;TXbs1 ;TXdBm1 ;RXdBm1 ;BER1   ;WL2     ;TEMP2 ;TXbs2 ;TXdBm2 ;RXdBm2 ;BER2   ;DlLoss ;UlLoss ;LENGTH ;TT
=====================================================================================================================================
 1 ;Up   ;S220-1 ;1310.00 ;48C   ;42%   ;-3.17  ;-2.80  ;   0   ;1310.00 ;28C   ;40%   ;-2.87  ;-3.73  ;   0   ;  0.56 ; -0.07 ;   61m ; 0
 2 ;Up   ;S221-1 ;1310.00 ;48C   ;42%   ;-2.94  ;-3.44  ;   0   ;1310.00 ;23C   ;37%   ;-3.70  ;-3.09  ;   0   ;  0.15 ; -0.26 ;   61m ; 0
 3 ;Up   ;S222-1 ;1310.00 ;47C   ;41%   ;-2.64  ;-3.52  ;   0   ;1310.00 ;19C   ;38%   ;-3.22  ;-4.09  ;   0   ;  1.45 ;   0.3 ;   61m ; 0
 4 ;Up   ;S100-1 ;1310.00 ;45C   ;43%   ;-2.87  ;-2.77  ;   0   ;1310.00 ;25C   ;39%   ;-2.68  ;-2.73  ;   0   ; -0.14 ;  0.09 ;   61m ; 0
 5 ;Up   ;S102-1 ;1310.00 ;47C   ;43%   ;-3.10  ;-2.87  ;   0   ;1310.00 ;22C   ;37%   ;-3.01  ;-3.28  ;   0   ;  0.18 ; -0.14 ;   61m ; 0
-------------------------------------------------------------------------------------------------------------------------------------

=====================================================================================================================================
ID ;RiL    ;BOARD                      ;SFPLNH  ;PORT ;VENDOR   ;VENDORPROD      ;REV  ;SERIAL       ;DATE     ;ERICSSONPROD       ;WL      ;TEMP  ;TXbs  ;TXdBm  ;RXdBm  ; BER
=====================================================================================================================================
 1 ;S220-1 ;BB6631                     ;000100   ;  1 ;ERICSSON ;EOLP-1396-02-IY ;1.0  ;DZ8Q1011JU   ;20240123 ;RDH10265/2 R1A     ;1310.00 ;48C   ;42%   ;-3.17  ;-2.80  ;   0
 2 ;S221-1 ;BB6631                     ;000100   ;  2 ;ERICSSON ;EOLP-1396-02-IY ;1.0  ;DZ8Q1011JC   ;20240123 ;RDH10265/2 R1A     ;1310.00 ;48C   ;42%   ;-2.94  ;-3.44  ;   0
 3 ;S222-1 ;BB6631                     ;000100   ;  3 ;ERICSSON ;EOLP-1396-02-IY ;1.0  ;DZ8Q10118S   ;20240123 ;RDH10265/2 R1A     ;1310.00 ;47C   ;41%   ;-2.64  ;-3.52  ;   0
 4 ;S100-1 ;BB6631                     ;000100   ;  4 ;ERICSSON ;EOLP-1396-02-IY ;1.0  ;DZ8Q1011H9   ;20240123 ;RDH10265/2 R1A     ;1310.00 ;45C   ;43%   ;-2.87  ;-2.77  ;   0
 5 ;S102-1 ;BB6631                     ;000100   ;  5 ;ERICSSON ;EOLP-1396-02-IY ;1.0  ;DZ8Q1011G1   ;20240123 ;RDH10265/2 R1A     ;1310.00 ;47C   ;43%   ;-3.10  ;-2.87  ;   0
 2 ;S221-1 ;RRU247924B824B2024B28BM01* ;BXP_2    ;  0 ;ERICSSON ;EOLP-1396-02-IY ;1.0  ;DZ8Q1011HK   ;20240123 ;RDH10265/2 R1A     ;1310.00 ;23C   ;37%   ;-3.70  ;-3.09  ;   0
 5 ;S102-1 ;RRU449944B144B3C           ;BXP_3    ;  1 ;ERICSSON ;EOLP-1396-02-IY ;1.0  ;DZ8Q1011JD   ;20240123 ;RDH10265/2 R1A     ;1310.00 ;22C   ;37%   ;-3.01  ;-3.28  ;   0
 3 ;S222-1 ;RRU247924B824B2024B28BM01* ;BXP_4    ;  0 ;ERICSSON ;EOLP-1396-02-IY ;1.0  ;DZ8Q1011JP   ;20240123 ;RDH10265/2 R1A     ;1310.00 ;19C   ;38%   ;-3.22  ;-4.09  ;   0
 4 ;S100-1 ;RRU449944B144B3C           ;BXP_5    ;  1 ;ERICSSON ;EOLP-1396-02-IY ;1.0  ;DZ8Q1011GX   ;20240123 ;RDH10265/2 R1A     ;1310.00 ;25C   ;39%   ;-2.68  ;-2.73  ;   0
 1 ;S220-1 ;RRU247924B824B2024B28BM01* ;BXP_6    ;  0 ;ERICSSON ;EOLP-1396-02-IY ;1.0  ;DZ8Q1011H1   ;20240123 ;RDH10265/2 R1A     ;1310.00 ;28C   ;40%   ;-2.87  ;-3.73  ;   0
-------------------------------------------------------------------------------------------------------------------------------------
TN ;       ;BB6631                     ;000100   ; IB ;Hisense  ;LTD1302-BH+1    ;V1.0 ;L0167004139  ;20160704 ;NON-ERICSSON       ;1310    ;44C   ;16%   ;-5.73  ;-6.13  ; 0/0
TN ;       ;BB6631                     ;000100   ;IA2 ;ERICSSON ;42020201934     ;A0   ;202350600118 ;20231211 ;RPM777053/1000 R1B ;NA      ;NA    ;NA    ;NA     ;NA     ; 0/0
-------------------------------------------------------------------------------------------------------------------------------------

=====================================================================================================================================
BOARD  ;LNH    ;PORT       ;T ;S ;OpMode         ;AutoNeg ;MacAddress        ;VlanIds        ;LOS ;BER
=====================================================================================================================================
BB6631 ;000100 ;TN_E       ;E ;1 ;1G_FULL_MASTER ;true    ;F4:3C:96:46:09:D1 ;3910           ;0   ;0/0
BB6631 ;000100 ;TN_IDL_A_1 ;E ;1 ;10G_FULL       ;false   ;F4:3C:96:46:09:CA ;3901,3908,3910 ;0   ;0/0
BB6631 ;000100 ;TN_IDL_A_2 ;O ;1 ;10G_FULL       ;false   ;F4:3C:96:46:09:CB ;3908           ;0   ;0/0
BB6631 ;000100 ;TN_IDL_B   ;O ;1 ;1G_FULL        ;true    ;F4:3C:96:46:09:CE ;3901,3908,3910 ;0   ;0/0
-------------------------------------------------------------------------------------------------------------------------------------

radioClockState : RNT_TIME_LOCKED
-------------------------------------------------------------------------------------
Prio  ;ST  ;syncRefType    ;refStatus  ;opQualLevel  ;SyncReference
-------------------------------------------------------------------------------------
  *1  ; 1  ;PTP_TIME       ;NO_FAULT   ;PRTC         ;Ptp=1,BoundaryOrdinaryClock=1 (G_8275_2 Router=45G_Traffic,InterfaceIPv4=LTE,AddressIPv4=LTE:SLAVE)
   2  ; 1  ;NTP_FREQUENCY  ;NO_FAULT   ;PRC          ;Ntp=1,NtpFrequencySync=NTP1 (10.31.0.54:32751 Router=45G_Traffic,InterfaceIPv4=LTE,AddressIPv4=LTE)
-------------------------------------------------------------------------------------
nodeGroupRole   : SYNC_PROVIDER (syncNodePriority=1, selectionMode=NODE_PRIORITY)
-------------------------------------------------------------------------------------
DU  ;Port  ;sharedUnitRef (RiPortA - RiPortB)  ;remoteNodePriority  ;CandidateStatus
-------------------------------------------------------------------------------------
1   ;A     ;Fru=Radio-S220-1 (1 - 2)           ;3                   ;OK_NOT_ACTIVE
1   ;C     ;Fru=Radio-S222-1 (1 - 2)           ;3                   ;OK_NOT_ACTIVE
1   ;B     ;Fru=Radio-S221-1 (1 - 2)           ;3                   ;OK_NOT_ACTIVE
-------------------------------------------------------------------------------------

=====================================================================================================================================
FRU          ;LNH    ;BOARD                      ;RF  ;BP  ;TX (W/dBm)  ;VSWR (RL)   ;RX (dBm) ;UEs/gUEs  ;Sector/AntennaGroup/Cells (State:CellIds:PCIs)
=====================================================================================================================================
Radio-S100-1 ;BXP_5  ;RRU449944B144B3C           ; A  ;11  ;34.3 (45.4) ;1.12 (24.8) ;-91.4    ;60/-      ;SE=100 AG=100 FDD=CS0CM1 FDD=CS0CT1 (1:31:472, 1:41:454)
Radio-S100-1 ;BXP_5  ;RRU449944B144B3C           ; B  ;11  ;35.7 (45.5) ;1.14 (23.9) ;-90.8    ;60/-      ;SE=100 AG=100 FDD=CS0CM1 FDD=CS0CT1 (1:31:472, 1:41:454)
Radio-S100-1 ;BXP_5  ;RRU449944B144B3C           ; C  ;11  ;41.7 (46.2) ;1.15 (23.3) ;-94.8    ;15/-      ;SE=101 AG=101 FDD=CS0CM2 FDD=CS0CT2 (1:32:193, 1:42:265)
Radio-S100-1 ;BXP_5  ;RRU449944B144B3C           ; D  ;11  ;12.9 (41.1) ;1.17 (22.1) ;-94.2    ;15/-      ;SE=101 AG=101 FDD=CS0CM2 FDD=CS0CT2 (1:32:193, 1:42:265)
Radio-S102-1 ;BXP_3  ;RRU449944B144B3C           ; A  ;11  ;46.3 (46.7) ;1.08 (28.1) ;-89.4    ;145/-     ;SE=102 AG=102 FDD=CS0CM3 FDD=CS0CT3 (1:33:407, 1:43:170)
Radio-S102-1 ;BXP_3  ;RRU449944B144B3C           ; B  ;11  ;50.2 (47.0) ;1.07 (29.5) ;-88.9    ;145/-     ;SE=102 AG=102 FDD=CS0CM3 FDD=CS0CT3 (1:33:407, 1:43:170)
Radio-S102-1 ;BXP_3  ;RRU449944B144B3C           ; C  ;11  ;-           ;-           ;         ;          ;
Radio-S102-1 ;BXP_3  ;RRU449944B144B3C           ; D  ;11  ;-           ;-           ;         ;          ;
Radio-S220-1 ;BXP_6  ;RRU247924B824B2024B28BM01* ; A  ;11  ;24.4 (43.9) ;1.20 (20.9) ;-89.1    ;44/29     ;SE=220* AG=220 FDD=CS0CE1 NIOT=CS0CN1 NRC=CS0CG1 (1:61:215, 1:161:215, 1:561:933)
Radio-S220-1 ;BXP_6  ;RRU247924B824B2024B28BM01* ; B  ;11  ;28.6 (44.6) ;1.20 (21.0) ;-88.5    ;44/29     ;SE=220* AG=220 FDD=CS0CE1 NIOT=CS0CN1 NRC=CS0CG1 (1:61:215, 1:161:215, 1:561:933)
Radio-S220-1 ;BXP_6  ;RRU247924B824B2024B28BM01* ; C  ;11  ;25.1 (44.0) ;1.13 (24.2) ;-89.2    ;44/29     ;SE=220* AG=220 FDD=CS0CE1 NIOT=CS0CN1 NRC=CS0CG1 (1:61:215, 1:161:215, 1:561:933)
Radio-S220-1 ;BXP_6  ;RRU247924B824B2024B28BM01* ; D  ;11  ;24.0 (43.8) ;1.09 (27.6) ;-88.7    ;44/29     ;SE=220* AG=220 FDD=CS0CE1 NIOT=CS0CN1 NRC=CS0CG1 (1:61:215, 1:161:215, 1:561:933)
Radio-S221-1 ;BXP_2  ;RRU247924B824B2024B28BM01* ; A  ;11  ;12.1 (40.8) ;1.18 (21.8) ;-91.3    ;2/8       ;SE=221* AG=221 FDD=CS0CE2 NIOT=CS0CN2 NRC=CS0CG2 (1:62:398, 1:162:398, 1:562:972)
Radio-S221-1 ;BXP_2  ;RRU247924B824B2024B28BM01* ; B  ;11  ;18.0 (42.5) ;1.23 (19.8) ;-90.0    ;2/8       ;SE=221* AG=221 FDD=CS0CE2 NIOT=CS0CN2 NRC=CS0CG2 (1:62:398, 1:162:398, 1:562:972)
Radio-S221-1 ;BXP_2  ;RRU247924B824B2024B28BM01* ; C  ;11  ;22.4 (43.5) ;1.11 (25.5) ;-91.1    ;2/8       ;SE=221* AG=221 FDD=CS0CE2 NIOT=CS0CN2 NRC=CS0CG2 (1:62:398, 1:162:398, 1:562:972)
Radio-S221-1 ;BXP_2  ;RRU247924B824B2024B28BM01* ; D  ;11  ;25.1 (44.0) ;1.21 (20.5) ;-90.5    ;2/8       ;SE=221* AG=221 FDD=CS0CE2 NIOT=CS0CN2 NRC=CS0CG2 (1:62:398, 1:162:398, 1:562:972)
Radio-S222-1 ;BXP_4  ;RRU247924B824B2024B28BM01* ; A  ;11  ;33.5 (45.3) ;1.21 (20.6) ;-84.7    ;46/38     ;SE=222* AG=222 FDD=CS0CE3 NIOT=CS0CN3 NRC=CS0CG3 (1:63:213, 1:163:213, 1:563:962)
Radio-S222-1 ;BXP_4  ;RRU247924B824B2024B28BM01* ; B  ;11  ;45.8 (46.6) ;1.24 (19.3) ;-81.4    ;46/38     ;SE=222* AG=222 FDD=CS0CE3 NIOT=CS0CN3 NRC=CS0CG3 (1:63:213, 1:163:213, 1:563:962)
Radio-S222-1 ;BXP_4  ;RRU247924B824B2024B28BM01* ; C  ;11  ;22.9 (43.6) ;1.14 (23.9) ;-84.6    ;46/38     ;SE=222* AG=222 FDD=CS0CE3 NIOT=CS0CN3 NRC=CS0CG3 (1:63:213, 1:163:213, 1:563:962)
Radio-S222-1 ;BXP_4  ;RRU247924B824B2024B28BM01* ; D  ;11  ;22.9 (43.6) ;1.24 (19.4) ;-82.0    ;46/38     ;SE=222* AG=222 FDD=CS0CE3 NIOT=CS0CN3 NRC=CS0CG3 (1:63:213, 1:163:213, 1:563:962)
-------------------------------------------------------------------------------------------------------------------------------------

CS0CE> mfar

251125-10:41:17+0100 19.31.2.160 25.0h MSRBS_NODE_MODEL_25.Q1_693.28324.131_62ac stopfile=/tmp/1964177
........
Last MO: 22273. Loaded 22273 MOs. Total: 22274 MOs.
............................................
get /rop/A20251125.0800-0815_CS0CE.xml.gz /ericsson/log/amos/moshell_logfiles/t20251125_37258710_65084/logs_moshell/pmfiles/19.31.2.160/rop/A20251125.0800-0815_CS0CE.xml.gz ... OK
get /rop/A20251125.0815-0830_CS0CE.xml.gz /ericsson/log/amos/moshell_logfiles/t20251125_37258710_65084/logs_moshell/pmfiles/19.31.2.160/rop/A20251125.0815-0830_CS0CE.xml.gz ... OK
get /rop/A20251125.0830-0845_CS0CE.xml.gz /ericsson/log/amos/moshell_logfiles/t20251125_37258710_65084/logs_moshell/pmfiles/19.31.2.160/rop/A20251125.0830-0845_CS0CE.xml.gz ... OK

Using hardcoded thresholds: 3, 4.5, and 16.5
================================================================================================================================
SC     SE  Tx/Rx BrPair  RfPort1 - RfPort2               HW       Serial      Cell (State)   Samples   Med  Mean  SDev Pol Res Issue
================================================================================================================================
CS0CE1 220   2/4 0 (1,2) Radio-S220-1(A) Radio-S220-1(B) RRU2479  TU8U02DYSB  FDD=CS0CE1 (1)  262111   0.5   0.6   7.1  NA  OK Passed
CS0CE1 220   2/4 1 (2,3) Radio-S220-1(B) Radio-S220-1(C) RRU2479  TU8U02DYSB  FDD=CS0CE1 (1)  262111  -0.5  -0.2   7.1  NA  OK Passed
CS0CE1 220   2/4 2 (3,4) Radio-S220-1(C) Radio-S220-1(D) RRU2479  TU8U02DYSB  FDD=CS0CE1 (1)  262111   0.5   0.3   7.1  NA  OK Passed
CS0CE2 221   2/4 0 (1,2) Radio-S221-1(A) Radio-S221-1(B) RRU2479  TU8U02DULW  FDD=CS0CE2 (1)   79662   0.5   0.1   7.0  NA  OK Passed
CS0CE2 221   2/4 1 (2,3) Radio-S221-1(B) Radio-S221-1(C) RRU2479  TU8U02DULW  FDD=CS0CE2 (1)   79662   0.5   0.2   7.0  NA  OK Passed
CS0CE2 221   2/4 2 (3,4) Radio-S221-1(C) Radio-S221-1(D) RRU2479  TU8U02DULW  FDD=CS0CE2 (1)   79662  -0.5  -0.2   7.0  NA  OK Passed
CS0CE3 222   2/4 0 (1,2) Radio-S222-1(A) Radio-S222-1(B) RRU2479  TU8U02DYSJ  FDD=CS0CE3 (1)  264533   1.5   0.9   6.7  NA  OK Passed
CS0CE3 222   2/4 1 (2,3) Radio-S222-1(B) Radio-S222-1(C) RRU2479  TU8U02DYSJ  FDD=CS0CE3 (1)  264533  -1.5  -1.2   6.6  NA  OK Passed
CS0CE3 222   2/4 2 (3,4) Radio-S222-1(C) Radio-S222-1(D) RRU2479  TU8U02DYSJ  FDD=CS0CE3 (1)  264533   0.5   0.6   6.6  NA  OK Passed
CS0CM1 100   2/2 0 (1,2) Radio-S100-1(A) Radio-S100-1(B) RRU4499  E23F229582  FDD=CS0CM1 (1)  138447  -0.5  -0.3   7.3  NA  OK Passed
CS0CM2 101   2/2 0 (1,2) Radio-S100-1(C) Radio-S100-1(D) RRU4499  E23F229582  FDD=CS0CM2 (1)   20085   0.5   0.9   6.8  NA  OK Passed
CS0CM3 102   2/2 0 (1,2) Radio-S102-1(A) Radio-S102-1(B) RRU4499  E23F250604  FDD=CS0CM3 (1)  246340  -0.5  -0.2   6.8  NA  OK Passed
CS0CT1 100   2/2 0 (1,2) Radio-S100-1(A) Radio-S100-1(B) RRU4499  E23F229582  FDD=CS0CT1 (1)  225641  -0.5  -0.8   7.2  NA  OK Passed
CS0CT2 101   2/2 0 (1,2) Radio-S100-1(C) Radio-S100-1(D) RRU4499  E23F229582  FDD=CS0CT2 (1)  125434   1.5   1.2   6.9  NA  OK Passed
CS0CT3 102   2/2 0 (1,2) Radio-S102-1(A) Radio-S102-1(B) RRU4499  E23F250604  FDD=CS0CT3 (1)  258210  -0.5  -0.8   7.2  NA  OK Passed
================================================================================================================================
Total: 9 SectorCarriers, 15 RfBranch Pairs (15 OK, 0 OKW, 0 NOK, 0 NT)
.........
Last MO: 22273. Loaded 22273 MOs. Total: 22274 MOs.
................................

Using hardcoded thresholds: 3, 4.5, and 16.5
================================================================================================================================
SC     SE  Tx/Rx BrPair  RfPort1 - RfPort2               HW       Serial      Cell (State)  Samples   Med  Mean  SDev Pol Res Issue
================================================================================================================================
CS0CG1 220   2/4 0 (1,2) Radio-S220-1(A) Radio-S220-1(B) RRU2479  TU8U02DYSB  DU=CS0CG1 (1)  716107   0.5   0.8   7.4  NA  OK Passed
CS0CG1 220   2/4 1 (2,3) Radio-S220-1(B) Radio-S220-1(C) RRU2479  TU8U02DYSB  DU=CS0CG1 (1)  716112  -0.5  -0.6   7.4  NA  OK Passed
CS0CG1 220   2/4 2 (3,4) Radio-S220-1(C) Radio-S220-1(D) RRU2479  TU8U02DYSB  DU=CS0CG1 (1)  716110   1.5   1.0   7.3  NA  OK Passed
CS0CG2 221   2/4 0 (1,2) Radio-S221-1(A) Radio-S221-1(B) RRU2479  TU8U02DULW  DU=CS0CG2 (1)   93397  -2.5  -2.3   7.8  NA  OK Passed
CS0CG2 221   2/4 1 (2,3) Radio-S221-1(B) Radio-S221-1(C) RRU2479  TU8U02DULW  DU=CS0CG2 (1)   93396   1.5   2.1   7.9  NA  OK Passed
CS0CG2 221   2/4 2 (3,4) Radio-S221-1(C) Radio-S221-1(D) RRU2479  TU8U02DULW  DU=CS0CG2 (1)   93397  -2.5  -2.2   7.8  NA  OK Passed
CS0CG3 222   2/4 0 (1,2) Radio-S222-1(A) Radio-S222-1(B) RRU2479  TU8U02DYSJ  DU=CS0CG3 (1)  995927  -0.5  -0.4   7.7  NA  OK Passed
CS0CG3 222   2/4 1 (2,3) Radio-S222-1(B) Radio-S222-1(C) RRU2479  TU8U02DYSJ  DU=CS0CG3 (1)  995932   0.5   0.3   7.7  NA  OK Passed
CS0CG3 222   2/4 2 (3,4) Radio-S222-1(C) Radio-S222-1(D) RRU2479  TU8U02DYSJ  DU=CS0CG3 (1)  995933  -0.5  -0.3   7.7  NA  OK Passed
================================================================================================================================
Total: 3 NRSectorCarriers, 9 RfBranch Pairs (9 OK, 0 OKW, 0 NOK, 0 NT)

CS0CE> mfitr

251125-10:41:53+0100 19.31.2.160 25.0h MSRBS_NODE_MODEL_25.Q1_693.28324.131_62ac stopfile=/tmp/1964177
................
Last MO: 22273. Loaded 22273 MOs. Total: 22274 MOs.
...........
2025-11-25 10:42
================================================================================================================================
CELL       SC     FRU          BOARD                     PUSCH  PUCCH       A      B      C      D  DELTA
================================================================================================================================
FDD=CS0CE1 CS0CE1 Radio-S220-1 RRU247924B824B2024B28BM01 -112.5 -110.4 -113.6 -113.1 -113.8 -113.8    0.7
FDD=CS0CE2 CS0CE2 Radio-S221-1 RRU247924B824B2024B28BM01 -115.3 -114.4 -117.0 -116.8 -117.0 -117.1    0.3
FDD=CS0CE3 CS0CE3 Radio-S222-1 RRU247924B824B2024B28BM01 -112.5 -110.0 -114.2 -114.0 -113.8 -114.0    0.4
FDD=CS0CM1 CS0CM1 Radio-S100-1 RRU449944B144B3C          -117.2 -117.6 -117.4 -117.3                  0.1
FDD=CS0CM2 CS0CM2 Radio-S100-1 RRU449944B144B3C          -118.1 -118.1               -118.3 -117.7    0.6
FDD=CS0CM3 CS0CM3 Radio-S102-1 RRU449944B144B3C          -116.3 -116.5 -117.0 -116.7                  0.3
FDD=CS0CT1 CS0CT1 Radio-S100-1 RRU449944B144B3C          -114.9 -115.4 -115.6 -114.8                  0.8
FDD=CS0CT2 CS0CT2 Radio-S100-1 RRU449944B144B3C          -117.1 -116.3               -117.5 -117.1    0.4
FDD=CS0CT3 CS0CT3 Radio-S102-1 RRU449944B144B3C          -112.8 -113.8 -113.9 -113.2                  0.7
================================================================================================================================
Bye...
Output has been logged to file /mta_fs/UserFiles/37258710/amosbatch/SDIR/CS0CE.log
