Logging to file /mta_fs/UserFiles/37258710/amosbatch/SDIR/CS2AE.log
                        __  __  ____   _____
                  /\   |  \/  |/ __ \ / ____|
                 /  \  | \  / | |  | | (___  
                / /\ \ | |\/| | |  | |\___ \ 
               / ____ \| |  | | |__| |____) |
              /_/    \_\_|  |_|\____/|_____/
              OSS Framework for MoShell-25.0h 
  Copyright (c) Ericsson AB 2001-2025 - All Rights Reserved
              
           
[1;31mWARNING: [0mthe AMOS version currently running is more than 29 weeks old and is unsupported.
Please upgrade as soon as possible to the latest released version, available from your local Ericsson support.

$amosrb_pid = 2031144

Checking ip contact...OK

HELP MENU            : h
BASIC MO COMMANDS    : m
OTHER MO COMMANDS    : n
OTHER COMMANDS       : o
PM COMMANDS          : p
QUIT                 : q

CS2AE> lt all

251125-10:57:42+0100 19.31.4.169 25.0h  stopfile=/tmp/2031053
Looking up temporary_amos account... OK.
Trying temporary_amos_t20251125_37258710_65084_131's password from amos lookupAccount ... OK

$ssh_pid = 2031879

Connected to 19.31.4.169 (SubNetwork=BBMM_rckomc_R,MeContext=CS2AE,ManagedElement=CS2AE)

Checking MOM version...MSRBS_NODE_MODEL_25.Q1_693.28324.131_62ac
Parsing MOM (cached): /ericsson/log/amos/moshell_logfiles/t20251125_37258710_65084/logs_moshell/tempfiles/scp-4-amos_20251125-105735_2030997/MSRBS_NODE_MODEL_25.Q1_693.28324.131_62ac.xml.cache.gz ..................................................................................................................................................................................................................................Done.
Using paramfile /opt/ericsson/amos/moshell/commonjars/pm/PARAM_MSRBS_25.Q1.txt
Parsing file /opt/ericsson/amos/moshell/commonjars/pm/PARAM_MSRBS_25.Q1.txt .......................................................................................Done.
Using imomdfile /opt/ericsson/amos/moshell/commonjars/pm/IMOMD_MSRBS_22.Q4.txt
Using imomfile /opt/ericsson/amos/moshell/commonjars/pm/IMOM_MSRBS_25.Q1.txt
Connected to 19.31.4.169 (SubNetwork=BBMM_rckomc_R,MeContext=CS2AE,ManagedElement=CS2AE)

Last MO: 18637. Loaded 18637 MOs. Total: 18638 MOs.

CS2AE> st cell

251125-10:57:56+0100 19.31.4.169 25.0h MSRBS_NODE_MODEL_25.Q1_693.28324.131_62ac stopfile=/tmp/2031053
===================================================================================
Proxy  Adm State     Op. State     MO
===================================================================================
   43  1 (UNLOCKED)  1 (ENABLED)   ENodeBFunction=1,EUtranCellFDD=CS2AE1
  227  1 (UNLOCKED)  1 (ENABLED)   ENodeBFunction=1,EUtranCellFDD=CS2AE2
  361  1 (UNLOCKED)  1 (ENABLED)   ENodeBFunction=1,EUtranCellFDD=CS2AE3
  516  1 (UNLOCKED)  1 (ENABLED)   ENodeBFunction=1,EUtranCellFDD=CS2AM1
  643  1 (UNLOCKED)  1 (ENABLED)   ENodeBFunction=1,EUtranCellFDD=CS2AM2
  749  1 (UNLOCKED)  1 (ENABLED)   ENodeBFunction=1,EUtranCellFDD=CS2AM3
  833  1 (UNLOCKED)  1 (ENABLED)   ENodeBFunction=1,EUtranCellFDD=CS2AT1
  981  1 (UNLOCKED)  1 (ENABLED)   ENodeBFunction=1,EUtranCellFDD=CS2AT2
 1111  1 (UNLOCKED)  1 (ENABLED)   ENodeBFunction=1,EUtranCellFDD=CS2AT3
 1891  1 (UNLOCKED)  1 (ENABLED)   ENodeBFunction=1,NbIotCell=CS2AN1
 1892  1 (UNLOCKED)  1 (ENABLED)   ENodeBFunction=1,NbIotCell=CS2AN2
 1893  1 (UNLOCKED)  1 (ENABLED)   ENodeBFunction=1,NbIotCell=CS2AN3
===================================================================================
Total: 12 MOs

CS2AE> st radio

251125-10:57:56+0100 19.31.4.169 25.0h MSRBS_NODE_MODEL_25.Q1_693.28324.131_62ac stopfile=/tmp/2031053
===================================================================================
Proxy  Adm State     Op. State     MO
===================================================================================
 2674  1 (UNLOCKED)  1 (ENABLED)   Equipment=1,FieldReplaceableUnit=Radio-S1-1
 2686  1 (UNLOCKED)  1 (ENABLED)   Equipment=1,FieldReplaceableUnit=Radio-S100-1
 2709  1 (UNLOCKED)  1 (ENABLED)   Equipment=1,FieldReplaceableUnit=Radio-S102-1
 2732  1 (UNLOCKED)  1 (ENABLED)   Equipment=1,FieldReplaceableUnit=Radio-S182-NGS
 2746  1 (UNLOCKED)  1 (ENABLED)   Equipment=1,FieldReplaceableUnit=Radio-S2-1
 2758  1 (UNLOCKED)  1 (ENABLED)   Equipment=1,FieldReplaceableUnit=Radio-S3-1
18628  1 (UNLOCKED)  1 (ENABLED)   Transport=1,Synchronization=1,RadioEquipmentClock=1,RadioEquipmentClockReference=NTP1
18629  1 (UNLOCKED)  1 (ENABLED)   Transport=1,Synchronization=1,RadioEquipmentClock=1,RadioEquipmentClockReference=PTP8275_2
===================================================================================
Total: 8 MOs

CS2AE> sdir

251125-10:57:57+0100 19.31.4.169 25.0h MSRBS_NODE_MODEL_25.Q1_693.28324.131_62ac stopfile=/tmp/2031053
INFO: Using amos lookupAccount credentials for the export login
..........................
get /rop/A20251125.0900-0915_CS2AE.xml.gz /ericsson/log/amos/moshell_logfiles/t20251125_37258710_65084/logs_moshell/pmfiles/19.31.4.169/rop/A20251125.0900-0915_CS2AE.xml.gz ... OK
get /rop/A20251125.0915-0930_CS2AE.xml.gz /ericsson/log/amos/moshell_logfiles/t20251125_37258710_65084/logs_moshell/pmfiles/19.31.4.169/rop/A20251125.0915-0930_CS2AE.xml.gz ... OK
get /rop/A20251125.0930-0945_CS2AE.xml.gz /ericsson/log/amos/moshell_logfiles/t20251125_37258710_65084/logs_moshell/pmfiles/19.31.4.169/rop/A20251125.0930-0945_CS2AE.xml.gz ... OK
....Checking available boards on node...

Collecting RCS board data ...
..........................................................................................................................
...............................
..................................................................................................................................................................................................................................................................................
...
Collecting TN data...
........................................................................................................................
Getting MO data from node (94 MOs). Please wait...
0%                                             ~50%                                           ~100%
................................................................................................................................
Collecting RF data...
....
Collecting Alarms...
...Executing action Log.export()
...
Log=AlarmLog                    actionId=48314
...................
Executing action LogM.exportAvailabilityLog()
..LogM=1,exportAvailabilityLog    actionId=48315
.....Parsing alarmLog..........Done.
Parsing availabilityLog........Done.
............

Total: 6 CPRI links (4 OK, 2 OKW, 0 NOK, 0 NT)
.
+--------+                      +------------+
|        | A        O98      D1 | Radio-S1-1 |
|        |-----------1----------| RRU2217B20 |
|        |         OK-11m       |   BXP_5    |
|        |                      +------------+
|        |                             |A  |B
|        |               SE=1 AG=1 FDD=CS2AE1
|        |                        NIOT=CS2AN1
|        |
|        |                      +------------+
|        | B        O98      D1 | Radio-S2-1 |
|        |-----------2----------| RRU2217B20 |
|        |        OKW-11m       |   BXP_4    |
|        |                      +------------+
|        |                             |A  |B
|        |               SE=2 AG=2 FDD=CS2AE2
|        |                        NIOT=CS2AN2
|        |
|        |                      +------------+
|        | C        O98      D1 | Radio-S3-1 |
|        |-----------3----------| RRU2217B20 |
|        |         OK-7m        |   BXP_2    |
|        |                      +------------+
|        |                             |A  |B
|  BB-1  |               SE=3 AG=3 FDD=CS2AE3
| BB6631 |                        NIOT=CS2AN3
| 000100 |
|        |                      +------------------+           +----------------+
|        | D        O101     D2 |   Radio-S100-1   | D1 O101 D2| Radio-S182-NGS |
|        |-----------4----------| RRU449944B144B3C |-----6-----|   RRU4415B7*   |
|        |         OK-10m       |      BXP_3       |   OK-11m  |     BXP_7      |
|        |                      +------------------+           +----------------+
|        |                           |A  |B  |C  |D               |A  |B  |C  |D
|        |                    SE=100 AG=100  |   |
|        |            FDD=CS2AM1 FDD=CS2AT1  |   |
|        |                            SE=101 AG=101
|        |                    FDD=CS2AM2 FDD=CS2AT2
|        |
|        |                      +------------------+
|        | E        O101     D2 |   Radio-S102-1   |
|        |-----------5----------| RRU449944B144B3C |
|        |        OKW-10m       |      BXP_6       |
|        |                      +------------------+
|        |                           |A  |B  |C  |D
|        |                    SE=102 AG=102  |   |
|        |            FDD=CS2AM3 FDD=CS2AT3  |   |
|        |
+--------+

=====================================================================================================================================
ID RiL    Type Res MO1-MO2                             BOARD1-BOARD2               AlmIDs Cells (States)                                        Issue (Failed checks)
=====================================================================================================================================
 1 S1-1   O98  OK  BB-1(A) Radio-S1-1(D1)              BB6631 RRU2217B20                  FDD=CS2AE1 NIOT=CS2AN1 (1,1)                          Passed
 2 S2-1   O98  OKW BB-1(B) Radio-S2-1(D1)              BB6631 RRU2217B20           2      FDD=CS2AE2 NIOT=CS2AN2 (D,D)                          Conditionally Passed (Non-CPRI active alarm)
 3 S3-1   O98  OK  BB-1(C) Radio-S3-1(D1)              BB6631 RRU2217B20                  FDD=CS2AE3 NIOT=CS2AN3 (1,1)                          Passed
 4 S100-1 O101 OK  BB-1(D) Radio-S100-1(D2)            BB6631 RRU449944B144B3C            FDD=CS2AM1 FDD=CS2AM2 FDD=CS2AT1 FDD=CS2AT2 (1,1,1,1) Passed
 5 S102-1 O101 OKW BB-1(E) Radio-S102-1(D2)            BB6631 RRU449944B144B3C     1      FDD=CS2AM3 FDD=CS2AT3 (D,D)                           Conditionally Passed (Non-CPRI active alarm)
 6 NGS_1  O101 OK  Radio-S100-1(D1) Radio-S182-NGS(D2) RRU449944B144B3C RRU4415B7*                                                              Passed
-------------------------------------------------------------------------------------------------------------------------------------

=====================================================================================================================================
AlmID IDs RiLs   Status Alarm
=====================================================================================================================================
1     5   S102-1 A      VSWR Over Threshold - FieldReplaceableUnit=Radio-S102-1,RfPort=A (ReturnLoss 1.4 dB, VSWR 12.4, Sensitivity 1%, Fault on DL FrequencyRange 1805000 - 1880000 kHz, ReturnLoss 1.5 dB, VSWR 11.6, Sensitivity 1%, Fault on DL FrequencyRange 2110000 - 2170000 kHz)
2     2   S2-1   A      VSWR Over Threshold - FieldReplaceableUnit=Radio-S2-1,RfPort=B (ReturnLoss 3.4 dB, VSWR 5.2, Sensitivity 1% AI:  P:51->54,55)
-------------------------------------------------------------------------------------------------------------------------------------

Node: RadioNode L   CXP2010174/2_R27J08 (25.Q1)   G3.1   LTE-FDD,LTE-IoT 

=====================================================================================================================================
FRU            ;LNH    ;BOARD            ;ST ;FAULT ;OPER ;MAINT ;STAT ;PRODUCTNUMBER   ;REV     ;SERIAL        ;DATE     ;PMTEMP ; TEMP ; UPT ;VOLT ;SW                   ;
=====================================================================================================================================
BB-1           ;000100 ;BB6631           ; 1 ;  OFF ;  ON ;  OFF ;  ON ;KDU1370071/11   ;R3F     ;E96A0133LK    ;20231030 ;3 (OK) ;      ;4.17 ;54   ;                     ;
Radio-S1-1     ;BXP_5  ;RRU2217B20       ; 1 ;  OFF ;  ON ;  OFF ; N/A ;KRC161549/1     ;R1S     ;TU8U02CVSU    ;20240127 ;4 (OK) ; 34.9 ;3.79 ;55.0 ;CXP9013268%9_R96JB   ; (Radio2217B20)
Radio-S100-1   ;BXP_3  ;RRU449944B144B3C ; 1 ;  OFF ;  ON ;  OFF ; N/A ;KRC161787/1     ;R2F     ;E23E594511    ;20230420 ;4 (OK) ; 34.0 ;3.79 ;55.6 ;CXP9013268%15_R101LX ; (Radio449944B144B3C)
Radio-S102-1   ;BXP_6  ;RRU449944B144B3C ; 1 ;  OFF ;  ON ;  OFF ; N/A ;KRC161787/1     ;R2F     ;E23E594481    ;20230420 ;4 (OK) ; 25.1 ;3.79 ;55.1 ;CXP9013268%15_R101LX ; (Radio449944B144B3C)
Radio-S182-NGS ;BXP_7  ;RRU4415B7*       ; 1 ;  OFF ;  ON ;  OFF ; N/A ;KRC161495/1     ;R5FE    ;DH80205888    ;20231221 ;4 (OK) ; 37.0 ;3.79 ;54.9 ;CXP9013268%15_R101LX ; (Radio4415B7)
Radio-S2-1     ;BXP_4  ;RRU2217B20       ; 1 ;  OFF ;  ON ;  OFF ; N/A ;KRC161549/1     ;R1S     ;TU8U02CVT0    ;20240127 ;4 (OK) ; 28.9 ;3.79 ;55.0 ;CXP9013268%9_R96JB   ; (Radio2217B20)
Radio-S3-1     ;BXP_2  ;RRU2217B20       ; 1 ;  OFF ;  ON ;  OFF ; N/A ;KRC161549/1     ;R1S     ;TU8U02CVSR    ;20240127 ;4 (OK) ; 31.3 ;3.79 ;55.2 ;CXP9013268%9_R96JB   ; (Radio2217B20)
-------------------------------------------------------------------------------------------------------------------------------------

=====================================================================================================================================
AntennaNearUnit                                      ;ST  ;TYPE   ;PRODUCTNR     ;REV                ;UNIQUEID             ;RfPort
=====================================================================================================================================
AntennaUnitGroup=1,AntennaNearUnit=RET_1800_2100     ; 1  ;S-RET  ;AIMM20M22     ;WD81MANBRCU_VER.F  ;HWM1360H1000P6786yL  ;FieldReplaceableUnit=Radio-S1-1,RfPort=R
AntennaUnitGroup=1,AntennaNearUnit=RET_2600          ; 1  ;S-RET  ;AIMM20M22     ;WD81MANBRCU_VER.F  ;HWM1360H1000Q499yyR  ;FieldReplaceableUnit=Radio-S1-1,RfPort=R
AntennaUnitGroup=1,AntennaNearUnit=RET_800           ; 1  ;S-RET  ;AIMM20M22     ;WD81MANBRCU_VER.F  ;HWM1360H1000M43810r  ;FieldReplaceableUnit=Radio-S1-1,RfPort=R
AntennaUnitGroup=1,AntennaNearUnit=RET_900           ; 1  ;S-RET  ;AIMM20M22     ;WD81MANBRCU_VER.F  ;HWM1360H1000N3385rr  ;FieldReplaceableUnit=Radio-S1-1,RfPort=R
AntennaUnitGroup=1,AntennaNearUnit=TMA_800           ; 1  ;TMA    ;KRY112451/11  ;R1A                ;ERT203X61            ;FieldReplaceableUnit=Radio-S1-1,RfPort=A
AntennaUnitGroup=100,AntennaNearUnit=DTMA_1800_2100  ; 1  ;TMA    ;KRY112227/12  ;R1A                ;ERT405---BU96824065  ;FieldReplaceableUnit=Radio-S100-1,RfPort=R
AntennaUnitGroup=101,AntennaNearUnit=DTMA_1800_2100  ; 1  ;TMA    ;KRY112227/12  ;R1A                ;ERT405---BU96824057  ;FieldReplaceableUnit=Radio-S100-1,RfPort=R
AntennaUnitGroup=102,AntennaNearUnit=DTMA_1800_2100  ; 0  ;TMA    ;              ;                   ;                     ;FieldReplaceableUnit=Radio-S102-1,RfPort=R
AntennaUnitGroup=2,AntennaNearUnit=RET_1800_2100     ; 1  ;S-RET  ;AIMM20M22     ;WD81MANBRCU_VER.F  ;HWM1360GC04GP4059yL  ;FieldReplaceableUnit=Radio-S2-1,RfPort=R
AntennaUnitGroup=2,AntennaNearUnit=RET_2600          ; 1  ;S-RET  ;AIMM20M22     ;WD81MANBRCU_VER.F  ;HWM1360GC04GQ990yyR  ;FieldReplaceableUnit=Radio-S2-1,RfPort=R
AntennaUnitGroup=2,AntennaNearUnit=RET_800           ; 1  ;S-RET  ;AIMM20M22     ;WD81MANBRCU_VER.F  ;HWM1360GC04GM63830r  ;FieldReplaceableUnit=Radio-S2-1,RfPort=R
AntennaUnitGroup=2,AntennaNearUnit=RET_900           ; 1  ;S-RET  ;AIMM20M22     ;WD81MANBRCU_VER.F  ;HWM1360GC04GN1680rr  ;FieldReplaceableUnit=Radio-S2-1,RfPort=R
AntennaUnitGroup=2,AntennaNearUnit=TMA_800           ; 1  ;TMA    ;KRY112451/11  ;R1A                ;ERT203X61            ;FieldReplaceableUnit=Radio-S2-1,RfPort=A
AntennaUnitGroup=3,AntennaNearUnit=RET_1800_2100     ; 1  ;S-RET  ;AIMM20M22     ;WD81MANBRCU_VER.F  ;HWM1360H101AC9697yL  ;FieldReplaceableUnit=Radio-S3-1,RfPort=R
AntennaUnitGroup=3,AntennaNearUnit=RET_2600          ; 1  ;S-RET  ;AIMM20M22     ;WD81MANBRCU_VER.F  ;HWM1360H101AD798yyR  ;FieldReplaceableUnit=Radio-S3-1,RfPort=R
AntennaUnitGroup=3,AntennaNearUnit=RET_800           ; 1  ;S-RET  ;AIMM20M22     ;WD81MANBRCU_VER.F  ;HWM1360H101AA65020r  ;FieldReplaceableUnit=Radio-S3-1,RfPort=R
AntennaUnitGroup=3,AntennaNearUnit=RET_900           ; 1  ;S-RET  ;AIMM20M22     ;WD81MANBRCU_VER.F  ;HWM1360H101AB6885rr  ;FieldReplaceableUnit=Radio-S3-1,RfPort=R
AntennaUnitGroup=3,AntennaNearUnit=TMA_800           ; 1  ;TMA    ;KRY112451/11  ;R1A                ;ERT203X61            ;FieldReplaceableUnit=Radio-S3-1,RfPort=A
-------------------------------------------------------------------------------------------------------------------------------------

=====================================================================================================================================
XPBOARD  ;ST ;FAULT ;OPER ;PRODUCTNUMBER ;REV ;SERIAL/NAME ;DATE     ; TEMP ;MO
=====================================================================================================================================
FAN08    ; 1 ;N/A   ;N/A  ;BKV106236/1   ;R2F ;DD13891215  ;20221128 ; 43.2 ;SupportUnit=1 (FAN  BB-1)
-------------------------------------------------------------------------------------------------------------------------------------

=====================================================================================================================================
ID ;T ;RiL    ;BPBP ;BOARD1           ;LNH1 ;PORT ;R ;LINK ;RATE  ; BER ;BOARD2           ;LNH2 ;PORT ;R ;LINK ;RATE  ; BER ;LENGTH ;MO1 - MO2
=====================================================================================================================================
 1 ;O ;  S1-1 ;1111 ;BB6631           ;000100 ; 1 ;M ;Up   ;9.8G  ;   0 ;RRU2217B20       ;BXP_5  ; 0 ;S ;Up   ;9.8G  ;   0 ;   11m ;Fru=BB-1(A) Fru=Radio-S1-1(D1)
 2 ;O ;  S2-1 ;1111 ;BB6631           ;000100 ; 2 ;M ;Up   ;9.8G  ;   0 ;RRU2217B20       ;BXP_4  ; 0 ;S ;Up   ;9.8G  ;   0 ;   11m ;Fru=BB-1(B) Fru=Radio-S2-1(D1)
 3 ;O ;  S3-1 ;1111 ;BB6631           ;000100 ; 3 ;M ;Up   ;9.8G  ;   0 ;RRU2217B20       ;BXP_2  ; 0 ;S ;Up   ;9.8G  ;   0 ;    7m ;Fru=BB-1(C) Fru=Radio-S3-1(D1)
 4 ;O ;S100-1 ;1111 ;BB6631           ;000100 ; 4 ;M ;Up   ;10.1G ;   0 ;RRU449944B144B3C ;BXP_3  ; 1 ;S ;Up   ;10.1G ;   0 ;   10m ;Fru=BB-1(D) Fru=Radio-S100-1(D2)
 5 ;O ;S102-1 ;1111 ;BB6631           ;000100 ; 5 ;M ;Up   ;10.1G ;   0 ;RRU449944B144B3C ;BXP_6  ; 1 ;S ;Up   ;10.1G ;   0 ;   10m ;Fru=BB-1(E) Fru=Radio-S102-1(D2)
 6 ;O ; NGS_1 ;1111 ;RRU449944B144B3C ;BXP_3  ; 0 ;M ;Up   ;10.1G ;   0 ;RRU4415B7*       ;BXP_7  ; 1 ;S ;Up   ;10.1G ;   0 ;   11m ;Fru=Radio-S100-1(D1) Fru=Radio-S182-NGS(D2)
-------------------------------------------------------------------------------------------------------------------------------------

=====================================================================================================================================
ID ;LINK ;RiL    ;VENDOR1  ;VENDORPROD1     ;REV1 ;SERIAL1        ;DATE1    ;ERICSSONPROD1      ;VENDOR2  ;VENDORPROD2     ;REV2 ;SERIAL2        ;DATE2    ;ERICSSONPROD2      ;TT ;WL1     ;WL2    
=====================================================================================================================================
 1 ;Up   ;  S1-1 ;ERICSSON ;EOLP-1396-02-IY ;1.0  ;DZ8PB00RSZ     ;20231110 ;RDH10265/2 R1A     ;ERICSSON ;EOLP-1396-02-IY ;1.0  ;DZ8PB00RQQ     ;20231110 ;RDH10265/2 R1A     ;0  ;1310.00 ;1310.00
 2 ;Up   ;  S2-1 ;ERICSSON ;EOLP-1396-02-IY ;1.0  ;DZ8PB00U4K     ;20231113 ;RDH10265/2 R1A     ;ERICSSON ;EOLP-1396-02-IY ;1.0  ;DZ8PB00U3Y     ;20231113 ;RDH10265/2 R1A     ;0  ;1310.00 ;1310.00
 3 ;Up   ;  S3-1 ;ERICSSON ;EOLP-1396-02-IY ;1.0  ;DZ8PB00U45     ;20231113 ;RDH10265/2 R1A     ;ERICSSON ;EOLP-1396-02-IY ;1.0  ;DZ8PB00U4Q     ;20231113 ;RDH10265/2 R1A     ;0  ;1310.00 ;1310.00
 4 ;Up   ;S100-1 ;ERICSSON ;EOLP-1396-02-IY ;1.0  ;DZ8PB00U3N     ;20231113 ;RDH10265/2 R1A     ;ERICSSON ;EOLP-1396-02-IY ;1.0  ;DZ8PB00U4L     ;20231113 ;RDH10265/2 R1A     ;0  ;1310.00 ;1310.00
 5 ;Up   ;S102-1 ;ERICSSON ;EOLP-1396-02-IY ;1.0  ;DZ8PB00U4A     ;20231113 ;RDH10265/2 R1A     ;ERICSSON ;EOLP-1396-02-IY ;1.0  ;DZ8PB00RT0     ;20231110 ;RDH10265/2 R1A     ;0  ;1310.00 ;1310.00
 6 ;Up   ; NGS_1 ;ERICSSON ;EOLP-1396-02-IY ;1.0  ;DZ8PB00RSY     ;20231110 ;RDH10265/2 R1A     ;ERICSSON ;EOLP-1396-02-IY ;1.0  ;DZ8PB00RSU     ;20231110 ;RDH10265/2 R1A     ;0  ;1310.00 ;1310.00
-------------------------------------------------------------------------------------------------------------------------------------

=====================================================================================================================================
ID ;LINK ;RiL    ;WL1     ;TEMP1 ;TXbs1 ;TXdBm1 ;RXdBm1 ;BER1   ;WL2     ;TEMP2 ;TXbs2 ;TXdBm2 ;RXdBm2 ;BER2   ;DlLoss ;UlLoss ;LENGTH ;TT
=====================================================================================================================================
 1 ;Up   ;  S1-1 ;1310.00 ;43C   ;41%   ;-2.50  ;-2.10  ;   0   ;1310.00 ;34C   ;40%   ;-2.53  ;-2.83  ;   0   ;  0.33 ; -0.43 ;   11m ; 0
 2 ;Up   ;  S2-1 ;1310.00 ;43C   ;41%   ;-2.22  ;-3.40  ;   0   ;1310.00 ;33C   ;38%   ;-3.10  ;-2.73  ;   0   ;  0.51 ;   0.3 ;   11m ; 0
 3 ;Up   ;  S3-1 ;1310.00 ;42C   ;41%   ;-2.77  ;-2.98  ;   0   ;1310.00 ;32C   ;38%   ;-3.05  ;-3.35  ;   0   ;  0.58 ; -0.07 ;    7m ; 0
 4 ;Up   ;S100-1 ;1310.00 ;40C   ;40%   ;-2.68  ;-2.46  ;   0   ;1310.00 ;34C   ;40%   ;-2.59  ;-2.91  ;   0   ;  0.23 ; -0.13 ;   10m ; 0
 5 ;Up   ;S102-1 ;1310.00 ;38C   ;39%   ;-2.25  ;-3.32  ;   0   ;1310.00 ;24C   ;39%   ;-2.88  ;-2.77  ;   0   ;  0.52 ;  0.44 ;   10m ; 0
 6 ;Up   ; NGS_1 ;1310.00 ;31C   ;40%   ;-2.68  ;-2.40  ;   0   ;1310.00 ;31C   ;39%   ;-3.11  ;-2.63  ;   0   ; -0.05 ; -0.71 ;   11m ; 0
-------------------------------------------------------------------------------------------------------------------------------------

=====================================================================================================================================
ID ;RiL    ;BOARD            ;SFPLNH  ;PORT ;VENDOR   ;VENDORPROD      ;REV  ;SERIAL         ;DATE     ;ERICSSONPROD       ;WL      ;TEMP  ;TXbs  ;TXdBm  ;RXdBm  ; BER
=====================================================================================================================================
 1 ;  S1-1 ;BB6631           ;000100   ;  1 ;ERICSSON ;EOLP-1396-02-IY ;1.0  ;DZ8PB00RSZ     ;20231110 ;RDH10265/2 R1A     ;1310.00 ;43C   ;41%   ;-2.50  ;-2.10  ;   0
 2 ;  S2-1 ;BB6631           ;000100   ;  2 ;ERICSSON ;EOLP-1396-02-IY ;1.0  ;DZ8PB00U4K     ;20231113 ;RDH10265/2 R1A     ;1310.00 ;43C   ;41%   ;-2.22  ;-3.40  ;   0
 3 ;  S3-1 ;BB6631           ;000100   ;  3 ;ERICSSON ;EOLP-1396-02-IY ;1.0  ;DZ8PB00U45     ;20231113 ;RDH10265/2 R1A     ;1310.00 ;42C   ;41%   ;-2.77  ;-2.98  ;   0
 4 ;S100-1 ;BB6631           ;000100   ;  4 ;ERICSSON ;EOLP-1396-02-IY ;1.0  ;DZ8PB00U3N     ;20231113 ;RDH10265/2 R1A     ;1310.00 ;40C   ;40%   ;-2.68  ;-2.46  ;   0
 5 ;S102-1 ;BB6631           ;000100   ;  5 ;ERICSSON ;EOLP-1396-02-IY ;1.0  ;DZ8PB00U4A     ;20231113 ;RDH10265/2 R1A     ;1310.00 ;38C   ;39%   ;-2.25  ;-3.32  ;   0
 3 ;  S3-1 ;RRU2217B20       ;BXP_2    ;  0 ;ERICSSON ;EOLP-1396-02-IY ;1.0  ;DZ8PB00U4Q     ;20231113 ;RDH10265/2 R1A     ;1310.00 ;32C   ;38%   ;-3.05  ;-3.35  ;   0
 6 ; NGS_1 ;RRU449944B144B3C ;BXP_3    ;  0 ;ERICSSON ;EOLP-1396-02-IY ;1.0  ;DZ8PB00RSY     ;20231110 ;RDH10265/2 R1A     ;1310.00 ;31C   ;40%   ;-2.68  ;-2.40  ;   0
 4 ;S100-1 ;RRU449944B144B3C ;BXP_3    ;  1 ;ERICSSON ;EOLP-1396-02-IY ;1.0  ;DZ8PB00U4L     ;20231113 ;RDH10265/2 R1A     ;1310.00 ;34C   ;40%   ;-2.59  ;-2.91  ;   0
 2 ;  S2-1 ;RRU2217B20       ;BXP_4    ;  0 ;ERICSSON ;EOLP-1396-02-IY ;1.0  ;DZ8PB00U3Y     ;20231113 ;RDH10265/2 R1A     ;1310.00 ;33C   ;38%   ;-3.10  ;-2.73  ;   0
 1 ;  S1-1 ;RRU2217B20       ;BXP_5    ;  0 ;ERICSSON ;EOLP-1396-02-IY ;1.0  ;DZ8PB00RQQ     ;20231110 ;RDH10265/2 R1A     ;1310.00 ;34C   ;40%   ;-2.53  ;-2.83  ;   0
 5 ;S102-1 ;RRU449944B144B3C ;BXP_6    ;  1 ;ERICSSON ;EOLP-1396-02-IY ;1.0  ;DZ8PB00RT0     ;20231110 ;RDH10265/2 R1A     ;1310.00 ;24C   ;39%   ;-2.88  ;-2.77  ;   0
 6 ; NGS_1 ;RRU4415B7*       ;BXP_7    ;  1 ;ERICSSON ;EOLP-1396-02-IY ;1.0  ;DZ8PB00RSU     ;20231110 ;RDH10265/2 R1A     ;1310.00 ;31C   ;39%   ;-3.11  ;-2.63  ;   0
-------------------------------------------------------------------------------------------------------------------------------------
TN ;       ;BB6631           ;000100   ; IB ;WTD      ;RTXM192-406-C25 ;3.0  ;HA224200352327 ;20221016 ;RDH10247/2 R2A     ;1310    ;39C   ;18%   ;-5.39  ;-6.14  ;NZ/0
TN ;       ;BB6631           ;000100   ;IA2 ;ERICSSON ;42020201934     ;A0   ;202340400881   ;20231002 ;RPM777053/1000 R1B ;NA      ;NA    ;NA    ;NA     ;NA     ; 0/0
-------------------------------------------------------------------------------------------------------------------------------------

=====================================================================================================================================
BOARD  ;LNH    ;PORT       ;T ;S ;OpMode        ;AutoNeg ;MacAddress        ;VlanIds        ;LOS ;BER
=====================================================================================================================================
BB6631 ;000100 ;TN_E       ;E ;1 ;1G_FULL_SLAVE ;true    ;58:70:7F:8D:8F:4B ;3910           ;0   ;0/0
BB6631 ;000100 ;TN_IDL_A_1 ;E ;1 ;10G_FULL      ;false   ;58:70:7F:8D:8F:44 ;3901,3908,3910 ;0   ;0/0
BB6631 ;000100 ;TN_IDL_A_2 ;O ;1 ;10G_FULL      ;false   ;58:70:7F:8D:8F:45 ;3908           ;0   ;0/0
BB6631 ;000100 ;TN_IDL_B   ;O ;1 ;1G_FULL       ;true    ;58:70:7F:8D:8F:48 ;3901,3908,3910 ;0   ;NZ/0
-------------------------------------------------------------------------------------------------------------------------------------

radioClockState : RNT_TIME_LOCKED
-------------------------------------------------------------------------------------
Prio  ;ST  ;syncRefType    ;refStatus  ;opQualLevel  ;SyncReference
-------------------------------------------------------------------------------------
  *1  ; 1  ;PTP_TIME       ;NO_FAULT   ;PRTC         ;Ptp=1,BoundaryOrdinaryClock=1 (G_8275_2 Router=45G_Traffic,InterfaceIPv4=LTE,AddressIPv4=LTE:SLAVE)
   2  ; 1  ;NTP_FREQUENCY  ;NO_FAULT   ;PRC          ;Ntp=1,NtpFrequencySync=NTP1 (10.31.0.54:32751 Router=45G_Traffic,InterfaceIPv4=LTE,AddressIPv4=LTE)
-------------------------------------------------------------------------------------
nodeGroupRole   : SYNC_PROVIDER (syncNodePriority=1, selectionMode=NODE_PRIORITY)
-------------------------------------------------------------------------------------
DU  ;Port  ;sharedUnitRef (RiPortA - RiPortB)  ;remoteNodePriority  ;CandidateStatus
-------------------------------------------------------------------------------------
1   ;D     ;Fru=Radio-S182-NGS (2 - 1)         ;3                   ;OK_NOT_ACTIVE
-------------------------------------------------------------------------------------

=====================================================================================================================================
FRU            ;LNH    ;BOARD            ;RF  ;BP  ;TX (W/dBm)  ;VSWR (RL)   ;RX (dBm) ;UEs/gUEs  ;Sector/AntennaGroup/Cells (State:CellIds:PCIs)
=====================================================================================================================================
Radio-S182-NGS ;BXP_7  ;RRU4415B7*       ; A  ;11  ;20.4 (43.1) ;1.03 (37.2) ;-99.4    ;          ;
Radio-S182-NGS ;BXP_7  ;RRU4415B7*       ; B  ;11  ;-           ;1.13 (24.3) ;-100.6   ;          ;
Radio-S182-NGS ;BXP_7  ;RRU4415B7*       ; C  ;11  ;-           ;-           ;         ;          ;
Radio-S182-NGS ;BXP_7  ;RRU4415B7*       ; D  ;11  ;-           ;-           ;         ;          ;
Radio-S1-1     ;BXP_5  ;RRU2217B20       ; A  ;11  ;-           ;1.13 (24.4) ;         ;8/-       ;SE=1 AG=1 FDD=CS2AE1 NIOT=CS2AN1 (1:61:56, 1:161:56)
Radio-S1-1     ;BXP_5  ;RRU2217B20       ; B  ;11  ;-           ;1.11 (25.3) ;         ;8/-       ;SE=1 AG=1 FDD=CS2AE1 NIOT=CS2AN1 (1:61:56, 1:161:56)
Radio-S2-1     ;BXP_4  ;RRU2217B20       ; A  ;11  ;-           ;1.12 (24.7) ;         ;2/-       ;SE=2 AG=2 FDD=CS2AE2 NIOT=CS2AN2 (D:62:204, D:162:204)
Radio-S2-1     ;BXP_4  ;RRU2217B20       ; B  ;10  ;-           ;5.17 (3.4)  ;         ;2/-       ;SE=2 AG=2 FDD=CS2AE2 NIOT=CS2AN2 (D:62:204, D:162:204)
Radio-S3-1     ;BXP_2  ;RRU2217B20       ; A  ;11  ;-           ;1.16 (22.7) ;         ;4/-       ;SE=3 AG=3 FDD=CS2AE3 NIOT=CS2AN3 (1:63:230, 1:163:230)
Radio-S3-1     ;BXP_2  ;RRU2217B20       ; B  ;11  ;-           ;1.11 (25.5) ;         ;4/-       ;SE=3 AG=3 FDD=CS2AE3 NIOT=CS2AN3 (1:63:230, 1:163:230)
Radio-S100-1   ;BXP_3  ;RRU449944B144B3C ; A  ;11  ;33.7 (45.3) ;1.16 (22.8) ;-97.6    ;7/-       ;SE=100 AG=100 FDD=CS2AM1 FDD=CS2AT1 (1:31:155, 1:41:3)
Radio-S100-1   ;BXP_3  ;RRU449944B144B3C ; B  ;11  ;12.9 (41.1) ;1.21 (20.6) ;-96.7    ;7/-       ;SE=100 AG=100 FDD=CS2AM1 FDD=CS2AT1 (1:31:155, 1:41:3)
Radio-S100-1   ;BXP_3  ;RRU449944B144B3C ; C  ;11  ;45.7 (46.6) ;1.14 (23.6) ;-97.4    ;18/-      ;SE=101 AG=101 FDD=CS2AM2 FDD=CS2AT2 (1:32:484, 1:42:215)
Radio-S100-1   ;BXP_3  ;RRU449944B144B3C ; D  ;11  ;-           ;1.22 (20.2) ;-97.4    ;18/-      ;SE=101 AG=101 FDD=CS2AM2 FDD=CS2AT2 (1:32:484, 1:42:215)
Radio-S102-1   ;BXP_6  ;RRU449944B144B3C ; A  ;1D  ;18.0 (42.6) ;13.39 (1.3) ;-106.8   ;0/-       ;SE=102 AG=102 FDD=CS2AM3 FDD=CS2AT3 (D:33:340, D:43:213)
Radio-S102-1   ;BXP_6  ;RRU449944B144B3C ; B  ;11  ;-           ;1.09 (27.7) ;-106.0   ;0/-       ;SE=102 AG=102 FDD=CS2AM3 FDD=CS2AT3 (D:33:340, D:43:213)
Radio-S102-1   ;BXP_6  ;RRU449944B144B3C ; C  ;11  ;-           ;-           ;         ;          ;
Radio-S102-1   ;BXP_6  ;RRU449944B144B3C ; D  ;11  ;-           ;-           ;         ;          ;
-------------------------------------------------------------------------------------------------------------------------------------

CS2AE> mfar

251125-11:00:39+0100 19.31.4.169 25.0h MSRBS_NODE_MODEL_25.Q1_693.28324.131_62ac stopfile=/tmp/2031053
........
Last MO: 18638. Loaded 18638 MOs. Total: 18639 MOs.
..................................................
get /rop/A20251125.0830-0845_CS2AE.xml.gz /ericsson/log/amos/moshell_logfiles/t20251125_37258710_65084/logs_moshell/pmfiles/19.31.4.169/rop/A20251125.0830-0845_CS2AE.xml.gz ... OK
get /rop/A20251125.0845-0900_CS2AE.xml.gz /ericsson/log/amos/moshell_logfiles/t20251125_37258710_65084/logs_moshell/pmfiles/19.31.4.169/rop/A20251125.0845-0900_CS2AE.xml.gz ... OK
get /rop/A20251125.0945-1000_CS2AE.xml.gz /ericsson/log/amos/moshell_logfiles/t20251125_37258710_65084/logs_moshell/pmfiles/19.31.4.169/rop/A20251125.0945-1000_CS2AE.xml.gz ... OK

Using hardcoded thresholds: 3, 4.5, and 16.5
================================================================================================================================
SC     SE  Tx/Rx BrPair  RfPort1 - RfPort2               HW       Serial      Cell (State)   Samples   Med  Mean  SDev Pol Res Issue
================================================================================================================================
CS2AE1   1   2/2 0 (1,2) Radio-S1-1(A) Radio-S1-1(B)     RRU2217  TU8U02CVSU  FDD=CS2AE1 (1)   85901   0.5   0.2   6.9  NA  OK Passed
CS2AE2   2   2/2 0 (1,2) Radio-S2-1(A) Radio-S2-1(B)     RRU2217  TU8U02CVT0  FDD=CS2AE2 (1)       0     0     0     0  NA  NT No data
CS2AE3   3   2/2 0 (1,2) Radio-S3-1(A) Radio-S3-1(B)     RRU2217  TU8U02CVSR  FDD=CS2AE3 (1)   18675  -4.5  -5.7   9.1  NA NOK RF Loss or PIM at Radio-S3-1(B)
CS2AM1 100   2/2 0 (1,2) Radio-S100-1(A) Radio-S100-1(B) RRU4499  E23E594511  FDD=CS2AM1 (1)   11984  -1.5  -1.9   7.2  NA  OK Passed
CS2AM2 101   2/2 0 (1,2) Radio-S100-1(C) Radio-S100-1(D) RRU4499  E23E594511  FDD=CS2AM2 (1)   13228  -0.5  -0.8   7.1  NA  OK Passed
CS2AM3 102   2/2 0 (1,2) Radio-S102-1(A) Radio-S102-1(B) RRU4499  E23E594481  FDD=CS2AM3 (1)       3   4.5   1.8   8.3  NA  NT Not enough data
CS2AT1 100   2/2 0 (1,2) Radio-S100-1(A) Radio-S100-1(B) RRU4499  E23E594511  FDD=CS2AT1 (1)   37712  -0.5  -0.0   7.2  NA  OK Passed
CS2AT2 101   2/2 0 (1,2) Radio-S100-1(C) Radio-S100-1(D) RRU4499  E23E594511  FDD=CS2AT2 (1)  122657  -1.5  -1.2   5.5  NA  OK Passed
CS2AT3 102   2/2 0 (1,2) Radio-S102-1(A) Radio-S102-1(B) RRU4499  E23E594481  FDD=CS2AT3 (1)     221  13.5  12.0   6.0  NA  NT Not enough data
================================================================================================================================
Total: 9 SectorCarriers, 9 RfBranch Pairs (5 OK, 0 OKW, 1 NOK, 3 NT)
.........
Last MO: 18638. Loaded 18638 MOs. Total: 18639 MOs.

No NRSectorCarrier MOs are defined on the node.

CS2AE> mfitr

251125-11:00:58+0100 19.31.4.169 25.0h MSRBS_NODE_MODEL_25.Q1_693.28324.131_62ac stopfile=/tmp/2031053
..............
Last MO: 18638. Loaded 18638 MOs. Total: 18639 MOs.
...........
2025-11-25 11:01
================================================================================================================================
CELL       SC     FRU          BOARD            PUSCH  PUCCH       A      B      C      D  DELTA
================================================================================================================================
FDD=CS2AE1 CS2AE1 Radio-S1-1   RRU2217B20       -117.3 -115.6 -117.8 -117.8                    0
FDD=CS2AE2 CS2AE2 Radio-S2-1   RRU2217B20       -110.3 -111.6 -116.2                           0
FDD=CS2AE3 CS2AE3 Radio-S3-1   RRU2217B20       -118.2 -118.0 -118.6 -118.7                  0.1
FDD=CS2AM1 CS2AM1 Radio-S100-1 RRU449944B144B3C -120.5 -120.6 -121.1 -120.6                  0.5
FDD=CS2AM2 CS2AM2 Radio-S100-1 RRU449944B144B3C -120.7 -120.5               -121.3 -121.1    0.2
FDD=CS2AM3 CS2AM3 Radio-S102-1 RRU449944B144B3C -121.0 -121.0 -129.5 -128.9                  0.6
FDD=CS2AT1 CS2AT1 Radio-S100-1 RRU449944B144B3C -119.7 -118.1 -119.8 -119.0                  0.8
FDD=CS2AT2 CS2AT2 Radio-S100-1 RRU449944B144B3C -120.9 -119.0               -121.0 -120.7    0.3
FDD=CS2AT3 CS2AT3 Radio-S102-1 RRU449944B144B3C -121.0 -120.9 -129.2 -126.5                  2.7
================================================================================================================================
Bye...
Output has been logged to file /mta_fs/UserFiles/37258710/amosbatch/SDIR/CS2AE.log
