Logging to file /mta_fs/UserFiles/37258710/amosbatch/SDIR/CS73E.log
                        __  __  ____   _____
                  /\   |  \/  |/ __ \ / ____|
                 /  \  | \  / | |  | | (___  
                / /\ \ | |\/| | |  | |\___ \ 
               / ____ \| |  | | |__| |____) |
              /_/    \_\_|  |_|\____/|_____/
              OSS Framework for MoShell-25.0h 
  Copyright (c) Ericsson AB 2001-2025 - All Rights Reserved
              
           
[1;31mWARNING: [0mthe AMOS version currently running is more than 29 weeks old and is unsupported.
Please upgrade as soon as possible to the latest released version, available from your local Ericsson support.

$amosrb_pid = 3094993

Checking ip contact...OK

HELP MENU            : h
BASIC MO COMMANDS    : m
OTHER MO COMMANDS    : n
OTHER COMMANDS       : o
PM COMMANDS          : p
QUIT                 : q

CS73E> lt all

251125-16:23:49+0100 19.31.8.217 25.0h  stopfile=/tmp/3094801
Looking up temporary_amos account... OK.
Trying temporary_amos_t20251125_37258710_65084_131's password from amos lookupAccount ... OK

$ssh_pid = 3095682

Connected to 19.31.8.217 (SubNetwork=BBMM_rckomc_R,MeContext=CS73E,ManagedElement=CS73E)

Checking MOM version...MSRBS_NODE_MODEL_25.Q1_198665.224.73_bf81
Parsing MOM (cached): /ericsson/log/amos/moshell_logfiles/t20251125_37258710_65084/logs_moshell/tempfiles/scp-4-amos_20251125-162342_3094742/MSRBS_NODE_MODEL_25.Q1_198665.224.73_bf81.xml.cache.gz ......................................................................................................................................................................................................................Done.
Using paramfile /opt/ericsson/amos/moshell/commonjars/pm/PARAM_MSRBSG2_25.Q1.txt
Parsing file /opt/ericsson/amos/moshell/commonjars/pm/PARAM_MSRBSG2_25.Q1.txt ......................................................................................Done.
Using imomdfile /opt/ericsson/amos/moshell/commonjars/pm/IMOMD_MSRBS_22.Q4.txt
Using imomfile /opt/ericsson/amos/moshell/commonjars/pm/IMOM_MSRBS_25.Q1.txt
Connected to 19.31.8.217 (SubNetwork=BBMM_rckomc_R,MeContext=CS73E,ManagedElement=CS73E)

Last MO: 17435. Loaded 17435 MOs. Total: 17436 MOs.

CS73E> st cell

251125-16:24:08+0100 19.31.8.217 25.0h MSRBS_NODE_MODEL_25.Q1_198665.224.73_bf81 stopfile=/tmp/3094801
===================================================================================
Proxy  Adm State     Op. State     MO
===================================================================================
   43  1 (UNLOCKED)  1 (ENABLED)   ENodeBFunction=1,EUtranCellFDD=CS73E1
  134  1 (UNLOCKED)  1 (ENABLED)   ENodeBFunction=1,EUtranCellFDD=CS73E2
  223  1 (UNLOCKED)  1 (ENABLED)   ENodeBFunction=1,EUtranCellFDD=CS73E3
  314  1 (UNLOCKED)  1 (ENABLED)   ENodeBFunction=1,EUtranCellFDD=CS73M1
  400  1 (UNLOCKED)  1 (ENABLED)   ENodeBFunction=1,EUtranCellFDD=CS73M2
  486  1 (UNLOCKED)  1 (ENABLED)   ENodeBFunction=1,EUtranCellFDD=CS73M3
  578  1 (UNLOCKED)  1 (ENABLED)   ENodeBFunction=1,EUtranCellFDD=CS73T1
  665  1 (UNLOCKED)  1 (ENABLED)   ENodeBFunction=1,EUtranCellFDD=CS73T2
  752  1 (UNLOCKED)  1 (ENABLED)   ENodeBFunction=1,EUtranCellFDD=CS73T3
 1050  1 (UNLOCKED)  1 (ENABLED)   ENodeBFunction=1,NbIotCell=CS73N1
 1051  1 (UNLOCKED)  1 (ENABLED)   ENodeBFunction=1,NbIotCell=CS73N2
 1052  1 (UNLOCKED)  1 (ENABLED)   ENodeBFunction=1,NbIotCell=CS73N3
===================================================================================
Total: 12 MOs

CS73E> st radio

251125-16:24:09+0100 19.31.8.217 25.0h MSRBS_NODE_MODEL_25.Q1_198665.224.73_bf81 stopfile=/tmp/3094801
===================================================================================
Proxy  Adm State     Op. State     MO
===================================================================================
 1901  1 (UNLOCKED)  1 (ENABLED)   Equipment=1,FieldReplaceableUnit=Radio-S100-1
 1924  1 (UNLOCKED)  1 (ENABLED)   Equipment=1,FieldReplaceableUnit=Radio-S102-1
 1947  1 (UNLOCKED)  1 (ENABLED)   Equipment=1,FieldReplaceableUnit=Radio-S210-1
 1964  1 (UNLOCKED)  1 (ENABLED)   Equipment=1,FieldReplaceableUnit=Radio-S211-1
 1981  1 (UNLOCKED)  1 (ENABLED)   Equipment=1,FieldReplaceableUnit=Radio-S212-1
17429  1 (UNLOCKED)  1 (ENABLED)   Transport=1,Synchronization=1,RadioEquipmentClock=1,RadioEquipmentClockReference=NTP1
17430  1 (UNLOCKED)  1 (ENABLED)   Transport=1,Synchronization=1,RadioEquipmentClock=1,RadioEquipmentClockReference=PTP8275_2
===================================================================================
Total: 7 MOs

CS73E> sdir

251125-16:24:09+0100 19.31.8.217 25.0h MSRBS_NODE_MODEL_25.Q1_198665.224.73_bf81 stopfile=/tmp/3094801
INFO: Using amos lookupAccount credentials for the export login
..........................
get /rop/A20251125.1430-1445_CS73E.xml.gz /ericsson/log/amos/moshell_logfiles/t20251125_37258710_65084/logs_moshell/pmfiles/19.31.8.217/rop/A20251125.1430-1445_CS73E.xml.gz ... OK
get /rop/A20251125.1445-1500_CS73E.xml.gz /ericsson/log/amos/moshell_logfiles/t20251125_37258710_65084/logs_moshell/pmfiles/19.31.8.217/rop/A20251125.1445-1500_CS73E.xml.gz ... OK
get /rop/A20251125.1500-1515_CS73E.xml.gz /ericsson/log/amos/moshell_logfiles/t20251125_37258710_65084/logs_moshell/pmfiles/19.31.8.217/rop/A20251125.1500-1515_CS73E.xml.gz ... OK
....Checking available boards on node...

Collecting RCS board data ...
....................................................................................
..........................
...................................................................................................................................................................................................................................................................................
.....
Collecting TN data...
.....................................................................................................................
Getting MO data from node (69 MOs). Please wait...
0%                                             ~50%                                           ~100%
....................................................................................................................................
Collecting RF data...
....
Collecting Alarms...
Executing action Log.export()
...
Log=AlarmLog                    actionId=8603
............
Executing action LogM.exportAvailabilityLog()
..LogM=1,exportAvailabilityLog    actionId=8604
........Parsing alarmLog...........Done.
Parsing availabilityLog........Done.
.............

Total: 5 CPRI links (5 OK, 0 OKW, 0 NOK, 0 NT)
.
+--------+                      +--------------------+
|        | A        O101     D1 |    Radio-S210-1    |
|        |-----------1----------| RRU227922B822B20C* |
|        |         OK-58m       |       BXP_3        |
|        |                      +--------------------+
|        |                                     |A  |B
|        |                  SE=210* AG=210 FDD=CS73E1
|        |                                NIOT=CS73N1
|        |
|        |                      +--------------------+
|        | B        O101     D1 |    Radio-S211-1    |
|        |-----------2----------| RRU227922B822B20C* |
|        |         OK-57m       |       BXP_4        |
|        |                      +--------------------+
|        |                                     |A  |B
|        |                  SE=211* AG=211 FDD=CS73E2
|        |                                NIOT=CS73N2
|        |
|        |                      +--------------------+
|        | C        O101     D1 |    Radio-S212-1    |
|        |-----------3----------| RRU227922B822B20C* |
|        |         OK-58m       |       BXP_5        |
|        |                      +--------------------+
|        |                                     |A  |B
|  BB-1  |                  SE=212* AG=212 FDD=CS73E3
| BB6630 |                                NIOT=CS73N3
| 000100 |
|        |                      +------------------+
|        | D        O101     D1 |   Radio-S100-1   |
|        |-----------4----------| RRU449944B144B3C |
|        |         OK-83m       |      BXP_6       |
|        |                      +------------------+
|        |                           |A  |B  |C  |D
|        |                    SE=100 AG=100  |   |
|        |            FDD=CS73M1 FDD=CS73T1  |   |
|        |                            SE=101 AG=101
|        |                    FDD=CS73M2 FDD=CS73T2
|        |
|        |                      +------------------+
|        | E        O101     D1 |   Radio-S102-1   |
|        |-----------5----------| RRU449944B144B3C |
|        |         OK-83m       |      BXP_2       |
|        |                      +------------------+
|        |                           |A  |B  |C  |D
|        |                    SE=102 AG=102  |   |
|        |            FDD=CS73M3 FDD=CS73T3  |   |
|        |
+--------+

=====================================================================================================================================
ID RiL    Type Res MO1-MO2                  BOARD1-BOARD2             AlmIDs Cells (States)                                        Issue (Failed checks)
=====================================================================================================================================
 1 S210-1 O101 OK  BB-1(A) Radio-S210-1(D1) BB6630 RRU227922B822B20C*        FDD=CS73E1 NIOT=CS73N1 (1,1)                          Passed
 2 S211-1 O101 OK  BB-1(B) Radio-S211-1(D1) BB6630 RRU227922B822B20C*        FDD=CS73E2 NIOT=CS73N2 (1,1)                          Passed
 3 S212-1 O101 OK  BB-1(C) Radio-S212-1(D1) BB6630 RRU227922B822B20C*        FDD=CS73E3 NIOT=CS73N3 (1,1)                          Passed
 4 S100-1 O101 OK  BB-1(D) Radio-S100-1(D1) BB6630 RRU449944B144B3C          FDD=CS73M1 FDD=CS73M2 FDD=CS73T1 FDD=CS73T2 (1,1,1,1) Passed
 5 S102-1 O101 OK  BB-1(E) Radio-S102-1(D1) BB6630 RRU449944B144B3C          FDD=CS73M3 FDD=CS73T3 (1,1)                           Passed
-------------------------------------------------------------------------------------------------------------------------------------

Node: RadioNode L   CXP9024418/16_R8D21 (RCG123.3-3)   G2   LTE-FDD,LTE-IoT 

=====================================================================================================================================
FRU          ;LNH    ;BOARD              ;ST ;FAULT ;OPER ;MAINT ;STAT ;PRODUCTNUMBER   ;REV     ;SERIAL        ;DATE     ;PMTEMP ; TEMP ; UPT ;VOLT ;SW                   ;
=====================================================================================================================================
BB-1         ;000100 ;BB6630             ; 1 ;  OFF ;  ON ;  OFF ;  ON ;KDU137848/11    ;R3D     ;E96A00PQHY    ;20220318 ;3 (OK) ;      ; 133 ;48   ;                     ;
Radio-S100-1 ;BXP_6  ;RRU449944B144B3C   ; 1 ;  OFF ;  ON ;  OFF ; N/A ;KRC161787/1     ;R2E     ;E23D913443    ;20220424 ;4 (OK) ; 36.4 ; 133 ;51.7 ;CXP9013268%15_R101KB ; (Radio449944B144B3C)
Radio-S102-1 ;BXP_2  ;RRU449944B144B3C   ; 1 ;  OFF ;  ON ;  OFF ; N/A ;KRC161787/1     ;R2E     ;E23D913438    ;20220424 ;4 (OK) ; 25.0 ; 133 ;53.7 ;CXP9013268%15_R101KB ; (Radio449944B144B3C)
Radio-S210-1 ;BXP_3  ;RRU227922B822B20C* ; 1 ;  OFF ;  ON ;  OFF ; N/A ;KRC161864/1     ;R1E     ;TU8U01J5G9    ;20220504 ;4 (OK) ; 28.5 ; 133 ;54.1 ;CXP9013268%15_R101KB ; (Radio227922B822B20C)
Radio-S211-1 ;BXP_4  ;RRU227922B822B20C* ; 1 ;  OFF ;  ON ;  OFF ; N/A ;KRC161864/1     ;R1E     ;TU8U01J4F8    ;20220504 ;4 (OK) ; 36.0 ; 133 ;53.8 ;CXP9013268%15_R101KB ; (Radio227922B822B20C)
Radio-S212-1 ;BXP_5  ;RRU227922B822B20C* ; 1 ;  OFF ;  ON ;  OFF ; N/A ;KRC161864/1     ;R1E     ;TU8U01J4FA    ;20220504 ;4 (OK) ; 37.0 ; 133 ;54.1 ;CXP9013268%15_R101KB ; (Radio227922B822B20C)
-------------------------------------------------------------------------------------------------------------------------------------

=====================================================================================================================================
AntennaNearUnit                                     ;ST  ;TYPE   ;PRODUCTNR  ;REV       ;UNIQUEID         ;RfPort
=====================================================================================================================================
AntennaUnitGroup=210,AntennaNearUnit=RET_1800_2100  ; 1  ;S-RET  ;86010165   ;HW_V_A01  ;KAD240957979-Y3  ;FieldReplaceableUnit=Radio-S210-1,RfPort=R
AntennaUnitGroup=210,AntennaNearUnit=RET_800_900    ; 1  ;S-RET  ;86010165   ;HW_V_A01  ;KAD240957979-R1  ;FieldReplaceableUnit=Radio-S210-1,RfPort=R
AntennaUnitGroup=211,AntennaNearUnit=RET_1800_2100  ; 1  ;S-RET  ;86010165   ;HW_V_A01  ;KAD240958349-Y3  ;FieldReplaceableUnit=Radio-S211-1,RfPort=R
AntennaUnitGroup=211,AntennaNearUnit=RET_800_900    ; 1  ;S-RET  ;86010165   ;HW_V_A01  ;KAD240958349-R1  ;FieldReplaceableUnit=Radio-S211-1,RfPort=R
AntennaUnitGroup=212,AntennaNearUnit=RET_1800_2100  ; 1  ;S-RET  ;86010165   ;HW_V_A01  ;KAD240958356-Y3  ;FieldReplaceableUnit=Radio-S212-1,RfPort=R
AntennaUnitGroup=212,AntennaNearUnit=RET_800_900    ; 1  ;S-RET  ;86010165   ;HW_V_A01  ;KAD240958356-R1  ;FieldReplaceableUnit=Radio-S212-1,RfPort=R
-------------------------------------------------------------------------------------------------------------------------------------

=====================================================================================================================================
XPBOARD  ;ST ;FAULT ;OPER ;PRODUCTNUMBER ;REV ;SERIAL/NAME ;DATE     ; TEMP ;MO
=====================================================================================================================================
FAN      ; 1 ;N/A   ;N/A  ;BKV106217/1   ;N/A ;N/A         ;N/A      ;      ;SupportUnit=1 (FAN  BB-1)
-------------------------------------------------------------------------------------------------------------------------------------

=====================================================================================================================================
ID ;T ;RiL    ;BPBP ;BOARD1             ;LNH1 ;PORT ;R ;LINK ;RATE  ; BER ;BOARD2             ;LNH2 ;PORT ;R ;LINK ;RATE  ; BER ;LENGTH ;MO1 - MO2
=====================================================================================================================================
 1 ;O ;S210-1 ;1111 ;BB6630             ;000100 ; 1 ;M ;Up   ;10.1G ;   0 ;RRU227922B822B20C* ;BXP_3  ; 0 ;S ;Up   ;10.1G ;   0 ;   58m ;Fru=BB-1(A) Fru=Radio-S210-1(D1)
 2 ;O ;S211-1 ;1111 ;BB6630             ;000100 ; 2 ;M ;Up   ;10.1G ;   0 ;RRU227922B822B20C* ;BXP_4  ; 0 ;S ;Up   ;10.1G ;   0 ;   57m ;Fru=BB-1(B) Fru=Radio-S211-1(D1)
 3 ;O ;S212-1 ;1111 ;BB6630             ;000100 ; 3 ;M ;Up   ;10.1G ;   0 ;RRU227922B822B20C* ;BXP_5  ; 0 ;S ;Up   ;10.1G ;   0 ;   58m ;Fru=BB-1(C) Fru=Radio-S212-1(D1)
 4 ;O ;S100-1 ;1111 ;BB6630             ;000100 ; 4 ;M ;Up   ;10.1G ;   0 ;RRU449944B144B3C   ;BXP_6  ; 0 ;S ;Up   ;10.1G ;   0 ;   83m ;Fru=BB-1(D) Fru=Radio-S100-1(D1)
 5 ;O ;S102-1 ;1111 ;BB6630             ;000100 ; 5 ;M ;Up   ;10.1G ;   0 ;RRU449944B144B3C   ;BXP_2  ; 0 ;S ;Up   ;10.1G ;   0 ;   83m ;Fru=BB-1(E) Fru=Radio-S102-1(D1)
-------------------------------------------------------------------------------------------------------------------------------------

=====================================================================================================================================
ID ;LINK ;RiL    ;VENDOR1  ;VENDORPROD1     ;REV1 ;SERIAL1        ;DATE1    ;ERICSSONPROD1  ;VENDOR2  ;VENDORPROD2     ;REV2 ;SERIAL2        ;DATE2    ;ERICSSONPROD2  ;TT ;WL1     ;WL2    
=====================================================================================================================================
 1 ;Up   ;S210-1 ;ERICSSON ;SPP10ELRIDFREN  ;10   ;M5C2005263     ;20220411 ;RDH10265/2 R1A ;ERICSSON ;SPP10ELRIDFREN  ;10   ;M5C2004858     ;20220411 ;RDH10265/2 R1A ;0  ;1310.00 ;1310.00
 2 ;Up   ;S211-1 ;ERICSSON ;SPP10ELRIDFREN  ;10   ;M592020811     ;20220408 ;RDH10265/2 R1A ;ERICSSON ;SPP10ELRIDFREN  ;10   ;M4O2007891     ;20220323 ;RDH10265/2 R1A ;0  ;1310.00 ;1310.00
 3 ;Up   ;S212-1 ;ERICSSON ;SPP10ELRIDFREN  ;10   ;M4N2009460     ;20220322 ;RDH10265/2 R1A ;ERICSSON ;SPP10ELRIDFREN  ;10   ;M5C2006238     ;20220411 ;RDH10265/2 R1A ;0  ;1310.00 ;1310.00
 4 ;Up   ;S100-1 ;ERICSSON ;SPP10ELRIDFREN  ;10   ;M5C2006181     ;20220411 ;RDH10265/2 R1A ;ERICSSON ;SPP10ELRIDFREN  ;10   ;M4Q2011616     ;20220325 ;RDH10265/2 R1A ;0  ;1310.00 ;1310.00
 5 ;Up   ;S102-1 ;ERICSSON ;SPP10ELRIDFREN  ;10   ;M5C2004790     ;20220411 ;RDH10265/2 R1A ;ERICSSON ;SPP10ELRIDFREN  ;10   ;M4Q2005461     ;20220325 ;RDH10265/2 R1A ;0  ;1310.00 ;1310.00
-------------------------------------------------------------------------------------------------------------------------------------

=====================================================================================================================================
ID ;LINK ;RiL    ;WL1     ;TEMP1 ;TXbs1 ;TXdBm1 ;RXdBm1 ;BER1   ;WL2     ;TEMP2 ;TXbs2 ;TXdBm2 ;RXdBm2 ;BER2   ;DlLoss ;UlLoss ;LENGTH ;TT
=====================================================================================================================================
 1 ;Up   ;S210-1 ;1310.00 ;42C   ;42%   ;-1.33  ;-2.78  ;   0   ;1310.00 ;24C   ;38%   ;-1.99  ;-2.80  ;   0   ;  1.47 ;  0.79 ;   58m ; 0
 2 ;Up   ;S211-1 ;1310.00 ;43C   ;35%   ;-1.43  ;-1.66  ;   0   ;1310.00 ;26C   ;41%   ;-2.04  ;-2.86  ;   0   ;  1.43 ; -0.38 ;   57m ; 0
 3 ;Up   ;S212-1 ;1310.00 ;47C   ;47%   ;-2.01  ;-1.54  ;   0   ;1310.00 ;30C   ;38%   ;-1.54  ;-2.01  ;   0   ;     0 ;     0 ;   58m ; 0
 4 ;Up   ;S100-1 ;1310.00 ;46C   ;46%   ;-1.86  ;-2.92  ;   0   ;1310.00 ;30C   ;41%   ;-2.49  ;-3.78  ;   0   ;  1.92 ;  0.43 ;   83m ; 0
 5 ;Up   ;S102-1 ;1310.00 ;44C   ;45%   ;-2.20  ;-2.60  ;   0   ;1310.00 ;21C   ;37%   ;-1.84  ;-2.37  ;   0   ;  0.17 ;  0.76 ;   83m ; 0
-------------------------------------------------------------------------------------------------------------------------------------

=====================================================================================================================================
ID ;RiL    ;BOARD              ;SFPLNH  ;PORT ;VENDOR   ;VENDORPROD      ;REV  ;SERIAL         ;DATE     ;ERICSSONPROD   ;WL      ;TEMP  ;TXbs  ;TXdBm  ;RXdBm  ; BER
=====================================================================================================================================
 1 ;S210-1 ;BB6630             ;000100   ;  1 ;ERICSSON ;SPP10ELRIDFREN  ;10   ;M5C2005263     ;20220411 ;RDH10265/2 R1A ;1310.00 ;42C   ;42%   ;-1.33  ;-2.78  ;   0
 2 ;S211-1 ;BB6630             ;000100   ;  2 ;ERICSSON ;SPP10ELRIDFREN  ;10   ;M592020811     ;20220408 ;RDH10265/2 R1A ;1310.00 ;43C   ;35%   ;-1.43  ;-1.66  ;   0
 3 ;S212-1 ;BB6630             ;000100   ;  3 ;ERICSSON ;SPP10ELRIDFREN  ;10   ;M4N2009460     ;20220322 ;RDH10265/2 R1A ;1310.00 ;47C   ;47%   ;-2.01  ;-1.54  ;   0
 4 ;S100-1 ;BB6630             ;000100   ;  4 ;ERICSSON ;SPP10ELRIDFREN  ;10   ;M5C2006181     ;20220411 ;RDH10265/2 R1A ;1310.00 ;46C   ;46%   ;-1.86  ;-2.92  ;   0
 5 ;S102-1 ;BB6630             ;000100   ;  5 ;ERICSSON ;SPP10ELRIDFREN  ;10   ;M5C2004790     ;20220411 ;RDH10265/2 R1A ;1310.00 ;44C   ;45%   ;-2.20  ;-2.60  ;   0
 5 ;S102-1 ;RRU449944B144B3C   ;BXP_2    ;  0 ;ERICSSON ;SPP10ELRIDFREN  ;10   ;M4Q2005461     ;20220325 ;RDH10265/2 R1A ;1310.00 ;21C   ;37%   ;-1.84  ;-2.37  ;   0
 1 ;S210-1 ;RRU227922B822B20C* ;BXP_3    ;  0 ;ERICSSON ;SPP10ELRIDFREN  ;10   ;M5C2004858     ;20220411 ;RDH10265/2 R1A ;1310.00 ;24C   ;38%   ;-1.99  ;-2.80  ;   0
 2 ;S211-1 ;RRU227922B822B20C* ;BXP_4    ;  0 ;ERICSSON ;SPP10ELRIDFREN  ;10   ;M4O2007891     ;20220323 ;RDH10265/2 R1A ;1310.00 ;26C   ;41%   ;-2.04  ;-2.86  ;   0
 3 ;S212-1 ;RRU227922B822B20C* ;BXP_5    ;  0 ;ERICSSON ;SPP10ELRIDFREN  ;10   ;M5C2006238     ;20220411 ;RDH10265/2 R1A ;1310.00 ;30C   ;38%   ;-1.54  ;-2.01  ;   0
 4 ;S100-1 ;RRU449944B144B3C   ;BXP_6    ;  0 ;ERICSSON ;SPP10ELRIDFREN  ;10   ;M4Q2011616     ;20220325 ;RDH10265/2 R1A ;1310.00 ;30C   ;41%   ;-2.49  ;-3.78  ;   0
-------------------------------------------------------------------------------------------------------------------------------------
TN ;       ;BB6630             ;000100   ;  A ;WTD      ;RTXM192-406-C25 ;3.0  ;HA221300170543 ;20220325 ;RDH10247/2 R2A ;0       ;37C   ;20%   ;-5.30  ;-6.25  ;NZ/0
TN ;       ;BB6630             ;000100   ;  B ;ERICSSON ;SPP10ELRIDFREN  ;10   ;M5C2004861     ;20220411 ;RDH10265/2 R1A ;0       ;39C   ;44%   ;-2.14  ;-2.60  ; 0/0
-------------------------------------------------------------------------------------------------------------------------------------

=====================================================================================================================================
BOARD  ;LNH    ;PORT ;T ;S ;OpMode   ;AutoNeg ;MacAddress        ;VlanIds        ;LOS ;BER
=====================================================================================================================================
BB6630 ;000100 ;TN_A ;O ;1 ;1G_FULL  ;true    ;7C:72:6E:79:81:91 ;3901,3908,3910 ;0   ;NZ/0
BB6630 ;000100 ;TN_B ;O ;1 ;10G_FULL ;false   ;7C:72:6E:79:81:92 ;3901,3910      ;0   ;0/0
-------------------------------------------------------------------------------------------------------------------------------------

radioClockState : RNT_TIME_LOCKED
-------------------------------------------------------------------------------------
Prio  ;ST  ;syncRefType    ;refStatus  ;opQualLevel  ;SyncReference
-------------------------------------------------------------------------------------
  *1  ; 1  ;PTP_TIME       ;NO_FAULT   ;PRTC         ;Ptp=1,BoundaryOrdinaryClock=1 (G_8275_2 Router=45G_Traffic,InterfaceIPv4=LTE,AddressIPv4=LTE:SLAVE)
   2  ; 1  ;NTP_FREQUENCY  ;NO_FAULT   ;PRC          ;Ntp=1,NtpFrequencySync=NTP1 (10.31.0.54:32751 Router=45G_Traffic,InterfaceIPv4=LTE,AddressIPv4=LTE)
-------------------------------------------------------------------------------------
nodeGroupRole   : SYNC_PROVIDER (syncNodePriority=1, selectionMode=NODE_PRIORITY)
-------------------------------------------------------------------------------------
DU  ;Port  ;sharedUnitRef (RiPortA - RiPortB)  ;remoteNodePriority  ;CandidateStatus
-------------------------------------------------------------------------------------
1   ;C     ;Fru=Radio-S212-1 (1 - 2)           ;3                   ;OK_NOT_ACTIVE
1   ;B     ;Fru=Radio-S211-1 (1 - 2)           ;3                   ;OK_NOT_ACTIVE
1   ;A     ;Fru=Radio-S210-1 (1 - 2)           ;3                   ;OK_NOT_ACTIVE
-------------------------------------------------------------------------------------

=====================================================================================================================================
FRU          ;LNH    ;BOARD              ;RF  ;BP  ;TX (W/dBm)  ;VSWR (RL)   ;RX (dBm) ;UEs/gUEs  ;Sector/AntennaGroup/Cells (State:CellIds:PCIs)
=====================================================================================================================================
Radio-S100-1 ;BXP_6  ;RRU449944B144B3C   ; A  ;11  ;25.5 (44.1) ;1.02 (40.0) ;-91.9    ;19/-      ;SE=100 AG=100 FDD=CS73M1 FDD=CS73T1 (1:31:39, 1:41:373)
Radio-S100-1 ;BXP_6  ;RRU449944B144B3C   ; B  ;11  ;23.8 (43.8) ;1.13 (24.1) ;-92.1    ;19/-      ;SE=100 AG=100 FDD=CS73M1 FDD=CS73T1 (1:31:39, 1:41:373)
Radio-S100-1 ;BXP_6  ;RRU449944B144B3C   ; C  ;11  ;41.7 (46.2) ;1.15 (23.4) ;-88.1    ;95/-      ;SE=101 AG=101 FDD=CS73M2 FDD=CS73T2 (1:32:385, 1:42:232)
Radio-S100-1 ;BXP_6  ;RRU449944B144B3C   ; D  ;11  ;38.3 (45.8) ;1.31 (17.4) ;-87.2    ;95/-      ;SE=101 AG=101 FDD=CS73M2 FDD=CS73T2 (1:32:385, 1:42:232)
Radio-S102-1 ;BXP_2  ;RRU449944B144B3C   ; A  ;11  ;39.5 (46.0) ;1.16 (22.6) ;-92.9    ;1/-       ;SE=102 AG=102 FDD=CS73M3 FDD=CS73T3 (1:33:173, 1:43:407)
Radio-S102-1 ;BXP_2  ;RRU449944B144B3C   ; B  ;11  ;-           ;1.08 (28.3) ;-93.8    ;1/-       ;SE=102 AG=102 FDD=CS73M3 FDD=CS73T3 (1:33:173, 1:43:407)
Radio-S102-1 ;BXP_2  ;RRU449944B144B3C   ; C  ;11  ;-           ;-           ;         ;          ;
Radio-S102-1 ;BXP_2  ;RRU449944B144B3C   ; D  ;11  ;-           ;-           ;         ;          ;
Radio-S210-1 ;BXP_3  ;RRU227922B822B20C* ; A  ;11  ;35.2 (45.5) ;1.28 (18.1) ;-101.0   ;2/-       ;SE=210* AG=210 FDD=CS73E1 NIOT=CS73N1 (1:61:138, 1:161:138)
Radio-S210-1 ;BXP_3  ;RRU227922B822B20C* ; B  ;11  ;25.7 (44.1) ;1.21 (20.4) ;-81.0    ;2/-       ;SE=210* AG=210 FDD=CS73E1 NIOT=CS73N1 (1:61:138, 1:161:138)
Radio-S211-1 ;BXP_4  ;RRU227922B822B20C* ; A  ;11  ;38.3 (45.8) ;1.26 (18.8) ;-96.0    ;1/-       ;SE=211* AG=211 FDD=CS73E2 NIOT=CS73N2 (1:62:140, 1:162:140)
Radio-S211-1 ;BXP_4  ;RRU227922B822B20C* ; B  ;11  ;34.6 (45.4) ;1.13 (24.5) ;-99.4    ;1/-       ;SE=211* AG=211 FDD=CS73E2 NIOT=CS73N2 (1:62:140, 1:162:140)
Radio-S212-1 ;BXP_5  ;RRU227922B822B20C* ; A  ;11  ;36.1 (45.6) ;1.13 (24.3) ;-101.2   ;2/-       ;SE=212* AG=212 FDD=CS73E3 NIOT=CS73N3 (1:63:72, 1:163:72)
Radio-S212-1 ;BXP_5  ;RRU227922B822B20C* ; B  ;11  ;20.9 (43.2) ;1.12 (24.7) ;-100.8   ;2/-       ;SE=212* AG=212 FDD=CS73E3 NIOT=CS73N3 (1:63:72, 1:163:72)
-------------------------------------------------------------------------------------------------------------------------------------

CS73E> mfar

251125-16:26:52+0100 19.31.8.217 25.0h MSRBS_NODE_MODEL_25.Q1_198665.224.73_bf81 stopfile=/tmp/3094801
........
Last MO: 17436. Loaded 17436 MOs. Total: 17437 MOs.
..................................................
get /rop/A20251125.1345-1400_CS73E.xml.gz /ericsson/log/amos/moshell_logfiles/t20251125_37258710_65084/logs_moshell/pmfiles/19.31.8.217/rop/A20251125.1345-1400_CS73E.xml.gz ... OK
get /rop/A20251125.1400-1415_CS73E.xml.gz /ericsson/log/amos/moshell_logfiles/t20251125_37258710_65084/logs_moshell/pmfiles/19.31.8.217/rop/A20251125.1400-1415_CS73E.xml.gz ... OK
get /rop/A20251125.1415-1430_CS73E.xml.gz /ericsson/log/amos/moshell_logfiles/t20251125_37258710_65084/logs_moshell/pmfiles/19.31.8.217/rop/A20251125.1415-1430_CS73E.xml.gz ... OK

Using hardcoded thresholds: 3, 4.5, and 16.5
================================================================================================================================
SC     SE  Tx/Rx BrPair  RfPort1 - RfPort2               HW       Serial      Cell (State)   Samples   Med  Mean  SDev Pol Res Issue
================================================================================================================================
CS73E1 210   2/2 0 (1,2) Radio-S210-1(A) Radio-S210-1(B) RRU2279  TU8U01J5G9  FDD=CS73E1 (1)   51020 -20.5 -19.0   8.1  NA NOK Disconnected feeder at Radio-S210-1(B)
CS73E2 211   2/2 0 (1,2) Radio-S211-1(A) Radio-S211-1(B) RRU2279  TU8U01J4F8  FDD=CS73E2 (1)   78848   1.5   1.9   7.5  NA  OK Passed
CS73E3 212   2/2 0 (1,2) Radio-S212-1(A) Radio-S212-1(B) RRU2279  TU8U01J4FA  FDD=CS73E3 (1)   37178   0.5   0.1   6.2  NA  OK Passed
CS73M1 100   2/2 0 (1,2) Radio-S100-1(A) Radio-S100-1(B) RRU4499  E23D913443  FDD=CS73M1 (1)   24895  -0.5  -0.4   6.2  NA  OK Passed
CS73M2 101   2/2 0 (1,2) Radio-S100-1(C) Radio-S100-1(D) RRU4499  E23D913443  FDD=CS73M2 (1)  216251  -2.5  -2.6   7.4  NA  OK Passed
CS73M3 102   2/2 0 (1,2) Radio-S102-1(A) Radio-S102-1(B) RRU4499  E23D913438  FDD=CS73M3 (1)    3534   2.5   2.3   6.9  NA  OK Passed
CS73T1 100   2/2 0 (1,2) Radio-S100-1(A) Radio-S100-1(B) RRU4499  E23D913443  FDD=CS73T1 (1)  141422   0.5   0.1   7.4  NA  OK Passed
CS73T2 101   2/2 0 (1,2) Radio-S100-1(C) Radio-S100-1(D) RRU4499  E23D913443  FDD=CS73T2 (1)  231569   0.5   0.7   7.1  NA  OK Passed
CS73T3 102   2/2 0 (1,2) Radio-S102-1(A) Radio-S102-1(B) RRU4499  E23D913438  FDD=CS73T3 (1)   16649   2.5   2.6   7.8  NA  OK Passed
================================================================================================================================
Total: 9 SectorCarriers, 9 RfBranch Pairs (8 OK, 0 OKW, 0 NOK, 0 NT)
........
Last MO: 17436. Loaded 17436 MOs. Total: 17437 MOs.

No NRSectorCarrier MOs are defined on the node.

CS73E> mfitr

251125-16:27:10+0100 19.31.8.217 25.0h MSRBS_NODE_MODEL_25.Q1_198665.224.73_bf81 stopfile=/tmp/3094801
.............
Last MO: 17436. Loaded 17436 MOs. Total: 17437 MOs.
..........
2025-11-25 16:27
================================================================================================================================
CELL       SC     FRU          BOARD             PUSCH  PUCCH       A      B      C      D  DELTA
================================================================================================================================
FDD=CS73E1 CS73E1 Radio-S210-1 RRU227922B822B20C -100.7 -100.4 -118.5  -99.3                 19.2
FDD=CS73E2 CS73E2 Radio-S211-1 RRU227922B822B20C -115.9 -116.2 -115.6 -117.9                  2.3
FDD=CS73E3 CS73E3 Radio-S212-1 RRU227922B822B20C -119.0 -119.3 -119.5 -119.5                    0
FDD=CS73M1 CS73M1 Radio-S100-1 RRU449944B144B3C  -116.4 -118.0 -116.5 -117.2                  0.7
FDD=CS73M2 CS73M2 Radio-S100-1 RRU449944B144B3C  -113.1 -114.4               -116.8 -113.5    3.3
FDD=CS73M3 CS73M3 Radio-S102-1 RRU449944B144B3C  -117.6 -118.9 -118.5 -118.4                  0.1
FDD=CS73T1 CS73T1 Radio-S100-1 RRU449944B144B3C  -114.8 -116.6 -117.2 -117.0                  0.2
FDD=CS73T2 CS73T2 Radio-S100-1 RRU449944B144B3C  -116.1 -113.2               -116.8 -117.7    0.9
FDD=CS73T3 CS73T3 Radio-S102-1 RRU449944B144B3C  -116.8 -118.6 -118.5 -118.5                    0
================================================================================================================================
Bye...
Output has been logged to file /mta_fs/UserFiles/37258710/amosbatch/SDIR/CS73E.log
