Logging to file /mta_fs/UserFiles/37258710/amosbatch/SDIR/CZ10E.log
                        __  __  ____   _____
                  /\   |  \/  |/ __ \ / ____|
                 /  \  | \  / | |  | | (___  
                / /\ \ | |\/| | |  | |\___ \ 
               / ____ \| |  | | |__| |____) |
              /_/    \_\_|  |_|\____/|_____/
              OSS Framework for MoShell-25.0h 
  Copyright (c) Ericsson AB 2001-2025 - All Rights Reserved
              
           
[1;31mWARNING: [0mthe AMOS version currently running is more than 29 weeks old and is unsupported.
Please upgrade as soon as possible to the latest released version, available from your local Ericsson support.

$amosrb_pid = 2159441

Checking ip contact...OK

HELP MENU            : h
BASIC MO COMMANDS    : m
OTHER MO COMMANDS    : n
OTHER COMMANDS       : o
PM COMMANDS          : p
QUIT                 : q

CZ10E> lt all

251125-11:36:20+0100 19.31.11.172 25.0h  stopfile=/tmp/2159280
Looking up temporary_amos account... OK.
Trying temporary_amos_t20251125_37258710_65084_131's password from amos lookupAccount ... OK

$ssh_pid = 2160178

Connected to 19.31.11.172 (SubNetwork=BBMM_rckomc_R,MeContext=CZ10E,ManagedElement=CZ10E)

Checking MOM version...MSRBS_NODE_MODEL_25.Q1_198665.224.73_bf81
Parsing MOM (cached): /ericsson/log/amos/moshell_logfiles/t20251125_37258710_65084/logs_moshell/tempfiles/scp-4-amos_20251125-113613_2159190/MSRBS_NODE_MODEL_25.Q1_198665.224.73_bf81.xml.cache.gz ......................................................................................................................................................................................................................Done.
Using paramfile /opt/ericsson/amos/moshell/commonjars/pm/PARAM_MSRBSG2_25.Q1.txt
Parsing file /opt/ericsson/amos/moshell/commonjars/pm/PARAM_MSRBSG2_25.Q1.txt ......................................................................................Done.
Using imomdfile /opt/ericsson/amos/moshell/commonjars/pm/IMOMD_MSRBS_22.Q4.txt
Using imomfile /opt/ericsson/amos/moshell/commonjars/pm/IMOM_MSRBS_25.Q1.txt
Connected to 19.31.11.172 (SubNetwork=BBMM_rckomc_R,MeContext=CZ10E,ManagedElement=CZ10E)

Last MO: 18507. Loaded 18507 MOs. Total: 18508 MOs.

CZ10E> st cell

251125-11:36:41+0100 19.31.11.172 25.0h MSRBS_NODE_MODEL_25.Q1_198665.224.73_bf81 stopfile=/tmp/2159280
===================================================================================
Proxy  Adm State     Op. State     MO
===================================================================================
   63  1 (UNLOCKED)  1 (ENABLED)   ENodeBFunction=1,EUtranCellFDD=CZ10E1
  172  1 (UNLOCKED)  1 (ENABLED)   ENodeBFunction=1,EUtranCellFDD=CZ10E2
  289  1 (UNLOCKED)  1 (ENABLED)   ENodeBFunction=1,EUtranCellFDD=CZ10E3
  427  1 (UNLOCKED)  1 (ENABLED)   ENodeBFunction=1,EUtranCellFDD=CZ10E4
  557  1 (UNLOCKED)  1 (ENABLED)   ENodeBFunction=1,EUtranCellFDD=CZ10L1
  664  1 (UNLOCKED)  1 (ENABLED)   ENodeBFunction=1,EUtranCellFDD=CZ10L2
  774  1 (UNLOCKED)  1 (ENABLED)   ENodeBFunction=1,EUtranCellFDD=CZ10L3
  903  1 (UNLOCKED)  1 (ENABLED)   ENodeBFunction=1,EUtranCellFDD=CZ10L4
 1670  1 (UNLOCKED)  1 (ENABLED)   ENodeBFunction=1,NbIotCell=CZ10N1
 1671  1 (UNLOCKED)  1 (ENABLED)   ENodeBFunction=1,NbIotCell=CZ10N2
 1672  1 (UNLOCKED)  1 (ENABLED)   ENodeBFunction=1,NbIotCell=CZ10N3
 1673  1 (UNLOCKED)  1 (ENABLED)   ENodeBFunction=1,NbIotCell=CZ10N4
===================================================================================
Total: 12 MOs

CZ10E> st radio

251125-11:36:42+0100 19.31.11.172 25.0h MSRBS_NODE_MODEL_25.Q1_198665.224.73_bf81 stopfile=/tmp/2159280
===================================================================================
Proxy  Adm State     Op. State     MO
===================================================================================
 2548  1 (UNLOCKED)  1 (ENABLED)   Equipment=1,FieldReplaceableUnit=Radio-S180-1
 2563  1 (UNLOCKED)  1 (ENABLED)   Equipment=1,FieldReplaceableUnit=Radio-S182-1
 2578  1 (UNLOCKED)  1 (ENABLED)   Equipment=1,FieldReplaceableUnit=Radio-S220-1
 2605  1 (UNLOCKED)  1 (ENABLED)   Equipment=1,FieldReplaceableUnit=Radio-S221-1
 2632  1 (UNLOCKED)  1 (ENABLED)   Equipment=1,FieldReplaceableUnit=Radio-S222-1
 2659  1 (UNLOCKED)  1 (ENABLED)   Equipment=1,FieldReplaceableUnit=Radio-S223-1
18501  1 (UNLOCKED)  1 (ENABLED)   Transport=1,Synchronization=1,RadioEquipmentClock=1,RadioEquipmentClockReference=NTP1
18502  1 (UNLOCKED)  1 (ENABLED)   Transport=1,Synchronization=1,RadioEquipmentClock=1,RadioEquipmentClockReference=PTP
===================================================================================
Total: 8 MOs

CZ10E> sdir

251125-11:36:42+0100 19.31.11.172 25.0h MSRBS_NODE_MODEL_25.Q1_198665.224.73_bf81 stopfile=/tmp/2159280
INFO: Using amos lookupAccount credentials for the export login
..........................
get /rop/A20251125.0945-1000_CZ10E.xml.gz /ericsson/log/amos/moshell_logfiles/t20251125_37258710_65084/logs_moshell/pmfiles/19.31.11.172/rop/A20251125.0945-1000_CZ10E.xml.gz ... OK
get /rop/A20251125.1000-1015_CZ10E.xml.gz /ericsson/log/amos/moshell_logfiles/t20251125_37258710_65084/logs_moshell/pmfiles/19.31.11.172/rop/A20251125.1000-1015_CZ10E.xml.gz ... OK
get /rop/A20251125.1015-1030_CZ10E.xml.gz /ericsson/log/amos/moshell_logfiles/t20251125_37258710_65084/logs_moshell/pmfiles/19.31.11.172/rop/A20251125.1015-1030_CZ10E.xml.gz ... OK
....Checking available boards on node...

Collecting RCS board data ...
...................................................................................
..................................
.........................................................................................................................................................................................................................................................................................................................................................................................
............
Collecting TN data...
.................................................................................................................................................
Getting MO data from node (86 MOs). Please wait...
0%                                             ~50%                                           ~100%
..................................................................................................................................
Collecting RF data...
.....
Collecting Alarms...
.Executing action Log.export()
...
Log=AlarmLog                    actionId=8660
............
Executing action LogM.exportAvailabilityLog()
..LogM=1,exportAvailabilityLog    actionId=8661
.....Parsing alarmLog........Done.
Parsing availabilityLog.....Done.
........

Total: 6 CPRI links (6 OK, 0 OKW, 0 NOK, 0 NT)
.
+--------+                      +----------------------------+
|        | A        O101     D2 |        Radio-S220-1        |
|        |-----------1----------| RRU247924B824B2024B28BM01* |
|        |         OK-37m       |           BXP_2            |
|        |                      +----------------------------+
|        |                                     |A  |B  |C  |D
|        |                         SE=220* AG=220 GT=CZ10D1/0
|        |                 GT=CZ10D1/1 GT=CZ10D1/2 FDD=CZ10E1
|        |                                        NIOT=CZ10N1
|        |
|        |                      +----------------------------+
|        | B        O101     D2 |        Radio-S221-1        |
|        |-----------2----------| RRU247924B824B2024B28BM01* |
|        |         OK-38m       |           BXP_3            |
|        |                      +----------------------------+
|        |                                     |A  |B  |C  |D
|        |                         SE=221* AG=221 GT=CZ10D2/0
|        |                 GT=CZ10D2/1 GT=CZ10D2/2 FDD=CZ10E2
|        |                                        NIOT=CZ10N2
|        |
|        |                      +----------------------------+
|        | C        O101     D2 |        Radio-S222-1        |
|        |-----------3----------| RRU247924B824B2024B28BM01* |
|        |         OK-38m       |           BXP_4            |
|        |                      +----------------------------+
|        |                                     |A  |B  |C  |D
|        |                         SE=222* AG=222 GT=CZ10D3/0
|        |                 GT=CZ10D3/1 GT=CZ10D3/2 FDD=CZ10E3
|        |                                        NIOT=CZ10N3
|        |
|  BB-1  |
| BB6630 |                      +---------------+
| 000100 | D        O101     D1 | Radio-S180-1  |
|        |-----------4----------|   RRU4415B7   |
|        |         OK-82m       |     BXP_6     |
|        |                      +---------------+
|        |                        |A  |B  |C  |D
|        |                 SE=180 AG=180  |   |
|        |                    FDD=CZ10L1  |   |
|        |                         SE=181 AG=181
|        |                            FDD=CZ10L2
|        |
|        |                      +---------------+
|        | E        O101     D1 | Radio-S182-1  |
|        |-----------5----------|   RRU4415B7   |
|        |         OK-82m       |     BXP_7     |
|        |                      +---------------+
|        |                        |A  |B  |C  |D
|        |                 SE=182 AG=182  |   |
|        |                    FDD=CZ10L3  |   |
|        |                         SE=183 AG=183
|        |                            FDD=CZ10L4
|        |
|        |                      +----------------------------+
|        | F        O101     D2 |        Radio-S223-1        |
|        |-----------6----------| RRU247924B824B2024B28BM01* |
|        |         OK-37m       |           BXP_5            |
|        |                      +----------------------------+
|        |                                     |A  |B  |C  |D
|        |                         SE=223* AG=223 GT=CZ10D4/0
|        |                 GT=CZ10D4/1 FDD=CZ10E4 NIOT=CZ10N4
+--------+

=====================================================================================================================================
ID RiL    Type Res MO1-MO2                  BOARD1-BOARD2                     AlmIDs Cells (States)                                                         Issue (Failed checks)
=====================================================================================================================================
 1 S220-1 O101 OK  BB-1(A) Radio-S220-1(D2) BB6630 RRU247924B824B2024B28BM01*        FDD=CZ10E1 GT=CZ10D1/0 GT=CZ10D1/1 GT=CZ10D1/2 NIOT=CZ10N1 (1,1,1,1,1) Passed
 2 S221-1 O101 OK  BB-1(B) Radio-S221-1(D2) BB6630 RRU247924B824B2024B28BM01*        FDD=CZ10E2 GT=CZ10D2/0 GT=CZ10D2/1 GT=CZ10D2/2 NIOT=CZ10N2 (1,1,1,1,1) Passed
 3 S222-1 O101 OK  BB-1(C) Radio-S222-1(D2) BB6630 RRU247924B824B2024B28BM01*        FDD=CZ10E3 GT=CZ10D3/0 GT=CZ10D3/1 GT=CZ10D3/2 NIOT=CZ10N3 (1,1,1,1,1) Passed
 4 S180-1 O101 OK  BB-1(D) Radio-S180-1(D1) BB6630 RRU4415B7                         FDD=CZ10L1 FDD=CZ10L2 (1,1)                                            Passed
 5 S182-1 O101 OK  BB-1(E) Radio-S182-1(D1) BB6630 RRU4415B7                         FDD=CZ10L3 FDD=CZ10L4 (1,1)                                            Passed
 6 S223-1 O101 OK  BB-1(F) Radio-S223-1(D2) BB6630 RRU247924B824B2024B28BM01*        FDD=CZ10E4 GT=CZ10D4/0 GT=CZ10D4/1 NIOT=CZ10N4 (1,1,1,1)               Passed
-------------------------------------------------------------------------------------------------------------------------------------

Node: RadioNode GL   CXP9024418/16_R8D21 (RCG123.3-3)   G2   GSM LTE-FDD,LTE-IoT 

=====================================================================================================================================
FRU          ;LNH    ;BOARD                      ;ST ;FAULT ;OPER ;MAINT ;STAT ;PRODUCTNUMBER   ;REV     ;SERIAL        ;DATE     ;PMTEMP ; TEMP ; UPT ;VOLT ;SW                   ;
=====================================================================================================================================
BB-1         ;000100 ;BB6630                     ; 1 ;  OFF ;  ON ;  OFF ;  ON ;KDU137848/11    ;R3D     ;E96A00PUAP    ;20220322 ;3 (OK) ;      ; 133 ;48   ;                     ;
Radio-S180-1 ;BXP_6  ;RRU4415B7                  ; 1 ;  OFF ;  ON ;  OFF ; N/A ;KRC161495/1     ;R5FE    ;DH80215758    ;20240322 ;4 (OK) ; 26.8 ;32.0 ;52.6 ;CXP9013268%15_R101KB ; (Radio4415B7)
Radio-S182-1 ;BXP_7  ;RRU4415B7                  ; 1 ;  OFF ;  ON ;  OFF ; N/A ;KRC161495/1     ;R5F     ;B070839638    ;20220324 ;4 (OK) ; 27.5 ;32.0 ;53.0 ;CXP9013268%15_R101KB ; (Radio4415B7)
Radio-S220-1 ;BXP_2  ;RRU247924B824B2024B28BM01* ; 1 ;  OFF ;  ON ;  OFF ; N/A ;KRC161832/1     ;R2F     ;TU8U028AQJ    ;20231009 ;4 (OK) ; 27.3 ;32.0 ;52.7 ;CXP9013268%15_R101LX ; (Radio247924B824B2024B28BM01)
Radio-S221-1 ;BXP_3  ;RRU247924B824B2024B28BM01* ; 1 ;  OFF ;  ON ;  OFF ; N/A ;KRC161832/1     ;R2G     ;TU8U029W60    ;20231113 ;4 (OK) ; 26.0 ;32.0 ;54.3 ;CXP9013268%15_R101LX ; (Radio247924B824B2024B28BM01)
Radio-S222-1 ;BXP_4  ;RRU247924B824B2024B28BM01* ; 1 ;  OFF ;  ON ;  OFF ; N/A ;KRC161832/1     ;R2F     ;TU8U022HF4    ;20230509 ;4 (OK) ; 28.9 ;32.0 ;53.0 ;CXP9013268%15_R101LX ; (Radio247924B824B2024B28BM01)
Radio-S223-1 ;BXP_5  ;RRU247924B824B2024B28BM01* ; 1 ;  OFF ;  ON ;  OFF ; N/A ;KRC161832/1     ;R2F     ;TU8U022H6T    ;20230509 ;4 (OK) ; 32.3 ;32.0 ;52.8 ;CXP9013268%15_R101LX ; (Radio247924B824B2024B28BM01)
-------------------------------------------------------------------------------------------------------------------------------------

=====================================================================================================================================
XPBOARD  ;ST ;FAULT ;OPER ;PRODUCTNUMBER ;REV ;SERIAL/NAME ;DATE     ; TEMP ;MO
=====================================================================================================================================
FAN      ; 1 ;N/A   ;N/A  ;BKV106217/1   ;N/A ;N/A         ;N/A      ;      ;SupportUnit=1 (FAN  BB-1)
-------------------------------------------------------------------------------------------------------------------------------------

=====================================================================================================================================
ID ;T ;RiL    ;BPBP ;BOARD1                     ;LNH1 ;PORT ;R ;LINK ;RATE  ; BER ;BOARD2                     ;LNH2 ;PORT ;R ;LINK ;RATE  ; BER ;LENGTH ;MO1 - MO2
=====================================================================================================================================
 1 ;O ;S220-1 ;1111 ;BB6630                     ;000100 ; 1 ;M ;Up   ;10.1G ;   0 ;RRU247924B824B2024B28BM01* ;BXP_2  ; 1 ;S ;Up   ;10.1G ;   0 ;   37m ;Fru=BB-1(A) Fru=Radio-S220-1(D2)
 2 ;O ;S221-1 ;1111 ;BB6630                     ;000100 ; 2 ;M ;Up   ;10.1G ;   0 ;RRU247924B824B2024B28BM01* ;BXP_3  ; 1 ;S ;Up   ;10.1G ;   0 ;   38m ;Fru=BB-1(B) Fru=Radio-S221-1(D2)
 3 ;O ;S222-1 ;1111 ;BB6630                     ;000100 ; 3 ;M ;Up   ;10.1G ;   0 ;RRU247924B824B2024B28BM01* ;BXP_4  ; 1 ;S ;Up   ;10.1G ;   0 ;   38m ;Fru=BB-1(C) Fru=Radio-S222-1(D2)
 4 ;O ;S180-1 ;1111 ;BB6630                     ;000100 ; 4 ;M ;Up   ;10.1G ;   0 ;RRU4415B7                  ;BXP_6  ; 0 ;S ;Up   ;10.1G ;   0 ;   82m ;Fru=BB-1(D) Fru=Radio-S180-1(D1)
 5 ;O ;S182-1 ;1111 ;BB6630                     ;000100 ; 5 ;M ;Up   ;10.1G ;   0 ;RRU4415B7                  ;BXP_7  ; 0 ;S ;Up   ;10.1G ;   0 ;   82m ;Fru=BB-1(E) Fru=Radio-S182-1(D1)
 6 ;O ;S223-1 ;1111 ;BB6630                     ;000100 ; 6 ;M ;Up   ;10.1G ;   0 ;RRU247924B824B2024B28BM01* ;BXP_5  ; 1 ;S ;Up   ;10.1G ;   0 ;   37m ;Fru=BB-1(F) Fru=Radio-S223-1(D2)
-------------------------------------------------------------------------------------------------------------------------------------

=====================================================================================================================================
ID ;LINK ;RiL    ;VENDOR1  ;VENDORPROD1      ;REV1 ;SERIAL1         ;DATE1    ;ERICSSONPROD1  ;VENDOR2  ;VENDORPROD2      ;REV2 ;SERIAL2         ;DATE2    ;ERICSSONPROD2  ;TT ;WL1     ;WL2    
=====================================================================================================================================
 1 ;Up   ;S220-1 ;ERICSSON ;LCP-10G3B4HDRME4 ;A    ;2212094A2458994 ;20220324 ;RDH10265/2 R1A ;ERICSSON ;LCP-10G3B4HDRME4 ;A    ;2212094A2458971 ;20220324 ;RDH10265/2 R1A ;0  ;1310.00 ;1310.00
 2 ;Up   ;S221-1 ;ERICSSON ;LCP-10G3B4HDRME4 ;A    ;2212094A2458996 ;20220324 ;RDH10265/2 R1A ;ERICSSON ;LCP-10G3B4HDRME4 ;A    ;2212094A2458969 ;20220324 ;RDH10265/2 R1A ;0  ;1310.00 ;1310.00
 3 ;Up   ;S222-1 ;ERICSSON ;LCP-10G3B4HDRME4 ;A    ;2212094A2458988 ;20220324 ;RDH10265/2 R1A ;ERICSSON ;LCP-10G3B4HDRME4 ;A    ;2212094A2458979 ;20220324 ;RDH10265/2 R1A ;0  ;1310.00 ;1310.00
 4 ;Up   ;S180-1 ;ERICSSON ;LCP-10G3B4HDRME4 ;A    ;2212094A2458985 ;20220324 ;RDH10265/2 R1A ;ERICSSON ;LCP-10G3B4HDRME4 ;A    ;2212094A2458989 ;20220324 ;RDH10265/2 R1A ;0  ;1310.00 ;1310.00
 5 ;Up   ;S182-1 ;ERICSSON ;LCP-10G3B4HDRME4 ;A    ;2213094A2456578 ;20220329 ;RDH10265/2 R1A ;ERICSSON ;LCP-10G3B4HDRME4 ;A    ;2212094A2458968 ;20220324 ;RDH10265/2 R1A ;0  ;1310.00 ;1310.00
 6 ;Up   ;S223-1 ;ERICSSON ;LCP-10G3B4HDRME4 ;A    ;2212094A2458983 ;20220324 ;RDH10265/2 R1A ;ERICSSON ;LCP-10G3B4HDRME4 ;A    ;2212094A2458978 ;20220324 ;RDH10265/2 R1A ;0  ;1310.00 ;1310.00
-------------------------------------------------------------------------------------------------------------------------------------

=====================================================================================================================================
ID ;LINK ;RiL    ;WL1     ;TEMP1 ;TXbs1 ;TXdBm1 ;RXdBm1 ;BER1   ;WL2     ;TEMP2 ;TXbs2 ;TXdBm2 ;RXdBm2 ;BER2   ;DlLoss ;UlLoss ;LENGTH ;TT
=====================================================================================================================================
 1 ;Up   ;S220-1 ;1310.00 ;32C   ;34%   ;-3.32  ;-4.34  ;   0   ;1310.00 ;22C   ;33%   ;-3.32  ;-5.61  ;   0   ;  2.29 ;  1.02 ;   37m ; 0
 2 ;Up   ;S221-1 ;1310.00 ;37C   ;45%   ;-3.27  ;-3.75  ;   0   ;1310.00 ;24C   ;31%   ;-3.24  ;-4.44  ;   0   ;  1.17 ;  0.51 ;   38m ; 0
 3 ;Up   ;S222-1 ;1310.00 ;36C   ;30%   ;-3.27  ;-3.49  ;   0   ;1310.00 ;25C   ;37%   ;-3.21  ;-2.69  ;   0   ; -0.58 ;  0.28 ;   38m ; 0
 4 ;Up   ;S180-1 ;1310.00 ;38C   ;45%   ;-3.31  ;-3.12  ;   0   ;1310.00 ;22C   ;38%   ;-3.26  ;-3.57  ;   0   ;  0.26 ; -0.14 ;   82m ; 0
 5 ;Up   ;S182-1 ;1310.00 ;37C   ;40%   ;-3.24  ;-3.24  ;   0   ;1310.00 ;23C   ;34%   ;-3.25  ;-3.79  ;   0   ;  0.55 ; -0.01 ;   82m ; 0
 6 ;Up   ;S223-1 ;1310.00 ;36C   ;44%   ;-3.27  ;-3.88  ;   0   ;1310.00 ;29C   ;38%   ;-3.21  ;-4.08  ;   0   ;  0.81 ;  0.67 ;   37m ; 0
-------------------------------------------------------------------------------------------------------------------------------------

=====================================================================================================================================
ID ;RiL    ;BOARD                      ;SFPLNH  ;PORT ;VENDOR   ;VENDORPROD       ;REV  ;SERIAL          ;DATE     ;ERICSSONPROD   ;WL      ;TEMP  ;TXbs  ;TXdBm  ;RXdBm  ; BER
=====================================================================================================================================
 1 ;S220-1 ;BB6630                     ;000100   ;  1 ;ERICSSON ;LCP-10G3B4HDRME4 ;A    ;2212094A2458994 ;20220324 ;RDH10265/2 R1A ;1310.00 ;32C   ;34%   ;-3.32  ;-4.34  ;   0
 2 ;S221-1 ;BB6630                     ;000100   ;  2 ;ERICSSON ;LCP-10G3B4HDRME4 ;A    ;2212094A2458996 ;20220324 ;RDH10265/2 R1A ;1310.00 ;37C   ;45%   ;-3.27  ;-3.75  ;   0
 3 ;S222-1 ;BB6630                     ;000100   ;  3 ;ERICSSON ;LCP-10G3B4HDRME4 ;A    ;2212094A2458988 ;20220324 ;RDH10265/2 R1A ;1310.00 ;36C   ;30%   ;-3.27  ;-3.49  ;   0
 4 ;S180-1 ;BB6630                     ;000100   ;  4 ;ERICSSON ;LCP-10G3B4HDRME4 ;A    ;2212094A2458985 ;20220324 ;RDH10265/2 R1A ;1310.00 ;38C   ;45%   ;-3.31  ;-3.12  ;   0
 5 ;S182-1 ;BB6630                     ;000100   ;  5 ;ERICSSON ;LCP-10G3B4HDRME4 ;A    ;2213094A2456578 ;20220329 ;RDH10265/2 R1A ;1310.00 ;37C   ;40%   ;-3.24  ;-3.24  ;   0
 6 ;S223-1 ;BB6630                     ;000100   ;  6 ;ERICSSON ;LCP-10G3B4HDRME4 ;A    ;2212094A2458983 ;20220324 ;RDH10265/2 R1A ;1310.00 ;36C   ;44%   ;-3.27  ;-3.88  ;   0
 1 ;S220-1 ;RRU247924B824B2024B28BM01* ;BXP_2    ;  1 ;ERICSSON ;LCP-10G3B4HDRME4 ;A    ;2212094A2458971 ;20220324 ;RDH10265/2 R1A ;1310.00 ;22C   ;33%   ;-3.32  ;-5.61  ;   0
 2 ;S221-1 ;RRU247924B824B2024B28BM01* ;BXP_3    ;  1 ;ERICSSON ;LCP-10G3B4HDRME4 ;A    ;2212094A2458969 ;20220324 ;RDH10265/2 R1A ;1310.00 ;24C   ;31%   ;-3.24  ;-4.44  ;   0
 3 ;S222-1 ;RRU247924B824B2024B28BM01* ;BXP_4    ;  1 ;ERICSSON ;LCP-10G3B4HDRME4 ;A    ;2212094A2458979 ;20220324 ;RDH10265/2 R1A ;1310.00 ;25C   ;37%   ;-3.21  ;-2.69  ;   0
 6 ;S223-1 ;RRU247924B824B2024B28BM01* ;BXP_5    ;  1 ;ERICSSON ;LCP-10G3B4HDRME4 ;A    ;2212094A2458978 ;20220324 ;RDH10265/2 R1A ;1310.00 ;29C   ;38%   ;-3.21  ;-4.08  ;   0
 4 ;S180-1 ;RRU4415B7                  ;BXP_6    ;  0 ;ERICSSON ;LCP-10G3B4HDRME4 ;A    ;2212094A2458989 ;20220324 ;RDH10265/2 R1A ;1310.00 ;22C   ;38%   ;-3.26  ;-3.57  ;   0
 5 ;S182-1 ;RRU4415B7                  ;BXP_7    ;  0 ;ERICSSON ;LCP-10G3B4HDRME4 ;A    ;2212094A2458968 ;20220324 ;RDH10265/2 R1A ;1310.00 ;23C   ;34%   ;-3.25  ;-3.79  ;   0
-------------------------------------------------------------------------------------------------------------------------------------
TN ;       ;BB6630                     ;000100   ;  A ;ERICSSON ;LCP-10G3B4HDRME4 ;A    ;2212094A2458981 ;20220324 ;RDH10265/2 R1A ;0       ;30C   ;42%   ;-3.26  ;-5.38  ; 0/0
-------------------------------------------------------------------------------------------------------------------------------------

=====================================================================================================================================
BOARD  ;LNH    ;PORT   ;T ;S ;OpMode   ;AutoNeg ;MacAddress        ;VlanIds        ;LOS ;BER
=====================================================================================================================================
BB6630 ;000100 ;IDL_A1 ;E ;1 ;10G_FULL ;false   ;7C:72:6E:79:21:75 ;3908           ;0   ;0/0
BB6630 ;000100 ;TN_A   ;O ;1 ;10G_FULL ;false   ;7C:72:6E:79:21:71 ;3901,3908,3910 ;0   ;0/0
-------------------------------------------------------------------------------------------------------------------------------------

radioClockState : RNT_TIME_LOCKED
-------------------------------------------------------------------------------------
Prio  ;ST  ;syncRefType    ;refStatus  ;opQualLevel  ;SyncReference
-------------------------------------------------------------------------------------
   1  ; 1  ;PTP_TIME       ;NO_FAULT   ;PRTC         ;Ptp=1,BoundaryOrdinaryClock=PTP (G_8275_1 EthernetPort=TN_A:SLAVE)
   2  ; 1  ;NTP_FREQUENCY  ;NO_FAULT   ;PRC          ;Ntp=1,NtpFrequencySync=NTP1 (10.31.0.54:32751 Router=45G_Traffic,InterfaceIPv4=LTE,AddressIPv4=LTE)
-------------------------------------------------------------------------------------
-------------------------------------------------------------------------------------
Prio  ;ST  ;assistRefStatus  ;recQualLevel  ;AssistingReference
-------------------------------------------------------------------------------------
   1  ; 0  ;UNKNOWN          ;PRTC          ;Synchronization=1,SyncEthInput=SyncE (SFP_OPTICAL EthernetPort=TN_A)
-------------------------------------------------------------------------------------
nodeGroupRole   : SYNC_RECEIVER (syncNodePriority=3, selectionMode=NODE_PRIORITY)
-------------------------------------------------------------------------------------
DU  ;Port  ;sharedUnitRef (RiPortA - RiPortB)  ;remoteNodePriority  ;CandidateStatus
-------------------------------------------------------------------------------------
1   ;F     ;Fru=Radio-S223-1 (2 - 1)           ;1                   ;OK_NOT_ACTIVE
1   ;C     ;Fru=Radio-S222-1 (2 - 1)           ;1                   ;OK_NOT_ACTIVE
1   ;B     ;Fru=Radio-S221-1 (2 - 1)           ;1                   ;OK_NOT_ACTIVE
1   ;A     ;Fru=Radio-S220-1 (2 - 1)           ;1                   ;OK_ACTIVE
-------------------------------------------------------------------------------------

=====================================================================================================================================
FRU          ;LNH    ;BOARD                      ;RF  ;BP  ;TX (W/dBm)  ;VSWR (RL)   ;RX (dBm) ;UEs/gUEs  ;Sector/AntennaGroup/Cells (State:CellIds:PCIs)
=====================================================================================================================================
Radio-S180-1 ;BXP_6  ;RRU4415B7                  ; A  ;11  ;20.4 (43.1) ;1.21 (20.5) ;-92.6    ;4/-       ;SE=180 AG=180 FDD=CZ10L1 (1:21:302)
Radio-S180-1 ;BXP_6  ;RRU4415B7                  ; B  ;11  ;-           ;1.18 (21.7) ;-98.7    ;4/-       ;SE=180 AG=180 FDD=CZ10L1 (1:21:302)
Radio-S180-1 ;BXP_6  ;RRU4415B7                  ; C  ;11  ;19.5 (42.9) ;1.10 (26.3) ;-98.5    ;7/-       ;SE=181 AG=181 FDD=CZ10L2 (1:22:170)
Radio-S180-1 ;BXP_6  ;RRU4415B7                  ; D  ;11  ;-           ;1.09 (27.5) ;-97.0    ;7/-       ;SE=181 AG=181 FDD=CZ10L2 (1:22:170)
Radio-S182-1 ;BXP_7  ;RRU4415B7                  ; A  ;11  ;22.9 (43.6) ;1.17 (22.2) ;-99.3    ;2/-       ;SE=182 AG=182 FDD=CZ10L3 (1:23:424)
Radio-S182-1 ;BXP_7  ;RRU4415B7                  ; B  ;11  ;-           ;1.11 (25.3) ;-99.3    ;2/-       ;SE=182 AG=182 FDD=CZ10L3 (1:23:424)
Radio-S182-1 ;BXP_7  ;RRU4415B7                  ; C  ;11  ;14.1 (41.5) ;1.10 (26.2) ;-97.9    ;4/-       ;SE=183 AG=183 FDD=CZ10L4 (1:24:190)
Radio-S182-1 ;BXP_7  ;RRU4415B7                  ; D  ;11  ;14.1 (41.5) ;1.14 (23.6) ;-98.3    ;4/-       ;SE=183 AG=183 FDD=CZ10L4 (1:24:190)
Radio-S220-1 ;BXP_2  ;RRU247924B824B2024B28BM01* ; A  ;11  ;36.6 (45.6) ;1.26 (18.8) ;-81.7    ;1/-       ;SE=220* AG=220 GT=CZ10D1/0 GT=CZ10D1/1 GT=CZ10D1/2 FDD=CZ10E1 NIOT=CZ10N1 (1, 1, 1, 1:61:111, 1:161:111)
Radio-S220-1 ;BXP_2  ;RRU247924B824B2024B28BM01* ; B  ;11  ;36.4 (45.6) ;1.27 (18.6) ;-79.9    ;1/-       ;SE=220* AG=220 GT=CZ10D1/0 GT=CZ10D1/1 GT=CZ10D1/2 FDD=CZ10E1 NIOT=CZ10N1 (1, 1, 1, 1:61:111, 1:161:111)
Radio-S220-1 ;BXP_2  ;RRU247924B824B2024B28BM01* ; C  ;11  ;7.9 (39.0)  ;1.08 (28.8) ;-79.1    ;1/-       ;SE=220* AG=220 GT=CZ10D1/0 GT=CZ10D1/1 GT=CZ10D1/2 FDD=CZ10E1 NIOT=CZ10N1 (1, 1, 1, 1:61:111, 1:161:111)
Radio-S220-1 ;BXP_2  ;RRU247924B824B2024B28BM01* ; D  ;11  ;7.8 (38.9)  ;1.13 (24.5) ;-82.0    ;1/-       ;SE=220* AG=220 GT=CZ10D1/0 GT=CZ10D1/1 GT=CZ10D1/2 FDD=CZ10E1 NIOT=CZ10N1 (1, 1, 1, 1:61:111, 1:161:111)
Radio-S221-1 ;BXP_3  ;RRU247924B824B2024B28BM01* ; A  ;11  ;19.1 (42.8) ;1.24 (19.5) ;-65.3    ;3/-       ;SE=221* AG=221 GT=CZ10D2/0 GT=CZ10D2/1 GT=CZ10D2/2 FDD=CZ10E2 NIOT=CZ10N2 (1, 1, 1, 1:62:143, 1:162:143)
Radio-S221-1 ;BXP_3  ;RRU247924B824B2024B28BM01* ; B  ;11  ;13.2 (41.2) ;1.22 (20.0) ;-67.3    ;3/-       ;SE=221* AG=221 GT=CZ10D2/0 GT=CZ10D2/1 GT=CZ10D2/2 FDD=CZ10E2 NIOT=CZ10N2 (1, 1, 1, 1:62:143, 1:162:143)
Radio-S221-1 ;BXP_3  ;RRU247924B824B2024B28BM01* ; C  ;11  ;7.4 (38.7)  ;1.19 (21.2) ;-67.2    ;3/-       ;SE=221* AG=221 GT=CZ10D2/0 GT=CZ10D2/1 GT=CZ10D2/2 FDD=CZ10E2 NIOT=CZ10N2 (1, 1, 1, 1:62:143, 1:162:143)
Radio-S221-1 ;BXP_3  ;RRU247924B824B2024B28BM01* ; D  ;11  ;7.4 (38.7)  ;1.25 (19.1) ;-65.7    ;3/-       ;SE=221* AG=221 GT=CZ10D2/0 GT=CZ10D2/1 GT=CZ10D2/2 FDD=CZ10E2 NIOT=CZ10N2 (1, 1, 1, 1:62:143, 1:162:143)
Radio-S222-1 ;BXP_4  ;RRU247924B824B2024B28BM01* ; A  ;11  ;30.2 (44.8) ;1.13 (24.1) ;-86.6    ;9/-       ;SE=222* AG=222 GT=CZ10D3/0 GT=CZ10D3/1 GT=CZ10D3/2 FDD=CZ10E3 NIOT=CZ10N3 (1, 1, 1, 1:63:465, 1:163:465)
Radio-S222-1 ;BXP_4  ;RRU247924B824B2024B28BM01* ; B  ;11  ;30.5 (44.8) ;1.18 (21.7) ;-88.8    ;9/-       ;SE=222* AG=222 GT=CZ10D3/0 GT=CZ10D3/1 GT=CZ10D3/2 FDD=CZ10E3 NIOT=CZ10N3 (1, 1, 1, 1:63:465, 1:163:465)
Radio-S222-1 ;BXP_4  ;RRU247924B824B2024B28BM01* ; C  ;11  ;7.4 (38.7)  ;1.16 (22.5) ;-87.8    ;9/-       ;SE=222* AG=222 GT=CZ10D3/0 GT=CZ10D3/1 GT=CZ10D3/2 FDD=CZ10E3 NIOT=CZ10N3 (1, 1, 1, 1:63:465, 1:163:465)
Radio-S222-1 ;BXP_4  ;RRU247924B824B2024B28BM01* ; D  ;11  ;7.4 (38.7)  ;1.15 (23.0) ;-88.0    ;9/-       ;SE=222* AG=222 GT=CZ10D3/0 GT=CZ10D3/1 GT=CZ10D3/2 FDD=CZ10E3 NIOT=CZ10N3 (1, 1, 1, 1:63:465, 1:163:465)
Radio-S223-1 ;BXP_5  ;RRU247924B824B2024B28BM01* ; A  ;11  ;18.8 (42.7) ;1.19 (21.1) ;-86.5    ;6/-       ;SE=223* AG=223 GT=CZ10D4/0 GT=CZ10D4/1 FDD=CZ10E4 NIOT=CZ10N4 (1, 1, 1:64:40, 1:164:40)
Radio-S223-1 ;BXP_5  ;RRU247924B824B2024B28BM01* ; B  ;11  ;18.1 (42.6) ;1.07 (29.0) ;-86.7    ;6/-       ;SE=223* AG=223 GT=CZ10D4/0 GT=CZ10D4/1 FDD=CZ10E4 NIOT=CZ10N4 (1, 1, 1:64:40, 1:164:40)
Radio-S223-1 ;BXP_5  ;RRU247924B824B2024B28BM01* ; C  ;11  ;7.8 (38.9)  ;1.31 (17.4) ;-86.9    ;6/-       ;SE=223* AG=223 GT=CZ10D4/0 GT=CZ10D4/1 FDD=CZ10E4 NIOT=CZ10N4 (1, 1, 1:64:40, 1:164:40)
Radio-S223-1 ;BXP_5  ;RRU247924B824B2024B28BM01* ; D  ;11  ;7.9 (39.0)  ;1.11 (25.6) ;-86.9    ;6/-       ;SE=223* AG=223 GT=CZ10D4/0 GT=CZ10D4/1 FDD=CZ10E4 NIOT=CZ10N4 (1, 1, 1:64:40, 1:164:40)
-------------------------------------------------------------------------------------------------------------------------------------

CZ10E> mfar

251125-11:39:43+0100 19.31.11.172 25.0h MSRBS_NODE_MODEL_25.Q1_198665.224.73_bf81 stopfile=/tmp/2159280
.........
Last MO: 18486. Loaded 18486 MOs. Total: 18487 MOs.
................................................
get /rop/A20251125.0900-0915_CZ10E.xml.gz /ericsson/log/amos/moshell_logfiles/t20251125_37258710_65084/logs_moshell/pmfiles/19.31.11.172/rop/A20251125.0900-0915_CZ10E.xml.gz ... OK
get /rop/A20251125.0915-0930_CZ10E.xml.gz /ericsson/log/amos/moshell_logfiles/t20251125_37258710_65084/logs_moshell/pmfiles/19.31.11.172/rop/A20251125.0915-0930_CZ10E.xml.gz ... OK
get /rop/A20251125.0930-0945_CZ10E.xml.gz /ericsson/log/amos/moshell_logfiles/t20251125_37258710_65084/logs_moshell/pmfiles/19.31.11.172/rop/A20251125.0930-0945_CZ10E.xml.gz ... OK

Using hardcoded thresholds: 3, 4.5, and 16.5
================================================================================================================================
SC     SE  Tx/Rx BrPair  RfPort1 - RfPort2               HW       Serial      Cell (State)   Samples   Med  Mean  SDev Pol Res Issue
================================================================================================================================
CZ10E1 220   2/4 0 (1,2) Radio-S220-1(A) Radio-S220-1(B) RRU2479  TU8U028AQJ  FDD=CZ10E1 (1)   10642   0.5   0.3   6.8  NA  OK Passed
CZ10E1 220   2/4 1 (2,3) Radio-S220-1(B) Radio-S220-1(C) RRU2479  TU8U028AQJ  FDD=CZ10E1 (1)   10642  -0.5  -0.2   2.8  NA  OK Passed
CZ10E1 220   2/4 2 (3,4) Radio-S220-1(C) Radio-S220-1(D) RRU2479  TU8U028AQJ  FDD=CZ10E1 (1)   10642  -0.5  -0.0   7.0  NA  OK Passed
CZ10E2 221   2/4 0 (1,2) Radio-S221-1(A) Radio-S221-1(B) RRU2479  TU8U029W60  FDD=CZ10E2 (1)   40082  -0.5  -0.9   7.1  NA  OK Passed
CZ10E2 221   2/4 1 (2,3) Radio-S221-1(B) Radio-S221-1(C) RRU2479  TU8U029W60  FDD=CZ10E2 (1)   40082   1.5   1.2   2.3  NA  OK Passed
CZ10E2 221   2/4 2 (3,4) Radio-S221-1(C) Radio-S221-1(D) RRU2479  TU8U029W60  FDD=CZ10E2 (1)   40082  -1.5  -1.6   6.8  NA  OK Passed
CZ10E3 222   2/4 0 (1,2) Radio-S222-1(A) Radio-S222-1(B) RRU2479  TU8U022HF4  FDD=CZ10E3 (1)   81178  -1.5  -1.3   7.0  NA  OK Passed
CZ10E3 222   2/4 1 (2,3) Radio-S222-1(B) Radio-S222-1(C) RRU2479  TU8U022HF4  FDD=CZ10E3 (1)   81178   0.5   0.9   2.3  NA  OK Passed
CZ10E3 222   2/4 2 (3,4) Radio-S222-1(C) Radio-S222-1(D) RRU2479  TU8U022HF4  FDD=CZ10E3 (1)   81178  -0.5  -0.8   7.0  NA  OK Passed
CZ10E4 223   2/4 0 (1,2) Radio-S223-1(A) Radio-S223-1(B) RRU2479  TU8U022H6T  FDD=CZ10E4 (1)   61898   0.5   0.4   2.6  NA  OK Passed
CZ10E4 223   2/4 1 (2,3) Radio-S223-1(B) Radio-S223-1(C) RRU2479  TU8U022H6T  FDD=CZ10E4 (1)   61898  -0.5  -1.0   7.7  NA  OK Passed
CZ10E4 223   2/4 2 (3,4) Radio-S223-1(C) Radio-S223-1(D) RRU2479  TU8U022H6T  FDD=CZ10E4 (1)   61898   0.5   0.4   2.8  NA  OK Passed
CZ10L1 180   2/2 0 (1,2) Radio-S180-1(A) Radio-S180-1(B) RRU4415  DH80215758  FDD=CZ10L1 (1)   21569   2.5   1.7   6.7  NA  OK Passed
CZ10L2 181   2/2 0 (1,2) Radio-S180-1(C) Radio-S180-1(D) RRU4415  DH80215758  FDD=CZ10L2 (1)  125648   0.5   1.3   7.3  NA  OK Passed
CZ10L3 182   2/2 0 (1,2) Radio-S182-1(A) Radio-S182-1(B) RRU4415  B070839638  FDD=CZ10L3 (1)   27844   0.5   0.2   7.6  NA  OK Passed
CZ10L4 183   2/2 0 (1,2) Radio-S182-1(C) Radio-S182-1(D) RRU4415  B070839638  FDD=CZ10L4 (1)   36060  -3.5  -2.6   7.6  NA  OK Passed
================================================================================================================================
Total: 8 SectorCarriers, 16 RfBranch Pairs (16 OK, 0 OKW, 0 NOK, 0 NT)
.........
Last MO: 18486. Loaded 18486 MOs. Total: 18487 MOs.

No NRSectorCarrier MOs are defined on the node.

CZ10E> mfitr

251125-11:40:02+0100 19.31.11.172 25.0h MSRBS_NODE_MODEL_25.Q1_198665.224.73_bf81 stopfile=/tmp/2159280
.................
Last MO: 18486. Loaded 18486 MOs. Total: 18487 MOs.
...........
2025-11-25 11:40
================================================================================================================================
CELL       SC     FRU          BOARD                     PUSCH  PUCCH       A      B      C      D  DELTA
================================================================================================================================
FDD=CZ10E1 CZ10E1 Radio-S220-1 RRU247924B824B2024B28BM01 -109.4 -108.7 -107.8 -109.0 -107.8 -108.8    1.2
FDD=CZ10E2 CZ10E2 Radio-S221-1 RRU247924B824B2024B28BM01 -108.0 -106.6 -109.2 -109.2 -109.4 -109.8    0.6
FDD=CZ10E3 CZ10E3 Radio-S222-1 RRU247924B824B2024B28BM01 -107.8 -104.9 -107.9 -107.4 -107.8 -108.2    0.8
FDD=CZ10E4 CZ10E4 Radio-S223-1 RRU247924B824B2024B28BM01 -107.8 -105.3 -105.5 -105.8 -106.6 -106.4    1.1
FDD=CZ10L1 CZ10L1 Radio-S180-1 RRU4415B7                 -117.5 -114.0 -115.4 -118.6                  3.2
FDD=CZ10L2 CZ10L2 Radio-S180-1 RRU4415B7                 -118.5 -118.5               -118.7 -118.8    0.1
FDD=CZ10L3 CZ10L3 Radio-S182-1 RRU4415B7                 -118.1 -118.4 -118.4 -118.4                    0
FDD=CZ10L4 CZ10L4 Radio-S182-1 RRU4415B7                 -118.1 -118.1               -118.1 -117.5    0.6
================================================================================================================================
Bye...
Output has been logged to file /mta_fs/UserFiles/37258710/amosbatch/SDIR/CZ10E.log
