Logging to file /mta_fs/UserFiles/37258710/amosbatch/SDIR/CZ56E.log
                        __  __  ____   _____
                  /\   |  \/  |/ __ \ / ____|
                 /  \  | \  / | |  | | (___  
                / /\ \ | |\/| | |  | |\___ \ 
               / ____ \| |  | | |__| |____) |
              /_/    \_\_|  |_|\____/|_____/
              OSS Framework for MoShell-25.0h 
  Copyright (c) Ericsson AB 2001-2025 - All Rights Reserved
              
           
[1;31mWARNING: [0mthe AMOS version currently running is more than 29 weeks old and is unsupported.
Please upgrade as soon as possible to the latest released version, available from your local Ericsson support.

$amosrb_pid = 2627291

Checking ip contact...OK

HELP MENU            : h
BASIC MO COMMANDS    : m
OTHER MO COMMANDS    : n
OTHER COMMANDS       : o
PM COMMANDS          : p
QUIT                 : q

CZ56E> lt all

251125-13:59:11+0100 19.31.11.202 25.0h  stopfile=/tmp/2627208
Looking up temporary_amos account... OK.
Trying temporary_amos_t20251125_37258710_65084_131's password from amos lookupAccount ... OK

$ssh_pid = 2627662

Connected to 19.31.11.202 (SubNetwork=BBMM_rckomc_R,MeContext=CZ56E,ManagedElement=CZ56E)

Checking MOM version...MSRBS_NODE_MODEL_25.Q1_693.28324.131_62ac
Parsing MOM (cached): /ericsson/log/amos/moshell_logfiles/t20251125_37258710_65084/logs_moshell/tempfiles/scp-4-amos_20251125-135904_2627147/MSRBS_NODE_MODEL_25.Q1_693.28324.131_62ac.xml.cache.gz ..................................................................................................................................................................................................................................Done.
Using paramfile /opt/ericsson/amos/moshell/commonjars/pm/PARAM_MSRBS_25.Q1.txt
Parsing file /opt/ericsson/amos/moshell/commonjars/pm/PARAM_MSRBS_25.Q1.txt .......................................................................................Done.
Using imomdfile /opt/ericsson/amos/moshell/commonjars/pm/IMOMD_MSRBS_22.Q4.txt
Using imomfile /opt/ericsson/amos/moshell/commonjars/pm/IMOM_MSRBS_25.Q1.txt
Connected to 19.31.11.202 (SubNetwork=BBMM_rckomc_R,MeContext=CZ56E,ManagedElement=CZ56E)

Last MO: 17468. Loaded 17468 MOs. Total: 17469 MOs.

CZ56E> st cell

251125-13:59:24+0100 19.31.11.202 25.0h MSRBS_NODE_MODEL_25.Q1_693.28324.131_62ac stopfile=/tmp/2627208
===================================================================================
Proxy  Adm State     Op. State     MO
===================================================================================
   43  1 (UNLOCKED)  1 (ENABLED)   ENodeBFunction=1,EUtranCellFDD=CZ56E1
  146  1 (UNLOCKED)  1 (ENABLED)   ENodeBFunction=1,EUtranCellFDD=CZ56E2
  241  1 (UNLOCKED)  1 (ENABLED)   ENodeBFunction=1,EUtranCellFDD=CZ56M1
  337  1 (UNLOCKED)  1 (ENABLED)   ENodeBFunction=1,EUtranCellFDD=CZ56M2
  427  1 (UNLOCKED)  1 (ENABLED)   ENodeBFunction=1,EUtranCellFDD=CZ56T1
  528  1 (UNLOCKED)  1 (ENABLED)   ENodeBFunction=1,EUtranCellFDD=CZ56T2
  867  1 (UNLOCKED)  1 (ENABLED)   ENodeBFunction=1,NbIotCell=CZ56N1
  868  1 (UNLOCKED)  1 (ENABLED)   ENodeBFunction=1,NbIotCell=CZ56N2
===================================================================================
Total: 8 MOs

CZ56E> st radio

251125-13:59:25+0100 19.31.11.202 25.0h MSRBS_NODE_MODEL_25.Q1_693.28324.131_62ac stopfile=/tmp/2627208
===================================================================================
Proxy  Adm State     Op. State     MO
===================================================================================
 1640  1 (UNLOCKED)  1 (ENABLED)   Equipment=1,FieldReplaceableUnit=Radio-S110-1
 1663  1 (UNLOCKED)  1 (ENABLED)   Equipment=1,FieldReplaceableUnit=Radio-S111-1
 1686  1 (UNLOCKED)  1 (ENABLED)   Equipment=1,FieldReplaceableUnit=Radio-S210-1
 1703  1 (UNLOCKED)  1 (ENABLED)   Equipment=1,FieldReplaceableUnit=Radio-S211-1
17459  1 (UNLOCKED)  1 (ENABLED)   Transport=1,Synchronization=1,RadioEquipmentClock=1,RadioEquipmentClockReference=NTP1
17460  1 (UNLOCKED)  1 (ENABLED)   Transport=1,Synchronization=1,RadioEquipmentClock=1,RadioEquipmentClockReference=PTP
===================================================================================
Total: 6 MOs

CZ56E> sdir

251125-13:59:25+0100 19.31.11.202 25.0h MSRBS_NODE_MODEL_25.Q1_693.28324.131_62ac stopfile=/tmp/2627208
INFO: Using amos lookupAccount credentials for the export login
...............................
get /rop/A20251125.1200-1215_CZ56E.xml.gz /ericsson/log/amos/moshell_logfiles/t20251125_37258710_65084/logs_moshell/pmfiles/19.31.11.202/rop/A20251125.1200-1215_CZ56E.xml.gz ... OK
get /rop/A20251125.1215-1230_CZ56E.xml.gz /ericsson/log/amos/moshell_logfiles/t20251125_37258710_65084/logs_moshell/pmfiles/19.31.11.202/rop/A20251125.1215-1230_CZ56E.xml.gz ... OK
get /rop/A20251125.1230-1245_CZ56E.xml.gz /ericsson/log/amos/moshell_logfiles/t20251125_37258710_65084/logs_moshell/pmfiles/19.31.11.202/rop/A20251125.1230-1245_CZ56E.xml.gz ... OK
....Checking available boards on node...

Collecting RCS board data ...
.........................................................................................................................
......................
................................................................................................................................................................................................................................................................
get /rop/A20251125.1245-1300_CZ56E.xml.gz /ericsson/log/amos/moshell_logfiles/t20251125_37258710_65084/logs_moshell/pmfiles/19.31.11.202/rop/A20251125.1245-1300_CZ56E.xml.gz ... OK
....
Collecting TN data...
..........................................................................................................................................................................
Getting MO data from node (67 MOs). Please wait...
0%                                             ~50%                                           ~100%
................................................................................................................................
Collecting RF data...
...
Collecting Alarms...
..Executing action Log.export()
...
Log=AlarmLog                    actionId=20793
............
Executing action LogM.exportAvailabilityLog()
..LogM=1,exportAvailabilityLog    actionId=20794
.....Parsing alarmLog.......Done.
Parsing availabilityLog........Done.
.........

Total: 4 CPRI links (4 OK, 0 OKW, 0 NOK, 0 NT)
.
+--------+                      +--------------------+
|        | A        O101     D1 |    Radio-S210-1    |
|        |-----------1----------| RRU227922B822B20C* |
|        |         OK-43m       |       BXP_4        |
|        |                      +--------------------+
|        |                                     |A  |B
|        |                  SE=210* AG=210 FDD=CZ56E1
|        |                                NIOT=CZ56N1
|        |
|        |                      +--------------------+
|        | B        O101     D1 |    Radio-S211-1    |
|        |-----------2----------| RRU227922B822B20C* |
|        |         OK-42m       |       BXP_5        |
|        |                      +--------------------+
|        |                                     |A  |B
|        |                  SE=211* AG=211 FDD=CZ56E2
|  BB-1  |                                NIOT=CZ56N2
| BB6631 |
| 000100 |                      +------------------+
|        | D        O101     D2 |   Radio-S110-1   |
|        |-----------3----------| RRU449944B144B3C |
|        |         OK-42m       |      BXP_3       |
|        |                      +------------------+
|        |                           |A  |B  |C  |D
|        |                 SE=110 AG=110 FDD=CZ56M1
|        |                               FDD=CZ56T1
|        |
|        |                      +------------------+
|        | E        O101     D2 |   Radio-S111-1   |
|        |-----------4----------| RRU449944B144B3C |
|        |         OK-42m       |      BXP_2       |
|        |                      +------------------+
|        |                           |A  |B  |C  |D
|        |                 SE=111 AG=111 FDD=CZ56M2
+--------+                               FDD=CZ56T2

=====================================================================================================================================
ID RiL    Type Res MO1-MO2                  BOARD1-BOARD2             AlmIDs Cells (States)               Issue (Failed checks)
=====================================================================================================================================
 1 S210-1 O101 OK  BB-1(A) Radio-S210-1(D1) BB6631 RRU227922B822B20C*        FDD=CZ56E1 NIOT=CZ56N1 (1,1) Passed
 2 S211-1 O101 OK  BB-1(B) Radio-S211-1(D1) BB6631 RRU227922B822B20C*        FDD=CZ56E2 NIOT=CZ56N2 (1,1) Passed
 3 S110-1 O101 OK  BB-1(D) Radio-S110-1(D2) BB6631 RRU449944B144B3C          FDD=CZ56M1 FDD=CZ56T1 (1,1)  Passed
 4 S111-1 O101 OK  BB-1(E) Radio-S111-1(D2) BB6631 RRU449944B144B3C          FDD=CZ56M2 FDD=CZ56T2 (1,1)  Passed
-------------------------------------------------------------------------------------------------------------------------------------

Node: RadioNode L   CXP2010174/2_R27J08 (25.Q1)   G3.1   LTE-FDD,LTE-IoT 

=====================================================================================================================================
FRU          ;LNH    ;BOARD              ;ST ;FAULT ;OPER ;MAINT ;STAT ;PRODUCTNUMBER   ;REV     ;SERIAL        ;DATE     ;PMTEMP ; TEMP ; UPT ;VOLT ;SW                   ;
=====================================================================================================================================
BB-1         ;000100 ;BB6631             ; 1 ;  OFF ;  ON ;  OFF ;  ON ;KDU1370071/11   ;R2A     ;E96A00YQGA    ;20230308 ;3 (OK) ;      ;46.2 ;52   ;                     ;
Radio-S110-1 ;BXP_3  ;RRU449944B144B3C   ; 1 ;  OFF ;  ON ;  OFF ; N/A ;KRC161787/1     ;R2F     ;E23E516400    ;20230302 ;4 (OK) ; 36.2 ;46.1 ;52.5 ;CXP9013268%15_R101LX ; (Radio449944B144B3C)
Radio-S111-1 ;BXP_2  ;RRU449944B144B3C   ; 1 ;  OFF ;  ON ;  OFF ; N/A ;KRC161787/1     ;R2F     ;E23E516439    ;20230302 ;4 (OK) ; 28.7 ;46.1 ;52.8 ;CXP9013268%15_R101LX ; (Radio449944B144B3C)
Radio-S210-1 ;BXP_4  ;RRU227922B822B20C* ; 1 ;  OFF ;  ON ;  OFF ; N/A ;KRC161864/1     ;R1F     ;TU8U01Z63C    ;20230306 ;4 (OK) ; 31.0 ;46.1 ;52.8 ;CXP9013268%15_R101LX ; (Radio227922B822B20C)
Radio-S211-1 ;BXP_5  ;RRU227922B822B20C* ; 1 ;  OFF ;  ON ;  OFF ; N/A ;KRC161864/1     ;R1F     ;TU8U01Z633    ;20230306 ;4 (OK) ; 33.0 ;46.1 ;53.1 ;CXP9013268%15_R101LX ; (Radio227922B822B20C)
-------------------------------------------------------------------------------------------------------------------------------------

=====================================================================================================================================
AntennaNearUnit                                       ;ST  ;TYPE   ;PRODUCTNR     ;REV                ;UNIQUEID             ;RfPort
=====================================================================================================================================
AntennaUnitGroup=210,AntennaNearUnit=RET_1500         ; 1  ;S-RET  ;AIMM20M22v01  ;WD82MANBRCU_VER.D  ;HWM3065L4054S002Ry4  ;FieldReplaceableUnit=Radio-S210-1,RfPort=R
AntennaUnitGroup=210,AntennaNearUnit=RET_1800_2100_1  ; 1  ;S-RET  ;AIMM20M22v01  ;WD82MANBRCU_VER.D  ;HWM3065L4054R004Lb1  ;FieldReplaceableUnit=Radio-S210-1,RfPort=R
AntennaUnitGroup=210,AntennaNearUnit=RET_1800_2100_2  ; 1  ;S-RET  ;AIMM20M22v01  ;WD82MANBRCU_VER.D  ;HWM3065L4054W057Rb2  ;FieldReplaceableUnit=Radio-S210-1,RfPort=R
AntennaUnitGroup=210,AntennaNearUnit=RET_2600_1       ; 1  ;S-RET  ;AIMM20M22v01  ;WD82MANBRCU_VER.D  ;HWM3065L4054U01CLy2  ;FieldReplaceableUnit=Radio-S210-1,RfPort=R
AntennaUnitGroup=210,AntennaNearUnit=RET_2600_2       ; 1  ;S-RET  ;AIMM20M22v01  ;WD82MANBRCU_VER.D  ;HWM3065L4054T01CRy3  ;FieldReplaceableUnit=Radio-S210-1,RfPort=R
AntennaUnitGroup=210,AntennaNearUnit=RET_800_900      ; 1  ;S-RET  ;AIMM20M22v01  ;WD82MANBRCU_VER.D  ;HWM3065L4054X052Lr1  ;FieldReplaceableUnit=Radio-S210-1,RfPort=R
AntennaUnitGroup=211,AntennaNearUnit=RET_1500         ; 1  ;S-RET  ;AIMM20M22v01  ;WD82MANBRCU_VER.D  ;HWM3065L3065G034Ry4  ;FieldReplaceableUnit=Radio-S211-1,RfPort=R
AntennaUnitGroup=211,AntennaNearUnit=RET_1800_2100_1  ; 1  ;S-RET  ;AIMM20M22v01  ;WD82MANBRCU_VER.D  ;HWM3065L3065F041Lb1  ;FieldReplaceableUnit=Radio-S211-1,RfPort=R
AntennaUnitGroup=211,AntennaNearUnit=RET_1800_2100_2  ; 1  ;S-RET  ;AIMM20M22v01  ;WD82MANBRCU_VER.D  ;HWM3065L3065L060Rb2  ;FieldReplaceableUnit=Radio-S211-1,RfPort=R
AntennaUnitGroup=211,AntennaNearUnit=RET_2600_1       ; 1  ;S-RET  ;AIMM20M22v01  ;WD82MANBRCU_VER.D  ;HWM3065L3065J08CLy2  ;FieldReplaceableUnit=Radio-S211-1,RfPort=R
AntennaUnitGroup=211,AntennaNearUnit=RET_2600_2       ; 1  ;S-RET  ;AIMM20M22v01  ;WD82MANBRCU_VER.D  ;HWM3065L3065H01CRy3  ;FieldReplaceableUnit=Radio-S211-1,RfPort=R
AntennaUnitGroup=211,AntennaNearUnit=RET_800_900      ; 1  ;S-RET  ;AIMM20M22v01  ;WD82MANBRCU_VER.D  ;HWM3065L3065M066Lr1  ;FieldReplaceableUnit=Radio-S211-1,RfPort=R
-------------------------------------------------------------------------------------------------------------------------------------

=====================================================================================================================================
XPBOARD  ;ST ;FAULT ;OPER ;PRODUCTNUMBER ;REV ;SERIAL/NAME ;DATE     ; TEMP ;MO
=====================================================================================================================================
FAN08    ; 1 ;N/A   ;N/A  ;BKV106236/1   ;R2G ;CE5100SKKJ  ;20221013 ; 44.0 ;SupportUnit=1 (FAN  BB-1)
-------------------------------------------------------------------------------------------------------------------------------------

=====================================================================================================================================
ID ;T ;RiL    ;BPBP ;BOARD1             ;LNH1 ;PORT ;R ;LINK ;RATE  ; BER ;BOARD2             ;LNH2 ;PORT ;R ;LINK ;RATE  ; BER ;LENGTH ;MO1 - MO2
=====================================================================================================================================
 1 ;O ;S210-1 ;1111 ;BB6631             ;000100 ; 1 ;M ;Up   ;10.1G ;   0 ;RRU227922B822B20C* ;BXP_4  ; 0 ;S ;Up   ;10.1G ;   0 ;   43m ;Fru=BB-1(A) Fru=Radio-S210-1(D1)
 2 ;O ;S211-1 ;1111 ;BB6631             ;000100 ; 2 ;M ;Up   ;10.1G ;   0 ;RRU227922B822B20C* ;BXP_5  ; 0 ;S ;Up   ;10.1G ;   0 ;   42m ;Fru=BB-1(B) Fru=Radio-S211-1(D1)
 3 ;O ;S110-1 ;1111 ;BB6631             ;000100 ; 4 ;M ;Up   ;10.1G ;   0 ;RRU449944B144B3C   ;BXP_3  ; 1 ;S ;Up   ;10.1G ;   0 ;   42m ;Fru=BB-1(D) Fru=Radio-S110-1(D2)
 4 ;O ;S111-1 ;1111 ;BB6631             ;000100 ; 5 ;M ;Up   ;10.1G ;   0 ;RRU449944B144B3C   ;BXP_2  ; 1 ;S ;Up   ;10.1G ;   0 ;   42m ;Fru=BB-1(E) Fru=Radio-S111-1(D2)
-------------------------------------------------------------------------------------------------------------------------------------

=====================================================================================================================================
ID ;LINK ;RiL    ;VENDOR1  ;VENDORPROD1     ;REV1 ;SERIAL1        ;DATE1    ;ERICSSONPROD1      ;VENDOR2  ;VENDORPROD2     ;REV2 ;SERIAL2        ;DATE2    ;ERICSSONPROD2      ;TT ;WL1     ;WL2    
=====================================================================================================================================
 1 ;Up   ;S210-1 ;ERICSSON ;RTXM228-702-C22 ;1.0  ;HN230700071680 ;20230217 ;RDH10265/2 R1A     ;ERICSSON ;RTXM228-702-C22 ;1.0  ;HN230700071628 ;20230217 ;RDH10265/2 R1A     ;0  ;1310.00 ;1310.00
 2 ;Up   ;S211-1 ;ERICSSON ;RTXM228-702-C22 ;1.0  ;HN230700071318 ;20230217 ;RDH10265/2 R1A     ;ERICSSON ;RTXM228-702-C22 ;1.0  ;HN230700071632 ;20230217 ;RDH10265/2 R1A     ;0  ;1310.00 ;1310.00
 3 ;Up   ;S110-1 ;ERICSSON ;RTXM228-702-C22 ;1.0  ;HN230700071319 ;20230217 ;RDH10265/2 R1A     ;ERICSSON ;RTXM228-702-C22 ;1.0  ;HN230700071630 ;20230217 ;RDH10265/2 R1A     ;0  ;1310.00 ;1310.00
 4 ;Up   ;S111-1 ;ERICSSON ;RTXM228-702-C22 ;1.0  ;CU824A21JH     ;20240131 ;RDH10265/2 R1A     ;ERICSSON ;RTXM228-702-C22 ;1.0  ;HN230700071629 ;20230217 ;RDH10265/2 R1A     ;0  ;1310.00 ;1310.00
-------------------------------------------------------------------------------------------------------------------------------------

=====================================================================================================================================
ID ;LINK ;RiL    ;WL1     ;TEMP1 ;TXbs1 ;TXdBm1 ;RXdBm1 ;BER1   ;WL2     ;TEMP2 ;TXbs2 ;TXdBm2 ;RXdBm2 ;BER2   ;DlLoss ;UlLoss ;LENGTH ;TT
=====================================================================================================================================
 1 ;Up   ;S210-1 ;1310.00 ;46C   ;58%   ;-0.35  ;-2.15  ;   0   ;1310.00 ;32C   ;54%   ;-1.71  ;-0.61  ;   0   ;  0.26 ;  0.44 ;   43m ; 0
 2 ;Up   ;S211-1 ;1310.00 ;44C   ;57%   ;-0.89  ;-1.26  ;   0   ;1310.00 ;30C   ;53%   ;-1.06  ;-0.77  ;   0   ; -0.12 ;   0.2 ;   42m ; 0
 3 ;Up   ;S110-1 ;1310.00 ;44C   ;56%   ;-0.75  ;-1.38  ;   0   ;1310.00 ;35C   ;56%   ;-0.85  ;-0.88  ;   0   ;  0.13 ;  0.53 ;   42m ; 0
 4 ;Up   ;S111-1 ;1310.00 ;42C   ;56%   ;-1.24  ;-1.81  ;   0   ;1310.00 ;28C   ;52%   ;-1.57  ;-2.01  ;   0   ;  0.77 ;  0.24 ;   42m ; 0
-------------------------------------------------------------------------------------------------------------------------------------

=====================================================================================================================================
ID ;RiL    ;BOARD              ;SFPLNH  ;PORT ;VENDOR   ;VENDORPROD      ;REV  ;SERIAL         ;DATE     ;ERICSSONPROD       ;WL      ;TEMP  ;TXbs  ;TXdBm  ;RXdBm  ; BER
=====================================================================================================================================
 1 ;S210-1 ;BB6631             ;000100   ;  1 ;ERICSSON ;RTXM228-702-C22 ;1.0  ;HN230700071680 ;20230217 ;RDH10265/2 R1A     ;1310.00 ;46C   ;58%   ;-0.35  ;-2.15  ;   0
 2 ;S211-1 ;BB6631             ;000100   ;  2 ;ERICSSON ;RTXM228-702-C22 ;1.0  ;HN230700071318 ;20230217 ;RDH10265/2 R1A     ;1310.00 ;44C   ;57%   ;-0.89  ;-1.26  ;   0
 3 ;S110-1 ;BB6631             ;000100   ;  4 ;ERICSSON ;RTXM228-702-C22 ;1.0  ;HN230700071319 ;20230217 ;RDH10265/2 R1A     ;1310.00 ;44C   ;56%   ;-0.75  ;-1.38  ;   0
 4 ;S111-1 ;BB6631             ;000100   ;  5 ;ERICSSON ;RTXM228-702-C22 ;1.0  ;CU824A21JH     ;20240131 ;RDH10265/2 R1A     ;1310.00 ;42C   ;56%   ;-1.24  ;-1.81  ;   0
 4 ;S111-1 ;RRU449944B144B3C   ;BXP_2    ;  1 ;ERICSSON ;RTXM228-702-C22 ;1.0  ;HN230700071629 ;20230217 ;RDH10265/2 R1A     ;1310.00 ;28C   ;52%   ;-1.57  ;-2.01  ;   0
 3 ;S110-1 ;RRU449944B144B3C   ;BXP_3    ;  1 ;ERICSSON ;RTXM228-702-C22 ;1.0  ;HN230700071630 ;20230217 ;RDH10265/2 R1A     ;1310.00 ;35C   ;56%   ;-0.85  ;-0.88  ;   0
 1 ;S210-1 ;RRU227922B822B20C* ;BXP_4    ;  0 ;ERICSSON ;RTXM228-702-C22 ;1.0  ;HN230700071628 ;20230217 ;RDH10265/2 R1A     ;1310.00 ;32C   ;54%   ;-1.71  ;-0.61  ;   0
 2 ;S211-1 ;RRU227922B822B20C* ;BXP_5    ;  0 ;ERICSSON ;RTXM228-702-C22 ;1.0  ;HN230700071632 ;20230217 ;RDH10265/2 R1A     ;1310.00 ;30C   ;53%   ;-1.06  ;-0.77  ;   0
-------------------------------------------------------------------------------------------------------------------------------------
TN ;       ;BB6631             ;000100   ; IB ;ERICSSON ;EOLP-1396-10-IY ;1.0  ;DZ8P100Q33     ;20230208 ;RDH10265/3 R1A     ;1310    ;39C   ;41%   ;-1.59  ;-6.88  ; 0/0
TN ;       ;BB6631             ;000100   ;IA2 ;ERICSSON ;42020201934     ;A0   ;202246600120   ;20221107 ;RPM777053/1000 R1B ;NA      ;NA    ;NA    ;NA     ;NA     ; 0/0
-------------------------------------------------------------------------------------------------------------------------------------

=====================================================================================================================================
BOARD  ;LNH    ;PORT       ;T ;S ;OpMode   ;AutoNeg ;MacAddress        ;VlanIds        ;LOS ;BER
=====================================================================================================================================
BB6631 ;000100 ;TN_IDL_A_1 ;E ;1 ;10G_FULL ;false   ;E0:47:35:E0:1C:A0 ;3901,3908,3910 ;0   ;0/0
BB6631 ;000100 ;TN_IDL_A_2 ;O ;1 ;10G_FULL ;false   ;E0:47:35:E0:1C:A1 ;3908           ;0   ;0/0
BB6631 ;000100 ;TN_IDL_B   ;O ;1 ;1G_FULL  ;true    ;E0:47:35:E0:1C:A4 ;3901,3908,3910 ;0   ;0/0
-------------------------------------------------------------------------------------------------------------------------------------

radioClockState : RNT_TIME_LOCKED
-------------------------------------------------------------------------------------
Prio  ;ST  ;syncRefType    ;refStatus  ;opQualLevel  ;SyncReference
-------------------------------------------------------------------------------------
  *1  ; 1  ;PTP_TIME       ;NO_FAULT   ;PRTC         ;Ptp=1,BoundaryOrdinaryClock=PTP (G_8275_1 EthernetPort=TN_IDL_B:SLAVE EthernetPort=TN_IDL_A_1:MASTER)
   2  ; 1  ;NTP_FREQUENCY  ;NO_FAULT   ;PRC          ;Ntp=1,NtpFrequencySync=NTP1 (10.31.0.54:32751 Router=45G_Traffic,InterfaceIPv4=LTE,AddressIPv4=LTE)
-------------------------------------------------------------------------------------
-------------------------------------------------------------------------------------
Prio  ;ST  ;assistRefStatus  ;recQualLevel  ;AssistingReference
-------------------------------------------------------------------------------------
   1  ; 1  ;NO_FAULT         ;PRC           ;Synchronization=1,SyncEthInput=SyncE (SFP_OPTICAL EthernetPort=TN_IDL_B)
-------------------------------------------------------------------------------------
nodeGroupRole   : SYNC_PROVIDER (syncNodePriority=1, selectionMode=NODE_PRIORITY)
-------------------------------------------------------------------------------------
DU  ;Port  ;sharedUnitRef (RiPortA - RiPortB)  ;remoteNodePriority  ;CandidateStatus
-------------------------------------------------------------------------------------
1   ;B     ;Fru=Radio-S211-1 (1 - 2)           ;3                   ;OK_NOT_ACTIVE
1   ;A     ;Fru=Radio-S210-1 (1 - 2)           ;3                   ;OK_NOT_ACTIVE
-------------------------------------------------------------------------------------

=====================================================================================================================================
FRU          ;LNH    ;BOARD              ;RF  ;BP  ;TX (W/dBm)  ;VSWR (RL)   ;RX (dBm) ;UEs/gUEs  ;Sector/AntennaGroup/Cells (State:CellIds:PCIs)
=====================================================================================================================================
Radio-S110-1 ;BXP_3  ;RRU449944B144B3C   ; A  ;11  ;42.7 (46.3) ;1.17 (22.0) ;-91.6    ;58/-      ;SE=110 AG=110 FDD=CZ56M1 FDD=CZ56T1 (1:31:98, 1:41:291)
Radio-S110-1 ;BXP_3  ;RRU449944B144B3C   ; B  ;11  ;45.0 (46.5) ;1.14 (23.5) ;-93.1    ;58/-      ;SE=110 AG=110 FDD=CZ56M1 FDD=CZ56T1 (1:31:98, 1:41:291)
Radio-S110-1 ;BXP_3  ;RRU449944B144B3C   ; C  ;11  ;44.3 (46.5) ;1.17 (22.2) ;-90.2    ;58/-      ;SE=110 AG=110 FDD=CZ56M1 FDD=CZ56T1 (1:31:98, 1:41:291)
Radio-S110-1 ;BXP_3  ;RRU449944B144B3C   ; D  ;11  ;42.4 (46.3) ;1.17 (21.9) ;-92.1    ;58/-      ;SE=110 AG=110 FDD=CZ56M1 FDD=CZ56T1 (1:31:98, 1:41:291)
Radio-S111-1 ;BXP_2  ;RRU449944B144B3C   ; A  ;11  ;35.4 (45.5) ;1.11 (25.5) ;-96.5    ;3/-       ;SE=111 AG=111 FDD=CZ56M2 FDD=CZ56T2 (1:32:97, 1:42:96)
Radio-S111-1 ;BXP_2  ;RRU449944B144B3C   ; B  ;11  ;-           ;1.13 (24.2) ;-96.4    ;3/-       ;SE=111 AG=111 FDD=CZ56M2 FDD=CZ56T2 (1:32:97, 1:42:96)
Radio-S111-1 ;BXP_2  ;RRU449944B144B3C   ; C  ;11  ;28.2 (44.5) ;1.10 (26.4) ;-96.3    ;3/-       ;SE=111 AG=111 FDD=CZ56M2 FDD=CZ56T2 (1:32:97, 1:42:96)
Radio-S111-1 ;BXP_2  ;RRU449944B144B3C   ; D  ;11  ;-           ;1.11 (25.9) ;-96.5    ;3/-       ;SE=111 AG=111 FDD=CZ56M2 FDD=CZ56T2 (1:32:97, 1:42:96)
Radio-S210-1 ;BXP_4  ;RRU227922B822B20C* ; A  ;11  ;27.0 (44.3) ;1.20 (21.0) ;-91.2    ;4/-       ;SE=210* AG=210 FDD=CZ56E1 NIOT=CZ56N1 (1:61:260, 1:161:260)
Radio-S210-1 ;BXP_4  ;RRU227922B822B20C* ; B  ;11  ;15.0 (41.8) ;1.15 (23.4) ;-95.2    ;4/-       ;SE=210* AG=210 FDD=CZ56E1 NIOT=CZ56N1 (1:61:260, 1:161:260)
Radio-S211-1 ;BXP_5  ;RRU227922B822B20C* ; A  ;11  ;25.3 (44.0) ;1.20 (20.8) ;-101.8   ;0/-       ;SE=211* AG=211 FDD=CZ56E2 NIOT=CZ56N2 (1:62:258, 1:162:258)
Radio-S211-1 ;BXP_5  ;RRU227922B822B20C* ; B  ;11  ;15.9 (42.0) ;1.10 (26.3) ;-101.6   ;0/-       ;SE=211* AG=211 FDD=CZ56E2 NIOT=CZ56N2 (1:62:258, 1:162:258)
-------------------------------------------------------------------------------------------------------------------------------------

CZ56E> mfar

251125-14:01:46+0100 19.31.11.202 25.0h MSRBS_NODE_MODEL_25.Q1_693.28324.131_62ac stopfile=/tmp/2627208
......
Last MO: 17468. Loaded 17468 MOs. Total: 17469 MOs.
................................................
get /rop/A20251125.1130-1145_CZ56E.xml.gz /ericsson/log/amos/moshell_logfiles/t20251125_37258710_65084/logs_moshell/pmfiles/19.31.11.202/rop/A20251125.1130-1145_CZ56E.xml.gz ... OK
get /rop/A20251125.1145-1200_CZ56E.xml.gz /ericsson/log/amos/moshell_logfiles/t20251125_37258710_65084/logs_moshell/pmfiles/19.31.11.202/rop/A20251125.1145-1200_CZ56E.xml.gz ... OK

Using hardcoded thresholds: 3, 4.5, and 16.5
================================================================================================================================
SC     SE  Tx/Rx BrPair  RfPort1 - RfPort2               HW       Serial      Cell (State)   Samples   Med  Mean  SDev Pol Res Issue
================================================================================================================================
CZ56E1 210   2/2 0 (1,2) Radio-S210-1(A) Radio-S210-1(B) RRU2279  TU8U01Z63C  FDD=CZ56E1 (1)  160646  -2.5  -1.2   6.3  NA  OK Passed
CZ56E2 211   2/2 0 (1,2) Radio-S211-1(A) Radio-S211-1(B) RRU2279  TU8U01Z633  FDD=CZ56E2 (1)    1994   1.5   1.4   7.1  NA  NT Not enough data
CZ56M1 110   4/4 0 (1,2) Radio-S110-1(A) Radio-S110-1(B) RRU4499  E23E516400  FDD=CZ56M1 (1)  227681  -0.5  -0.7   6.4   S  OK Passed
CZ56M1 110   4/4 1 (2,3) Radio-S110-1(B) Radio-S110-1(C) RRU4499  E23E516400  FDD=CZ56M1 (1)  227681   1.5   1.6   6.3   S  OK Passed
CZ56M1 110   4/4 2 (3,4) Radio-S110-1(C) Radio-S110-1(D) RRU4499  E23E516400  FDD=CZ56M1 (1)  227681  -1.5  -0.9   6.3   S  OK Passed
CZ56M2 111   4/4 0 (1,2) Radio-S111-1(A) Radio-S111-1(B) RRU4499  E23E516439  FDD=CZ56M2 (1)    2108  -0.5   0.0   6.9   ?  NT Not enough data
CZ56M2 111   4/4 1 (2,3) Radio-S111-1(B) Radio-S111-1(C) RRU4499  E23E516439  FDD=CZ56M2 (1)    2108   0.5   0.9   7.0   ?  NT Not enough data
CZ56M2 111   4/4 2 (3,4) Radio-S111-1(C) Radio-S111-1(D) RRU4499  E23E516439  FDD=CZ56M2 (1)    2108  -0.5  -0.2   7.1   ?  NT Not enough data
CZ56T1 110   4/4 0 (1,2) Radio-S110-1(A) Radio-S110-1(B) RRU4499  E23E516400  FDD=CZ56T1 (1)  405812   0.5   0.0   6.7   S  OK Passed
CZ56T1 110   4/4 1 (2,3) Radio-S110-1(B) Radio-S110-1(C) RRU4499  E23E516400  FDD=CZ56T1 (1)  405812   1.5   1.4   6.7   S  OK Passed
CZ56T1 110   4/4 2 (3,4) Radio-S110-1(C) Radio-S110-1(D) RRU4499  E23E516400  FDD=CZ56T1 (1)  405812   0.5   0.0   6.5   S  OK Passed
CZ56T2 111   4/4 0 (1,2) Radio-S111-1(A) Radio-S111-1(B) RRU4499  E23E516439  FDD=CZ56T2 (1)   21681   0.5   0.4   7.2   S  OK Passed
CZ56T2 111   4/4 1 (2,3) Radio-S111-1(B) Radio-S111-1(C) RRU4499  E23E516439  FDD=CZ56T2 (1)   21681   0.5   0.3   7.2   S  OK Passed
CZ56T2 111   4/4 2 (3,4) Radio-S111-1(C) Radio-S111-1(D) RRU4499  E23E516439  FDD=CZ56T2 (1)   21681  -0.5  -0.4   7.3   S  OK Passed
================================================================================================================================
Total: 6 SectorCarriers, 14 RfBranch Pairs (10 OK, 0 OKW, 0 NOK, 4 NT)
......
Last MO: 17468. Loaded 17468 MOs. Total: 17469 MOs.

No NRSectorCarrier MOs are defined on the node.

CZ56E> mfitr

251125-14:02:02+0100 19.31.11.202 25.0h MSRBS_NODE_MODEL_25.Q1_693.28324.131_62ac stopfile=/tmp/2627208
...........
Last MO: 17468. Loaded 17468 MOs. Total: 17469 MOs.
.........
2025-11-25 14:02
================================================================================================================================
CELL       SC     FRU          BOARD             PUSCH  PUCCH       A      B      C      D  DELTA
================================================================================================================================
FDD=CZ56E1 CZ56E1 Radio-S210-1 RRU227922B822B20C -117.1 -117.7 -117.7 -117.4                  0.3
FDD=CZ56E2 CZ56E2 Radio-S211-1 RRU227922B822B20C -119.6 -119.7 -119.7 -119.4                  0.3
FDD=CZ56M1 CZ56M1 Radio-S110-1 RRU449944B144B3C  -119.3 -119.4 -118.7 -118.7 -118.6 -118.5    0.2
FDD=CZ56M2 CZ56M2 Radio-S111-1 RRU449944B144B3C  -119.5 -119.4 -119.4 -119.3 -119.3 -119.5    0.2
FDD=CZ56T1 CZ56T1 Radio-S110-1 RRU449944B144B3C  -117.5 -116.6 -116.8 -116.2 -116.1 -115.6    1.2
FDD=CZ56T2 CZ56T2 Radio-S111-1 RRU449944B144B3C  -119.3 -117.4 -119.2 -118.9 -119.2 -119.2    0.3
================================================================================================================================
Bye...
Output has been logged to file /mta_fs/UserFiles/37258710/amosbatch/SDIR/CZ56E.log
