Logging to file /mta_fs/UserFiles/37258710/amosbatch/SDIR/CZ58L.log
                        __  __  ____   _____
                  /\   |  \/  |/ __ \ / ____|
                 /  \  | \  / | |  | | (___  
                / /\ \ | |\/| | |  | |\___ \ 
               / ____ \| |  | | |__| |____) |
              /_/    \_\_|  |_|\____/|_____/
              OSS Framework for MoShell-25.0h 
  Copyright (c) Ericsson AB 2001-2025 - All Rights Reserved
              
           
[1;31mWARNING: [0mthe AMOS version currently running is more than 29 weeks old and is unsupported.
Please upgrade as soon as possible to the latest released version, available from your local Ericsson support.

$amosrb_pid = 2542384

Checking ip contact...OK

HELP MENU            : h
BASIC MO COMMANDS    : m
OTHER MO COMMANDS    : n
OTHER COMMANDS       : o
PM COMMANDS          : p
QUIT                 : q

CZ58L> lt all

251125-13:35:35+0100 19.31.8.131 25.0h  stopfile=/tmp/2542287
Looking up temporary_amos account... OK.
Trying temporary_amos_t20251125_37258710_65084_131's password from amos lookupAccount ... OK

$ssh_pid = 2542764

Connected to 19.31.8.131 (SubNetwork=BBMM_rckomc_R,MeContext=CZ58L,ManagedElement=CZ58L)

Checking MOM version...MSRBS_NODE_MODEL_25.Q1_693.28324.131_62ac
Parsing MOM (cached): /ericsson/log/amos/moshell_logfiles/t20251125_37258710_65084/logs_moshell/tempfiles/scp-4-amos_20251125-133528_2542223/MSRBS_NODE_MODEL_25.Q1_693.28324.131_62ac.xml.cache.gz ..................................................................................................................................................................................................................................Done.
Using paramfile /opt/ericsson/amos/moshell/commonjars/pm/PARAM_MSRBS_25.Q1.txt
Parsing file /opt/ericsson/amos/moshell/commonjars/pm/PARAM_MSRBS_25.Q1.txt .......................................................................................Done.
Using imomdfile /opt/ericsson/amos/moshell/commonjars/pm/IMOMD_MSRBS_22.Q4.txt
Using imomfile /opt/ericsson/amos/moshell/commonjars/pm/IMOM_MSRBS_25.Q1.txt
Connected to 19.31.8.131 (SubNetwork=BBMM_rckomc_R,MeContext=CZ58L,ManagedElement=CZ58L)

Last MO: 17203. Loaded 17203 MOs. Total: 17204 MOs.

CZ58L> st cell

251125-13:35:48+0100 19.31.8.131 25.0h MSRBS_NODE_MODEL_25.Q1_693.28324.131_62ac stopfile=/tmp/2542287
===================================================================================
Proxy  Adm State     Op. State     MO
===================================================================================
   56  1 (UNLOCKED)  1 (ENABLED)   ENodeBFunction=1,EUtranCellFDD=CZ58L1
  159  1 (UNLOCKED)  1 (ENABLED)   ENodeBFunction=1,EUtranCellFDD=CZ58L2
  259  1 (UNLOCKED)  1 (ENABLED)   ENodeBFunction=1,EUtranCellFDD=CZ58L3
===================================================================================
Total: 3 MOs

CZ58L> st radio

251125-13:35:49+0100 19.31.8.131 25.0h MSRBS_NODE_MODEL_25.Q1_693.28324.131_62ac stopfile=/tmp/2542287
===================================================================================
Proxy  Adm State     Op. State     MO
===================================================================================
 1443  1 (UNLOCKED)  1 (ENABLED)   Equipment=1,FieldReplaceableUnit=Radio-S10-1
 1455  1 (UNLOCKED)  1 (ENABLED)   Equipment=1,FieldReplaceableUnit=Radio-S11-1
 1467  1 (UNLOCKED)  1 (ENABLED)   Equipment=1,FieldReplaceableUnit=Radio-S12-1
 1479  1 (UNLOCKED)  1 (ENABLED)   Equipment=1,FieldReplaceableUnit=Radio-S180-1
 1494  1 (UNLOCKED)  1 (ENABLED)   Equipment=1,FieldReplaceableUnit=Radio-S182-1
17197  1 (UNLOCKED)  1 (ENABLED)   Transport=1,Synchronization=1,RadioEquipmentClock=1,RadioEquipmentClockReference=NTP1
17198  1 (UNLOCKED)  1 (ENABLED)   Transport=1,Synchronization=1,RadioEquipmentClock=1,RadioEquipmentClockReference=PTP
===================================================================================
Total: 7 MOs

CZ58L> sdir

251125-13:35:49+0100 19.31.8.131 25.0h MSRBS_NODE_MODEL_25.Q1_693.28324.131_62ac stopfile=/tmp/2542287
INFO: Using amos lookupAccount credentials for the export login
...............................
get /rop/A20251125.1145-1200_CZ58L.xml.gz /ericsson/log/amos/moshell_logfiles/t20251125_37258710_65084/logs_moshell/pmfiles/19.31.8.131/rop/A20251125.1145-1200_CZ58L.xml.gz ... OK
get /rop/A20251125.1200-1215_CZ58L.xml.gz /ericsson/log/amos/moshell_logfiles/t20251125_37258710_65084/logs_moshell/pmfiles/19.31.8.131/rop/A20251125.1200-1215_CZ58L.xml.gz ... OK
get /rop/A20251125.1215-1230_CZ58L.xml.gz /ericsson/log/amos/moshell_logfiles/t20251125_37258710_65084/logs_moshell/pmfiles/19.31.8.131/rop/A20251125.1215-1230_CZ58L.xml.gz ... OK
....Checking available boards on node...

Collecting RCS board data ...
.........................................................................................................................
..........................
..............................................................................................................................................................................................................................................................................................................
...........
Collecting TN data...
.....................................................................................................................................................................................................................................................................
Collecting RF data...
.
Collecting Alarms...
Executing action Log.export()
...
Log=AlarmLog                    actionId=4864
.....
Executing action LogM.exportAvailabilityLog()
..LogM=1,exportAvailabilityLog    actionId=4865
.....Parsing alarmLog.....Done.
Parsing availabilityLog....Done.
....

Total: 5 CPRI links (5 OK, 0 OKW, 0 NOK, 0 NT)

+--------+                      +-------------+
|        | A        O98      D1 | Radio-S10-1 |
|        |-----------1----------|  RRU2219B8  |
|        |         OK-56m       |    BXP_4    |
|        |                      +-------------+
|        |                              |A  |B
|        |             SE=10 AG=10 GT=CZ58D1/0
|        |                         GT=CZ58D1/1
|        |
|        |                      +-------------+
|        | B        O98      D1 | Radio-S11-1 |
|        |-----------2----------|  RRU2219B8  |
|        |         OK-56m       |    BXP_3    |
|        |                      +-------------+
|        |                              |A  |B
|        |             SE=11 AG=11 GT=CZ58D2/0
|        |                         GT=CZ58D2/8
|        |
|        |                      +-------------+
|        | C        O98      D1 | Radio-S12-1 |
|        |-----------3----------|  RRU2219B8  |
|        |         OK-56m       |    BXP_2    |
|        |                      +-------------+
|        |                              |A  |B
|  BB-1  |             SE=12 AG=12 GT=CZ58D3/0
| BB6631 |                         GT=CZ58D3/1
| 000100 |
|        |                      +---------------+
|        | D        O101     D1 | Radio-S180-1  |
|        |-----------4----------|   RRU4415B7   |
|        |         OK-56m       |     BXP_6     |
|        |                      +---------------+
|        |                        |A  |B  |C  |D
|        |                 SE=180 AG=180  |   |
|        |                    FDD=CZ58L1  |   |
|        |                         SE=181 AG=181
|        |                            FDD=CZ58L2
|        |
|        |                      +---------------+
|        | E        O101     D1 | Radio-S182-1  |
|        |-----------5----------|   RRU4415B7   |
|        |         OK-56m       |     BXP_5     |
|        |                      +---------------+
|        |                        |A  |B  |C  |D
|        |                 SE=182 AG=182  |   |
|        |                    FDD=CZ58L3  |   |
|        |
+--------+

=====================================================================================================================================
ID RiL    Type Res MO1-MO2                  BOARD1-BOARD2    AlmIDs Cells (States)                Issue (Failed checks)
=====================================================================================================================================
 1 S10-1  O98  OK  BB-1(A) Radio-S10-1(D1)  BB6631 RRU2219B8        GT=CZ58D1/0 GT=CZ58D1/1 (1,1) Passed
 2 S11-1  O98  OK  BB-1(B) Radio-S11-1(D1)  BB6631 RRU2219B8        GT=CZ58D2/0 GT=CZ58D2/8 (1,1) Passed
 3 S12-1  O98  OK  BB-1(C) Radio-S12-1(D1)  BB6631 RRU2219B8        GT=CZ58D3/0 GT=CZ58D3/1 (1,1) Passed
 4 S180-1 O101 OK  BB-1(D) Radio-S180-1(D1) BB6631 RRU4415B7        FDD=CZ58L1 FDD=CZ58L2 (1,1)   Passed
 5 S182-1 O101 OK  BB-1(E) Radio-S182-1(D1) BB6631 RRU4415B7        FDD=CZ58L3 (1)                Passed
-------------------------------------------------------------------------------------------------------------------------------------

Node: RadioNode GL   CXP2010174/2_R27J08 (25.Q1)   G3.1   GSM LTE-FDD 

=====================================================================================================================================
FRU          ;LNH    ;BOARD     ;ST ;FAULT ;OPER ;MAINT ;STAT ;PRODUCTNUMBER   ;REV     ;SERIAL        ;DATE     ;PMTEMP ; TEMP ; UPT ;VOLT ;SW                   ;
=====================================================================================================================================
BB-1         ;000100 ;BB6631    ; 1 ;  OFF ;  ON ;  OFF ;  ON ;KDU1370071/11   ;R2A     ;E96A00YDL5    ;20230222 ;3 (OK) ;      ; 129 ;52   ;                     ;
Radio-S10-1  ;BXP_4  ;RRU2219B8 ; 1 ;  OFF ;  ON ;  OFF ; N/A ;KRC161670/1     ;R1E     ;B071038283    ;20221025 ;4 (OK) ; 31.0 ; 129 ;52.3 ;CXP9013268%9_R96JB   ; (Radio2219B8)
Radio-S11-1  ;BXP_3  ;RRU2219B8 ; 1 ;  OFF ;  ON ;  OFF ; N/A ;KRC161670/1     ;R1E     ;B071038277    ;20221025 ;4 (OK) ; 33.3 ; 129 ;52.3 ;CXP9013268%9_R96JB   ; (Radio2219B8)
Radio-S12-1  ;BXP_2  ;RRU2219B8 ; 1 ;  OFF ;  ON ;  OFF ; N/A ;KRC161670/1     ;R1E     ;B071038302    ;20221025 ;4 (OK) ; 29.5 ; 129 ;52.6 ;CXP9013268%9_R96JB   ; (Radio2219B8)
Radio-S180-1 ;BXP_6  ;RRU4415B7 ; 1 ;  OFF ;  ON ;  OFF ; N/A ;KRC161495/1     ;R5J     ;TU8U01YS7Q    ;20230228 ;4 (OK) ; 34.5 ; 129 ;52.0 ;CXP9013268%15_R101LX ; (Radio4415B7)
Radio-S182-1 ;BXP_5  ;RRU4415B7 ; 1 ;  OFF ;  ON ;  OFF ; N/A ;KRC161495/1     ;R5J     ;TU8U01YS7K    ;20230228 ;4 (OK) ; 41.0 ; 129 ;52.3 ;CXP9013268%15_R101LX ; (Radio4415B7)
-------------------------------------------------------------------------------------------------------------------------------------

=====================================================================================================================================
XPBOARD  ;ST ;FAULT ;OPER ;PRODUCTNUMBER ;REV ;SERIAL/NAME ;DATE     ; TEMP ;MO
=====================================================================================================================================
FAN08    ; 1 ;N/A   ;N/A  ;BKV106236/1   ;R2G ;CE5100RKZR  ;20220801 ; 33.0 ;SupportUnit=1 (FAN  BB-1)
-------------------------------------------------------------------------------------------------------------------------------------

=====================================================================================================================================
ID ;T ;RiL    ;BPBP ;BOARD1    ;LNH1 ;PORT ;R ;LINK ;RATE  ; BER ;BOARD2    ;LNH2 ;PORT ;R ;LINK ;RATE  ; BER ;LENGTH ;MO1 - MO2
=====================================================================================================================================
 1 ;O ; S10-1 ;1111 ;BB6631    ;000100 ; 1 ;M ;Up   ;9.8G  ;   0 ;RRU2219B8 ;BXP_4  ; 0 ;S ;Up   ;9.8G  ;   0 ;   56m ;Fru=BB-1(A) Fru=Radio-S10-1(D1)
 2 ;O ; S11-1 ;1111 ;BB6631    ;000100 ; 2 ;M ;Up   ;9.8G  ;   0 ;RRU2219B8 ;BXP_3  ; 0 ;S ;Up   ;9.8G  ;   0 ;   56m ;Fru=BB-1(B) Fru=Radio-S11-1(D1)
 3 ;O ; S12-1 ;1111 ;BB6631    ;000100 ; 3 ;M ;Up   ;9.8G  ;   0 ;RRU2219B8 ;BXP_2  ; 0 ;S ;Up   ;9.8G  ;   0 ;   56m ;Fru=BB-1(C) Fru=Radio-S12-1(D1)
 4 ;O ;S180-1 ;1111 ;BB6631    ;000100 ; 4 ;M ;Up   ;10.1G ;   0 ;RRU4415B7 ;BXP_6  ; 0 ;S ;Up   ;10.1G ;   0 ;   56m ;Fru=BB-1(D) Fru=Radio-S180-1(D1)
 5 ;O ;S182-1 ;1111 ;BB6631    ;000100 ; 5 ;M ;Up   ;10.1G ;   0 ;RRU4415B7 ;BXP_5  ; 0 ;S ;Up   ;10.1G ;   0 ;   56m ;Fru=BB-1(E) Fru=Radio-S182-1(D1)
-------------------------------------------------------------------------------------------------------------------------------------

=====================================================================================================================================
ID ;LINK ;RiL    ;VENDOR1  ;VENDORPROD1     ;REV1 ;SERIAL1      ;DATE1    ;ERICSSONPROD1      ;VENDOR2  ;VENDORPROD2     ;REV2 ;SERIAL2      ;DATE2    ;ERICSSONPROD2      ;TT ;WL1     ;WL2    
=====================================================================================================================================
 1 ;Up   ; S10-1 ;ERICSSON ;EOLP-1396-02-IY ;1.0  ;DZ8P200ACS   ;20230209 ;RDH10265/2 R1A     ;ERICSSON ;EOLP-1396-02-IY ;1.0  ;DZ8P200E9E   ;20230211 ;RDH10265/2 R1A     ;0  ;1310.00 ;1310.00
 2 ;Up   ; S11-1 ;ERICSSON ;EOLP-1396-02-IY ;1.0  ;DZ8P200ACW   ;20230209 ;RDH10265/2 R1A     ;ERICSSON ;EOLP-1396-02-IY ;1.0  ;DZ8P200AB3   ;20230209 ;RDH10265/2 R1A     ;0  ;1310.00 ;1310.00
 3 ;Up   ; S12-1 ;ERICSSON ;EOLP-1396-02-IY ;1.0  ;DZ8P200ACP   ;20230209 ;RDH10265/2 R1A     ;ERICSSON ;EOLP-1396-02-IY ;1.0  ;DZ8P200AAU   ;20230209 ;RDH10265/2 R1A     ;0  ;1310.00 ;1310.00
 4 ;Up   ;S180-1 ;ERICSSON ;EOLP-1396-02-IY ;1.0  ;DZ8P201AKN   ;20230211 ;RDH10265/2 R1A     ;ERICSSON ;EOLP-1396-02-IY ;1.0  ;DZ8P200AAW   ;20230209 ;RDH10265/2 R1A     ;0  ;1310.00 ;1310.00
 5 ;Up   ;S182-1 ;ERICSSON ;EOLP-1396-02-IY ;1.0  ;DZ8P2019VC   ;20230211 ;RDH10265/2 R1A     ;ERICSSON ;EOLP-1396-02-IY ;1.0  ;DZ8P200AAY   ;20230209 ;RDH10265/2 R1A     ;0  ;1310.00 ;1310.00
-------------------------------------------------------------------------------------------------------------------------------------

=====================================================================================================================================
ID ;LINK ;RiL    ;WL1     ;TEMP1 ;TXbs1 ;TXdBm1 ;RXdBm1 ;BER1   ;WL2     ;TEMP2 ;TXbs2 ;TXdBm2 ;RXdBm2 ;BER2   ;DlLoss ;UlLoss ;LENGTH ;TT
=====================================================================================================================================
 1 ;Up   ; S10-1 ;1310.00 ;38C   ;39%   ;-3.11  ;-1.24  ;   0   ;1310.00 ;28C   ;40%   ;-2.42  ;-4.03  ;   0   ;  0.92 ; -1.18 ;   56m ; 0
 2 ;Up   ; S11-1 ;1310.00 ;35C   ;39%   ;-2.61  ;-2.46  ;   0   ;1310.00 ;34C   ;38%   ;-3.21  ;-2.63  ;   0   ;  0.02 ; -0.75 ;   56m ; 0
 3 ;Up   ; S12-1 ;1310.00 ;32C   ;40%   ;-2.32  ;-2.80  ;   0   ;1310.00 ;28C   ;39%   ;-2.85  ;-2.77  ;   0   ;  0.45 ; -0.05 ;   56m ; 0
 4 ;Up   ;S180-1 ;1310.00 ;32C   ;39%   ;-2.70  ;-3.95  ;   0   ;1310.00 ;31C   ;38%   ;-3.04  ;-3.24  ;   0   ;  0.54 ;  0.91 ;   56m ; 0
 5 ;Up   ;S182-1 ;1310.00 ;34C   ;39%   ;-2.87  ;-2.70  ;   0   ;1310.00 ;35C   ;40%   ;-2.81  ;-2.53  ;   0   ; -0.34 ; -0.11 ;   56m ; 0
-------------------------------------------------------------------------------------------------------------------------------------

=====================================================================================================================================
ID ;RiL    ;BOARD     ;SFPLNH  ;PORT ;VENDOR   ;VENDORPROD      ;REV  ;SERIAL       ;DATE     ;ERICSSONPROD       ;WL      ;TEMP  ;TXbs  ;TXdBm  ;RXdBm  ; BER
=====================================================================================================================================
 1 ; S10-1 ;BB6631    ;000100   ;  1 ;ERICSSON ;EOLP-1396-02-IY ;1.0  ;DZ8P200ACS   ;20230209 ;RDH10265/2 R1A     ;1310.00 ;38C   ;39%   ;-3.11  ;-1.24  ;   0
 2 ; S11-1 ;BB6631    ;000100   ;  2 ;ERICSSON ;EOLP-1396-02-IY ;1.0  ;DZ8P200ACW   ;20230209 ;RDH10265/2 R1A     ;1310.00 ;35C   ;39%   ;-2.61  ;-2.46  ;   0
 3 ; S12-1 ;BB6631    ;000100   ;  3 ;ERICSSON ;EOLP-1396-02-IY ;1.0  ;DZ8P200ACP   ;20230209 ;RDH10265/2 R1A     ;1310.00 ;32C   ;40%   ;-2.32  ;-2.80  ;   0
 4 ;S180-1 ;BB6631    ;000100   ;  4 ;ERICSSON ;EOLP-1396-02-IY ;1.0  ;DZ8P201AKN   ;20230211 ;RDH10265/2 R1A     ;1310.00 ;32C   ;39%   ;-2.70  ;-3.95  ;   0
 5 ;S182-1 ;BB6631    ;000100   ;  5 ;ERICSSON ;EOLP-1396-02-IY ;1.0  ;DZ8P2019VC   ;20230211 ;RDH10265/2 R1A     ;1310.00 ;34C   ;39%   ;-2.87  ;-2.70  ;   0
 3 ; S12-1 ;RRU2219B8 ;BXP_2    ;  0 ;ERICSSON ;EOLP-1396-02-IY ;1.0  ;DZ8P200AAU   ;20230209 ;RDH10265/2 R1A     ;1310.00 ;28C   ;39%   ;-2.85  ;-2.77  ;   0
 2 ; S11-1 ;RRU2219B8 ;BXP_3    ;  0 ;ERICSSON ;EOLP-1396-02-IY ;1.0  ;DZ8P200AB3   ;20230209 ;RDH10265/2 R1A     ;1310.00 ;34C   ;38%   ;-3.21  ;-2.63  ;   0
 1 ; S10-1 ;RRU2219B8 ;BXP_4    ;  0 ;ERICSSON ;EOLP-1396-02-IY ;1.0  ;DZ8P200E9E   ;20230211 ;RDH10265/2 R1A     ;1310.00 ;28C   ;40%   ;-2.42  ;-4.03  ;   0
 5 ;S182-1 ;RRU4415B7 ;BXP_5    ;  0 ;ERICSSON ;EOLP-1396-02-IY ;1.0  ;DZ8P200AAY   ;20230209 ;RDH10265/2 R1A     ;1310.00 ;35C   ;40%   ;-2.81  ;-2.53  ;   0
 4 ;S180-1 ;RRU4415B7 ;BXP_6    ;  0 ;ERICSSON ;EOLP-1396-02-IY ;1.0  ;DZ8P200AAW   ;20230209 ;RDH10265/2 R1A     ;1310.00 ;31C   ;38%   ;-3.04  ;-3.24  ;   0
-------------------------------------------------------------------------------------------------------------------------------------
TN ;       ;BB6631    ;000100   ;IA2 ;ERICSSON ;42020201934     ;A0   ;202246600182 ;20221107 ;RPM777053/1000 R1B ;NA      ;NA    ;NA    ;NA     ;NA     ; 0/0
-------------------------------------------------------------------------------------------------------------------------------------

=====================================================================================================================================
BOARD  ;LNH    ;PORT       ;T ;S ;OpMode   ;AutoNeg ;MacAddress        ;VlanIds        ;LOS ;BER
=====================================================================================================================================
BB6631 ;000100 ;TN_IDL_A_1 ;E ;1 ;10G_FULL ;false   ;E0:47:35:DD:D3:65 ;3901,3908,3910 ;0   ;NZ/0
BB6631 ;000100 ;TN_IDL_A_2 ;O ;1 ;10G_FULL ;false   ;E0:47:35:DD:D3:66 ;3908           ;0   ;0/0
-------------------------------------------------------------------------------------------------------------------------------------

radioClockState : RNT_TIME_LOCKED
-------------------------------------------------------------------------------------
Prio  ;ST  ;syncRefType    ;refStatus  ;opQualLevel  ;SyncReference
-------------------------------------------------------------------------------------
  *1  ; 1  ;PTP_TIME       ;NO_FAULT   ;PRTC         ;Ptp=1,BoundaryOrdinaryClock=PTP (G_8275_1 EthernetPort=TN_IDL_A_1:SLAVE)
   2  ; 1  ;NTP_FREQUENCY  ;NO_FAULT   ;PRC          ;Ntp=1,NtpFrequencySync=NTP1 (10.31.0.54:32751 Router=45G_Traffic,InterfaceIPv4=LTE,AddressIPv4=LTE)
-------------------------------------------------------------------------------------
-------------------------------------------------------------------------------------
Prio  ;ST  ;assistRefStatus  ;recQualLevel  ;AssistingReference
-------------------------------------------------------------------------------------
   1  ; 1  ;NO_FAULT         ;PRTC          ;Synchronization=1,SyncEthInput=SyncE (SFP_DAC EthernetPort=TN_IDL_A_1)
-------------------------------------------------------------------------------------

=====================================================================================================================================
FRU          ;LNH    ;BOARD     ;RF  ;BP  ;TX (W/dBm)  ;VSWR (RL)   ;RX (dBm) ;UEs/gUEs  ;Sector/AntennaGroup/Cells (State:CellIds:PCIs)
=====================================================================================================================================
Radio-S10-1  ;BXP_4  ;RRU2219B8 ; A  ;11  ;-           ;1.13 (24.6) ;         ;-/-       ;SE=10 AG=10 GT=CZ58D1/0 GT=CZ58D1/1 (1, 1)
Radio-S10-1  ;BXP_4  ;RRU2219B8 ; B  ;11  ;-           ;1.12 (25.2) ;         ;-/-       ;SE=10 AG=10 GT=CZ58D1/0 GT=CZ58D1/1 (1, 1)
Radio-S11-1  ;BXP_3  ;RRU2219B8 ; A  ;11  ;-           ;1.11 (25.6) ;         ;-/-       ;SE=11 AG=11 GT=CZ58D2/0 GT=CZ58D2/8 (1, 1)
Radio-S11-1  ;BXP_3  ;RRU2219B8 ; B  ;11  ;-           ;1.11 (25.7) ;         ;-/-       ;SE=11 AG=11 GT=CZ58D2/0 GT=CZ58D2/8 (1, 1)
Radio-S12-1  ;BXP_2  ;RRU2219B8 ; A  ;11  ;-           ;1.11 (25.8) ;         ;-/-       ;SE=12 AG=12 GT=CZ58D3/0 GT=CZ58D3/1 (1, 1)
Radio-S12-1  ;BXP_2  ;RRU2219B8 ; B  ;11  ;-           ;1.19 (21.1) ;         ;-/-       ;SE=12 AG=12 GT=CZ58D3/0 GT=CZ58D3/1 (1, 1)
Radio-S180-1 ;BXP_6  ;RRU4415B7 ; A  ;11  ;23.4 (43.7) ;1.11 (25.5) ;-94.7    ;9/-       ;SE=180 AG=180 FDD=CZ58L1 (1:21:30)
Radio-S180-1 ;BXP_6  ;RRU4415B7 ; B  ;11  ;-           ;1.08 (28.3) ;-94.6    ;9/-       ;SE=180 AG=180 FDD=CZ58L1 (1:21:30)
Radio-S180-1 ;BXP_6  ;RRU4415B7 ; C  ;11  ;21.9 (43.4) ;1.15 (22.9) ;-95.0    ;11/-      ;SE=181 AG=181 FDD=CZ58L2 (1:22:178)
Radio-S180-1 ;BXP_6  ;RRU4415B7 ; D  ;11  ;21.9 (43.4) ;1.08 (27.9) ;-95.1    ;11/-      ;SE=181 AG=181 FDD=CZ58L2 (1:22:178)
Radio-S182-1 ;BXP_5  ;RRU4415B7 ; A  ;11  ;17.0 (42.3) ;1.14 (23.7) ;-94.9    ;25/-      ;SE=182 AG=182 FDD=CZ58L3 (1:23:29)
Radio-S182-1 ;BXP_5  ;RRU4415B7 ; B  ;11  ;16.2 (42.1) ;1.12 (25.2) ;-96.4    ;25/-      ;SE=182 AG=182 FDD=CZ58L3 (1:23:29)
Radio-S182-1 ;BXP_5  ;RRU4415B7 ; C  ;11  ;-           ;-           ;         ;          ;
Radio-S182-1 ;BXP_5  ;RRU4415B7 ; D  ;11  ;-           ;-           ;         ;          ;
-------------------------------------------------------------------------------------------------------------------------------------

CZ58L> mfar

251125-13:38:07+0100 19.31.8.131 25.0h MSRBS_NODE_MODEL_25.Q1_693.28324.131_62ac stopfile=/tmp/2542287
.....
Last MO: 17195. Loaded 17195 MOs. Total: 17196 MOs.
..........................................
get /rop/A20251125.1100-1115_CZ58L.xml.gz /ericsson/log/amos/moshell_logfiles/t20251125_37258710_65084/logs_moshell/pmfiles/19.31.8.131/rop/A20251125.1100-1115_CZ58L.xml.gz ... OK
get /rop/A20251125.1115-1130_CZ58L.xml.gz /ericsson/log/amos/moshell_logfiles/t20251125_37258710_65084/logs_moshell/pmfiles/19.31.8.131/rop/A20251125.1115-1130_CZ58L.xml.gz ... OK
get /rop/A20251125.1130-1145_CZ58L.xml.gz /ericsson/log/amos/moshell_logfiles/t20251125_37258710_65084/logs_moshell/pmfiles/19.31.8.131/rop/A20251125.1130-1145_CZ58L.xml.gz ... OK

Using hardcoded thresholds: 3, 4.5, and 16.5
================================================================================================================================
SC     SE  Tx/Rx BrPair  RfPort1 - RfPort2               HW       Serial      Cell (State)   Samples   Med  Mean  SDev Pol Res Issue
================================================================================================================================
CZ58L1 180   2/2 0 (1,2) Radio-S180-1(A) Radio-S180-1(B) RRU4415  TU8U01YS7Q  FDD=CZ58L1 (1)  305460  -0.5  -0.5   7.0  NA  OK Passed
CZ58L2 181   2/2 0 (1,2) Radio-S180-1(C) Radio-S180-1(D) RRU4415  TU8U01YS7Q  FDD=CZ58L2 (1)  429166   0.5   0.8   6.1  NA  OK Passed
CZ58L3 182   2/2 0 (1,2) Radio-S182-1(A) Radio-S182-1(B) RRU4415  TU8U01YS7K  FDD=CZ58L3 (1)  783519  -2.5  -2.0   6.9  NA  OK Passed
================================================================================================================================
Total: 3 SectorCarriers, 3 RfBranch Pairs (3 OK, 0 OKW, 0 NOK, 0 NT)
.....
Last MO: 17195. Loaded 17195 MOs. Total: 17196 MOs.

No NRSectorCarrier MOs are defined on the node.

CZ58L> mfitr

251125-13:38:21+0100 19.31.8.131 25.0h MSRBS_NODE_MODEL_25.Q1_693.28324.131_62ac stopfile=/tmp/2542287
.........
Last MO: 17195. Loaded 17195 MOs. Total: 17196 MOs.
.......
2025-11-25 13:38
================================================================================================================================
CELL       SC     FRU          BOARD     PUSCH  PUCCH       A      B      C      D  DELTA
================================================================================================================================
FDD=CZ58L1 CZ58L1 Radio-S180-1 RRU4415B7 -115.4 -116.3 -117.4 -117.2                  0.2
FDD=CZ58L2 CZ58L2 Radio-S180-1 RRU4415B7 -115.8 -115.5               -117.3 -117.9    0.6
FDD=CZ58L3 CZ58L3 Radio-S182-1 RRU4415B7 -117.1 -118.0 -117.5 -118.1                  0.6
================================================================================================================================
Bye...
Output has been logged to file /mta_fs/UserFiles/37258710/amosbatch/SDIR/CZ58L.log
