Logging to file /mta_fs/UserFiles/37258710/amosbatch/SDIR/CZ75E.log
                        __  __  ____   _____
                  /\   |  \/  |/ __ \ / ____|
                 /  \  | \  / | |  | | (___  
                / /\ \ | |\/| | |  | |\___ \ 
               / ____ \| |  | | |__| |____) |
              /_/    \_\_|  |_|\____/|_____/
              OSS Framework for MoShell-25.0h 
  Copyright (c) Ericsson AB 2001-2025 - All Rights Reserved
              
           
[1;31mWARNING: [0mthe AMOS version currently running is more than 29 weeks old and is unsupported.
Please upgrade as soon as possible to the latest released version, available from your local Ericsson support.

$amosrb_pid = 3125001

Checking ip contact...OK

HELP MENU            : h
BASIC MO COMMANDS    : m
OTHER MO COMMANDS    : n
OTHER COMMANDS       : o
PM COMMANDS          : p
QUIT                 : q

CZ75E> lt all

251125-16:33:35+0100 19.31.16.231 25.0h  stopfile=/tmp/3124866
Looking up temporary_amos account... OK.
Trying temporary_amos_t20251125_37258710_65084_131's password from amos lookupAccount ... OK

$ssh_pid = 3125341

Connected to 19.31.16.231 (SubNetwork=BBMM_rckomc_R,MeContext=CZ75E,ManagedElement=CZ75E)

Checking MOM version...MSRBS_NODE_MODEL_25.Q1_198665.224.73_bf81
Parsing MOM (cached): /ericsson/log/amos/moshell_logfiles/t20251125_37258710_65084/logs_moshell/tempfiles/scp-4-amos_20251125-163328_3124798/MSRBS_NODE_MODEL_25.Q1_198665.224.73_bf81.xml.cache.gz ......................................................................................................................................................................................................................Done.
Using paramfile /opt/ericsson/amos/moshell/commonjars/pm/PARAM_MSRBSG2_25.Q1.txt
Parsing file /opt/ericsson/amos/moshell/commonjars/pm/PARAM_MSRBSG2_25.Q1.txt ......................................................................................Done.
Using imomdfile /opt/ericsson/amos/moshell/commonjars/pm/IMOMD_MSRBS_22.Q4.txt
Using imomfile /opt/ericsson/amos/moshell/commonjars/pm/IMOM_MSRBS_25.Q1.txt
Connected to 19.31.16.231 (SubNetwork=BBMM_rckomc_R,MeContext=CZ75E,ManagedElement=CZ75E)

Last MO: 18595. Loaded 18595 MOs. Total: 18596 MOs.

CZ75E> st cell

251125-16:33:55+0100 19.31.16.231 25.0h MSRBS_NODE_MODEL_25.Q1_198665.224.73_bf81 stopfile=/tmp/3124866
===================================================================================
Proxy  Adm State     Op. State     MO
===================================================================================
   43  1 (UNLOCKED)  1 (ENABLED)   ENodeBFunction=1,EUtranCellFDD=CZ75E1
  177  1 (UNLOCKED)  1 (ENABLED)   ENodeBFunction=1,EUtranCellFDD=CZ75E2
  351  1 (UNLOCKED)  1 (ENABLED)   ENodeBFunction=1,EUtranCellFDD=CZ75E3
  545  1 (UNLOCKED)  1 (ENABLED)   ENodeBFunction=1,EUtranCellFDD=CZ75M1
  649  1 (UNLOCKED)  1 (ENABLED)   ENodeBFunction=1,EUtranCellFDD=CZ75M2
  782  1 (UNLOCKED)  1 (ENABLED)   ENodeBFunction=1,EUtranCellFDD=CZ75M3
  904  1 (UNLOCKED)  1 (ENABLED)   ENodeBFunction=1,EUtranCellFDD=CZ75T1
 1034  1 (UNLOCKED)  1 (ENABLED)   ENodeBFunction=1,EUtranCellFDD=CZ75T2
 1172  1 (UNLOCKED)  1 (ENABLED)   ENodeBFunction=1,EUtranCellFDD=CZ75T3
 1950  1 (UNLOCKED)  1 (ENABLED)   ENodeBFunction=1,NbIotCell=CZ75N1
 1951  1 (UNLOCKED)  1 (ENABLED)   ENodeBFunction=1,NbIotCell=CZ75N2
 1952  1 (UNLOCKED)  1 (ENABLED)   ENodeBFunction=1,NbIotCell=CZ75N3
===================================================================================
Total: 12 MOs

CZ75E> st radio

251125-16:33:56+0100 19.31.16.231 25.0h MSRBS_NODE_MODEL_25.Q1_198665.224.73_bf81 stopfile=/tmp/3124866
===================================================================================
Proxy  Adm State     Op. State     MO
===================================================================================
 2950  1 (UNLOCKED)  1 (ENABLED)   Equipment=1,FieldReplaceableUnit=Radio-S100-1
 2973  1 (UNLOCKED)  1 (ENABLED)   Equipment=1,FieldReplaceableUnit=Radio-S102-1
 2996  1 (UNLOCKED)  1 (ENABLED)   Equipment=1,FieldReplaceableUnit=Radio-S210-1
 3013  1 (UNLOCKED)  1 (ENABLED)   Equipment=1,FieldReplaceableUnit=Radio-S211-1
 3030  1 (UNLOCKED)  1 (ENABLED)   Equipment=1,FieldReplaceableUnit=Radio-S212-1
18589  1 (UNLOCKED)  1 (ENABLED)   Transport=1,Synchronization=1,RadioEquipmentClock=1,RadioEquipmentClockReference=NTP1
18590  1 (UNLOCKED)  1 (ENABLED)   Transport=1,Synchronization=1,RadioEquipmentClock=1,RadioEquipmentClockReference=PTP8275_2
===================================================================================
Total: 7 MOs

CZ75E> sdir

251125-16:33:56+0100 19.31.16.231 25.0h MSRBS_NODE_MODEL_25.Q1_198665.224.73_bf81 stopfile=/tmp/3124866
INFO: Using amos lookupAccount credentials for the export login
........................
get /rop/A20251125.1445-1500_CZ75E.xml.gz /ericsson/log/amos/moshell_logfiles/t20251125_37258710_65084/logs_moshell/pmfiles/19.31.16.231/rop/A20251125.1445-1500_CZ75E.xml.gz ... OK
get /rop/A20251125.1500-1515_CZ75E.xml.gz /ericsson/log/amos/moshell_logfiles/t20251125_37258710_65084/logs_moshell/pmfiles/19.31.16.231/rop/A20251125.1500-1515_CZ75E.xml.gz ... OK
get /rop/A20251125.1515-1530_CZ75E.xml.gz /ericsson/log/amos/moshell_logfiles/t20251125_37258710_65084/logs_moshell/pmfiles/19.31.16.231/rop/A20251125.1515-1530_CZ75E.xml.gz ... OK
....Checking available boards on node...

Collecting RCS board data ...
....................................................................................
..........................
......................................................................................................................................................................................................................................................................................
...
Collecting TN data...
.....................................................................................................................
Getting MO data from node (87 MOs). Please wait...
0%                                             ~50%                                           ~100%
...................................................................................................................................
Collecting RF data...
....
Collecting Alarms...
Executing action Log.export()
...
Log=AlarmLog                    actionId=9010
............
Executing action LogM.exportAvailabilityLog()
..LogM=1,exportAvailabilityLog    actionId=9011
............Parsing alarmLog...........Done.
Parsing availabilityLog........Done.
.............

Total: 5 CPRI links (3 OK, 0 OKW, 2 NOK, 0 NT)
.
+--------+                      +--------------------+
|        | A        O101     D1 |    Radio-S210-1    |
|        |-----------1----------| RRU227922B822B20C* |
|        |        NOK-54m       |       BXP_6        |
|        |                      +--------------------+
|        |                                     |A  |B
|        |                  SE=210* AG=210 FDD=CZ75E1
|        |                                NIOT=CZ75N1
|        |
|        |                      +--------------------+
|        | B        O101     D1 |    Radio-S211-1    |
|        |-----------2----------| RRU227922B822B20C* |
|        |         OK-59m       |       BXP_4        |
|        |                      +--------------------+
|        |                                     |A  |B
|        |                  SE=211* AG=211 FDD=CZ75E2
|        |                                NIOT=CZ75N2
|        |
|        |                      +--------------------+
|        | C        O101     D1 |    Radio-S212-1    |
|        |-----------3----------| RRU227922B822B20C* |
|        |        NOK-57m       |       BXP_3        |
|        |                      +--------------------+
|        |                                     |A  |B
|  BB-1  |                  SE=212* AG=212 FDD=CZ75E3
| BB6630 |                                NIOT=CZ75N3
| 000100 |
|        |                      +------------------+
|        | D        O101     D2 |   Radio-S100-1   |
|        |-----------4----------| RRU449944B144B3C |
|        |         OK-32m       |      BXP_5       |
|        |                      +------------------+
|        |                           |A  |B  |C  |D
|        |                    SE=100 AG=100  |   |
|        |            FDD=CZ75M1 FDD=CZ75T1  |   |
|        |                            SE=101 AG=101
|        |                    FDD=CZ75M2 FDD=CZ75T2
|        |
|        |                      +------------------+
|        | E        O101     D2 |   Radio-S102-1   |
|        |-----------5----------| RRU449944B144B3C |
|        |         OK-32m       |      BXP_2       |
|        |                      +------------------+
|        |                           |A  |B  |C  |D
|        |                    SE=102 AG=102  |   |
|        |            FDD=CZ75M3 FDD=CZ75T3  |   |
|        |
+--------+

=====================================================================================================================================
ID RiL    Type Res MO1-MO2                  BOARD1-BOARD2             AlmIDs Cells (States)                                        Issue (Failed checks)
=====================================================================================================================================
 1 S210-1 O101 NOK BB-1(A) Radio-S210-1(D1) BB6630 RRU227922B822B20C*        FDD=CZ75E1 NIOT=CZ75N1 (1,1)                          Fiber Loss DL  (DlLoss-UlLoss=5.71)
 2 S211-1 O101 OK  BB-1(B) Radio-S211-1(D1) BB6630 RRU227922B822B20C*        FDD=CZ75E2 NIOT=CZ75N2 (1,1)                          Passed
 3 S212-1 O101 NOK BB-1(C) Radio-S212-1(D1) BB6630 RRU227922B822B20C*        FDD=CZ75E3 NIOT=CZ75N3 (1,1)                          Fiber Loss DL  (DlLoss-UlLoss=8.79)
 4 S100-1 O101 OK  BB-1(D) Radio-S100-1(D2) BB6630 RRU449944B144B3C          FDD=CZ75M1 FDD=CZ75M2 FDD=CZ75T1 FDD=CZ75T2 (1,1,1,1) Passed
 5 S102-1 O101 OK  BB-1(E) Radio-S102-1(D2) BB6630 RRU449944B144B3C          FDD=CZ75M3 FDD=CZ75T3 (1,1)                           Passed
-------------------------------------------------------------------------------------------------------------------------------------

=====================================================================================================================================
IDs  RiLs          Issue and Recommended Actions.
=====================================================================================================================================
1,3  S210-1,S212-1 Fiber Issue - Far End Reports Excessive Optical Power Loss.
-------------------------------------------------------------------------------------------------------------------------------------
 1) Troubleshoot to determine where optical power is being lost or Bit Errors are detected.  Start at the  port fiber connection reporting the loss and work back to the transmitter on the other end. (i.e. dirty, damaged or bent fiber, improperly mated connection)
 2) Refer to and follow  Ericsson CPI "Handling SFP Modules and Optical Cables" for proper handling, Cleaning, inspection and testing of  fiber and optical interfaces.
Note: Always check for any AlmID information and troubleshoot alarm(s) accordingly.
*************************************************************************************************************************************

Node: RadioNode L   CXP9024418/16_R8D21 (RCG123.3-3)   G2   LTE-FDD,LTE-IoT 

=====================================================================================================================================
FRU          ;LNH    ;BOARD              ;ST ;FAULT ;OPER ;MAINT ;STAT ;PRODUCTNUMBER   ;REV     ;SERIAL        ;DATE     ;PMTEMP ; TEMP ; UPT ;VOLT ;SW                   ;
=====================================================================================================================================
BB-1         ;000100 ;BB6630             ; 1 ;  OFF ;  ON ;  OFF ;  ON ;KDU137848/11    ;R3D     ;E96A00PNUL    ;20220317 ;3 (OK) ;      ; 133 ;48   ;                     ;
Radio-S100-1 ;BXP_5  ;RRU449944B144B3C   ; 1 ;  OFF ;  ON ;  OFF ; N/A ;KRC161787/1     ;R2E     ;E23D905061    ;20220421 ;4 (OK) ; 51.0 ; 133 ;51.9 ;CXP9013268%15_R101KB ; (Radio449944B144B3C)
Radio-S102-1 ;BXP_2  ;RRU449944B144B3C   ; 1 ;  OFF ;  ON ;  OFF ; N/A ;KRC161787/1     ;R2G     ;TU8U01JJ3F    ;20220510 ;4 (OK) ; 41.3 ; 133 ;52.2 ;CXP9013268%15_R101KB ; (Radio449944B144B3C)
Radio-S210-1 ;BXP_6  ;RRU227922B822B20C* ; 1 ;  OFF ;  ON ;  OFF ; N/A ;KRC161864/1     ;R1E     ;TU8U01HPPW    ;20220425 ;4 (OK) ; 51.5 ; 133 ;51.7 ;CXP9013268%15_R101KB ; (Radio227922B822B20C)
Radio-S211-1 ;BXP_4  ;RRU227922B822B20C* ; 1 ;  OFF ;  ON ;  OFF ; N/A ;KRC161864/1     ;R1E     ;TU8U01HQ95    ;20220426 ;4 (OK) ; 54.5 ; 133 ;51.9 ;CXP9013268%15_R101KB ; (Radio227922B822B20C)
Radio-S212-1 ;BXP_3  ;RRU227922B822B20C* ; 1 ;  OFF ;  ON ;  OFF ; N/A ;KRC161864/1     ;R1E     ;TU8U01HUJX    ;20220428 ;4 (OK) ; 53.0 ; 133 ;52.4 ;CXP9013268%15_R101KB ; (Radio227922B822B20C)
-------------------------------------------------------------------------------------------------------------------------------------

=====================================================================================================================================
AntennaNearUnit                                     ;ST  ;TYPE   ;PRODUCTNR     ;REV                ;UNIQUEID             ;RfPort
=====================================================================================================================================
AntennaUnitGroup=100,AntennaNearUnit=DTMA_1800      ; 1  ;TMA    ;MI-15832      ;A                  ;MDAS190901696_1.8    ;FieldReplaceableUnit=Radio-S100-1,RfPort=R
AntennaUnitGroup=100,AntennaNearUnit=DTMA_2100      ; 1  ;TMA    ;MI-15832      ;A                  ;MDAS190901696_2.1    ;FieldReplaceableUnit=Radio-S100-1,RfPort=R
AntennaUnitGroup=100,AntennaNearUnit=RET_1800_2100  ; 1  ;S-RET  ;AIMM20M11v01  ;WD82MANBRCU_VER.D  ;HWM1883K302NK1658yL  ;FieldReplaceableUnit=Radio-S100-1,RfPort=R
AntennaUnitGroup=101,AntennaNearUnit=DTMA_1800      ; 1  ;TMA    ;MI-15832      ;A                  ;MDAS191300390_1.8    ;FieldReplaceableUnit=Radio-S100-1,RfPort=R
AntennaUnitGroup=101,AntennaNearUnit=DTMA_2100      ; 1  ;TMA    ;MI-15832      ;A                  ;MDAS191300390_2.1    ;FieldReplaceableUnit=Radio-S100-1,RfPort=R
AntennaUnitGroup=101,AntennaNearUnit=RET_1800_2100  ; 1  ;S-RET  ;AIMM20M11v01  ;WD82MANBRCU_VER.D  ;HWM1883K302VA1883yL  ;FieldReplaceableUnit=Radio-S100-1,RfPort=R
AntennaUnitGroup=102,AntennaNearUnit=DTMA_1800      ; 1  ;TMA    ;MI-15832      ;A                  ;MDAS185100400_1.8    ;FieldReplaceableUnit=Radio-S102-1,RfPort=R
AntennaUnitGroup=102,AntennaNearUnit=DTMA_2100      ; 1  ;TMA    ;MI-15832      ;A                  ;MDAS185100400_2.1    ;FieldReplaceableUnit=Radio-S102-1,RfPort=R
AntennaUnitGroup=102,AntennaNearUnit=RET_1800_2100  ; 1  ;S-RET  ;AIMM20M11v01  ;WD82MANBRCU_VER.D  ;HWM1883K400NK1037yL  ;FieldReplaceableUnit=Radio-S102-1,RfPort=R
AntennaUnitGroup=210,AntennaNearUnit=DTMA_800_900   ; 1  ;TMA    ;KRY112228/11  ;R1A                ;ERT405---X617D12300  ;FieldReplaceableUnit=Radio-S210-1,RfPort=R
AntennaUnitGroup=210,AntennaNearUnit=RET_800_900    ; 1  ;S-RET  ;AIMM20D11v01  ;WD82MANHRCU_VER.B  ;HWM1968K1002V102Lr1  ;FieldReplaceableUnit=Radio-S210-1,RfPort=R
AntennaUnitGroup=211,AntennaNearUnit=DTMA_800_900   ; 1  ;TMA    ;KRY112228/11  ;R1A                ;ERT405---X617D12288  ;FieldReplaceableUnit=Radio-S211-1,RfPort=R
AntennaUnitGroup=211,AntennaNearUnit=RET_800_900    ; 1  ;S-RET  ;AIMM20D11v01  ;WD82MANHRCU_VER.B  ;HWM1968K10052635Lr1  ;FieldReplaceableUnit=Radio-S211-1,RfPort=R
AntennaUnitGroup=212,AntennaNearUnit=DTMA_800_900   ; 1  ;TMA    ;KRY112228/11  ;R1A                ;ERT405---X617D12991  ;FieldReplaceableUnit=Radio-S212-1,RfPort=R
AntennaUnitGroup=212,AntennaNearUnit=RET_800_900    ; 1  ;S-RET  ;AIMM20D11v01  ;WD82MANHRCU_VER.B  ;HWM1968K1009E997Lr1  ;FieldReplaceableUnit=Radio-S212-1,RfPort=R
-------------------------------------------------------------------------------------------------------------------------------------

=====================================================================================================================================
XPBOARD  ;ST ;FAULT ;OPER ;PRODUCTNUMBER ;REV ;SERIAL/NAME ;DATE     ; TEMP ;MO
=====================================================================================================================================
FAN      ; 1 ;N/A   ;N/A  ;BKV106217/1   ;N/A ;N/A         ;N/A      ;      ;SupportUnit=1 (FAN  BB-1)
-------------------------------------------------------------------------------------------------------------------------------------

=====================================================================================================================================
ID ;T ;RiL    ;BPBP ;BOARD1             ;LNH1 ;PORT ;R ;LINK ;RATE  ; BER ;BOARD2             ;LNH2 ;PORT ;R ;LINK ;RATE  ; BER ;LENGTH ;MO1 - MO2
=====================================================================================================================================
 1 ;O ;S210-1 ;1111 ;BB6630             ;000100 ; 1 ;M ;Up   ;10.1G ;   0 ;RRU227922B822B20C* ;BXP_6  ; 0 ;S ;Up   ;10.1G ;   0 ;   54m ;Fru=BB-1(A) Fru=Radio-S210-1(D1)
 2 ;O ;S211-1 ;1111 ;BB6630             ;000100 ; 2 ;M ;Up   ;10.1G ;   0 ;RRU227922B822B20C* ;BXP_4  ; 0 ;S ;Up   ;10.1G ;   0 ;   59m ;Fru=BB-1(B) Fru=Radio-S211-1(D1)
 3 ;O ;S212-1 ;1111 ;BB6630             ;000100 ; 3 ;M ;Up   ;10.1G ;   0 ;RRU227922B822B20C* ;BXP_3  ; 0 ;S ;Up   ;10.1G ;   0 ;   57m ;Fru=BB-1(C) Fru=Radio-S212-1(D1)
 4 ;O ;S100-1 ;1111 ;BB6630             ;000100 ; 4 ;M ;Up   ;10.1G ;   0 ;RRU449944B144B3C   ;BXP_5  ; 1 ;S ;Up   ;10.1G ;   0 ;   32m ;Fru=BB-1(D) Fru=Radio-S100-1(D2)
 5 ;O ;S102-1 ;1111 ;BB6630             ;000100 ; 5 ;M ;Up   ;10.1G ;   0 ;RRU449944B144B3C   ;BXP_2  ; 1 ;S ;Up   ;10.1G ;   0 ;   32m ;Fru=BB-1(E) Fru=Radio-S102-1(D2)
-------------------------------------------------------------------------------------------------------------------------------------

=====================================================================================================================================
ID ;LINK ;RiL    ;VENDOR1  ;VENDORPROD1     ;REV1 ;SERIAL1        ;DATE1    ;ERICSSONPROD1  ;VENDOR2  ;VENDORPROD2     ;REV2 ;SERIAL2        ;DATE2    ;ERICSSONPROD2  ;TT ;WL1     ;WL2    
=====================================================================================================================================
 1 ;Up   ;S210-1 ;ERICSSON ;SPP10ELRIDFREN  ;10   ;M592020943     ;20220408 ;RDH10265/2 R1A ;ERICSSON ;SPP10ELRIDFREN  ;10   ;M5F2005861     ;20220414 ;RDH10265/2 R1A ;0  ;1310.00 ;1310.00
 2 ;Up   ;S211-1 ;ERICSSON ;SPP10ELRIDFREN  ;10   ;M5G2022822     ;20220415 ;RDH10265/2 R1A ;ERICSSON ;SPP10ELRIDFREN  ;10   ;M4O2011194     ;20220323 ;RDH10265/2 R1A ;0  ;1310.00 ;1310.00
 3 ;Up   ;S212-1 ;ERICSSON ;SPP10ELRIDFREN  ;10   ;M5G2022780     ;20220415 ;RDH10265/2 R1A ;ERICSSON ;SPP10ELRIDFREN  ;10   ;M5G2022845     ;20220415 ;RDH10265/2 R1A ;0  ;1310.00 ;1310.00
 4 ;Up   ;S100-1 ;ERICSSON ;SPP10ELRIDFREN  ;10   ;M5E2008780     ;20220413 ;RDH10265/2 R1A ;ERICSSON ;SPP10ELRIDFREN  ;10   ;M5E2009262     ;20220413 ;RDH10265/2 R1A ;0  ;1310.00 ;1310.00
 5 ;Up   ;S102-1 ;ERICSSON ;SPP10ELRIDFREN  ;10   ;M5C2003629     ;20220411 ;RDH10265/2 R1A ;ERICSSON ;SPP10ELRIDFREN  ;10   ;M5E2009022     ;20220413 ;RDH10265/2 R1A ;0  ;1310.00 ;1310.00
-------------------------------------------------------------------------------------------------------------------------------------

=====================================================================================================================================
ID ;LINK ;RiL    ;WL1     ;TEMP1 ;TXbs1 ;TXdBm1 ;RXdBm1 ;BER1   ;WL2     ;TEMP2 ;TXbs2 ;TXdBm2 ;RXdBm2 ;BER2   ;DlLoss ;UlLoss ;LENGTH ;TT
=====================================================================================================================================
 1 ;Up   ;S210-1 ;1310.00 ;42C   ;35%   ;-1.42  ;-2.45  ;   0   ;1310.00 ;41C   ;36%   ;-1.10  ;-8.48  ;   0   ;  7.06 ;  1.35 ;   54m ; 0
 2 ;Up   ;S211-1 ;1310.00 ;43C   ;41%   ;-1.24  ;-2.10  ;   0   ;1310.00 ;44C   ;45%   ;-1.61  ;-1.59  ;   0   ;  0.35 ;  0.49 ;   59m ; 0
 3 ;Up   ;S212-1 ;1310.00 ;42C   ;36%   ;-0.62  ;-1.97  ;   0   ;1310.00 ;43C   ;45%   ;-2.24  ;-9.14  ;   0   ;  8.52 ; -0.27 ;   57m ; 0
 4 ;Up   ;S100-1 ;1310.00 ;44C   ;42%   ;-0.95  ;-2.28  ;   0   ;1310.00 ;45C   ;42%   ;-1.49  ;-2.00  ;   0   ;  1.05 ;  0.79 ;   32m ; 0
 5 ;Up   ;S102-1 ;1310.00 ;42C   ;43%   ;-1.66  ;-2.21  ;   0   ;1310.00 ;36C   ;41%   ;-1.56  ;-3.02  ;   0   ;  1.36 ;  0.65 ;   32m ; 0
-------------------------------------------------------------------------------------------------------------------------------------

=====================================================================================================================================
ID ;RiL    ;BOARD              ;SFPLNH  ;PORT ;VENDOR   ;VENDORPROD      ;REV  ;SERIAL         ;DATE     ;ERICSSONPROD   ;WL      ;TEMP  ;TXbs  ;TXdBm  ;RXdBm  ; BER
=====================================================================================================================================
 1 ;S210-1 ;BB6630             ;000100   ;  1 ;ERICSSON ;SPP10ELRIDFREN  ;10   ;M592020943     ;20220408 ;RDH10265/2 R1A ;1310.00 ;42C   ;35%   ;-1.42  ;-2.45  ;   0
 2 ;S211-1 ;BB6630             ;000100   ;  2 ;ERICSSON ;SPP10ELRIDFREN  ;10   ;M5G2022822     ;20220415 ;RDH10265/2 R1A ;1310.00 ;43C   ;41%   ;-1.24  ;-2.10  ;   0
 3 ;S212-1 ;BB6630             ;000100   ;  3 ;ERICSSON ;SPP10ELRIDFREN  ;10   ;M5G2022780     ;20220415 ;RDH10265/2 R1A ;1310.00 ;42C   ;36%   ;-0.62  ;-1.97  ;   0
 4 ;S100-1 ;BB6630             ;000100   ;  4 ;ERICSSON ;SPP10ELRIDFREN  ;10   ;M5E2008780     ;20220413 ;RDH10265/2 R1A ;1310.00 ;44C   ;42%   ;-0.95  ;-2.28  ;   0
 5 ;S102-1 ;BB6630             ;000100   ;  5 ;ERICSSON ;SPP10ELRIDFREN  ;10   ;M5C2003629     ;20220411 ;RDH10265/2 R1A ;1310.00 ;42C   ;43%   ;-1.66  ;-2.21  ;   0
 5 ;S102-1 ;RRU449944B144B3C   ;BXP_2    ;  1 ;ERICSSON ;SPP10ELRIDFREN  ;10   ;M5E2009022     ;20220413 ;RDH10265/2 R1A ;1310.00 ;36C   ;41%   ;-1.56  ;-3.02  ;   0
 3 ;S212-1 ;RRU227922B822B20C* ;BXP_3    ;  0 ;ERICSSON ;SPP10ELRIDFREN  ;10   ;M5G2022845     ;20220415 ;RDH10265/2 R1A ;1310.00 ;43C   ;45%   ;-2.24  ;-9.14  ;   0
 2 ;S211-1 ;RRU227922B822B20C* ;BXP_4    ;  0 ;ERICSSON ;SPP10ELRIDFREN  ;10   ;M4O2011194     ;20220323 ;RDH10265/2 R1A ;1310.00 ;44C   ;45%   ;-1.61  ;-1.59  ;   0
 4 ;S100-1 ;RRU449944B144B3C   ;BXP_5    ;  1 ;ERICSSON ;SPP10ELRIDFREN  ;10   ;M5E2009262     ;20220413 ;RDH10265/2 R1A ;1310.00 ;45C   ;42%   ;-1.49  ;-2.00  ;   0
 1 ;S210-1 ;RRU227922B822B20C* ;BXP_6    ;  0 ;ERICSSON ;SPP10ELRIDFREN  ;10   ;M5F2005861     ;20220414 ;RDH10265/2 R1A ;1310.00 ;41C   ;36%   ;-1.10  ;-8.48  ;   0
-------------------------------------------------------------------------------------------------------------------------------------
TN ;       ;BB6630             ;000100   ;  A ;ERICSSON ;RTXM228-402-C23 ;1.0  ;HM214900080822 ;20211205 ;RDH10265/3 R1A ;0       ;42C   ;35%   ;-1.47  ;-7.17  ; 0/0
TN ;       ;BB6630             ;000100   ;  B ;ERICSSON ;SPP10ELRIDFREN  ;10   ;M5G2022798     ;20220415 ;RDH10265/2 R1A ;0       ;38C   ;39%   ;-0.94  ;-2.56  ; 0/0
-------------------------------------------------------------------------------------------------------------------------------------

=====================================================================================================================================
BOARD  ;LNH    ;PORT ;T ;S ;OpMode   ;AutoNeg ;MacAddress        ;VlanIds        ;LOS ;BER
=====================================================================================================================================
BB6630 ;000100 ;TN_A ;O ;1 ;1G_FULL  ;true    ;7C:72:6E:79:77:C1 ;3901,3908,3910 ;0   ;0/0
BB6630 ;000100 ;TN_B ;O ;1 ;10G_FULL ;false   ;7C:72:6E:79:77:C2 ;3901,3910      ;0   ;0/0
-------------------------------------------------------------------------------------------------------------------------------------

radioClockState : RNT_TIME_LOCKED
-------------------------------------------------------------------------------------
Prio  ;ST  ;syncRefType    ;refStatus  ;opQualLevel  ;SyncReference
-------------------------------------------------------------------------------------
  *1  ; 1  ;PTP_TIME       ;NO_FAULT   ;PRTC         ;Ptp=1,BoundaryOrdinaryClock=1 (G_8275_2 Router=45G_Traffic,InterfaceIPv4=LTE,AddressIPv4=LTE:SLAVE)
   2  ; 1  ;NTP_FREQUENCY  ;NO_FAULT   ;PRC          ;Ntp=1,NtpFrequencySync=NTP1 (10.31.0.54:32751 Router=45G_Traffic,InterfaceIPv4=LTE,AddressIPv4=LTE)
-------------------------------------------------------------------------------------
nodeGroupRole   : SYNC_PROVIDER (syncNodePriority=1, selectionMode=NODE_PRIORITY)
-------------------------------------------------------------------------------------
DU  ;Port  ;sharedUnitRef (RiPortA - RiPortB)  ;remoteNodePriority  ;CandidateStatus
-------------------------------------------------------------------------------------
1   ;A     ;Fru=Radio-S210-1 (1 - 2)           ;3                   ;OK_NOT_ACTIVE
1   ;B     ;Fru=Radio-S211-1 (1 - 2)           ;3                   ;OK_NOT_ACTIVE
1   ;C     ;Fru=Radio-S212-1 (1 - 2)           ;3                   ;OK_NOT_ACTIVE
-------------------------------------------------------------------------------------

=====================================================================================================================================
FRU          ;LNH    ;BOARD              ;RF  ;BP  ;TX (W/dBm)  ;VSWR (RL)   ;RX (dBm) ;UEs/gUEs  ;Sector/AntennaGroup/Cells (State:CellIds:PCIs)
=====================================================================================================================================
Radio-S100-1 ;BXP_5  ;RRU449944B144B3C   ; A  ;11  ;33.4 (45.2) ;1.26 (18.9) ;-95.1    ;12/-      ;SE=100 AG=100 FDD=CZ75M1 FDD=CZ75T1 (1:31:388, 1:41:239)
Radio-S100-1 ;BXP_5  ;RRU449944B144B3C   ; B  ;11  ;36.3 (45.6) ;1.25 (19.1) ;-95.5    ;12/-      ;SE=100 AG=100 FDD=CZ75M1 FDD=CZ75T1 (1:31:388, 1:41:239)
Radio-S100-1 ;BXP_5  ;RRU449944B144B3C   ; C  ;11  ;28.5 (44.5) ;1.33 (17.0) ;-95.4    ;28/-      ;SE=101 AG=101 FDD=CZ75M2 FDD=CZ75T2 (1:32:13, 1:42:330)
Radio-S100-1 ;BXP_5  ;RRU449944B144B3C   ; D  ;11  ;27.0 (44.3) ;1.17 (22.2) ;-95.4    ;28/-      ;SE=101 AG=101 FDD=CZ75M2 FDD=CZ75T2 (1:32:13, 1:42:330)
Radio-S102-1 ;BXP_2  ;RRU449944B144B3C   ; A  ;11  ;21.6 (43.3) ;1.10 (26.4) ;-95.8    ;12/-      ;SE=102 AG=102 FDD=CZ75M3 FDD=CZ75T3 (1:33:404, 1:43:8)
Radio-S102-1 ;BXP_2  ;RRU449944B144B3C   ; B  ;11  ;21.9 (43.4) ;1.18 (21.8) ;-95.9    ;12/-      ;SE=102 AG=102 FDD=CZ75M3 FDD=CZ75T3 (1:33:404, 1:43:8)
Radio-S102-1 ;BXP_2  ;RRU449944B144B3C   ; C  ;11  ;-           ;-           ;         ;          ;
Radio-S102-1 ;BXP_2  ;RRU449944B144B3C   ; D  ;11  ;-           ;-           ;         ;          ;
Radio-S210-1 ;BXP_6  ;RRU227922B822B20C* ; A  ;11  ;29.3 (44.7) ;1.08 (28.7) ;-94.5    ;8/-       ;SE=210* AG=210 FDD=CZ75E1 NIOT=CZ75N1 (1:61:479, 1:161:479)
Radio-S210-1 ;BXP_6  ;RRU227922B822B20C* ; B  ;11  ;28.3 (44.5) ;1.09 (27.2) ;-90.0    ;8/-       ;SE=210* AG=210 FDD=CZ75E1 NIOT=CZ75N1 (1:61:479, 1:161:479)
Radio-S211-1 ;BXP_4  ;RRU227922B822B20C* ; A  ;11  ;36.0 (45.6) ;1.15 (22.9) ;-93.4    ;9/-       ;SE=211* AG=211 FDD=CZ75E2 NIOT=CZ75N2 (1:62:148, 1:162:148)
Radio-S211-1 ;BXP_4  ;RRU227922B822B20C* ; B  ;11  ;34.1 (45.3) ;1.15 (22.9) ;-93.7    ;9/-       ;SE=211* AG=211 FDD=CZ75E2 NIOT=CZ75N2 (1:62:148, 1:162:148)
Radio-S212-1 ;BXP_3  ;RRU227922B822B20C* ; A  ;11  ;22.2 (43.5) ;1.20 (20.7) ;-90.0    ;4/-       ;SE=212* AG=212 FDD=CZ75E3 NIOT=CZ75N3 (1:63:24, 1:163:24)
Radio-S212-1 ;BXP_3  ;RRU227922B822B20C* ; B  ;11  ;22.2 (43.5) ;1.20 (21.0) ;-91.4    ;4/-       ;SE=212* AG=212 FDD=CZ75E3 NIOT=CZ75N3 (1:63:24, 1:163:24)
-------------------------------------------------------------------------------------------------------------------------------------

CZ75E> mfar

251125-16:36:51+0100 19.31.16.231 25.0h MSRBS_NODE_MODEL_25.Q1_198665.224.73_bf81 stopfile=/tmp/3124866
.........
Last MO: 18601. Loaded 18601 MOs. Total: 18602 MOs.
.................................................
get /rop/A20251125.1400-1415_CZ75E.xml.gz /ericsson/log/amos/moshell_logfiles/t20251125_37258710_65084/logs_moshell/pmfiles/19.31.16.231/rop/A20251125.1400-1415_CZ75E.xml.gz ... OK
get /rop/A20251125.1415-1430_CZ75E.xml.gz /ericsson/log/amos/moshell_logfiles/t20251125_37258710_65084/logs_moshell/pmfiles/19.31.16.231/rop/A20251125.1415-1430_CZ75E.xml.gz ... OK
get /rop/A20251125.1430-1445_CZ75E.xml.gz /ericsson/log/amos/moshell_logfiles/t20251125_37258710_65084/logs_moshell/pmfiles/19.31.16.231/rop/A20251125.1430-1445_CZ75E.xml.gz ... OK

Using hardcoded thresholds: 3, 4.5, and 16.5
================================================================================================================================
SC     SE  Tx/Rx BrPair  RfPort1 - RfPort2               HW       Serial      Cell (State)   Samples   Med  Mean  SDev Pol Res Issue
================================================================================================================================
CZ75E1 210   2/2 0 (1,2) Radio-S210-1(A) Radio-S210-1(B) RRU2279  TU8U01HPPW  FDD=CZ75E1 (1)   90108  -1.5  -1.5   6.5  NA  OK Passed
CZ75E2 211   2/2 0 (1,2) Radio-S211-1(A) Radio-S211-1(B) RRU2279  TU8U01HQ95  FDD=CZ75E2 (1)  131094  -2.5  -2.0   7.4  NA  OK Passed
CZ75E3 212   2/2 0 (1,2) Radio-S212-1(A) Radio-S212-1(B) RRU2279  TU8U01HUJX  FDD=CZ75E3 (1)   94449   0.5   0.5   7.2  NA  OK Passed
CZ75M1 100   2/2 0 (1,2) Radio-S100-1(A) Radio-S100-1(B) RRU4499  E23D905061  FDD=CZ75M1 (1)   33736  -0.5   0.0   7.2  NA  OK Passed
CZ75M2 101   2/2 0 (1,2) Radio-S100-1(C) Radio-S100-1(D) RRU4499  E23D905061  FDD=CZ75M2 (1)   80680   0.5   1.0   8.0  NA  OK Passed
CZ75M3 102   2/2 0 (1,2) Radio-S102-1(A) Radio-S102-1(B) RRU4499  TU8U01JJ3F  FDD=CZ75M3 (1)   13365   0.5   0.6   6.8  NA  OK Passed
CZ75T1 100   2/2 0 (1,2) Radio-S100-1(A) Radio-S100-1(B) RRU4499  E23D905061  FDD=CZ75T1 (1)   92336   0.5   0.7   6.1  NA  OK Passed
CZ75T2 101   2/2 0 (1,2) Radio-S100-1(C) Radio-S100-1(D) RRU4499  E23D905061  FDD=CZ75T2 (1)  180631   2.5   2.8   7.1  NA  OK Passed
CZ75T3 102   2/2 0 (1,2) Radio-S102-1(A) Radio-S102-1(B) RRU4499  TU8U01JJ3F  FDD=CZ75T3 (1)  222447  -0.5  -0.8   4.7  NA  OK Passed
================================================================================================================================
Total: 9 SectorCarriers, 9 RfBranch Pairs (9 OK, 0 OKW, 0 NOK, 0 NT)
.........
Last MO: 18601. Loaded 18601 MOs. Total: 18602 MOs.

No NRSectorCarrier MOs are defined on the node.

CZ75E> mfitr

251125-16:37:10+0100 19.31.16.231 25.0h MSRBS_NODE_MODEL_25.Q1_198665.224.73_bf81 stopfile=/tmp/3124866
..............
Last MO: 18601. Loaded 18601 MOs. Total: 18602 MOs.
...........
2025-11-25 16:37
================================================================================================================================
CELL       SC     FRU          BOARD             PUSCH  PUCCH       A      B      C      D  DELTA
================================================================================================================================
FDD=CZ75E1 CZ75E1 Radio-S210-1 RRU227922B822B20C -118.2 -116.8 -118.4 -118.2                  0.2
FDD=CZ75E2 CZ75E2 Radio-S211-1 RRU227922B822B20C -117.3 -114.3 -117.4 -117.2                  0.2
FDD=CZ75E3 CZ75E3 Radio-S212-1 RRU227922B822B20C -118.6 -117.4 -117.7 -117.9                  0.2
FDD=CZ75M1 CZ75M1 Radio-S100-1 RRU449944B144B3C  -120.4 -120.3 -120.4 -120.2                  0.2
FDD=CZ75M2 CZ75M2 Radio-S100-1 RRU449944B144B3C  -120.0 -119.9               -120.4 -120.0    0.4
FDD=CZ75M3 CZ75M3 Radio-S102-1 RRU449944B144B3C  -120.1 -120.0 -120.3 -120.1                  0.2
FDD=CZ75T1 CZ75T1 Radio-S100-1 RRU449944B144B3C  -118.2 -114.1 -117.6 -116.7                  0.9
FDD=CZ75T2 CZ75T2 Radio-S100-1 RRU449944B144B3C  -118.0 -116.3               -118.5 -118.3    0.2
FDD=CZ75T3 CZ75T3 Radio-S102-1 RRU449944B144B3C  -118.5 -118.5 -118.8 -118.9                  0.1
================================================================================================================================
Bye...
Output has been logged to file /mta_fs/UserFiles/37258710/amosbatch/SDIR/CZ75E.log
