Logging to file /mta_fs/UserFiles/37258710/amosbatch/SDIR/CZ8FL.log
                        __  __  ____   _____
                  /\   |  \/  |/ __ \ / ____|
                 /  \  | \  / | |  | | (___  
                / /\ \ | |\/| | |  | |\___ \ 
               / ____ \| |  | | |__| |____) |
              /_/    \_\_|  |_|\____/|_____/
              OSS Framework for MoShell-25.0h 
  Copyright (c) Ericsson AB 2001-2025 - All Rights Reserved
              
           
[1;31mWARNING: [0mthe AMOS version currently running is more than 29 weeks old and is unsupported.
Please upgrade as soon as possible to the latest released version, available from your local Ericsson support.

$amosrb_pid = 3079366

Checking ip contact...OK

HELP MENU            : h
BASIC MO COMMANDS    : m
OTHER MO COMMANDS    : n
OTHER COMMANDS       : o
PM COMMANDS          : p
QUIT                 : q

CZ8FL> lt all

251125-16:19:00+0100 19.31.9.238 25.0h  stopfile=/tmp/3079260
Looking up temporary_amos account... OK.
Trying temporary_amos_t20251125_37258710_65084_131's password from amos lookupAccount ... OK

$ssh_pid = 3079817

Connected to 19.31.9.238 (SubNetwork=BBMM_rckomc_R,MeContext=CZ8FL,ManagedElement=CZ8FL)

Checking MOM version...MSRBS_NODE_MODEL_25.Q1_198665.224.73_bf81
Parsing MOM (cached): /ericsson/log/amos/moshell_logfiles/t20251125_37258710_65084/logs_moshell/tempfiles/scp-4-amos_20251125-161853_3079203/MSRBS_NODE_MODEL_25.Q1_198665.224.73_bf81.xml.cache.gz ......................................................................................................................................................................................................................Done.
Using paramfile /opt/ericsson/amos/moshell/commonjars/pm/PARAM_MSRBSG2_25.Q1.txt
Parsing file /opt/ericsson/amos/moshell/commonjars/pm/PARAM_MSRBSG2_25.Q1.txt ......................................................................................Done.
Using imomdfile /opt/ericsson/amos/moshell/commonjars/pm/IMOMD_MSRBS_22.Q4.txt
Using imomfile /opt/ericsson/amos/moshell/commonjars/pm/IMOM_MSRBS_25.Q1.txt
Connected to 19.31.9.238 (SubNetwork=BBMM_rckomc_R,MeContext=CZ8FL,ManagedElement=CZ8FL)

Last MO: 17585. Loaded 17585 MOs. Total: 17586 MOs.

CZ8FL> st cell

251125-16:19:19+0100 19.31.9.238 25.0h MSRBS_NODE_MODEL_25.Q1_198665.224.73_bf81 stopfile=/tmp/3079260
===================================================================================
Proxy  Adm State     Op. State     MO
===================================================================================
   56  1 (UNLOCKED)  1 (ENABLED)   ENodeBFunction=1,EUtranCellFDD=CZ8FL1
  259  1 (UNLOCKED)  1 (ENABLED)   ENodeBFunction=1,EUtranCellFDD=CZ8FL2
  393  1 (UNLOCKED)  1 (ENABLED)   ENodeBFunction=1,EUtranCellFDD=CZ8FL3
===================================================================================
Total: 3 MOs

CZ8FL> st radio

251125-16:19:20+0100 19.31.9.238 25.0h MSRBS_NODE_MODEL_25.Q1_198665.224.73_bf81 stopfile=/tmp/3079260
===================================================================================
Proxy  Adm State     Op. State     MO
===================================================================================
 1997  1 (UNLOCKED)  1 (ENABLED)   Equipment=1,FieldReplaceableUnit=Radio-S180-1
 2012  1 (UNLOCKED)  1 (ENABLED)   Equipment=1,FieldReplaceableUnit=Radio-S182-1
 2027  1 (UNLOCKED)  1 (ENABLED)   Equipment=1,FieldReplaceableUnit=Radio-S210-1
 2044  1 (UNLOCKED)  1 (ENABLED)   Equipment=1,FieldReplaceableUnit=Radio-S211-1
 2061  1 (UNLOCKED)  1 (ENABLED)   Equipment=1,FieldReplaceableUnit=Radio-S212-1
17579  1 (UNLOCKED)  1 (ENABLED)   Transport=1,Synchronization=1,RadioEquipmentClock=1,RadioEquipmentClockReference=NTP1
17580  1 (UNLOCKED)  1 (ENABLED)   Transport=1,Synchronization=1,RadioEquipmentClock=1,RadioEquipmentClockReference=PTP
===================================================================================
Total: 7 MOs

CZ8FL> sdir

251125-16:19:20+0100 19.31.9.238 25.0h MSRBS_NODE_MODEL_25.Q1_198665.224.73_bf81 stopfile=/tmp/3079260
INFO: Using amos lookupAccount credentials for the export login
...............................
get /rop/A20251125.1430-1445_CZ8FL.xml.gz /ericsson/log/amos/moshell_logfiles/t20251125_37258710_65084/logs_moshell/pmfiles/19.31.9.238/rop/A20251125.1430-1445_CZ8FL.xml.gz ... OK
get /rop/A20251125.1445-1500_CZ8FL.xml.gz /ericsson/log/amos/moshell_logfiles/t20251125_37258710_65084/logs_moshell/pmfiles/19.31.9.238/rop/A20251125.1445-1500_CZ8FL.xml.gz ... OK
get /rop/A20251125.1500-1515_CZ8FL.xml.gz /ericsson/log/amos/moshell_logfiles/t20251125_37258710_65084/logs_moshell/pmfiles/19.31.9.238/rop/A20251125.1500-1515_CZ8FL.xml.gz ... OK
....Checking available boards on node...

Collecting RCS board data ...
...................................................................................
..........................
...........................................................................................................................................................................................................................................................................................................
...........
Collecting TN data...
...............................................................................................................................................................................................................................................................................
Collecting RF data...
...
Collecting Alarms...
Executing action Log.export()
...
Log=AlarmLog                    actionId=4770
............
Executing action LogM.exportAvailabilityLog()
..LogM=1,exportAvailabilityLog    actionId=4771
........Parsing alarmLog...........Done.
Parsing availabilityLog........Done.
.............

Total: 5 CPRI links (5 OK, 0 OKW, 0 NOK, 0 NT)
.
+--------+                      +--------------------+
|        | A        O101     D2 |    Radio-S210-1    |
|        |-----------1----------| RRU227922B822B20C* |
|        |         OK-77m       |       BXP_2        |
|        |                      +--------------------+
|        |                                     |A  |B
|        |                 SE=210* AG=210 GT=CZ8FD1/0
|        |                                GT=CZ8FD1/8
|        |
|        |                      +--------------------+
|        | B        O101     D2 |    Radio-S211-1    |
|        |-----------2----------| RRU227922B822B20C* |
|        |         OK-72m       |       BXP_3        |
|        |                      +--------------------+
|        |                                     |A  |B
|        |                 SE=211* AG=211 GT=CZ8FD2/0
|        |                                GT=CZ8FD2/1
|        |
|        |                      +--------------------+
|        | C        O101     D2 |    Radio-S212-1    |
|        |-----------3----------| RRU227922B822B20C* |
|        |         OK-52m       |       BXP_5        |
|        |                      +--------------------+
|        |                                     |A  |B
|  BB-1  |                 SE=212* AG=212 GT=CZ8FD3/0
| BB6630 |                                GT=CZ8FD3/1
| 000100 |
|        |                      +---------------+
|        | D        O101     D1 | Radio-S180-1  |
|        |-----------4----------|   RRU4415B7   |
|        |         OK-77m       |     BXP_4     |
|        |                      +---------------+
|        |                        |A  |B  |C  |D
|        |                 SE=180 AG=180  |   |
|        |                    FDD=CZ8FL1  |   |
|        |                         SE=181 AG=181
|        |                            FDD=CZ8FL2
|        |
|        |                      +---------------+
|        | E        O101     D1 | Radio-S182-1  |
|        |-----------5----------|   RRU4415B7   |
|        |         OK-84m       |     BXP_6     |
|        |                      +---------------+
|        |                        |A  |B  |C  |D
|        |                 SE=182 AG=182  |   |
|        |                    FDD=CZ8FL3  |   |
|        |
+--------+

=====================================================================================================================================
ID RiL    Type Res MO1-MO2                  BOARD1-BOARD2             AlmIDs Cells (States)                Issue (Failed checks)
=====================================================================================================================================
 1 S210-1 O101 OK  BB-1(A) Radio-S210-1(D2) BB6630 RRU227922B822B20C*        GT=CZ8FD1/0 GT=CZ8FD1/8 (1,1) Passed
 2 S211-1 O101 OK  BB-1(B) Radio-S211-1(D2) BB6630 RRU227922B822B20C*        GT=CZ8FD2/0 GT=CZ8FD2/1 (1,1) Passed
 3 S212-1 O101 OK  BB-1(C) Radio-S212-1(D2) BB6630 RRU227922B822B20C*        GT=CZ8FD3/0 GT=CZ8FD3/1 (1,1) Passed
 4 S180-1 O101 OK  BB-1(D) Radio-S180-1(D1) BB6630 RRU4415B7                 FDD=CZ8FL1 FDD=CZ8FL2 (1,1)   Passed
 5 S182-1 O101 OK  BB-1(E) Radio-S182-1(D1) BB6630 RRU4415B7                 FDD=CZ8FL3 (1)                Passed
-------------------------------------------------------------------------------------------------------------------------------------

Node: RadioNode GL   CXP9024418/16_R8D21 (RCG123.3-3)   G2   GSM LTE-FDD 

=====================================================================================================================================
FRU          ;LNH    ;BOARD              ;ST ;FAULT ;OPER ;MAINT ;STAT ;PRODUCTNUMBER   ;REV     ;SERIAL        ;DATE     ;PMTEMP ; TEMP ; UPT ;VOLT ;SW                   ;
=====================================================================================================================================
BB-1         ;000100 ;BB6630             ; 1 ;  OFF ;  ON ;  OFF ;  ON ;KDU137848/11    ;R3D     ;E96A00PPCQ    ;20220318 ;3 (OK) ;      ;2.63 ;48   ;                     ;
Radio-S180-1 ;BXP_4  ;RRU4415B7          ; 1 ;  OFF ;  ON ;  OFF ; N/A ;KRC161495/1     ;R5F     ;E55F936606    ;20220401 ;4 (OK) ; 44.0 ;2.63 ;54.3 ;CXP9013268%15_R101KB ; (Radio4415B7)
Radio-S182-1 ;BXP_6  ;RRU4415B7          ; 1 ;  OFF ;  ON ;  OFF ; N/A ;KRC161495/1     ;R5FC    ;TU8U00Q2X9    ;20210302 ;4 (OK) ; 32.3 ;2.63 ;54.2 ;CXP9013268%15_R101KB ; (Radio4415B7)
Radio-S210-1 ;BXP_2  ;RRU227922B822B20C* ; 1 ;  OFF ;  ON ;  OFF ; N/A ;KRC161864/1     ;R1E     ;TU8U01J5UK    ;20220505 ;4 (OK) ; 38.5 ;2.63 ;53.8 ;CXP9013268%15_R101LX ; (Radio227922B822B20C)
Radio-S211-1 ;BXP_3  ;RRU227922B822B20C* ; 1 ;  OFF ;  ON ;  OFF ; N/A ;KRC161864/1     ;R1E     ;TU8U01J5N6    ;20220504 ;4 (OK) ; 37.0 ;2.63 ;53.9 ;CXP9013268%15_R101LX ; (Radio227922B822B20C)
Radio-S212-1 ;BXP_5  ;RRU227922B822B20C* ; 1 ;  OFF ;  ON ;  OFF ; N/A ;KRC161864/1     ;R1E     ;TU8U01J3UG    ;20220504 ;4 (OK) ; 33.5 ;2.63 ;54.1 ;CXP9013268%15_R101LX ; (Radio227922B822B20C)
-------------------------------------------------------------------------------------------------------------------------------------

=====================================================================================================================================
XPBOARD  ;ST ;FAULT ;OPER ;PRODUCTNUMBER ;REV ;SERIAL/NAME ;DATE     ; TEMP ;MO
=====================================================================================================================================
FAN      ; 1 ;N/A   ;N/A  ;BKV106217/1   ;N/A ;N/A         ;N/A      ;      ;SupportUnit=1 (FAN  BB-1)
-------------------------------------------------------------------------------------------------------------------------------------

=====================================================================================================================================
ID ;T ;RiL    ;BPBP ;BOARD1             ;LNH1 ;PORT ;R ;LINK ;RATE  ; BER ;BOARD2             ;LNH2 ;PORT ;R ;LINK ;RATE  ; BER ;LENGTH ;MO1 - MO2
=====================================================================================================================================
 1 ;O ;S210-1 ;1111 ;BB6630             ;000100 ; 1 ;M ;Up   ;10.1G ;   0 ;RRU227922B822B20C* ;BXP_2  ; 1 ;S ;Up   ;10.1G ;   0 ;   77m ;Fru=BB-1(A) Fru=Radio-S210-1(D2)
 2 ;O ;S211-1 ;1111 ;BB6630             ;000100 ; 2 ;M ;Up   ;10.1G ;   0 ;RRU227922B822B20C* ;BXP_3  ; 1 ;S ;Up   ;10.1G ;   0 ;   72m ;Fru=BB-1(B) Fru=Radio-S211-1(D2)
 3 ;O ;S212-1 ;1111 ;BB6630             ;000100 ; 3 ;M ;Up   ;10.1G ;   0 ;RRU227922B822B20C* ;BXP_5  ; 1 ;S ;Up   ;10.1G ;   0 ;   52m ;Fru=BB-1(C) Fru=Radio-S212-1(D2)
 4 ;O ;S180-1 ;1111 ;BB6630             ;000100 ; 4 ;M ;Up   ;10.1G ;   0 ;RRU4415B7          ;BXP_4  ; 0 ;S ;Up   ;10.1G ;   0 ;   77m ;Fru=BB-1(D) Fru=Radio-S180-1(D1)
 5 ;O ;S182-1 ;1111 ;BB6630             ;000100 ; 5 ;M ;Up   ;10.1G ;   0 ;RRU4415B7          ;BXP_6  ; 0 ;S ;Up   ;10.1G ;   0 ;   84m ;Fru=BB-1(E) Fru=Radio-S182-1(D1)
-------------------------------------------------------------------------------------------------------------------------------------

=====================================================================================================================================
ID ;LINK ;RiL    ;VENDOR1  ;VENDORPROD1      ;REV1 ;SERIAL1         ;DATE1    ;ERICSSONPROD1  ;VENDOR2  ;VENDORPROD2      ;REV2 ;SERIAL2         ;DATE2    ;ERICSSONPROD2  ;TT ;WL1     ;WL2    
=====================================================================================================================================
 1 ;Up   ;S210-1 ;ERICSSON ;SPP10ELRIDFREN   ;10   ;M4J2008864      ;20220318 ;RDH10265/2 R1A ;ERICSSON ;SPP10ELRIDFREN   ;10   ;M4N2008733      ;20220322 ;RDH10265/2 R1A ;0  ;1310.00 ;1310.00
 2 ;Up   ;S211-1 ;ERICSSON ;EOLP-1396-02-I9  ;1.0  ;PM1M158724      ;20210410 ;RDH10265/2 R1A ;ERICSSON ;RTXM228-702-C22  ;1.0  ;CU823J11T9      ;20230918 ;RDH10265/2 R1A ;0  ;1310.00 ;1310.00
 3 ;Up   ;S212-1 ;ERICSSON ;SPP10ELRIDFREN   ;10   ;M4O2010209      ;20220323 ;RDH10265/2 R1A ;ERICSSON ;SPP10ELRIDFREN   ;10   ;M4O2008220      ;20220323 ;RDH10265/2 R1A ;0  ;1310.00 ;1310.00
 4 ;Up   ;S180-1 ;ERICSSON ;SPP10ELRIDFREN   ;10   ;M4N2009214      ;20220322 ;RDH10265/2 R1A ;ERICSSON ;SPP10ELRIDFREN   ;10   ;M4P2007475      ;20220324 ;RDH10265/2 R1A ;0  ;1310.00 ;1310.00
 5 ;Up   ;S182-1 ;ERICSSON ;SPP10ELRIDFREN   ;10   ;M4M2013866      ;20220321 ;RDH10265/2 R1A ;ERICSSON ;SPP10ELRIDFREN   ;10   ;M4M2013863      ;20220321 ;RDH10265/2 R1A ;0  ;1310.00 ;1310.00
-------------------------------------------------------------------------------------------------------------------------------------

=====================================================================================================================================
ID ;LINK ;RiL    ;WL1     ;TEMP1 ;TXbs1 ;TXdBm1 ;RXdBm1 ;BER1   ;WL2     ;TEMP2 ;TXbs2 ;TXdBm2 ;RXdBm2 ;BER2   ;DlLoss ;UlLoss ;LENGTH ;TT
=====================================================================================================================================
 1 ;Up   ;S210-1 ;1310.00 ;44C   ;35%   ;-0.72  ;-3.21  ;   0   ;1310.00 ;34C   ;44%   ;-2.11  ;-2.70  ;   0   ;  1.98 ;   1.1 ;   77m ; 0
 2 ;Up   ;S211-1 ;1310.00 ;45C   ;44%   ;-2.34  ;-2.77  ;   0   ;1310.00 ;32C   ;55%   ;-2.98  ;-1.72  ;   0   ; -0.62 ; -0.21 ;   72m ; 0
 3 ;Up   ;S212-1 ;1310.00 ;46C   ;46%   ;-1.78  ;-1.53  ;   0   ;1310.00 ;27C   ;38%   ;-0.86  ;-2.26  ;   0   ;  0.48 ;  0.67 ;   52m ; 0
 4 ;Up   ;S180-1 ;1310.00 ;45C   ;37%   ;-1.08  ;-1.36  ;   0   ;1310.00 ;38C   ;35%   ;-0.90  ;-2.39  ;   0   ;  1.31 ;  0.46 ;   77m ; 0
 5 ;Up   ;S182-1 ;1310.00 ;45C   ;42%   ;-1.06  ;-4.63  ;   0   ;1310.00 ;30C   ;42%   ;-2.18  ;-3.51  ;   0   ;  2.45 ;  2.45 ;   84m ; 0
-------------------------------------------------------------------------------------------------------------------------------------

=====================================================================================================================================
ID ;RiL    ;BOARD              ;SFPLNH  ;PORT ;VENDOR   ;VENDORPROD       ;REV  ;SERIAL          ;DATE     ;ERICSSONPROD   ;WL      ;TEMP  ;TXbs  ;TXdBm  ;RXdBm  ; BER
=====================================================================================================================================
 1 ;S210-1 ;BB6630             ;000100   ;  1 ;ERICSSON ;SPP10ELRIDFREN   ;10   ;M4J2008864      ;20220318 ;RDH10265/2 R1A ;1310.00 ;44C   ;35%   ;-0.72  ;-3.21  ;   0
 2 ;S211-1 ;BB6630             ;000100   ;  2 ;ERICSSON ;EOLP-1396-02-I9  ;1.0  ;PM1M158724      ;20210410 ;RDH10265/2 R1A ;1310.00 ;45C   ;44%   ;-2.34  ;-2.77  ;   0
 3 ;S212-1 ;BB6630             ;000100   ;  3 ;ERICSSON ;SPP10ELRIDFREN   ;10   ;M4O2010209      ;20220323 ;RDH10265/2 R1A ;1310.00 ;46C   ;46%   ;-1.78  ;-1.53  ;   0
 4 ;S180-1 ;BB6630             ;000100   ;  4 ;ERICSSON ;SPP10ELRIDFREN   ;10   ;M4N2009214      ;20220322 ;RDH10265/2 R1A ;1310.00 ;45C   ;37%   ;-1.08  ;-1.36  ;   0
 5 ;S182-1 ;BB6630             ;000100   ;  5 ;ERICSSON ;SPP10ELRIDFREN   ;10   ;M4M2013866      ;20220321 ;RDH10265/2 R1A ;1310.00 ;45C   ;42%   ;-1.06  ;-4.63  ;   0
 1 ;S210-1 ;RRU227922B822B20C* ;BXP_2    ;  1 ;ERICSSON ;SPP10ELRIDFREN   ;10   ;M4N2008733      ;20220322 ;RDH10265/2 R1A ;1310.00 ;34C   ;44%   ;-2.11  ;-2.70  ;   0
 2 ;S211-1 ;RRU227922B822B20C* ;BXP_3    ;  1 ;ERICSSON ;RTXM228-702-C22  ;1.0  ;CU823J11T9      ;20230918 ;RDH10265/2 R1A ;1310.00 ;32C   ;55%   ;-2.98  ;-1.72  ;   0
 4 ;S180-1 ;RRU4415B7          ;BXP_4    ;  0 ;ERICSSON ;SPP10ELRIDFREN   ;10   ;M4P2007475      ;20220324 ;RDH10265/2 R1A ;1310.00 ;38C   ;35%   ;-0.90  ;-2.39  ;   0
 3 ;S212-1 ;RRU227922B822B20C* ;BXP_5    ;  1 ;ERICSSON ;SPP10ELRIDFREN   ;10   ;M4O2008220      ;20220323 ;RDH10265/2 R1A ;1310.00 ;27C   ;38%   ;-0.86  ;-2.26  ;   0
 5 ;S182-1 ;RRU4415B7          ;BXP_6    ;  0 ;ERICSSON ;SPP10ELRIDFREN   ;10   ;M4M2013863      ;20220321 ;RDH10265/2 R1A ;1310.00 ;30C   ;42%   ;-2.18  ;-3.51  ;   0
-------------------------------------------------------------------------------------------------------------------------------------
TN ;       ;BB6630             ;000100   ;  A ;ERICSSON ;LCP-10G3B4HDRME4 ;A    ;2220094A2453142 ;20220511 ;RDH10265/2 R1A ;0       ;42C   ;41%   ;-3.23  ;-2.82  ;NZ/0
-------------------------------------------------------------------------------------------------------------------------------------

=====================================================================================================================================
BOARD  ;LNH    ;PORT   ;T ;S ;OpMode   ;AutoNeg ;MacAddress        ;VlanIds        ;LOS ;BER
=====================================================================================================================================
BB6630 ;000100 ;IDL_A1 ;E ;1 ;10G_FULL ;false   ;7C:72:6E:79:5F:65 ;3908           ;0   ;0/0
BB6630 ;000100 ;TN_A   ;O ;1 ;10G_FULL ;false   ;7C:72:6E:79:5F:61 ;3901,3908,3910 ;0   ;NZ/0
-------------------------------------------------------------------------------------------------------------------------------------

radioClockState : RNT_TIME_LOCKED
-------------------------------------------------------------------------------------
Prio  ;ST  ;syncRefType    ;refStatus  ;opQualLevel  ;SyncReference
-------------------------------------------------------------------------------------
   1  ; 1  ;PTP_TIME       ;NO_FAULT   ;PRTC         ;Ptp=1,BoundaryOrdinaryClock=PTP (G_8275_1 EthernetPort=TN_A:SLAVE)
   2  ; 1  ;NTP_FREQUENCY  ;NO_FAULT   ;PRC          ;Ntp=1,NtpFrequencySync=NTP1 (10.31.0.54:32751 Router=45G_Traffic,InterfaceIPv4=LTE,AddressIPv4=LTE)
-------------------------------------------------------------------------------------
-------------------------------------------------------------------------------------
Prio  ;ST  ;assistRefStatus  ;recQualLevel  ;AssistingReference
-------------------------------------------------------------------------------------
   1  ; 0  ;UNKNOWN          ;PRTC          ;Synchronization=1,SyncEthInput=SyncE (SFP_OPTICAL EthernetPort=TN_A)
-------------------------------------------------------------------------------------
nodeGroupRole   : SYNC_RECEIVER (syncNodePriority=3, selectionMode=NODE_PRIORITY)
-------------------------------------------------------------------------------------
DU  ;Port  ;sharedUnitRef (RiPortA - RiPortB)  ;remoteNodePriority  ;CandidateStatus
-------------------------------------------------------------------------------------
1   ;C     ;Fru=Radio-S212-1 (2 - 1)           ;1                   ;OK_NOT_ACTIVE
1   ;A     ;Fru=Radio-S210-1 (2 - 1)           ;1                   ;OK_NOT_ACTIVE
1   ;B     ;Fru=Radio-S211-1 (2 - 1)           ;1                   ;OK_ACTIVE
-------------------------------------------------------------------------------------

=====================================================================================================================================
FRU          ;LNH    ;BOARD              ;RF  ;BP  ;TX (W/dBm)  ;VSWR (RL)   ;RX (dBm) ;UEs/gUEs  ;Sector/AntennaGroup/Cells (State:CellIds:PCIs)
=====================================================================================================================================
Radio-S180-1 ;BXP_4  ;RRU4415B7          ; A  ;11  ;14.1 (41.5) ;1.23 (19.9) ;-93.3    ;23/-      ;SE=180 AG=180 FDD=CZ8FL1 (1:21:151)
Radio-S180-1 ;BXP_4  ;RRU4415B7          ; B  ;11  ;14.5 (41.6) ;1.06 (30.7) ;-92.5    ;23/-      ;SE=180 AG=180 FDD=CZ8FL1 (1:21:151)
Radio-S180-1 ;BXP_4  ;RRU4415B7          ; C  ;11  ;14.5 (41.6) ;1.17 (22.3) ;-98.2    ;7/-       ;SE=181 AG=181 FDD=CZ8FL2 (1:22:149)
Radio-S180-1 ;BXP_4  ;RRU4415B7          ; D  ;11  ;15.1 (41.8) ;1.17 (22.0) ;-98.7    ;7/-       ;SE=181 AG=181 FDD=CZ8FL2 (1:22:149)
Radio-S182-1 ;BXP_6  ;RRU4415B7          ; A  ;11  ;21.9 (43.4) ;1.14 (23.5) ;-95.8    ;2/-       ;SE=182 AG=182 FDD=CZ8FL3 (1:23:148)
Radio-S182-1 ;BXP_6  ;RRU4415B7          ; B  ;11  ;-           ;1.19 (21.2) ;-95.6    ;2/-       ;SE=182 AG=182 FDD=CZ8FL3 (1:23:148)
Radio-S182-1 ;BXP_6  ;RRU4415B7          ; C  ;11  ;-           ;-           ;         ;          ;
Radio-S182-1 ;BXP_6  ;RRU4415B7          ; D  ;11  ;-           ;-           ;         ;          ;
Radio-S210-1 ;BXP_2  ;RRU227922B822B20C* ; A  ;11  ;37.4 (45.7) ;1.12 (24.9) ;-85.8    ;-/-       ;SE=210* AG=210 GT=CZ8FD1/0 GT=CZ8FD1/8 (1, 1)
Radio-S210-1 ;BXP_2  ;RRU227922B822B20C* ; B  ;11  ;26.5 (44.2) ;1.25 (19.2) ;-84.1    ;-/-       ;SE=210* AG=210 GT=CZ8FD1/0 GT=CZ8FD1/8 (1, 1)
Radio-S211-1 ;BXP_3  ;RRU227922B822B20C* ; A  ;11  ;31.2 (44.9) ;1.17 (21.9) ;-94.0    ;-/-       ;SE=211* AG=211 GT=CZ8FD2/0 GT=CZ8FD2/1 (1, 1)
Radio-S211-1 ;BXP_3  ;RRU227922B822B20C* ; B  ;11  ;22.1 (43.4) ;1.19 (21.4) ;-92.3    ;-/-       ;SE=211* AG=211 GT=CZ8FD2/0 GT=CZ8FD2/1 (1, 1)
Radio-S212-1 ;BXP_5  ;RRU227922B822B20C* ; A  ;11  ;27.5 (44.4) ;1.41 (15.4) ;-83.4    ;-/-       ;SE=212* AG=212 GT=CZ8FD3/0 GT=CZ8FD3/1 (1, 1)
Radio-S212-1 ;BXP_5  ;RRU227922B822B20C* ; B  ;11  ;17.3 (42.4) ;1.27 (18.4) ;-89.3    ;-/-       ;SE=212* AG=212 GT=CZ8FD3/0 GT=CZ8FD3/1 (1, 1)
-------------------------------------------------------------------------------------------------------------------------------------

CZ8FL> mfar

251125-16:21:47+0100 19.31.9.238 25.0h MSRBS_NODE_MODEL_25.Q1_198665.224.73_bf81 stopfile=/tmp/3079260
.....
Last MO: 17592. Loaded 17592 MOs. Total: 17593 MOs.
..........................................
get /rop/A20251125.1345-1400_CZ8FL.xml.gz /ericsson/log/amos/moshell_logfiles/t20251125_37258710_65084/logs_moshell/pmfiles/19.31.9.238/rop/A20251125.1345-1400_CZ8FL.xml.gz ... OK
get /rop/A20251125.1400-1415_CZ8FL.xml.gz /ericsson/log/amos/moshell_logfiles/t20251125_37258710_65084/logs_moshell/pmfiles/19.31.9.238/rop/A20251125.1400-1415_CZ8FL.xml.gz ... OK
get /rop/A20251125.1415-1430_CZ8FL.xml.gz /ericsson/log/amos/moshell_logfiles/t20251125_37258710_65084/logs_moshell/pmfiles/19.31.9.238/rop/A20251125.1415-1430_CZ8FL.xml.gz ... OK

Using hardcoded thresholds: 3, 4.5, and 16.5
================================================================================================================================
SC     SE  Tx/Rx BrPair  RfPort1 - RfPort2               HW       Serial      Cell (State)   Samples   Med  Mean  SDev Pol Res Issue
================================================================================================================================
CZ8FL1 180   2/2 0 (1,2) Radio-S180-1(A) Radio-S180-1(B) RRU4415  E55F936606  FDD=CZ8FL1 (1)  502355   0.5   0.7   6.2  NA  OK Passed
CZ8FL2 181   2/2 0 (1,2) Radio-S180-1(C) Radio-S180-1(D) RRU4415  E55F936606  FDD=CZ8FL2 (1)  259067  -0.5  -0.6   7.2  NA  OK Passed
CZ8FL3 182   2/2 0 (1,2) Radio-S182-1(A) Radio-S182-1(B) RRU4415  TU8U00Q2X9  FDD=CZ8FL3 (1)   95098  -1.5  -1.4   7.0  NA  OK Passed
================================================================================================================================
Total: 3 SectorCarriers, 3 RfBranch Pairs (3 OK, 0 OKW, 0 NOK, 0 NT)
.....
Last MO: 17592. Loaded 17592 MOs. Total: 17593 MOs.

No NRSectorCarrier MOs are defined on the node.

CZ8FL> mfitr

251125-16:22:03+0100 19.31.9.238 25.0h MSRBS_NODE_MODEL_25.Q1_198665.224.73_bf81 stopfile=/tmp/3079260
.........
Last MO: 17592. Loaded 17592 MOs. Total: 17593 MOs.
.......
2025-11-25 16:22
================================================================================================================================
CELL       SC     FRU          BOARD     PUSCH  PUCCH       A      B      C      D  DELTA
================================================================================================================================
FDD=CZ8FL1 CZ8FL1 Radio-S180-1 RRU4415B7 -115.2 -117.8 -115.2 -113.9                  1.3
FDD=CZ8FL2 CZ8FL2 Radio-S180-1 RRU4415B7 -117.3 -117.9               -117.6 -118.1    0.5
FDD=CZ8FL3 CZ8FL3 Radio-S182-1 RRU4415B7 -115.5 -117.4 -114.8 -113.6                  1.2
================================================================================================================================
Bye...
Output has been logged to file /mta_fs/UserFiles/37258710/amosbatch/SDIR/CZ8FL.log
