Logging to file /mta_fs/UserFiles/37258710/amosbatch/SDIR/CZA6T.log
                        __  __  ____   _____
                  /\   |  \/  |/ __ \ / ____|
                 /  \  | \  / | |  | | (___  
                / /\ \ | |\/| | |  | |\___ \ 
               / ____ \| |  | | |__| |____) |
              /_/    \_\_|  |_|\____/|_____/
              OSS Framework for MoShell-25.0h 
  Copyright (c) Ericsson AB 2001-2025 - All Rights Reserved
              
           
[1;31mWARNING: [0mthe AMOS version currently running is more than 29 weeks old and is unsupported.
Please upgrade as soon as possible to the latest released version, available from your local Ericsson support.

$amosrb_pid = 2069004

Checking ip contact...OK

HELP MENU            : h
BASIC MO COMMANDS    : m
OTHER MO COMMANDS    : n
OTHER COMMANDS       : o
PM COMMANDS          : p
QUIT                 : q

CZA6T> lt all

251125-11:08:56+0100 19.31.8.80 25.0h  stopfile=/tmp/2068923
Looking up temporary_amos account... OK.
Trying temporary_amos_t20251125_37258710_65084_131's password from amos lookupAccount ... OK

$ssh_pid = 2069332

Connected to 19.31.8.80 (SubNetwork=BBMM_rckomc_R,MeContext=CZA6T,ManagedElement=CZA6T)

Checking MOM version...MSRBS_NODE_MODEL_25.Q1_693.28324.131_62ac
Parsing MOM (cached): /ericsson/log/amos/moshell_logfiles/t20251125_37258710_65084/logs_moshell/tempfiles/scp-4-amos_20251125-110850_2068753/MSRBS_NODE_MODEL_25.Q1_693.28324.131_62ac.xml.cache.gz ..................................................................................................................................................................................................................................Done.
Using paramfile /opt/ericsson/amos/moshell/commonjars/pm/PARAM_MSRBS_25.Q1.txt
Parsing file /opt/ericsson/amos/moshell/commonjars/pm/PARAM_MSRBS_25.Q1.txt .......................................................................................Done.
Using imomdfile /opt/ericsson/amos/moshell/commonjars/pm/IMOMD_MSRBS_22.Q4.txt
Using imomfile /opt/ericsson/amos/moshell/commonjars/pm/IMOM_MSRBS_25.Q1.txt
Connected to 19.31.8.80 (SubNetwork=BBMM_rckomc_R,MeContext=CZA6T,ManagedElement=CZA6T)

Last MO: 23481. Loaded 23481 MOs. Total: 23482 MOs.

CZA6T> st cell

251125-11:09:13+0100 19.31.8.80 25.0h MSRBS_NODE_MODEL_25.Q1_693.28324.131_62ac stopfile=/tmp/2068923
===================================================================================
Proxy  Adm State     Op. State     MO
===================================================================================
   43  1 (UNLOCKED)  1 (ENABLED)   ENodeBFunction=1,EUtranCellFDD=CZA6E1
  303  1 (UNLOCKED)  1 (ENABLED)   ENodeBFunction=1,EUtranCellFDD=CZA6E2
  577  1 (UNLOCKED)  1 (ENABLED)   ENodeBFunction=1,EUtranCellFDD=CZA6E3
  852  1 (UNLOCKED)  1 (ENABLED)   ENodeBFunction=1,EUtranCellFDD=CZA6J1
 1037  1 (UNLOCKED)  1 (ENABLED)   ENodeBFunction=1,EUtranCellFDD=CZA6J2
 1239  1 (UNLOCKED)  1 (ENABLED)   ENodeBFunction=1,EUtranCellFDD=CZA6J3
 1456  1 (UNLOCKED)  1 (ENABLED)   ENodeBFunction=1,EUtranCellFDD=CZA6M1
 1659  1 (UNLOCKED)  1 (ENABLED)   ENodeBFunction=1,EUtranCellFDD=CZA6M2
 1761  1 (UNLOCKED)  1 (ENABLED)   ENodeBFunction=1,EUtranCellFDD=CZA6M3
 1881  1 (UNLOCKED)  1 (ENABLED)   ENodeBFunction=1,EUtranCellFDD=CZA6T1
 2076  1 (UNLOCKED)  1 (ENABLED)   ENodeBFunction=1,EUtranCellFDD=CZA6T2
 2216  1 (UNLOCKED)  1 (ENABLED)   ENodeBFunction=1,EUtranCellFDD=CZA6T3
 3706  1 (UNLOCKED)  1 (ENABLED)   ENodeBFunction=1,NbIotCell=CZA6N1
 3707  1 (UNLOCKED)  1 (ENABLED)   ENodeBFunction=1,NbIotCell=CZA6N2
 3708  1 (UNLOCKED)  1 (ENABLED)   ENodeBFunction=1,NbIotCell=CZA6N3
 5155                1 (ENABLED)   GNBCUCPFunction=1,EUtraNetwork=1,ExternalENodeBFunction=auto222_1_2_202318,ExternalEUtranCell=2221-202318-71
 5156                1 (ENABLED)   GNBCUCPFunction=1,EUtraNetwork=1,ExternalENodeBFunction=auto222_1_2_202318,ExternalEUtranCell=2221-202318-72
 5157                1 (ENABLED)   GNBCUCPFunction=1,EUtraNetwork=1,ExternalENodeBFunction=auto222_1_2_202318,ExternalEUtranCell=2221-202318-73
 6098  1 (UNLOCKED)  1 (ENABLED)   GNBDUFunction=1,NRCellDU=CZA6G1
 6100  1 (UNLOCKED)  1 (ENABLED)   GNBDUFunction=1,NRCellDU=CZA6G2
 6102  1 (UNLOCKED)  1 (ENABLED)   GNBDUFunction=1,NRCellDU=CZA6G3
===================================================================================
Total: 21 MOs

INFO: NRCellDU status needs to be printed with command "stz" or "hget ,nrcell state" due to dependency to cellState/serviceState attributes.

CZA6T> st radio

251125-11:09:13+0100 19.31.8.80 25.0h MSRBS_NODE_MODEL_25.Q1_693.28324.131_62ac stopfile=/tmp/2068923
===================================================================================
Proxy  Adm State     Op. State     MO
===================================================================================
 4941  1 (UNLOCKED)  1 (ENABLED)   Equipment=1,FieldReplaceableUnit=Radio-S100-1
 4964  1 (UNLOCKED)  1 (ENABLED)   Equipment=1,FieldReplaceableUnit=Radio-S101-1
 4987  1 (UNLOCKED)  1 (ENABLED)   Equipment=1,FieldReplaceableUnit=Radio-S102-1
 5010  1 (UNLOCKED)  1 (ENABLED)   Equipment=1,FieldReplaceableUnit=Radio-S220-1
 5037  1 (UNLOCKED)  1 (ENABLED)   Equipment=1,FieldReplaceableUnit=Radio-S221-1
 5064  1 (UNLOCKED)  1 (ENABLED)   Equipment=1,FieldReplaceableUnit=Radio-S222-1
23471  1 (UNLOCKED)  1 (ENABLED)   Transport=1,Synchronization=1,RadioEquipmentClock=1,RadioEquipmentClockReference=NTP1
23472  1 (UNLOCKED)  1 (ENABLED)   Transport=1,Synchronization=1,RadioEquipmentClock=1,RadioEquipmentClockReference=PTP
===================================================================================
Total: 8 MOs

CZA6T> sdir

251125-11:09:14+0100 19.31.8.80 25.0h MSRBS_NODE_MODEL_25.Q1_693.28324.131_62ac stopfile=/tmp/2068923
INFO: Using amos lookupAccount credentials for the export login
..................
get /rop/A20251125.0915-0930_CZA6T.xml.gz /ericsson/log/amos/moshell_logfiles/t20251125_37258710_65084/logs_moshell/pmfiles/19.31.8.80/rop/A20251125.0915-0930_CZA6T.xml.gz ... OK
get /rop/A20251125.0930-0945_CZA6T.xml.gz /ericsson/log/amos/moshell_logfiles/t20251125_37258710_65084/logs_moshell/pmfiles/19.31.8.80/rop/A20251125.0930-0945_CZA6T.xml.gz ... OK
get /rop/A20251125.0945-1000_CZA6T.xml.gz /ericsson/log/amos/moshell_logfiles/t20251125_37258710_65084/logs_moshell/pmfiles/19.31.8.80/rop/A20251125.0945-1000_CZA6T.xml.gz ... OK
....Checking available boards on node...

Collecting RCS board data ...
...........................................................................................................................
..................................
......................................................................................................................................................................................................................................................................................................................................................................
....
Collecting TN data...
..........................................................................................................................................................................
Getting MO data from node (115 MOs). Please wait...
0%                                             ~50%                                           ~100%
.....................................................................................................................................
Collecting RF data...
......
Collecting Alarms...
..Executing action Log.export()
...
Log=AlarmLog                    actionId=7148
...............
Executing action LogM.exportAvailabilityLog()
..LogM=1,exportAvailabilityLog    actionId=7149
.....Parsing alarmLog..........Done.
Parsing availabilityLog.....Done.
..........

Total: 6 CPRI links (6 OK, 0 OKW, 0 NOK, 0 NT)
.
+--------+                      +----------------------------+
|        | A        O101     D1 |        Radio-S220-1        |
|        |-----------1----------| RRU247924B824B2024B28BM01* |
|        |         OK-36m       |           BXP_7            |
|        |                      +----------------------------+
|        |                                     |A  |B  |C  |D
|        |                          SE=220* AG=220 FDD=CZA6E1
|        |                  FDD=CZA6J1 NIOT=CZA6N1 NRC=CZA6G1
|        |
|        |                      +----------------------------+
|        | B        O101     D1 |        Radio-S221-1        |
|        |-----------2----------| RRU247924B824B2024B28BM01* |
|        |         OK-36m       |           BXP_5            |
|        |                      +----------------------------+
|        |                                     |A  |B  |C  |D
|        |                          SE=221* AG=221 FDD=CZA6E2
|        |                  FDD=CZA6J2 NIOT=CZA6N2 NRC=CZA6G2
|        |
|        |                      +----------------------------+
|        | C        O101     D1 |        Radio-S222-1        |
|        |-----------3----------| RRU247924B824B2024B28BM01* |
|        |         OK-36m       |           BXP_3            |
|        |                      +----------------------------+
|        |                                     |A  |B  |C  |D
|  BB-1  |                          SE=222* AG=222 FDD=CZA6E3
| BB6631 |                  FDD=CZA6J3 NIOT=CZA6N3 NRC=CZA6G3
| 000100 |
|        |
|        |                      +------------------+
|        | D        O101     D2 |   Radio-S100-1   |
|        |-----------4----------| RRU449944B144B3C |
|        |         OK-37m       |      BXP_6       |
|        |                      +------------------+
|        |                           |A  |B  |C  |D
|        |                 SE=100 AG=100 FDD=CZA6M1
|        |                               FDD=CZA6T1
|        |
|        |                      +------------------+
|        | E        O101     D2 |   Radio-S101-1   |
|        |-----------5----------| RRU449944B144B3C |
|        |         OK-36m       |      BXP_4       |
|        |                      +------------------+
|        |                           |A  |B  |C  |D
|        |                 SE=101 AG=101 FDD=CZA6M2
|        |                               FDD=CZA6T2
|        |
|        |                      +------------------+
|        | F        O101     D2 |   Radio-S102-1   |
|        |-----------6----------| RRU449944B144B3C |
|        |         OK-36m       |      BXP_2       |
|        |                      +------------------+
|        |                           |A  |B  |C  |D
|        |                 SE=102 AG=102 FDD=CZA6M3
+--------+                               FDD=CZA6T3

=====================================================================================================================================
ID RiL    Type Res MO1-MO2                  BOARD1-BOARD2                     AlmIDs Cells (States)                                         Issue (Failed checks)
=====================================================================================================================================
 1 S220-1 O101 OK  BB-1(A) Radio-S220-1(D1) BB6631 RRU247924B824B2024B28BM01*        FDD=CZA6E1 FDD=CZA6J1 NIOT=CZA6N1 NRC=CZA6G1 (1,1,1,1) Passed
 2 S221-1 O101 OK  BB-1(B) Radio-S221-1(D1) BB6631 RRU247924B824B2024B28BM01*        FDD=CZA6E2 FDD=CZA6J2 NIOT=CZA6N2 NRC=CZA6G2 (1,1,1,1) Passed
 3 S222-1 O101 OK  BB-1(C) Radio-S222-1(D1) BB6631 RRU247924B824B2024B28BM01*        FDD=CZA6E3 FDD=CZA6J3 NIOT=CZA6N3 NRC=CZA6G3 (1,1,1,1) Passed
 4 S100-1 O101 OK  BB-1(D) Radio-S100-1(D2) BB6631 RRU449944B144B3C                  FDD=CZA6M1 FDD=CZA6T1 (1,1)                            Passed
 5 S101-1 O101 OK  BB-1(E) Radio-S101-1(D2) BB6631 RRU449944B144B3C                  FDD=CZA6M2 FDD=CZA6T2 (1,1)                            Passed
 6 S102-1 O101 OK  BB-1(F) Radio-S102-1(D2) BB6631 RRU449944B144B3C                  FDD=CZA6M3 FDD=CZA6T3 (1,1)                            Passed
-------------------------------------------------------------------------------------------------------------------------------------

Node: RadioNode LN   CXP2010174/2_R27J08 (25.Q1)   G3.1   LTE-FDD,LTE-IoT NR-LB-FDD-ESS-NSA

=====================================================================================================================================
FRU          ;LNH    ;BOARD                      ;ST ;FAULT ;OPER ;MAINT ;STAT ;PRODUCTNUMBER   ;REV     ;SERIAL        ;DATE     ;PMTEMP ; TEMP ; UPT ;VOLT ;SW                   ;
=====================================================================================================================================
BB-1         ;000100 ;BB6631                     ; 1 ;  OFF ;  ON ;  OFF ;  ON ;KDU1370071/11   ;R3C     ;E23E612986    ;20230501 ;3 (OK) ;      ; 133 ;54   ;                     ;
Radio-S100-1 ;BXP_6  ;RRU449944B144B3C           ; 1 ;  OFF ;  ON ;  OFF ; N/A ;KRC161787/1     ;R2F     ;E23E610046    ;20230429 ;4 (OK) ; 37.0 ; 133 ;54.9 ;CXP9013268%15_R101LX ; (Radio449944B144B3C)
Radio-S101-1 ;BXP_4  ;RRU449944B144B3C           ; 1 ;  OFF ;  ON ;  OFF ; N/A ;KRC161787/1     ;R2F     ;E23E496352    ;20230217 ;4 (OK) ; 33.9 ; 133 ;54.7 ;CXP9013268%15_R101LX ; (Radio449944B144B3C)
Radio-S102-1 ;BXP_2  ;RRU449944B144B3C           ; 1 ;  OFF ;  ON ;  OFF ; N/A ;KRC161787/1     ;R2F     ;E23E610050    ;20230429 ;4 (OK) ; 31.0 ; 133 ;54.6 ;CXP9013268%15_R101LX ; (Radio449944B144B3C)
Radio-S220-1 ;BXP_7  ;RRU247924B824B2024B28BM01* ; 1 ;  OFF ;  ON ;  OFF ; N/A ;KRC161832/1     ;R2F     ;TU8U02190S    ;20230412 ;4 (OK) ; 37.4 ; 133 ;54.4 ;CXP9013268%15_R101LX ; (Radio247924B824B2024B28BM01)
Radio-S221-1 ;BXP_5  ;RRU247924B824B2024B28BM01* ; 1 ;  OFF ;  ON ;  OFF ; N/A ;KRC161832/1     ;R2G     ;TU8U02407R    ;20230613 ;4 (OK) ; 47.9 ; 133 ;54.2 ;CXP9013268%15_R101LX ; (Radio247924B824B2024B28BM01)
Radio-S222-1 ;BXP_3  ;RRU247924B824B2024B28BM01* ; 1 ;  OFF ;  ON ;  OFF ; N/A ;KRC161832/1     ;R2F     ;TU8U0218T5    ;20230412 ;4 (OK) ; 48.0 ; 133 ;54.5 ;CXP9013268%15_R101LX ; (Radio247924B824B2024B28BM01)
-------------------------------------------------------------------------------------------------------------------------------------

=====================================================================================================================================
AntennaNearUnit                                       ;ST  ;TYPE   ;PRODUCTNR       ;REV                ;UNIQUEID             ;RfPort
=====================================================================================================================================
AntennaUnitGroup=220,AntennaNearUnit=RET_1800_2100_1  ; 1  ;S-RET  ;AIMM20M22S0v03  ;WD83MANWRCU_VER.A  ;HWN4355P20FV9007Ly1  ;FieldReplaceableUnit=Radio-S220-1,RfPort=R
AntennaUnitGroup=220,AntennaNearUnit=RET_1800_2100_2  ; 1  ;S-RET  ;AIMM20M22S0v03  ;WD83MANWRCU_VER.A  ;HWN4355P20FV708CLy2  ;FieldReplaceableUnit=Radio-S220-1,RfPort=R
AntennaUnitGroup=220,AntennaNearUnit=RET_2600         ; 1  ;S-RET  ;AIMM20M22S0v03  ;WD83MANWRCU_VER.A  ;HWN4355P20FVA060Ry4  ;FieldReplaceableUnit=Radio-S220-1,RfPort=R
AntennaUnitGroup=220,AntennaNearUnit=RET_700          ; 1  ;S-RET  ;AIMM20M22S0v03  ;WD83MANWRCU_VER.A  ;HWN4355P20FVB072Rr2  ;FieldReplaceableUnit=Radio-S220-1,RfPort=R
AntennaUnitGroup=220,AntennaNearUnit=RET_800_900      ; 1  ;S-RET  ;AIMM20M22S0v03  ;WD83MANWRCU_VER.A  ;HWN4355P20FV8067Lr1  ;FieldReplaceableUnit=Radio-S220-1,RfPort=R
AntennaUnitGroup=221,AntennaNearUnit=RET_1800_2100_1  ; 0  ;S-RET  ;AIMM20M22S0v03  ;WD83MANWRCU_VER.A  ;HWN4355P20EY3091Ly1  ;FieldReplaceableUnit=Radio-S221-1,RfPort=R
AntennaUnitGroup=221,AntennaNearUnit=RET_1800_2100_2  ; 0  ;S-RET  ;AIMM20M22S0v03  ;WD83MANWRCU_VER.A  ;HWN4355P20EY105CLy2  ;FieldReplaceableUnit=Radio-S221-1,RfPort=R
AntennaUnitGroup=221,AntennaNearUnit=RET_2600         ; 0  ;S-RET  ;AIMM20M22S0v03  ;WD83MANWRCU_VER.A  ;HWN4355P20EY4027Ry4  ;FieldReplaceableUnit=Radio-S221-1,RfPort=R
AntennaUnitGroup=221,AntennaNearUnit=RET_700          ; 0  ;S-RET  ;AIMM20M22S0v03  ;WD83MANWRCU_VER.A  ;HWN4355P20EY5097Rr2  ;FieldReplaceableUnit=Radio-S221-1,RfPort=R
AntennaUnitGroup=221,AntennaNearUnit=RET_800_900      ; 0  ;S-RET  ;AIMM20M22S0v03  ;WD83MANWRCU_VER.A  ;HWN4355P20EY2045Lr1  ;FieldReplaceableUnit=Radio-S221-1,RfPort=R
AntennaUnitGroup=222,AntennaNearUnit=RET_1800_2100_1  ; 1  ;S-RET  ;AIMM20M22S0v03  ;WD83MANWRCU_VER.A  ;HWN4355P20G8M017Ly1  ;FieldReplaceableUnit=Radio-S222-1,RfPort=R
AntennaUnitGroup=222,AntennaNearUnit=RET_1800_2100_2  ; 1  ;S-RET  ;AIMM20M22S0v03  ;WD83MANWRCU_VER.A  ;HWN4355P20G8K02CLy2  ;FieldReplaceableUnit=Radio-S222-1,RfPort=R
AntennaUnitGroup=222,AntennaNearUnit=RET_2600         ; 1  ;S-RET  ;AIMM20M22S0v03  ;WD83MANWRCU_VER.A  ;HWN4355P20G8N007Ry4  ;FieldReplaceableUnit=Radio-S222-1,RfPort=R
AntennaUnitGroup=222,AntennaNearUnit=RET_700          ; 1  ;S-RET  ;AIMM20M22S0v03  ;WD83MANWRCU_VER.A  ;HWN4355P20G8P099Rr2  ;FieldReplaceableUnit=Radio-S222-1,RfPort=R
AntennaUnitGroup=222,AntennaNearUnit=RET_800_900      ; 1  ;S-RET  ;AIMM20M22S0v03  ;WD83MANWRCU_VER.A  ;HWN4355P20G8L054Lr1  ;FieldReplaceableUnit=Radio-S222-1,RfPort=R
-------------------------------------------------------------------------------------------------------------------------------------

=====================================================================================================================================
XPBOARD  ;ST ;FAULT ;OPER ;PRODUCTNUMBER ;REV ;SERIAL/NAME ;DATE     ; TEMP ;MO
=====================================================================================================================================
FAN08    ; 1 ;N/A   ;N/A  ;BKV106236/1   ;R2F ;DD111P4716  ;20220306 ; 44.0 ;SupportUnit=1 (FAN  BB-1)
-------------------------------------------------------------------------------------------------------------------------------------

=====================================================================================================================================
ID ;T ;RiL    ;BPBP ;BOARD1                     ;LNH1 ;PORT ;R ;LINK ;RATE  ; BER ;BOARD2                     ;LNH2 ;PORT ;R ;LINK ;RATE  ; BER ;LENGTH ;MO1 - MO2
=====================================================================================================================================
 1 ;O ;S220-1 ;1111 ;BB6631                     ;000100 ; 1 ;M ;Up   ;10.1G ;   0 ;RRU247924B824B2024B28BM01* ;BXP_7  ; 0 ;S ;Up   ;10.1G ;   0 ;   36m ;Fru=BB-1(A) Fru=Radio-S220-1(D1)
 2 ;O ;S221-1 ;1111 ;BB6631                     ;000100 ; 2 ;M ;Up   ;10.1G ;   0 ;RRU247924B824B2024B28BM01* ;BXP_5  ; 0 ;S ;Up   ;10.1G ;   0 ;   36m ;Fru=BB-1(B) Fru=Radio-S221-1(D1)
 3 ;O ;S222-1 ;1111 ;BB6631                     ;000100 ; 3 ;M ;Up   ;10.1G ;   0 ;RRU247924B824B2024B28BM01* ;BXP_3  ; 0 ;S ;Up   ;10.1G ;   0 ;   36m ;Fru=BB-1(C) Fru=Radio-S222-1(D1)
 4 ;O ;S100-1 ;1111 ;BB6631                     ;000100 ; 4 ;M ;Up   ;10.1G ;   0 ;RRU449944B144B3C           ;BXP_6  ; 1 ;S ;Up   ;10.1G ;   0 ;   37m ;Fru=BB-1(D) Fru=Radio-S100-1(D2)
 5 ;O ;S101-1 ;1111 ;BB6631                     ;000100 ; 5 ;M ;Up   ;10.1G ;   0 ;RRU449944B144B3C           ;BXP_4  ; 1 ;S ;Up   ;10.1G ;   0 ;   36m ;Fru=BB-1(E) Fru=Radio-S101-1(D2)
 6 ;O ;S102-1 ;1111 ;BB6631                     ;000100 ; 6 ;M ;Up   ;10.1G ;   0 ;RRU449944B144B3C           ;BXP_2  ; 1 ;S ;Up   ;10.1G ;   0 ;   36m ;Fru=BB-1(F) Fru=Radio-S102-1(D2)
-------------------------------------------------------------------------------------------------------------------------------------

=====================================================================================================================================
ID ;LINK ;RiL    ;VENDOR1  ;VENDORPROD1     ;REV1 ;SERIAL1        ;DATE1    ;ERICSSONPROD1      ;VENDOR2  ;VENDORPROD2     ;REV2 ;SERIAL2        ;DATE2    ;ERICSSONPROD2      ;TT ;WL1     ;WL2    
=====================================================================================================================================
 1 ;Up   ;S220-1 ;ERICSSON ;RTXM228-702-C22 ;1.0  ;HN231500142441 ;20230417 ;RDH10265/2 R1A     ;ERICSSON ;RTXM228-702-C22 ;1.0  ;HN231500140168 ;20230417 ;RDH10265/2 R1A     ;0  ;1310.00 ;1310.00
 2 ;Up   ;S221-1 ;ERICSSON ;RTXM228-702-C22 ;1.0  ;HW231700023450 ;20230509 ;RDH10265/2 R1A     ;ERICSSON ;RTXM228-702-C22 ;1.0  ;HN231500140169 ;20230417 ;RDH10265/2 R1A     ;0  ;1310.00 ;1310.00
 3 ;Up   ;S222-1 ;ERICSSON ;RTXM228-702-C22 ;1.0  ;HN231500142443 ;20230417 ;RDH10265/2 R1A     ;ERICSSON ;RTXM228-702-C22 ;1.0  ;HN231500140170 ;20230417 ;RDH10265/2 R1A     ;0  ;1310.00 ;1310.00
 4 ;Up   ;S100-1 ;ERICSSON ;RTXM228-702-C22 ;1.0  ;HN231500140232 ;20230417 ;RDH10265/2 R1A     ;ERICSSON ;RTXM228-702-C22 ;1.0  ;HN231500140229 ;20230417 ;RDH10265/2 R1A     ;0  ;1310.00 ;1310.00
 5 ;Up   ;S101-1 ;ERICSSON ;RTXM228-702-C22 ;1.0  ;HW231700023449 ;20230509 ;RDH10265/2 R1A     ;ERICSSON ;RTXM228-702-C22 ;1.0  ;HN231500140171 ;20230417 ;RDH10265/2 R1A     ;0  ;1310.00 ;1310.00
 6 ;Up   ;S102-1 ;ERICSSON ;RTXM228-702-C22 ;1.0  ;HN231500140234 ;20230417 ;RDH10265/2 R1A     ;ERICSSON ;RTXM228-702-C22 ;1.0  ;HN231500140239 ;20230417 ;RDH10265/2 R1A     ;0  ;1310.00 ;1310.00
-------------------------------------------------------------------------------------------------------------------------------------

=====================================================================================================================================
ID ;LINK ;RiL    ;WL1     ;TEMP1 ;TXbs1 ;TXdBm1 ;RXdBm1 ;BER1   ;WL2     ;TEMP2 ;TXbs2 ;TXdBm2 ;RXdBm2 ;BER2   ;DlLoss ;UlLoss ;LENGTH ;TT
=====================================================================================================================================
 1 ;Up   ;S220-1 ;1310.00 ;43C   ;56%   ;-0.32  ;-1.05  ;   0   ;1310.00 ;35C   ;55%   ;-0.65  ;-1.14  ;   0   ;  0.82 ;   0.4 ;   36m ; 0
 2 ;Up   ;S221-1 ;1310.00 ;47C   ;57%   ;-2.62  ;-1.40  ;   0   ;1310.00 ;38C   ;49%   ;-0.63  ;-2.68  ;   0   ;  0.06 ;  0.77 ;   36m ; 0
 3 ;Up   ;S222-1 ;1310.00 ;43C   ;56%   ;-0.41  ;-0.74  ;   0   ;1310.00 ;40C   ;58%   ;-0.51  ;-0.78  ;   0   ;  0.37 ;  0.23 ;   36m ; 0
 4 ;Up   ;S100-1 ;1310.00 ;49C   ;58%   ;-1.57  ;-1.59  ;   0   ;1310.00 ;35C   ;56%   ;-1.20  ;-1.83  ;   0   ;  0.26 ;  0.39 ;   37m ; 0
 5 ;Up   ;S101-1 ;1310.00 ;46C   ;58%   ;-1.20  ;-1.46  ;   0   ;1310.00 ;31C   ;54%   ;-1.10  ;-2.79  ;   0   ;  1.59 ;  0.36 ;   36m ; 0
 6 ;Up   ;S102-1 ;1310.00 ;44C   ;58%   ;-0.68  ;-1.27  ;   0   ;1310.00 ;26C   ;53%   ;-0.56  ;-1.51  ;   0   ;  0.83 ;  0.71 ;   36m ; 0
-------------------------------------------------------------------------------------------------------------------------------------

=====================================================================================================================================
ID ;RiL    ;BOARD                      ;SFPLNH  ;PORT ;VENDOR   ;VENDORPROD      ;REV  ;SERIAL         ;DATE     ;ERICSSONPROD       ;WL      ;TEMP  ;TXbs  ;TXdBm  ;RXdBm  ; BER
=====================================================================================================================================
 1 ;S220-1 ;BB6631                     ;000100   ;  1 ;ERICSSON ;RTXM228-702-C22 ;1.0  ;HN231500142441 ;20230417 ;RDH10265/2 R1A     ;1310.00 ;43C   ;56%   ;-0.32  ;-1.05  ;   0
 2 ;S221-1 ;BB6631                     ;000100   ;  2 ;ERICSSON ;RTXM228-702-C22 ;1.0  ;HW231700023450 ;20230509 ;RDH10265/2 R1A     ;1310.00 ;47C   ;57%   ;-2.62  ;-1.40  ;   0
 3 ;S222-1 ;BB6631                     ;000100   ;  3 ;ERICSSON ;RTXM228-702-C22 ;1.0  ;HN231500142443 ;20230417 ;RDH10265/2 R1A     ;1310.00 ;43C   ;56%   ;-0.41  ;-0.74  ;   0
 4 ;S100-1 ;BB6631                     ;000100   ;  4 ;ERICSSON ;RTXM228-702-C22 ;1.0  ;HN231500140232 ;20230417 ;RDH10265/2 R1A     ;1310.00 ;49C   ;58%   ;-1.57  ;-1.59  ;   0
 5 ;S101-1 ;BB6631                     ;000100   ;  5 ;ERICSSON ;RTXM228-702-C22 ;1.0  ;HW231700023449 ;20230509 ;RDH10265/2 R1A     ;1310.00 ;46C   ;58%   ;-1.20  ;-1.46  ;   0
 6 ;S102-1 ;BB6631                     ;000100   ;  6 ;ERICSSON ;RTXM228-702-C22 ;1.0  ;HN231500140234 ;20230417 ;RDH10265/2 R1A     ;1310.00 ;44C   ;58%   ;-0.68  ;-1.27  ;   0
 6 ;S102-1 ;RRU449944B144B3C           ;BXP_2    ;  1 ;ERICSSON ;RTXM228-702-C22 ;1.0  ;HN231500140239 ;20230417 ;RDH10265/2 R1A     ;1310.00 ;26C   ;53%   ;-0.56  ;-1.51  ;   0
 3 ;S222-1 ;RRU247924B824B2024B28BM01* ;BXP_3    ;  0 ;ERICSSON ;RTXM228-702-C22 ;1.0  ;HN231500140170 ;20230417 ;RDH10265/2 R1A     ;1310.00 ;40C   ;58%   ;-0.51  ;-0.78  ;   0
 5 ;S101-1 ;RRU449944B144B3C           ;BXP_4    ;  1 ;ERICSSON ;RTXM228-702-C22 ;1.0  ;HN231500140171 ;20230417 ;RDH10265/2 R1A     ;1310.00 ;31C   ;54%   ;-1.10  ;-2.79  ;   0
 2 ;S221-1 ;RRU247924B824B2024B28BM01* ;BXP_5    ;  0 ;ERICSSON ;RTXM228-702-C22 ;1.0  ;HN231500140169 ;20230417 ;RDH10265/2 R1A     ;1310.00 ;38C   ;49%   ;-0.63  ;-2.68  ;   0
 4 ;S100-1 ;RRU449944B144B3C           ;BXP_6    ;  1 ;ERICSSON ;RTXM228-702-C22 ;1.0  ;HN231500140229 ;20230417 ;RDH10265/2 R1A     ;1310.00 ;35C   ;56%   ;-1.20  ;-1.83  ;   0
 1 ;S220-1 ;RRU247924B824B2024B28BM01* ;BXP_7    ;  0 ;ERICSSON ;RTXM228-702-C22 ;1.0  ;HN231500140168 ;20230417 ;RDH10265/2 R1A     ;1310.00 ;35C   ;55%   ;-0.65  ;-1.14  ;   0
-------------------------------------------------------------------------------------------------------------------------------------
TN ;       ;BB6631                     ;000100   ; IB ;ERICSSON ;RTXM228-702-C22 ;1.0  ;HN231500140238 ;20230417 ;RDH10265/2 R1A     ;1310    ;45C   ;56%   ;-1.27  ;-16.38 ; 0/0
TN ;       ;BB6631                     ;000100   ;IA2 ;ERICSSON ;42020201934     ;A0   ;202301200966   ;20230101 ;RPM777053/1000 R1B ;NA      ;NA    ;NA    ;NA     ;NA     ; 0/0
-------------------------------------------------------------------------------------------------------------------------------------

=====================================================================================================================================
BOARD  ;LNH    ;PORT       ;T ;S ;OpMode         ;AutoNeg ;MacAddress        ;VlanIds        ;LOS ;BER
=====================================================================================================================================
BB6631 ;000100 ;TN_E       ;E ;1 ;1G_FULL_MASTER ;true    ;58:70:7F:D2:32:E3 ;3910           ;0   ;0/0
BB6631 ;000100 ;TN_IDL_A_1 ;E ;1 ;10G_FULL       ;false   ;58:70:7F:D2:32:DC ;3901,3908,3910 ;0   ;0/0
BB6631 ;000100 ;TN_IDL_A_2 ;O ;1 ;10G_FULL       ;false   ;58:70:7F:D2:32:DD ;3908           ;0   ;0/0
BB6631 ;000100 ;TN_IDL_B   ;O ;1 ;1G_FULL        ;true    ;58:70:7F:D2:32:E0 ;3901,3908,3910 ;0   ;0/0
-------------------------------------------------------------------------------------------------------------------------------------

radioClockState : RNT_TIME_LOCKED
-------------------------------------------------------------------------------------
Prio  ;ST  ;syncRefType    ;refStatus  ;opQualLevel  ;SyncReference
-------------------------------------------------------------------------------------
  *1  ; 1  ;PTP_TIME       ;NO_FAULT   ;PRTC         ;Ptp=1,BoundaryOrdinaryClock=PTP (G_8275_1 EthernetPort=TN_IDL_B:SLAVE EthernetPort=TN_IDL_A_1:MASTER)
   2  ; 1  ;NTP_FREQUENCY  ;NO_FAULT   ;PRC          ;Ntp=1,NtpFrequencySync=NTP1 (10.31.0.54:32751 Router=45G_Traffic,InterfaceIPv4=LTE,AddressIPv4=LTE)
-------------------------------------------------------------------------------------
-------------------------------------------------------------------------------------
Prio  ;ST  ;assistRefStatus  ;recQualLevel  ;AssistingReference
-------------------------------------------------------------------------------------
   1  ; 1  ;NO_FAULT         ;PRC           ;Synchronization=1,SyncEthInput=SyncE (SFP_OPTICAL EthernetPort=TN_IDL_B)
-------------------------------------------------------------------------------------
nodeGroupRole   : SYNC_PROVIDER (syncNodePriority=1, selectionMode=NODE_PRIORITY)
-------------------------------------------------------------------------------------
DU  ;Port  ;sharedUnitRef (RiPortA - RiPortB)  ;remoteNodePriority  ;CandidateStatus
-------------------------------------------------------------------------------------
1   ;A     ;Fru=Radio-S220-1 (1 - 2)           ;3                   ;OK_NOT_ACTIVE
1   ;B     ;Fru=Radio-S221-1 (1 - 2)           ;3                   ;OK_NOT_ACTIVE
1   ;C     ;Fru=Radio-S222-1 (1 - 2)           ;3                   ;OK_NOT_ACTIVE
-------------------------------------------------------------------------------------

=====================================================================================================================================
FRU          ;LNH    ;BOARD                      ;RF  ;BP  ;TX (W/dBm)  ;VSWR (RL)   ;RX (dBm) ;UEs/gUEs  ;Sector/AntennaGroup/Cells (State:CellIds:PCIs)
=====================================================================================================================================
Radio-S100-1 ;BXP_6  ;RRU449944B144B3C           ; A  ;11  ;16.1 (42.1) ;1.05 (32.0) ;-91.7    ;55/-      ;SE=100 AG=100 FDD=CZA6M1 FDD=CZA6T1 (1:31:276, 1:41:454)
Radio-S100-1 ;BXP_6  ;RRU449944B144B3C           ; B  ;11  ;16.9 (42.3) ;1.15 (23.4) ;-92.6    ;55/-      ;SE=100 AG=100 FDD=CZA6M1 FDD=CZA6T1 (1:31:276, 1:41:454)
Radio-S100-1 ;BXP_6  ;RRU449944B144B3C           ; C  ;11  ;15.1 (41.8) ;1.14 (23.7) ;-91.1    ;55/-      ;SE=100 AG=100 FDD=CZA6M1 FDD=CZA6T1 (1:31:276, 1:41:454)
Radio-S100-1 ;BXP_6  ;RRU449944B144B3C           ; D  ;11  ;15.3 (41.8) ;1.10 (26.1) ;-92.1    ;55/-      ;SE=100 AG=100 FDD=CZA6M1 FDD=CZA6T1 (1:31:276, 1:41:454)
Radio-S101-1 ;BXP_4  ;RRU449944B144B3C           ; A  ;11  ;18.2 (42.6) ;1.13 (24.3) ;-94.1    ;35/-      ;SE=101 AG=101 FDD=CZA6M2 FDD=CZA6T2 (1:32:447, 1:42:455)
Radio-S101-1 ;BXP_4  ;RRU449944B144B3C           ; B  ;11  ;7.8 (38.9)  ;1.18 (21.7) ;-93.7    ;35/-      ;SE=101 AG=101 FDD=CZA6M2 FDD=CZA6T2 (1:32:447, 1:42:455)
Radio-S101-1 ;BXP_4  ;RRU449944B144B3C           ; C  ;11  ;16.0 (42.1) ;1.10 (26.6) ;-92.7    ;35/-      ;SE=101 AG=101 FDD=CZA6M2 FDD=CZA6T2 (1:32:447, 1:42:455)
Radio-S101-1 ;BXP_4  ;RRU449944B144B3C           ; D  ;11  ;7.6 (38.8)  ;1.12 (24.7) ;-93.1    ;35/-      ;SE=101 AG=101 FDD=CZA6M2 FDD=CZA6T2 (1:32:447, 1:42:455)
Radio-S102-1 ;BXP_2  ;RRU449944B144B3C           ; A  ;11  ;22.0 (43.4) ;1.07 (29.5) ;-95.2    ;7/-       ;SE=102 AG=102 FDD=CZA6M3 FDD=CZA6T3 (1:33:448, 1:43:104)
Radio-S102-1 ;BXP_2  ;RRU449944B144B3C           ; B  ;11  ;-           ;1.09 (27.5) ;-95.5    ;7/-       ;SE=102 AG=102 FDD=CZA6M3 FDD=CZA6T3 (1:33:448, 1:43:104)
Radio-S102-1 ;BXP_2  ;RRU449944B144B3C           ; C  ;11  ;16.1 (42.1) ;1.08 (27.9) ;-94.0    ;7/-       ;SE=102 AG=102 FDD=CZA6M3 FDD=CZA6T3 (1:33:448, 1:43:104)
Radio-S102-1 ;BXP_2  ;RRU449944B144B3C           ; D  ;11  ;-           ;1.16 (22.6) ;-94.3    ;7/-       ;SE=102 AG=102 FDD=CZA6M3 FDD=CZA6T3 (1:33:448, 1:43:104)
Radio-S220-1 ;BXP_7  ;RRU247924B824B2024B28BM01* ; A  ;11  ;17.5 (42.4) ;1.18 (21.8) ;-90.6    ;13/45     ;SE=220* AG=220 FDD=CZA6E1 FDD=CZA6J1 NIOT=CZA6N1 NRC=CZA6G1 (1:61:168, 1:71:372, 1:161:168, 1:561:154)
Radio-S220-1 ;BXP_7  ;RRU247924B824B2024B28BM01* ; B  ;11  ;16.9 (42.3) ;1.21 (20.6) ;-93.2    ;13/45     ;SE=220* AG=220 FDD=CZA6E1 FDD=CZA6J1 NIOT=CZA6N1 NRC=CZA6G1 (1:61:168, 1:71:372, 1:161:168, 1:561:154)
Radio-S220-1 ;BXP_7  ;RRU247924B824B2024B28BM01* ; C  ;11  ;16.6 (42.2) ;1.06 (30.8) ;-90.6    ;13/45     ;SE=220* AG=220 FDD=CZA6E1 FDD=CZA6J1 NIOT=CZA6N1 NRC=CZA6G1 (1:61:168, 1:71:372, 1:161:168, 1:561:154)
Radio-S220-1 ;BXP_7  ;RRU247924B824B2024B28BM01* ; D  ;11  ;17.0 (42.3) ;1.03 (37.4) ;-93.5    ;13/45     ;SE=220* AG=220 FDD=CZA6E1 FDD=CZA6J1 NIOT=CZA6N1 NRC=CZA6G1 (1:61:168, 1:71:372, 1:161:168, 1:561:154)
Radio-S221-1 ;BXP_5  ;RRU247924B824B2024B28BM01* ; A  ;11  ;27.2 (44.3) ;1.17 (22.2) ;-86.6    ;25/11     ;SE=221* AG=221 FDD=CZA6E2 FDD=CZA6J2 NIOT=CZA6N2 NRC=CZA6G2 (1:62:252, 1:72:498, 1:162:252, 1:562:138)
Radio-S221-1 ;BXP_5  ;RRU247924B824B2024B28BM01* ; B  ;11  ;25.3 (44.0) ;1.18 (21.5) ;-88.3    ;25/11     ;SE=221* AG=221 FDD=CZA6E2 FDD=CZA6J2 NIOT=CZA6N2 NRC=CZA6G2 (1:62:252, 1:72:498, 1:162:252, 1:562:138)
Radio-S221-1 ;BXP_5  ;RRU247924B824B2024B28BM01* ; C  ;11  ;12.0 (40.8) ;1.05 (31.7) ;-87.2    ;25/11     ;SE=221* AG=221 FDD=CZA6E2 FDD=CZA6J2 NIOT=CZA6N2 NRC=CZA6G2 (1:62:252, 1:72:498, 1:162:252, 1:562:138)
Radio-S221-1 ;BXP_5  ;RRU247924B824B2024B28BM01* ; D  ;11  ;12.9 (41.1) ;1.06 (30.7) ;-88.6    ;25/11     ;SE=221* AG=221 FDD=CZA6E2 FDD=CZA6J2 NIOT=CZA6N2 NRC=CZA6G2 (1:62:252, 1:72:498, 1:162:252, 1:562:138)
Radio-S222-1 ;BXP_3  ;RRU247924B824B2024B28BM01* ; A  ;11  ;19.7 (43.0) ;1.22 (20.1) ;-94.9    ;12/7      ;SE=222* AG=222 FDD=CZA6E3 FDD=CZA6J3 NIOT=CZA6N3 NRC=CZA6G3 (1:63:439, 1:73:330, 1:163:439, 1:563:145)
Radio-S222-1 ;BXP_3  ;RRU247924B824B2024B28BM01* ; B  ;11  ;19.8 (43.0) ;1.18 (21.7) ;-95.5    ;12/7      ;SE=222* AG=222 FDD=CZA6E3 FDD=CZA6J3 NIOT=CZA6N3 NRC=CZA6G3 (1:63:439, 1:73:330, 1:163:439, 1:563:145)
Radio-S222-1 ;BXP_3  ;RRU247924B824B2024B28BM01* ; C  ;11  ;7.8 (38.9)  ;1.05 (32.5) ;-94.3    ;12/7      ;SE=222* AG=222 FDD=CZA6E3 FDD=CZA6J3 NIOT=CZA6N3 NRC=CZA6G3 (1:63:439, 1:73:330, 1:163:439, 1:563:145)
Radio-S222-1 ;BXP_3  ;RRU247924B824B2024B28BM01* ; D  ;11  ;7.8 (38.9)  ;1.06 (30.4) ;-95.3    ;12/7      ;SE=222* AG=222 FDD=CZA6E3 FDD=CZA6J3 NIOT=CZA6N3 NRC=CZA6G3 (1:63:439, 1:73:330, 1:163:439, 1:563:145)
-------------------------------------------------------------------------------------------------------------------------------------

CZA6T> mfar

251125-11:12:27+0100 19.31.8.80 25.0h MSRBS_NODE_MODEL_25.Q1_693.28324.131_62ac stopfile=/tmp/2068923
..........
Last MO: 23474. Loaded 23474 MOs. Total: 23475 MOs.
.................................................
get /rop/A20251125.0830-0845_CZA6T.xml.gz /ericsson/log/amos/moshell_logfiles/t20251125_37258710_65084/logs_moshell/pmfiles/19.31.8.80/rop/A20251125.0830-0845_CZA6T.xml.gz ... OK
get /rop/A20251125.0845-0900_CZA6T.xml.gz /ericsson/log/amos/moshell_logfiles/t20251125_37258710_65084/logs_moshell/pmfiles/19.31.8.80/rop/A20251125.0845-0900_CZA6T.xml.gz ... OK
get /rop/A20251125.0900-0915_CZA6T.xml.gz /ericsson/log/amos/moshell_logfiles/t20251125_37258710_65084/logs_moshell/pmfiles/19.31.8.80/rop/A20251125.0900-0915_CZA6T.xml.gz ... OK

Using hardcoded thresholds: 3, 4.5, and 16.5
================================================================================================================================
SC     SE  Tx/Rx BrPair  RfPort1 - RfPort2               HW       Serial      Cell (State)   Samples   Med  Mean  SDev Pol Res Issue
================================================================================================================================
CZA6E1 220   2/4 0 (1,2) Radio-S220-1(A) Radio-S220-1(B) RRU2479  TU8U02190S  FDD=CZA6E1 (1)  140025   1.5   2.0   7.1  NA  OK Passed
CZA6E1 220   2/4 1 (2,3) Radio-S220-1(B) Radio-S220-1(C) RRU2479  TU8U02190S  FDD=CZA6E1 (1)  140025  -1.5  -1.7   6.8  NA  OK Passed
CZA6E1 220   2/4 2 (3,4) Radio-S220-1(C) Radio-S220-1(D) RRU2479  TU8U02190S  FDD=CZA6E1 (1)  140025   1.5   1.6   6.8  NA  OK Passed
CZA6E2 221   2/4 0 (1,2) Radio-S221-1(A) Radio-S221-1(B) RRU2479  TU8U02407R  FDD=CZA6E2 (1)  136768   0.5  -0.1   6.8  NA  OK Passed
CZA6E2 221   2/4 1 (2,3) Radio-S221-1(B) Radio-S221-1(C) RRU2479  TU8U02407R  FDD=CZA6E2 (1)  136768   0.5   0.0   7.2  NA  OK Passed
CZA6E2 221   2/4 2 (3,4) Radio-S221-1(C) Radio-S221-1(D) RRU2479  TU8U02407R  FDD=CZA6E2 (1)  136768   0.5   0.6   7.0  NA  OK Passed
CZA6E3 222   2/4 0 (1,2) Radio-S222-1(A) Radio-S222-1(B) RRU2479  TU8U0218T5  FDD=CZA6E3 (1)  130777   1.5   1.8   6.1  NA  OK Passed
CZA6E3 222   2/4 1 (2,3) Radio-S222-1(B) Radio-S222-1(C) RRU2479  TU8U0218T5  FDD=CZA6E3 (1)  130777  -0.5  -1.2   6.3  NA  OK Passed
CZA6E3 222   2/4 2 (3,4) Radio-S222-1(C) Radio-S222-1(D) RRU2479  TU8U0218T5  FDD=CZA6E3 (1)  130777   1.5   1.6   6.1  NA  OK Passed
CZA6J1 220   2/4 0 (1,2) Radio-S220-1(A) Radio-S220-1(B) RRU2479  TU8U02190S  FDD=CZA6J1 (1)   24170  -1.5  -1.7   7.0  NA  OK Passed
CZA6J1 220   2/4 1 (2,3) Radio-S220-1(B) Radio-S220-1(C) RRU2479  TU8U02190S  FDD=CZA6J1 (1)   24170   2.5   2.3   7.1  NA  OK Passed
CZA6J1 220   2/4 2 (3,4) Radio-S220-1(C) Radio-S220-1(D) RRU2479  TU8U02190S  FDD=CZA6J1 (1)   24170  -1.5  -1.5   7.1  NA  OK Passed
CZA6J2 221   2/4 0 (1,2) Radio-S221-1(A) Radio-S221-1(B) RRU2479  TU8U02407R  FDD=CZA6J2 (1)   81544  -5.5  -4.6   7.1  NA NOK RF Loss or PIM at Radio-S221-1(B)
CZA6J2 221   2/4 1 (2,3) Radio-S221-1(B) Radio-S221-1(C) RRU2479  TU8U02407R  FDD=CZA6J2 (1)   81544   7.5   6.9   7.1  NA NOK RF Loss or PIM at Radio-S221-1(B)
CZA6J2 221   2/4 2 (3,4) Radio-S221-1(C) Radio-S221-1(D) RRU2479  TU8U02407R  FDD=CZA6J2 (1)   81544  -5.5  -4.6   6.6  NA NOK RF Loss or PIM at Radio-S221-1(D)
CZA6J3 222   2/4 0 (1,2) Radio-S222-1(A) Radio-S222-1(B) RRU2479  TU8U0218T5  FDD=CZA6J3 (1)   18220   2.5   2.1   7.3  NA  OK Passed
CZA6J3 222   2/4 1 (2,3) Radio-S222-1(B) Radio-S222-1(C) RRU2479  TU8U0218T5  FDD=CZA6J3 (1)   18220  -3.5  -3.1   7.4  NA OKW Possible RF Loss or PIM at Radio-S222-1(C)
CZA6J3 222   2/4 2 (3,4) Radio-S222-1(C) Radio-S222-1(D) RRU2479  TU8U0218T5  FDD=CZA6J3 (1)   18220   2.5   2.1   7.3  NA  OK Passed
CZA6M1 100   4/4 0 (1,2) Radio-S100-1(A) Radio-S100-1(B) RRU4499  E23E610046  FDD=CZA6M1 (1)  129698   1.5   1.0   7.8   S  OK Passed
CZA6M1 100   4/4 1 (2,3) Radio-S100-1(B) Radio-S100-1(C) RRU4499  E23E610046  FDD=CZA6M1 (1)  129698  -1.5  -0.7   7.9   S  OK Passed
CZA6M1 100   4/4 2 (3,4) Radio-S100-1(C) Radio-S100-1(D) RRU4499  E23E610046  FDD=CZA6M1 (1)  129698   1.5   1.0   8.0   S  OK Passed
CZA6M2 101   4/4 0 (1,2) Radio-S101-1(A) Radio-S101-1(B) RRU4499  E23E496352  FDD=CZA6M2 (1)   11174   0.5   0.2   7.0   S  OK Passed
CZA6M2 101   4/4 1 (2,3) Radio-S101-1(B) Radio-S101-1(C) RRU4499  E23E496352  FDD=CZA6M2 (1)   11174   0.5   0.1   6.8   S  OK Passed
CZA6M2 101   4/4 2 (3,4) Radio-S101-1(C) Radio-S101-1(D) RRU4499  E23E496352  FDD=CZA6M2 (1)   11174   0.5   0.3   6.9   S  OK Passed
CZA6M3 102   4/4 0 (1,2) Radio-S102-1(A) Radio-S102-1(B) RRU4499  E23E610050  FDD=CZA6M3 (1)    1764  -2.5  -2.5   6.6   ?  NT Not enough data
CZA6M3 102   4/4 1 (2,3) Radio-S102-1(B) Radio-S102-1(C) RRU4499  E23E610050  FDD=CZA6M3 (1)    1764   3.5   2.8   6.8   ?  NT Not enough data
CZA6M3 102   4/4 2 (3,4) Radio-S102-1(C) Radio-S102-1(D) RRU4499  E23E610050  FDD=CZA6M3 (1)    1764  -0.5  -1.3   6.3   ?  NT Not enough data
CZA6T1 100   4/4 0 (1,2) Radio-S100-1(A) Radio-S100-1(B) RRU4499  E23E610046  FDD=CZA6T1 (1)  158948  -1.5  -1.4   6.7   S  OK Passed
CZA6T1 100   4/4 1 (2,3) Radio-S100-1(B) Radio-S100-1(C) RRU4499  E23E610046  FDD=CZA6T1 (1)  158948   2.5   1.9   6.8   S  OK Passed
CZA6T1 100   4/4 2 (3,4) Radio-S100-1(C) Radio-S100-1(D) RRU4499  E23E610046  FDD=CZA6T1 (1)  158948  -1.5  -1.1   6.8   S  OK Passed
CZA6T2 101   4/4 0 (1,2) Radio-S101-1(A) Radio-S101-1(B) RRU4499  E23E496352  FDD=CZA6T2 (1)  156567   2.5   2.0   6.6   S  OK Passed
CZA6T2 101   4/4 1 (2,3) Radio-S101-1(B) Radio-S101-1(C) RRU4499  E23E496352  FDD=CZA6T2 (1)  156567  -0.5  -0.5   6.6   S  OK Passed
CZA6T2 101   4/4 2 (3,4) Radio-S101-1(C) Radio-S101-1(D) RRU4499  E23E496352  FDD=CZA6T2 (1)  156567   1.5   1.2   6.6   S  OK Passed
CZA6T3 102   4/4 0 (1,2) Radio-S102-1(A) Radio-S102-1(B) RRU4499  E23E610050  FDD=CZA6T3 (1)  137913  -3.5  -2.2   5.3   S  OK Passed
CZA6T3 102   4/4 1 (2,3) Radio-S102-1(B) Radio-S102-1(C) RRU4499  E23E610050  FDD=CZA6T3 (1)  137913   5.5   4.0   6.0   S OKW Possible RF Loss or PIM at Radio-S102-1(B)
CZA6T3 102   4/4 2 (3,4) Radio-S102-1(C) Radio-S102-1(D) RRU4499  E23E610050  FDD=CZA6T3 (1)  137913  -2.5  -2.7   5.5   S  OK Passed
================================================================================================================================
Total: 12 SectorCarriers, 36 RfBranch Pairs (28 OK, 2 OKW, 3 NOK, 3 NT)
...........
Last MO: 23474. Loaded 23474 MOs. Total: 23475 MOs.
...............................

Using hardcoded thresholds: 3, 4.5, and 16.5
================================================================================================================================
SC     SE  Tx/Rx BrPair  RfPort1 - RfPort2               HW       Serial      Cell (State)  Samples   Med  Mean  SDev Pol Res Issue
================================================================================================================================
CZA6G1 220   2/4 0 (1,2) Radio-S220-1(A) Radio-S220-1(B) RRU2479  TU8U02190S  DU=CZA6G1 (1)  976160  -0.5  -0.9   8.2  NA  OK Passed
CZA6G1 220   2/4 1 (2,3) Radio-S220-1(B) Radio-S220-1(C) RRU2479  TU8U02190S  DU=CZA6G1 (1)  976160   1.5   1.7   8.2  NA  OK Passed
CZA6G1 220   2/4 2 (3,4) Radio-S220-1(C) Radio-S220-1(D) RRU2479  TU8U02190S  DU=CZA6G1 (1)  976152  -1.5  -1.4   8.1  NA  OK Passed
CZA6G2 221   2/4 0 (1,2) Radio-S221-1(A) Radio-S221-1(B) RRU2479  TU8U02407R  DU=CZA6G2 (1)  512975   0.5  -0.4   9.8  NA  OK Passed
CZA6G2 221   2/4 1 (2,3) Radio-S221-1(B) Radio-S221-1(C) RRU2479  TU8U02407R  DU=CZA6G2 (1)  512973   0.5   1.2  10.1  NA  OK Passed
CZA6G2 221   2/4 2 (3,4) Radio-S221-1(C) Radio-S221-1(D) RRU2479  TU8U02407R  DU=CZA6G2 (1)  512973   0.5  -0.6  10.5  NA  OK Passed
CZA6G3 222   2/4 0 (1,2) Radio-S222-1(A) Radio-S222-1(B) RRU2479  TU8U0218T5  DU=CZA6G3 (1)  200107   0.5   0.6   7.3  NA  OK Passed
CZA6G3 222   2/4 1 (2,3) Radio-S222-1(B) Radio-S222-1(C) RRU2479  TU8U0218T5  DU=CZA6G3 (1)  200107  -0.5  -0.8   7.6  NA  OK Passed
CZA6G3 222   2/4 2 (3,4) Radio-S222-1(C) Radio-S222-1(D) RRU2479  TU8U0218T5  DU=CZA6G3 (1)  200113   0.5   1.0   7.3  NA  OK Passed
================================================================================================================================
Total: 3 NRSectorCarriers, 9 RfBranch Pairs (9 OK, 0 OKW, 0 NOK, 0 NT)

CZA6T> mfitr

251125-11:13:03+0100 19.31.8.80 25.0h MSRBS_NODE_MODEL_25.Q1_693.28324.131_62ac stopfile=/tmp/2068923
......................
Last MO: 23474. Loaded 23474 MOs. Total: 23475 MOs.
................
2025-11-25 11:13
================================================================================================================================
CELL       SC     FRU          BOARD                     PUSCH  PUCCH       A      B      C      D  DELTA
================================================================================================================================
FDD=CZA6E1 CZA6E1 Radio-S220-1 RRU247924B824B2024B28BM01 -116.5 -113.7 -116.3 -115.9 -116.1 -116.2    0.4
FDD=CZA6E2 CZA6E2 Radio-S221-1 RRU247924B824B2024B28BM01 -117.0 -113.7 -116.4 -116.7 -116.3 -116.6    0.4
FDD=CZA6E3 CZA6E3 Radio-S222-1 RRU247924B824B2024B28BM01 -116.2 -113.3 -117.2 -116.9 -117.0 -117.1    0.3
FDD=CZA6J1 CZA6J1 Radio-S220-1 RRU247924B824B2024B28BM01 -114.2 -118.8 -110.0 -111.6 -109.5 -111.6    2.1
FDD=CZA6J2 CZA6J2 Radio-S221-1 RRU247924B824B2024B28BM01 -115.6 -116.4 -112.9 -111.0 -113.4 -110.6    2.8
FDD=CZA6J3 CZA6J3 Radio-S222-1 RRU247924B824B2024B28BM01 -114.9 -116.2 -115.1 -116.2 -114.8 -115.8    1.4
FDD=CZA6M1 CZA6M1 Radio-S100-1 RRU449944B144B3C          -117.6 -118.0 -117.8 -118.4 -118.4 -118.2    0.6
FDD=CZA6M2 CZA6M2 Radio-S101-1 RRU449944B144B3C          -118.9 -119.2 -119.8 -119.6 -119.7 -119.6    0.2
FDD=CZA6M3 CZA6M3 Radio-S102-1 RRU449944B144B3C          -119.0 -118.6 -119.2 -119.3 -119.3 -119.3    0.1
FDD=CZA6T1 CZA6T1 Radio-S100-1 RRU449944B144B3C          -115.4 -114.9 -115.9 -115.8 -114.3 -114.4    1.6
FDD=CZA6T2 CZA6T2 Radio-S101-1 RRU449944B144B3C          -118.1 -115.8 -119.5 -119.1 -118.2 -118.5    1.3
FDD=CZA6T3 CZA6T3 Radio-S102-1 RRU449944B144B3C          -117.7 -116.3 -118.2 -118.4 -117.5 -117.9    0.9
================================================================================================================================
Bye...
Output has been logged to file /mta_fs/UserFiles/37258710/amosbatch/SDIR/CZA6T.log
