Logging to file /mta_fs/UserFiles/37258710/amosbatch/SDIR/CZD8T.log
                        __  __  ____   _____
                  /\   |  \/  |/ __ \ / ____|
                 /  \  | \  / | |  | | (___  
                / /\ \ | |\/| | |  | |\___ \ 
               / ____ \| |  | | |__| |____) |
              /_/    \_\_|  |_|\____/|_____/
              OSS Framework for MoShell-25.0h 
  Copyright (c) Ericsson AB 2001-2025 - All Rights Reserved
              
           
[1;31mWARNING: [0mthe AMOS version currently running is more than 29 weeks old and is unsupported.
Please upgrade as soon as possible to the latest released version, available from your local Ericsson support.

$amosrb_pid = 1846150

Checking ip contact...OK

HELP MENU            : h
BASIC MO COMMANDS    : m
OTHER MO COMMANDS    : n
OTHER COMMANDS       : o
PM COMMANDS          : p
QUIT                 : q

CZD8T> lt all

251125-10:04:50+0100 19.31.8.63 25.0h  stopfile=/tmp/1845955
Looking up temporary_amos account... OK.
Trying temporary_amos_t20251125_37258710_65084_131's password from amos lookupAccount ... OK

$ssh_pid = 1847242

Connected to 19.31.8.63 (SubNetwork=BBMM_rckomc_R,MeContext=CZD8T,ManagedElement=CZD8T)

Checking MOM version...MSRBS_NODE_MODEL_25.Q1_693.28324.131_62ac
Parsing MOM (cached): /ericsson/log/amos/moshell_logfiles/t20251125_37258710_65084/logs_moshell/tempfiles/scp-4-amos_20251125-100443_1845897/MSRBS_NODE_MODEL_25.Q1_693.28324.131_62ac.xml.cache.gz ..................................................................................................................................................................................................................................Done.
Using paramfile /opt/ericsson/amos/moshell/commonjars/pm/PARAM_MSRBS_25.Q1.txt
Parsing file /opt/ericsson/amos/moshell/commonjars/pm/PARAM_MSRBS_25.Q1.txt .......................................................................................Done.
Using imomdfile /opt/ericsson/amos/moshell/commonjars/pm/IMOMD_MSRBS_22.Q4.txt
Using imomfile /opt/ericsson/amos/moshell/commonjars/pm/IMOM_MSRBS_25.Q1.txt
Connected to 19.31.8.63 (SubNetwork=BBMM_rckomc_R,MeContext=CZD8T,ManagedElement=CZD8T)

Last MO: 16794. Loaded 16794 MOs. Total: 16795 MOs.

CZD8T> st cell

251125-10:05:02+0100 19.31.8.63 25.0h MSRBS_NODE_MODEL_25.Q1_693.28324.131_62ac stopfile=/tmp/1845955
===================================================================================
Proxy  Adm State     Op. State     MO
===================================================================================
   43  1 (UNLOCKED)  1 (ENABLED)   ENodeBFunction=1,EUtranCellFDD=CZD8M1
  133  1 (UNLOCKED)  1 (ENABLED)   ENodeBFunction=1,EUtranCellFDD=CZD8T1
===================================================================================
Total: 2 MOs

CZD8T> st radio

251125-10:05:03+0100 19.31.8.63 25.0h MSRBS_NODE_MODEL_25.Q1_693.28324.131_62ac stopfile=/tmp/1845955
===================================================================================
Proxy  Adm State     Op. State     MO
===================================================================================
 1102  1 (UNLOCKED)  1 (ENABLED)   Equipment=1,FieldReplaceableUnit=Radio-S60-1
 1114  1 (UNLOCKED)  1 (ENABLED)   Equipment=1,FieldReplaceableUnit=Radio-S90-1
16786  1 (UNLOCKED)  1 (ENABLED)   Transport=1,Synchronization=1,RadioEquipmentClock=1,RadioEquipmentClockReference=PTP
16787  1 (UNLOCKED)  1 (ENABLED)   Transport=1,Synchronization=1,RadioEquipmentClock=1,RadioEquipmentClockReference=SyncE
===================================================================================
Total: 4 MOs

CZD8T> sdir

251125-10:05:03+0100 19.31.8.63 25.0h MSRBS_NODE_MODEL_25.Q1_693.28324.131_62ac stopfile=/tmp/1845955
INFO: Using amos lookupAccount credentials for the export login
..............................
get /rop/A20251125.0815-0830_CZD8T.xml.gz /ericsson/log/amos/moshell_logfiles/t20251125_37258710_65084/logs_moshell/pmfiles/19.31.8.63/rop/A20251125.0815-0830_CZD8T.xml.gz ... OK
get /rop/A20251125.0830-0845_CZD8T.xml.gz /ericsson/log/amos/moshell_logfiles/t20251125_37258710_65084/logs_moshell/pmfiles/19.31.8.63/rop/A20251125.0830-0845_CZD8T.xml.gz ... OK
get /rop/A20251125.0845-0900_CZD8T.xml.gz /ericsson/log/amos/moshell_logfiles/t20251125_37258710_65084/logs_moshell/pmfiles/19.31.8.63/rop/A20251125.0845-0900_CZD8T.xml.gz ... OK
...Checking available boards on node...

Collecting RCS board data ...
.......................................................................................................................
.
.....................................................

Collecting TN data...
..................................................................................................................................................................................................................................................................
Collecting RF data...

Collecting Alarms...
Executing action Log.export()
...
Log=AlarmLog                    actionId=29410
.....
Executing action LogM.exportAvailabilityLog()
..LogM=1,exportAvailabilityLog    actionId=29411
.....Parsing alarmLog...Done.
Parsing availabilityLog...Done.
.

Total: 2 CPRI links (2 OK, 0 OKW, 0 NOK, 0 NT)

+--------+                      +-------------+
|        | D        O98      D1 | Radio-S60-1 |
|        |-----------1----------|  RRU2217B3  |
|        |         OK-11m       |    BXP_3    |
|        |                      +-------------+
|        |                              |A  |B
|        |                     SE=60 AG=60  |
|        |                      FDD=CZD8T1  |
|  BB-1  |
| BB6631 |
| 000100 |                      +-------------+
|        | G        O98      D1 | Radio-S90-1 |
|        |-----------2----------|  RRU2217B1  |
|        |         OK-11m       |    BXP_2    |
|        |                      +-------------+
|        |                              |A  |B
|        |                     SE=90 AG=90  |
|        |                      FDD=CZD8M1  |
+--------+

=====================================================================================================================================
ID RiL   Type Res MO1-MO2                 BOARD1-BOARD2    AlmIDs Cells (States) Issue (Failed checks)
=====================================================================================================================================
 1 S60-1 O98  OK  BB-1(D) Radio-S60-1(D1) BB6631 RRU2217B3        FDD=CZD8T1 (1) Passed
 2 S90-1 O98  OK  BB-1(G) Radio-S90-1(D1) BB6631 RRU2217B1        FDD=CZD8M1 (1) Passed
-------------------------------------------------------------------------------------------------------------------------------------

Node: RadioNode L   CXP2010174/2_R27J08 (25.Q1)   G3.1   LTE-FDD 

=====================================================================================================================================
FRU         ;LNH    ;BOARD     ;ST ;FAULT ;OPER ;MAINT ;STAT ;PRODUCTNUMBER   ;REV     ;SERIAL        ;DATE     ;PMTEMP ; TEMP ; UPT ;VOLT ;SW                 ;
=====================================================================================================================================
BB-1        ;000100 ;BB6631    ; 1 ;  OFF ;  ON ;  OFF ;  ON ;KDU1370071/11   ;R3E     ;E23F328383    ;20240316 ;3 (OK) ;      ; 132 ;53   ;                   ;
Radio-S60-1 ;BXP_3  ;RRU2217B3 ; 1 ;  OFF ;  ON ;  OFF ; N/A ;KRC161427/1     ;R1E     ;CD3Z747404    ;20181025 ;4 (OK) ; 42.0 ; 132 ;54.4 ;CXP9013268%9_R96JB ; (Radio2217B3)
Radio-S90-1 ;BXP_2  ;RRU2217B1 ; 1 ;  OFF ;  ON ;  OFF ; N/A ;KRC161490/1     ;R2D     ;E552799136    ;20190420 ;4 (OK) ; 39.9 ; 132 ;54.0 ;CXP9013268%9_R96JB ; (Radio2217B1)
-------------------------------------------------------------------------------------------------------------------------------------

=====================================================================================================================================
XPBOARD  ;ST ;FAULT ;OPER ;PRODUCTNUMBER ;REV ;SERIAL/NAME ;DATE     ; TEMP ;MO
=====================================================================================================================================
FAN08    ; 1 ;N/A   ;N/A  ;BKV106236/1   ;R2F ;DD138H2981  ;20230311 ; 34.0 ;SupportUnit=1 (FAN  BB-1)
-------------------------------------------------------------------------------------------------------------------------------------

=====================================================================================================================================
ID ;T ;RiL   ;BPBP ;BOARD1    ;LNH1 ;PORT ;R ;LINK ;RATE  ; BER ;BOARD2    ;LNH2 ;PORT ;R ;LINK ;RATE  ; BER ;LENGTH ;MO1 - MO2
=====================================================================================================================================
 1 ;O ;S60-1 ;1111 ;BB6631    ;000100 ; 4 ;M ;Up   ;9.8G  ;   0 ;RRU2217B3 ;BXP_3  ; 0 ;S ;Up   ;9.8G  ;   0 ;   11m ;Fru=BB-1(D) Fru=Radio-S60-1(D1)
 2 ;O ;S90-1 ;1111 ;BB6631    ;000100 ; 7 ;M ;Up   ;9.8G  ;   0 ;RRU2217B1 ;BXP_2  ; 0 ;S ;Up   ;9.8G  ;   0 ;   11m ;Fru=BB-1(G) Fru=Radio-S90-1(D1)
-------------------------------------------------------------------------------------------------------------------------------------

=====================================================================================================================================
ID ;LINK ;RiL   ;VENDOR1  ;VENDORPROD1     ;REV1 ;SERIAL1        ;DATE1    ;ERICSSONPROD1      ;VENDOR2  ;VENDORPROD2     ;REV2 ;SERIAL2        ;DATE2    ;ERICSSONPROD2      ;TT ;WL1     ;WL2    
=====================================================================================================================================
 1 ;Up   ;S60-1 ;ERICSSON ;RTXM228-702-C22 ;1.0  ;CU823M1XLJ     ;20231227 ;RDH10265/2 R1A     ;ERICSSON ;RTXM228-702-C22 ;1.0  ;CU823M1XMG     ;20231227 ;RDH10265/2 R1A     ;0  ;1310.00 ;1310.00
 2 ;Up   ;S90-1 ;ERICSSON ;RTXM228-702-C22 ;1.0  ;CU823M1XMD     ;20231227 ;RDH10265/2 R1A     ;ERICSSON ;RTXM228-702-C22 ;1.0  ;CU823M1XM6     ;20231227 ;RDH10265/2 R1A     ;0  ;1310.00 ;1310.00
-------------------------------------------------------------------------------------------------------------------------------------

=====================================================================================================================================
ID ;LINK ;RiL   ;WL1     ;TEMP1 ;TXbs1 ;TXdBm1 ;RXdBm1 ;BER1   ;WL2     ;TEMP2 ;TXbs2 ;TXdBm2 ;RXdBm2 ;BER2   ;DlLoss ;UlLoss ;LENGTH ;TT
=====================================================================================================================================
 1 ;Up   ;S60-1 ;1310.00 ;28C   ;53%   ;-1.55  ;-0.64  ;   0   ;1310.00 ;42C   ;60%   ;-0.73  ;-0.26  ;   0   ; -1.29 ; -0.09 ;   11m ; 0
 2 ;Up   ;S90-1 ;1310.00 ;32C   ;54%   ;-1.80  ;-1.33  ;   0   ;1310.00 ;42C   ;57%   ;-2.19  ;-1.97  ;   0   ;  0.17 ; -0.86 ;   11m ; 0
-------------------------------------------------------------------------------------------------------------------------------------

=====================================================================================================================================
ID ;RiL   ;BOARD     ;SFPLNH  ;PORT ;VENDOR   ;VENDORPROD      ;REV  ;SERIAL         ;DATE     ;ERICSSONPROD       ;WL      ;TEMP  ;TXbs  ;TXdBm  ;RXdBm  ; BER
=====================================================================================================================================
 1 ;S60-1 ;BB6631    ;000100   ;  4 ;ERICSSON ;RTXM228-702-C22 ;1.0  ;CU823M1XLJ     ;20231227 ;RDH10265/2 R1A     ;1310.00 ;28C   ;53%   ;-1.55  ;-0.64  ;   0
 2 ;S90-1 ;BB6631    ;000100   ;  7 ;ERICSSON ;RTXM228-702-C22 ;1.0  ;CU823M1XMD     ;20231227 ;RDH10265/2 R1A     ;1310.00 ;32C   ;54%   ;-1.80  ;-1.33  ;   0
 2 ;S90-1 ;RRU2217B1 ;BXP_2    ;  0 ;ERICSSON ;RTXM228-702-C22 ;1.0  ;CU823M1XM6     ;20231227 ;RDH10265/2 R1A     ;1310.00 ;42C   ;57%   ;-2.19  ;-1.97  ;   0
 1 ;S60-1 ;RRU2217B3 ;BXP_3    ;  0 ;ERICSSON ;RTXM228-702-C22 ;1.0  ;CU823M1XMG     ;20231227 ;RDH10265/2 R1A     ;1310.00 ;42C   ;60%   ;-0.73  ;-0.26  ;   0
-------------------------------------------------------------------------------------------------------------------------------------
TN ;      ;BB6631    ;000100   ; IB ;WTD      ;RTXM192-406-C25 ;3.0  ;CU823M2SQB     ;20240102 ;RDH10247/2 R2A     ;1310    ;27C   ;19%   ;-5.47  ;-8.04  ; 0/0
TN ;      ;BB6631    ;000100   ;IA1 ;ERICSSON ;NDAAF9-E201     ;E    ;APF24072010ADF ;20240220 ;RPM777053/1000 R1B ;NA      ;NA    ;NA    ;NA     ;NA     ; 0/0
-------------------------------------------------------------------------------------------------------------------------------------

=====================================================================================================================================
BOARD  ;LNH    ;PORT       ;T ;S ;OpMode   ;AutoNeg ;MacAddress        ;VlanIds        ;LOS ;BER
=====================================================================================================================================
BB6631 ;000100 ;TN_IDL_A_1 ;O ;1 ;10G_FULL ;false   ;F4:3C:96:48:37:BF ;3901,3908,3910 ;0   ;0/0
BB6631 ;000100 ;TN_IDL_B   ;O ;1 ;1G_FULL  ;true    ;F4:3C:96:48:37:C3 ;3901,3908,3910 ;0   ;0/0
-------------------------------------------------------------------------------------------------------------------------------------

Last MO: 16795. Loaded 16795 MOs. Total: 16796 MOs.
radioClockState : RNT_TIME_LOCKED
-------------------------------------------------------------------------------------
Prio  ;ST  ;syncRefType  ;refStatus  ;opQualLevel  ;SyncReference
-------------------------------------------------------------------------------------
  *1  ; 1  ;PTP_TIME     ;NO_FAULT   ;PRTC         ;Ptp=1,BoundaryOrdinaryClock=PTP (G_8275_1 EthernetPort=TN_IDL_B:SLAVE EthernetPort=TN_IDL_A_1:MASTER)
   2  ; 1  ;SYNC_E       ;NO_FAULT   ;PRC          ;Synchronization=1,SyncEthInput=SyncE (SFP_OPTICAL EthernetPort=TN_IDL_B)
-------------------------------------------------------------------------------------

=====================================================================================================================================
FRU         ;LNH    ;BOARD     ;RF  ;BP  ;TX (W/dBm)  ;VSWR (RL)   ;RX (dBm) ;UEs/gUEs  ;Sector/AntennaGroup/Cells (State:CellIds:PCIs)
=====================================================================================================================================
Radio-S60-1 ;BXP_3  ;RRU2217B3 ; A  ;11  ;-           ;1.16 (22.8) ;         ;33/-      ;SE=60 AG=60 FDD=CZD8T1 (1:41:413)
Radio-S60-1 ;BXP_3  ;RRU2217B3 ; B  ;1L  ;-           ;-           ;         ;          ;
Radio-S90-1 ;BXP_2  ;RRU2217B1 ; A  ;11  ;-           ;1.14 (23.8) ;         ;4/-       ;SE=90 AG=90 FDD=CZD8M1 (1:31:19)
Radio-S90-1 ;BXP_2  ;RRU2217B1 ; B  ;1L  ;-           ;-           ;         ;          ;
-------------------------------------------------------------------------------------------------------------------------------------

CZD8T> mfar

251125-10:06:50+0100 19.31.8.63 25.0h MSRBS_NODE_MODEL_25.Q1_693.28324.131_62ac stopfile=/tmp/1845955
...
Last MO: 16796. Loaded 16796 MOs. Total: 16797 MOs.
........................................
get /rop/A20251125.0730-0745_CZD8T.xml.gz /ericsson/log/amos/moshell_logfiles/t20251125_37258710_65084/logs_moshell/pmfiles/19.31.8.63/rop/A20251125.0730-0745_CZD8T.xml.gz ... OK
get /rop/A20251125.0745-0800_CZD8T.xml.gz /ericsson/log/amos/moshell_logfiles/t20251125_37258710_65084/logs_moshell/pmfiles/19.31.8.63/rop/A20251125.0745-0800_CZD8T.xml.gz ... OK
get /rop/A20251125.0800-0815_CZD8T.xml.gz /ericsson/log/amos/moshell_logfiles/t20251125_37258710_65084/logs_moshell/pmfiles/19.31.8.63/rop/A20251125.0800-0815_CZD8T.xml.gz ... OK

Using hardcoded thresholds: 3, 4.5, and 16.5
================================================================================================================================
SC     SE Tx/Rx BrPair  RfPort1 - RfPort2 HW       Serial      Cell (State)   Samples   Med  Mean  SDev Pol Res Issue
================================================================================================================================
CZD8M1 90   1/1 0 (1,2) Radio-S90-1(A) () RRU2217  E552799136  FDD=CZD8M1 (1)       0     0     0     0  NA  NT No data
CZD8T1 60   1/1 0 (1,2) Radio-S60-1(A) () RRU2217  CD3Z747404  FDD=CZD8T1 (1)       0     0     0     0  NA  NT No data
================================================================================================================================
Total: 2 SectorCarriers, 2 RfBranch Pairs (0 OK, 0 OKW, 0 NOK, 2 NT)
...
Last MO: 16796. Loaded 16796 MOs. Total: 16797 MOs.

No NRSectorCarrier MOs are defined on the node.

CZD8T> mfitr

251125-10:07:04+0100 19.31.8.63 25.0h MSRBS_NODE_MODEL_25.Q1_693.28324.131_62ac stopfile=/tmp/1845955
....
Last MO: 16796. Loaded 16796 MOs. Total: 16797 MOs.
......
2025-11-25 10:07
================================================================================================================================
CELL       SC     FRU         BOARD     PUSCH  PUCCH       A  DELTA
================================================================================================================================
FDD=CZD8M1 CZD8M1 Radio-S90-1 RRU2217B1 -115.6 -115.4 -115.8      0
FDD=CZD8T1 CZD8T1 Radio-S60-1 RRU2217B3 -110.6 -111.4 -111.3      0
================================================================================================================================
Bye...
Output has been logged to file /mta_fs/UserFiles/37258710/amosbatch/SDIR/CZD8T.log
