Logging to file /mta_fs/UserFiles/37258710/amosbatch/SDIR/KR05T.log
                        __  __  ____   _____
                  /\   |  \/  |/ __ \ / ____|
                 /  \  | \  / | |  | | (___  
                / /\ \ | |\/| | |  | |\___ \ 
               / ____ \| |  | | |__| |____) |
              /_/    \_\_|  |_|\____/|_____/
              OSS Framework for MoShell-25.0h 
  Copyright (c) Ericsson AB 2001-2025 - All Rights Reserved
              
           
[1;31mWARNING: [0mthe AMOS version currently running is more than 29 weeks old and is unsupported.
Please upgrade as soon as possible to the latest released version, available from your local Ericsson support.

$amosrb_pid = 1626615

Checking ip contact...OK

HELP MENU            : h
BASIC MO COMMANDS    : m
OTHER MO COMMANDS    : n
OTHER COMMANDS       : o
PM COMMANDS          : p
QUIT                 : q

KR05T> lt all

251125-09:01:10+0100 19.31.11.125 25.0h  stopfile=/tmp/1626527
Looking up temporary_amos account... OK.
Trying temporary_amos_t20251125_37258710_65084_131's password from amos lookupAccount ... OK

$ssh_pid = 1626925

Connected to 19.31.11.125 (SubNetwork=BBMM_rckomc_R,MeContext=KR05T,ManagedElement=KR05T)

Checking MOM version...MSRBS_NODE_MODEL_25.Q1_693.28324.131_62ac
Parsing MOM (cached): /ericsson/log/amos/moshell_logfiles/t20251125_37258710_65084/logs_moshell/tempfiles/scp-4-amos_20251125-090104_1626471/MSRBS_NODE_MODEL_25.Q1_693.28324.131_62ac.xml.cache.gz ..................................................................................................................................................................................................................................Done.
Using paramfile /opt/ericsson/amos/moshell/commonjars/pm/PARAM_MSRBS_25.Q1.txt
Parsing file /opt/ericsson/amos/moshell/commonjars/pm/PARAM_MSRBS_25.Q1.txt .......................................................................................Done.
Using imomdfile /opt/ericsson/amos/moshell/commonjars/pm/IMOMD_MSRBS_22.Q4.txt
Using imomfile /opt/ericsson/amos/moshell/commonjars/pm/IMOM_MSRBS_25.Q1.txt
Connected to 19.31.11.125 (SubNetwork=BBMM_rckomc_R,MeContext=KR05T,ManagedElement=KR05T)

Last MO: 17340. Loaded 17340 MOs. Total: 17341 MOs.

KR05T> st cell

251125-09:01:23+0100 19.31.11.125 25.0h MSRBS_NODE_MODEL_25.Q1_693.28324.131_62ac stopfile=/tmp/1626527
===================================================================================
Proxy  Adm State     Op. State     MO
===================================================================================
   43  1 (UNLOCKED)  1 (ENABLED)   ENodeBFunction=1,EUtranCellFDD=KR05M1
  153  1 (UNLOCKED)  1 (ENABLED)   ENodeBFunction=1,EUtranCellFDD=KR05M2
  270  1 (UNLOCKED)  1 (ENABLED)   ENodeBFunction=1,EUtranCellFDD=KR05M3
  370  1 (UNLOCKED)  1 (ENABLED)   ENodeBFunction=1,EUtranCellFDD=KR05T3
===================================================================================
Total: 4 MOs

KR05T> st radio

251125-09:01:24+0100 19.31.11.125 25.0h MSRBS_NODE_MODEL_25.Q1_693.28324.131_62ac stopfile=/tmp/1626527
===================================================================================
Proxy  Adm State     Op. State     MO
===================================================================================
 1633  1 (UNLOCKED)  1 (ENABLED)   Equipment=1,FieldReplaceableUnit=Radio-S100-1
 1656  1 (UNLOCKED)  1 (ENABLED)   Equipment=1,FieldReplaceableUnit=Radio-S102-1
17331  1 (UNLOCKED)  1 (ENABLED)   Transport=1,Synchronization=1,RadioEquipmentClock=1,RadioEquipmentClockReference=NTP1
17332  1 (UNLOCKED)  1 (ENABLED)   Transport=1,Synchronization=1,RadioEquipmentClock=1,RadioEquipmentClockReference=PTP8275_2
===================================================================================
Total: 4 MOs

KR05T> sdir

251125-09:01:24+0100 19.31.11.125 25.0h MSRBS_NODE_MODEL_25.Q1_693.28324.131_62ac stopfile=/tmp/1626527
INFO: Using amos lookupAccount credentials for the export login
...............................
get /rop/A20251125.0715-0730_KR05T.xml.gz /ericsson/log/amos/moshell_logfiles/t20251125_37258710_65084/logs_moshell/pmfiles/19.31.11.125/rop/A20251125.0715-0730_KR05T.xml.gz ... OK
get /rop/A20251125.0730-0745_KR05T.xml.gz /ericsson/log/amos/moshell_logfiles/t20251125_37258710_65084/logs_moshell/pmfiles/19.31.11.125/rop/A20251125.0730-0745_KR05T.xml.gz ... OK
get /rop/A20251125.0745-0800_KR05T.xml.gz /ericsson/log/amos/moshell_logfiles/t20251125_37258710_65084/logs_moshell/pmfiles/19.31.11.125/rop/A20251125.0745-0800_KR05T.xml.gz ... OK
...Checking available boards on node...

Collecting RCS board data ...
..........................................................................................................................
.
..................................................................

Collecting TN data...
....................................................................................................................................
Collecting RF data...
.
Collecting Alarms...
Executing action Log.export()
...
Log=AlarmLog                    actionId=27855
.....
Executing action LogM.exportAvailabilityLog()
..LogM=1,exportAvailabilityLog    actionId=27856
.....Parsing alarmLog...Done.
Parsing availabilityLog...Done.
.

Total: 2 CPRI links (2 OK, 0 OKW, 0 NOK, 0 NT)

+--------+                      +------------------+
|        | D        O101     D1 |   Radio-S100-1   |
|        |-----------1----------| RRU449944B144B3C |
|        |         OK-6m        |      BXP_3       |
|        |                      +------------------+
|        |                           |A  |B  |C  |D
|        |                    SE=100 AG=100  |   |
|        |                       FDD=KR05M1  |   |
|        |                            SE=101 AG=101
|        |                               FDD=KR05M2
|  BB-1  |
| BB6631 |
| 000100 |
|        |                      +------------------+
|        | E        O101     D1 |   Radio-S102-1   |
|        |-----------2----------| RRU449944B144B3C |
|        |         OK-6m        |      BXP_2       |
|        |                      +------------------+
|        |                           |A  |B  |C  |D
|        |                    SE=102 AG=102  |   |
|        |            FDD=KR05M3 FDD=KR05T3  |   |
|        |
+--------+

=====================================================================================================================================
ID RiL    Type Res MO1-MO2                  BOARD1-BOARD2           AlmIDs Cells (States)              Issue (Failed checks)
=====================================================================================================================================
 1 S100-1 O101 OK  BB-1(D) Radio-S100-1(D1) BB6631 RRU449944B144B3C        FDD=KR05M1 FDD=KR05M2 (1,1) Passed
 2 S102-1 O101 OK  BB-1(E) Radio-S102-1(D1) BB6631 RRU449944B144B3C        FDD=KR05M3 FDD=KR05T3 (1,1) Passed
-------------------------------------------------------------------------------------------------------------------------------------

Node: RadioNode L   CXP2010174/2_R27J08 (25.Q1)   G3.1   LTE-FDD 

=====================================================================================================================================
FRU          ;LNH    ;BOARD            ;ST ;FAULT ;OPER ;MAINT ;STAT ;PRODUCTNUMBER   ;REV     ;SERIAL        ;DATE     ;PMTEMP ; TEMP ; UPT ;VOLT ;SW                   ;
=====================================================================================================================================
BB-1         ;000100 ;BB6631           ; 1 ;  OFF ;  ON ;  OFF ;  ON ;KDU1370071/11   ;R3H     ;E96A019LWQ    ;20241010 ;3 (OK) ;      ; 132 ;53   ;                     ;
Radio-S100-1 ;BXP_3  ;RRU449944B144B3C ; 1 ;  OFF ;  ON ;  OFF ; N/A ;KRC161787/1     ;R3C     ;TU8U02R190    ;20240919 ;4 (OK) ; 34.8 ; 132 ;54.6 ;CXP9013268%15_R101LX ; (Radio449944B144B3C)
Radio-S102-1 ;BXP_2  ;RRU449944B144B3C ; 1 ;  OFF ;  ON ;  OFF ; N/A ;KRC161787/1     ;R3C     ;TU8U02R18W    ;20240919 ;4 (OK) ; 30.0 ; 132 ;54.0 ;CXP9013268%15_R101LX ; (Radio449944B144B3C)
-------------------------------------------------------------------------------------------------------------------------------------

=====================================================================================================================================
XPBOARD  ;ST ;FAULT ;OPER ;PRODUCTNUMBER ;REV ;SERIAL/NAME ;DATE     ; TEMP ;MO
=====================================================================================================================================
FAN08    ; 1 ;N/A   ;N/A  ;BKV106236/1   ;R2F ;DD139H7369  ;20240823 ; 42.4 ;SupportUnit=1 (FAN  BB-1)
-------------------------------------------------------------------------------------------------------------------------------------

=====================================================================================================================================
ID ;T ;RiL    ;BPBP ;BOARD1           ;LNH1 ;PORT ;R ;LINK ;RATE  ; BER ;BOARD2           ;LNH2 ;PORT ;R ;LINK ;RATE  ; BER ;LENGTH ;MO1 - MO2
=====================================================================================================================================
 1 ;O ;S100-1 ;1111 ;BB6631           ;000100 ; 4 ;M ;Up   ;10.1G ;   0 ;RRU449944B144B3C ;BXP_3  ; 0 ;S ;Up   ;10.1G ;   0 ;    6m ;Fru=BB-1(D) Fru=Radio-S100-1(D1)
 2 ;O ;S102-1 ;1111 ;BB6631           ;000100 ; 5 ;M ;Up   ;10.1G ;   0 ;RRU449944B144B3C ;BXP_2  ; 0 ;S ;Up   ;10.1G ;   0 ;    6m ;Fru=BB-1(E) Fru=Radio-S102-1(D1)
-------------------------------------------------------------------------------------------------------------------------------------

=====================================================================================================================================
ID ;LINK ;RiL    ;VENDOR1  ;VENDORPROD1     ;REV1 ;SERIAL1        ;DATE1    ;ERICSSONPROD1      ;VENDOR2  ;VENDORPROD2     ;REV2 ;SERIAL2        ;DATE2    ;ERICSSONPROD2      ;TT ;WL1     ;WL2    
=====================================================================================================================================
 1 ;Up   ;S100-1 ;ERICSSON ;RTXM228-702-C22 ;1.0  ;CU824J0W42     ;20240914 ;RDH10265/2 R1A     ;ERICSSON ;RTXM228-702-C22 ;1.0  ;CU824J0W3X     ;20240914 ;RDH10265/2 R1A     ;0  ;1310.00 ;1310.00
 2 ;Up   ;S102-1 ;ERICSSON ;RTXM228-702-C22 ;1.0  ;CU824J0W43     ;20240914 ;RDH10265/2 R1A     ;ERICSSON ;RTXM228-702-C22 ;1.0  ;CU824J0W3W     ;20240914 ;RDH10265/2 R1A     ;0  ;1310.00 ;1310.00
-------------------------------------------------------------------------------------------------------------------------------------

=====================================================================================================================================
ID ;LINK ;RiL    ;WL1     ;TEMP1 ;TXbs1 ;TXdBm1 ;RXdBm1 ;BER1   ;WL2     ;TEMP2 ;TXbs2 ;TXdBm2 ;RXdBm2 ;BER2   ;DlLoss ;UlLoss ;LENGTH ;TT
=====================================================================================================================================
 1 ;Up   ;S100-1 ;1310.00 ;40C   ;56%   ;-2.09  ;-1.53  ;   0   ;1310.00 ;33C   ;52%   ;-2.21  ;-2.94  ;   0   ;  0.85 ; -0.68 ;    6m ; 0
 2 ;Up   ;S102-1 ;1310.00 ;41C   ;56%   ;-1.92  ;-1.59  ;   0   ;1310.00 ;27C   ;52%   ;-0.97  ;-1.51  ;   0   ; -0.41 ;  0.62 ;    6m ; 0
-------------------------------------------------------------------------------------------------------------------------------------

=====================================================================================================================================
ID ;RiL    ;BOARD            ;SFPLNH  ;PORT ;VENDOR   ;VENDORPROD      ;REV  ;SERIAL         ;DATE     ;ERICSSONPROD       ;WL      ;TEMP  ;TXbs  ;TXdBm  ;RXdBm  ; BER
=====================================================================================================================================
 1 ;S100-1 ;BB6631           ;000100   ;  4 ;ERICSSON ;RTXM228-702-C22 ;1.0  ;CU824J0W42     ;20240914 ;RDH10265/2 R1A     ;1310.00 ;40C   ;56%   ;-2.09  ;-1.53  ;   0
 2 ;S102-1 ;BB6631           ;000100   ;  5 ;ERICSSON ;RTXM228-702-C22 ;1.0  ;CU824J0W43     ;20240914 ;RDH10265/2 R1A     ;1310.00 ;41C   ;56%   ;-1.92  ;-1.59  ;   0
 2 ;S102-1 ;RRU449944B144B3C ;BXP_2    ;  0 ;ERICSSON ;RTXM228-702-C22 ;1.0  ;CU824J0W3W     ;20240914 ;RDH10265/2 R1A     ;1310.00 ;27C   ;52%   ;-0.97  ;-1.51  ;   0
 1 ;S100-1 ;RRU449944B144B3C ;BXP_3    ;  0 ;ERICSSON ;RTXM228-702-C22 ;1.0  ;CU824J0W3X     ;20240914 ;RDH10265/2 R1A     ;1310.00 ;33C   ;52%   ;-2.21  ;-2.94  ;   0
-------------------------------------------------------------------------------------------------------------------------------------
TN ;       ;BB6631           ;000100   ; IB ;WTD      ;RTXM192-406-C25 ;3.0  ;CU824H0FE3     ;20240814 ;RDH10247/2 R2A     ;1310    ;38C   ;20%   ;-5.36  ;-9.63  ; 0/0
TN ;       ;BB6631           ;000100   ;IA1 ;ERICSSON ;NDAAF9-E201     ;E    ;APF243620130LY ;20240904 ;RPM777053/1000 R1B ;NA      ;NA    ;NA    ;NA     ;NA     ; 0/0
-------------------------------------------------------------------------------------------------------------------------------------

=====================================================================================================================================
BOARD  ;LNH    ;PORT       ;T ;S ;OpMode         ;AutoNeg ;MacAddress        ;VlanIds             ;LOS ;BER
=====================================================================================================================================
BB6631 ;000100 ;TN_E       ;E ;1 ;1G_FULL_MASTER ;true    ;F4:3C:96:A0:EA:E5 ;3910                ;0   ;0/0
BB6631 ;000100 ;TN_IDL_A_1 ;O ;1 ;10G_FULL       ;false   ;F4:3C:96:A0:EA:DE ;3901,3902,3908      ;0   ;0/0
BB6631 ;000100 ;TN_IDL_B   ;O ;1 ;1G_FULL        ;true    ;F4:3C:96:A0:EA:E2 ;3901,3902,3908,3910 ;0   ;0/0
-------------------------------------------------------------------------------------------------------------------------------------

radioClockState : RNT_TIME_LOCKED
-------------------------------------------------------------------------------------
Prio  ;ST  ;syncRefType    ;refStatus  ;opQualLevel  ;SyncReference
-------------------------------------------------------------------------------------
  *1  ; 1  ;PTP_TIME       ;NO_FAULT   ;PRTC         ;Ptp=1,BoundaryOrdinaryClock=1 (G_8275_2 Router=45G_Traffic,InterfaceIPv4=LTE,AddressIPv4=LTE:SLAVE)
   2  ; 1  ;NTP_FREQUENCY  ;NO_FAULT   ;PRC          ;Ntp=1,NtpFrequencySync=NTP1 (10.31.0.54:32751 Router=45G_Traffic,InterfaceIPv4=LTE,AddressIPv4=LTE)
-------------------------------------------------------------------------------------

=====================================================================================================================================
FRU          ;LNH    ;BOARD            ;RF  ;BP  ;TX (W/dBm)  ;VSWR (RL)   ;RX (dBm) ;UEs/gUEs  ;Sector/AntennaGroup/Cells (State:CellIds:PCIs)
=====================================================================================================================================
Radio-S100-1 ;BXP_3  ;RRU449944B144B3C ; A  ;11  ;6.0 (37.8)  ;1.07 (29.6) ;-91.0    ;36/-      ;SE=100 AG=100 FDD=KR05M1 (1:31:319)
Radio-S100-1 ;BXP_3  ;RRU449944B144B3C ; B  ;11  ;6.0 (37.8)  ;1.07 (29.3) ;-91.2    ;36/-      ;SE=100 AG=100 FDD=KR05M1 (1:31:319)
Radio-S100-1 ;BXP_3  ;RRU449944B144B3C ; C  ;11  ;10.7 (40.3) ;1.12 (24.9) ;-90.5    ;27/-      ;SE=101 AG=101 FDD=KR05M2 (1:32:318)
Radio-S100-1 ;BXP_3  ;RRU449944B144B3C ; D  ;11  ;9.1 (39.6)  ;1.12 (24.7) ;-90.8    ;27/-      ;SE=101 AG=101 FDD=KR05M2 (1:32:318)
Radio-S102-1 ;BXP_2  ;RRU449944B144B3C ; A  ;11  ;18.2 (42.6) ;1.13 (24.4) ;-86.6    ;25/-      ;SE=102 AG=102 FDD=KR05M3 FDD=KR05T3 (1:33:320, 1:43:187)
Radio-S102-1 ;BXP_2  ;RRU449944B144B3C ; B  ;11  ;5.9 (37.7)  ;1.06 (30.5) ;-86.1    ;25/-      ;SE=102 AG=102 FDD=KR05M3 FDD=KR05T3 (1:33:320, 1:43:187)
Radio-S102-1 ;BXP_2  ;RRU449944B144B3C ; C  ;11  ;-           ;-           ;         ;          ;
Radio-S102-1 ;BXP_2  ;RRU449944B144B3C ; D  ;11  ;-           ;-           ;         ;          ;
-------------------------------------------------------------------------------------------------------------------------------------

KR05T> mfar

251125-09:03:10+0100 19.31.11.125 25.0h MSRBS_NODE_MODEL_25.Q1_693.28324.131_62ac stopfile=/tmp/1626527
....
Last MO: 17342. Loaded 17342 MOs. Total: 17343 MOs.
...........................................
get /rop/A20251125.0630-0645_KR05T.xml.gz /ericsson/log/amos/moshell_logfiles/t20251125_37258710_65084/logs_moshell/pmfiles/19.31.11.125/rop/A20251125.0630-0645_KR05T.xml.gz ... OK
get /rop/A20251125.0645-0700_KR05T.xml.gz /ericsson/log/amos/moshell_logfiles/t20251125_37258710_65084/logs_moshell/pmfiles/19.31.11.125/rop/A20251125.0645-0700_KR05T.xml.gz ... OK
get /rop/A20251125.0700-0715_KR05T.xml.gz /ericsson/log/amos/moshell_logfiles/t20251125_37258710_65084/logs_moshell/pmfiles/19.31.11.125/rop/A20251125.0700-0715_KR05T.xml.gz ... OK

Using hardcoded thresholds: 3, 4.5, and 16.5
================================================================================================================================
SC     SE  Tx/Rx BrPair  RfPort1 - RfPort2               HW       Serial      Cell (State)   Samples   Med  Mean  SDev Pol Res Issue
================================================================================================================================
KR05M1 100   2/2 0 (1,2) Radio-S100-1(A) Radio-S100-1(B) RRU4499  TU8U02R190  FDD=KR05M1 (1)  489015   0.5   0.3   6.7  NA  OK Passed
KR05M2 101   2/2 0 (1,2) Radio-S100-1(C) Radio-S100-1(D) RRU4499  TU8U02R190  FDD=KR05M2 (1)  367049  -0.5   0.1   6.8  NA  OK Passed
KR05M3 102   2/2 0 (1,2) Radio-S102-1(A) Radio-S102-1(B) RRU4499  TU8U02R18W  FDD=KR05M3 (1)   43407  -0.5  -0.6   7.4  NA  OK Passed
KR05T3 102   2/2 0 (1,2) Radio-S102-1(A) Radio-S102-1(B) RRU4499  TU8U02R18W  FDD=KR05T3 (1)  501875  -0.5  -0.1   6.5  NA  OK Passed
================================================================================================================================
Total: 4 SectorCarriers, 4 RfBranch Pairs (4 OK, 0 OKW, 0 NOK, 0 NT)
....
Last MO: 17342. Loaded 17342 MOs. Total: 17343 MOs.

No NRSectorCarrier MOs are defined on the node.

KR05T> mfitr

251125-09:03:26+0100 19.31.11.125 25.0h MSRBS_NODE_MODEL_25.Q1_693.28324.131_62ac stopfile=/tmp/1626527
.......
Last MO: 17342. Loaded 17342 MOs. Total: 17343 MOs.
.......
2025-11-25 09:04
================================================================================================================================
CELL       SC     FRU          BOARD            PUSCH  PUCCH       A      B      C      D  DELTA
================================================================================================================================
FDD=KR05M1 KR05M1 Radio-S100-1 RRU449944B144B3C -106.4 -114.3 -110.6 -111.2                  0.6
FDD=KR05M2 KR05M2 Radio-S100-1 RRU449944B144B3C -111.5 -113.7               -114.4 -114.6    0.2
FDD=KR05M3 KR05M3 Radio-S102-1 RRU449944B144B3C -111.1 -115.0 -114.6 -114.2                  0.4
FDD=KR05T3 KR05T3 Radio-S102-1 RRU449944B144B3C -107.2 -112.4 -106.2 -107.0                  0.8
================================================================================================================================
Bye...
Output has been logged to file /mta_fs/UserFiles/37258710/amosbatch/SDIR/KR05T.log
