Logging to file /mta_fs/UserFiles/37258710/amosbatch/SDIR/KR15T.log
                        __  __  ____   _____
                  /\   |  \/  |/ __ \ / ____|
                 /  \  | \  / | |  | | (___  
                / /\ \ | |\/| | |  | |\___ \ 
               / ____ \| |  | | |__| |____) |
              /_/    \_\_|  |_|\____/|_____/
              OSS Framework for MoShell-25.0h 
  Copyright (c) Ericsson AB 2001-2025 - All Rights Reserved
              
           
[1;31mWARNING: [0mthe AMOS version currently running is more than 29 weeks old and is unsupported.
Please upgrade as soon as possible to the latest released version, available from your local Ericsson support.

$amosrb_pid = 2450647

Checking ip contact...OK

HELP MENU            : h
BASIC MO COMMANDS    : m
OTHER MO COMMANDS    : n
OTHER COMMANDS       : o
PM COMMANDS          : p
QUIT                 : q

KR15T> lt all

251125-13:07:39+0100 19.31.11.192 25.0h  stopfile=/tmp/2450479
Looking up temporary_amos account... OK.
Trying temporary_amos_t20251125_37258710_65084_131's password from amos lookupAccount ... OK

$ssh_pid = 2451288

Connected to 19.31.11.192 (SubNetwork=BBMM_rckomc_R,MeContext=KR15T,ManagedElement=KR15T)

Checking MOM version...MSRBS_NODE_MODEL_25.Q1_693.28324.131_62ac
Parsing MOM (cached): /ericsson/log/amos/moshell_logfiles/t20251125_37258710_65084/logs_moshell/tempfiles/scp-4-amos_20251125-130732_2450417/MSRBS_NODE_MODEL_25.Q1_693.28324.131_62ac.xml.cache.gz ..................................................................................................................................................................................................................................Done.
Using paramfile /opt/ericsson/amos/moshell/commonjars/pm/PARAM_MSRBS_25.Q1.txt
Parsing file /opt/ericsson/amos/moshell/commonjars/pm/PARAM_MSRBS_25.Q1.txt .......................................................................................Done.
Using imomdfile /opt/ericsson/amos/moshell/commonjars/pm/IMOMD_MSRBS_22.Q4.txt
Using imomfile /opt/ericsson/amos/moshell/commonjars/pm/IMOM_MSRBS_25.Q1.txt
Connected to 19.31.11.192 (SubNetwork=BBMM_rckomc_R,MeContext=KR15T,ManagedElement=KR15T)

Last MO: 20815. Loaded 20815 MOs. Total: 20816 MOs.

KR15T> st cell

251125-13:07:54+0100 19.31.11.192 25.0h MSRBS_NODE_MODEL_25.Q1_693.28324.131_62ac stopfile=/tmp/2450479
===================================================================================
Proxy  Adm State     Op. State     MO
===================================================================================
   43  1 (UNLOCKED)  1 (ENABLED)   ENodeBFunction=1,EUtranCellFDD=KR15E1
  155  1 (UNLOCKED)  1 (ENABLED)   ENodeBFunction=1,EUtranCellFDD=KR15E2
  252  1 (UNLOCKED)  1 (ENABLED)   ENodeBFunction=1,EUtranCellFDD=KR15E3
  396  1 (UNLOCKED)  1 (ENABLED)   ENodeBFunction=1,EUtranCellFDD=KR15J1
  487  1 (UNLOCKED)  1 (ENABLED)   ENodeBFunction=1,EUtranCellFDD=KR15J2
  576  1 (UNLOCKED)  1 (ENABLED)   ENodeBFunction=1,EUtranCellFDD=KR15J3
  693  1 (UNLOCKED)  1 (ENABLED)   ENodeBFunction=1,EUtranCellFDD=KR15M1
  802  1 (UNLOCKED)  1 (ENABLED)   ENodeBFunction=1,EUtranCellFDD=KR15M2
  901  1 (UNLOCKED)  1 (ENABLED)   ENodeBFunction=1,EUtranCellFDD=KR15M3
 1046  1 (UNLOCKED)  1 (ENABLED)   ENodeBFunction=1,EUtranCellFDD=KR15T1
 1155  1 (UNLOCKED)  1 (ENABLED)   ENodeBFunction=1,EUtranCellFDD=KR15T2
 1254  1 (UNLOCKED)  1 (ENABLED)   ENodeBFunction=1,EUtranCellFDD=KR15T3
 2047  1 (UNLOCKED)  1 (ENABLED)   ENodeBFunction=1,NbIotCell=KR15N1
 2048  1 (UNLOCKED)  1 (ENABLED)   ENodeBFunction=1,NbIotCell=KR15N2
 2049  1 (UNLOCKED)  1 (ENABLED)   ENodeBFunction=1,NbIotCell=KR15N3
 3217                1 (ENABLED)   GNBCUCPFunction=1,EUtraNetwork=1,ExternalENodeBFunction=auto222_1_2_650398,ExternalEUtranCell=2221-650398-71
 3218                1 (ENABLED)   GNBCUCPFunction=1,EUtraNetwork=1,ExternalENodeBFunction=auto222_1_2_650398,ExternalEUtranCell=2221-650398-72
 3219                1 (ENABLED)   GNBCUCPFunction=1,EUtraNetwork=1,ExternalENodeBFunction=auto222_1_2_650398,ExternalEUtranCell=2221-650398-73
 3603  1 (UNLOCKED)  1 (ENABLED)   GNBDUFunction=1,NRCellDU=KR15G1
 3605  1 (UNLOCKED)  1 (ENABLED)   GNBDUFunction=1,NRCellDU=KR15G2
 3607  1 (UNLOCKED)  1 (ENABLED)   GNBDUFunction=1,NRCellDU=KR15G3
===================================================================================
Total: 21 MOs

INFO: NRCellDU status needs to be printed with command "stz" or "hget ,nrcell state" due to dependency to cellState/serviceState attributes.

KR15T> st radio

251125-13:07:55+0100 19.31.11.192 25.0h MSRBS_NODE_MODEL_25.Q1_693.28324.131_62ac stopfile=/tmp/2450479
===================================================================================
Proxy  Adm State     Op. State     MO
===================================================================================
 3013  1 (UNLOCKED)  1 (ENABLED)   Equipment=1,FieldReplaceableUnit=Radio-S100-1
 3036  1 (UNLOCKED)  1 (ENABLED)   Equipment=1,FieldReplaceableUnit=Radio-S102-1
 3059  1 (UNLOCKED)  1 (ENABLED)   Equipment=1,FieldReplaceableUnit=Radio-S220-1
 3086  1 (UNLOCKED)  1 (ENABLED)   Equipment=1,FieldReplaceableUnit=Radio-S221-1
 3113  1 (UNLOCKED)  1 (ENABLED)   Equipment=1,FieldReplaceableUnit=Radio-S222-1
20806  1 (UNLOCKED)  1 (ENABLED)   Transport=1,Synchronization=1,RadioEquipmentClock=1,RadioEquipmentClockReference=NTP1
20807  1 (UNLOCKED)  0 (DISABLED)  Transport=1,Synchronization=1,RadioEquipmentClock=1,RadioEquipmentClockReference=PTP
===================================================================================
Total: 7 MOs

KR15T> sdir

251125-13:07:56+0100 19.31.11.192 25.0h MSRBS_NODE_MODEL_25.Q1_693.28324.131_62ac stopfile=/tmp/2450479
INFO: Using amos lookupAccount credentials for the export login
....................
get /rop/A20251125.1115-1130_KR15T.xml.gz /ericsson/log/amos/moshell_logfiles/t20251125_37258710_65084/logs_moshell/pmfiles/19.31.11.192/rop/A20251125.1115-1130_KR15T.xml.gz ... OK
get /rop/A20251125.1130-1145_KR15T.xml.gz /ericsson/log/amos/moshell_logfiles/t20251125_37258710_65084/logs_moshell/pmfiles/19.31.11.192/rop/A20251125.1130-1145_KR15T.xml.gz ... OK
get /rop/A20251125.1145-1200_KR15T.xml.gz /ericsson/log/amos/moshell_logfiles/t20251125_37258710_65084/logs_moshell/pmfiles/19.31.11.192/rop/A20251125.1145-1200_KR15T.xml.gz ... OK
....Checking available boards on node...

Collecting RCS board data ...
...........................................................................................................................
.............................
................................................................................................................................................................................................................................................................................................................................................................................................
...
Collecting TN data...
..........................................................................................................................................................................
Getting MO data from node (141 MOs). Please wait...
0%                                             ~50%                                           ~100%
...................................................................................................................................
Collecting RF data...
.....
Collecting Alarms...
....Executing action Log.export()
...
Log=AlarmLog                    actionId=2913
...................
Executing action LogM.exportAvailabilityLog()
..LogM=1,exportAvailabilityLog    actionId=2914
.....Parsing alarmLog..........Done.
Parsing availabilityLog........Done.
............

Total: 5 CPRI links (0 OK, 5 OKW, 0 NOK, 0 NT)
.
+--------+                      +----------------------------+
|        | A        O101     D1 |        Radio-S220-1        |
|        |-----------1----------| RRU247924B824B2024B28BM01* |
|        |        OKW-21m       |           BXP_5            |
|        |                      +----------------------------+
|        |                                     |A  |B  |C  |D
|        |                          SE=220* AG=220 FDD=KR15E1
|        |                  FDD=KR15J1 NIOT=KR15N1 NRC=KR15G1
|        |
|        |                      +----------------------------+
|        | B        O101     D1 |        Radio-S221-1        |
|        |-----------2----------| RRU247924B824B2024B28BM01* |
|        |        OKW-21m       |           BXP_2            |
|        |                      +----------------------------+
|        |                                     |A  |B  |C  |D
|        |                          SE=221* AG=221 FDD=KR15E2
|        |                  FDD=KR15J2 NIOT=KR15N2 NRC=KR15G2
|        |
|        |                      +----------------------------+
|        | C        O101     D1 |        Radio-S222-1        |
|        |-----------3----------| RRU247924B824B2024B28BM01* |
|        |        OKW-21m       |           BXP_3            |
|        |                      +----------------------------+
|  BB-1  |                                     |A  |B  |C  |D
| BB6631 |                          SE=222* AG=222 FDD=KR15E3
| 000100 |                  FDD=KR15J3 NIOT=KR15N3 NRC=KR15G3
|        |
|        |                      +------------------+
|        | D        O101     D2 |   Radio-S100-1   |
|        |-----------4----------| RRU449944B144B3C |
|        |        OKW-21m       |      BXP_4       |
|        |                      +------------------+
|        |                           |A  |B  |C  |D
|        |                    SE=100 AG=100  |   |
|        |            FDD=KR15M1 FDD=KR15T1  |   |
|        |                            SE=101 AG=101
|        |                    FDD=KR15M2 FDD=KR15T2
|        |
|        |                      +------------------+
|        | E        O101     D2 |   Radio-S102-1   |
|        |-----------5----------| RRU449944B144B3C |
|        |        OKW-20m       |      BXP_6       |
|        |                      +------------------+
|        |                           |A  |B  |C  |D
|        |                    SE=102 AG=102  |   |
|        |            FDD=KR15M3 FDD=KR15T3  |   |
|        |
+--------+

=====================================================================================================================================
ID RiL    Type Res MO1-MO2                  BOARD1-BOARD2                     AlmIDs Cells (States)                                         Issue (Failed checks)
=====================================================================================================================================
 1 S220-1 O101 OKW BB-1(A) Radio-S220-1(D1) BB6631 RRU247924B824B2024B28BM01* 2,3    FDD=KR15E1 FDD=KR15J1 NIOT=KR15N1 NRC=KR15G1 (D,D,1,D) Conditionally Passed (Non-CPRI active alarm)
 2 S221-1 O101 OKW BB-1(B) Radio-S221-1(D1) BB6631 RRU247924B824B2024B28BM01* 2      FDD=KR15E2 FDD=KR15J2 NIOT=KR15N2 NRC=KR15G2 (D,D,1,1) Conditionally Passed (Non-CPRI active alarm)
 3 S222-1 O101 OKW BB-1(C) Radio-S222-1(D1) BB6631 RRU247924B824B2024B28BM01* 2      FDD=KR15E3 FDD=KR15J3 NIOT=KR15N3 NRC=KR15G3 (D,D,1,1) Conditionally Passed (Non-CPRI active alarm)
 4 S100-1 O101 OKW BB-1(D) Radio-S100-1(D2) BB6631 RRU449944B144B3C           2      FDD=KR15M1 FDD=KR15M2 FDD=KR15T1 FDD=KR15T2 (D,D,D,D)  Conditionally Passed (Non-CPRI active alarm)
 5 S102-1 O101 OKW BB-1(E) Radio-S102-1(D2) BB6631 RRU449944B144B3C           2      FDD=KR15M3 FDD=KR15T3 (D,D)                            Conditionally Passed (Non-CPRI active alarm)
-------------------------------------------------------------------------------------------------------------------------------------

=====================================================================================================================================
AlmID IDs RiLs   Status Alarm
=====================================================================================================================================
2     All All    A      Sync Time and Phase Accuracy Too Low - GNBDUFunction=1,NRSynchronization=1 (Time and phase synchronization accuracy crossed the threshold for some FDD configurations.)
3     1   S220-1 A      VSWR Over Threshold - FieldReplaceableUnit=Radio-S220-1,RfPort=C (ReturnLoss 3.3 dB, VSWR 5.3, Sensitivity 1%, Fault on DL FrequencyRange 758000 - 788000 kHz AI:  P:1328->1405,1406)
-------------------------------------------------------------------------------------------------------------------------------------

Node: RadioNode LN   CXP2010174/2_R27J08 (25.Q1)   G3.1   LTE-FDD,LTE-IoT NR-LB-FDD-ESS-NSA

=====================================================================================================================================
FRU          ;LNH    ;BOARD                      ;ST ;FAULT ;OPER ;MAINT ;STAT ;PRODUCTNUMBER   ;REV     ;SERIAL        ;DATE     ;PMTEMP ; TEMP ; UPT ;VOLT ;SW                   ;
=====================================================================================================================================
BB-1         ;000100 ;BB6631                     ; 1 ;  OFF ;  ON ;  OFF ;  ON ;KDU1370071/11   ;R3C     ;E23E609304    ;20230428 ;3 (OK) ;      ;27.1 ;51   ;                     ;
Radio-S100-1 ;BXP_4  ;RRU449944B144B3C           ; 1 ;  OFF ;  ON ;  OFF ; N/A ;KRC161787/1     ;R2G     ;E55H643787    ;20220820 ;4 (OK) ; 29.5 ;27.1 ;52.7 ;CXP9013268%15_R101LX ; (Radio449944B144B3C)
Radio-S102-1 ;BXP_6  ;RRU449944B144B3C           ; 1 ;  OFF ;  ON ;  OFF ; N/A ;KRC161787/1     ;R2G     ;E55H614517    ;20220818 ;4 (OK) ; 31.5 ;27.1 ;52.8 ;CXP9013268%15_R101LX ; (Radio449944B144B3C)
Radio-S220-1 ;BXP_5  ;RRU247924B824B2024B28BM01* ; 1 ;  OFF ;  ON ;  OFF ; N/A ;KRC161832/1     ;R2F     ;TU8U021ZVZ    ;20230425 ;4 (OK) ; 34.3 ;27.1 ;52.0 ;CXP9013268%15_R101LX ; (Radio247924B824B2024B28BM01)
Radio-S221-1 ;BXP_2  ;RRU247924B824B2024B28BM01* ; 1 ;  OFF ;  ON ;  OFF ; N/A ;KRC161832/1     ;R2F     ;TU8U0218T3    ;20230412 ;4 (OK) ; 34.0 ;27.1 ;52.2 ;CXP9013268%15_R101LX ; (Radio247924B824B2024B28BM01)
Radio-S222-1 ;BXP_3  ;RRU247924B824B2024B28BM01* ; 1 ;  OFF ;  ON ;  OFF ; N/A ;KRC161832/1     ;R2F     ;TU8U021ZVT    ;20230425 ;4 (OK) ; 33.5 ;27.1 ;52.6 ;CXP9013268%15_R101LX ; (Radio247924B824B2024B28BM01)
-------------------------------------------------------------------------------------------------------------------------------------

=====================================================================================================================================
AntennaNearUnit                                          ;ST  ;TYPE   ;PRODUCTNR     ;REV       ;UNIQUEID             ;RfPort
=====================================================================================================================================
AntennaUnitGroup=100,AntennaNearUnit=DTMA_1800_2100      ; 1  ;TMA    ;KRY112227/12  ;R1A       ;ERT405---BU96257001  ;FieldReplaceableUnit=Radio-S100-1,RfPort=R
AntennaUnitGroup=101,AntennaNearUnit=DTMA_1800_2100      ; 1  ;TMA    ;KRY112227/12  ;R1A       ;ERT405---BU96185996  ;FieldReplaceableUnit=Radio-S100-1,RfPort=R
AntennaUnitGroup=102,AntennaNearUnit=DTMA_1800_2100      ; 1  ;TMA    ;KRY112227/12  ;R1A       ;ERT405---BU96256953  ;FieldReplaceableUnit=Radio-S102-1,RfPort=R
AntennaUnitGroup=220,AntennaNearUnit=DTMA_700_800_900_1  ; 1  ;TMA    ;KRY112236/1   ;R1B       ;ERT612---BU96782897  ;FieldReplaceableUnit=Radio-S220-1,RfPort=R
AntennaUnitGroup=220,AntennaNearUnit=DTMA_700_800_900_2  ; 1  ;TMA    ;KRY112236/1   ;R1B       ;ERT612---BU96838566  ;FieldReplaceableUnit=Radio-S220-1,RfPort=R
AntennaUnitGroup=220,AntennaNearUnit=RET_1800_2100       ; 1  ;S-RET  ;86010165      ;HW_V_R1C  ;KAD242788687-Y1      ;FieldReplaceableUnit=Radio-S220-1,RfPort=R
AntennaUnitGroup=220,AntennaNearUnit=RET_2600            ; 1  ;S-RET  ;86010165      ;HW_V_R1C  ;KAD242788687-Y2      ;FieldReplaceableUnit=Radio-S220-1,RfPort=R
AntennaUnitGroup=220,AntennaNearUnit=RET_700_800_900_1   ; 1  ;S-RET  ;86010165      ;HW_V_R1C  ;KAD242788687-R1      ;FieldReplaceableUnit=Radio-S220-1,RfPort=R
AntennaUnitGroup=220,AntennaNearUnit=RET_700_800_900_2   ; 1  ;S-RET  ;86010165      ;HW_V_R1C  ;KAD242788687-R2      ;FieldReplaceableUnit=Radio-S220-1,RfPort=R
AntennaUnitGroup=221,AntennaNearUnit=DTMA_700_800_900_1  ; 1  ;TMA    ;KRY112236/1   ;R1B       ;ERT612---BU96782779  ;FieldReplaceableUnit=Radio-S221-1,RfPort=R
AntennaUnitGroup=221,AntennaNearUnit=DTMA_700_800_900_2  ; 1  ;TMA    ;KRY112236/1   ;R1B       ;ERT612---BU96838739  ;FieldReplaceableUnit=Radio-S221-1,RfPort=R
AntennaUnitGroup=221,AntennaNearUnit=RET_1800_2100       ; 1  ;S-RET  ;86010165      ;HW_V_R1C  ;KAD242788685-Y1      ;FieldReplaceableUnit=Radio-S221-1,RfPort=R
AntennaUnitGroup=221,AntennaNearUnit=RET_2600            ; 1  ;S-RET  ;86010165      ;HW_V_R1C  ;KAD242788685-Y2      ;FieldReplaceableUnit=Radio-S221-1,RfPort=R
AntennaUnitGroup=221,AntennaNearUnit=RET_700_800_900_1   ; 1  ;S-RET  ;86010165      ;HW_V_R1C  ;KAD242788685-R1      ;FieldReplaceableUnit=Radio-S221-1,RfPort=R
AntennaUnitGroup=221,AntennaNearUnit=RET_700_800_900_2   ; 1  ;S-RET  ;86010165      ;HW_V_R1C  ;KAD242788685-R2      ;FieldReplaceableUnit=Radio-S221-1,RfPort=R
AntennaUnitGroup=222,AntennaNearUnit=DTMA_700_800_900_1  ; 1  ;TMA    ;KRY112236/1   ;R1B       ;ERT612---BU96782894  ;FieldReplaceableUnit=Radio-S222-1,RfPort=R
AntennaUnitGroup=222,AntennaNearUnit=DTMA_700_800_900_2  ; 1  ;TMA    ;KRY112236/1   ;R1B       ;ERT612---BU96838755  ;FieldReplaceableUnit=Radio-S222-1,RfPort=R
AntennaUnitGroup=222,AntennaNearUnit=RET_1800_2100       ; 1  ;S-RET  ;86010165      ;HW_V_R1C  ;KAD242788485-Y1      ;FieldReplaceableUnit=Radio-S222-1,RfPort=R
AntennaUnitGroup=222,AntennaNearUnit=RET_2600            ; 1  ;S-RET  ;86010165      ;HW_V_R1C  ;KAD242788485-Y2      ;FieldReplaceableUnit=Radio-S222-1,RfPort=R
AntennaUnitGroup=222,AntennaNearUnit=RET_700_800_900_1   ; 1  ;S-RET  ;86010165      ;HW_V_R1C  ;KAD242788485-R1      ;FieldReplaceableUnit=Radio-S222-1,RfPort=R
AntennaUnitGroup=222,AntennaNearUnit=RET_700_800_900_2   ; 1  ;S-RET  ;86010165      ;HW_V_R1C  ;KAD242788485-R2      ;FieldReplaceableUnit=Radio-S222-1,RfPort=R
-------------------------------------------------------------------------------------------------------------------------------------

=====================================================================================================================================
XPBOARD  ;ST ;FAULT ;OPER ;PRODUCTNUMBER ;REV ;SERIAL/NAME ;DATE     ; TEMP ;MO
=====================================================================================================================================
FAN08    ; 1 ;N/A   ;N/A  ;BKV106236/1   ;R2F ;DD111P3896  ;20220306 ; 41.0 ;SupportUnit=1 (FAN  BB-1)
-------------------------------------------------------------------------------------------------------------------------------------

=====================================================================================================================================
ID ;T ;RiL    ;BPBP ;BOARD1                     ;LNH1 ;PORT ;R ;LINK ;RATE  ; BER ;BOARD2                     ;LNH2 ;PORT ;R ;LINK ;RATE  ; BER ;LENGTH ;MO1 - MO2
=====================================================================================================================================
 1 ;O ;S220-1 ;1111 ;BB6631                     ;000100 ; 1 ;M ;Up   ;10.1G ;   0 ;RRU247924B824B2024B28BM01* ;BXP_5  ; 0 ;S ;Up   ;10.1G ;   0 ;   21m ;Fru=BB-1(A) Fru=Radio-S220-1(D1)
 2 ;O ;S221-1 ;1111 ;BB6631                     ;000100 ; 2 ;M ;Up   ;10.1G ;   0 ;RRU247924B824B2024B28BM01* ;BXP_2  ; 0 ;S ;Up   ;10.1G ;   0 ;   21m ;Fru=BB-1(B) Fru=Radio-S221-1(D1)
 3 ;O ;S222-1 ;1111 ;BB6631                     ;000100 ; 3 ;M ;Up   ;10.1G ;   0 ;RRU247924B824B2024B28BM01* ;BXP_3  ; 0 ;S ;Up   ;10.1G ;   0 ;   21m ;Fru=BB-1(C) Fru=Radio-S222-1(D1)
 4 ;O ;S100-1 ;1111 ;BB6631                     ;000100 ; 4 ;M ;Up   ;10.1G ;   0 ;RRU449944B144B3C           ;BXP_4  ; 1 ;S ;Up   ;10.1G ;   0 ;   21m ;Fru=BB-1(D) Fru=Radio-S100-1(D2)
 5 ;O ;S102-1 ;1111 ;BB6631                     ;000100 ; 5 ;M ;Up   ;10.1G ;   0 ;RRU449944B144B3C           ;BXP_6  ; 1 ;S ;Up   ;10.1G ;   0 ;   20m ;Fru=BB-1(E) Fru=Radio-S102-1(D2)
-------------------------------------------------------------------------------------------------------------------------------------

=====================================================================================================================================
ID ;LINK ;RiL    ;VENDOR1  ;VENDORPROD1     ;REV1 ;SERIAL1        ;DATE1    ;ERICSSONPROD1      ;VENDOR2  ;VENDORPROD2     ;REV2 ;SERIAL2        ;DATE2    ;ERICSSONPROD2      ;TT ;WL1     ;WL2    
=====================================================================================================================================
 1 ;Up   ;S220-1 ;ERICSSON ;SPP10ELRIDFSEN  ;10   ;CT72787785     ;20220707 ;RDH10265/2 R1A     ;ERICSSON ;SPP10ELRIDFSEN  ;10   ;CT72788889     ;20220707 ;RDH10265/2 R1A     ;0  ;1310.00 ;1310.00
 2 ;Up   ;S221-1 ;ERICSSON ;SPP10ELRIDFSEN  ;10   ;CT72689343     ;20220616 ;RDH10265/2 R1A     ;ERICSSON ;SPP10ELRIDFSEN  ;10   ;CT72779106     ;20220705 ;RDH10265/2 R1A     ;0  ;1310.00 ;1310.00
 3 ;Up   ;S222-1 ;ERICSSON ;SPP10ELRIDFSEN  ;10   ;CT72787134     ;20220707 ;RDH10265/2 R1A     ;ERICSSON ;SPP10ELRIDFSEN  ;10   ;CT72781561     ;20220705 ;RDH10265/2 R1A     ;0  ;1310.00 ;1310.00
 4 ;Up   ;S100-1 ;ERICSSON ;SPP10ELRIDFSEN  ;10   ;CT72788239     ;20220707 ;RDH10265/2 R1A     ;ERICSSON ;SPP10ELRIDFSEN  ;10   ;CT72775543     ;20220630 ;RDH10265/2 R1A     ;0  ;1310.00 ;1310.00
 5 ;Up   ;S102-1 ;ERICSSON ;SPP10ELRIDFSEN  ;10   ;CT72788202     ;20220707 ;RDH10265/2 R1A     ;ERICSSON ;SPP10ELRIDFSEN  ;10   ;CT72787775     ;20220707 ;RDH10265/2 R1A     ;0  ;1310.00 ;1310.00
-------------------------------------------------------------------------------------------------------------------------------------

=====================================================================================================================================
ID ;LINK ;RiL    ;WL1     ;TEMP1 ;TXbs1 ;TXdBm1 ;RXdBm1 ;BER1   ;WL2     ;TEMP2 ;TXbs2 ;TXdBm2 ;RXdBm2 ;BER2   ;DlLoss ;UlLoss ;LENGTH ;TT
=====================================================================================================================================
 1 ;Up   ;S220-1 ;1310.00 ;44C   ;43%   ;-2.18  ;-4.20  ;   0   ;1310.00 ;37C   ;31%   ;-2.01  ;-2.90  ;   0   ;  0.72 ;  2.19 ;   21m ; 0
 2 ;Up   ;S221-1 ;1310.00 ;43C   ;30%   ;-1.77  ;-2.91  ;   0   ;1310.00 ;34C   ;44%   ;-2.08  ;-3.08  ;   0   ;  1.31 ;  0.83 ;   21m ; 0
 3 ;Up   ;S222-1 ;1310.00 ;43C   ;37%   ;-1.93  ;-2.26  ;   0   ;1310.00 ;29C   ;37%   ;-2.07  ;-1.59  ;   0   ; -0.34 ;  0.19 ;   21m ; 0
 4 ;Up   ;S100-1 ;1310.00 ;43C   ;46%   ;-3.14  ;-2.38  ;   0   ;1310.00 ;34C   ;37%   ;-2.19  ;-2.94  ;   0   ;  -0.2 ;  0.19 ;   21m ; 0
 5 ;Up   ;S102-1 ;1310.00 ;39C   ;37%   ;-2.03  ;-2.10  ;   0   ;1310.00 ;30C   ;44%   ;-2.71  ;-2.49  ;   0   ;  0.46 ; -0.61 ;   20m ; 0
-------------------------------------------------------------------------------------------------------------------------------------

=====================================================================================================================================
ID ;RiL    ;BOARD                      ;SFPLNH  ;PORT ;VENDOR   ;VENDORPROD      ;REV  ;SERIAL         ;DATE     ;ERICSSONPROD       ;WL      ;TEMP  ;TXbs  ;TXdBm  ;RXdBm  ; BER
=====================================================================================================================================
 1 ;S220-1 ;BB6631                     ;000100   ;  1 ;ERICSSON ;SPP10ELRIDFSEN  ;10   ;CT72787785     ;20220707 ;RDH10265/2 R1A     ;1310.00 ;44C   ;43%   ;-2.18  ;-4.20  ;   0
 2 ;S221-1 ;BB6631                     ;000100   ;  2 ;ERICSSON ;SPP10ELRIDFSEN  ;10   ;CT72689343     ;20220616 ;RDH10265/2 R1A     ;1310.00 ;43C   ;30%   ;-1.77  ;-2.91  ;   0
 3 ;S222-1 ;BB6631                     ;000100   ;  3 ;ERICSSON ;SPP10ELRIDFSEN  ;10   ;CT72787134     ;20220707 ;RDH10265/2 R1A     ;1310.00 ;43C   ;37%   ;-1.93  ;-2.26  ;   0
 4 ;S100-1 ;BB6631                     ;000100   ;  4 ;ERICSSON ;SPP10ELRIDFSEN  ;10   ;CT72788239     ;20220707 ;RDH10265/2 R1A     ;1310.00 ;43C   ;46%   ;-3.14  ;-2.38  ;   0
 5 ;S102-1 ;BB6631                     ;000100   ;  5 ;ERICSSON ;SPP10ELRIDFSEN  ;10   ;CT72788202     ;20220707 ;RDH10265/2 R1A     ;1310.00 ;39C   ;37%   ;-2.03  ;-2.10  ;   0
 2 ;S221-1 ;RRU247924B824B2024B28BM01* ;BXP_2    ;  0 ;ERICSSON ;SPP10ELRIDFSEN  ;10   ;CT72779106     ;20220705 ;RDH10265/2 R1A     ;1310.00 ;34C   ;44%   ;-2.08  ;-3.08  ;   0
 3 ;S222-1 ;RRU247924B824B2024B28BM01* ;BXP_3    ;  0 ;ERICSSON ;SPP10ELRIDFSEN  ;10   ;CT72781561     ;20220705 ;RDH10265/2 R1A     ;1310.00 ;29C   ;37%   ;-2.07  ;-1.59  ;   0
 4 ;S100-1 ;RRU449944B144B3C           ;BXP_4    ;  1 ;ERICSSON ;SPP10ELRIDFSEN  ;10   ;CT72775543     ;20220630 ;RDH10265/2 R1A     ;1310.00 ;34C   ;37%   ;-2.19  ;-2.94  ;   0
 1 ;S220-1 ;RRU247924B824B2024B28BM01* ;BXP_5    ;  0 ;ERICSSON ;SPP10ELRIDFSEN  ;10   ;CT72788889     ;20220707 ;RDH10265/2 R1A     ;1310.00 ;37C   ;31%   ;-2.01  ;-2.90  ;   0
 5 ;S102-1 ;RRU449944B144B3C           ;BXP_6    ;  1 ;ERICSSON ;SPP10ELRIDFSEN  ;10   ;CT72787775     ;20220707 ;RDH10265/2 R1A     ;1310.00 ;30C   ;44%   ;-2.71  ;-2.49  ;   0
-------------------------------------------------------------------------------------------------------------------------------------
TN ;       ;BB6631                     ;000100   ; IB ;ERICSSON ;RTXM228-402-C23 ;1.0  ;HN222400021677 ;20220607 ;RDH10265/3 R1A     ;1310    ;41C   ;30%   ;-1.71  ;-6.99  ; 0/0
TN ;       ;BB6631                     ;000100   ;IA2 ;ERICSSON ;42020201934     ;A0   ;202301200968   ;20230101 ;RPM777053/1000 R1B ;NA      ;NA    ;NA    ;NA     ;NA     ; 0/0
-------------------------------------------------------------------------------------------------------------------------------------

=====================================================================================================================================
BOARD  ;LNH    ;PORT       ;T ;S ;OpMode   ;AutoNeg ;MacAddress        ;VlanIds        ;LOS ;BER
=====================================================================================================================================
BB6631 ;000100 ;TN_IDL_A_1 ;E ;1 ;10G_FULL ;false   ;58:70:7F:D2:2A:1C ;3901,3908,3910 ;0   ;0/0
BB6631 ;000100 ;TN_IDL_A_2 ;O ;1 ;10G_FULL ;false   ;58:70:7F:D2:2A:1D ;3908           ;0   ;0/0
BB6631 ;000100 ;TN_IDL_B   ;O ;1 ;1G_FULL  ;true    ;58:70:7F:D2:2A:20 ;3901,3908,3910 ;0   ;0/0
-------------------------------------------------------------------------------------------------------------------------------------

radioClockState : FREQUENCY_LOCKED
-------------------------------------------------------------------------------------
Prio  ;ST  ;syncRefType    ;refStatus  ;opQualLevel  ;SyncReference
-------------------------------------------------------------------------------------
   1  ; 0  ;PTP_TIME       ;PTP_FAULT  ;PRC          ;Ptp=1,BoundaryOrdinaryClock=PTP (G_8275_1 EthernetPort=TN_IDL_B:SLAVE EthernetPort=TN_IDL_A_1:MASTER)
  *2  ; 1  ;NTP_FREQUENCY  ;NO_FAULT   ;PRC          ;Ntp=1,NtpFrequencySync=NTP1 (10.31.0.54:32751 Router=45G_Traffic,InterfaceIPv4=LTE,AddressIPv4=LTE)
-------------------------------------------------------------------------------------
-------------------------------------------------------------------------------------
Prio  ;ST  ;assistRefStatus  ;recQualLevel  ;AssistingReference
-------------------------------------------------------------------------------------
   1  ; 0  ;UNKNOWN          ;PRC           ;Synchronization=1,SyncEthInput=SyncE (SFP_OPTICAL EthernetPort=TN_IDL_B)
-------------------------------------------------------------------------------------
nodeGroupRole   : SYNC_PROVIDER (syncNodePriority=1, selectionMode=NODE_PRIORITY)
-------------------------------------------------------------------------------------
DU  ;Port  ;sharedUnitRef (RiPortA - RiPortB)  ;remoteNodePriority  ;CandidateStatus
-------------------------------------------------------------------------------------
1   ;A     ;Fru=Radio-S220-1 (1 - 2)           ;3                   ;OK_NOT_ACTIVE
1   ;C     ;Fru=Radio-S222-1 (1 - 2)           ;3                   ;OK_NOT_ACTIVE
1   ;B     ;Fru=Radio-S221-1 (1 - 2)           ;3                   ;OK_NOT_ACTIVE
-------------------------------------------------------------------------------------

=====================================================================================================================================
FRU          ;LNH    ;BOARD                      ;RF  ;BP  ;TX (W/dBm)  ;VSWR (RL)   ;RX (dBm) ;UEs/gUEs  ;Sector/AntennaGroup/Cells (State:CellIds:PCIs)
=====================================================================================================================================
Radio-S100-1 ;BXP_4  ;RRU449944B144B3C           ; A  ;11  ;46.4 (46.7) ;1.21 (20.3) ;-94.9    ;13/-      ;SE=100 AG=100 FDD=KR15M1 FDD=KR15T1 (D:31:278, D:41:443)
Radio-S100-1 ;BXP_4  ;RRU449944B144B3C           ; B  ;11  ;-           ;1.23 (19.8) ;-95.3    ;13/-      ;SE=100 AG=100 FDD=KR15M1 FDD=KR15T1 (D:31:278, D:41:443)
Radio-S100-1 ;BXP_4  ;RRU449944B144B3C           ; C  ;11  ;40.4 (46.1) ;1.15 (23.0) ;-95.8    ;7/-       ;SE=101 AG=101 FDD=KR15M2 FDD=KR15T2 (D:32:27, D:42:149)
Radio-S100-1 ;BXP_4  ;RRU449944B144B3C           ; D  ;11  ;-           ;1.11 (25.7) ;-95.8    ;7/-       ;SE=101 AG=101 FDD=KR15M2 FDD=KR15T2 (D:32:27, D:42:149)
Radio-S102-1 ;BXP_6  ;RRU449944B144B3C           ; A  ;11  ;35.5 (45.5) ;1.12 (24.7) ;-93.4    ;27/-      ;SE=102 AG=102 FDD=KR15M3 FDD=KR15T3 (D:33:166, D:43:441)
Radio-S102-1 ;BXP_6  ;RRU449944B144B3C           ; B  ;11  ;10.5 (40.2) ;1.08 (28.1) ;-93.3    ;27/-      ;SE=102 AG=102 FDD=KR15M3 FDD=KR15T3 (D:33:166, D:43:441)
Radio-S102-1 ;BXP_6  ;RRU449944B144B3C           ; C  ;11  ;-           ;-           ;         ;          ;
Radio-S102-1 ;BXP_6  ;RRU449944B144B3C           ; D  ;11  ;-           ;-           ;         ;          ;
Radio-S220-1 ;BXP_5  ;RRU247924B824B2024B28BM01* ; A  ;11  ;20.4 (43.1) ;1.22 (20.1) ;-91.1    ;3/3       ;SE=220* AG=220 FDD=KR15E1 FDD=KR15J1 NIOT=KR15N1 NRC=KR15G1 (D:61:447, D:71:390, 1:161:447, D:561:9)
Radio-S220-1 ;BXP_5  ;RRU247924B824B2024B28BM01* ; B  ;11  ;10.9 (40.4) ;1.39 (15.7) ;-91.8    ;3/3       ;SE=220* AG=220 FDD=KR15E1 FDD=KR15J1 NIOT=KR15N1 NRC=KR15G1 (D:61:447, D:71:390, 1:161:447, D:561:9)
Radio-S220-1 ;BXP_5  ;RRU247924B824B2024B28BM01* ; C  ;1D  ;3.1 (34.9)  ;6.26 (2.8)  ;-100.1   ;3/3       ;SE=220* AG=220 FDD=KR15E1 FDD=KR15J1 NIOT=KR15N1 NRC=KR15G1 (D:61:447, D:71:390, 1:161:447, D:561:9)
Radio-S220-1 ;BXP_5  ;RRU247924B824B2024B28BM01* ; D  ;11  ;8.7 (39.4)  ;1.13 (24.3) ;-97.2    ;3/3       ;SE=220* AG=220 FDD=KR15E1 FDD=KR15J1 NIOT=KR15N1 NRC=KR15G1 (D:61:447, D:71:390, 1:161:447, D:561:9)
Radio-S221-1 ;BXP_2  ;RRU247924B824B2024B28BM01* ; A  ;11  ;20.4 (43.1) ;1.31 (17.5) ;-83.2    ;1/3       ;SE=221* AG=221 FDD=KR15E2 FDD=KR15J2 NIOT=KR15N2 NRC=KR15G2 (D:62:419, D:72:408, 1:162:419, 1:562:11)
Radio-S221-1 ;BXP_2  ;RRU247924B824B2024B28BM01* ; B  ;11  ;11.4 (40.6) ;1.30 (17.8) ;-86.6    ;1/3       ;SE=221* AG=221 FDD=KR15E2 FDD=KR15J2 NIOT=KR15N2 NRC=KR15G2 (D:62:419, D:72:408, 1:162:419, 1:562:11)
Radio-S221-1 ;BXP_2  ;RRU247924B824B2024B28BM01* ; C  ;11  ;7.4 (38.7)  ;1.24 (19.5) ;-97.2    ;1/3       ;SE=221* AG=221 FDD=KR15E2 FDD=KR15J2 NIOT=KR15N2 NRC=KR15G2 (D:62:419, D:72:408, 1:162:419, 1:562:11)
Radio-S221-1 ;BXP_2  ;RRU247924B824B2024B28BM01* ; D  ;11  ;7.4 (38.7)  ;1.24 (19.5) ;-98.1    ;1/3       ;SE=221* AG=221 FDD=KR15E2 FDD=KR15J2 NIOT=KR15N2 NRC=KR15G2 (D:62:419, D:72:408, 1:162:419, 1:562:11)
Radio-S222-1 ;BXP_3  ;RRU247924B824B2024B28BM01* ; A  ;11  ;21.7 (43.4) ;1.31 (17.5) ;-81.9    ;3/2       ;SE=222* AG=222 FDD=KR15E3 FDD=KR15J3 NIOT=KR15N3 NRC=KR15G3 (D:63:148, D:73:189, 1:163:148, 1:563:994)
Radio-S222-1 ;BXP_3  ;RRU247924B824B2024B28BM01* ; B  ;11  ;24.4 (43.9) ;1.18 (21.7) ;-75.5    ;3/2       ;SE=222* AG=222 FDD=KR15E3 FDD=KR15J3 NIOT=KR15N3 NRC=KR15G3 (D:63:148, D:73:189, 1:163:148, 1:563:994)
Radio-S222-1 ;BXP_3  ;RRU247924B824B2024B28BM01* ; C  ;11  ;8.3 (39.2)  ;1.19 (21.1) ;-92.2    ;3/2       ;SE=222* AG=222 FDD=KR15E3 FDD=KR15J3 NIOT=KR15N3 NRC=KR15G3 (D:63:148, D:73:189, 1:163:148, 1:563:994)
Radio-S222-1 ;BXP_3  ;RRU247924B824B2024B28BM01* ; D  ;11  ;8.5 (39.3)  ;1.17 (22.1) ;-93.6    ;3/2       ;SE=222* AG=222 FDD=KR15E3 FDD=KR15J3 NIOT=KR15N3 NRC=KR15G3 (D:63:148, D:73:189, 1:163:148, 1:563:994)
-------------------------------------------------------------------------------------------------------------------------------------

KR15T> mfar

251125-13:11:05+0100 19.31.11.192 25.0h MSRBS_NODE_MODEL_25.Q1_693.28324.131_62ac stopfile=/tmp/2450479
.............
Last MO: 20816. Loaded 20816 MOs. Total: 20817 MOs.
.......................................................
get /rop/A20251125.1030-1045_KR15T.xml.gz /ericsson/log/amos/moshell_logfiles/t20251125_37258710_65084/logs_moshell/pmfiles/19.31.11.192/rop/A20251125.1030-1045_KR15T.xml.gz ... OK
get /rop/A20251125.1045-1100_KR15T.xml.gz /ericsson/log/amos/moshell_logfiles/t20251125_37258710_65084/logs_moshell/pmfiles/19.31.11.192/rop/A20251125.1045-1100_KR15T.xml.gz ... OK
get /rop/A20251125.1100-1115_KR15T.xml.gz /ericsson/log/amos/moshell_logfiles/t20251125_37258710_65084/logs_moshell/pmfiles/19.31.11.192/rop/A20251125.1100-1115_KR15T.xml.gz ... OK

Using hardcoded thresholds: 3, 4.5, and 16.5
================================================================================================================================
SC     SE  Tx/Rx BrPair  RfPort1 - RfPort2               HW       Serial      Cell (State)   Samples   Med  Mean  SDev Pol Res Issue
================================================================================================================================
KR15E1 220   2/4 0 (1,2) Radio-S220-1(A) Radio-S220-1(B) RRU2479  TU8U021ZVZ  FDD=KR15E1 (1)    5076   0.5   0.0   7.0  NA  OK Passed
KR15E1 220   2/4 1 (2,3) Radio-S220-1(B) Radio-S220-1(C) RRU2479  TU8U021ZVZ  FDD=KR15E1 (1)    5076  -2.5  -2.2   7.2  NA  OK Passed
KR15E1 220   2/4 2 (3,4) Radio-S220-1(C) Radio-S220-1(D) RRU2479  TU8U021ZVZ  FDD=KR15E1 (1)    5076   1.5   1.4   7.0  NA  OK Passed
KR15E2 221   2/4 0 (1,2) Radio-S221-1(A) Radio-S221-1(B) RRU2479  TU8U0218T3  FDD=KR15E2 (1)   12887   0.5   0.2   5.5  NA  OK Passed
KR15E2 221   2/4 1 (2,3) Radio-S221-1(B) Radio-S221-1(C) RRU2479  TU8U0218T3  FDD=KR15E2 (1)   12887   0.5   0.6   5.8  NA  OK Passed
KR15E2 221   2/4 2 (3,4) Radio-S221-1(C) Radio-S221-1(D) RRU2479  TU8U0218T3  FDD=KR15E2 (1)   12887  -0.5  -0.3   5.7  NA  OK Passed
KR15E3 222   2/4 0 (1,2) Radio-S222-1(A) Radio-S222-1(B) RRU2479  TU8U021ZVT  FDD=KR15E3 (1)   39271   0.5   0.1   6.2  NA  OK Passed
KR15E3 222   2/4 1 (2,3) Radio-S222-1(B) Radio-S222-1(C) RRU2479  TU8U021ZVT  FDD=KR15E3 (1)   39271  -0.5   0.1   6.5  NA  OK Passed
KR15E3 222   2/4 2 (3,4) Radio-S222-1(C) Radio-S222-1(D) RRU2479  TU8U021ZVT  FDD=KR15E3 (1)   39271  -0.5  -0.2   6.4  NA  OK Passed
KR15J1 220   2/4 0 (1,2) Radio-S220-1(A) Radio-S220-1(B) RRU2479  TU8U021ZVZ  FDD=KR15J1 (1)     676  -3.5  -3.3   2.2  NA  NT Not enough data
KR15J1 220   2/4 1 (2,3) Radio-S220-1(B) Radio-S220-1(C) RRU2479  TU8U021ZVZ  FDD=KR15J1 (1)     676   2.5   2.2   2.2  NA  NT Not enough data
KR15J1 220   2/4 2 (3,4) Radio-S220-1(C) Radio-S220-1(D) RRU2479  TU8U021ZVZ  FDD=KR15J1 (1)     676  -3.5  -3.2   3.0  NA  NT Not enough data
KR15J2 221   2/4 0 (1,2) Radio-S221-1(A) Radio-S221-1(B) RRU2479  TU8U0218T3  FDD=KR15J2 (1)    1197  -2.5  -2.4   5.0  NA  NT Not enough data
KR15J2 221   2/4 1 (2,3) Radio-S221-1(B) Radio-S221-1(C) RRU2479  TU8U0218T3  FDD=KR15J2 (1)    1197   2.5   2.3   5.3  NA  NT Not enough data
KR15J2 221   2/4 2 (3,4) Radio-S221-1(C) Radio-S221-1(D) RRU2479  TU8U0218T3  FDD=KR15J2 (1)    1197  -1.5  -1.5   5.4  NA  NT Not enough data
KR15J3 222   2/4 0 (1,2) Radio-S222-1(A) Radio-S222-1(B) RRU2479  TU8U021ZVT  FDD=KR15J3 (1)    6645  -5.5  -5.2   6.3  NA NOK RF Loss or PIM at Radio-S222-1(B)
KR15J3 222   2/4 1 (2,3) Radio-S222-1(B) Radio-S222-1(C) RRU2479  TU8U021ZVT  FDD=KR15J3 (1)    6645   6.5   5.5   7.1  NA NOK RF Loss or PIM at Radio-S222-1(B)
KR15J3 222   2/4 2 (3,4) Radio-S222-1(C) Radio-S222-1(D) RRU2479  TU8U021ZVT  FDD=KR15J3 (1)    6645  -5.5  -5.2   6.8  NA NOK RF Loss or PIM at Radio-S222-1(D)
KR15M1 100   2/2 0 (1,2) Radio-S100-1(A) Radio-S100-1(B) RRU4499  E55H643787  FDD=KR15M1 (1)   20432   0.5   0.6   6.6  NA  OK Passed
KR15M2 101   2/2 0 (1,2) Radio-S100-1(C) Radio-S100-1(D) RRU4499  E55H643787  FDD=KR15M2 (1)   17730   1.5   1.7   4.3  NA  OK Passed
KR15M3 102   2/2 0 (1,2) Radio-S102-1(A) Radio-S102-1(B) RRU4499  E55H614517  FDD=KR15M3 (1)   29361  -0.5  -0.8   7.3  NA  OK Passed
KR15T1 100   2/2 0 (1,2) Radio-S100-1(A) Radio-S100-1(B) RRU4499  E55H643787  FDD=KR15T1 (1)   34868   0.5   0.7   6.6  NA  OK Passed
KR15T2 101   2/2 0 (1,2) Radio-S100-1(C) Radio-S100-1(D) RRU4499  E55H643787  FDD=KR15T2 (1)   24192   1.5   1.0   6.8  NA  OK Passed
KR15T3 102   2/2 0 (1,2) Radio-S102-1(A) Radio-S102-1(B) RRU4499  E55H614517  FDD=KR15T3 (1)  130091  -0.5  -0.4   6.2  NA  OK Passed
================================================================================================================================
Total: 12 SectorCarriers, 24 RfBranch Pairs (15 OK, 0 OKW, 3 NOK, 6 NT)
..............
Last MO: 20816. Loaded 20816 MOs. Total: 20817 MOs.
.....................................

Using hardcoded thresholds: 3, 4.5, and 16.5
================================================================================================================================
SC     SE  Tx/Rx BrPair  RfPort1 - RfPort2               HW       Serial      Cell (State)  Samples   Med  Mean  SDev Pol Res Issue
================================================================================================================================
KR15G1 220   2/4 0 (1,2) Radio-S220-1(A) Radio-S220-1(B) RRU2479  TU8U021ZVZ  DU=KR15G1 (1)  108466   0.5   0.9   7.2  NA  OK Passed
KR15G1 220   2/4 1 (2,3) Radio-S220-1(B) Radio-S220-1(C) RRU2479  TU8U021ZVZ  DU=KR15G1 (1)  108466  -0.5  -1.4   7.2  NA  OK Passed
KR15G1 220   2/4 2 (3,4) Radio-S220-1(C) Radio-S220-1(D) RRU2479  TU8U021ZVZ  DU=KR15G1 (1)  108466   0.5   1.0   7.2  NA  OK Passed
KR15G2 221   2/4 0 (1,2) Radio-S221-1(A) Radio-S221-1(B) RRU2479  TU8U0218T3  DU=KR15G2 (1)   49757  -4.5  -4.0   8.3  NA OKW Possible RF Loss or PIM at Radio-S221-1(B)
KR15G2 221   2/4 1 (2,3) Radio-S221-1(B) Radio-S221-1(C) RRU2479  TU8U0218T3  DU=KR15G2 (1)   49759   4.5   4.1   8.5  NA OKW Possible RF Loss or PIM at Radio-S221-1(B)
KR15G2 221   2/4 2 (3,4) Radio-S221-1(C) Radio-S221-1(D) RRU2479  TU8U0218T3  DU=KR15G2 (1)   49760  -3.5  -2.4   7.7  NA  OK Passed
KR15G3 222   2/4 0 (1,2) Radio-S222-1(A) Radio-S222-1(B) RRU2479  TU8U021ZVT  DU=KR15G3 (1)  108718  -0.5  -0.0   7.0  NA  OK Passed
KR15G3 222   2/4 1 (2,3) Radio-S222-1(B) Radio-S222-1(C) RRU2479  TU8U021ZVT  DU=KR15G3 (1)  108718  -0.5  -0.4   7.4  NA  OK Passed
KR15G3 222   2/4 2 (3,4) Radio-S222-1(C) Radio-S222-1(D) RRU2479  TU8U021ZVT  DU=KR15G3 (1)  108719   0.5   0.4   7.1  NA  OK Passed
================================================================================================================================
Total: 3 NRSectorCarriers, 9 RfBranch Pairs (7 OK, 2 OKW, 0 NOK, 0 NT)

KR15T> mfitr

251125-13:11:37+0100 19.31.11.192 25.0h MSRBS_NODE_MODEL_25.Q1_693.28324.131_62ac stopfile=/tmp/2450479
......................
Last MO: 20816. Loaded 20816 MOs. Total: 20817 MOs.
..................
2025-11-25 13:12
================================================================================================================================
CELL       SC     FRU          BOARD                     PUSCH  PUCCH       A      B      C      D  DELTA
================================================================================================================================
FDD=KR15E1 KR15E1 Radio-S220-1 RRU247924B824B2024B28BM01 -119.1 -117.6 -119.4 -118.9 -124.2 -119.7    5.3
FDD=KR15E2 KR15E2 Radio-S221-1 RRU247924B824B2024B28BM01 -118.7 -117.3 -117.2 -117.4 -116.5 -117.5      1
FDD=KR15E3 KR15E3 Radio-S222-1 RRU247924B824B2024B28BM01 -114.9 -111.5 -115.8 -115.0 -115.7 -114.9    0.9
FDD=KR15J1 KR15J1 Radio-S220-1 RRU247924B824B2024B28BM01 -117.7 -120.2 -115.2 -116.5 -119.0 -116.1    3.8
FDD=KR15J2 KR15J2 Radio-S221-1 RRU247924B824B2024B28BM01 -117.4 -120.1 -117.2 -117.8 -117.8 -119.5    2.3
FDD=KR15J3 KR15J3 Radio-S222-1 RRU247924B824B2024B28BM01 -118.7 -118.8 -118.3 -119.1 -118.6 -118.6    0.8
FDD=KR15M1 KR15M1 Radio-S100-1 RRU449944B144B3C          -118.9 -119.1 -119.8 -119.6                  0.2
FDD=KR15M2 KR15M2 Radio-S100-1 RRU449944B144B3C          -117.8 -118.3               -119.4 -119.0    0.4
FDD=KR15M3 KR15M3 Radio-S102-1 RRU449944B144B3C          -117.3 -118.2 -118.9 -118.5                  0.4
FDD=KR15T1 KR15T1 Radio-S100-1 RRU449944B144B3C          -115.0 -116.8 -118.4 -118.5                  0.1
FDD=KR15T2 KR15T2 Radio-S100-1 RRU449944B144B3C          -117.2 -116.9               -118.1 -117.9    0.2
FDD=KR15T3 KR15T3 Radio-S102-1 RRU449944B144B3C          -116.9 -117.4 -117.6 -117.8                  0.2
================================================================================================================================
Bye...
Output has been logged to file /mta_fs/UserFiles/37258710/amosbatch/SDIR/KR15T.log
