Logging to file /mta_fs/UserFiles/37258710/amosbatch/SDIR/KS01L.log
                        __  __  ____   _____
                  /\   |  \/  |/ __ \ / ____|
                 /  \  | \  / | |  | | (___  
                / /\ \ | |\/| | |  | |\___ \ 
               / ____ \| |  | | |__| |____) |
              /_/    \_\_|  |_|\____/|_____/
              OSS Framework for MoShell-25.0h 
  Copyright (c) Ericsson AB 2001-2025 - All Rights Reserved
              
           
[1;31mWARNING: [0mthe AMOS version currently running is more than 29 weeks old and is unsupported.
Please upgrade as soon as possible to the latest released version, available from your local Ericsson support.

$amosrb_pid = 2340370

Checking ip contact...OK

HELP MENU            : h
BASIC MO COMMANDS    : m
OTHER MO COMMANDS    : n
OTHER COMMANDS       : o
PM COMMANDS          : p
QUIT                 : q

KS01L> lt all

251125-12:33:01+0100 19.31.7.213 25.0h  stopfile=/tmp/2340310
Looking up temporary_amos account... OK.
Trying temporary_amos_t20251125_37258710_65084_131's password from amos lookupAccount ... OK

$ssh_pid = 2340811

Connected to 19.31.7.213 (SubNetwork=BBMM_rckomc_R,MeContext=KS01L,ManagedElement=KS01L)

Checking MOM version...MSRBS_NODE_MODEL_25.Q1_693.28324.131_62ac
Parsing MOM (cached): /ericsson/log/amos/moshell_logfiles/t20251125_37258710_65084/logs_moshell/tempfiles/scp-4-amos_20251125-123254_2340254/MSRBS_NODE_MODEL_25.Q1_693.28324.131_62ac.xml.cache.gz ..................................................................................................................................................................................................................................Done.
Using paramfile /opt/ericsson/amos/moshell/commonjars/pm/PARAM_MSRBS_25.Q1.txt
Parsing file /opt/ericsson/amos/moshell/commonjars/pm/PARAM_MSRBS_25.Q1.txt .......................................................................................Done.
Using imomdfile /opt/ericsson/amos/moshell/commonjars/pm/IMOMD_MSRBS_22.Q4.txt
Using imomfile /opt/ericsson/amos/moshell/commonjars/pm/IMOM_MSRBS_25.Q1.txt
Connected to 19.31.7.213 (SubNetwork=BBMM_rckomc_R,MeContext=KS01L,ManagedElement=KS01L)

Last MO: 16963. Loaded 16963 MOs. Total: 16964 MOs.

KS01L> st cell

251125-12:33:14+0100 19.31.7.213 25.0h MSRBS_NODE_MODEL_25.Q1_693.28324.131_62ac stopfile=/tmp/2340310
===================================================================================
Proxy  Adm State     Op. State     MO
===================================================================================
   57  1 (UNLOCKED)  1 (ENABLED)   ENodeBFunction=1,EUtranCellFDD=KS01L1
  148  1 (UNLOCKED)  1 (ENABLED)   ENodeBFunction=1,EUtranCellFDD=KS01L2
  253  1 (UNLOCKED)  1 (ENABLED)   ENodeBFunction=1,EUtranCellFDD=KS01L3
===================================================================================
Total: 3 MOs

KS01L> st radio

251125-12:33:14+0100 19.31.7.213 25.0h MSRBS_NODE_MODEL_25.Q1_693.28324.131_62ac stopfile=/tmp/2340310
===================================================================================
Proxy  Adm State     Op. State     MO
===================================================================================
 1152  1 (UNLOCKED)  1 (ENABLED)   Equipment=1,FieldReplaceableUnit=Radio-S180-1
 1167  1 (UNLOCKED)  1 (ENABLED)   Equipment=1,FieldReplaceableUnit=Radio-S182-1
 1182  1 (UNLOCKED)  1 (ENABLED)   Equipment=1,FieldReplaceableUnit=Radio-S220-1
 1209  1 (UNLOCKED)  1 (ENABLED)   Equipment=1,FieldReplaceableUnit=Radio-S221-1
 1236  1 (UNLOCKED)  1 (ENABLED)   Equipment=1,FieldReplaceableUnit=Radio-S222-1
16957  1 (UNLOCKED)  1 (ENABLED)   Transport=1,Synchronization=1,RadioEquipmentClock=1,RadioEquipmentClockReference=PTP8275_2
16958  1 (UNLOCKED)  1 (ENABLED)   Transport=1,Synchronization=1,RadioEquipmentClock=1,RadioEquipmentClockReference=SyncE
===================================================================================
Total: 7 MOs

KS01L> sdir

251125-12:33:14+0100 19.31.7.213 25.0h MSRBS_NODE_MODEL_25.Q1_693.28324.131_62ac stopfile=/tmp/2340310
INFO: Using amos lookupAccount credentials for the export login
...............................
get /rop/A20251125.1045-1100_KS01L.xml.gz /ericsson/log/amos/moshell_logfiles/t20251125_37258710_65084/logs_moshell/pmfiles/19.31.7.213/rop/A20251125.1045-1100_KS01L.xml.gz ... OK
get /rop/A20251125.1100-1115_KS01L.xml.gz /ericsson/log/amos/moshell_logfiles/t20251125_37258710_65084/logs_moshell/pmfiles/19.31.7.213/rop/A20251125.1100-1115_KS01L.xml.gz ... OK
get /rop/A20251125.1115-1130_KS01L.xml.gz /ericsson/log/amos/moshell_logfiles/t20251125_37258710_65084/logs_moshell/pmfiles/19.31.7.213/rop/A20251125.1115-1130_KS01L.xml.gz ... OK
....Checking available boards on node...

Collecting RCS board data ...
........................................................................................................................
.............................
................................................................................................................................................................................................................................................................................................................
...........
Collecting TN data...
...........................................................................................................................
Getting MO data from node (52 MOs). Please wait...
0%                                             ~50%                                           ~100%
...............................................................................................................................
Collecting RF data...
....
Collecting Alarms...
Executing action Log.export()
...
Log=AlarmLog                    actionId=43704
............
Executing action LogM.exportAvailabilityLog()
..LogM=1,exportAvailabilityLog    actionId=43705
........Parsing alarmLog........Done.
Parsing availabilityLog........Done.
..........

Total: 5 CPRI links (5 OK, 0 OKW, 0 NOK, 0 NT)
.
+--------+                      +----------------------------+
|        | A        O101     D2 |        Radio-S220-1        |
|        |-----------1----------| RRU247924B824B2024B28BM01* |
|        |         OK-61m       |           BXP_5            |
|        |                      +----------------------------+
|        |                                     |A  |B  |C  |D
|        |             SE=220* AG=220 GT=KS01D1/0 GT=KS01D1/1
|        |
|        |                      +----------------------------+
|        | B        O101     D2 |        Radio-S221-1        |
|        |-----------2----------| RRU247924B824B2024B28BM01* |
|        |         OK-61m       |           BXP_4            |
|        |                      +----------------------------+
|        |                                     |A  |B  |C  |D
|        |             SE=221* AG=221 GT=KS01D2/0 GT=KS01D2/1
|        |
|        |                      +----------------------------+
|        | C        O101     D2 |        Radio-S222-1        |
|        |-----------3----------| RRU247924B824B2024B28BM01* |
|        |         OK-62m       |           BXP_6            |
|        |                      +----------------------------+
|        |                                     |A  |B  |C  |D
|        |                         SE=222* AG=222 GT=KS01D3/0
|  BB-1  |                            GT=KS01D3/1 GT=KS01D3/8
| BB6631 |
| 000100 |
|        |                      +---------------+
|        | D        O101     D1 | Radio-S180-1  |
|        |-----------4----------|   RRU4415B7   |
|        |         OK-61m       |     BXP_3     |
|        |                      +---------------+
|        |                        |A  |B  |C  |D
|        |                 SE=180 AG=180  |   |
|        |                    FDD=KS01L1  |   |
|        |                         SE=181 AG=181
|        |                            FDD=KS01L2
|        |
|        |                      +---------------+
|        | E        O101     D1 | Radio-S182-1  |
|        |-----------5----------|   RRU4415B7   |
|        |         OK-61m       |     BXP_2     |
|        |                      +---------------+
|        |                        |A  |B  |C  |D
|        |                 SE=182 AG=182  |   |
|        |                    FDD=KS01L3  |   |
|        |
+--------+

=====================================================================================================================================
ID RiL    Type Res MO1-MO2                  BOARD1-BOARD2                     AlmIDs Cells (States)                              Issue (Failed checks)
=====================================================================================================================================
 1 S220-1 O101 OK  BB-1(A) Radio-S220-1(D2) BB6631 RRU247924B824B2024B28BM01*        GT=KS01D1/0 GT=KS01D1/1 (1,1)               Passed
 2 S221-1 O101 OK  BB-1(B) Radio-S221-1(D2) BB6631 RRU247924B824B2024B28BM01*        GT=KS01D2/0 GT=KS01D2/1 (1,1)               Passed
 3 S222-1 O101 OK  BB-1(C) Radio-S222-1(D2) BB6631 RRU247924B824B2024B28BM01*        GT=KS01D3/0 GT=KS01D3/1 GT=KS01D3/8 (1,1,1) Passed
 4 S180-1 O101 OK  BB-1(D) Radio-S180-1(D1) BB6631 RRU4415B7                         FDD=KS01L1 FDD=KS01L2 (1,1)                 Passed
 5 S182-1 O101 OK  BB-1(E) Radio-S182-1(D1) BB6631 RRU4415B7                         FDD=KS01L3 (1)                              Passed
-------------------------------------------------------------------------------------------------------------------------------------

Node: RadioNode GL   CXP2010174/2_R27J08 (25.Q1)   G3.1   GSM LTE-FDD 

=====================================================================================================================================
FRU          ;LNH    ;BOARD                      ;ST ;FAULT ;OPER ;MAINT ;STAT ;PRODUCTNUMBER   ;REV     ;SERIAL        ;DATE     ;PMTEMP ; TEMP ; UPT ;VOLT ;SW                   ;
=====================================================================================================================================
BB-1         ;000100 ;BB6631                     ; 1 ;  OFF ;  ON ;  OFF ;  ON ;KDU1370071/11   ;R3C     ;E96A0115WB    ;20230613 ;3 (OK) ;      ;21.9 ;51   ;                     ;
Radio-S180-1 ;BXP_3  ;RRU4415B7                  ; 1 ;  OFF ;  ON ;  OFF ; N/A ;KRC161495/1     ;R5J     ;TU8U025B7N    ;20230713 ;4 (OK) ; 24.0 ;3.93 ;52.4 ;CXP9013268%15_R101LX ; (Radio4415B7)
Radio-S182-1 ;BXP_2  ;RRU4415B7                  ; 1 ;  OFF ;  ON ;  OFF ; N/A ;KRC161495/1     ;R5J     ;TU8U025B78    ;20230713 ;4 (OK) ; 20.0 ;23.6 ;52.5 ;CXP9013268%15_R101LX ; (Radio4415B7)
Radio-S220-1 ;BXP_5  ;RRU247924B824B2024B28BM01* ; 1 ;  OFF ;  ON ;  OFF ; N/A ;KRC161832/1     ;R2G     ;E55L348546    ;20230517 ;4 (OK) ; 22.5 ;23.6 ;51.8 ;CXP9013268%15_R101LX ; (Radio247924B824B2024B28BM01)
Radio-S221-1 ;BXP_4  ;RRU247924B824B2024B28BM01* ; 1 ;  OFF ;  ON ;  OFF ; N/A ;KRC161832/1     ;R2G     ;E55L348547    ;20230517 ;4 (OK) ; 23.8 ;23.6 ;51.7 ;CXP9013268%15_R101LX ; (Radio247924B824B2024B28BM01)
Radio-S222-1 ;BXP_6  ;RRU247924B824B2024B28BM01* ; 1 ;  OFF ;  ON ;  OFF ; N/A ;KRC161832/1     ;R2G     ;E55L348535    ;20230517 ;4 (OK) ; 24.5 ;23.6 ;51.3 ;CXP9013268%15_R101LX ; (Radio247924B824B2024B28BM01)
-------------------------------------------------------------------------------------------------------------------------------------

=====================================================================================================================================
XPBOARD  ;ST ;FAULT ;OPER ;PRODUCTNUMBER ;REV ;SERIAL/NAME ;DATE     ; TEMP ;MO
=====================================================================================================================================
FAN08    ; 1 ;N/A   ;N/A  ;BKV106236/1   ;R2F ;DD111Z6924  ;20220716 ; 38.0 ;SupportUnit=1 (FAN  BB-1)
-------------------------------------------------------------------------------------------------------------------------------------

=====================================================================================================================================
ID ;T ;RiL    ;BPBP ;BOARD1                     ;LNH1 ;PORT ;R ;LINK ;RATE  ; BER ;BOARD2                     ;LNH2 ;PORT ;R ;LINK ;RATE  ; BER ;LENGTH ;MO1 - MO2
=====================================================================================================================================
 1 ;O ;S220-1 ;1111 ;BB6631                     ;000100 ; 1 ;M ;Up   ;10.1G ;   0 ;RRU247924B824B2024B28BM01* ;BXP_5  ; 1 ;S ;Up   ;10.1G ;   0 ;   61m ;Fru=BB-1(A) Fru=Radio-S220-1(D2)
 2 ;O ;S221-1 ;1111 ;BB6631                     ;000100 ; 2 ;M ;Up   ;10.1G ;   0 ;RRU247924B824B2024B28BM01* ;BXP_4  ; 1 ;S ;Up   ;10.1G ;   0 ;   61m ;Fru=BB-1(B) Fru=Radio-S221-1(D2)
 3 ;O ;S222-1 ;1111 ;BB6631                     ;000100 ; 3 ;M ;Up   ;10.1G ;   0 ;RRU247924B824B2024B28BM01* ;BXP_6  ; 1 ;S ;Up   ;10.1G ;   0 ;   62m ;Fru=BB-1(C) Fru=Radio-S222-1(D2)
 4 ;O ;S180-1 ;1111 ;BB6631                     ;000100 ; 4 ;M ;Up   ;10.1G ;   0 ;RRU4415B7                  ;BXP_3  ; 0 ;S ;Up   ;10.1G ;   0 ;   61m ;Fru=BB-1(D) Fru=Radio-S180-1(D1)
 5 ;O ;S182-1 ;1111 ;BB6631                     ;000100 ; 5 ;M ;Up   ;10.1G ;   0 ;RRU4415B7                  ;BXP_2  ; 0 ;S ;Up   ;10.1G ;   0 ;   61m ;Fru=BB-1(E) Fru=Radio-S182-1(D1)
-------------------------------------------------------------------------------------------------------------------------------------

=====================================================================================================================================
ID ;LINK ;RiL    ;VENDOR1  ;VENDORPROD1     ;REV1 ;SERIAL1        ;DATE1    ;ERICSSONPROD1      ;VENDOR2  ;VENDORPROD2     ;REV2 ;SERIAL2        ;DATE2    ;ERICSSONPROD2      ;TT ;WL1     ;WL2    
=====================================================================================================================================
 1 ;Up   ;S220-1 ;ERICSSON ;EOLP-1396-02-IY ;1.0  ;DZ8P300ZYB     ;20230313 ;RDH10265/2 R1A     ;ERICSSON ;EOLP-1396-02-IY ;1.0  ;DZ8P300ZWC     ;20230313 ;RDH10265/2 R1A     ;0  ;1310.00 ;1310.00
 2 ;Up   ;S221-1 ;ERICSSON ;EOLP-1396-02-IY ;1.0  ;DZ8P300ZY9     ;20230313 ;RDH10265/2 R1A     ;ERICSSON ;EOLP-1396-02-IY ;1.0  ;DZ8P300ZWM     ;20230313 ;RDH10265/2 R1A     ;0  ;1310.00 ;1310.00
 3 ;Up   ;S222-1 ;ERICSSON ;EOLP-1396-02-IY ;1.0  ;DZ8P300ZW9     ;20230313 ;RDH10265/2 R1A     ;ERICSSON ;EOLP-1396-02-IY ;1.0  ;DZ8P300ZW4     ;20230313 ;RDH10265/2 R1A     ;0  ;1310.00 ;1310.00
 4 ;Up   ;S180-1 ;ERICSSON ;EOLP-1396-02-IY ;1.0  ;DZ8P300ZXG     ;20230313 ;RDH10265/2 R1A     ;ERICSSON ;EOLP-1396-02-IY ;1.0  ;DZ8P300ZVN     ;20230313 ;RDH10265/2 R1A     ;0  ;1310.00 ;1310.00
 5 ;Up   ;S182-1 ;ERICSSON ;EOLP-1396-02-IY ;1.0  ;DZ8P300ZY8     ;20230313 ;RDH10265/2 R1A     ;ERICSSON ;EOLP-1396-02-IY ;1.0  ;DZ8P300ZW5     ;20230313 ;RDH10265/2 R1A     ;0  ;1310.00 ;1310.00
-------------------------------------------------------------------------------------------------------------------------------------

=====================================================================================================================================
ID ;LINK ;RiL    ;WL1     ;TEMP1 ;TXbs1 ;TXdBm1 ;RXdBm1 ;BER1   ;WL2     ;TEMP2 ;TXbs2 ;TXdBm2 ;RXdBm2 ;BER2   ;DlLoss ;UlLoss ;LENGTH ;TT
=====================================================================================================================================
 1 ;Up   ;S220-1 ;1310.00 ;34C   ;40%   ;-1.53  ;-3.52  ;   0   ;1310.00 ;16C   ;38%   ;-2.71  ;-2.07  ;   0   ;  0.54 ;  0.81 ;   61m ; 0
 2 ;Up   ;S221-1 ;1310.00 ;34C   ;38%   ;-2.54  ;-2.77  ;   0   ;1310.00 ;24C   ;37%   ;-2.80  ;-2.84  ;   0   ;   0.3 ; -0.03 ;   61m ; 0
 3 ;Up   ;S222-1 ;1310.00 ;34C   ;39%   ;-2.77  ;-2.53  ;   0   ;1310.00 ;17C   ;36%   ;-2.23  ;-2.46  ;   0   ; -0.31 ;   0.3 ;   62m ; 0
 4 ;Up   ;S180-1 ;1310.00 ;36C   ;39%   ;-3.01  ;-3.82  ;   0   ;1310.00 ;23C   ;36%   ;-3.27  ;-2.50  ;   0   ; -0.51 ;  0.55 ;   61m ; 0
 5 ;Up   ;S182-1 ;1310.00 ;34C   ;36%   ;-2.89  ;-2.77  ;   0   ;1310.00 ;18C   ;37%   ;-2.92  ;-3.28  ;   0   ;  0.39 ; -0.15 ;   61m ; 0
-------------------------------------------------------------------------------------------------------------------------------------

=====================================================================================================================================
ID ;RiL    ;BOARD                      ;SFPLNH  ;PORT ;VENDOR   ;VENDORPROD      ;REV  ;SERIAL         ;DATE     ;ERICSSONPROD       ;WL      ;TEMP  ;TXbs  ;TXdBm  ;RXdBm  ; BER
=====================================================================================================================================
 1 ;S220-1 ;BB6631                     ;000100   ;  1 ;ERICSSON ;EOLP-1396-02-IY ;1.0  ;DZ8P300ZYB     ;20230313 ;RDH10265/2 R1A     ;1310.00 ;34C   ;40%   ;-1.53  ;-3.52  ;   0
 2 ;S221-1 ;BB6631                     ;000100   ;  2 ;ERICSSON ;EOLP-1396-02-IY ;1.0  ;DZ8P300ZY9     ;20230313 ;RDH10265/2 R1A     ;1310.00 ;34C   ;38%   ;-2.54  ;-2.77  ;   0
 3 ;S222-1 ;BB6631                     ;000100   ;  3 ;ERICSSON ;EOLP-1396-02-IY ;1.0  ;DZ8P300ZW9     ;20230313 ;RDH10265/2 R1A     ;1310.00 ;34C   ;39%   ;-2.77  ;-2.53  ;   0
 4 ;S180-1 ;BB6631                     ;000100   ;  4 ;ERICSSON ;EOLP-1396-02-IY ;1.0  ;DZ8P300ZXG     ;20230313 ;RDH10265/2 R1A     ;1310.00 ;36C   ;39%   ;-3.01  ;-3.82  ;   0
 5 ;S182-1 ;BB6631                     ;000100   ;  5 ;ERICSSON ;EOLP-1396-02-IY ;1.0  ;DZ8P300ZY8     ;20230313 ;RDH10265/2 R1A     ;1310.00 ;34C   ;36%   ;-2.89  ;-2.77  ;   0
 5 ;S182-1 ;RRU4415B7                  ;BXP_2    ;  0 ;ERICSSON ;EOLP-1396-02-IY ;1.0  ;DZ8P300ZW5     ;20230313 ;RDH10265/2 R1A     ;1310.00 ;18C   ;37%   ;-2.92  ;-3.28  ;   0
 4 ;S180-1 ;RRU4415B7                  ;BXP_3    ;  0 ;ERICSSON ;EOLP-1396-02-IY ;1.0  ;DZ8P300ZVN     ;20230313 ;RDH10265/2 R1A     ;1310.00 ;23C   ;36%   ;-3.27  ;-2.50  ;   0
 2 ;S221-1 ;RRU247924B824B2024B28BM01* ;BXP_4    ;  1 ;ERICSSON ;EOLP-1396-02-IY ;1.0  ;DZ8P300ZWM     ;20230313 ;RDH10265/2 R1A     ;1310.00 ;24C   ;37%   ;-2.80  ;-2.84  ;   0
 1 ;S220-1 ;RRU247924B824B2024B28BM01* ;BXP_5    ;  1 ;ERICSSON ;EOLP-1396-02-IY ;1.0  ;DZ8P300ZWC     ;20230313 ;RDH10265/2 R1A     ;1310.00 ;16C   ;38%   ;-2.71  ;-2.07  ;   0
 3 ;S222-1 ;RRU247924B824B2024B28BM01* ;BXP_6    ;  1 ;ERICSSON ;EOLP-1396-02-IY ;1.0  ;DZ8P300ZW4     ;20230313 ;RDH10265/2 R1A     ;1310.00 ;17C   ;36%   ;-2.23  ;-2.46  ;   0
-------------------------------------------------------------------------------------------------------------------------------------
TN ;       ;BB6631                     ;000100   ;IA2 ;ERICSSON ;NDAAF9-E201     ;E    ;APF232520191C3 ;20230620 ;RPM777053/1000 R1B ;NA      ;NA    ;NA    ;NA     ;NA     ; 0/0
-------------------------------------------------------------------------------------------------------------------------------------

=====================================================================================================================================
BOARD  ;LNH    ;PORT       ;T ;S ;OpMode   ;AutoNeg ;MacAddress        ;VlanIds        ;LOS ;BER
=====================================================================================================================================
BB6631 ;000100 ;TN_IDL_A_1 ;E ;1 ;10G_FULL ;false   ;58:70:7F:85:9E:8C ;3901,3908,3910 ;0   ;NZ/0
BB6631 ;000100 ;TN_IDL_A_2 ;O ;1 ;10G_FULL ;false   ;58:70:7F:85:9E:8D ;3908           ;0   ;0/0
-------------------------------------------------------------------------------------------------------------------------------------

Last MO: 16963. Loaded 16963 MOs. Total: 16964 MOs.
radioClockState : RNT_TIME_LOCKED
-------------------------------------------------------------------------------------
Prio  ;ST  ;syncRefType  ;refStatus  ;opQualLevel  ;SyncReference
-------------------------------------------------------------------------------------
   1  ; 1  ;PTP_TIME     ;NO_FAULT   ;PRTC         ;Ptp=1,BoundaryOrdinaryClock=1 (G_8275_2 Router=45G_Traffic,InterfaceIPv4=LTE,AddressIPv4=LTE:SLAVE)
   2  ; 1  ;SYNC_E       ;NO_FAULT   ;PRTC         ;Synchronization=1,SyncEthInput=SyncE (SFP_DAC EthernetPort=TN_IDL_A_1)
-------------------------------------------------------------------------------------
nodeGroupRole   : SYNC_RECEIVER (syncNodePriority=3, selectionMode=NODE_PRIORITY)
-------------------------------------------------------------------------------------
DU  ;Port  ;sharedUnitRef (RiPortA - RiPortB)  ;remoteNodePriority  ;CandidateStatus
-------------------------------------------------------------------------------------
1   ;C     ;Fru=Radio-S222-1 (2 - 1)           ;1                   ;OK_NOT_ACTIVE
1   ;A     ;Fru=Radio-S220-1 (2 - 1)           ;1                   ;OK_NOT_ACTIVE
1   ;B     ;Fru=Radio-S221-1 (2 - 1)           ;1                   ;OK_ACTIVE
-------------------------------------------------------------------------------------

=====================================================================================================================================
FRU          ;LNH    ;BOARD                      ;RF  ;BP  ;TX (W/dBm)  ;VSWR (RL)   ;RX (dBm) ;UEs/gUEs  ;Sector/AntennaGroup/Cells (State:CellIds:PCIs)
=====================================================================================================================================
Radio-S180-1 ;BXP_3  ;RRU4415B7                  ; A  ;11  ;20.4 (43.1) ;1.23 (19.9) ;-99.9    ;0/-       ;SE=180 AG=180 FDD=KS01L1 (1:21:253)
Radio-S180-1 ;BXP_3  ;RRU4415B7                  ; B  ;11  ;-           ;1.10 (26.3) ;-99.8    ;0/-       ;SE=180 AG=180 FDD=KS01L1 (1:21:253)
Radio-S180-1 ;BXP_3  ;RRU4415B7                  ; C  ;11  ;20.9 (43.2) ;1.23 (19.9) ;-100.2   ;0/-       ;SE=181 AG=181 FDD=KS01L2 (1:22:90)
Radio-S180-1 ;BXP_3  ;RRU4415B7                  ; D  ;11  ;-           ;1.14 (23.6) ;-100.3   ;0/-       ;SE=181 AG=181 FDD=KS01L2 (1:22:90)
Radio-S182-1 ;BXP_2  ;RRU4415B7                  ; A  ;11  ;23.4 (43.7) ;1.19 (21.4) ;-98.3    ;1/-       ;SE=182 AG=182 FDD=KS01L3 (1:23:466)
Radio-S182-1 ;BXP_2  ;RRU4415B7                  ; B  ;11  ;-           ;1.09 (27.3) ;-98.1    ;1/-       ;SE=182 AG=182 FDD=KS01L3 (1:23:466)
Radio-S182-1 ;BXP_2  ;RRU4415B7                  ; C  ;11  ;-           ;-           ;         ;          ;
Radio-S182-1 ;BXP_2  ;RRU4415B7                  ; D  ;11  ;-           ;-           ;         ;          ;
Radio-S220-1 ;BXP_5  ;RRU247924B824B2024B28BM01* ; A  ;11  ;20.5 (43.1) ;1.26 (18.9) ;-89.1    ;-/-       ;SE=220* AG=220 GT=KS01D1/0 GT=KS01D1/1 (1, 1)
Radio-S220-1 ;BXP_5  ;RRU247924B824B2024B28BM01* ; B  ;11  ;11.1 (40.4) ;1.23 (19.8) ;-89.6    ;-/-       ;SE=220* AG=220 GT=KS01D1/0 GT=KS01D1/1 (1, 1)
Radio-S220-1 ;BXP_5  ;RRU247924B824B2024B28BM01* ; C  ;11  ;9.1 (39.6)  ;1.18 (21.8) ;-91.5    ;-/-       ;SE=220* AG=220 GT=KS01D1/0 GT=KS01D1/1 (1, 1)
Radio-S220-1 ;BXP_5  ;RRU247924B824B2024B28BM01* ; D  ;11  ;10.2 (40.1) ;1.15 (23.4) ;-89.5    ;-/-       ;SE=220* AG=220 GT=KS01D1/0 GT=KS01D1/1 (1, 1)
Radio-S221-1 ;BXP_4  ;RRU247924B824B2024B28BM01* ; A  ;11  ;20.6 (43.1) ;1.18 (21.6) ;-96.6    ;-/-       ;SE=221* AG=221 GT=KS01D2/0 GT=KS01D2/1 (1, 1)
Radio-S221-1 ;BXP_4  ;RRU247924B824B2024B28BM01* ; B  ;11  ;10.2 (40.1) ;1.13 (24.1) ;-97.0    ;-/-       ;SE=221* AG=221 GT=KS01D2/0 GT=KS01D2/1 (1, 1)
Radio-S221-1 ;BXP_4  ;RRU247924B824B2024B28BM01* ; C  ;11  ;7.6 (38.8)  ;1.18 (21.6) ;-96.4    ;-/-       ;SE=221* AG=221 GT=KS01D2/0 GT=KS01D2/1 (1, 1)
Radio-S221-1 ;BXP_4  ;RRU247924B824B2024B28BM01* ; D  ;11  ;8.1 (39.1)  ;1.24 (19.4) ;-97.0    ;-/-       ;SE=221* AG=221 GT=KS01D2/0 GT=KS01D2/1 (1, 1)
Radio-S222-1 ;BXP_6  ;RRU247924B824B2024B28BM01* ; A  ;11  ;29.7 (44.7) ;1.28 (18.3) ;-92.9    ;-/-       ;SE=222* AG=222 GT=KS01D3/0 GT=KS01D3/1 GT=KS01D3/8 (1, 1, 1)
Radio-S222-1 ;BXP_6  ;RRU247924B824B2024B28BM01* ; B  ;11  ;18.0 (42.5) ;1.19 (21.1) ;-92.5    ;-/-       ;SE=222* AG=222 GT=KS01D3/0 GT=KS01D3/1 GT=KS01D3/8 (1, 1, 1)
Radio-S222-1 ;BXP_6  ;RRU247924B824B2024B28BM01* ; C  ;11  ;8.9 (39.5)  ;1.16 (22.6) ;-94.1    ;-/-       ;SE=222* AG=222 GT=KS01D3/0 GT=KS01D3/1 GT=KS01D3/8 (1, 1, 1)
Radio-S222-1 ;BXP_6  ;RRU247924B824B2024B28BM01* ; D  ;11  ;8.9 (39.5)  ;1.11 (25.6) ;-92.4    ;-/-       ;SE=222* AG=222 GT=KS01D3/0 GT=KS01D3/1 GT=KS01D3/8 (1, 1, 1)
-------------------------------------------------------------------------------------------------------------------------------------

KS01L> mfar

251125-12:35:49+0100 19.31.7.213 25.0h MSRBS_NODE_MODEL_25.Q1_693.28324.131_62ac stopfile=/tmp/2340310
......
Last MO: 16970. Loaded 16970 MOs. Total: 16971 MOs.
...........................................
get /rop/A20251125.1000-1015_KS01L.xml.gz /ericsson/log/amos/moshell_logfiles/t20251125_37258710_65084/logs_moshell/pmfiles/19.31.7.213/rop/A20251125.1000-1015_KS01L.xml.gz ... OK
get /rop/A20251125.1015-1030_KS01L.xml.gz /ericsson/log/amos/moshell_logfiles/t20251125_37258710_65084/logs_moshell/pmfiles/19.31.7.213/rop/A20251125.1015-1030_KS01L.xml.gz ... OK
get /rop/A20251125.1030-1045_KS01L.xml.gz /ericsson/log/amos/moshell_logfiles/t20251125_37258710_65084/logs_moshell/pmfiles/19.31.7.213/rop/A20251125.1030-1045_KS01L.xml.gz ... OK

Using hardcoded thresholds: 3, 4.5, and 16.5
================================================================================================================================
SC     SE  Tx/Rx BrPair  RfPort1 - RfPort2               HW       Serial      Cell (State)   Samples   Med  Mean  SDev Pol Res Issue
================================================================================================================================
KS01L1 180   2/2 0 (1,2) Radio-S180-1(A) Radio-S180-1(B) RRU4415  TU8U025B7N  FDD=KS01L1 (1)    7115  -1.5  -0.3   7.8  NA  OK Passed
KS01L2 181   2/2 0 (1,2) Radio-S180-1(C) Radio-S180-1(D) RRU4415  TU8U025B7N  FDD=KS01L2 (1)   42393  -1.5  -1.6   4.0  NA  OK Passed
KS01L3 182   2/2 0 (1,2) Radio-S182-1(A) Radio-S182-1(B) RRU4415  TU8U025B78  FDD=KS01L3 (1)    5685   0.5   0.6   7.4  NA  OK Passed
================================================================================================================================
Total: 3 SectorCarriers, 3 RfBranch Pairs (3 OK, 0 OKW, 0 NOK, 0 NT)
......
Last MO: 16970. Loaded 16970 MOs. Total: 16971 MOs.

No NRSectorCarrier MOs are defined on the node.

KS01L> mfitr

251125-12:36:04+0100 19.31.7.213 25.0h MSRBS_NODE_MODEL_25.Q1_693.28324.131_62ac stopfile=/tmp/2340310
..........
Last MO: 16970. Loaded 16970 MOs. Total: 16971 MOs.
........
2025-11-25 12:36
================================================================================================================================
CELL       SC     FRU          BOARD     PUSCH  PUCCH       A      B      C      D  DELTA
================================================================================================================================
FDD=KS01L1 KS01L1 Radio-S180-1 RRU4415B7 -118.7 -118.8 -119.0 -118.9                  0.1
FDD=KS01L2 KS01L2 Radio-S180-1 RRU4415B7 -119.5 -119.5               -119.2 -119.4    0.2
FDD=KS01L3 KS01L3 Radio-S182-1 RRU4415B7 -119.4 -119.4 -119.2 -119.1                  0.1
================================================================================================================================
Bye...
Output has been logged to file /mta_fs/UserFiles/37258710/amosbatch/SDIR/KS01L.log
