Logging to file /mta_fs/UserFiles/37258710/amosbatch/SDIR/KS25E.log
                        __  __  ____   _____
                  /\   |  \/  |/ __ \ / ____|
                 /  \  | \  / | |  | | (___  
                / /\ \ | |\/| | |  | |\___ \ 
               / ____ \| |  | | |__| |____) |
              /_/    \_\_|  |_|\____/|_____/
              OSS Framework for MoShell-25.0h 
  Copyright (c) Ericsson AB 2001-2025 - All Rights Reserved
              
           
[1;31mWARNING: [0mthe AMOS version currently running is more than 29 weeks old and is unsupported.
Please upgrade as soon as possible to the latest released version, available from your local Ericsson support.

$amosrb_pid = 3038714

Checking ip contact...OK

HELP MENU            : h
BASIC MO COMMANDS    : m
OTHER MO COMMANDS    : n
OTHER COMMANDS       : o
PM COMMANDS          : p
QUIT                 : q

KS25E> lt all

251125-16:05:46+0100 19.31.5.238 25.0h  stopfile=/tmp/3038625
Looking up temporary_amos account... OK.
Trying temporary_amos_t20251125_37258710_65084_131's password from amos lookupAccount ... OK

$ssh_pid = 3039313

Connected to 19.31.5.238 (SubNetwork=BBMM_rckomc_R,MeContext=KS25E,ManagedElement=KS25E)

Checking MOM version...MSRBS_NODE_MODEL_25.Q1_693.28324.131_62ac
Parsing MOM (cached): /ericsson/log/amos/moshell_logfiles/t20251125_37258710_65084/logs_moshell/tempfiles/scp-4-amos_20251125-160540_3038566/MSRBS_NODE_MODEL_25.Q1_693.28324.131_62ac.xml.cache.gz ..................................................................................................................................................................................................................................Done.
Using paramfile /opt/ericsson/amos/moshell/commonjars/pm/PARAM_MSRBS_25.Q1.txt
Parsing file /opt/ericsson/amos/moshell/commonjars/pm/PARAM_MSRBS_25.Q1.txt .......................................................................................Done.
Using imomdfile /opt/ericsson/amos/moshell/commonjars/pm/IMOMD_MSRBS_22.Q4.txt
Using imomfile /opt/ericsson/amos/moshell/commonjars/pm/IMOM_MSRBS_25.Q1.txt
Connected to 19.31.5.238 (SubNetwork=BBMM_rckomc_R,MeContext=KS25E,ManagedElement=KS25E)

Last MO: 21818. Loaded 21818 MOs. Total: 21819 MOs.

KS25E> st cell

251125-16:06:02+0100 19.31.5.238 25.0h MSRBS_NODE_MODEL_25.Q1_693.28324.131_62ac stopfile=/tmp/3038625
===================================================================================
Proxy  Adm State     Op. State     MO
===================================================================================
   43  1 (UNLOCKED)  1 (ENABLED)   ENodeBFunction=1,EUtranCellFDD=KS25E1
  204  1 (UNLOCKED)  1 (ENABLED)   ENodeBFunction=1,EUtranCellFDD=KS25E2
  482  1 (UNLOCKED)  1 (ENABLED)   ENodeBFunction=1,EUtranCellFDD=KS25E3
  649  1 (UNLOCKED)  1 (ENABLED)   ENodeBFunction=1,EUtranCellFDD=KS25M1
  805  1 (UNLOCKED)  1 (ENABLED)   ENodeBFunction=1,EUtranCellFDD=KS25M2
  979  1 (UNLOCKED)  1 (ENABLED)   ENodeBFunction=1,EUtranCellFDD=KS25M3
 1141  1 (UNLOCKED)  1 (ENABLED)   ENodeBFunction=1,EUtranCellFDD=KS25T1
 1304  1 (UNLOCKED)  1 (ENABLED)   ENodeBFunction=1,EUtranCellFDD=KS25T2
 1539  1 (UNLOCKED)  1 (ENABLED)   ENodeBFunction=1,EUtranCellFDD=KS25T3
 2510  1 (UNLOCKED)  1 (ENABLED)   ENodeBFunction=1,NbIotCell=KS25N1
 2511  1 (UNLOCKED)  1 (ENABLED)   ENodeBFunction=1,NbIotCell=KS25N2
 2512  1 (UNLOCKED)  1 (ENABLED)   ENodeBFunction=1,NbIotCell=KS25N3
 3962                1 (ENABLED)   GNBCUCPFunction=1,EUtraNetwork=1,ExternalENodeBFunction=auto222_1_2_650031,ExternalEUtranCell=2221-650031-31
 3963                1 (ENABLED)   GNBCUCPFunction=1,EUtraNetwork=1,ExternalENodeBFunction=auto222_1_2_650031,ExternalEUtranCell=2221-650031-32
 3964                1 (ENABLED)   GNBCUCPFunction=1,EUtraNetwork=1,ExternalENodeBFunction=auto222_1_2_650031,ExternalEUtranCell=2221-650031-33
 4552  1 (UNLOCKED)  1 (ENABLED)   GNBDUFunction=1,NRCellDU=KS25O1
 4554  1 (UNLOCKED)  1 (ENABLED)   GNBDUFunction=1,NRCellDU=KS25O2
 4556  1 (UNLOCKED)  1 (ENABLED)   GNBDUFunction=1,NRCellDU=KS25O3
 4558  1 (UNLOCKED)  1 (ENABLED)   GNBDUFunction=1,NRCellDU=KS25V1
 4560  1 (UNLOCKED)  1 (ENABLED)   GNBDUFunction=1,NRCellDU=KS25V2
 4562  1 (UNLOCKED)  1 (ENABLED)   GNBDUFunction=1,NRCellDU=KS25V3
===================================================================================
Total: 21 MOs

INFO: NRCellDU status needs to be printed with command "stz" or "hget ,nrcell state" due to dependency to cellState/serviceState attributes.

KS25E> st radio

251125-16:06:03+0100 19.31.5.238 25.0h MSRBS_NODE_MODEL_25.Q1_693.28324.131_62ac stopfile=/tmp/3038625
===================================================================================
Proxy  Adm State     Op. State     MO
===================================================================================
 3699  1 (UNLOCKED)  1 (ENABLED)   Equipment=1,FieldReplaceableUnit=Radio-S100-1
 3722  1 (UNLOCKED)  1 (ENABLED)   Equipment=1,FieldReplaceableUnit=Radio-S102-1
 3745  1 (UNLOCKED)  1 (ENABLED)   Equipment=1,FieldReplaceableUnit=Radio-S210-1
 3762  1 (UNLOCKED)  1 (ENABLED)   Equipment=1,FieldReplaceableUnit=Radio-S211-1
 3779  1 (UNLOCKED)  1 (ENABLED)   Equipment=1,FieldReplaceableUnit=Radio-S212-1
21808  1 (UNLOCKED)  1 (ENABLED)   Transport=1,Synchronization=1,RadioEquipmentClock=1,RadioEquipmentClockReference=NTP1
21809  1 (UNLOCKED)  1 (ENABLED)   Transport=1,Synchronization=1,RadioEquipmentClock=1,RadioEquipmentClockReference=PTP
===================================================================================
Total: 7 MOs

KS25E> sdir

251125-16:06:03+0100 19.31.5.238 25.0h MSRBS_NODE_MODEL_25.Q1_693.28324.131_62ac stopfile=/tmp/3038625
INFO: Using amos lookupAccount credentials for the export login
...................
get /rop/A20251125.1415-1430_KS25E.xml.gz /ericsson/log/amos/moshell_logfiles/t20251125_37258710_65084/logs_moshell/pmfiles/19.31.5.238/rop/A20251125.1415-1430_KS25E.xml.gz ... OK
get /rop/A20251125.1430-1445_KS25E.xml.gz /ericsson/log/amos/moshell_logfiles/t20251125_37258710_65084/logs_moshell/pmfiles/19.31.5.238/rop/A20251125.1430-1445_KS25E.xml.gz ... OK
get /rop/A20251125.1445-1500_KS25E.xml.gz /ericsson/log/amos/moshell_logfiles/t20251125_37258710_65084/logs_moshell/pmfiles/19.31.5.238/rop/A20251125.1445-1500_KS25E.xml.gz ... OK
....Checking available boards on node...

Collecting RCS board data ...
..................................................................................................................................................................
.................................
.............................................................................................................................................................................................................................................................................................................................................................................
.....
Collecting TN data...
.........................................................................................................................................................................
Getting MO data from node (93 MOs). Please wait...
0%                                             ~50%                                           ~100%
....................................................................................................................................
Collecting RF data...
.........
Collecting Alarms...
.Executing action Log.export()
...
Log=AlarmLog                    actionId=41337
...................
Executing action LogM.exportAvailabilityLog()
..LogM=1,exportAvailabilityLog    actionId=41338
.....Parsing alarmLog.........Done.
Parsing availabilityLog........Done.
...........

Total: 8 CPRI links (8 OK, 0 OKW, 0 NOK, 0 NT)
.
+--------+                      +--------------------+
|        | A        O101     D1 |    Radio-S210-1    |
|        |-----------1----------| RRU227922B822B20C* |
|        |         OK-12m       |       BXP_6        |
|        |                      +--------------------+
|        |                                     |A  |B
|        |                  SE=210* AG=210 FDD=KS25E1
|        |                                NIOT=KS25N1
|        |
|        |                      +--------------------+
|        | B        O101     D1 |    Radio-S211-1    |
|        |-----------2----------| RRU227922B822B20C* |
|        |         OK-11m       |       BXP_5        |
|        |                      +--------------------+
|        |                                     |A  |B
|        |                  SE=211* AG=211 FDD=KS25E2
|        |                                NIOT=KS25N2
|        |
|        |                      +--------------------+
|        | C        O101     D1 |    Radio-S212-1    |
|        |-----------3----------| RRU227922B822B20C* |
|        |         OK-12m       |       BXP_4        |
|        |                      +--------------------+
|        |                                     |A  |B
|        |                  SE=212* AG=212 FDD=KS25E3
|        |                                NIOT=KS25N3
|        |
|        |                      +------------------+
|        | D        O101     D2 |   Radio-S100-1   |
|        |-----------4----------| RRU449944B144B3C |
|        |         OK-13m       |      BXP_3       |
|        |                      +------------------+
|        |                           |A  |B  |C  |D
|        |                    SE=100 AG=100  |   |
|        |            FDD=KS25M1 FDD=KS25T1  |   |
|        |                       NRC=KS25O1  |   |
|        |                            SE=101 AG=101
|  BB-1  |                    FDD=KS25M2 FDD=KS25T2
| BB6648 |                               NRC=KS25O2
| 000100 |
|        |
|        |                      +------------------+
|        | E        O101     D2 |   Radio-S102-1   |
|        |-----------5----------| RRU449944B144B3C |
|        |         OK-13m       |      BXP_2       |
|        |                      +------------------+
|        |                           |A  |B  |C  |D
|        |                    SE=102 AG=102  |   |
|        |            FDD=KS25M3 FDD=KS25T3  |   |
|        |                       NRC=KS25O3  |   |
|        |
|        |                      +-------------+
|        | K        O257     D1 | AAS-S160-1  |
|        |-----------6----------| AIR3278B78K |
|        |         OK-20m       |  fru_2048   |
|        |                      +-------------+
|        |                                  |A
|        |                   SE=160 NRC=KS25V1
|        |
|        |                      +-------------+
|        | L        O257     D1 | AAS-S161-1  |
|        |-----------7----------| AIR3278B78K |
|        |         OK-20m       |  fru_2049   |
|        |                      +-------------+
|        |                                  |A
|        |                   SE=161 NRC=KS25V2
|        |
|        |                      +-------------+
|        | M        O257     D1 | AAS-S162-1  |
|        |-----------8----------| AIR3278B78K |
|        |         OK-20m       |  fru_2050   |
|        |                      +-------------+
|        |                                  |A
+--------+                   SE=162 NRC=KS25V3

=====================================================================================================================================
ID RiL    Type Res MO1-MO2                  BOARD1-BOARD2             AlmIDs Cells (States)                                                                  Issue (Failed checks)
=====================================================================================================================================
 1 S210-1 O101 OK  BB-1(A) Radio-S210-1(D1) BB6648 RRU227922B822B20C*        FDD=KS25E1 NIOT=KS25N1 (1,1)                                                    Passed
 2 S211-1 O101 OK  BB-1(B) Radio-S211-1(D1) BB6648 RRU227922B822B20C*        FDD=KS25E2 NIOT=KS25N2 (1,1)                                                    Passed
 3 S212-1 O101 OK  BB-1(C) Radio-S212-1(D1) BB6648 RRU227922B822B20C*        FDD=KS25E3 NIOT=KS25N3 (1,1)                                                    Passed
 4 S100-1 O101 OK  BB-1(D) Radio-S100-1(D2) BB6648 RRU449944B144B3C          FDD=KS25M1 FDD=KS25M2 FDD=KS25T1 FDD=KS25T2 NRC=KS25O1 NRC=KS25O2 (1,1,1,1,1,1) Passed
 5 S102-1 O101 OK  BB-1(E) Radio-S102-1(D2) BB6648 RRU449944B144B3C          FDD=KS25M3 FDD=KS25T3 NRC=KS25O3 (1,1,1)                                        Passed
 6 S160-1 O257 OK  BB-1(K) AAS-S160-1(D1)   BB6648 AIR3278B78K               NRC=KS25V1 (1)                                                                  Passed
 7 S161-1 O257 OK  BB-1(L) AAS-S161-1(D1)   BB6648 AIR3278B78K               NRC=KS25V2 (1)                                                                  Passed
 8 S162-1 O257 OK  BB-1(M) AAS-S162-1(D1)   BB6648 AIR3278B78K               NRC=KS25V3 (1)                                                                  Passed
-------------------------------------------------------------------------------------------------------------------------------------

Node: RadioNode LN   CXP2010174/2_R27J08 (25.Q1)   G3.0   LTE-FDD,LTE-IoT NR-LB-FDD-ESS,NR-MB-TDD-NSA

=====================================================================================================================================
FRU          ;LNH      ;BOARD              ;ST ;FAULT ;OPER ;MAINT ;STAT ;PRODUCTNUMBER   ;REV     ;SERIAL        ;DATE     ;PMTEMP ; TEMP ; UPT ;VOLT ;SW                   ;
=====================================================================================================================================
BB-1         ;000100   ;BB6648             ; 1 ;  OFF ;  ON ;  OFF ;  ON ;KDU1370015/11   ;R3H     ;E96A00RP0T    ;20220530 ;4 (OK) ;      ;55.3 ;54   ;                     ;
Radio-S100-1 ;BXP_3    ;RRU449944B144B3C   ; 1 ;  OFF ;  ON ;  OFF ; N/A ;KRC161787/1     ;R2G     ;E23E188458    ;20220720 ;4 (OK) ; 40.7 ; 132 ;54.5 ;CXP9013268%15_R101LX ; (Radio449944B144B3C)
Radio-S102-1 ;BXP_2    ;RRU449944B144B3C   ; 1 ;  OFF ;  ON ;  OFF ; N/A ;KRC161787/1     ;R2G     ;E23E188439    ;20220720 ;4 (OK) ; 32.7 ; 132 ;54.7 ;CXP9013268%15_R101LX ; (Radio449944B144B3C)
Radio-S210-1 ;BXP_6    ;RRU227922B822B20C* ; 1 ;  OFF ;  ON ;  OFF ; N/A ;KRC161864/1     ;R1E     ;TU8U01KZ15    ;20220603 ;4 (OK) ; 38.5 ;50.1 ;54.8 ;CXP9013268%15_R101LX ; (Radio227922B822B20C)
Radio-S211-1 ;BXP_5    ;RRU227922B822B20C* ; 1 ;  OFF ;  ON ;  OFF ; N/A ;KRC161864/1     ;R1E     ;TU8U01KKG0    ;20220528 ;4 (OK) ; 43.5 ; 132 ;54.9 ;CXP9013268%15_R101LX ; (Radio227922B822B20C)
Radio-S212-1 ;BXP_4    ;RRU227922B822B20C* ; 1 ;  OFF ;  ON ;  OFF ; N/A ;KRC161864/1     ;R1E     ;TU8U01KKG6    ;20220528 ;4 (OK) ; 42.0 ; 132 ;54.7 ;CXP9013268%15_R101LX ; (Radio227922B822B20C)
AAS-S160-1   ;fru_2048 ;AIR3278B78K        ; 1 ;  OFF ;  ON ;  OFF ; N/A ;KRD901266/11    ;R2C     ;E96A20328G    ;20220722 ;4 (OK) ; 26.0 ; 132 ;54.4 ;CXP2030038%1_R140L31 ;
AAS-S161-1   ;fru_2049 ;AIR3278B78K        ; 1 ;  OFF ;  ON ;  OFF ; N/A ;KRD901266/11    ;R2C     ;E96A20328E    ;20220722 ;4 (OK) ; 29.3 ; 132 ;54.6 ;CXP2030038%1_R140L31 ;
AAS-S162-1   ;fru_2050 ;AIR3278B78K        ; 1 ;  OFF ;  ON ;  OFF ; N/A ;KRD901266/11    ;R2C     ;E96A20328C    ;20220722 ;4 (OK) ; 30.8 ; 132 ;54.6 ;CXP2030038%1_R140L31 ;
-------------------------------------------------------------------------------------------------------------------------------------

=====================================================================================================================================
AntennaNearUnit                                     ;ST  ;TYPE   ;PRODUCTNR       ;REV                ;UNIQUEID             ;RfPort
=====================================================================================================================================
AntennaUnitGroup=210,AntennaNearUnit=RET_1800_2100  ; 1  ;S-RET  ;86010165        ;HW_V_R1B           ;KAD242071804A-Y1     ;FieldReplaceableUnit=Radio-S210-1,RfPort=R
AntennaUnitGroup=210,AntennaNearUnit=RET_2600       ; 1  ;S-RET  ;86010165        ;HW_V_R1B           ;KAD242071804A-Y3     ;FieldReplaceableUnit=Radio-S210-1,RfPort=R
AntennaUnitGroup=210,AntennaNearUnit=RET_800_900    ; 1  ;S-RET  ;86010165        ;HW_V_R1B           ;KAD242071804A-R1     ;FieldReplaceableUnit=Radio-S210-1,RfPort=R
AntennaUnitGroup=211,AntennaNearUnit=RET_1800_2100  ; 1  ;S-RET  ;AIMM20M22S0v03  ;WD83MANWRCU_VER.A  ;HWN4080Q400YE03RBy5  ;FieldReplaceableUnit=Radio-S211-1,RfPort=R
AntennaUnitGroup=211,AntennaNearUnit=RET_2600       ; 1  ;S-RET  ;AIMM20M22S0v03  ;WD83MANWRCU_VER.A  ;HWN4080Q400YF06RTy6  ;FieldReplaceableUnit=Radio-S211-1,RfPort=R
AntennaUnitGroup=211,AntennaNearUnit=RET_800_900    ; 1  ;S-RET  ;AIMM20M22S0v03  ;WD83MANWRCU_VER.A  ;HWN4080Q400Y9080Rr3  ;FieldReplaceableUnit=Radio-S211-1,RfPort=R
AntennaUnitGroup=212,AntennaNearUnit=RET_1800_2100  ; 1  ;S-RET  ;AIMM20M22S0v03  ;WD83MANWRCU_VER.A  ;HWN4080Q400XB08RBy5  ;FieldReplaceableUnit=Radio-S212-1,RfPort=R
AntennaUnitGroup=212,AntennaNearUnit=RET_2600       ; 1  ;S-RET  ;AIMM20M22S0v03  ;WD83MANWRCU_VER.A  ;HWN4080Q400XC08RTy6  ;FieldReplaceableUnit=Radio-S212-1,RfPort=R
AntennaUnitGroup=212,AntennaNearUnit=RET_800_900    ; 1  ;S-RET  ;AIMM20M22S0v03  ;WD83MANWRCU_VER.A  ;HWN4080Q400X6017Rr3  ;FieldReplaceableUnit=Radio-S212-1,RfPort=R
-------------------------------------------------------------------------------------------------------------------------------------

=====================================================================================================================================
XPBOARD  ;ST ;FAULT ;OPER ;PRODUCTNUMBER ;REV ;SERIAL/NAME ;DATE     ; TEMP ;MO
=====================================================================================================================================
FAN08    ; 1 ;N/A   ;N/A  ;BKV106236/1   ;R2F ;DD111B0594  ;20211117 ; 52.0 ;SupportUnit=1 (FAN  BB-1)
-------------------------------------------------------------------------------------------------------------------------------------

=====================================================================================================================================
ID ;T ;RiL    ;BPBP ;BOARD1             ;LNH1 ;PORT ;R ;LINK ;RATE  ; BER ;BOARD2             ;LNH2   ;PORT ;R ;LINK ;RATE  ; BER ;LENGTH ;MO1 - MO2
=====================================================================================================================================
 1 ;O ;S210-1 ;1111 ;BB6648             ;000100 ; 1 ;M ;Up   ;10.1G ;   0 ;RRU227922B822B20C* ;BXP_6    ; 0 ;S ;Up   ;10.1G ;   0 ;   12m ;Fru=BB-1(A) Fru=Radio-S210-1(D1)
 2 ;O ;S211-1 ;1111 ;BB6648             ;000100 ; 2 ;M ;Up   ;10.1G ;   0 ;RRU227922B822B20C* ;BXP_5    ; 0 ;S ;Up   ;10.1G ;   0 ;   11m ;Fru=BB-1(B) Fru=Radio-S211-1(D1)
 3 ;O ;S212-1 ;1111 ;BB6648             ;000100 ; 3 ;M ;Up   ;10.1G ;   0 ;RRU227922B822B20C* ;BXP_4    ; 0 ;S ;Up   ;10.1G ;   0 ;   12m ;Fru=BB-1(C) Fru=Radio-S212-1(D1)
 4 ;O ;S100-1 ;1111 ;BB6648             ;000100 ; 4 ;M ;Up   ;10.1G ;   0 ;RRU449944B144B3C   ;BXP_3    ; 1 ;S ;Up   ;10.1G ;   0 ;   13m ;Fru=BB-1(D) Fru=Radio-S100-1(D2)
 5 ;O ;S102-1 ;1111 ;BB6648             ;000100 ; 5 ;M ;Up   ;10.1G ;   0 ;RRU449944B144B3C   ;BXP_2    ; 1 ;S ;Up   ;10.1G ;   0 ;   13m ;Fru=BB-1(E) Fru=Radio-S102-1(D2)
 6 ;O ;S160-1 ;1111 ;BB6648             ;000100 ;10 ;M ;Up   ;25.7G ; 0/0 ;AIR3278B78K        ;fru_2048 ; 0 ;S ;Up   ;25.7G ; 0/0 ;   20m ;Fru=BB-1(K) Fru=AAS-S160-1(D1)
 7 ;O ;S161-1 ;1111 ;BB6648             ;000100 ;11 ;M ;Up   ;25.7G ; 0/0 ;AIR3278B78K        ;fru_2049 ; 0 ;S ;Up   ;25.7G ; 0/0 ;   20m ;Fru=BB-1(L) Fru=AAS-S161-1(D1)
 8 ;O ;S162-1 ;1111 ;BB6648             ;000100 ;12 ;M ;Up   ;25.7G ; 0/0 ;AIR3278B78K        ;fru_2050 ; 0 ;S ;Up   ;25.7G ; 0/0 ;   20m ;Fru=BB-1(M) Fru=AAS-S162-1(D1)
-------------------------------------------------------------------------------------------------------------------------------------

=====================================================================================================================================
ID ;LINK ;RiL    ;VENDOR1  ;VENDORPROD1      ;REV1 ;SERIAL1         ;DATE1    ;ERICSSONPROD1     ;VENDOR2  ;VENDORPROD2      ;REV2 ;SERIAL2         ;DATE2    ;ERICSSONPROD2     ;TT ;WL1     ;WL2    
=====================================================================================================================================
 1 ;Up   ;S210-1 ;ERICSSON ;SPP10ELRIDFSEN   ;10   ;CT72630932      ;20220608 ;RDH10265/2 R1A    ;ERICSSON ;SPP10ELRIDFSEN   ;10   ;CT72632702      ;20220610 ;RDH10265/2 R1A    ;0  ;1310.00 ;1310.00
 2 ;Up   ;S211-1 ;ERICSSON ;SPP10ELRIDFSEN   ;10   ;CT72628032      ;20220602 ;RDH10265/2 R1A    ;ERICSSON ;SPP10ELRIDFSEN   ;10   ;CT72626488      ;20220602 ;RDH10265/2 R1A    ;0  ;1310.00 ;1310.00
 3 ;Up   ;S212-1 ;ERICSSON ;SPP10ELRIDFSEN   ;10   ;CT72627803      ;20220602 ;RDH10265/2 R1A    ;ERICSSON ;SPP10ELRIDFSEN   ;10   ;CT72632464      ;20220610 ;RDH10265/2 R1A    ;0  ;1310.00 ;1310.00
 4 ;Up   ;S100-1 ;ERICSSON ;SPP10ELRIDFSEN   ;10   ;CT72627775      ;20220602 ;RDH10265/2 R1A    ;ERICSSON ;SPP10ELRIDFSEN   ;10   ;CT72625932      ;20220602 ;RDH10265/2 R1A    ;0  ;1310.00 ;1310.00
 5 ;Up   ;S102-1 ;ERICSSON ;SPP10ELRIDFSEN   ;10   ;CT72632429      ;20220610 ;RDH10265/2 R1A    ;ERICSSON ;SPP10ELRIDFSEN   ;10   ;CT72627947      ;20220602 ;RDH10265/2 R1A    ;0  ;1310.00 ;1310.00
 6 ;Up   ;S160-1 ;ERICSSON ;EOLP-1325G-10-9  ;1.0  ;DZ8N4000DY      ;20220403 ;RDH10275/3 R1A    ;ERICSSON ;EOLP-1325G-10-9  ;1.0  ;DZ8N4000D0      ;20220403 ;RDH10275/3 R1A    ;0  ;1310.00 ;1310.00
 7 ;Up   ;S161-1 ;ERICSSON ;EOLP-1325G-10-9  ;1.0  ;DZ8N4000CN      ;20220403 ;RDH10275/3 R1A    ;ERICSSON ;EOLP-1325G-10-9  ;1.0  ;DZ8N4000DS      ;20220403 ;RDH10275/3 R1A    ;0  ;1310.00 ;1310.00
 8 ;Up   ;S162-1 ;ERICSSON ;EOLP-1325G-10-9  ;1.0  ;DZ8N4000D1      ;20220403 ;RDH10275/3 R1A    ;ERICSSON ;EOLP-1325G-10-9  ;1.0  ;DZ8N4000D2      ;20220403 ;RDH10275/3 R1A    ;0  ;1310.00 ;1310.00
-------------------------------------------------------------------------------------------------------------------------------------

=====================================================================================================================================
ID ;LINK ;RiL    ;WL1     ;TEMP1 ;TXbs1 ;TXdBm1 ;RXdBm1 ;BER1   ;WL2     ;TEMP2 ;TXbs2 ;TXdBm2 ;RXdBm2 ;BER2   ;DlLoss ;UlLoss ;LENGTH ;TT
=====================================================================================================================================
 1 ;Up   ;S210-1 ;1310.00 ;48C   ;43%   ;-1.71  ;-2.33  ;   0   ;1310.00 ;34C   ;33%   ;-2.14  ;-2.13  ;   0   ;  0.42 ;  0.19 ;   12m ; 0
 2 ;Up   ;S211-1 ;1310.00 ;48C   ;39%   ;-2.07  ;-2.55  ;   0   ;1310.00 ;41C   ;39%   ;-1.96  ;-2.18  ;   0   ;  0.11 ;  0.59 ;   11m ; 0
 3 ;Up   ;S212-1 ;1310.00 ;48C   ;38%   ;-1.94  ;-1.81  ;   0   ;1310.00 ;34C   ;43%   ;-1.94  ;-3.91  ;   0   ;  1.97 ; -0.13 ;   12m ; 0
 4 ;Up   ;S100-1 ;1310.00 ;48C   ;49%   ;-2.20  ;-3.88  ;   0   ;1310.00 ;42C   ;45%   ;-3.45  ;-1.67  ;   0   ; -0.53 ;  0.43 ;   13m ; 0
 5 ;Up   ;S102-1 ;1310.00 ;48C   ;46%   ;-2.79  ;-1.21  ;   0   ;1310.00 ;33C   ;42%   ;-2.06  ;-3.61  ;   0   ;  0.82 ; -0.85 ;   13m ; 0
 6 ;Up   ;S160-1 ;1310.00 ;45C   ;44%   ;-0.75  ;-0.61  ; 0/0   ;1310.00 ;29C   ;38%   ;-0.43  ;-1.16  ; 0/0   ;  0.41 ;  0.18 ;   20m ; 0
 7 ;Up   ;S161-1 ;1310.00 ;46C   ;45%   ;-0.41  ;-0.73  ; 0/0   ;1310.00 ;32C   ;39%   ;-0.82  ;-0.24  ; 0/0   ; -0.17 ; -0.09 ;   20m ; 0
 8 ;Up   ;S162-1 ;1310.00 ;46C   ;46%   ;-0.84  ;-0.60  ; 0/0   ;1310.00 ;32C   ;39%   ;-0.62  ;-1.09  ; 0/0   ;  0.25 ; -0.02 ;   20m ; 0
-------------------------------------------------------------------------------------------------------------------------------------

=====================================================================================================================================
ID ;RiL    ;BOARD              ;SFPLNH  ;PORT ;VENDOR   ;VENDORPROD       ;REV  ;SERIAL          ;DATE     ;ERICSSONPROD      ;WL      ;TEMP  ;TXbs  ;TXdBm  ;RXdBm  ; BER
=====================================================================================================================================
 1 ;S210-1 ;BB6648             ;000100   ;  1 ;ERICSSON ;SPP10ELRIDFSEN   ;10   ;CT72630932      ;20220608 ;RDH10265/2 R1A    ;1310.00 ;48C   ;43%   ;-1.71  ;-2.33  ;   0
 2 ;S211-1 ;BB6648             ;000100   ;  2 ;ERICSSON ;SPP10ELRIDFSEN   ;10   ;CT72628032      ;20220602 ;RDH10265/2 R1A    ;1310.00 ;48C   ;39%   ;-2.07  ;-2.55  ;   0
 3 ;S212-1 ;BB6648             ;000100   ;  3 ;ERICSSON ;SPP10ELRIDFSEN   ;10   ;CT72627803      ;20220602 ;RDH10265/2 R1A    ;1310.00 ;48C   ;38%   ;-1.94  ;-1.81  ;   0
 4 ;S100-1 ;BB6648             ;000100   ;  4 ;ERICSSON ;SPP10ELRIDFSEN   ;10   ;CT72627775      ;20220602 ;RDH10265/2 R1A    ;1310.00 ;48C   ;49%   ;-2.20  ;-3.88  ;   0
 5 ;S102-1 ;BB6648             ;000100   ;  5 ;ERICSSON ;SPP10ELRIDFSEN   ;10   ;CT72632429      ;20220610 ;RDH10265/2 R1A    ;1310.00 ;48C   ;46%   ;-2.79  ;-1.21  ;   0
 6 ;S160-1 ;BB6648             ;000100   ; 10 ;ERICSSON ;EOLP-1325G-10-9  ;1.0  ;DZ8N4000DY      ;20220403 ;RDH10275/3 R1A    ;1310.00 ;45C   ;44%   ;-0.75  ;-0.61  ; 0/0
 7 ;S161-1 ;BB6648             ;000100   ; 11 ;ERICSSON ;EOLP-1325G-10-9  ;1.0  ;DZ8N4000CN      ;20220403 ;RDH10275/3 R1A    ;1310.00 ;46C   ;45%   ;-0.41  ;-0.73  ; 0/0
 8 ;S162-1 ;BB6648             ;000100   ; 12 ;ERICSSON ;EOLP-1325G-10-9  ;1.0  ;DZ8N4000D1      ;20220403 ;RDH10275/3 R1A    ;1310.00 ;46C   ;46%   ;-0.84  ;-0.60  ; 0/0
 5 ;S102-1 ;RRU449944B144B3C   ;BXP_2    ;  1 ;ERICSSON ;SPP10ELRIDFSEN   ;10   ;CT72627947      ;20220602 ;RDH10265/2 R1A    ;1310.00 ;33C   ;42%   ;-2.06  ;-3.61  ;   0
 4 ;S100-1 ;RRU449944B144B3C   ;BXP_3    ;  1 ;ERICSSON ;SPP10ELRIDFSEN   ;10   ;CT72625932      ;20220602 ;RDH10265/2 R1A    ;1310.00 ;42C   ;45%   ;-3.45  ;-1.67  ;   0
 3 ;S212-1 ;RRU227922B822B20C* ;BXP_4    ;  0 ;ERICSSON ;SPP10ELRIDFSEN   ;10   ;CT72632464      ;20220610 ;RDH10265/2 R1A    ;1310.00 ;34C   ;43%   ;-1.94  ;-3.91  ;   0
 2 ;S211-1 ;RRU227922B822B20C* ;BXP_5    ;  0 ;ERICSSON ;SPP10ELRIDFSEN   ;10   ;CT72626488      ;20220602 ;RDH10265/2 R1A    ;1310.00 ;41C   ;39%   ;-1.96  ;-2.18  ;   0
 1 ;S210-1 ;RRU227922B822B20C* ;BXP_6    ;  0 ;ERICSSON ;SPP10ELRIDFSEN   ;10   ;CT72632702      ;20220610 ;RDH10265/2 R1A    ;1310.00 ;34C   ;33%   ;-2.14  ;-2.13  ;   0
 6 ;S160-1 ;AIR3278B78K        ;fru_2048 ;  0 ;ERICSSON ;EOLP-1325G-10-9  ;1.0  ;DZ8N4000D0      ;20220403 ;RDH10275/3 R1A    ;1310.00 ;29C   ;38%   ;-0.43  ;-1.16  ; 0/0
 7 ;S161-1 ;AIR3278B78K        ;fru_2049 ;  0 ;ERICSSON ;EOLP-1325G-10-9  ;1.0  ;DZ8N4000DS      ;20220403 ;RDH10275/3 R1A    ;1310.00 ;32C   ;39%   ;-0.82  ;-0.24  ; 0/0
 8 ;S162-1 ;AIR3278B78K        ;fru_2050 ;  0 ;ERICSSON ;EOLP-1325G-10-9  ;1.0  ;DZ8N4000D2      ;20220403 ;RDH10275/3 R1A    ;1310.00 ;32C   ;39%   ;-0.62  ;-1.09  ; 0/0
-------------------------------------------------------------------------------------------------------------------------------------
TN ;       ;BB6648             ;000100   ; IB ;ERICSSON ;SPP10ELRIDFSEN   ;10   ;CT72632490      ;20220610 ;RDH10265/2 R1A    ;1310    ;44C   ;41%   ;-2.20  ;-4.66  ; 0/0
TN ;       ;BB6648             ;000100   ; IC ;ERICSSON ;LCP-10G3B4HDRME4 ;A    ;2225094A2455605 ;20220620 ;RDH10265/2 R1A    ;1310    ;43C   ;56%   ;-3.79  ;-1.62  ; 0/0
TN ;       ;BB6648             ;000100   ; ID ;Amphenol ;57-0170          ;2    ;220309N18415    ;20220309 ;RPM777543/010 R1B ;NA      ;NA    ;NA    ;NA     ;NA     ; 0/0
-------------------------------------------------------------------------------------------------------------------------------------

=====================================================================================================================================
BOARD       ;LNH    ;PORT     ;T ;S ;OpMode    ;AutoNeg ;MacAddress        ;VlanIds        ;LOS ;BER
=====================================================================================================================================
AIR3278B78K ;fru_2048 ;0        ;E ;1 ;ANY       ;true    ;F8:97:A9:69:80:43 ;               ;    ;0/0
AIR3278B78K ;fru_2049 ;0        ;E ;1 ;ANY       ;true    ;F8:97:A9:69:80:53 ;               ;    ;0/0
AIR3278B78K ;fru_2050 ;0        ;E ;1 ;ANY       ;true    ;F8:97:A9:69:81:93 ;               ;    ;0/0
BB6648      ;000100 ;10       ;E ;1 ;ANY       ;true    ;F8:97:A9:0B:E8:42 ;               ;    ;0/0
BB6648      ;000100 ;11       ;E ;1 ;ANY       ;true    ;F8:97:A9:0B:E8:43 ;               ;    ;0/0
BB6648      ;000100 ;12       ;E ;1 ;ANY       ;true    ;F8:97:A9:0B:E8:44 ;               ;    ;0/0
BB6648      ;000100 ;TN_E     ;E ;1 ;100M_FULL ;false   ;F8:97:A9:0B:E8:4C ;3910           ;0   ;0/0
BB6648      ;000100 ;TN_IDL_B ;O ;1 ;10G_FULL  ;false   ;F8:97:A9:0B:E8:49 ;3901,3908,3910 ;0   ;0/0
BB6648      ;000100 ;TN_IDL_C ;O ;1 ;10G_FULL  ;false   ;F8:97:A9:0B:E8:4A ;3901,3908,3910 ;0   ;0/0
BB6648      ;000100 ;TN_IDL_D ;O ;1 ;10G_FULL  ;false   ;F8:97:A9:0B:E8:4B ;3908           ;0   ;0/0
-------------------------------------------------------------------------------------------------------------------------------------

radioClockState : RNT_TIME_LOCKED
-------------------------------------------------------------------------------------
Prio  ;ST  ;syncRefType    ;refStatus  ;opQualLevel  ;SyncReference
-------------------------------------------------------------------------------------
  *1  ; 1  ;PTP_TIME       ;NO_FAULT   ;PRTC         ;Ptp=1,BoundaryOrdinaryClock=PTP (G_8275_1 EthernetPort=TN_IDL_B:SLAVE EthernetPort=TN_IDL_C:MASTER)
   2  ; 1  ;NTP_FREQUENCY  ;NO_FAULT   ;PRC          ;Ntp=1,NtpFrequencySync=NTP1 (10.31.0.54:32751 Router=45G_Traffic,InterfaceIPv4=LTE,AddressIPv4=LTE)
-------------------------------------------------------------------------------------
-------------------------------------------------------------------------------------
Prio  ;ST  ;assistRefStatus  ;recQualLevel  ;AssistingReference
-------------------------------------------------------------------------------------
   1  ; 0  ;NO_FAULT         ;PRC           ;Synchronization=1,SyncEthInput=SyncE (SFP_OPTICAL EthernetPort=TN_IDL_B)
-------------------------------------------------------------------------------------
nodeGroupRole   : SYNC_PROVIDER (syncNodePriority=1, selectionMode=NODE_PRIORITY)
-------------------------------------------------------------------------------------
DU  ;Port  ;sharedUnitRef (RiPortA - RiPortB)  ;remoteNodePriority  ;CandidateStatus
-------------------------------------------------------------------------------------
1   ;A     ;Fru=Radio-S210-1 (1 - 2)           ;3                   ;OK_NOT_ACTIVE
1   ;B     ;Fru=Radio-S211-1 (1 - 2)           ;3                   ;OK_NOT_ACTIVE
1   ;C     ;Fru=Radio-S212-1 (1 - 2)           ;3                   ;OK_NOT_ACTIVE
-------------------------------------------------------------------------------------

=====================================================================================================================================
FRU          ;LNH      ;BOARD              ;RF  ;BP  ;TX (W/dBm)  ;VSWR (RL)   ;RX (dBm) ;UEs/gUEs  ;Sector/AntennaGroup/Cells (State:CellIds:PCIs)
=====================================================================================================================================
Radio-S100-1 ;BXP_3    ;RRU449944B144B3C   ; A  ;11  ;11.8 (40.7) ;1.27 (18.4) ;-84.3    ;34/2      ;SE=100 AG=100 FDD=KS25M1 FDD=KS25T1 NRC=KS25O1 (1:31:279, 1:41:465, 1:711:826)
Radio-S100-1 ;BXP_3    ;RRU449944B144B3C   ; B  ;11  ;10.7 (40.3) ;1.25 (19.2) ;-84.2    ;34/2      ;SE=100 AG=100 FDD=KS25M1 FDD=KS25T1 NRC=KS25O1 (1:31:279, 1:41:465, 1:711:826)
Radio-S100-1 ;BXP_3    ;RRU449944B144B3C   ; C  ;11  ;18.9 (42.8) ;1.22 (20.2) ;-85.5    ;55/3      ;SE=101 AG=101 FDD=KS25M2 FDD=KS25T2 NRC=KS25O2 (1:32:453, 1:42:467, 1:712:746)
Radio-S100-1 ;BXP_3    ;RRU449944B144B3C   ; D  ;11  ;17.7 (42.5) ;1.15 (23.2) ;-84.7    ;55/3      ;SE=101 AG=101 FDD=KS25M2 FDD=KS25T2 NRC=KS25O2 (1:32:453, 1:42:467, 1:712:746)
Radio-S102-1 ;BXP_2    ;RRU449944B144B3C   ; A  ;11  ;16.8 (42.3) ;1.17 (22.1) ;-86.8    ;59/5      ;SE=102 AG=102 FDD=KS25M3 FDD=KS25T3 NRC=KS25O3 (1:33:295, 1:43:163, 1:713:817)
Radio-S102-1 ;BXP_2    ;RRU449944B144B3C   ; B  ;11  ;15.4 (41.9) ;1.14 (23.7) ;-86.4    ;59/5      ;SE=102 AG=102 FDD=KS25M3 FDD=KS25T3 NRC=KS25O3 (1:33:295, 1:43:163, 1:713:817)
Radio-S102-1 ;BXP_2    ;RRU449944B144B3C   ; C  ;11  ;-           ;-           ;         ;          ;
Radio-S102-1 ;BXP_2    ;RRU449944B144B3C   ; D  ;11  ;-           ;-           ;         ;          ;
AAS-S160-1   ;fru_2048 ;AIR3278B78K        ; A  ;11  ;-           ;-           ;         ;-/8       ;SE=160 NRC=KS25V1 (1:571:249)
AAS-S161-1   ;fru_2049 ;AIR3278B78K        ; A  ;11  ;-           ;-           ;         ;-/9       ;SE=161 NRC=KS25V2 (1:572:263)
AAS-S162-1   ;fru_2050 ;AIR3278B78K        ; A  ;11  ;-           ;-           ;         ;-/13      ;SE=162 NRC=KS25V3 (1:573:231)
Radio-S210-1 ;BXP_6    ;RRU227922B822B20C* ; A  ;11  ;19.1 (42.8) ;1.23 (19.7) ;-91.2    ;1/-       ;SE=210* AG=210 FDD=KS25E1 NIOT=KS25N1 (1:61:199, 1:161:199)
Radio-S210-1 ;BXP_6    ;RRU227922B822B20C* ; B  ;11  ;15.1 (41.8) ;1.25 (19.1) ;-87.0    ;1/-       ;SE=210* AG=210 FDD=KS25E1 NIOT=KS25N1 (1:61:199, 1:161:199)
Radio-S211-1 ;BXP_5    ;RRU227922B822B20C* ; A  ;11  ;30.3 (44.8) ;1.29 (17.9) ;-87.4    ;4/-       ;SE=211* AG=211 FDD=KS25E2 NIOT=KS25N2 (1:62:91, 1:162:91)
Radio-S211-1 ;BXP_5    ;RRU227922B822B20C* ; B  ;11  ;30.4 (44.8) ;1.10 (26.6) ;-89.1    ;4/-       ;SE=211* AG=211 FDD=KS25E2 NIOT=KS25N2 (1:62:91, 1:162:91)
Radio-S212-1 ;BXP_4    ;RRU227922B822B20C* ; A  ;11  ;33.1 (45.2) ;1.29 (18.0) ;-85.9    ;4/-       ;SE=212* AG=212 FDD=KS25E3 NIOT=KS25N3 (1:63:335, 1:163:335)
Radio-S212-1 ;BXP_4    ;RRU227922B822B20C* ; B  ;11  ;31.3 (45.0) ;1.11 (25.4) ;-85.9    ;4/-       ;SE=212* AG=212 FDD=KS25E3 NIOT=KS25N3 (1:63:335, 1:163:335)
-------------------------------------------------------------------------------------------------------------------------------------

KS25E> mfar

251125-16:09:54+0100 19.31.5.238 25.0h MSRBS_NODE_MODEL_25.Q1_693.28324.131_62ac stopfile=/tmp/3038625
........
Last MO: 21815. Loaded 21815 MOs. Total: 21816 MOs.
.............................................
get /rop/A20251125.1330-1345_KS25E.xml.gz /ericsson/log/amos/moshell_logfiles/t20251125_37258710_65084/logs_moshell/pmfiles/19.31.5.238/rop/A20251125.1330-1345_KS25E.xml.gz ... OK
get /rop/A20251125.1345-1400_KS25E.xml.gz /ericsson/log/amos/moshell_logfiles/t20251125_37258710_65084/logs_moshell/pmfiles/19.31.5.238/rop/A20251125.1345-1400_KS25E.xml.gz ... OK
get /rop/A20251125.1400-1415_KS25E.xml.gz /ericsson/log/amos/moshell_logfiles/t20251125_37258710_65084/logs_moshell/pmfiles/19.31.5.238/rop/A20251125.1400-1415_KS25E.xml.gz ... OK

Using hardcoded thresholds: 3, 4.5, and 16.5
================================================================================================================================
SC     SE  Tx/Rx BrPair  RfPort1 - RfPort2               HW       Serial      Cell (State)   Samples   Med  Mean  SDev Pol Res Issue
================================================================================================================================
KS25E1 210   2/2 0 (1,2) Radio-S210-1(A) Radio-S210-1(B) RRU2279  TU8U01KZ15  FDD=KS25E1 (1)   75927   0.5  -1.0   7.7  NA  OK Passed
KS25E2 211   2/2 0 (1,2) Radio-S211-1(A) Radio-S211-1(B) RRU2279  TU8U01KKG0  FDD=KS25E2 (1)  141882   1.5   1.7   7.0  NA  OK Passed
KS25E3 212   2/2 0 (1,2) Radio-S212-1(A) Radio-S212-1(B) RRU2279  TU8U01KKG6  FDD=KS25E3 (1)   44724   0.5   0.3   6.3  NA  OK Passed
KS25M1 100   2/2 0 (1,2) Radio-S100-1(A) Radio-S100-1(B) RRU4499  E23E188458  FDD=KS25M1 (1)   85669   1.5   0.9   6.9  NA  OK Passed
KS25M2 101   2/2 0 (1,2) Radio-S100-1(C) Radio-S100-1(D) RRU4499  E23E188458  FDD=KS25M2 (1)  104671   0.5   0.4   7.0  NA  OK Passed
KS25M3 102   2/2 0 (1,2) Radio-S102-1(A) Radio-S102-1(B) RRU4499  E23E188439  FDD=KS25M3 (1)   53358  -0.5  -0.5   6.7  NA  OK Passed
KS25T1 100   2/2 0 (1,2) Radio-S100-1(A) Radio-S100-1(B) RRU4499  E23E188458  FDD=KS25T1 (1)  184068   0.5   0.1   6.8  NA  OK Passed
KS25T2 101   2/2 0 (1,2) Radio-S100-1(C) Radio-S100-1(D) RRU4499  E23E188458  FDD=KS25T2 (1)  242497  -0.5  -0.2   7.4  NA  OK Passed
KS25T3 102   2/2 0 (1,2) Radio-S102-1(A) Radio-S102-1(B) RRU4499  E23E188439  FDD=KS25T3 (1)  243022  -0.5  -0.7   6.9  NA  OK Passed
================================================================================================================================
Total: 9 SectorCarriers, 9 RfBranch Pairs (9 OK, 0 OKW, 0 NOK, 0 NT)
..........
Last MO: 21815. Loaded 21815 MOs. Total: 21816 MOs.
.......................................

Using hardcoded thresholds: 3, 4.5, and 16.5
================================================================================================================================
SC     SE  Tx/Rx BrPair  RfPort1 - RfPort2               HW       Serial      Cell (State)  Samples   Med  Mean  SDev Pol Res Issue
================================================================================================================================
KS25O1 100   2/2 0 (1,2) Radio-S100-1(A) Radio-S100-1(B) RRU4499  E23E188458  DU=KS25O1 (1)  161026  -2.5  -2.5   7.4  NA  OK Passed
KS25O2 101   2/2 0 (1,2) Radio-S100-1(C) Radio-S100-1(D) RRU4499  E23E188458  DU=KS25O2 (1)  163787   1.5   1.2   7.3  NA  OK Passed
KS25O3 102   2/2 0 (1,2) Radio-S102-1(A) Radio-S102-1(B) RRU4499  E23E188439  DU=KS25O3 (1)  188888  -1.5  -1.2   6.9  NA  OK Passed
KS25V1 160 32/32 0 (1,2) AAS-S160-1                      AIR3278  E96A20328G  DU=KS25V1 (1)       0     0     0     0   ?  NT Not supported on AAS.
KS25V1 160 32/32 1 (2,3) AAS-S160-1                      AIR3278  E96A20328G  DU=KS25V1 (1)       0     0     0     0   ?  NT Not supported on AAS.
KS25V1 160 32/32 2 (3,4) AAS-S160-1                      AIR3278  E96A20328G  DU=KS25V1 (1)       0     0     0     0   ?  NT Not supported on AAS.
KS25V1 160 32/32 3 (4,5) AAS-S160-1                      AIR3278  E96A20328G  DU=KS25V1 (1)       0     0     0     0   ?  NT Not supported on AAS.
KS25V1 160 32/32 4 (5,6) AAS-S160-1                      AIR3278  E96A20328G  DU=KS25V1 (1)       0     0     0     0   ?  NT Not supported on AAS.
KS25V1 160 32/32 5 (6,7) AAS-S160-1                      AIR3278  E96A20328G  DU=KS25V1 (1)       0     0     0     0   ?  NT Not supported on AAS.
KS25V1 160 32/32 6 (7,8) AAS-S160-1                      AIR3278  E96A20328G  DU=KS25V1 (1)       0     0     0     0   ?  NT Not supported on AAS.
KS25V2 161 32/32 0 (1,2) AAS-S161-1                      AIR3278  E96A20328E  DU=KS25V2 (1)       0     0     0     0   ?  NT Not supported on AAS.
KS25V2 161 32/32 1 (2,3) AAS-S161-1                      AIR3278  E96A20328E  DU=KS25V2 (1)       0     0     0     0   ?  NT Not supported on AAS.
KS25V2 161 32/32 2 (3,4) AAS-S161-1                      AIR3278  E96A20328E  DU=KS25V2 (1)       0     0     0     0   ?  NT Not supported on AAS.
KS25V2 161 32/32 3 (4,5) AAS-S161-1                      AIR3278  E96A20328E  DU=KS25V2 (1)       0     0     0     0   ?  NT Not supported on AAS.
KS25V2 161 32/32 4 (5,6) AAS-S161-1                      AIR3278  E96A20328E  DU=KS25V2 (1)       0     0     0     0   ?  NT Not supported on AAS.
KS25V2 161 32/32 5 (6,7) AAS-S161-1                      AIR3278  E96A20328E  DU=KS25V2 (1)       0     0     0     0   ?  NT Not supported on AAS.
KS25V2 161 32/32 6 (7,8) AAS-S161-1                      AIR3278  E96A20328E  DU=KS25V2 (1)       0     0     0     0   ?  NT Not supported on AAS.
KS25V3 162 32/32 0 (1,2) AAS-S162-1                      AIR3278  E96A20328C  DU=KS25V3 (1)       0     0     0     0   ?  NT Not supported on AAS.
KS25V3 162 32/32 1 (2,3) AAS-S162-1                      AIR3278  E96A20328C  DU=KS25V3 (1)       0     0     0     0   ?  NT Not supported on AAS.
KS25V3 162 32/32 2 (3,4) AAS-S162-1                      AIR3278  E96A20328C  DU=KS25V3 (1)       0     0     0     0   ?  NT Not supported on AAS.
KS25V3 162 32/32 3 (4,5) AAS-S162-1                      AIR3278  E96A20328C  DU=KS25V3 (1)       0     0     0     0   ?  NT Not supported on AAS.
KS25V3 162 32/32 4 (5,6) AAS-S162-1                      AIR3278  E96A20328C  DU=KS25V3 (1)       0     0     0     0   ?  NT Not supported on AAS.
KS25V3 162 32/32 5 (6,7) AAS-S162-1                      AIR3278  E96A20328C  DU=KS25V3 (1)       0     0     0     0   ?  NT Not supported on AAS.
KS25V3 162 32/32 6 (7,8) AAS-S162-1                      AIR3278  E96A20328C  DU=KS25V3 (1)       0     0     0     0   ?  NT Not supported on AAS.
================================================================================================================================
Total: 6 NRSectorCarriers, 24 RfBranch Pairs (3 OK, 0 OKW, 0 NOK, 21 NT)

KS25E> mfitr

251125-16:10:26+0100 19.31.5.238 25.0h MSRBS_NODE_MODEL_25.Q1_693.28324.131_62ac stopfile=/tmp/3038625
...............
Last MO: 21815. Loaded 21815 MOs. Total: 21816 MOs.
..........
2025-11-25 16:11
================================================================================================================================
CELL       SC     FRU          BOARD             PUSCH  PUCCH       A      B      C      D  DELTA
================================================================================================================================
FDD=KS25E1 KS25E1 Radio-S210-1 RRU227922B822B20C -108.0 -108.2 -110.9 -108.3                  2.6
FDD=KS25E2 KS25E2 Radio-S211-1 RRU227922B822B20C -107.6 -107.9 -107.4 -107.2                  0.2
FDD=KS25E3 KS25E3 Radio-S212-1 RRU227922B822B20C -111.0 -111.0 -111.7 -110.0                  1.7
FDD=KS25M1 KS25M1 Radio-S100-1 RRU449944B144B3C  -109.8 -110.4 -108.6 -107.1                  1.5
FDD=KS25M2 KS25M2 Radio-S100-1 RRU449944B144B3C  -111.0 -112.2               -111.5 -112.0    0.5
FDD=KS25M3 KS25M3 Radio-S102-1 RRU449944B144B3C  -110.0 -111.4 -111.7 -111.6                  0.1
FDD=KS25T1 KS25T1 Radio-S100-1 RRU449944B144B3C  -106.9 -110.9 -108.4 -108.6                  0.2
FDD=KS25T2 KS25T2 Radio-S100-1 RRU449944B144B3C  -108.8 -111.6               -109.3 -109.5    0.2
FDD=KS25T3 KS25T3 Radio-S102-1 RRU449944B144B3C  -108.3 -114.0 -109.5 -109.6                  0.1
================================================================================================================================
Bye...
Output has been logged to file /mta_fs/UserFiles/37258710/amosbatch/SDIR/KS25E.log
