Logging to file /mta_fs/UserFiles/37258710/amosbatch/SDIR/KS73L.log
                        __  __  ____   _____
                  /\   |  \/  |/ __ \ / ____|
                 /  \  | \  / | |  | | (___  
                / /\ \ | |\/| | |  | |\___ \ 
               / ____ \| |  | | |__| |____) |
              /_/    \_\_|  |_|\____/|_____/
              OSS Framework for MoShell-25.0h 
  Copyright (c) Ericsson AB 2001-2025 - All Rights Reserved
              
           
[1;31mWARNING: [0mthe AMOS version currently running is more than 29 weeks old and is unsupported.
Please upgrade as soon as possible to the latest released version, available from your local Ericsson support.

$amosrb_pid = 2798376

Checking ip contact...OK

HELP MENU            : h
BASIC MO COMMANDS    : m
OTHER MO COMMANDS    : n
OTHER COMMANDS       : o
PM COMMANDS          : p
QUIT                 : q

KS73L> lt all

251125-14:51:29+0100 19.31.3.217 25.0h  stopfile=/tmp/2798286
Looking up temporary_amos account... OK.
Trying temporary_amos_t20251125_37258710_65084_131's password from amos lookupAccount ... OK

$ssh_pid = 2798818

Connected to 19.31.3.217 (SubNetwork=BBMM_rckomc_R,MeContext=KS73L,ManagedElement=KS73L)

Checking MOM version...MSRBS_NODE_MODEL_25.Q1_198665.224.73_bf81
Parsing MOM (cached): /ericsson/log/amos/moshell_logfiles/t20251125_37258710_65084/logs_moshell/tempfiles/scp-4-amos_20251125-145122_2798230/MSRBS_NODE_MODEL_25.Q1_198665.224.73_bf81.xml.cache.gz ......................................................................................................................................................................................................................Done.
Using paramfile /opt/ericsson/amos/moshell/commonjars/pm/PARAM_MSRBSG2_25.Q1.txt
Parsing file /opt/ericsson/amos/moshell/commonjars/pm/PARAM_MSRBSG2_25.Q1.txt ......................................................................................Done.
Using imomdfile /opt/ericsson/amos/moshell/commonjars/pm/IMOMD_MSRBS_22.Q4.txt
Using imomfile /opt/ericsson/amos/moshell/commonjars/pm/IMOM_MSRBS_25.Q1.txt
Connected to 19.31.3.217 (SubNetwork=BBMM_rckomc_R,MeContext=KS73L,ManagedElement=KS73L)

Last MO: 17110. Loaded 17110 MOs. Total: 17111 MOs.

KS73L> st cell

251125-14:51:47+0100 19.31.3.217 25.0h MSRBS_NODE_MODEL_25.Q1_198665.224.73_bf81 stopfile=/tmp/2798286
===================================================================================
Proxy  Adm State     Op. State     MO
===================================================================================
   56  1 (UNLOCKED)  1 (ENABLED)   ENodeBFunction=1,EUtranCellFDD=KS73L1
  174  1 (UNLOCKED)  1 (ENABLED)   ENodeBFunction=1,EUtranCellFDD=KS73L2
  318  1 (UNLOCKED)  1 (ENABLED)   ENodeBFunction=1,EUtranCellFDD=KS73L3
===================================================================================
Total: 3 MOs

KS73L> st radio

251125-14:51:48+0100 19.31.3.217 25.0h MSRBS_NODE_MODEL_25.Q1_198665.224.73_bf81 stopfile=/tmp/2798286
===================================================================================
Proxy  Adm State     Op. State     MO
===================================================================================
 1589  1 (UNLOCKED)  1 (ENABLED)   Equipment=1,FieldReplaceableUnit=Radio-S180-1
 1604  1 (UNLOCKED)  1 (ENABLED)   Equipment=1,FieldReplaceableUnit=Radio-S182-1
 1619  1 (UNLOCKED)  1 (ENABLED)   Equipment=1,FieldReplaceableUnit=Radio-S210-1
 1636  1 (UNLOCKED)  1 (ENABLED)   Equipment=1,FieldReplaceableUnit=Radio-S211-1
 1653  1 (UNLOCKED)  1 (ENABLED)   Equipment=1,FieldReplaceableUnit=Radio-S212-1
17104  1 (UNLOCKED)  1 (ENABLED)   Transport=1,Synchronization=1,RadioEquipmentClock=1,RadioEquipmentClockReference=NTP1
17105  1 (UNLOCKED)  0 (DISABLED)  Transport=1,Synchronization=1,RadioEquipmentClock=1,RadioEquipmentClockReference=PTP
===================================================================================
Total: 7 MOs

KS73L> sdir

251125-14:51:48+0100 19.31.3.217 25.0h MSRBS_NODE_MODEL_25.Q1_198665.224.73_bf81 stopfile=/tmp/2798286
INFO: Using amos lookupAccount credentials for the export login
...............................
get /rop/A20251125.1300-1315_KS73L.xml.gz /ericsson/log/amos/moshell_logfiles/t20251125_37258710_65084/logs_moshell/pmfiles/19.31.3.217/rop/A20251125.1300-1315_KS73L.xml.gz ... OK
get /rop/A20251125.1315-1330_KS73L.xml.gz /ericsson/log/amos/moshell_logfiles/t20251125_37258710_65084/logs_moshell/pmfiles/19.31.3.217/rop/A20251125.1315-1330_KS73L.xml.gz ... OK
get /rop/A20251125.1330-1345_KS73L.xml.gz /ericsson/log/amos/moshell_logfiles/t20251125_37258710_65084/logs_moshell/pmfiles/19.31.3.217/rop/A20251125.1330-1345_KS73L.xml.gz ... OK
....Checking available boards on node...

Collecting RCS board data ...
...................................................................................
..........................
...........................................................................................................................................................................................................................................................................................................
...........
Collecting TN data...
...............................................................................................................................................................................................................................................................................
Collecting RF data...
...
Collecting Alarms...
..Executing action Log.export()
...
Log=AlarmLog                    actionId=26519
........
Executing action LogM.exportAvailabilityLog()
..LogM=1,exportAvailabilityLog    actionId=26520
.....Parsing alarmLog........Done.
Parsing availabilityLog.....Done.
.......

Total: 5 CPRI links (5 OK, 0 OKW, 0 NOK, 0 NT)
.
+--------+                      +--------------------+
|        | A        O101     D2 |    Radio-S210-1    |
|        |-----------1----------| RRU227922B822B20C* |
|        |         OK-64m       |       BXP_6        |
|        |                      +--------------------+
|        |                                     |A  |B
|        |                 SE=210* AG=210 GT=KS73D1/0
|        |                                GT=KS73D1/1
|        |
|        |                      +--------------------+
|        | B        O101     D2 |    Radio-S211-1    |
|        |-----------2----------| RRU227922B822B20C* |
|        |         OK-64m       |       BXP_3        |
|        |                      +--------------------+
|        |                                     |A  |B
|        |                 SE=211* AG=211 GT=KS73D2/0
|        |                                GT=KS73D2/1
|        |
|        |                      +--------------------+
|        | C        O101     D2 |    Radio-S212-1    |
|        |-----------3----------| RRU227922B822B20C* |
|        |         OK-64m       |       BXP_2        |
|        |                      +--------------------+
|        |                                     |A  |B
|  BB-1  |                 SE=212* AG=212 GT=KS73D3/0
| BB6630 |                                GT=KS73D3/1
| 000100 |
|        |                      +---------------+
|        | D        O101     D1 | Radio-S180-1  |
|        |-----------4----------|   RRU4415B7   |
|        |         OK-64m       |     BXP_4     |
|        |                      +---------------+
|        |                        |A  |B  |C  |D
|        |                 SE=180 AG=180  |   |
|        |                    FDD=KS73L1  |   |
|        |                         SE=181 AG=181
|        |                            FDD=KS73L2
|        |
|        |                      +---------------+
|        | E        O101     D2 | Radio-S182-1  |
|        |-----------5----------|   RRU4415B7   |
|        |         OK-64m       |     BXP_5     |
|        |                      +---------------+
|        |                        |A  |B  |C  |D
|        |                 SE=182 AG=182  |   |
|        |                    FDD=KS73L3  |   |
|        |
+--------+

=====================================================================================================================================
ID RiL    Type Res MO1-MO2                  BOARD1-BOARD2             AlmIDs Cells (States)                Issue (Failed checks)
=====================================================================================================================================
 1 S210-1 O101 OK  BB-1(A) Radio-S210-1(D2) BB6630 RRU227922B822B20C*        GT=KS73D1/0 GT=KS73D1/1 (1,1) Passed
 2 S211-1 O101 OK  BB-1(B) Radio-S211-1(D2) BB6630 RRU227922B822B20C*        GT=KS73D2/0 GT=KS73D2/1 (1,1) Passed
 3 S212-1 O101 OK  BB-1(C) Radio-S212-1(D2) BB6630 RRU227922B822B20C*        GT=KS73D3/0 GT=KS73D3/1 (1,1) Passed
 4 S180-1 O101 OK  BB-1(D) Radio-S180-1(D1) BB6630 RRU4415B7                 FDD=KS73L1 FDD=KS73L2 (D,D)   Passed
 5 S182-1 O101 OK  BB-1(E) Radio-S182-1(D2) BB6630 RRU4415B7                 FDD=KS73L3 (D)                Passed
-------------------------------------------------------------------------------------------------------------------------------------

=====================================================================================================================================
AlmID IDs RiLs Status Alarm
=====================================================================================================================================
-------------------------------------------------------------------------------------------------------------------------------------

Node: RadioNode GL   CXP9024418/16_R8D21 (RCG123.3-3)   G2   GSM LTE-FDD 

=====================================================================================================================================
FRU          ;LNH    ;BOARD              ;ST ;FAULT ;OPER ;MAINT ;STAT ;PRODUCTNUMBER   ;REV     ;SERIAL        ;DATE     ;PMTEMP ; TEMP ; UPT ;VOLT ;SW                   ;
=====================================================================================================================================
BB-1         ;000100 ;BB6630             ; 1 ;  OFF ;  ON ;  OFF ;  ON ;KDU137848/11    ;R3E     ;E96A00NS9T    ;20220224 ;3 (OK) ;      ;33.0 ;48   ;                     ;
Radio-S180-1 ;BXP_4  ;RRU4415B7          ; 1 ;  OFF ;  ON ;  OFF ; N/A ;KRC161495/1     ;R5J     ;TU8U01MHF6    ;20220709 ;4 (OK) ; 31.5 ;33.0 ;51.4 ;CXP9013268%15_R101KB ; (Radio4415B7)
Radio-S182-1 ;BXP_5  ;RRU4415B7          ; 1 ;  OFF ;  ON ;  OFF ; N/A ;KRC161495/1     ;R5J     ;TU8U01MGMZ    ;20220709 ;4 (OK) ; 23.0 ;33.0 ;51.9 ;CXP9013268%15_R101KB ; (Radio4415B7)
Radio-S210-1 ;BXP_6  ;RRU227922B822B20C* ; 1 ;  OFF ;  ON ;  OFF ; N/A ;KRC161864/1     ;R1E     ;TU8U01Q38W    ;20220830 ;4 (OK) ; 24.5 ;33.0 ;52.7 ;CXP9013268%15_R101KB ; (Radio227922B822B20C)
Radio-S211-1 ;BXP_3  ;RRU227922B822B20C* ; 1 ;  OFF ;  ON ;  OFF ; N/A ;KRC161864/1     ;R1E     ;TU8U01Q39Y    ;20220830 ;4 (OK) ; 25.5 ;33.0 ;51.9 ;CXP9013268%15_R101KB ; (Radio227922B822B20C)
Radio-S212-1 ;BXP_2  ;RRU227922B822B20C* ; 1 ;  OFF ;  ON ;  OFF ; N/A ;KRC161864/1     ;R1E     ;TU8U01Q3A9    ;20220830 ;4 (OK) ; 32.0 ;33.0 ;51.7 ;CXP9013268%15_R101KB ; (Radio227922B822B20C)
-------------------------------------------------------------------------------------------------------------------------------------

=====================================================================================================================================
XPBOARD  ;ST ;FAULT ;OPER ;PRODUCTNUMBER ;REV ;SERIAL/NAME ;DATE     ; TEMP ;MO
=====================================================================================================================================
FAN      ; 1 ;N/A   ;N/A  ;BKV106217/1   ;N/A ;N/A         ;N/A      ;      ;SupportUnit=1 (FAN  BB-1)
-------------------------------------------------------------------------------------------------------------------------------------

=====================================================================================================================================
ID ;T ;RiL    ;BPBP ;BOARD1             ;LNH1 ;PORT ;R ;LINK ;RATE  ; BER ;BOARD2             ;LNH2 ;PORT ;R ;LINK ;RATE  ; BER ;LENGTH ;MO1 - MO2
=====================================================================================================================================
 1 ;O ;S210-1 ;1111 ;BB6630             ;000100 ; 1 ;M ;Up   ;10.1G ;   0 ;RRU227922B822B20C* ;BXP_6  ; 1 ;S ;Up   ;10.1G ;   0 ;   64m ;Fru=BB-1(A) Fru=Radio-S210-1(D2)
 2 ;O ;S211-1 ;1111 ;BB6630             ;000100 ; 2 ;M ;Up   ;10.1G ;   0 ;RRU227922B822B20C* ;BXP_3  ; 1 ;S ;Up   ;10.1G ;   0 ;   64m ;Fru=BB-1(B) Fru=Radio-S211-1(D2)
 3 ;O ;S212-1 ;1111 ;BB6630             ;000100 ; 3 ;M ;Up   ;10.1G ;   0 ;RRU227922B822B20C* ;BXP_2  ; 1 ;S ;Up   ;10.1G ;   0 ;   64m ;Fru=BB-1(C) Fru=Radio-S212-1(D2)
 4 ;O ;S180-1 ;1111 ;BB6630             ;000100 ; 4 ;M ;Up   ;10.1G ;   0 ;RRU4415B7          ;BXP_4  ; 0 ;S ;Up   ;10.1G ;   0 ;   64m ;Fru=BB-1(D) Fru=Radio-S180-1(D1)
 5 ;O ;S182-1 ;1111 ;BB6630             ;000100 ; 5 ;M ;Up   ;10.1G ;   0 ;RRU4415B7          ;BXP_5  ; 1 ;S ;Up   ;10.1G ;   0 ;   64m ;Fru=BB-1(E) Fru=Radio-S182-1(D2)
-------------------------------------------------------------------------------------------------------------------------------------

=====================================================================================================================================
ID ;LINK ;RiL    ;VENDOR1  ;VENDORPROD1      ;REV1 ;SERIAL1         ;DATE1    ;ERICSSONPROD1  ;VENDOR2  ;VENDORPROD2      ;REV2 ;SERIAL2         ;DATE2    ;ERICSSONPROD2  ;TT ;WL1     ;WL2    
=====================================================================================================================================
 1 ;Up   ;S210-1 ;ERICSSON ;LCP-10G3B4HDRME4 ;A    ;2129094A2415624 ;20210720 ;RDH10265/2 R1A ;ERICSSON ;LCP-10G3B4HDRME4 ;A    ;2129094A2415630 ;20210720 ;RDH10265/2 R1A ;0  ;1310.00 ;1310.00
 2 ;Up   ;S211-1 ;ERICSSON ;LCP-10G3B4HDRME4 ;A    ;2129094A2415636 ;20210720 ;RDH10265/2 R1A ;ERICSSON ;LCP-10G3B4HDRME4 ;A    ;2129094A2415638 ;20210720 ;RDH10265/2 R1A ;0  ;1310.00 ;1310.00
 3 ;Up   ;S212-1 ;ERICSSON ;LCP-10G3B4HDRME4 ;A    ;2129094A2415634 ;20210720 ;RDH10265/2 R1A ;ERICSSON ;LCP-10G3B4HDRME4 ;A    ;2129094A2415639 ;20210719 ;RDH10265/2 R1A ;0  ;1310.00 ;1310.00
 4 ;Up   ;S180-1 ;ERICSSON ;LCP-10G3B4HDRME4 ;A    ;2129094A2415622 ;20210719 ;RDH10265/2 R1A ;ERICSSON ;LCP-10G3B4HDRME4 ;A    ;2129094A2415640 ;20210720 ;RDH10265/2 R1A ;0  ;1310.00 ;1310.00
 5 ;Up   ;S182-1 ;ERICSSON ;LCP-10G3B4HDRME4 ;A    ;2129094A2415635 ;20210719 ;RDH10265/2 R1A ;ERICSSON ;LCP-10G3B4HDRME4 ;A    ;2129094A2415619 ;20210720 ;RDH10265/2 R1A ;0  ;1310.00 ;1310.00
-------------------------------------------------------------------------------------------------------------------------------------

=====================================================================================================================================
ID ;LINK ;RiL    ;WL1     ;TEMP1 ;TXbs1 ;TXdBm1 ;RXdBm1 ;BER1   ;WL2     ;TEMP2 ;TXbs2 ;TXdBm2 ;RXdBm2 ;BER2   ;DlLoss ;UlLoss ;LENGTH ;TT
=====================================================================================================================================
 1 ;Up   ;S210-1 ;1310.00 ;41C   ;43%   ;-2.77  ;-3.08  ;   0   ;1310.00 ;22C   ;45%   ;-2.77  ;-3.63  ;   0   ;  0.86 ;  0.31 ;   64m ; 0
 2 ;Up   ;S211-1 ;1310.00 ;44C   ;56%   ;-2.96  ;-2.95  ;   0   ;1310.00 ;18C   ;38%   ;-2.72  ;-3.75  ;   0   ;  0.79 ;  0.23 ;   64m ; 0
 3 ;Up   ;S212-1 ;1310.00 ;46C   ;57%   ;-2.90  ;-3.88  ;   0   ;1310.00 ;23C   ;36%   ;-2.77  ;-2.33  ;   0   ; -0.57 ;  1.11 ;   64m ; 0
 4 ;Up   ;S180-1 ;1310.00 ;46C   ;58%   ;-2.92  ;-3.57  ;   0   ;1310.00 ;23C   ;37%   ;-2.82  ;-3.28  ;   0   ;  0.36 ;  0.75 ;   64m ; 0
 5 ;Up   ;S182-1 ;1310.00 ;43C   ;51%   ;-2.76  ;-1.19  ;   0   ;1310.00 ;16C   ;40%   ;-2.77  ;-2.76  ;   0   ;     0 ; -1.58 ;   64m ; 0
-------------------------------------------------------------------------------------------------------------------------------------

=====================================================================================================================================
ID ;RiL    ;BOARD              ;SFPLNH  ;PORT ;VENDOR   ;VENDORPROD       ;REV  ;SERIAL          ;DATE     ;ERICSSONPROD   ;WL      ;TEMP  ;TXbs  ;TXdBm  ;RXdBm  ; BER
=====================================================================================================================================
 1 ;S210-1 ;BB6630             ;000100   ;  1 ;ERICSSON ;LCP-10G3B4HDRME4 ;A    ;2129094A2415624 ;20210720 ;RDH10265/2 R1A ;1310.00 ;41C   ;43%   ;-2.77  ;-3.08  ;   0
 2 ;S211-1 ;BB6630             ;000100   ;  2 ;ERICSSON ;LCP-10G3B4HDRME4 ;A    ;2129094A2415636 ;20210720 ;RDH10265/2 R1A ;1310.00 ;44C   ;56%   ;-2.96  ;-2.95  ;   0
 3 ;S212-1 ;BB6630             ;000100   ;  3 ;ERICSSON ;LCP-10G3B4HDRME4 ;A    ;2129094A2415634 ;20210720 ;RDH10265/2 R1A ;1310.00 ;46C   ;57%   ;-2.90  ;-3.88  ;   0
 4 ;S180-1 ;BB6630             ;000100   ;  4 ;ERICSSON ;LCP-10G3B4HDRME4 ;A    ;2129094A2415622 ;20210719 ;RDH10265/2 R1A ;1310.00 ;46C   ;58%   ;-2.92  ;-3.57  ;   0
 5 ;S182-1 ;BB6630             ;000100   ;  5 ;ERICSSON ;LCP-10G3B4HDRME4 ;A    ;2129094A2415635 ;20210719 ;RDH10265/2 R1A ;1310.00 ;43C   ;51%   ;-2.76  ;-1.19  ;   0
 3 ;S212-1 ;RRU227922B822B20C* ;BXP_2    ;  1 ;ERICSSON ;LCP-10G3B4HDRME4 ;A    ;2129094A2415639 ;20210719 ;RDH10265/2 R1A ;1310.00 ;23C   ;36%   ;-2.77  ;-2.33  ;   0
 2 ;S211-1 ;RRU227922B822B20C* ;BXP_3    ;  1 ;ERICSSON ;LCP-10G3B4HDRME4 ;A    ;2129094A2415638 ;20210720 ;RDH10265/2 R1A ;1310.00 ;18C   ;38%   ;-2.72  ;-3.75  ;   0
 4 ;S180-1 ;RRU4415B7          ;BXP_4    ;  0 ;ERICSSON ;LCP-10G3B4HDRME4 ;A    ;2129094A2415640 ;20210720 ;RDH10265/2 R1A ;1310.00 ;23C   ;37%   ;-2.82  ;-3.28  ;   0
 5 ;S182-1 ;RRU4415B7          ;BXP_5    ;  1 ;ERICSSON ;LCP-10G3B4HDRME4 ;A    ;2129094A2415619 ;20210720 ;RDH10265/2 R1A ;1310.00 ;16C   ;40%   ;-2.77  ;-2.76  ;   0
 1 ;S210-1 ;RRU227922B822B20C* ;BXP_6    ;  1 ;ERICSSON ;LCP-10G3B4HDRME4 ;A    ;2129094A2415630 ;20210720 ;RDH10265/2 R1A ;1310.00 ;22C   ;45%   ;-2.77  ;-3.63  ;   0
-------------------------------------------------------------------------------------------------------------------------------------
TN ;       ;BB6630             ;000100   ;  A ;ERICSSON ;LCP-10G3B4HDRME4 ;A    ;2129094A2415617 ;20210720 ;RDH10265/2 R1A ;0       ;36C   ;46%   ;-2.77  ;-3.14  ;NZ/0
-------------------------------------------------------------------------------------------------------------------------------------

=====================================================================================================================================
BOARD  ;LNH    ;PORT   ;T ;S ;OpMode   ;AutoNeg ;MacAddress        ;VlanIds        ;LOS ;BER
=====================================================================================================================================
BB6630 ;000100 ;IDL_A1 ;E ;1 ;10G_FULL ;false   ;7C:72:6E:74:A1:F5 ;3908           ;0   ;0/0
BB6630 ;000100 ;TN_A   ;O ;1 ;10G_FULL ;false   ;7C:72:6E:74:A1:F1 ;3901,3908,3910 ;0   ;NZ/0
-------------------------------------------------------------------------------------------------------------------------------------

radioClockState : FREQUENCY_LOCKED
-------------------------------------------------------------------------------------
Prio  ;ST  ;syncRefType    ;refStatus  ;opQualLevel  ;SyncReference
-------------------------------------------------------------------------------------
   1  ; 0  ;PTP_TIME       ;PTP_FAULT  ;PRC          ;Ptp=1,BoundaryOrdinaryClock=PTP (G_8275_1 EthernetPort=TN_A:SLAVE)
   2  ; 1  ;NTP_FREQUENCY  ;NO_FAULT   ;PRC          ;Ntp=1,NtpFrequencySync=NTP1 (10.31.0.54:32751 Router=45G_Traffic,InterfaceIPv4=LTE,AddressIPv4=LTE)
-------------------------------------------------------------------------------------
-------------------------------------------------------------------------------------
Prio  ;ST  ;assistRefStatus  ;recQualLevel  ;AssistingReference
-------------------------------------------------------------------------------------
   1  ; 0  ;UNKNOWN          ;PRC           ;Synchronization=1,SyncEthInput=SyncE (SFP_OPTICAL EthernetPort=TN_A)
-------------------------------------------------------------------------------------
nodeGroupRole   : SYNC_RECEIVER (syncNodePriority=3, selectionMode=NODE_PRIORITY)
-------------------------------------------------------------------------------------
DU  ;Port  ;sharedUnitRef (RiPortA - RiPortB)  ;remoteNodePriority  ;CandidateStatus
-------------------------------------------------------------------------------------
1   ;B     ;Fru=Radio-S211-1 (2 - 1)           ;1                   ;OK_NOT_ACTIVE
1   ;C     ;Fru=Radio-S212-1 (2 - 1)           ;1                   ;OK_NOT_ACTIVE
1   ;A     ;Fru=Radio-S210-1 (2 - 1)           ;1                   ;OK_ACTIVE
-------------------------------------------------------------------------------------

=====================================================================================================================================
FRU          ;LNH    ;BOARD              ;RF  ;BP  ;TX (W/dBm)  ;VSWR (RL)   ;RX (dBm) ;UEs/gUEs  ;Sector/AntennaGroup/Cells (State:CellIds:PCIs)
=====================================================================================================================================
Radio-S180-1 ;BXP_4  ;RRU4415B7          ; A  ;11  ;21.4 (43.3) ;1.22 (20.2) ;-95.0    ;12/-      ;SE=180 AG=180 FDD=KS73L1 (D:21:181)
Radio-S180-1 ;BXP_4  ;RRU4415B7          ; B  ;11  ;-           ;1.18 (21.5) ;-95.7    ;12/-      ;SE=180 AG=180 FDD=KS73L1 (D:21:181)
Radio-S180-1 ;BXP_4  ;RRU4415B7          ; C  ;11  ;17.8 (42.5) ;1.13 (24.6) ;-92.1    ;12/-      ;SE=181 AG=181 FDD=KS73L2 (D:22:212)
Radio-S180-1 ;BXP_4  ;RRU4415B7          ; D  ;11  ;17.8 (42.5) ;1.10 (26.7) ;-91.6    ;12/-      ;SE=181 AG=181 FDD=KS73L2 (D:22:212)
Radio-S182-1 ;BXP_5  ;RRU4415B7          ; A  ;11  ;12.3 (40.9) ;1.14 (23.7) ;-98.8    ;1/-       ;SE=182 AG=182 FDD=KS73L3 (D:23:407)
Radio-S182-1 ;BXP_5  ;RRU4415B7          ; B  ;11  ;11.7 (40.7) ;1.14 (23.5) ;-97.6    ;1/-       ;SE=182 AG=182 FDD=KS73L3 (D:23:407)
Radio-S182-1 ;BXP_5  ;RRU4415B7          ; C  ;11  ;-           ;-           ;         ;          ;
Radio-S182-1 ;BXP_5  ;RRU4415B7          ; D  ;11  ;-           ;-           ;         ;          ;
Radio-S210-1 ;BXP_6  ;RRU227922B822B20C* ; A  ;11  ;20.8 (43.2) ;1.15 (23.0) ;-89.5    ;-/-       ;SE=210* AG=210 GT=KS73D1/0 GT=KS73D1/1 (1, 1)
Radio-S210-1 ;BXP_6  ;RRU227922B822B20C* ; B  ;11  ;10.1 (40.1) ;1.13 (24.3) ;-91.8    ;-/-       ;SE=210* AG=210 GT=KS73D1/0 GT=KS73D1/1 (1, 1)
Radio-S211-1 ;BXP_3  ;RRU227922B822B20C* ; A  ;11  ;18.0 (42.6) ;1.07 (29.3) ;-94.4    ;-/-       ;SE=211* AG=211 GT=KS73D2/0 GT=KS73D2/1 (1, 1)
Radio-S211-1 ;BXP_3  ;RRU227922B822B20C* ; B  ;11  ;23.0 (43.6) ;1.06 (30.3) ;-92.9    ;-/-       ;SE=211* AG=211 GT=KS73D2/0 GT=KS73D2/1 (1, 1)
Radio-S212-1 ;BXP_2  ;RRU227922B822B20C* ; A  ;11  ;20.8 (43.2) ;1.18 (21.8) ;-91.5    ;-/-       ;SE=212* AG=212 GT=KS73D3/0 GT=KS73D3/1 (1, 1)
Radio-S212-1 ;BXP_2  ;RRU227922B822B20C* ; B  ;11  ;24.1 (43.8) ;1.20 (20.9) ;-92.6    ;-/-       ;SE=212* AG=212 GT=KS73D3/0 GT=KS73D3/1 (1, 1)
-------------------------------------------------------------------------------------------------------------------------------------

KS73L> mfar

251125-14:54:10+0100 19.31.3.217 25.0h MSRBS_NODE_MODEL_25.Q1_198665.224.73_bf81 stopfile=/tmp/2798286
.....
Last MO: 17108. Loaded 17108 MOs. Total: 17109 MOs.
..........................................
get /rop/A20251125.1215-1230_KS73L.xml.gz /ericsson/log/amos/moshell_logfiles/t20251125_37258710_65084/logs_moshell/pmfiles/19.31.3.217/rop/A20251125.1215-1230_KS73L.xml.gz ... OK
get /rop/A20251125.1230-1245_KS73L.xml.gz /ericsson/log/amos/moshell_logfiles/t20251125_37258710_65084/logs_moshell/pmfiles/19.31.3.217/rop/A20251125.1230-1245_KS73L.xml.gz ... OK
get /rop/A20251125.1245-1300_KS73L.xml.gz /ericsson/log/amos/moshell_logfiles/t20251125_37258710_65084/logs_moshell/pmfiles/19.31.3.217/rop/A20251125.1245-1300_KS73L.xml.gz ... OK

Using hardcoded thresholds: 3, 4.5, and 16.5
================================================================================================================================
SC     SE  Tx/Rx BrPair  RfPort1 - RfPort2               HW       Serial      Cell (State)   Samples   Med  Mean  SDev Pol Res Issue
================================================================================================================================
KS73L1 180   2/2 0 (1,2) Radio-S180-1(A) Radio-S180-1(B) RRU4415  TU8U01MHF6  FDD=KS73L1 (1)  330472  -0.5  -0.3   6.4  NA  OK Passed
KS73L2 181   2/2 0 (1,2) Radio-S180-1(C) Radio-S180-1(D) RRU4415  TU8U01MHF6  FDD=KS73L2 (1)  567519   0.5  -0.0   7.0  NA  OK Passed
KS73L3 182   2/2 0 (1,2) Radio-S182-1(A) Radio-S182-1(B) RRU4415  TU8U01MGMZ  FDD=KS73L3 (1)  109746  -0.5  -0.1   6.7  NA  OK Passed
================================================================================================================================
Total: 3 SectorCarriers, 3 RfBranch Pairs (3 OK, 0 OKW, 0 NOK, 0 NT)
.....
Last MO: 17108. Loaded 17108 MOs. Total: 17109 MOs.

No NRSectorCarrier MOs are defined on the node.

KS73L> mfitr

251125-14:54:26+0100 19.31.3.217 25.0h MSRBS_NODE_MODEL_25.Q1_198665.224.73_bf81 stopfile=/tmp/2798286
.........
Last MO: 17108. Loaded 17108 MOs. Total: 17109 MOs.
.......
2025-11-25 14:55
================================================================================================================================
CELL       SC     FRU          BOARD     PUSCH  PUCCH       A      B      C      D  DELTA
================================================================================================================================
FDD=KS73L1 KS73L1 Radio-S180-1 RRU4415B7 -116.2 -117.8 -116.0 -116.1                  0.1
FDD=KS73L2 KS73L2 Radio-S180-1 RRU4415B7 -112.7 -116.2               -112.4 -114.1    1.7
FDD=KS73L3 KS73L3 Radio-S182-1 RRU4415B7 -116.4 -117.9 -118.3 -117.5                  0.8
================================================================================================================================
Bye...
Output has been logged to file /mta_fs/UserFiles/37258710/amosbatch/SDIR/KS73L.log
