Logging to file /mta_fs/UserFiles/37258710/amosbatch/SDIR/RC07E.log
                        __  __  ____   _____
                  /\   |  \/  |/ __ \ / ____|
                 /  \  | \  / | |  | | (___  
                / /\ \ | |\/| | |  | |\___ \ 
               / ____ \| |  | | |__| |____) |
              /_/    \_\_|  |_|\____/|_____/
              OSS Framework for MoShell-25.0h 
  Copyright (c) Ericsson AB 2001-2025 - All Rights Reserved
              
           
[1;31mWARNING: [0mthe AMOS version currently running is more than 29 weeks old and is unsupported.
Please upgrade as soon as possible to the latest released version, available from your local Ericsson support.

$amosrb_pid = 1743703

Checking ip contact...OK

HELP MENU            : h
BASIC MO COMMANDS    : m
OTHER MO COMMANDS    : n
OTHER COMMANDS       : o
PM COMMANDS          : p
QUIT                 : q

RC07E> lt all

251125-09:35:55+0100 19.31.13.165 25.0h  stopfile=/tmp/1743390
Looking up temporary_amos account... OK.
Trying temporary_amos_t20251125_37258710_65084_131's password from amos lookupAccount ... OK

$ssh_pid = 1744314

Connected to 19.31.13.165 (SubNetwork=BBMM_rckomc_R,MeContext=RC07E,ManagedElement=RC07E)

Checking MOM version...MSRBS_NODE_MODEL_25.Q1_693.28324.131_62ac
Parsing MOM (cached): /ericsson/log/amos/moshell_logfiles/t20251125_37258710_65084/logs_moshell/tempfiles/scp-4-amos_20251125-093548_1743327/MSRBS_NODE_MODEL_25.Q1_693.28324.131_62ac.xml.cache.gz ..................................................................................................................................................................................................................................Done.
Using paramfile /opt/ericsson/amos/moshell/commonjars/pm/PARAM_MSRBS_25.Q1.txt
Parsing file /opt/ericsson/amos/moshell/commonjars/pm/PARAM_MSRBS_25.Q1.txt .......................................................................................Done.
Using imomdfile /opt/ericsson/amos/moshell/commonjars/pm/IMOMD_MSRBS_22.Q4.txt
Using imomfile /opt/ericsson/amos/moshell/commonjars/pm/IMOM_MSRBS_25.Q1.txt
Connected to 19.31.13.165 (SubNetwork=BBMM_rckomc_R,MeContext=RC07E,ManagedElement=RC07E)

Last MO: 19848. Loaded 19848 MOs. Total: 19849 MOs.

RC07E> st cell

251125-09:36:09+0100 19.31.13.165 25.0h MSRBS_NODE_MODEL_25.Q1_693.28324.131_62ac stopfile=/tmp/1743390
===================================================================================
Proxy  Adm State     Op. State     MO
===================================================================================
   43  1 (UNLOCKED)  1 (ENABLED)   ENodeBFunction=1,EUtranCellFDD=RC07E1
  404  1 (UNLOCKED)  1 (ENABLED)   ENodeBFunction=1,EUtranCellFDD=RC07E2
  798  1 (UNLOCKED)  1 (ENABLED)   ENodeBFunction=1,EUtranCellFDD=RC07M1
  894  1 (UNLOCKED)  1 (ENABLED)   ENodeBFunction=1,EUtranCellFDD=RC07M2
 1069  1 (UNLOCKED)  1 (ENABLED)   ENodeBFunction=1,EUtranCellFDD=RC07T1
 1181  1 (UNLOCKED)  1 (ENABLED)   ENodeBFunction=1,EUtranCellFDD=RC07T2
 2669  1 (UNLOCKED)  1 (ENABLED)   ENodeBFunction=1,NbIotCell=RC07N1
 2670  1 (UNLOCKED)  1 (ENABLED)   ENodeBFunction=1,NbIotCell=RC07N2
===================================================================================
Total: 8 MOs

RC07E> st radio

251125-09:36:10+0100 19.31.13.165 25.0h MSRBS_NODE_MODEL_25.Q1_693.28324.131_62ac stopfile=/tmp/1743390
===================================================================================
Proxy  Adm State     Op. State     MO
===================================================================================
 3783  1 (UNLOCKED)  1 (ENABLED)   Equipment=1,FieldReplaceableUnit=Radio-S1-1
 3795  1 (UNLOCKED)  1 (ENABLED)   Equipment=1,FieldReplaceableUnit=Radio-S100-1
 3818  1 (UNLOCKED)  1 (ENABLED)   Equipment=1,FieldReplaceableUnit=Radio-S2-1
19841  1 (UNLOCKED)  1 (ENABLED)   Transport=1,Synchronization=1,RadioEquipmentClock=1,RadioEquipmentClockReference=NTP1
19842  1 (UNLOCKED)  1 (ENABLED)   Transport=1,Synchronization=1,RadioEquipmentClock=1,RadioEquipmentClockReference=PTP8275_2
===================================================================================
Total: 5 MOs

RC07E> sdir

251125-09:36:10+0100 19.31.13.165 25.0h MSRBS_NODE_MODEL_25.Q1_693.28324.131_62ac stopfile=/tmp/1743390
INFO: Using amos lookupAccount credentials for the export login
..........................
get /rop/A20251125.0745-0800_RC07E.xml.gz /ericsson/log/amos/moshell_logfiles/t20251125_37258710_65084/logs_moshell/pmfiles/19.31.13.165/rop/A20251125.0745-0800_RC07E.xml.gz ... OK
get /rop/A20251125.0800-0815_RC07E.xml.gz /ericsson/log/amos/moshell_logfiles/t20251125_37258710_65084/logs_moshell/pmfiles/19.31.13.165/rop/A20251125.0800-0815_RC07E.xml.gz ... OK
get /rop/A20251125.0815-0830_RC07E.xml.gz /ericsson/log/amos/moshell_logfiles/t20251125_37258710_65084/logs_moshell/pmfiles/19.31.13.165/rop/A20251125.0815-0830_RC07E.xml.gz ... OK
...Checking available boards on node...

Collecting RCS board data ...
........................................................................................................................
.
..............................................................................................................................................................................................................................................................................................
......
Collecting TN data...
....
Getting MO data from node (52 MOs). Please wait...
0%                                             ~50%                                           ~100%
.................................................................................................................................
Collecting RF data...
.
Collecting Alarms...
.Executing action Log.export()
...
Log=AlarmLog                    actionId=36684
...............
Executing action LogM.exportAvailabilityLog()
..LogM=1,exportAvailabilityLog    actionId=36685
.....Parsing alarmLog.........Done.
Parsing availabilityLog....Done.
........

Total: 3 CPRI links (1 OK, 2 OKW, 0 NOK, 0 NT)

+--------+                      +------------+
|        | A        O98      D1 | Radio-S1-1 |
|        |-----------1----------| RRU2217B20 |
|        |        OKW-57m       |   BXP_4    |
|        |                      +------------+
|        |                             |A  |B
|        |               SE=1 AG=1 FDD=RC07E1
|        |                        NIOT=RC07N1
|        |
|        |                      +------------+
|        | B        O98      D1 | Radio-S2-1 |
|        |-----------2----------| RRU2217B20 |
|        |        OKW-57m       |   BXP_3    |
|  BB-1  |                      +------------+
| BB6631 |                             |A  |B
| 000100 |               SE=2 AG=2 FDD=RC07E2
|        |                        NIOT=RC07N2
|        |
|        |                      +------------------+
|        | D        O101     D2 |   Radio-S100-1   |
|        |-----------3----------| RRU449944B144B3C |
|        |         OK-56m       |      BXP_2       |
|        |                      +------------------+
|        |                           |A  |B  |C  |D
|        |                    SE=100 AG=100  |   |
|        |            FDD=RC07M1 FDD=RC07T1  |   |
|        |                            SE=101 AG=101
|        |                    FDD=RC07M2 FDD=RC07T2
|        |
+--------+

=====================================================================================================================================
ID RiL    Type Res MO1-MO2                  BOARD1-BOARD2           AlmIDs Cells (States)                                        Issue (Failed checks)
=====================================================================================================================================
 1 S1-1   O98  OKW BB-1(A) Radio-S1-1(D1)   BB6631 RRU2217B20       1      FDD=RC07E1 NIOT=RC07N1 (D,D)                          Conditionally Passed (Non-CPRI active alarm)
 2 S2-1   O98  OKW BB-1(B) Radio-S2-1(D1)   BB6631 RRU2217B20       2      FDD=RC07E2 NIOT=RC07N2 (D,D)                          Conditionally Passed (Non-CPRI active alarm)
 3 S100-1 O101 OK  BB-1(D) Radio-S100-1(D2) BB6631 RRU449944B144B3C        FDD=RC07M1 FDD=RC07M2 FDD=RC07T1 FDD=RC07T2 (1,1,1,1) Passed
-------------------------------------------------------------------------------------------------------------------------------------

=====================================================================================================================================
AlmID IDs RiLs Status Alarm
=====================================================================================================================================
1     1   S1-1 A      Inconsistent Configuration - ENodeBFunction=1,SectorCarrier=RC07E1 (Value of noOfRxAntennas exceeds configured capacity in sector represented by MO in Additional Information. AI: DN1:ManagedElement=1,NodeSupport=1,SectorEquipmentFunction=1 P:60->61,63)
2     2   S2-1 A      Inconsistent Configuration - ENodeBFunction=1,SectorCarrier=RC07E2 (Value of noOfRxAntennas exceeds configured capacity in sector represented by MO in Additional Information. AI: DN1:ManagedElement=1,NodeSupport=1,SectorEquipmentFunction=2 P:59->62,64)
-------------------------------------------------------------------------------------------------------------------------------------

Node: RadioNode L   CXP2010174/2_R27J08 (25.Q1)   G3.1   LTE-FDD,LTE-IoT 

=====================================================================================================================================
FRU          ;LNH    ;BOARD            ;ST ;FAULT ;OPER ;MAINT ;STAT ;PRODUCTNUMBER   ;REV     ;SERIAL        ;DATE     ;PMTEMP ; TEMP ; UPT ;VOLT ;SW                   ;
=====================================================================================================================================
BB-1         ;000100 ;BB6631           ; 1 ;  OFF ;  ON ;  OFF ;  ON ;KDU1370071/11   ;R3H     ;E96A0171G1    ;20240703 ;3 (OK) ;      ;21.9 ;52   ;                     ;
Radio-S1-1   ;BXP_4  ;RRU2217B20       ; 1 ;  OFF ;  ON ;  OFF ; N/A ;KRC161549/1     ;R1T     ;TU8U02JX7J    ;20240525 ;4 (OK) ; 38.0 ;21.8 ;52.5 ;CXP9013268%9_R96JB   ; (Radio2217B20)
Radio-S100-1 ;BXP_2  ;RRU449944B144B3C ; 1 ;  OFF ;  ON ;  OFF ; N/A ;KRC161787/1     ;R3A     ;E23F632333    ;20240625 ;4 (OK) ; 44.6 ;81.9 ;51.9 ;CXP9013268%15_R101LX ; (Radio449944B144B3C)
Radio-S2-1   ;BXP_3  ;RRU2217B20       ; 1 ;  OFF ;  ON ;  OFF ; N/A ;KRC161549/1     ;R1T     ;TU8U02JX0G    ;20240525 ;4 (OK) ; 50.3 ;81.9 ;51.5 ;CXP9013268%9_R96JB   ; (Radio2217B20)
-------------------------------------------------------------------------------------------------------------------------------------

=====================================================================================================================================
AntennaNearUnit                                   ;ST  ;TYPE   ;PRODUCTNR  ;REV             ;UNIQUEID             ;RfPort
=====================================================================================================================================
AntennaUnitGroup=1,AntennaNearUnit=RET_1800_2100  ; 1  ;S-RET  ;ARCU02004  ;RF11CIPT_VER.C  ;HWB56074941214832CV  ;FieldReplaceableUnit=Radio-S1-1,RfPort=R
AntennaUnitGroup=1,AntennaNearUnit=RET_800        ; 1  ;S-RET  ;RETINSIDE  ;RF11CIPT_VER.C  ;HWM1161E6004101254r  ;FieldReplaceableUnit=Radio-S1-1,RfPort=R
AntennaUnitGroup=1,AntennaNearUnit=RET_900        ; 1  ;S-RET  ;RETINSIDE  ;RF11CIPT_VER.C  ;HWM1161E600422538rr  ;FieldReplaceableUnit=Radio-S1-1,RfPort=R
AntennaUnitGroup=2,AntennaNearUnit=RET_1800       ; 1  ;S-RET  ;ARCU02004  ;RF11CIPT_VER.C  ;HWB4666288521470A09  ;FieldReplaceableUnit=Radio-S2-1,RfPort=R
AntennaUnitGroup=2,AntennaNearUnit=RET_2100       ; 1  ;S-RET  ;ARCU02004  ;RF11CIPT_VER.C  ;HWB87833873014832AH  ;FieldReplaceableUnit=Radio-S2-1,RfPort=R
AntennaUnitGroup=2,AntennaNearUnit=RET_800        ; 1  ;S-RET  ;RETINSIDE  ;RF11CIPT_VER.C  ;HWM1161E6002D92207r  ;FieldReplaceableUnit=Radio-S2-1,RfPort=R
AntennaUnitGroup=2,AntennaNearUnit=RET_900        ; 1  ;S-RET  ;RETINSIDE  ;RF11CIPT_VER.C  ;HWM1161E6002E1004rr  ;FieldReplaceableUnit=Radio-S2-1,RfPort=R
-------------------------------------------------------------------------------------------------------------------------------------

=====================================================================================================================================
XPBOARD  ;ST ;FAULT ;OPER ;PRODUCTNUMBER ;REV ;SERIAL/NAME ;DATE     ; TEMP ;MO
=====================================================================================================================================
FAN08    ; 1 ;N/A   ;N/A  ;BKV106236/1   ;R2F ;DD139B4648  ;20240506 ; 51.0 ;SupportUnit=1 (FAN  BB-1)
-------------------------------------------------------------------------------------------------------------------------------------

=====================================================================================================================================
ID ;T ;RiL    ;BPBP ;BOARD1           ;LNH1 ;PORT ;R ;LINK ;RATE  ; BER ;BOARD2           ;LNH2 ;PORT ;R ;LINK ;RATE  ; BER ;LENGTH ;MO1 - MO2
=====================================================================================================================================
 1 ;O ;  S1-1 ;1111 ;BB6631           ;000100 ; 1 ;M ;Up   ;9.8G  ;   0 ;RRU2217B20       ;BXP_4  ; 0 ;S ;Up   ;9.8G  ;   0 ;   57m ;Fru=BB-1(A) Fru=Radio-S1-1(D1)
 2 ;O ;  S2-1 ;1111 ;BB6631           ;000100 ; 2 ;M ;Up   ;9.8G  ;   0 ;RRU2217B20       ;BXP_3  ; 0 ;S ;Up   ;9.8G  ;   0 ;   57m ;Fru=BB-1(B) Fru=Radio-S2-1(D1)
 3 ;O ;S100-1 ;1111 ;BB6631           ;000100 ; 4 ;M ;Up   ;10.1G ;   0 ;RRU449944B144B3C ;BXP_2  ; 1 ;S ;Up   ;10.1G ;   0 ;   56m ;Fru=BB-1(D) Fru=Radio-S100-1(D2)
-------------------------------------------------------------------------------------------------------------------------------------

=====================================================================================================================================
ID ;LINK ;RiL    ;VENDOR1  ;VENDORPROD1     ;REV1 ;SERIAL1        ;DATE1    ;ERICSSONPROD1      ;VENDOR2  ;VENDORPROD2     ;REV2 ;SERIAL2        ;DATE2    ;ERICSSONPROD2      ;TT ;WL1     ;WL2    
=====================================================================================================================================
 1 ;Up   ;  S1-1 ;ERICSSON ;EOLP-1396-02-IY ;1.0  ;DZ8Q401YJM     ;20240522 ;RDH10265/2 R1A     ;ERICSSON ;EOLP-1396-02-IY ;1.0  ;DZ8Q401YHZ     ;20240522 ;RDH10265/2 R1A     ;0  ;1310.00 ;1310.00
 2 ;Up   ;  S2-1 ;ERICSSON ;EOLP-1396-02-IY ;1.0  ;DZ8Q401YHD     ;20240522 ;RDH10265/2 R1A     ;ERICSSON ;EOLP-1396-02-IY ;1.0  ;DZ8Q401YHJ     ;20240522 ;RDH10265/2 R1A     ;0  ;1310.00 ;1310.00
 3 ;Up   ;S100-1 ;ERICSSON ;EOLP-1396-02-IY ;1.0  ;DZ8Q401YJ4     ;20240522 ;RDH10265/2 R1A     ;ERICSSON ;EOLP-1396-02-IY ;1.0  ;DZ8Q401YJ2     ;20240522 ;RDH10265/2 R1A     ;0  ;1310.00 ;1310.00
-------------------------------------------------------------------------------------------------------------------------------------

=====================================================================================================================================
ID ;LINK ;RiL    ;WL1     ;TEMP1 ;TXbs1 ;TXdBm1 ;RXdBm1 ;BER1   ;WL2     ;TEMP2 ;TXbs2 ;TXdBm2 ;RXdBm2 ;BER2   ;DlLoss ;UlLoss ;LENGTH ;TT
=====================================================================================================================================
 1 ;Up   ;  S1-1 ;1310.00 ;48C   ;43%   ;-3.06  ;-4.80  ;   0   ;1310.00 ;41C   ;40%   ;-3.00  ;-3.35  ;   0   ;  0.29 ;   1.8 ;   57m ; 0
 2 ;Up   ;  S2-1 ;1310.00 ;48C   ;44%   ;-3.42  ;-3.21  ;   0   ;1310.00 ;51C   ;43%   ;-2.90  ;-3.64  ;   0   ;  0.22 ;  0.31 ;   57m ; 0
 3 ;Up   ;S100-1 ;1310.00 ;50C   ;44%   ;-2.72  ;-3.12  ;   0   ;1310.00 ;40C   ;41%   ;-3.26  ;-3.24  ;   0   ;  0.52 ; -0.14 ;   56m ; 0
-------------------------------------------------------------------------------------------------------------------------------------

=====================================================================================================================================
ID ;RiL    ;BOARD            ;SFPLNH  ;PORT ;VENDOR   ;VENDORPROD      ;REV  ;SERIAL         ;DATE     ;ERICSSONPROD       ;WL      ;TEMP  ;TXbs  ;TXdBm  ;RXdBm  ; BER
=====================================================================================================================================
 1 ;  S1-1 ;BB6631           ;000100   ;  1 ;ERICSSON ;EOLP-1396-02-IY ;1.0  ;DZ8Q401YJM     ;20240522 ;RDH10265/2 R1A     ;1310.00 ;48C   ;43%   ;-3.06  ;-4.80  ;   0
 2 ;  S2-1 ;BB6631           ;000100   ;  2 ;ERICSSON ;EOLP-1396-02-IY ;1.0  ;DZ8Q401YHD     ;20240522 ;RDH10265/2 R1A     ;1310.00 ;48C   ;44%   ;-3.42  ;-3.21  ;   0
 3 ;S100-1 ;BB6631           ;000100   ;  4 ;ERICSSON ;EOLP-1396-02-IY ;1.0  ;DZ8Q401YJ4     ;20240522 ;RDH10265/2 R1A     ;1310.00 ;50C   ;44%   ;-2.72  ;-3.12  ;   0
 3 ;S100-1 ;RRU449944B144B3C ;BXP_2    ;  1 ;ERICSSON ;EOLP-1396-02-IY ;1.0  ;DZ8Q401YJ2     ;20240522 ;RDH10265/2 R1A     ;1310.00 ;40C   ;41%   ;-3.26  ;-3.24  ;   0
 2 ;  S2-1 ;RRU2217B20       ;BXP_3    ;  0 ;ERICSSON ;EOLP-1396-02-IY ;1.0  ;DZ8Q401YHJ     ;20240522 ;RDH10265/2 R1A     ;1310.00 ;51C   ;43%   ;-2.90  ;-3.64  ;   0
 1 ;  S1-1 ;RRU2217B20       ;BXP_4    ;  0 ;ERICSSON ;EOLP-1396-02-IY ;1.0  ;DZ8Q401YHZ     ;20240522 ;RDH10265/2 R1A     ;1310.00 ;41C   ;40%   ;-3.00  ;-3.35  ;   0
-------------------------------------------------------------------------------------------------------------------------------------
TN ;       ;BB6631           ;000100   ; IB ;WTD      ;RTXM192-406-C25 ;3.0  ;CU824E014F     ;20240520 ;RDH10247/2 R2A     ;1310    ;47C   ;21%   ;-5.41  ;-7.35  ;NZ/0
TN ;       ;BB6631           ;000100   ;IA1 ;ERICSSON ;NDAAF9-E201     ;E    ;APF24212012D6T ;20240524 ;RPM777053/1000 R1B ;NA      ;NA    ;NA    ;NA     ;NA     ; 0/0
-------------------------------------------------------------------------------------------------------------------------------------

=====================================================================================================================================
BOARD  ;LNH    ;PORT       ;T ;S ;OpMode   ;AutoNeg ;MacAddress        ;VlanIds             ;LOS ;BER
=====================================================================================================================================
BB6631 ;000100 ;TN_IDL_A_1 ;O ;1 ;10G_FULL ;false   ;E4:0D:3B:8B:C8:DE ;3901,3902           ;0   ;0/0
BB6631 ;000100 ;TN_IDL_B   ;O ;1 ;1G_FULL  ;true    ;E4:0D:3B:8B:C8:E2 ;3901,3902,3908,3910 ;0   ;NZ/0
-------------------------------------------------------------------------------------------------------------------------------------

radioClockState : RNT_TIME_LOCKED
-------------------------------------------------------------------------------------
Prio  ;ST  ;syncRefType    ;refStatus  ;opQualLevel  ;SyncReference
-------------------------------------------------------------------------------------
  *1  ; 1  ;PTP_TIME       ;NO_FAULT   ;PRTC         ;Ptp=1,BoundaryOrdinaryClock=1 (G_8275_2 Router=45G_Traffic,InterfaceIPv4=LTE,AddressIPv4=LTE:SLAVE)
   2  ; 1  ;NTP_FREQUENCY  ;NO_FAULT   ;PRC          ;Ntp=1,NtpFrequencySync=NTP1 (10.31.0.54:32751 Router=45G_Traffic,InterfaceIPv4=LTE,AddressIPv4=LTE)
-------------------------------------------------------------------------------------

=====================================================================================================================================
FRU          ;LNH    ;BOARD            ;RF  ;BP  ;TX (W/dBm)  ;VSWR (RL)   ;RX (dBm) ;UEs/gUEs  ;Sector/AntennaGroup/Cells (State:CellIds:PCIs)
=====================================================================================================================================
Radio-S1-1   ;BXP_4  ;RRU2217B20       ; A  ;11  ;-           ;1.13 (24.3) ;         ;20/-      ;SE=1 AG=1 FDD=RC07E1 NIOT=RC07N1 (D:61:494, D:161:494)
Radio-S1-1   ;BXP_4  ;RRU2217B20       ; B  ;11  ;-           ;1.18 (21.8) ;         ;20/-      ;SE=1 AG=1 FDD=RC07E1 NIOT=RC07N1 (D:61:494, D:161:494)
Radio-S2-1   ;BXP_3  ;RRU2217B20       ; A  ;11  ;-           ;1.21 (20.3) ;         ;86/-      ;SE=2 AG=2 FDD=RC07E2 NIOT=RC07N2 (D:62:449, D:162:449)
Radio-S2-1   ;BXP_3  ;RRU2217B20       ; B  ;11  ;-           ;1.16 (22.8) ;         ;86/-      ;SE=2 AG=2 FDD=RC07E2 NIOT=RC07N2 (D:62:449, D:162:449)
Radio-S100-1 ;BXP_2  ;RRU449944B144B3C ; A  ;11  ;35.8 (45.5) ;1.07 (29.1) ;-94.5    ;10/-      ;SE=100 AG=100 FDD=RC07M1 FDD=RC07T1 (1:31:18, 1:41:494)
Radio-S100-1 ;BXP_2  ;RRU449944B144B3C ; B  ;11  ;-           ;1.05 (32.5) ;-93.9    ;10/-      ;SE=100 AG=100 FDD=RC07M1 FDD=RC07T1 (1:31:18, 1:41:494)
Radio-S100-1 ;BXP_2  ;RRU449944B144B3C ; C  ;11  ;37.6 (45.8) ;1.17 (21.9) ;-89.8    ;132/-     ;SE=101 AG=101 FDD=RC07M2 FDD=RC07T2 (1:32:17, 1:42:147)
Radio-S100-1 ;BXP_2  ;RRU449944B144B3C ; D  ;11  ;38.0 (45.8) ;1.08 (28.6) ;-90.3    ;132/-     ;SE=101 AG=101 FDD=RC07M2 FDD=RC07T2 (1:32:17, 1:42:147)
-------------------------------------------------------------------------------------------------------------------------------------

RC07E> mfar

251125-09:38:16+0100 19.31.13.165 25.0h MSRBS_NODE_MODEL_25.Q1_693.28324.131_62ac stopfile=/tmp/1743390
.....
Last MO: 19857. Loaded 19857 MOs. Total: 19858 MOs.
..........................................
get /rop/A20251125.0700-0715_RC07E.xml.gz /ericsson/log/amos/moshell_logfiles/t20251125_37258710_65084/logs_moshell/pmfiles/19.31.13.165/rop/A20251125.0700-0715_RC07E.xml.gz ... OK
get /rop/A20251125.0715-0730_RC07E.xml.gz /ericsson/log/amos/moshell_logfiles/t20251125_37258710_65084/logs_moshell/pmfiles/19.31.13.165/rop/A20251125.0715-0730_RC07E.xml.gz ... OK
get /rop/A20251125.0730-0745_RC07E.xml.gz /ericsson/log/amos/moshell_logfiles/t20251125_37258710_65084/logs_moshell/pmfiles/19.31.13.165/rop/A20251125.0730-0745_RC07E.xml.gz ... OK

Using hardcoded thresholds: 3, 4.5, and 16.5
================================================================================================================================
SC     SE  Tx/Rx BrPair  RfPort1 - RfPort2               HW       Serial      Cell (State)   Samples   Med  Mean  SDev Pol Res Issue
================================================================================================================================
RC07E1   1   2/4 0 (1,2) Radio-S1-1(A) Radio-S1-1(B)     RRU2217  TU8U02JX7J  FDD=RC07E1 (1)  191999  -0.5  -1.1   7.5  NA  OK Passed
RC07E1   1   2/4 1 (2,3) Radio-S1-1(B) ()                RRU2217  TU8U02JX7J  FDD=RC07E1 (1)       0     0     0     0  NA  NT No data
RC07E1   1   2/4 2 (3,4) ()                                                   FDD=RC07E1 (1)       0     0     0     0  NA  NT No data
RC07E2   2   2/4 0 (1,2) Radio-S2-1(A) Radio-S2-1(B)     RRU2217  TU8U02JX0G  FDD=RC07E2 (1)  391134   0.5   1.0   6.8  NA  OK Passed
RC07E2   2   2/4 1 (2,3) Radio-S2-1(B) ()                RRU2217  TU8U02JX0G  FDD=RC07E2 (1)       0     0     0     0  NA  NT No data
RC07E2   2   2/4 2 (3,4) ()                                                   FDD=RC07E2 (1)       0     0     0     0  NA  NT No data
RC07M1 100   2/2 0 (1,2) Radio-S100-1(A) Radio-S100-1(B) RRU4499  E23F632333  FDD=RC07M1 (1)   44690  -3.5  -3.1   5.8  NA OKW Possible RF Loss or PIM at Radio-S100-1(B)
RC07M2 101   2/2 0 (1,2) Radio-S100-1(C) Radio-S100-1(D) RRU4499  E23F632333  FDD=RC07M2 (1)  322809   1.5   1.1   6.9  NA  OK Passed
RC07T1 100   2/2 0 (1,2) Radio-S100-1(A) Radio-S100-1(B) RRU4499  E23F632333  FDD=RC07T1 (1)  132588  -0.5  -0.4   6.6  NA  OK Passed
RC07T2 101   2/2 0 (1,2) Radio-S100-1(C) Radio-S100-1(D) RRU4499  E23F632333  FDD=RC07T2 (1)  372127   1.5   1.2   7.1  NA  OK Passed
================================================================================================================================
Total: 6 SectorCarriers, 10 RfBranch Pairs (5 OK, 1 OKW, 0 NOK, 4 NT)
......
Last MO: 19857. Loaded 19857 MOs. Total: 19858 MOs.

No NRSectorCarrier MOs are defined on the node.

RC07E> mfitr

251125-09:38:35+0100 19.31.13.165 25.0h MSRBS_NODE_MODEL_25.Q1_693.28324.131_62ac stopfile=/tmp/1743390
.........
Last MO: 19857. Loaded 19857 MOs. Total: 19858 MOs.
.......
2025-11-25 09:39
================================================================================================================================
CELL       SC     FRU          BOARD            PUSCH  PUCCH       A      B      C      D  DELTA
================================================================================================================================
FDD=RC07E1 RC07E1 Radio-S1-1   RRU2217B20       -114.6 -111.8 -114.3 -115.5                  1.2
FDD=RC07E2 RC07E2 Radio-S2-1   RRU2217B20       -111.7 -110.3 -112.9 -113.4                  0.5
FDD=RC07M1 RC07M1 Radio-S100-1 RRU449944B144B3C -118.9 -119.0 -118.8 -118.9                  0.1
FDD=RC07M2 RC07M2 Radio-S100-1 RRU449944B144B3C -117.6 -117.4               -116.8 -117.1    0.3
FDD=RC07T1 RC07T1 Radio-S100-1 RRU449944B144B3C -117.7 -118.0 -117.8 -117.9                  0.1
FDD=RC07T2 RC07T2 Radio-S100-1 RRU449944B144B3C -116.8 -116.9               -116.9 -117.2    0.3
================================================================================================================================
Bye...
Output has been logged to file /mta_fs/UserFiles/37258710/amosbatch/SDIR/RC07E.log
