Logging to file /mta_fs/UserFiles/37258710/amosbatch/SDIR/RC08L.log
                        __  __  ____   _____
                  /\   |  \/  |/ __ \ / ____|
                 /  \  | \  / | |  | | (___  
                / /\ \ | |\/| | |  | |\___ \ 
               / ____ \| |  | | |__| |____) |
              /_/    \_\_|  |_|\____/|_____/
              OSS Framework for MoShell-25.0h 
  Copyright (c) Ericsson AB 2001-2025 - All Rights Reserved
              
           
[1;31mWARNING: [0mthe AMOS version currently running is more than 29 weeks old and is unsupported.
Please upgrade as soon as possible to the latest released version, available from your local Ericsson support.

$amosrb_pid = 2192514

Checking ip contact...OK

HELP MENU            : h
BASIC MO COMMANDS    : m
OTHER MO COMMANDS    : n
OTHER COMMANDS       : o
PM COMMANDS          : p
QUIT                 : q

RC08L> lt all

251125-11:47:30+0100 19.31.15.212 25.0h  stopfile=/tmp/2192292
Looking up temporary_amos account... OK.
Trying temporary_amos_t20251125_37258710_65084_131's password from amos lookupAccount ... OK

$ssh_pid = 2193175

Connected to 19.31.15.212 (SubNetwork=BBMM_rckomc_R,MeContext=RC08L,ManagedElement=RC08L)

Checking MOM version...MSRBS_NODE_MODEL_25.Q1_693.28324.131_62ac
Parsing MOM (cached): /ericsson/log/amos/moshell_logfiles/t20251125_37258710_65084/logs_moshell/tempfiles/scp-4-amos_20251125-114724_2192232/MSRBS_NODE_MODEL_25.Q1_693.28324.131_62ac.xml.cache.gz ..................................................................................................................................................................................................................................Done.
Using paramfile /opt/ericsson/amos/moshell/commonjars/pm/PARAM_MSRBS_25.Q1.txt
Parsing file /opt/ericsson/amos/moshell/commonjars/pm/PARAM_MSRBS_25.Q1.txt .......................................................................................Done.
Using imomdfile /opt/ericsson/amos/moshell/commonjars/pm/IMOMD_MSRBS_22.Q4.txt
Using imomfile /opt/ericsson/amos/moshell/commonjars/pm/IMOM_MSRBS_25.Q1.txt
Connected to 19.31.15.212 (SubNetwork=BBMM_rckomc_R,MeContext=RC08L,ManagedElement=RC08L)

Last MO: 17045. Loaded 17045 MOs. Total: 17046 MOs.

RC08L> st cell

251125-11:47:43+0100 19.31.15.212 25.0h MSRBS_NODE_MODEL_25.Q1_693.28324.131_62ac stopfile=/tmp/2192292
===================================================================================
Proxy  Adm State     Op. State     MO
===================================================================================
   57  1 (UNLOCKED)  1 (ENABLED)   ENodeBFunction=1,EUtranCellFDD=RC08L1
  149  1 (UNLOCKED)  1 (ENABLED)   ENodeBFunction=1,EUtranCellFDD=RC08L2
  247  1 (UNLOCKED)  1 (ENABLED)   ENodeBFunction=1,EUtranCellFDD=RC08L3
===================================================================================
Total: 3 MOs

RC08L> st radio

251125-11:47:44+0100 19.31.15.212 25.0h MSRBS_NODE_MODEL_25.Q1_693.28324.131_62ac stopfile=/tmp/2192292
===================================================================================
Proxy  Adm State     Op. State     MO
===================================================================================
 1279  1 (UNLOCKED)  1 (ENABLED)   Equipment=1,FieldReplaceableUnit=Radio-S180-1
 1294  1 (UNLOCKED)  1 (ENABLED)   Equipment=1,FieldReplaceableUnit=Radio-S182-1
 1309  1 (UNLOCKED)  1 (ENABLED)   Equipment=1,FieldReplaceableUnit=Radio-S210-1
 1326  1 (UNLOCKED)  1 (ENABLED)   Equipment=1,FieldReplaceableUnit=Radio-S211-1
 1343  1 (UNLOCKED)  1 (ENABLED)   Equipment=1,FieldReplaceableUnit=Radio-S212-1
17039  1 (UNLOCKED)  1 (ENABLED)   Transport=1,Synchronization=1,RadioEquipmentClock=1,RadioEquipmentClockReference=NTP1
17040  1 (UNLOCKED)  1 (ENABLED)   Transport=1,Synchronization=1,RadioEquipmentClock=1,RadioEquipmentClockReference=PTP
===================================================================================
Total: 7 MOs

RC08L> sdir

251125-11:47:44+0100 19.31.15.212 25.0h MSRBS_NODE_MODEL_25.Q1_693.28324.131_62ac stopfile=/tmp/2192292
INFO: Using amos lookupAccount credentials for the export login
...............................
get /rop/A20251125.1000-1015_RC08L.xml.gz /ericsson/log/amos/moshell_logfiles/t20251125_37258710_65084/logs_moshell/pmfiles/19.31.15.212/rop/A20251125.1000-1015_RC08L.xml.gz ... OK
get /rop/A20251125.1015-1030_RC08L.xml.gz /ericsson/log/amos/moshell_logfiles/t20251125_37258710_65084/logs_moshell/pmfiles/19.31.15.212/rop/A20251125.1015-1030_RC08L.xml.gz ... OK
get /rop/A20251125.1030-1045_RC08L.xml.gz /ericsson/log/amos/moshell_logfiles/t20251125_37258710_65084/logs_moshell/pmfiles/19.31.15.212/rop/A20251125.1030-1045_RC08L.xml.gz ... OK
....Checking available boards on node...

Collecting RCS board data ...
.........................................................................................................................
..........................
..............................................................................................................................................................................................................................................................................................................
...........
Collecting TN data...
..................................................................................................................................................................................................................................................................................
Collecting RF data...
...
Collecting Alarms...
Executing action Log.export()
...
Log=AlarmLog                    actionId=46839
.....
Executing action LogM.exportAvailabilityLog()
..LogM=1,exportAvailabilityLog    actionId=46840
.....Parsing alarmLog...Done.
Parsing availabilityLog....Done.
..

Total: 5 CPRI links (5 OK, 0 OKW, 0 NOK, 0 NT)
.
+--------+                      +--------------------+
|        | A        O101     D2 |    Radio-S210-1    |
|        |-----------1----------| RRU227922B822B20C* |
|        |         OK-76m       |       BXP_4        |
|        |                      +--------------------+
|        |                                     |A  |B
|        |                 SE=210* AG=210 GT=RC08D1/0
|        |                                GT=RC08D1/1
|        |
|        |                      +--------------------+
|        | B        O101     D2 |    Radio-S211-1    |
|        |-----------2----------| RRU227922B822B20C* |
|        |         OK-76m       |       BXP_3        |
|        |                      +--------------------+
|        |                                     |A  |B
|        |                 SE=211* AG=211 GT=RC08D2/0
|        |                    GT=RC08D2/1 GT=RC08D2/8
|        |
|        |                      +--------------------+
|        | C        O101     D2 |    Radio-S212-1    |
|        |-----------3----------| RRU227922B822B20C* |
|        |         OK-76m       |       BXP_2        |
|        |                      +--------------------+
|  BB-1  |                                     |A  |B
| BB6631 |                 SE=212* AG=212 GT=RC08D3/0
| 000100 |                                GT=RC08D3/1
|        |
|        |                      +---------------+
|        | D        O101     D1 | Radio-S180-1  |
|        |-----------4----------|   RRU4415B7   |
|        |         OK-76m       |     BXP_6     |
|        |                      +---------------+
|        |                        |A  |B  |C  |D
|        |                 SE=180 AG=180  |   |
|        |                    FDD=RC08L1  |   |
|        |                         SE=181 AG=181
|        |                            FDD=RC08L2
|        |
|        |                      +---------------+
|        | E        O101     D1 | Radio-S182-1  |
|        |-----------5----------|   RRU4415B7   |
|        |         OK-76m       |     BXP_5     |
|        |                      +---------------+
|        |                        |A  |B  |C  |D
|        |                 SE=182 AG=182  |   |
|        |                    FDD=RC08L3  |   |
|        |
+--------+

=====================================================================================================================================
ID RiL    Type Res MO1-MO2                  BOARD1-BOARD2             AlmIDs Cells (States)                              Issue (Failed checks)
=====================================================================================================================================
 1 S210-1 O101 OK  BB-1(A) Radio-S210-1(D2) BB6631 RRU227922B822B20C*        GT=RC08D1/0 GT=RC08D1/1 (1,1)               Passed
 2 S211-1 O101 OK  BB-1(B) Radio-S211-1(D2) BB6631 RRU227922B822B20C*        GT=RC08D2/0 GT=RC08D2/1 GT=RC08D2/8 (1,1,1) Passed
 3 S212-1 O101 OK  BB-1(C) Radio-S212-1(D2) BB6631 RRU227922B822B20C*        GT=RC08D3/0 GT=RC08D3/1 (1,1)               Passed
 4 S180-1 O101 OK  BB-1(D) Radio-S180-1(D1) BB6631 RRU4415B7                 FDD=RC08L1 FDD=RC08L2 (1,1)                 Passed
 5 S182-1 O101 OK  BB-1(E) Radio-S182-1(D1) BB6631 RRU4415B7                 FDD=RC08L3 (1)                              Passed
-------------------------------------------------------------------------------------------------------------------------------------

Node: RadioNode GL   CXP2010174/2_R27J08 (25.Q1)   G3.1   GSM LTE-FDD 

=====================================================================================================================================
FRU          ;LNH    ;BOARD              ;ST ;FAULT ;OPER ;MAINT ;STAT ;PRODUCTNUMBER   ;REV     ;SERIAL        ;DATE     ;PMTEMP ; TEMP ; UPT ;VOLT ;SW                   ;
=====================================================================================================================================
BB-1         ;000100 ;BB6631             ; 1 ;  OFF ;  ON ;  OFF ;  ON ;KDU1370071/11   ;R2A     ;E96A00YKAE    ;20230228 ;3 (OK) ;      ;25.8 ;51   ;                     ;
Radio-S180-1 ;BXP_6  ;RRU4415B7          ; 1 ;  OFF ;  ON ;  OFF ; N/A ;KRC161495/1     ;R5J     ;TU8U01Z8YY    ;20230308 ;4 (OK) ; 30.0 ;25.8 ;51.0 ;CXP9013268%15_R101LX ; (Radio4415B7)
Radio-S182-1 ;BXP_5  ;RRU4415B7          ; 1 ;  OFF ;  ON ;  OFF ; N/A ;KRC161495/1     ;R5J     ;TU8U01Z9HT    ;20230308 ;4 (OK) ; 29.0 ;25.8 ;51.2 ;CXP9013268%15_R101LX ; (Radio4415B7)
Radio-S210-1 ;BXP_4  ;RRU227922B822B20C* ; 1 ;  OFF ;  ON ;  OFF ; N/A ;KRC161864/1     ;R1F     ;TU8U01ZNC4    ;20230313 ;4 (OK) ; 32.0 ; 132 ;52.2 ;CXP9013268%15_R101LX ; (Radio227922B822B20C)
Radio-S211-1 ;BXP_3  ;RRU227922B822B20C* ; 1 ;  OFF ;  ON ;  OFF ; N/A ;KRC161864/1     ;R1F     ;TU8U01ZNC8    ;20230313 ;4 (OK) ; 33.0 ; 132 ;51.8 ;CXP9013268%15_R101LX ; (Radio227922B822B20C)
Radio-S212-1 ;BXP_2  ;RRU227922B822B20C* ; 1 ;  OFF ;  ON ;  OFF ; N/A ;KRC161864/1     ;R1F     ;TU8U01Z4PF    ;20230306 ;4 (OK) ; 31.7 ; 132 ;51.9 ;CXP9013268%15_R101LX ; (Radio227922B822B20C)
-------------------------------------------------------------------------------------------------------------------------------------

=====================================================================================================================================
XPBOARD  ;ST ;FAULT ;OPER ;PRODUCTNUMBER ;REV ;SERIAL/NAME ;DATE     ; TEMP ;MO
=====================================================================================================================================
FAN08    ; 1 ;N/A   ;N/A  ;BKV106236/1   ;R2G ;CE5100SKJP  ;20221013 ; 41.0 ;SupportUnit=1 (FAN  BB-1)
-------------------------------------------------------------------------------------------------------------------------------------

=====================================================================================================================================
ID ;T ;RiL    ;BPBP ;BOARD1             ;LNH1 ;PORT ;R ;LINK ;RATE  ; BER ;BOARD2             ;LNH2 ;PORT ;R ;LINK ;RATE  ; BER ;LENGTH ;MO1 - MO2
=====================================================================================================================================
 1 ;O ;S210-1 ;1111 ;BB6631             ;000100 ; 1 ;M ;Up   ;10.1G ;   0 ;RRU227922B822B20C* ;BXP_4  ; 1 ;S ;Up   ;10.1G ;   0 ;   76m ;Fru=BB-1(A) Fru=Radio-S210-1(D2)
 2 ;O ;S211-1 ;1111 ;BB6631             ;000100 ; 2 ;M ;Up   ;10.1G ;   0 ;RRU227922B822B20C* ;BXP_3  ; 1 ;S ;Up   ;10.1G ;   0 ;   76m ;Fru=BB-1(B) Fru=Radio-S211-1(D2)
 3 ;O ;S212-1 ;1111 ;BB6631             ;000100 ; 3 ;M ;Up   ;10.1G ;   0 ;RRU227922B822B20C* ;BXP_2  ; 1 ;S ;Up   ;10.1G ;   0 ;   76m ;Fru=BB-1(C) Fru=Radio-S212-1(D2)
 4 ;O ;S180-1 ;1111 ;BB6631             ;000100 ; 4 ;M ;Up   ;10.1G ;   0 ;RRU4415B7          ;BXP_6  ; 0 ;S ;Up   ;10.1G ;   0 ;   76m ;Fru=BB-1(D) Fru=Radio-S180-1(D1)
 5 ;O ;S182-1 ;1111 ;BB6631             ;000100 ; 5 ;M ;Up   ;10.1G ;   0 ;RRU4415B7          ;BXP_5  ; 0 ;S ;Up   ;10.1G ;   0 ;   76m ;Fru=BB-1(E) Fru=Radio-S182-1(D1)
-------------------------------------------------------------------------------------------------------------------------------------

=====================================================================================================================================
ID ;LINK ;RiL    ;VENDOR1  ;VENDORPROD1     ;REV1 ;SERIAL1        ;DATE1    ;ERICSSONPROD1      ;VENDOR2  ;VENDORPROD2     ;REV2 ;SERIAL2        ;DATE2    ;ERICSSONPROD2      ;TT ;WL1     ;WL2    
=====================================================================================================================================
 1 ;Up   ;S210-1 ;ERICSSON ;RTXM228-702-C22 ;1.0  ;HM230700111923 ;20230221 ;RDH10265/2 R1A     ;ERICSSON ;RTXM228-702-C22 ;1.0  ;HM230700111413 ;20230221 ;RDH10265/2 R1A     ;0  ;1310.00 ;1310.00
 2 ;Up   ;S211-1 ;ERICSSON ;RTXM228-702-C22 ;1.0  ;CU823J27PS     ;20231007 ;RDH10265/2 R1A     ;ERICSSON ;RTXM228-702-C22 ;1.0  ;HM230700111416 ;20230221 ;RDH10265/2 R1A     ;0  ;1310.00 ;1310.00
 3 ;Up   ;S212-1 ;ERICSSON ;RTXM228-702-C22 ;1.0  ;HM230700111925 ;20230221 ;RDH10265/2 R1A     ;ERICSSON ;RTXM228-702-C22 ;1.0  ;HM230700111411 ;20230221 ;RDH10265/2 R1A     ;0  ;1310.00 ;1310.00
 4 ;Up   ;S180-1 ;ERICSSON ;RTXM228-702-C22 ;1.0  ;HM230700111917 ;20230221 ;RDH10265/2 R1A     ;ERICSSON ;RTXM228-702-C22 ;1.0  ;HM230700111442 ;20230221 ;RDH10265/2 R1A     ;0  ;1310.00 ;1310.00
 5 ;Up   ;S182-1 ;ERICSSON ;RTXM228-702-C22 ;1.0  ;HM230700111918 ;20230221 ;RDH10265/2 R1A     ;ERICSSON ;RTXM228-702-C22 ;1.0  ;HM230700111417 ;20230221 ;RDH10265/2 R1A     ;0  ;1310.00 ;1310.00
-------------------------------------------------------------------------------------------------------------------------------------

=====================================================================================================================================
ID ;LINK ;RiL    ;WL1     ;TEMP1 ;TXbs1 ;TXdBm1 ;RXdBm1 ;BER1   ;WL2     ;TEMP2 ;TXbs2 ;TXdBm2 ;RXdBm2 ;BER2   ;DlLoss ;UlLoss ;LENGTH ;TT
=====================================================================================================================================
 1 ;Up   ;S210-1 ;1310.00 ;41C   ;56%   ;-0.35  ;-2.49  ;   0   ;1310.00 ;29C   ;54%   ;-2.37  ;-1.57  ;   0   ;  1.22 ;  0.12 ;   76m ; 0
 2 ;Up   ;S211-1 ;1310.00 ;46C   ;56%   ;-0.69  ;-2.11  ;   0   ;1310.00 ;29C   ;53%   ;-0.96  ;-2.64  ;   0   ;  1.95 ;  1.15 ;   76m ; 0
 3 ;Up   ;S212-1 ;1310.00 ;41C   ;56%   ;-1.25  ;-3.01  ;   0   ;1310.00 ;30C   ;54%   ;-2.13  ;-2.07  ;   0   ;  0.82 ;  0.88 ;   76m ; 0
 4 ;Up   ;S180-1 ;1310.00 ;38C   ;56%   ;-1.67  ;-2.03  ;   0   ;1310.00 ;30C   ;53%   ;-1.60  ;-2.08  ;   0   ;  0.41 ;  0.43 ;   76m ; 0
 5 ;Up   ;S182-1 ;1310.00 ;44C   ;56%   ;-2.21  ;-4.83  ;   0   ;1310.00 ;27C   ;52%   ;-4.17  ;-2.61  ;   0   ;   0.4 ;  0.66 ;   76m ; 0
-------------------------------------------------------------------------------------------------------------------------------------

=====================================================================================================================================
ID ;RiL    ;BOARD              ;SFPLNH  ;PORT ;VENDOR   ;VENDORPROD      ;REV  ;SERIAL         ;DATE     ;ERICSSONPROD       ;WL      ;TEMP  ;TXbs  ;TXdBm  ;RXdBm  ; BER
=====================================================================================================================================
 1 ;S210-1 ;BB6631             ;000100   ;  1 ;ERICSSON ;RTXM228-702-C22 ;1.0  ;HM230700111923 ;20230221 ;RDH10265/2 R1A     ;1310.00 ;41C   ;56%   ;-0.35  ;-2.49  ;   0
 2 ;S211-1 ;BB6631             ;000100   ;  2 ;ERICSSON ;RTXM228-702-C22 ;1.0  ;CU823J27PS     ;20231007 ;RDH10265/2 R1A     ;1310.00 ;46C   ;56%   ;-0.69  ;-2.11  ;   0
 3 ;S212-1 ;BB6631             ;000100   ;  3 ;ERICSSON ;RTXM228-702-C22 ;1.0  ;HM230700111925 ;20230221 ;RDH10265/2 R1A     ;1310.00 ;41C   ;56%   ;-1.25  ;-3.01  ;   0
 4 ;S180-1 ;BB6631             ;000100   ;  4 ;ERICSSON ;RTXM228-702-C22 ;1.0  ;HM230700111917 ;20230221 ;RDH10265/2 R1A     ;1310.00 ;38C   ;56%   ;-1.67  ;-2.03  ;   0
 5 ;S182-1 ;BB6631             ;000100   ;  5 ;ERICSSON ;RTXM228-702-C22 ;1.0  ;HM230700111918 ;20230221 ;RDH10265/2 R1A     ;1310.00 ;44C   ;56%   ;-2.21  ;-4.83  ;   0
 3 ;S212-1 ;RRU227922B822B20C* ;BXP_2    ;  1 ;ERICSSON ;RTXM228-702-C22 ;1.0  ;HM230700111411 ;20230221 ;RDH10265/2 R1A     ;1310.00 ;30C   ;54%   ;-2.13  ;-2.07  ;   0
 2 ;S211-1 ;RRU227922B822B20C* ;BXP_3    ;  1 ;ERICSSON ;RTXM228-702-C22 ;1.0  ;HM230700111416 ;20230221 ;RDH10265/2 R1A     ;1310.00 ;29C   ;53%   ;-0.96  ;-2.64  ;   0
 1 ;S210-1 ;RRU227922B822B20C* ;BXP_4    ;  1 ;ERICSSON ;RTXM228-702-C22 ;1.0  ;HM230700111413 ;20230221 ;RDH10265/2 R1A     ;1310.00 ;29C   ;54%   ;-2.37  ;-1.57  ;   0
 5 ;S182-1 ;RRU4415B7          ;BXP_5    ;  0 ;ERICSSON ;RTXM228-702-C22 ;1.0  ;HM230700111417 ;20230221 ;RDH10265/2 R1A     ;1310.00 ;27C   ;52%   ;-4.17  ;-2.61  ;   0
 4 ;S180-1 ;RRU4415B7          ;BXP_6    ;  0 ;ERICSSON ;RTXM228-702-C22 ;1.0  ;HM230700111442 ;20230221 ;RDH10265/2 R1A     ;1310.00 ;30C   ;53%   ;-1.60  ;-2.08  ;   0
-------------------------------------------------------------------------------------------------------------------------------------
TN ;       ;BB6631             ;000100   ;IA2 ;ERICSSON ;42020201934     ;A0   ;202246600119   ;20221107 ;RPM777053/1000 R1B ;NA      ;NA    ;NA    ;NA     ;NA     ; 0/0
-------------------------------------------------------------------------------------------------------------------------------------

=====================================================================================================================================
BOARD  ;LNH    ;PORT       ;T ;S ;OpMode   ;AutoNeg ;MacAddress        ;VlanIds        ;LOS ;BER
=====================================================================================================================================
BB6631 ;000100 ;TN_IDL_A_1 ;E ;1 ;10G_FULL ;false   ;E0:47:35:E0:15:60 ;3901,3908,3910 ;0   ;0/0
BB6631 ;000100 ;TN_IDL_A_2 ;O ;1 ;10G_FULL ;false   ;E0:47:35:E0:15:61 ;3908           ;0   ;0/0
-------------------------------------------------------------------------------------------------------------------------------------

radioClockState : RNT_TIME_LOCKED
-------------------------------------------------------------------------------------
Prio  ;ST  ;syncRefType    ;refStatus  ;opQualLevel  ;SyncReference
-------------------------------------------------------------------------------------
   1  ; 1  ;PTP_TIME       ;NO_FAULT   ;PRTC         ;Ptp=1,BoundaryOrdinaryClock=PTP (G_8275_1 EthernetPort=TN_IDL_A_1:SLAVE)
   2  ; 1  ;NTP_FREQUENCY  ;NO_FAULT   ;PRC          ;Ntp=1,NtpFrequencySync=NTP1 (10.31.0.54:32751 Router=45G_Traffic,InterfaceIPv4=LTE,AddressIPv4=LTE)
-------------------------------------------------------------------------------------
-------------------------------------------------------------------------------------
Prio  ;ST  ;assistRefStatus  ;recQualLevel  ;AssistingReference
-------------------------------------------------------------------------------------
   1  ; 0  ;UNKNOWN          ;PRTC          ;Synchronization=1,SyncEthInput=SyncE (SFP_DAC EthernetPort=TN_IDL_A_1)
-------------------------------------------------------------------------------------
nodeGroupRole   : SYNC_RECEIVER (syncNodePriority=3, selectionMode=NODE_PRIORITY)
-------------------------------------------------------------------------------------
DU  ;Port  ;sharedUnitRef (RiPortA - RiPortB)  ;remoteNodePriority  ;CandidateStatus
-------------------------------------------------------------------------------------
1   ;A     ;Fru=Radio-S210-1 (2 - 1)           ;1                   ;OK_NOT_ACTIVE
1   ;B     ;Fru=Radio-S211-1 (2 - 1)           ;1                   ;OK_NOT_ACTIVE
1   ;C     ;Fru=Radio-S212-1 (2 - 1)           ;1                   ;OK_ACTIVE
-------------------------------------------------------------------------------------

=====================================================================================================================================
FRU          ;LNH    ;BOARD              ;RF  ;BP  ;TX (W/dBm)  ;VSWR (RL)   ;RX (dBm) ;UEs/gUEs  ;Sector/AntennaGroup/Cells (State:CellIds:PCIs)
=====================================================================================================================================
Radio-S180-1 ;BXP_6  ;RRU4415B7          ; A  ;11  ;20.4 (43.1) ;1.17 (21.9) ;-99.1    ;3/-       ;SE=180 AG=180 FDD=RC08L1 (1:21:325)
Radio-S180-1 ;BXP_6  ;RRU4415B7          ; B  ;11  ;-           ;1.09 (27.2) ;-99.1    ;3/-       ;SE=180 AG=180 FDD=RC08L1 (1:21:325)
Radio-S180-1 ;BXP_6  ;RRU4415B7          ; C  ;11  ;19.5 (42.9) ;1.22 (20.1) ;-94.8    ;28/-      ;SE=181 AG=181 FDD=RC08L2 (1:22:324)
Radio-S180-1 ;BXP_6  ;RRU4415B7          ; D  ;11  ;19.5 (42.9) ;1.19 (21.4) ;-94.4    ;28/-      ;SE=181 AG=181 FDD=RC08L2 (1:22:324)
Radio-S182-1 ;BXP_5  ;RRU4415B7          ; A  ;11  ;8.9 (39.5)  ;1.26 (18.9) ;-96.5    ;11/-      ;SE=182 AG=182 FDD=RC08L3 (1:23:326)
Radio-S182-1 ;BXP_5  ;RRU4415B7          ; B  ;11  ;9.3 (39.7)  ;1.15 (23.2) ;-96.7    ;11/-      ;SE=182 AG=182 FDD=RC08L3 (1:23:326)
Radio-S182-1 ;BXP_5  ;RRU4415B7          ; C  ;11  ;-           ;-           ;         ;          ;
Radio-S182-1 ;BXP_5  ;RRU4415B7          ; D  ;11  ;-           ;-           ;         ;          ;
Radio-S210-1 ;BXP_4  ;RRU227922B822B20C* ; A  ;11  ;24.2 (43.8) ;1.16 (22.8) ;-96.7    ;-/-       ;SE=210* AG=210 GT=RC08D1/0 GT=RC08D1/1 (1, 1)
Radio-S210-1 ;BXP_4  ;RRU227922B822B20C* ; B  ;11  ;11.3 (40.5) ;1.15 (23.3) ;-96.6    ;-/-       ;SE=210* AG=210 GT=RC08D1/0 GT=RC08D1/1 (1, 1)
Radio-S211-1 ;BXP_3  ;RRU227922B822B20C* ; A  ;11  ;27.9 (44.5) ;1.25 (19.1) ;-93.5    ;-/-       ;SE=211* AG=211 GT=RC08D2/0 GT=RC08D2/1 GT=RC08D2/8 (1, 1, 1)
Radio-S211-1 ;BXP_3  ;RRU227922B822B20C* ; B  ;11  ;24.3 (43.9) ;1.12 (25.0) ;-94.2    ;-/-       ;SE=211* AG=211 GT=RC08D2/0 GT=RC08D2/1 GT=RC08D2/8 (1, 1, 1)
Radio-S212-1 ;BXP_2  ;RRU227922B822B20C* ; A  ;11  ;20.3 (43.1) ;1.17 (21.9) ;-92.5    ;-/-       ;SE=212* AG=212 GT=RC08D3/0 GT=RC08D3/1 (1, 1)
Radio-S212-1 ;BXP_2  ;RRU227922B822B20C* ; B  ;11  ;11.8 (40.7) ;1.10 (26.4) ;-90.1    ;-/-       ;SE=212* AG=212 GT=RC08D3/0 GT=RC08D3/1 (1, 1)
-------------------------------------------------------------------------------------------------------------------------------------

RC08L> mfar

251125-11:50:04+0100 19.31.15.212 25.0h MSRBS_NODE_MODEL_25.Q1_693.28324.131_62ac stopfile=/tmp/2192292
.....
Last MO: 17049. Loaded 17049 MOs. Total: 17050 MOs.
..........................................
get /rop/A20251125.0915-0930_RC08L.xml.gz /ericsson/log/amos/moshell_logfiles/t20251125_37258710_65084/logs_moshell/pmfiles/19.31.15.212/rop/A20251125.0915-0930_RC08L.xml.gz ... OK
get /rop/A20251125.0930-0945_RC08L.xml.gz /ericsson/log/amos/moshell_logfiles/t20251125_37258710_65084/logs_moshell/pmfiles/19.31.15.212/rop/A20251125.0930-0945_RC08L.xml.gz ... OK
get /rop/A20251125.0945-1000_RC08L.xml.gz /ericsson/log/amos/moshell_logfiles/t20251125_37258710_65084/logs_moshell/pmfiles/19.31.15.212/rop/A20251125.0945-1000_RC08L.xml.gz ... OK

Using hardcoded thresholds: 3, 4.5, and 16.5
================================================================================================================================
SC     SE  Tx/Rx BrPair  RfPort1 - RfPort2               HW       Serial      Cell (State)   Samples   Med  Mean  SDev Pol Res Issue
================================================================================================================================
RC08L1 180   2/2 0 (1,2) Radio-S180-1(A) Radio-S180-1(B) RRU4415  TU8U01Z8YY  FDD=RC08L1 (1)   45228  -1.5  -0.5   6.4  NA  OK Passed
RC08L2 181   2/2 0 (1,2) Radio-S180-1(C) Radio-S180-1(D) RRU4415  TU8U01Z8YY  FDD=RC08L2 (1)  719097  -0.5  -0.1   7.1  NA  OK Passed
RC08L3 182   2/2 0 (1,2) Radio-S182-1(A) Radio-S182-1(B) RRU4415  TU8U01Z9HT  FDD=RC08L3 (1)  327941  -2.5  -2.0   7.8  NA  OK Passed
================================================================================================================================
Total: 3 SectorCarriers, 3 RfBranch Pairs (3 OK, 0 OKW, 0 NOK, 0 NT)
.....
Last MO: 17049. Loaded 17049 MOs. Total: 17050 MOs.

No NRSectorCarrier MOs are defined on the node.

RC08L> mfitr

251125-11:50:19+0100 19.31.15.212 25.0h MSRBS_NODE_MODEL_25.Q1_693.28324.131_62ac stopfile=/tmp/2192292
.........
Last MO: 17049. Loaded 17049 MOs. Total: 17050 MOs.
.......
2025-11-25 11:50
================================================================================================================================
CELL       SC     FRU          BOARD     PUSCH  PUCCH       A      B      C      D  DELTA
================================================================================================================================
FDD=RC08L1 RC08L1 Radio-S180-1 RRU4415B7 -118.3 -118.3 -118.1 -118.4                  0.3
FDD=RC08L2 RC08L2 Radio-S180-1 RRU4415B7 -117.2 -117.6               -117.4 -115.9    1.5
FDD=RC08L3 RC08L3 Radio-S182-1 RRU4415B7 -116.6 -118.0 -116.7 -117.1                  0.4
================================================================================================================================
Bye...
Output has been logged to file /mta_fs/UserFiles/37258710/amosbatch/SDIR/RC08L.log
