Logging to file /mta_fs/UserFiles/37258710/amosbatch/SDIR/RC11T.log
                        __  __  ____   _____
                  /\   |  \/  |/ __ \ / ____|
                 /  \  | \  / | |  | | (___  
                / /\ \ | |\/| | |  | |\___ \ 
               / ____ \| |  | | |__| |____) |
              /_/    \_\_|  |_|\____/|_____/
              OSS Framework for MoShell-25.0h 
  Copyright (c) Ericsson AB 2001-2025 - All Rights Reserved
              
           
[1;31mWARNING: [0mthe AMOS version currently running is more than 29 weeks old and is unsupported.
Please upgrade as soon as possible to the latest released version, available from your local Ericsson support.

$amosrb_pid = 1748927

Checking ip contact...OK

HELP MENU            : h
BASIC MO COMMANDS    : m
OTHER MO COMMANDS    : n
OTHER COMMANDS       : o
PM COMMANDS          : p
QUIT                 : q

RC11T> lt all

251125-09:37:14+0100 19.31.14.146 25.0h  stopfile=/tmp/1748804
Looking up temporary_amos account... OK.
Trying temporary_amos_t20251125_37258710_65084_131's password from amos lookupAccount ... OK

$ssh_pid = 1749269

Connected to 19.31.14.146 (SubNetwork=BBMM_rckomc_R,MeContext=RC11T,ManagedElement=RC11T)

Checking MOM version...MSRBS_NODE_MODEL_25.Q1_693.28324.131_62ac
Parsing MOM (cached): /ericsson/log/amos/moshell_logfiles/t20251125_37258710_65084/logs_moshell/tempfiles/scp-4-amos_20251125-093707_1748739/MSRBS_NODE_MODEL_25.Q1_693.28324.131_62ac.xml.cache.gz ..................................................................................................................................................................................................................................Done.
Using paramfile /opt/ericsson/amos/moshell/commonjars/pm/PARAM_MSRBS_25.Q1.txt
Parsing file /opt/ericsson/amos/moshell/commonjars/pm/PARAM_MSRBS_25.Q1.txt .......................................................................................Done.
Using imomdfile /opt/ericsson/amos/moshell/commonjars/pm/IMOMD_MSRBS_22.Q4.txt
Using imomfile /opt/ericsson/amos/moshell/commonjars/pm/IMOM_MSRBS_25.Q1.txt
Connected to 19.31.14.146 (SubNetwork=BBMM_rckomc_R,MeContext=RC11T,ManagedElement=RC11T)

Last MO: 22161. Loaded 22161 MOs. Total: 22162 MOs.

RC11T> st cell

251125-09:37:30+0100 19.31.14.146 25.0h MSRBS_NODE_MODEL_25.Q1_693.28324.131_62ac stopfile=/tmp/1748804
===================================================================================
Proxy  Adm State     Op. State     MO
===================================================================================
   43  1 (UNLOCKED)  1 (ENABLED)   ENodeBFunction=1,EUtranCellFDD=RC11M1
  181  1 (UNLOCKED)  1 (ENABLED)   ENodeBFunction=1,EUtranCellFDD=RC11M2
  316  1 (UNLOCKED)  1 (ENABLED)   ENodeBFunction=1,EUtranCellFDD=RC11M3
  444  1 (UNLOCKED)  1 (ENABLED)   ENodeBFunction=1,EUtranCellFDD=RC11M4
  610  1 (UNLOCKED)  1 (ENABLED)   ENodeBFunction=1,EUtranCellFDD=RC11T1
  764  1 (UNLOCKED)  1 (ENABLED)   ENodeBFunction=1,EUtranCellFDD=RC11T2
  913  1 (UNLOCKED)  1 (ENABLED)   ENodeBFunction=1,EUtranCellFDD=RC11T3
 1056  1 (UNLOCKED)  1 (ENABLED)   ENodeBFunction=1,EUtranCellFDD=RC11T4
 4745  1 (UNLOCKED)  1 (ENABLED)   GNBDUFunction=1,NRCellDU=RC11G1
 4747  1 (UNLOCKED)  1 (ENABLED)   GNBDUFunction=1,NRCellDU=RC11G2
 4749  1 (UNLOCKED)  1 (ENABLED)   GNBDUFunction=1,NRCellDU=RC11G3
 4751  1 (UNLOCKED)  1 (ENABLED)   GNBDUFunction=1,NRCellDU=RC11G4
 4753  1 (UNLOCKED)  1 (ENABLED)   GNBDUFunction=1,NRCellDU=RC11V1
 4755  1 (UNLOCKED)  1 (ENABLED)   GNBDUFunction=1,NRCellDU=RC11V2
 4757  1 (UNLOCKED)  1 (ENABLED)   GNBDUFunction=1,NRCellDU=RC11V3
===================================================================================
Total: 15 MOs

INFO: NRCellDU status needs to be printed with command "stz" or "hget ,nrcell state" due to dependency to cellState/serviceState attributes.

RC11T> st radio

251125-09:37:31+0100 19.31.14.146 25.0h MSRBS_NODE_MODEL_25.Q1_693.28324.131_62ac stopfile=/tmp/1748804
===================================================================================
Proxy  Adm State     Op. State     MO
===================================================================================
 3139  1 (UNLOCKED)  1 (ENABLED)   Equipment=1,FieldReplaceableUnit=Radio-S100-1
 3162  1 (UNLOCKED)  1 (ENABLED)   Equipment=1,FieldReplaceableUnit=Radio-S102-1
 3185  1 (UNLOCKED)  1 (ENABLED)   Equipment=1,FieldReplaceableUnit=Radio-S220-1
 3212  1 (UNLOCKED)  1 (ENABLED)   Equipment=1,FieldReplaceableUnit=Radio-S221-1
 3239  1 (UNLOCKED)  1 (ENABLED)   Equipment=1,FieldReplaceableUnit=Radio-S222-1
 3266  1 (UNLOCKED)  1 (ENABLED)   Equipment=1,FieldReplaceableUnit=Radio-S223-1
22152  1 (UNLOCKED)  1 (ENABLED)   Transport=1,Synchronization=1,RadioEquipmentClock=1,RadioEquipmentClockReference=NTP1
22153  1 (UNLOCKED)  1 (ENABLED)   Transport=1,Synchronization=1,RadioEquipmentClock=1,RadioEquipmentClockReference=PTP
===================================================================================
Total: 8 MOs

RC11T> sdir

251125-09:37:31+0100 19.31.14.146 25.0h MSRBS_NODE_MODEL_25.Q1_693.28324.131_62ac stopfile=/tmp/1748804
INFO: Using amos lookupAccount credentials for the export login
...................
get /rop/A20251125.0745-0800_RC11T.xml.gz /ericsson/log/amos/moshell_logfiles/t20251125_37258710_65084/logs_moshell/pmfiles/19.31.14.146/rop/A20251125.0745-0800_RC11T.xml.gz ... OK
get /rop/A20251125.0800-0815_RC11T.xml.gz /ericsson/log/amos/moshell_logfiles/t20251125_37258710_65084/logs_moshell/pmfiles/19.31.14.146/rop/A20251125.0800-0815_RC11T.xml.gz ... OK
get /rop/A20251125.0815-0830_RC11T.xml.gz /ericsson/log/amos/moshell_logfiles/t20251125_37258710_65084/logs_moshell/pmfiles/19.31.14.146/rop/A20251125.0815-0830_RC11T.xml.gz ... OK
....Checking available boards on node...

Collecting RCS board data ...
..................................................................................................................................................................
............................
............................................................................................................................................................................................................................................................................................................................................................................
....
Collecting TN data...
..........................................................................................................................................................................
Getting MO data from node (119 MOs). Please wait...
0%                                             ~50%                                           ~100%
....................................................................................................................................
Collecting RF data...
...........
Collecting Alarms...
Executing action Log.export()
...
Log=AlarmLog                    actionId=29827
...............
Executing action LogM.exportAvailabilityLog()
..LogM=1,exportAvailabilityLog    actionId=29828
.....Parsing alarmLog........Done.
Parsing availabilityLog....Done.
......

Total: 9 CPRI links (9 OK, 0 OKW, 0 NOK, 0 NT)
.
+--------+                      +----------------------------+
|        | A        O101     D1 |        Radio-S220-1        |
|        |-----------1----------| RRU247924B824B2024B28BM01* |
|        |         OK-84m       |           BXP_7            |
|        |                      +----------------------------+
|        |                                     |A  |B  |C  |D
|        |                          SE=220* AG=220 NRC=RC11G1
|        |
|        |                      +----------------------------+
|        | B        O101     D1 |        Radio-S221-1        |
|        |-----------2----------| RRU247924B824B2024B28BM01* |
|        |         OK-84m       |           BXP_6            |
|        |                      +----------------------------+
|        |                                     |A  |B  |C  |D
|        |                          SE=221* AG=221 NRC=RC11G2
|        |
|        |                      +----------------------------+
|        | C        O101     D1 |        Radio-S222-1        |
|        |-----------3----------| RRU247924B824B2024B28BM01* |
|        |         OK-84m       |           BXP_5            |
|        |                      +----------------------------+
|        |                                     |A  |B  |C  |D
|        |                          SE=222* AG=222 NRC=RC11G3
|        |
|        |                      +------------------+
|        | D        O101     D2 |   Radio-S100-1   |
|        |-----------4----------| RRU449944B144B3C |
|        |         OK-84m       |      BXP_4       |
|        |                      +------------------+
|        |                           |A  |B  |C  |D
|        |                    SE=100 AG=100  |   |
|        |            FDD=RC11M1 FDD=RC11T1  |   |
|        |                            SE=101 AG=101
|        |                    FDD=RC11M2 FDD=RC11T2
|        |
|        |                      +------------------+
|        | E        O101     D2 |   Radio-S102-1   |
|  BB-1  |-----------5----------| RRU449944B144B3C |
| BB6648 |         OK-84m       |      BXP_3       |
| 000100 |                      +------------------+
|        |                           |A  |B  |C  |D
|        |                    SE=102 AG=102  |   |
|        |            FDD=RC11M3 FDD=RC11T3  |   |
|        |                            SE=103 AG=103
|        |                    FDD=RC11M4 FDD=RC11T4
|        |
|        |                      +----------------------------+
|        | F        O101     D1 |        Radio-S223-1        |
|        |-----------6----------| RRU247924B824B2024B28BM01* |
|        |         OK-83m       |           BXP_2            |
|        |                      +----------------------------+
|        |                                     |A  |B  |C  |D
|        |                          SE=223* AG=223 NRC=RC11G4
|        |
|        |                      +-------------+
|        | K        O257     D1 | AAS-S160-1  |
|        |-----------7----------| AIR3278B78K |
|        |         OK-81m       |  fru_2048   |
|        |                      +-------------+
|        |                                  |A
|        |                   SE=160 NRC=RC11V1
|        |
|        |                      +-------------+
|        | L        O257     D1 | AAS-S161-1  |
|        |-----------8----------| AIR3278B78K |
|        |         OK-81m       |  fru_2049   |
|        |                      +-------------+
|        |                                  |A
|        |                   SE=161 NRC=RC11V2
|        |
|        |                      +-------------+
|        | M        O257     D1 | AAS-S162-1  |
|        |-----------9----------| AIR3278B78K |
|        |         OK-81m       |  fru_2050   |
|        |                      +-------------+
|        |                                  |A
+--------+                   SE=162 NRC=RC11V3

=====================================================================================================================================
ID RiL    Type Res MO1-MO2                  BOARD1-BOARD2                     AlmIDs Cells (States)                                        Issue (Failed checks)
=====================================================================================================================================
 1 S220-1 O101 OK  BB-1(A) Radio-S220-1(D1) BB6648 RRU247924B824B2024B28BM01*        NRC=RC11G1 (1)                                        Passed
 2 S221-1 O101 OK  BB-1(B) Radio-S221-1(D1) BB6648 RRU247924B824B2024B28BM01*        NRC=RC11G2 (1)                                        Passed
 3 S222-1 O101 OK  BB-1(C) Radio-S222-1(D1) BB6648 RRU247924B824B2024B28BM01*        NRC=RC11G3 (1)                                        Passed
 4 S100-1 O101 OK  BB-1(D) Radio-S100-1(D2) BB6648 RRU449944B144B3C                  FDD=RC11M1 FDD=RC11M2 FDD=RC11T1 FDD=RC11T2 (1,1,1,1) Passed
 5 S102-1 O101 OK  BB-1(E) Radio-S102-1(D2) BB6648 RRU449944B144B3C                  FDD=RC11M3 FDD=RC11M4 FDD=RC11T3 FDD=RC11T4 (1,1,1,1) Passed
 6 S223-1 O101 OK  BB-1(F) Radio-S223-1(D1) BB6648 RRU247924B824B2024B28BM01*        NRC=RC11G4 (1)                                        Passed
 7 S160-1 O257 OK  BB-1(K) AAS-S160-1(D1)   BB6648 AIR3278B78K                       NRC=RC11V1 (1)                                        Passed
 8 S161-1 O257 OK  BB-1(L) AAS-S161-1(D1)   BB6648 AIR3278B78K                       NRC=RC11V2 (1)                                        Passed
 9 S162-1 O257 OK  BB-1(M) AAS-S162-1(D1)   BB6648 AIR3278B78K                       NRC=RC11V3 (1)                                        Passed
-------------------------------------------------------------------------------------------------------------------------------------

Node: RadioNode LN   CXP2010174/2_R27J08 (25.Q1)   G3.0   LTE-FDD NR-LB-FDD,NR-MB-TDD-NSA

=====================================================================================================================================
FRU          ;LNH      ;BOARD                      ;ST ;FAULT ;OPER ;MAINT ;STAT ;PRODUCTNUMBER   ;REV     ;SERIAL        ;DATE     ;PMTEMP ; TEMP ; UPT ;VOLT ;SW                   ;
=====================================================================================================================================
BB-1         ;000100   ;BB6648                     ; 1 ;  OFF ;  ON ;  OFF ;  ON ;KDU1370015/11   ;R3G     ;E96A0107K8    ;20230509 ;4 (OK) ;      ; 132 ;51   ;                     ;
Radio-S100-1 ;BXP_4    ;RRU449944B144B3C           ; 1 ;  OFF ;  ON ;  OFF ; N/A ;KRC161787/1     ;R2F     ;TU8U023HLA    ;20230530 ;4 (OK) ; 32.0 ; 132 ;51.3 ;CXP9013268%15_R101LX ; (Radio449944B144B3C)
Radio-S102-1 ;BXP_3    ;RRU449944B144B3C           ; 1 ;  OFF ;  ON ;  OFF ; N/A ;KRC161787/1     ;R2F     ;TU8U023HGM    ;20230530 ;4 (OK) ; 30.5 ; 132 ;51.5 ;CXP9013268%15_R101LX ; (Radio449944B144B3C)
Radio-S220-1 ;BXP_7    ;RRU247924B824B2024B28BM01* ; 1 ;  OFF ;  ON ;  OFF ; N/A ;KRC161832/1     ;R2F     ;TU8U029LHV    ;20231104 ;4 (OK) ; 31.8 ; 132 ;50.5 ;CXP9013268%15_R101LX ; (Radio247924B824B2024B28BM01)
Radio-S221-1 ;BXP_6    ;RRU247924B824B2024B28BM01* ; 1 ;  OFF ;  ON ;  OFF ; N/A ;KRC161832/1     ;R2F     ;TU8U029LGR    ;20231104 ;4 (OK) ; 32.4 ; 132 ;51.3 ;CXP9013268%15_R101LX ; (Radio247924B824B2024B28BM01)
Radio-S222-1 ;BXP_5    ;RRU247924B824B2024B28BM01* ; 1 ;  OFF ;  ON ;  OFF ; N/A ;KRC161832/1     ;R2F     ;TU8U029LJF    ;20231104 ;4 (OK) ; 35.3 ; 132 ;50.1 ;CXP9013268%15_R101LX ; (Radio247924B824B2024B28BM01)
Radio-S223-1 ;BXP_2    ;RRU247924B824B2024B28BM01* ; 1 ;  OFF ;  ON ;  OFF ; N/A ;KRC161832/1     ;R2F     ;TU8U029KX5    ;20231103 ;4 (OK) ; 34.4 ; 132 ;51.9 ;CXP9013268%15_R101LX ; (Radio247924B824B2024B28BM01)
AAS-S160-1   ;fru_2048 ;AIR3278B78K                ; 1 ;  OFF ;  ON ;  OFF ; N/A ;KRD901266/11    ;R2C     ;E96A205G39    ;20230525 ;4 (OK) ; 25.8 ; 132 ;51.0 ;CXP2030038%1_R140L31 ;
AAS-S161-1   ;fru_2049 ;AIR3278B78K                ; 1 ;  OFF ;  ON ;  OFF ; N/A ;KRD901266/11    ;R2C     ;E96A205G6A    ;20230525 ;4 (OK) ; 26.5 ; 132 ;51.2 ;CXP2030038%1_R140L31 ;
AAS-S162-1   ;fru_2050 ;AIR3278B78K                ; 1 ;  OFF ;  ON ;  OFF ; N/A ;KRD901266/11    ;R2C     ;E96A205G69    ;20230525 ;4 (OK) ; 28.5 ; 132 ;51.0 ;CXP2030038%1_R140L31 ;
-------------------------------------------------------------------------------------------------------------------------------------

=====================================================================================================================================
AntennaNearUnit                                         ;ST  ;TYPE   ;PRODUCTNR       ;REV                ;UNIQUEID             ;RfPort
=====================================================================================================================================
AntennaUnitGroup=220,AntennaNearUnit=RET_1800-2100      ; 1  ;S-RET  ;AIMM20M22S0v03  ;WD83MANWRCU_VER.A  ;HWN3065NA00AB138Lb1  ;FieldReplaceableUnit=Radio-S220-1,RfPort=R
AntennaUnitGroup=220,AntennaNearUnit=RET_2600           ; 1  ;S-RET  ;AIMM20M22S0v03  ;WD83MANWRCU_VER.A  ;HWN3065NA00AD199Ly1  ;FieldReplaceableUnit=Radio-S220-1,RfPort=R
AntennaUnitGroup=220,AntennaNearUnit=RET_700_800_900_1  ; 1  ;S-RET  ;AIMM20M22S0v03  ;WD83MANWRCU_VER.A  ;HWN3065NA00A7107Lr1  ;FieldReplaceableUnit=Radio-S220-1,RfPort=R
AntennaUnitGroup=220,AntennaNearUnit=RET_700_800_900_2  ; 1  ;S-RET  ;AIMM20M22S0v03  ;WD83MANWRCU_VER.A  ;HWN3065NA00A8142Rr2  ;FieldReplaceableUnit=Radio-S220-1,RfPort=R
AntennaUnitGroup=221,AntennaNearUnit=RET_1800-2100      ; 1  ;S-RET  ;AIMM20M22S0v03  ;WD83MANWRCU_VER.A  ;HWN3065NA00P6151Lb1  ;FieldReplaceableUnit=Radio-S221-1,RfPort=R
AntennaUnitGroup=221,AntennaNearUnit=RET_2600           ; 1  ;S-RET  ;AIMM20M22S0v03  ;WD83MANWRCU_VER.A  ;HWN3065NA00P8112Ly1  ;FieldReplaceableUnit=Radio-S221-1,RfPort=R
AntennaUnitGroup=221,AntennaNearUnit=RET_700_800_900_1  ; 1  ;S-RET  ;AIMM20M22S0v03  ;WD83MANWRCU_VER.A  ;HWN3065NA00P2123Lr1  ;FieldReplaceableUnit=Radio-S221-1,RfPort=R
AntennaUnitGroup=221,AntennaNearUnit=RET_700_800_900_2  ; 1  ;S-RET  ;AIMM20M22S0v03  ;WD83MANWRCU_VER.A  ;HWN3065NA00P3188Rr2  ;FieldReplaceableUnit=Radio-S221-1,RfPort=R
AntennaUnitGroup=222,AntennaNearUnit=RET_1800-2100      ; 1  ;S-RET  ;AIMM20M22S0v03  ;WD83MANWRCU_VER.A  ;HWN3065NA00PW116Lb1  ;FieldReplaceableUnit=Radio-S222-1,RfPort=R
AntennaUnitGroup=222,AntennaNearUnit=RET_2600           ; 1  ;S-RET  ;AIMM20M22S0v03  ;WD83MANWRCU_VER.A  ;HWN3065NA00PY112Ly1  ;FieldReplaceableUnit=Radio-S222-1,RfPort=R
AntennaUnitGroup=222,AntennaNearUnit=RET_700_800_900_1  ; 1  ;S-RET  ;AIMM20M22S0v03  ;WD83MANWRCU_VER.A  ;HWN3065NA00PS132Lr1  ;FieldReplaceableUnit=Radio-S222-1,RfPort=R
AntennaUnitGroup=222,AntennaNearUnit=RET_700_800_900_2  ; 1  ;S-RET  ;AIMM20M22S0v03  ;WD83MANWRCU_VER.A  ;HWN3065NA00PT155Rr2  ;FieldReplaceableUnit=Radio-S222-1,RfPort=R
AntennaUnitGroup=223,AntennaNearUnit=RET_1800-2100      ; 1  ;S-RET  ;AIMM20M22S0v03  ;WD83MANWRCU_VER.A  ;HWN3065NA00RC170Lb1  ;FieldReplaceableUnit=Radio-S223-1,RfPort=R
AntennaUnitGroup=223,AntennaNearUnit=RET_2600           ; 1  ;S-RET  ;AIMM20M22S0v03  ;WD83MANWRCU_VER.A  ;HWN3065NA00RE104Ly1  ;FieldReplaceableUnit=Radio-S223-1,RfPort=R
AntennaUnitGroup=223,AntennaNearUnit=RET_700_800_900_1  ; 1  ;S-RET  ;AIMM20M22S0v03  ;WD83MANWRCU_VER.A  ;HWN3065NA00R8154Lr1  ;FieldReplaceableUnit=Radio-S223-1,RfPort=R
AntennaUnitGroup=223,AntennaNearUnit=RET_700_800_900_2  ; 1  ;S-RET  ;AIMM20M22S0v03  ;WD83MANWRCU_VER.A  ;HWN3065NA00R9171Rr2  ;FieldReplaceableUnit=Radio-S223-1,RfPort=R
-------------------------------------------------------------------------------------------------------------------------------------

=====================================================================================================================================
XPBOARD  ;ST ;FAULT ;OPER ;PRODUCTNUMBER ;REV ;SERIAL/NAME ;DATE     ; TEMP ;MO
=====================================================================================================================================
FAN08    ; 1 ;N/A   ;N/A  ;BKV106236/1   ;R2F ;DD111Z6081  ;20220714 ; 51.9 ;SupportUnit=1 (FAN  BB-1)
-------------------------------------------------------------------------------------------------------------------------------------

=====================================================================================================================================
ID ;T ;RiL    ;BPBP ;BOARD1                     ;LNH1 ;PORT ;R ;LINK ;RATE  ; BER ;BOARD2                     ;LNH2   ;PORT ;R ;LINK ;RATE  ; BER ;LENGTH ;MO1 - MO2
=====================================================================================================================================
 1 ;O ;S220-1 ;1111 ;BB6648                     ;000100 ; 1 ;M ;Up   ;10.1G ;   0 ;RRU247924B824B2024B28BM01* ;BXP_7    ; 0 ;S ;Up   ;10.1G ;   0 ;   84m ;Fru=BB-1(A) Fru=Radio-S220-1(D1)
 2 ;O ;S221-1 ;1111 ;BB6648                     ;000100 ; 2 ;M ;Up   ;10.1G ;   0 ;RRU247924B824B2024B28BM01* ;BXP_6    ; 0 ;S ;Up   ;10.1G ;   0 ;   84m ;Fru=BB-1(B) Fru=Radio-S221-1(D1)
 3 ;O ;S222-1 ;1111 ;BB6648                     ;000100 ; 3 ;M ;Up   ;10.1G ;   0 ;RRU247924B824B2024B28BM01* ;BXP_5    ; 0 ;S ;Up   ;10.1G ;   0 ;   84m ;Fru=BB-1(C) Fru=Radio-S222-1(D1)
 4 ;O ;S100-1 ;1111 ;BB6648                     ;000100 ; 4 ;M ;Up   ;10.1G ;   0 ;RRU449944B144B3C           ;BXP_4    ; 1 ;S ;Up   ;10.1G ;   0 ;   84m ;Fru=BB-1(D) Fru=Radio-S100-1(D2)
 5 ;O ;S102-1 ;1111 ;BB6648                     ;000100 ; 5 ;M ;Up   ;10.1G ;   0 ;RRU449944B144B3C           ;BXP_3    ; 1 ;S ;Up   ;10.1G ;   0 ;   84m ;Fru=BB-1(E) Fru=Radio-S102-1(D2)
 6 ;O ;S223-1 ;1111 ;BB6648                     ;000100 ; 6 ;M ;Up   ;10.1G ;   0 ;RRU247924B824B2024B28BM01* ;BXP_2    ; 0 ;S ;Up   ;10.1G ;   0 ;   83m ;Fru=BB-1(F) Fru=Radio-S223-1(D1)
 7 ;O ;S160-1 ;1111 ;BB6648                     ;000100 ;10 ;M ;Up   ;25.7G ; 0/0 ;AIR3278B78K                ;fru_2048 ; 0 ;S ;Up   ;25.7G ; 0/0 ;   81m ;Fru=BB-1(K) Fru=AAS-S160-1(D1)
 8 ;O ;S161-1 ;1111 ;BB6648                     ;000100 ;11 ;M ;Up   ;25.7G ; 0/0 ;AIR3278B78K                ;fru_2049 ; 0 ;S ;Up   ;25.7G ; 0/0 ;   81m ;Fru=BB-1(L) Fru=AAS-S161-1(D1)
 9 ;O ;S162-1 ;1111 ;BB6648                     ;000100 ;12 ;M ;Up   ;25.7G ; 0/0 ;AIR3278B78K                ;fru_2050 ; 0 ;S ;Up   ;25.7G ; 0/0 ;   81m ;Fru=BB-1(M) Fru=AAS-S162-1(D1)
-------------------------------------------------------------------------------------------------------------------------------------

=====================================================================================================================================
ID ;LINK ;RiL    ;VENDOR1  ;VENDORPROD1      ;REV1 ;SERIAL1        ;DATE1    ;ERICSSONPROD1      ;VENDOR2  ;VENDORPROD2      ;REV2 ;SERIAL2        ;DATE2    ;ERICSSONPROD2      ;TT ;WL1     ;WL2    
=====================================================================================================================================
 1 ;Up   ;S220-1 ;ERICSSON ;SPP10ELRIDFSEN   ;10   ;CT73649178     ;20230516 ;RDH10265/2 R1A     ;ERICSSON ;RTXM228-702-C22  ;1.0  ;CU823K15DR     ;20231017 ;RDH10265/2 R1A     ;0  ;1310.00 ;1310.00
 2 ;Up   ;S221-1 ;ERICSSON ;SPP10ELRIDFSEN   ;10   ;CT73652860     ;20230516 ;RDH10265/2 R1A     ;ERICSSON ;RTXM228-702-C22  ;1.0  ;CU823K13S6     ;20231017 ;RDH10265/2 R1A     ;0  ;1310.00 ;1310.00
 3 ;Up   ;S222-1 ;ERICSSON ;SPP10ELRIDFSEN   ;10   ;CT73649787     ;20230516 ;RDH10265/2 R1A     ;ERICSSON ;RTXM228-702-C22  ;1.0  ;CU823K14CG     ;20231017 ;RDH10265/2 R1A     ;0  ;1310.00 ;1310.00
 4 ;Up   ;S100-1 ;ERICSSON ;SPP10ELRIDFSEN   ;10   ;CT73652954     ;20230516 ;RDH10265/2 R1A     ;ERICSSON ;RTXM228-702-C22  ;1.0  ;CU823K13EE     ;20231017 ;RDH10265/2 R1A     ;0  ;1310.00 ;1310.00
 5 ;Up   ;S102-1 ;ERICSSON ;SPP10ELRIDFSEN   ;10   ;CT73651262     ;20230516 ;RDH10265/2 R1A     ;ERICSSON ;RTXM228-702-C22  ;1.0  ;CU823K1502     ;20231017 ;RDH10265/2 R1A     ;0  ;1310.00 ;1310.00
 6 ;Up   ;S223-1 ;ERICSSON ;SPP10ELRIDFSEN   ;10   ;CT73652256     ;20230516 ;RDH10265/2 R1A     ;ERICSSON ;RTXM228-702-C22  ;1.0  ;CU823K150C     ;20231017 ;RDH10265/2 R1A     ;0  ;1310.00 ;1310.00
 7 ;Up   ;S160-1 ;ERICSSON ;RTXM330-205-C24A ;1.0  ;CU823B0S20     ;20230307 ;RDH10275/2 R1A     ;ERICSSON ;RTXM330-205-C24A ;1.0  ;CU823B0QTC     ;20230307 ;RDH10275/2 R1A     ;0  ;1310.00 ;1310.00
 8 ;Up   ;S161-1 ;ERICSSON ;RTXM330-205-C24A ;1.0  ;CU823B0SP0     ;20230308 ;RDH10275/2 R1A     ;ERICSSON ;RTXM330-205-C24A ;1.0  ;CU823B0SN0     ;20230307 ;RDH10275/2 R1A     ;0  ;1310.00 ;1310.00
 9 ;Up   ;S162-1 ;ERICSSON ;RTXM330-205-C24A ;1.0  ;CU823B0SVB     ;20230307 ;RDH10275/2 R1A     ;ERICSSON ;RTXM330-205-C24A ;1.0  ;CU823B0QSH     ;20230307 ;RDH10275/2 R1A     ;0  ;1310.00 ;1310.00
-------------------------------------------------------------------------------------------------------------------------------------

=====================================================================================================================================
ID ;LINK ;RiL    ;WL1     ;TEMP1 ;TXbs1 ;TXdBm1 ;RXdBm1 ;BER1   ;WL2     ;TEMP2 ;TXbs2 ;TXdBm2 ;RXdBm2 ;BER2   ;DlLoss ;UlLoss ;LENGTH ;TT
=====================================================================================================================================
 1 ;Up   ;S220-1 ;1310.00 ;48C   ;48%   ;-3.25  ;-1.92  ;   0   ;1310.00 ;30C   ;52%   ;-1.32  ;-3.17  ;   0   ; -0.08 ;   0.6 ;   84m ; 0
 2 ;Up   ;S221-1 ;1310.00 ;47C   ;46%   ;-3.28  ;-1.51  ;   0   ;1310.00 ;30C   ;53%   ;-0.72  ;-1.84  ;   0   ; -1.44 ;  0.79 ;   84m ; 0
 3 ;Up   ;S222-1 ;1310.00 ;47C   ;36%   ;-1.69  ;-1.68  ;   0   ;1310.00 ;31C   ;54%   ;-1.27  ;-2.64  ;   0   ;  0.95 ;  0.41 ;   84m ; 0
 4 ;Up   ;S100-1 ;1310.00 ;47C   ;45%   ;-2.72  ;-2.94  ;   0   ;1310.00 ;30C   ;53%   ;-1.74  ;-2.68  ;   0   ; -0.04 ;   1.2 ;   84m ; 0
 5 ;Up   ;S102-1 ;1310.00 ;48C   ;40%   ;-2.15  ;-1.93  ;   0   ;1310.00 ;28C   ;51%   ;-1.43  ;-2.79  ;   0   ;  0.64 ;   0.5 ;   84m ; 0
 6 ;Up   ;S223-1 ;1310.00 ;48C   ;45%   ;-2.98  ;-2.73  ;   0   ;1310.00 ;37C   ;54%   ;-1.05  ;-3.33  ;   0   ;  0.35 ;  1.68 ;   83m ; 0
 7 ;Up   ;S160-1 ;1310.00 ;45C   ;31%   ;-0.75  ;-1.37  ; 0/0   ;1310.00 ;29C   ;28%   ;-1.38  ;-0.98  ; 0/0   ;  0.23 ; -0.01 ;   81m ; 0
 8 ;Up   ;S161-1 ;1310.00 ;46C   ;33%   ;-1.01  ;-0.56  ; 0/0   ;1310.00 ;26C   ;28%   ;-0.53  ;-1.12  ; 0/0   ;  0.11 ;  0.03 ;   81m ; 0
 9 ;Up   ;S162-1 ;1310.00 ;46C   ;32%   ;-1.06  ;0.12   ; 0/0   ;1310.00 ;30C   ;28%   ;0.46   ;-1.60  ; 0/0   ;  0.54 ;  0.34 ;   81m ; 0
-------------------------------------------------------------------------------------------------------------------------------------

=====================================================================================================================================
ID ;RiL    ;BOARD                      ;SFPLNH  ;PORT ;VENDOR   ;VENDORPROD       ;REV  ;SERIAL         ;DATE     ;ERICSSONPROD       ;WL      ;TEMP  ;TXbs  ;TXdBm  ;RXdBm  ; BER
=====================================================================================================================================
 1 ;S220-1 ;BB6648                     ;000100   ;  1 ;ERICSSON ;SPP10ELRIDFSEN   ;10   ;CT73649178     ;20230516 ;RDH10265/2 R1A     ;1310.00 ;48C   ;48%   ;-3.25  ;-1.92  ;   0
 2 ;S221-1 ;BB6648                     ;000100   ;  2 ;ERICSSON ;SPP10ELRIDFSEN   ;10   ;CT73652860     ;20230516 ;RDH10265/2 R1A     ;1310.00 ;47C   ;46%   ;-3.28  ;-1.51  ;   0
 3 ;S222-1 ;BB6648                     ;000100   ;  3 ;ERICSSON ;SPP10ELRIDFSEN   ;10   ;CT73649787     ;20230516 ;RDH10265/2 R1A     ;1310.00 ;47C   ;36%   ;-1.69  ;-1.68  ;   0
 4 ;S100-1 ;BB6648                     ;000100   ;  4 ;ERICSSON ;SPP10ELRIDFSEN   ;10   ;CT73652954     ;20230516 ;RDH10265/2 R1A     ;1310.00 ;47C   ;45%   ;-2.72  ;-2.94  ;   0
 5 ;S102-1 ;BB6648                     ;000100   ;  5 ;ERICSSON ;SPP10ELRIDFSEN   ;10   ;CT73651262     ;20230516 ;RDH10265/2 R1A     ;1310.00 ;48C   ;40%   ;-2.15  ;-1.93  ;   0
 6 ;S223-1 ;BB6648                     ;000100   ;  6 ;ERICSSON ;SPP10ELRIDFSEN   ;10   ;CT73652256     ;20230516 ;RDH10265/2 R1A     ;1310.00 ;48C   ;45%   ;-2.98  ;-2.73  ;   0
 7 ;S160-1 ;BB6648                     ;000100   ; 10 ;ERICSSON ;RTXM330-205-C24A ;1.0  ;CU823B0S20     ;20230307 ;RDH10275/2 R1A     ;1310.00 ;45C   ;31%   ;-0.75  ;-1.37  ; 0/0
 8 ;S161-1 ;BB6648                     ;000100   ; 11 ;ERICSSON ;RTXM330-205-C24A ;1.0  ;CU823B0SP0     ;20230308 ;RDH10275/2 R1A     ;1310.00 ;46C   ;33%   ;-1.01  ;-0.56  ; 0/0
 9 ;S162-1 ;BB6648                     ;000100   ; 12 ;ERICSSON ;RTXM330-205-C24A ;1.0  ;CU823B0SVB     ;20230307 ;RDH10275/2 R1A     ;1310.00 ;46C   ;32%   ;-1.06  ;0.12   ; 0/0
 6 ;S223-1 ;RRU247924B824B2024B28BM01* ;BXP_2    ;  0 ;ERICSSON ;RTXM228-702-C22  ;1.0  ;CU823K150C     ;20231017 ;RDH10265/2 R1A     ;1310.00 ;37C   ;54%   ;-1.05  ;-3.33  ;   0
 5 ;S102-1 ;RRU449944B144B3C           ;BXP_3    ;  1 ;ERICSSON ;RTXM228-702-C22  ;1.0  ;CU823K1502     ;20231017 ;RDH10265/2 R1A     ;1310.00 ;28C   ;51%   ;-1.43  ;-2.79  ;   0
 4 ;S100-1 ;RRU449944B144B3C           ;BXP_4    ;  1 ;ERICSSON ;RTXM228-702-C22  ;1.0  ;CU823K13EE     ;20231017 ;RDH10265/2 R1A     ;1310.00 ;30C   ;53%   ;-1.74  ;-2.68  ;   0
 3 ;S222-1 ;RRU247924B824B2024B28BM01* ;BXP_5    ;  0 ;ERICSSON ;RTXM228-702-C22  ;1.0  ;CU823K14CG     ;20231017 ;RDH10265/2 R1A     ;1310.00 ;31C   ;54%   ;-1.27  ;-2.64  ;   0
 2 ;S221-1 ;RRU247924B824B2024B28BM01* ;BXP_6    ;  0 ;ERICSSON ;RTXM228-702-C22  ;1.0  ;CU823K13S6     ;20231017 ;RDH10265/2 R1A     ;1310.00 ;30C   ;53%   ;-0.72  ;-1.84  ;   0
 1 ;S220-1 ;RRU247924B824B2024B28BM01* ;BXP_7    ;  0 ;ERICSSON ;RTXM228-702-C22  ;1.0  ;CU823K15DR     ;20231017 ;RDH10265/2 R1A     ;1310.00 ;30C   ;52%   ;-1.32  ;-3.17  ;   0
 7 ;S160-1 ;AIR3278B78K                ;fru_2048 ;  0 ;ERICSSON ;RTXM330-205-C24A ;1.0  ;CU823B0QTC     ;20230307 ;RDH10275/2 R1A     ;1310.00 ;29C   ;28%   ;-1.38  ;-0.98  ; 0/0
 8 ;S161-1 ;AIR3278B78K                ;fru_2049 ;  0 ;ERICSSON ;RTXM330-205-C24A ;1.0  ;CU823B0SN0     ;20230307 ;RDH10275/2 R1A     ;1310.00 ;26C   ;28%   ;-0.53  ;-1.12  ; 0/0
 9 ;S162-1 ;AIR3278B78K                ;fru_2050 ;  0 ;ERICSSON ;RTXM330-205-C24A ;1.0  ;CU823B0QSH     ;20230307 ;RDH10275/2 R1A     ;1310.00 ;30C   ;28%   ;0.46   ;-1.60  ; 0/0
-------------------------------------------------------------------------------------------------------------------------------------
TN ;       ;BB6648                     ;000100   ; IB ;ERICSSON ;SPP10ELRIDFSEN   ;10   ;CT73649125     ;20230516 ;RDH10265/2 R1A     ;1310    ;43C   ;44%   ;-2.17  ;-4.11  ;NZ/0
TN ;       ;BB6648                     ;000100   ;IA2 ;ERICSSON ;NDAAF9-E201      ;E    ;APF23202013TN1 ;20230515 ;RPM777053/1000 R1B ;NA      ;NA    ;NA    ;NA     ;NA     ; 0/0
-------------------------------------------------------------------------------------------------------------------------------------

=====================================================================================================================================
BOARD       ;LNH    ;PORT       ;T ;S ;OpMode   ;AutoNeg ;MacAddress        ;VlanIds        ;LOS ;BER
=====================================================================================================================================
AIR3278B78K ;fru_2048 ;0          ;E ;1 ;ANY      ;true    ;58:70:7F:C7:49:90 ;               ;    ;0/0
AIR3278B78K ;fru_2049 ;0          ;E ;1 ;ANY      ;true    ;58:70:7F:C7:4A:B0 ;               ;    ;0/0
AIR3278B78K ;fru_2050 ;0          ;E ;1 ;ANY      ;true    ;58:70:7F:C7:4A:C0 ;               ;    ;0/0
BB6648      ;000100 ;10         ;E ;1 ;ANY      ;true    ;E0:47:35:E6:5E:04 ;               ;    ;0/0
BB6648      ;000100 ;11         ;E ;1 ;ANY      ;true    ;E0:47:35:E6:5E:05 ;               ;    ;0/0
BB6648      ;000100 ;12         ;E ;1 ;ANY      ;true    ;E0:47:35:E6:5E:06 ;               ;    ;0/0
BB6648      ;000100 ;TN_IDL_A_1 ;E ;1 ;10G_FULL ;false   ;E0:47:35:E6:5E:07 ;3901,3908,3910 ;0   ;0/0
BB6648      ;000100 ;TN_IDL_A_2 ;O ;1 ;10G_FULL ;false   ;E0:47:35:E6:5E:08 ;3908           ;0   ;0/0
BB6648      ;000100 ;TN_IDL_B   ;O ;1 ;10G_FULL ;false   ;E0:47:35:E6:5E:0B ;3901,3908,3910 ;0   ;NZ/0
-------------------------------------------------------------------------------------------------------------------------------------

radioClockState : RNT_TIME_LOCKED
-------------------------------------------------------------------------------------
Prio  ;ST  ;syncRefType    ;refStatus  ;opQualLevel  ;SyncReference
-------------------------------------------------------------------------------------
  *1  ; 1  ;PTP_TIME       ;NO_FAULT   ;PRTC         ;Ptp=1,BoundaryOrdinaryClock=PTP (G_8275_1 EthernetPort=TN_IDL_B:SLAVE EthernetPort=TN_IDL_A_1:MASTER)
   2  ; 1  ;NTP_FREQUENCY  ;NO_FAULT   ;PRC          ;Ntp=1,NtpFrequencySync=NTP1 (10.31.0.54:32751 Router=45G_Traffic,InterfaceIPv4=LTE,AddressIPv4=LTE)
-------------------------------------------------------------------------------------
-------------------------------------------------------------------------------------
Prio  ;ST  ;assistRefStatus  ;recQualLevel  ;AssistingReference
-------------------------------------------------------------------------------------
   1  ; 1  ;NO_FAULT         ;PRC           ;Synchronization=1,SyncEthInput=SyncE (SFP_OPTICAL EthernetPort=TN_IDL_B)
-------------------------------------------------------------------------------------
nodeGroupRole   : SYNC_PROVIDER (syncNodePriority=1, selectionMode=NODE_PRIORITY)
-------------------------------------------------------------------------------------
DU  ;Port  ;sharedUnitRef (RiPortA - RiPortB)  ;remoteNodePriority  ;CandidateStatus
-------------------------------------------------------------------------------------
1   ;A     ;Fru=Radio-S220-1 (1 - 2)           ;3                   ;OK_NOT_ACTIVE
1   ;B     ;Fru=Radio-S221-1 (1 - 2)           ;3                   ;OK_NOT_ACTIVE
1   ;C     ;Fru=Radio-S222-1 (1 - 2)           ;3                   ;OK_NOT_ACTIVE
1   ;F     ;Fru=Radio-S223-1 (1 - 2)           ;3                   ;OK_NOT_ACTIVE
-------------------------------------------------------------------------------------

=====================================================================================================================================
FRU          ;LNH      ;BOARD                      ;RF  ;BP  ;TX (W/dBm)  ;VSWR (RL)   ;RX (dBm) ;UEs/gUEs  ;Sector/AntennaGroup/Cells (State:CellIds:PCIs)
=====================================================================================================================================
Radio-S100-1 ;BXP_4    ;RRU449944B144B3C           ; A  ;11  ;9.8 (39.9)  ;1.23 (19.8) ;-87.3    ;39/-      ;SE=100 AG=100 FDD=RC11M1 FDD=RC11T1 (1:31:426, 1:41:241)
Radio-S100-1 ;BXP_4    ;RRU449944B144B3C           ; B  ;11  ;3.1 (34.9)  ;1.19 (21.3) ;-87.1    ;39/-      ;SE=100 AG=100 FDD=RC11M1 FDD=RC11T1 (1:31:426, 1:41:241)
Radio-S100-1 ;BXP_4    ;RRU449944B144B3C           ; C  ;11  ;12.0 (40.8) ;1.25 (19.0) ;-89.1    ;43/-      ;SE=101 AG=101 FDD=RC11M2 FDD=RC11T2 (1:32:60, 1:42:501)
Radio-S100-1 ;BXP_4    ;RRU449944B144B3C           ; D  ;11  ;10.4 (40.2) ;1.13 (24.3) ;-89.1    ;43/-      ;SE=101 AG=101 FDD=RC11M2 FDD=RC11T2 (1:32:60, 1:42:501)
Radio-S102-1 ;BXP_3    ;RRU449944B144B3C           ; A  ;11  ;42.5 (46.3) ;1.16 (22.8) ;-91.6    ;26/-      ;SE=102 AG=102 FDD=RC11M3 FDD=RC11T3 (1:33:22, 1:43:163)
Radio-S102-1 ;BXP_3    ;RRU449944B144B3C           ; B  ;11  ;-           ;1.14 (23.9) ;-91.0    ;26/-      ;SE=102 AG=102 FDD=RC11M3 FDD=RC11T3 (1:33:22, 1:43:163)
Radio-S102-1 ;BXP_3    ;RRU449944B144B3C           ; C  ;11  ;43.7 (46.4) ;1.24 (19.5) ;-89.1    ;37/-      ;SE=103 AG=103 FDD=RC11M4 FDD=RC11T4 (1:34:287, 1:44:347)
Radio-S102-1 ;BXP_3    ;RRU449944B144B3C           ; D  ;11  ;18.6 (42.7) ;1.13 (24.2) ;-88.7    ;37/-      ;SE=103 AG=103 FDD=RC11M4 FDD=RC11T4 (1:34:287, 1:44:347)
AAS-S160-1   ;fru_2048 ;AIR3278B78K                ; A  ;11  ;-           ;-           ;         ;-/50      ;SE=160 NRC=RC11V1 (1:571:759)
AAS-S161-1   ;fru_2049 ;AIR3278B78K                ; A  ;11  ;-           ;-           ;         ;-/23      ;SE=161 NRC=RC11V2 (1:572:695)
AAS-S162-1   ;fru_2050 ;AIR3278B78K                ; A  ;11  ;-           ;-           ;         ;-/16      ;SE=162 NRC=RC11V3 (1:573:718)
Radio-S220-1 ;BXP_7    ;RRU247924B824B2024B28BM01* ; A  ;11  ;18.1 (42.6) ;1.23 (19.6) ;-89.7    ;-/30      ;SE=220* AG=220 NRC=RC11G1 (1:561:694)
Radio-S220-1 ;BXP_7    ;RRU247924B824B2024B28BM01* ; B  ;11  ;15.7 (41.9) ;1.08 (28.5) ;-90.2    ;-/30      ;SE=220* AG=220 NRC=RC11G1 (1:561:694)
Radio-S220-1 ;BXP_7    ;RRU247924B824B2024B28BM01* ; C  ;11  ;6.5 (38.1)  ;1.11 (25.6) ;-87.4    ;-/30      ;SE=220* AG=220 NRC=RC11G1 (1:561:694)
Radio-S220-1 ;BXP_7    ;RRU247924B824B2024B28BM01* ; D  ;11  ;6.8 (38.3)  ;1.10 (26.2) ;-90.3    ;-/30      ;SE=220* AG=220 NRC=RC11G1 (1:561:694)
Radio-S221-1 ;BXP_6    ;RRU247924B824B2024B28BM01* ; A  ;11  ;12.6 (41.0) ;1.15 (23.2) ;-88.9    ;-/25      ;SE=221* AG=221 NRC=RC11G2 (1:562:699)
Radio-S221-1 ;BXP_6    ;RRU247924B824B2024B28BM01* ; B  ;11  ;8.0 (39.0)  ;1.09 (26.9) ;-88.3    ;-/25      ;SE=221* AG=221 NRC=RC11G2 (1:562:699)
Radio-S221-1 ;BXP_6    ;RRU247924B824B2024B28BM01* ; C  ;11  ;9.5 (39.8)  ;1.04 (34.8) ;-89.0    ;-/25      ;SE=221* AG=221 NRC=RC11G2 (1:562:699)
Radio-S221-1 ;BXP_6    ;RRU247924B824B2024B28BM01* ; D  ;11  ;10.5 (40.2) ;1.10 (26.7) ;-88.7    ;-/25      ;SE=221* AG=221 NRC=RC11G2 (1:562:699)
Radio-S222-1 ;BXP_5    ;RRU247924B824B2024B28BM01* ; A  ;11  ;13.6 (41.3) ;1.09 (27.6) ;-91.5    ;-/46      ;SE=222* AG=222 NRC=RC11G3 (1:563:717)
Radio-S222-1 ;BXP_5    ;RRU247924B824B2024B28BM01* ; B  ;11  ;14.1 (41.5) ;1.10 (26.8) ;-90.8    ;-/46      ;SE=222* AG=222 NRC=RC11G3 (1:563:717)
Radio-S222-1 ;BXP_5    ;RRU247924B824B2024B28BM01* ; C  ;11  ;22.9 (43.6) ;1.05 (33.1) ;-91.6    ;-/46      ;SE=222* AG=222 NRC=RC11G3 (1:563:717)
Radio-S222-1 ;BXP_5    ;RRU247924B824B2024B28BM01* ; D  ;11  ;24.0 (43.8) ;1.10 (26.6) ;-90.6    ;-/46      ;SE=222* AG=222 NRC=RC11G3 (1:563:717)
Radio-S223-1 ;BXP_2    ;RRU247924B824B2024B28BM01* ; A  ;11  ;17.3 (42.4) ;1.09 (27.2) ;-85.8    ;-/23      ;SE=223* AG=223 NRC=RC11G4 (1:564:746)
Radio-S223-1 ;BXP_2    ;RRU247924B824B2024B28BM01* ; B  ;11  ;16.7 (42.2) ;1.07 (29.3) ;-85.4    ;-/23      ;SE=223* AG=223 NRC=RC11G4 (1:564:746)
Radio-S223-1 ;BXP_2    ;RRU247924B824B2024B28BM01* ; C  ;11  ;24.5 (43.9) ;1.04 (33.8) ;-85.6    ;-/23      ;SE=223* AG=223 NRC=RC11G4 (1:564:746)
Radio-S223-1 ;BXP_2    ;RRU247924B824B2024B28BM01* ; D  ;11  ;25.7 (44.1) ;1.05 (31.9) ;-85.2    ;-/23      ;SE=223* AG=223 NRC=RC11G4 (1:564:746)
-------------------------------------------------------------------------------------------------------------------------------------

RC11T> mfar

251125-09:41:39+0100 19.31.14.146 25.0h MSRBS_NODE_MODEL_25.Q1_693.28324.131_62ac stopfile=/tmp/1748804
.........
Last MO: 22156. Loaded 22156 MOs. Total: 22157 MOs.
..............................................
get /rop/A20251125.0700-0715_RC11T.xml.gz /ericsson/log/amos/moshell_logfiles/t20251125_37258710_65084/logs_moshell/pmfiles/19.31.14.146/rop/A20251125.0700-0715_RC11T.xml.gz ... OK
get /rop/A20251125.0715-0730_RC11T.xml.gz /ericsson/log/amos/moshell_logfiles/t20251125_37258710_65084/logs_moshell/pmfiles/19.31.14.146/rop/A20251125.0715-0730_RC11T.xml.gz ... OK
get /rop/A20251125.0730-0745_RC11T.xml.gz /ericsson/log/amos/moshell_logfiles/t20251125_37258710_65084/logs_moshell/pmfiles/19.31.14.146/rop/A20251125.0730-0745_RC11T.xml.gz ... OK

Using hardcoded thresholds: 3, 4.5, and 16.5
================================================================================================================================
SC     SE  Tx/Rx BrPair  RfPort1 - RfPort2               HW       Serial      Cell (State)   Samples   Med  Mean  SDev Pol Res Issue
================================================================================================================================
RC11M1 100   2/2 0 (1,2) Radio-S100-1(A) Radio-S100-1(B) RRU4499  TU8U023HLA  FDD=RC11M1 (1)   35680   0.5  -0.1   6.5  NA  OK Passed
RC11M2 101   2/2 0 (1,2) Radio-S100-1(C) Radio-S100-1(D) RRU4499  TU8U023HLA  FDD=RC11M2 (1)   33096  -1.5  -1.2   6.4  NA  OK Passed
RC11M3 102   2/2 0 (1,2) Radio-S102-1(A) Radio-S102-1(B) RRU4499  TU8U023HGM  FDD=RC11M3 (1)   59985  -0.5   0.1   6.7  NA  OK Passed
RC11M4 103   2/2 0 (1,2) Radio-S102-1(C) Radio-S102-1(D) RRU4499  TU8U023HGM  FDD=RC11M4 (1)   49348  -0.5  -0.0   6.4  NA  OK Passed
RC11T1 100   2/2 0 (1,2) Radio-S100-1(A) Radio-S100-1(B) RRU4499  TU8U023HLA  FDD=RC11T1 (1)  218026  -0.5  -0.9   6.9  NA  OK Passed
RC11T2 101   2/2 0 (1,2) Radio-S100-1(C) Radio-S100-1(D) RRU4499  TU8U023HLA  FDD=RC11T2 (1)  192315  -0.5  -0.1   6.8  NA  OK Passed
RC11T3 102   2/2 0 (1,2) Radio-S102-1(A) Radio-S102-1(B) RRU4499  TU8U023HGM  FDD=RC11T3 (1)  240402  -0.5  -0.4   7.0  NA  OK Passed
RC11T4 103   2/2 0 (1,2) Radio-S102-1(C) Radio-S102-1(D) RRU4499  TU8U023HGM  FDD=RC11T4 (1)  282059   1.5   1.4   7.0  NA  OK Passed
================================================================================================================================
Total: 8 SectorCarriers, 8 RfBranch Pairs (8 OK, 0 OKW, 0 NOK, 0 NT)
...........
Last MO: 22156. Loaded 22156 MOs. Total: 22157 MOs.
............................................

Using hardcoded thresholds: 3, 4.5, and 16.5
================================================================================================================================
SC     SE  Tx/Rx BrPair  RfPort1 - RfPort2               HW       Serial      Cell (State)  Samples   Med  Mean  SDev Pol Res Issue
================================================================================================================================
RC11G1 220   2/4 0 (1,2) Radio-S220-1(A) Radio-S220-1(B) RRU2479  TU8U029LHV  DU=RC11G1 (1) 1504621  -0.5  -0.9   8.0  NA  OK Passed
RC11G1 220   2/4 1 (2,3) Radio-S220-1(B) Radio-S220-1(C) RRU2479  TU8U029LHV  DU=RC11G1 (1) 1504528   0.5   0.6   4.1  NA  OK Passed
RC11G1 220   2/4 2 (3,4) Radio-S220-1(C) Radio-S220-1(D) RRU2479  TU8U029LHV  DU=RC11G1 (1) 1504717   0.5   0.3   8.0  NA  OK Passed
RC11G2 221   2/4 0 (1,2) Radio-S221-1(A) Radio-S221-1(B) RRU2479  TU8U029LGR  DU=RC11G2 (1) 1520092  -0.5  -0.1   7.1  NA  OK Passed
RC11G2 221   2/4 1 (2,3) Radio-S221-1(B) Radio-S221-1(C) RRU2479  TU8U029LGR  DU=RC11G2 (1) 1520094  -0.5  -0.6   7.2  NA  OK Passed
RC11G2 221   2/4 2 (3,4) Radio-S221-1(C) Radio-S221-1(D) RRU2479  TU8U029LGR  DU=RC11G2 (1) 1520089   0.5   0.5   7.0  NA  OK Passed
RC11G3 222   2/4 0 (1,2) Radio-S222-1(A) Radio-S222-1(B) RRU2479  TU8U029LJF  DU=RC11G3 (1) 1806446  -0.5  -0.1   7.1  NA  OK Passed
RC11G3 222   2/4 1 (2,3) Radio-S222-1(B) Radio-S222-1(C) RRU2479  TU8U029LJF  DU=RC11G3 (1) 1806396  -0.5  -0.8   7.4  NA  OK Passed
RC11G3 222   2/4 2 (3,4) Radio-S222-1(C) Radio-S222-1(D) RRU2479  TU8U029LJF  DU=RC11G3 (1) 1806410   0.5   0.9   7.2  NA  OK Passed
RC11G4 223   2/4 0 (1,2) Radio-S223-1(A) Radio-S223-1(B) RRU2479  TU8U029KX5  DU=RC11G4 (1) 1245392   0.5   0.8   7.2  NA  OK Passed
RC11G4 223   2/4 1 (2,3) Radio-S223-1(B) Radio-S223-1(C) RRU2479  TU8U029KX5  DU=RC11G4 (1) 1245392  -1.5  -1.0   7.2  NA  OK Passed
RC11G4 223   2/4 2 (3,4) Radio-S223-1(C) Radio-S223-1(D) RRU2479  TU8U029KX5  DU=RC11G4 (1) 1245404   1.5   0.8   7.1  NA  OK Passed
RC11V1 160 32/32 0 (1,2) AAS-S160-1                      AIR3278  E96A205G39  DU=RC11V1 (1)       0     0     0     0   ?  NT Not supported on AAS.
RC11V1 160 32/32 1 (2,3) AAS-S160-1                      AIR3278  E96A205G39  DU=RC11V1 (1)       0     0     0     0   ?  NT Not supported on AAS.
RC11V1 160 32/32 2 (3,4) AAS-S160-1                      AIR3278  E96A205G39  DU=RC11V1 (1)       0     0     0     0   ?  NT Not supported on AAS.
RC11V1 160 32/32 3 (4,5) AAS-S160-1                      AIR3278  E96A205G39  DU=RC11V1 (1)       0     0     0     0   ?  NT Not supported on AAS.
RC11V1 160 32/32 4 (5,6) AAS-S160-1                      AIR3278  E96A205G39  DU=RC11V1 (1)       0     0     0     0   ?  NT Not supported on AAS.
RC11V1 160 32/32 5 (6,7) AAS-S160-1                      AIR3278  E96A205G39  DU=RC11V1 (1)       0     0     0     0   ?  NT Not supported on AAS.
RC11V1 160 32/32 6 (7,8) AAS-S160-1                      AIR3278  E96A205G39  DU=RC11V1 (1)       0     0     0     0   ?  NT Not supported on AAS.
RC11V2 161 32/32 0 (1,2) AAS-S161-1                      AIR3278  E96A205G6A  DU=RC11V2 (1)       0     0     0     0   ?  NT Not supported on AAS.
RC11V2 161 32/32 1 (2,3) AAS-S161-1                      AIR3278  E96A205G6A  DU=RC11V2 (1)       0     0     0     0   ?  NT Not supported on AAS.
RC11V2 161 32/32 2 (3,4) AAS-S161-1                      AIR3278  E96A205G6A  DU=RC11V2 (1)       0     0     0     0   ?  NT Not supported on AAS.
RC11V2 161 32/32 3 (4,5) AAS-S161-1                      AIR3278  E96A205G6A  DU=RC11V2 (1)       0     0     0     0   ?  NT Not supported on AAS.
RC11V2 161 32/32 4 (5,6) AAS-S161-1                      AIR3278  E96A205G6A  DU=RC11V2 (1)       0     0     0     0   ?  NT Not supported on AAS.
RC11V2 161 32/32 5 (6,7) AAS-S161-1                      AIR3278  E96A205G6A  DU=RC11V2 (1)       0     0     0     0   ?  NT Not supported on AAS.
RC11V2 161 32/32 6 (7,8) AAS-S161-1                      AIR3278  E96A205G6A  DU=RC11V2 (1)       0     0     0     0   ?  NT Not supported on AAS.
RC11V3 162 32/32 0 (1,2) AAS-S162-1                      AIR3278  E96A205G69  DU=RC11V3 (1)       0     0     0     0   ?  NT Not supported on AAS.
RC11V3 162 32/32 1 (2,3) AAS-S162-1                      AIR3278  E96A205G69  DU=RC11V3 (1)       0     0     0     0   ?  NT Not supported on AAS.
RC11V3 162 32/32 2 (3,4) AAS-S162-1                      AIR3278  E96A205G69  DU=RC11V3 (1)       0     0     0     0   ?  NT Not supported on AAS.
RC11V3 162 32/32 3 (4,5) AAS-S162-1                      AIR3278  E96A205G69  DU=RC11V3 (1)       0     0     0     0   ?  NT Not supported on AAS.
RC11V3 162 32/32 4 (5,6) AAS-S162-1                      AIR3278  E96A205G69  DU=RC11V3 (1)       0     0     0     0   ?  NT Not supported on AAS.
RC11V3 162 32/32 5 (6,7) AAS-S162-1                      AIR3278  E96A205G69  DU=RC11V3 (1)       0     0     0     0   ?  NT Not supported on AAS.
RC11V3 162 32/32 6 (7,8) AAS-S162-1                      AIR3278  E96A205G69  DU=RC11V3 (1)       0     0     0     0   ?  NT Not supported on AAS.
================================================================================================================================
Total: 7 NRSectorCarriers, 33 RfBranch Pairs (12 OK, 0 OKW, 0 NOK, 21 NT)

RC11T> mfitr

251125-09:42:10+0100 19.31.14.146 25.0h MSRBS_NODE_MODEL_25.Q1_693.28324.131_62ac stopfile=/tmp/1748804
..................
Last MO: 22156. Loaded 22156 MOs. Total: 22157 MOs.
............
2025-11-25 09:42
================================================================================================================================
CELL       SC     FRU          BOARD            PUSCH  PUCCH       A      B      C      D  DELTA
================================================================================================================================
FDD=RC11M1 RC11M1 Radio-S100-1 RRU449944B144B3C -114.0 -115.0 -114.3 -114.1                  0.2
FDD=RC11M2 RC11M2 Radio-S100-1 RRU449944B144B3C -114.8 -116.6               -116.1 -114.9    1.2
FDD=RC11M3 RC11M3 Radio-S102-1 RRU449944B144B3C -115.8 -117.1 -117.0 -117.5                  0.5
FDD=RC11M4 RC11M4 Radio-S102-1 RRU449944B144B3C -114.5 -116.0               -115.1 -116.2    1.1
FDD=RC11T1 RC11T1 Radio-S100-1 RRU449944B144B3C -107.8 -112.5 -110.8 -109.6                  1.2
FDD=RC11T2 RC11T2 Radio-S100-1 RRU449944B144B3C -109.2 -112.4               -112.8 -112.6    0.2
FDD=RC11T3 RC11T3 Radio-S102-1 RRU449944B144B3C -111.3 -114.2 -114.1 -113.5                  0.6
FDD=RC11T4 RC11T4 Radio-S102-1 RRU449944B144B3C -110.4 -113.7               -110.3 -110.7    0.4
================================================================================================================================
Bye...
Output has been logged to file /mta_fs/UserFiles/37258710/amosbatch/SDIR/RC11T.log
