Logging to file /mta_fs/UserFiles/37258710/amosbatch/SDIR/RC23L.log
                        __  __  ____   _____
                  /\   |  \/  |/ __ \ / ____|
                 /  \  | \  / | |  | | (___  
                / /\ \ | |\/| | |  | |\___ \ 
               / ____ \| |  | | |__| |____) |
              /_/    \_\_|  |_|\____/|_____/
              OSS Framework for MoShell-25.0h 
  Copyright (c) Ericsson AB 2001-2025 - All Rights Reserved
              
           
[1;31mWARNING: [0mthe AMOS version currently running is more than 29 weeks old and is unsupported.
Please upgrade as soon as possible to the latest released version, available from your local Ericsson support.

$amosrb_pid = 1958980

Checking ip contact...OK

HELP MENU            : h
BASIC MO COMMANDS    : m
OTHER MO COMMANDS    : n
OTHER COMMANDS       : o
PM COMMANDS          : p
QUIT                 : q

RC23L> lt all

251125-10:35:43+0100 19.31.13.162 25.0h  stopfile=/tmp/1958880
Looking up temporary_amos account... OK.
Trying temporary_amos_t20251125_37258710_65084_131's password from amos lookupAccount ... OK

$ssh_pid = 1959307

Connected to 19.31.13.162 (SubNetwork=BBMM_rckomc_R,MeContext=RC23L,ManagedElement=RC23L)

Checking MOM version...MSRBS_NODE_MODEL_25.Q1_693.28324.131_62ac
Parsing MOM (cached): /ericsson/log/amos/moshell_logfiles/t20251125_37258710_65084/logs_moshell/tempfiles/scp-4-amos_20251125-103537_1958820/MSRBS_NODE_MODEL_25.Q1_693.28324.131_62ac.xml.cache.gz ..................................................................................................................................................................................................................................Done.
Using paramfile /opt/ericsson/amos/moshell/commonjars/pm/PARAM_MSRBS_25.Q1.txt
Parsing file /opt/ericsson/amos/moshell/commonjars/pm/PARAM_MSRBS_25.Q1.txt .......................................................................................Done.
Using imomdfile /opt/ericsson/amos/moshell/commonjars/pm/IMOMD_MSRBS_22.Q4.txt
Using imomfile /opt/ericsson/amos/moshell/commonjars/pm/IMOM_MSRBS_25.Q1.txt
Connected to 19.31.13.162 (SubNetwork=BBMM_rckomc_R,MeContext=RC23L,ManagedElement=RC23L)

Last MO: 16972. Loaded 16972 MOs. Total: 16973 MOs.

RC23L> st cell

251125-10:35:57+0100 19.31.13.162 25.0h MSRBS_NODE_MODEL_25.Q1_693.28324.131_62ac stopfile=/tmp/1958880
===================================================================================
Proxy  Adm State     Op. State     MO
===================================================================================
   52  1 (UNLOCKED)  1 (ENABLED)   ENodeBFunction=1,EUtranCellFDD=RC23L1
  153  1 (UNLOCKED)  1 (ENABLED)   ENodeBFunction=1,EUtranCellFDD=RC23L2
===================================================================================
Total: 2 MOs

RC23L> st radio

251125-10:35:58+0100 19.31.13.162 25.0h MSRBS_NODE_MODEL_25.Q1_693.28324.131_62ac stopfile=/tmp/1958880
===================================================================================
Proxy  Adm State     Op. State     MO
===================================================================================
 1183  1 (UNLOCKED)  1 (ENABLED)   Equipment=1,FieldReplaceableUnit=Radio-S180-1
 1198  1 (UNLOCKED)  1 (ENABLED)   Equipment=1,FieldReplaceableUnit=Radio-S220-1
 1225  1 (UNLOCKED)  1 (ENABLED)   Equipment=1,FieldReplaceableUnit=Radio-S221-1
16966  1 (UNLOCKED)  1 (ENABLED)   Transport=1,Synchronization=1,RadioEquipmentClock=1,RadioEquipmentClockReference=PTP8275_2
16967  1 (UNLOCKED)  1 (ENABLED)   Transport=1,Synchronization=1,RadioEquipmentClock=1,RadioEquipmentClockReference=SyncE
===================================================================================
Total: 5 MOs

RC23L> sdir

251125-10:35:58+0100 19.31.13.162 25.0h MSRBS_NODE_MODEL_25.Q1_693.28324.131_62ac stopfile=/tmp/1958880
INFO: Using amos lookupAccount credentials for the export login
...............................
get /rop/A20251125.0845-0900_RC23L.xml.gz /ericsson/log/amos/moshell_logfiles/t20251125_37258710_65084/logs_moshell/pmfiles/19.31.13.162/rop/A20251125.0845-0900_RC23L.xml.gz ... OK
get /rop/A20251125.0900-0915_RC23L.xml.gz /ericsson/log/amos/moshell_logfiles/t20251125_37258710_65084/logs_moshell/pmfiles/19.31.13.162/rop/A20251125.0900-0915_RC23L.xml.gz ... OK
get /rop/A20251125.0915-0930_RC23L.xml.gz /ericsson/log/amos/moshell_logfiles/t20251125_37258710_65084/logs_moshell/pmfiles/19.31.13.162/rop/A20251125.0915-0930_RC23L.xml.gz ... OK
...Checking available boards on node...

Collecting RCS board data ...
.......................................................................................................................
.
..............................................................................................................................................................................................................................................................
.........
Collecting TN data...
.......................................................................................................................................................................................................................................................
Collecting RF data...
..
Collecting Alarms...
Executing action Log.export()
...
Log=AlarmLog                    actionId=45339
........
Executing action LogM.exportAvailabilityLog()
..LogM=1,exportAvailabilityLog    actionId=45340
.....Parsing alarmLog.....Done.
Parsing availabilityLog.....Done.
.....

Total: 3 CPRI links (3 OK, 0 OKW, 0 NOK, 0 NT)

+--------+                      +----------------------------+
|        | A        O101     D2 |        Radio-S220-1        |
|        |-----------1----------| RRU247924B824B2024B28BM01* |
|        |         OK-61m       |           BXP_3            |
|        |                      +----------------------------+
|        |                                     |A  |B  |C  |D
|        |             SE=220* AG=220 GT=RC23D1/0 GT=RC23D1/1
|        |
|        |                      +----------------------------+
|        | B        O101     D2 |        Radio-S221-1        |
|        |-----------2----------| RRU247924B824B2024B28BM01* |
|        |         OK-36m       |           BXP_2            |
|  BB-1  |                      +----------------------------+
| BB6631 |                                     |A  |B  |C  |D
| 000100 |             SE=221* AG=221 GT=RC23D2/0 GT=RC23D2/1
|        |
|        |                      +---------------+
|        | D        O101     D1 | Radio-S180-1  |
|        |-----------3----------|   RRU4415B7   |
|        |         OK-36m       |     BXP_4     |
|        |                      +---------------+
|        |                        |A  |B  |C  |D
|        |                 SE=180 AG=180  |   |
|        |                    FDD=RC23L1  |   |
|        |                         SE=181 AG=181
|        |                            FDD=RC23L2
|        |
+--------+

=====================================================================================================================================
ID RiL    Type Res MO1-MO2                  BOARD1-BOARD2                     AlmIDs Cells (States)                Issue (Failed checks)
=====================================================================================================================================
 1 S220-1 O101 OK  BB-1(A) Radio-S220-1(D2) BB6631 RRU247924B824B2024B28BM01*        GT=RC23D1/0 GT=RC23D1/1 (1,1) Passed
 2 S221-1 O101 OK  BB-1(B) Radio-S221-1(D2) BB6631 RRU247924B824B2024B28BM01*        GT=RC23D2/0 GT=RC23D2/1 (1,1) Passed
 3 S180-1 O101 OK  BB-1(D) Radio-S180-1(D1) BB6631 RRU4415B7                         FDD=RC23L1 FDD=RC23L2 (1,1)   Passed
-------------------------------------------------------------------------------------------------------------------------------------

Node: RadioNode GL   CXP2010174/2_R27J08 (25.Q1)   G3.1   GSM LTE-FDD 

=====================================================================================================================================
FRU          ;LNH    ;BOARD                      ;ST ;FAULT ;OPER ;MAINT ;STAT ;PRODUCTNUMBER   ;REV     ;SERIAL        ;DATE     ;PMTEMP ; TEMP ; UPT ;VOLT ;SW                   ;
=====================================================================================================================================
BB-1         ;000100 ;BB6631                     ; 1 ;  OFF ;  ON ;  OFF ;  ON ;KDU1370071/11   ;R3C     ;E23E609388    ;20230428 ;3 (OK) ;      ;59.8 ;53   ;                     ;
Radio-S180-1 ;BXP_4  ;RRU4415B7                  ; 1 ;  OFF ;  ON ;  OFF ; N/A ;KRC161495/1     ;R5J     ;TU8U021H9G    ;20230417 ;4 (OK) ; 28.5 ;59.7 ;53.1 ;CXP9013268%15_R101LX ; (Radio4415B7)
Radio-S220-1 ;BXP_3  ;RRU247924B824B2024B28BM01* ; 1 ;  OFF ;  ON ;  OFF ; N/A ;KRC161832/1     ;R2F     ;TU8U0226VD    ;20230428 ;4 (OK) ; 28.8 ;59.7 ;53.5 ;CXP9013268%15_R101LX ; (Radio247924B824B2024B28BM01)
Radio-S221-1 ;BXP_2  ;RRU247924B824B2024B28BM01* ; 1 ;  OFF ;  ON ;  OFF ; N/A ;KRC161832/1     ;R2F     ;TU8U0226US    ;20230428 ;4 (OK) ; 29.8 ;59.7 ;54.0 ;CXP9013268%15_R101LX ; (Radio247924B824B2024B28BM01)
-------------------------------------------------------------------------------------------------------------------------------------

=====================================================================================================================================
XPBOARD  ;ST ;FAULT ;OPER ;PRODUCTNUMBER ;REV ;SERIAL/NAME ;DATE     ; TEMP ;MO
=====================================================================================================================================
FAN08    ; 1 ;N/A   ;N/A  ;BKV106236/1   ;R2F ;DD111P4035  ;20220306 ; 42.0 ;SupportUnit=1 (FAN  BB-1)
-------------------------------------------------------------------------------------------------------------------------------------

=====================================================================================================================================
ID ;T ;RiL    ;BPBP ;BOARD1                     ;LNH1 ;PORT ;R ;LINK ;RATE  ; BER ;BOARD2                     ;LNH2 ;PORT ;R ;LINK ;RATE  ; BER ;LENGTH ;MO1 - MO2
=====================================================================================================================================
 1 ;O ;S220-1 ;1111 ;BB6631                     ;000100 ; 1 ;M ;Up   ;10.1G ;   0 ;RRU247924B824B2024B28BM01* ;BXP_3  ; 1 ;S ;Up   ;10.1G ;   0 ;   61m ;Fru=BB-1(A) Fru=Radio-S220-1(D2)
 2 ;O ;S221-1 ;1111 ;BB6631                     ;000100 ; 2 ;M ;Up   ;10.1G ;   0 ;RRU247924B824B2024B28BM01* ;BXP_2  ; 1 ;S ;Up   ;10.1G ;   0 ;   36m ;Fru=BB-1(B) Fru=Radio-S221-1(D2)
 3 ;O ;S180-1 ;1111 ;BB6631                     ;000100 ; 4 ;M ;Up   ;10.1G ;   0 ;RRU4415B7                  ;BXP_4  ; 0 ;S ;Up   ;10.1G ;   0 ;   36m ;Fru=BB-1(D) Fru=Radio-S180-1(D1)
-------------------------------------------------------------------------------------------------------------------------------------

=====================================================================================================================================
ID ;LINK ;RiL    ;VENDOR1  ;VENDORPROD1     ;REV1 ;SERIAL1        ;DATE1    ;ERICSSONPROD1      ;VENDOR2  ;VENDORPROD2     ;REV2 ;SERIAL2        ;DATE2    ;ERICSSONPROD2      ;TT ;WL1     ;WL2    
=====================================================================================================================================
 1 ;Up   ;S220-1 ;ERICSSON ;RTXM228-702-C22 ;1.0  ;HM230700092059 ;20230220 ;RDH10265/2 R1A     ;ERICSSON ;RTXM228-702-C22 ;1.0  ;HM230700092056 ;20230220 ;RDH10265/2 R1A     ;0  ;1310.00 ;1310.00
 2 ;Up   ;S221-1 ;ERICSSON ;RTXM228-702-C22 ;1.0  ;HM230700092051 ;20230220 ;RDH10265/2 R1A     ;ERICSSON ;RTXM228-702-C22 ;1.0  ;HM230700092075 ;20230220 ;RDH10265/2 R1A     ;0  ;1310.00 ;1310.00
 3 ;Up   ;S180-1 ;ERICSSON ;RTXM228-702-C22 ;1.0  ;HM230700092057 ;20230220 ;RDH10265/2 R1A     ;ERICSSON ;RTXM228-702-C22 ;1.0  ;HM230700092060 ;20230220 ;RDH10265/2 R1A     ;0  ;1310.00 ;1310.00
-------------------------------------------------------------------------------------------------------------------------------------

=====================================================================================================================================
ID ;LINK ;RiL    ;WL1     ;TEMP1 ;TXbs1 ;TXdBm1 ;RXdBm1 ;BER1   ;WL2     ;TEMP2 ;TXbs2 ;TXdBm2 ;RXdBm2 ;BER2   ;DlLoss ;UlLoss ;LENGTH ;TT
=====================================================================================================================================
 1 ;Up   ;S220-1 ;1310.00 ;43C   ;56%   ;-2.28  ;-1.43  ;   0   ;1310.00 ;28C   ;52%   ;-1.34  ;-3.31  ;   0   ;  1.03 ;  0.09 ;   61m ; 0
 2 ;Up   ;S221-1 ;1310.00 ;41C   ;57%   ;-1.72  ;-2.01  ;   0   ;1310.00 ;29C   ;52%   ;-1.44  ;-2.53  ;   0   ;  0.81 ;  0.57 ;   36m ; 0
 3 ;Up   ;S180-1 ;1310.00 ;39C   ;55%   ;-1.11  ;-1.80  ;   0   ;1310.00 ;35C   ;53%   ;-1.01  ;-2.01  ;   0   ;   0.9 ;  0.79 ;   36m ; 0
-------------------------------------------------------------------------------------------------------------------------------------

=====================================================================================================================================
ID ;RiL    ;BOARD                      ;SFPLNH  ;PORT ;VENDOR   ;VENDORPROD      ;REV  ;SERIAL         ;DATE     ;ERICSSONPROD       ;WL      ;TEMP  ;TXbs  ;TXdBm  ;RXdBm  ; BER
=====================================================================================================================================
 1 ;S220-1 ;BB6631                     ;000100   ;  1 ;ERICSSON ;RTXM228-702-C22 ;1.0  ;HM230700092059 ;20230220 ;RDH10265/2 R1A     ;1310.00 ;43C   ;56%   ;-2.28  ;-1.43  ;   0
 2 ;S221-1 ;BB6631                     ;000100   ;  2 ;ERICSSON ;RTXM228-702-C22 ;1.0  ;HM230700092051 ;20230220 ;RDH10265/2 R1A     ;1310.00 ;41C   ;57%   ;-1.72  ;-2.01  ;   0
 3 ;S180-1 ;BB6631                     ;000100   ;  4 ;ERICSSON ;RTXM228-702-C22 ;1.0  ;HM230700092057 ;20230220 ;RDH10265/2 R1A     ;1310.00 ;39C   ;55%   ;-1.11  ;-1.80  ;   0
 2 ;S221-1 ;RRU247924B824B2024B28BM01* ;BXP_2    ;  1 ;ERICSSON ;RTXM228-702-C22 ;1.0  ;HM230700092075 ;20230220 ;RDH10265/2 R1A     ;1310.00 ;29C   ;52%   ;-1.44  ;-2.53  ;   0
 1 ;S220-1 ;RRU247924B824B2024B28BM01* ;BXP_3    ;  1 ;ERICSSON ;RTXM228-702-C22 ;1.0  ;HM230700092056 ;20230220 ;RDH10265/2 R1A     ;1310.00 ;28C   ;52%   ;-1.34  ;-3.31  ;   0
 3 ;S180-1 ;RRU4415B7                  ;BXP_4    ;  0 ;ERICSSON ;RTXM228-702-C22 ;1.0  ;HM230700092060 ;20230220 ;RDH10265/2 R1A     ;1310.00 ;35C   ;53%   ;-1.01  ;-2.01  ;   0
-------------------------------------------------------------------------------------------------------------------------------------
TN ;       ;BB6631                     ;000100   ;IA2 ;ERICSSON ;42020201934     ;A0   ;202301200836   ;20230101 ;RPM777053/1000 R1B ;NA      ;NA    ;NA    ;NA     ;NA     ; 0/0
-------------------------------------------------------------------------------------------------------------------------------------

=====================================================================================================================================
BOARD  ;LNH    ;PORT       ;T ;S ;OpMode   ;AutoNeg ;MacAddress        ;VlanIds        ;LOS ;BER
=====================================================================================================================================
BB6631 ;000100 ;TN_IDL_A_1 ;E ;1 ;10G_FULL ;false   ;58:70:7F:D2:33:FC ;3901,3908,3910 ;0   ;0/0
BB6631 ;000100 ;TN_IDL_A_2 ;O ;1 ;10G_FULL ;false   ;58:70:7F:D2:33:FD ;3908           ;0   ;0/0
-------------------------------------------------------------------------------------------------------------------------------------

Last MO: 16972. Loaded 16972 MOs. Total: 16973 MOs.
radioClockState : RNT_TIME_LOCKED
-------------------------------------------------------------------------------------
Prio  ;ST  ;syncRefType  ;refStatus  ;opQualLevel  ;SyncReference
-------------------------------------------------------------------------------------
   1  ; 1  ;PTP_TIME     ;NO_FAULT   ;PRTC         ;Ptp=1,BoundaryOrdinaryClock=1 (G_8275_2 Router=45G_Traffic,InterfaceIPv4=LTE,AddressIPv4=LTE:SLAVE)
   2  ; 1  ;SYNC_E       ;NO_FAULT   ;PRTC         ;Synchronization=1,SyncEthInput=SyncE (SFP_DAC EthernetPort=TN_IDL_A_1)
-------------------------------------------------------------------------------------
nodeGroupRole   : SYNC_RECEIVER (syncNodePriority=3, selectionMode=NODE_PRIORITY)
-------------------------------------------------------------------------------------
DU  ;Port  ;sharedUnitRef (RiPortA - RiPortB)  ;remoteNodePriority  ;CandidateStatus
-------------------------------------------------------------------------------------
1   ;A     ;Fru=Radio-S220-1 (2 - 1)           ;1                   ;OK_NOT_ACTIVE
1   ;B     ;Fru=Radio-S221-1 (2 - 1)           ;1                   ;OK_ACTIVE
-------------------------------------------------------------------------------------

=====================================================================================================================================
FRU          ;LNH    ;BOARD                      ;RF  ;BP  ;TX (W/dBm)  ;VSWR (RL)   ;RX (dBm) ;UEs/gUEs  ;Sector/AntennaGroup/Cells (State:CellIds:PCIs)
=====================================================================================================================================
Radio-S180-1 ;BXP_4  ;RRU4415B7                  ; A  ;11  ;12.3 (40.9) ;1.05 (31.7) ;-97.9    ;5/-       ;SE=180 AG=180 FDD=RC23L1 (1:21:425)
Radio-S180-1 ;BXP_4  ;RRU4415B7                  ; B  ;11  ;-           ;1.13 (24.5) ;-95.5    ;5/-       ;SE=180 AG=180 FDD=RC23L1 (1:21:425)
Radio-S180-1 ;BXP_4  ;RRU4415B7                  ; C  ;11  ;22.4 (43.5) ;1.21 (20.6) ;-94.5    ;6/-       ;SE=181 AG=181 FDD=RC23L2 (1:22:147)
Radio-S180-1 ;BXP_4  ;RRU4415B7                  ; D  ;11  ;-           ;1.13 (24.2) ;-94.0    ;6/-       ;SE=181 AG=181 FDD=RC23L2 (1:22:147)
Radio-S220-1 ;BXP_3  ;RRU247924B824B2024B28BM01* ; A  ;11  ;18.0 (42.5) ;1.26 (18.9) ;-96.7    ;-/-       ;SE=220* AG=220 GT=RC23D1/0 GT=RC23D1/1 (1, 1)
Radio-S220-1 ;BXP_3  ;RRU247924B824B2024B28BM01* ; B  ;11  ;18.0 (42.5) ;1.19 (21.1) ;-96.5    ;-/-       ;SE=220* AG=220 GT=RC23D1/0 GT=RC23D1/1 (1, 1)
Radio-S220-1 ;BXP_3  ;RRU247924B824B2024B28BM01* ; C  ;11  ;13.8 (41.4) ;1.15 (23.2) ;-96.1    ;-/-       ;SE=220* AG=220 GT=RC23D1/0 GT=RC23D1/1 (1, 1)
Radio-S220-1 ;BXP_3  ;RRU247924B824B2024B28BM01* ; D  ;11  ;12.3 (40.9) ;1.16 (22.4) ;-96.2    ;-/-       ;SE=220* AG=220 GT=RC23D1/0 GT=RC23D1/1 (1, 1)
Radio-S221-1 ;BXP_2  ;RRU247924B824B2024B28BM01* ; A  ;11  ;19.4 (42.9) ;1.31 (17.4) ;-94.6    ;-/-       ;SE=221* AG=221 GT=RC23D2/0 GT=RC23D2/1 (1, 1)
Radio-S221-1 ;BXP_2  ;RRU247924B824B2024B28BM01* ; B  ;11  ;9.7 (39.9)  ;1.19 (21.1) ;-96.2    ;-/-       ;SE=221* AG=221 GT=RC23D2/0 GT=RC23D2/1 (1, 1)
Radio-S221-1 ;BXP_2  ;RRU247924B824B2024B28BM01* ; C  ;11  ;17.4 (42.4) ;1.14 (23.5) ;-95.8    ;-/-       ;SE=221* AG=221 GT=RC23D2/0 GT=RC23D2/1 (1, 1)
Radio-S221-1 ;BXP_2  ;RRU247924B824B2024B28BM01* ; D  ;11  ;17.8 (42.5) ;1.11 (25.8) ;-95.0    ;-/-       ;SE=221* AG=221 GT=RC23D2/0 GT=RC23D2/1 (1, 1)
-------------------------------------------------------------------------------------------------------------------------------------

RC23L> mfar

251125-10:38:09+0100 19.31.13.162 25.0h MSRBS_NODE_MODEL_25.Q1_693.28324.131_62ac stopfile=/tmp/1958880
....
Last MO: 16957. Loaded 16957 MOs. Total: 16958 MOs.
.........................................
get /rop/A20251125.0800-0815_RC23L.xml.gz /ericsson/log/amos/moshell_logfiles/t20251125_37258710_65084/logs_moshell/pmfiles/19.31.13.162/rop/A20251125.0800-0815_RC23L.xml.gz ... OK
get /rop/A20251125.0815-0830_RC23L.xml.gz /ericsson/log/amos/moshell_logfiles/t20251125_37258710_65084/logs_moshell/pmfiles/19.31.13.162/rop/A20251125.0815-0830_RC23L.xml.gz ... OK
get /rop/A20251125.0830-0845_RC23L.xml.gz /ericsson/log/amos/moshell_logfiles/t20251125_37258710_65084/logs_moshell/pmfiles/19.31.13.162/rop/A20251125.0830-0845_RC23L.xml.gz ... OK

Using hardcoded thresholds: 3, 4.5, and 16.5
================================================================================================================================
SC     SE  Tx/Rx BrPair  RfPort1 - RfPort2               HW       Serial      Cell (State)   Samples   Med  Mean  SDev Pol Res Issue
================================================================================================================================
RC23L1 180   2/2 0 (1,2) Radio-S180-1(A) Radio-S180-1(B) RRU4415  TU8U021H9G  FDD=RC23L1 (1)   96308  -0.5  -0.5   6.7  NA  OK Passed
RC23L2 181   2/2 0 (1,2) Radio-S180-1(C) Radio-S180-1(D) RRU4415  TU8U021H9G  FDD=RC23L2 (1) 1074445  -0.5   0.6   5.0  NA  OK Passed
================================================================================================================================
Total: 2 SectorCarriers, 2 RfBranch Pairs (2 OK, 0 OKW, 0 NOK, 0 NT)
....
Last MO: 16957. Loaded 16957 MOs. Total: 16958 MOs.

No NRSectorCarrier MOs are defined on the node.

RC23L> mfitr

251125-10:38:24+0100 19.31.13.162 25.0h MSRBS_NODE_MODEL_25.Q1_693.28324.131_62ac stopfile=/tmp/1958880
.......
Last MO: 16957. Loaded 16957 MOs. Total: 16958 MOs.
.......
2025-11-25 10:39
================================================================================================================================
CELL       SC     FRU          BOARD     PUSCH  PUCCH       A      B      C      D  DELTA
================================================================================================================================
FDD=RC23L1 RC23L1 Radio-S180-1 RRU4415B7 -118.4 -119.2 -118.0 -118.4                  0.4
FDD=RC23L2 RC23L2 Radio-S180-1 RRU4415B7 -117.8 -118.8               -119.0 -118.5    0.5
================================================================================================================================
Bye...
Output has been logged to file /mta_fs/UserFiles/37258710/amosbatch/SDIR/RC23L.log
