Logging to file /mta_fs/UserFiles/37258710/amosbatch/SDIR/RC6ET.log
                        __  __  ____   _____
                  /\   |  \/  |/ __ \ / ____|
                 /  \  | \  / | |  | | (___  
                / /\ \ | |\/| | |  | |\___ \ 
               / ____ \| |  | | |__| |____) |
              /_/    \_\_|  |_|\____/|_____/
              OSS Framework for MoShell-25.0h 
  Copyright (c) Ericsson AB 2001-2025 - All Rights Reserved
              
           
[1;31mWARNING: [0mthe AMOS version currently running is more than 29 weeks old and is unsupported.
Please upgrade as soon as possible to the latest released version, available from your local Ericsson support.

$amosrb_pid = 2856541

Checking ip contact...OK

HELP MENU            : h
BASIC MO COMMANDS    : m
OTHER MO COMMANDS    : n
OTHER COMMANDS       : o
PM COMMANDS          : p
QUIT                 : q

RC6ET> lt all

251125-15:08:45+0100 19.31.14.248 25.0h  stopfile=/tmp/2856408
Looking up temporary_amos account... OK.
Trying temporary_amos_t20251125_37258710_65084_131's password from amos lookupAccount ... OK

$ssh_pid = 2857104

Connected to 19.31.14.248 (SubNetwork=BBMM_rckomc_R,MeContext=RC6ET,ManagedElement=RC6ET)

Checking MOM version...MSRBS_NODE_MODEL_25.Q1_693.28324.131_62ac
Parsing MOM (cached): /ericsson/log/amos/moshell_logfiles/t20251125_37258710_65084/logs_moshell/tempfiles/scp-4-amos_20251125-150839_2856346/MSRBS_NODE_MODEL_25.Q1_693.28324.131_62ac.xml.cache.gz ..................................................................................................................................................................................................................................Done.
Using paramfile /opt/ericsson/amos/moshell/commonjars/pm/PARAM_MSRBS_25.Q1.txt
Parsing file /opt/ericsson/amos/moshell/commonjars/pm/PARAM_MSRBS_25.Q1.txt .......................................................................................Done.
Using imomdfile /opt/ericsson/amos/moshell/commonjars/pm/IMOMD_MSRBS_22.Q4.txt
Using imomfile /opt/ericsson/amos/moshell/commonjars/pm/IMOM_MSRBS_25.Q1.txt
Connected to 19.31.14.248 (SubNetwork=BBMM_rckomc_R,MeContext=RC6ET,ManagedElement=RC6ET)

Last MO: 20793. Loaded 20793 MOs. Total: 20794 MOs.

RC6ET> st cell

251125-15:09:00+0100 19.31.14.248 25.0h MSRBS_NODE_MODEL_25.Q1_693.28324.131_62ac stopfile=/tmp/2856408
===================================================================================
Proxy  Adm State     Op. State     MO
===================================================================================
   43  1 (UNLOCKED)  1 (ENABLED)   ENodeBFunction=1,EUtranCellFDD=RC6EM2
  182  1 (UNLOCKED)  1 (ENABLED)   ENodeBFunction=1,EUtranCellFDD=RC6EM3
  481  1 (UNLOCKED)  1 (ENABLED)   ENodeBFunction=1,EUtranCellFDD=RC6ET2
  636  1 (UNLOCKED)  1 (ENABLED)   ENodeBFunction=1,EUtranCellFDD=RC6ET3
 3515  1 (UNLOCKED)  1 (ENABLED)   GNBDUFunction=1,NRCellDU=RC6EV2
 3517  1 (UNLOCKED)  1 (ENABLED)   GNBDUFunction=1,NRCellDU=RC6EV3
===================================================================================
Total: 6 MOs

INFO: NRCellDU status needs to be printed with command "stz" or "hget ,nrcell state" due to dependency to cellState/serviceState attributes.

RC6ET> st radio

251125-15:09:01+0100 19.31.14.248 25.0h MSRBS_NODE_MODEL_25.Q1_693.28324.131_62ac stopfile=/tmp/2856408
===================================================================================
Proxy  Adm State     Op. State     MO
===================================================================================
 2885  1 (UNLOCKED)  1 (ENABLED)   Equipment=1,FieldReplaceableUnit=Radio-S101-1
20785  1 (UNLOCKED)  1 (ENABLED)   Transport=1,Synchronization=1,RadioEquipmentClock=1,RadioEquipmentClockReference=NTP1
20786  1 (UNLOCKED)  1 (ENABLED)   Transport=1,Synchronization=1,RadioEquipmentClock=1,RadioEquipmentClockReference=PTP
===================================================================================
Total: 3 MOs

RC6ET> sdir

251125-15:09:01+0100 19.31.14.248 25.0h MSRBS_NODE_MODEL_25.Q1_693.28324.131_62ac stopfile=/tmp/2856408
INFO: Using amos lookupAccount credentials for the export login
............................
get /rop/A20251125.1315-1330_RC6ET.xml.gz /ericsson/log/amos/moshell_logfiles/t20251125_37258710_65084/logs_moshell/pmfiles/19.31.14.248/rop/A20251125.1315-1330_RC6ET.xml.gz ... OK
get /rop/A20251125.1330-1345_RC6ET.xml.gz /ericsson/log/amos/moshell_logfiles/t20251125_37258710_65084/logs_moshell/pmfiles/19.31.14.248/rop/A20251125.1330-1345_RC6ET.xml.gz ... OK
get /rop/A20251125.1345-1400_RC6ET.xml.gz /ericsson/log/amos/moshell_logfiles/t20251125_37258710_65084/logs_moshell/pmfiles/19.31.14.248/rop/A20251125.1345-1400_RC6ET.xml.gz ... OK
...Checking available boards on node...

Collecting RCS board data ...
...........................................................................................................................................................
.
........................................................................................................................................................................................................................................................................................................................................................
.........
Collecting TN data...
.................................................................................................................................................................................................................................................................................................
Collecting RF data...
....
Collecting Alarms...
Executing action Log.export()
...
Log=AlarmLog                    actionId=50288
...................
Executing action LogM.exportAvailabilityLog()
..LogM=1,exportAvailabilityLog    actionId=50289
.....Parsing alarmLog..........Done.
Parsing availabilityLog....Done.
.........

Total: 3 CPRI links (3 OK, 0 OKW, 0 NOK, 0 NT)

+--------+                      +------------------+
|        | D        O101     D1 |   Radio-S101-1   |
|        |-----------1----------| RRU449944B144B3C |
|        |         OK-34m       |      BXP_2       |
|        |                      +------------------+
|        |                           |A  |B  |C  |D
|        |                    SE=101 AG=101  |   |
|        |            FDD=RC6EM2 FDD=RC6ET2  |   |
|        |                            SE=102 AG=102
|        |                    FDD=RC6EM3 FDD=RC6ET3
|        |
|  BB-1  |
| BB6648 |                      +-------------+
| 000100 | K        O257     D1 | AAS-S161-1  |
|        |-----------2----------| AIR3278B78K |
|        |         OK-50m       |  fru_2048   |
|        |                      +-------------+
|        |                                  |A
|        |                   SE=161 NRC=RC6EV2
|        |
|        |                      +-------------+
|        | L        O257     D1 | AAS-S162-1  |
|        |-----------3----------| AIR3278B78K |
|        |         OK-30m       |  fru_2049   |
|        |                      +-------------+
|        |                                  |A
+--------+                   SE=162 NRC=RC6EV3

=====================================================================================================================================
ID RiL    Type Res MO1-MO2                  BOARD1-BOARD2           AlmIDs Cells (States)                                        Issue (Failed checks)
=====================================================================================================================================
 1 S101-1 O101 OK  BB-1(D) Radio-S101-1(D1) BB6648 RRU449944B144B3C        FDD=RC6EM2 FDD=RC6EM3 FDD=RC6ET2 FDD=RC6ET3 (1,1,1,1) Passed
 2 S161-1 O257 OK  BB-1(K) AAS-S161-1(D1)   BB6648 AIR3278B78K             NRC=RC6EV2 (1)                                        Passed
 3 S162-1 O257 OK  BB-1(L) AAS-S162-1(D1)   BB6648 AIR3278B78K             NRC=RC6EV3 (1)                                        Passed
-------------------------------------------------------------------------------------------------------------------------------------

Node: RadioNode LN   CXP2010174/2_R27J08 (25.Q1)   G3.0   LTE-FDD NR-MB-TDD-NSA

=====================================================================================================================================
FRU          ;LNH      ;BOARD            ;ST ;FAULT ;OPER ;MAINT ;STAT ;PRODUCTNUMBER   ;REV     ;SERIAL        ;DATE     ;PMTEMP ; TEMP ; UPT ;VOLT ;SW                   ;
=====================================================================================================================================
BB-1         ;000100   ;BB6648           ; 1 ;  OFF ;  ON ;  OFF ;  ON ;KDU1370015/11   ;R3H     ;E96A00R32T    ;20220505 ;3 (OK) ;      ; 131 ;53   ;                     ;
Radio-S101-1 ;BXP_2    ;RRU449944B144B3C ; 1 ;  OFF ;  ON ;  OFF ; N/A ;KRC161787/1     ;R2D     ;E23D191461    ;20210828 ;4 (OK) ; 32.1 ; 131 ;54.1 ;CXP9013268%15_R101LX ; (Radio449944B144B3C)
AAS-S161-1   ;fru_2048 ;AIR3278B78K      ; 1 ;  OFF ;  ON ;  OFF ; N/A ;KRD901266/11    ;R2C     ;E96A203E83    ;20220828 ;4 (OK) ; 31.3 ; 131 ;53.5 ;CXP2030038%1_R140L31 ;
AAS-S162-1   ;fru_2049 ;AIR3278B78K      ; 1 ;  OFF ;  ON ;  OFF ; N/A ;KRD901266/11    ;R2C     ;E96A203DTD    ;20220828 ;4 (OK) ; 30.8 ; 131 ;54.0 ;CXP2030038%1_R140L31 ;
-------------------------------------------------------------------------------------------------------------------------------------

=====================================================================================================================================
XPBOARD  ;ST ;FAULT ;OPER ;PRODUCTNUMBER ;REV ;SERIAL/NAME ;DATE     ; TEMP ;MO
=====================================================================================================================================
FAN08    ; 1 ;N/A   ;N/A  ;BKV106236/1   ;R2F ;DD111A2517  ;20211102 ; 50.0 ;SupportUnit=1 (FAN  BB-1)
-------------------------------------------------------------------------------------------------------------------------------------

=====================================================================================================================================
ID ;T ;RiL    ;BPBP ;BOARD1           ;LNH1 ;PORT ;R ;LINK ;RATE  ; BER ;BOARD2           ;LNH2   ;PORT ;R ;LINK ;RATE  ; BER ;LENGTH ;MO1 - MO2
=====================================================================================================================================
 1 ;O ;S101-1 ;1111 ;BB6648           ;000100 ; 4 ;M ;Up   ;10.1G ;   0 ;RRU449944B144B3C ;BXP_2    ; 0 ;S ;Up   ;10.1G ;   0 ;   34m ;Fru=BB-1(D) Fru=Radio-S101-1(D1)
 2 ;O ;S161-1 ;1111 ;BB6648           ;000100 ;10 ;M ;Up   ;25.7G ; 0/0 ;AIR3278B78K      ;fru_2048 ; 0 ;S ;Up   ;25.7G ; 0/0 ;   50m ;Fru=BB-1(K) Fru=AAS-S161-1(D1)
 3 ;O ;S162-1 ;1111 ;BB6648           ;000100 ;11 ;M ;Up   ;25.7G ; 0/0 ;AIR3278B78K      ;fru_2049 ; 0 ;S ;Up   ;25.7G ; 0/0 ;   30m ;Fru=BB-1(L) Fru=AAS-S162-1(D1)
-------------------------------------------------------------------------------------------------------------------------------------

=====================================================================================================================================
ID ;LINK ;RiL    ;VENDOR1  ;VENDORPROD1     ;REV1 ;SERIAL1      ;DATE1    ;ERICSSONPROD1     ;VENDOR2  ;VENDORPROD2     ;REV2 ;SERIAL2      ;DATE2    ;ERICSSONPROD2     ;TT ;WL1     ;WL2    
=====================================================================================================================================
 1 ;Up   ;S101-1 ;ERICSSON ;EOLP-1396-02-I9 ;1.0  ;PM5H416225   ;20210707 ;RDH10265/2 R1A    ;ERICSSON ;EOLP-1396-02-I9 ;1.0  ;PM5T434052   ;20210723 ;RDH10265/2 R1A    ;0  ;1310.00 ;1310.00
 2 ;Up   ;S161-1 ;ERICSSON ;EOLP-1325G-10-9 ;1.0  ;DZ8N1005JZ   ;20220208 ;RDH10275/3 R1A    ;ERICSSON ;EOLP-1325G-10-9 ;1.0  ;DZ8N1005JX   ;20220208 ;RDH10275/3 R1A    ;0  ;1310.00 ;1310.00
 3 ;Up   ;S162-1 ;ERICSSON ;EOLP-1325G-10-9 ;1.0  ;DZ8N1005JY   ;20220208 ;RDH10275/3 R1A    ;ERICSSON ;EOLP-1325G-10-9 ;1.0  ;DZ8N1005K2   ;20220208 ;RDH10275/3 R1A    ;0  ;1310.00 ;1310.00
-------------------------------------------------------------------------------------------------------------------------------------

=====================================================================================================================================
ID ;LINK ;RiL    ;WL1     ;TEMP1 ;TXbs1 ;TXdBm1 ;RXdBm1 ;BER1   ;WL2     ;TEMP2 ;TXbs2 ;TXdBm2 ;RXdBm2 ;BER2   ;DlLoss ;UlLoss ;LENGTH ;TT
=====================================================================================================================================
 1 ;Up   ;S101-1 ;1310.00 ;41C   ;43%   ;-1.98  ;-3.33  ;   0   ;1310.00 ;29C   ;42%   ;-2.50  ;-1.19  ;   0   ; -0.79 ;  0.83 ;   34m ; 0
 2 ;Up   ;S161-1 ;1310.00 ;43C   ;43%   ;0.04   ;-1.36  ; 0/0   ;1310.00 ;35C   ;43%   ;-1.18  ;-1.16  ; 0/0   ;   1.2 ;  0.18 ;   50m ; 0
 3 ;Up   ;S162-1 ;1310.00 ;44C   ;49%   ;0.13   ;-0.91  ; 0/0   ;1310.00 ;32C   ;42%   ;-0.44  ;-0.48  ; 0/0   ;  0.61 ;  0.47 ;   30m ; 0
-------------------------------------------------------------------------------------------------------------------------------------

=====================================================================================================================================
ID ;RiL    ;BOARD            ;SFPLNH  ;PORT ;VENDOR   ;VENDORPROD      ;REV  ;SERIAL       ;DATE     ;ERICSSONPROD      ;WL      ;TEMP  ;TXbs  ;TXdBm  ;RXdBm  ; BER
=====================================================================================================================================
 1 ;S101-1 ;BB6648           ;000100   ;  4 ;ERICSSON ;EOLP-1396-02-I9 ;1.0  ;PM5H416225   ;20210707 ;RDH10265/2 R1A    ;1310.00 ;41C   ;43%   ;-1.98  ;-3.33  ;   0
 2 ;S161-1 ;BB6648           ;000100   ; 10 ;ERICSSON ;EOLP-1325G-10-9 ;1.0  ;DZ8N1005JZ   ;20220208 ;RDH10275/3 R1A    ;1310.00 ;43C   ;43%   ;0.04   ;-1.36  ; 0/0
 3 ;S162-1 ;BB6648           ;000100   ; 11 ;ERICSSON ;EOLP-1325G-10-9 ;1.0  ;DZ8N1005JY   ;20220208 ;RDH10275/3 R1A    ;1310.00 ;44C   ;49%   ;0.13   ;-0.91  ; 0/0
 1 ;S101-1 ;RRU449944B144B3C ;BXP_2    ;  0 ;ERICSSON ;EOLP-1396-02-I9 ;1.0  ;PM5T434052   ;20210723 ;RDH10265/2 R1A    ;1310.00 ;29C   ;42%   ;-2.50  ;-1.19  ;   0
 2 ;S161-1 ;AIR3278B78K      ;fru_2048 ;  0 ;ERICSSON ;EOLP-1325G-10-9 ;1.0  ;DZ8N1005JX   ;20220208 ;RDH10275/3 R1A    ;1310.00 ;35C   ;43%   ;-1.18  ;-1.16  ; 0/0
 3 ;S162-1 ;AIR3278B78K      ;fru_2049 ;  0 ;ERICSSON ;EOLP-1325G-10-9 ;1.0  ;DZ8N1005K2   ;20220208 ;RDH10275/3 R1A    ;1310.00 ;32C   ;42%   ;-0.44  ;-0.48  ; 0/0
-------------------------------------------------------------------------------------------------------------------------------------
TN ;       ;BB6648           ;000100   ; IB ;ERICSSON ;EOLP-1396-02-I9 ;1.0  ;PM5T434531   ;20210723 ;RDH10265/2 R1A    ;1310    ;42C   ;48%   ;-1.43  ;-3.44  ;NZ/0
TN ;       ;BB6648           ;000100   ; IC ;ERICSSON ;EOLP-1396-02-I9 ;1.0  ;PM5T434074   ;20210723 ;RDH10265/2 R1A    ;1310    ;40C   ;45%   ;-1.12  ;-1.18  ; 0/0
TN ;       ;BB6648           ;000100   ; ID ;Amphenol ;57-0170         ;2    ;220308N17731 ;20220308 ;RPM777543/010 R1B ;NA      ;NA    ;NA    ;NA     ;NA     ; 0/0
-------------------------------------------------------------------------------------------------------------------------------------

=====================================================================================================================================
BOARD       ;LNH    ;PORT     ;T ;S ;OpMode    ;AutoNeg ;MacAddress        ;VlanIds   ;LOS ;BER
=====================================================================================================================================
AIR3278B78K ;fru_2048 ;0        ;E ;1 ;ANY       ;true    ;E0:47:35:72:8A:98 ;          ;    ;0/0
AIR3278B78K ;fru_2049 ;0        ;E ;1 ;ANY       ;true    ;E0:47:35:72:88:98 ;          ;    ;0/0
BB6648      ;000100 ;10       ;E ;1 ;ANY       ;true    ;F8:97:A9:09:97:A4 ;          ;    ;0/0
BB6648      ;000100 ;11       ;E ;1 ;ANY       ;true    ;F8:97:A9:09:97:A5 ;          ;    ;0/0
BB6648      ;000100 ;TN_E     ;E ;1 ;100M_FULL ;false   ;F8:97:A9:09:97:AE ;3910      ;0   ;0/0
BB6648      ;000100 ;TN_IDL_B ;O ;1 ;10G_FULL  ;false   ;F8:97:A9:09:97:AB ;3908,3910 ;0   ;NZ/0
BB6648      ;000100 ;TN_IDL_C ;O ;1 ;1G_FULL   ;true    ;F8:97:A9:09:97:AC ;3908,3910 ;0   ;0/0
BB6648      ;000100 ;TN_IDL_D ;O ;1 ;10G_FULL  ;false   ;F8:97:A9:09:97:AD ;3908      ;0   ;0/0
-------------------------------------------------------------------------------------------------------------------------------------

radioClockState : RNT_TIME_LOCKED
-------------------------------------------------------------------------------------
Prio  ;ST  ;syncRefType    ;refStatus  ;opQualLevel  ;SyncReference
-------------------------------------------------------------------------------------
  *1  ; 1  ;PTP_TIME       ;NO_FAULT   ;PRTC         ;Ptp=1,BoundaryOrdinaryClock=PTP (G_8275_1 EthernetPort=TN_IDL_B:SLAVE EthernetPort=TN_IDL_C:MASTER)
   2  ; 1  ;NTP_FREQUENCY  ;NO_FAULT   ;PRC          ;Ntp=1,NtpFrequencySync=NTP1 (10.31.0.54:32751 Router=45G_Traffic,InterfaceIPv4=LTE,AddressIPv4=LTE)
-------------------------------------------------------------------------------------
-------------------------------------------------------------------------------------
Prio  ;ST  ;assistRefStatus  ;recQualLevel  ;AssistingReference
-------------------------------------------------------------------------------------
   1  ; 1  ;NO_FAULT         ;PRC           ;Synchronization=1,SyncEthInput=SyncE (SFP_OPTICAL EthernetPort=TN_IDL_B)
-------------------------------------------------------------------------------------

=====================================================================================================================================
FRU          ;LNH      ;BOARD            ;RF  ;BP  ;TX (W/dBm)  ;VSWR (RL)   ;RX (dBm) ;UEs/gUEs  ;Sector/AntennaGroup/Cells (State:CellIds:PCIs)
=====================================================================================================================================
Radio-S101-1 ;BXP_2    ;RRU449944B144B3C ; A  ;11  ;17.0 (42.3) ;1.34 (16.7) ;-83.8    ;24/-      ;SE=101 AG=101 FDD=RC6EM2 FDD=RC6ET2 (1:32:461, 1:42:150)
Radio-S101-1 ;BXP_2    ;RRU449944B144B3C ; B  ;11  ;8.9 (39.5)  ;1.17 (21.9) ;-83.5    ;24/-      ;SE=101 AG=101 FDD=RC6EM2 FDD=RC6ET2 (1:32:461, 1:42:150)
Radio-S101-1 ;BXP_2    ;RRU449944B144B3C ; C  ;11  ;24.7 (43.9) ;1.13 (24.6) ;-89.4    ;28/-      ;SE=102 AG=102 FDD=RC6EM3 FDD=RC6ET3 (1:33:404, 1:43:281)
Radio-S101-1 ;BXP_2    ;RRU449944B144B3C ; D  ;11  ;23.8 (43.8) ;1.18 (21.8) ;-89.9    ;28/-      ;SE=102 AG=102 FDD=RC6EM3 FDD=RC6ET3 (1:33:404, 1:43:281)
AAS-S161-1   ;fru_2048 ;AIR3278B78K      ; A  ;11  ;-           ;-           ;         ;-/3       ;SE=161 NRC=RC6EV2 (1:572:361)
AAS-S162-1   ;fru_2049 ;AIR3278B78K      ; A  ;11  ;-           ;-           ;         ;-/7       ;SE=162 NRC=RC6EV3 (1:573:383)
-------------------------------------------------------------------------------------------------------------------------------------

RC6ET> mfar

251125-15:11:28+0100 19.31.14.248 25.0h MSRBS_NODE_MODEL_25.Q1_693.28324.131_62ac stopfile=/tmp/2856408
....
Last MO: 20800. Loaded 20800 MOs. Total: 20801 MOs.
..........................................
get /rop/A20251125.1230-1245_RC6ET.xml.gz /ericsson/log/amos/moshell_logfiles/t20251125_37258710_65084/logs_moshell/pmfiles/19.31.14.248/rop/A20251125.1230-1245_RC6ET.xml.gz ... OK
get /rop/A20251125.1245-1300_RC6ET.xml.gz /ericsson/log/amos/moshell_logfiles/t20251125_37258710_65084/logs_moshell/pmfiles/19.31.14.248/rop/A20251125.1245-1300_RC6ET.xml.gz ... OK
get /rop/A20251125.1300-1315_RC6ET.xml.gz /ericsson/log/amos/moshell_logfiles/t20251125_37258710_65084/logs_moshell/pmfiles/19.31.14.248/rop/A20251125.1300-1315_RC6ET.xml.gz ... OK

Using hardcoded thresholds: 3, 4.5, and 16.5
================================================================================================================================
SC     SE  Tx/Rx BrPair  RfPort1 - RfPort2               HW       Serial      Cell (State)   Samples   Med  Mean  SDev Pol Res Issue
================================================================================================================================
RC6EM2 101   2/2 0 (1,2) Radio-S101-1(A) Radio-S101-1(B) RRU4499  E23D191461  FDD=RC6EM2 (1)   54935  -0.5  -0.2   7.1  NA  OK Passed
RC6EM3 102   2/2 0 (1,2) Radio-S101-1(C) Radio-S101-1(D) RRU4499  E23D191461  FDD=RC6EM3 (1)   77180   1.5   1.3   7.1  NA  OK Passed
RC6ET2 101   2/2 0 (1,2) Radio-S101-1(A) Radio-S101-1(B) RRU4499  E23D191461  FDD=RC6ET2 (1)  483579  -0.5  -0.3   7.3  NA  OK Passed
RC6ET3 102   2/2 0 (1,2) Radio-S101-1(C) Radio-S101-1(D) RRU4499  E23D191461  FDD=RC6ET3 (1)  754079   1.5   1.0   6.8  NA  OK Passed
================================================================================================================================
Total: 4 SectorCarriers, 4 RfBranch Pairs (4 OK, 0 OKW, 0 NOK, 0 NT)
.....
Last MO: 20800. Loaded 20800 MOs. Total: 20801 MOs.
.......................................

Using hardcoded thresholds: 3, 4.5, and 16.5
================================================================================================================================
SC     SE  Tx/Rx BrPair  RfPort1 - RfPort2               HW       Serial      Cell (State)  Samples   Med  Mean  SDev Pol Res Issue
================================================================================================================================
RC6EV2 161 32/32 0 (1,2) AAS-S161-1                      AIR3278  E96A203E83  DU=RC6EV2 (1)       0     0     0     0   ?  NT Not supported on AAS.
RC6EV2 161 32/32 1 (2,3) AAS-S161-1                      AIR3278  E96A203E83  DU=RC6EV2 (1)       0     0     0     0   ?  NT Not supported on AAS.
RC6EV2 161 32/32 2 (3,4) AAS-S161-1                      AIR3278  E96A203E83  DU=RC6EV2 (1)       0     0     0     0   ?  NT Not supported on AAS.
RC6EV2 161 32/32 3 (4,5) AAS-S161-1                      AIR3278  E96A203E83  DU=RC6EV2 (1)       0     0     0     0   ?  NT Not supported on AAS.
RC6EV2 161 32/32 4 (5,6) AAS-S161-1                      AIR3278  E96A203E83  DU=RC6EV2 (1)       0     0     0     0   ?  NT Not supported on AAS.
RC6EV2 161 32/32 5 (6,7) AAS-S161-1                      AIR3278  E96A203E83  DU=RC6EV2 (1)       0     0     0     0   ?  NT Not supported on AAS.
RC6EV2 161 32/32 6 (7,8) AAS-S161-1                      AIR3278  E96A203E83  DU=RC6EV2 (1)       0     0     0     0   ?  NT Not supported on AAS.
RC6EV3 162 32/32 0 (1,2) AAS-S162-1                      AIR3278  E96A203DTD  DU=RC6EV3 (1)       0     0     0     0   ?  NT Not supported on AAS.
RC6EV3 162 32/32 1 (2,3) AAS-S162-1                      AIR3278  E96A203DTD  DU=RC6EV3 (1)       0     0     0     0   ?  NT Not supported on AAS.
RC6EV3 162 32/32 2 (3,4) AAS-S162-1                      AIR3278  E96A203DTD  DU=RC6EV3 (1)       0     0     0     0   ?  NT Not supported on AAS.
RC6EV3 162 32/32 3 (4,5) AAS-S162-1                      AIR3278  E96A203DTD  DU=RC6EV3 (1)       0     0     0     0   ?  NT Not supported on AAS.
RC6EV3 162 32/32 4 (5,6) AAS-S162-1                      AIR3278  E96A203DTD  DU=RC6EV3 (1)       0     0     0     0   ?  NT Not supported on AAS.
RC6EV3 162 32/32 5 (6,7) AAS-S162-1                      AIR3278  E96A203DTD  DU=RC6EV3 (1)       0     0     0     0   ?  NT Not supported on AAS.
RC6EV3 162 32/32 6 (7,8) AAS-S162-1                      AIR3278  E96A203DTD  DU=RC6EV3 (1)       0     0     0     0   ?  NT Not supported on AAS.
================================================================================================================================
Total: 2 NRSectorCarriers, 14 RfBranch Pairs (0 OK, 0 OKW, 0 NOK, 14 NT)

RC6ET> mfitr

251125-15:11:54+0100 19.31.14.248 25.0h MSRBS_NODE_MODEL_25.Q1_693.28324.131_62ac stopfile=/tmp/2856408
.......
Last MO: 20800. Loaded 20800 MOs. Total: 20801 MOs.
......
2025-11-25 15:12
================================================================================================================================
CELL       SC     FRU          BOARD            PUSCH  PUCCH       A      B      C      D  DELTA
================================================================================================================================
FDD=RC6EM2 RC6EM2 Radio-S101-1 RRU449944B144B3C -116.4 -117.0 -117.6 -118.0                  0.4
FDD=RC6EM3 RC6EM3 Radio-S101-1 RRU449944B144B3C -116.0 -116.2               -116.5 -116.2    0.3
FDD=RC6ET2 RC6ET2 Radio-S101-1 RRU449944B144B3C -109.3 -112.2 -110.6 -110.1                  0.5
FDD=RC6ET3 RC6ET3 Radio-S101-1 RRU449944B144B3C -111.8 -115.2               -112.3 -111.5    0.8
================================================================================================================================
Bye...
Output has been logged to file /mta_fs/UserFiles/37258710/amosbatch/SDIR/RC6ET.log
