Logging to file /mta_fs/UserFiles/37258710/amosbatch/SDIR/RC6FE.log
                        __  __  ____   _____
                  /\   |  \/  |/ __ \ / ____|
                 /  \  | \  / | |  | | (___  
                / /\ \ | |\/| | |  | |\___ \ 
               / ____ \| |  | | |__| |____) |
              /_/    \_\_|  |_|\____/|_____/
              OSS Framework for MoShell-25.0h 
  Copyright (c) Ericsson AB 2001-2025 - All Rights Reserved
              
           
[1;31mWARNING: [0mthe AMOS version currently running is more than 29 weeks old and is unsupported.
Please upgrade as soon as possible to the latest released version, available from your local Ericsson support.

$amosrb_pid = 2283893

Checking ip contact...OK

HELP MENU            : h
BASIC MO COMMANDS    : m
OTHER MO COMMANDS    : n
OTHER COMMANDS       : o
PM COMMANDS          : p
QUIT                 : q

RC6FE> lt all

251125-12:15:43+0100 19.31.12.168 25.0h  stopfile=/tmp/2283665
Looking up temporary_amos account... OK.
Trying temporary_amos_t20251125_37258710_65084_131's password from amos lookupAccount ... OK

$ssh_pid = 2285089

Connected to 19.31.12.168 (SubNetwork=BBMM_rckomc_R,MeContext=RC6FE,ManagedElement=RC6FE)

Checking MOM version...MSRBS_NODE_MODEL_25.Q1_693.28324.131_62ac
Parsing MOM (cached): /ericsson/log/amos/moshell_logfiles/t20251125_37258710_65084/logs_moshell/tempfiles/scp-4-amos_20251125-121536_2283579/MSRBS_NODE_MODEL_25.Q1_693.28324.131_62ac.xml.cache.gz ..................................................................................................................................................................................................................................Done.
Using paramfile /opt/ericsson/amos/moshell/commonjars/pm/PARAM_MSRBS_25.Q1.txt
Parsing file /opt/ericsson/amos/moshell/commonjars/pm/PARAM_MSRBS_25.Q1.txt .......................................................................................Done.
Using imomdfile /opt/ericsson/amos/moshell/commonjars/pm/IMOMD_MSRBS_22.Q4.txt
Using imomfile /opt/ericsson/amos/moshell/commonjars/pm/IMOM_MSRBS_25.Q1.txt
Connected to 19.31.12.168 (SubNetwork=BBMM_rckomc_R,MeContext=RC6FE,ManagedElement=RC6FE)

Last MO: 20644. Loaded 20644 MOs. Total: 20645 MOs.

RC6FE> st cell

251125-12:15:58+0100 19.31.12.168 25.0h MSRBS_NODE_MODEL_25.Q1_693.28324.131_62ac stopfile=/tmp/2283665
===================================================================================
Proxy  Adm State     Op. State     MO
===================================================================================
   43  1 (UNLOCKED)  1 (ENABLED)   ENodeBFunction=1,EUtranCellFDD=RC6FE1
  404  1 (UNLOCKED)  1 (ENABLED)   ENodeBFunction=1,EUtranCellFDD=RC6FE2
  577  1 (UNLOCKED)  1 (ENABLED)   ENodeBFunction=1,EUtranCellFDD=RC6FM1
 1080  1 (UNLOCKED)  1 (ENABLED)   ENodeBFunction=1,EUtranCellFDD=RC6FM2
 1236  1 (UNLOCKED)  1 (ENABLED)   ENodeBFunction=1,EUtranCellFDD=RC6FT1
 1653  1 (UNLOCKED)  1 (ENABLED)   ENodeBFunction=1,EUtranCellFDD=RC6FT2
 3482  1 (UNLOCKED)  1 (ENABLED)   ENodeBFunction=1,NbIotCell=RC6FN1
 3483  1 (UNLOCKED)  1 (ENABLED)   ENodeBFunction=1,NbIotCell=RC6FN2
===================================================================================
Total: 8 MOs

RC6FE> st radio

251125-12:15:58+0100 19.31.12.168 25.0h MSRBS_NODE_MODEL_25.Q1_693.28324.131_62ac stopfile=/tmp/2283665
===================================================================================
Proxy  Adm State     Op. State     MO
===================================================================================
 4539  1 (UNLOCKED)  1 (ENABLED)   Equipment=1,FieldReplaceableUnit=Radio-S100-1
 4562  1 (UNLOCKED)  1 (ENABLED)   Equipment=1,FieldReplaceableUnit=Radio-S210-1
 4579  1 (UNLOCKED)  1 (ENABLED)   Equipment=1,FieldReplaceableUnit=Radio-S211-1
20634  1 (UNLOCKED)  1 (ENABLED)   Transport=1,Synchronization=1,RadioEquipmentClock=1,RadioEquipmentClockReference=NTP1
20635  1 (UNLOCKED)  1 (ENABLED)   Transport=1,Synchronization=1,RadioEquipmentClock=1,RadioEquipmentClockReference=PTP
===================================================================================
Total: 5 MOs

RC6FE> sdir

251125-12:15:58+0100 19.31.12.168 25.0h MSRBS_NODE_MODEL_25.Q1_693.28324.131_62ac stopfile=/tmp/2283665
INFO: Using amos lookupAccount credentials for the export login
.........................
get /rop/A20251125.1030-1045_RC6FE.xml.gz /ericsson/log/amos/moshell_logfiles/t20251125_37258710_65084/logs_moshell/pmfiles/19.31.12.168/rop/A20251125.1030-1045_RC6FE.xml.gz ... OK
get /rop/A20251125.1045-1100_RC6FE.xml.gz /ericsson/log/amos/moshell_logfiles/t20251125_37258710_65084/logs_moshell/pmfiles/19.31.12.168/rop/A20251125.1045-1100_RC6FE.xml.gz ... OK
get /rop/A20251125.1100-1115_RC6FE.xml.gz /ericsson/log/amos/moshell_logfiles/t20251125_37258710_65084/logs_moshell/pmfiles/19.31.12.168/rop/A20251125.1100-1115_RC6FE.xml.gz ... OK
...Checking available boards on node...

Collecting RCS board data ...
........................................................................................................................
.
.........................................................................................................................................................................................................................................................................................
......
Collecting TN data...
..........................................................................................................................................................................................................................................................................................................
Collecting RF data...
.
Collecting Alarms...
.Executing action Log.export()
...
Log=AlarmLog                    actionId=50345
...............
Executing action LogM.exportAvailabilityLog()
..LogM=1,exportAvailabilityLog    actionId=50346
.....Parsing alarmLog.......Done.
Parsing availabilityLog......Done.
.......

Total: 3 CPRI links (3 OK, 0 OKW, 0 NOK, 0 NT)

+--------+                      +--------------------+
|        | A        O101     D1 |    Radio-S210-1    |
|        |-----------1----------| RRU227922B822B20C* |
|        |         OK-20m       |       BXP_3        |
|        |                      +--------------------+
|        |                                     |A  |B
|        |                  SE=210* AG=210 FDD=RC6FE1
|        |                                NIOT=RC6FN1
|        |
|        |                      +--------------------+
|        | B        O101     D1 |    Radio-S211-1    |
|        |-----------2----------| RRU227922B822B20C* |
|        |         OK-20m       |       BXP_2        |
|  BB-1  |                      +--------------------+
| BB6631 |                                     |A  |B
| 000100 |                  SE=211* AG=211 FDD=RC6FE2
|        |                                NIOT=RC6FN2
|        |
|        |                      +------------------+
|        | D        O101     D2 |   Radio-S100-1   |
|        |-----------3----------| RRU449944B144B3C |
|        |         OK-6m        |      BXP_4       |
|        |                      +------------------+
|        |                           |A  |B  |C  |D
|        |                    SE=100 AG=100  |   |
|        |            FDD=RC6FM1 FDD=RC6FT1  |   |
|        |                            SE=101 AG=101
|        |                    FDD=RC6FM2 FDD=RC6FT2
|        |
+--------+

=====================================================================================================================================
ID RiL    Type Res MO1-MO2                  BOARD1-BOARD2             AlmIDs Cells (States)                                        Issue (Failed checks)
=====================================================================================================================================
 1 S210-1 O101 OK  BB-1(A) Radio-S210-1(D1) BB6631 RRU227922B822B20C*        FDD=RC6FE1 NIOT=RC6FN1 (1,1)                          Passed
 2 S211-1 O101 OK  BB-1(B) Radio-S211-1(D1) BB6631 RRU227922B822B20C*        FDD=RC6FE2 NIOT=RC6FN2 (1,1)                          Passed
 3 S100-1 O101 OK  BB-1(D) Radio-S100-1(D2) BB6631 RRU449944B144B3C          FDD=RC6FM1 FDD=RC6FM2 FDD=RC6FT1 FDD=RC6FT2 (1,1,1,1) Passed
-------------------------------------------------------------------------------------------------------------------------------------

Node: RadioNode L   CXP2010174/2_R27J08 (25.Q1)   G3.1   LTE-FDD,LTE-IoT 

=====================================================================================================================================
FRU          ;LNH    ;BOARD              ;ST ;FAULT ;OPER ;MAINT ;STAT ;PRODUCTNUMBER   ;REV     ;SERIAL        ;DATE     ;PMTEMP ; TEMP ; UPT ;VOLT ;SW                   ;
=====================================================================================================================================
BB-1         ;000100 ;BB6631             ; 1 ;  OFF ;  ON ;  OFF ;  ON ;KDU1370071/11   ;R3C     ;E96A012CML    ;20230906 ;3 (OK) ;      ; 131 ;54   ;                     ;
Radio-S100-1 ;BXP_4  ;RRU449944B144B3C   ; 1 ;  OFF ;  ON ;  OFF ; N/A ;KRC161787/1     ;R2F     ;E23E706928    ;20230630 ;4 (OK) ; 37.9 ; 131 ;54.7 ;CXP9013268%15_R101LX ; (Radio449944B144B3C)
Radio-S210-1 ;BXP_3  ;RRU227922B822B20C* ; 1 ;  OFF ;  ON ;  OFF ; N/A ;KRC161864/1     ;R1F     ;TU8U025GPU    ;20230717 ;4 (OK) ; 38.0 ; 131 ;55.2 ;CXP9013268%15_R101LX ; (Radio227922B822B20C)
Radio-S211-1 ;BXP_2  ;RRU227922B822B20C* ; 1 ;  OFF ;  ON ;  OFF ; N/A ;KRC161864/1     ;R1F     ;TU8U025GDK    ;20230717 ;4 (OK) ; 35.5 ; 131 ;55.0 ;CXP9013268%15_R101LX ; (Radio227922B822B20C)
-------------------------------------------------------------------------------------------------------------------------------------

=====================================================================================================================================
AntennaNearUnit                                     ;ST  ;TYPE   ;PRODUCTNR     ;REV                ;UNIQUEID             ;RfPort
=====================================================================================================================================
AntennaUnitGroup=210,AntennaNearUnit=RET_1800_2100  ; 1  ;S-RET  ;AIMM20M22v01  ;WD82MANBRCU_VER.D  ;HWM3288KA017N060Ly1  ;FieldReplaceableUnit=Radio-S210-1,RfPort=R
AntennaUnitGroup=210,AntennaNearUnit=RET_2600       ; 1  ;S-RET  ;AIMM20M22v01  ;WD82MANBRCU_VER.D  ;HWM3288KA017M08CLy2  ;FieldReplaceableUnit=Radio-S210-1,RfPort=R
AntennaUnitGroup=210,AntennaNearUnit=RET_800_900    ; 1  ;S-RET  ;AIMM20M22v01  ;WD82MANBRCU_VER.D  ;HWM3288KA017Q083Lr1  ;FieldReplaceableUnit=Radio-S210-1,RfPort=R
AntennaUnitGroup=211,AntennaNearUnit=RET_1800_2100  ; 1  ;S-RET  ;AIMM20M22v01  ;WD82MANBRCU_VER.D  ;HWM3288KA00P7007Ly1  ;FieldReplaceableUnit=Radio-S211-1,RfPort=R
AntennaUnitGroup=211,AntennaNearUnit=RET_2600       ; 1  ;S-RET  ;AIMM20M22v01  ;WD82MANBRCU_VER.D  ;HWM3288KA00P603CLy2  ;FieldReplaceableUnit=Radio-S211-1,RfPort=R
AntennaUnitGroup=211,AntennaNearUnit=RET_800_900    ; 1  ;S-RET  ;AIMM20M22v01  ;WD82MANBRCU_VER.D  ;HWM3288KA00P2032Rr2  ;FieldReplaceableUnit=Radio-S211-1,RfPort=R
-------------------------------------------------------------------------------------------------------------------------------------

=====================================================================================================================================
XPBOARD  ;ST ;FAULT ;OPER ;PRODUCTNUMBER ;REV ;SERIAL/NAME ;DATE     ; TEMP ;MO
=====================================================================================================================================
FAN08    ; 1 ;N/A   ;N/A  ;BKV106236/1   ;R2M ;CE5100UTQE  ;20230420 ; 38.0 ;SupportUnit=1 (FAN  BB-1)
-------------------------------------------------------------------------------------------------------------------------------------

=====================================================================================================================================
ID ;T ;RiL    ;BPBP ;BOARD1             ;LNH1 ;PORT ;R ;LINK ;RATE  ; BER ;BOARD2             ;LNH2 ;PORT ;R ;LINK ;RATE  ; BER ;LENGTH ;MO1 - MO2
=====================================================================================================================================
 1 ;O ;S210-1 ;1111 ;BB6631             ;000100 ; 1 ;M ;Up   ;10.1G ;   0 ;RRU227922B822B20C* ;BXP_3  ; 0 ;S ;Up   ;10.1G ;   0 ;   20m ;Fru=BB-1(A) Fru=Radio-S210-1(D1)
 2 ;O ;S211-1 ;1111 ;BB6631             ;000100 ; 2 ;M ;Up   ;10.1G ;   0 ;RRU227922B822B20C* ;BXP_2  ; 0 ;S ;Up   ;10.1G ;   0 ;   20m ;Fru=BB-1(B) Fru=Radio-S211-1(D1)
 3 ;O ;S100-1 ;1111 ;BB6631             ;000100 ; 4 ;M ;Up   ;10.1G ;   0 ;RRU449944B144B3C   ;BXP_4  ; 1 ;S ;Up   ;10.1G ;   0 ;    6m ;Fru=BB-1(D) Fru=Radio-S100-1(D2)
-------------------------------------------------------------------------------------------------------------------------------------

=====================================================================================================================================
ID ;LINK ;RiL    ;VENDOR1  ;VENDORPROD1      ;REV1 ;SERIAL1      ;DATE1    ;ERICSSONPROD1      ;VENDOR2  ;VENDORPROD2      ;REV2 ;SERIAL2      ;DATE2    ;ERICSSONPROD2      ;TT ;WL1     ;WL2    
=====================================================================================================================================
 1 ;Up   ;S210-1 ;ERICSSON ;RTXM228-702-C22  ;1.0  ;CU823G1W3D   ;20230801 ;RDH10265/2 R1A     ;ERICSSON ;RTXM228-702-C22  ;1.0  ;CU823G1W2N   ;20230801 ;RDH10265/2 R1A     ;0  ;1310.00 ;1310.00
 2 ;Up   ;S211-1 ;ERICSSON ;RTXM228-702-C22  ;1.0  ;CU823G1W3F   ;20230801 ;RDH10265/2 R1A     ;ERICSSON ;RTXM228-702-C22  ;1.0  ;CU823G1VTQ   ;20230731 ;RDH10265/2 R1A     ;0  ;1310.00 ;1310.00
 3 ;Up   ;S100-1 ;ERICSSON ;RTXM228-702-C22  ;1.0  ;CU823G1W40   ;20230801 ;RDH10265/2 R1A     ;ERICSSON ;RTXM228-702-C22  ;1.0  ;CU823H09QW   ;20230805 ;RDH10265/2 R1A     ;0  ;1310.00 ;1310.00
-------------------------------------------------------------------------------------------------------------------------------------

=====================================================================================================================================
ID ;LINK ;RiL    ;WL1     ;TEMP1 ;TXbs1 ;TXdBm1 ;RXdBm1 ;BER1   ;WL2     ;TEMP2 ;TXbs2 ;TXdBm2 ;RXdBm2 ;BER2   ;DlLoss ;UlLoss ;LENGTH ;TT
=====================================================================================================================================
 1 ;Up   ;S210-1 ;1310.00 ;39C   ;56%   ;-1.04  ;-0.94  ;   0   ;1310.00 ;28C   ;53%   ;-0.56  ;-1.49  ;   0   ;  0.45 ;  0.38 ;   20m ; 0
 2 ;Up   ;S211-1 ;1310.00 ;44C   ;57%   ;-0.43  ;-1.37  ;   0   ;1310.00 ;31C   ;53%   ;-2.13  ;-0.79  ;   0   ;  0.36 ; -0.76 ;   20m ; 0
 3 ;Up   ;S100-1 ;1310.00 ;41C   ;57%   ;-0.44  ;-1.05  ;   0   ;1310.00 ;33C   ;55%   ;-1.07  ;-0.09  ;   0   ; -0.35 ; -0.02 ;    6m ; 0
-------------------------------------------------------------------------------------------------------------------------------------

=====================================================================================================================================
ID ;RiL    ;BOARD              ;SFPLNH  ;PORT ;VENDOR   ;VENDORPROD       ;REV  ;SERIAL       ;DATE     ;ERICSSONPROD       ;WL      ;TEMP  ;TXbs  ;TXdBm  ;RXdBm  ; BER
=====================================================================================================================================
 1 ;S210-1 ;BB6631             ;000100   ;  1 ;ERICSSON ;RTXM228-702-C22  ;1.0  ;CU823G1W3D   ;20230801 ;RDH10265/2 R1A     ;1310.00 ;39C   ;56%   ;-1.04  ;-0.94  ;   0
 2 ;S211-1 ;BB6631             ;000100   ;  2 ;ERICSSON ;RTXM228-702-C22  ;1.0  ;CU823G1W3F   ;20230801 ;RDH10265/2 R1A     ;1310.00 ;44C   ;57%   ;-0.43  ;-1.37  ;   0
 3 ;S100-1 ;BB6631             ;000100   ;  4 ;ERICSSON ;RTXM228-702-C22  ;1.0  ;CU823G1W40   ;20230801 ;RDH10265/2 R1A     ;1310.00 ;41C   ;57%   ;-0.44  ;-1.05  ;   0
 2 ;S211-1 ;RRU227922B822B20C* ;BXP_2    ;  0 ;ERICSSON ;RTXM228-702-C22  ;1.0  ;CU823G1VTQ   ;20230731 ;RDH10265/2 R1A     ;1310.00 ;31C   ;53%   ;-2.13  ;-0.79  ;   0
 1 ;S210-1 ;RRU227922B822B20C* ;BXP_3    ;  0 ;ERICSSON ;RTXM228-702-C22  ;1.0  ;CU823G1W2N   ;20230801 ;RDH10265/2 R1A     ;1310.00 ;28C   ;53%   ;-0.56  ;-1.49  ;   0
 3 ;S100-1 ;RRU449944B144B3C   ;BXP_4    ;  1 ;ERICSSON ;RTXM228-702-C22  ;1.0  ;CU823H09QW   ;20230805 ;RDH10265/2 R1A     ;1310.00 ;33C   ;55%   ;-1.07  ;-0.09  ;   0
-------------------------------------------------------------------------------------------------------------------------------------
TN ;       ;BB6631             ;000100   ; IB ;ERICSSON ;EOLS-1324-10-DI9 ;1.0  ;SN2U014937   ;20220518 ;RDH10247/2 R2A     ;1310    ;33C   ;24%   ;-6.14  ;-7.21  ; 0/0
TN ;       ;BB6631             ;000100   ;IA2 ;ERICSSON ;42020201934      ;A0   ;202315600205 ;20230410 ;RPM777053/1000 R1B ;NA      ;NA    ;NA    ;NA     ;NA     ; 0/0
-------------------------------------------------------------------------------------------------------------------------------------

=====================================================================================================================================
BOARD  ;LNH    ;PORT       ;T ;S ;OpMode         ;AutoNeg ;MacAddress        ;VlanIds        ;LOS ;BER
=====================================================================================================================================
BB6631 ;000100 ;TN_E       ;E ;1 ;1G_FULL_MASTER ;true    ;58:70:7F:8A:A0:12 ;3910           ;0   ;0/0
BB6631 ;000100 ;TN_IDL_A_1 ;E ;1 ;10G_FULL       ;false   ;58:70:7F:8A:A0:0B ;3901,3908,3910 ;0   ;0/0
BB6631 ;000100 ;TN_IDL_A_2 ;O ;1 ;10G_FULL       ;false   ;58:70:7F:8A:A0:0C ;3908           ;0   ;0/0
BB6631 ;000100 ;TN_IDL_B   ;O ;1 ;1G_FULL        ;true    ;58:70:7F:8A:A0:0F ;3901,3908,3910 ;0   ;0/0
-------------------------------------------------------------------------------------------------------------------------------------

radioClockState : RNT_TIME_LOCKED
-------------------------------------------------------------------------------------
Prio  ;ST  ;syncRefType    ;refStatus  ;opQualLevel  ;SyncReference
-------------------------------------------------------------------------------------
  *1  ; 1  ;PTP_TIME       ;NO_FAULT   ;PRTC         ;Ptp=1,BoundaryOrdinaryClock=PTP (G_8275_1 EthernetPort=TN_IDL_B:SLAVE EthernetPort=TN_IDL_A_1:MASTER)
   2  ; 1  ;NTP_FREQUENCY  ;NO_FAULT   ;PRC          ;Ntp=1,NtpFrequencySync=NTP1 (10.31.0.54:32751 Router=45G_Traffic,InterfaceIPv4=LTE,AddressIPv4=LTE)
-------------------------------------------------------------------------------------
-------------------------------------------------------------------------------------
Prio  ;ST  ;assistRefStatus  ;recQualLevel  ;AssistingReference
-------------------------------------------------------------------------------------
   1  ; 1  ;NO_FAULT         ;PRC           ;Synchronization=1,SyncEthInput=SyncE (SFP_OPTICAL EthernetPort=TN_IDL_B)
-------------------------------------------------------------------------------------
nodeGroupRole   : SYNC_PROVIDER (syncNodePriority=1, selectionMode=NODE_PRIORITY)
-------------------------------------------------------------------------------------
DU  ;Port  ;sharedUnitRef (RiPortA - RiPortB)  ;remoteNodePriority  ;CandidateStatus
-------------------------------------------------------------------------------------
1   ;A     ;Fru=Radio-S210-1 (1 - 2)           ;3                   ;OK_NOT_ACTIVE
1   ;B     ;Fru=Radio-S211-1 (1 - 2)           ;3                   ;OK_NOT_ACTIVE
-------------------------------------------------------------------------------------

=====================================================================================================================================
FRU          ;LNH    ;BOARD              ;RF  ;BP  ;TX (W/dBm)  ;VSWR (RL)   ;RX (dBm) ;UEs/gUEs  ;Sector/AntennaGroup/Cells (State:CellIds:PCIs)
=====================================================================================================================================
Radio-S100-1 ;BXP_4  ;RRU449944B144B3C   ; A  ;11  ;61.3 (47.9) ;1.23 (19.8) ;-85.4    ;43/-      ;SE=100 AG=100 FDD=RC6FM1 FDD=RC6FT1 (1:31:27, 1:41:319)
Radio-S100-1 ;BXP_4  ;RRU449944B144B3C   ; B  ;11  ;65.5 (48.2) ;1.07 (29.3) ;-85.3    ;43/-      ;SE=100 AG=100 FDD=RC6FM1 FDD=RC6FT1 (1:31:27, 1:41:319)
Radio-S100-1 ;BXP_4  ;RRU449944B144B3C   ; C  ;11  ;35.5 (45.5) ;1.10 (26.5) ;-89.7    ;14/-      ;SE=101 AG=101 FDD=RC6FM2 FDD=RC6FT2 (1:32:163, 1:42:18)
Radio-S100-1 ;BXP_4  ;RRU449944B144B3C   ; D  ;11  ;14.1 (41.5) ;1.09 (27.3) ;-89.4    ;14/-      ;SE=101 AG=101 FDD=RC6FM2 FDD=RC6FT2 (1:32:163, 1:42:18)
Radio-S210-1 ;BXP_3  ;RRU227922B822B20C* ; A  ;11  ;30.7 (44.9) ;1.06 (30.5) ;-91.1    ;10/-      ;SE=210* AG=210 FDD=RC6FE1 NIOT=RC6FN1 (1:61:37, 1:161:37)
Radio-S210-1 ;BXP_3  ;RRU227922B822B20C* ; B  ;11  ;35.0 (45.4) ;1.21 (20.4) ;-92.1    ;10/-      ;SE=210* AG=210 FDD=RC6FE1 NIOT=RC6FN1 (1:61:37, 1:161:37)
Radio-S211-1 ;BXP_2  ;RRU227922B822B20C* ; A  ;11  ;16.2 (42.1) ;1.11 (25.5) ;-96.1    ;2/-       ;SE=211* AG=211 FDD=RC6FE2 NIOT=RC6FN2 (1:62:73, 1:162:73)
Radio-S211-1 ;BXP_2  ;RRU227922B822B20C* ; B  ;11  ;19.1 (42.8) ;1.28 (18.1) ;-95.8    ;2/-       ;SE=211* AG=211 FDD=RC6FE2 NIOT=RC6FN2 (1:62:73, 1:162:73)
-------------------------------------------------------------------------------------------------------------------------------------

RC6FE> mfar

251125-12:18:11+0100 19.31.12.168 25.0h MSRBS_NODE_MODEL_25.Q1_693.28324.131_62ac stopfile=/tmp/2283665
.....
Last MO: 20640. Loaded 20640 MOs. Total: 20641 MOs.
.........................................
get /rop/A20251125.0945-1000_RC6FE.xml.gz /ericsson/log/amos/moshell_logfiles/t20251125_37258710_65084/logs_moshell/pmfiles/19.31.12.168/rop/A20251125.0945-1000_RC6FE.xml.gz ... OK
get /rop/A20251125.1000-1015_RC6FE.xml.gz /ericsson/log/amos/moshell_logfiles/t20251125_37258710_65084/logs_moshell/pmfiles/19.31.12.168/rop/A20251125.1000-1015_RC6FE.xml.gz ... OK
get /rop/A20251125.1015-1030_RC6FE.xml.gz /ericsson/log/amos/moshell_logfiles/t20251125_37258710_65084/logs_moshell/pmfiles/19.31.12.168/rop/A20251125.1015-1030_RC6FE.xml.gz ... OK

Using hardcoded thresholds: 3, 4.5, and 16.5
================================================================================================================================
SC     SE  Tx/Rx BrPair  RfPort1 - RfPort2               HW       Serial      Cell (State)   Samples   Med  Mean  SDev Pol Res Issue
================================================================================================================================
RC6FE1 210   2/2 0 (1,2) Radio-S210-1(A) Radio-S210-1(B) RRU2279  TU8U025GPU  FDD=RC6FE1 (1)  146249   0.5   0.5   6.9  NA  OK Passed
RC6FE2 211   2/2 0 (1,2) Radio-S211-1(A) Radio-S211-1(B) RRU2279  TU8U025GDK  FDD=RC6FE2 (1)   52052   2.5   2.7   7.2  NA  OK Passed
RC6FM1 100   2/2 0 (1,2) Radio-S100-1(A) Radio-S100-1(B) RRU4499  E23E706928  FDD=RC6FM1 (1)  201628   0.5   0.1   7.4  NA  OK Passed
RC6FM2 101   2/2 0 (1,2) Radio-S100-1(C) Radio-S100-1(D) RRU4499  E23E706928  FDD=RC6FM2 (1)   33006  -0.5  -0.7   6.6  NA  OK Passed
RC6FT1 100   2/2 0 (1,2) Radio-S100-1(A) Radio-S100-1(B) RRU4499  E23E706928  FDD=RC6FT1 (1)  308877  -0.5  -0.7   6.9  NA  OK Passed
RC6FT2 101   2/2 0 (1,2) Radio-S100-1(C) Radio-S100-1(D) RRU4499  E23E706928  FDD=RC6FT2 (1)  179032  -0.5  -0.2   5.9  NA  OK Passed
================================================================================================================================
Total: 6 SectorCarriers, 6 RfBranch Pairs (6 OK, 0 OKW, 0 NOK, 0 NT)
......
Last MO: 20640. Loaded 20640 MOs. Total: 20641 MOs.

No NRSectorCarrier MOs are defined on the node.

RC6FE> mfitr

251125-12:18:31+0100 19.31.12.168 25.0h MSRBS_NODE_MODEL_25.Q1_693.28324.131_62ac stopfile=/tmp/2283665
.........
Last MO: 20640. Loaded 20640 MOs. Total: 20641 MOs.
.......
2025-11-25 12:19
================================================================================================================================
CELL       SC     FRU          BOARD             PUSCH  PUCCH       A      B      C      D  DELTA
================================================================================================================================
FDD=RC6FE1 RC6FE1 Radio-S210-1 RRU227922B822B20C -111.2 -109.9 -110.6 -110.8                  0.2
FDD=RC6FE2 RC6FE2 Radio-S211-1 RRU227922B822B20C -115.4 -114.0 -115.4 -115.5                  0.1
FDD=RC6FM1 RC6FM1 Radio-S100-1 RRU449944B144B3C  -110.6 -112.7 -109.9 -110.2                  0.3
FDD=RC6FM2 RC6FM2 Radio-S100-1 RRU449944B144B3C  -116.2 -116.7               -115.8 -116.0    0.2
FDD=RC6FT1 RC6FT1 Radio-S100-1 RRU449944B144B3C  -106.4 -109.6 -106.5 -106.6                  0.1
FDD=RC6FT2 RC6FT2 Radio-S100-1 RRU449944B144B3C  -110.9 -112.1               -110.5 -109.9    0.6
================================================================================================================================
Bye...
Output has been logged to file /mta_fs/UserFiles/37258710/amosbatch/SDIR/RC6FE.log
