Logging to file /mta_fs/UserFiles/37258710/amosbatch/SDIR/RC76L.log
                        __  __  ____   _____
                  /\   |  \/  |/ __ \ / ____|
                 /  \  | \  / | |  | | (___  
                / /\ \ | |\/| | |  | |\___ \ 
               / ____ \| |  | | |__| |____) |
              /_/    \_\_|  |_|\____/|_____/
              OSS Framework for MoShell-25.0h 
  Copyright (c) Ericsson AB 2001-2025 - All Rights Reserved
              
           
[1;31mWARNING: [0mthe AMOS version currently running is more than 29 weeks old and is unsupported.
Please upgrade as soon as possible to the latest released version, available from your local Ericsson support.

$amosrb_pid = 2456211

Checking ip contact...OK

HELP MENU            : h
BASIC MO COMMANDS    : m
OTHER MO COMMANDS    : n
OTHER COMMANDS       : o
PM COMMANDS          : p
QUIT                 : q

RC76L> lt all

251125-13:09:24+0100 19.31.12.199 25.0h  stopfile=/tmp/2456068
Looking up temporary_amos account... OK.
Trying temporary_amos_t20251125_37258710_65084_131's password from amos lookupAccount ... OK

$ssh_pid = 2457168

Connected to 19.31.12.199 (SubNetwork=BBMM_rckomc_R,MeContext=RC76L,ManagedElement=RC76L)

Checking MOM version...MSRBS_NODE_MODEL_25.Q1_693.28324.131_62ac
Parsing MOM (cached): /ericsson/log/amos/moshell_logfiles/t20251125_37258710_65084/logs_moshell/tempfiles/scp-4-amos_20251125-130917_2456009/MSRBS_NODE_MODEL_25.Q1_693.28324.131_62ac.xml.cache.gz ..................................................................................................................................................................................................................................Done.
Using paramfile /opt/ericsson/amos/moshell/commonjars/pm/PARAM_MSRBS_25.Q1.txt
Parsing file /opt/ericsson/amos/moshell/commonjars/pm/PARAM_MSRBS_25.Q1.txt .......................................................................................Done.
Using imomdfile /opt/ericsson/amos/moshell/commonjars/pm/IMOMD_MSRBS_22.Q4.txt
Using imomfile /opt/ericsson/amos/moshell/commonjars/pm/IMOM_MSRBS_25.Q1.txt
Connected to 19.31.12.199 (SubNetwork=BBMM_rckomc_R,MeContext=RC76L,ManagedElement=RC76L)

Last MO: 16440. Loaded 16440 MOs. Total: 16441 MOs.

RC76L> st cell

251125-13:09:37+0100 19.31.12.199 25.0h MSRBS_NODE_MODEL_25.Q1_693.28324.131_62ac stopfile=/tmp/2456068
===================================================================================
Proxy  Adm State     Op. State     MO
===================================================================================
   50  1 (UNLOCKED)  1 (ENABLED)   ENodeBFunction=1,EUtranCellFDD=RC76L1
  140  1 (UNLOCKED)  1 (ENABLED)   ENodeBFunction=1,EUtranCellFDD=RC76L2
===================================================================================
Total: 2 MOs

RC76L> st radio

251125-13:09:38+0100 19.31.12.199 25.0h MSRBS_NODE_MODEL_25.Q1_693.28324.131_62ac stopfile=/tmp/2456068
===================================================================================
Proxy  Adm State     Op. State     MO
===================================================================================
  717  1 (UNLOCKED)  1 (ENABLED)   Equipment=1,FieldReplaceableUnit=Radio-S10-1
  729  1 (UNLOCKED)  1 (ENABLED)   Equipment=1,FieldReplaceableUnit=Radio-S11-1
  741  1 (UNLOCKED)  1 (ENABLED)   Equipment=1,FieldReplaceableUnit=Radio-S180-1
16434  1 (UNLOCKED)  1 (ENABLED)   Transport=1,Synchronization=1,RadioEquipmentClock=1,RadioEquipmentClockReference=PTP8275_2
16435  1 (UNLOCKED)  1 (ENABLED)   Transport=1,Synchronization=1,RadioEquipmentClock=1,RadioEquipmentClockReference=SyncE
===================================================================================
Total: 5 MOs

RC76L> sdir

251125-13:09:38+0100 19.31.12.199 25.0h MSRBS_NODE_MODEL_25.Q1_693.28324.131_62ac stopfile=/tmp/2456068
INFO: Using amos lookupAccount credentials for the export login
...............................
get /rop/A20251125.1115-1130_RC76L.xml.gz /ericsson/log/amos/moshell_logfiles/t20251125_37258710_65084/logs_moshell/pmfiles/19.31.12.199/rop/A20251125.1115-1130_RC76L.xml.gz ... OK
get /rop/A20251125.1130-1145_RC76L.xml.gz /ericsson/log/amos/moshell_logfiles/t20251125_37258710_65084/logs_moshell/pmfiles/19.31.12.199/rop/A20251125.1130-1145_RC76L.xml.gz ... OK
get /rop/A20251125.1145-1200_RC76L.xml.gz /ericsson/log/amos/moshell_logfiles/t20251125_37258710_65084/logs_moshell/pmfiles/19.31.12.199/rop/A20251125.1145-1200_RC76L.xml.gz ... OK
...Checking available boards on node...

Collecting RCS board data ...
.......................................................................................................................
.
..................................................................................................................................................................................................................................
......
Collecting TN data...
..........................................................................................................................................................................................................................................................
Collecting RF data...

Collecting Alarms...
Executing action Log.export()
...
Log=AlarmLog                    actionId=47971
.....
Executing action LogM.exportAvailabilityLog()
..LogM=1,exportAvailabilityLog    actionId=47972
.....Parsing alarmLog....Done.
Parsing availabilityLog....Done.
...

Total: 3 CPRI links (3 OK, 0 OKW, 0 NOK, 0 NT)

+--------+                      +-------------+
|        | A        O98      D1 | Radio-S10-1 |
|        |-----------1----------|  RRU2219B8  |
|        |         OK-21m       |    BXP_3    |
|        |                      +-------------+
|        |                              |A  |B
|        |             SE=10 AG=10 GT=RC76D1/0
|        |                         GT=RC76D1/8
|        |
|        |                      +-------------+
|        | B        O98      D1 | Radio-S11-1 |
|        |-----------2----------|  RRU2219B8  |
|        |         OK-21m       |    BXP_2    |
|  BB-1  |                      +-------------+
| BB6631 |                              |A  |B
| 000100 |             SE=11 AG=11 GT=RC76D2/0
|        |                         GT=RC76D2/1
|        |
|        |                      +---------------+
|        | D        O101     D1 | Radio-S180-1  |
|        |-----------3----------|  RRU4415B7*   |
|        |         OK-20m       |     BXP_4     |
|        |                      +---------------+
|        |                        |A  |B  |C  |D
|        |                SE=180* AG=180  |   |
|        |                    FDD=RC76L1  |   |
|        |                        SE=181* AG=181
|        |                            FDD=RC76L2
|        |
+--------+

=====================================================================================================================================
ID RiL    Type Res MO1-MO2                  BOARD1-BOARD2     AlmIDs Cells (States)                Issue (Failed checks)
=====================================================================================================================================
 1 S10-1  O98  OK  BB-1(A) Radio-S10-1(D1)  BB6631 RRU2219B8         GT=RC76D1/0 GT=RC76D1/8 (1,1) Passed
 2 S11-1  O98  OK  BB-1(B) Radio-S11-1(D1)  BB6631 RRU2219B8         GT=RC76D2/0 GT=RC76D2/1 (1,1) Passed
 3 S180-1 O101 OK  BB-1(D) Radio-S180-1(D1) BB6631 RRU4415B7*        FDD=RC76L1 FDD=RC76L2 (1,1)   Passed
-------------------------------------------------------------------------------------------------------------------------------------

Node: RadioNode GL   CXP2010174/2_R27J08 (25.Q1)   G3.1   GSM LTE-FDD 

=====================================================================================================================================
FRU          ;LNH    ;BOARD      ;ST ;FAULT ;OPER ;MAINT ;STAT ;PRODUCTNUMBER   ;REV     ;SERIAL        ;DATE     ;PMTEMP ; TEMP ; UPT ;VOLT ;SW                   ;
=====================================================================================================================================
BB-1         ;000100 ;BB6631     ; 1 ;  OFF ;  ON ;  OFF ;  ON ;KDU1370071/11   ;R3C     ;E96A010GGH    ;20230517 ;3 (OK) ;      ;55.1 ;52   ;                     ;
Radio-S10-1  ;BXP_3  ;RRU2219B8  ; 1 ;  OFF ;  ON ;  OFF ; N/A ;KRC161670/1     ;R1E     ;TU8U021B4D    ;20230413 ;4 (OK) ; 26.3 ;55.0 ;54.3 ;CXP9013268%9_R96JB   ; (Radio2219B8)
Radio-S11-1  ;BXP_2  ;RRU2219B8  ; 1 ;  OFF ;  ON ;  OFF ; N/A ;KRC161670/1     ;R1E     ;TU8U021B4C    ;20230413 ;4 (OK) ; 25.8 ;55.0 ;54.2 ;CXP9013268%9_R96JB   ; (Radio2219B8)
Radio-S180-1 ;BXP_4  ;RRU4415B7* ; 1 ;  OFF ;  ON ;  OFF ; N/A ;KRC161495/1     ;R5J     ;TU8U022WWV    ;20230516 ;4 (OK) ; 28.5 ;55.0 ;53.5 ;CXP9013268%15_R101LX ; (Radio4415B7)
-------------------------------------------------------------------------------------------------------------------------------------

=====================================================================================================================================
AntennaNearUnit                                ;ST  ;TYPE   ;PRODUCTNR     ;REV       ;UNIQUEID             ;RfPort
=====================================================================================================================================
AntennaUnitGroup=10,AntennaNearUnit=TMA_900    ; 1  ;TMA    ;KRY112587/16  ;R1A       ;ERT203---BU96640863  ;FieldReplaceableUnit=Radio-S10-1,RfPort=R
AntennaUnitGroup=11,AntennaNearUnit=TMA_900    ; 1  ;TMA    ;KRY112587/16  ;R1A       ;ERT203---BU96794717  ;FieldReplaceableUnit=Radio-S11-1,RfPort=R
AntennaUnitGroup=180,AntennaNearUnit=tma_2600  ; 1  ;TMA    ;78211330V43   ;HW_V_R1B  ;KADK6P064018         ;FieldReplaceableUnit=Radio-S180-1,RfPort=A
AntennaUnitGroup=181,AntennaNearUnit=TMA_2600  ; 1  ;TMA    ;78211330V43   ;HW_V_R1B  ;KADK6P065346         ;FieldReplaceableUnit=Radio-S180-1,RfPort=C
-------------------------------------------------------------------------------------------------------------------------------------

=====================================================================================================================================
XPBOARD  ;ST ;FAULT ;OPER ;PRODUCTNUMBER ;REV ;SERIAL/NAME ;DATE     ; TEMP ;MO
=====================================================================================================================================
FAN08    ; 1 ;N/A   ;N/A  ;BKV106236/1   ;R2F ;DD111X6787  ;20220702 ; 40.0 ;SupportUnit=1 (FAN  BB-1)
-------------------------------------------------------------------------------------------------------------------------------------

=====================================================================================================================================
ID ;T ;RiL    ;BPBP ;BOARD1     ;LNH1 ;PORT ;R ;LINK ;RATE  ; BER ;BOARD2     ;LNH2 ;PORT ;R ;LINK ;RATE  ; BER ;LENGTH ;MO1 - MO2
=====================================================================================================================================
 1 ;O ; S10-1 ;1111 ;BB6631     ;000100 ; 1 ;M ;Up   ;9.8G  ;   0 ;RRU2219B8  ;BXP_3  ; 0 ;S ;Up   ;9.8G  ;   0 ;   21m ;Fru=BB-1(A) Fru=Radio-S10-1(D1)
 2 ;O ; S11-1 ;1111 ;BB6631     ;000100 ; 2 ;M ;Up   ;9.8G  ;   0 ;RRU2219B8  ;BXP_2  ; 0 ;S ;Up   ;9.8G  ;   0 ;   21m ;Fru=BB-1(B) Fru=Radio-S11-1(D1)
 3 ;O ;S180-1 ;1111 ;BB6631     ;000100 ; 4 ;M ;Up   ;10.1G ;   0 ;RRU4415B7* ;BXP_4  ; 0 ;S ;Up   ;10.1G ;   0 ;   20m ;Fru=BB-1(D) Fru=Radio-S180-1(D1)
-------------------------------------------------------------------------------------------------------------------------------------

=====================================================================================================================================
ID ;LINK ;RiL    ;VENDOR1  ;VENDORPROD1    ;REV1 ;SERIAL1      ;DATE1    ;ERICSSONPROD1      ;VENDOR2  ;VENDORPROD2    ;REV2 ;SERIAL2      ;DATE2    ;ERICSSONPROD2      ;TT ;WL1     ;WL2    
=====================================================================================================================================
 1 ;Up   ; S10-1 ;ERICSSON ;SPP10ELRIDFSEN ;10   ;CT73599329   ;20230423 ;RDH10265/2 R1A     ;ERICSSON ;SPP10ELRIDFSEN ;10   ;CT73599562   ;20230423 ;RDH10265/2 R1A     ;0  ;1310.00 ;1310.00
 2 ;Up   ; S11-1 ;ERICSSON ;SPP10ELRIDFSEN ;10   ;CT73599204   ;20230423 ;RDH10265/2 R1A     ;ERICSSON ;SPP10ELRIDFSEN ;10   ;CT73598071   ;20230423 ;RDH10265/2 R1A     ;0  ;1310.00 ;1310.00
 3 ;Up   ;S180-1 ;ERICSSON ;SPP10ELRIDFSEN ;10   ;CT73599653   ;20230423 ;RDH10265/2 R1A     ;ERICSSON ;SPP10ELRIDFSEN ;10   ;CT73598065   ;20230423 ;RDH10265/2 R1A     ;0  ;1310.00 ;1310.00
-------------------------------------------------------------------------------------------------------------------------------------

=====================================================================================================================================
ID ;LINK ;RiL    ;WL1     ;TEMP1 ;TXbs1 ;TXdBm1 ;RXdBm1 ;BER1   ;WL2     ;TEMP2 ;TXbs2 ;TXdBm2 ;RXdBm2 ;BER2   ;DlLoss ;UlLoss ;LENGTH ;TT
=====================================================================================================================================
 1 ;Up   ; S10-1 ;1310.00 ;40C   ;46%   ;-2.45  ;-2.28  ;   0   ;1310.00 ;33C   ;43%   ;-2.82  ;-2.96  ;   0   ;  0.51 ; -0.54 ;   21m ; 0
 2 ;Up   ; S11-1 ;1310.00 ;38C   ;43%   ;-2.15  ;-2.45  ;   0   ;1310.00 ;34C   ;44%   ;-3.06  ;-3.46  ;   0   ;  1.31 ; -0.61 ;   21m ; 0
 3 ;Up   ;S180-1 ;1310.00 ;38C   ;45%   ;-2.19  ;-4.51  ;   0   ;1310.00 ;31C   ;43%   ;-3.22  ;-4.44  ;   0   ;  2.25 ;  1.29 ;   20m ; 0
-------------------------------------------------------------------------------------------------------------------------------------

=====================================================================================================================================
ID ;RiL    ;BOARD      ;SFPLNH  ;PORT ;VENDOR   ;VENDORPROD     ;REV  ;SERIAL       ;DATE     ;ERICSSONPROD       ;WL      ;TEMP  ;TXbs  ;TXdBm  ;RXdBm  ; BER
=====================================================================================================================================
 1 ; S10-1 ;BB6631     ;000100   ;  1 ;ERICSSON ;SPP10ELRIDFSEN ;10   ;CT73599329   ;20230423 ;RDH10265/2 R1A     ;1310.00 ;40C   ;46%   ;-2.45  ;-2.28  ;   0
 2 ; S11-1 ;BB6631     ;000100   ;  2 ;ERICSSON ;SPP10ELRIDFSEN ;10   ;CT73599204   ;20230423 ;RDH10265/2 R1A     ;1310.00 ;38C   ;43%   ;-2.15  ;-2.45  ;   0
 3 ;S180-1 ;BB6631     ;000100   ;  4 ;ERICSSON ;SPP10ELRIDFSEN ;10   ;CT73599653   ;20230423 ;RDH10265/2 R1A     ;1310.00 ;38C   ;45%   ;-2.19  ;-4.51  ;   0
 2 ; S11-1 ;RRU2219B8  ;BXP_2    ;  0 ;ERICSSON ;SPP10ELRIDFSEN ;10   ;CT73598071   ;20230423 ;RDH10265/2 R1A     ;1310.00 ;34C   ;44%   ;-3.06  ;-3.46  ;   0
 1 ; S10-1 ;RRU2219B8  ;BXP_3    ;  0 ;ERICSSON ;SPP10ELRIDFSEN ;10   ;CT73599562   ;20230423 ;RDH10265/2 R1A     ;1310.00 ;33C   ;43%   ;-2.82  ;-2.96  ;   0
 3 ;S180-1 ;RRU4415B7* ;BXP_4    ;  0 ;ERICSSON ;SPP10ELRIDFSEN ;10   ;CT73598065   ;20230423 ;RDH10265/2 R1A     ;1310.00 ;31C   ;43%   ;-3.22  ;-4.44  ;   0
-------------------------------------------------------------------------------------------------------------------------------------
TN ;       ;BB6631     ;000100   ;IA2 ;ERICSSON ;42020201934    ;A0   ;202301200597 ;20230101 ;RPM777053/1000 R1B ;NA      ;NA    ;NA    ;NA     ;NA     ; 0/0
-------------------------------------------------------------------------------------------------------------------------------------

=====================================================================================================================================
BOARD  ;LNH    ;PORT       ;T ;S ;OpMode   ;AutoNeg ;MacAddress        ;VlanIds        ;LOS ;BER
=====================================================================================================================================
BB6631 ;000100 ;TN_IDL_A_1 ;E ;1 ;10G_FULL ;false   ;58:70:7F:82:70:C6 ;3901,3908,3910 ;0   ;NZ/0
BB6631 ;000100 ;TN_IDL_A_2 ;O ;1 ;10G_FULL ;false   ;58:70:7F:82:70:C7 ;3908           ;0   ;0/0
-------------------------------------------------------------------------------------------------------------------------------------

Last MO: 16440. Loaded 16440 MOs. Total: 16441 MOs.
radioClockState : RNT_TIME_LOCKED
-------------------------------------------------------------------------------------
Prio  ;ST  ;syncRefType  ;refStatus  ;opQualLevel  ;SyncReference
-------------------------------------------------------------------------------------
   1  ; 1  ;PTP_TIME     ;NO_FAULT   ;PRTC         ;Ptp=1,BoundaryOrdinaryClock=1 (G_8275_2 Router=45G_Traffic,InterfaceIPv4=LTE,AddressIPv4=LTE:SLAVE)
   2  ; 1  ;SYNC_E       ;NO_FAULT   ;PRTC         ;Synchronization=1,SyncEthInput=SyncE (SFP_DAC EthernetPort=TN_IDL_A_1)
-------------------------------------------------------------------------------------
nodeGroupRole   : SYNC_RECEIVER (syncNodePriority=3, selectionMode=NODE_PRIORITY)
-------------------------------------------------------------------------------------
DU  ;Port  ;sharedUnitRef (RiPortA - RiPortB)  ;remoteNodePriority  ;CandidateStatus
-------------------------------------------------------------------------------------
1   ;D     ;Fru=Radio-S180-1 (1 - 2)           ;1                   ;OK_ACTIVE
-------------------------------------------------------------------------------------

=====================================================================================================================================
FRU          ;LNH    ;BOARD      ;RF  ;BP  ;TX (W/dBm)  ;VSWR (RL)   ;RX (dBm) ;UEs/gUEs  ;Sector/AntennaGroup/Cells (State:CellIds:PCIs)
=====================================================================================================================================
Radio-S10-1  ;BXP_3  ;RRU2219B8  ; A  ;11  ;-           ;1.10 (26.4) ;         ;-/-       ;SE=10 AG=10 GT=RC76D1/0 GT=RC76D1/8 (1, 1)
Radio-S10-1  ;BXP_3  ;RRU2219B8  ; B  ;11  ;-           ;1.10 (26.6) ;         ;-/-       ;SE=10 AG=10 GT=RC76D1/0 GT=RC76D1/8 (1, 1)
Radio-S11-1  ;BXP_2  ;RRU2219B8  ; A  ;11  ;-           ;1.11 (25.9) ;         ;-/-       ;SE=11 AG=11 GT=RC76D2/0 GT=RC76D2/1 (1, 1)
Radio-S11-1  ;BXP_2  ;RRU2219B8  ; B  ;11  ;-           ;1.15 (23.3) ;         ;-/-       ;SE=11 AG=11 GT=RC76D2/0 GT=RC76D2/1 (1, 1)
Radio-S180-1 ;BXP_4  ;RRU4415B7* ; A  ;11  ;21.9 (43.4) ;1.10 (26.5) ;-98.4    ;1/-       ;SE=180* AG=180 FDD=RC76L1 (1:21:465)
Radio-S180-1 ;BXP_4  ;RRU4415B7* ; B  ;11  ;-           ;1.19 (21.2) ;-99.8    ;1/-       ;SE=180* AG=180 FDD=RC76L1 (1:21:465)
Radio-S180-1 ;BXP_4  ;RRU4415B7* ; C  ;11  ;22.4 (43.5) ;1.10 (26.8) ;-100.6   ;0/-       ;SE=181* AG=181 FDD=RC76L2 (1:22:1)
Radio-S180-1 ;BXP_4  ;RRU4415B7* ; D  ;11  ;-           ;1.28 (18.2) ;-100.3   ;0/-       ;SE=181* AG=181 FDD=RC76L2 (1:22:1)
-------------------------------------------------------------------------------------------------------------------------------------

RC76L> mfar

251125-13:11:38+0100 19.31.12.199 25.0h MSRBS_NODE_MODEL_25.Q1_693.28324.131_62ac stopfile=/tmp/2456068
....
Last MO: 16440. Loaded 16440 MOs. Total: 16441 MOs.
........................................
get /rop/A20251125.1030-1045_RC76L.xml.gz /ericsson/log/amos/moshell_logfiles/t20251125_37258710_65084/logs_moshell/pmfiles/19.31.12.199/rop/A20251125.1030-1045_RC76L.xml.gz ... OK
get /rop/A20251125.1045-1100_RC76L.xml.gz /ericsson/log/amos/moshell_logfiles/t20251125_37258710_65084/logs_moshell/pmfiles/19.31.12.199/rop/A20251125.1045-1100_RC76L.xml.gz ... OK
get /rop/A20251125.1100-1115_RC76L.xml.gz /ericsson/log/amos/moshell_logfiles/t20251125_37258710_65084/logs_moshell/pmfiles/19.31.12.199/rop/A20251125.1100-1115_RC76L.xml.gz ... OK

Using hardcoded thresholds: 3, 4.5, and 16.5
================================================================================================================================
SC     SE  Tx/Rx BrPair  RfPort1 - RfPort2               HW       Serial      Cell (State)   Samples   Med  Mean  SDev Pol Res Issue
================================================================================================================================
RC76L1 180   2/2 0 (1,2) Radio-S180-1(A) Radio-S180-1(B) RRU4415  TU8U022WWV  FDD=RC76L1 (1)  110781  -5.5  -5.5   5.0  NA NOK RF Loss or PIM at Radio-S180-1(B)
RC76L2 181   2/2 0 (1,2) Radio-S180-1(C) Radio-S180-1(D) RRU4415  TU8U022WWV  FDD=RC76L2 (1)   62461  -0.5  -0.9   5.6  NA  OK Passed
================================================================================================================================
Total: 2 SectorCarriers, 2 RfBranch Pairs (1 OK, 0 OKW, 1 NOK, 0 NT)
....
Last MO: 16440. Loaded 16440 MOs. Total: 16441 MOs.

No NRSectorCarrier MOs are defined on the node.

RC76L> mfitr

251125-13:11:52+0100 19.31.12.199 25.0h MSRBS_NODE_MODEL_25.Q1_693.28324.131_62ac stopfile=/tmp/2456068
......
Last MO: 16440. Loaded 16440 MOs. Total: 16441 MOs.
......
2025-11-25 13:12
================================================================================================================================
CELL       SC     FRU          BOARD     PUSCH  PUCCH       A      B      C      D  DELTA
================================================================================================================================
FDD=RC76L1 RC76L1 Radio-S180-1 RRU4415B7 -118.1 -118.4 -117.5 -118.7                  1.2
FDD=RC76L2 RC76L2 Radio-S180-1 RRU4415B7 -119.5 -119.5               -119.8 -119.2    0.6
================================================================================================================================
Bye...
Output has been logged to file /mta_fs/UserFiles/37258710/amosbatch/SDIR/RC76L.log
