Logging to file /mta_fs/UserFiles/37258710/amosbatch/SDIR/RC83E.log
                        __  __  ____   _____
                  /\   |  \/  |/ __ \ / ____|
                 /  \  | \  / | |  | | (___  
                / /\ \ | |\/| | |  | |\___ \ 
               / ____ \| |  | | |__| |____) |
              /_/    \_\_|  |_|\____/|_____/
              OSS Framework for MoShell-25.0h 
  Copyright (c) Ericsson AB 2001-2025 - All Rights Reserved
              
           
[1;31mWARNING: [0mthe AMOS version currently running is more than 29 weeks old and is unsupported.
Please upgrade as soon as possible to the latest released version, available from your local Ericsson support.

$amosrb_pid = 2744018

Checking ip contact...OK

HELP MENU            : h
BASIC MO COMMANDS    : m
OTHER MO COMMANDS    : n
OTHER COMMANDS       : o
PM COMMANDS          : p
QUIT                 : q

RC83E> lt all

251125-14:35:03+0100 19.31.13.225 25.0h  stopfile=/tmp/2743940
Looking up temporary_amos account... OK.
Trying temporary_amos_t20251125_37258710_65084_131's password from amos lookupAccount ... OK

$ssh_pid = 2744881

Connected to 19.31.13.225 (SubNetwork=BBMM_rckomc_R,MeContext=RC83E,ManagedElement=RC83E)

Checking MOM version...MSRBS_NODE_MODEL_25.Q1_693.28324.131_62ac
Parsing MOM (cached): /ericsson/log/amos/moshell_logfiles/t20251125_37258710_65084/logs_moshell/tempfiles/scp-4-amos_20251125-143456_2743878/MSRBS_NODE_MODEL_25.Q1_693.28324.131_62ac.xml.cache.gz ..................................................................................................................................................................................................................................Done.
Using paramfile /opt/ericsson/amos/moshell/commonjars/pm/PARAM_MSRBS_25.Q1.txt
Parsing file /opt/ericsson/amos/moshell/commonjars/pm/PARAM_MSRBS_25.Q1.txt .......................................................................................Done.
Using imomdfile /opt/ericsson/amos/moshell/commonjars/pm/IMOMD_MSRBS_22.Q4.txt
Using imomfile /opt/ericsson/amos/moshell/commonjars/pm/IMOM_MSRBS_25.Q1.txt
Connected to 19.31.13.225 (SubNetwork=BBMM_rckomc_R,MeContext=RC83E,ManagedElement=RC83E)

Last MO: 19517. Loaded 19517 MOs. Total: 19518 MOs.

RC83E> st cell

251125-14:35:17+0100 19.31.13.225 25.0h MSRBS_NODE_MODEL_25.Q1_693.28324.131_62ac stopfile=/tmp/2743940
===================================================================================
Proxy  Adm State     Op. State     MO
===================================================================================
   43  1 (UNLOCKED)  1 (ENABLED)   ENodeBFunction=1,EUtranCellFDD=RC83E1
  225  1 (UNLOCKED)  1 (ENABLED)   ENodeBFunction=1,EUtranCellFDD=RC83E2
  333  1 (UNLOCKED)  1 (ENABLED)   ENodeBFunction=1,EUtranCellFDD=RC83E3
  500  1 (UNLOCKED)  1 (ENABLED)   ENodeBFunction=1,EUtranCellFDD=RC83M1
  675  1 (UNLOCKED)  1 (ENABLED)   ENodeBFunction=1,EUtranCellFDD=RC83M2
  780  1 (UNLOCKED)  1 (ENABLED)   ENodeBFunction=1,EUtranCellFDD=RC83M3
 1035  1 (UNLOCKED)  1 (ENABLED)   ENodeBFunction=1,EUtranCellFDD=RC83T1
 1215  1 (UNLOCKED)  1 (ENABLED)   ENodeBFunction=1,EUtranCellFDD=RC83T2
 1339  1 (UNLOCKED)  1 (ENABLED)   ENodeBFunction=1,EUtranCellFDD=RC83T3
 2540  1 (UNLOCKED)  1 (ENABLED)   ENodeBFunction=1,NbIotCell=RC83N1
 2541  1 (UNLOCKED)  1 (ENABLED)   ENodeBFunction=1,NbIotCell=RC83N2
 2542  1 (UNLOCKED)  1 (ENABLED)   ENodeBFunction=1,NbIotCell=RC83N3
===================================================================================
Total: 12 MOs

RC83E> st radio

251125-14:35:18+0100 19.31.13.225 25.0h MSRBS_NODE_MODEL_25.Q1_693.28324.131_62ac stopfile=/tmp/2743940
===================================================================================
Proxy  Adm State     Op. State     MO
===================================================================================
 3521  1 (UNLOCKED)  1 (ENABLED)   Equipment=1,FieldReplaceableUnit=Radio-S1-1
 3533  1 (UNLOCKED)  1 (ENABLED)   Equipment=1,FieldReplaceableUnit=Radio-S100-1
 3556  1 (UNLOCKED)  1 (ENABLED)   Equipment=1,FieldReplaceableUnit=Radio-S102-1
 3579  1 (UNLOCKED)  1 (ENABLED)   Equipment=1,FieldReplaceableUnit=Radio-S2-1
 3591  1 (UNLOCKED)  1 (ENABLED)   Equipment=1,FieldReplaceableUnit=Radio-S3-1
19509  1 (UNLOCKED)  1 (ENABLED)   Transport=1,Synchronization=1,RadioEquipmentClock=1,RadioEquipmentClockReference=NTP1
19510  1 (UNLOCKED)  0 (DISABLED)  Transport=1,Synchronization=1,RadioEquipmentClock=1,RadioEquipmentClockReference=PTP
===================================================================================
Total: 7 MOs

RC83E> sdir

251125-14:35:18+0100 19.31.13.225 25.0h MSRBS_NODE_MODEL_25.Q1_693.28324.131_62ac stopfile=/tmp/2743940
INFO: Using amos lookupAccount credentials for the export login
.......................
get /rop/A20251125.1245-1300_RC83E.xml.gz /ericsson/log/amos/moshell_logfiles/t20251125_37258710_65084/logs_moshell/pmfiles/19.31.13.225/rop/A20251125.1245-1300_RC83E.xml.gz ... OK
get /rop/A20251125.1300-1315_RC83E.xml.gz /ericsson/log/amos/moshell_logfiles/t20251125_37258710_65084/logs_moshell/pmfiles/19.31.13.225/rop/A20251125.1300-1315_RC83E.xml.gz ... OK
get /rop/A20251125.1315-1330_RC83E.xml.gz /ericsson/log/amos/moshell_logfiles/t20251125_37258710_65084/logs_moshell/pmfiles/19.31.13.225/rop/A20251125.1315-1330_RC83E.xml.gz ... OK
....Checking available boards on node...

Collecting RCS board data ...
...........................................................................................................................
..........................
........................................................................................................................................................................................................................................................................................................
.....
Collecting TN data...
................................................................................................................................................................
Getting MO data from node (75 MOs). Please wait...
0%                                             ~50%                                           ~100%
..................................................................................................................................
Collecting RF data...
...
Collecting Alarms...
..Executing action Log.export()
...
Log=AlarmLog                    actionId=23403
......................
Executing action LogM.exportAvailabilityLog()
..LogM=1,exportAvailabilityLog    actionId=23404
.....Parsing alarmLog...........Done.
Parsing availabilityLog........Done.
.............

Total: 5 CPRI links (5 OK, 0 OKW, 0 NOK, 0 NT)
.
+--------+                      +------------+
|        | A        O98      D1 | Radio-S1-1 |
|        |-----------1----------| RRU2217B20 |
|        |         OK-71m       |   BXP_4    |
|        |                      +------------+
|        |                             |A  |B
|        |               SE=1 AG=1 FDD=RC83E1
|        |                        NIOT=RC83N1
|        |
|        |                      +------------+
|        | B        O98      D1 | Radio-S2-1 |
|        |-----------2----------| RRU2217B20 |
|        |         OK-71m       |   BXP_3    |
|        |                      +------------+
|        |                             |A  |B
|        |               SE=2 AG=2 FDD=RC83E2
|        |                        NIOT=RC83N2
|        |
|        |                      +------------+
|        | C        O98      D1 | Radio-S3-1 |
|        |-----------3----------| RRU2217B20 |
|        |         OK-61m       |   BXP_2    |
|        |                      +------------+
|        |                             |A  |B
|  BB-1  |               SE=3 AG=3 FDD=RC83E3
| BB6631 |                        NIOT=RC83N3
| 000100 |
|        |                      +------------------+
|        | D        O101     D2 |   Radio-S100-1   |
|        |-----------4----------| RRU449944B144B3C |
|        |         OK-71m       |      BXP_6       |
|        |                      +------------------+
|        |                           |A  |B  |C  |D
|        |                    SE=100 AG=100  |   |
|        |            FDD=RC83M1 FDD=RC83T1  |   |
|        |                            SE=101 AG=101
|        |                    FDD=RC83M2 FDD=RC83T2
|        |
|        |                      +------------------+
|        | E        O101     D2 |   Radio-S102-1   |
|        |-----------5----------| RRU449944B144B3C |
|        |         OK-61m       |      BXP_5       |
|        |                      +------------------+
|        |                           |A  |B  |C  |D
|        |                    SE=102 AG=102  |   |
|        |            FDD=RC83M3 FDD=RC83T3  |   |
|        |
+--------+

=====================================================================================================================================
ID RiL    Type Res MO1-MO2                  BOARD1-BOARD2           AlmIDs Cells (States)                                        Issue (Failed checks)
=====================================================================================================================================
 1 S1-1   O98  OK  BB-1(A) Radio-S1-1(D1)   BB6631 RRU2217B20              FDD=RC83E1 NIOT=RC83N1 (D,1)                          Passed
 2 S2-1   O98  OK  BB-1(B) Radio-S2-1(D1)   BB6631 RRU2217B20              FDD=RC83E2 NIOT=RC83N2 (D,1)                          Passed
 3 S3-1   O98  OK  BB-1(C) Radio-S3-1(D1)   BB6631 RRU2217B20              FDD=RC83E3 NIOT=RC83N3 (D,1)                          Passed
 4 S100-1 O101 OK  BB-1(D) Radio-S100-1(D2) BB6631 RRU449944B144B3C        FDD=RC83M1 FDD=RC83M2 FDD=RC83T1 FDD=RC83T2 (D,D,D,D) Passed
 5 S102-1 O101 OK  BB-1(E) Radio-S102-1(D2) BB6631 RRU449944B144B3C        FDD=RC83M3 FDD=RC83T3 (D,D)                           Passed
-------------------------------------------------------------------------------------------------------------------------------------

=====================================================================================================================================
AlmID IDs RiLs Status Alarm
=====================================================================================================================================
-------------------------------------------------------------------------------------------------------------------------------------

Node: RadioNode L   CXP2010174/2_R27J08 (25.Q1)   G3.1   LTE-FDD,LTE-IoT 

=====================================================================================================================================
FRU          ;LNH    ;BOARD            ;ST ;FAULT ;OPER ;MAINT ;STAT ;PRODUCTNUMBER   ;REV     ;SERIAL        ;DATE     ;PMTEMP ; TEMP ; UPT ;VOLT ;SW                   ;
=====================================================================================================================================
BB-1         ;000100 ;BB6631           ; 1 ;  OFF ;  ON ;  OFF ;  ON ;KDU1370071/11   ;R2A     ;E96A00WD2L    ;20221121 ;3 (OK) ;      ;12.2 ;51   ;                     ;
Radio-S1-1   ;BXP_4  ;RRU2217B20       ; 1 ;  OFF ;  ON ;  OFF ; N/A ;KRC161549/1     ;R1S     ;TU8U01UA5F    ;20221117 ;4 (OK) ; 34.4 ;11.9 ;52.3 ;CXP9013268%9_R96JB   ; (Radio2217B20)
Radio-S100-1 ;BXP_6  ;RRU449944B144B3C ; 1 ;  OFF ;  ON ;  OFF ; N/A ;KRC161787/1     ;R2G     ;TU8U01U9KS    ;20221116 ;4 (OK) ; 33.0 ;11.9 ;50.3 ;CXP9013268%15_R101LX ; (Radio449944B144B3C)
Radio-S102-1 ;BXP_5  ;RRU449944B144B3C ; 1 ;  OFF ;  ON ;  OFF ; N/A ;KRC161787/1     ;R2G     ;TU8U01U9KV    ;20221116 ;4 (OK) ; 30.2 ;11.9 ;51.4 ;CXP9013268%15_R101LX ; (Radio449944B144B3C)
Radio-S2-1   ;BXP_3  ;RRU2217B20       ; 1 ;  OFF ;  ON ;  OFF ; N/A ;KRC161549/1     ;R1S     ;TU8U00URXS    ;20210512 ;4 (OK) ; 30.9 ;11.9 ;50.5 ;CXP9013268%9_R96JB   ; (Radio2217B20)
Radio-S3-1   ;BXP_2  ;RRU2217B20       ; 1 ;  OFF ;  ON ;  OFF ; N/A ;KRC161549/1     ;R1S     ;TU8U01UA81    ;20221117 ;4 (OK) ; 32.4 ;11.9 ;51.8 ;CXP9013268%9_R96JB   ; (Radio2217B20)
-------------------------------------------------------------------------------------------------------------------------------------

=====================================================================================================================================
AntennaNearUnit                                   ;ST  ;TYPE   ;PRODUCTNR  ;REV                ;UNIQUEID             ;RfPort
=====================================================================================================================================
AntennaUnitGroup=1,AntennaNearUnit=RET_1800_2100  ; 1  ;S-RET  ;RETINSIDE  ;RF11CIPT_VER.C     ;HWM0754F402RQ3821bL  ;FieldReplaceableUnit=Radio-S1-1,RfPort=R
AntennaUnitGroup=1,AntennaNearUnit=RET_800        ; 1  ;S-RET  ;AIMM20D11  ;WD81MANGRCU_VER.C  ;HWM1716F8002T05410r  ;FieldReplaceableUnit=Radio-S1-1,RfPort=R
AntennaUnitGroup=1,AntennaNearUnit=RET_900        ; 1  ;S-RET  ;AIMM20D11  ;WD81MANGRCU_VER.C  ;HWM1716F8002U7884rr  ;FieldReplaceableUnit=Radio-S1-1,RfPort=R
AntennaUnitGroup=2,AntennaNearUnit=RET_1800_2100  ; 1  ;S-RET  ;RETINSIDE  ;RF11CIPT_VER.C     ;HWM0754F700743253bL  ;FieldReplaceableUnit=Radio-S2-1,RfPort=R
AntennaUnitGroup=2,AntennaNearUnit=RET_800        ; 1  ;S-RET  ;AIMM20D11  ;WD81MANGRCU_VER.C  ;HWM1716F8003G65280r  ;FieldReplaceableUnit=Radio-S2-1,RfPort=R
AntennaUnitGroup=2,AntennaNearUnit=RET_900        ; 1  ;S-RET  ;AIMM20D11  ;WD81MANGRCU_VER.C  ;HWM1716F8003H4047rr  ;FieldReplaceableUnit=Radio-S2-1,RfPort=R
AntennaUnitGroup=3,AntennaNearUnit=RET_1800_2100  ; 1  ;S-RET  ;RETINSIDE  ;RF11CIPT_VER.C     ;HWM0754F401MT4177bL  ;FieldReplaceableUnit=Radio-S3-1,RfPort=R
AntennaUnitGroup=3,AntennaNearUnit=RET_800        ; 1  ;S-RET  ;AIMM20D11  ;WD81MANGRCU_VER.C  ;HWM1716F8003E09890r  ;FieldReplaceableUnit=Radio-S3-1,RfPort=R
AntennaUnitGroup=3,AntennaNearUnit=RET_900        ; 1  ;S-RET  ;AIMM20D11  ;WD81MANGRCU_VER.C  ;HWM1716F8003F6609rr  ;FieldReplaceableUnit=Radio-S3-1,RfPort=R
-------------------------------------------------------------------------------------------------------------------------------------

=====================================================================================================================================
XPBOARD  ;ST ;FAULT ;OPER ;PRODUCTNUMBER ;REV ;SERIAL/NAME ;DATE     ; TEMP ;MO
=====================================================================================================================================
FAN08    ; 1 ;N/A   ;N/A  ;BKV106236/1   ;R2F ;DD111Q2027  ;20220310 ; 42.0 ;SupportUnit=1 (FAN  BB-1)
-------------------------------------------------------------------------------------------------------------------------------------

=====================================================================================================================================
ID ;T ;RiL    ;BPBP ;BOARD1           ;LNH1 ;PORT ;R ;LINK ;RATE  ; BER ;BOARD2           ;LNH2 ;PORT ;R ;LINK ;RATE  ; BER ;LENGTH ;MO1 - MO2
=====================================================================================================================================
 1 ;O ;  S1-1 ;1111 ;BB6631           ;000100 ; 1 ;M ;Up   ;9.8G  ;   0 ;RRU2217B20       ;BXP_4  ; 0 ;S ;Up   ;9.8G  ;   0 ;   71m ;Fru=BB-1(A) Fru=Radio-S1-1(D1)
 2 ;O ;  S2-1 ;1111 ;BB6631           ;000100 ; 2 ;M ;Up   ;9.8G  ;   0 ;RRU2217B20       ;BXP_3  ; 0 ;S ;Up   ;9.8G  ;   0 ;   71m ;Fru=BB-1(B) Fru=Radio-S2-1(D1)
 3 ;O ;  S3-1 ;1111 ;BB6631           ;000100 ; 3 ;M ;Up   ;9.8G  ;   0 ;RRU2217B20       ;BXP_2  ; 0 ;S ;Up   ;9.8G  ;   0 ;   61m ;Fru=BB-1(C) Fru=Radio-S3-1(D1)
 4 ;O ;S100-1 ;1111 ;BB6631           ;000100 ; 4 ;M ;Up   ;10.1G ;   0 ;RRU449944B144B3C ;BXP_6  ; 1 ;S ;Up   ;10.1G ;   0 ;   71m ;Fru=BB-1(D) Fru=Radio-S100-1(D2)
 5 ;O ;S102-1 ;1111 ;BB6631           ;000100 ; 5 ;M ;Up   ;10.1G ;   0 ;RRU449944B144B3C ;BXP_5  ; 1 ;S ;Up   ;10.1G ;   0 ;   61m ;Fru=BB-1(E) Fru=Radio-S102-1(D2)
-------------------------------------------------------------------------------------------------------------------------------------

=====================================================================================================================================
ID ;LINK ;RiL    ;VENDOR1  ;VENDORPROD1      ;REV1 ;SERIAL1         ;DATE1    ;ERICSSONPROD1      ;VENDOR2  ;VENDORPROD2      ;REV2 ;SERIAL2         ;DATE2    ;ERICSSONPROD2      ;TT ;WL1     ;WL2    
=====================================================================================================================================
 1 ;Up   ;  S1-1 ;ERICSSON ;LCP-10G3B4HDRME4 ;A    ;2243094A2450269 ;20221020 ;RDH10265/2 R1A     ;ERICSSON ;LCP-10G3B4HDRME4 ;A    ;2243094A2450280 ;20221020 ;RDH10265/2 R1A     ;0  ;1310.00 ;1310.00
 2 ;Up   ;  S2-1 ;ERICSSON ;SPP10ELRIDFSEN   ;10   ;CT72924845      ;20220811 ;RDH10265/2 R1A     ;ERICSSON ;LCP-10G3B4HDRME4 ;A    ;2243094A2450282 ;20221020 ;RDH10265/2 R1A     ;0  ;1310.00 ;1310.00
 3 ;Up   ;  S3-1 ;ERICSSON ;LCP-10G3B4HDRME4 ;A    ;2243094A2450266 ;20221020 ;RDH10265/2 R1A     ;ERICSSON ;LCP-10G3B4HDRME4 ;A    ;2243094A2450281 ;20221020 ;RDH10265/2 R1A     ;0  ;1310.00 ;1310.00
 4 ;Up   ;S100-1 ;ERICSSON ;LCP-10G3B4HDRME4 ;A    ;2243094A2450272 ;20221020 ;RDH10265/2 R1A     ;ERICSSON ;LCP-10G3B4HDRME4 ;A    ;2243094A2450263 ;20221020 ;RDH10265/2 R1A     ;0  ;1310.00 ;1310.00
 5 ;Up   ;S102-1 ;ERICSSON ;LCP-10G3B4HDRME4 ;A    ;2243094A2450270 ;20221020 ;RDH10265/2 R1A     ;ERICSSON ;LCP-10G3B4HDRME4 ;A    ;2243094A2450279 ;20221020 ;RDH10265/2 R1A     ;0  ;1310.00 ;1310.00
-------------------------------------------------------------------------------------------------------------------------------------

=====================================================================================================================================
ID ;LINK ;RiL    ;WL1     ;TEMP1 ;TXbs1 ;TXdBm1 ;RXdBm1 ;BER1   ;WL2     ;TEMP2 ;TXbs2 ;TXdBm2 ;RXdBm2 ;BER2   ;DlLoss ;UlLoss ;LENGTH ;TT
=====================================================================================================================================
 1 ;Up   ;  S1-1 ;1310.00 ;38C   ;45%   ;-3.86  ;-3.15  ;   0   ;1310.00 ;34C   ;45%   ;-3.78  ;-3.80  ;   0   ; -0.06 ; -0.63 ;   71m ; 0
 2 ;Up   ;  S2-1 ;1310.00 ;50C   ;45%   ;-3.12  ;-2.78  ;   0   ;1310.00 ;31C   ;46%   ;-3.73  ;-2.61  ;   0   ; -0.51 ; -0.95 ;   71m ; 0
 3 ;Up   ;  S3-1 ;1310.00 ;33C   ;45%   ;-3.43  ;-5.00  ;   0   ;1310.00 ;30C   ;34%   ;-3.24  ;-3.52  ;   0   ;  0.09 ;  1.76 ;   61m ; 0
 4 ;Up   ;S100-1 ;1310.00 ;35C   ;36%   ;-3.29  ;-5.02  ;   0   ;1310.00 ;29C   ;40%   ;-3.35  ;-3.25  ;   0   ; -0.04 ;  1.67 ;   71m ; 0
 5 ;Up   ;S102-1 ;1310.00 ;37C   ;48%   ;-3.75  ;-3.17  ;   0   ;1310.00 ;27C   ;37%   ;-3.26  ;-3.60  ;   0   ; -0.15 ; -0.09 ;   61m ; 0
-------------------------------------------------------------------------------------------------------------------------------------

=====================================================================================================================================
ID ;RiL    ;BOARD            ;SFPLNH  ;PORT ;VENDOR   ;VENDORPROD       ;REV  ;SERIAL          ;DATE     ;ERICSSONPROD       ;WL      ;TEMP  ;TXbs  ;TXdBm  ;RXdBm  ; BER
=====================================================================================================================================
 1 ;  S1-1 ;BB6631           ;000100   ;  1 ;ERICSSON ;LCP-10G3B4HDRME4 ;A    ;2243094A2450269 ;20221020 ;RDH10265/2 R1A     ;1310.00 ;38C   ;45%   ;-3.86  ;-3.15  ;   0
 2 ;  S2-1 ;BB6631           ;000100   ;  2 ;ERICSSON ;SPP10ELRIDFSEN   ;10   ;CT72924845      ;20220811 ;RDH10265/2 R1A     ;1310.00 ;50C   ;45%   ;-3.12  ;-2.78  ;   0
 3 ;  S3-1 ;BB6631           ;000100   ;  3 ;ERICSSON ;LCP-10G3B4HDRME4 ;A    ;2243094A2450266 ;20221020 ;RDH10265/2 R1A     ;1310.00 ;33C   ;45%   ;-3.43  ;-5.00  ;   0
 4 ;S100-1 ;BB6631           ;000100   ;  4 ;ERICSSON ;LCP-10G3B4HDRME4 ;A    ;2243094A2450272 ;20221020 ;RDH10265/2 R1A     ;1310.00 ;35C   ;36%   ;-3.29  ;-5.02  ;   0
 5 ;S102-1 ;BB6631           ;000100   ;  5 ;ERICSSON ;LCP-10G3B4HDRME4 ;A    ;2243094A2450270 ;20221020 ;RDH10265/2 R1A     ;1310.00 ;37C   ;48%   ;-3.75  ;-3.17  ;   0
 3 ;  S3-1 ;RRU2217B20       ;BXP_2    ;  0 ;ERICSSON ;LCP-10G3B4HDRME4 ;A    ;2243094A2450281 ;20221020 ;RDH10265/2 R1A     ;1310.00 ;30C   ;34%   ;-3.24  ;-3.52  ;   0
 2 ;  S2-1 ;RRU2217B20       ;BXP_3    ;  0 ;ERICSSON ;LCP-10G3B4HDRME4 ;A    ;2243094A2450282 ;20221020 ;RDH10265/2 R1A     ;1310.00 ;31C   ;46%   ;-3.73  ;-2.61  ;   0
 1 ;  S1-1 ;RRU2217B20       ;BXP_4    ;  0 ;ERICSSON ;LCP-10G3B4HDRME4 ;A    ;2243094A2450280 ;20221020 ;RDH10265/2 R1A     ;1310.00 ;34C   ;45%   ;-3.78  ;-3.80  ;   0
 5 ;S102-1 ;RRU449944B144B3C ;BXP_5    ;  1 ;ERICSSON ;LCP-10G3B4HDRME4 ;A    ;2243094A2450279 ;20221020 ;RDH10265/2 R1A     ;1310.00 ;27C   ;37%   ;-3.26  ;-3.60  ;   0
 4 ;S100-1 ;RRU449944B144B3C ;BXP_6    ;  1 ;ERICSSON ;LCP-10G3B4HDRME4 ;A    ;2243094A2450263 ;20221020 ;RDH10265/2 R1A     ;1310.00 ;29C   ;40%   ;-3.35  ;-3.25  ;   0
-------------------------------------------------------------------------------------------------------------------------------------
TN ;       ;BB6631           ;000100   ; IB ;ERICSSON ;LCP-10G3B4HDRME4 ;A    ;2243094A2450284 ;20221020 ;RDH10265/2 R1A     ;1310    ;35C   ;33%   ;-3.28  ;-6.02  ;NZ/0
TN ;       ;BB6631           ;000100   ;IA1 ;ERICSSON ;NDAAF9-E201      ;E    ;APF22452011WMA  ;20221109 ;RPM777053/1000 R1B ;NA      ;NA    ;NA    ;NA     ;NA     ; 0/0
-------------------------------------------------------------------------------------------------------------------------------------

=====================================================================================================================================
BOARD  ;LNH    ;PORT       ;T ;S ;OpMode   ;AutoNeg ;MacAddress        ;VlanIds        ;LOS ;BER
=====================================================================================================================================
BB6631 ;000100 ;TN_IDL_A_1 ;O ;1 ;10G_FULL ;false   ;F8:97:A9:C6:B2:29 ;3901,3908,3910 ;0   ;0/0
BB6631 ;000100 ;TN_IDL_B   ;O ;1 ;1G_FULL  ;true    ;F8:97:A9:C6:B2:2D ;3901,3908,3910 ;0   ;NZ/0
-------------------------------------------------------------------------------------------------------------------------------------

radioClockState : FREQUENCY_LOCKED
-------------------------------------------------------------------------------------
Prio  ;ST  ;syncRefType    ;refStatus  ;opQualLevel  ;SyncReference
-------------------------------------------------------------------------------------
   1  ; 0  ;PTP_TIME       ;PTP_FAULT  ;QL_UNKNOWN   ;Ptp=1,BoundaryOrdinaryClock=PTP (G_8275_1 EthernetPort=TN_IDL_B:SLAVE EthernetPort=TN_IDL_A_1:MASTER)
  *2  ; 1  ;NTP_FREQUENCY  ;NO_FAULT   ;PRC          ;Ntp=1,NtpFrequencySync=NTP1 (10.31.0.54:32751 Router=45G_Traffic,InterfaceIPv4=LTE,AddressIPv4=LTE)
-------------------------------------------------------------------------------------
-------------------------------------------------------------------------------------
Prio  ;ST  ;assistRefStatus  ;recQualLevel  ;AssistingReference
-------------------------------------------------------------------------------------
   1  ; 0  ;SYNCE_FAULT      ;QL_UNKNOWN    ;Synchronization=1,SyncEthInput=SyncE (SFP_OPTICAL EthernetPort=TN_IDL_B)
-------------------------------------------------------------------------------------

=====================================================================================================================================
FRU          ;LNH    ;BOARD            ;RF  ;BP  ;TX (W/dBm)  ;VSWR (RL)   ;RX (dBm) ;UEs/gUEs  ;Sector/AntennaGroup/Cells (State:CellIds:PCIs)
=====================================================================================================================================
Radio-S1-1   ;BXP_4  ;RRU2217B20       ; A  ;11  ;-           ;1.30 (17.7) ;         ;8/-       ;SE=1 AG=1 FDD=RC83E1 NIOT=RC83N1 (D:61:384, 1:161:384)
Radio-S1-1   ;BXP_4  ;RRU2217B20       ; B  ;11  ;-           ;1.16 (22.7) ;         ;8/-       ;SE=1 AG=1 FDD=RC83E1 NIOT=RC83N1 (D:61:384, 1:161:384)
Radio-S2-1   ;BXP_3  ;RRU2217B20       ; A  ;11  ;-           ;1.14 (23.8) ;         ;5/-       ;SE=2 AG=2 FDD=RC83E2 NIOT=RC83N2 (D:62:74, 1:162:74)
Radio-S2-1   ;BXP_3  ;RRU2217B20       ; B  ;11  ;-           ;1.22 (20.2) ;         ;5/-       ;SE=2 AG=2 FDD=RC83E2 NIOT=RC83N2 (D:62:74, 1:162:74)
Radio-S3-1   ;BXP_2  ;RRU2217B20       ; A  ;11  ;-           ;1.25 (19.2) ;         ;4/-       ;SE=3 AG=3 FDD=RC83E3 NIOT=RC83N3 (D:63:73, 1:163:73)
Radio-S3-1   ;BXP_2  ;RRU2217B20       ; B  ;11  ;-           ;1.35 (16.5) ;         ;4/-       ;SE=3 AG=3 FDD=RC83E3 NIOT=RC83N3 (D:63:73, 1:163:73)
Radio-S100-1 ;BXP_6  ;RRU449944B144B3C ; A  ;11  ;16.6 (42.2) ;1.09 (27.5) ;-95.4    ;21/-      ;SE=100 AG=100 FDD=RC83M1 FDD=RC83T1 (D:31:198, D:41:345)
Radio-S100-1 ;BXP_6  ;RRU449944B144B3C ; B  ;11  ;16.7 (42.2) ;1.21 (20.4) ;-95.1    ;21/-      ;SE=100 AG=100 FDD=RC83M1 FDD=RC83T1 (D:31:198, D:41:345)
Radio-S100-1 ;BXP_6  ;RRU449944B144B3C ; C  ;11  ;12.7 (41.0) ;1.12 (25.2) ;-94.1    ;26/-      ;SE=101 AG=101 FDD=RC83M2 FDD=RC83T2 (D:32:38, D:42:501)
Radio-S100-1 ;BXP_6  ;RRU449944B144B3C ; D  ;11  ;12.1 (40.8) ;1.25 (19.1) ;-94.8    ;26/-      ;SE=101 AG=101 FDD=RC83M2 FDD=RC83T2 (D:32:38, D:42:501)
Radio-S102-1 ;BXP_5  ;RRU449944B144B3C ; A  ;11  ;25.6 (44.1) ;1.25 (19.2) ;-91.4    ;18/-      ;SE=102 AG=102 FDD=RC83M3 FDD=RC83T3 (D:33:287, D:43:84)
Radio-S102-1 ;BXP_5  ;RRU449944B144B3C ; B  ;11  ;30.0 (44.8) ;1.21 (20.3) ;-92.1    ;18/-      ;SE=102 AG=102 FDD=RC83M3 FDD=RC83T3 (D:33:287, D:43:84)
Radio-S102-1 ;BXP_5  ;RRU449944B144B3C ; C  ;11  ;-           ;-           ;         ;          ;
Radio-S102-1 ;BXP_5  ;RRU449944B144B3C ; D  ;11  ;-           ;-           ;         ;          ;
-------------------------------------------------------------------------------------------------------------------------------------

RC83E> mfar

251125-14:38:04+0100 19.31.13.225 25.0h MSRBS_NODE_MODEL_25.Q1_693.28324.131_62ac stopfile=/tmp/2743940
........
Last MO: 19511. Loaded 19511 MOs. Total: 19512 MOs.
...............................................
get /rop/A20251125.1200-1215_RC83E.xml.gz /ericsson/log/amos/moshell_logfiles/t20251125_37258710_65084/logs_moshell/pmfiles/19.31.13.225/rop/A20251125.1200-1215_RC83E.xml.gz ... OK
get /rop/A20251125.1215-1230_RC83E.xml.gz /ericsson/log/amos/moshell_logfiles/t20251125_37258710_65084/logs_moshell/pmfiles/19.31.13.225/rop/A20251125.1215-1230_RC83E.xml.gz ... OK
get /rop/A20251125.1230-1245_RC83E.xml.gz /ericsson/log/amos/moshell_logfiles/t20251125_37258710_65084/logs_moshell/pmfiles/19.31.13.225/rop/A20251125.1230-1245_RC83E.xml.gz ... OK

Using hardcoded thresholds: 3, 4.5, and 16.5
================================================================================================================================
SC     SE  Tx/Rx BrPair  RfPort1 - RfPort2               HW       Serial      Cell (State)   Samples   Med  Mean  SDev Pol Res Issue
================================================================================================================================
RC83E1   1   2/2 0 (1,2) Radio-S1-1(A) Radio-S1-1(B)     RRU2217  TU8U01UA5F  FDD=RC83E1 (1)   90616   0.5   0.1   6.8  NA  OK Passed
RC83E2   2   2/2 0 (1,2) Radio-S2-1(A) Radio-S2-1(B)     RRU2217  TU8U00URXS  FDD=RC83E2 (1)  104891  -0.5  -0.3   5.9  NA  OK Passed
RC83E3   3   2/2 0 (1,2) Radio-S3-1(A) Radio-S3-1(B)     RRU2217  TU8U01UA81  FDD=RC83E3 (1)   45012   0.5   1.0   6.6  NA  OK Passed
RC83M1 100   2/2 0 (1,2) Radio-S100-1(A) Radio-S100-1(B) RRU4499  TU8U01U9KS  FDD=RC83M1 (1)   21025  -0.5   0.0   7.2  NA  OK Passed
RC83M2 101   2/2 0 (1,2) Radio-S100-1(C) Radio-S100-1(D) RRU4499  TU8U01U9KS  FDD=RC83M2 (1)   44338  -0.5  -0.2   6.5  NA  OK Passed
RC83M3 102   2/2 0 (1,2) Radio-S102-1(A) Radio-S102-1(B) RRU4499  TU8U01U9KV  FDD=RC83M3 (1)   26039   0.5   0.3   7.3  NA  OK Passed
RC83T1 100   2/2 0 (1,2) Radio-S100-1(A) Radio-S100-1(B) RRU4499  TU8U01U9KS  FDD=RC83T1 (1)  135742   0.5   0.8   7.0  NA  OK Passed
RC83T2 101   2/2 0 (1,2) Radio-S100-1(C) Radio-S100-1(D) RRU4499  TU8U01U9KS  FDD=RC83T2 (1)  193256  -1.5  -1.3   6.6  NA  OK Passed
RC83T3 102   2/2 0 (1,2) Radio-S102-1(A) Radio-S102-1(B) RRU4499  TU8U01U9KV  FDD=RC83T3 (1)  139605  -1.5  -1.1   7.4  NA  OK Passed
================================================================================================================================
Total: 9 SectorCarriers, 9 RfBranch Pairs (9 OK, 0 OKW, 0 NOK, 0 NT)
........
Last MO: 19511. Loaded 19511 MOs. Total: 19512 MOs.

No NRSectorCarrier MOs are defined on the node.

RC83E> mfitr

251125-14:38:23+0100 19.31.13.225 25.0h MSRBS_NODE_MODEL_25.Q1_693.28324.131_62ac stopfile=/tmp/2743940
.............
Last MO: 19511. Loaded 19511 MOs. Total: 19512 MOs.
..........
2025-11-25 14:39
================================================================================================================================
CELL       SC     FRU          BOARD            PUSCH  PUCCH       A      B      C      D  DELTA
================================================================================================================================
FDD=RC83E1 RC83E1 Radio-S1-1   RRU2217B20       -117.9 -114.8 -118.1 -118.5                  0.4
FDD=RC83E2 RC83E2 Radio-S2-1   RRU2217B20       -118.7 -118.3 -119.3 -119.2                  0.1
FDD=RC83E3 RC83E3 Radio-S3-1   RRU2217B20       -117.6 -115.6 -117.6 -117.6                    0
FDD=RC83M1 RC83M1 Radio-S100-1 RRU449944B144B3C -119.1 -119.0 -119.1 -118.9                  0.2
FDD=RC83M2 RC83M2 Radio-S100-1 RRU449944B144B3C -119.2 -119.2               -119.1 -119.1      0
FDD=RC83M3 RC83M3 Radio-S102-1 RRU449944B144B3C -118.1 -118.4 -118.5 -117.3                  1.2
FDD=RC83T1 RC83T1 Radio-S100-1 RRU449944B144B3C -118.1 -117.0 -117.8 -117.6                  0.2
FDD=RC83T2 RC83T2 Radio-S100-1 RRU449944B144B3C -118.2 -117.2               -118.2 -118.4    0.2
FDD=RC83T3 RC83T3 Radio-S102-1 RRU449944B144B3C -113.1 -116.4 -112.6 -113.4                  0.8
================================================================================================================================
Bye...
Output has been logged to file /mta_fs/UserFiles/37258710/amosbatch/SDIR/RC83E.log
