Logging to file /mta_fs/UserFiles/37258710/amosbatch/SDIR/RC8CL.log
                        __  __  ____   _____
                  /\   |  \/  |/ __ \ / ____|
                 /  \  | \  / | |  | | (___  
                / /\ \ | |\/| | |  | |\___ \ 
               / ____ \| |  | | |__| |____) |
              /_/    \_\_|  |_|\____/|_____/
              OSS Framework for MoShell-25.0h 
  Copyright (c) Ericsson AB 2001-2025 - All Rights Reserved
              
           
[1;31mWARNING: [0mthe AMOS version currently running is more than 29 weeks old and is unsupported.
Please upgrade as soon as possible to the latest released version, available from your local Ericsson support.

$amosrb_pid = 2494791

Checking ip contact...OK

HELP MENU            : h
BASIC MO COMMANDS    : m
OTHER MO COMMANDS    : n
OTHER COMMANDS       : o
PM COMMANDS          : p
QUIT                 : q

RC8CL> lt all

251125-13:21:09+0100 19.31.13.170 25.0h  stopfile=/tmp/2494660
Looking up temporary_amos account... OK.
Trying temporary_amos_t20251125_37258710_65084_131's password from amos lookupAccount ... OK

$ssh_pid = 2495372

Connected to 19.31.13.170 (SubNetwork=BBMM_rckomc_R,MeContext=RC8CL,ManagedElement=RC8CL)

Checking MOM version...MSRBS_NODE_MODEL_25.Q1_693.28324.131_62ac
Parsing MOM (cached): /ericsson/log/amos/moshell_logfiles/t20251125_37258710_65084/logs_moshell/tempfiles/scp-4-amos_20251125-132103_2494604/MSRBS_NODE_MODEL_25.Q1_693.28324.131_62ac.xml.cache.gz ..................................................................................................................................................................................................................................Done.
Using paramfile /opt/ericsson/amos/moshell/commonjars/pm/PARAM_MSRBS_25.Q1.txt
Parsing file /opt/ericsson/amos/moshell/commonjars/pm/PARAM_MSRBS_25.Q1.txt .......................................................................................Done.
Using imomdfile /opt/ericsson/amos/moshell/commonjars/pm/IMOMD_MSRBS_22.Q4.txt
Using imomfile /opt/ericsson/amos/moshell/commonjars/pm/IMOM_MSRBS_25.Q1.txt
Connected to 19.31.13.170 (SubNetwork=BBMM_rckomc_R,MeContext=RC8CL,ManagedElement=RC8CL)

Last MO: 17247. Loaded 17247 MOs. Total: 17248 MOs.

RC8CL> st cell

251125-13:21:26+0100 19.31.13.170 25.0h MSRBS_NODE_MODEL_25.Q1_693.28324.131_62ac stopfile=/tmp/2494660
===================================================================================
Proxy  Adm State     Op. State     MO
===================================================================================
   56  1 (UNLOCKED)  1 (ENABLED)   ENodeBFunction=1,EUtranCellFDD=RC8CL1
  155  1 (UNLOCKED)  1 (ENABLED)   ENodeBFunction=1,EUtranCellFDD=RC8CL2
  270  1 (UNLOCKED)  1 (ENABLED)   ENodeBFunction=1,EUtranCellFDD=RC8CL3
===================================================================================
Total: 3 MOs

RC8CL> st radio

251125-13:21:27+0100 19.31.13.170 25.0h MSRBS_NODE_MODEL_25.Q1_693.28324.131_62ac stopfile=/tmp/2494660
===================================================================================
Proxy  Adm State     Op. State     MO
===================================================================================
 1445  1 (UNLOCKED)  1 (ENABLED)   Equipment=1,FieldReplaceableUnit=Radio-S180-1
 1460  1 (UNLOCKED)  1 (ENABLED)   Equipment=1,FieldReplaceableUnit=Radio-S182-1
 1475  1 (UNLOCKED)  1 (ENABLED)   Equipment=1,FieldReplaceableUnit=Radio-S210-1
 1492  1 (UNLOCKED)  1 (ENABLED)   Equipment=1,FieldReplaceableUnit=Radio-S211-1
 1509  1 (UNLOCKED)  1 (ENABLED)   Equipment=1,FieldReplaceableUnit=Radio-S212-1
17241  1 (UNLOCKED)  1 (ENABLED)   Transport=1,Synchronization=1,RadioEquipmentClock=1,RadioEquipmentClockReference=PTP8275_2
17242  1 (UNLOCKED)  1 (ENABLED)   Transport=1,Synchronization=1,RadioEquipmentClock=1,RadioEquipmentClockReference=SyncE
===================================================================================
Total: 7 MOs

RC8CL> sdir

251125-13:21:27+0100 19.31.13.170 25.0h MSRBS_NODE_MODEL_25.Q1_693.28324.131_62ac stopfile=/tmp/2494660
INFO: Using amos lookupAccount credentials for the export login
...............................
get /rop/A20251125.1130-1145_RC8CL.xml.gz /ericsson/log/amos/moshell_logfiles/t20251125_37258710_65084/logs_moshell/pmfiles/19.31.13.170/rop/A20251125.1130-1145_RC8CL.xml.gz ... OK
get /rop/A20251125.1145-1200_RC8CL.xml.gz /ericsson/log/amos/moshell_logfiles/t20251125_37258710_65084/logs_moshell/pmfiles/19.31.13.170/rop/A20251125.1145-1200_RC8CL.xml.gz ... OK
get /rop/A20251125.1200-1215_RC8CL.xml.gz /ericsson/log/amos/moshell_logfiles/t20251125_37258710_65084/logs_moshell/pmfiles/19.31.13.170/rop/A20251125.1200-1215_RC8CL.xml.gz ... OK
....Checking available boards on node...

Collecting RCS board data ...
........................................................................................................................
..........................
..............................................................................................................................................................................................................................................................................................................
...........
Collecting TN data...
........................................................................................................................................................................................................................................................
Collecting RF data...
..
Collecting Alarms...
Executing action Log.export()
...
Log=AlarmLog                    actionId=50142
...............
Executing action LogM.exportAvailabilityLog()
..LogM=1,exportAvailabilityLog    actionId=50143
.....Parsing alarmLog.........Done.
Parsing availabilityLog.....Done.
.........

Total: 5 CPRI links (3 OK, 0 OKW, 2 NOK, 0 NT)

+--------+                      +--------------------+
|        | A        O101     D2 |    Radio-S210-1    |
|        |-----------1----------| RRU227922B822B20C* |
|        |         OK-76m       |       BXP_4        |
|        |                      +--------------------+
|        |                                     |A  |B
|        |                 SE=210* AG=210 GT=RC8CD1/0
|        |                                GT=RC8CD1/8
|        |
|        |                      +--------------------+
|        | B        O101     D2 |    Radio-S211-1    |
|        |-----------2----------| RRU227922B822B20C* |
|        |        NOK-76m       |       BXP_2        |
|        |                      +--------------------+
|        |                                     |A  |B
|        |                 SE=211* AG=211 GT=RC8CD2/0
|        |                                GT=RC8CD2/1
|        |
|        |                      +--------------------+
|        | C        O101     D2 |    Radio-S212-1    |
|        |-----------3----------| RRU227922B822B20C* |
|        |         OK-76m       |       BXP_3        |
|        |                      +--------------------+
|        |                                     |A  |B
|  BB-1  |                 SE=212* AG=212 GT=RC8CD3/0
| BB6631 |                                GT=RC8CD3/1
| 000100 |
|        |                      +---------------+
|        | D        O101     D1 | Radio-S180-1  |
|        |-----------4----------|   RRU4415B7   |
|        |        NOK-76m       |     BXP_5     |
|        |                      +---------------+
|        |                        |A  |B  |C  |D
|        |                 SE=180 AG=180  |   |
|        |                    FDD=RC8CL1  |   |
|        |                         SE=181 AG=181
|        |                            FDD=RC8CL2
|        |
|        |                      +---------------+
|        | E        O101     D1 | Radio-S182-1  |
|        |-----------5----------|   RRU4415B7   |
|        |         OK-81m       |     BXP_6     |
|        |                      +---------------+
|        |                        |A  |B  |C  |D
|        |                 SE=182 AG=182  |   |
|        |                    FDD=RC8CL3  |   |
|        |
+--------+

=====================================================================================================================================
ID RiL    Type Res MO1-MO2                  BOARD1-BOARD2             AlmIDs Cells (States)                Issue (Failed checks)
=====================================================================================================================================
 1 S210-1 O101 OK  BB-1(A) Radio-S210-1(D2) BB6631 RRU227922B822B20C*        GT=RC8CD1/0 GT=RC8CD1/8 (1,1) Passed
 2 S211-1 O101 NOK BB-1(B) Radio-S211-1(D2) BB6631 RRU227922B822B20C*        GT=RC8CD2/0 GT=RC8CD2/1 (1,1) Fiber Loss DL  (DlLoss-UlLoss=6.09)
 3 S212-1 O101 OK  BB-1(C) Radio-S212-1(D2) BB6631 RRU227922B822B20C*        GT=RC8CD3/0 GT=RC8CD3/1 (1,1) Passed
 4 S180-1 O101 NOK BB-1(D) Radio-S180-1(D1) BB6631 RRU4415B7                 FDD=RC8CL1 FDD=RC8CL2 (1,1)   Fiber Loss DL  (DlLoss-UlLoss=4.7)
 5 S182-1 O101 OK  BB-1(E) Radio-S182-1(D1) BB6631 RRU4415B7                 FDD=RC8CL3 (1)                Passed
-------------------------------------------------------------------------------------------------------------------------------------

=====================================================================================================================================
IDs  RiLs          Issue and Recommended Actions.
=====================================================================================================================================
2,4  S180-1,S211-1 Fiber Issue - Far End Reports Excessive Optical Power Loss.
-------------------------------------------------------------------------------------------------------------------------------------
 1) Troubleshoot to determine where optical power is being lost or Bit Errors are detected.  Start at the  port fiber connection reporting the loss and work back to the transmitter on the other end. (i.e. dirty, damaged or bent fiber, improperly mated connection)
 2) Refer to and follow  Ericsson CPI "Handling SFP Modules and Optical Cables" for proper handling, Cleaning, inspection and testing of  fiber and optical interfaces.
Note: Always check for any AlmID information and troubleshoot alarm(s) accordingly.
*************************************************************************************************************************************

Node: RadioNode GL   CXP2010174/2_R27J08 (25.Q1)   G3.1   GSM LTE-FDD 

=====================================================================================================================================
FRU          ;LNH    ;BOARD              ;ST ;FAULT ;OPER ;MAINT ;STAT ;PRODUCTNUMBER   ;REV     ;SERIAL        ;DATE     ;PMTEMP ; TEMP ; UPT ;VOLT ;SW                   ;
=====================================================================================================================================
BB-1         ;000100 ;BB6631             ; 1 ;  OFF ;  ON ;  OFF ;  ON ;KDU1370071/11   ;R3C     ;E23E609289    ;20230428 ;3 (OK) ;      ; 131 ;54   ;                     ;
Radio-S180-1 ;BXP_5  ;RRU4415B7          ; 1 ;  OFF ;  ON ;  OFF ; N/A ;KRC161495/1     ;R5J     ;TU8U021H6C    ;20230417 ;4 (OK) ; 27.5 ; 131 ;53.9 ;CXP9013268%15_R101LX ; (Radio4415B7)
Radio-S182-1 ;BXP_6  ;RRU4415B7          ; 1 ;  OFF ;  ON ;  OFF ; N/A ;KRC161495/1     ;R5J     ;TU8U021H73    ;20230417 ;4 (OK) ; 32.0 ; 131 ;53.4 ;CXP9013268%15_R101LX ; (Radio4415B7)
Radio-S210-1 ;BXP_4  ;RRU227922B822B20C* ; 1 ;  OFF ;  ON ;  OFF ; N/A ;KRC161864/1     ;R1F     ;TU8U01ZA62    ;20230308 ;4 (OK) ; 21.5 ; 131 ;54.0 ;CXP9013268%15_R101LX ; (Radio227922B822B20C)
Radio-S211-1 ;BXP_2  ;RRU227922B822B20C* ; 1 ;  OFF ;  ON ;  OFF ; N/A ;KRC161864/1     ;R1F     ;TU8U01ZA68    ;20230308 ;4 (OK) ; 27.0 ; 131 ;54.1 ;CXP9013268%15_R101LX ; (Radio227922B822B20C)
Radio-S212-1 ;BXP_3  ;RRU227922B822B20C* ; 1 ;  OFF ;  ON ;  OFF ; N/A ;KRC161864/1     ;R1F     ;TU8U01ZA5V    ;20230308 ;4 (OK) ; 26.5 ; 131 ;54.0 ;CXP9013268%15_R101LX ; (Radio227922B822B20C)
-------------------------------------------------------------------------------------------------------------------------------------

=====================================================================================================================================
XPBOARD  ;ST ;FAULT ;OPER ;PRODUCTNUMBER ;REV ;SERIAL/NAME ;DATE     ; TEMP ;MO
=====================================================================================================================================
FAN08    ; 1 ;N/A   ;N/A  ;BKV106236/1   ;R2F ;DD111P4316  ;20220306 ; 44.0 ;SupportUnit=1 (FAN  BB-1)
-------------------------------------------------------------------------------------------------------------------------------------

=====================================================================================================================================
ID ;T ;RiL    ;BPBP ;BOARD1             ;LNH1 ;PORT ;R ;LINK ;RATE  ; BER ;BOARD2             ;LNH2 ;PORT ;R ;LINK ;RATE  ; BER ;LENGTH ;MO1 - MO2
=====================================================================================================================================
 1 ;O ;S210-1 ;1111 ;BB6631             ;000100 ; 1 ;M ;Up   ;10.1G ;   0 ;RRU227922B822B20C* ;BXP_4  ; 1 ;S ;Up   ;10.1G ;   0 ;   76m ;Fru=BB-1(A) Fru=Radio-S210-1(D2)
 2 ;O ;S211-1 ;1111 ;BB6631             ;000100 ; 2 ;M ;Up   ;10.1G ;   0 ;RRU227922B822B20C* ;BXP_2  ; 1 ;S ;Up   ;10.1G ;   0 ;   76m ;Fru=BB-1(B) Fru=Radio-S211-1(D2)
 3 ;O ;S212-1 ;1111 ;BB6631             ;000100 ; 3 ;M ;Up   ;10.1G ;   0 ;RRU227922B822B20C* ;BXP_3  ; 1 ;S ;Up   ;10.1G ;   0 ;   76m ;Fru=BB-1(C) Fru=Radio-S212-1(D2)
 4 ;O ;S180-1 ;1111 ;BB6631             ;000100 ; 4 ;M ;Up   ;10.1G ;   0 ;RRU4415B7          ;BXP_5  ; 0 ;S ;Up   ;10.1G ;   0 ;   76m ;Fru=BB-1(D) Fru=Radio-S180-1(D1)
 5 ;O ;S182-1 ;1111 ;BB6631             ;000100 ; 5 ;M ;Up   ;10.1G ;   0 ;RRU4415B7          ;BXP_6  ; 0 ;S ;Up   ;10.1G ;   0 ;   81m ;Fru=BB-1(E) Fru=Radio-S182-1(D1)
-------------------------------------------------------------------------------------------------------------------------------------

=====================================================================================================================================
ID ;LINK ;RiL    ;VENDOR1  ;VENDORPROD1    ;REV1 ;SERIAL1      ;DATE1    ;ERICSSONPROD1      ;VENDOR2  ;VENDORPROD2    ;REV2 ;SERIAL2      ;DATE2    ;ERICSSONPROD2      ;TT ;WL1     ;WL2    
=====================================================================================================================================
 1 ;Up   ;S210-1 ;ERICSSON ;SPP10ELRIDFSEN ;10   ;CT73604177   ;20230424 ;RDH10265/2 R1A     ;ERICSSON ;SPP10ELRIDFSEN ;10   ;CT73603339   ;20230424 ;RDH10265/2 R1A     ;0  ;1310.00 ;1310.00
 2 ;Up   ;S211-1 ;ERICSSON ;SPP10ELRIDFSEN ;10   ;CT73603724   ;20230424 ;RDH10265/2 R1A     ;ERICSSON ;SPP10ELRIDFSEN ;10   ;CT73601997   ;20230424 ;RDH10265/2 R1A     ;0  ;1310.00 ;1310.00
 3 ;Up   ;S212-1 ;ERICSSON ;SPP10ELRIDFSEN ;10   ;CT73604698   ;20230424 ;RDH10265/2 R1A     ;ERICSSON ;SPP10ELRIDFSEN ;10   ;CT73601898   ;20230424 ;RDH10265/2 R1A     ;0  ;1310.00 ;1310.00
 4 ;Up   ;S180-1 ;ERICSSON ;SPP10ELRIDFSEN ;10   ;CT73596278   ;20230423 ;RDH10265/2 R1A     ;ERICSSON ;SPP10ELRIDFSEN ;10   ;CT73602554   ;20230424 ;RDH10265/2 R1A     ;0  ;1310.00 ;1310.00
 5 ;Up   ;S182-1 ;ERICSSON ;SPP10ELRIDFSEN ;10   ;CT73602053   ;20230424 ;RDH10265/2 R1A     ;ERICSSON ;SPP10ELRIDFSEN ;10   ;CT73604795   ;20230424 ;RDH10265/2 R1A     ;0  ;1310.00 ;1310.00
-------------------------------------------------------------------------------------------------------------------------------------

=====================================================================================================================================
ID ;LINK ;RiL    ;WL1     ;TEMP1 ;TXbs1 ;TXdBm1 ;RXdBm1 ;BER1   ;WL2     ;TEMP2 ;TXbs2 ;TXdBm2 ;RXdBm2 ;BER2   ;DlLoss ;UlLoss ;LENGTH ;TT
=====================================================================================================================================
 1 ;Up   ;S210-1 ;1310.00 ;45C   ;42%   ;-2.13  ;-3.53  ;   0   ;1310.00 ;22C   ;48%   ;-2.74  ;-3.58  ;   0   ;  1.45 ;  0.79 ;   76m ; 0
 2 ;Up   ;S211-1 ;1310.00 ;46C   ;49%   ;-2.37  ;-2.44  ;   0   ;1310.00 ;28C   ;43%   ;-2.14  ;-8.76  ;   0   ;  6.39 ;   0.3 ;   76m ; 0
 3 ;Up   ;S212-1 ;1310.00 ;46C   ;45%   ;-3.09  ;-3.50  ;   0   ;1310.00 ;27C   ;45%   ;-2.83  ;-3.24  ;   0   ;  0.15 ;  0.67 ;   76m ; 0
 4 ;Up   ;S180-1 ;1310.00 ;45C   ;49%   ;-2.13  ;-1.98  ;   0   ;1310.00 ;28C   ;44%   ;-2.50  ;-6.31  ;   0   ;  4.18 ; -0.52 ;   76m ; 0
 5 ;Up   ;S182-1 ;1310.00 ;44C   ;46%   ;-2.11  ;-2.88  ;   0   ;1310.00 ;31C   ;39%   ;-2.06  ;-3.59  ;   0   ;  1.48 ;  0.82 ;   81m ; 0
-------------------------------------------------------------------------------------------------------------------------------------

=====================================================================================================================================
ID ;RiL    ;BOARD              ;SFPLNH  ;PORT ;VENDOR   ;VENDORPROD     ;REV  ;SERIAL       ;DATE     ;ERICSSONPROD       ;WL      ;TEMP  ;TXbs  ;TXdBm  ;RXdBm  ; BER
=====================================================================================================================================
 1 ;S210-1 ;BB6631             ;000100   ;  1 ;ERICSSON ;SPP10ELRIDFSEN ;10   ;CT73604177   ;20230424 ;RDH10265/2 R1A     ;1310.00 ;45C   ;42%   ;-2.13  ;-3.53  ;   0
 2 ;S211-1 ;BB6631             ;000100   ;  2 ;ERICSSON ;SPP10ELRIDFSEN ;10   ;CT73603724   ;20230424 ;RDH10265/2 R1A     ;1310.00 ;46C   ;49%   ;-2.37  ;-2.44  ;   0
 3 ;S212-1 ;BB6631             ;000100   ;  3 ;ERICSSON ;SPP10ELRIDFSEN ;10   ;CT73604698   ;20230424 ;RDH10265/2 R1A     ;1310.00 ;46C   ;45%   ;-3.09  ;-3.50  ;   0
 4 ;S180-1 ;BB6631             ;000100   ;  4 ;ERICSSON ;SPP10ELRIDFSEN ;10   ;CT73596278   ;20230423 ;RDH10265/2 R1A     ;1310.00 ;45C   ;49%   ;-2.13  ;-1.98  ;   0
 5 ;S182-1 ;BB6631             ;000100   ;  5 ;ERICSSON ;SPP10ELRIDFSEN ;10   ;CT73602053   ;20230424 ;RDH10265/2 R1A     ;1310.00 ;44C   ;46%   ;-2.11  ;-2.88  ;   0
 2 ;S211-1 ;RRU227922B822B20C* ;BXP_2    ;  1 ;ERICSSON ;SPP10ELRIDFSEN ;10   ;CT73601997   ;20230424 ;RDH10265/2 R1A     ;1310.00 ;28C   ;43%   ;-2.14  ;-8.76  ;   0
 3 ;S212-1 ;RRU227922B822B20C* ;BXP_3    ;  1 ;ERICSSON ;SPP10ELRIDFSEN ;10   ;CT73601898   ;20230424 ;RDH10265/2 R1A     ;1310.00 ;27C   ;45%   ;-2.83  ;-3.24  ;   0
 1 ;S210-1 ;RRU227922B822B20C* ;BXP_4    ;  1 ;ERICSSON ;SPP10ELRIDFSEN ;10   ;CT73603339   ;20230424 ;RDH10265/2 R1A     ;1310.00 ;22C   ;48%   ;-2.74  ;-3.58  ;   0
 4 ;S180-1 ;RRU4415B7          ;BXP_5    ;  0 ;ERICSSON ;SPP10ELRIDFSEN ;10   ;CT73602554   ;20230424 ;RDH10265/2 R1A     ;1310.00 ;28C   ;44%   ;-2.50  ;-6.31  ;   0
 5 ;S182-1 ;RRU4415B7          ;BXP_6    ;  0 ;ERICSSON ;SPP10ELRIDFSEN ;10   ;CT73604795   ;20230424 ;RDH10265/2 R1A     ;1310.00 ;31C   ;39%   ;-2.06  ;-3.59  ;   0
-------------------------------------------------------------------------------------------------------------------------------------
TN ;       ;BB6631             ;000100   ;IA2 ;ERICSSON ;42020201934    ;A0   ;202301200639 ;20230101 ;RPM777053/1000 R1B ;NA      ;NA    ;NA    ;NA     ;NA     ; 0/0
-------------------------------------------------------------------------------------------------------------------------------------

=====================================================================================================================================
BOARD  ;LNH    ;PORT       ;T ;S ;OpMode   ;AutoNeg ;MacAddress        ;VlanIds        ;LOS ;BER
=====================================================================================================================================
BB6631 ;000100 ;TN_IDL_A_1 ;E ;1 ;10G_FULL ;false   ;58:70:7F:D2:29:3C ;3901,3908,3910 ;0   ;0/0
BB6631 ;000100 ;TN_IDL_A_2 ;O ;1 ;10G_FULL ;false   ;58:70:7F:D2:29:3D ;3908           ;0   ;0/0
-------------------------------------------------------------------------------------------------------------------------------------

Last MO: 17247. Loaded 17247 MOs. Total: 17248 MOs.
radioClockState : RNT_TIME_LOCKED
-------------------------------------------------------------------------------------
Prio  ;ST  ;syncRefType  ;refStatus  ;opQualLevel  ;SyncReference
-------------------------------------------------------------------------------------
   1  ; 1  ;PTP_TIME     ;NO_FAULT   ;PRTC         ;Ptp=1,BoundaryOrdinaryClock=1 (G_8275_2 Router=45G_Traffic,InterfaceIPv4=LTE,AddressIPv4=LTE:SLAVE)
   2  ; 1  ;SYNC_E       ;NO_FAULT   ;PRTC         ;Synchronization=1,SyncEthInput=SyncE (SFP_DAC EthernetPort=TN_IDL_A_1)
-------------------------------------------------------------------------------------
nodeGroupRole   : SYNC_RECEIVER (syncNodePriority=3, selectionMode=NODE_PRIORITY)
-------------------------------------------------------------------------------------
DU  ;Port  ;sharedUnitRef (RiPortA - RiPortB)  ;remoteNodePriority  ;CandidateStatus
-------------------------------------------------------------------------------------
1   ;A     ;Fru=Radio-S210-1 (2 - 1)           ;1                   ;OK_NOT_ACTIVE
1   ;C     ;Fru=Radio-S212-1 (2 - 1)           ;1                   ;OK_NOT_ACTIVE
1   ;B     ;Fru=Radio-S211-1 (2 - 1)           ;1                   ;OK_ACTIVE
-------------------------------------------------------------------------------------

=====================================================================================================================================
FRU          ;LNH    ;BOARD              ;RF  ;BP  ;TX (W/dBm)  ;VSWR (RL)   ;RX (dBm) ;UEs/gUEs  ;Sector/AntennaGroup/Cells (State:CellIds:PCIs)
=====================================================================================================================================
Radio-S180-1 ;BXP_5  ;RRU4415B7          ; A  ;11  ;20.0 (43.0) ;1.12 (24.8) ;-99.9    ;1/-       ;SE=180 AG=180 FDD=RC8CL1 (1:21:76)
Radio-S180-1 ;BXP_5  ;RRU4415B7          ; B  ;11  ;-           ;1.20 (21.0) ;-99.7    ;1/-       ;SE=180 AG=180 FDD=RC8CL1 (1:21:76)
Radio-S180-1 ;BXP_5  ;RRU4415B7          ; C  ;11  ;21.4 (43.3) ;1.28 (18.1) ;-99.1    ;1/-       ;SE=181 AG=181 FDD=RC8CL2 (1:22:443)
Radio-S180-1 ;BXP_5  ;RRU4415B7          ; D  ;11  ;-           ;1.30 (17.8) ;-99.4    ;1/-       ;SE=181 AG=181 FDD=RC8CL2 (1:22:443)
Radio-S182-1 ;BXP_6  ;RRU4415B7          ; A  ;11  ;17.8 (42.5) ;1.03 (37.4) ;-94.4    ;17/-      ;SE=182 AG=182 FDD=RC8CL3 (1:23:243)
Radio-S182-1 ;BXP_6  ;RRU4415B7          ; B  ;11  ;17.4 (42.4) ;1.06 (30.3) ;-95.0    ;17/-      ;SE=182 AG=182 FDD=RC8CL3 (1:23:243)
Radio-S182-1 ;BXP_6  ;RRU4415B7          ; C  ;11  ;-           ;-           ;         ;          ;
Radio-S182-1 ;BXP_6  ;RRU4415B7          ; D  ;11  ;-           ;-           ;         ;          ;
Radio-S210-1 ;BXP_4  ;RRU227922B822B20C* ; A  ;11  ;25.5 (44.1) ;1.10 (26.4) ;-99.5    ;-/-       ;SE=210* AG=210 GT=RC8CD1/0 GT=RC8CD1/8 (1, 1)
Radio-S210-1 ;BXP_4  ;RRU227922B822B20C* ; B  ;11  ;16.4 (42.1) ;1.13 (24.4) ;-98.6    ;-/-       ;SE=210* AG=210 GT=RC8CD1/0 GT=RC8CD1/8 (1, 1)
Radio-S211-1 ;BXP_2  ;RRU227922B822B20C* ; A  ;11  ;28.3 (44.5) ;1.19 (21.1) ;-96.6    ;-/-       ;SE=211* AG=211 GT=RC8CD2/0 GT=RC8CD2/1 (1, 1)
Radio-S211-1 ;BXP_2  ;RRU227922B822B20C* ; B  ;11  ;14.0 (41.5) ;1.17 (21.9) ;-98.4    ;-/-       ;SE=211* AG=211 GT=RC8CD2/0 GT=RC8CD2/1 (1, 1)
Radio-S212-1 ;BXP_3  ;RRU227922B822B20C* ; A  ;11  ;24.5 (43.9) ;1.11 (26.0) ;-97.0    ;-/-       ;SE=212* AG=212 GT=RC8CD3/0 GT=RC8CD3/1 (1, 1)
Radio-S212-1 ;BXP_3  ;RRU227922B822B20C* ; B  ;11  ;26.4 (44.2) ;1.12 (24.7) ;-96.3    ;-/-       ;SE=212* AG=212 GT=RC8CD3/0 GT=RC8CD3/1 (1, 1)
-------------------------------------------------------------------------------------------------------------------------------------

RC8CL> mfar

251125-13:24:07+0100 19.31.13.170 25.0h MSRBS_NODE_MODEL_25.Q1_693.28324.131_62ac stopfile=/tmp/2494660
.....
Last MO: 17255. Loaded 17255 MOs. Total: 17256 MOs.
..........................................
get /rop/A20251125.1045-1100_RC8CL.xml.gz /ericsson/log/amos/moshell_logfiles/t20251125_37258710_65084/logs_moshell/pmfiles/19.31.13.170/rop/A20251125.1045-1100_RC8CL.xml.gz ... OK
get /rop/A20251125.1100-1115_RC8CL.xml.gz /ericsson/log/amos/moshell_logfiles/t20251125_37258710_65084/logs_moshell/pmfiles/19.31.13.170/rop/A20251125.1100-1115_RC8CL.xml.gz ... OK
get /rop/A20251125.1115-1130_RC8CL.xml.gz /ericsson/log/amos/moshell_logfiles/t20251125_37258710_65084/logs_moshell/pmfiles/19.31.13.170/rop/A20251125.1115-1130_RC8CL.xml.gz ... OK

Using hardcoded thresholds: 3, 4.5, and 16.5
================================================================================================================================
SC     SE  Tx/Rx BrPair  RfPort1 - RfPort2               HW       Serial      Cell (State)   Samples   Med  Mean  SDev Pol Res Issue
================================================================================================================================
RC8CL1 180   2/2 0 (1,2) Radio-S180-1(A) Radio-S180-1(B) RRU4415  TU8U021H6C  FDD=RC8CL1 (1)   74957   9.5   7.4   5.5  NA NOK RF Loss or PIM at Radio-S180-1(A)
RC8CL2 181   2/2 0 (1,2) Radio-S180-1(C) Radio-S180-1(D) RRU4415  TU8U021H6C  FDD=RC8CL2 (1)   40000  -0.5  -0.4   6.8  NA  OK Passed
RC8CL3 182   2/2 0 (1,2) Radio-S182-1(A) Radio-S182-1(B) RRU4415  TU8U021H73  FDD=RC8CL3 (1)  720330  -3.5  -2.8   5.8  NA  OK Passed
================================================================================================================================
Total: 3 SectorCarriers, 3 RfBranch Pairs (2 OK, 0 OKW, 1 NOK, 0 NT)
.....
Last MO: 17255. Loaded 17255 MOs. Total: 17256 MOs.

No NRSectorCarrier MOs are defined on the node.

RC8CL> mfitr

251125-13:24:24+0100 19.31.13.170 25.0h MSRBS_NODE_MODEL_25.Q1_693.28324.131_62ac stopfile=/tmp/2494660
.........
Last MO: 17255. Loaded 17255 MOs. Total: 17256 MOs.
.......
2025-11-25 13:25
================================================================================================================================
CELL       SC     FRU          BOARD     PUSCH  PUCCH       A      B      C      D  DELTA
================================================================================================================================
FDD=RC8CL1 RC8CL1 Radio-S180-1 RRU4415B7 -119.4 -119.3 -119.1 -119.1                    0
FDD=RC8CL2 RC8CL2 Radio-S180-1 RRU4415B7 -117.9 -118.5               -117.9 -118.1    0.2
FDD=RC8CL3 RC8CL3 Radio-S182-1 RRU4415B7 -117.8 -118.9 -116.9 -117.1                  0.2
================================================================================================================================
Bye...
Output has been logged to file /mta_fs/UserFiles/37258710/amosbatch/SDIR/RC8CL.log
