Logging to file /mta_fs/UserFiles/37258710/amosbatch/SDIR/RL11T.log
                        __  __  ____   _____
                  /\   |  \/  |/ __ \ / ____|
                 /  \  | \  / | |  | | (___  
                / /\ \ | |\/| | |  | |\___ \ 
               / ____ \| |  | | |__| |____) |
              /_/    \_\_|  |_|\____/|_____/
              OSS Framework for MoShell-25.0h 
  Copyright (c) Ericsson AB 2001-2025 - All Rights Reserved
              
           
[1;31mWARNING: [0mthe AMOS version currently running is more than 29 weeks old and is unsupported.
Please upgrade as soon as possible to the latest released version, available from your local Ericsson support.

$amosrb_pid = 2366694

Checking ip contact...OK

HELP MENU            : h
BASIC MO COMMANDS    : m
OTHER MO COMMANDS    : n
OTHER COMMANDS       : o
PM COMMANDS          : p
QUIT                 : q

RL11T> lt all

251125-12:41:08+0100 19.31.12.176 25.0h  stopfile=/tmp/2366577
Looking up temporary_amos account... OK.
Trying temporary_amos_t20251125_37258710_65084_131's password from amos lookupAccount ... OK

$ssh_pid = 2367020

Connected to 19.31.12.176 (SubNetwork=BBMM_rckomc_R,MeContext=RL11T,ManagedElement=RL11T)

Checking MOM version...MSRBS_NODE_MODEL_25.Q1_693.28324.131_62ac
Parsing MOM (cached): /ericsson/log/amos/moshell_logfiles/t20251125_37258710_65084/logs_moshell/tempfiles/scp-4-amos_20251125-124101_2366486/MSRBS_NODE_MODEL_25.Q1_693.28324.131_62ac.xml.cache.gz ..................................................................................................................................................................................................................................Done.
Using paramfile /opt/ericsson/amos/moshell/commonjars/pm/PARAM_MSRBS_25.Q1.txt
Parsing file /opt/ericsson/amos/moshell/commonjars/pm/PARAM_MSRBS_25.Q1.txt .......................................................................................Done.
Using imomdfile /opt/ericsson/amos/moshell/commonjars/pm/IMOMD_MSRBS_22.Q4.txt
Using imomfile /opt/ericsson/amos/moshell/commonjars/pm/IMOM_MSRBS_25.Q1.txt
Connected to 19.31.12.176 (SubNetwork=BBMM_rckomc_R,MeContext=RL11T,ManagedElement=RL11T)

Last MO: 18840. Loaded 18840 MOs. Total: 18841 MOs.

RL11T> st cell

251125-12:41:22+0100 19.31.12.176 25.0h MSRBS_NODE_MODEL_25.Q1_693.28324.131_62ac stopfile=/tmp/2366577
===================================================================================
Proxy  Adm State     Op. State     MO
===================================================================================
   43  1 (UNLOCKED)  1 (ENABLED)   ENodeBFunction=1,EUtranCellFDD=RL11E1
  152  1 (UNLOCKED)  1 (ENABLED)   ENodeBFunction=1,EUtranCellFDD=RL11E2
  415  1 (UNLOCKED)  1 (ENABLED)   ENodeBFunction=1,EUtranCellFDD=RL11M1
  507  1 (UNLOCKED)  1 (ENABLED)   ENodeBFunction=1,EUtranCellFDD=RL11M2
  620  1 (UNLOCKED)  1 (ENABLED)   ENodeBFunction=1,EUtranCellFDD=RL11T1
  716  1 (UNLOCKED)  1 (ENABLED)   ENodeBFunction=1,EUtranCellFDD=RL11T2
 1994  1 (UNLOCKED)  1 (ENABLED)   ENodeBFunction=1,NbIotCell=RL11N1
 1995  1 (UNLOCKED)  1 (ENABLED)   ENodeBFunction=1,NbIotCell=RL11N2
===================================================================================
Total: 8 MOs

RL11T> st radio

251125-12:41:23+0100 19.31.12.176 25.0h MSRBS_NODE_MODEL_25.Q1_693.28324.131_62ac stopfile=/tmp/2366577
===================================================================================
Proxy  Adm State     Op. State     MO
===================================================================================
 2757  1 (UNLOCKED)  1 (ENABLED)   Equipment=1,FieldReplaceableUnit=Radio-S1-1
 2769  1 (UNLOCKED)  1 (ENABLED)   Equipment=1,FieldReplaceableUnit=Radio-S100-1
 2792  1 (UNLOCKED)  1 (ENABLED)   Equipment=1,FieldReplaceableUnit=Radio-S2-1
18831  1 (UNLOCKED)  1 (ENABLED)   Transport=1,Synchronization=1,RadioEquipmentClock=1,RadioEquipmentClockReference=NTP1
18832  1 (UNLOCKED)  1 (ENABLED)   Transport=1,Synchronization=1,RadioEquipmentClock=1,RadioEquipmentClockReference=PTP
===================================================================================
Total: 5 MOs

RL11T> sdir

251125-12:41:23+0100 19.31.12.176 25.0h MSRBS_NODE_MODEL_25.Q1_693.28324.131_62ac stopfile=/tmp/2366577
INFO: Using amos lookupAccount credentials for the export login
..............................
get /rop/A20251125.1045-1100_RL11T.xml.gz /ericsson/log/amos/moshell_logfiles/t20251125_37258710_65084/logs_moshell/pmfiles/19.31.12.176/rop/A20251125.1045-1100_RL11T.xml.gz ... OK
get /rop/A20251125.1100-1115_RL11T.xml.gz /ericsson/log/amos/moshell_logfiles/t20251125_37258710_65084/logs_moshell/pmfiles/19.31.12.176/rop/A20251125.1100-1115_RL11T.xml.gz ... OK
get /rop/A20251125.1115-1130_RL11T.xml.gz /ericsson/log/amos/moshell_logfiles/t20251125_37258710_65084/logs_moshell/pmfiles/19.31.12.176/rop/A20251125.1115-1130_RL11T.xml.gz ... OK
...Checking available boards on node...

Collecting RCS board data ...
........................................................................................................................
.
..........................................................................................................................................................................................................................................................
....
Collecting TN data...
................................................................................................................................................................
Getting MO data from node (54 MOs). Please wait...
0%                                             ~50%                                           ~100%
..................................................................................................................................
Collecting RF data...
.
Collecting Alarms...
.Executing action Log.export()
...
Log=AlarmLog                    actionId=247
...............
Executing action LogM.exportAvailabilityLog()
..LogM=1,exportAvailabilityLog    actionId=248
.....Parsing alarmLog......Done.
Parsing availabilityLog......Done.
.......

Total: 3 CPRI links (3 OK, 0 OKW, 0 NOK, 0 NT)

+--------+                      +------------+
|        | A        O98      D1 | Radio-S1-1 |
|        |-----------1----------| RRU2217B20 |
|        |         OK-56m       |   BXP_3    |
|        |                      +------------+
|        |                             |A  |B
|        |               SE=1 AG=1 FDD=RL11E1
|        |                        NIOT=RL11N1
|        |
|        |                      +------------+
|        | B        O98      D1 | Radio-S2-1 |
|        |-----------2----------| RRU2217B20 |
|        |         OK-56m       |   BXP_2    |
|  BB-1  |                      +------------+
| BB6631 |                             |A  |B
| 000100 |               SE=2 AG=2 FDD=RL11E2
|        |                        NIOT=RL11N2
|        |
|        |                      +------------------+
|        | D        O101     D2 |   Radio-S100-1   |
|        |-----------3----------| RRU449944B144B3C |
|        |         OK-61m       |      BXP_4       |
|        |                      +------------------+
|        |                           |A  |B  |C  |D
|        |                    SE=100 AG=100  |   |
|        |            FDD=RL11M1 FDD=RL11T1  |   |
|        |                            SE=101 AG=101
|        |                    FDD=RL11M2 FDD=RL11T2
|        |
+--------+

=====================================================================================================================================
ID RiL    Type Res MO1-MO2                  BOARD1-BOARD2           AlmIDs Cells (States)                                        Issue (Failed checks)
=====================================================================================================================================
 1 S1-1   O98  OK  BB-1(A) Radio-S1-1(D1)   BB6631 RRU2217B20              FDD=RL11E1 NIOT=RL11N1 (1,1)                          Passed
 2 S2-1   O98  OK  BB-1(B) Radio-S2-1(D1)   BB6631 RRU2217B20              FDD=RL11E2 NIOT=RL11N2 (1,1)                          Passed
 3 S100-1 O101 OK  BB-1(D) Radio-S100-1(D2) BB6631 RRU449944B144B3C        FDD=RL11M1 FDD=RL11M2 FDD=RL11T1 FDD=RL11T2 (1,1,1,1) Passed
-------------------------------------------------------------------------------------------------------------------------------------

Node: RadioNode L   CXP2010174/2_R27J08 (25.Q1)   G3.1   LTE-FDD,LTE-IoT 

=====================================================================================================================================
FRU          ;LNH    ;BOARD            ;ST ;FAULT ;OPER ;MAINT ;STAT ;PRODUCTNUMBER   ;REV     ;SERIAL        ;DATE     ;PMTEMP ; TEMP ; UPT ;VOLT ;SW                   ;
=====================================================================================================================================
BB-1         ;000100 ;BB6631           ; 1 ;  OFF ;  ON ;  OFF ;  ON ;KDU1370071/11   ;R3C     ;E23E728733    ;20230713 ;3 (OK) ;      ;4.04 ;53   ;                     ;
Radio-S1-1   ;BXP_3  ;RRU2217B20       ; 1 ;  OFF ;  ON ;  OFF ; N/A ;KRC161549/1     ;R1N     ;TU8U00CZ7M    ;20200716 ;4 (OK) ; 24.7 ;4.05 ;54.6 ;CXP9013268%9_R96JB   ; (Radio2217B20)
Radio-S100-1 ;BXP_4  ;RRU449944B144B3C ; 1 ;  OFF ;  ON ;  OFF ; N/A ;KRC161787/1     ;R2F     ;TU8U024CFK    ;20230620 ;4 (OK) ; 19.8 ;4.05 ;53.3 ;CXP9013268%15_R101LX ; (Radio449944B144B3C)
Radio-S2-1   ;BXP_2  ;RRU2217B20       ; 1 ;  OFF ;  ON ;  OFF ; N/A ;KRC161549/1     ;R1N     ;TU8U00CZ7U    ;20200716 ;4 (OK) ; 21.3 ;4.05 ;54.4 ;CXP9013268%9_R96JB   ; (Radio2217B20)
-------------------------------------------------------------------------------------------------------------------------------------

=====================================================================================================================================
AntennaNearUnit                                   ;ST  ;TYPE   ;PRODUCTNR  ;REV                ;UNIQUEID             ;RfPort
=====================================================================================================================================
AntennaUnitGroup=1,AntennaNearUnit=RET_1800_2100  ; 1  ;S-RET  ;RETINSIDE  ;RF11CIPT_VER.C     ;HWM1011H5024M222yyR  ;FieldReplaceableUnit=Radio-S1-1,RfPort=R
AntennaUnitGroup=1,AntennaNearUnit=RET_2600       ; 1  ;S-RET  ;AIMM20M22  ;WD81MANBRCU_VER.D  ;HWM1360F103LL0182yL  ;FieldReplaceableUnit=Radio-S1-1,RfPort=R
AntennaUnitGroup=1,AntennaNearUnit=RET_800        ; 1  ;S-RET  ;RETINSIDE  ;RF11CIPT_VER.C     ;HWM1011H5024K58310r  ;FieldReplaceableUnit=Radio-S1-1,RfPort=R
AntennaUnitGroup=1,AntennaNearUnit=RET_900        ; 1  ;S-RET  ;AIMM20M22  ;WD81MANBRCU_VER.D  ;HWM1360F103LK0570rr  ;FieldReplaceableUnit=Radio-S1-1,RfPort=R
AntennaUnitGroup=2,AntennaNearUnit=RET_1800_2100  ; 1  ;S-RET  ;RETINSIDE  ;RF11CIPT_VER.D     ;HWM1011H501VF450yyR  ;FieldReplaceableUnit=Radio-S2-1,RfPort=R
AntennaUnitGroup=2,AntennaNearUnit=RET_2600       ; 1  ;S-RET  ;RETINSIDE  ;RF11CIPT_VER.D     ;HWM1011H501VE9397yL  ;FieldReplaceableUnit=Radio-S2-1,RfPort=R
AntennaUnitGroup=2,AntennaNearUnit=RET_800        ; 1  ;S-RET  ;RETINSIDE  ;RF11CIPT_VER.D     ;HWM1011H501VD98500r  ;FieldReplaceableUnit=Radio-S2-1,RfPort=R
AntennaUnitGroup=2,AntennaNearUnit=RET_900        ; 1  ;S-RET  ;AIMM20M22  ;WD81MANBRCU_VER.D  ;HWM1360F200RH5549rr  ;FieldReplaceableUnit=Radio-S2-1,RfPort=R
-------------------------------------------------------------------------------------------------------------------------------------

=====================================================================================================================================
XPBOARD  ;ST ;FAULT ;OPER ;PRODUCTNUMBER ;REV ;SERIAL/NAME ;DATE     ; TEMP ;MO
=====================================================================================================================================
FAN08    ; 1 ;N/A   ;N/A  ;BKV106236/1   ;R2F ;DD111X6464  ;20220702 ; 33.7 ;SupportUnit=1 (FAN  BB-1)
-------------------------------------------------------------------------------------------------------------------------------------

=====================================================================================================================================
ID ;T ;RiL    ;BPBP ;BOARD1           ;LNH1 ;PORT ;R ;LINK ;RATE  ; BER ;BOARD2           ;LNH2 ;PORT ;R ;LINK ;RATE  ; BER ;LENGTH ;MO1 - MO2
=====================================================================================================================================
 1 ;O ;  S1-1 ;1111 ;BB6631           ;000100 ; 1 ;M ;Up   ;9.8G  ;   0 ;RRU2217B20       ;BXP_3  ; 0 ;S ;Up   ;9.8G  ;   0 ;   56m ;Fru=BB-1(A) Fru=Radio-S1-1(D1)
 2 ;O ;  S2-1 ;1111 ;BB6631           ;000100 ; 2 ;M ;Up   ;9.8G  ;   0 ;RRU2217B20       ;BXP_2  ; 0 ;S ;Up   ;9.8G  ;   0 ;   56m ;Fru=BB-1(B) Fru=Radio-S2-1(D1)
 3 ;O ;S100-1 ;1111 ;BB6631           ;000100 ; 4 ;M ;Up   ;10.1G ;   0 ;RRU449944B144B3C ;BXP_4  ; 1 ;S ;Up   ;10.1G ;   0 ;   61m ;Fru=BB-1(D) Fru=Radio-S100-1(D2)
-------------------------------------------------------------------------------------------------------------------------------------

=====================================================================================================================================
ID ;LINK ;RiL    ;VENDOR1  ;VENDORPROD1      ;REV1 ;SERIAL1        ;DATE1    ;ERICSSONPROD1      ;VENDOR2  ;VENDORPROD2      ;REV2 ;SERIAL2        ;DATE2    ;ERICSSONPROD2      ;TT ;WL1     ;WL2    
=====================================================================================================================================
 1 ;Up   ;  S1-1 ;ERICSSON ;SPP10ELRIDFSEN   ;10   ;CT73324650     ;20230217 ;RDH10265/2 R1A     ;ERICSSON ;SPP10ELRIDFSEN   ;10   ;CT73323525     ;20230217 ;RDH10265/2 R1A     ;0  ;1310.00 ;1310.00
 2 ;Up   ;  S2-1 ;ERICSSON ;SPP10ELRIDFSEN   ;10   ;CT73317406     ;20230216 ;RDH10265/2 R1A     ;ERICSSON ;SPP10ELRIDFSEN   ;10   ;CT73323121     ;20230217 ;RDH10265/2 R1A     ;0  ;1310.00 ;1310.00
 3 ;Up   ;S100-1 ;ERICSSON ;SPP10ELRIDFSEN   ;10   ;CT73321212     ;20230217 ;RDH10265/2 R1A     ;ERICSSON ;SPP10ELRIDFSEN   ;10   ;CT73321820     ;20230217 ;RDH10265/2 R1A     ;0  ;1310.00 ;1310.00
-------------------------------------------------------------------------------------------------------------------------------------

=====================================================================================================================================
ID ;LINK ;RiL    ;WL1     ;TEMP1 ;TXbs1 ;TXdBm1 ;RXdBm1 ;BER1   ;WL2     ;TEMP2 ;TXbs2 ;TXdBm2 ;RXdBm2 ;BER2   ;DlLoss ;UlLoss ;LENGTH ;TT
=====================================================================================================================================
 1 ;Up   ;  S1-1 ;1310.00 ;35C   ;44%   ;-3.17  ;-2.23  ;   0   ;1310.00 ;26C   ;39%   ;-2.12  ;-3.93  ;   0   ;  0.76 ;  0.11 ;   56m ; 0
 2 ;Up   ;  S2-1 ;1310.00 ;33C   ;34%   ;-2.06  ;-1.66  ;   0   ;1310.00 ;25C   ;42%   ;-2.15  ;-3.19  ;   0   ;  1.13 ; -0.49 ;   56m ; 0
 3 ;Up   ;S100-1 ;1310.00 ;33C   ;30%   ;-2.12  ;-2.92  ;   0   ;1310.00 ;23C   ;33%   ;-1.83  ;-4.34  ;   0   ;  2.22 ;  1.09 ;   61m ; 0
-------------------------------------------------------------------------------------------------------------------------------------

=====================================================================================================================================
ID ;RiL    ;BOARD            ;SFPLNH  ;PORT ;VENDOR   ;VENDORPROD       ;REV  ;SERIAL         ;DATE     ;ERICSSONPROD       ;WL      ;TEMP  ;TXbs  ;TXdBm  ;RXdBm  ; BER
=====================================================================================================================================
 1 ;  S1-1 ;BB6631           ;000100   ;  1 ;ERICSSON ;SPP10ELRIDFSEN   ;10   ;CT73324650     ;20230217 ;RDH10265/2 R1A     ;1310.00 ;35C   ;44%   ;-3.17  ;-2.23  ;   0
 2 ;  S2-1 ;BB6631           ;000100   ;  2 ;ERICSSON ;SPP10ELRIDFSEN   ;10   ;CT73317406     ;20230216 ;RDH10265/2 R1A     ;1310.00 ;33C   ;34%   ;-2.06  ;-1.66  ;   0
 3 ;S100-1 ;BB6631           ;000100   ;  4 ;ERICSSON ;SPP10ELRIDFSEN   ;10   ;CT73321212     ;20230217 ;RDH10265/2 R1A     ;1310.00 ;33C   ;30%   ;-2.12  ;-2.92  ;   0
 2 ;  S2-1 ;RRU2217B20       ;BXP_2    ;  0 ;ERICSSON ;SPP10ELRIDFSEN   ;10   ;CT73323121     ;20230217 ;RDH10265/2 R1A     ;1310.00 ;25C   ;42%   ;-2.15  ;-3.19  ;   0
 1 ;  S1-1 ;RRU2217B20       ;BXP_3    ;  0 ;ERICSSON ;SPP10ELRIDFSEN   ;10   ;CT73323525     ;20230217 ;RDH10265/2 R1A     ;1310.00 ;26C   ;39%   ;-2.12  ;-3.93  ;   0
 3 ;S100-1 ;RRU449944B144B3C ;BXP_4    ;  1 ;ERICSSON ;SPP10ELRIDFSEN   ;10   ;CT73321820     ;20230217 ;RDH10265/2 R1A     ;1310.00 ;23C   ;33%   ;-1.83  ;-4.34  ;   0
-------------------------------------------------------------------------------------------------------------------------------------
TN ;       ;BB6631           ;000100   ; IB ;ERICSSON ;EOLS-1324-10-DI9 ;1.0  ;DZ8N900BXU     ;20220914 ;RDH10247/2 R2A     ;1310    ;23C   ;22%   ;-5.72  ;-16.99 ; 0/0
TN ;       ;BB6631           ;000100   ;IA2 ;ERICSSON ;NDAAF9-E201      ;E    ;APF23232017G7G ;20230611 ;RPM777053/1000 R1B ;NA      ;NA    ;NA    ;NA     ;NA     ; 0/0
-------------------------------------------------------------------------------------------------------------------------------------

=====================================================================================================================================
BOARD  ;LNH    ;PORT       ;T ;S ;OpMode   ;AutoNeg ;MacAddress        ;VlanIds        ;LOS ;BER
=====================================================================================================================================
BB6631 ;000100 ;TN_IDL_A_1 ;E ;1 ;10G_FULL ;false   ;E4:0D:3B:8E:EB:62 ;3901,3908,3910 ;0   ;0/0
BB6631 ;000100 ;TN_IDL_A_2 ;O ;1 ;10G_FULL ;false   ;E4:0D:3B:8E:EB:63 ;3908           ;0   ;0/0
BB6631 ;000100 ;TN_IDL_B   ;O ;1 ;1G_FULL  ;true    ;E4:0D:3B:8E:EB:66 ;3901,3908,3910 ;0   ;0/0
-------------------------------------------------------------------------------------------------------------------------------------

radioClockState : RNT_TIME_LOCKED
-------------------------------------------------------------------------------------
Prio  ;ST  ;syncRefType    ;refStatus  ;opQualLevel  ;SyncReference
-------------------------------------------------------------------------------------
  *1  ; 1  ;PTP_TIME       ;NO_FAULT   ;PRTC         ;Ptp=1,BoundaryOrdinaryClock=PTP (G_8275_1 EthernetPort=TN_IDL_B:SLAVE EthernetPort=TN_IDL_A_1:MASTER)
   2  ; 1  ;NTP_FREQUENCY  ;NO_FAULT   ;PRC          ;Ntp=1,NtpFrequencySync=NTP1 (10.31.0.54:32751 Router=45G_Traffic,InterfaceIPv4=LTE,AddressIPv4=LTE)
-------------------------------------------------------------------------------------
-------------------------------------------------------------------------------------
Prio  ;ST  ;assistRefStatus  ;recQualLevel  ;AssistingReference
-------------------------------------------------------------------------------------
   1  ; 1  ;NO_FAULT         ;PRC           ;Synchronization=1,SyncEthInput=SyncE (SFP_OPTICAL EthernetPort=TN_IDL_B)
-------------------------------------------------------------------------------------

=====================================================================================================================================
FRU          ;LNH    ;BOARD            ;RF  ;BP  ;TX (W/dBm)  ;VSWR (RL)   ;RX (dBm) ;UEs/gUEs  ;Sector/AntennaGroup/Cells (State:CellIds:PCIs)
=====================================================================================================================================
Radio-S1-1   ;BXP_3  ;RRU2217B20       ; A  ;11  ;-           ;1.17 (22.3) ;         ;4/-       ;SE=1 AG=1 FDD=RL11E1 NIOT=RL11N1 (1:61:332, 1:161:332)
Radio-S1-1   ;BXP_3  ;RRU2217B20       ; B  ;11  ;-           ;1.12 (24.8) ;         ;4/-       ;SE=1 AG=1 FDD=RL11E1 NIOT=RL11N1 (1:61:332, 1:161:332)
Radio-S2-1   ;BXP_2  ;RRU2217B20       ; A  ;11  ;-           ;1.11 (25.7) ;         ;4/-       ;SE=2 AG=2 FDD=RL11E2 NIOT=RL11N2 (1:62:188, 1:162:188)
Radio-S2-1   ;BXP_2  ;RRU2217B20       ; B  ;11  ;-           ;1.26 (18.9) ;         ;4/-       ;SE=2 AG=2 FDD=RL11E2 NIOT=RL11N2 (1:62:188, 1:162:188)
Radio-S100-1 ;BXP_4  ;RRU449944B144B3C ; A  ;11  ;37.7 (45.8) ;1.05 (32.8) ;-96.4    ;10/-      ;SE=100 AG=100 FDD=RL11M1 FDD=RL11T1 (1:31:90, 1:41:334)
Radio-S100-1 ;BXP_4  ;RRU449944B144B3C ; B  ;11  ;-           ;1.10 (26.2) ;-96.3    ;10/-      ;SE=100 AG=100 FDD=RL11M1 FDD=RL11T1 (1:31:90, 1:41:334)
Radio-S100-1 ;BXP_4  ;RRU449944B144B3C ; C  ;11  ;45.1 (46.5) ;1.05 (32.0) ;-95.2    ;13/-      ;SE=101 AG=101 FDD=RL11M2 FDD=RL11T2 (1:32:388, 1:42:207)
Radio-S100-1 ;BXP_4  ;RRU449944B144B3C ; D  ;11  ;13.2 (41.2) ;1.11 (25.4) ;-95.1    ;13/-      ;SE=101 AG=101 FDD=RL11M2 FDD=RL11T2 (1:32:388, 1:42:207)
-------------------------------------------------------------------------------------------------------------------------------------

RL11T> mfar

251125-12:43:34+0100 19.31.12.176 25.0h MSRBS_NODE_MODEL_25.Q1_693.28324.131_62ac stopfile=/tmp/2366577
.....
Last MO: 18837. Loaded 18837 MOs. Total: 18838 MOs.
..............................................
get /rop/A20251125.1000-1015_RL11T.xml.gz /ericsson/log/amos/moshell_logfiles/t20251125_37258710_65084/logs_moshell/pmfiles/19.31.12.176/rop/A20251125.1000-1015_RL11T.xml.gz ... OK
get /rop/A20251125.1015-1030_RL11T.xml.gz /ericsson/log/amos/moshell_logfiles/t20251125_37258710_65084/logs_moshell/pmfiles/19.31.12.176/rop/A20251125.1015-1030_RL11T.xml.gz ... OK
get /rop/A20251125.1030-1045_RL11T.xml.gz /ericsson/log/amos/moshell_logfiles/t20251125_37258710_65084/logs_moshell/pmfiles/19.31.12.176/rop/A20251125.1030-1045_RL11T.xml.gz ... OK

Using hardcoded thresholds: 3, 4.5, and 16.5
================================================================================================================================
SC     SE  Tx/Rx BrPair  RfPort1 - RfPort2               HW       Serial      Cell (State)   Samples   Med  Mean  SDev Pol Res Issue
================================================================================================================================
RL11E1   1   2/2 0 (1,2) Radio-S1-1(A) Radio-S1-1(B)     RRU2217  TU8U00CZ7M  FDD=RL11E1 (1)   84877  -0.5  -0.5   6.8  NA  OK Passed
RL11E2   2   2/2 0 (1,2) Radio-S2-1(A) Radio-S2-1(B)     RRU2217  TU8U00CZ7U  FDD=RL11E2 (1)  111804   0.5   0.1   6.6  NA  OK Passed
RL11M1 100   2/2 0 (1,2) Radio-S100-1(A) Radio-S100-1(B) RRU4499  TU8U024CFK  FDD=RL11M1 (1)    4803   3.5   3.1   7.6  NA OKW Possible RF Loss or PIM at Radio-S100-1(A)
RL11M2 101   2/2 0 (1,2) Radio-S100-1(C) Radio-S100-1(D) RRU4499  TU8U024CFK  FDD=RL11M2 (1)   25346   0.5   0.5   8.2  NA  OK Passed
RL11T1 100   2/2 0 (1,2) Radio-S100-1(A) Radio-S100-1(B) RRU4499  TU8U024CFK  FDD=RL11T1 (1)   94840   0.5   0.7   6.5  NA  OK Passed
RL11T2 101   2/2 0 (1,2) Radio-S100-1(C) Radio-S100-1(D) RRU4499  TU8U024CFK  FDD=RL11T2 (1)  117180  -1.5  -2.4   7.0  NA  OK Passed
================================================================================================================================
Total: 6 SectorCarriers, 6 RfBranch Pairs (5 OK, 1 OKW, 0 NOK, 0 NT)
......
Last MO: 18837. Loaded 18837 MOs. Total: 18838 MOs.

No NRSectorCarrier MOs are defined on the node.

RL11T> mfitr

251125-12:43:51+0100 19.31.12.176 25.0h MSRBS_NODE_MODEL_25.Q1_693.28324.131_62ac stopfile=/tmp/2366577
.........
Last MO: 18837. Loaded 18837 MOs. Total: 18838 MOs.
.......
2025-11-25 12:44
================================================================================================================================
CELL       SC     FRU          BOARD            PUSCH  PUCCH       A      B      C      D  DELTA
================================================================================================================================
FDD=RL11E1 RL11E1 Radio-S1-1   RRU2217B20       -119.9 -120.4 -120.4 -119.6                  0.8
FDD=RL11E2 RL11E2 Radio-S2-1   RRU2217B20       -117.7 -114.8 -117.6 -117.5                  0.1
FDD=RL11M1 RL11M1 Radio-S100-1 RRU449944B144B3C -120.2 -120.2 -120.0 -119.9                  0.1
FDD=RL11M2 RL11M2 Radio-S100-1 RRU449944B144B3C -119.2 -119.1               -119.1 -119.1      0
FDD=RL11T1 RL11T1 Radio-S100-1 RRU449944B144B3C -119.5 -118.3 -119.7 -119.6                  0.1
FDD=RL11T2 RL11T2 Radio-S100-1 RRU449944B144B3C -118.1 -116.3               -117.8 -117.5    0.3
================================================================================================================================
Bye...
Output has been logged to file /mta_fs/UserFiles/37258710/amosbatch/SDIR/RL11T.log
