Logging to file /mta_fs/UserFiles/37258710/amosbatch/SDIR/RL1DL.log
                        __  __  ____   _____
                  /\   |  \/  |/ __ \ / ____|
                 /  \  | \  / | |  | | (___  
                / /\ \ | |\/| | |  | |\___ \ 
               / ____ \| |  | | |__| |____) |
              /_/    \_\_|  |_|\____/|_____/
              OSS Framework for MoShell-25.0h 
  Copyright (c) Ericsson AB 2001-2025 - All Rights Reserved
              
           
[1;31mWARNING: [0mthe AMOS version currently running is more than 29 weeks old and is unsupported.
Please upgrade as soon as possible to the latest released version, available from your local Ericsson support.

$amosrb_pid = 1325166

Checking ip contact...OK

HELP MENU            : h
BASIC MO COMMANDS    : m
OTHER MO COMMANDS    : n
OTHER COMMANDS       : o
PM COMMANDS          : p
QUIT                 : q

RL1DL> lt all

251125-08:35:18+0100 19.31.16.213 25.0h  stopfile=/tmp/1323809
Looking up temporary_amos account... OK.
Trying temporary_amos_t20251125_37258710_65084_131's password from amos lookupAccount ... OK

$ssh_pid = 1332743

Connected to 19.31.16.213 (SubNetwork=BBMM_rckomc_R,MeContext=RL1DL,ManagedElement=RL1DL)

Checking MOM version...MSRBS_NODE_MODEL_25.Q1_198665.224.73_bf81
Parsing MOM (cached): /ericsson/log/amos/moshell_logfiles/t20251125_37258710_65084/logs_moshell/tempfiles/scp-4-amos_20251125-083506_1323523/MSRBS_NODE_MODEL_25.Q1_198665.224.73_bf81.xml.cache.gz ......................................................................................................................................................................................................................Done.
Using paramfile /opt/ericsson/amos/moshell/commonjars/pm/PARAM_MSRBSG2_25.Q1.txt
Parsing file /opt/ericsson/amos/moshell/commonjars/pm/PARAM_MSRBSG2_25.Q1.txt ......................................................................................Done.
Using imomdfile /opt/ericsson/amos/moshell/commonjars/pm/IMOMD_MSRBS_22.Q4.txt
Using imomfile /opt/ericsson/amos/moshell/commonjars/pm/IMOM_MSRBS_25.Q1.txt
Connected to 19.31.16.213 (SubNetwork=BBMM_rckomc_R,MeContext=RL1DL,ManagedElement=RL1DL)

Last MO: 16551. Loaded 16551 MOs. Total: 16552 MOs.

RL1DL> st cell

251125-08:35:42+0100 19.31.16.213 25.0h MSRBS_NODE_MODEL_25.Q1_198665.224.73_bf81 stopfile=/tmp/1323809
===================================================================================
Proxy  Adm State     Op. State     MO
===================================================================================
   56  1 (UNLOCKED)  1 (ENABLED)   ENodeBFunction=1,EUtranCellFDD=RL1DL1
  157  1 (UNLOCKED)  1 (ENABLED)   ENodeBFunction=1,EUtranCellFDD=RL1DL2
  254  1 (UNLOCKED)  1 (ENABLED)   ENodeBFunction=1,EUtranCellFDD=RL1DL3
===================================================================================
Total: 3 MOs

RL1DL> st radio

251125-08:35:43+0100 19.31.16.213 25.0h MSRBS_NODE_MODEL_25.Q1_198665.224.73_bf81 stopfile=/tmp/1323809
===================================================================================
Proxy  Adm State     Op. State     MO
===================================================================================
 1080  1 (UNLOCKED)  1 (ENABLED)   Equipment=1,FieldReplaceableUnit=Radio-S10-1
 1092  1 (UNLOCKED)  1 (ENABLED)   Equipment=1,FieldReplaceableUnit=Radio-S11-1
 1104  1 (UNLOCKED)  1 (ENABLED)   Equipment=1,FieldReplaceableUnit=Radio-S12-1
 1116  1 (UNLOCKED)  1 (ENABLED)   Equipment=1,FieldReplaceableUnit=Radio-S180-1
 1131  1 (UNLOCKED)  1 (ENABLED)   Equipment=1,FieldReplaceableUnit=Radio-S181-1
16545  1 (UNLOCKED)  1 (ENABLED)   Transport=1,Synchronization=1,RadioEquipmentClock=1,RadioEquipmentClockReference=NTP1
16546  1 (UNLOCKED)  1 (ENABLED)   Transport=1,Synchronization=1,RadioEquipmentClock=1,RadioEquipmentClockReference=PTP
===================================================================================
Total: 7 MOs

RL1DL> sdir

251125-08:35:44+0100 19.31.16.213 25.0h MSRBS_NODE_MODEL_25.Q1_198665.224.73_bf81 stopfile=/tmp/1323809
INFO: Using amos lookupAccount credentials for the export login
...............................
get /rop/A20251125.0645-0700_RL1DL.xml.gz /ericsson/log/amos/moshell_logfiles/t20251125_37258710_65084/logs_moshell/pmfiles/19.31.16.213/rop/A20251125.0645-0700_RL1DL.xml.gz ... OK
get /rop/A20251125.0700-0715_RL1DL.xml.gz /ericsson/log/amos/moshell_logfiles/t20251125_37258710_65084/logs_moshell/pmfiles/19.31.16.213/rop/A20251125.0700-0715_RL1DL.xml.gz ... OK
get /rop/A20251125.0715-0730_RL1DL.xml.gz /ericsson/log/amos/moshell_logfiles/t20251125_37258710_65084/logs_moshell/pmfiles/19.31.16.213/rop/A20251125.0715-0730_RL1DL.xml.gz ... OK
....Checking available boards on node...

Collecting RCS board data ...
...................................................................................
..........................
...........................................................................................................................................................................................................................................................................................................
...........
Collecting TN data...
....................................................................................................................................................................................................................................................................
Collecting RF data...
.
Collecting Alarms...
Executing action Log.export()
...
Log=AlarmLog                    actionId=1492
.....
Executing action LogM.exportAvailabilityLog()
..LogM=1,exportAvailabilityLog    actionId=1493
.....Parsing alarmLog...Done.
Parsing availabilityLog....Done.
..

Total: 5 CPRI links (5 OK, 0 OKW, 0 NOK, 0 NT)

+--------+                      +-------------+
|        | A        O98      D1 | Radio-S10-1 |
|        |-----------1----------|  RRU2219B8  |
|        |         OK-36m       |    BXP_2    |
|        |                      +-------------+
|        |                              |A  |B
|        |             SE=10 AG=10 GT=RL1DD1/0
|        |                         GT=RL1DD1/1
|        |
|        |                      +-------------+
|        | B        O98      D1 | Radio-S11-1 |
|        |-----------2----------|  RRU2219B8  |
|        |         OK-42m       |    BXP_3    |
|        |                      +-------------+
|        |                              |A  |B
|        |             SE=11 AG=11 GT=RL1DD2/0
|        |                         GT=RL1DD2/1
|        |
|        |                      +-------------+
|        | C        O98      D1 | Radio-S12-1 |
|        |-----------3----------|  RRU2219B8  |
|        |         OK-37m       |    BXP_4    |
|        |                      +-------------+
|        |                              |A  |B
|  BB-1  |             SE=12 AG=12 GT=RL1DD3/0
| BB6630 |                         GT=RL1DD3/1
| 000100 |
|        |                      +---------------+
|        | D        O101     D1 | Radio-S181-1  |
|        |-----------4----------|   RRU4415B7   |
|        |         OK-38m       |     BXP_5     |
|        |                      +---------------+
|        |                        |A  |B  |C  |D
|        |                 SE=181 AG=181  |   |
|        |                    FDD=RL1DL2  |   |
|        |                         SE=182 AG=182
|        |                            FDD=RL1DL3
|        |
|        |                      +---------------+
|        | E        O101     D1 | Radio-S180-1  |
|        |-----------5----------|   RRU4415B7   |
|        |         OK-37m       |     BXP_6     |
|        |                      +---------------+
|        |                        |A  |B  |C  |D
|        |                 SE=180 AG=180  |   |
|        |                    FDD=RL1DL1  |   |
|        |
+--------+

=====================================================================================================================================
ID RiL    Type Res MO1-MO2                  BOARD1-BOARD2    AlmIDs Cells (States)                Issue (Failed checks)
=====================================================================================================================================
 1 S10-1  O98  OK  BB-1(A) Radio-S10-1(D1)  BB6630 RRU2219B8        GT=RL1DD1/0 GT=RL1DD1/1 (1,1) Passed
 2 S11-1  O98  OK  BB-1(B) Radio-S11-1(D1)  BB6630 RRU2219B8        GT=RL1DD2/0 GT=RL1DD2/1 (1,1) Passed
 3 S12-1  O98  OK  BB-1(C) Radio-S12-1(D1)  BB6630 RRU2219B8        GT=RL1DD3/0 GT=RL1DD3/1 (1,1) Passed
 4 S181-1 O101 OK  BB-1(D) Radio-S181-1(D1) BB6630 RRU4415B7        FDD=RL1DL2 FDD=RL1DL3 (1,1)   Passed
 5 S180-1 O101 OK  BB-1(E) Radio-S180-1(D1) BB6630 RRU4415B7        FDD=RL1DL1 (1)                Passed
-------------------------------------------------------------------------------------------------------------------------------------

Node: RadioNode GL   CXP9024418/16_R8D21 (RCG123.3-3)   G2   GSM LTE-FDD 

=====================================================================================================================================
FRU          ;LNH    ;BOARD     ;ST ;FAULT ;OPER ;MAINT ;STAT ;PRODUCTNUMBER   ;REV     ;SERIAL        ;DATE     ;PMTEMP ; TEMP ; UPT ;VOLT ;SW                   ;
=====================================================================================================================================
BB-1         ;000100 ;BB6630    ; 1 ;  OFF ;  ON ;  OFF ;  ON ;KDU137848/11    ;R3D     ;E96A00PTMZ    ;20220321 ;3 (OK) ;      ;35.5 ;48   ;                     ;
Radio-S10-1  ;BXP_2  ;RRU2219B8 ; 1 ;  OFF ;  ON ;  OFF ; N/A ;KRC161670/1     ;R1D     ;TU8U01FGTC    ;20220316 ;4 (OK) ; 19.5 ;35.5 ;53.9 ;CXP9013268%9_R96JB   ; (Radio2219B8)
Radio-S11-1  ;BXP_3  ;RRU2219B8 ; 1 ;  OFF ;  ON ;  OFF ; N/A ;KRC161670/1     ;R1D     ;TU8U01FGK3    ;20220316 ;4 (OK) ; 19.5 ;35.5 ;53.7 ;CXP9013268%9_R96JB   ; (Radio2219B8)
Radio-S12-1  ;BXP_4  ;RRU2219B8 ; 1 ;  OFF ;  ON ;  OFF ; N/A ;KRC161670/1     ;R1D     ;TU8U01FGK1    ;20220316 ;4 (OK) ; 21.8 ;35.5 ;53.5 ;CXP9013268%9_R96JB   ; (Radio2219B8)
Radio-S180-1 ;BXP_6  ;RRU4415B7 ; 1 ;  OFF ;  ON ;  OFF ; N/A ;KRC161495/1     ;R5F     ;E55F928344    ;20220331 ;4 (OK) ; 20.9 ;35.5 ;53.4 ;CXP9013268%15_R101KB ; (Radio4415B7)
Radio-S181-1 ;BXP_5  ;RRU4415B7 ; 1 ;  OFF ;  ON ;  OFF ; N/A ;KRC161495/1     ;R5F     ;E55F928336    ;20220331 ;4 (OK) ; 25.5 ;35.5 ;52.9 ;CXP9013268%15_R101KB ; (Radio4415B7)
-------------------------------------------------------------------------------------------------------------------------------------

=====================================================================================================================================
XPBOARD  ;ST ;FAULT ;OPER ;PRODUCTNUMBER ;REV ;SERIAL/NAME ;DATE     ; TEMP ;MO
=====================================================================================================================================
FAN      ; 1 ;N/A   ;N/A  ;BKV106217/1   ;N/A ;N/A         ;N/A      ;      ;SupportUnit=1 (FAN  BB-1)
-------------------------------------------------------------------------------------------------------------------------------------

=====================================================================================================================================
ID ;T ;RiL    ;BPBP ;BOARD1    ;LNH1 ;PORT ;R ;LINK ;RATE  ; BER ;BOARD2    ;LNH2 ;PORT ;R ;LINK ;RATE  ; BER ;LENGTH ;MO1 - MO2
=====================================================================================================================================
 1 ;O ; S10-1 ;1111 ;BB6630    ;000100 ; 1 ;M ;Up   ;9.8G  ;   0 ;RRU2219B8 ;BXP_2  ; 0 ;S ;Up   ;9.8G  ;   0 ;   36m ;Fru=BB-1(A) Fru=Radio-S10-1(D1)
 2 ;O ; S11-1 ;1111 ;BB6630    ;000100 ; 2 ;M ;Up   ;9.8G  ;   0 ;RRU2219B8 ;BXP_3  ; 0 ;S ;Up   ;9.8G  ;   0 ;   42m ;Fru=BB-1(B) Fru=Radio-S11-1(D1)
 3 ;O ; S12-1 ;1111 ;BB6630    ;000100 ; 3 ;M ;Up   ;9.8G  ;   0 ;RRU2219B8 ;BXP_4  ; 0 ;S ;Up   ;9.8G  ;   0 ;   37m ;Fru=BB-1(C) Fru=Radio-S12-1(D1)
 4 ;O ;S181-1 ;1111 ;BB6630    ;000100 ; 4 ;M ;Up   ;10.1G ;   0 ;RRU4415B7 ;BXP_5  ; 0 ;S ;Up   ;10.1G ;   0 ;   38m ;Fru=BB-1(D) Fru=Radio-S181-1(D1)
 5 ;O ;S180-1 ;1111 ;BB6630    ;000100 ; 5 ;M ;Up   ;10.1G ;   0 ;RRU4415B7 ;BXP_6  ; 0 ;S ;Up   ;10.1G ;   0 ;   37m ;Fru=BB-1(E) Fru=Radio-S180-1(D1)
-------------------------------------------------------------------------------------------------------------------------------------

=====================================================================================================================================
ID ;LINK ;RiL    ;VENDOR1  ;VENDORPROD1     ;REV1 ;SERIAL1        ;DATE1    ;ERICSSONPROD1  ;VENDOR2  ;VENDORPROD2     ;REV2 ;SERIAL2        ;DATE2    ;ERICSSONPROD2  ;TT ;WL1     ;WL2    
=====================================================================================================================================
 1 ;Up   ; S10-1 ;ERICSSON ;SPP10ELRIDFSEN  ;10   ;CT73524788     ;20230407 ;RDH10265/2 R1A ;ERICSSON ;SPP10ELRIDFREN  ;10   ;M4M2012818     ;20220321 ;RDH10265/2 R1A ;0  ;1310.00 ;1310.00
 2 ;Up   ; S11-1 ;ERICSSON ;RTXM228-702-C22 ;1.0  ;HN231600112722 ;20230422 ;RDH10265/2 R1A ;ERICSSON ;SPP10ELRIDFREN  ;10   ;M4O2009290     ;20220323 ;RDH10265/2 R1A ;0  ;1310.00 ;1310.00
 3 ;Up   ; S12-1 ;ERICSSON ;RTXM228-702-C22 ;1.0  ;HN231600112725 ;20230422 ;RDH10265/2 R1A ;ERICSSON ;SPP10ELRIDFREN  ;10   ;M4N2009692     ;20220322 ;RDH10265/2 R1A ;0  ;1310.00 ;1310.00
 4 ;Up   ;S181-1 ;ERICSSON ;RTXM228-702-C22 ;1.0  ;HM231700011295 ;20230424 ;RDH10265/2 R1A ;ERICSSON ;SPP10ELRIDFREN  ;10   ;M4M2009663     ;20220321 ;RDH10265/2 R1A ;0  ;1310.00 ;1310.00
 5 ;Up   ;S180-1 ;ERICSSON ;EOLP-1396-02-IY ;1.0  ;DZ8P300ZTY     ;20230313 ;RDH10265/2 R1A ;ERICSSON ;RTXM228-702-C22 ;1.0  ;CU824K3JK6     ;20241026 ;RDH10265/2 R1A ;0  ;1310.00 ;1310.00
-------------------------------------------------------------------------------------------------------------------------------------

=====================================================================================================================================
ID ;LINK ;RiL    ;WL1     ;TEMP1 ;TXbs1 ;TXdBm1 ;RXdBm1 ;BER1   ;WL2     ;TEMP2 ;TXbs2 ;TXdBm2 ;RXdBm2 ;BER2   ;DlLoss ;UlLoss ;LENGTH ;TT
=====================================================================================================================================
 1 ;Up   ; S10-1 ;1310.00 ;46C   ;47%   ;-3.41  ;-4.01  ;   0   ;1310.00 ;20C   ;38%   ;-2.15  ;-2.52  ;   0   ; -0.89 ;  1.86 ;   36m ; 0
 2 ;Up   ; S11-1 ;1310.00 ;50C   ;62%   ;-0.36  ;-2.81  ;   0   ;1310.00 ;20C   ;37%   ;-1.57  ;-1.20  ;   0   ;  0.84 ;  1.24 ;   42m ; 0
 3 ;Up   ; S12-1 ;1310.00 ;53C   ;63%   ;-1.28  ;-2.94  ;   0   ;1310.00 ;22C   ;37%   ;-1.97  ;-1.92  ;   0   ;  0.64 ;  0.97 ;   37m ; 0
 4 ;Up   ;S181-1 ;1310.00 ;52C   ;64%   ;-2.14  ;-2.56  ;   0   ;1310.00 ;22C   ;40%   ;-2.03  ;-2.88  ;   0   ;  0.74 ;  0.53 ;   38m ; 0
 5 ;Up   ;S180-1 ;1310.00 ;44C   ;42%   ;-2.15  ;-0.96  ;   0   ;1310.00 ;27C   ;51%   ;-1.24  ;-2.22  ;   0   ;  0.07 ; -0.28 ;   37m ; 0
-------------------------------------------------------------------------------------------------------------------------------------

=====================================================================================================================================
ID ;RiL    ;BOARD     ;SFPLNH  ;PORT ;VENDOR   ;VENDORPROD      ;REV  ;SERIAL         ;DATE     ;ERICSSONPROD   ;WL      ;TEMP  ;TXbs  ;TXdBm  ;RXdBm  ; BER
=====================================================================================================================================
 1 ; S10-1 ;BB6630    ;000100   ;  1 ;ERICSSON ;SPP10ELRIDFSEN  ;10   ;CT73524788     ;20230407 ;RDH10265/2 R1A ;1310.00 ;46C   ;47%   ;-3.41  ;-4.01  ;   0
 2 ; S11-1 ;BB6630    ;000100   ;  2 ;ERICSSON ;RTXM228-702-C22 ;1.0  ;HN231600112722 ;20230422 ;RDH10265/2 R1A ;1310.00 ;50C   ;62%   ;-0.36  ;-2.81  ;   0
 3 ; S12-1 ;BB6630    ;000100   ;  3 ;ERICSSON ;RTXM228-702-C22 ;1.0  ;HN231600112725 ;20230422 ;RDH10265/2 R1A ;1310.00 ;53C   ;63%   ;-1.28  ;-2.94  ;   0
 4 ;S181-1 ;BB6630    ;000100   ;  4 ;ERICSSON ;RTXM228-702-C22 ;1.0  ;HM231700011295 ;20230424 ;RDH10265/2 R1A ;1310.00 ;52C   ;64%   ;-2.14  ;-2.56  ;   0
 5 ;S180-1 ;BB6630    ;000100   ;  5 ;ERICSSON ;EOLP-1396-02-IY ;1.0  ;DZ8P300ZTY     ;20230313 ;RDH10265/2 R1A ;1310.00 ;44C   ;42%   ;-2.15  ;-0.96  ;   0
 1 ; S10-1 ;RRU2219B8 ;BXP_2    ;  0 ;ERICSSON ;SPP10ELRIDFREN  ;10   ;M4M2012818     ;20220321 ;RDH10265/2 R1A ;1310.00 ;20C   ;38%   ;-2.15  ;-2.52  ;   0
 2 ; S11-1 ;RRU2219B8 ;BXP_3    ;  0 ;ERICSSON ;SPP10ELRIDFREN  ;10   ;M4O2009290     ;20220323 ;RDH10265/2 R1A ;1310.00 ;20C   ;37%   ;-1.57  ;-1.20  ;   0
 3 ; S12-1 ;RRU2219B8 ;BXP_4    ;  0 ;ERICSSON ;SPP10ELRIDFREN  ;10   ;M4N2009692     ;20220322 ;RDH10265/2 R1A ;1310.00 ;22C   ;37%   ;-1.97  ;-1.92  ;   0
 4 ;S181-1 ;RRU4415B7 ;BXP_5    ;  0 ;ERICSSON ;SPP10ELRIDFREN  ;10   ;M4M2009663     ;20220321 ;RDH10265/2 R1A ;1310.00 ;22C   ;40%   ;-2.03  ;-2.88  ;   0
 5 ;S180-1 ;RRU4415B7 ;BXP_6    ;  0 ;ERICSSON ;RTXM228-702-C22 ;1.0  ;CU824K3JK6     ;20241026 ;RDH10265/2 R1A ;1310.00 ;27C   ;51%   ;-1.24  ;-2.22  ;   0
-------------------------------------------------------------------------------------------------------------------------------------
TN ;       ;BB6630    ;000100   ;  A ;ERICSSON ;SPP10ELRIDFREN  ;10   ;M4M2012130     ;20220321 ;RDH10265/2 R1A ;0       ;41C   ;41%   ;-1.87  ;-1.49  ;NZ/0
-------------------------------------------------------------------------------------------------------------------------------------

=====================================================================================================================================
BOARD  ;LNH    ;PORT   ;T ;S ;OpMode   ;AutoNeg ;MacAddress        ;VlanIds        ;LOS ;BER
=====================================================================================================================================
BB6630 ;000100 ;IDL_A1 ;E ;1 ;10G_FULL ;false   ;7C:72:6E:79:47:05 ;3908           ;0   ;0/0
BB6630 ;000100 ;TN_A   ;O ;1 ;10G_FULL ;false   ;7C:72:6E:79:47:01 ;3901,3908,3910 ;0   ;NZ/0
-------------------------------------------------------------------------------------------------------------------------------------

radioClockState : RNT_TIME_LOCKED
-------------------------------------------------------------------------------------
Prio  ;ST  ;syncRefType    ;refStatus  ;opQualLevel  ;SyncReference
-------------------------------------------------------------------------------------
  *1  ; 1  ;PTP_TIME       ;NO_FAULT   ;PRTC         ;Ptp=1,BoundaryOrdinaryClock=PTP (G_8275_1 EthernetPort=TN_A:SLAVE)
   2  ; 1  ;NTP_FREQUENCY  ;NO_FAULT   ;PRC          ;Ntp=1,NtpFrequencySync=NTP1 (10.31.0.54:32751 Router=45G_Traffic,InterfaceIPv4=LTE,AddressIPv4=LTE)
-------------------------------------------------------------------------------------
-------------------------------------------------------------------------------------
Prio  ;ST  ;assistRefStatus  ;recQualLevel  ;AssistingReference
-------------------------------------------------------------------------------------
   1  ; 1  ;NO_FAULT         ;PRTC          ;Synchronization=1,SyncEthInput=SyncE (SFP_OPTICAL EthernetPort=TN_A)
-------------------------------------------------------------------------------------

=====================================================================================================================================
FRU          ;LNH    ;BOARD     ;RF  ;BP  ;TX (W/dBm)  ;VSWR (RL)   ;RX (dBm) ;UEs/gUEs  ;Sector/AntennaGroup/Cells (State:CellIds:PCIs)
=====================================================================================================================================
Radio-S10-1  ;BXP_2  ;RRU2219B8 ; A  ;11  ;-           ;1.09 (27.0) ;         ;-/-       ;SE=10 AG=10 GT=RL1DD1/0 GT=RL1DD1/1 (1, 1)
Radio-S10-1  ;BXP_2  ;RRU2219B8 ; B  ;11  ;-           ;1.11 (25.9) ;         ;-/-       ;SE=10 AG=10 GT=RL1DD1/0 GT=RL1DD1/1 (1, 1)
Radio-S11-1  ;BXP_3  ;RRU2219B8 ; A  ;11  ;-           ;1.09 (27.7) ;         ;-/-       ;SE=11 AG=11 GT=RL1DD2/0 GT=RL1DD2/1 (1, 1)
Radio-S11-1  ;BXP_3  ;RRU2219B8 ; B  ;11  ;-           ;1.09 (27.5) ;         ;-/-       ;SE=11 AG=11 GT=RL1DD2/0 GT=RL1DD2/1 (1, 1)
Radio-S12-1  ;BXP_4  ;RRU2219B8 ; A  ;11  ;-           ;1.10 (26.5) ;         ;-/-       ;SE=12 AG=12 GT=RL1DD3/0 GT=RL1DD3/1 (1, 1)
Radio-S12-1  ;BXP_4  ;RRU2219B8 ; B  ;11  ;-           ;1.11 (25.5) ;         ;-/-       ;SE=12 AG=12 GT=RL1DD3/0 GT=RL1DD3/1 (1, 1)
Radio-S180-1 ;BXP_6  ;RRU4415B7 ; A  ;11  ;7.9 (39.0)  ;1.06 (31.1) ;-98.4    ;3/-       ;SE=180 AG=180 FDD=RL1DL1 (1:21:164)
Radio-S180-1 ;BXP_6  ;RRU4415B7 ; B  ;11  ;-           ;1.03 (36.2) ;-99.2    ;3/-       ;SE=180 AG=180 FDD=RL1DL1 (1:21:164)
Radio-S180-1 ;BXP_6  ;RRU4415B7 ; C  ;11  ;-           ;-           ;         ;          ;
Radio-S180-1 ;BXP_6  ;RRU4415B7 ; D  ;11  ;-           ;-           ;         ;          ;
Radio-S181-1 ;BXP_5  ;RRU4415B7 ; A  ;11  ;12.6 (41.0) ;1.11 (25.6) ;-97.7    ;11/-      ;SE=181 AG=181 FDD=RL1DL2 (1:22:122)
Radio-S181-1 ;BXP_5  ;RRU4415B7 ; B  ;11  ;-           ;1.15 (23.4) ;-97.8    ;11/-      ;SE=181 AG=181 FDD=RL1DL2 (1:22:122)
Radio-S181-1 ;BXP_5  ;RRU4415B7 ; C  ;11  ;3.2 (35.1)  ;1.09 (27.0) ;-95.2    ;5/-       ;SE=182 AG=182 FDD=RL1DL3 (1:23:398)
Radio-S181-1 ;BXP_5  ;RRU4415B7 ; D  ;11  ;-           ;1.11 (26.0) ;-95.9    ;5/-       ;SE=182 AG=182 FDD=RL1DL3 (1:23:398)
-------------------------------------------------------------------------------------------------------------------------------------

RL1DL> mfar

251125-08:38:24+0100 19.31.16.213 25.0h MSRBS_NODE_MODEL_25.Q1_198665.224.73_bf81 stopfile=/tmp/1323809
.....
Last MO: 16567. Loaded 16567 MOs. Total: 16568 MOs.
..........................................
get /rop/A20251125.0600-0615_RL1DL.xml.gz /ericsson/log/amos/moshell_logfiles/t20251125_37258710_65084/logs_moshell/pmfiles/19.31.16.213/rop/A20251125.0600-0615_RL1DL.xml.gz ... OK
get /rop/A20251125.0615-0630_RL1DL.xml.gz /ericsson/log/amos/moshell_logfiles/t20251125_37258710_65084/logs_moshell/pmfiles/19.31.16.213/rop/A20251125.0615-0630_RL1DL.xml.gz ... OK
get /rop/A20251125.0630-0645_RL1DL.xml.gz /ericsson/log/amos/moshell_logfiles/t20251125_37258710_65084/logs_moshell/pmfiles/19.31.16.213/rop/A20251125.0630-0645_RL1DL.xml.gz ... OK

Using hardcoded thresholds: 3, 4.5, and 16.5
================================================================================================================================
SC     SE  Tx/Rx BrPair  RfPort1 - RfPort2               HW       Serial      Cell (State)   Samples   Med  Mean  SDev Pol Res Issue
================================================================================================================================
RL1DL1 180   2/2 0 (1,2) Radio-S180-1(A) Radio-S180-1(B) RRU4415  E55F928344  FDD=RL1DL1 (1)   86084  -0.5  -0.8   6.9  NA  OK Passed
RL1DL2 181   2/2 0 (1,2) Radio-S181-1(A) Radio-S181-1(B) RRU4415  E55F928336  FDD=RL1DL2 (1)  286654   0.5  -0.0   5.6  NA  OK Passed
RL1DL3 182   2/2 0 (1,2) Radio-S181-1(C) Radio-S181-1(D) RRU4415  E55F928336  FDD=RL1DL3 (1)   31658  -0.5  -0.6   7.1  NA  OK Passed
================================================================================================================================
Total: 3 SectorCarriers, 3 RfBranch Pairs (3 OK, 0 OKW, 0 NOK, 0 NT)
.....
Last MO: 16567. Loaded 16567 MOs. Total: 16568 MOs.

No NRSectorCarrier MOs are defined on the node.

RL1DL> mfitr

251125-08:38:44+0100 19.31.16.213 25.0h MSRBS_NODE_MODEL_25.Q1_198665.224.73_bf81 stopfile=/tmp/1323809
.........
Last MO: 16567. Loaded 16567 MOs. Total: 16568 MOs.
.......
2025-11-25 08:39
================================================================================================================================
CELL       SC     FRU          BOARD     PUSCH  PUCCH       A      B      C      D  DELTA
================================================================================================================================
FDD=RL1DL1 RL1DL1 Radio-S180-1 RRU4415B7 -117.7 -118.4 -117.3 -118.1                  0.8
FDD=RL1DL2 RL1DL2 Radio-S181-1 RRU4415B7 -118.0 -118.3 -118.4 -118.5                  0.1
FDD=RL1DL3 RL1DL3 Radio-S181-1 RRU4415B7 -116.0 -117.4               -117.6 -116.8    0.8
================================================================================================================================
Bye...
Output has been logged to file /mta_fs/UserFiles/37258710/amosbatch/SDIR/RL1DL.log
