Logging to file /mta_fs/UserFiles/37258710/amosbatch/SDIR/RL53L.log
                        __  __  ____   _____
                  /\   |  \/  |/ __ \ / ____|
                 /  \  | \  / | |  | | (___  
                / /\ \ | |\/| | |  | |\___ \ 
               / ____ \| |  | | |__| |____) |
              /_/    \_\_|  |_|\____/|_____/
              OSS Framework for MoShell-25.0h 
  Copyright (c) Ericsson AB 2001-2025 - All Rights Reserved
              
           
[1;31mWARNING: [0mthe AMOS version currently running is more than 29 weeks old and is unsupported.
Please upgrade as soon as possible to the latest released version, available from your local Ericsson support.

$amosrb_pid = 2344407

Checking ip contact...OK

HELP MENU            : h
BASIC MO COMMANDS    : m
OTHER MO COMMANDS    : n
OTHER COMMANDS       : o
PM COMMANDS          : p
QUIT                 : q

RL53L> lt all

251125-12:34:34+0100 19.31.14.167 25.0h  stopfile=/tmp/2344150
Looking up temporary_amos account... OK.
Trying temporary_amos_t20251125_37258710_65084_131's password from amos lookupAccount ... OK

$ssh_pid = 2345073

Connected to 19.31.14.167 (SubNetwork=BBMM_rckomc_R,MeContext=RL53L,ManagedElement=RL53L)

Checking MOM version...MSRBS_NODE_MODEL_25.Q1_693.28324.131_62ac
Parsing MOM (cached): /ericsson/log/amos/moshell_logfiles/t20251125_37258710_65084/logs_moshell/tempfiles/scp-4-amos_20251125-123427_2344088/MSRBS_NODE_MODEL_25.Q1_693.28324.131_62ac.xml.cache.gz ..................................................................................................................................................................................................................................Done.
Using paramfile /opt/ericsson/amos/moshell/commonjars/pm/PARAM_MSRBS_25.Q1.txt
Parsing file /opt/ericsson/amos/moshell/commonjars/pm/PARAM_MSRBS_25.Q1.txt .......................................................................................Done.
Using imomdfile /opt/ericsson/amos/moshell/commonjars/pm/IMOMD_MSRBS_22.Q4.txt
Using imomfile /opt/ericsson/amos/moshell/commonjars/pm/IMOM_MSRBS_25.Q1.txt
Connected to 19.31.14.167 (SubNetwork=BBMM_rckomc_R,MeContext=RL53L,ManagedElement=RL53L)

Last MO: 17449. Loaded 17449 MOs. Total: 17450 MOs.

RL53L> st cell

251125-12:34:47+0100 19.31.14.167 25.0h MSRBS_NODE_MODEL_25.Q1_693.28324.131_62ac stopfile=/tmp/2344150
===================================================================================
Proxy  Adm State     Op. State     MO
===================================================================================
   56  1 (UNLOCKED)  1 (ENABLED)   ENodeBFunction=1,EUtranCellFDD=RL53L1
  202  1 (UNLOCKED)  1 (ENABLED)   ENodeBFunction=1,EUtranCellFDD=RL53L2
  337  1 (UNLOCKED)  1 (ENABLED)   ENodeBFunction=1,EUtranCellFDD=RL53L3
===================================================================================
Total: 3 MOs

RL53L> st radio

251125-12:34:48+0100 19.31.14.167 25.0h MSRBS_NODE_MODEL_25.Q1_693.28324.131_62ac stopfile=/tmp/2344150
===================================================================================
Proxy  Adm State     Op. State     MO
===================================================================================
 1601  1 (UNLOCKED)  1 (ENABLED)   Equipment=1,FieldReplaceableUnit=Radio-S180-1
 1616  1 (UNLOCKED)  1 (ENABLED)   Equipment=1,FieldReplaceableUnit=Radio-S182-1
 1631  1 (UNLOCKED)  1 (ENABLED)   Equipment=1,FieldReplaceableUnit=Radio-S210-1
 1648  1 (UNLOCKED)  1 (ENABLED)   Equipment=1,FieldReplaceableUnit=Radio-S211-1
 1665  1 (UNLOCKED)  1 (ENABLED)   Equipment=1,FieldReplaceableUnit=Radio-S212-1
17443  1 (UNLOCKED)  1 (ENABLED)   Transport=1,Synchronization=1,RadioEquipmentClock=1,RadioEquipmentClockReference=NTP1
17444  1 (UNLOCKED)  1 (ENABLED)   Transport=1,Synchronization=1,RadioEquipmentClock=1,RadioEquipmentClockReference=PTP
===================================================================================
Total: 7 MOs

RL53L> sdir

251125-12:34:48+0100 19.31.14.167 25.0h MSRBS_NODE_MODEL_25.Q1_693.28324.131_62ac stopfile=/tmp/2344150
INFO: Using amos lookupAccount credentials for the export login
...............................
get /rop/A20251125.1045-1100_RL53L.xml.gz /ericsson/log/amos/moshell_logfiles/t20251125_37258710_65084/logs_moshell/pmfiles/19.31.14.167/rop/A20251125.1045-1100_RL53L.xml.gz ... OK
get /rop/A20251125.1100-1115_RL53L.xml.gz /ericsson/log/amos/moshell_logfiles/t20251125_37258710_65084/logs_moshell/pmfiles/19.31.14.167/rop/A20251125.1100-1115_RL53L.xml.gz ... OK
get /rop/A20251125.1115-1130_RL53L.xml.gz /ericsson/log/amos/moshell_logfiles/t20251125_37258710_65084/logs_moshell/pmfiles/19.31.14.167/rop/A20251125.1115-1130_RL53L.xml.gz ... OK
....Checking available boards on node...

Collecting RCS board data ...
........................................................................................................................
..........................
..............................................................................................................................................................................................................................................................................................................
...........
Collecting TN data...
................................................................................................................................................................................................................................................................................
Collecting RF data...
...
Collecting Alarms...
Executing action Log.export()
...
Log=AlarmLog                    actionId=35580
.....
Executing action LogM.exportAvailabilityLog()
..LogM=1,exportAvailabilityLog    actionId=35581
.....Parsing alarmLog....Done.
Parsing availabilityLog....Done.
...

Total: 5 CPRI links (5 OK, 0 OKW, 0 NOK, 0 NT)
.
+--------+                      +--------------------+
|        | A        O101     D2 |    Radio-S210-1    |
|        |-----------1----------| RRU227922B822B20C* |
|        |         OK-10m       |       BXP_6        |
|        |                      +--------------------+
|        |                                     |A  |B
|        |                 SE=210* AG=210 GT=RL53D1/0
|        |                                GT=RL53D1/1
|        |
|        |                      +--------------------+
|        | B        O101     D2 |    Radio-S211-1    |
|        |-----------2----------| RRU227922B822B20C* |
|        |         OK-10m       |       BXP_5        |
|        |                      +--------------------+
|        |                                     |A  |B
|        |                 SE=211* AG=211 GT=RL53D2/0
|        |                                GT=RL53D2/1
|        |
|        |                      +--------------------+
|        | C        O101     D2 |    Radio-S212-1    |
|        |-----------3----------| RRU227922B822B20C* |
|        |         OK-10m       |       BXP_2        |
|        |                      +--------------------+
|        |                                     |A  |B
|  BB-1  |                 SE=212* AG=212 GT=RL53D3/0
| BB6631 |                                GT=RL53D3/1
| 000100 |
|        |                      +---------------+
|        | D        O101     D1 | Radio-S180-1  |
|        |-----------4----------|   RRU4415B7   |
|        |         OK-10m       |     BXP_3     |
|        |                      +---------------+
|        |                        |A  |B  |C  |D
|        |                 SE=180 AG=180  |   |
|        |                    FDD=RL53L1  |   |
|        |                         SE=181 AG=181
|        |                            FDD=RL53L2
|        |
|        |                      +---------------+
|        | E        O101     D1 | Radio-S182-1  |
|        |-----------5----------|   RRU4415B7   |
|        |         OK-10m       |     BXP_4     |
|        |                      +---------------+
|        |                        |A  |B  |C  |D
|        |                 SE=182 AG=182  |   |
|        |                    FDD=RL53L3  |   |
|        |
+--------+

=====================================================================================================================================
ID RiL    Type Res MO1-MO2                  BOARD1-BOARD2             AlmIDs Cells (States)                Issue (Failed checks)
=====================================================================================================================================
 1 S210-1 O101 OK  BB-1(A) Radio-S210-1(D2) BB6631 RRU227922B822B20C*        GT=RL53D1/0 GT=RL53D1/1 (1,1) Passed
 2 S211-1 O101 OK  BB-1(B) Radio-S211-1(D2) BB6631 RRU227922B822B20C*        GT=RL53D2/0 GT=RL53D2/1 (1,1) Passed
 3 S212-1 O101 OK  BB-1(C) Radio-S212-1(D2) BB6631 RRU227922B822B20C*        GT=RL53D3/0 GT=RL53D3/1 (1,1) Passed
 4 S180-1 O101 OK  BB-1(D) Radio-S180-1(D1) BB6631 RRU4415B7                 FDD=RL53L1 FDD=RL53L2 (1,1)   Passed
 5 S182-1 O101 OK  BB-1(E) Radio-S182-1(D1) BB6631 RRU4415B7                 FDD=RL53L3 (1)                Passed
-------------------------------------------------------------------------------------------------------------------------------------

Node: RadioNode GL   CXP2010174/2_R27J08 (25.Q1)   G3.1   GSM LTE-FDD 

=====================================================================================================================================
FRU          ;LNH    ;BOARD              ;ST ;FAULT ;OPER ;MAINT ;STAT ;PRODUCTNUMBER   ;REV     ;SERIAL        ;DATE     ;PMTEMP ; TEMP ; UPT ;VOLT ;SW                   ;
=====================================================================================================================================
BB-1         ;000100 ;BB6631             ; 1 ;  OFF ;  ON ;  OFF ;  ON ;KDU1370071/11   ;R3C     ;E23E728641    ;20230713 ;3 (OK) ;      ;12.9 ;54   ;                     ;
Radio-S180-1 ;BXP_3  ;RRU4415B7          ; 1 ;  OFF ;  ON ;  OFF ; N/A ;KRC161495/1     ;R5J     ;TU8U021UK6    ;20230421 ;4 (OK) ; 40.0 ;12.9 ;54.5 ;CXP9013268%15_R101LX ; (Radio4415B7)
Radio-S182-1 ;BXP_4  ;RRU4415B7          ; 1 ;  OFF ;  ON ;  OFF ; N/A ;KRC161495/1     ;R5J     ;TU8U021UK5    ;20230421 ;4 (OK) ; 31.5 ;12.9 ;54.5 ;CXP9013268%15_R101LX ; (Radio4415B7)
Radio-S210-1 ;BXP_6  ;RRU227922B822B20C* ; 1 ;  OFF ;  ON ;  OFF ; N/A ;KRC161864/1     ;R1F     ;TU8U025EEE    ;20230714 ;4 (OK) ; 33.0 ;12.9 ;55.2 ;CXP9013268%15_R101LX ; (Radio227922B822B20C)
Radio-S211-1 ;BXP_5  ;RRU227922B822B20C* ; 1 ;  OFF ;  ON ;  OFF ; N/A ;KRC161864/1     ;R1F     ;TU8U025D65    ;20230713 ;4 (OK) ; 42.5 ;12.9 ;55.5 ;CXP9013268%15_R101LX ; (Radio227922B822B20C)
Radio-S212-1 ;BXP_2  ;RRU227922B822B20C* ; 1 ;  OFF ;  ON ;  OFF ; N/A ;KRC161864/1     ;R1F     ;TU8U025EEG    ;20230714 ;4 (OK) ; 42.0 ;12.9 ;55.5 ;CXP9013268%15_R101LX ; (Radio227922B822B20C)
-------------------------------------------------------------------------------------------------------------------------------------

=====================================================================================================================================
XPBOARD  ;ST ;FAULT ;OPER ;PRODUCTNUMBER ;REV ;SERIAL/NAME ;DATE     ; TEMP ;MO
=====================================================================================================================================
FAN08    ; 1 ;N/A   ;N/A  ;BKV106236/1   ;R2F ;DD111Y1957  ;20220705 ; 44.0 ;SupportUnit=1 (FAN  BB-1)
-------------------------------------------------------------------------------------------------------------------------------------

=====================================================================================================================================
ID ;T ;RiL    ;BPBP ;BOARD1             ;LNH1 ;PORT ;R ;LINK ;RATE  ; BER ;BOARD2             ;LNH2 ;PORT ;R ;LINK ;RATE  ; BER ;LENGTH ;MO1 - MO2
=====================================================================================================================================
 1 ;O ;S210-1 ;1111 ;BB6631             ;000100 ; 1 ;M ;Up   ;10.1G ;   0 ;RRU227922B822B20C* ;BXP_6  ; 1 ;S ;Up   ;10.1G ;   0 ;   10m ;Fru=BB-1(A) Fru=Radio-S210-1(D2)
 2 ;O ;S211-1 ;1111 ;BB6631             ;000100 ; 2 ;M ;Up   ;10.1G ;   0 ;RRU227922B822B20C* ;BXP_5  ; 1 ;S ;Up   ;10.1G ;   0 ;   10m ;Fru=BB-1(B) Fru=Radio-S211-1(D2)
 3 ;O ;S212-1 ;1111 ;BB6631             ;000100 ; 3 ;M ;Up   ;10.1G ;   0 ;RRU227922B822B20C* ;BXP_2  ; 1 ;S ;Up   ;10.1G ;   0 ;   10m ;Fru=BB-1(C) Fru=Radio-S212-1(D2)
 4 ;O ;S180-1 ;1111 ;BB6631             ;000100 ; 4 ;M ;Up   ;10.1G ;   0 ;RRU4415B7          ;BXP_3  ; 0 ;S ;Up   ;10.1G ;   0 ;   10m ;Fru=BB-1(D) Fru=Radio-S180-1(D1)
 5 ;O ;S182-1 ;1111 ;BB6631             ;000100 ; 5 ;M ;Up   ;10.1G ;   0 ;RRU4415B7          ;BXP_4  ; 0 ;S ;Up   ;10.1G ;   0 ;   10m ;Fru=BB-1(E) Fru=Radio-S182-1(D1)
-------------------------------------------------------------------------------------------------------------------------------------

=====================================================================================================================================
ID ;LINK ;RiL    ;VENDOR1  ;VENDORPROD1    ;REV1 ;SERIAL1      ;DATE1    ;ERICSSONPROD1      ;VENDOR2  ;VENDORPROD2    ;REV2 ;SERIAL2      ;DATE2    ;ERICSSONPROD2      ;TT ;WL1     ;WL2    
=====================================================================================================================================
 1 ;Up   ;S210-1 ;ERICSSON ;SPP10ELRIDFSEN ;10   ;CT73591208   ;20230421 ;RDH10265/2 R1A     ;ERICSSON ;SPP10ELRIDFSEN ;10   ;CT73592271   ;20230421 ;RDH10265/2 R1A     ;0  ;1310.00 ;1310.00
 2 ;Up   ;S211-1 ;ERICSSON ;SPP10ELRIDFSEN ;10   ;CT73591925   ;20230421 ;RDH10265/2 R1A     ;ERICSSON ;SPP10ELRIDFSEN ;10   ;CT73587978   ;20230421 ;RDH10265/2 R1A     ;0  ;1310.00 ;1310.00
 3 ;Up   ;S212-1 ;ERICSSON ;SPP10ELRIDFSEN ;10   ;CT73590398   ;20230421 ;RDH10265/2 R1A     ;ERICSSON ;SPP10ELRIDFSEN ;10   ;CT73589888   ;20230421 ;RDH10265/2 R1A     ;0  ;1310.00 ;1310.00
 4 ;Up   ;S180-1 ;ERICSSON ;SPP10ELRIDFSEN ;10   ;CT73592255   ;20230421 ;RDH10265/2 R1A     ;ERICSSON ;SPP10ELRIDFSEN ;10   ;CT73591420   ;20230421 ;RDH10265/2 R1A     ;0  ;1310.00 ;1310.00
 5 ;Up   ;S182-1 ;ERICSSON ;SPP10ELRIDFSEN ;10   ;CT73591216   ;20230421 ;RDH10265/2 R1A     ;ERICSSON ;SPP10ELRIDFSEN ;10   ;CT73587827   ;20230421 ;RDH10265/2 R1A     ;0  ;1310.00 ;1310.00
-------------------------------------------------------------------------------------------------------------------------------------

=====================================================================================================================================
ID ;LINK ;RiL    ;WL1     ;TEMP1 ;TXbs1 ;TXdBm1 ;RXdBm1 ;BER1   ;WL2     ;TEMP2 ;TXbs2 ;TXdBm2 ;RXdBm2 ;BER2   ;DlLoss ;UlLoss ;LENGTH ;TT
=====================================================================================================================================
 1 ;Up   ;S210-1 ;1310.00 ;44C   ;46%   ;-2.59  ;-2.92  ;   0   ;1310.00 ;35C   ;40%   ;-2.07  ;-2.57  ;   0   ; -0.02 ;  0.85 ;   10m ; 0
 2 ;Up   ;S211-1 ;1310.00 ;44C   ;44%   ;-2.29  ;-1.46  ;   0   ;1310.00 ;43C   ;46%   ;-2.08  ;-3.04  ;   0   ;  0.75 ; -0.62 ;   10m ; 0
 3 ;Up   ;S212-1 ;1310.00 ;44C   ;46%   ;-2.94  ;-3.63  ;   0   ;1310.00 ;41C   ;37%   ;-2.09  ;-3.34  ;   0   ;   0.4 ;  1.54 ;   10m ; 0
 4 ;Up   ;S180-1 ;1310.00 ;44C   ;44%   ;-2.12  ;-3.16  ;   0   ;1310.00 ;41C   ;43%   ;-2.90  ;-3.11  ;   0   ;  0.99 ;  0.26 ;   10m ; 0
 5 ;Up   ;S182-1 ;1310.00 ;43C   ;46%   ;-2.16  ;-2.13  ;   0   ;1310.00 ;36C   ;42%   ;-2.29  ;-2.77  ;   0   ;  0.61 ; -0.16 ;   10m ; 0
-------------------------------------------------------------------------------------------------------------------------------------

=====================================================================================================================================
ID ;RiL    ;BOARD              ;SFPLNH  ;PORT ;VENDOR   ;VENDORPROD     ;REV  ;SERIAL       ;DATE     ;ERICSSONPROD       ;WL      ;TEMP  ;TXbs  ;TXdBm  ;RXdBm  ; BER
=====================================================================================================================================
 1 ;S210-1 ;BB6631             ;000100   ;  1 ;ERICSSON ;SPP10ELRIDFSEN ;10   ;CT73591208   ;20230421 ;RDH10265/2 R1A     ;1310.00 ;44C   ;46%   ;-2.59  ;-2.92  ;   0
 2 ;S211-1 ;BB6631             ;000100   ;  2 ;ERICSSON ;SPP10ELRIDFSEN ;10   ;CT73591925   ;20230421 ;RDH10265/2 R1A     ;1310.00 ;44C   ;44%   ;-2.29  ;-1.46  ;   0
 3 ;S212-1 ;BB6631             ;000100   ;  3 ;ERICSSON ;SPP10ELRIDFSEN ;10   ;CT73590398   ;20230421 ;RDH10265/2 R1A     ;1310.00 ;44C   ;46%   ;-2.94  ;-3.63  ;   0
 4 ;S180-1 ;BB6631             ;000100   ;  4 ;ERICSSON ;SPP10ELRIDFSEN ;10   ;CT73592255   ;20230421 ;RDH10265/2 R1A     ;1310.00 ;44C   ;44%   ;-2.12  ;-3.16  ;   0
 5 ;S182-1 ;BB6631             ;000100   ;  5 ;ERICSSON ;SPP10ELRIDFSEN ;10   ;CT73591216   ;20230421 ;RDH10265/2 R1A     ;1310.00 ;43C   ;46%   ;-2.16  ;-2.13  ;   0
 3 ;S212-1 ;RRU227922B822B20C* ;BXP_2    ;  1 ;ERICSSON ;SPP10ELRIDFSEN ;10   ;CT73589888   ;20230421 ;RDH10265/2 R1A     ;1310.00 ;41C   ;37%   ;-2.09  ;-3.34  ;   0
 4 ;S180-1 ;RRU4415B7          ;BXP_3    ;  0 ;ERICSSON ;SPP10ELRIDFSEN ;10   ;CT73591420   ;20230421 ;RDH10265/2 R1A     ;1310.00 ;41C   ;43%   ;-2.90  ;-3.11  ;   0
 5 ;S182-1 ;RRU4415B7          ;BXP_4    ;  0 ;ERICSSON ;SPP10ELRIDFSEN ;10   ;CT73587827   ;20230421 ;RDH10265/2 R1A     ;1310.00 ;36C   ;42%   ;-2.29  ;-2.77  ;   0
 2 ;S211-1 ;RRU227922B822B20C* ;BXP_5    ;  1 ;ERICSSON ;SPP10ELRIDFSEN ;10   ;CT73587978   ;20230421 ;RDH10265/2 R1A     ;1310.00 ;43C   ;46%   ;-2.08  ;-3.04  ;   0
 1 ;S210-1 ;RRU227922B822B20C* ;BXP_6    ;  1 ;ERICSSON ;SPP10ELRIDFSEN ;10   ;CT73592271   ;20230421 ;RDH10265/2 R1A     ;1310.00 ;35C   ;40%   ;-2.07  ;-2.57  ;   0
-------------------------------------------------------------------------------------------------------------------------------------
TN ;       ;BB6631             ;000100   ;IA2 ;ERICSSON ;42020201934    ;A0   ;202315600831 ;20230410 ;RPM777053/1000 R1B ;NA      ;NA    ;NA    ;NA     ;NA     ; 0/0
-------------------------------------------------------------------------------------------------------------------------------------

=====================================================================================================================================
BOARD  ;LNH    ;PORT       ;T ;S ;OpMode   ;AutoNeg ;MacAddress        ;VlanIds        ;LOS ;BER
=====================================================================================================================================
BB6631 ;000100 ;TN_IDL_A_1 ;E ;1 ;10G_FULL ;false   ;E4:0D:3B:8E:E7:C2 ;3901,3908,3910 ;0   ;0/0
BB6631 ;000100 ;TN_IDL_A_2 ;O ;1 ;10G_FULL ;false   ;E4:0D:3B:8E:E7:C3 ;3908           ;0   ;0/0
-------------------------------------------------------------------------------------------------------------------------------------

radioClockState : RNT_TIME_LOCKED
-------------------------------------------------------------------------------------
Prio  ;ST  ;syncRefType    ;refStatus  ;opQualLevel  ;SyncReference
-------------------------------------------------------------------------------------
   1  ; 1  ;PTP_TIME       ;NO_FAULT   ;PRTC         ;Ptp=1,BoundaryOrdinaryClock=PTP (G_8275_1 EthernetPort=TN_IDL_A_1:SLAVE)
   2  ; 1  ;NTP_FREQUENCY  ;NO_FAULT   ;PRC          ;Ntp=1,NtpFrequencySync=NTP1 (10.31.0.54:32751 Router=45G_Traffic,InterfaceIPv4=LTE,AddressIPv4=LTE)
-------------------------------------------------------------------------------------
-------------------------------------------------------------------------------------
Prio  ;ST  ;assistRefStatus  ;recQualLevel  ;AssistingReference
-------------------------------------------------------------------------------------
   1  ; 0  ;UNKNOWN          ;PRTC          ;Synchronization=1,SyncEthInput=SyncE (SFP_DAC EthernetPort=TN_IDL_A_1)
-------------------------------------------------------------------------------------
nodeGroupRole   : SYNC_RECEIVER (syncNodePriority=3, selectionMode=NODE_PRIORITY)
-------------------------------------------------------------------------------------
DU  ;Port  ;sharedUnitRef (RiPortA - RiPortB)  ;remoteNodePriority  ;CandidateStatus
-------------------------------------------------------------------------------------
1   ;A     ;Fru=Radio-S210-1 (2 - 1)           ;1                   ;OK_NOT_ACTIVE
1   ;B     ;Fru=Radio-S211-1 (2 - 1)           ;1                   ;OK_NOT_ACTIVE
1   ;C     ;Fru=Radio-S212-1 (2 - 1)           ;1                   ;OK_ACTIVE
-------------------------------------------------------------------------------------

=====================================================================================================================================
FRU          ;LNH    ;BOARD              ;RF  ;BP  ;TX (W/dBm)  ;VSWR (RL)   ;RX (dBm) ;UEs/gUEs  ;Sector/AntennaGroup/Cells (State:CellIds:PCIs)
=====================================================================================================================================
Radio-S180-1 ;BXP_3  ;RRU4415B7          ; A  ;11  ;6.5 (38.1)  ;1.20 (21.0) ;-92.9    ;6/-       ;SE=180 AG=180 FDD=RL53L1 (1:21:204)
Radio-S180-1 ;BXP_3  ;RRU4415B7          ; B  ;11  ;6.5 (38.1)  ;1.17 (22.3) ;-93.9    ;6/-       ;SE=180 AG=180 FDD=RL53L1 (1:21:204)
Radio-S180-1 ;BXP_3  ;RRU4415B7          ; C  ;11  ;6.3 (38.0)  ;1.13 (24.1) ;-94.6    ;0/-       ;SE=181 AG=181 FDD=RL53L2 (1:22:39)
Radio-S180-1 ;BXP_3  ;RRU4415B7          ; D  ;11  ;6.2 (37.9)  ;1.05 (32.8) ;-94.4    ;0/-       ;SE=181 AG=181 FDD=RL53L2 (1:22:39)
Radio-S182-1 ;BXP_4  ;RRU4415B7          ; A  ;11  ;15.8 (42.0) ;1.20 (20.8) ;-95.9    ;5/-       ;SE=182 AG=182 FDD=RL53L3 (1:23:101)
Radio-S182-1 ;BXP_4  ;RRU4415B7          ; B  ;11  ;-           ;1.19 (21.3) ;-96.8    ;5/-       ;SE=182 AG=182 FDD=RL53L3 (1:23:101)
Radio-S182-1 ;BXP_4  ;RRU4415B7          ; C  ;11  ;-           ;-           ;         ;          ;
Radio-S182-1 ;BXP_4  ;RRU4415B7          ; D  ;11  ;-           ;-           ;         ;          ;
Radio-S210-1 ;BXP_6  ;RRU227922B822B20C* ; A  ;11  ;15.0 (41.7) ;1.19 (21.2) ;-91.2    ;-/-       ;SE=210* AG=210 GT=RL53D1/0 GT=RL53D1/1 (1, 1)
Radio-S210-1 ;BXP_6  ;RRU227922B822B20C* ; B  ;11  ;8.9 (39.5)  ;1.20 (20.9) ;-92.0    ;-/-       ;SE=210* AG=210 GT=RL53D1/0 GT=RL53D1/1 (1, 1)
Radio-S211-1 ;BXP_5  ;RRU227922B822B20C* ; A  ;11  ;16.7 (42.2) ;1.16 (22.4) ;-94.7    ;-/-       ;SE=211* AG=211 GT=RL53D2/0 GT=RL53D2/1 (1, 1)
Radio-S211-1 ;BXP_5  ;RRU227922B822B20C* ; B  ;11  ;17.0 (42.3) ;1.08 (28.7) ;-94.3    ;-/-       ;SE=211* AG=211 GT=RL53D2/0 GT=RL53D2/1 (1, 1)
Radio-S212-1 ;BXP_2  ;RRU227922B822B20C* ; A  ;11  ;18.5 (42.7) ;1.24 (19.3) ;-85.9    ;-/-       ;SE=212* AG=212 GT=RL53D3/0 GT=RL53D3/1 (1, 1)
Radio-S212-1 ;BXP_2  ;RRU227922B822B20C* ; B  ;11  ;10.2 (40.1) ;1.09 (27.0) ;-87.1    ;-/-       ;SE=212* AG=212 GT=RL53D3/0 GT=RL53D3/1 (1, 1)
-------------------------------------------------------------------------------------------------------------------------------------

RL53L> mfar

251125-12:37:16+0100 19.31.14.167 25.0h MSRBS_NODE_MODEL_25.Q1_693.28324.131_62ac stopfile=/tmp/2344150
.....
Last MO: 17460. Loaded 17460 MOs. Total: 17461 MOs.
..........................................
get /rop/A20251125.1000-1015_RL53L.xml.gz /ericsson/log/amos/moshell_logfiles/t20251125_37258710_65084/logs_moshell/pmfiles/19.31.14.167/rop/A20251125.1000-1015_RL53L.xml.gz ... OK
get /rop/A20251125.1015-1030_RL53L.xml.gz /ericsson/log/amos/moshell_logfiles/t20251125_37258710_65084/logs_moshell/pmfiles/19.31.14.167/rop/A20251125.1015-1030_RL53L.xml.gz ... OK
get /rop/A20251125.1030-1045_RL53L.xml.gz /ericsson/log/amos/moshell_logfiles/t20251125_37258710_65084/logs_moshell/pmfiles/19.31.14.167/rop/A20251125.1030-1045_RL53L.xml.gz ... OK

Using hardcoded thresholds: 3, 4.5, and 16.5
================================================================================================================================
SC     SE  Tx/Rx BrPair  RfPort1 - RfPort2               HW       Serial      Cell (State)   Samples   Med  Mean  SDev Pol Res Issue
================================================================================================================================
RL53L1 180   2/2 0 (1,2) Radio-S180-1(A) Radio-S180-1(B) RRU4415  TU8U021UK6  FDD=RL53L1 (1)  101539  -1.5  -0.9   5.8  NA  OK Passed
RL53L2 181   2/2 0 (1,2) Radio-S180-1(C) Radio-S180-1(D) RRU4415  TU8U021UK6  FDD=RL53L2 (1)   84201   0.5   0.6   6.8  NA  OK Passed
RL53L3 182   2/2 0 (1,2) Radio-S182-1(A) Radio-S182-1(B) RRU4415  TU8U021UK5  FDD=RL53L3 (1)  377068  -3.5  -3.1   7.2  NA OKW Possible RF Loss or PIM at Radio-S182-1(B)
================================================================================================================================
Total: 3 SectorCarriers, 3 RfBranch Pairs (2 OK, 1 OKW, 0 NOK, 0 NT)
.....
Last MO: 17460. Loaded 17460 MOs. Total: 17461 MOs.

No NRSectorCarrier MOs are defined on the node.

RL53L> mfitr

251125-12:37:31+0100 19.31.14.167 25.0h MSRBS_NODE_MODEL_25.Q1_693.28324.131_62ac stopfile=/tmp/2344150
.........
Last MO: 17460. Loaded 17460 MOs. Total: 17461 MOs.
.......
2025-11-25 12:38
================================================================================================================================
CELL       SC     FRU          BOARD     PUSCH  PUCCH       A      B      C      D  DELTA
================================================================================================================================
FDD=RL53L1 RL53L1 Radio-S180-1 RRU4415B7 -115.8 -117.6 -116.9 -116.8                  0.1
FDD=RL53L2 RL53L2 Radio-S180-1 RRU4415B7 -113.6 -118.0               -113.5 -113.3    0.2
FDD=RL53L3 RL53L3 Radio-S182-1 RRU4415B7 -116.7 -117.9 -117.1 -117.9                  0.8
================================================================================================================================
Bye...
Output has been logged to file /mta_fs/UserFiles/37258710/amosbatch/SDIR/RL53L.log
