Logging to file /mta_fs/UserFiles/37258710/amosbatch/SDIR/RL8ET.log
                        __  __  ____   _____
                  /\   |  \/  |/ __ \ / ____|
                 /  \  | \  / | |  | | (___  
                / /\ \ | |\/| | |  | |\___ \ 
               / ____ \| |  | | |__| |____) |
              /_/    \_\_|  |_|\____/|_____/
              OSS Framework for MoShell-25.0h 
  Copyright (c) Ericsson AB 2001-2025 - All Rights Reserved
              
           
[1;31mWARNING: [0mthe AMOS version currently running is more than 29 weeks old and is unsupported.
Please upgrade as soon as possible to the latest released version, available from your local Ericsson support.

$amosrb_pid = 3134415

Checking ip contact...OK

HELP MENU            : h
BASIC MO COMMANDS    : m
OTHER MO COMMANDS    : n
OTHER COMMANDS       : o
PM COMMANDS          : p
QUIT                 : q

RL8ET> lt all

251125-16:36:45+0100 19.31.15.241 25.0h  stopfile=/tmp/3134243
Looking up temporary_amos account... OK.
Trying temporary_amos_t20251125_37258710_65084_131's password from amos lookupAccount ... OK

$ssh_pid = 3134704

Connected to 19.31.15.241 (SubNetwork=BBMM_rckomc_R,MeContext=RL8ET,ManagedElement=RL8ET)

Checking MOM version...MSRBS_NODE_MODEL_25.Q1_198665.224.73_bf81
Parsing MOM (cached): /ericsson/log/amos/moshell_logfiles/t20251125_37258710_65084/logs_moshell/tempfiles/scp-4-amos_20251125-163638_3134181/MSRBS_NODE_MODEL_25.Q1_198665.224.73_bf81.xml.cache.gz ......................................................................................................................................................................................................................Done.
Using paramfile /opt/ericsson/amos/moshell/commonjars/pm/PARAM_MSRBSG2_25.Q1.txt
Parsing file /opt/ericsson/amos/moshell/commonjars/pm/PARAM_MSRBSG2_25.Q1.txt ......................................................................................Done.
Using imomdfile /opt/ericsson/amos/moshell/commonjars/pm/IMOMD_MSRBS_22.Q4.txt
Using imomfile /opt/ericsson/amos/moshell/commonjars/pm/IMOM_MSRBS_25.Q1.txt
Connected to 19.31.15.241 (SubNetwork=BBMM_rckomc_R,MeContext=RL8ET,ManagedElement=RL8ET)

Last MO: 18379. Loaded 18379 MOs. Total: 18380 MOs.

RL8ET> st cell

251125-16:37:05+0100 19.31.15.241 25.0h MSRBS_NODE_MODEL_25.Q1_198665.224.73_bf81 stopfile=/tmp/3134243
===================================================================================
Proxy  Adm State     Op. State     MO
===================================================================================
   43  1 (UNLOCKED)  1 (ENABLED)   ENodeBFunction=1,EUtranCellFDD=RL8EE1
  182  1 (UNLOCKED)  1 (ENABLED)   ENodeBFunction=1,EUtranCellFDD=RL8EE2
  336  1 (UNLOCKED)  1 (ENABLED)   ENodeBFunction=1,EUtranCellFDD=RL8EE3
  484  1 (UNLOCKED)  1 (ENABLED)   ENodeBFunction=1,EUtranCellFDD=RL8EM1
  599  1 (UNLOCKED)  1 (ENABLED)   ENodeBFunction=1,EUtranCellFDD=RL8EM2
  737  1 (UNLOCKED)  1 (ENABLED)   ENodeBFunction=1,EUtranCellFDD=RL8EM3
  865  1 (UNLOCKED)  1 (ENABLED)   ENodeBFunction=1,EUtranCellFDD=RL8ET1
 1007  1 (UNLOCKED)  1 (ENABLED)   ENodeBFunction=1,EUtranCellFDD=RL8ET2
 1150  1 (UNLOCKED)  1 (ENABLED)   ENodeBFunction=1,EUtranCellFDD=RL8ET3
 1705  1 (UNLOCKED)  1 (ENABLED)   ENodeBFunction=1,NbIotCell=RL8EN1
 1706  1 (UNLOCKED)  1 (ENABLED)   ENodeBFunction=1,NbIotCell=RL8EN2
 1707  1 (UNLOCKED)  1 (ENABLED)   ENodeBFunction=1,NbIotCell=RL8EN3
===================================================================================
Total: 12 MOs

RL8ET> st radio

251125-16:37:06+0100 19.31.15.241 25.0h MSRBS_NODE_MODEL_25.Q1_198665.224.73_bf81 stopfile=/tmp/3134243
===================================================================================
Proxy  Adm State     Op. State     MO
===================================================================================
 2804  1 (UNLOCKED)  1 (ENABLED)   Equipment=1,FieldReplaceableUnit=Radio-S100-1
 2827  1 (UNLOCKED)  1 (ENABLED)   Equipment=1,FieldReplaceableUnit=Radio-S102-1
 2850  1 (UNLOCKED)  1 (ENABLED)   Equipment=1,FieldReplaceableUnit=Radio-S210-1
 2867  1 (UNLOCKED)  1 (ENABLED)   Equipment=1,FieldReplaceableUnit=Radio-S211-1
 2884  1 (UNLOCKED)  1 (ENABLED)   Equipment=1,FieldReplaceableUnit=Radio-S212-1
18371  1 (UNLOCKED)  1 (ENABLED)   Transport=1,Synchronization=1,RadioEquipmentClock=1,RadioEquipmentClockReference=NTP1
18372  1 (UNLOCKED)  1 (ENABLED)   Transport=1,Synchronization=1,RadioEquipmentClock=1,RadioEquipmentClockReference=PTP8275_2
===================================================================================
Total: 7 MOs

RL8ET> sdir

251125-16:37:06+0100 19.31.15.241 25.0h MSRBS_NODE_MODEL_25.Q1_198665.224.73_bf81 stopfile=/tmp/3134243
INFO: Using amos lookupAccount credentials for the export login
.......................
get /rop/A20251125.1445-1500_RL8ET.xml.gz /ericsson/log/amos/moshell_logfiles/t20251125_37258710_65084/logs_moshell/pmfiles/19.31.15.241/rop/A20251125.1445-1500_RL8ET.xml.gz ... OK
get /rop/A20251125.1500-1515_RL8ET.xml.gz /ericsson/log/amos/moshell_logfiles/t20251125_37258710_65084/logs_moshell/pmfiles/19.31.15.241/rop/A20251125.1500-1515_RL8ET.xml.gz ... OK
get /rop/A20251125.1515-1530_RL8ET.xml.gz /ericsson/log/amos/moshell_logfiles/t20251125_37258710_65084/logs_moshell/pmfiles/19.31.15.241/rop/A20251125.1515-1530_RL8ET.xml.gz ... OK
....Checking available boards on node...

Collecting RCS board data ...
.....................................................................................
..........................
..........................................................................................................................................................................................................................................................................................................
.....
Collecting TN data...
.....................................................................................................................
Getting MO data from node (75 MOs). Please wait...
0%                                             ~50%                                           ~100%
....................................................................................................................................
Collecting RF data...
....
Collecting Alarms...
Executing action Log.export()
...
Log=AlarmLog                    actionId=50267
............
Executing action LogM.exportAvailabilityLog()
..LogM=1,exportAvailabilityLog    actionId=50268
............Parsing alarmLog..........Done.
Parsing availabilityLog........Done.
............

Total: 5 CPRI links (3 OK, 0 OKW, 2 NOK, 0 NT)
.
+--------+                      +--------------------+
|        | A        O101     D1 |    Radio-S210-1    |
|        |-----------1----------| RRU227922B822B20C* |
|        |        OK-114m       |       BXP_2        |
|        |                      +--------------------+
|        |                                     |A  |B
|        |                  SE=210* AG=210 FDD=RL8EE1
|        |                                NIOT=RL8EN1
|        |
|        |                      +--------------------+
|        | B        O101     D1 |    Radio-S211-1    |
|        |-----------2----------| RRU227922B822B20C* |
|        |        NOK-115m      |       BXP_3        |
|        |                      +--------------------+
|        |                                     |A  |B
|        |                  SE=211* AG=211 FDD=RL8EE2
|        |                                NIOT=RL8EN2
|        |
|        |                      +--------------------+
|        | C        O101     D1 |    Radio-S212-1    |
|        |-----------3----------| RRU227922B822B20C* |
|        |        NOK-110m      |       BXP_5        |
|        |                      +--------------------+
|        |                                     |A  |B
|  BB-1  |                  SE=212* AG=212 FDD=RL8EE3
| BB6630 |                                NIOT=RL8EN3
| 000100 |
|        |                      +------------------+
|        | D        O101     D2 |   Radio-S100-1   |
|        |-----------4----------| RRU449944B144B3C |
|        |        OK-114m       |      BXP_4       |
|        |                      +------------------+
|        |                           |A  |B  |C  |D
|        |                    SE=100 AG=100  |   |
|        |            FDD=RL8EM1 FDD=RL8ET1  |   |
|        |                            SE=101 AG=101
|        |                    FDD=RL8EM2 FDD=RL8ET2
|        |
|        |                      +------------------+
|        | E        O101     D2 |   Radio-S102-1   |
|        |-----------5----------| RRU449944B144B3C |
|        |        OK-108m       |      BXP_6       |
|        |                      +------------------+
|        |                           |A  |B  |C  |D
|        |                    SE=102 AG=102  |   |
|        |            FDD=RL8EM3 FDD=RL8ET3  |   |
|        |
+--------+

=====================================================================================================================================
ID RiL    Type Res MO1-MO2                  BOARD1-BOARD2             AlmIDs Cells (States)                                        Issue (Failed checks)
=====================================================================================================================================
 1 S210-1 O101 OK  BB-1(A) Radio-S210-1(D1) BB6630 RRU227922B822B20C*        FDD=RL8EE1 NIOT=RL8EN1 (1,1)                          Passed
 2 S211-1 O101 NOK BB-1(B) Radio-S211-1(D1) BB6630 RRU227922B822B20C*        FDD=RL8EE2 NIOT=RL8EN2 (1,1)                          Fiber Loss DL  (DlLoss-UlLoss=7.14)
 3 S212-1 O101 NOK BB-1(C) Radio-S212-1(D1) BB6630 RRU227922B822B20C*        FDD=RL8EE3 NIOT=RL8EN3 (1,1)                          Fiber Loss DL  (DlLoss-UlLoss=4.93)
 4 S100-1 O101 OK  BB-1(D) Radio-S100-1(D2) BB6630 RRU449944B144B3C          FDD=RL8EM1 FDD=RL8EM2 FDD=RL8ET1 FDD=RL8ET2 (1,1,1,1) Passed
 5 S102-1 O101 OK  BB-1(E) Radio-S102-1(D2) BB6630 RRU449944B144B3C          FDD=RL8EM3 FDD=RL8ET3 (1,1)                           Passed
-------------------------------------------------------------------------------------------------------------------------------------

=====================================================================================================================================
IDs  RiLs          Issue and Recommended Actions.
=====================================================================================================================================
2,3  S211-1,S212-1 Fiber Issue - Far End Reports Excessive Optical Power Loss.
-------------------------------------------------------------------------------------------------------------------------------------
 1) Troubleshoot to determine where optical power is being lost or Bit Errors are detected.  Start at the  port fiber connection reporting the loss and work back to the transmitter on the other end. (i.e. dirty, damaged or bent fiber, improperly mated connection)
 2) Refer to and follow  Ericsson CPI "Handling SFP Modules and Optical Cables" for proper handling, Cleaning, inspection and testing of  fiber and optical interfaces.
Note: Always check for any AlmID information and troubleshoot alarm(s) accordingly.
*************************************************************************************************************************************

Node: RadioNode L   CXP9024418/16_R8D21 (RCG123.3-3)   G2   LTE-FDD,LTE-IoT 

=====================================================================================================================================
FRU          ;LNH    ;BOARD              ;ST ;FAULT ;OPER ;MAINT ;STAT ;PRODUCTNUMBER   ;REV     ;SERIAL        ;DATE     ;PMTEMP ; TEMP ; UPT ;VOLT ;SW                   ;
=====================================================================================================================================
BB-1         ;000100 ;BB6630             ; 1 ;  OFF ;  ON ;  OFF ;  ON ;KDU137848/11    ;R3D     ;E96A00PSCU    ;20220321 ;3 (OK) ;      ; 131 ;48   ;                     ;
Radio-S100-1 ;BXP_4  ;RRU449944B144B3C   ; 1 ;  OFF ;  ON ;  OFF ; N/A ;KRC161787/1     ;R2E     ;E23D905053    ;20220421 ;4 (OK) ; 28.9 ; 131 ;48.1 ;CXP9013268%15_R101KB ; (Radio449944B144B3C)
Radio-S102-1 ;BXP_6  ;RRU449944B144B3C   ; 1 ;  OFF ;  ON ;  OFF ; N/A ;KRC161787/1     ;R2E     ;E23D905168    ;20220421 ;4 (OK) ; 24.9 ; 131 ;49.1 ;CXP9013268%15_R101KB ; (Radio449944B144B3C)
Radio-S210-1 ;BXP_2  ;RRU227922B822B20C* ; 1 ;  OFF ;  ON ;  OFF ; N/A ;KRC161864/1     ;R1E     ;TU8U01J7EA    ;20220505 ;4 (OK) ; 29.5 ; 131 ;52.0 ;CXP9013268%15_R101KB ; (Radio227922B822B20C)
Radio-S211-1 ;BXP_3  ;RRU227922B822B20C* ; 1 ;  OFF ;  ON ;  OFF ; N/A ;KRC161864/1     ;R1E     ;TU8U01J65E    ;20220505 ;4 (OK) ; 29.0 ; 131 ;52.7 ;CXP9013268%15_R101KB ; (Radio227922B822B20C)
Radio-S212-1 ;BXP_5  ;RRU227922B822B20C* ; 1 ;  OFF ;  ON ;  OFF ; N/A ;KRC161864/1     ;R1E     ;TU8U01J7R3    ;20220505 ;4 (OK) ; 32.0 ; 131 ;52.1 ;CXP9013268%15_R101KB ; (Radio227922B822B20C)
-------------------------------------------------------------------------------------------------------------------------------------

=====================================================================================================================================
AntennaNearUnit                                     ;ST  ;TYPE   ;PRODUCTNR  ;REV       ;UNIQUEID         ;RfPort
=====================================================================================================================================
AntennaUnitGroup=210,AntennaNearUnit=RET_1800_2100  ; 1  ;S-RET  ;86010165   ;HW_V_A01  ;KAD240705525-B1  ;FieldReplaceableUnit=Radio-S210-1,RfPort=R
AntennaUnitGroup=210,AntennaNearUnit=RET_2600       ; 1  ;S-RET  ;86010165   ;HW_V_A01  ;KAD240705525-Y2  ;FieldReplaceableUnit=Radio-S210-1,RfPort=R
AntennaUnitGroup=210,AntennaNearUnit=RET_800_900    ; 1  ;S-RET  ;86010165   ;HW_V_A01  ;KAD240705525-R1  ;FieldReplaceableUnit=Radio-S210-1,RfPort=R
AntennaUnitGroup=211,AntennaNearUnit=RET_1800_2100  ; 1  ;S-RET  ;86010165   ;HW_V_A01  ;KAD240705521-B1  ;FieldReplaceableUnit=Radio-S211-1,RfPort=R
AntennaUnitGroup=211,AntennaNearUnit=RET_2600       ; 1  ;S-RET  ;86010165   ;HW_V_A01  ;KAD240705521-Y2  ;FieldReplaceableUnit=Radio-S211-1,RfPort=R
AntennaUnitGroup=211,AntennaNearUnit=RET_800_900    ; 1  ;S-RET  ;86010165   ;HW_V_A01  ;KAD240705521-R1  ;FieldReplaceableUnit=Radio-S211-1,RfPort=R
AntennaUnitGroup=212,AntennaNearUnit=RET_1800_2100  ; 1  ;S-RET  ;86010165   ;HW_V_A01  ;KAD240705523-B1  ;FieldReplaceableUnit=Radio-S212-1,RfPort=R
AntennaUnitGroup=212,AntennaNearUnit=RET_2600       ; 1  ;S-RET  ;86010165   ;HW_V_A01  ;KAD240705523-Y2  ;FieldReplaceableUnit=Radio-S212-1,RfPort=R
AntennaUnitGroup=212,AntennaNearUnit=RET_800_900    ; 1  ;S-RET  ;86010165   ;HW_V_A01  ;KAD240705523-R1  ;FieldReplaceableUnit=Radio-S212-1,RfPort=R
-------------------------------------------------------------------------------------------------------------------------------------

=====================================================================================================================================
XPBOARD  ;ST ;FAULT ;OPER ;PRODUCTNUMBER ;REV ;SERIAL/NAME ;DATE     ; TEMP ;MO
=====================================================================================================================================
FAN      ; 1 ;N/A   ;N/A  ;BKV106217/1   ;N/A ;N/A         ;N/A      ;      ;SupportUnit=1 (FAN  BB-1)
-------------------------------------------------------------------------------------------------------------------------------------

=====================================================================================================================================
ID ;T ;RiL    ;BPBP ;BOARD1             ;LNH1 ;PORT ;R ;LINK ;RATE  ; BER ;BOARD2             ;LNH2 ;PORT ;R ;LINK ;RATE  ; BER ;LENGTH ;MO1 - MO2
=====================================================================================================================================
 1 ;O ;S210-1 ;1111 ;BB6630             ;000100 ; 1 ;M ;Up   ;10.1G ;   0 ;RRU227922B822B20C* ;BXP_2  ; 0 ;S ;Up   ;10.1G ;   0 ;  114m ;Fru=BB-1(A) Fru=Radio-S210-1(D1)
 2 ;O ;S211-1 ;1111 ;BB6630             ;000100 ; 2 ;M ;Up   ;10.1G ;   0 ;RRU227922B822B20C* ;BXP_3  ; 0 ;S ;Up   ;10.1G ;   0 ;  115m ;Fru=BB-1(B) Fru=Radio-S211-1(D1)
 3 ;O ;S212-1 ;1111 ;BB6630             ;000100 ; 3 ;M ;Up   ;10.1G ;   0 ;RRU227922B822B20C* ;BXP_5  ; 0 ;S ;Up   ;10.1G ;   0 ;  110m ;Fru=BB-1(C) Fru=Radio-S212-1(D1)
 4 ;O ;S100-1 ;1111 ;BB6630             ;000100 ; 4 ;M ;Up   ;10.1G ;   0 ;RRU449944B144B3C   ;BXP_4  ; 1 ;S ;Up   ;10.1G ;   0 ;  114m ;Fru=BB-1(D) Fru=Radio-S100-1(D2)
 5 ;O ;S102-1 ;1111 ;BB6630             ;000100 ; 5 ;M ;Up   ;10.1G ;   0 ;RRU449944B144B3C   ;BXP_6  ; 1 ;S ;Up   ;10.1G ;   0 ;  108m ;Fru=BB-1(E) Fru=Radio-S102-1(D2)
-------------------------------------------------------------------------------------------------------------------------------------

=====================================================================================================================================
ID ;LINK ;RiL    ;VENDOR1  ;VENDORPROD1    ;REV1 ;SERIAL1    ;DATE1    ;ERICSSONPROD1  ;VENDOR2  ;VENDORPROD2    ;REV2 ;SERIAL2    ;DATE2    ;ERICSSONPROD2  ;TT ;WL1     ;WL2    
=====================================================================================================================================
 1 ;Up   ;S210-1 ;ERICSSON ;SPP10ELRIDFREN ;10   ;M5C2003700 ;20220411 ;RDH10265/2 R1A ;ERICSSON ;SPP10ELRIDFREN ;10   ;M5C2004352 ;20220411 ;RDH10265/2 R1A ;0  ;1310.00 ;1310.00
 2 ;Up   ;S211-1 ;ERICSSON ;SPP10ELRIDFREN ;10   ;M592020098 ;20220408 ;RDH10265/2 R1A ;ERICSSON ;SPP10ELRIDFREN ;10   ;M5C2003565 ;20220411 ;RDH10265/2 R1A ;0  ;1310.00 ;1310.00
 3 ;Up   ;S212-1 ;ERICSSON ;SPP10ELRIDFREN ;10   ;M5C2003382 ;20220411 ;RDH10265/2 R1A ;ERICSSON ;SPP10ELRIDFREN ;10   ;M5C2003665 ;20220411 ;RDH10265/2 R1A ;0  ;1310.00 ;1310.00
 4 ;Up   ;S100-1 ;ERICSSON ;SPP10ELRIDFREN ;10   ;M592020254 ;20220408 ;RDH10265/2 R1A ;ERICSSON ;SPP10ELRIDFREN ;10   ;LD32006472 ;20211202 ;RDH10265/2 R1A ;0  ;1310.00 ;1310.00
 5 ;Up   ;S102-1 ;ERICSSON ;SPP10ELRIDFREN ;10   ;M5C2003781 ;20220411 ;RDH10265/2 R1A ;ERICSSON ;SPP10ELRIDFREN ;10   ;M5C2003455 ;20220411 ;RDH10265/2 R1A ;0  ;1310.00 ;1310.00
-------------------------------------------------------------------------------------------------------------------------------------

=====================================================================================================================================
ID ;LINK ;RiL    ;WL1     ;TEMP1 ;TXbs1 ;TXdBm1 ;RXdBm1 ;BER1   ;WL2     ;TEMP2 ;TXbs2 ;TXdBm2 ;RXdBm2 ;BER2   ;DlLoss ;UlLoss ;LENGTH ;TT
=====================================================================================================================================
 1 ;Up   ;S210-1 ;1310.00 ;38C   ;41%   ;-1.85  ;-4.02  ;   0   ;1310.00 ;27C   ;38%   ;-1.44  ;-3.48  ;   0   ;  1.63 ;  2.58 ;  114m ; 0
 2 ;Up   ;S211-1 ;1310.00 ;39C   ;40%   ;-1.71  ;-1.82  ;   0   ;1310.00 ;22C   ;29%   ;-1.12  ;-9.55  ;   0   ;  7.84 ;   0.7 ;  115m ; 0
 3 ;Up   ;S212-1 ;1310.00 ;39C   ;40%   ;-0.87  ;-3.12  ;   0   ;1310.00 ;26C   ;39%   ;-1.66  ;-7.26  ;   0   ;  6.39 ;  1.46 ;  110m ; 0
 4 ;Up   ;S100-1 ;1310.00 ;39C   ;43%   ;-3.55  ;-2.64  ;   0   ;1310.00 ;24C   ;37%   ;-1.61  ;-3.48  ;   0   ; -0.07 ;  1.03 ;  114m ; 0
 5 ;Up   ;S102-1 ;1310.00 ;36C   ;41%   ;-1.86  ;-1.38  ;   0   ;1310.00 ;22C   ;38%   ;-0.93  ;-2.02  ;   0   ;  0.16 ;  0.45 ;  108m ; 0
-------------------------------------------------------------------------------------------------------------------------------------

=====================================================================================================================================
ID ;RiL    ;BOARD              ;SFPLNH  ;PORT ;VENDOR   ;VENDORPROD     ;REV  ;SERIAL     ;DATE     ;ERICSSONPROD   ;WL      ;TEMP  ;TXbs  ;TXdBm  ;RXdBm  ; BER
=====================================================================================================================================
 1 ;S210-1 ;BB6630             ;000100   ;  1 ;ERICSSON ;SPP10ELRIDFREN ;10   ;M5C2003700 ;20220411 ;RDH10265/2 R1A ;1310.00 ;38C   ;41%   ;-1.85  ;-4.02  ;   0
 2 ;S211-1 ;BB6630             ;000100   ;  2 ;ERICSSON ;SPP10ELRIDFREN ;10   ;M592020098 ;20220408 ;RDH10265/2 R1A ;1310.00 ;39C   ;40%   ;-1.71  ;-1.82  ;   0
 3 ;S212-1 ;BB6630             ;000100   ;  3 ;ERICSSON ;SPP10ELRIDFREN ;10   ;M5C2003382 ;20220411 ;RDH10265/2 R1A ;1310.00 ;39C   ;40%   ;-0.87  ;-3.12  ;   0
 4 ;S100-1 ;BB6630             ;000100   ;  4 ;ERICSSON ;SPP10ELRIDFREN ;10   ;M592020254 ;20220408 ;RDH10265/2 R1A ;1310.00 ;39C   ;43%   ;-3.55  ;-2.64  ;   0
 5 ;S102-1 ;BB6630             ;000100   ;  5 ;ERICSSON ;SPP10ELRIDFREN ;10   ;M5C2003781 ;20220411 ;RDH10265/2 R1A ;1310.00 ;36C   ;41%   ;-1.86  ;-1.38  ;   0
 1 ;S210-1 ;RRU227922B822B20C* ;BXP_2    ;  0 ;ERICSSON ;SPP10ELRIDFREN ;10   ;M5C2004352 ;20220411 ;RDH10265/2 R1A ;1310.00 ;27C   ;38%   ;-1.44  ;-3.48  ;   0
 2 ;S211-1 ;RRU227922B822B20C* ;BXP_3    ;  0 ;ERICSSON ;SPP10ELRIDFREN ;10   ;M5C2003565 ;20220411 ;RDH10265/2 R1A ;1310.00 ;22C   ;29%   ;-1.12  ;-9.55  ;   0
 4 ;S100-1 ;RRU449944B144B3C   ;BXP_4    ;  1 ;ERICSSON ;SPP10ELRIDFREN ;10   ;LD32006472 ;20211202 ;RDH10265/2 R1A ;1310.00 ;24C   ;37%   ;-1.61  ;-3.48  ;   0
 3 ;S212-1 ;RRU227922B822B20C* ;BXP_5    ;  0 ;ERICSSON ;SPP10ELRIDFREN ;10   ;M5C2003665 ;20220411 ;RDH10265/2 R1A ;1310.00 ;26C   ;39%   ;-1.66  ;-7.26  ;   0
 5 ;S102-1 ;RRU449944B144B3C   ;BXP_6    ;  1 ;ERICSSON ;SPP10ELRIDFREN ;10   ;M5C2003455 ;20220411 ;RDH10265/2 R1A ;1310.00 ;22C   ;38%   ;-0.93  ;-2.02  ;   0
-------------------------------------------------------------------------------------------------------------------------------------
TN ;       ;BB6630             ;000100   ;  A ;ERICSSON ;SPP10ELRIDFREN ;10   ;M592018643 ;20220408 ;RDH10265/2 R1A ;0       ;34C   ;42%   ;-2.60  ;-5.93  ;NZ/0
TN ;       ;BB6630             ;000100   ;  B ;ERICSSON ;SPP10ELRIDFREN ;10   ;M5C2003278 ;20220411 ;RDH10265/2 R1A ;0       ;35C   ;43%   ;-2.86  ;-3.31  ; 0/0
-------------------------------------------------------------------------------------------------------------------------------------

=====================================================================================================================================
BOARD  ;LNH    ;PORT   ;T ;S ;OpMode   ;AutoNeg ;MacAddress        ;VlanIds        ;LOS ;BER
=====================================================================================================================================
BB6630 ;000100 ;IDL_A1 ;E ;1 ;10G_FULL ;false   ;7C:72:6E:78:21:1B ;3908           ;0   ;0/0
BB6630 ;000100 ;TN_A   ;O ;1 ;1G_FULL  ;true    ;7C:72:6E:78:21:17 ;3901,3908,3910 ;0   ;NZ/0
BB6630 ;000100 ;TN_B   ;O ;1 ;10G_FULL ;false   ;7C:72:6E:78:21:18 ;3901,3908,3910 ;0   ;0/0
-------------------------------------------------------------------------------------------------------------------------------------

radioClockState : RNT_TIME_LOCKED
-------------------------------------------------------------------------------------
Prio  ;ST  ;syncRefType    ;refStatus  ;opQualLevel  ;SyncReference
-------------------------------------------------------------------------------------
  *1  ; 1  ;PTP_TIME       ;NO_FAULT   ;PRTC         ;Ptp=1,BoundaryOrdinaryClock=1 (G_8275_2 Router=45G_Traffic,InterfaceIPv4=LTE,AddressIPv4=LTE:SLAVE)
   2  ; 1  ;NTP_FREQUENCY  ;NO_FAULT   ;PRC          ;Ntp=1,NtpFrequencySync=NTP1 (10.31.0.54:32751 Router=45G_Traffic,InterfaceIPv4=LTE,AddressIPv4=LTE)
-------------------------------------------------------------------------------------
nodeGroupRole   : SYNC_PROVIDER (syncNodePriority=1, selectionMode=NODE_PRIORITY)
-------------------------------------------------------------------------------------
DU  ;Port  ;sharedUnitRef (RiPortA - RiPortB)  ;remoteNodePriority  ;CandidateStatus
-------------------------------------------------------------------------------------
1   ;C     ;Fru=Radio-S212-1 (1 - 2)           ;3                   ;OK_NOT_ACTIVE
1   ;B     ;Fru=Radio-S211-1 (1 - 2)           ;3                   ;OK_NOT_ACTIVE
1   ;A     ;Fru=Radio-S210-1 (1 - 2)           ;3                   ;OK_NOT_ACTIVE
-------------------------------------------------------------------------------------

=====================================================================================================================================
FRU          ;LNH    ;BOARD              ;RF  ;BP  ;TX (W/dBm)  ;VSWR (RL)   ;RX (dBm) ;UEs/gUEs  ;Sector/AntennaGroup/Cells (State:CellIds:PCIs)
=====================================================================================================================================
Radio-S100-1 ;BXP_4  ;RRU449944B144B3C   ; A  ;11  ;12.0 (40.8) ;1.09 (27.5) ;-88.2    ;40/-      ;SE=100 AG=100 FDD=RL8EM1 FDD=RL8ET1 (1:31:418, 1:41:381)
Radio-S100-1 ;BXP_4  ;RRU449944B144B3C   ; B  ;11  ;10.8 (40.4) ;1.06 (30.3) ;-87.9    ;40/-      ;SE=100 AG=100 FDD=RL8EM1 FDD=RL8ET1 (1:31:418, 1:41:381)
Radio-S100-1 ;BXP_4  ;RRU449944B144B3C   ; C  ;11  ;70.2 (48.5) ;1.08 (28.6) ;-88.4    ;116/-     ;SE=101 AG=101 FDD=RL8EM2 FDD=RL8ET2 (1:32:417, 1:42:382)
Radio-S100-1 ;BXP_4  ;RRU449944B144B3C   ; D  ;11  ;69.3 (48.4) ;1.03 (37.0) ;-88.8    ;116/-     ;SE=101 AG=101 FDD=RL8EM2 FDD=RL8ET2 (1:32:417, 1:42:382)
Radio-S102-1 ;BXP_6  ;RRU449944B144B3C   ; A  ;11  ;56.4 (47.5) ;1.09 (27.1) ;-89.7    ;93/-      ;SE=102 AG=102 FDD=RL8EM3 FDD=RL8ET3 (1:33:311, 1:43:383)
Radio-S102-1 ;BXP_6  ;RRU449944B144B3C   ; B  ;11  ;57.1 (47.6) ;1.07 (28.9) ;-88.7    ;93/-      ;SE=102 AG=102 FDD=RL8EM3 FDD=RL8ET3 (1:33:311, 1:43:383)
Radio-S102-1 ;BXP_6  ;RRU449944B144B3C   ; C  ;11  ;-           ;-           ;         ;          ;
Radio-S102-1 ;BXP_6  ;RRU449944B144B3C   ; D  ;11  ;-           ;-           ;         ;          ;
Radio-S210-1 ;BXP_2  ;RRU227922B822B20C* ; A  ;11  ;18.6 (42.7) ;1.23 (19.6) ;-93.8    ;5/-       ;SE=210* AG=210 FDD=RL8EE1 NIOT=RL8EN1 (1:61:422, 1:161:422)
Radio-S210-1 ;BXP_2  ;RRU227922B822B20C* ; B  ;11  ;12.6 (41.0) ;1.21 (20.5) ;-91.8    ;5/-       ;SE=210* AG=210 FDD=RL8EE1 NIOT=RL8EN1 (1:61:422, 1:161:422)
Radio-S211-1 ;BXP_3  ;RRU227922B822B20C* ; A  ;11  ;40.3 (46.1) ;1.29 (18.0) ;-92.6    ;31/-      ;SE=211* AG=211 FDD=RL8EE2 NIOT=RL8EN2 (1:62:361, 1:162:361)
Radio-S211-1 ;BXP_3  ;RRU227922B822B20C* ; B  ;11  ;39.7 (46.0) ;1.31 (17.4) ;-92.1    ;31/-      ;SE=211* AG=211 FDD=RL8EE2 NIOT=RL8EN2 (1:62:361, 1:162:361)
Radio-S212-1 ;BXP_5  ;RRU227922B822B20C* ; A  ;11  ;38.0 (45.8) ;1.21 (20.4) ;-90.5    ;11/-      ;SE=212* AG=212 FDD=RL8EE3 NIOT=RL8EN3 (1:63:109, 1:163:109)
Radio-S212-1 ;BXP_5  ;RRU227922B822B20C* ; B  ;11  ;38.3 (45.8) ;1.33 (16.9) ;-89.5    ;11/-      ;SE=212* AG=212 FDD=RL8EE3 NIOT=RL8EN3 (1:63:109, 1:163:109)
-------------------------------------------------------------------------------------------------------------------------------------

RL8ET> mfar

251125-16:39:51+0100 19.31.15.241 25.0h MSRBS_NODE_MODEL_25.Q1_198665.224.73_bf81 stopfile=/tmp/3134243
........
Last MO: 18378. Loaded 18378 MOs. Total: 18379 MOs.
...............................................
get /rop/A20251125.1400-1415_RL8ET.xml.gz /ericsson/log/amos/moshell_logfiles/t20251125_37258710_65084/logs_moshell/pmfiles/19.31.15.241/rop/A20251125.1400-1415_RL8ET.xml.gz ... OK
get /rop/A20251125.1415-1430_RL8ET.xml.gz /ericsson/log/amos/moshell_logfiles/t20251125_37258710_65084/logs_moshell/pmfiles/19.31.15.241/rop/A20251125.1415-1430_RL8ET.xml.gz ... OK
get /rop/A20251125.1430-1445_RL8ET.xml.gz /ericsson/log/amos/moshell_logfiles/t20251125_37258710_65084/logs_moshell/pmfiles/19.31.15.241/rop/A20251125.1430-1445_RL8ET.xml.gz ... OK

Using hardcoded thresholds: 3, 4.5, and 16.5
================================================================================================================================
SC     SE  Tx/Rx BrPair  RfPort1 - RfPort2               HW       Serial      Cell (State)   Samples   Med  Mean  SDev Pol Res Issue
================================================================================================================================
RL8EE1 210   2/2 0 (1,2) Radio-S210-1(A) Radio-S210-1(B) RRU2279  TU8U01J7EA  FDD=RL8EE1 (1)   38237  -1.5  -1.7   6.9  NA  OK Passed
RL8EE2 211   2/2 0 (1,2) Radio-S211-1(A) Radio-S211-1(B) RRU2279  TU8U01J65E  FDD=RL8EE2 (1)  214159  -0.5  -0.6   6.6  NA  OK Passed
RL8EE3 212   2/2 0 (1,2) Radio-S212-1(A) Radio-S212-1(B) RRU2279  TU8U01J7R3  FDD=RL8EE3 (1)  154307  -0.5  -0.6   6.3  NA  OK Passed
RL8EM1 100   2/2 0 (1,2) Radio-S100-1(A) Radio-S100-1(B) RRU4499  E23D905053  FDD=RL8EM1 (1)   37533   1.5   1.1   7.2  NA  OK Passed
RL8EM2 101   2/2 0 (1,2) Radio-S100-1(C) Radio-S100-1(D) RRU4499  E23D905053  FDD=RL8EM2 (1)  253659   0.5   0.0   6.8  NA  OK Passed
RL8EM3 102   2/2 0 (1,2) Radio-S102-1(A) Radio-S102-1(B) RRU4499  E23D905168  FDD=RL8EM3 (1)  202179   0.5   0.4   7.4  NA  OK Passed
RL8ET1 100   2/2 0 (1,2) Radio-S100-1(A) Radio-S100-1(B) RRU4499  E23D905053  FDD=RL8ET1 (1)  193717  -0.5  -0.0   7.1  NA  OK Passed
RL8ET2 101   2/2 0 (1,2) Radio-S100-1(C) Radio-S100-1(D) RRU4499  E23D905053  FDD=RL8ET2 (1)  271845   0.5   0.3   6.8  NA  OK Passed
RL8ET3 102   2/2 0 (1,2) Radio-S102-1(A) Radio-S102-1(B) RRU4499  E23D905168  FDD=RL8ET3 (1)  271913  -0.5   0.1   7.0  NA  OK Passed
================================================================================================================================
Total: 9 SectorCarriers, 9 RfBranch Pairs (9 OK, 0 OKW, 0 NOK, 0 NT)
........
Last MO: 18378. Loaded 18378 MOs. Total: 18379 MOs.

No NRSectorCarrier MOs are defined on the node.

RL8ET> mfitr

251125-16:40:09+0100 19.31.15.241 25.0h MSRBS_NODE_MODEL_25.Q1_198665.224.73_bf81 stopfile=/tmp/3134243
.............
Last MO: 18378. Loaded 18378 MOs. Total: 18379 MOs.
..........
2025-11-25 16:40
================================================================================================================================
CELL       SC     FRU          BOARD             PUSCH  PUCCH       A      B      C      D  DELTA
================================================================================================================================
FDD=RL8EE1 RL8EE1 Radio-S210-1 RRU227922B822B20C -113.0 -111.5 -114.4 -113.6                  0.8
FDD=RL8EE2 RL8EE2 Radio-S211-1 RRU227922B822B20C -113.4 -110.9 -111.6 -110.9                  0.7
FDD=RL8EE3 RL8EE3 Radio-S212-1 RRU227922B822B20C -114.0 -112.4 -114.6 -113.4                  1.2
FDD=RL8EM1 RL8EM1 Radio-S100-1 RRU449944B144B3C  -113.3 -115.6 -115.3 -114.7                  0.6
FDD=RL8EM2 RL8EM2 Radio-S100-1 RRU449944B144B3C  -106.8 -107.7               -106.0 -107.6    1.6
FDD=RL8EM3 RL8EM3 Radio-S102-1 RRU449944B144B3C  -115.9 -117.5 -115.6 -114.9                  0.7
FDD=RL8ET1 RL8ET1 Radio-S100-1 RRU449944B144B3C  -112.4 -112.9 -112.8 -113.3                  0.5
FDD=RL8ET2 RL8ET2 Radio-S100-1 RRU449944B144B3C  -114.4 -114.4               -114.6 -114.4    0.2
FDD=RL8ET3 RL8ET3 Radio-S102-1 RRU449944B144B3C  -113.3 -115.2 -109.9 -111.0                  1.1
================================================================================================================================
Bye...
Output has been logged to file /mta_fs/UserFiles/37258710/amosbatch/SDIR/RL8ET.log
