Logging to file /mta_fs/UserFiles/37258710/amosbatch/SDIR/RLD4L.log
                        __  __  ____   _____
                  /\   |  \/  |/ __ \ / ____|
                 /  \  | \  / | |  | | (___  
                / /\ \ | |\/| | |  | |\___ \ 
               / ____ \| |  | | |__| |____) |
              /_/    \_\_|  |_|\____/|_____/
              OSS Framework for MoShell-25.0h 
  Copyright (c) Ericsson AB 2001-2025 - All Rights Reserved
              
           
[1;31mWARNING: [0mthe AMOS version currently running is more than 29 weeks old and is unsupported.
Please upgrade as soon as possible to the latest released version, available from your local Ericsson support.

$amosrb_pid = 2193744

Checking ip contact...OK

HELP MENU            : h
BASIC MO COMMANDS    : m
OTHER MO COMMANDS    : n
OTHER COMMANDS       : o
PM COMMANDS          : p
QUIT                 : q

RLD4L> lt all

251125-11:47:44+0100 19.31.14.153 25.0h  stopfile=/tmp/2193647
Looking up temporary_amos account... OK.
Trying temporary_amos_t20251125_37258710_65084_131's password from amos lookupAccount ... OK

$ssh_pid = 2194043

Connected to 19.31.14.153 (SubNetwork=BBMM_rckomc_R,MeContext=RLD4L,ManagedElement=RLD4L)

Checking MOM version...MSRBS_NODE_MODEL_25.Q1_693.28324.131_62ac
Parsing MOM (cached): /ericsson/log/amos/moshell_logfiles/t20251125_37258710_65084/logs_moshell/tempfiles/scp-4-amos_20251125-114737_2193588/MSRBS_NODE_MODEL_25.Q1_693.28324.131_62ac.xml.cache.gz ..................................................................................................................................................................................................................................Done.
Using paramfile /opt/ericsson/amos/moshell/commonjars/pm/PARAM_MSRBS_25.Q1.txt
Parsing file /opt/ericsson/amos/moshell/commonjars/pm/PARAM_MSRBS_25.Q1.txt .......................................................................................Done.
Using imomdfile /opt/ericsson/amos/moshell/commonjars/pm/IMOMD_MSRBS_22.Q4.txt
Using imomfile /opt/ericsson/amos/moshell/commonjars/pm/IMOM_MSRBS_25.Q1.txt
Connected to 19.31.14.153 (SubNetwork=BBMM_rckomc_R,MeContext=RLD4L,ManagedElement=RLD4L)

Last MO: 16900. Loaded 16900 MOs. Total: 16901 MOs.

RLD4L> st cell

251125-11:47:57+0100 19.31.14.153 25.0h MSRBS_NODE_MODEL_25.Q1_693.28324.131_62ac stopfile=/tmp/2193647
===================================================================================
Proxy  Adm State     Op. State     MO
===================================================================================
   56  1 (UNLOCKED)  1 (ENABLED)   ENodeBFunction=1,EUtranCellFDD=RLD4L1
  155  1 (UNLOCKED)  1 (ENABLED)   ENodeBFunction=1,EUtranCellFDD=RLD4L2
  266  1 (UNLOCKED)  1 (ENABLED)   ENodeBFunction=1,EUtranCellFDD=RLD4L3
===================================================================================
Total: 3 MOs

RLD4L> st radio

251125-11:47:57+0100 19.31.14.153 25.0h MSRBS_NODE_MODEL_25.Q1_693.28324.131_62ac stopfile=/tmp/2193647
===================================================================================
Proxy  Adm State     Op. State     MO
===================================================================================
 1130  1 (UNLOCKED)  1 (ENABLED)   Equipment=1,FieldReplaceableUnit=Radio-S180-1
 1145  1 (UNLOCKED)  1 (ENABLED)   Equipment=1,FieldReplaceableUnit=Radio-S182-1
 1160  1 (UNLOCKED)  1 (ENABLED)   Equipment=1,FieldReplaceableUnit=Radio-S210-1
 1177  1 (UNLOCKED)  1 (ENABLED)   Equipment=1,FieldReplaceableUnit=Radio-S211-1
 1194  1 (UNLOCKED)  1 (ENABLED)   Equipment=1,FieldReplaceableUnit=Radio-S212-1
16894  1 (UNLOCKED)  1 (ENABLED)   Transport=1,Synchronization=1,RadioEquipmentClock=1,RadioEquipmentClockReference=NTP1
16895  1 (UNLOCKED)  1 (ENABLED)   Transport=1,Synchronization=1,RadioEquipmentClock=1,RadioEquipmentClockReference=PTP
===================================================================================
Total: 7 MOs

RLD4L> sdir

251125-11:47:58+0100 19.31.14.153 25.0h MSRBS_NODE_MODEL_25.Q1_693.28324.131_62ac stopfile=/tmp/2193647
INFO: Using amos lookupAccount credentials for the export login
...............................
get /rop/A20251125.1000-1015_RLD4L.xml.gz /ericsson/log/amos/moshell_logfiles/t20251125_37258710_65084/logs_moshell/pmfiles/19.31.14.153/rop/A20251125.1000-1015_RLD4L.xml.gz ... OK
get /rop/A20251125.1015-1030_RLD4L.xml.gz /ericsson/log/amos/moshell_logfiles/t20251125_37258710_65084/logs_moshell/pmfiles/19.31.14.153/rop/A20251125.1015-1030_RLD4L.xml.gz ... OK
get /rop/A20251125.1030-1045_RLD4L.xml.gz /ericsson/log/amos/moshell_logfiles/t20251125_37258710_65084/logs_moshell/pmfiles/19.31.14.153/rop/A20251125.1030-1045_RLD4L.xml.gz ... OK
....Checking available boards on node...

Collecting RCS board data ...
........................................................................................................................
..........................
..............................................................................................................................................................................................................................................................................................................
...........
Collecting TN data...
................................................................................................................................................................................................................................................................................
Collecting RF data...
...
Collecting Alarms...
Executing action Log.export()
...
Log=AlarmLog                    actionId=50975
............
Executing action LogM.exportAvailabilityLog()
..LogM=1,exportAvailabilityLog    actionId=50976
.....Parsing alarmLog...Done.
Parsing availabilityLog....Done.
.

Total: 5 CPRI links (5 OK, 0 OKW, 0 NOK, 0 NT)
.
+--------+                      +--------------------+
|        | A        O101     D2 |    Radio-S210-1    |
|        |-----------1----------| RRU227922B822B20C* |
|        |         OK-5m        |       BXP_4        |
|        |                      +--------------------+
|        |                                     |A  |B
|        |                 SE=210* AG=210 GT=RLD4D1/0
|        |                                GT=RLD4D1/8
|        |
|        |                      +--------------------+
|        | B        O101     D2 |    Radio-S211-1    |
|        |-----------2----------| RRU227922B822B20C* |
|        |         OK-5m        |       BXP_3        |
|        |                      +--------------------+
|        |                                     |A  |B
|        |                 SE=211* AG=211 GT=RLD4D2/0
|        |                                GT=RLD4D2/1
|        |
|        |                      +--------------------+
|        | C        O101     D2 |    Radio-S212-1    |
|        |-----------3----------| RRU227922B822B20C* |
|        |         OK-5m        |       BXP_2        |
|        |                      +--------------------+
|        |                                     |A  |B
|  BB-1  |                 SE=212* AG=212 GT=RLD4D3/0
| BB6631 |                                GT=RLD4D3/8
| 000100 |
|        |                      +---------------+
|        | D        O101     D1 | Radio-S180-1  |
|        |-----------4----------|   RRU4415B7   |
|        |         OK-10m       |     BXP_6     |
|        |                      +---------------+
|        |                        |A  |B  |C  |D
|        |                 SE=180 AG=180  |   |
|        |                    FDD=RLD4L1  |   |
|        |                         SE=181 AG=181
|        |                            FDD=RLD4L2
|        |
|        |                      +---------------+
|        | E        O101     D1 | Radio-S182-1  |
|        |-----------5----------|   RRU4415B7   |
|        |         OK-10m       |     BXP_5     |
|        |                      +---------------+
|        |                        |A  |B  |C  |D
|        |                 SE=182 AG=182  |   |
|        |                    FDD=RLD4L3  |   |
|        |
+--------+

=====================================================================================================================================
ID RiL    Type Res MO1-MO2                  BOARD1-BOARD2             AlmIDs Cells (States)                Issue (Failed checks)
=====================================================================================================================================
 1 S210-1 O101 OK  BB-1(A) Radio-S210-1(D2) BB6631 RRU227922B822B20C*        GT=RLD4D1/0 GT=RLD4D1/8 (1,1) Passed
 2 S211-1 O101 OK  BB-1(B) Radio-S211-1(D2) BB6631 RRU227922B822B20C*        GT=RLD4D2/0 GT=RLD4D2/1 (1,1) Passed
 3 S212-1 O101 OK  BB-1(C) Radio-S212-1(D2) BB6631 RRU227922B822B20C*        GT=RLD4D3/0 GT=RLD4D3/8 (1,1) Passed
 4 S180-1 O101 OK  BB-1(D) Radio-S180-1(D1) BB6631 RRU4415B7                 FDD=RLD4L1 FDD=RLD4L2 (1,1)   Passed
 5 S182-1 O101 OK  BB-1(E) Radio-S182-1(D1) BB6631 RRU4415B7                 FDD=RLD4L3 (1)                Passed
-------------------------------------------------------------------------------------------------------------------------------------

Node: RadioNode GL   CXP2010174/2_R27J08 (25.Q1)   G3.1   GSM LTE-FDD 

=====================================================================================================================================
FRU          ;LNH    ;BOARD              ;ST ;FAULT ;OPER ;MAINT ;STAT ;PRODUCTNUMBER   ;REV     ;SERIAL        ;DATE     ;PMTEMP ; TEMP ; UPT ;VOLT ;SW                   ;
=====================================================================================================================================
BB-1         ;000100 ;BB6631             ; 1 ;  OFF ;  ON ;  OFF ;  ON ;KDU1370071/11   ;R3C     ;E96A012CMJ    ;20230906 ;3 (OK) ;      ; 131 ;54   ;                     ;
Radio-S180-1 ;BXP_6  ;RRU4415B7          ; 1 ;  OFF ;  ON ;  OFF ; N/A ;KRC161495/1     ;R5J     ;TU8U026R7W    ;20230831 ;4 (OK) ; 29.0 ; 131 ;54.7 ;CXP9013268%15_R101LX ; (Radio4415B7)
Radio-S182-1 ;BXP_5  ;RRU4415B7          ; 1 ;  OFF ;  ON ;  OFF ; N/A ;KRC161495/1     ;R5J     ;TU8U026R7R    ;20230831 ;4 (OK) ; 27.5 ; 131 ;55.6 ;CXP9013268%15_R101LX ; (Radio4415B7)
Radio-S210-1 ;BXP_4  ;RRU227922B822B20C* ; 1 ;  OFF ;  ON ;  OFF ; N/A ;KRC161864/1     ;R1F     ;TU8U028BT8    ;20231010 ;4 (OK) ; 33.5 ; 131 ;55.5 ;CXP9013268%15_R101LX ; (Radio227922B822B20C)
Radio-S211-1 ;BXP_3  ;RRU227922B822B20C* ; 1 ;  OFF ;  ON ;  OFF ; N/A ;KRC161864/1     ;R1F     ;TU8U028BSZ    ;20231010 ;4 (OK) ; 34.0 ; 131 ;55.6 ;CXP9013268%15_R101LX ; (Radio227922B822B20C)
Radio-S212-1 ;BXP_2  ;RRU227922B822B20C* ; 1 ;  OFF ;  ON ;  OFF ; N/A ;KRC161864/1     ;R1F     ;TU8U028BSS    ;20231010 ;4 (OK) ; 32.5 ; 131 ;55.6 ;CXP9013268%15_R101LX ; (Radio227922B822B20C)
-------------------------------------------------------------------------------------------------------------------------------------

=====================================================================================================================================
XPBOARD  ;ST ;FAULT ;OPER ;PRODUCTNUMBER ;REV ;SERIAL/NAME ;DATE     ; TEMP ;MO
=====================================================================================================================================
FAN08    ; 1 ;N/A   ;N/A  ;BKV106236/1   ;R2M ;CE5100UTE2  ;20230420 ; 39.5 ;SupportUnit=1 (FAN  BB-1)
-------------------------------------------------------------------------------------------------------------------------------------

=====================================================================================================================================
ID ;T ;RiL    ;BPBP ;BOARD1             ;LNH1 ;PORT ;R ;LINK ;RATE  ; BER ;BOARD2             ;LNH2 ;PORT ;R ;LINK ;RATE  ; BER ;LENGTH ;MO1 - MO2
=====================================================================================================================================
 1 ;O ;S210-1 ;1111 ;BB6631             ;000100 ; 1 ;M ;Up   ;10.1G ;   0 ;RRU227922B822B20C* ;BXP_4  ; 1 ;S ;Up   ;10.1G ;   0 ;    5m ;Fru=BB-1(A) Fru=Radio-S210-1(D2)
 2 ;O ;S211-1 ;1111 ;BB6631             ;000100 ; 2 ;M ;Up   ;10.1G ;   0 ;RRU227922B822B20C* ;BXP_3  ; 1 ;S ;Up   ;10.1G ;   0 ;    5m ;Fru=BB-1(B) Fru=Radio-S211-1(D2)
 3 ;O ;S212-1 ;1111 ;BB6631             ;000100 ; 3 ;M ;Up   ;10.1G ;   0 ;RRU227922B822B20C* ;BXP_2  ; 1 ;S ;Up   ;10.1G ;   0 ;    5m ;Fru=BB-1(C) Fru=Radio-S212-1(D2)
 4 ;O ;S180-1 ;1111 ;BB6631             ;000100 ; 4 ;M ;Up   ;10.1G ;   0 ;RRU4415B7          ;BXP_6  ; 0 ;S ;Up   ;10.1G ;   0 ;   10m ;Fru=BB-1(D) Fru=Radio-S180-1(D1)
 5 ;O ;S182-1 ;1111 ;BB6631             ;000100 ; 5 ;M ;Up   ;10.1G ;   0 ;RRU4415B7          ;BXP_5  ; 0 ;S ;Up   ;10.1G ;   0 ;   10m ;Fru=BB-1(E) Fru=Radio-S182-1(D1)
-------------------------------------------------------------------------------------------------------------------------------------

=====================================================================================================================================
ID ;LINK ;RiL    ;VENDOR1  ;VENDORPROD1     ;REV1 ;SERIAL1      ;DATE1    ;ERICSSONPROD1      ;VENDOR2  ;VENDORPROD2     ;REV2 ;SERIAL2      ;DATE2    ;ERICSSONPROD2      ;TT ;WL1     ;WL2    
=====================================================================================================================================
 1 ;Up   ;S210-1 ;ERICSSON ;RTXM228-702-C22 ;1.0  ;CU823H0AP0   ;20230805 ;RDH10265/2 R1A     ;ERICSSON ;RTXM228-702-C22 ;1.0  ;CU823H0ANJ   ;20230805 ;RDH10265/2 R1A     ;0  ;1310.00 ;1310.00
 2 ;Up   ;S211-1 ;ERICSSON ;RTXM228-702-C22 ;1.0  ;CU823H0APY   ;20230805 ;RDH10265/2 R1A     ;ERICSSON ;RTXM228-702-C22 ;1.0  ;CU823H0AQ0   ;20230805 ;RDH10265/2 R1A     ;0  ;1310.00 ;1310.00
 3 ;Up   ;S212-1 ;ERICSSON ;RTXM228-702-C22 ;1.0  ;CU823H0ANV   ;20230805 ;RDH10265/2 R1A     ;ERICSSON ;RTXM228-702-C22 ;1.0  ;CU823H0APQ   ;20230805 ;RDH10265/2 R1A     ;0  ;1310.00 ;1310.00
 4 ;Up   ;S180-1 ;ERICSSON ;RTXM228-702-C22 ;1.0  ;CU823H0ANN   ;20230805 ;RDH10265/2 R1A     ;ERICSSON ;RTXM228-702-C22 ;1.0  ;CU823H0AP4   ;20230805 ;RDH10265/2 R1A     ;0  ;1310.00 ;1310.00
 5 ;Up   ;S182-1 ;ERICSSON ;RTXM228-702-C22 ;1.0  ;CU823H0APG   ;20230805 ;RDH10265/2 R1A     ;ERICSSON ;RTXM228-702-C22 ;1.0  ;CU823H0AP2   ;20230805 ;RDH10265/2 R1A     ;0  ;1310.00 ;1310.00
-------------------------------------------------------------------------------------------------------------------------------------

=====================================================================================================================================
ID ;LINK ;RiL    ;WL1     ;TEMP1 ;TXbs1 ;TXdBm1 ;RXdBm1 ;BER1   ;WL2     ;TEMP2 ;TXbs2 ;TXdBm2 ;RXdBm2 ;BER2   ;DlLoss ;UlLoss ;LENGTH ;TT
=====================================================================================================================================
 1 ;Up   ;S210-1 ;1310.00 ;42C   ;54%   ;-1.34  ;-0.80  ;   0   ;1310.00 ;39C   ;54%   ;-1.05  ;-1.12  ;   0   ; -0.22 ; -0.25 ;    5m ; 0
 2 ;Up   ;S211-1 ;1310.00 ;43C   ;55%   ;-1.73  ;-0.62  ;   0   ;1310.00 ;38C   ;53%   ;-1.00  ;-2.69  ;   0   ;  0.96 ; -0.38 ;    5m ; 0
 3 ;Up   ;S212-1 ;1310.00 ;40C   ;54%   ;-1.03  ;-0.81  ;   0   ;1310.00 ;30C   ;53%   ;-1.56  ;-2.08  ;   0   ;  1.05 ; -0.75 ;    5m ; 0
 4 ;Up   ;S180-1 ;1310.00 ;41C   ;56%   ;-1.39  ;-0.61  ;   0   ;1310.00 ;34C   ;51%   ;-1.64  ;-1.15  ;   0   ; -0.24 ; -1.03 ;   10m ; 0
 5 ;Up   ;S182-1 ;1310.00 ;45C   ;56%   ;-1.67  ;-0.69  ;   0   ;1310.00 ;31C   ;52%   ;-1.18  ;-1.07  ;   0   ;  -0.6 ; -0.49 ;   10m ; 0
-------------------------------------------------------------------------------------------------------------------------------------

=====================================================================================================================================
ID ;RiL    ;BOARD              ;SFPLNH  ;PORT ;VENDOR   ;VENDORPROD      ;REV  ;SERIAL       ;DATE     ;ERICSSONPROD       ;WL      ;TEMP  ;TXbs  ;TXdBm  ;RXdBm  ; BER
=====================================================================================================================================
 1 ;S210-1 ;BB6631             ;000100   ;  1 ;ERICSSON ;RTXM228-702-C22 ;1.0  ;CU823H0AP0   ;20230805 ;RDH10265/2 R1A     ;1310.00 ;42C   ;54%   ;-1.34  ;-0.80  ;   0
 2 ;S211-1 ;BB6631             ;000100   ;  2 ;ERICSSON ;RTXM228-702-C22 ;1.0  ;CU823H0APY   ;20230805 ;RDH10265/2 R1A     ;1310.00 ;43C   ;55%   ;-1.73  ;-0.62  ;   0
 3 ;S212-1 ;BB6631             ;000100   ;  3 ;ERICSSON ;RTXM228-702-C22 ;1.0  ;CU823H0ANV   ;20230805 ;RDH10265/2 R1A     ;1310.00 ;40C   ;54%   ;-1.03  ;-0.81  ;   0
 4 ;S180-1 ;BB6631             ;000100   ;  4 ;ERICSSON ;RTXM228-702-C22 ;1.0  ;CU823H0ANN   ;20230805 ;RDH10265/2 R1A     ;1310.00 ;41C   ;56%   ;-1.39  ;-0.61  ;   0
 5 ;S182-1 ;BB6631             ;000100   ;  5 ;ERICSSON ;RTXM228-702-C22 ;1.0  ;CU823H0APG   ;20230805 ;RDH10265/2 R1A     ;1310.00 ;45C   ;56%   ;-1.67  ;-0.69  ;   0
 3 ;S212-1 ;RRU227922B822B20C* ;BXP_2    ;  1 ;ERICSSON ;RTXM228-702-C22 ;1.0  ;CU823H0APQ   ;20230805 ;RDH10265/2 R1A     ;1310.00 ;30C   ;53%   ;-1.56  ;-2.08  ;   0
 2 ;S211-1 ;RRU227922B822B20C* ;BXP_3    ;  1 ;ERICSSON ;RTXM228-702-C22 ;1.0  ;CU823H0AQ0   ;20230805 ;RDH10265/2 R1A     ;1310.00 ;38C   ;53%   ;-1.00  ;-2.69  ;   0
 1 ;S210-1 ;RRU227922B822B20C* ;BXP_4    ;  1 ;ERICSSON ;RTXM228-702-C22 ;1.0  ;CU823H0ANJ   ;20230805 ;RDH10265/2 R1A     ;1310.00 ;39C   ;54%   ;-1.05  ;-1.12  ;   0
 5 ;S182-1 ;RRU4415B7          ;BXP_5    ;  0 ;ERICSSON ;RTXM228-702-C22 ;1.0  ;CU823H0AP2   ;20230805 ;RDH10265/2 R1A     ;1310.00 ;31C   ;52%   ;-1.18  ;-1.07  ;   0
 4 ;S180-1 ;RRU4415B7          ;BXP_6    ;  0 ;ERICSSON ;RTXM228-702-C22 ;1.0  ;CU823H0AP4   ;20230805 ;RDH10265/2 R1A     ;1310.00 ;34C   ;51%   ;-1.64  ;-1.15  ;   0
-------------------------------------------------------------------------------------------------------------------------------------
TN ;       ;BB6631             ;000100   ;IA2 ;ERICSSON ;42020201934     ;A0   ;202332400265 ;20230807 ;RPM777053/1000 R1B ;NA      ;NA    ;NA    ;NA     ;NA     ; 0/0
-------------------------------------------------------------------------------------------------------------------------------------

=====================================================================================================================================
BOARD  ;LNH    ;PORT       ;T ;S ;OpMode   ;AutoNeg ;MacAddress        ;VlanIds        ;LOS ;BER
=====================================================================================================================================
BB6631 ;000100 ;TN_IDL_A_1 ;E ;1 ;10G_FULL ;false   ;58:70:7F:8A:A1:0B ;3901,3908,3910 ;0   ;0/0
BB6631 ;000100 ;TN_IDL_A_2 ;O ;1 ;10G_FULL ;false   ;58:70:7F:8A:A1:0C ;3908           ;0   ;0/0
-------------------------------------------------------------------------------------------------------------------------------------

radioClockState : RNT_TIME_LOCKED
-------------------------------------------------------------------------------------
Prio  ;ST  ;syncRefType    ;refStatus  ;opQualLevel  ;SyncReference
-------------------------------------------------------------------------------------
   1  ; 1  ;PTP_TIME       ;NO_FAULT   ;PRTC         ;Ptp=1,BoundaryOrdinaryClock=PTP (G_8275_1 EthernetPort=TN_IDL_A_1:SLAVE)
   2  ; 1  ;NTP_FREQUENCY  ;NO_FAULT   ;PRC          ;Ntp=1,NtpFrequencySync=NTP1 (10.31.0.54:32751 Router=45G_Traffic,InterfaceIPv4=LTE,AddressIPv4=LTE)
-------------------------------------------------------------------------------------
-------------------------------------------------------------------------------------
Prio  ;ST  ;assistRefStatus  ;recQualLevel  ;AssistingReference
-------------------------------------------------------------------------------------
   1  ; 0  ;UNKNOWN          ;PRTC          ;Synchronization=1,SyncEthInput=SyncE (SFP_DAC EthernetPort=TN_IDL_A_1)
-------------------------------------------------------------------------------------
nodeGroupRole   : SYNC_RECEIVER (syncNodePriority=3, selectionMode=NODE_PRIORITY)
-------------------------------------------------------------------------------------
DU  ;Port  ;sharedUnitRef (RiPortA - RiPortB)  ;remoteNodePriority  ;CandidateStatus
-------------------------------------------------------------------------------------
1   ;A     ;Fru=Radio-S210-1 (2 - 1)           ;1                   ;OK_NOT_ACTIVE
1   ;B     ;Fru=Radio-S211-1 (2 - 1)           ;1                   ;OK_NOT_ACTIVE
1   ;C     ;Fru=Radio-S212-1 (2 - 1)           ;1                   ;OK_ACTIVE
-------------------------------------------------------------------------------------

=====================================================================================================================================
FRU          ;LNH    ;BOARD              ;RF  ;BP  ;TX (W/dBm)  ;VSWR (RL)   ;RX (dBm) ;UEs/gUEs  ;Sector/AntennaGroup/Cells (State:CellIds:PCIs)
=====================================================================================================================================
Radio-S180-1 ;BXP_6  ;RRU4415B7          ; A  ;11  ;7.8 (38.9)  ;1.12 (25.2) ;-98.4    ;0/-       ;SE=180 AG=180 FDD=RLD4L1 (1:21:99)
Radio-S180-1 ;BXP_6  ;RRU4415B7          ; B  ;11  ;-           ;1.14 (23.6) ;-98.6    ;0/-       ;SE=180 AG=180 FDD=RLD4L1 (1:21:99)
Radio-S180-1 ;BXP_6  ;RRU4415B7          ; C  ;11  ;13.5 (41.3) ;1.02 (40.0) ;-98.5    ;2/-       ;SE=181 AG=181 FDD=RLD4L2 (1:22:29)
Radio-S180-1 ;BXP_6  ;RRU4415B7          ; D  ;11  ;-           ;1.22 (20.0) ;-97.7    ;2/-       ;SE=181 AG=181 FDD=RLD4L2 (1:22:29)
Radio-S182-1 ;BXP_5  ;RRU4415B7          ; A  ;11  ;4.4 (36.4)  ;1.30 (17.7) ;-96.9    ;5/-       ;SE=182 AG=182 FDD=RLD4L3 (1:23:8)
Radio-S182-1 ;BXP_5  ;RRU4415B7          ; B  ;11  ;-           ;1.08 (28.3) ;-97.6    ;5/-       ;SE=182 AG=182 FDD=RLD4L3 (1:23:8)
Radio-S182-1 ;BXP_5  ;RRU4415B7          ; C  ;11  ;-           ;-           ;         ;          ;
Radio-S182-1 ;BXP_5  ;RRU4415B7          ; D  ;11  ;-           ;-           ;         ;          ;
Radio-S210-1 ;BXP_4  ;RRU227922B822B20C* ; A  ;11  ;16.4 (42.2) ;1.14 (23.7) ;-98.8    ;-/-       ;SE=210* AG=210 GT=RLD4D1/0 GT=RLD4D1/8 (1, 1)
Radio-S210-1 ;BXP_4  ;RRU227922B822B20C* ; B  ;11  ;13.9 (41.4) ;1.16 (22.8) ;-98.2    ;-/-       ;SE=210* AG=210 GT=RLD4D1/0 GT=RLD4D1/8 (1, 1)
Radio-S211-1 ;BXP_3  ;RRU227922B822B20C* ; A  ;11  ;17.5 (42.4) ;1.17 (22.0) ;-97.3    ;-/-       ;SE=211* AG=211 GT=RLD4D2/0 GT=RLD4D2/1 (1, 1)
Radio-S211-1 ;BXP_3  ;RRU227922B822B20C* ; B  ;11  ;11.1 (40.5) ;1.09 (27.0) ;-97.4    ;-/-       ;SE=211* AG=211 GT=RLD4D2/0 GT=RLD4D2/1 (1, 1)
Radio-S212-1 ;BXP_2  ;RRU227922B822B20C* ; A  ;11  ;3.3 (35.2)  ;1.11 (25.8) ;-93.1    ;-/-       ;SE=212* AG=212 GT=RLD4D3/0 GT=RLD4D3/8 (1, 1)
Radio-S212-1 ;BXP_2  ;RRU227922B822B20C* ; B  ;11  ;4.5 (36.5)  ;1.14 (23.7) ;-93.1    ;-/-       ;SE=212* AG=212 GT=RLD4D3/0 GT=RLD4D3/8 (1, 1)
-------------------------------------------------------------------------------------------------------------------------------------

RLD4L> mfar

251125-11:50:29+0100 19.31.14.153 25.0h MSRBS_NODE_MODEL_25.Q1_693.28324.131_62ac stopfile=/tmp/2193647
.....
Last MO: 16890. Loaded 16890 MOs. Total: 16891 MOs.
..........................................
get /rop/A20251125.0915-0930_RLD4L.xml.gz /ericsson/log/amos/moshell_logfiles/t20251125_37258710_65084/logs_moshell/pmfiles/19.31.14.153/rop/A20251125.0915-0930_RLD4L.xml.gz ... OK
get /rop/A20251125.0930-0945_RLD4L.xml.gz /ericsson/log/amos/moshell_logfiles/t20251125_37258710_65084/logs_moshell/pmfiles/19.31.14.153/rop/A20251125.0930-0945_RLD4L.xml.gz ... OK
get /rop/A20251125.0945-1000_RLD4L.xml.gz /ericsson/log/amos/moshell_logfiles/t20251125_37258710_65084/logs_moshell/pmfiles/19.31.14.153/rop/A20251125.0945-1000_RLD4L.xml.gz ... OK

Using hardcoded thresholds: 3, 4.5, and 16.5
================================================================================================================================
SC     SE  Tx/Rx BrPair  RfPort1 - RfPort2               HW       Serial      Cell (State)   Samples   Med  Mean  SDev Pol Res Issue
================================================================================================================================
RLD4L1 180   2/2 0 (1,2) Radio-S180-1(A) Radio-S180-1(B) RRU4415  TU8U026R7W  FDD=RLD4L1 (1)   17249   0.5   0.9   6.3  NA  OK Passed
RLD4L2 181   2/2 0 (1,2) Radio-S180-1(C) Radio-S180-1(D) RRU4415  TU8U026R7W  FDD=RLD4L2 (1)   48002  -0.5  -0.5   6.4  NA  OK Passed
RLD4L3 182   2/2 0 (1,2) Radio-S182-1(A) Radio-S182-1(B) RRU4415  TU8U026R7R  FDD=RLD4L3 (1)  132122  -0.5  -0.2   7.2  NA  OK Passed
================================================================================================================================
Total: 3 SectorCarriers, 3 RfBranch Pairs (3 OK, 0 OKW, 0 NOK, 0 NT)
.....
Last MO: 16890. Loaded 16890 MOs. Total: 16891 MOs.

No NRSectorCarrier MOs are defined on the node.

RLD4L> mfitr

251125-11:50:44+0100 19.31.14.153 25.0h MSRBS_NODE_MODEL_25.Q1_693.28324.131_62ac stopfile=/tmp/2193647
.........
Last MO: 16890. Loaded 16890 MOs. Total: 16891 MOs.
.......
2025-11-25 11:51
================================================================================================================================
CELL       SC     FRU          BOARD     PUSCH  PUCCH       A      B      C      D  DELTA
================================================================================================================================
FDD=RLD4L1 RLD4L1 Radio-S180-1 RRU4415B7 -117.1 -118.2 -117.8 -117.7                  0.1
FDD=RLD4L2 RLD4L2 Radio-S180-1 RRU4415B7 -117.3 -118.3               -118.1 -118.4    0.3
FDD=RLD4L3 RLD4L3 Radio-S182-1 RRU4415B7 -115.8 -118.0 -117.5 -117.9                  0.4
================================================================================================================================
Bye...
Output has been logged to file /mta_fs/UserFiles/37258710/amosbatch/SDIR/RLD4L.log
