Logging to file /mta_fs/UserFiles/37258710/amosbatch/SDIR/RLE7T.log
                        __  __  ____   _____
                  /\   |  \/  |/ __ \ / ____|
                 /  \  | \  / | |  | | (___  
                / /\ \ | |\/| | |  | |\___ \ 
               / ____ \| |  | | |__| |____) |
              /_/    \_\_|  |_|\____/|_____/
              OSS Framework for MoShell-25.0h 
  Copyright (c) Ericsson AB 2001-2025 - All Rights Reserved
              
           
[1;31mWARNING: [0mthe AMOS version currently running is more than 29 weeks old and is unsupported.
Please upgrade as soon as possible to the latest released version, available from your local Ericsson support.

$amosrb_pid = 1986238

Checking ip contact...OK

HELP MENU            : h
BASIC MO COMMANDS    : m
OTHER MO COMMANDS    : n
OTHER COMMANDS       : o
PM COMMANDS          : p
QUIT                 : q

RLE7T> lt all

251125-10:44:18+0100 19.31.12.134 25.0h  stopfile=/tmp/1986129
Looking up temporary_amos account... OK.
Trying temporary_amos_t20251125_37258710_65084_131's password from amos lookupAccount ... OK

$ssh_pid = 1986910

Connected to 19.31.12.134 (SubNetwork=BBMM_rckomc_R,MeContext=RLE7T,ManagedElement=RLE7T)

Checking MOM version...MSRBS_NODE_MODEL_25.Q1_693.28324.131_62ac
Parsing MOM (cached): /ericsson/log/amos/moshell_logfiles/t20251125_37258710_65084/logs_moshell/tempfiles/scp-4-amos_20251125-104411_1986071/MSRBS_NODE_MODEL_25.Q1_693.28324.131_62ac.xml.cache.gz ..................................................................................................................................................................................................................................Done.
Using paramfile /opt/ericsson/amos/moshell/commonjars/pm/PARAM_MSRBS_25.Q1.txt
Parsing file /opt/ericsson/amos/moshell/commonjars/pm/PARAM_MSRBS_25.Q1.txt .......................................................................................Done.
Using imomdfile /opt/ericsson/amos/moshell/commonjars/pm/IMOMD_MSRBS_22.Q4.txt
Using imomfile /opt/ericsson/amos/moshell/commonjars/pm/IMOM_MSRBS_25.Q1.txt
Connected to 19.31.12.134 (SubNetwork=BBMM_rckomc_R,MeContext=RLE7T,ManagedElement=RLE7T)

Last MO: 17190. Loaded 17190 MOs. Total: 17191 MOs.

RLE7T> st cell

251125-10:44:31+0100 19.31.12.134 25.0h MSRBS_NODE_MODEL_25.Q1_693.28324.131_62ac stopfile=/tmp/1986129
===================================================================================
Proxy  Adm State     Op. State     MO
===================================================================================
   43  1 (UNLOCKED)  1 (ENABLED)   ENodeBFunction=1,EUtranCellFDD=RLE7M1
  132  1 (UNLOCKED)  1 (ENABLED)   ENodeBFunction=1,EUtranCellFDD=RLE7M2
  230  1 (UNLOCKED)  1 (ENABLED)   ENodeBFunction=1,EUtranCellFDD=RLE7M3
  329  1 (UNLOCKED)  1 (ENABLED)   ENodeBFunction=1,EUtranCellFDD=RLE7T1
  433  1 (UNLOCKED)  1 (ENABLED)   ENodeBFunction=1,EUtranCellFDD=RLE7T2
  542  1 (UNLOCKED)  1 (ENABLED)   ENodeBFunction=1,EUtranCellFDD=RLE7T3
===================================================================================
Total: 6 MOs

RLE7T> st radio

251125-10:44:31+0100 19.31.12.134 25.0h MSRBS_NODE_MODEL_25.Q1_693.28324.131_62ac stopfile=/tmp/1986129
===================================================================================
Proxy  Adm State     Op. State     MO
===================================================================================
 1438  1 (UNLOCKED)  1 (ENABLED)   Equipment=1,FieldReplaceableUnit=Radio-S100-1
 1461  1 (UNLOCKED)  1 (ENABLED)   Equipment=1,FieldReplaceableUnit=Radio-S102-1
17182  1 (UNLOCKED)  1 (ENABLED)   Transport=1,Synchronization=1,RadioEquipmentClock=1,RadioEquipmentClockReference=NTP1
17183  1 (UNLOCKED)  1 (ENABLED)   Transport=1,Synchronization=1,RadioEquipmentClock=1,RadioEquipmentClockReference=PTP
===================================================================================
Total: 4 MOs

RLE7T> sdir

251125-10:44:32+0100 19.31.12.134 25.0h MSRBS_NODE_MODEL_25.Q1_693.28324.131_62ac stopfile=/tmp/1986129
INFO: Using amos lookupAccount credentials for the export login
...............................
get /rop/A20251125.0845-0900_RLE7T.xml.gz /ericsson/log/amos/moshell_logfiles/t20251125_37258710_65084/logs_moshell/pmfiles/19.31.12.134/rop/A20251125.0845-0900_RLE7T.xml.gz ... OK
get /rop/A20251125.0900-0915_RLE7T.xml.gz /ericsson/log/amos/moshell_logfiles/t20251125_37258710_65084/logs_moshell/pmfiles/19.31.12.134/rop/A20251125.0900-0915_RLE7T.xml.gz ... OK
get /rop/A20251125.0915-0930_RLE7T.xml.gz /ericsson/log/amos/moshell_logfiles/t20251125_37258710_65084/logs_moshell/pmfiles/19.31.12.134/rop/A20251125.0915-0930_RLE7T.xml.gz ... OK
...Checking available boards on node...

Collecting RCS board data ...
.......................................................................................................................
.
.............................................................................
get /rop/A20251125.0930-0945_RLE7T.xml.gz /ericsson/log/amos/moshell_logfiles/t20251125_37258710_65084/logs_moshell/pmfiles/19.31.12.134/rop/A20251125.0930-0945_RLE7T.xml.gz ... OK

Collecting TN data...
................................................................................................................................................................................................................................................................................................
Collecting RF data...
.
Collecting Alarms...
Executing action Log.export()
...
Log=AlarmLog                    actionId=20273
...............
Executing action LogM.exportAvailabilityLog()
..LogM=1,exportAvailabilityLog    actionId=20274
.....Parsing alarmLog...Done.
Parsing availabilityLog....Done.
.

Total: 2 CPRI links (2 OK, 0 OKW, 0 NOK, 0 NT)

+--------+                      +------------------+
|        | D        O101     D1 |   Radio-S100-1   |
|        |-----------1----------| RRU449944B144B3C |
|        |         OK-20m       |      BXP_3       |
|        |                      +------------------+
|        |                           |A  |B  |C  |D
|        |                    SE=100 AG=100  |   |
|        |            FDD=RLE7M1 FDD=RLE7T1  |   |
|        |                            SE=101 AG=101
|        |                    FDD=RLE7M2 FDD=RLE7T2
|  BB-1  |
| BB6631 |
| 000100 |
|        |                      +------------------+
|        | E        O101     D1 |   Radio-S102-1   |
|        |-----------2----------| RRU449944B144B3C |
|        |         OK-20m       |      BXP_2       |
|        |                      +------------------+
|        |                           |A  |B  |C  |D
|        |                    SE=102 AG=102  |   |
|        |            FDD=RLE7M3 FDD=RLE7T3  |   |
|        |
+--------+

=====================================================================================================================================
ID RiL    Type Res MO1-MO2                  BOARD1-BOARD2           AlmIDs Cells (States)                                        Issue (Failed checks)
=====================================================================================================================================
 1 S100-1 O101 OK  BB-1(D) Radio-S100-1(D1) BB6631 RRU449944B144B3C        FDD=RLE7M1 FDD=RLE7M2 FDD=RLE7T1 FDD=RLE7T2 (1,1,1,1) Passed
 2 S102-1 O101 OK  BB-1(E) Radio-S102-1(D1) BB6631 RRU449944B144B3C        FDD=RLE7M3 FDD=RLE7T3 (1,1)                           Passed
-------------------------------------------------------------------------------------------------------------------------------------

Node: RadioNode L   CXP2010174/2_R27J08 (25.Q1)   G3.1   LTE-FDD 

=====================================================================================================================================
FRU          ;LNH    ;BOARD            ;ST ;FAULT ;OPER ;MAINT ;STAT ;PRODUCTNUMBER   ;REV     ;SERIAL        ;DATE     ;PMTEMP ; TEMP ; UPT ;VOLT ;SW                   ;
=====================================================================================================================================
BB-1         ;000100 ;BB6631           ; 1 ;  OFF ;  ON ;  OFF ;  ON ;KDU1370071/11   ;R3F     ;E96A0133SV    ;20231030 ;3 (OK) ;      ;84.7 ;54   ;                     ;
Radio-S100-1 ;BXP_3  ;RRU449944B144B3C ; 1 ;  OFF ;  ON ;  OFF ; N/A ;KRC161787/1     ;R2F     ;E23E538981    ;20230320 ;4 (OK) ; 33.9 ;84.6 ;55.1 ;CXP9013268%15_R101LX ; (Radio449944B144B3C)
Radio-S102-1 ;BXP_2  ;RRU449944B144B3C ; 1 ;  OFF ;  ON ;  OFF ; N/A ;KRC161787/1     ;R2F     ;E23E545086    ;20230325 ;4 (OK) ; 31.9 ;84.6 ;55.3 ;CXP9013268%15_R101LX ; (Radio449944B144B3C)
-------------------------------------------------------------------------------------------------------------------------------------

=====================================================================================================================================
XPBOARD  ;ST ;FAULT ;OPER ;PRODUCTNUMBER ;REV ;SERIAL/NAME ;DATE     ; TEMP ;MO
=====================================================================================================================================
FAN08    ; 1 ;N/A   ;N/A  ;BKV106236/1   ;R2F ;DD13891326  ;20221128 ; 43.8 ;SupportUnit=1 (FAN  BB-1)
-------------------------------------------------------------------------------------------------------------------------------------

=====================================================================================================================================
ID ;T ;RiL    ;BPBP ;BOARD1           ;LNH1 ;PORT ;R ;LINK ;RATE  ; BER ;BOARD2           ;LNH2 ;PORT ;R ;LINK ;RATE  ; BER ;LENGTH ;MO1 - MO2
=====================================================================================================================================
 1 ;O ;S100-1 ;1111 ;BB6631           ;000100 ; 4 ;M ;Up   ;10.1G ;   0 ;RRU449944B144B3C ;BXP_3  ; 0 ;S ;Up   ;10.1G ;   0 ;   20m ;Fru=BB-1(D) Fru=Radio-S100-1(D1)
 2 ;O ;S102-1 ;1111 ;BB6631           ;000100 ; 5 ;M ;Up   ;10.1G ;   0 ;RRU449944B144B3C ;BXP_2  ; 0 ;S ;Up   ;10.1G ;   0 ;   20m ;Fru=BB-1(E) Fru=Radio-S102-1(D1)
-------------------------------------------------------------------------------------------------------------------------------------

=====================================================================================================================================
ID ;LINK ;RiL    ;VENDOR1  ;VENDORPROD1      ;REV1 ;SERIAL1      ;DATE1    ;ERICSSONPROD1      ;VENDOR2  ;VENDORPROD2      ;REV2 ;SERIAL2      ;DATE2    ;ERICSSONPROD2      ;TT ;WL1     ;WL2    
=====================================================================================================================================
 1 ;Up   ;S100-1 ;ERICSSON ;RTXM228-702-C22  ;1.0  ;CU823M1V6E   ;20231226 ;RDH10265/2 R1A     ;ERICSSON ;RTXM228-702-C22  ;1.0  ;CU823M1V5V   ;20231226 ;RDH10265/2 R1A     ;0  ;1310.00 ;1310.00
 2 ;Up   ;S102-1 ;ERICSSON ;RTXM228-702-C22  ;1.0  ;CU823M1FW1   ;20231222 ;RDH10265/2 R1A     ;ERICSSON ;RTXM228-702-C22  ;1.0  ;CU823M1V5H   ;20231226 ;RDH10265/2 R1A     ;0  ;1310.00 ;1310.00
-------------------------------------------------------------------------------------------------------------------------------------

=====================================================================================================================================
ID ;LINK ;RiL    ;WL1     ;TEMP1 ;TXbs1 ;TXdBm1 ;RXdBm1 ;BER1   ;WL2     ;TEMP2 ;TXbs2 ;TXdBm2 ;RXdBm2 ;BER2   ;DlLoss ;UlLoss ;LENGTH ;TT
=====================================================================================================================================
 1 ;Up   ;S100-1 ;1310.00 ;42C   ;59%   ;-1.92  ;-2.09  ;   0   ;1310.00 ;34C   ;51%   ;-1.43  ;-2.41  ;   0   ;  0.49 ;  0.66 ;   20m ; 0
 2 ;Up   ;S102-1 ;1310.00 ;41C   ;58%   ;-1.45  ;-1.34  ;   0   ;1310.00 ;30C   ;52%   ;-1.33  ;-2.61  ;   0   ;  1.16 ;  0.01 ;   20m ; 0
-------------------------------------------------------------------------------------------------------------------------------------

=====================================================================================================================================
ID ;RiL    ;BOARD            ;SFPLNH  ;PORT ;VENDOR   ;VENDORPROD       ;REV  ;SERIAL       ;DATE     ;ERICSSONPROD       ;WL      ;TEMP  ;TXbs  ;TXdBm  ;RXdBm  ; BER
=====================================================================================================================================
 1 ;S100-1 ;BB6631           ;000100   ;  4 ;ERICSSON ;RTXM228-702-C22  ;1.0  ;CU823M1V6E   ;20231226 ;RDH10265/2 R1A     ;1310.00 ;42C   ;59%   ;-1.92  ;-2.09  ;   0
 2 ;S102-1 ;BB6631           ;000100   ;  5 ;ERICSSON ;RTXM228-702-C22  ;1.0  ;CU823M1FW1   ;20231222 ;RDH10265/2 R1A     ;1310.00 ;41C   ;58%   ;-1.45  ;-1.34  ;   0
 2 ;S102-1 ;RRU449944B144B3C ;BXP_2    ;  0 ;ERICSSON ;RTXM228-702-C22  ;1.0  ;CU823M1V5H   ;20231226 ;RDH10265/2 R1A     ;1310.00 ;30C   ;52%   ;-1.33  ;-2.61  ;   0
 1 ;S100-1 ;RRU449944B144B3C ;BXP_3    ;  0 ;ERICSSON ;RTXM228-702-C22  ;1.0  ;CU823M1V5V   ;20231226 ;RDH10265/2 R1A     ;1310.00 ;34C   ;51%   ;-1.43  ;-2.41  ;   0
-------------------------------------------------------------------------------------------------------------------------------------
TN ;       ;BB6631           ;000100   ; IB ;ERICSSON ;EOLS-1324-10-DIY ;1.0  ;DZ8P6023ZV   ;20230704 ;RDH10247/2 R2A     ;1310    ;40C   ;17%   ;-7.28  ;-13.47 ;NZ/0
TN ;       ;BB6631           ;000100   ;IA2 ;ERICSSON ;42020201934      ;A0   ;202340400663 ;20231002 ;RPM777053/1000 R1B ;NA      ;NA    ;NA    ;NA     ;NA     ; 0/0
-------------------------------------------------------------------------------------------------------------------------------------

=====================================================================================================================================
BOARD  ;LNH    ;PORT       ;T ;S ;OpMode         ;AutoNeg ;MacAddress        ;VlanIds   ;LOS ;BER
=====================================================================================================================================
BB6631 ;000100 ;TN_E       ;E ;1 ;1G_FULL_MASTER ;true    ;58:70:7F:8D:99:AB ;3910      ;0   ;0/0
BB6631 ;000100 ;TN_IDL_A_1 ;E ;1 ;10G_FULL       ;false   ;58:70:7F:8D:99:A4 ;3908,3910 ;0   ;0/0
BB6631 ;000100 ;TN_IDL_A_2 ;O ;1 ;10G_FULL       ;false   ;58:70:7F:8D:99:A5 ;3908      ;0   ;0/0
BB6631 ;000100 ;TN_IDL_B   ;O ;1 ;1G_FULL        ;true    ;58:70:7F:8D:99:A8 ;3908,3910 ;0   ;NZ/0
-------------------------------------------------------------------------------------------------------------------------------------

radioClockState : RNT_TIME_LOCKED
-------------------------------------------------------------------------------------
Prio  ;ST  ;syncRefType    ;refStatus  ;opQualLevel  ;SyncReference
-------------------------------------------------------------------------------------
  *1  ; 1  ;PTP_TIME       ;NO_FAULT   ;PRTC         ;Ptp=1,BoundaryOrdinaryClock=PTP (G_8275_1 EthernetPort=TN_IDL_B:SLAVE EthernetPort=TN_IDL_A_1:MASTER)
   2  ; 1  ;NTP_FREQUENCY  ;NO_FAULT   ;PRC          ;Ntp=1,NtpFrequencySync=NTP1 (10.31.0.54:32751 Router=45G_Traffic,InterfaceIPv4=LTE,AddressIPv4=LTE)
-------------------------------------------------------------------------------------
-------------------------------------------------------------------------------------
Prio  ;ST  ;assistRefStatus  ;recQualLevel  ;AssistingReference
-------------------------------------------------------------------------------------
   1  ; 1  ;NO_FAULT         ;PRC           ;Synchronization=1,SyncEthInput=SyncE (SFP_OPTICAL EthernetPort=TN_IDL_B)
-------------------------------------------------------------------------------------

=====================================================================================================================================
FRU          ;LNH    ;BOARD            ;RF  ;BP  ;TX (W/dBm)  ;VSWR (RL)   ;RX (dBm) ;UEs/gUEs  ;Sector/AntennaGroup/Cells (State:CellIds:PCIs)
=====================================================================================================================================
Radio-S100-1 ;BXP_3  ;RRU449944B144B3C ; A  ;11  ;18.8 (42.7) ;1.23 (19.7) ;-95.8    ;11/-      ;SE=100 AG=100 FDD=RLE7M1 FDD=RLE7T1 (1:31:205, 1:41:131)
Radio-S100-1 ;BXP_3  ;RRU449944B144B3C ; B  ;11  ;-           ;1.16 (22.4) ;-95.8    ;11/-      ;SE=100 AG=100 FDD=RLE7M1 FDD=RLE7T1 (1:31:205, 1:41:131)
Radio-S100-1 ;BXP_3  ;RRU449944B144B3C ; C  ;11  ;17.9 (42.5) ;1.13 (24.1) ;-95.9    ;4/-       ;SE=101 AG=101 FDD=RLE7M2 FDD=RLE7T2 (1:32:206, 1:42:130)
Radio-S100-1 ;BXP_3  ;RRU449944B144B3C ; D  ;11  ;-           ;1.13 (24.0) ;-96.1    ;4/-       ;SE=101 AG=101 FDD=RLE7M2 FDD=RLE7T2 (1:32:206, 1:42:130)
Radio-S102-1 ;BXP_2  ;RRU449944B144B3C ; A  ;11  ;19.0 (42.8) ;1.36 (16.4) ;-95.1    ;17/-      ;SE=102 AG=102 FDD=RLE7M3 FDD=RLE7T3 (1:33:233, 1:43:202)
Radio-S102-1 ;BXP_2  ;RRU449944B144B3C ; B  ;11  ;-           ;1.20 (21.0) ;-95.1    ;17/-      ;SE=102 AG=102 FDD=RLE7M3 FDD=RLE7T3 (1:33:233, 1:43:202)
Radio-S102-1 ;BXP_2  ;RRU449944B144B3C ; C  ;11  ;-           ;-           ;         ;          ;
Radio-S102-1 ;BXP_2  ;RRU449944B144B3C ; D  ;11  ;-           ;-           ;         ;          ;
-------------------------------------------------------------------------------------------------------------------------------------

RLE7T> mfar

251125-10:46:22+0100 19.31.12.134 25.0h MSRBS_NODE_MODEL_25.Q1_693.28324.131_62ac stopfile=/tmp/1986129
.....
Last MO: 17195. Loaded 17195 MOs. Total: 17196 MOs.
...............................................
get /rop/A20251125.0815-0830_RLE7T.xml.gz /ericsson/log/amos/moshell_logfiles/t20251125_37258710_65084/logs_moshell/pmfiles/19.31.12.134/rop/A20251125.0815-0830_RLE7T.xml.gz ... OK
get /rop/A20251125.0830-0845_RLE7T.xml.gz /ericsson/log/amos/moshell_logfiles/t20251125_37258710_65084/logs_moshell/pmfiles/19.31.12.134/rop/A20251125.0830-0845_RLE7T.xml.gz ... OK

Using hardcoded thresholds: 3, 4.5, and 16.5
================================================================================================================================
SC     SE  Tx/Rx BrPair  RfPort1 - RfPort2               HW       Serial      Cell (State)   Samples   Med  Mean  SDev Pol Res Issue
================================================================================================================================
RLE7M1 100   2/2 0 (1,2) Radio-S100-1(A) Radio-S100-1(B) RRU4499  E23E538981  FDD=RLE7M1 (1)     719   0.5   1.1   6.4  NA  NT Not enough data
RLE7M2 101   2/2 0 (1,2) Radio-S100-1(C) Radio-S100-1(D) RRU4499  E23E538981  FDD=RLE7M2 (1)     922  -1.5  -1.8   5.9  NA  NT Not enough data
RLE7M3 102   2/2 0 (1,2) Radio-S102-1(A) Radio-S102-1(B) RRU4499  E23E545086  FDD=RLE7M3 (1)    7668   0.5   1.4   6.0  NA  OK Passed
RLE7T1 100   2/2 0 (1,2) Radio-S100-1(A) Radio-S100-1(B) RRU4499  E23E538981  FDD=RLE7T1 (1)  152568  -1.5  -2.0   6.0  NA  OK Passed
RLE7T2 101   2/2 0 (1,2) Radio-S100-1(C) Radio-S100-1(D) RRU4499  E23E538981  FDD=RLE7T2 (1)   99203  -7.5  -6.7   7.5  NA NOK RF Loss or PIM at Radio-S100-1(D)
RLE7T3 102   2/2 0 (1,2) Radio-S102-1(A) Radio-S102-1(B) RRU4499  E23E545086  FDD=RLE7T3 (1)  244554  -1.5  -2.2   6.9  NA  OK Passed
================================================================================================================================
Total: 6 SectorCarriers, 6 RfBranch Pairs (3 OK, 0 OKW, 1 NOK, 2 NT)
.....
Last MO: 17195. Loaded 17195 MOs. Total: 17196 MOs.

No NRSectorCarrier MOs are defined on the node.

RLE7T> mfitr

251125-10:46:37+0100 19.31.12.134 25.0h MSRBS_NODE_MODEL_25.Q1_693.28324.131_62ac stopfile=/tmp/1986129
........
Last MO: 17195. Loaded 17195 MOs. Total: 17196 MOs.
.......
2025-11-25 10:47
================================================================================================================================
CELL       SC     FRU          BOARD            PUSCH  PUCCH       A      B      C      D  DELTA
================================================================================================================================
FDD=RLE7M1 RLE7M1 Radio-S100-1 RRU449944B144B3C -119.3 -119.4 -119.4 -119.3                  0.1
FDD=RLE7M2 RLE7M2 Radio-S100-1 RRU449944B144B3C -119.4 -119.4               -119.6 -119.5    0.1
FDD=RLE7M3 RLE7M3 Radio-S102-1 RRU449944B144B3C -119.0 -119.2 -119.5 -119.2                  0.3
FDD=RLE7T1 RLE7T1 Radio-S100-1 RRU449944B144B3C -119.1 -118.4 -117.6 -116.7                  0.9
FDD=RLE7T2 RLE7T2 Radio-S100-1 RRU449944B144B3C -118.9 -117.4               -118.5 -118.3    0.2
FDD=RLE7T3 RLE7T3 Radio-S102-1 RRU449944B144B3C -118.2 -118.8 -116.2 -116.1                  0.1
================================================================================================================================
Bye...
Output has been logged to file /mta_fs/UserFiles/37258710/amosbatch/SDIR/RLE7T.log
