Logging to file /mta_fs/UserFiles/37258710/amosbatch/SDIR/RLE8E.log
                        __  __  ____   _____
                  /\   |  \/  |/ __ \ / ____|
                 /  \  | \  / | |  | | (___  
                / /\ \ | |\/| | |  | |\___ \ 
               / ____ \| |  | | |__| |____) |
              /_/    \_\_|  |_|\____/|_____/
              OSS Framework for MoShell-25.0h 
  Copyright (c) Ericsson AB 2001-2025 - All Rights Reserved
              
           
[1;31mWARNING: [0mthe AMOS version currently running is more than 29 weeks old and is unsupported.
Please upgrade as soon as possible to the latest released version, available from your local Ericsson support.

$amosrb_pid = 3254347

Checking ip contact...OK

HELP MENU            : h
BASIC MO COMMANDS    : m
OTHER MO COMMANDS    : n
OTHER COMMANDS       : o
PM COMMANDS          : p
QUIT                 : q

RLE8E> lt all

251125-17:14:21+0100 19.31.14.230 25.0h  stopfile=/tmp/3254198
Looking up temporary_amos account... OK.
Trying temporary_amos_t20251125_37258710_65084_131's password from amos lookupAccount ... OK

$ssh_pid = 3255054

Connected to 19.31.14.230 (SubNetwork=BBMM_rckomc_R,MeContext=RLE8E,ManagedElement=RLE8E)

Checking MOM version...MSRBS_NODE_MODEL_25.Q1_198665.224.73_bf81
Parsing MOM (cached): /ericsson/log/amos/moshell_logfiles/t20251125_37258710_65084/logs_moshell/tempfiles/scp-4-amos_20251125-171415_3254135/MSRBS_NODE_MODEL_25.Q1_198665.224.73_bf81.xml.cache.gz ......................................................................................................................................................................................................................Done.
Using paramfile /opt/ericsson/amos/moshell/commonjars/pm/PARAM_MSRBSG2_25.Q1.txt
Parsing file /opt/ericsson/amos/moshell/commonjars/pm/PARAM_MSRBSG2_25.Q1.txt ......................................................................................Done.
Using imomdfile /opt/ericsson/amos/moshell/commonjars/pm/IMOMD_MSRBS_22.Q4.txt
Using imomfile /opt/ericsson/amos/moshell/commonjars/pm/IMOM_MSRBS_25.Q1.txt
Connected to 19.31.14.230 (SubNetwork=BBMM_rckomc_R,MeContext=RLE8E,ManagedElement=RLE8E)

Last MO: 17619. Loaded 17619 MOs. Total: 17620 MOs.

RLE8E> st cell

251125-17:14:40+0100 19.31.14.230 25.0h MSRBS_NODE_MODEL_25.Q1_198665.224.73_bf81 stopfile=/tmp/3254198
===================================================================================
Proxy  Adm State     Op. State     MO
===================================================================================
   43  1 (UNLOCKED)  1 (ENABLED)   ENodeBFunction=1,EUtranCellFDD=RLE8E1
  180  1 (UNLOCKED)  1 (ENABLED)   ENodeBFunction=1,EUtranCellFDD=RLE8E2
  273  1 (UNLOCKED)  1 (ENABLED)   ENodeBFunction=1,EUtranCellFDD=RLE8M1
  415  1 (UNLOCKED)  1 (ENABLED)   ENodeBFunction=1,EUtranCellFDD=RLE8M2
  561  1 (UNLOCKED)  1 (ENABLED)   ENodeBFunction=1,EUtranCellFDD=RLE8T1
  722  1 (UNLOCKED)  1 (ENABLED)   ENodeBFunction=1,EUtranCellFDD=RLE8T2
 1529  1 (UNLOCKED)  1 (ENABLED)   ENodeBFunction=1,NbIotCell=RLE8N1
 1530  1 (UNLOCKED)  1 (ENABLED)   ENodeBFunction=1,NbIotCell=RLE8N2
===================================================================================
Total: 8 MOs

RLE8E> st radio

251125-17:14:41+0100 19.31.14.230 25.0h MSRBS_NODE_MODEL_25.Q1_198665.224.73_bf81 stopfile=/tmp/3254198
===================================================================================
Proxy  Adm State     Op. State     MO
===================================================================================
 2026  1 (UNLOCKED)  1 (ENABLED)   Equipment=1,FieldReplaceableUnit=Radio-S100-1
 2049  1 (UNLOCKED)  1 (ENABLED)   Equipment=1,FieldReplaceableUnit=Radio-S210-1
 2066  1 (UNLOCKED)  1 (ENABLED)   Equipment=1,FieldReplaceableUnit=Radio-S211-1
17609  1 (UNLOCKED)  1 (ENABLED)   Transport=1,Synchronization=1,RadioEquipmentClock=1,RadioEquipmentClockReference=NTP1
17610  1 (UNLOCKED)  1 (ENABLED)   Transport=1,Synchronization=1,RadioEquipmentClock=1,RadioEquipmentClockReference=PTP
===================================================================================
Total: 5 MOs

RLE8E> sdir

251125-17:14:41+0100 19.31.14.230 25.0h MSRBS_NODE_MODEL_25.Q1_198665.224.73_bf81 stopfile=/tmp/3254198
INFO: Using amos lookupAccount credentials for the export login
...............................
get /rop/A20251125.1515-1530_RLE8E.xml.gz /ericsson/log/amos/moshell_logfiles/t20251125_37258710_65084/logs_moshell/pmfiles/19.31.14.230/rop/A20251125.1515-1530_RLE8E.xml.gz ... OK
get /rop/A20251125.1530-1545_RLE8E.xml.gz /ericsson/log/amos/moshell_logfiles/t20251125_37258710_65084/logs_moshell/pmfiles/19.31.14.230/rop/A20251125.1530-1545_RLE8E.xml.gz ... OK
get /rop/A20251125.1545-1600_RLE8E.xml.gz /ericsson/log/amos/moshell_logfiles/t20251125_37258710_65084/logs_moshell/pmfiles/19.31.14.230/rop/A20251125.1545-1600_RLE8E.xml.gz ... OK
...Checking available boards on node...

Collecting RCS board data ...
...................................................................................
.
........................................................................................................................................................................................................................................................................................................
get /rop/A20251125.1600-1615_RLE8E.xml.gz /ericsson/log/amos/moshell_logfiles/t20251125_37258710_65084/logs_moshell/pmfiles/19.31.14.230/rop/A20251125.1600-1615_RLE8E.xml.gz ... OK
.........
Collecting TN data...
......................................................................................................................................................................................................................................................................................................
Collecting RF data...
.
Collecting Alarms...
Executing action Log.export()
...
Log=AlarmLog                    actionId=49570
............
Executing action LogM.exportAvailabilityLog()
..LogM=1,exportAvailabilityLog    actionId=49571
.....Parsing alarmLog..........Done.
Parsing availabilityLog.....Done.
..........

Total: 3 CPRI links (3 OK, 0 OKW, 0 NOK, 0 NT)

+--------+                      +--------------------+
|        | A        O101     D1 |    Radio-S210-1    |
|        |-----------1----------| RRU227922B822B20C* |
|        |         OK-22m       |       BXP_2        |
|        |                      +--------------------+
|        |                                     |A  |B
|        |                  SE=210* AG=210 FDD=RLE8E1
|        |                                NIOT=RLE8N1
|        |
|        |                      +--------------------+
|        | B        O101     D1 |    Radio-S211-1    |
|        |-----------2----------| RRU227922B822B20C* |
|        |         OK-22m       |       BXP_3        |
|  BB-1  |                      +--------------------+
| BB6630 |                                     |A  |B
| 000100 |                  SE=211* AG=211 FDD=RLE8E2
|        |                                NIOT=RLE8N2
|        |
|        |                      +------------------+
|        | D        O101     D2 |   Radio-S100-1   |
|        |-----------3----------| RRU449944B144B3C |
|        |         OK-7m        |      BXP_4       |
|        |                      +------------------+
|        |                           |A  |B  |C  |D
|        |                    SE=100 AG=100  |   |
|        |            FDD=RLE8M1 FDD=RLE8T1  |   |
|        |                            SE=101 AG=101
|        |                    FDD=RLE8M2 FDD=RLE8T2
|        |
+--------+

=====================================================================================================================================
ID RiL    Type Res MO1-MO2                  BOARD1-BOARD2             AlmIDs Cells (States)                                        Issue (Failed checks)
=====================================================================================================================================
 1 S210-1 O101 OK  BB-1(A) Radio-S210-1(D1) BB6630 RRU227922B822B20C*        FDD=RLE8E1 NIOT=RLE8N1 (1,1)                          Passed
 2 S211-1 O101 OK  BB-1(B) Radio-S211-1(D1) BB6630 RRU227922B822B20C*        FDD=RLE8E2 NIOT=RLE8N2 (1,1)                          Passed
 3 S100-1 O101 OK  BB-1(D) Radio-S100-1(D2) BB6630 RRU449944B144B3C          FDD=RLE8M1 FDD=RLE8M2 FDD=RLE8T1 FDD=RLE8T2 (1,1,1,1) Passed
-------------------------------------------------------------------------------------------------------------------------------------

Node: RadioNode L   CXP9024418/16_R8D21 (RCG123.3-3)   G2   LTE-FDD,LTE-IoT 

=====================================================================================================================================
FRU          ;LNH    ;BOARD              ;ST ;FAULT ;OPER ;MAINT ;STAT ;PRODUCTNUMBER   ;REV     ;SERIAL        ;DATE     ;PMTEMP ; TEMP ; UPT ;VOLT ;SW                   ;
=====================================================================================================================================
BB-1         ;000100 ;BB6630             ; 1 ;  OFF ;  ON ;  OFF ;  ON ;KDU137848/11    ;R3E     ;E96A00NFS4    ;20220215 ;3 (OK) ;      ; 131 ;48   ;                     ;
Radio-S100-1 ;BXP_4  ;RRU449944B144B3C   ; 1 ;  OFF ;  ON ;  OFF ; N/A ;KRC161787/1     ;R2D     ;E55E870629    ;20211223 ;4 (OK) ; 23.1 ; 131 ;55.9 ;CXP9013268%15_R101KB ; (Radio449944B144B3C)
Radio-S210-1 ;BXP_2  ;RRU227922B822B20C* ; 1 ;  OFF ;  ON ;  OFF ; N/A ;KRC161864/1     ;R1E     ;TU8U01EYP2    ;20220308 ;4 (OK) ; 24.0 ; 131 ;56.6 ;CXP9013268%15_R101KB ; (Radio227922B822B20C)
Radio-S211-1 ;BXP_3  ;RRU227922B822B20C* ; 1 ;  OFF ;  ON ;  OFF ; N/A ;KRC161864/1     ;R1E     ;TU8U01EYNV    ;20220308 ;4 (OK) ; 24.0 ; 131 ;55.8 ;CXP9013268%15_R101KB ; (Radio227922B822B20C)
-------------------------------------------------------------------------------------------------------------------------------------

=====================================================================================================================================
XPBOARD  ;ST ;FAULT ;OPER ;PRODUCTNUMBER ;REV ;SERIAL/NAME ;DATE     ; TEMP ;MO
=====================================================================================================================================
FAN      ; 1 ;N/A   ;N/A  ;BKV106217/1   ;N/A ;N/A         ;N/A      ;      ;SupportUnit=1 (FAN  BB-1)
-------------------------------------------------------------------------------------------------------------------------------------

=====================================================================================================================================
ID ;T ;RiL    ;BPBP ;BOARD1             ;LNH1 ;PORT ;R ;LINK ;RATE  ; BER ;BOARD2             ;LNH2 ;PORT ;R ;LINK ;RATE  ; BER ;LENGTH ;MO1 - MO2
=====================================================================================================================================
 1 ;O ;S210-1 ;1111 ;BB6630             ;000100 ; 1 ;M ;Up   ;10.1G ;   0 ;RRU227922B822B20C* ;BXP_2  ; 0 ;S ;Up   ;10.1G ;   0 ;   22m ;Fru=BB-1(A) Fru=Radio-S210-1(D1)
 2 ;O ;S211-1 ;1111 ;BB6630             ;000100 ; 2 ;M ;Up   ;10.1G ;   0 ;RRU227922B822B20C* ;BXP_3  ; 0 ;S ;Up   ;10.1G ;   0 ;   22m ;Fru=BB-1(B) Fru=Radio-S211-1(D1)
 3 ;O ;S100-1 ;1111 ;BB6630             ;000100 ; 4 ;M ;Up   ;10.1G ;   0 ;RRU449944B144B3C   ;BXP_4  ; 1 ;S ;Up   ;10.1G ;   0 ;    7m ;Fru=BB-1(D) Fru=Radio-S100-1(D2)
-------------------------------------------------------------------------------------------------------------------------------------

=====================================================================================================================================
ID ;LINK ;RiL    ;VENDOR1  ;VENDORPROD1      ;REV1 ;SERIAL1    ;DATE1    ;ERICSSONPROD1  ;VENDOR2  ;VENDORPROD2      ;REV2 ;SERIAL2    ;DATE2    ;ERICSSONPROD2  ;TT ;WL1     ;WL2    
=====================================================================================================================================
 1 ;Up   ;S210-1 ;ERICSSON ;EOLP-1396-02-IY  ;1.0  ;PMBB082984 ;20220114 ;RDH10265/2 R1A ;ERICSSON ;EOLP-1396-02-IY  ;1.0  ;PMAN156486 ;20211126 ;RDH10265/2 R1A ;0  ;1310.00 ;1310.00
 2 ;Up   ;S211-1 ;ERICSSON ;EOLP-1396-02-IY  ;1.0  ;PM85353608 ;20211103 ;RDH10265/2 R1A ;ERICSSON ;EOLP-1396-02-IY  ;1.0  ;PM85293883 ;20211023 ;RDH10265/2 R1A ;0  ;1310.00 ;1310.00
 3 ;Up   ;S100-1 ;ERICSSON ;EOLP-1396-02-IY  ;1.0  ;PM85303843 ;20211021 ;RDH10265/2 R1A ;ERICSSON ;EOLP-1396-02-IY  ;1.0  ;PM85303871 ;20211021 ;RDH10265/2 R1A ;0  ;1310.00 ;1310.00
-------------------------------------------------------------------------------------------------------------------------------------

=====================================================================================================================================
ID ;LINK ;RiL    ;WL1     ;TEMP1 ;TXbs1 ;TXdBm1 ;RXdBm1 ;BER1   ;WL2     ;TEMP2 ;TXbs2 ;TXdBm2 ;RXdBm2 ;BER2   ;DlLoss ;UlLoss ;LENGTH ;TT
=====================================================================================================================================
 1 ;Up   ;S210-1 ;1310.00 ;37C   ;41%   ;-3.61  ;-2.15  ;   0   ;1310.00 ;19C   ;37%   ;-2.18  ;-2.60  ;   0   ; -1.01 ; -0.03 ;   22m ; 0
 2 ;Up   ;S211-1 ;1310.00 ;36C   ;41%   ;-2.30  ;-3.20  ;   0   ;1310.00 ;21C   ;36%   ;-3.12  ;-2.37  ;   0   ;  0.07 ;  0.08 ;   22m ; 0
 3 ;Up   ;S100-1 ;1310.00 ;36C   ;41%   ;-1.67  ;-2.96  ;   0   ;1310.00 ;17C   ;36%   ;-2.08  ;-1.94  ;   0   ;  0.27 ;  0.88 ;    7m ; 0
-------------------------------------------------------------------------------------------------------------------------------------

=====================================================================================================================================
ID ;RiL    ;BOARD              ;SFPLNH  ;PORT ;VENDOR   ;VENDORPROD       ;REV  ;SERIAL     ;DATE     ;ERICSSONPROD   ;WL      ;TEMP  ;TXbs  ;TXdBm  ;RXdBm  ; BER
=====================================================================================================================================
 1 ;S210-1 ;BB6630             ;000100   ;  1 ;ERICSSON ;EOLP-1396-02-IY  ;1.0  ;PMBB082984 ;20220114 ;RDH10265/2 R1A ;1310.00 ;37C   ;41%   ;-3.61  ;-2.15  ;   0
 2 ;S211-1 ;BB6630             ;000100   ;  2 ;ERICSSON ;EOLP-1396-02-IY  ;1.0  ;PM85353608 ;20211103 ;RDH10265/2 R1A ;1310.00 ;36C   ;41%   ;-2.30  ;-3.20  ;   0
 3 ;S100-1 ;BB6630             ;000100   ;  4 ;ERICSSON ;EOLP-1396-02-IY  ;1.0  ;PM85303843 ;20211021 ;RDH10265/2 R1A ;1310.00 ;36C   ;41%   ;-1.67  ;-2.96  ;   0
 1 ;S210-1 ;RRU227922B822B20C* ;BXP_2    ;  0 ;ERICSSON ;EOLP-1396-02-IY  ;1.0  ;PMAN156486 ;20211126 ;RDH10265/2 R1A ;1310.00 ;19C   ;37%   ;-2.18  ;-2.60  ;   0
 2 ;S211-1 ;RRU227922B822B20C* ;BXP_3    ;  0 ;ERICSSON ;EOLP-1396-02-IY  ;1.0  ;PM85293883 ;20211023 ;RDH10265/2 R1A ;1310.00 ;21C   ;36%   ;-3.12  ;-2.37  ;   0
 3 ;S100-1 ;RRU449944B144B3C   ;BXP_4    ;  1 ;ERICSSON ;EOLP-1396-02-IY  ;1.0  ;PM85303871 ;20211021 ;RDH10265/2 R1A ;1310.00 ;17C   ;36%   ;-2.08  ;-1.94  ;   0
-------------------------------------------------------------------------------------------------------------------------------------
TN ;       ;BB6630             ;000100   ;  A ;ERICSSON ;EOLS-1324-10-DI9 ;1.0  ;SMAS618606 ;20220114 ;RDH10247/2 R2A ;0       ;31C   ;23%   ;-5.78  ;-13.01 ;NZ/0
TN ;       ;BB6630             ;000100   ;  B ;ERICSSON ;EOLP-1396-02-IY  ;1.0  ;PM85303895 ;20211021 ;RDH10265/2 R1A ;0       ;35C   ;40%   ;-2.06  ;-2.99  ; 0/0
-------------------------------------------------------------------------------------------------------------------------------------

=====================================================================================================================================
BOARD  ;LNH    ;PORT   ;T ;S ;OpMode    ;AutoNeg ;MacAddress        ;VlanIds        ;LOS ;BER
=====================================================================================================================================
BB6630 ;000100 ;IDL_A1 ;E ;1 ;10G_FULL  ;false   ;7C:72:6E:72:AC:58 ;3908           ;0   ;0/0
BB6630 ;000100 ;TN_A   ;O ;1 ;1G_FULL   ;true    ;7C:72:6E:72:AC:54 ;3901,3908,3910 ;0   ;NZ/0
BB6630 ;000100 ;TN_B   ;O ;1 ;10G_FULL  ;false   ;7C:72:6E:72:AC:55 ;3901,3908,3910 ;0   ;0/0
BB6630 ;000100 ;TN_C   ;E ;1 ;100M_FULL ;false   ;7C:72:6E:72:AC:56 ;3910           ;0   ;0/0
-------------------------------------------------------------------------------------------------------------------------------------

radioClockState : RNT_TIME_LOCKED
-------------------------------------------------------------------------------------
Prio  ;ST  ;syncRefType    ;refStatus  ;opQualLevel  ;SyncReference
-------------------------------------------------------------------------------------
  *1  ; 1  ;PTP_TIME       ;NO_FAULT   ;PRTC         ;Ptp=1,BoundaryOrdinaryClock=PTP (G_8275_1 EthernetPort=TN_A:SLAVE EthernetPort=TN_B:MASTER)
   2  ; 1  ;NTP_FREQUENCY  ;NO_FAULT   ;PRC          ;Ntp=1,NtpFrequencySync=NTP1 (10.31.0.54:32751 Router=45G_Traffic,InterfaceIPv4=LTE,AddressIPv4=LTE)
-------------------------------------------------------------------------------------
-------------------------------------------------------------------------------------
Prio  ;ST  ;assistRefStatus  ;recQualLevel  ;AssistingReference
-------------------------------------------------------------------------------------
   1  ; 1  ;NO_FAULT         ;PRC           ;Synchronization=1,SyncEthInput=SyncE (SFP_OPTICAL EthernetPort=TN_A)
-------------------------------------------------------------------------------------
nodeGroupRole   : SYNC_PROVIDER (syncNodePriority=1, selectionMode=NODE_PRIORITY)
-------------------------------------------------------------------------------------
DU  ;Port  ;sharedUnitRef (RiPortA - RiPortB)  ;remoteNodePriority  ;CandidateStatus
-------------------------------------------------------------------------------------
1   ;B     ;Fru=Radio-S211-1 (1 - 2)           ;3                   ;OK_NOT_ACTIVE
1   ;A     ;Fru=Radio-S210-1 (1 - 2)           ;3                   ;OK_NOT_ACTIVE
-------------------------------------------------------------------------------------

=====================================================================================================================================
FRU          ;LNH    ;BOARD              ;RF  ;BP  ;TX (W/dBm)  ;VSWR (RL)   ;RX (dBm) ;UEs/gUEs  ;Sector/AntennaGroup/Cells (State:CellIds:PCIs)
=====================================================================================================================================
Radio-S100-1 ;BXP_4  ;RRU449944B144B3C   ; A  ;11  ;6.6 (38.2)  ;1.32 (17.2) ;-93.2    ;3/-       ;SE=100 AG=100 FDD=RLE8M1 FDD=RLE8T1 (1:31:247, 1:41:248)
Radio-S100-1 ;BXP_4  ;RRU449944B144B3C   ; B  ;11  ;6.5 (38.1)  ;1.30 (17.8) ;-92.1    ;3/-       ;SE=100 AG=100 FDD=RLE8M1 FDD=RLE8T1 (1:31:247, 1:41:248)
Radio-S100-1 ;BXP_4  ;RRU449944B144B3C   ; C  ;11  ;11.0 (40.4) ;1.27 (18.6) ;-90.3    ;12/-      ;SE=101 AG=101 FDD=RLE8M2 FDD=RLE8T2 (1:32:77, 1:42:375)
Radio-S100-1 ;BXP_4  ;RRU449944B144B3C   ; D  ;11  ;4.1 (36.1)  ;1.25 (19.0) ;-90.5    ;12/-      ;SE=101 AG=101 FDD=RLE8M2 FDD=RLE8T2 (1:32:77, 1:42:375)
Radio-S210-1 ;BXP_2  ;RRU227922B822B20C* ; A  ;11  ;5.6 (37.5)  ;1.15 (22.9) ;-94.7    ;0/-       ;SE=210* AG=210 FDD=RLE8E1 NIOT=RLE8N1 (1:61:495, 1:161:495)
Radio-S210-1 ;BXP_2  ;RRU227922B822B20C* ; B  ;11  ;8.9 (39.5)  ;1.15 (23.2) ;-94.7    ;0/-       ;SE=210* AG=210 FDD=RLE8E1 NIOT=RLE8N1 (1:61:495, 1:161:495)
Radio-S211-1 ;BXP_3  ;RRU227922B822B20C* ; A  ;11  ;7.8 (38.9)  ;1.09 (26.9) ;-95.9    ;0/-       ;SE=211* AG=211 FDD=RLE8E2 NIOT=RLE8N2 (1:62:143, 1:162:143)
Radio-S211-1 ;BXP_3  ;RRU227922B822B20C* ; B  ;11  ;15.1 (41.8) ;1.17 (22.2) ;-97.0    ;0/-       ;SE=211* AG=211 FDD=RLE8E2 NIOT=RLE8N2 (1:62:143, 1:162:143)
-------------------------------------------------------------------------------------------------------------------------------------

RLE8E> mfar

251125-17:17:04+0100 19.31.14.230 25.0h MSRBS_NODE_MODEL_25.Q1_198665.224.73_bf81 stopfile=/tmp/3254198
.....
Last MO: 17618. Loaded 17618 MOs. Total: 17619 MOs.
...............................................
get /rop/A20251125.1445-1500_RLE8E.xml.gz /ericsson/log/amos/moshell_logfiles/t20251125_37258710_65084/logs_moshell/pmfiles/19.31.14.230/rop/A20251125.1445-1500_RLE8E.xml.gz ... OK
get /rop/A20251125.1500-1515_RLE8E.xml.gz /ericsson/log/amos/moshell_logfiles/t20251125_37258710_65084/logs_moshell/pmfiles/19.31.14.230/rop/A20251125.1500-1515_RLE8E.xml.gz ... OK

Using hardcoded thresholds: 3, 4.5, and 16.5
================================================================================================================================
SC     SE  Tx/Rx BrPair  RfPort1 - RfPort2               HW       Serial      Cell (State)   Samples   Med  Mean  SDev Pol Res Issue
================================================================================================================================
RLE8E1 210   2/2 0 (1,2) Radio-S210-1(A) Radio-S210-1(B) RRU2279  TU8U01EYP2  FDD=RLE8E1 (1)   12548  -1.5  -1.6   6.5  NA  OK Passed
RLE8E2 211   2/2 0 (1,2) Radio-S211-1(A) Radio-S211-1(B) RRU2279  TU8U01EYNV  FDD=RLE8E2 (1)     563  -1.5  -1.1   6.4  NA  NT Not enough data
RLE8M1 100   2/2 0 (1,2) Radio-S100-1(A) Radio-S100-1(B) RRU4499  E55E870629  FDD=RLE8M1 (1)   48754  -4.5  -4.3   4.4  NA OKW Possible RF Loss or PIM at Radio-S100-1(B)
RLE8M2 101   2/2 0 (1,2) Radio-S100-1(C) Radio-S100-1(D) RRU4499  E55E870629  FDD=RLE8M2 (1)    9461  -0.5  -0.9   7.5  NA  OK Passed
RLE8T1 100   2/2 0 (1,2) Radio-S100-1(A) Radio-S100-1(B) RRU4499  E55E870629  FDD=RLE8T1 (1)   89664   4.5   5.8   9.5  NA NOK RF Loss or PIM at Radio-S100-1(A)
RLE8T2 101   2/2 0 (1,2) Radio-S100-1(C) Radio-S100-1(D) RRU4499  E55E870629  FDD=RLE8T2 (1)  119468   1.5   2.7   8.9  NA  OK Passed
================================================================================================================================
Total: 6 SectorCarriers, 6 RfBranch Pairs (3 OK, 1 OKW, 1 NOK, 1 NT)
......
Last MO: 17618. Loaded 17618 MOs. Total: 17619 MOs.

No NRSectorCarrier MOs are defined on the node.

RLE8E> mfitr

251125-17:17:22+0100 19.31.14.230 25.0h MSRBS_NODE_MODEL_25.Q1_198665.224.73_bf81 stopfile=/tmp/3254198
.........
Last MO: 17618. Loaded 17618 MOs. Total: 17619 MOs.
.......
2025-11-25 17:18
================================================================================================================================
CELL       SC     FRU          BOARD             PUSCH  PUCCH       A      B      C      D  DELTA
================================================================================================================================
FDD=RLE8E1 RLE8E1 Radio-S210-1 RRU227922B822B20C -115.5 -112.5 -114.5 -114.9                  0.4
FDD=RLE8E2 RLE8E2 Radio-S211-1 RRU227922B822B20C -114.4 -114.1 -113.8 -114.4                  0.6
FDD=RLE8M1 RLE8M1 Radio-S100-1 RRU449944B144B3C  -117.1 -117.6 -117.3 -117.3                    0
FDD=RLE8M2 RLE8M2 Radio-S100-1 RRU449944B144B3C  -116.7 -116.1               -114.7 -116.6    1.9
FDD=RLE8T1 RLE8T1 Radio-S100-1 RRU449944B144B3C  -113.0 -114.6 -113.5 -113.3                  0.2
FDD=RLE8T2 RLE8T2 Radio-S100-1 RRU449944B144B3C  -112.0 -113.7               -109.6 -112.5    2.9
================================================================================================================================
Bye...
Output has been logged to file /mta_fs/UserFiles/37258710/amosbatch/SDIR/RLE8E.log
