Logging to file /mta_fs/UserFiles/37258710/amosbatch/SDIR/SC03E.log
                        __  __  ____   _____
                  /\   |  \/  |/ __ \ / ____|
                 /  \  | \  / | |  | | (___  
                / /\ \ | |\/| | |  | |\___ \ 
               / ____ \| |  | | |__| |____) |
              /_/    \_\_|  |_|\____/|_____/
              OSS Framework for MoShell-25.0h 
  Copyright (c) Ericsson AB 2001-2025 - All Rights Reserved
              
           
[1;31mWARNING: [0mthe AMOS version currently running is more than 29 weeks old and is unsupported.
Please upgrade as soon as possible to the latest released version, available from your local Ericsson support.

$amosrb_pid = 1957287

Checking ip contact...OK

HELP MENU            : h
BASIC MO COMMANDS    : m
OTHER MO COMMANDS    : n
OTHER COMMANDS       : o
PM COMMANDS          : p
QUIT                 : q

SC03E> lt all

251125-10:35:08+0100 19.31.2.213 25.0h  stopfile=/tmp/1956733
Looking up temporary_amos account... OK.
Trying temporary_amos_t20251125_37258710_65084_131's password from amos lookupAccount ... OK

$ssh_pid = 1957792

Connected to 19.31.2.213 (SubNetwork=BBMM_rckomc_R,MeContext=SC03E,ManagedElement=SC03E)

Checking MOM version...MSRBS_NODE_MODEL_25.Q1_693.28324.131_62ac
Parsing MOM (cached): /ericsson/log/amos/moshell_logfiles/t20251125_37258710_65084/logs_moshell/tempfiles/scp-4-amos_20251125-103501_1956588/MSRBS_NODE_MODEL_25.Q1_693.28324.131_62ac.xml.cache.gz ..................................................................................................................................................................................................................................Done.
Using paramfile /opt/ericsson/amos/moshell/commonjars/pm/PARAM_MSRBS_25.Q1.txt
Parsing file /opt/ericsson/amos/moshell/commonjars/pm/PARAM_MSRBS_25.Q1.txt .......................................................................................Done.
Using imomdfile /opt/ericsson/amos/moshell/commonjars/pm/IMOMD_MSRBS_22.Q4.txt
Using imomfile /opt/ericsson/amos/moshell/commonjars/pm/IMOM_MSRBS_25.Q1.txt
Connected to 19.31.2.213 (SubNetwork=BBMM_rckomc_R,MeContext=SC03E,ManagedElement=SC03E)

Last MO: 17304. Loaded 17304 MOs. Total: 17305 MOs.

SC03E> st cell

251125-10:35:22+0100 19.31.2.213 25.0h MSRBS_NODE_MODEL_25.Q1_693.28324.131_62ac stopfile=/tmp/1956733
===================================================================================
Proxy  Adm State     Op. State     MO
===================================================================================
   43  1 (UNLOCKED)  1 (ENABLED)   ENodeBFunction=1,EUtranCellFDD=SC03E1
  129  1 (UNLOCKED)  1 (ENABLED)   ENodeBFunction=1,EUtranCellFDD=SC03E2
  213  1 (UNLOCKED)  1 (ENABLED)   ENodeBFunction=1,EUtranCellFDD=SC03E3
  301  1 (UNLOCKED)  1 (ENABLED)   ENodeBFunction=1,EUtranCellFDD=SC03M1
  379  1 (UNLOCKED)  1 (ENABLED)   ENodeBFunction=1,EUtranCellFDD=SC03M2
  464  1 (UNLOCKED)  1 (ENABLED)   ENodeBFunction=1,EUtranCellFDD=SC03M3
  542  1 (UNLOCKED)  1 (ENABLED)   ENodeBFunction=1,EUtranCellFDD=SC03T1
  627  1 (UNLOCKED)  1 (ENABLED)   ENodeBFunction=1,EUtranCellFDD=SC03T2
  715  1 (UNLOCKED)  1 (ENABLED)   ENodeBFunction=1,EUtranCellFDD=SC03T3
  984  1 (UNLOCKED)  1 (ENABLED)   ENodeBFunction=1,NbIotCell=SC03N1
  985  1 (UNLOCKED)  1 (ENABLED)   ENodeBFunction=1,NbIotCell=SC03N2
  986  1 (UNLOCKED)  1 (ENABLED)   ENodeBFunction=1,NbIotCell=SC03N3
===================================================================================
Total: 12 MOs

SC03E> st radio

251125-10:35:23+0100 19.31.2.213 25.0h MSRBS_NODE_MODEL_25.Q1_693.28324.131_62ac stopfile=/tmp/1956733
===================================================================================
Proxy  Adm State     Op. State     MO
===================================================================================
 1503  1 (UNLOCKED)  1 (ENABLED)   Equipment=1,FieldReplaceableUnit=Radio-S1-1
 1515  1 (UNLOCKED)  1 (ENABLED)   Equipment=1,FieldReplaceableUnit=Radio-S100-1
 1538  1 (UNLOCKED)  1 (ENABLED)   Equipment=1,FieldReplaceableUnit=Radio-S102-1
 1561  1 (UNLOCKED)  1 (ENABLED)   Equipment=1,FieldReplaceableUnit=Radio-S2-1
 1573  1 (UNLOCKED)  1 (ENABLED)   Equipment=1,FieldReplaceableUnit=Radio-S3-1
17297  1 (UNLOCKED)  1 (ENABLED)   Transport=1,Synchronization=1,RadioEquipmentClock=1,RadioEquipmentClockReference=NTP1
17298  1 (UNLOCKED)  1 (ENABLED)   Transport=1,Synchronization=1,RadioEquipmentClock=1,RadioEquipmentClockReference=PTP8275_2
===================================================================================
Total: 7 MOs

SC03E> sdir

251125-10:35:23+0100 19.31.2.213 25.0h MSRBS_NODE_MODEL_25.Q1_693.28324.131_62ac stopfile=/tmp/1956733
INFO: Using amos lookupAccount credentials for the export login
............................
get /rop/A20251125.0845-0900_SC03E.xml.gz /ericsson/log/amos/moshell_logfiles/t20251125_37258710_65084/logs_moshell/pmfiles/19.31.2.213/rop/A20251125.0845-0900_SC03E.xml.gz ... OK
get /rop/A20251125.0900-0915_SC03E.xml.gz /ericsson/log/amos/moshell_logfiles/t20251125_37258710_65084/logs_moshell/pmfiles/19.31.2.213/rop/A20251125.0900-0915_SC03E.xml.gz ... OK
get /rop/A20251125.0915-0930_SC03E.xml.gz /ericsson/log/amos/moshell_logfiles/t20251125_37258710_65084/logs_moshell/pmfiles/19.31.2.213/rop/A20251125.0915-0930_SC03E.xml.gz ... OK
....Checking available boards on node...

Collecting RCS board data ...
..........................................................................................................................
..........................
..........................................................................................................................................................................................................................................................................
...
Collecting TN data...
....
Getting MO data from node (83 MOs). Please wait...
0%                                             ~50%                                           ~100%
.................................................................................................................................
Collecting RF data...
...
Collecting Alarms...
Executing action Log.export()
...
Log=AlarmLog                    actionId=50878
...................
Executing action LogM.exportAvailabilityLog()
..LogM=1,exportAvailabilityLog    actionId=50879
.....Parsing alarmLog..............Done.
Parsing availabilityLog........Done.
................

Total: 5 CPRI links (5 OK, 0 OKW, 0 NOK, 0 NT)
.
+--------+                      +------------+
|        | A        O98      D1 | Radio-S1-1 |
|        |-----------1----------| RRU2217B20 |
|        |         OK-21m       |   BXP_5    |
|        |                      +------------+
|        |                             |A  |B
|        |               SE=1 AG=1 FDD=SC03E1
|        |                        NIOT=SC03N1
|        |
|        |                      +------------+
|        | B        O98      D1 | Radio-S2-1 |
|        |-----------2----------| RRU2217B20 |
|        |         OK-21m       |   BXP_4    |
|        |                      +------------+
|        |                             |A  |B
|        |               SE=2 AG=2 FDD=SC03E2
|        |                        NIOT=SC03N2
|        |
|        |                      +------------+
|        | C        O98      D1 | Radio-S3-1 |
|        |-----------3----------| RRU2217B20 |
|        |         OK-62m       |   BXP_6    |
|        |                      +------------+
|        |                             |A  |B
|  BB-1  |               SE=3 AG=3 FDD=SC03E3
| BB6631 |                        NIOT=SC03N3
| 000100 |
|        |                      +------------------+
|        | D        O101     D2 |   Radio-S100-1   |
|        |-----------4----------| RRU449944B144B3C |
|        |         OK-61m       |      BXP_3       |
|        |                      +------------------+
|        |                           |A  |B  |C  |D
|        |                    SE=100 AG=100  |   |
|        |            FDD=SC03M1 FDD=SC03T1  |   |
|        |                            SE=101 AG=101
|        |                    FDD=SC03M2 FDD=SC03T2
|        |
|        |                      +------------------+
|        | E        O101     D2 |   Radio-S102-1   |
|        |-----------5----------| RRU449944B144B3C |
|        |         OK-61m       |      BXP_2       |
|        |                      +------------------+
|        |                           |A  |B  |C  |D
|        |                    SE=102 AG=102  |   |
|        |            FDD=SC03M3 FDD=SC03T3  |   |
|        |
+--------+

=====================================================================================================================================
ID RiL    Type Res MO1-MO2                  BOARD1-BOARD2           AlmIDs Cells (States)                                        Issue (Failed checks)
=====================================================================================================================================
 1 S1-1   O98  OK  BB-1(A) Radio-S1-1(D1)   BB6631 RRU2217B20              FDD=SC03E1 NIOT=SC03N1 (1,1)                          Passed
 2 S2-1   O98  OK  BB-1(B) Radio-S2-1(D1)   BB6631 RRU2217B20              FDD=SC03E2 NIOT=SC03N2 (1,1)                          Passed
 3 S3-1   O98  OK  BB-1(C) Radio-S3-1(D1)   BB6631 RRU2217B20              FDD=SC03E3 NIOT=SC03N3 (1,1)                          Passed
 4 S100-1 O101 OK  BB-1(D) Radio-S100-1(D2) BB6631 RRU449944B144B3C        FDD=SC03M1 FDD=SC03M2 FDD=SC03T1 FDD=SC03T2 (1,1,1,1) Passed
 5 S102-1 O101 OK  BB-1(E) Radio-S102-1(D2) BB6631 RRU449944B144B3C        FDD=SC03M3 FDD=SC03T3 (1,1)                           Passed
-------------------------------------------------------------------------------------------------------------------------------------

Node: RadioNode L   CXP2010174/2_R27J08 (25.Q1)   G3.1   LTE-FDD,LTE-IoT 

=====================================================================================================================================
FRU          ;LNH    ;BOARD            ;ST ;FAULT ;OPER ;MAINT ;STAT ;PRODUCTNUMBER   ;REV     ;SERIAL        ;DATE     ;PMTEMP ; TEMP ; UPT ;VOLT ;SW                   ;
=====================================================================================================================================
BB-1         ;000100 ;BB6631           ; 1 ;  OFF ;  ON ;  OFF ;  ON ;KDU1370071/11   ;R3F     ;TD3Y154665    ;20231114 ;3 (OK) ;      ;99.0 ;53   ;                     ;
Radio-S1-1   ;BXP_5  ;RRU2217B20       ; 1 ;  OFF ;  ON ;  OFF ; N/A ;KRC161549/1     ;R1S     ;TU8U02EFDH    ;20240229 ;4 (OK) ; 38.0 ;98.9 ;54.0 ;CXP9013268%9_R96JB   ; (Radio2217B20)
Radio-S100-1 ;BXP_3  ;RRU449944B144B3C ; 1 ;  OFF ;  ON ;  OFF ; N/A ;KRC161787/1     ;R3A     ;E23F275316    ;20240226 ;4 (OK) ; 15.1 ; 100 ;53.3 ;CXP9013268%15_R101LX ; (Radio449944B144B3C)
Radio-S102-1 ;BXP_2  ;RRU449944B144B3C ; 1 ;  OFF ;  ON ;  OFF ; N/A ;KRC161787/1     ;R3A     ;E23F275295    ;20240226 ;4 (OK) ; 15.0 ; 100 ;53.7 ;CXP9013268%15_R101LX ; (Radio449944B144B3C)
Radio-S2-1   ;BXP_4  ;RRU2217B20       ; 1 ;  OFF ;  ON ;  OFF ; N/A ;KRC161549/1     ;R1S     ;TU8U02EG0F    ;20240229 ;4 (OK) ; 36.9 ;99.0 ;54.1 ;CXP9013268%9_R96JB   ; (Radio2217B20)
Radio-S3-1   ;BXP_6  ;RRU2217B20       ; 1 ;  OFF ;  ON ;  OFF ; N/A ;KRC161549/1     ;R1S     ;TU8U02EG0N    ;20240229 ;4 (OK) ; 20.1 ;98.9 ;54.0 ;CXP9013268%9_R96JB   ; (Radio2217B20)
-------------------------------------------------------------------------------------------------------------------------------------

=====================================================================================================================================
AntennaNearUnit                              ;ST  ;TYPE   ;PRODUCTNR     ;REV                ;UNIQUEID             ;RfPort
=====================================================================================================================================
AntennaUnitGroup=1,AntennaNearUnit=RET_1800  ; 1  ;S-RET  ;AIMM20M22     ;WD81MANBRCU_VER.F  ;HWM1360GC015E545yyR  ;FieldReplaceableUnit=Radio-S1-1,RfPort=A
AntennaUnitGroup=1,AntennaNearUnit=RET_2100  ; 1  ;S-RET  ;AIMM20M22     ;WD81MANBRCU_VER.F  ;HWM1360GC015D6290yL  ;FieldReplaceableUnit=Radio-S1-1,RfPort=A
AntennaUnitGroup=1,AntennaNearUnit=RET_800   ; 1  ;S-RET  ;AIMM20M22     ;WD81MANBRCU_VER.F  ;HWM1360GC015B77200r  ;FieldReplaceableUnit=Radio-S1-1,RfPort=A
AntennaUnitGroup=1,AntennaNearUnit=RET_900   ; 1  ;S-RET  ;AIMM20M22     ;WD81MANBRCU_VER.F  ;HWM1360GC015C6775rr  ;FieldReplaceableUnit=Radio-S1-1,RfPort=A
AntennaUnitGroup=1,AntennaNearUnit=TMA_800   ; 1  ;TMA    ;78210430V43   ;HW_V_R1B           ;KADK6P055194         ;FieldReplaceableUnit=Radio-S1-1,RfPort=A
AntennaUnitGroup=2,AntennaNearUnit=RET_1800  ; 1  ;S-RET  ;AIMM20M22     ;WD81MANBRCU_VER.F  ;HWM1360GC00E2434yyR  ;FieldReplaceableUnit=Radio-S2-1,RfPort=R
AntennaUnitGroup=2,AntennaNearUnit=RET_2100  ; 1  ;S-RET  ;AIMM20M22     ;WD81MANBRCU_VER.F  ;HWM1360GC00E18684yL  ;FieldReplaceableUnit=Radio-S2-1,RfPort=R
AntennaUnitGroup=2,AntennaNearUnit=RET_800   ; 1  ;S-RET  ;AIMM20M22     ;WD81MANBRCU_VER.F  ;HWM1360GC00DY59400r  ;FieldReplaceableUnit=Radio-S2-1,RfPort=R
AntennaUnitGroup=2,AntennaNearUnit=RET_900   ; 1  ;S-RET  ;AIMM20M22     ;WD81MANBRCU_VER.F  ;HWM1360GC00E03756rr  ;FieldReplaceableUnit=Radio-S2-1,RfPort=R
AntennaUnitGroup=2,AntennaNearUnit=TMA_800   ; 1  ;TMA    ;KRY112451/11  ;R1A                ;ERT203X61            ;FieldReplaceableUnit=Radio-S2-1,RfPort=A
AntennaUnitGroup=3,AntennaNearUnit=RET_1800  ; 1  ;S-RET  ;AIMM20M22     ;WD81MANBRCU_VER.F  ;HWM1360GC00E6950yyR  ;FieldReplaceableUnit=Radio-S3-1,RfPort=R
AntennaUnitGroup=3,AntennaNearUnit=RET_2100  ; 1  ;S-RET  ;AIMM20M22     ;WD81MANBRCU_VER.F  ;HWM1360GC00E54282yL  ;FieldReplaceableUnit=Radio-S3-1,RfPort=R
AntennaUnitGroup=3,AntennaNearUnit=RET_800   ; 1  ;S-RET  ;AIMM20M22     ;WD81MANBRCU_VER.F  ;HWM1360GC00E367210r  ;FieldReplaceableUnit=Radio-S3-1,RfPort=R
AntennaUnitGroup=3,AntennaNearUnit=RET_900   ; 1  ;S-RET  ;AIMM20M22     ;WD81MANBRCU_VER.F  ;HWM1360GC00E42501rr  ;FieldReplaceableUnit=Radio-S3-1,RfPort=R
-------------------------------------------------------------------------------------------------------------------------------------

=====================================================================================================================================
XPBOARD  ;ST ;FAULT ;OPER ;PRODUCTNUMBER ;REV ;SERIAL/NAME ;DATE     ; TEMP ;MO
=====================================================================================================================================
FAN08    ; 1 ;N/A   ;N/A  ;BKV106236/1   ;R2F ;DD138X9942  ;20230923 ; 37.5 ;SupportUnit=1 (FAN  BB-1)
-------------------------------------------------------------------------------------------------------------------------------------

=====================================================================================================================================
ID ;T ;RiL    ;BPBP ;BOARD1           ;LNH1 ;PORT ;R ;LINK ;RATE  ; BER ;BOARD2           ;LNH2 ;PORT ;R ;LINK ;RATE  ; BER ;LENGTH ;MO1 - MO2
=====================================================================================================================================
 1 ;O ;  S1-1 ;1111 ;BB6631           ;000100 ; 1 ;M ;Up   ;9.8G  ;   0 ;RRU2217B20       ;BXP_5  ; 0 ;S ;Up   ;9.8G  ;   0 ;   21m ;Fru=BB-1(A) Fru=Radio-S1-1(D1)
 2 ;O ;  S2-1 ;1111 ;BB6631           ;000100 ; 2 ;M ;Up   ;9.8G  ;   0 ;RRU2217B20       ;BXP_4  ; 0 ;S ;Up   ;9.8G  ;   0 ;   21m ;Fru=BB-1(B) Fru=Radio-S2-1(D1)
 3 ;O ;  S3-1 ;1111 ;BB6631           ;000100 ; 3 ;M ;Up   ;9.8G  ;   0 ;RRU2217B20       ;BXP_6  ; 0 ;S ;Up   ;9.8G  ;   0 ;   62m ;Fru=BB-1(C) Fru=Radio-S3-1(D1)
 4 ;O ;S100-1 ;1111 ;BB6631           ;000100 ; 4 ;M ;Up   ;10.1G ;   0 ;RRU449944B144B3C ;BXP_3  ; 1 ;S ;Up   ;10.1G ;   0 ;   61m ;Fru=BB-1(D) Fru=Radio-S100-1(D2)
 5 ;O ;S102-1 ;1111 ;BB6631           ;000100 ; 5 ;M ;Up   ;10.1G ;   0 ;RRU449944B144B3C ;BXP_2  ; 1 ;S ;Up   ;10.1G ;   0 ;   61m ;Fru=BB-1(E) Fru=Radio-S102-1(D2)
-------------------------------------------------------------------------------------------------------------------------------------

=====================================================================================================================================
ID ;LINK ;RiL    ;VENDOR1  ;VENDORPROD1     ;REV1 ;SERIAL1      ;DATE1    ;ERICSSONPROD1      ;VENDOR2  ;VENDORPROD2     ;REV2 ;SERIAL2      ;DATE2    ;ERICSSONPROD2      ;TT ;WL1     ;WL2    
=====================================================================================================================================
 1 ;Up   ;  S1-1 ;ERICSSON ;RTXM228-702-C22 ;1.0  ;CU824A11M0   ;20240122 ;RDH10265/2 R1A     ;ERICSSON ;RTXM228-702-C22 ;1.0  ;CU824A11VZ   ;20240123 ;RDH10265/2 R1A     ;0  ;1310.00 ;1310.00
 2 ;Up   ;  S2-1 ;ERICSSON ;RTXM228-702-C22 ;1.0  ;CU824A11LS   ;20240122 ;RDH10265/2 R1A     ;ERICSSON ;RTXM228-702-C22 ;1.0  ;CU824A11UP   ;20240123 ;RDH10265/2 R1A     ;0  ;1310.00 ;1310.00
 3 ;Up   ;  S3-1 ;ERICSSON ;RTXM228-702-C22 ;1.0  ;CU824A11L9   ;20240122 ;RDH10265/2 R1A     ;ERICSSON ;RTXM228-702-C22 ;1.0  ;CU824A10RF   ;20240122 ;RDH10265/2 R1A     ;0  ;1310.00 ;1310.00
 4 ;Up   ;S100-1 ;ERICSSON ;RTXM228-702-C22 ;1.0  ;CU824A11KP   ;20240122 ;RDH10265/2 R1A     ;ERICSSON ;RTXM228-702-C22 ;1.0  ;CU824A10R8   ;20240122 ;RDH10265/2 R1A     ;0  ;1310.00 ;1310.00
 5 ;Up   ;S102-1 ;ERICSSON ;RTXM228-702-C22 ;1.0  ;CU824A11KQ   ;20240122 ;RDH10265/2 R1A     ;ERICSSON ;RTXM228-702-C22 ;1.0  ;CU824A11VD   ;20240123 ;RDH10265/2 R1A     ;0  ;1310.00 ;1310.00
-------------------------------------------------------------------------------------------------------------------------------------

=====================================================================================================================================
ID ;LINK ;RiL    ;WL1     ;TEMP1 ;TXbs1 ;TXdBm1 ;RXdBm1 ;BER1   ;WL2     ;TEMP2 ;TXbs2 ;TXdBm2 ;RXdBm2 ;BER2   ;DlLoss ;UlLoss ;LENGTH ;TT
=====================================================================================================================================
 1 ;Up   ;  S1-1 ;1310.00 ;36C   ;56%   ;-2.30  ;-1.77  ;   0   ;1310.00 ;40C   ;56%   ;-1.71  ;-2.10  ;   0   ;  -0.2 ;  0.06 ;   21m ; 0
 2 ;Up   ;  S2-1 ;1310.00 ;38C   ;56%   ;-1.55  ;-1.29  ;   0   ;1310.00 ;37C   ;56%   ;-0.97  ;-1.52  ;   0   ; -0.03 ;  0.32 ;   21m ; 0
 3 ;Up   ;  S3-1 ;1310.00 ;38C   ;58%   ;-1.13  ;-0.17  ;   0   ;1310.00 ;28C   ;53%   ;-0.53  ;-2.79  ;   0   ;  1.66 ; -0.36 ;   62m ; 0
 4 ;Up   ;S100-1 ;1310.00 ;35C   ;56%   ;-1.41  ;-2.31  ;   0   ;1310.00 ;14C   ;48%   ;-1.65  ;-0.77  ;   0   ; -0.64 ;  0.66 ;   61m ; 0
 5 ;Up   ;S102-1 ;1310.00 ;34C   ;55%   ;-1.97  ;-2.08  ;   0   ;1310.00 ;16C   ;48%   ;-2.01  ;-2.20  ;   0   ;  0.23 ;  0.07 ;   61m ; 0
-------------------------------------------------------------------------------------------------------------------------------------

=====================================================================================================================================
ID ;RiL    ;BOARD            ;SFPLNH  ;PORT ;VENDOR   ;VENDORPROD      ;REV  ;SERIAL       ;DATE     ;ERICSSONPROD       ;WL      ;TEMP  ;TXbs  ;TXdBm  ;RXdBm  ; BER
=====================================================================================================================================
 1 ;  S1-1 ;BB6631           ;000100   ;  1 ;ERICSSON ;RTXM228-702-C22 ;1.0  ;CU824A11M0   ;20240122 ;RDH10265/2 R1A     ;1310.00 ;36C   ;56%   ;-2.30  ;-1.77  ;   0
 2 ;  S2-1 ;BB6631           ;000100   ;  2 ;ERICSSON ;RTXM228-702-C22 ;1.0  ;CU824A11LS   ;20240122 ;RDH10265/2 R1A     ;1310.00 ;38C   ;56%   ;-1.55  ;-1.29  ;   0
 3 ;  S3-1 ;BB6631           ;000100   ;  3 ;ERICSSON ;RTXM228-702-C22 ;1.0  ;CU824A11L9   ;20240122 ;RDH10265/2 R1A     ;1310.00 ;38C   ;58%   ;-1.13  ;-0.17  ;   0
 4 ;S100-1 ;BB6631           ;000100   ;  4 ;ERICSSON ;RTXM228-702-C22 ;1.0  ;CU824A11KP   ;20240122 ;RDH10265/2 R1A     ;1310.00 ;35C   ;56%   ;-1.41  ;-2.31  ;   0
 5 ;S102-1 ;BB6631           ;000100   ;  5 ;ERICSSON ;RTXM228-702-C22 ;1.0  ;CU824A11KQ   ;20240122 ;RDH10265/2 R1A     ;1310.00 ;34C   ;55%   ;-1.97  ;-2.08  ;   0
 5 ;S102-1 ;RRU449944B144B3C ;BXP_2    ;  1 ;ERICSSON ;RTXM228-702-C22 ;1.0  ;CU824A11VD   ;20240123 ;RDH10265/2 R1A     ;1310.00 ;16C   ;48%   ;-2.01  ;-2.20  ;   0
 4 ;S100-1 ;RRU449944B144B3C ;BXP_3    ;  1 ;ERICSSON ;RTXM228-702-C22 ;1.0  ;CU824A10R8   ;20240122 ;RDH10265/2 R1A     ;1310.00 ;14C   ;48%   ;-1.65  ;-0.77  ;   0
 2 ;  S2-1 ;RRU2217B20       ;BXP_4    ;  0 ;ERICSSON ;RTXM228-702-C22 ;1.0  ;CU824A11UP   ;20240123 ;RDH10265/2 R1A     ;1310.00 ;37C   ;56%   ;-0.97  ;-1.52  ;   0
 1 ;  S1-1 ;RRU2217B20       ;BXP_5    ;  0 ;ERICSSON ;RTXM228-702-C22 ;1.0  ;CU824A11VZ   ;20240123 ;RDH10265/2 R1A     ;1310.00 ;40C   ;56%   ;-1.71  ;-2.10  ;   0
 3 ;  S3-1 ;RRU2217B20       ;BXP_6    ;  0 ;ERICSSON ;RTXM228-702-C22 ;1.0  ;CU824A10RF   ;20240122 ;RDH10265/2 R1A     ;1310.00 ;28C   ;53%   ;-0.53  ;-2.79  ;   0
-------------------------------------------------------------------------------------------------------------------------------------
TN ;       ;BB6631           ;000100   ; IB ;WTD      ;RTXM192-406-C25 ;3.0  ;CU823M2U0V   ;20240102 ;RDH10247/2 R2A     ;1310    ;34C   ;19%   ;-5.50  ;-3.01  ;NZ/0
TN ;       ;BB6631           ;000100   ;IA1 ;ERICSSON ;42020201934     ;A0   ;202402100003 ;20240108 ;RPM777053/1000 R1B ;NA      ;NA    ;NA    ;NA     ;NA     ; 0/0
-------------------------------------------------------------------------------------------------------------------------------------

=====================================================================================================================================
BOARD  ;LNH    ;PORT       ;T ;S ;OpMode   ;AutoNeg ;MacAddress        ;VlanIds        ;LOS ;BER
=====================================================================================================================================
BB6631 ;000100 ;TN_IDL_A_1 ;O ;1 ;10G_FULL ;false   ;E4:0D:3B:6C:DD:38 ;3901,3908,3910 ;0   ;0/0
BB6631 ;000100 ;TN_IDL_B   ;O ;1 ;1G_FULL  ;true    ;E4:0D:3B:6C:DD:3C ;3901,3908,3910 ;0   ;NZ/0
-------------------------------------------------------------------------------------------------------------------------------------

radioClockState : RNT_TIME_LOCKED
-------------------------------------------------------------------------------------
Prio  ;ST  ;syncRefType    ;refStatus  ;opQualLevel  ;SyncReference
-------------------------------------------------------------------------------------
  *1  ; 1  ;PTP_TIME       ;NO_FAULT   ;PRTC         ;Ptp=1,BoundaryOrdinaryClock=1 (G_8275_2 Router=45G_Traffic,InterfaceIPv4=LTE,AddressIPv4=LTE:SLAVE)
   2  ; 1  ;NTP_FREQUENCY  ;NO_FAULT   ;PRC          ;Ntp=1,NtpFrequencySync=NTP1 (10.31.0.54:32751 Router=45G_Traffic,InterfaceIPv4=LTE,AddressIPv4=LTE)
-------------------------------------------------------------------------------------

=====================================================================================================================================
FRU          ;LNH    ;BOARD            ;RF  ;BP  ;TX (W/dBm)  ;VSWR (RL)   ;RX (dBm) ;UEs/gUEs  ;Sector/AntennaGroup/Cells (State:CellIds:PCIs)
=====================================================================================================================================
Radio-S1-1   ;BXP_5  ;RRU2217B20       ; A  ;11  ;-           ;2.25 (8.3)  ;         ;0/-       ;SE=1 AG=1 FDD=SC03E1 NIOT=SC03N1 (1:61:29, 1:161:29)
Radio-S1-1   ;BXP_5  ;RRU2217B20       ; B  ;11  ;-           ;1.11 (25.8) ;         ;0/-       ;SE=1 AG=1 FDD=SC03E1 NIOT=SC03N1 (1:61:29, 1:161:29)
Radio-S2-1   ;BXP_4  ;RRU2217B20       ; A  ;11  ;-           ;1.13 (24.3) ;         ;1/-       ;SE=2 AG=2 FDD=SC03E2 NIOT=SC03N2 (1:62:28, 1:162:28)
Radio-S2-1   ;BXP_4  ;RRU2217B20       ; B  ;11  ;-           ;1.57 (13.1) ;         ;1/-       ;SE=2 AG=2 FDD=SC03E2 NIOT=SC03N2 (1:62:28, 1:162:28)
Radio-S3-1   ;BXP_6  ;RRU2217B20       ; A  ;11  ;-           ;1.17 (22.1) ;         ;4/-       ;SE=3 AG=3 FDD=SC03E3 NIOT=SC03N3 (1:63:149, 1:163:149)
Radio-S3-1   ;BXP_6  ;RRU2217B20       ; B  ;11  ;-           ;1.20 (21.0) ;         ;4/-       ;SE=3 AG=3 FDD=SC03E3 NIOT=SC03N3 (1:63:149, 1:163:149)
Radio-S100-1 ;BXP_3  ;RRU449944B144B3C ; A  ;11  ;32.1 (45.1) ;1.43 (15.1) ;-96.6    ;7/-       ;SE=100 AG=100 FDD=SC03M1 FDD=SC03T1 (1:31:43, 1:41:10)
Radio-S100-1 ;BXP_3  ;RRU449944B144B3C ; B  ;11  ;-           ;1.21 (20.5) ;-96.3    ;7/-       ;SE=100 AG=100 FDD=SC03M1 FDD=SC03T1 (1:31:43, 1:41:10)
Radio-S100-1 ;BXP_3  ;RRU449944B144B3C ; C  ;11  ;32.3 (45.1) ;1.20 (20.8) ;-96.7    ;1/-       ;SE=101 AG=101 FDD=SC03M2 FDD=SC03T2 (1:32:364, 1:42:18)
Radio-S100-1 ;BXP_3  ;RRU449944B144B3C ; D  ;11  ;-           ;1.15 (23.3) ;-96.9    ;1/-       ;SE=101 AG=101 FDD=SC03M2 FDD=SC03T2 (1:32:364, 1:42:18)
Radio-S102-1 ;BXP_2  ;RRU449944B144B3C ; A  ;11  ;30.4 (44.8) ;1.31 (17.4) ;-94.1    ;18/-      ;SE=102 AG=102 FDD=SC03M3 FDD=SC03T3 (1:33:188, 1:43:147)
Radio-S102-1 ;BXP_2  ;RRU449944B144B3C ; B  ;11  ;-           ;1.27 (18.4) ;-93.9    ;18/-      ;SE=102 AG=102 FDD=SC03M3 FDD=SC03T3 (1:33:188, 1:43:147)
Radio-S102-1 ;BXP_2  ;RRU449944B144B3C ; C  ;11  ;-           ;-           ;         ;          ;
Radio-S102-1 ;BXP_2  ;RRU449944B144B3C ; D  ;11  ;-           ;-           ;         ;          ;
-------------------------------------------------------------------------------------------------------------------------------------

SC03E> mfar

251125-10:38:01+0100 19.31.2.213 25.0h MSRBS_NODE_MODEL_25.Q1_693.28324.131_62ac stopfile=/tmp/1956733
........
Last MO: 17302. Loaded 17302 MOs. Total: 17303 MOs.
....................................................
get /rop/A20251125.0800-0815_SC03E.xml.gz /ericsson/log/amos/moshell_logfiles/t20251125_37258710_65084/logs_moshell/pmfiles/19.31.2.213/rop/A20251125.0800-0815_SC03E.xml.gz ... OK
get /rop/A20251125.0815-0830_SC03E.xml.gz /ericsson/log/amos/moshell_logfiles/t20251125_37258710_65084/logs_moshell/pmfiles/19.31.2.213/rop/A20251125.0815-0830_SC03E.xml.gz ... OK
get /rop/A20251125.0830-0845_SC03E.xml.gz /ericsson/log/amos/moshell_logfiles/t20251125_37258710_65084/logs_moshell/pmfiles/19.31.2.213/rop/A20251125.0830-0845_SC03E.xml.gz ... OK

Using hardcoded thresholds: 3, 4.5, and 16.5
================================================================================================================================
SC     SE  Tx/Rx BrPair  RfPort1 - RfPort2               HW       Serial      Cell (State)   Samples   Med  Mean  SDev Pol Res Issue
================================================================================================================================
SC03E1   1   2/2 0 (1,2) Radio-S1-1(A) Radio-S1-1(B)     RRU2217  TU8U02EFDH  FDD=SC03E1 (1)    3733   0.5   1.0   6.6  NA  OK Passed
SC03E2   2   2/2 0 (1,2) Radio-S2-1(A) Radio-S2-1(B)     RRU2217  TU8U02EG0F  FDD=SC03E2 (1)   21491  -0.5  -0.8   6.3  NA  OK Passed
SC03E3   3   2/2 0 (1,2) Radio-S3-1(A) Radio-S3-1(B)     RRU2217  TU8U02EG0N  FDD=SC03E3 (1)   28969  -1.5  -1.5   6.2  NA  OK Passed
SC03M1 100   2/2 0 (1,2) Radio-S100-1(A) Radio-S100-1(B) RRU4499  E23F275316  FDD=SC03M1 (1)     266   0.5   1.0   8.5  NA  NT Not enough data
SC03M2 101   2/2 0 (1,2) Radio-S100-1(C) Radio-S100-1(D) RRU4499  E23F275316  FDD=SC03M2 (1)     925  -0.5  -0.2   6.6  NA  NT Not enough data
SC03M3 102   2/2 0 (1,2) Radio-S102-1(A) Radio-S102-1(B) RRU4499  E23F275295  FDD=SC03M3 (1)    2984  -2.5  -2.1   7.5  NA  NT Not enough data
SC03T1 100   2/2 0 (1,2) Radio-S100-1(A) Radio-S100-1(B) RRU4499  E23F275316  FDD=SC03T1 (1)   60707  11.5   9.1   8.8  NA NOK RF Loss or PIM at Radio-S100-1(A)
SC03T2 101   2/2 0 (1,2) Radio-S100-1(C) Radio-S100-1(D) RRU4499  E23F275316  FDD=SC03T2 (1)    1288  -3.5  -1.4   5.4  NA  NT Not enough data
SC03T3 102   2/2 0 (1,2) Radio-S102-1(A) Radio-S102-1(B) RRU4499  E23F275295  FDD=SC03T3 (1)   94853  -1.5  -1.4   6.5  NA  OK Passed
================================================================================================================================
Total: 9 SectorCarriers, 9 RfBranch Pairs (4 OK, 0 OKW, 1 NOK, 4 NT)
........
Last MO: 17302. Loaded 17302 MOs. Total: 17303 MOs.

No NRSectorCarrier MOs are defined on the node.

SC03E> mfitr

251125-10:38:17+0100 19.31.2.213 25.0h MSRBS_NODE_MODEL_25.Q1_693.28324.131_62ac stopfile=/tmp/1956733
.............
Last MO: 17302. Loaded 17302 MOs. Total: 17303 MOs.
..........
2025-11-25 10:38
================================================================================================================================
CELL       SC     FRU          BOARD            PUSCH  PUCCH       A      B      C      D  DELTA
================================================================================================================================
FDD=SC03E1 SC03E1 Radio-S1-1   RRU2217B20       -120.4 -120.4 -121.1 -119.7                  1.4
FDD=SC03E2 SC03E2 Radio-S2-1   RRU2217B20       -120.4 -120.1 -119.8 -120.3                  0.5
FDD=SC03E3 SC03E3 Radio-S3-1   RRU2217B20       -117.6 -117.5 -117.7 -117.8                  0.1
FDD=SC03M1 SC03M1 Radio-S100-1 RRU449944B144B3C -119.5 -119.5 -119.4 -119.5                  0.1
FDD=SC03M2 SC03M2 Radio-S100-1 RRU449944B144B3C -119.5 -119.5               -119.4 -119.5    0.1
FDD=SC03M3 SC03M3 Radio-S102-1 RRU449944B144B3C -119.5 -119.5 -119.2 -119.5                  0.3
FDD=SC03T1 SC03T1 Radio-S100-1 RRU449944B144B3C -119.2 -119.4 -119.6 -119.3                  0.3
FDD=SC03T2 SC03T2 Radio-S100-1 RRU449944B144B3C -119.5 -119.0               -119.6 -119.7    0.1
FDD=SC03T3 SC03T3 Radio-S102-1 RRU449944B144B3C -119.4 -119.4 -119.2 -119.3                  0.1
================================================================================================================================
Bye...
Output has been logged to file /mta_fs/UserFiles/37258710/amosbatch/SDIR/SC03E.log
