Logging to file /mta_fs/UserFiles/37258710/amosbatch/SDIR/SC38L.log
                        __  __  ____   _____
                  /\   |  \/  |/ __ \ / ____|
                 /  \  | \  / | |  | | (___  
                / /\ \ | |\/| | |  | |\___ \ 
               / ____ \| |  | | |__| |____) |
              /_/    \_\_|  |_|\____/|_____/
              OSS Framework for MoShell-25.0h 
  Copyright (c) Ericsson AB 2001-2025 - All Rights Reserved
              
           
[1;31mWARNING: [0mthe AMOS version currently running is more than 29 weeks old and is unsupported.
Please upgrade as soon as possible to the latest released version, available from your local Ericsson support.

$amosrb_pid = 4182923

Checking ip contact...OK

HELP MENU            : h
BASIC MO COMMANDS    : m
OTHER MO COMMANDS    : n
OTHER COMMANDS       : o
PM COMMANDS          : p
QUIT                 : q

SC38L> lt all

251125-07:42:49+0100 19.31.4.203 25.0h  stopfile=/tmp/4182541
Looking up temporary_amos account... OK.
Trying temporary_amos_t20251125_37258710_65084_131's password from amos lookupAccount ... OK

$ssh_pid = 4185416

Connected to 19.31.4.203 (SubNetwork=BBMM_rckomc_R,MeContext=SC38L,ManagedElement=SC38L)

Checking MOM version...MSRBS_NODE_MODEL_25.Q1_198665.224.73_bf81
Parsing MOM (cached): /ericsson/log/amos/moshell_logfiles/t20251125_37258710_65084/logs_moshell/tempfiles/scp-4-amos_20251125-074242_4182462/MSRBS_NODE_MODEL_25.Q1_198665.224.73_bf81.xml.cache.gz ......................................................................................................................................................................................................................Done.
Using paramfile /opt/ericsson/amos/moshell/commonjars/pm/PARAM_MSRBSG2_25.Q1.txt
Parsing file /opt/ericsson/amos/moshell/commonjars/pm/PARAM_MSRBSG2_25.Q1.txt ......................................................................................Done.
Using imomdfile /opt/ericsson/amos/moshell/commonjars/pm/IMOMD_MSRBS_22.Q4.txt
Using imomfile /opt/ericsson/amos/moshell/commonjars/pm/IMOM_MSRBS_25.Q1.txt
Connected to 19.31.4.203 (SubNetwork=BBMM_rckomc_R,MeContext=SC38L,ManagedElement=SC38L)

Last MO: 17202. Loaded 17202 MOs. Total: 17203 MOs.

SC38L> st cell

251125-07:43:10+0100 19.31.4.203 25.0h MSRBS_NODE_MODEL_25.Q1_198665.224.73_bf81 stopfile=/tmp/4182541
===================================================================================
Proxy  Adm State     Op. State     MO
===================================================================================
   63  1 (UNLOCKED)  1 (ENABLED)   ENodeBFunction=1,EUtranCellFDD=SC38L1
  163  1 (UNLOCKED)  1 (ENABLED)   ENodeBFunction=1,EUtranCellFDD=SC38L2
  276  1 (UNLOCKED)  1 (ENABLED)   ENodeBFunction=1,EUtranCellFDD=SC38L3
===================================================================================
Total: 3 MOs

SC38L> st radio

251125-07:43:10+0100 19.31.4.203 25.0h MSRBS_NODE_MODEL_25.Q1_198665.224.73_bf81 stopfile=/tmp/4182541
===================================================================================
Proxy  Adm State     Op. State     MO
===================================================================================
 1586  1 (UNLOCKED)  1 (ENABLED)   Equipment=1,FieldReplaceableUnit=Radio-S180-1
 1601  1 (UNLOCKED)  1 (ENABLED)   Equipment=1,FieldReplaceableUnit=Radio-S182-1
 1616  1 (UNLOCKED)  1 (ENABLED)   Equipment=1,FieldReplaceableUnit=Radio-S220-1
 1643  1 (UNLOCKED)  1 (ENABLED)   Equipment=1,FieldReplaceableUnit=Radio-S221-1
 1670  1 (UNLOCKED)  1 (ENABLED)   Equipment=1,FieldReplaceableUnit=Radio-S222-1
17196  1 (UNLOCKED)  1 (ENABLED)   Transport=1,Synchronization=1,RadioEquipmentClock=1,RadioEquipmentClockReference=NTP1
17197  1 (UNLOCKED)  1 (ENABLED)   Transport=1,Synchronization=1,RadioEquipmentClock=1,RadioEquipmentClockReference=PTP
===================================================================================
Total: 7 MOs

SC38L> sdir

251125-07:43:11+0100 19.31.4.203 25.0h MSRBS_NODE_MODEL_25.Q1_198665.224.73_bf81 stopfile=/tmp/4182541
INFO: Using amos lookupAccount credentials for the export login
...............................
get /rop/A20251125.0545-0600_SC38L.xml.gz /ericsson/log/amos/moshell_logfiles/t20251125_37258710_65084/logs_moshell/pmfiles/19.31.4.203/rop/A20251125.0545-0600_SC38L.xml.gz ... OK
get /rop/A20251125.0600-0615_SC38L.xml.gz /ericsson/log/amos/moshell_logfiles/t20251125_37258710_65084/logs_moshell/pmfiles/19.31.4.203/rop/A20251125.0600-0615_SC38L.xml.gz ... OK
get /rop/A20251125.0615-0630_SC38L.xml.gz /ericsson/log/amos/moshell_logfiles/t20251125_37258710_65084/logs_moshell/pmfiles/19.31.4.203/rop/A20251125.0615-0630_SC38L.xml.gz ... OK
....Checking available boards on node...

Collecting RCS board data ...
...................................................................................
.............................
.............................................................................................................................................................................................................................................................................................................
...........
Collecting TN data...
.................................................................................................................................................
Getting MO data from node (58 MOs). Please wait...
0%                                             ~50%                                           ~100%
.................................................................................................................................
Collecting RF data...
....
Collecting Alarms...
.Executing action Log.export()
...
Log=AlarmLog                    actionId=49200
.....
Executing action LogM.exportAvailabilityLog()
..LogM=1,exportAvailabilityLog    actionId=49201
.....Parsing alarmLog....Done.
Parsing availabilityLog.....Done.
....

Total: 5 CPRI links (5 OK, 0 OKW, 0 NOK, 0 NT)
.
+--------+                      +----------------------------+
|        | A        O101     D2 |        Radio-S220-1        |
|        |-----------1----------| RRU247924B824B2024B28BM01* |
|        |         OK-59m       |           BXP_2            |
|        |                      +----------------------------+
|        |                                     |A  |B  |C  |D
|        |                         SE=220* AG=220 GT=SC38D1/0
|        |                GT=SC38D1/1 GT=SC38D1/2 GT=SC38D1/3
|        |                                        GT=SC38D1/8
|        |
|        |                      +----------------------------+
|        | B        O101     D2 |        Radio-S221-1        |
|        |-----------2----------| RRU247924B824B2024B28BM01* |
|        |         OK-60m       |           BXP_3            |
|        |                      +----------------------------+
|        |                                     |A  |B  |C  |D
|        |                         SE=221* AG=221 GT=SC38D2/0
|        |                GT=SC38D2/1 GT=SC38D2/2 GT=SC38D2/3
|        |                                        GT=SC38D2/8
|        |
|        |                      +----------------------------+
|        | C        O101     D2 |        Radio-S222-1        |
|        |-----------3----------| RRU247924B824B2024B28BM01* |
|        |         OK-75m       |           BXP_4            |
|  BB-1  |                      +----------------------------+
| BB6630 |                                     |A  |B  |C  |D
| 000100 |                         SE=222* AG=222 GT=SC38D3/0
|        |                            GT=SC38D3/1 GT=SC38D3/8
|        |
|        |                      +---------------+
|        | D        O101     D1 | Radio-S180-1  |
|        |-----------4----------|   RRU4415B7   |
|        |         OK-53m       |     BXP_5     |
|        |                      +---------------+
|        |                        |A  |B  |C  |D
|        |                 SE=180 AG=180  |   |
|        |                    FDD=SC38L1  |   |
|        |                         SE=181 AG=181
|        |                            FDD=SC38L2
|        |
|        |                      +---------------+
|        | E        O101     D1 | Radio-S182-1  |
|        |-----------5----------|   RRU4415B7   |
|        |         OK-63m       |     BXP_6     |
|        |                      +---------------+
|        |                        |A  |B  |C  |D
|        |                 SE=182 AG=182  |   |
|        |                    FDD=SC38L3  |   |
|        |
+--------+

=====================================================================================================================================
ID RiL    Type Res MO1-MO2                  BOARD1-BOARD2                     AlmIDs Cells (States)                                                          Issue (Failed checks)
=====================================================================================================================================
 1 S220-1 O101 OK  BB-1(A) Radio-S220-1(D2) BB6630 RRU247924B824B2024B28BM01*        GT=SC38D1/0 GT=SC38D1/1 GT=SC38D1/2 GT=SC38D1/3 GT=SC38D1/8 (1,1,1,1,1) Passed
 2 S221-1 O101 OK  BB-1(B) Radio-S221-1(D2) BB6630 RRU247924B824B2024B28BM01*        GT=SC38D2/0 GT=SC38D2/1 GT=SC38D2/2 GT=SC38D2/3 GT=SC38D2/8 (1,1,1,1,1) Passed
 3 S222-1 O101 OK  BB-1(C) Radio-S222-1(D2) BB6630 RRU247924B824B2024B28BM01*        GT=SC38D3/0 GT=SC38D3/1 GT=SC38D3/8 (1,1,1)                             Passed
 4 S180-1 O101 OK  BB-1(D) Radio-S180-1(D1) BB6630 RRU4415B7                         FDD=SC38L1 FDD=SC38L2 (1,1)                                             Passed
 5 S182-1 O101 OK  BB-1(E) Radio-S182-1(D1) BB6630 RRU4415B7                         FDD=SC38L3 (1)                                                          Passed
-------------------------------------------------------------------------------------------------------------------------------------

Node: RadioNode GL   CXP9024418/16_R8D21 (RCG123.3-3)   G2   GSM LTE-FDD 

=====================================================================================================================================
FRU          ;LNH    ;BOARD                      ;ST ;FAULT ;OPER ;MAINT ;STAT ;PRODUCTNUMBER   ;REV     ;SERIAL        ;DATE     ;PMTEMP ; TEMP ; UPT ;VOLT ;SW                   ;
=====================================================================================================================================
BB-1         ;000100 ;BB6630                     ; 1 ;  OFF ;  ON ;  OFF ;  ON ;KDU137848/11    ;R3E     ;E96A00SHA4    ;20220712 ;3 (OK) ;      ;18.6 ;48   ;                     ;
Radio-S180-1 ;BXP_5  ;RRU4415B7                  ; 1 ;  OFF ;  ON ;  OFF ; N/A ;KRC161495/1     ;R5FC    ;E55F268106    ;20220123 ;4 (OK) ; 37.0 ;18.5 ;50.6 ;CXP9013268%15_R101KB ; (Radio4415B7)
Radio-S182-1 ;BXP_6  ;RRU4415B7                  ; 1 ;  OFF ;  ON ;  OFF ; N/A ;KRC161495/1     ;R5FC    ;E55F280734    ;20220124 ;4 (OK) ; 29.1 ;18.5 ;52.3 ;CXP9013268%15_R101KB ; (Radio4415B7)
Radio-S220-1 ;BXP_2  ;RRU247924B824B2024B28BM01* ; 1 ;  OFF ;  ON ;  OFF ; N/A ;KRC161832/1     ;R2J     ;TU8U02SPK2    ;20241025 ;4 (OK) ; 28.0 ;18.5 ;51.7 ;CXP9013268%15_R101KB ; (Radio247924B824B2024B28BM01)
Radio-S221-1 ;BXP_3  ;RRU247924B824B2024B28BM01* ; 1 ;  OFF ;  ON ;  OFF ; N/A ;KRC161832/1     ;R2J     ;TU8U02SNSE    ;20241025 ;4 (OK) ; 29.6 ;18.5 ;52.4 ;CXP9013268%15_R101KB ; (Radio247924B824B2024B28BM01)
Radio-S222-1 ;BXP_4  ;RRU247924B824B2024B28BM01* ; 1 ;  OFF ;  ON ;  OFF ; N/A ;KRC161832/1     ;R2J     ;TU8U02SM45    ;20241024 ;4 (OK) ; 24.8 ;18.5 ;52.1 ;CXP9013268%15_R101KB ; (Radio247924B824B2024B28BM01)
-------------------------------------------------------------------------------------------------------------------------------------

=====================================================================================================================================
XPBOARD  ;ST ;FAULT ;OPER ;PRODUCTNUMBER ;REV ;SERIAL/NAME ;DATE     ; TEMP ;MO
=====================================================================================================================================
FAN      ; 1 ;N/A   ;N/A  ;BKV106217/1   ;N/A ;N/A         ;N/A      ;      ;SupportUnit=1 (FAN  BB-1)
-------------------------------------------------------------------------------------------------------------------------------------

=====================================================================================================================================
ID ;T ;RiL    ;BPBP ;BOARD1                     ;LNH1 ;PORT ;R ;LINK ;RATE  ; BER ;BOARD2                     ;LNH2 ;PORT ;R ;LINK ;RATE  ; BER ;LENGTH ;MO1 - MO2
=====================================================================================================================================
 1 ;O ;S220-1 ;1111 ;BB6630                     ;000100 ; 1 ;M ;Up   ;10.1G ;   0 ;RRU247924B824B2024B28BM01* ;BXP_2  ; 1 ;S ;Up   ;10.1G ;   0 ;   59m ;Fru=BB-1(A) Fru=Radio-S220-1(D2)
 2 ;O ;S221-1 ;1111 ;BB6630                     ;000100 ; 2 ;M ;Up   ;10.1G ;   0 ;RRU247924B824B2024B28BM01* ;BXP_3  ; 1 ;S ;Up   ;10.1G ;   0 ;   60m ;Fru=BB-1(B) Fru=Radio-S221-1(D2)
 3 ;O ;S222-1 ;1111 ;BB6630                     ;000100 ; 3 ;M ;Up   ;10.1G ;   0 ;RRU247924B824B2024B28BM01* ;BXP_4  ; 1 ;S ;Up   ;10.1G ;   0 ;   75m ;Fru=BB-1(C) Fru=Radio-S222-1(D2)
 4 ;O ;S180-1 ;1111 ;BB6630                     ;000100 ; 4 ;M ;Up   ;10.1G ;   0 ;RRU4415B7                  ;BXP_5  ; 0 ;S ;Up   ;10.1G ;   0 ;   53m ;Fru=BB-1(D) Fru=Radio-S180-1(D1)
 5 ;O ;S182-1 ;1111 ;BB6630                     ;000100 ; 5 ;M ;Up   ;10.1G ;   0 ;RRU4415B7                  ;BXP_6  ; 0 ;S ;Up   ;10.1G ;   0 ;   63m ;Fru=BB-1(E) Fru=Radio-S182-1(D1)
-------------------------------------------------------------------------------------------------------------------------------------

=====================================================================================================================================
ID ;LINK ;RiL    ;VENDOR1  ;VENDORPROD1      ;REV1 ;SERIAL1    ;DATE1    ;ERICSSONPROD1  ;VENDOR2  ;VENDORPROD2      ;REV2 ;SERIAL2    ;DATE2    ;ERICSSONPROD2  ;TT ;WL1     ;WL2    
=====================================================================================================================================
 1 ;Up   ;S220-1 ;ERICSSON ;SPP10ELRIDFSEN   ;10   ;CT72849368 ;20220725 ;RDH10265/2 R1A ;ERICSSON ;RTXM228-702-C22  ;1.0  ;CU823J2DKA ;20231008 ;RDH10265/2 R1A ;0  ;1310.00 ;1310.00
 2 ;Up   ;S221-1 ;ERICSSON ;SPP10ELRIDFSEN   ;10   ;CT72854874 ;20220726 ;RDH10265/2 R1A ;ERICSSON ;RTXM228-702-C22  ;1.0  ;CU823J2DKF ;20231008 ;RDH10265/2 R1A ;0  ;1310.00 ;1310.00
 3 ;Up   ;S222-1 ;ERICSSON ;SPP10ELRIDFREN   ;10   ;M5G2014276 ;20220415 ;RDH10265/2 R1A ;ERICSSON ;EOLP-1396-02-IY  ;1.0  ;PMCG082236 ;20220310 ;RDH10265/2 R1A ;0  ;1310.00 ;1310.00
 4 ;Up   ;S180-1 ;ERICSSON ;FTLX8574D3BTL-E8 ;A    ;N6GEJ3E    ;20211030 ;RDH10265/1 R1A ;ERICSSON ;FTLX8574D3BTL-E8 ;A    ;N6JAHLC    ;20211031 ;RDH10265/1 R1A ;0  ;850.00  ;850.00 
 5 ;Up   ;S182-1 ;ERICSSON ;SPP10ELRIDFREN   ;10   ;M5G2024704 ;20220415 ;RDH10265/2 R1A ;ERICSSON ;SPP10ELRIDFSEN   ;10   ;CT72853746 ;20220726 ;RDH10265/2 R1A ;0  ;1310.00 ;1310.00
-------------------------------------------------------------------------------------------------------------------------------------

=====================================================================================================================================
ID ;LINK ;RiL    ;WL1     ;TEMP1 ;TXbs1 ;TXdBm1 ;RXdBm1 ;BER1   ;WL2     ;TEMP2 ;TXbs2 ;TXdBm2 ;RXdBm2 ;BER2   ;DlLoss ;UlLoss ;LENGTH ;TT
=====================================================================================================================================
 1 ;Up   ;S220-1 ;1310.00 ;48C   ;46%   ;-2.70  ;-2.34  ;   0   ;1310.00 ;27C   ;52%   ;-2.33  ;-0.30  ;   0   ;  -2.4 ;  0.01 ;   59m ; 0
 2 ;Up   ;S221-1 ;1310.00 ;41C   ;34%   ;-2.10  ;-1.48  ;   0   ;1310.00 ;28C   ;52%   ;-2.14  ;-2.10  ;   0   ;     0 ; -0.66 ;   60m ; 0
 3 ;Up   ;S222-1 ;1310.00 ;37C   ;34%   ;-1.24  ;-2.98  ;   0   ;1310.00 ;22C   ;37%   ;-2.57  ;-2.94  ;   0   ;   1.7 ;  0.41 ;   75m ; 0
 4 ;Up   ;S180-1 ;850.00  ;40C   ;49%   ;-2.60  ;-2.75  ;   0   ;850.00  ;34C   ;44%   ;-2.43  ;-2.50  ;   0   ;  -0.1 ;  0.32 ;   53m ; 0
 5 ;Up   ;S182-1 ;1310.00 ;36C   ;42%   ;-1.28  ;-3.03  ;   0   ;1310.00 ;34C   ;41%   ;-2.09  ;-2.13  ;   0   ;  0.85 ;  0.94 ;   63m ; 0
-------------------------------------------------------------------------------------------------------------------------------------

=====================================================================================================================================
ID ;RiL    ;BOARD                      ;SFPLNH  ;PORT ;VENDOR   ;VENDORPROD       ;REV  ;SERIAL     ;DATE     ;ERICSSONPROD   ;WL      ;TEMP  ;TXbs  ;TXdBm  ;RXdBm  ; BER
=====================================================================================================================================
 1 ;S220-1 ;BB6630                     ;000100   ;  1 ;ERICSSON ;SPP10ELRIDFSEN   ;10   ;CT72849368 ;20220725 ;RDH10265/2 R1A ;1310.00 ;48C   ;46%   ;-2.70  ;-2.34  ;   0
 2 ;S221-1 ;BB6630                     ;000100   ;  2 ;ERICSSON ;SPP10ELRIDFSEN   ;10   ;CT72854874 ;20220726 ;RDH10265/2 R1A ;1310.00 ;41C   ;34%   ;-2.10  ;-1.48  ;   0
 3 ;S222-1 ;BB6630                     ;000100   ;  3 ;ERICSSON ;SPP10ELRIDFREN   ;10   ;M5G2014276 ;20220415 ;RDH10265/2 R1A ;1310.00 ;37C   ;34%   ;-1.24  ;-2.98  ;   0
 4 ;S180-1 ;BB6630                     ;000100   ;  4 ;ERICSSON ;FTLX8574D3BTL-E8 ;A    ;N6GEJ3E    ;20211030 ;RDH10265/1 R1A ;850.00  ;40C   ;49%   ;-2.60  ;-2.75  ;   0
 5 ;S182-1 ;BB6630                     ;000100   ;  5 ;ERICSSON ;SPP10ELRIDFREN   ;10   ;M5G2024704 ;20220415 ;RDH10265/2 R1A ;1310.00 ;36C   ;42%   ;-1.28  ;-3.03  ;   0
 1 ;S220-1 ;RRU247924B824B2024B28BM01* ;BXP_2    ;  1 ;ERICSSON ;RTXM228-702-C22  ;1.0  ;CU823J2DKA ;20231008 ;RDH10265/2 R1A ;1310.00 ;27C   ;52%   ;-2.33  ;-0.30  ;   0
 2 ;S221-1 ;RRU247924B824B2024B28BM01* ;BXP_3    ;  1 ;ERICSSON ;RTXM228-702-C22  ;1.0  ;CU823J2DKF ;20231008 ;RDH10265/2 R1A ;1310.00 ;28C   ;52%   ;-2.14  ;-2.10  ;   0
 3 ;S222-1 ;RRU247924B824B2024B28BM01* ;BXP_4    ;  1 ;ERICSSON ;EOLP-1396-02-IY  ;1.0  ;PMCG082236 ;20220310 ;RDH10265/2 R1A ;1310.00 ;22C   ;37%   ;-2.57  ;-2.94  ;   0
 4 ;S180-1 ;RRU4415B7                  ;BXP_5    ;  0 ;ERICSSON ;FTLX8574D3BTL-E8 ;A    ;N6JAHLC    ;20211031 ;RDH10265/1 R1A ;850.00  ;34C   ;44%   ;-2.43  ;-2.50  ;   0
 5 ;S182-1 ;RRU4415B7                  ;BXP_6    ;  0 ;ERICSSON ;SPP10ELRIDFSEN   ;10   ;CT72853746 ;20220726 ;RDH10265/2 R1A ;1310.00 ;34C   ;41%   ;-2.09  ;-2.13  ;   0
-------------------------------------------------------------------------------------------------------------------------------------
TN ;       ;BB6630                     ;000100   ;  A ;ERICSSON ;SPP10ELRIDFSEN   ;10   ;CT72853722 ;20220726 ;RDH10265/2 R1A ;0       ;39C   ;33%   ;-2.09  ;-2.30  ;NZ/0
-------------------------------------------------------------------------------------------------------------------------------------

=====================================================================================================================================
BOARD  ;LNH    ;PORT   ;T ;S ;OpMode   ;AutoNeg ;MacAddress        ;VlanIds        ;LOS ;BER
=====================================================================================================================================
BB6630 ;000100 ;IDL_A1 ;E ;1 ;10G_FULL ;false   ;F8:97:A9:0F:33:65 ;3908           ;0   ;0/0
BB6630 ;000100 ;TN_A   ;O ;1 ;10G_FULL ;false   ;F8:97:A9:0F:33:61 ;3901,3908,3910 ;0   ;NZ/0
-------------------------------------------------------------------------------------------------------------------------------------

radioClockState : RNT_TIME_LOCKED
-------------------------------------------------------------------------------------
Prio  ;ST  ;syncRefType    ;refStatus  ;opQualLevel  ;SyncReference
-------------------------------------------------------------------------------------
   1  ; 1  ;PTP_TIME       ;NO_FAULT   ;PRTC         ;Ptp=1,BoundaryOrdinaryClock=PTP (G_8275_1 EthernetPort=TN_A:SLAVE)
   2  ; 1  ;NTP_FREQUENCY  ;NO_FAULT   ;PRC          ;Ntp=1,NtpFrequencySync=NTP1 (10.31.0.54:32751 Router=45G_Traffic,InterfaceIPv4=LTE,AddressIPv4=LTE)
-------------------------------------------------------------------------------------
-------------------------------------------------------------------------------------
Prio  ;ST  ;assistRefStatus  ;recQualLevel  ;AssistingReference
-------------------------------------------------------------------------------------
   1  ; 0  ;UNKNOWN          ;PRTC          ;Synchronization=1,SyncEthInput=SyncE (SFP_OPTICAL EthernetPort=TN_A)
-------------------------------------------------------------------------------------
nodeGroupRole   : SYNC_RECEIVER (syncNodePriority=3, selectionMode=NODE_PRIORITY)
-------------------------------------------------------------------------------------
DU  ;Port  ;sharedUnitRef (RiPortA - RiPortB)  ;remoteNodePriority  ;CandidateStatus
-------------------------------------------------------------------------------------
1   ;C     ;Fru=Radio-S222-1 (2 - 1)           ;1                   ;OK_NOT_ACTIVE
1   ;A     ;Fru=Radio-S220-1 (2 - 1)           ;1                   ;OK_NOT_ACTIVE
1   ;B     ;Fru=Radio-S221-1 (2 - 1)           ;1                   ;OK_ACTIVE
-------------------------------------------------------------------------------------

=====================================================================================================================================
FRU          ;LNH    ;BOARD                      ;RF  ;BP  ;TX (W/dBm)  ;VSWR (RL)   ;RX (dBm) ;UEs/gUEs  ;Sector/AntennaGroup/Cells (State:CellIds:PCIs)
=====================================================================================================================================
Radio-S180-1 ;BXP_5  ;RRU4415B7                  ; A  ;11  ;13.8 (41.4) ;1.25 (19.2) ;-97.8    ;44/-      ;SE=180 AG=180 FDD=SC38L1 (1:21:15)
Radio-S180-1 ;BXP_5  ;RRU4415B7                  ; B  ;11  ;13.2 (41.2) ;1.17 (22.0) ;-97.8    ;44/-      ;SE=180 AG=180 FDD=SC38L1 (1:21:15)
Radio-S180-1 ;BXP_5  ;RRU4415B7                  ; C  ;11  ;13.5 (41.3) ;1.22 (20.2) ;-95.3    ;35/-      ;SE=181 AG=181 FDD=SC38L2 (1:22:440)
Radio-S180-1 ;BXP_5  ;RRU4415B7                  ; D  ;11  ;13.2 (41.2) ;1.19 (21.1) ;-96.3    ;35/-      ;SE=181 AG=181 FDD=SC38L2 (1:22:440)
Radio-S182-1 ;BXP_6  ;RRU4415B7                  ; A  ;11  ;20.0 (43.0) ;1.08 (28.4) ;-98.0    ;5/-       ;SE=182 AG=182 FDD=SC38L3 (1:23:323)
Radio-S182-1 ;BXP_6  ;RRU4415B7                  ; B  ;11  ;-           ;1.08 (27.9) ;-98.3    ;5/-       ;SE=182 AG=182 FDD=SC38L3 (1:23:323)
Radio-S182-1 ;BXP_6  ;RRU4415B7                  ; C  ;11  ;-           ;-           ;         ;          ;
Radio-S182-1 ;BXP_6  ;RRU4415B7                  ; D  ;11  ;-           ;-           ;         ;          ;
Radio-S220-1 ;BXP_2  ;RRU247924B824B2024B28BM01* ; A  ;11  ;41.8 (46.2) ;1.30 (17.8) ;-87.3    ;-/-       ;SE=220* AG=220 GT=SC38D1/0 GT=SC38D1/1 GT=SC38D1/2 GT=SC38D1/3 GT=SC38D1/8 (1, 1, 1, 1, 1)
Radio-S220-1 ;BXP_2  ;RRU247924B824B2024B28BM01* ; B  ;11  ;35.9 (45.5) ;1.31 (17.4) ;-88.0    ;-/-       ;SE=220* AG=220 GT=SC38D1/0 GT=SC38D1/1 GT=SC38D1/2 GT=SC38D1/3 GT=SC38D1/8 (1, 1, 1, 1, 1)
Radio-S220-1 ;BXP_2  ;RRU247924B824B2024B28BM01* ; C  ;11  ;17.8 (42.5) ;1.20 (21.0) ;-88.5    ;-/-       ;SE=220* AG=220 GT=SC38D1/0 GT=SC38D1/1 GT=SC38D1/2 GT=SC38D1/3 GT=SC38D1/8 (1, 1, 1, 1, 1)
Radio-S220-1 ;BXP_2  ;RRU247924B824B2024B28BM01* ; D  ;11  ;18.6 (42.7) ;1.20 (20.9) ;-90.3    ;-/-       ;SE=220* AG=220 GT=SC38D1/0 GT=SC38D1/1 GT=SC38D1/2 GT=SC38D1/3 GT=SC38D1/8 (1, 1, 1, 1, 1)
Radio-S221-1 ;BXP_3  ;RRU247924B824B2024B28BM01* ; A  ;11  ;27.8 (44.4) ;1.44 (14.9) ;-87.4    ;-/-       ;SE=221* AG=221 GT=SC38D2/0 GT=SC38D2/1 GT=SC38D2/2 GT=SC38D2/3 GT=SC38D2/8 (1, 1, 1, 1, 1)
Radio-S221-1 ;BXP_3  ;RRU247924B824B2024B28BM01* ; B  ;11  ;19.3 (42.9) ;1.38 (15.9) ;-88.3    ;-/-       ;SE=221* AG=221 GT=SC38D2/0 GT=SC38D2/1 GT=SC38D2/2 GT=SC38D2/3 GT=SC38D2/8 (1, 1, 1, 1, 1)
Radio-S221-1 ;BXP_3  ;RRU247924B824B2024B28BM01* ; C  ;11  ;17.8 (42.5) ;1.33 (16.9) ;-87.8    ;-/-       ;SE=221* AG=221 GT=SC38D2/0 GT=SC38D2/1 GT=SC38D2/2 GT=SC38D2/3 GT=SC38D2/8 (1, 1, 1, 1, 1)
Radio-S221-1 ;BXP_3  ;RRU247924B824B2024B28BM01* ; D  ;11  ;22.9 (43.6) ;1.27 (18.4) ;-89.0    ;-/-       ;SE=221* AG=221 GT=SC38D2/0 GT=SC38D2/1 GT=SC38D2/2 GT=SC38D2/3 GT=SC38D2/8 (1, 1, 1, 1, 1)
Radio-S222-1 ;BXP_4  ;RRU247924B824B2024B28BM01* ; A  ;11  ;21.0 (43.2) ;1.42 (15.2) ;-94.4    ;-/-       ;SE=222* AG=222 GT=SC38D3/0 GT=SC38D3/1 GT=SC38D3/8 (1, 1, 1)
Radio-S222-1 ;BXP_4  ;RRU247924B824B2024B28BM01* ; B  ;11  ;15.5 (41.9) ;1.27 (18.6) ;-95.7    ;-/-       ;SE=222* AG=222 GT=SC38D3/0 GT=SC38D3/1 GT=SC38D3/8 (1, 1, 1)
Radio-S222-1 ;BXP_4  ;RRU247924B824B2024B28BM01* ; C  ;11  ;13.5 (41.3) ;1.31 (17.5) ;-94.5    ;-/-       ;SE=222* AG=222 GT=SC38D3/0 GT=SC38D3/1 GT=SC38D3/8 (1, 1, 1)
Radio-S222-1 ;BXP_4  ;RRU247924B824B2024B28BM01* ; D  ;11  ;13.5 (41.3) ;1.30 (17.8) ;-95.2    ;-/-       ;SE=222* AG=222 GT=SC38D3/0 GT=SC38D3/1 GT=SC38D3/8 (1, 1, 1)
-------------------------------------------------------------------------------------------------------------------------------------

SC38L> mfar

251125-07:45:46+0100 19.31.4.203 25.0h MSRBS_NODE_MODEL_25.Q1_198665.224.73_bf81 stopfile=/tmp/4182541
......
Last MO: 17217. Loaded 17217 MOs. Total: 17218 MOs.
...........................................
get /rop/A20251125.0515-0530_SC38L.xml.gz /ericsson/log/amos/moshell_logfiles/t20251125_37258710_65084/logs_moshell/pmfiles/19.31.4.203/rop/A20251125.0515-0530_SC38L.xml.gz ... OK
get /rop/A20251125.0530-0545_SC38L.xml.gz /ericsson/log/amos/moshell_logfiles/t20251125_37258710_65084/logs_moshell/pmfiles/19.31.4.203/rop/A20251125.0530-0545_SC38L.xml.gz ... OK
get /rop/A20251125.0630-0645_SC38L.xml.gz /ericsson/log/amos/moshell_logfiles/t20251125_37258710_65084/logs_moshell/pmfiles/19.31.4.203/rop/A20251125.0630-0645_SC38L.xml.gz ... OK

Using hardcoded thresholds: 3, 4.5, and 16.5
================================================================================================================================
SC     SE  Tx/Rx BrPair  RfPort1 - RfPort2               HW       Serial      Cell (State)   Samples   Med  Mean  SDev Pol Res Issue
================================================================================================================================
SC38L1 180   2/2 0 (1,2) Radio-S180-1(A) Radio-S180-1(B) RRU4415  E55F268106  FDD=SC38L1 (1)  619053   0.5   0.5   6.8  NA  OK Passed
SC38L2 181   2/2 0 (1,2) Radio-S180-1(C) Radio-S180-1(D) RRU4415  E55F268106  FDD=SC38L2 (1)  529282   0.5   0.4   6.5  NA  OK Passed
SC38L3 182   2/2 0 (1,2) Radio-S182-1(A) Radio-S182-1(B) RRU4415  E55F280734  FDD=SC38L3 (1)   69500   1.5   0.6   5.8  NA  OK Passed
================================================================================================================================
Total: 3 SectorCarriers, 3 RfBranch Pairs (3 OK, 0 OKW, 0 NOK, 0 NT)
......
Last MO: 17217. Loaded 17217 MOs. Total: 17218 MOs.

No NRSectorCarrier MOs are defined on the node.

SC38L> mfitr

251125-07:46:05+0100 19.31.4.203 25.0h MSRBS_NODE_MODEL_25.Q1_198665.224.73_bf81 stopfile=/tmp/4182541
..........
Last MO: 17217. Loaded 17217 MOs. Total: 17218 MOs.
........
2025-11-25 07:46
================================================================================================================================
CELL       SC     FRU          BOARD     PUSCH  PUCCH       A      B      C      D  DELTA
================================================================================================================================
FDD=SC38L1 SC38L1 Radio-S180-1 RRU4415B7 -118.0 -118.2 -118.2 -117.7                  0.5
FDD=SC38L2 SC38L2 Radio-S180-1 RRU4415B7 -117.9 -118.3               -117.7 -117.8    0.1
FDD=SC38L3 SC38L3 Radio-S182-1 RRU4415B7 -117.2 -118.0 -116.1 -116.5                  0.4
================================================================================================================================
Bye...
Output has been logged to file /mta_fs/UserFiles/37258710/amosbatch/SDIR/SC38L.log
