Logging to file /mta_fs/UserFiles/37258710/amosbatch/SDIR/SC78E.log
                        __  __  ____   _____
                  /\   |  \/  |/ __ \ / ____|
                 /  \  | \  / | |  | | (___  
                / /\ \ | |\/| | |  | |\___ \ 
               / ____ \| |  | | |__| |____) |
              /_/    \_\_|  |_|\____/|_____/
              OSS Framework for MoShell-25.0h 
  Copyright (c) Ericsson AB 2001-2025 - All Rights Reserved
              
           
[1;31mWARNING: [0mthe AMOS version currently running is more than 29 weeks old and is unsupported.
Please upgrade as soon as possible to the latest released version, available from your local Ericsson support.

$amosrb_pid = 1687440

Checking ip contact...OK

HELP MENU            : h
BASIC MO COMMANDS    : m
OTHER MO COMMANDS    : n
OTHER COMMANDS       : o
PM COMMANDS          : p
QUIT                 : q

SC78E> lt all

251125-09:19:45+0100 19.31.4.131 25.0h  stopfile=/tmp/1687237
Looking up temporary_amos account... OK.
Trying temporary_amos_t20251125_37258710_65084_131's password from amos lookupAccount ... OK

$ssh_pid = 1688037

Connected to 19.31.4.131 (SubNetwork=BBMM_rckomc_R,MeContext=SC78E,ManagedElement=SC78E)

Checking MOM version...MSRBS_NODE_MODEL_25.Q1_693.28324.131_62ac
Parsing MOM (cached): /ericsson/log/amos/moshell_logfiles/t20251125_37258710_65084/logs_moshell/tempfiles/scp-4-amos_20251125-091938_1687178/MSRBS_NODE_MODEL_25.Q1_693.28324.131_62ac.xml.cache.gz ..................................................................................................................................................................................................................................Done.
Using paramfile /opt/ericsson/amos/moshell/commonjars/pm/PARAM_MSRBS_25.Q1.txt
Parsing file /opt/ericsson/amos/moshell/commonjars/pm/PARAM_MSRBS_25.Q1.txt .......................................................................................Done.
Using imomdfile /opt/ericsson/amos/moshell/commonjars/pm/IMOMD_MSRBS_22.Q4.txt
Using imomfile /opt/ericsson/amos/moshell/commonjars/pm/IMOM_MSRBS_25.Q1.txt
Connected to 19.31.4.131 (SubNetwork=BBMM_rckomc_R,MeContext=SC78E,ManagedElement=SC78E)

Last MO: 19742. Loaded 19742 MOs. Total: 19743 MOs.

SC78E> st cell

251125-09:19:59+0100 19.31.4.131 25.0h MSRBS_NODE_MODEL_25.Q1_693.28324.131_62ac stopfile=/tmp/1687237
===================================================================================
Proxy  Adm State     Op. State     MO
===================================================================================
   43  1 (UNLOCKED)  1 (ENABLED)   ENodeBFunction=1,EUtranCellFDD=SC78E1
  244  1 (UNLOCKED)  1 (ENABLED)   ENodeBFunction=1,EUtranCellFDD=SC78E2
  369  1 (UNLOCKED)  1 (ENABLED)   ENodeBFunction=1,EUtranCellFDD=SC78E3
  597  1 (UNLOCKED)  1 (ENABLED)   ENodeBFunction=1,EUtranCellFDD=SC78M1
  790  1 (UNLOCKED)  1 (ENABLED)   ENodeBFunction=1,EUtranCellFDD=SC78M2
  888  1 (UNLOCKED)  1 (ENABLED)   ENodeBFunction=1,EUtranCellFDD=SC78M3
 1056  1 (UNLOCKED)  1 (ENABLED)   ENodeBFunction=1,EUtranCellFDD=SC78T1
 1248  1 (UNLOCKED)  1 (ENABLED)   ENodeBFunction=1,EUtranCellFDD=SC78T2
 1351  1 (UNLOCKED)  1 (ENABLED)   ENodeBFunction=1,EUtranCellFDD=SC78T3
 2610  1 (UNLOCKED)  1 (ENABLED)   ENodeBFunction=1,NbIotCell=SC78N1
 2611  1 (UNLOCKED)  1 (ENABLED)   ENodeBFunction=1,NbIotCell=SC78N2
 2612  1 (UNLOCKED)  1 (ENABLED)   ENodeBFunction=1,NbIotCell=SC78N3
===================================================================================
Total: 12 MOs

SC78E> st radio

251125-09:19:59+0100 19.31.4.131 25.0h MSRBS_NODE_MODEL_25.Q1_693.28324.131_62ac stopfile=/tmp/1687237
===================================================================================
Proxy  Adm State     Op. State     MO
===================================================================================
 3668  1 (UNLOCKED)  1 (ENABLED)   Equipment=1,FieldReplaceableUnit=Radio-S100-1
 3691  1 (UNLOCKED)  1 (ENABLED)   Equipment=1,FieldReplaceableUnit=Radio-S102-1
 3714  1 (UNLOCKED)  1 (ENABLED)   Equipment=1,FieldReplaceableUnit=Radio-S210-1
 3731  1 (UNLOCKED)  1 (ENABLED)   Equipment=1,FieldReplaceableUnit=Radio-S211-1
 3748  1 (UNLOCKED)  1 (ENABLED)   Equipment=1,FieldReplaceableUnit=Radio-S212-1
19734  1 (UNLOCKED)  1 (ENABLED)   Transport=1,Synchronization=1,RadioEquipmentClock=1,RadioEquipmentClockReference=NTP1
19735  1 (UNLOCKED)  1 (ENABLED)   Transport=1,Synchronization=1,RadioEquipmentClock=1,RadioEquipmentClockReference=PTP8275_2
===================================================================================
Total: 7 MOs

SC78E> sdir

251125-09:20:00+0100 19.31.4.131 25.0h MSRBS_NODE_MODEL_25.Q1_693.28324.131_62ac stopfile=/tmp/1687237
INFO: Using amos lookupAccount credentials for the export login
......................
get /rop/A20251125.0730-0745_SC78E.xml.gz /ericsson/log/amos/moshell_logfiles/t20251125_37258710_65084/logs_moshell/pmfiles/19.31.4.131/rop/A20251125.0730-0745_SC78E.xml.gz ... OK
get /rop/A20251125.0745-0800_SC78E.xml.gz /ericsson/log/amos/moshell_logfiles/t20251125_37258710_65084/logs_moshell/pmfiles/19.31.4.131/rop/A20251125.0745-0800_SC78E.xml.gz ... OK
get /rop/A20251125.0800-0815_SC78E.xml.gz /ericsson/log/amos/moshell_logfiles/t20251125_37258710_65084/logs_moshell/pmfiles/19.31.4.131/rop/A20251125.0800-0815_SC78E.xml.gz ... OK
....Checking available boards on node...

Collecting RCS board data ...
.........................................................................................................................
..........................
..........................................................................................................................................................................................................................................................................................................
.....
Collecting TN data...
........................................................................................................................
Getting MO data from node (75 MOs). Please wait...
0%                                             ~50%                                           ~100%
....................................................................................................................................
Collecting RF data...
....
Collecting Alarms...
.Executing action Log.export()
...
Log=AlarmLog                    actionId=9079
...................
Executing action LogM.exportAvailabilityLog()
..LogM=1,exportAvailabilityLog    actionId=9080
.....Parsing alarmLog.........Done.
Parsing availabilityLog.....Done.
.........

Total: 5 CPRI links (5 OK, 0 OKW, 0 NOK, 0 NT)
.
+--------+                      +--------------------+
|        | A        O101     D1 |    Radio-S210-1    |
|        |-----------1----------| RRU227922B822B20C* |
|        |         OK-56m       |       BXP_6        |
|        |                      +--------------------+
|        |                                     |A  |B
|        |                  SE=210* AG=210 FDD=SC78E1
|        |                                NIOT=SC78N1
|        |
|        |                      +--------------------+
|        | B        O101     D1 |    Radio-S211-1    |
|        |-----------2----------| RRU227922B822B20C* |
|        |         OK-61m       |       BXP_5        |
|        |                      +--------------------+
|        |                                     |A  |B
|        |                  SE=211* AG=211 FDD=SC78E2
|        |                                NIOT=SC78N2
|        |
|        |                      +--------------------+
|        | C        O101     D1 |    Radio-S212-1    |
|        |-----------3----------| RRU227922B822B20C* |
|        |         OK-61m       |       BXP_3        |
|        |                      +--------------------+
|        |                                     |A  |B
|  BB-1  |                  SE=212* AG=212 FDD=SC78E3
| BB6631 |                                NIOT=SC78N3
| 000100 |
|        |                      +------------------+
|        | D        O101     D2 |   Radio-S100-1   |
|        |-----------4----------| RRU449944B144B3C |
|        |         OK-61m       |      BXP_4       |
|        |                      +------------------+
|        |                           |A  |B  |C  |D
|        |                    SE=100 AG=100  |   |
|        |            FDD=SC78M1 FDD=SC78T1  |   |
|        |                            SE=101 AG=101
|        |                    FDD=SC78M2 FDD=SC78T2
|        |
|        |                      +------------------+
|        | E        O101     D2 |   Radio-S102-1   |
|        |-----------5----------| RRU449944B144B3C |
|        |         OK-61m       |      BXP_2       |
|        |                      +------------------+
|        |                           |A  |B  |C  |D
|        |                    SE=102 AG=102  |   |
|        |            FDD=SC78M3 FDD=SC78T3  |   |
|        |
+--------+

=====================================================================================================================================
ID RiL    Type Res MO1-MO2                  BOARD1-BOARD2             AlmIDs Cells (States)                                        Issue (Failed checks)
=====================================================================================================================================
 1 S210-1 O101 OK  BB-1(A) Radio-S210-1(D1) BB6631 RRU227922B822B20C*        FDD=SC78E1 NIOT=SC78N1 (1,1)                          Passed
 2 S211-1 O101 OK  BB-1(B) Radio-S211-1(D1) BB6631 RRU227922B822B20C*        FDD=SC78E2 NIOT=SC78N2 (1,1)                          Passed
 3 S212-1 O101 OK  BB-1(C) Radio-S212-1(D1) BB6631 RRU227922B822B20C*        FDD=SC78E3 NIOT=SC78N3 (1,1)                          Passed
 4 S100-1 O101 OK  BB-1(D) Radio-S100-1(D2) BB6631 RRU449944B144B3C          FDD=SC78M1 FDD=SC78M2 FDD=SC78T1 FDD=SC78T2 (1,1,1,1) Passed
 5 S102-1 O101 OK  BB-1(E) Radio-S102-1(D2) BB6631 RRU449944B144B3C          FDD=SC78M3 FDD=SC78T3 (1,1)                           Passed
-------------------------------------------------------------------------------------------------------------------------------------

Node: RadioNode L   CXP2010174/2_R27J08 (25.Q1)   G3.1   LTE-FDD,LTE-IoT 

=====================================================================================================================================
FRU          ;LNH    ;BOARD              ;ST ;FAULT ;OPER ;MAINT ;STAT ;PRODUCTNUMBER   ;REV     ;SERIAL        ;DATE     ;PMTEMP ; TEMP ; UPT ;VOLT ;SW                   ;
=====================================================================================================================================
BB-1         ;000100 ;BB6631             ; 1 ;  OFF ;  ON ;  OFF ;  ON ;KDU1370071/11   ;R3H     ;E96A018U3X    ;20240913 ;3 (OK) ;      ;15.3 ;52   ;                     ;
Radio-S100-1 ;BXP_4  ;RRU449944B144B3C   ; 1 ;  OFF ;  ON ;  OFF ; N/A ;KRC161787/1     ;R3C     ;TU8U02RNN6    ;20241002 ;4 (OK) ; 33.4 ;15.4 ;50.2 ;CXP9013268%15_R101LX ; (Radio449944B144B3C)
Radio-S102-1 ;BXP_2  ;RRU449944B144B3C   ; 1 ;  OFF ;  ON ;  OFF ; N/A ;KRC161787/1     ;R3C     ;TU8U02RNNR    ;20241002 ;4 (OK) ; 27.0 ;15.4 ;51.3 ;CXP9013268%15_R101LX ; (Radio449944B144B3C)
Radio-S210-1 ;BXP_6  ;RRU227922B822B20C* ; 1 ;  OFF ;  ON ;  OFF ; N/A ;KRC161864/1     ;R1F     ;TU8U02M39Z    ;20240702 ;4 (OK) ; 41.5 ;15.4 ;52.0 ;CXP9013268%15_R101LX ; (Radio227922B822B20C)
Radio-S211-1 ;BXP_5  ;RRU227922B822B20C* ; 1 ;  OFF ;  ON ;  OFF ; N/A ;KRC161864/1     ;R1F     ;TU8U02M3A2    ;20240702 ;4 (OK) ; 33.5 ;15.4 ;52.4 ;CXP9013268%15_R101LX ; (Radio227922B822B20C)
Radio-S212-1 ;BXP_3  ;RRU227922B822B20C* ; 1 ;  OFF ;  ON ;  OFF ; N/A ;KRC161864/1     ;R1F     ;TU8U02M39Y    ;20240702 ;4 (OK) ; 35.0 ;15.4 ;51.2 ;CXP9013268%15_R101LX ; (Radio227922B822B20C)
-------------------------------------------------------------------------------------------------------------------------------------

=====================================================================================================================================
AntennaNearUnit                                     ;ST  ;TYPE   ;PRODUCTNR  ;REV       ;UNIQUEID         ;RfPort
=====================================================================================================================================
AntennaUnitGroup=210,AntennaNearUnit=RET_1800-2100  ; 1  ;S-RET  ;86010165   ;HW_V_R1D  ;KAD243617479-Y2  ;FieldReplaceableUnit=Radio-S210-1,RfPort=R
AntennaUnitGroup=210,AntennaNearUnit=RET_2600       ; 1  ;S-RET  ;86010165   ;HW_V_R1D  ;KAD243617479-Y3  ;FieldReplaceableUnit=Radio-S210-1,RfPort=R
AntennaUnitGroup=210,AntennaNearUnit=RET_800-900    ; 1  ;S-RET  ;86010165   ;HW_V_R1D  ;KAD243617479-R1  ;FieldReplaceableUnit=Radio-S210-1,RfPort=R
AntennaUnitGroup=211,AntennaNearUnit=RET_1800-2100  ; 1  ;S-RET  ;86010165   ;HW_V_R1D  ;KAD243617526-Y2  ;FieldReplaceableUnit=Radio-S211-1,RfPort=R
AntennaUnitGroup=211,AntennaNearUnit=RET_2600       ; 1  ;S-RET  ;86010165   ;HW_V_R1D  ;KAD243617526-Y3  ;FieldReplaceableUnit=Radio-S211-1,RfPort=R
AntennaUnitGroup=211,AntennaNearUnit=RET_800-900    ; 1  ;S-RET  ;86010165   ;HW_V_R1D  ;KAD243617526-R1  ;FieldReplaceableUnit=Radio-S211-1,RfPort=R
AntennaUnitGroup=212,AntennaNearUnit=RET_1800-2100  ; 1  ;S-RET  ;86010165   ;HW_V_R1D  ;KAD243617536-Y2  ;FieldReplaceableUnit=Radio-S212-1,RfPort=R
AntennaUnitGroup=212,AntennaNearUnit=RET_2600       ; 1  ;S-RET  ;86010165   ;HW_V_R1D  ;KAD243617536-Y3  ;FieldReplaceableUnit=Radio-S212-1,RfPort=R
AntennaUnitGroup=212,AntennaNearUnit=RET_800-900    ; 1  ;S-RET  ;86010165   ;HW_V_R1D  ;KAD243617536-R1  ;FieldReplaceableUnit=Radio-S212-1,RfPort=R
-------------------------------------------------------------------------------------------------------------------------------------

=====================================================================================================================================
XPBOARD  ;ST ;FAULT ;OPER ;PRODUCTNUMBER ;REV ;SERIAL/NAME ;DATE     ; TEMP ;MO
=====================================================================================================================================
FAN08    ; 1 ;N/A   ;N/A  ;BKV106236/1   ;R2F ;DD139F8602  ;20240728 ; 44.0 ;SupportUnit=1 (FAN  BB-1)
-------------------------------------------------------------------------------------------------------------------------------------

=====================================================================================================================================
ID ;T ;RiL    ;BPBP ;BOARD1             ;LNH1 ;PORT ;R ;LINK ;RATE  ; BER ;BOARD2             ;LNH2 ;PORT ;R ;LINK ;RATE  ; BER ;LENGTH ;MO1 - MO2
=====================================================================================================================================
 1 ;O ;S210-1 ;1111 ;BB6631             ;000100 ; 1 ;M ;Up   ;10.1G ;   0 ;RRU227922B822B20C* ;BXP_6  ; 0 ;S ;Up   ;10.1G ;   0 ;   56m ;Fru=BB-1(A) Fru=Radio-S210-1(D1)
 2 ;O ;S211-1 ;1111 ;BB6631             ;000100 ; 2 ;M ;Up   ;10.1G ;   0 ;RRU227922B822B20C* ;BXP_5  ; 0 ;S ;Up   ;10.1G ;   0 ;   61m ;Fru=BB-1(B) Fru=Radio-S211-1(D1)
 3 ;O ;S212-1 ;1111 ;BB6631             ;000100 ; 3 ;M ;Up   ;10.1G ;   0 ;RRU227922B822B20C* ;BXP_3  ; 0 ;S ;Up   ;10.1G ;   0 ;   61m ;Fru=BB-1(C) Fru=Radio-S212-1(D1)
 4 ;O ;S100-1 ;1111 ;BB6631             ;000100 ; 4 ;M ;Up   ;10.1G ;   0 ;RRU449944B144B3C   ;BXP_4  ; 1 ;S ;Up   ;10.1G ;   0 ;   61m ;Fru=BB-1(D) Fru=Radio-S100-1(D2)
 5 ;O ;S102-1 ;1111 ;BB6631             ;000100 ; 5 ;M ;Up   ;10.1G ;   0 ;RRU449944B144B3C   ;BXP_2  ; 1 ;S ;Up   ;10.1G ;   0 ;   61m ;Fru=BB-1(E) Fru=Radio-S102-1(D2)
-------------------------------------------------------------------------------------------------------------------------------------

=====================================================================================================================================
ID ;LINK ;RiL    ;VENDOR1  ;VENDORPROD1     ;REV1 ;SERIAL1        ;DATE1    ;ERICSSONPROD1      ;VENDOR2  ;VENDORPROD2     ;REV2 ;SERIAL2        ;DATE2    ;ERICSSONPROD2      ;TT ;WL1     ;WL2    
=====================================================================================================================================
 1 ;Up   ;S210-1 ;ERICSSON ;RTXM228-702-C22 ;1.0  ;CU824J0QUH     ;20240911 ;RDH10265/2 R1A     ;ERICSSON ;RTXM228-702-C22 ;1.0  ;CU824J0QVJ     ;20240911 ;RDH10265/2 R1A     ;0  ;1310.00 ;1310.00
 2 ;Up   ;S211-1 ;ERICSSON ;RTXM228-702-C22 ;1.0  ;CU824J0QUP     ;20240911 ;RDH10265/2 R1A     ;ERICSSON ;RTXM228-702-C22 ;1.0  ;CU824J0QV1     ;20240911 ;RDH10265/2 R1A     ;0  ;1310.00 ;1310.00
 3 ;Up   ;S212-1 ;ERICSSON ;RTXM228-702-C22 ;1.0  ;CU824J0QUJ     ;20240911 ;RDH10265/2 R1A     ;ERICSSON ;RTXM228-702-C22 ;1.0  ;CU824J0QUY     ;20240911 ;RDH10265/2 R1A     ;0  ;1310.00 ;1310.00
 4 ;Up   ;S100-1 ;ERICSSON ;RTXM228-702-C22 ;1.0  ;CU824J0QUM     ;20240911 ;RDH10265/2 R1A     ;ERICSSON ;RTXM228-702-C22 ;1.0  ;CU824J0QVD     ;20240911 ;RDH10265/2 R1A     ;0  ;1310.00 ;1310.00
 5 ;Up   ;S102-1 ;ERICSSON ;RTXM228-702-C22 ;1.0  ;CU824J0QUK     ;20240911 ;RDH10265/2 R1A     ;ERICSSON ;RTXM228-702-C22 ;1.0  ;CU824J0QVA     ;20240911 ;RDH10265/2 R1A     ;0  ;1310.00 ;1310.00
-------------------------------------------------------------------------------------------------------------------------------------

=====================================================================================================================================
ID ;LINK ;RiL    ;WL1     ;TEMP1 ;TXbs1 ;TXdBm1 ;RXdBm1 ;BER1   ;WL2     ;TEMP2 ;TXbs2 ;TXdBm2 ;RXdBm2 ;BER2   ;DlLoss ;UlLoss ;LENGTH ;TT
=====================================================================================================================================
 1 ;Up   ;S210-1 ;1310.00 ;47C   ;58%   ;-1.16  ;-0.49  ;   0   ;1310.00 ;34C   ;53%   ;-0.81  ;-1.86  ;   0   ;   0.7 ; -0.32 ;   56m ; 0
 2 ;Up   ;S211-1 ;1310.00 ;44C   ;59%   ;-0.33  ;-1.12  ;   0   ;1310.00 ;29C   ;51%   ;-1.26  ;-1.21  ;   0   ;  0.88 ; -0.14 ;   61m ; 0
 3 ;Up   ;S212-1 ;1310.00 ;45C   ;57%   ;-1.14  ;-0.64  ;   0   ;1310.00 ;27C   ;52%   ;-0.66  ;-1.01  ;   0   ; -0.13 ; -0.02 ;   61m ; 0
 4 ;Up   ;S100-1 ;1310.00 ;43C   ;58%   ;-0.38  ;-1.70  ;   0   ;1310.00 ;27C   ;44%   ;-0.57  ;-0.93  ;   0   ;  0.55 ;  1.13 ;   61m ; 0
 5 ;Up   ;S102-1 ;1310.00 ;43C   ;58%   ;-0.30  ;-1.52  ;   0   ;1310.00 ;29C   ;51%   ;-1.33  ;-0.82  ;   0   ;  0.52 ;  0.19 ;   61m ; 0
-------------------------------------------------------------------------------------------------------------------------------------

=====================================================================================================================================
ID ;RiL    ;BOARD              ;SFPLNH  ;PORT ;VENDOR   ;VENDORPROD      ;REV  ;SERIAL         ;DATE     ;ERICSSONPROD       ;WL      ;TEMP  ;TXbs  ;TXdBm  ;RXdBm  ; BER
=====================================================================================================================================
 1 ;S210-1 ;BB6631             ;000100   ;  1 ;ERICSSON ;RTXM228-702-C22 ;1.0  ;CU824J0QUH     ;20240911 ;RDH10265/2 R1A     ;1310.00 ;47C   ;58%   ;-1.16  ;-0.49  ;   0
 2 ;S211-1 ;BB6631             ;000100   ;  2 ;ERICSSON ;RTXM228-702-C22 ;1.0  ;CU824J0QUP     ;20240911 ;RDH10265/2 R1A     ;1310.00 ;44C   ;59%   ;-0.33  ;-1.12  ;   0
 3 ;S212-1 ;BB6631             ;000100   ;  3 ;ERICSSON ;RTXM228-702-C22 ;1.0  ;CU824J0QUJ     ;20240911 ;RDH10265/2 R1A     ;1310.00 ;45C   ;57%   ;-1.14  ;-0.64  ;   0
 4 ;S100-1 ;BB6631             ;000100   ;  4 ;ERICSSON ;RTXM228-702-C22 ;1.0  ;CU824J0QUM     ;20240911 ;RDH10265/2 R1A     ;1310.00 ;43C   ;58%   ;-0.38  ;-1.70  ;   0
 5 ;S102-1 ;BB6631             ;000100   ;  5 ;ERICSSON ;RTXM228-702-C22 ;1.0  ;CU824J0QUK     ;20240911 ;RDH10265/2 R1A     ;1310.00 ;43C   ;58%   ;-0.30  ;-1.52  ;   0
 5 ;S102-1 ;RRU449944B144B3C   ;BXP_2    ;  1 ;ERICSSON ;RTXM228-702-C22 ;1.0  ;CU824J0QVA     ;20240911 ;RDH10265/2 R1A     ;1310.00 ;29C   ;51%   ;-1.33  ;-0.82  ;   0
 3 ;S212-1 ;RRU227922B822B20C* ;BXP_3    ;  0 ;ERICSSON ;RTXM228-702-C22 ;1.0  ;CU824J0QUY     ;20240911 ;RDH10265/2 R1A     ;1310.00 ;27C   ;52%   ;-0.66  ;-1.01  ;   0
 4 ;S100-1 ;RRU449944B144B3C   ;BXP_4    ;  1 ;ERICSSON ;RTXM228-702-C22 ;1.0  ;CU824J0QVD     ;20240911 ;RDH10265/2 R1A     ;1310.00 ;27C   ;44%   ;-0.57  ;-0.93  ;   0
 2 ;S211-1 ;RRU227922B822B20C* ;BXP_5    ;  0 ;ERICSSON ;RTXM228-702-C22 ;1.0  ;CU824J0QV1     ;20240911 ;RDH10265/2 R1A     ;1310.00 ;29C   ;51%   ;-1.26  ;-1.21  ;   0
 1 ;S210-1 ;RRU227922B822B20C* ;BXP_6    ;  0 ;ERICSSON ;RTXM228-702-C22 ;1.0  ;CU824J0QVJ     ;20240911 ;RDH10265/2 R1A     ;1310.00 ;34C   ;53%   ;-0.81  ;-1.86  ;   0
-------------------------------------------------------------------------------------------------------------------------------------
TN ;       ;BB6631             ;000100   ; IB ;ERICSSON ;RTXM228-702-C22 ;1.0  ;CU824J0QUL     ;20240911 ;RDH10265/2 R1A     ;1310    ;44C   ;56%   ;-0.59  ;-11.19 ; 0/0
TN ;       ;BB6631             ;000100   ;IA2 ;ERICSSON ;NDAAF9-E201     ;E    ;APF243620130JA ;20240904 ;RPM777053/1000 R1B ;NA      ;NA    ;NA    ;NA     ;NA     ; 0/0
-------------------------------------------------------------------------------------------------------------------------------------

=====================================================================================================================================
BOARD  ;LNH    ;PORT       ;T ;S ;OpMode   ;AutoNeg ;MacAddress        ;VlanIds        ;LOS ;BER
=====================================================================================================================================
BB6631 ;000100 ;TN_IDL_A_1 ;E ;1 ;10G_FULL ;false   ;F4:3C:96:9D:63:8D ;3901,3908,3910 ;0   ;0/0
BB6631 ;000100 ;TN_IDL_A_2 ;O ;1 ;10G_FULL ;false   ;F4:3C:96:9D:63:8E ;3908           ;0   ;0/0
BB6631 ;000100 ;TN_IDL_B   ;O ;1 ;1G_FULL  ;true    ;F4:3C:96:9D:63:91 ;3901,3908,3910 ;0   ;0/0
-------------------------------------------------------------------------------------------------------------------------------------

radioClockState : RNT_TIME_LOCKED
-------------------------------------------------------------------------------------
Prio  ;ST  ;syncRefType    ;refStatus  ;opQualLevel  ;SyncReference
-------------------------------------------------------------------------------------
  *1  ; 1  ;PTP_TIME       ;NO_FAULT   ;PRTC         ;Ptp=1,BoundaryOrdinaryClock=1 (G_8275_2 Router=45G_Traffic,InterfaceIPv4=LTE,AddressIPv4=LTE:SLAVE)
   2  ; 1  ;NTP_FREQUENCY  ;NO_FAULT   ;PRC          ;Ntp=1,NtpFrequencySync=NTP1 (10.31.0.54:32751 Router=45G_Traffic,InterfaceIPv4=LTE,AddressIPv4=LTE)
-------------------------------------------------------------------------------------
nodeGroupRole   : SYNC_PROVIDER (syncNodePriority=1, selectionMode=NODE_PRIORITY)
-------------------------------------------------------------------------------------
DU  ;Port  ;sharedUnitRef (RiPortA - RiPortB)  ;remoteNodePriority  ;CandidateStatus
-------------------------------------------------------------------------------------
1   ;A     ;Fru=Radio-S210-1 (1 - 2)           ;3                   ;OK_NOT_ACTIVE
1   ;B     ;Fru=Radio-S211-1 (1 - 2)           ;3                   ;OK_NOT_ACTIVE
1   ;C     ;Fru=Radio-S212-1 (1 - 2)           ;3                   ;OK_NOT_ACTIVE
-------------------------------------------------------------------------------------

=====================================================================================================================================
FRU          ;LNH    ;BOARD              ;RF  ;BP  ;TX (W/dBm)  ;VSWR (RL)   ;RX (dBm) ;UEs/gUEs  ;Sector/AntennaGroup/Cells (State:CellIds:PCIs)
=====================================================================================================================================
Radio-S100-1 ;BXP_4  ;RRU449944B144B3C   ; A  ;11  ;29.7 (44.7) ;1.20 (21.0) ;-90.3    ;73/-      ;SE=100 AG=100 FDD=SC78M1 FDD=SC78T1 (1:31:218, 1:41:68)
Radio-S100-1 ;BXP_4  ;RRU449944B144B3C   ; B  ;11  ;28.9 (44.6) ;1.18 (21.5) ;-90.6    ;73/-      ;SE=100 AG=100 FDD=SC78M1 FDD=SC78T1 (1:31:218, 1:41:68)
Radio-S100-1 ;BXP_4  ;RRU449944B144B3C   ; C  ;11  ;47.0 (46.7) ;1.13 (24.5) ;-96.0    ;14/-      ;SE=101 AG=101 FDD=SC78M2 FDD=SC78T2 (1:32:388, 1:42:429)
Radio-S100-1 ;BXP_4  ;RRU449944B144B3C   ; D  ;11  ;-           ;1.06 (31.0) ;-96.3    ;14/-      ;SE=101 AG=101 FDD=SC78M2 FDD=SC78T2 (1:32:388, 1:42:429)
Radio-S102-1 ;BXP_2  ;RRU449944B144B3C   ; A  ;11  ;45.1 (46.5) ;1.15 (23.3) ;-91.2    ;83/-      ;SE=102 AG=102 FDD=SC78M3 FDD=SC78T3 (1:33:460, 1:43:431)
Radio-S102-1 ;BXP_2  ;RRU449944B144B3C   ; B  ;11  ;48.0 (46.8) ;1.13 (24.4) ;-90.7    ;83/-      ;SE=102 AG=102 FDD=SC78M3 FDD=SC78T3 (1:33:460, 1:43:431)
Radio-S102-1 ;BXP_2  ;RRU449944B144B3C   ; C  ;11  ;-           ;-           ;         ;          ;
Radio-S102-1 ;BXP_2  ;RRU449944B144B3C   ; D  ;11  ;-           ;-           ;         ;          ;
Radio-S210-1 ;BXP_6  ;RRU227922B822B20C* ; A  ;11  ;40.3 (46.1) ;1.30 (17.7) ;-90.8    ;19/-      ;SE=210* AG=210 FDD=SC78E1 NIOT=SC78N1 (1:61:239, 1:161:239)
Radio-S210-1 ;BXP_6  ;RRU227922B822B20C* ; B  ;11  ;40.1 (46.0) ;1.29 (17.9) ;-92.2    ;19/-      ;SE=210* AG=210 FDD=SC78E1 NIOT=SC78N1 (1:61:239, 1:161:239)
Radio-S211-1 ;BXP_5  ;RRU227922B822B20C* ; A  ;11  ;25.5 (44.1) ;1.19 (21.1) ;-100.2   ;4/-       ;SE=211* AG=211 FDD=SC78E2 NIOT=SC78N2 (1:62:268, 1:162:268)
Radio-S211-1 ;BXP_5  ;RRU227922B822B20C* ; B  ;11  ;15.9 (42.0) ;1.21 (20.5) ;-100.2   ;4/-       ;SE=211* AG=211 FDD=SC78E2 NIOT=SC78N2 (1:62:268, 1:162:268)
Radio-S212-1 ;BXP_3  ;RRU227922B822B20C* ; A  ;11  ;35.4 (45.5) ;1.29 (17.9) ;-87.0    ;35/-      ;SE=212* AG=212 FDD=SC78E3 NIOT=SC78N3 (1:63:350, 1:163:350)
Radio-S212-1 ;BXP_3  ;RRU227922B822B20C* ; B  ;11  ;35.7 (45.5) ;1.30 (17.6) ;-83.5    ;35/-      ;SE=212* AG=212 FDD=SC78E3 NIOT=SC78N3 (1:63:350, 1:163:350)
-------------------------------------------------------------------------------------------------------------------------------------

SC78E> mfar

251125-09:22:51+0100 19.31.4.131 25.0h MSRBS_NODE_MODEL_25.Q1_693.28324.131_62ac stopfile=/tmp/1687237
........
Last MO: 19744. Loaded 19744 MOs. Total: 19745 MOs.
..............................................
get /rop/A20251125.0645-0700_SC78E.xml.gz /ericsson/log/amos/moshell_logfiles/t20251125_37258710_65084/logs_moshell/pmfiles/19.31.4.131/rop/A20251125.0645-0700_SC78E.xml.gz ... OK
get /rop/A20251125.0700-0715_SC78E.xml.gz /ericsson/log/amos/moshell_logfiles/t20251125_37258710_65084/logs_moshell/pmfiles/19.31.4.131/rop/A20251125.0700-0715_SC78E.xml.gz ... OK
get /rop/A20251125.0715-0730_SC78E.xml.gz /ericsson/log/amos/moshell_logfiles/t20251125_37258710_65084/logs_moshell/pmfiles/19.31.4.131/rop/A20251125.0715-0730_SC78E.xml.gz ... OK

Using hardcoded thresholds: 3, 4.5, and 16.5
================================================================================================================================
SC     SE  Tx/Rx BrPair  RfPort1 - RfPort2               HW       Serial      Cell (State)   Samples   Med  Mean  SDev Pol Res Issue
================================================================================================================================
SC78E1 210   2/2 0 (1,2) Radio-S210-1(A) Radio-S210-1(B) RRU2279  TU8U02M39Z  FDD=SC78E1 (1)  157909   0.5   0.2   6.9  NA  OK Passed
SC78E2 211   2/2 0 (1,2) Radio-S211-1(A) Radio-S211-1(B) RRU2279  TU8U02M3A2  FDD=SC78E2 (1)   26942  -0.5  -0.9   6.5  NA  OK Passed
SC78E3 212   2/2 0 (1,2) Radio-S212-1(A) Radio-S212-1(B) RRU2279  TU8U02M39Y  FDD=SC78E3 (1)  226879   0.5   0.1   6.8  NA  OK Passed
SC78M1 100   2/2 0 (1,2) Radio-S100-1(A) Radio-S100-1(B) RRU4499  TU8U02RNN6  FDD=SC78M1 (1)  170547   0.5   0.7   7.3  NA  OK Passed
SC78M2 101   2/2 0 (1,2) Radio-S100-1(C) Radio-S100-1(D) RRU4499  TU8U02RNN6  FDD=SC78M2 (1)    5240  -0.5  -1.9   8.3  NA  OK Passed
SC78M3 102   2/2 0 (1,2) Radio-S102-1(A) Radio-S102-1(B) RRU4499  TU8U02RNNR  FDD=SC78M3 (1)  203110  -0.5   0.0   6.1  NA  OK Passed
SC78T1 100   2/2 0 (1,2) Radio-S100-1(A) Radio-S100-1(B) RRU4499  TU8U02RNN6  FDD=SC78T1 (1)  217697  -0.5  -0.1   6.9  NA  OK Passed
SC78T2 101   2/2 0 (1,2) Radio-S100-1(C) Radio-S100-1(D) RRU4499  TU8U02RNN6  FDD=SC78T2 (1)  110812  -2.5  -1.7   5.8  NA  OK Passed
SC78T3 102   2/2 0 (1,2) Radio-S102-1(A) Radio-S102-1(B) RRU4499  TU8U02RNNR  FDD=SC78T3 (1)  239207   0.5   0.0   6.9  NA  OK Passed
================================================================================================================================
Total: 9 SectorCarriers, 9 RfBranch Pairs (9 OK, 0 OKW, 0 NOK, 0 NT)
........
Last MO: 19744. Loaded 19744 MOs. Total: 19745 MOs.

No NRSectorCarrier MOs are defined on the node.

SC78E> mfitr

251125-09:23:11+0100 19.31.4.131 25.0h MSRBS_NODE_MODEL_25.Q1_693.28324.131_62ac stopfile=/tmp/1687237
.............
Last MO: 19744. Loaded 19744 MOs. Total: 19745 MOs.
..........
2025-11-25 09:23
================================================================================================================================
CELL       SC     FRU          BOARD             PUSCH  PUCCH       A      B      C      D  DELTA
================================================================================================================================
FDD=SC78E1 SC78E1 Radio-S210-1 RRU227922B822B20C -115.3 -114.2 -115.9 -115.8                  0.1
FDD=SC78E2 SC78E2 Radio-S211-1 RRU227922B822B20C -118.1 -117.5 -118.4 -118.2                  0.2
FDD=SC78E3 SC78E3 Radio-S212-1 RRU227922B822B20C -113.8 -112.6 -114.1 -114.1                    0
FDD=SC78M1 SC78M1 Radio-S100-1 RRU449944B144B3C  -116.7 -117.9 -116.4 -117.0                  0.6
FDD=SC78M2 SC78M2 Radio-S100-1 RRU449944B144B3C  -119.5 -119.4               -119.6 -119.6      0
FDD=SC78M3 SC78M3 Radio-S102-1 RRU449944B144B3C  -114.7 -115.9 -115.6 -115.7                  0.1
FDD=SC78T1 SC78T1 Radio-S100-1 RRU449944B144B3C  -115.8 -115.3 -116.3 -115.8                  0.5
FDD=SC78T2 SC78T2 Radio-S100-1 RRU449944B144B3C  -119.2 -118.3               -119.0 -118.8    0.2
FDD=SC78T3 SC78T3 Radio-S102-1 RRU449944B144B3C  -113.9 -115.7 -114.7 -114.9                  0.2
================================================================================================================================
Bye...
Output has been logged to file /mta_fs/UserFiles/37258710/amosbatch/SDIR/SC78E.log
