Logging to file /mta_fs/UserFiles/37258710/amosbatch/SDIR/VV08E.log
                        __  __  ____   _____
                  /\   |  \/  |/ __ \ / ____|
                 /  \  | \  / | |  | | (___  
                / /\ \ | |\/| | |  | |\___ \ 
               / ____ \| |  | | |__| |____) |
              /_/    \_\_|  |_|\____/|_____/
              OSS Framework for MoShell-25.0h 
  Copyright (c) Ericsson AB 2001-2025 - All Rights Reserved
              
           
[1;31mWARNING: [0mthe AMOS version currently running is more than 29 weeks old and is unsupported.
Please upgrade as soon as possible to the latest released version, available from your local Ericsson support.

$amosrb_pid = 2609658

Checking ip contact...OK

HELP MENU            : h
BASIC MO COMMANDS    : m
OTHER MO COMMANDS    : n
OTHER COMMANDS       : o
PM COMMANDS          : p
QUIT                 : q

VV08E> lt all

251125-13:54:25+0100 19.31.16.169 25.0h  stopfile=/tmp/2609324
Looking up temporary_amos account... OK.
Trying temporary_amos_t20251125_37258710_65084_131's password from amos lookupAccount ... OK

$ssh_pid = 2610465

Connected to 19.31.16.169 (SubNetwork=BBMM_rckomc_R,MeContext=VV08E,ManagedElement=VV08E)

Checking MOM version...MSRBS_NODE_MODEL_25.Q1_693.28324.131_62ac
Parsing MOM (cached): /ericsson/log/amos/moshell_logfiles/t20251125_37258710_65084/logs_moshell/tempfiles/scp-4-amos_20251125-135418_2609258/MSRBS_NODE_MODEL_25.Q1_693.28324.131_62ac.xml.cache.gz ..................................................................................................................................................................................................................................Done.
Using paramfile /opt/ericsson/amos/moshell/commonjars/pm/PARAM_MSRBS_25.Q1.txt
Parsing file /opt/ericsson/amos/moshell/commonjars/pm/PARAM_MSRBS_25.Q1.txt .......................................................................................Done.
Using imomdfile /opt/ericsson/amos/moshell/commonjars/pm/IMOMD_MSRBS_22.Q4.txt
Using imomfile /opt/ericsson/amos/moshell/commonjars/pm/IMOM_MSRBS_25.Q1.txt
Connected to 19.31.16.169 (SubNetwork=BBMM_rckomc_R,MeContext=VV08E,ManagedElement=VV08E)

Last MO: 19378. Loaded 19378 MOs. Total: 19379 MOs.

VV08E> st cell

251125-13:54:39+0100 19.31.16.169 25.0h MSRBS_NODE_MODEL_25.Q1_693.28324.131_62ac stopfile=/tmp/2609324
===================================================================================
Proxy  Adm State     Op. State     MO
===================================================================================
   43  1 (UNLOCKED)  1 (ENABLED)   ENodeBFunction=1,EUtranCellFDD=VV08E1
  220  1 (UNLOCKED)  1 (ENABLED)   ENodeBFunction=1,EUtranCellFDD=VV08E2
  454  1 (UNLOCKED)  1 (ENABLED)   ENodeBFunction=1,EUtranCellFDD=VV08E3
  598  1 (UNLOCKED)  1 (ENABLED)   ENodeBFunction=1,EUtranCellFDD=VV08M1
  750  1 (UNLOCKED)  1 (ENABLED)   ENodeBFunction=1,EUtranCellFDD=VV08M2
  937  1 (UNLOCKED)  1 (ENABLED)   ENodeBFunction=1,EUtranCellFDD=VV08M3
 1080  1 (UNLOCKED)  1 (ENABLED)   ENodeBFunction=1,EUtranCellFDD=VV08T1
 1262  1 (UNLOCKED)  1 (ENABLED)   ENodeBFunction=1,EUtranCellFDD=VV08T2
 1463  1 (UNLOCKED)  1 (ENABLED)   ENodeBFunction=1,EUtranCellFDD=VV08T3
 2451  1 (UNLOCKED)  1 (ENABLED)   ENodeBFunction=1,NbIotCell=VV08N1
 2452  1 (UNLOCKED)  1 (ENABLED)   ENodeBFunction=1,NbIotCell=VV08N2
 2453  1 (UNLOCKED)  1 (ENABLED)   ENodeBFunction=1,NbIotCell=VV08N3
===================================================================================
Total: 12 MOs

VV08E> st radio

251125-13:54:40+0100 19.31.16.169 25.0h MSRBS_NODE_MODEL_25.Q1_693.28324.131_62ac stopfile=/tmp/2609324
===================================================================================
Proxy  Adm State     Op. State     MO
===================================================================================
 3442  1 (UNLOCKED)  1 (ENABLED)   Equipment=1,FieldReplaceableUnit=Radio-S1-1
 3454  1 (UNLOCKED)  1 (ENABLED)   Equipment=1,FieldReplaceableUnit=Radio-S100-1
 3477  1 (UNLOCKED)  1 (ENABLED)   Equipment=1,FieldReplaceableUnit=Radio-S102-1
 3500  1 (UNLOCKED)  1 (ENABLED)   Equipment=1,FieldReplaceableUnit=Radio-S2-1
 3512  1 (UNLOCKED)  1 (ENABLED)   Equipment=1,FieldReplaceableUnit=Radio-S3-1
19369  1 (UNLOCKED)  1 (ENABLED)   Transport=1,Synchronization=1,RadioEquipmentClock=1,RadioEquipmentClockReference=NTP1
19370  1 (UNLOCKED)  1 (ENABLED)   Transport=1,Synchronization=1,RadioEquipmentClock=1,RadioEquipmentClockReference=PTP
===================================================================================
Total: 7 MOs

VV08E> sdir

251125-13:54:40+0100 19.31.16.169 25.0h MSRBS_NODE_MODEL_25.Q1_693.28324.131_62ac stopfile=/tmp/2609324
INFO: Using amos lookupAccount credentials for the export login
.......................
get /rop/A20251125.1200-1215_VV08E.xml.gz /ericsson/log/amos/moshell_logfiles/t20251125_37258710_65084/logs_moshell/pmfiles/19.31.16.169/rop/A20251125.1200-1215_VV08E.xml.gz ... OK
get /rop/A20251125.1215-1230_VV08E.xml.gz /ericsson/log/amos/moshell_logfiles/t20251125_37258710_65084/logs_moshell/pmfiles/19.31.16.169/rop/A20251125.1215-1230_VV08E.xml.gz ... OK
get /rop/A20251125.1230-1245_VV08E.xml.gz /ericsson/log/amos/moshell_logfiles/t20251125_37258710_65084/logs_moshell/pmfiles/19.31.16.169/rop/A20251125.1230-1245_VV08E.xml.gz ... OK
....Checking available boards on node...

Collecting RCS board data ...
...........................................................................................................................
..........................
...........................................................................................................................................................................................................................................................................................................
.....
Collecting TN data...
................................................................................................................................................................
Getting MO data from node (75 MOs). Please wait...
0%                                             ~50%                                           ~100%
..................................................................................................................................
Collecting RF data...
...
Collecting Alarms...
Executing action Log.export()
...
Log=AlarmLog                    actionId=5899
...................
Executing action LogM.exportAvailabilityLog()
..LogM=1,exportAvailabilityLog    actionId=5900
.....Parsing alarmLog...........Done.
Parsing availabilityLog........Done.
.............

Total: 5 CPRI links (5 OK, 0 OKW, 0 NOK, 0 NT)
.
+--------+                      +------------+
|        | A        O98      D1 | Radio-S1-1 |
|        |-----------1----------| RRU2217B20 |
|        |         OK-62m       |   BXP_5    |
|        |                      +------------+
|        |                             |A  |B
|        |               SE=1 AG=1 FDD=VV08E1
|        |                        NIOT=VV08N1
|        |
|        |                      +------------+
|        | B        O98      D1 | Radio-S2-1 |
|        |-----------2----------| RRU2217B20 |
|        |         OK-57m       |   BXP_3    |
|        |                      +------------+
|        |                             |A  |B
|        |               SE=2 AG=2 FDD=VV08E2
|        |                        NIOT=VV08N2
|        |
|        |                      +------------+
|        | C        O98      D1 | Radio-S3-1 |
|        |-----------3----------| RRU2217B20 |
|        |         OK-57m       |   BXP_2    |
|        |                      +------------+
|        |                             |A  |B
|  BB-1  |               SE=3 AG=3 FDD=VV08E3
| BB6631 |                        NIOT=VV08N3
| 000100 |
|        |                      +------------------+
|        | D        O101     D2 |   Radio-S100-1   |
|        |-----------4----------| RRU449944B144B3C |
|        |         OK-56m       |      BXP_4       |
|        |                      +------------------+
|        |                           |A  |B  |C  |D
|        |                    SE=100 AG=100  |   |
|        |            FDD=VV08M1 FDD=VV08T1  |   |
|        |                            SE=101 AG=101
|        |                    FDD=VV08M2 FDD=VV08T2
|        |
|        |                      +------------------+
|        | E        O101     D2 |   Radio-S102-1   |
|        |-----------5----------| RRU449944B144B3C |
|        |         OK-56m       |      BXP_6       |
|        |                      +------------------+
|        |                           |A  |B  |C  |D
|        |                    SE=102 AG=102  |   |
|        |            FDD=VV08M3 FDD=VV08T3  |   |
|        |
+--------+

=====================================================================================================================================
ID RiL    Type Res MO1-MO2                  BOARD1-BOARD2           AlmIDs Cells (States)                                        Issue (Failed checks)
=====================================================================================================================================
 1 S1-1   O98  OK  BB-1(A) Radio-S1-1(D1)   BB6631 RRU2217B20              FDD=VV08E1 NIOT=VV08N1 (1,1)                          Passed
 2 S2-1   O98  OK  BB-1(B) Radio-S2-1(D1)   BB6631 RRU2217B20              FDD=VV08E2 NIOT=VV08N2 (1,1)                          Passed
 3 S3-1   O98  OK  BB-1(C) Radio-S3-1(D1)   BB6631 RRU2217B20              FDD=VV08E3 NIOT=VV08N3 (1,1)                          Passed
 4 S100-1 O101 OK  BB-1(D) Radio-S100-1(D2) BB6631 RRU449944B144B3C        FDD=VV08M1 FDD=VV08M2 FDD=VV08T1 FDD=VV08T2 (1,1,1,1) Passed
 5 S102-1 O101 OK  BB-1(E) Radio-S102-1(D2) BB6631 RRU449944B144B3C        FDD=VV08M3 FDD=VV08T3 (1,1)                           Passed
-------------------------------------------------------------------------------------------------------------------------------------

Node: RadioNode L   CXP2010174/2_R27J08 (25.Q1)   G3.1   LTE-FDD,LTE-IoT 

=====================================================================================================================================
FRU          ;LNH    ;BOARD            ;ST ;FAULT ;OPER ;MAINT ;STAT ;PRODUCTNUMBER   ;REV     ;SERIAL        ;DATE     ;PMTEMP ; TEMP ; UPT ;VOLT ;SW                   ;
=====================================================================================================================================
BB-1         ;000100 ;BB6631           ; 1 ;  OFF ;  ON ;  OFF ;  ON ;KDU1370071/11   ;R2A     ;E96A00Y2UF    ;20230210 ;3 (OK) ;      ;3.27 ;54   ;                     ;
Radio-S1-1   ;BXP_5  ;RRU2217B20       ; 1 ;  OFF ;  ON ;  OFF ; N/A ;KRC161549/1     ;R1S     ;TU8U01ZQLM    ;20230314 ;4 (OK) ; 46.9 ;3.28 ;55.1 ;CXP9013268%9_R96JB   ; (Radio2217B20)
Radio-S100-1 ;BXP_4  ;RRU449944B144B3C ; 1 ;  OFF ;  ON ;  OFF ; N/A ;KRC161787/1     ;R2F     ;E23E518233    ;20230303 ;4 (OK) ; 48.7 ;3.28 ;53.2 ;CXP9013268%15_R101LX ; (Radio449944B144B3C)
Radio-S102-1 ;BXP_6  ;RRU449944B144B3C ; 1 ;  OFF ;  ON ;  OFF ; N/A ;KRC161787/1     ;R2F     ;E23E518245    ;20230303 ;4 (OK) ; 35.7 ;3.28 ;54.5 ;CXP9013268%15_R101LX ; (Radio449944B144B3C)
Radio-S2-1   ;BXP_3  ;RRU2217B20       ; 1 ;  OFF ;  ON ;  OFF ; N/A ;KRC161549/1     ;R1S     ;TU8U01ZQMH    ;20230314 ;4 (OK) ; 49.8 ;3.28 ;54.8 ;CXP9013268%9_R96JB   ; (Radio2217B20)
Radio-S3-1   ;BXP_2  ;RRU2217B20       ; 1 ;  OFF ;  ON ;  OFF ; N/A ;KRC161549/1     ;R1S     ;TU8U01ZQMC    ;20230314 ;4 (OK) ; 36.1 ;3.28 ;55.0 ;CXP9013268%9_R96JB   ; (Radio2217B20)
-------------------------------------------------------------------------------------------------------------------------------------

=====================================================================================================================================
AntennaNearUnit                                   ;ST  ;TYPE   ;PRODUCTNR  ;REV                ;UNIQUEID             ;RfPort
=====================================================================================================================================
AntennaUnitGroup=1,AntennaNearUnit=RET_1800_2100  ; 1  ;S-RET  ;AIMM20M22  ;WD81MANBRCU_VER.D  ;HWM1360FB027X901yyR  ;FieldReplaceableUnit=Radio-S1-1,RfPort=R
AntennaUnitGroup=1,AntennaNearUnit=RET_800        ; 1  ;S-RET  ;AIMM20M22  ;WD81MANBRCU_VER.D  ;HWM1360FB027U40780r  ;FieldReplaceableUnit=Radio-S1-1,RfPort=R
AntennaUnitGroup=1,AntennaNearUnit=RET_900        ; 1  ;S-RET  ;AIMM20M22  ;WD81MANBRCU_VER.D  ;HWM1360FB027V4278rr  ;FieldReplaceableUnit=Radio-S1-1,RfPort=R
AntennaUnitGroup=2,AntennaNearUnit=RET_1800_2100  ; 1  ;S-RET  ;AIMM20M22  ;WD81MANBRCU_VER.D  ;HWM1360FB01K0790yyR  ;FieldReplaceableUnit=Radio-S2-1,RfPort=R
AntennaUnitGroup=2,AntennaNearUnit=RET_800        ; 1  ;S-RET  ;AIMM20M22  ;WD81MANBRCU_VER.D  ;HWM1360FB01JW30190r  ;FieldReplaceableUnit=Radio-S2-1,RfPort=R
AntennaUnitGroup=2,AntennaNearUnit=RET_900        ; 1  ;S-RET  ;AIMM20M22  ;WD81MANBRCU_VER.D  ;HWM1360FB01JX8944rr  ;FieldReplaceableUnit=Radio-S2-1,RfPort=R
AntennaUnitGroup=3,AntennaNearUnit=RET_1800_2100  ; 1  ;S-RET  ;AIMM20M22  ;WD81MANBRCU_VER.D  ;HWM1360FB01FC278yyR  ;FieldReplaceableUnit=Radio-S3-1,RfPort=R
AntennaUnitGroup=3,AntennaNearUnit=RET_800        ; 1  ;S-RET  ;AIMM20M22  ;WD81MANBRCU_VER.D  ;HWM1360FB01F957180r  ;FieldReplaceableUnit=Radio-S3-1,RfPort=R
AntennaUnitGroup=3,AntennaNearUnit=RET_900        ; 1  ;S-RET  ;AIMM20M22  ;WD81MANBRCU_VER.D  ;HWM1360FB01FA6583rr  ;FieldReplaceableUnit=Radio-S3-1,RfPort=R
-------------------------------------------------------------------------------------------------------------------------------------

=====================================================================================================================================
XPBOARD  ;ST ;FAULT ;OPER ;PRODUCTNUMBER ;REV ;SERIAL/NAME ;DATE     ; TEMP ;MO
=====================================================================================================================================
FAN08    ; 1 ;N/A   ;N/A  ;BKV106236/1   ;R2G ;CE5100R8TH  ;20220714 ; 37.0 ;SupportUnit=1 (FAN  BB-1)
-------------------------------------------------------------------------------------------------------------------------------------

=====================================================================================================================================
ID ;T ;RiL    ;BPBP ;BOARD1           ;LNH1 ;PORT ;R ;LINK ;RATE  ; BER ;BOARD2           ;LNH2 ;PORT ;R ;LINK ;RATE  ; BER ;LENGTH ;MO1 - MO2
=====================================================================================================================================
 1 ;O ;  S1-1 ;1111 ;BB6631           ;000100 ; 1 ;M ;Up   ;9.8G  ;   0 ;RRU2217B20       ;BXP_5  ; 0 ;S ;Up   ;9.8G  ;   0 ;   62m ;Fru=BB-1(A) Fru=Radio-S1-1(D1)
 2 ;O ;  S2-1 ;1111 ;BB6631           ;000100 ; 2 ;M ;Up   ;9.8G  ;   0 ;RRU2217B20       ;BXP_3  ; 0 ;S ;Up   ;9.8G  ;   0 ;   57m ;Fru=BB-1(B) Fru=Radio-S2-1(D1)
 3 ;O ;  S3-1 ;1111 ;BB6631           ;000100 ; 3 ;M ;Up   ;9.8G  ;   0 ;RRU2217B20       ;BXP_2  ; 0 ;S ;Up   ;9.8G  ;   0 ;   57m ;Fru=BB-1(C) Fru=Radio-S3-1(D1)
 4 ;O ;S100-1 ;1111 ;BB6631           ;000100 ; 4 ;M ;Up   ;10.1G ;   0 ;RRU449944B144B3C ;BXP_4  ; 1 ;S ;Up   ;10.1G ;   0 ;   56m ;Fru=BB-1(D) Fru=Radio-S100-1(D2)
 5 ;O ;S102-1 ;1111 ;BB6631           ;000100 ; 5 ;M ;Up   ;10.1G ;   0 ;RRU449944B144B3C ;BXP_6  ; 1 ;S ;Up   ;10.1G ;   0 ;   56m ;Fru=BB-1(E) Fru=Radio-S102-1(D2)
-------------------------------------------------------------------------------------------------------------------------------------

=====================================================================================================================================
ID ;LINK ;RiL    ;VENDOR1  ;VENDORPROD1     ;REV1 ;SERIAL1        ;DATE1    ;ERICSSONPROD1      ;VENDOR2  ;VENDORPROD2     ;REV2 ;SERIAL2        ;DATE2    ;ERICSSONPROD2      ;TT ;WL1     ;WL2    
=====================================================================================================================================
 1 ;Up   ;  S1-1 ;ERICSSON ;RTXM228-702-C22 ;1.0  ;HN230700101560 ;20230218 ;RDH10265/2 R1A     ;ERICSSON ;RTXM228-702-C22 ;1.0  ;HN230700102445 ;20230218 ;RDH10265/2 R1A     ;0  ;1310.00 ;1310.00
 2 ;Up   ;  S2-1 ;ERICSSON ;RTXM228-702-C22 ;1.0  ;HN230700101541 ;20230218 ;RDH10265/2 R1A     ;ERICSSON ;RTXM228-702-C22 ;1.0  ;HN230700030830 ;20230215 ;RDH10265/2 R1A     ;0  ;1310.00 ;1310.00
 3 ;Up   ;  S3-1 ;ERICSSON ;RTXM228-702-C22 ;1.0  ;HN230700102421 ;20230218 ;RDH10265/2 R1A     ;ERICSSON ;RTXM228-702-C22 ;1.0  ;HN230700030828 ;20230215 ;RDH10265/2 R1A     ;0  ;1310.00 ;1310.00
 4 ;Up   ;S100-1 ;ERICSSON ;RTXM228-702-C22 ;1.0  ;HN230700102420 ;20230218 ;RDH10265/2 R1A     ;ERICSSON ;RTXM228-702-C22 ;1.0  ;HN230700030831 ;20230215 ;RDH10265/2 R1A     ;0  ;1310.00 ;1310.00
 5 ;Up   ;S102-1 ;ERICSSON ;RTXM228-702-C22 ;1.0  ;HN230700101559 ;20230218 ;RDH10265/2 R1A     ;ERICSSON ;RTXM228-702-C22 ;1.0  ;HN230700030829 ;20230215 ;RDH10265/2 R1A     ;0  ;1310.00 ;1310.00
-------------------------------------------------------------------------------------------------------------------------------------

=====================================================================================================================================
ID ;LINK ;RiL    ;WL1     ;TEMP1 ;TXbs1 ;TXdBm1 ;RXdBm1 ;BER1   ;WL2     ;TEMP2 ;TXbs2 ;TXdBm2 ;RXdBm2 ;BER2   ;DlLoss ;UlLoss ;LENGTH ;TT
=====================================================================================================================================
 1 ;Up   ;  S1-1 ;1310.00 ;43C   ;59%   ;-0.72  ;-2.02  ;   0   ;1310.00 ;50C   ;61%   ;-1.86  ;-0.62  ;   0   ;  -0.1 ;  0.16 ;   62m ; 0
 2 ;Up   ;  S2-1 ;1310.00 ;42C   ;60%   ;-0.78  ;-1.46  ;   0   ;1310.00 ;50C   ;61%   ;-2.27  ;-1.19  ;   0   ;  0.41 ; -0.81 ;   57m ; 0
 3 ;Up   ;  S3-1 ;1310.00 ;39C   ;59%   ;-2.27  ;-1.86  ;   0   ;1310.00 ;45C   ;58%   ;-1.99  ;-2.68  ;   0   ;  0.41 ; -0.13 ;   57m ; 0
 4 ;Up   ;S100-1 ;1310.00 ;40C   ;59%   ;-1.27  ;-1.26  ;   0   ;1310.00 ;42C   ;58%   ;-1.34  ;-1.71  ;   0   ;  0.44 ; -0.08 ;   56m ; 0
 5 ;Up   ;S102-1 ;1310.00 ;40C   ;58%   ;-2.46  ;-2.26  ;   0   ;1310.00 ;34C   ;56%   ;-1.28  ;-2.95  ;   0   ;  0.49 ;  0.98 ;   56m ; 0
-------------------------------------------------------------------------------------------------------------------------------------

=====================================================================================================================================
ID ;RiL    ;BOARD            ;SFPLNH  ;PORT ;VENDOR   ;VENDORPROD      ;REV  ;SERIAL         ;DATE     ;ERICSSONPROD       ;WL      ;TEMP  ;TXbs  ;TXdBm  ;RXdBm  ; BER
=====================================================================================================================================
 1 ;  S1-1 ;BB6631           ;000100   ;  1 ;ERICSSON ;RTXM228-702-C22 ;1.0  ;HN230700101560 ;20230218 ;RDH10265/2 R1A     ;1310.00 ;43C   ;59%   ;-0.72  ;-2.02  ;   0
 2 ;  S2-1 ;BB6631           ;000100   ;  2 ;ERICSSON ;RTXM228-702-C22 ;1.0  ;HN230700101541 ;20230218 ;RDH10265/2 R1A     ;1310.00 ;42C   ;60%   ;-0.78  ;-1.46  ;   0
 3 ;  S3-1 ;BB6631           ;000100   ;  3 ;ERICSSON ;RTXM228-702-C22 ;1.0  ;HN230700102421 ;20230218 ;RDH10265/2 R1A     ;1310.00 ;39C   ;59%   ;-2.27  ;-1.86  ;   0
 4 ;S100-1 ;BB6631           ;000100   ;  4 ;ERICSSON ;RTXM228-702-C22 ;1.0  ;HN230700102420 ;20230218 ;RDH10265/2 R1A     ;1310.00 ;40C   ;59%   ;-1.27  ;-1.26  ;   0
 5 ;S102-1 ;BB6631           ;000100   ;  5 ;ERICSSON ;RTXM228-702-C22 ;1.0  ;HN230700101559 ;20230218 ;RDH10265/2 R1A     ;1310.00 ;40C   ;58%   ;-2.46  ;-2.26  ;   0
 3 ;  S3-1 ;RRU2217B20       ;BXP_2    ;  0 ;ERICSSON ;RTXM228-702-C22 ;1.0  ;HN230700030828 ;20230215 ;RDH10265/2 R1A     ;1310.00 ;45C   ;58%   ;-1.99  ;-2.68  ;   0
 2 ;  S2-1 ;RRU2217B20       ;BXP_3    ;  0 ;ERICSSON ;RTXM228-702-C22 ;1.0  ;HN230700030830 ;20230215 ;RDH10265/2 R1A     ;1310.00 ;50C   ;61%   ;-2.27  ;-1.19  ;   0
 4 ;S100-1 ;RRU449944B144B3C ;BXP_4    ;  1 ;ERICSSON ;RTXM228-702-C22 ;1.0  ;HN230700030831 ;20230215 ;RDH10265/2 R1A     ;1310.00 ;42C   ;58%   ;-1.34  ;-1.71  ;   0
 1 ;  S1-1 ;RRU2217B20       ;BXP_5    ;  0 ;ERICSSON ;RTXM228-702-C22 ;1.0  ;HN230700102445 ;20230218 ;RDH10265/2 R1A     ;1310.00 ;50C   ;61%   ;-1.86  ;-0.62  ;   0
 5 ;S102-1 ;RRU449944B144B3C ;BXP_6    ;  1 ;ERICSSON ;RTXM228-702-C22 ;1.0  ;HN230700030829 ;20230215 ;RDH10265/2 R1A     ;1310.00 ;34C   ;56%   ;-1.28  ;-2.95  ;   0
-------------------------------------------------------------------------------------------------------------------------------------
TN ;       ;BB6631           ;000100   ; IB ;WTD      ;RTXM192-406-C25 ;3.0  ;HW224300662041 ;20221025 ;RDH10247/2 R2A     ;1310    ;38C   ;20%   ;-5.45  ;-11.08 ; 0/0
TN ;       ;BB6631           ;000100   ;IA1 ;ERICSSON ;42020201934     ;A0   ;202246600966   ;20221107 ;RPM777053/1000 R1B ;NA      ;NA    ;NA    ;NA     ;NA     ; 0/0
-------------------------------------------------------------------------------------------------------------------------------------

=====================================================================================================================================
BOARD  ;LNH    ;PORT       ;T ;S ;OpMode        ;AutoNeg ;MacAddress        ;VlanIds        ;LOS ;BER
=====================================================================================================================================
BB6631 ;000100 ;TN_E       ;E ;1 ;1G_FULL_SLAVE ;true    ;E0:47:35:DC:BE:43 ;3910           ;0   ;0/0
BB6631 ;000100 ;TN_IDL_A_1 ;O ;1 ;10G_FULL      ;false   ;E0:47:35:DC:BE:3C ;3901,3908,3910 ;0   ;0/0
BB6631 ;000100 ;TN_IDL_B   ;O ;1 ;1G_FULL       ;true    ;E0:47:35:DC:BE:40 ;3901,3908,3910 ;0   ;0/0
-------------------------------------------------------------------------------------------------------------------------------------

radioClockState : RNT_TIME_LOCKED
-------------------------------------------------------------------------------------
Prio  ;ST  ;syncRefType    ;refStatus  ;opQualLevel  ;SyncReference
-------------------------------------------------------------------------------------
  *1  ; 1  ;PTP_TIME       ;NO_FAULT   ;PRTC         ;Ptp=1,BoundaryOrdinaryClock=PTP (G_8275_1 EthernetPort=TN_IDL_B:SLAVE EthernetPort=TN_IDL_A_1:MASTER)
   2  ; 1  ;NTP_FREQUENCY  ;NO_FAULT   ;PRC          ;Ntp=1,NtpFrequencySync=NTP1 (10.31.0.54:32751 Router=45G_Traffic,InterfaceIPv4=LTE,AddressIPv4=LTE)
-------------------------------------------------------------------------------------
-------------------------------------------------------------------------------------
Prio  ;ST  ;assistRefStatus  ;recQualLevel  ;AssistingReference
-------------------------------------------------------------------------------------
   1  ; 1  ;NO_FAULT         ;PRC           ;Synchronization=1,SyncEthInput=SyncE (SFP_OPTICAL EthernetPort=TN_IDL_B)
-------------------------------------------------------------------------------------

=====================================================================================================================================
FRU          ;LNH    ;BOARD            ;RF  ;BP  ;TX (W/dBm)  ;VSWR (RL)   ;RX (dBm) ;UEs/gUEs  ;Sector/AntennaGroup/Cells (State:CellIds:PCIs)
=====================================================================================================================================
Radio-S1-1   ;BXP_5  ;RRU2217B20       ; A  ;11  ;-           ;1.23 (19.6) ;         ;10/-      ;SE=1 AG=1 FDD=VV08E1 NIOT=VV08N1 (1:61:487, 1:161:487)
Radio-S1-1   ;BXP_5  ;RRU2217B20       ; B  ;11  ;-           ;1.21 (20.4) ;         ;10/-      ;SE=1 AG=1 FDD=VV08E1 NIOT=VV08N1 (1:61:487, 1:161:487)
Radio-S2-1   ;BXP_3  ;RRU2217B20       ; A  ;11  ;-           ;1.19 (21.3) ;         ;15/-      ;SE=2 AG=2 FDD=VV08E2 NIOT=VV08N2 (1:62:338, 1:162:338)
Radio-S2-1   ;BXP_3  ;RRU2217B20       ; B  ;11  ;-           ;1.20 (20.7) ;         ;15/-      ;SE=2 AG=2 FDD=VV08E2 NIOT=VV08N2 (1:62:338, 1:162:338)
Radio-S3-1   ;BXP_2  ;RRU2217B20       ; A  ;11  ;-           ;1.25 (19.2) ;         ;2/-       ;SE=3 AG=3 FDD=VV08E3 NIOT=VV08N3 (1:63:139, 1:163:139)
Radio-S3-1   ;BXP_2  ;RRU2217B20       ; B  ;11  ;-           ;1.30 (17.8) ;         ;2/-       ;SE=3 AG=3 FDD=VV08E3 NIOT=VV08N3 (1:63:139, 1:163:139)
Radio-S100-1 ;BXP_4  ;RRU449944B144B3C ; A  ;11  ;44.5 (46.5) ;1.12 (24.7) ;-95.6    ;10/-      ;SE=100 AG=100 FDD=VV08M1 FDD=VV08T1 (1:31:329, 1:41:405)
Radio-S100-1 ;BXP_4  ;RRU449944B144B3C ; B  ;11  ;13.8 (41.4) ;1.17 (22.3) ;-95.4    ;10/-      ;SE=100 AG=100 FDD=VV08M1 FDD=VV08T1 (1:31:329, 1:41:405)
Radio-S100-1 ;BXP_4  ;RRU449944B144B3C ; C  ;11  ;48.1 (46.8) ;1.26 (18.9) ;-93.0    ;29/-      ;SE=101 AG=101 FDD=VV08M2 FDD=VV08T2 (1:32:83, 1:42:455)
Radio-S100-1 ;BXP_4  ;RRU449944B144B3C ; D  ;11  ;50.6 (47.0) ;1.32 (17.3) ;-93.4    ;29/-      ;SE=101 AG=101 FDD=VV08M2 FDD=VV08T2 (1:32:83, 1:42:455)
Radio-S102-1 ;BXP_6  ;RRU449944B144B3C ; A  ;11  ;31.7 (45.0) ;1.23 (19.9) ;-95.1    ;7/-       ;SE=102 AG=102 FDD=VV08M3 FDD=VV08T3 (1:33:355, 1:43:30)
Radio-S102-1 ;BXP_6  ;RRU449944B144B3C ; B  ;11  ;11.5 (40.6) ;1.17 (22.3) ;-94.9    ;7/-       ;SE=102 AG=102 FDD=VV08M3 FDD=VV08T3 (1:33:355, 1:43:30)
Radio-S102-1 ;BXP_6  ;RRU449944B144B3C ; C  ;11  ;-           ;-           ;         ;          ;
Radio-S102-1 ;BXP_6  ;RRU449944B144B3C ; D  ;11  ;-           ;-           ;         ;          ;
-------------------------------------------------------------------------------------------------------------------------------------

VV08E> mfar

251125-13:57:06+0100 19.31.16.169 25.0h MSRBS_NODE_MODEL_25.Q1_693.28324.131_62ac stopfile=/tmp/2609324
........
Last MO: 19377. Loaded 19377 MOs. Total: 19378 MOs.
...............................................
get /rop/A20251125.1115-1130_VV08E.xml.gz /ericsson/log/amos/moshell_logfiles/t20251125_37258710_65084/logs_moshell/pmfiles/19.31.16.169/rop/A20251125.1115-1130_VV08E.xml.gz ... OK
get /rop/A20251125.1130-1145_VV08E.xml.gz /ericsson/log/amos/moshell_logfiles/t20251125_37258710_65084/logs_moshell/pmfiles/19.31.16.169/rop/A20251125.1130-1145_VV08E.xml.gz ... OK
get /rop/A20251125.1145-1200_VV08E.xml.gz /ericsson/log/amos/moshell_logfiles/t20251125_37258710_65084/logs_moshell/pmfiles/19.31.16.169/rop/A20251125.1145-1200_VV08E.xml.gz ... OK

Using hardcoded thresholds: 3, 4.5, and 16.5
================================================================================================================================
SC     SE  Tx/Rx BrPair  RfPort1 - RfPort2               HW       Serial      Cell (State)   Samples   Med  Mean  SDev Pol Res Issue
================================================================================================================================
VV08E1   1   2/2 0 (1,2) Radio-S1-1(A) Radio-S1-1(B)     RRU2217  TU8U01ZQLM  FDD=VV08E1 (1)  115477  -0.5  -0.4   7.0  NA  OK Passed
VV08E2   2   2/2 0 (1,2) Radio-S2-1(A) Radio-S2-1(B)     RRU2217  TU8U01ZQMH  FDD=VV08E2 (1)  215309  -0.5  -0.5   6.6  NA  OK Passed
VV08E3   3   2/2 0 (1,2) Radio-S3-1(A) Radio-S3-1(B)     RRU2217  TU8U01ZQMC  FDD=VV08E3 (1)   17798  -0.5  -0.9   6.3  NA  OK Passed
VV08M1 100   2/2 0 (1,2) Radio-S100-1(A) Radio-S100-1(B) RRU4499  E23E518233  FDD=VV08M1 (1)   29535   0.5   0.2   6.3  NA  OK Passed
VV08M2 101   2/2 0 (1,2) Radio-S100-1(C) Radio-S100-1(D) RRU4499  E23E518233  FDD=VV08M2 (1)  134244  -0.5  -0.7   7.0  NA  OK Passed
VV08M3 102   2/2 0 (1,2) Radio-S102-1(A) Radio-S102-1(B) RRU4499  E23E518245  FDD=VV08M3 (1)   65018   1.5   1.7   2.6  NA  OK Passed
VV08T1 100   2/2 0 (1,2) Radio-S100-1(A) Radio-S100-1(B) RRU4499  E23E518233  FDD=VV08T1 (1)  142822   0.5   0.4   6.3  NA  OK Passed
VV08T2 101   2/2 0 (1,2) Radio-S100-1(C) Radio-S100-1(D) RRU4499  E23E518233  FDD=VV08T2 (1)  233217   0.5   0.6   6.5  NA  OK Passed
VV08T3 102   2/2 0 (1,2) Radio-S102-1(A) Radio-S102-1(B) RRU4499  E23E518245  FDD=VV08T3 (1)   72368  -0.5  -0.5   5.4  NA  OK Passed
================================================================================================================================
Total: 9 SectorCarriers, 9 RfBranch Pairs (9 OK, 0 OKW, 0 NOK, 0 NT)
........
Last MO: 19377. Loaded 19377 MOs. Total: 19378 MOs.

No NRSectorCarrier MOs are defined on the node.

VV08E> mfitr

251125-13:57:24+0100 19.31.16.169 25.0h MSRBS_NODE_MODEL_25.Q1_693.28324.131_62ac stopfile=/tmp/2609324
.............
Last MO: 19377. Loaded 19377 MOs. Total: 19378 MOs.
..........
2025-11-25 13:58
================================================================================================================================
CELL       SC     FRU          BOARD            PUSCH  PUCCH       A      B      C      D  DELTA
================================================================================================================================
FDD=VV08E1 VV08E1 Radio-S1-1   RRU2217B20       -116.9 -115.1 -117.2 -115.8                  1.4
FDD=VV08E2 VV08E2 Radio-S2-1   RRU2217B20       -115.9 -112.6 -117.5 -117.6                  0.1
FDD=VV08E3 VV08E3 Radio-S3-1   RRU2217B20       -117.4 -116.2 -117.8 -118.2                  0.4
FDD=VV08M1 VV08M1 Radio-S100-1 RRU449944B144B3C -119.3 -119.3 -119.4 -119.5                  0.1
FDD=VV08M2 VV08M2 Radio-S100-1 RRU449944B144B3C -118.0 -118.5               -118.5 -117.7    0.8
FDD=VV08M3 VV08M3 Radio-S102-1 RRU449944B144B3C -119.4 -119.4 -119.6 -119.5                  0.1
FDD=VV08T1 VV08T1 Radio-S100-1 RRU449944B144B3C -117.9 -117.8 -118.3 -118.1                  0.2
FDD=VV08T2 VV08T2 Radio-S100-1 RRU449944B144B3C -115.4 -115.9               -114.9 -116.6    1.7
FDD=VV08T3 VV08T3 Radio-S102-1 RRU449944B144B3C -117.5 -117.8 -117.2 -116.6                  0.6
================================================================================================================================
Bye...
Output has been logged to file /mta_fs/UserFiles/37258710/amosbatch/SDIR/VV08E.log
