Logging to file /mta_fs/UserFiles/37258710/amosbatch/SDIR/VV11T.log
                        __  __  ____   _____
                  /\   |  \/  |/ __ \ / ____|
                 /  \  | \  / | |  | | (___  
                / /\ \ | |\/| | |  | |\___ \ 
               / ____ \| |  | | |__| |____) |
              /_/    \_\_|  |_|\____/|_____/
              OSS Framework for MoShell-25.0h 
  Copyright (c) Ericsson AB 2001-2025 - All Rights Reserved
              
           
[1;31mWARNING: [0mthe AMOS version currently running is more than 29 weeks old and is unsupported.
Please upgrade as soon as possible to the latest released version, available from your local Ericsson support.

$amosrb_pid = 3272221

Checking ip contact...OK

HELP MENU            : h
BASIC MO COMMANDS    : m
OTHER MO COMMANDS    : n
OTHER COMMANDS       : o
PM COMMANDS          : p
QUIT                 : q

VV11T> lt all

251125-17:19:46+0100 19.31.10.238 25.0h  stopfile=/tmp/3272113
Looking up temporary_amos account... OK.
Trying temporary_amos_t20251125_37258710_65084_131's password from amos lookupAccount ... OK

$ssh_pid = 3272846

Connected to 19.31.10.238 (SubNetwork=BBMM_rckomc_R,MeContext=VV11T,ManagedElement=VV11T)

Checking MOM version...MSRBS_NODE_MODEL_25.Q1_198665.224.73_bf81
Parsing MOM (cached): /ericsson/log/amos/moshell_logfiles/t20251125_37258710_65084/logs_moshell/tempfiles/scp-4-amos_20251125-171939_3272055/MSRBS_NODE_MODEL_25.Q1_198665.224.73_bf81.xml.cache.gz ......................................................................................................................................................................................................................Done.
Using paramfile /opt/ericsson/amos/moshell/commonjars/pm/PARAM_MSRBSG2_25.Q1.txt
Parsing file /opt/ericsson/amos/moshell/commonjars/pm/PARAM_MSRBSG2_25.Q1.txt ......................................................................................Done.
Using imomdfile /opt/ericsson/amos/moshell/commonjars/pm/IMOMD_MSRBS_22.Q4.txt
Using imomfile /opt/ericsson/amos/moshell/commonjars/pm/IMOM_MSRBS_25.Q1.txt
Connected to 19.31.10.238 (SubNetwork=BBMM_rckomc_R,MeContext=VV11T,ManagedElement=VV11T)

Last MO: 19143. Loaded 19143 MOs. Total: 19144 MOs.

VV11T> st cell

251125-17:20:06+0100 19.31.10.238 25.0h MSRBS_NODE_MODEL_25.Q1_198665.224.73_bf81 stopfile=/tmp/3272113
===================================================================================
Proxy  Adm State     Op. State     MO
===================================================================================
   43  1 (UNLOCKED)  1 (ENABLED)   ENodeBFunction=1,EUtranCellFDD=VV11E1
  235  1 (UNLOCKED)  1 (ENABLED)   ENodeBFunction=1,EUtranCellFDD=VV11E2
  403  1 (UNLOCKED)  1 (ENABLED)   ENodeBFunction=1,EUtranCellFDD=VV11E3
  566  1 (UNLOCKED)  1 (ENABLED)   ENodeBFunction=1,EUtranCellFDD=VV11M1
  731  1 (UNLOCKED)  1 (ENABLED)   ENodeBFunction=1,EUtranCellFDD=VV11M2
  886  1 (UNLOCKED)  1 (ENABLED)   ENodeBFunction=1,EUtranCellFDD=VV11M3
 1011  1 (UNLOCKED)  1 (ENABLED)   ENodeBFunction=1,EUtranCellFDD=VV11T1
 1208  1 (UNLOCKED)  1 (ENABLED)   ENodeBFunction=1,EUtranCellFDD=VV11T2
 1385  1 (UNLOCKED)  1 (ENABLED)   ENodeBFunction=1,EUtranCellFDD=VV11T3
 2375  1 (UNLOCKED)  1 (ENABLED)   ENodeBFunction=1,NbIotCell=VV11N1
 2376  1 (UNLOCKED)  1 (ENABLED)   ENodeBFunction=1,NbIotCell=VV11N2
 2377  1 (UNLOCKED)  1 (ENABLED)   ENodeBFunction=1,NbIotCell=VV11N3
===================================================================================
Total: 12 MOs

VV11T> st radio

251125-17:20:07+0100 19.31.10.238 25.0h MSRBS_NODE_MODEL_25.Q1_198665.224.73_bf81 stopfile=/tmp/3272113
===================================================================================
Proxy  Adm State     Op. State     MO
===================================================================================
 3459  1 (UNLOCKED)  1 (ENABLED)   Equipment=1,FieldReplaceableUnit=Radio-S1-1
 3471  1 (UNLOCKED)  1 (ENABLED)   Equipment=1,FieldReplaceableUnit=Radio-S100-1
 3494  1 (UNLOCKED)  1 (ENABLED)   Equipment=1,FieldReplaceableUnit=Radio-S102-1
 3517  1 (UNLOCKED)  1 (ENABLED)   Equipment=1,FieldReplaceableUnit=Radio-S2-1
 3529  1 (UNLOCKED)  1 (ENABLED)   Equipment=1,FieldReplaceableUnit=Radio-S3-1
19136  1 (UNLOCKED)  1 (ENABLED)   Transport=1,Synchronization=1,RadioEquipmentClock=1,RadioEquipmentClockReference=NTP1
19137  1 (UNLOCKED)  1 (ENABLED)   Transport=1,Synchronization=1,RadioEquipmentClock=1,RadioEquipmentClockReference=PTP8275_2
===================================================================================
Total: 7 MOs

VV11T> sdir

251125-17:20:08+0100 19.31.10.238 25.0h MSRBS_NODE_MODEL_25.Q1_198665.224.73_bf81 stopfile=/tmp/3272113
INFO: Using amos lookupAccount credentials for the export login
.......................
get /rop/A20251125.1530-1545_VV11T.xml.gz /ericsson/log/amos/moshell_logfiles/t20251125_37258710_65084/logs_moshell/pmfiles/19.31.10.238/rop/A20251125.1530-1545_VV11T.xml.gz ... OK
get /rop/A20251125.1545-1600_VV11T.xml.gz /ericsson/log/amos/moshell_logfiles/t20251125_37258710_65084/logs_moshell/pmfiles/19.31.10.238/rop/A20251125.1545-1600_VV11T.xml.gz ... OK
get /rop/A20251125.1600-1615_VV11T.xml.gz /ericsson/log/amos/moshell_logfiles/t20251125_37258710_65084/logs_moshell/pmfiles/19.31.10.238/rop/A20251125.1600-1615_VV11T.xml.gz ... OK
....Checking available boards on node...

Collecting RCS board data ...
.....................................................................................
..........................
...............................................................................................................................................................................................................................................................................
...
Collecting TN data...
.
Getting MO data from node (87 MOs). Please wait...
0%                                             ~50%                                           ~100%
................................................................................................................................
Collecting RF data...
...
Collecting Alarms...
Executing action Log.export()
...
Log=AlarmLog                    actionId=14929
............
Executing action LogM.exportAvailabilityLog()
..LogM=1,exportAvailabilityLog    actionId=14930
............Parsing alarmLog.........Done.
Parsing availabilityLog........Done.
...........

Total: 5 CPRI links (5 OK, 0 OKW, 0 NOK, 0 NT)
.
+--------+                      +------------+
|        | A        O98      D1 | Radio-S1-1 |
|        |-----------1----------| RRU2217B20 |
|        |         OK-21m       |   BXP_2    |
|        |                      +------------+
|        |                             |A  |B
|        |               SE=1 AG=1 FDD=VV11E1
|        |                        NIOT=VV11N1
|        |
|        |                      +------------+
|        | B        O98      D1 | Radio-S2-1 |
|        |-----------2----------| RRU2217B20 |
|        |         OK-21m       |   BXP_3    |
|        |                      +------------+
|        |                             |A  |B
|        |               SE=2 AG=2 FDD=VV11E2
|        |                        NIOT=VV11N2
|        |
|        |                      +------------+
|        | C        O98      D1 | Radio-S3-1 |
|        |-----------3----------| RRU2217B20 |
|        |         OK-21m       |   BXP_4    |
|        |                      +------------+
|        |                             |A  |B
|  BB-1  |               SE=3 AG=3 FDD=VV11E3
| BB6630 |                        NIOT=VV11N3
| 000100 |
|        |                      +------------------+
|        | D        O101     D2 |   Radio-S100-1   |
|        |-----------4----------| RRU449944B144B3C |
|        |         OK-22m       |      BXP_5       |
|        |                      +------------------+
|        |                           |A  |B  |C  |D
|        |                    SE=100 AG=100  |   |
|        |            FDD=VV11M1 FDD=VV11T1  |   |
|        |                            SE=101 AG=101
|        |                    FDD=VV11M2 FDD=VV11T2
|        |
|        |                      +------------------+
|        | E        O101     D2 |   Radio-S102-1   |
|        |-----------5----------| RRU449944B144B3C |
|        |         OK-22m       |      BXP_6       |
|        |                      +------------------+
|        |                           |A  |B  |C  |D
|        |                    SE=102 AG=102  |   |
|        |            FDD=VV11M3 FDD=VV11T3  |   |
|        |
+--------+

=====================================================================================================================================
ID RiL    Type Res MO1-MO2                  BOARD1-BOARD2           AlmIDs Cells (States)                                        Issue (Failed checks)
=====================================================================================================================================
 1 S1-1   O98  OK  BB-1(A) Radio-S1-1(D1)   BB6630 RRU2217B20              FDD=VV11E1 NIOT=VV11N1 (1,1)                          Passed
 2 S2-1   O98  OK  BB-1(B) Radio-S2-1(D1)   BB6630 RRU2217B20              FDD=VV11E2 NIOT=VV11N2 (1,1)                          Passed
 3 S3-1   O98  OK  BB-1(C) Radio-S3-1(D1)   BB6630 RRU2217B20              FDD=VV11E3 NIOT=VV11N3 (1,1)                          Passed
 4 S100-1 O101 OK  BB-1(D) Radio-S100-1(D2) BB6630 RRU449944B144B3C        FDD=VV11M1 FDD=VV11M2 FDD=VV11T1 FDD=VV11T2 (1,1,1,1) Passed
 5 S102-1 O101 OK  BB-1(E) Radio-S102-1(D2) BB6630 RRU449944B144B3C        FDD=VV11M3 FDD=VV11T3 (1,1)                           Passed
-------------------------------------------------------------------------------------------------------------------------------------

Node: RadioNode L   CXP9024418/16_R8D21 (RCG123.3-3)   G2   LTE-FDD,LTE-IoT 

=====================================================================================================================================
FRU          ;LNH    ;BOARD            ;ST ;FAULT ;OPER ;MAINT ;STAT ;PRODUCTNUMBER   ;REV     ;SERIAL        ;DATE     ;PMTEMP ; TEMP ; UPT ;VOLT ;SW                   ;
=====================================================================================================================================
BB-1         ;000100 ;BB6630           ; 1 ;  OFF ;  ON ;  OFF ;  ON ;KDU137848/11    ;R3E     ;E96A00NZBU    ;20220302 ;3 (OK) ;      ;41.1 ;48   ;                     ;
Radio-S1-1   ;BXP_2  ;RRU2217B20       ; 1 ;  OFF ;  ON ;  OFF ; N/A ;KRC161549/1     ;R1S     ;TU8U01DTPM    ;20220222 ;4 (OK) ; 40.8 ;19.2 ;54.0 ;CXP9013268%9_R96JB   ; (Radio2217B20)
Radio-S100-1 ;BXP_5  ;RRU449944B144B3C ; 1 ;  OFF ;  ON ;  OFF ; N/A ;KRC161787/1     ;R2D     ;E55F010969    ;20220104 ;4 (OK) ; 48.0 ;19.2 ;53.1 ;CXP9013268%15_R101KB ; (Radio449944B144B3C)
Radio-S102-1 ;BXP_6  ;RRU449944B144B3C ; 1 ;  OFF ;  ON ;  OFF ; N/A ;KRC161787/1     ;R2D     ;E55F021153    ;20220105 ;4 (OK) ; 35.5 ;41.0 ;53.6 ;CXP9013268%15_R101KB ; (Radio449944B144B3C)
Radio-S2-1   ;BXP_3  ;RRU2217B20       ; 1 ;  OFF ;  ON ;  OFF ; N/A ;KRC161549/1     ;R1S     ;TU8U01DTPL    ;20220222 ;4 (OK) ; 44.6 ;41.0 ;54.0 ;CXP9013268%9_R96JB   ; (Radio2217B20)
Radio-S3-1   ;BXP_4  ;RRU2217B20       ; 1 ;  OFF ;  ON ;  OFF ; N/A ;KRC161549/1     ;R1S     ;TU8U01DTLX    ;20220222 ;4 (OK) ; 43.3 ;19.1 ;53.5 ;CXP9013268%9_R96JB   ; (Radio2217B20)
-------------------------------------------------------------------------------------------------------------------------------------

=====================================================================================================================================
AntennaNearUnit                                   ;ST  ;TYPE   ;PRODUCTNR     ;REV                ;UNIQUEID             ;RfPort
=====================================================================================================================================
AntennaUnitGroup=1,AntennaNearUnit=RET_1800_2100  ; 1  ;S-RET  ;AIMM20M22     ;WD81MANBRCU_VER.D  ;HWM1360G1021H508yyR  ;FieldReplaceableUnit=Radio-S1-1,RfPort=A
AntennaUnitGroup=1,AntennaNearUnit=RET_800        ; 1  ;S-RET  ;AIMM20M22     ;WD81MANBRCU_VER.D  ;HWM1360G1021E50210r  ;FieldReplaceableUnit=Radio-S1-1,RfPort=A
AntennaUnitGroup=1,AntennaNearUnit=RET_900        ; 1  ;S-RET  ;AIMM20M22     ;WD81MANBRCU_VER.D  ;HWM1360G1021F4447rr  ;FieldReplaceableUnit=Radio-S1-1,RfPort=A
AntennaUnitGroup=1,AntennaNearUnit=TMA_B20        ; 1  ;TMA    ;KRY112451/11  ;R1A                ;ERT203X61            ;FieldReplaceableUnit=Radio-S1-1,RfPort=A
AntennaUnitGroup=100,AntennaNearUnit=DTMA_B3B1    ; 1  ;TMA    ;KRY112227/12  ;R1A                ;ERT405---BU94121524  ;FieldReplaceableUnit=Radio-S100-1,RfPort=R
AntennaUnitGroup=101,AntennaNearUnit=DTMA_B3B1    ; 1  ;TMA    ;KRY112227/12  ;R1A                ;ERT405---BU94147693  ;FieldReplaceableUnit=Radio-S100-1,RfPort=R
AntennaUnitGroup=102,AntennaNearUnit=DTMA_B3B1    ; 1  ;TMA    ;KRY112227/12  ;R1A                ;ERT405---BU94124159  ;FieldReplaceableUnit=Radio-S102-1,RfPort=R
AntennaUnitGroup=2,AntennaNearUnit=RET_1800_2100  ; 1  ;S-RET  ;AIMM20M22     ;WD81MANBRCU_VER.D  ;HWM1360G10282305yyR  ;FieldReplaceableUnit=Radio-S2-1,RfPort=A
AntennaUnitGroup=2,AntennaNearUnit=RET_800        ; 1  ;S-RET  ;AIMM20M22     ;WD81MANBRCU_VER.D  ;HWM1360G1027Y50670r  ;FieldReplaceableUnit=Radio-S2-1,RfPort=A
AntennaUnitGroup=2,AntennaNearUnit=RET_900        ; 1  ;S-RET  ;AIMM20M22     ;WD81MANBRCU_VER.D  ;HWM1360G102802060rr  ;FieldReplaceableUnit=Radio-S2-1,RfPort=A
AntennaUnitGroup=2,AntennaNearUnit=TMA_B20        ; 1  ;TMA    ;78210430V43   ;HW_V_A00/01        ;KAYYO1940913         ;FieldReplaceableUnit=Radio-S2-1,RfPort=A
AntennaUnitGroup=3,AntennaNearUnit=RET_1800_2100  ; 1  ;S-RET  ;AIMM20M22     ;WD81MANBRCU_VER.D  ;HWM1360G1026Y725yyR  ;FieldReplaceableUnit=Radio-S3-1,RfPort=A
AntennaUnitGroup=3,AntennaNearUnit=RET_800        ; 1  ;S-RET  ;AIMM20M22     ;WD81MANBRCU_VER.D  ;HWM1360G1026V32810r  ;FieldReplaceableUnit=Radio-S3-1,RfPort=A
AntennaUnitGroup=3,AntennaNearUnit=RET_900        ; 1  ;S-RET  ;AIMM20M22     ;WD81MANBRCU_VER.D  ;HWM1360G1026W6156rr  ;FieldReplaceableUnit=Radio-S3-1,RfPort=A
AntennaUnitGroup=3,AntennaNearUnit=TMA_B20        ; 1  ;TMA    ;78210430V43   ;HW_V_A00/01        ;KAYYO2041698         ;FieldReplaceableUnit=Radio-S3-1,RfPort=A
-------------------------------------------------------------------------------------------------------------------------------------

=====================================================================================================================================
XPBOARD  ;ST ;FAULT ;OPER ;PRODUCTNUMBER ;REV ;SERIAL/NAME ;DATE     ; TEMP ;MO
=====================================================================================================================================
FAN      ; 1 ;N/A   ;N/A  ;BKV106217/1   ;N/A ;N/A         ;N/A      ;      ;SupportUnit=1 (FAN  BB-1)
-------------------------------------------------------------------------------------------------------------------------------------

=====================================================================================================================================
ID ;T ;RiL    ;BPBP ;BOARD1           ;LNH1 ;PORT ;R ;LINK ;RATE  ; BER ;BOARD2           ;LNH2 ;PORT ;R ;LINK ;RATE  ; BER ;LENGTH ;MO1 - MO2
=====================================================================================================================================
 1 ;O ;  S1-1 ;1111 ;BB6630           ;000100 ; 1 ;M ;Up   ;9.8G  ;   0 ;RRU2217B20       ;BXP_2  ; 0 ;S ;Up   ;9.8G  ;   0 ;   21m ;Fru=BB-1(A) Fru=Radio-S1-1(D1)
 2 ;O ;  S2-1 ;1111 ;BB6630           ;000100 ; 2 ;M ;Up   ;9.8G  ;   0 ;RRU2217B20       ;BXP_3  ; 0 ;S ;Up   ;9.8G  ;   0 ;   21m ;Fru=BB-1(B) Fru=Radio-S2-1(D1)
 3 ;O ;  S3-1 ;1111 ;BB6630           ;000100 ; 3 ;M ;Up   ;9.8G  ;   0 ;RRU2217B20       ;BXP_4  ; 0 ;S ;Up   ;9.8G  ;   0 ;   21m ;Fru=BB-1(C) Fru=Radio-S3-1(D1)
 4 ;O ;S100-1 ;1111 ;BB6630           ;000100 ; 4 ;M ;Up   ;10.1G ;   0 ;RRU449944B144B3C ;BXP_5  ; 1 ;S ;Up   ;10.1G ;   0 ;   22m ;Fru=BB-1(D) Fru=Radio-S100-1(D2)
 5 ;O ;S102-1 ;1111 ;BB6630           ;000100 ; 5 ;M ;Up   ;10.1G ;   0 ;RRU449944B144B3C ;BXP_6  ; 1 ;S ;Up   ;10.1G ;   0 ;   22m ;Fru=BB-1(E) Fru=Radio-S102-1(D2)
-------------------------------------------------------------------------------------------------------------------------------------

=====================================================================================================================================
ID ;LINK ;RiL    ;VENDOR1  ;VENDORPROD1      ;REV1 ;SERIAL1         ;DATE1    ;ERICSSONPROD1  ;VENDOR2  ;VENDORPROD2      ;REV2 ;SERIAL2         ;DATE2    ;ERICSSONPROD2  ;TT ;WL1     ;WL2    
=====================================================================================================================================
 1 ;Up   ;  S1-1 ;ERICSSON ;LCP-10G3B4HDRME4 ;A    ;2205094A2453306 ;20220207 ;RDH10265/2 R1A ;ERICSSON ;LCP-10G3B4HDRME4 ;A    ;2205094A2454382 ;20220208 ;RDH10265/2 R1A ;0  ;1310.00 ;1310.00
 2 ;Up   ;  S2-1 ;ERICSSON ;LCP-10G3B4HDRME4 ;A    ;2205094A2453307 ;20220207 ;RDH10265/2 R1A ;ERICSSON ;LCP-10G3B4HDRME4 ;A    ;2205094A2453308 ;20220207 ;RDH10265/2 R1A ;0  ;1310.00 ;1310.00
 3 ;Up   ;  S3-1 ;ERICSSON ;LCP-10G3B4HDRME4 ;A    ;2205094A2453314 ;20220207 ;RDH10265/2 R1A ;ERICSSON ;LCP-10G3B4HDRME4 ;A    ;2205094A2453318 ;20220207 ;RDH10265/2 R1A ;0  ;1310.00 ;1310.00
 4 ;Up   ;S100-1 ;ERICSSON ;LCP-10G3B4HDRME4 ;A    ;2205094A2453310 ;20220207 ;RDH10265/2 R1A ;ERICSSON ;LCP-10G3B4HDRME4 ;A    ;2205094A2454368 ;20220208 ;RDH10265/2 R1A ;0  ;1310.00 ;1310.00
 5 ;Up   ;S102-1 ;ERICSSON ;LCP-10G3B4HDRME4 ;A    ;2205094A2453312 ;20220207 ;RDH10265/2 R1A ;ERICSSON ;LCP-10G3B4HDRME4 ;A    ;2205094A2454410 ;20220208 ;RDH10265/2 R1A ;0  ;1310.00 ;1310.00
-------------------------------------------------------------------------------------------------------------------------------------

=====================================================================================================================================
ID ;LINK ;RiL    ;WL1     ;TEMP1 ;TXbs1 ;TXdBm1 ;RXdBm1 ;BER1   ;WL2     ;TEMP2 ;TXbs2 ;TXdBm2 ;RXdBm2 ;BER2   ;DlLoss ;UlLoss ;LENGTH ;TT
=====================================================================================================================================
 1 ;Up   ;  S1-1 ;1310.00 ;42C   ;46%   ;-3.45  ;-3.14  ;   0   ;1310.00 ;38C   ;40%   ;-3.26  ;-4.16  ;   0   ;  0.71 ; -0.12 ;   21m ; 0
 2 ;Up   ;  S2-1 ;1310.00 ;49C   ;47%   ;-3.39  ;-2.98  ;   0   ;1310.00 ;39C   ;45%   ;-3.25  ;-3.36  ;   0   ; -0.03 ; -0.27 ;   21m ; 0
 3 ;Up   ;  S3-1 ;1310.00 ;46C   ;42%   ;-3.23  ;-2.75  ;   0   ;1310.00 ;38C   ;45%   ;-3.78  ;-3.26  ;   0   ;  0.03 ; -1.03 ;   21m ; 0
 4 ;Up   ;S100-1 ;1310.00 ;46C   ;47%   ;-3.53  ;-3.78  ;   0   ;1310.00 ;39C   ;38%   ;-3.31  ;-2.43  ;   0   ;  -1.1 ;  0.47 ;   22m ; 0
 5 ;Up   ;S102-1 ;1310.00 ;43C   ;46%   ;-3.20  ;-3.43  ;   0   ;1310.00 ;27C   ;31%   ;-3.39  ;-2.89  ;   0   ; -0.31 ;  0.04 ;   22m ; 0
-------------------------------------------------------------------------------------------------------------------------------------

=====================================================================================================================================
ID ;RiL    ;BOARD            ;SFPLNH  ;PORT ;VENDOR   ;VENDORPROD       ;REV  ;SERIAL          ;DATE     ;ERICSSONPROD   ;WL      ;TEMP  ;TXbs  ;TXdBm  ;RXdBm  ; BER
=====================================================================================================================================
 1 ;  S1-1 ;BB6630           ;000100   ;  1 ;ERICSSON ;LCP-10G3B4HDRME4 ;A    ;2205094A2453306 ;20220207 ;RDH10265/2 R1A ;1310.00 ;42C   ;46%   ;-3.45  ;-3.14  ;   0
 2 ;  S2-1 ;BB6630           ;000100   ;  2 ;ERICSSON ;LCP-10G3B4HDRME4 ;A    ;2205094A2453307 ;20220207 ;RDH10265/2 R1A ;1310.00 ;49C   ;47%   ;-3.39  ;-2.98  ;   0
 3 ;  S3-1 ;BB6630           ;000100   ;  3 ;ERICSSON ;LCP-10G3B4HDRME4 ;A    ;2205094A2453314 ;20220207 ;RDH10265/2 R1A ;1310.00 ;46C   ;42%   ;-3.23  ;-2.75  ;   0
 4 ;S100-1 ;BB6630           ;000100   ;  4 ;ERICSSON ;LCP-10G3B4HDRME4 ;A    ;2205094A2453310 ;20220207 ;RDH10265/2 R1A ;1310.00 ;46C   ;47%   ;-3.53  ;-3.78  ;   0
 5 ;S102-1 ;BB6630           ;000100   ;  5 ;ERICSSON ;LCP-10G3B4HDRME4 ;A    ;2205094A2453312 ;20220207 ;RDH10265/2 R1A ;1310.00 ;43C   ;46%   ;-3.20  ;-3.43  ;   0
 1 ;  S1-1 ;RRU2217B20       ;BXP_2    ;  0 ;ERICSSON ;LCP-10G3B4HDRME4 ;A    ;2205094A2454382 ;20220208 ;RDH10265/2 R1A ;1310.00 ;38C   ;40%   ;-3.26  ;-4.16  ;   0
 2 ;  S2-1 ;RRU2217B20       ;BXP_3    ;  0 ;ERICSSON ;LCP-10G3B4HDRME4 ;A    ;2205094A2453308 ;20220207 ;RDH10265/2 R1A ;1310.00 ;39C   ;45%   ;-3.25  ;-3.36  ;   0
 3 ;  S3-1 ;RRU2217B20       ;BXP_4    ;  0 ;ERICSSON ;LCP-10G3B4HDRME4 ;A    ;2205094A2453318 ;20220207 ;RDH10265/2 R1A ;1310.00 ;38C   ;45%   ;-3.78  ;-3.26  ;   0
 4 ;S100-1 ;RRU449944B144B3C ;BXP_5    ;  1 ;ERICSSON ;LCP-10G3B4HDRME4 ;A    ;2205094A2454368 ;20220208 ;RDH10265/2 R1A ;1310.00 ;39C   ;38%   ;-3.31  ;-2.43  ;   0
 5 ;S102-1 ;RRU449944B144B3C ;BXP_6    ;  1 ;ERICSSON ;LCP-10G3B4HDRME4 ;A    ;2205094A2454410 ;20220208 ;RDH10265/2 R1A ;1310.00 ;27C   ;31%   ;-3.39  ;-2.89  ;   0
-------------------------------------------------------------------------------------------------------------------------------------
TN ;       ;BB6630           ;000100   ;  A ;ERICSSON ;EOLS-1324-10-DI9 ;1.0  ;SMB4206563      ;20220118 ;RDH10247/2 R2A ;0       ;33C   ;24%   ;-6.60  ;-6.76  ;NZ/0
TN ;       ;BB6630           ;000100   ;  B ;ERICSSON ;LCP-10G3B4HDRME4 ;A    ;2205094A2454365 ;20220208 ;RDH10265/2 R1A ;0       ;39C   ;43%   ;-3.21  ;-4.18  ; 0/0
-------------------------------------------------------------------------------------------------------------------------------------

=====================================================================================================================================
BOARD  ;LNH    ;PORT ;T ;S ;OpMode   ;AutoNeg ;MacAddress        ;VlanIds             ;LOS ;BER
=====================================================================================================================================
BB6630 ;000100 ;TN_A ;O ;1 ;1G_FULL  ;true    ;7C:72:6E:75:C7:32 ;3901,3902,3908,3910 ;0   ;NZ/0
BB6630 ;000100 ;TN_B ;O ;1 ;10G_FULL ;false   ;7C:72:6E:75:C7:33 ;3901,3902           ;0   ;0/0
-------------------------------------------------------------------------------------------------------------------------------------

radioClockState : RNT_TIME_LOCKED
-------------------------------------------------------------------------------------
Prio  ;ST  ;syncRefType    ;refStatus  ;opQualLevel  ;SyncReference
-------------------------------------------------------------------------------------
  *1  ; 1  ;PTP_TIME       ;NO_FAULT   ;PRTC         ;Ptp=1,BoundaryOrdinaryClock=1 (G_8275_2 Router=LTE,InterfaceIPv4=1,AddressIPv4=1:SLAVE)
   2  ; 1  ;NTP_FREQUENCY  ;NO_FAULT   ;PRC          ;Ntp=1,NtpFrequencySync=NTP1 (10.31.0.54:32751 Router=LTE,InterfaceIPv4=1,AddressIPv4=1)
-------------------------------------------------------------------------------------

=====================================================================================================================================
FRU          ;LNH    ;BOARD            ;RF  ;BP  ;TX (W/dBm)  ;VSWR (RL)   ;RX (dBm) ;UEs/gUEs  ;Sector/AntennaGroup/Cells (State:CellIds:PCIs)
=====================================================================================================================================
Radio-S1-1   ;BXP_2  ;RRU2217B20       ; A  ;11  ;-           ;1.22 (20.2) ;         ;6/-       ;SE=1 AG=1 FDD=VV11E1 NIOT=VV11N1 (1:61:32, 1:161:32)
Radio-S1-1   ;BXP_2  ;RRU2217B20       ; B  ;11  ;-           ;1.14 (23.5) ;         ;6/-       ;SE=1 AG=1 FDD=VV11E1 NIOT=VV11N1 (1:61:32, 1:161:32)
Radio-S2-1   ;BXP_3  ;RRU2217B20       ; A  ;11  ;-           ;1.13 (24.1) ;         ;16/-      ;SE=2 AG=2 FDD=VV11E2 NIOT=VV11N2 (1:62:14, 1:162:14)
Radio-S2-1   ;BXP_3  ;RRU2217B20       ; B  ;11  ;-           ;1.17 (22.3) ;         ;16/-      ;SE=2 AG=2 FDD=VV11E2 NIOT=VV11N2 (1:62:14, 1:162:14)
Radio-S3-1   ;BXP_4  ;RRU2217B20       ; A  ;11  ;-           ;1.13 (24.6) ;         ;13/-      ;SE=3 AG=3 FDD=VV11E3 NIOT=VV11N3 (1:63:472, 1:163:472)
Radio-S3-1   ;BXP_4  ;RRU2217B20       ; B  ;11  ;-           ;1.23 (19.8) ;         ;13/-      ;SE=3 AG=3 FDD=VV11E3 NIOT=VV11N3 (1:63:472, 1:163:472)
Radio-S100-1 ;BXP_5  ;RRU449944B144B3C ; A  ;11  ;28.2 (44.5) ;1.15 (23.1) ;-94.3    ;32/-      ;SE=100 AG=100 FDD=VV11M1 FDD=VV11T1 (1:31:198, 1:41:47)
Radio-S100-1 ;BXP_5  ;RRU449944B144B3C ; B  ;11  ;28.5 (44.6) ;1.10 (26.2) ;-92.0    ;32/-      ;SE=100 AG=100 FDD=VV11M1 FDD=VV11T1 (1:31:198, 1:41:47)
Radio-S100-1 ;BXP_5  ;RRU449944B144B3C ; C  ;11  ;34.9 (45.4) ;1.39 (15.7) ;-92.7    ;45/-      ;SE=101 AG=101 FDD=VV11M2 FDD=VV11T2 (1:32:495, 1:42:70)
Radio-S100-1 ;BXP_5  ;RRU449944B144B3C ; D  ;11  ;32.9 (45.2) ;1.15 (23.1) ;-92.2    ;45/-      ;SE=101 AG=101 FDD=VV11M2 FDD=VV11T2 (1:32:495, 1:42:70)
Radio-S102-1 ;BXP_6  ;RRU449944B144B3C ; A  ;11  ;32.5 (45.1) ;1.12 (24.8) ;-90.7    ;64/-      ;SE=102 AG=102 FDD=VV11M3 FDD=VV11T3 (1:33:246, 1:43:71)
Radio-S102-1 ;BXP_6  ;RRU449944B144B3C ; B  ;11  ;34.0 (45.3) ;1.09 (27.4) ;-91.3    ;64/-      ;SE=102 AG=102 FDD=VV11M3 FDD=VV11T3 (1:33:246, 1:43:71)
Radio-S102-1 ;BXP_6  ;RRU449944B144B3C ; C  ;11  ;-           ;-           ;         ;          ;
Radio-S102-1 ;BXP_6  ;RRU449944B144B3C ; D  ;11  ;-           ;-           ;         ;          ;
-------------------------------------------------------------------------------------------------------------------------------------

VV11T> mfar

251125-17:22:59+0100 19.31.10.238 25.0h MSRBS_NODE_MODEL_25.Q1_198665.224.73_bf81 stopfile=/tmp/3272113
........
Last MO: 19146. Loaded 19146 MOs. Total: 19147 MOs.
................................................
get /rop/A20251125.1445-1500_VV11T.xml.gz /ericsson/log/amos/moshell_logfiles/t20251125_37258710_65084/logs_moshell/pmfiles/19.31.10.238/rop/A20251125.1445-1500_VV11T.xml.gz ... OK
get /rop/A20251125.1500-1515_VV11T.xml.gz /ericsson/log/amos/moshell_logfiles/t20251125_37258710_65084/logs_moshell/pmfiles/19.31.10.238/rop/A20251125.1500-1515_VV11T.xml.gz ... OK
get /rop/A20251125.1515-1530_VV11T.xml.gz /ericsson/log/amos/moshell_logfiles/t20251125_37258710_65084/logs_moshell/pmfiles/19.31.10.238/rop/A20251125.1515-1530_VV11T.xml.gz ... OK

Using hardcoded thresholds: 3, 4.5, and 16.5
================================================================================================================================
SC     SE  Tx/Rx BrPair  RfPort1 - RfPort2               HW       Serial      Cell (State)   Samples   Med  Mean  SDev Pol Res Issue
================================================================================================================================
VV11E1   1   2/2 0 (1,2) Radio-S1-1(A) Radio-S1-1(B)     RRU2217  TU8U01DTPM  FDD=VV11E1 (1)   51508   0.5   1.0   7.6  NA  OK Passed
VV11E2   2   2/2 0 (1,2) Radio-S2-1(A) Radio-S2-1(B)     RRU2217  TU8U01DTPL  FDD=VV11E2 (1)  187217   2.5   2.1   6.9  NA  OK Passed
VV11E3   3   2/2 0 (1,2) Radio-S3-1(A) Radio-S3-1(B)     RRU2217  TU8U01DTLX  FDD=VV11E3 (1)  144291   0.5   0.2   6.7  NA  OK Passed
VV11M1 100   2/2 0 (1,2) Radio-S100-1(A) Radio-S100-1(B) RRU4499  E55F010969  FDD=VV11M1 (1)   99728   2.5   2.6   6.0  NA  OK Passed
VV11M2 101   2/2 0 (1,2) Radio-S100-1(C) Radio-S100-1(D) RRU4499  E55F010969  FDD=VV11M2 (1)   92296   1.5   1.1   6.5  NA  OK Passed
VV11M3 102   2/2 0 (1,2) Radio-S102-1(A) Radio-S102-1(B) RRU4499  E55F021153  FDD=VV11M3 (1)   76166   0.5   0.8   7.2  NA  OK Passed
VV11T1 100   2/2 0 (1,2) Radio-S100-1(A) Radio-S100-1(B) RRU4499  E55F010969  FDD=VV11T1 (1)  217658  -0.5  -1.0   8.5  NA  OK Passed
VV11T2 101   2/2 0 (1,2) Radio-S100-1(C) Radio-S100-1(D) RRU4499  E55F010969  FDD=VV11T2 (1)  190362   0.5   0.3   7.2  NA  OK Passed
VV11T3 102   2/2 0 (1,2) Radio-S102-1(A) Radio-S102-1(B) RRU4499  E55F021153  FDD=VV11T3 (1)  181114  -0.5  -0.6   7.4  NA  OK Passed
================================================================================================================================
Total: 9 SectorCarriers, 9 RfBranch Pairs (9 OK, 0 OKW, 0 NOK, 0 NT)
.........
Last MO: 19146. Loaded 19146 MOs. Total: 19147 MOs.

No NRSectorCarrier MOs are defined on the node.

VV11T> mfitr

251125-17:23:19+0100 19.31.10.238 25.0h MSRBS_NODE_MODEL_25.Q1_198665.224.73_bf81 stopfile=/tmp/3272113
..............
Last MO: 19146. Loaded 19146 MOs. Total: 19147 MOs.
...........
2025-11-25 17:23
================================================================================================================================
CELL       SC     FRU          BOARD            PUSCH  PUCCH       A      B      C      D  DELTA
================================================================================================================================
FDD=VV11E1 VV11E1 Radio-S1-1   RRU2217B20       -110.0 -113.8 -110.7 -111.4                  0.7
FDD=VV11E2 VV11E2 Radio-S2-1   RRU2217B20       -115.1 -111.7 -115.1 -115.4                  0.3
FDD=VV11E3 VV11E3 Radio-S3-1   RRU2217B20       -115.2 -112.9 -114.9 -115.3                  0.4
FDD=VV11M1 VV11M1 Radio-S100-1 RRU449944B144B3C -120.5 -120.6 -121.1 -120.4                  0.7
FDD=VV11M2 VV11M2 Radio-S100-1 RRU449944B144B3C -119.9 -119.9               -119.9 -119.4    0.5
FDD=VV11M3 VV11M3 Radio-S102-1 RRU449944B144B3C -119.1 -119.8 -116.4 -117.5                  1.1
FDD=VV11T1 VV11T1 Radio-S100-1 RRU449944B144B3C -117.5 -118.7 -118.4 -117.5                  0.9
FDD=VV11T2 VV11T2 Radio-S100-1 RRU449944B144B3C -115.1 -116.7               -116.3 -115.9    0.4
FDD=VV11T3 VV11T3 Radio-S102-1 RRU449944B144B3C -114.1 -117.6 -117.2 -117.6                  0.4
================================================================================================================================
Bye...
Output has been logged to file /mta_fs/UserFiles/37258710/amosbatch/SDIR/VV11T.log
