Logging to file /mta_fs/UserFiles/37258710/amosbatch/SDIR/VV45E.log
                        __  __  ____   _____
                  /\   |  \/  |/ __ \ / ____|
                 /  \  | \  / | |  | | (___  
                / /\ \ | |\/| | |  | |\___ \ 
               / ____ \| |  | | |__| |____) |
              /_/    \_\_|  |_|\____/|_____/
              OSS Framework for MoShell-25.0h 
  Copyright (c) Ericsson AB 2001-2025 - All Rights Reserved
              
           
[1;31mWARNING: [0mthe AMOS version currently running is more than 29 weeks old and is unsupported.
Please upgrade as soon as possible to the latest released version, available from your local Ericsson support.

$amosrb_pid = 3309007

Checking ip contact...OK

HELP MENU            : h
BASIC MO COMMANDS    : m
OTHER MO COMMANDS    : n
OTHER COMMANDS       : o
PM COMMANDS          : p
QUIT                 : q

VV45E> lt all

251125-17:31:16+0100 19.31.16.248 25.0h  stopfile=/tmp/3308930
Looking up temporary_amos account... OK.
Trying temporary_amos_t20251125_37258710_65084_131's password from amos lookupAccount ... OK

$ssh_pid = 3309824

Connected to 19.31.16.248 (SubNetwork=BBMM_rckomc_R,MeContext=VV45E,ManagedElement=VV45E)

Checking MOM version...MSRBS_NODE_MODEL_25.Q1_198665.224.73_bf81
Parsing MOM (cached): /ericsson/log/amos/moshell_logfiles/t20251125_37258710_65084/logs_moshell/tempfiles/scp-4-amos_20251125-173110_3308867/MSRBS_NODE_MODEL_25.Q1_198665.224.73_bf81.xml.cache.gz ......................................................................................................................................................................................................................Done.
Using paramfile /opt/ericsson/amos/moshell/commonjars/pm/PARAM_MSRBSG2_25.Q1.txt
Parsing file /opt/ericsson/amos/moshell/commonjars/pm/PARAM_MSRBSG2_25.Q1.txt ......................................................................................Done.
Using imomdfile /opt/ericsson/amos/moshell/commonjars/pm/IMOMD_MSRBS_22.Q4.txt
Using imomfile /opt/ericsson/amos/moshell/commonjars/pm/IMOM_MSRBS_25.Q1.txt
Connected to 19.31.16.248 (SubNetwork=BBMM_rckomc_R,MeContext=VV45E,ManagedElement=VV45E)

Last MO: 18361. Loaded 18361 MOs. Total: 18362 MOs.

VV45E> st cell

251125-17:31:35+0100 19.31.16.248 25.0h MSRBS_NODE_MODEL_25.Q1_198665.224.73_bf81 stopfile=/tmp/3308930
===================================================================================
Proxy  Adm State     Op. State     MO
===================================================================================
   43  1 (UNLOCKED)  1 (ENABLED)   ENodeBFunction=1,EUtranCellFDD=VV45E1
  284  1 (UNLOCKED)  1 (ENABLED)   ENodeBFunction=1,EUtranCellFDD=VV45E2
  416  1 (UNLOCKED)  1 (ENABLED)   ENodeBFunction=1,EUtranCellFDD=VV45M1
  625  1 (UNLOCKED)  1 (ENABLED)   ENodeBFunction=1,EUtranCellFDD=VV45M2
  743  1 (UNLOCKED)  1 (ENABLED)   ENodeBFunction=1,EUtranCellFDD=VV45T1
  969  1 (UNLOCKED)  1 (ENABLED)   ENodeBFunction=1,EUtranCellFDD=VV45T2
 1852  1 (UNLOCKED)  1 (ENABLED)   ENodeBFunction=1,NbIotCell=VV45N1
 1853  1 (UNLOCKED)  1 (ENABLED)   ENodeBFunction=1,NbIotCell=VV45N2
===================================================================================
Total: 8 MOs

VV45E> st radio

251125-17:31:36+0100 19.31.16.248 25.0h MSRBS_NODE_MODEL_25.Q1_198665.224.73_bf81 stopfile=/tmp/3308930
===================================================================================
Proxy  Adm State     Op. State     MO
===================================================================================
 2762  1 (UNLOCKED)  1 (ENABLED)   Equipment=1,FieldReplaceableUnit=Radio-S100-1
 2785  1 (UNLOCKED)  1 (ENABLED)   Equipment=1,FieldReplaceableUnit=Radio-S210-1
 2802  1 (UNLOCKED)  1 (ENABLED)   Equipment=1,FieldReplaceableUnit=Radio-S211-1
18352  1 (UNLOCKED)  1 (ENABLED)   Transport=1,Synchronization=1,RadioEquipmentClock=1,RadioEquipmentClockReference=NTP1
18353  1 (UNLOCKED)  1 (ENABLED)   Transport=1,Synchronization=1,RadioEquipmentClock=1,RadioEquipmentClockReference=PTP
===================================================================================
Total: 5 MOs

VV45E> sdir

251125-17:31:36+0100 19.31.16.248 25.0h MSRBS_NODE_MODEL_25.Q1_198665.224.73_bf81 stopfile=/tmp/3308930
INFO: Using amos lookupAccount credentials for the export login
............................
get /rop/A20251125.1545-1600_VV45E.xml.gz /ericsson/log/amos/moshell_logfiles/t20251125_37258710_65084/logs_moshell/pmfiles/19.31.16.248/rop/A20251125.1545-1600_VV45E.xml.gz ... OK
get /rop/A20251125.1600-1615_VV45E.xml.gz /ericsson/log/amos/moshell_logfiles/t20251125_37258710_65084/logs_moshell/pmfiles/19.31.16.248/rop/A20251125.1600-1615_VV45E.xml.gz ... OK
get /rop/A20251125.1615-1630_VV45E.xml.gz /ericsson/log/amos/moshell_logfiles/t20251125_37258710_65084/logs_moshell/pmfiles/19.31.16.248/rop/A20251125.1615-1630_VV45E.xml.gz ... OK
...Checking available boards on node...

Collecting RCS board data ...
...................................................................................
.
........................................................................................................................................................................................................................................................................................
......
Collecting TN data...
.........................................................................................................................................................................................................................................................................................................
Collecting RF data...
.
Collecting Alarms...
Executing action Log.export()
...
Log=AlarmLog                    actionId=2683
........
Executing action LogM.exportAvailabilityLog()
..LogM=1,exportAvailabilityLog    actionId=2684
........Parsing alarmLog.........Done.
Parsing availabilityLog......Done.
.........

Total: 3 CPRI links (3 OK, 0 OKW, 0 NOK, 0 NT)

+--------+                      +--------------------+
|        | A        O101     D1 |    Radio-S210-1    |
|        |-----------1----------| RRU227922B822B20C* |
|        |         OK-51m       |       BXP_2        |
|        |                      +--------------------+
|        |                                     |A  |B
|        |                  SE=210* AG=210 FDD=VV45E1
|        |                                NIOT=VV45N1
|        |
|        |                      +--------------------+
|        | B        O101     D1 |    Radio-S211-1    |
|        |-----------2----------| RRU227922B822B20C* |
|        |         OK-61m       |       BXP_3        |
|  BB-1  |                      +--------------------+
| BB6630 |                                     |A  |B
| 000100 |                  SE=211* AG=211 FDD=VV45E2
|        |                                NIOT=VV45N2
|        |
|        |                      +------------------+
|        | D        O101     D2 |   Radio-S100-1   |
|        |-----------3----------| RRU449944B144B3C |
|        |         OK-72m       |      BXP_4       |
|        |                      +------------------+
|        |                           |A  |B  |C  |D
|        |                    SE=100 AG=100  |   |
|        |            FDD=VV45M1 FDD=VV45T1  |   |
|        |                            SE=101 AG=101
|        |                    FDD=VV45M2 FDD=VV45T2
|        |
+--------+

=====================================================================================================================================
ID RiL    Type Res MO1-MO2                  BOARD1-BOARD2             AlmIDs Cells (States)                                        Issue (Failed checks)
=====================================================================================================================================
 1 S210-1 O101 OK  BB-1(A) Radio-S210-1(D1) BB6630 RRU227922B822B20C*        FDD=VV45E1 NIOT=VV45N1 (1,1)                          Passed
 2 S211-1 O101 OK  BB-1(B) Radio-S211-1(D1) BB6630 RRU227922B822B20C*        FDD=VV45E2 NIOT=VV45N2 (1,1)                          Passed
 3 S100-1 O101 OK  BB-1(D) Radio-S100-1(D2) BB6630 RRU449944B144B3C          FDD=VV45M1 FDD=VV45M2 FDD=VV45T1 FDD=VV45T2 (1,1,1,1) Passed
-------------------------------------------------------------------------------------------------------------------------------------

Node: RadioNode L   CXP9024418/16_R8D21 (RCG123.3-3)   G2   LTE-FDD,LTE-IoT 

=====================================================================================================================================
FRU          ;LNH    ;BOARD              ;ST ;FAULT ;OPER ;MAINT ;STAT ;PRODUCTNUMBER   ;REV     ;SERIAL        ;DATE     ;PMTEMP ; TEMP ; UPT ;VOLT ;SW                   ;
=====================================================================================================================================
BB-1         ;000100 ;BB6630             ; 1 ;  OFF ;  ON ;  OFF ;  ON ;KDU137848/11    ;R3D     ;E96A00HHYB    ;20210827 ;3 (OK) ;      ;99.1 ;48   ;                     ;
Radio-S100-1 ;BXP_4  ;RRU449944B144B3C   ; 1 ;  OFF ;  ON ;  OFF ; N/A ;KRC161787/1     ;R2D     ;E55D635360    ;20210904 ;4 (OK) ; 37.9 ;99.0 ;51.0 ;CXP9013268%15_R101KB ; (Radio449944B144B3C)
Radio-S210-1 ;BXP_2  ;RRU227922B822B20C* ; 1 ;  OFF ;  ON ;  OFF ; N/A ;KRC161864/1     ;R1E     ;TU8U013LYT    ;20210915 ;4 (OK) ; 35.0 ;76.3 ;51.7 ;CXP9013268%15_R101KB ; (Radio227922B822B20C)
Radio-S211-1 ;BXP_3  ;RRU227922B822B20C* ; 1 ;  OFF ;  ON ;  OFF ; N/A ;KRC161864/1     ;R1E     ;TU8U013TSC    ;20210918 ;4 (OK) ; 38.5 ;76.3 ;52.5 ;CXP9013268%15_R101KB ; (Radio227922B822B20C)
-------------------------------------------------------------------------------------------------------------------------------------

=====================================================================================================================================
AntennaNearUnit                                     ;ST  ;TYPE   ;PRODUCTNR  ;REV       ;UNIQUEID          ;RfPort
=====================================================================================================================================
AntennaUnitGroup=210,AntennaNearUnit=RET_1800_2100  ; 1  ;S-RET  ;86010165   ;HW_V_A01  ;KAD240900489-Y1   ;FieldReplaceableUnit=Radio-S210-1,RfPort=R
AntennaUnitGroup=210,AntennaNearUnit=RET_2600       ; 1  ;S-RET  ;86010165   ;HW_V_A01  ;KAD240900489-Y3   ;FieldReplaceableUnit=Radio-S210-1,RfPort=R
AntennaUnitGroup=210,AntennaNearUnit=RET_800_900    ; 1  ;S-RET  ;86010165   ;HW_V_A01  ;KAD240900489-R1   ;FieldReplaceableUnit=Radio-S210-1,RfPort=R
AntennaUnitGroup=211,AntennaNearUnit=RET_1800_2100  ; 1  ;S-RET  ;86010165   ;HW_V_A01  ;KAD240900476A-Y1  ;FieldReplaceableUnit=Radio-S211-1,RfPort=R
AntennaUnitGroup=211,AntennaNearUnit=RET_2600       ; 1  ;S-RET  ;86010165   ;HW_V_A01  ;KAD240900476A-Y3  ;FieldReplaceableUnit=Radio-S211-1,RfPort=R
AntennaUnitGroup=211,AntennaNearUnit=RET_800_900    ; 1  ;S-RET  ;86010165   ;HW_V_A01  ;KAD240900476A-R1  ;FieldReplaceableUnit=Radio-S211-1,RfPort=R
-------------------------------------------------------------------------------------------------------------------------------------

=====================================================================================================================================
XPBOARD  ;ST ;FAULT ;OPER ;PRODUCTNUMBER ;REV ;SERIAL/NAME ;DATE     ; TEMP ;MO
=====================================================================================================================================
FAN      ; 1 ;N/A   ;N/A  ;BKV106217/1   ;N/A ;N/A         ;N/A      ;      ;SupportUnit=1 (FAN  BB-1)
-------------------------------------------------------------------------------------------------------------------------------------

=====================================================================================================================================
ID ;T ;RiL    ;BPBP ;BOARD1             ;LNH1 ;PORT ;R ;LINK ;RATE  ; BER ;BOARD2             ;LNH2 ;PORT ;R ;LINK ;RATE  ; BER ;LENGTH ;MO1 - MO2
=====================================================================================================================================
 1 ;O ;S210-1 ;1111 ;BB6630             ;000100 ; 1 ;M ;Up   ;10.1G ;   0 ;RRU227922B822B20C* ;BXP_2  ; 0 ;S ;Up   ;10.1G ;   0 ;   51m ;Fru=BB-1(A) Fru=Radio-S210-1(D1)
 2 ;O ;S211-1 ;1111 ;BB6630             ;000100 ; 2 ;M ;Up   ;10.1G ;   0 ;RRU227922B822B20C* ;BXP_3  ; 0 ;S ;Up   ;10.1G ;   0 ;   61m ;Fru=BB-1(B) Fru=Radio-S211-1(D1)
 3 ;O ;S100-1 ;1111 ;BB6630             ;000100 ; 4 ;M ;Up   ;10.1G ;   0 ;RRU449944B144B3C   ;BXP_4  ; 1 ;S ;Up   ;10.1G ;   0 ;   72m ;Fru=BB-1(D) Fru=Radio-S100-1(D2)
-------------------------------------------------------------------------------------------------------------------------------------

=====================================================================================================================================
ID ;LINK ;RiL    ;VENDOR1  ;VENDORPROD1      ;REV1 ;SERIAL1         ;DATE1    ;ERICSSONPROD1  ;VENDOR2  ;VENDORPROD2      ;REV2 ;SERIAL2         ;DATE2    ;ERICSSONPROD2  ;TT ;WL1     ;WL2    
=====================================================================================================================================
 1 ;Up   ;S210-1 ;ERICSSON ;SPP10ELRIDFREN   ;10   ;LA92004012      ;20210908 ;RDH10265/2 R1A ;ERICSSON ;SPP10ELRIDFREN   ;10   ;LA92002873      ;20210908 ;RDH10265/2 R1A ;0  ;1310.00 ;1310.00
 2 ;Up   ;S211-1 ;ERICSSON ;SPP10ELRIDFREN   ;10   ;LA92002466      ;20210908 ;RDH10265/2 R1A ;ERICSSON ;SPP10ELRIDFREN   ;10   ;LD32007850      ;20211202 ;RDH10265/2 R1A ;0  ;1310.00 ;1310.00
 3 ;Up   ;S100-1 ;ERICSSON ;SPP10ELRIDFREN   ;10   ;LA82006713      ;20210907 ;RDH10265/2 R1A ;ERICSSON ;SPP10ELRIDFREN   ;10   ;LA82007145      ;20210907 ;RDH10265/2 R1A ;0  ;1310.00 ;1310.00
-------------------------------------------------------------------------------------------------------------------------------------

=====================================================================================================================================
ID ;LINK ;RiL    ;WL1     ;TEMP1 ;TXbs1 ;TXdBm1 ;RXdBm1 ;BER1   ;WL2     ;TEMP2 ;TXbs2 ;TXdBm2 ;RXdBm2 ;BER2   ;DlLoss ;UlLoss ;LENGTH ;TT
=====================================================================================================================================
 1 ;Up   ;S210-1 ;1310.00 ;37C   ;33%   ;-1.57  ;-2.81  ;   0   ;1310.00 ;28C   ;39%   ;-1.92  ;-3.40  ;   0   ;  1.83 ;  0.89 ;   51m ; 0
 2 ;Up   ;S211-1 ;1310.00 ;39C   ;41%   ;-1.88  ;-3.24  ;   0   ;1310.00 ;30C   ;39%   ;-1.68  ;-2.49  ;   0   ;  0.61 ;  1.56 ;   61m ; 0
 3 ;Up   ;S100-1 ;1310.00 ;39C   ;41%   ;-1.44  ;-1.13  ;   0   ;1310.00 ;33C   ;41%   ;-1.62  ;-4.34  ;   0   ;   2.9 ; -0.49 ;   72m ; 0
-------------------------------------------------------------------------------------------------------------------------------------

=====================================================================================================================================
ID ;RiL    ;BOARD              ;SFPLNH  ;PORT ;VENDOR   ;VENDORPROD       ;REV  ;SERIAL          ;DATE     ;ERICSSONPROD   ;WL      ;TEMP  ;TXbs  ;TXdBm  ;RXdBm  ; BER
=====================================================================================================================================
 1 ;S210-1 ;BB6630             ;000100   ;  1 ;ERICSSON ;SPP10ELRIDFREN   ;10   ;LA92004012      ;20210908 ;RDH10265/2 R1A ;1310.00 ;37C   ;33%   ;-1.57  ;-2.81  ;   0
 2 ;S211-1 ;BB6630             ;000100   ;  2 ;ERICSSON ;SPP10ELRIDFREN   ;10   ;LA92002466      ;20210908 ;RDH10265/2 R1A ;1310.00 ;39C   ;41%   ;-1.88  ;-3.24  ;   0
 3 ;S100-1 ;BB6630             ;000100   ;  4 ;ERICSSON ;SPP10ELRIDFREN   ;10   ;LA82006713      ;20210907 ;RDH10265/2 R1A ;1310.00 ;39C   ;41%   ;-1.44  ;-1.13  ;   0
 1 ;S210-1 ;RRU227922B822B20C* ;BXP_2    ;  0 ;ERICSSON ;SPP10ELRIDFREN   ;10   ;LA92002873      ;20210908 ;RDH10265/2 R1A ;1310.00 ;28C   ;39%   ;-1.92  ;-3.40  ;   0
 2 ;S211-1 ;RRU227922B822B20C* ;BXP_3    ;  0 ;ERICSSON ;SPP10ELRIDFREN   ;10   ;LD32007850      ;20211202 ;RDH10265/2 R1A ;1310.00 ;30C   ;39%   ;-1.68  ;-2.49  ;   0
 3 ;S100-1 ;RRU449944B144B3C   ;BXP_4    ;  1 ;ERICSSON ;SPP10ELRIDFREN   ;10   ;LA82007145      ;20210907 ;RDH10265/2 R1A ;1310.00 ;33C   ;41%   ;-1.62  ;-4.34  ;   0
-------------------------------------------------------------------------------------------------------------------------------------
TN ;       ;BB6630             ;000100   ;  A ;DELTA    ;LCP-2488B4MDRME1 ;A    ;2118060A0300083 ;20210428 ;RDH10247/4 R2A ;0       ;35C   ;25%   ;0.65   ;-9.67  ; 0/0
TN ;       ;BB6630             ;000100   ;  B ;ERICSSON ;SPP10ELRIDFREN   ;10   ;LA82006454      ;20210907 ;RDH10265/2 R1A ;0       ;36C   ;41%   ;-1.42  ;-2.39  ; 0/0
-------------------------------------------------------------------------------------------------------------------------------------

=====================================================================================================================================
BOARD  ;LNH    ;PORT   ;T ;S ;OpMode   ;AutoNeg ;MacAddress        ;VlanIds        ;LOS ;BER
=====================================================================================================================================
BB6630 ;000100 ;IDL_A1 ;E ;1 ;10G_FULL ;false   ;58:45:4C:78:1A:EC ;3908           ;0   ;0/0
BB6630 ;000100 ;TN_A   ;O ;1 ;1G_FULL  ;true    ;58:45:4C:78:1A:E8 ;3901,3908,3910 ;0   ;0/0
BB6630 ;000100 ;TN_B   ;O ;1 ;10G_FULL ;false   ;58:45:4C:78:1A:E9 ;3901,3908,3910 ;0   ;0/0
-------------------------------------------------------------------------------------------------------------------------------------

radioClockState : RNT_TIME_LOCKED
-------------------------------------------------------------------------------------
Prio  ;ST  ;syncRefType    ;refStatus  ;opQualLevel  ;SyncReference
-------------------------------------------------------------------------------------
  *1  ; 1  ;PTP_TIME       ;NO_FAULT   ;PRTC         ;Ptp=1,BoundaryOrdinaryClock=PTP (G_8275_1 EthernetPort=TN_A:SLAVE EthernetPort=TN_B:MASTER)
   2  ; 1  ;NTP_FREQUENCY  ;NO_FAULT   ;PRC          ;Ntp=1,NtpFrequencySync=NTP1 (10.31.0.54:32751 Router=LTE,InterfaceIPv4=1,AddressIPv4=1)
-------------------------------------------------------------------------------------
-------------------------------------------------------------------------------------
Prio  ;ST  ;assistRefStatus  ;recQualLevel  ;AssistingReference
-------------------------------------------------------------------------------------
   1  ; 0  ;NO_FAULT         ;PRC           ;Synchronization=1,SyncEthInput=SyncE (SFP_OPTICAL EthernetPort=TN_A)
-------------------------------------------------------------------------------------
nodeGroupRole   : SYNC_PROVIDER (syncNodePriority=1, selectionMode=NODE_PRIORITY)
-------------------------------------------------------------------------------------
DU  ;Port  ;sharedUnitRef (RiPortA - RiPortB)  ;remoteNodePriority  ;CandidateStatus
-------------------------------------------------------------------------------------
1   ;B     ;Fru=Radio-S211-1 (1 - 2)           ;3                   ;OK_NOT_ACTIVE
1   ;A     ;Fru=Radio-S210-1 (1 - 2)           ;3                   ;OK_NOT_ACTIVE
-------------------------------------------------------------------------------------

=====================================================================================================================================
FRU          ;LNH    ;BOARD              ;RF  ;BP  ;TX (W/dBm)  ;VSWR (RL)   ;RX (dBm) ;UEs/gUEs  ;Sector/AntennaGroup/Cells (State:CellIds:PCIs)
=====================================================================================================================================
Radio-S100-1 ;BXP_4  ;RRU449944B144B3C   ; A  ;11  ;53.3 (47.3) ;1.21 (20.4) ;-90.2    ;34/-      ;SE=100 AG=100 FDD=VV45M1 FDD=VV45T1 (1:31:86, 1:41:177)
Radio-S100-1 ;BXP_4  ;RRU449944B144B3C   ; B  ;11  ;53.5 (47.3) ;1.21 (20.6) ;-92.9    ;34/-      ;SE=100 AG=100 FDD=VV45M1 FDD=VV45T1 (1:31:86, 1:41:177)
Radio-S100-1 ;BXP_4  ;RRU449944B144B3C   ; C  ;11  ;39.2 (45.9) ;1.15 (23.3) ;-92.7    ;26/-      ;SE=101 AG=101 FDD=VV45M2 FDD=VV45T2 (1:32:52, 1:42:96)
Radio-S100-1 ;BXP_4  ;RRU449944B144B3C   ; D  ;11  ;39.3 (45.9) ;1.20 (20.8) ;-93.3    ;26/-      ;SE=101 AG=101 FDD=VV45M2 FDD=VV45T2 (1:32:52, 1:42:96)
Radio-S210-1 ;BXP_2  ;RRU227922B822B20C* ; A  ;11  ;39.2 (45.9) ;1.25 (19.1) ;-93.9    ;10/-      ;SE=210* AG=210 FDD=VV45E1 NIOT=VV45N1 (1:61:20, 1:161:20)
Radio-S210-1 ;BXP_2  ;RRU227922B822B20C* ; B  ;11  ;38.2 (45.8) ;1.17 (22.0) ;-93.9    ;10/-      ;SE=210* AG=210 FDD=VV45E1 NIOT=VV45N1 (1:61:20, 1:161:20)
Radio-S211-1 ;BXP_3  ;RRU227922B822B20C* ; A  ;11  ;34.4 (45.4) ;1.20 (20.9) ;-93.1    ;9/-       ;SE=211* AG=211 FDD=VV45E2 NIOT=VV45N2 (1:62:268, 1:162:268)
Radio-S211-1 ;BXP_3  ;RRU227922B822B20C* ; B  ;11  ;34.9 (45.4) ;1.16 (22.4) ;-95.4    ;9/-       ;SE=211* AG=211 FDD=VV45E2 NIOT=VV45N2 (1:62:268, 1:162:268)
-------------------------------------------------------------------------------------------------------------------------------------

VV45E> mfar

251125-17:33:53+0100 19.31.16.248 25.0h MSRBS_NODE_MODEL_25.Q1_198665.224.73_bf81 stopfile=/tmp/3308930
.....
Last MO: 18355. Loaded 18355 MOs. Total: 18356 MOs.
............................................
get /rop/A20251125.1500-1515_VV45E.xml.gz /ericsson/log/amos/moshell_logfiles/t20251125_37258710_65084/logs_moshell/pmfiles/19.31.16.248/rop/A20251125.1500-1515_VV45E.xml.gz ... OK
get /rop/A20251125.1515-1530_VV45E.xml.gz /ericsson/log/amos/moshell_logfiles/t20251125_37258710_65084/logs_moshell/pmfiles/19.31.16.248/rop/A20251125.1515-1530_VV45E.xml.gz ... OK
get /rop/A20251125.1530-1545_VV45E.xml.gz /ericsson/log/amos/moshell_logfiles/t20251125_37258710_65084/logs_moshell/pmfiles/19.31.16.248/rop/A20251125.1530-1545_VV45E.xml.gz ... OK

Using hardcoded thresholds: 3, 4.5, and 16.5
================================================================================================================================
SC     SE  Tx/Rx BrPair  RfPort1 - RfPort2               HW       Serial      Cell (State)   Samples   Med  Mean  SDev Pol Res Issue
================================================================================================================================
VV45E1 210   2/2 0 (1,2) Radio-S210-1(A) Radio-S210-1(B) RRU2279  TU8U013LYT  FDD=VV45E1 (1)  260015  -0.5   0.1   6.8  NA  OK Passed
VV45E2 211   2/2 0 (1,2) Radio-S211-1(A) Radio-S211-1(B) RRU2279  TU8U013TSC  FDD=VV45E2 (1)  227448  -0.5  -0.6   7.2  NA  OK Passed
VV45M1 100   2/2 0 (1,2) Radio-S100-1(A) Radio-S100-1(B) RRU4499  E55D635360  FDD=VV45M1 (1)  105943   0.5   0.3   6.9  NA  OK Passed
VV45M2 101   2/2 0 (1,2) Radio-S100-1(C) Radio-S100-1(D) RRU4499  E55D635360  FDD=VV45M2 (1)   43144  -0.5  -0.3   6.6  NA  OK Passed
VV45T1 100   2/2 0 (1,2) Radio-S100-1(A) Radio-S100-1(B) RRU4499  E55D635360  FDD=VV45T1 (1)  310555  -1.5  -2.0   7.4  NA  OK Passed
VV45T2 101   2/2 0 (1,2) Radio-S100-1(C) Radio-S100-1(D) RRU4499  E55D635360  FDD=VV45T2 (1)  298683  -0.5  -0.1   7.0  NA  OK Passed
================================================================================================================================
Total: 6 SectorCarriers, 6 RfBranch Pairs (6 OK, 0 OKW, 0 NOK, 0 NT)
......
Last MO: 18355. Loaded 18355 MOs. Total: 18356 MOs.

No NRSectorCarrier MOs are defined on the node.

VV45E> mfitr

251125-17:34:11+0100 19.31.16.248 25.0h MSRBS_NODE_MODEL_25.Q1_198665.224.73_bf81 stopfile=/tmp/3308930
.........
Last MO: 18355. Loaded 18355 MOs. Total: 18356 MOs.
.......
2025-11-25 17:34
================================================================================================================================
CELL       SC     FRU          BOARD             PUSCH  PUCCH       A      B      C      D  DELTA
================================================================================================================================
FDD=VV45E1 VV45E1 Radio-S210-1 RRU227922B822B20C -113.6 -110.8 -112.4 -112.6                  0.2
FDD=VV45E2 VV45E2 Radio-S211-1 RRU227922B822B20C -116.9 -116.3 -116.6 -116.3                  0.3
FDD=VV45M1 VV45M1 Radio-S100-1 RRU449944B144B3C  -117.8 -118.3 -117.2 -117.3                  0.1
FDD=VV45M2 VV45M2 Radio-S100-1 RRU449944B144B3C  -118.5 -119.1               -118.5 -117.8    0.7
FDD=VV45T1 VV45T1 Radio-S100-1 RRU449944B144B3C  -114.7 -113.7 -115.3 -115.9                  0.6
FDD=VV45T2 VV45T2 Radio-S100-1 RRU449944B144B3C  -117.0 -117.1               -116.5 -117.0    0.5
================================================================================================================================
Bye...
Output has been logged to file /mta_fs/UserFiles/37258710/amosbatch/SDIR/VV45E.log
