Logging to file /mta_fs/UserFiles/37258710/amosbatch/SDIR/ZA38L.log
                        __  __  ____   _____
                  /\   |  \/  |/ __ \ / ____|
                 /  \  | \  / | |  | | (___  
                / /\ \ | |\/| | |  | |\___ \ 
               / ____ \| |  | | |__| |____) |
              /_/    \_\_|  |_|\____/|_____/
              OSS Framework for MoShell-25.0h 
  Copyright (c) Ericsson AB 2001-2025 - All Rights Reserved
              
           
[1;31mWARNING: [0mthe AMOS version currently running is more than 29 weeks old and is unsupported.
Please upgrade as soon as possible to the latest released version, available from your local Ericsson support.

$amosrb_pid = 1827916

Checking ip contact...OK

HELP MENU            : h
BASIC MO COMMANDS    : m
OTHER MO COMMANDS    : n
OTHER COMMANDS       : o
PM COMMANDS          : p
QUIT                 : q

ZA38L> lt all

251125-10:00:41+0100 19.31.10.115 25.0h  stopfile=/tmp/1827393
Looking up temporary_amos account... OK.
Trying temporary_amos_t20251125_37258710_65084_131's password from amos lookupAccount ... OK

$ssh_pid = 1828943

Connected to 19.31.10.115 (SubNetwork=BBMM_rckomc_R,MeContext=ZA38L,ManagedElement=ZA38L)

Checking MOM version...MSRBS_NODE_MODEL_25.Q1_693.28324.131_62ac
Parsing MOM (cached): /ericsson/log/amos/moshell_logfiles/t20251125_37258710_65084/logs_moshell/tempfiles/scp-4-amos_20251125-100034_1827335/MSRBS_NODE_MODEL_25.Q1_693.28324.131_62ac.xml.cache.gz ..................................................................................................................................................................................................................................Done.
Using paramfile /opt/ericsson/amos/moshell/commonjars/pm/PARAM_MSRBS_25.Q1.txt
Parsing file /opt/ericsson/amos/moshell/commonjars/pm/PARAM_MSRBS_25.Q1.txt .......................................................................................Done.
Using imomdfile /opt/ericsson/amos/moshell/commonjars/pm/IMOMD_MSRBS_22.Q4.txt
Using imomfile /opt/ericsson/amos/moshell/commonjars/pm/IMOM_MSRBS_25.Q1.txt
Connected to 19.31.10.115 (SubNetwork=BBMM_rckomc_R,MeContext=ZA38L,ManagedElement=ZA38L)

Last MO: 18010. Loaded 18010 MOs. Total: 18011 MOs.

ZA38L> st cell

251125-10:00:55+0100 19.31.10.115 25.0h MSRBS_NODE_MODEL_25.Q1_693.28324.131_62ac stopfile=/tmp/1827393
===================================================================================
Proxy  Adm State     Op. State     MO
===================================================================================
   56  1 (UNLOCKED)  1 (ENABLED)   ENodeBFunction=1,EUtranCellFDD=ZA38L1
  264  1 (UNLOCKED)  1 (ENABLED)   ENodeBFunction=1,EUtranCellFDD=ZA38L2
  386  1 (UNLOCKED)  1 (ENABLED)   ENodeBFunction=1,EUtranCellFDD=ZA38L3
===================================================================================
Total: 3 MOs

ZA38L> st radio

251125-10:00:55+0100 19.31.10.115 25.0h MSRBS_NODE_MODEL_25.Q1_693.28324.131_62ac stopfile=/tmp/1827393
===================================================================================
Proxy  Adm State     Op. State     MO
===================================================================================
 2148  1 (UNLOCKED)  1 (ENABLED)   Equipment=1,FieldReplaceableUnit=Radio-S10-1
 2160  1 (UNLOCKED)  1 (ENABLED)   Equipment=1,FieldReplaceableUnit=Radio-S11-1
 2172  1 (UNLOCKED)  1 (ENABLED)   Equipment=1,FieldReplaceableUnit=Radio-S12-1
 2184  1 (UNLOCKED)  1 (ENABLED)   Equipment=1,FieldReplaceableUnit=Radio-S180-1
 2199  1 (UNLOCKED)  1 (ENABLED)   Equipment=1,FieldReplaceableUnit=Radio-S182-1
18004  1 (UNLOCKED)  1 (ENABLED)   Transport=1,Synchronization=1,RadioEquipmentClock=1,RadioEquipmentClockReference=PTP
18005  1 (UNLOCKED)  1 (ENABLED)   Transport=1,Synchronization=1,RadioEquipmentClock=1,RadioEquipmentClockReference=SyncE
===================================================================================
Total: 7 MOs

ZA38L> sdir

251125-10:00:55+0100 19.31.10.115 25.0h MSRBS_NODE_MODEL_25.Q1_693.28324.131_62ac stopfile=/tmp/1827393
INFO: Using amos lookupAccount credentials for the export login
...............................
get /rop/A20251125.0815-0830_ZA38L.xml.gz /ericsson/log/amos/moshell_logfiles/t20251125_37258710_65084/logs_moshell/pmfiles/19.31.10.115/rop/A20251125.0815-0830_ZA38L.xml.gz ... OK
get /rop/A20251125.0830-0845_ZA38L.xml.gz /ericsson/log/amos/moshell_logfiles/t20251125_37258710_65084/logs_moshell/pmfiles/19.31.10.115/rop/A20251125.0830-0845_ZA38L.xml.gz ... OK
get /rop/A20251125.0845-0900_ZA38L.xml.gz /ericsson/log/amos/moshell_logfiles/t20251125_37258710_65084/logs_moshell/pmfiles/19.31.10.115/rop/A20251125.0845-0900_ZA38L.xml.gz ... OK
....Checking available boards on node...

Collecting RCS board data ...
........................................................................................................................
..........................
..............................................................................................................................................................................................................................................................................................................
...........
Collecting TN data...
...................................................................................................................................
Collecting RF data...
.
Collecting Alarms...
.Executing action Log.export()
...
Log=AlarmLog                    actionId=26357
...............
Executing action LogM.exportAvailabilityLog()
..LogM=1,exportAvailabilityLog    actionId=26358
.....Parsing alarmLog.........Done.
Parsing availabilityLog....Done.
.......

Total: 5 CPRI links (5 OK, 0 OKW, 0 NOK, 0 NT)

+--------+                      +-------------+
|        | A        O98      D1 | Radio-S10-1 |
|        |-----------1----------|  RRU2219B8  |
|        |         OK-57m       |    BXP_5    |
|        |                      +-------------+
|        |                              |A  |B
|        |             SE=10 AG=10 GT=ZA38D1/0
|        |             GT=ZA38D1/1 GT=ZA38D1/2
|        |
|        |                      +-------------+
|        | B        O98      D1 | Radio-S11-1 |
|        |-----------2----------|  RRU2219B8  |
|        |         OK-57m       |    BXP_2    |
|        |                      +-------------+
|        |                              |A  |B
|        |             SE=11 AG=11 GT=ZA38D2/0
|        |                         GT=ZA38D2/1
|        |
|        |                      +-------------+
|        | C        O98      D1 | Radio-S12-1 |
|        |-----------3----------|  RRU2219B8  |
|        |         OK-57m       |    BXP_3    |
|        |                      +-------------+
|        |                              |A  |B
|  BB-1  |             SE=12 AG=12 GT=ZA38D3/0
| BB6631 |             GT=ZA38D3/1 GT=ZA38D3/2
| 000100 |
|        |
|        |                      +---------------+
|        | D        O101     D1 | Radio-S180-1  |
|        |-----------4----------|   RRU4415B7   |
|        |         OK-57m       |     BXP_6     |
|        |                      +---------------+
|        |                        |A  |B  |C  |D
|        |                 SE=180 AG=180  |   |
|        |                    FDD=ZA38L1  |   |
|        |                         SE=181 AG=181
|        |                            FDD=ZA38L2
|        |
|        |                      +---------------+
|        | E        O101     D1 | Radio-S182-1  |
|        |-----------5----------|   RRU4415B7   |
|        |         OK-57m       |     BXP_4     |
|        |                      +---------------+
|        |                        |A  |B  |C  |D
|        |                 SE=182 AG=182  |   |
|        |                    FDD=ZA38L3  |   |
|        |
+--------+

=====================================================================================================================================
ID RiL    Type Res MO1-MO2                  BOARD1-BOARD2    AlmIDs Cells (States)                              Issue (Failed checks)
=====================================================================================================================================
 1 S10-1  O98  OK  BB-1(A) Radio-S10-1(D1)  BB6631 RRU2219B8        GT=ZA38D1/0 GT=ZA38D1/1 GT=ZA38D1/2 (1,1,1) Passed
 2 S11-1  O98  OK  BB-1(B) Radio-S11-1(D1)  BB6631 RRU2219B8        GT=ZA38D2/0 GT=ZA38D2/1 (1,1)               Passed
 3 S12-1  O98  OK  BB-1(C) Radio-S12-1(D1)  BB6631 RRU2219B8        GT=ZA38D3/0 GT=ZA38D3/1 GT=ZA38D3/2 (1,1,1) Passed
 4 S180-1 O101 OK  BB-1(D) Radio-S180-1(D1) BB6631 RRU4415B7        FDD=ZA38L1 FDD=ZA38L2 (1,1)                 Passed
 5 S182-1 O101 OK  BB-1(E) Radio-S182-1(D1) BB6631 RRU4415B7        FDD=ZA38L3 (1)                              Passed
-------------------------------------------------------------------------------------------------------------------------------------

Node: RadioNode GL   CXP2010174/2_R27J08 (25.Q1)   G3.1   GSM LTE-FDD 

=====================================================================================================================================
FRU          ;LNH    ;BOARD     ;ST ;FAULT ;OPER ;MAINT ;STAT ;PRODUCTNUMBER   ;REV     ;SERIAL        ;DATE     ;PMTEMP ; TEMP ; UPT ;VOLT ;SW                   ;
=====================================================================================================================================
BB-1         ;000100 ;BB6631    ; 1 ;  OFF ;  ON ;  OFF ;  ON ;KDU1370071/11   ;R3H     ;E96A015944    ;20240417 ;3 (OK) ;      ;22.0 ;53   ;                     ;
Radio-S10-1  ;BXP_5  ;RRU2219B8 ; 1 ;  OFF ;  ON ;  OFF ; N/A ;KRC161670/1     ;R1E     ;TU8U01VU7B    ;20230103 ;4 (OK) ; 27.8 ;22.0 ;54.0 ;CXP9013268%9_R96JB   ; (Radio2219B8)
Radio-S11-1  ;BXP_2  ;RRU2219B8 ; 1 ;  OFF ;  ON ;  OFF ; N/A ;KRC161670/1     ;R1E     ;TU8U01VU89    ;20230103 ;4 (OK) ; 29.0 ;22.0 ;54.2 ;CXP9013268%9_R96JB   ; (Radio2219B8)
Radio-S12-1  ;BXP_3  ;RRU2219B8 ; 1 ;  OFF ;  ON ;  OFF ; N/A ;KRC161670/1     ;R1C     ;TU8U01G702    ;20220326 ;4 (OK) ; 35.5 ;22.0 ;54.2 ;CXP9013268%9_R96JB   ; (Radio2219B8)
Radio-S180-1 ;BXP_6  ;RRU4415B7 ; 1 ;  OFF ;  ON ;  OFF ; N/A ;KRC161495/1     ;R5FE    ;DH80212907    ;20240302 ;4 (OK) ; 43.5 ;23.0 ;52.5 ;CXP9013268%15_R101LX ; (Radio4415B7)
Radio-S182-1 ;BXP_4  ;RRU4415B7 ; 1 ;  OFF ;  ON ;  OFF ; N/A ;KRC161495/1     ;R5FE    ;DH80212882    ;20240302 ;4 (OK) ; 32.0 ;23.1 ;52.9 ;CXP9013268%15_R101LX ; (Radio4415B7)
-------------------------------------------------------------------------------------------------------------------------------------

=====================================================================================================================================
XPBOARD  ;ST ;FAULT ;OPER ;PRODUCTNUMBER ;REV ;SERIAL/NAME ;DATE     ; TEMP ;MO
=====================================================================================================================================
FAN08    ; 1 ;N/A   ;N/A  ;BKV106236/1   ;R2F ;DD13928855  ;20231219 ; 41.0 ;SupportUnit=1 (FAN  BB-1)
-------------------------------------------------------------------------------------------------------------------------------------

=====================================================================================================================================
ID ;T ;RiL    ;BPBP ;BOARD1    ;LNH1 ;PORT ;R ;LINK ;RATE  ; BER ;BOARD2    ;LNH2 ;PORT ;R ;LINK ;RATE  ; BER ;LENGTH ;MO1 - MO2
=====================================================================================================================================
 1 ;O ; S10-1 ;1111 ;BB6631    ;000100 ; 1 ;M ;Up   ;9.8G  ;   0 ;RRU2219B8 ;BXP_5  ; 0 ;S ;Up   ;9.8G  ;   0 ;   57m ;Fru=BB-1(A) Fru=Radio-S10-1(D1)
 2 ;O ; S11-1 ;1111 ;BB6631    ;000100 ; 2 ;M ;Up   ;9.8G  ;   0 ;RRU2219B8 ;BXP_2  ; 0 ;S ;Up   ;9.8G  ;   0 ;   57m ;Fru=BB-1(B) Fru=Radio-S11-1(D1)
 3 ;O ; S12-1 ;1111 ;BB6631    ;000100 ; 3 ;M ;Up   ;9.8G  ;   0 ;RRU2219B8 ;BXP_3  ; 0 ;S ;Up   ;9.8G  ;   0 ;   57m ;Fru=BB-1(C) Fru=Radio-S12-1(D1)
 4 ;O ;S180-1 ;1111 ;BB6631    ;000100 ; 4 ;M ;Up   ;10.1G ;   0 ;RRU4415B7 ;BXP_6  ; 0 ;S ;Up   ;10.1G ;   0 ;   57m ;Fru=BB-1(D) Fru=Radio-S180-1(D1)
 5 ;O ;S182-1 ;1111 ;BB6631    ;000100 ; 5 ;M ;Up   ;10.1G ;   0 ;RRU4415B7 ;BXP_4  ; 0 ;S ;Up   ;10.1G ;   0 ;   57m ;Fru=BB-1(E) Fru=Radio-S182-1(D1)
-------------------------------------------------------------------------------------------------------------------------------------

=====================================================================================================================================
ID ;LINK ;RiL    ;VENDOR1  ;VENDORPROD1     ;REV1 ;SERIAL1      ;DATE1    ;ERICSSONPROD1      ;VENDOR2  ;VENDORPROD2     ;REV2 ;SERIAL2      ;DATE2    ;ERICSSONPROD2      ;TT ;WL1     ;WL2    
=====================================================================================================================================
 1 ;Up   ; S10-1 ;ERICSSON ;EOLP-1396-02-IY ;1.0  ;DZ8Q200XH7   ;20240223 ;RDH10265/2 R1A     ;ERICSSON ;EOLP-1396-02-IY ;1.0  ;DZ8Q200XJ4   ;20240223 ;RDH10265/2 R1A     ;0  ;1310.00 ;1310.00
 2 ;Up   ; S11-1 ;ERICSSON ;EOLP-1396-02-IY ;1.0  ;DZ8Q200XJ6   ;20240223 ;RDH10265/2 R1A     ;ERICSSON ;EOLP-1396-02-IY ;1.0  ;DZ8Q200XHJ   ;20240223 ;RDH10265/2 R1A     ;0  ;1310.00 ;1310.00
 3 ;Up   ; S12-1 ;ERICSSON ;EOLP-1396-02-IY ;1.0  ;DZ8Q200XRF   ;20240223 ;RDH10265/2 R1A     ;ERICSSON ;EOLP-1396-02-IY ;1.0  ;DZ8Q200XQ0   ;20240223 ;RDH10265/2 R1A     ;0  ;1310.00 ;1310.00
 4 ;Up   ;S180-1 ;ERICSSON ;EOLP-1396-02-IY ;1.0  ;DZ8Q200XPE   ;20240223 ;RDH10265/2 R1A     ;ERICSSON ;EOLP-1396-02-IY ;1.0  ;DZ8Q200XQX   ;20240223 ;RDH10265/2 R1A     ;0  ;1310.00 ;1310.00
 5 ;Up   ;S182-1 ;ERICSSON ;EOLP-1396-02-IY ;1.0  ;DZ8Q200XQW   ;20240223 ;RDH10265/2 R1A     ;ERICSSON ;EOLP-1396-02-IY ;1.0  ;DZ8Q200XHK   ;20240223 ;RDH10265/2 R1A     ;0  ;1310.00 ;1310.00
-------------------------------------------------------------------------------------------------------------------------------------

=====================================================================================================================================
ID ;LINK ;RiL    ;WL1     ;TEMP1 ;TXbs1 ;TXdBm1 ;RXdBm1 ;BER1   ;WL2     ;TEMP2 ;TXbs2 ;TXdBm2 ;RXdBm2 ;BER2   ;DlLoss ;UlLoss ;LENGTH ;TT
=====================================================================================================================================
 1 ;Up   ; S10-1 ;1310.00 ;40C   ;40%   ;-3.04  ;-2.34  ;   0   ;1310.00 ;29C   ;39%   ;-2.14  ;-3.56  ;   0   ;  0.52 ;   0.2 ;   57m ; 0
 2 ;Up   ; S11-1 ;1310.00 ;41C   ;39%   ;-2.61  ;-2.80  ;   0   ;1310.00 ;29C   ;38%   ;-3.22  ;-2.66  ;   0   ;  0.05 ; -0.42 ;   57m ; 0
 3 ;Up   ; S12-1 ;1310.00 ;40C   ;40%   ;-2.96  ;-2.80  ;   0   ;1310.00 ;37C   ;38%   ;-2.50  ;-3.05  ;   0   ;  0.09 ;   0.3 ;   57m ; 0
 4 ;Up   ;S180-1 ;1310.00 ;39C   ;40%   ;-2.19  ;-3.40  ;   0   ;1310.00 ;37C   ;42%   ;-3.33  ;-2.46  ;   0   ;  0.27 ;  0.07 ;   57m ; 0
 5 ;Up   ;S182-1 ;1310.00 ;43C   ;42%   ;-3.21  ;-2.63  ;   0   ;1310.00 ;31C   ;39%   ;-2.60  ;-4.09  ;   0   ;  0.88 ;  0.03 ;   57m ; 0
-------------------------------------------------------------------------------------------------------------------------------------

=====================================================================================================================================
ID ;RiL    ;BOARD     ;SFPLNH  ;PORT ;VENDOR   ;VENDORPROD      ;REV  ;SERIAL       ;DATE     ;ERICSSONPROD       ;WL      ;TEMP  ;TXbs  ;TXdBm  ;RXdBm  ; BER
=====================================================================================================================================
 1 ; S10-1 ;BB6631    ;000100   ;  1 ;ERICSSON ;EOLP-1396-02-IY ;1.0  ;DZ8Q200XH7   ;20240223 ;RDH10265/2 R1A     ;1310.00 ;40C   ;40%   ;-3.04  ;-2.34  ;   0
 2 ; S11-1 ;BB6631    ;000100   ;  2 ;ERICSSON ;EOLP-1396-02-IY ;1.0  ;DZ8Q200XJ6   ;20240223 ;RDH10265/2 R1A     ;1310.00 ;41C   ;39%   ;-2.61  ;-2.80  ;   0
 3 ; S12-1 ;BB6631    ;000100   ;  3 ;ERICSSON ;EOLP-1396-02-IY ;1.0  ;DZ8Q200XRF   ;20240223 ;RDH10265/2 R1A     ;1310.00 ;40C   ;40%   ;-2.96  ;-2.80  ;   0
 4 ;S180-1 ;BB6631    ;000100   ;  4 ;ERICSSON ;EOLP-1396-02-IY ;1.0  ;DZ8Q200XPE   ;20240223 ;RDH10265/2 R1A     ;1310.00 ;39C   ;40%   ;-2.19  ;-3.40  ;   0
 5 ;S182-1 ;BB6631    ;000100   ;  5 ;ERICSSON ;EOLP-1396-02-IY ;1.0  ;DZ8Q200XQW   ;20240223 ;RDH10265/2 R1A     ;1310.00 ;43C   ;42%   ;-3.21  ;-2.63  ;   0
 2 ; S11-1 ;RRU2219B8 ;BXP_2    ;  0 ;ERICSSON ;EOLP-1396-02-IY ;1.0  ;DZ8Q200XHJ   ;20240223 ;RDH10265/2 R1A     ;1310.00 ;29C   ;38%   ;-3.22  ;-2.66  ;   0
 3 ; S12-1 ;RRU2219B8 ;BXP_3    ;  0 ;ERICSSON ;EOLP-1396-02-IY ;1.0  ;DZ8Q200XQ0   ;20240223 ;RDH10265/2 R1A     ;1310.00 ;37C   ;38%   ;-2.50  ;-3.05  ;   0
 5 ;S182-1 ;RRU4415B7 ;BXP_4    ;  0 ;ERICSSON ;EOLP-1396-02-IY ;1.0  ;DZ8Q200XHK   ;20240223 ;RDH10265/2 R1A     ;1310.00 ;31C   ;39%   ;-2.60  ;-4.09  ;   0
 1 ; S10-1 ;RRU2219B8 ;BXP_5    ;  0 ;ERICSSON ;EOLP-1396-02-IY ;1.0  ;DZ8Q200XJ4   ;20240223 ;RDH10265/2 R1A     ;1310.00 ;29C   ;39%   ;-2.14  ;-3.56  ;   0
 4 ;S180-1 ;RRU4415B7 ;BXP_6    ;  0 ;ERICSSON ;EOLP-1396-02-IY ;1.0  ;DZ8Q200XQX   ;20240223 ;RDH10265/2 R1A     ;1310.00 ;37C   ;42%   ;-3.33  ;-2.46  ;   0
-------------------------------------------------------------------------------------------------------------------------------------
TN ;       ;BB6631    ;000100   ;IA2 ;ERICSSON ;42020201934     ;A0   ;202350600536 ;20231211 ;RPM777053/1000 R1B ;NA      ;NA    ;NA    ;NA     ;NA     ; 0/0
-------------------------------------------------------------------------------------------------------------------------------------

=====================================================================================================================================
BOARD  ;LNH    ;PORT       ;T ;S ;OpMode   ;AutoNeg ;MacAddress        ;VlanIds        ;LOS ;BER
=====================================================================================================================================
BB6631 ;000100 ;TN_IDL_A_1 ;E ;1 ;10G_FULL ;false   ;E4:0D:3B:83:88:1B ;3901,3908,3910 ;0   ;NZ/0
BB6631 ;000100 ;TN_IDL_A_2 ;O ;1 ;10G_FULL ;false   ;E4:0D:3B:83:88:1C ;3908           ;0   ;0/0
-------------------------------------------------------------------------------------------------------------------------------------

Last MO: 18010. Loaded 18010 MOs. Total: 18011 MOs.
radioClockState : RNT_TIME_LOCKED
-------------------------------------------------------------------------------------
Prio  ;ST  ;syncRefType  ;refStatus  ;opQualLevel  ;SyncReference
-------------------------------------------------------------------------------------
  *1  ; 1  ;PTP_TIME     ;NO_FAULT   ;PRTC         ;Ptp=1,BoundaryOrdinaryClock=PTP (G_8275_1 EthernetPort=TN_IDL_A_1:SLAVE)
   2  ; 1  ;SYNC_E       ;NO_FAULT   ;PRTC         ;Synchronization=1,SyncEthInput=SyncE (SFP_DAC EthernetPort=TN_IDL_A_1)
-------------------------------------------------------------------------------------

=====================================================================================================================================
FRU          ;LNH    ;BOARD     ;RF  ;BP  ;TX (W/dBm)  ;VSWR (RL)   ;RX (dBm) ;UEs/gUEs  ;Sector/AntennaGroup/Cells (State:CellIds:PCIs)
=====================================================================================================================================
Radio-S10-1  ;BXP_5  ;RRU2219B8 ; A  ;11  ;-           ;1.13 (24.6) ;         ;-/-       ;SE=10 AG=10 GT=ZA38D1/0 GT=ZA38D1/1 GT=ZA38D1/2 (1, 1, 1)
Radio-S10-1  ;BXP_5  ;RRU2219B8 ; B  ;11  ;-           ;1.11 (25.4) ;         ;-/-       ;SE=10 AG=10 GT=ZA38D1/0 GT=ZA38D1/1 GT=ZA38D1/2 (1, 1, 1)
Radio-S11-1  ;BXP_2  ;RRU2219B8 ; A  ;11  ;-           ;1.12 (25.2) ;         ;-/-       ;SE=11 AG=11 GT=ZA38D2/0 GT=ZA38D2/1 (1, 1)
Radio-S11-1  ;BXP_2  ;RRU2219B8 ; B  ;11  ;-           ;1.12 (25.0) ;         ;-/-       ;SE=11 AG=11 GT=ZA38D2/0 GT=ZA38D2/1 (1, 1)
Radio-S12-1  ;BXP_3  ;RRU2219B8 ; A  ;11  ;-           ;1.19 (21.4) ;         ;-/-       ;SE=12 AG=12 GT=ZA38D3/0 GT=ZA38D3/1 GT=ZA38D3/2 (1, 1, 1)
Radio-S12-1  ;BXP_3  ;RRU2219B8 ; B  ;11  ;-           ;1.13 (24.5) ;         ;-/-       ;SE=12 AG=12 GT=ZA38D3/0 GT=ZA38D3/1 GT=ZA38D3/2 (1, 1, 1)
Radio-S180-1 ;BXP_6  ;RRU4415B7 ; A  ;11  ;18.2 (42.6) ;1.15 (23.3) ;-94.3    ;18/-      ;SE=180 AG=180 FDD=ZA38L1 (1:21:378)
Radio-S180-1 ;BXP_6  ;RRU4415B7 ; B  ;11  ;17.8 (42.5) ;1.05 (33.0) ;-95.1    ;18/-      ;SE=180 AG=180 FDD=ZA38L1 (1:21:378)
Radio-S180-1 ;BXP_6  ;RRU4415B7 ; C  ;11  ;11.5 (40.6) ;1.12 (25.1) ;-94.0    ;21/-      ;SE=181 AG=181 FDD=ZA38L2 (1:22:153)
Radio-S180-1 ;BXP_6  ;RRU4415B7 ; D  ;11  ;11.5 (40.6) ;1.08 (28.2) ;-94.1    ;21/-      ;SE=181 AG=181 FDD=ZA38L2 (1:22:153)
Radio-S182-1 ;BXP_4  ;RRU4415B7 ; A  ;11  ;11.0 (40.4) ;1.06 (30.3) ;-92.9    ;27/-      ;SE=182 AG=182 FDD=ZA38L3 (1:23:72)
Radio-S182-1 ;BXP_4  ;RRU4415B7 ; B  ;11  ;8.5 (39.3)  ;1.09 (27.0) ;-92.6    ;27/-      ;SE=182 AG=182 FDD=ZA38L3 (1:23:72)
Radio-S182-1 ;BXP_4  ;RRU4415B7 ; C  ;11  ;-           ;-           ;         ;          ;
Radio-S182-1 ;BXP_4  ;RRU4415B7 ; D  ;11  ;-           ;-           ;         ;          ;
-------------------------------------------------------------------------------------------------------------------------------------

ZA38L> mfar

251125-10:03:21+0100 19.31.10.115 25.0h MSRBS_NODE_MODEL_25.Q1_693.28324.131_62ac stopfile=/tmp/1827393
.....
Last MO: 18014. Loaded 18014 MOs. Total: 18015 MOs.
..........................................
get /rop/A20251125.0730-0745_ZA38L.xml.gz /ericsson/log/amos/moshell_logfiles/t20251125_37258710_65084/logs_moshell/pmfiles/19.31.10.115/rop/A20251125.0730-0745_ZA38L.xml.gz ... OK
get /rop/A20251125.0745-0800_ZA38L.xml.gz /ericsson/log/amos/moshell_logfiles/t20251125_37258710_65084/logs_moshell/pmfiles/19.31.10.115/rop/A20251125.0745-0800_ZA38L.xml.gz ... OK
get /rop/A20251125.0800-0815_ZA38L.xml.gz /ericsson/log/amos/moshell_logfiles/t20251125_37258710_65084/logs_moshell/pmfiles/19.31.10.115/rop/A20251125.0800-0815_ZA38L.xml.gz ... OK

Using hardcoded thresholds: 3, 4.5, and 16.5
================================================================================================================================
SC     SE  Tx/Rx BrPair  RfPort1 - RfPort2               HW       Serial      Cell (State)   Samples   Med  Mean  SDev Pol Res Issue
================================================================================================================================
ZA38L1 180   2/2 0 (1,2) Radio-S180-1(A) Radio-S180-1(B) RRU4415  DH80212907  FDD=ZA38L1 (1)  585338   0.5   0.4   6.7  NA  OK Passed
ZA38L2 181   2/2 0 (1,2) Radio-S180-1(C) Radio-S180-1(D) RRU4415  DH80212907  FDD=ZA38L2 (1)  383953  -0.5  -0.5   7.2  NA  OK Passed
ZA38L3 182   2/2 0 (1,2) Radio-S182-1(A) Radio-S182-1(B) RRU4415  DH80212882  FDD=ZA38L3 (1)  655133   5.5   4.5   7.6  NA OKW Possible RF Loss or PIM at Radio-S182-1(A)
================================================================================================================================
Total: 3 SectorCarriers, 3 RfBranch Pairs (2 OK, 1 OKW, 0 NOK, 0 NT)
.....
Last MO: 18014. Loaded 18014 MOs. Total: 18015 MOs.

No NRSectorCarrier MOs are defined on the node.

ZA38L> mfitr

251125-10:03:36+0100 19.31.10.115 25.0h MSRBS_NODE_MODEL_25.Q1_693.28324.131_62ac stopfile=/tmp/1827393
.........
Last MO: 18014. Loaded 18014 MOs. Total: 18015 MOs.
.......
2025-11-25 10:04
================================================================================================================================
CELL       SC     FRU          BOARD     PUSCH  PUCCH       A      B      C      D  DELTA
================================================================================================================================
FDD=ZA38L1 ZA38L1 Radio-S180-1 RRU4415B7 -115.2 -116.9 -116.3 -116.4                  0.1
FDD=ZA38L2 ZA38L2 Radio-S180-1 RRU4415B7 -117.5 -118.1               -116.5 -117.8    1.3
FDD=ZA38L3 ZA38L3 Radio-S182-1 RRU4415B7 -114.0 -117.4 -112.7 -111.2                  1.5
================================================================================================================================
Bye...
Output has been logged to file /mta_fs/UserFiles/37258710/amosbatch/SDIR/ZA38L.log
