Logging to file /mta_fs/UserFiles/37258710/amosbatch/SDIR/ZA46E.log
                        __  __  ____   _____
                  /\   |  \/  |/ __ \ / ____|
                 /  \  | \  / | |  | | (___  
                / /\ \ | |\/| | |  | |\___ \ 
               / ____ \| |  | | |__| |____) |
              /_/    \_\_|  |_|\____/|_____/
              OSS Framework for MoShell-25.0h 
  Copyright (c) Ericsson AB 2001-2025 - All Rights Reserved
              
           
[1;31mWARNING: [0mthe AMOS version currently running is more than 29 weeks old and is unsupported.
Please upgrade as soon as possible to the latest released version, available from your local Ericsson support.

$amosrb_pid = 3008451

Checking ip contact...OK

HELP MENU            : h
BASIC MO COMMANDS    : m
OTHER MO COMMANDS    : n
OTHER COMMANDS       : o
PM COMMANDS          : p
QUIT                 : q

ZA46E> lt all

251125-15:56:05+0100 19.31.16.207 25.0h  stopfile=/tmp/3008366
Looking up temporary_amos account... OK.
Trying temporary_amos_t20251125_37258710_65084_131's password from amos lookupAccount ... OK

$ssh_pid = 3008916

Connected to 19.31.16.207 (SubNetwork=BBMM_rckomc_R,MeContext=ZA46E,ManagedElement=ZA46E)

Checking MOM version...MSRBS_NODE_MODEL_25.Q1_198665.224.73_bf81
Parsing MOM (cached): /ericsson/log/amos/moshell_logfiles/t20251125_37258710_65084/logs_moshell/tempfiles/scp-4-amos_20251125-155558_3008310/MSRBS_NODE_MODEL_25.Q1_198665.224.73_bf81.xml.cache.gz ......................................................................................................................................................................................................................Done.
Using paramfile /opt/ericsson/amos/moshell/commonjars/pm/PARAM_MSRBSG2_25.Q1.txt
Parsing file /opt/ericsson/amos/moshell/commonjars/pm/PARAM_MSRBSG2_25.Q1.txt ......................................................................................Done.
Using imomdfile /opt/ericsson/amos/moshell/commonjars/pm/IMOMD_MSRBS_22.Q4.txt
Using imomfile /opt/ericsson/amos/moshell/commonjars/pm/IMOM_MSRBS_25.Q1.txt
Connected to 19.31.16.207 (SubNetwork=BBMM_rckomc_R,MeContext=ZA46E,ManagedElement=ZA46E)

Last MO: 18003. Loaded 18003 MOs. Total: 18004 MOs.

ZA46E> st cell

251125-15:56:25+0100 19.31.16.207 25.0h MSRBS_NODE_MODEL_25.Q1_198665.224.73_bf81 stopfile=/tmp/3008366
===================================================================================
Proxy  Adm State     Op. State     MO
===================================================================================
   43  1 (UNLOCKED)  1 (ENABLED)   ENodeBFunction=1,EUtranCellFDD=ZA46E1
  227  1 (UNLOCKED)  1 (ENABLED)   ENodeBFunction=1,EUtranCellFDD=ZA46E2
  342  1 (UNLOCKED)  1 (ENABLED)   ENodeBFunction=1,EUtranCellFDD=ZA46M1
  464  1 (UNLOCKED)  1 (ENABLED)   ENodeBFunction=1,EUtranCellFDD=ZA46M2
  560  1 (UNLOCKED)  1 (ENABLED)   ENodeBFunction=1,EUtranCellFDD=ZA46T1
  698  1 (UNLOCKED)  1 (ENABLED)   ENodeBFunction=1,EUtranCellFDD=ZA46T2
 1715  1 (UNLOCKED)  1 (ENABLED)   ENodeBFunction=1,NbIotCell=ZA46N1
 1716  1 (UNLOCKED)  1 (ENABLED)   ENodeBFunction=1,NbIotCell=ZA46N2
===================================================================================
Total: 8 MOs

ZA46E> st radio

251125-15:56:26+0100 19.31.16.207 25.0h MSRBS_NODE_MODEL_25.Q1_198665.224.73_bf81 stopfile=/tmp/3008366
===================================================================================
Proxy  Adm State     Op. State     MO
===================================================================================
 2230  1 (UNLOCKED)  1 (ENABLED)   Equipment=1,FieldReplaceableUnit=Radio-S110-1
 2253  1 (UNLOCKED)  1 (ENABLED)   Equipment=1,FieldReplaceableUnit=Radio-S111-1
 2276  1 (UNLOCKED)  1 (ENABLED)   Equipment=1,FieldReplaceableUnit=Radio-S210-1
 2293  1 (UNLOCKED)  1 (ENABLED)   Equipment=1,FieldReplaceableUnit=Radio-S211-1
17993  1 (UNLOCKED)  1 (ENABLED)   Transport=1,Synchronization=1,RadioEquipmentClock=1,RadioEquipmentClockReference=NTP1
17994  1 (UNLOCKED)  1 (ENABLED)   Transport=1,Synchronization=1,RadioEquipmentClock=1,RadioEquipmentClockReference=PTP
===================================================================================
Total: 6 MOs

ZA46E> sdir

251125-15:56:26+0100 19.31.16.207 25.0h MSRBS_NODE_MODEL_25.Q1_198665.224.73_bf81 stopfile=/tmp/3008366
INFO: Using amos lookupAccount credentials for the export login
...............................
get /rop/A20251125.1400-1415_ZA46E.xml.gz /ericsson/log/amos/moshell_logfiles/t20251125_37258710_65084/logs_moshell/pmfiles/19.31.16.207/rop/A20251125.1400-1415_ZA46E.xml.gz ... OK
get /rop/A20251125.1415-1430_ZA46E.xml.gz /ericsson/log/amos/moshell_logfiles/t20251125_37258710_65084/logs_moshell/pmfiles/19.31.16.207/rop/A20251125.1415-1430_ZA46E.xml.gz ... OK
get /rop/A20251125.1430-1445_ZA46E.xml.gz /ericsson/log/amos/moshell_logfiles/t20251125_37258710_65084/logs_moshell/pmfiles/19.31.16.207/rop/A20251125.1430-1445_ZA46E.xml.gz ... OK
....Checking available boards on node...

Collecting RCS board data ...
....................................................................................
......................
.............................................................................................................................................................................................................................................................................
.....
Collecting TN data...
.......................................................................................................................................................................
Getting MO data from node (59 MOs). Please wait...
0%                                             ~50%                                           ~100%
.................................................................................................................................
Collecting RF data...
...
Collecting Alarms...
.Executing action Log.export()
...
Log=AlarmLog                    actionId=6311
............
Executing action LogM.exportAvailabilityLog()
..LogM=1,exportAvailabilityLog    actionId=6312
............Parsing alarmLog.........Done.
Parsing availabilityLog........Done.
...........

Total: 4 CPRI links (3 OK, 0 OKW, 1 NOK, 0 NT)
.
+--------+                      +--------------------+
|        | A        O101     D1 |    Radio-S210-1    |
|        |-----------1----------| RRU227922B822B20C* |
|        |         OK-22m       |       BXP_2        |
|        |                      +--------------------+
|        |                                     |A  |B
|        |                  SE=210* AG=210 FDD=ZA46E1
|        |                                NIOT=ZA46N1
|        |
|        |                      +--------------------+
|        | B        O101     D1 |    Radio-S211-1    |
|        |-----------2----------| RRU227922B822B20C* |
|        |         OK-22m       |       BXP_3        |
|        |                      +--------------------+
|        |                                     |A  |B
|        |                  SE=211* AG=211 FDD=ZA46E2
|  BB-1  |                                NIOT=ZA46N2
| BB6630 |
| 000100 |                      +------------------+
|        | D        O101     D2 |   Radio-S110-1   |
|        |-----------3----------| RRU449944B144B3C |
|        |         OK-7m        |      BXP_4       |
|        |                      +------------------+
|        |                           |A  |B  |C  |D
|        |                 SE=110 AG=110 FDD=ZA46M1
|        |                               FDD=ZA46T1
|        |
|        |                      +------------------+
|        | E        O101     D2 |   Radio-S111-1   |
|        |-----------4----------| RRU449944B144B3C |
|        |         NOK-7m       |      BXP_5       |
|        |                      +------------------+
|        |                           |A  |B  |C  |D
|        |                 SE=111 AG=111 FDD=ZA46M2
+--------+                               FDD=ZA46T2

=====================================================================================================================================
ID RiL    Type Res MO1-MO2                  BOARD1-BOARD2             AlmIDs Cells (States)               Issue (Failed checks)
=====================================================================================================================================
 1 S210-1 O101 OK  BB-1(A) Radio-S210-1(D1) BB6630 RRU227922B822B20C*        FDD=ZA46E1 NIOT=ZA46N1 (1,1) Passed
 2 S211-1 O101 OK  BB-1(B) Radio-S211-1(D1) BB6630 RRU227922B822B20C*        FDD=ZA46E2 NIOT=ZA46N2 (1,1) Passed
 3 S110-1 O101 OK  BB-1(D) Radio-S110-1(D2) BB6630 RRU449944B144B3C          FDD=ZA46M1 FDD=ZA46T1 (1,1)  Passed
 4 S111-1 O101 NOK BB-1(E) Radio-S111-1(D2) BB6630 RRU449944B144B3C          FDD=ZA46M2 FDD=ZA46T2 (1,1)  Fiber Loss UL (UlLoss-DlLoss=5.62)
-------------------------------------------------------------------------------------------------------------------------------------

=====================================================================================================================================
IDs  RiLs   Issue and Recommended Actions.
=====================================================================================================================================
4    S111-1 Fiber Issue - Near End Reports Excessive Optical Power Loss.
-------------------------------------------------------------------------------------------------------------------------------------
 1) Troubleshoot to determine where optical power is being lost or Bit Errors are detected.  Start at the  port fiber connection reporting the loss and work back to the transmitter on the other end. (i.e. dirty, damaged or bent fiber, improperly mated connection)
 2) Refer to and follow  Ericsson CPI "Handling SFP Modules and Optical Cables" for proper handling, Cleaning, inspection and testing of  fiber and optical interfaces.
Note: Always check for any AlmID information and troubleshoot alarm(s) accordingly.
*************************************************************************************************************************************

Node: RadioNode L   CXP9024418/16_R8D21 (RCG123.3-3)   G2   LTE-FDD,LTE-IoT 

=====================================================================================================================================
FRU          ;LNH    ;BOARD              ;ST ;FAULT ;OPER ;MAINT ;STAT ;PRODUCTNUMBER   ;REV     ;SERIAL        ;DATE     ;PMTEMP ; TEMP ; UPT ;VOLT ;SW                   ;
=====================================================================================================================================
BB-1         ;000100 ;BB6630             ; 1 ;  OFF ;  ON ;  OFF ;  ON ;KDU137848/11    ;R3D     ;E96A00QQJC    ;20220419 ;3 (OK) ;      ; 130 ;48   ;                     ;
Radio-S110-1 ;BXP_4  ;RRU449944B144B3C   ; 1 ;  OFF ;  ON ;  OFF ; N/A ;KRC161787/1     ;R2G     ;E23E182745    ;20220717 ;4 (OK) ; 26.4 ; 130 ;54.4 ;CXP9013268%15_R101KB ; (Radio449944B144B3C)
Radio-S111-1 ;BXP_5  ;RRU449944B144B3C   ; 1 ;  OFF ;  ON ;  OFF ; N/A ;KRC161787/1     ;R2G     ;E23E178996    ;20220715 ;4 (OK) ; 29.1 ; 130 ;54.2 ;CXP9013268%15_R101KB ; (Radio449944B144B3C)
Radio-S210-1 ;BXP_2  ;RRU227922B822B20C* ; 1 ;  OFF ;  ON ;  OFF ; N/A ;KRC161864/1     ;R1E     ;TU8U01N0BR    ;20220720 ;4 (OK) ; 32.0 ; 130 ;54.9 ;CXP9013268%15_R101KB ; (Radio227922B822B20C)
Radio-S211-1 ;BXP_3  ;RRU227922B822B20C* ; 1 ;  OFF ;  ON ;  OFF ; N/A ;KRC161864/1     ;R1E     ;TU8U01N0AL    ;20220720 ;4 (OK) ; 32.5 ; 130 ;54.7 ;CXP9013268%15_R101KB ; (Radio227922B822B20C)
-------------------------------------------------------------------------------------------------------------------------------------

=====================================================================================================================================
AntennaNearUnit                                       ;ST  ;TYPE   ;PRODUCTNR     ;REV                ;UNIQUEID             ;RfPort
=====================================================================================================================================
AntennaUnitGroup=210,AntennaNearUnit=RET_1800_2100_1  ; 1  ;S-RET  ;AIMM20M22v01  ;WD82MANBRCU_VER.D  ;HWM2333K902RV369Lb1  ;FieldReplaceableUnit=Radio-S210-1,RfPort=R
AntennaUnitGroup=210,AntennaNearUnit=RET_1800_2100_2  ; 1  ;S-RET  ;AIMM20M22v01  ;WD82MANBRCU_VER.D  ;HWM2333K902RW770Rb2  ;FieldReplaceableUnit=Radio-S210-1,RfPort=R
AntennaUnitGroup=210,AntennaNearUnit=RET_2600         ; 1  ;S-RET  ;AIMM20M22v01  ;WD82MANBRCU_VER.D  ;HWM2333K902RX313Ly1  ;FieldReplaceableUnit=Radio-S210-1,RfPort=R
AntennaUnitGroup=210,AntennaNearUnit=RET_800_900      ; 1  ;S-RET  ;AIMM20M22v01  ;WD82MANBRCU_VER.D  ;HWM2333K902RU6961r1  ;FieldReplaceableUnit=Radio-S210-1,RfPort=R
AntennaUnitGroup=211,AntennaNearUnit=RET_1800_2100_1  ; 1  ;S-RET  ;AIMM20M22v01  ;WD82MANBRCU_VER.D  ;HWM2333K902UW882Lb1  ;FieldReplaceableUnit=Radio-S211-1,RfPort=R
AntennaUnitGroup=211,AntennaNearUnit=RET_1800_2100_2  ; 1  ;S-RET  ;AIMM20M22v01  ;WD82MANBRCU_VER.D  ;HWM2333K902UX250Rb2  ;FieldReplaceableUnit=Radio-S211-1,RfPort=R
AntennaUnitGroup=211,AntennaNearUnit=RET_2600         ; 1  ;S-RET  ;AIMM20M22v01  ;WD82MANBRCU_VER.D  ;HWM2333K902UY790Ly1  ;FieldReplaceableUnit=Radio-S211-1,RfPort=R
AntennaUnitGroup=211,AntennaNearUnit=RET_800_900      ; 1  ;S-RET  ;AIMM20M22v01  ;WD82MANBRCU_VER.D  ;HWM2333K902UV2996r1  ;FieldReplaceableUnit=Radio-S211-1,RfPort=R
-------------------------------------------------------------------------------------------------------------------------------------

=====================================================================================================================================
XPBOARD  ;ST ;FAULT ;OPER ;PRODUCTNUMBER ;REV ;SERIAL/NAME ;DATE     ; TEMP ;MO
=====================================================================================================================================
FAN      ; 1 ;N/A   ;N/A  ;BKV106217/1   ;N/A ;N/A         ;N/A      ;      ;SupportUnit=1 (FAN  BB-1)
-------------------------------------------------------------------------------------------------------------------------------------

=====================================================================================================================================
ID ;T ;RiL    ;BPBP ;BOARD1             ;LNH1 ;PORT ;R ;LINK ;RATE  ; BER ;BOARD2             ;LNH2 ;PORT ;R ;LINK ;RATE  ; BER ;LENGTH ;MO1 - MO2
=====================================================================================================================================
 1 ;O ;S210-1 ;1111 ;BB6630             ;000100 ; 1 ;M ;Up   ;10.1G ;   0 ;RRU227922B822B20C* ;BXP_2  ; 0 ;S ;Up   ;10.1G ;   0 ;   22m ;Fru=BB-1(A) Fru=Radio-S210-1(D1)
 2 ;O ;S211-1 ;1111 ;BB6630             ;000100 ; 2 ;M ;Up   ;10.1G ;   0 ;RRU227922B822B20C* ;BXP_3  ; 0 ;S ;Up   ;10.1G ;   0 ;   22m ;Fru=BB-1(B) Fru=Radio-S211-1(D1)
 3 ;O ;S110-1 ;1111 ;BB6630             ;000100 ; 4 ;M ;Up   ;10.1G ;   0 ;RRU449944B144B3C   ;BXP_4  ; 1 ;S ;Up   ;10.1G ;   0 ;    7m ;Fru=BB-1(D) Fru=Radio-S110-1(D2)
 4 ;O ;S111-1 ;1111 ;BB6630             ;000100 ; 5 ;M ;Up   ;10.1G ;   0 ;RRU449944B144B3C   ;BXP_5  ; 1 ;S ;Up   ;10.1G ;   0 ;    7m ;Fru=BB-1(E) Fru=Radio-S111-1(D2)
-------------------------------------------------------------------------------------------------------------------------------------

=====================================================================================================================================
ID ;LINK ;RiL    ;VENDOR1  ;VENDORPROD1     ;REV1 ;SERIAL1        ;DATE1    ;ERICSSONPROD1  ;VENDOR2  ;VENDORPROD2     ;REV2 ;SERIAL2        ;DATE2    ;ERICSSONPROD2  ;TT ;WL1     ;WL2    
=====================================================================================================================================
 1 ;Up   ;S210-1 ;ERICSSON ;SPP10ELRIDFSEN  ;10   ;CT72733893     ;20220621 ;RDH10265/2 R1A ;ERICSSON ;SPP10ELRIDFSEN  ;10   ;CT72682450     ;20220615 ;RDH10265/2 R1A ;0  ;1310.00 ;1310.00
 2 ;Up   ;S211-1 ;ERICSSON ;SPP10ELRIDFSEN  ;10   ;CT72709257     ;20220617 ;RDH10265/2 R1A ;ERICSSON ;SPP10ELRIDFSEN  ;10   ;CT72632643     ;20220610 ;RDH10265/2 R1A ;0  ;1310.00 ;1310.00
 3 ;Up   ;S110-1 ;ERICSSON ;SPP10ELRIDFSEN  ;10   ;CT72660381     ;20220613 ;RDH10265/2 R1A ;ERICSSON ;SPP10ELRIDFSEN  ;10   ;CT72709445     ;20220617 ;RDH10265/2 R1A ;0  ;1310.00 ;1310.00
 4 ;Up   ;S111-1 ;ERICSSON ;SPP10ELRIDFSEN  ;10   ;CT72677689     ;20220615 ;RDH10265/2 R1A ;ERICSSON ;SPP10ELRIDFSEN  ;10   ;CT72722254     ;20220620 ;RDH10265/2 R1A ;0  ;1310.00 ;1310.00
-------------------------------------------------------------------------------------------------------------------------------------

=====================================================================================================================================
ID ;LINK ;RiL    ;WL1     ;TEMP1 ;TXbs1 ;TXdBm1 ;RXdBm1 ;BER1   ;WL2     ;TEMP2 ;TXbs2 ;TXdBm2 ;RXdBm2 ;BER2   ;DlLoss ;UlLoss ;LENGTH ;TT
=====================================================================================================================================
 1 ;Up   ;S210-1 ;1310.00 ;49C   ;39%   ;-1.81  ;-3.89  ;   0   ;1310.00 ;31C   ;37%   ;-2.08  ;-2.49  ;   0   ;  0.68 ;  1.81 ;   22m ; 0
 2 ;Up   ;S211-1 ;1310.00 ;49C   ;35%   ;-1.85  ;-2.73  ;   0   ;1310.00 ;33C   ;33%   ;-2.10  ;-2.10  ;   0   ;  0.25 ;  0.63 ;   22m ; 0
 3 ;Up   ;S110-1 ;1310.00 ;50C   ;49%   ;-2.00  ;-1.88  ;   0   ;1310.00 ;29C   ;44%   ;-2.56  ;-0.84  ;   0   ; -1.16 ; -0.68 ;    7m ; 0
 4 ;Up   ;S111-1 ;1310.00 ;50C   ;45%   ;-1.90  ;-7.72  ;   0   ;1310.00 ;31C   ;46%   ;-1.71  ;-2.29  ;   0   ;  0.39 ;  6.01 ;    7m ; 0
-------------------------------------------------------------------------------------------------------------------------------------

=====================================================================================================================================
ID ;RiL    ;BOARD              ;SFPLNH  ;PORT ;VENDOR   ;VENDORPROD      ;REV  ;SERIAL         ;DATE     ;ERICSSONPROD   ;WL      ;TEMP  ;TXbs  ;TXdBm  ;RXdBm  ; BER
=====================================================================================================================================
 1 ;S210-1 ;BB6630             ;000100   ;  1 ;ERICSSON ;SPP10ELRIDFSEN  ;10   ;CT72733893     ;20220621 ;RDH10265/2 R1A ;1310.00 ;49C   ;39%   ;-1.81  ;-3.89  ;   0
 2 ;S211-1 ;BB6630             ;000100   ;  2 ;ERICSSON ;SPP10ELRIDFSEN  ;10   ;CT72709257     ;20220617 ;RDH10265/2 R1A ;1310.00 ;49C   ;35%   ;-1.85  ;-2.73  ;   0
 3 ;S110-1 ;BB6630             ;000100   ;  4 ;ERICSSON ;SPP10ELRIDFSEN  ;10   ;CT72660381     ;20220613 ;RDH10265/2 R1A ;1310.00 ;50C   ;49%   ;-2.00  ;-1.88  ;   0
 4 ;S111-1 ;BB6630             ;000100   ;  5 ;ERICSSON ;SPP10ELRIDFSEN  ;10   ;CT72677689     ;20220615 ;RDH10265/2 R1A ;1310.00 ;50C   ;45%   ;-1.90  ;-7.72  ;   0
 1 ;S210-1 ;RRU227922B822B20C* ;BXP_2    ;  0 ;ERICSSON ;SPP10ELRIDFSEN  ;10   ;CT72682450     ;20220615 ;RDH10265/2 R1A ;1310.00 ;31C   ;37%   ;-2.08  ;-2.49  ;   0
 2 ;S211-1 ;RRU227922B822B20C* ;BXP_3    ;  0 ;ERICSSON ;SPP10ELRIDFSEN  ;10   ;CT72632643     ;20220610 ;RDH10265/2 R1A ;1310.00 ;33C   ;33%   ;-2.10  ;-2.10  ;   0
 3 ;S110-1 ;RRU449944B144B3C   ;BXP_4    ;  1 ;ERICSSON ;SPP10ELRIDFSEN  ;10   ;CT72709445     ;20220617 ;RDH10265/2 R1A ;1310.00 ;29C   ;44%   ;-2.56  ;-0.84  ;   0
 4 ;S111-1 ;RRU449944B144B3C   ;BXP_5    ;  1 ;ERICSSON ;SPP10ELRIDFSEN  ;10   ;CT72722254     ;20220620 ;RDH10265/2 R1A ;1310.00 ;31C   ;46%   ;-1.71  ;-2.29  ;   0
-------------------------------------------------------------------------------------------------------------------------------------
TN ;       ;BB6630             ;000100   ;  A ;WTD      ;RTXM192-406-C25 ;3.0  ;HA222300250913 ;20220606 ;RDH10247/2 R2A ;0       ;40C   ;20%   ;-5.72  ;-11.14 ; 0/0
TN ;       ;BB6630             ;000100   ;  B ;ERICSSON ;SPP10ELRIDFSEN  ;10   ;CT72711285     ;20220617 ;RDH10265/2 R1A ;0       ;47C   ;43%   ;-2.04  ;-1.48  ; 0/0
-------------------------------------------------------------------------------------------------------------------------------------

=====================================================================================================================================
BOARD  ;LNH    ;PORT   ;T ;S ;OpMode    ;AutoNeg ;MacAddress        ;VlanIds        ;LOS ;BER
=====================================================================================================================================
BB6630 ;000100 ;IDL_A1 ;E ;1 ;10G_FULL  ;false   ;F8:97:A9:07:BA:B9 ;3908           ;0   ;0/0
BB6630 ;000100 ;TN_A   ;O ;1 ;1G_FULL   ;true    ;F8:97:A9:07:BA:B5 ;3901,3908,3910 ;0   ;0/0
BB6630 ;000100 ;TN_B   ;O ;1 ;10G_FULL  ;false   ;F8:97:A9:07:BA:B6 ;3901,3908,3910 ;0   ;0/0
BB6630 ;000100 ;TN_C   ;E ;1 ;100M_FULL ;false   ;F8:97:A9:07:BA:B7 ;3910           ;0   ;0/0
-------------------------------------------------------------------------------------------------------------------------------------

radioClockState : RNT_TIME_LOCKED
-------------------------------------------------------------------------------------
Prio  ;ST  ;syncRefType    ;refStatus  ;opQualLevel  ;SyncReference
-------------------------------------------------------------------------------------
  *1  ; 1  ;PTP_TIME       ;NO_FAULT   ;PRTC         ;Ptp=1,BoundaryOrdinaryClock=PTP (G_8275_1 EthernetPort=TN_A:SLAVE EthernetPort=TN_B:MASTER)
   2  ; 1  ;NTP_FREQUENCY  ;NO_FAULT   ;PRC          ;Ntp=1,NtpFrequencySync=NTP1 (10.31.0.54:32751 Router=45G_Traffic,InterfaceIPv4=LTE,AddressIPv4=LTE)
-------------------------------------------------------------------------------------
-------------------------------------------------------------------------------------
Prio  ;ST  ;assistRefStatus  ;recQualLevel  ;AssistingReference
-------------------------------------------------------------------------------------
   1  ; 0  ;NO_FAULT         ;PRC           ;Synchronization=1,SyncEthInput=SyncE (SFP_OPTICAL EthernetPort=TN_A)
-------------------------------------------------------------------------------------
nodeGroupRole   : SYNC_PROVIDER (syncNodePriority=1, selectionMode=NODE_PRIORITY)
-------------------------------------------------------------------------------------
DU  ;Port  ;sharedUnitRef (RiPortA - RiPortB)  ;remoteNodePriority  ;CandidateStatus
-------------------------------------------------------------------------------------
1   ;B     ;Fru=Radio-S211-1 (1 - 2)           ;3                   ;OK_NOT_ACTIVE
1   ;A     ;Fru=Radio-S210-1 (1 - 2)           ;3                   ;OK_NOT_ACTIVE
-------------------------------------------------------------------------------------

=====================================================================================================================================
FRU          ;LNH    ;BOARD              ;RF  ;BP  ;TX (W/dBm)  ;VSWR (RL)   ;RX (dBm) ;UEs/gUEs  ;Sector/AntennaGroup/Cells (State:CellIds:PCIs)
=====================================================================================================================================
Radio-S110-1 ;BXP_4  ;RRU449944B144B3C   ; A  ;11  ;10.5 (40.2) ;1.15 (23.1) ;-96.3    ;3/-       ;SE=110 AG=110 FDD=ZA46M1 FDD=ZA46T1 (1:31:453, 1:41:295)
Radio-S110-1 ;BXP_4  ;RRU449944B144B3C   ; B  ;11  ;-           ;1.19 (21.2) ;-96.5    ;3/-       ;SE=110 AG=110 FDD=ZA46M1 FDD=ZA46T1 (1:31:453, 1:41:295)
Radio-S110-1 ;BXP_4  ;RRU449944B144B3C   ; C  ;11  ;8.7 (39.4)  ;1.15 (23.4) ;-96.3    ;3/-       ;SE=110 AG=110 FDD=ZA46M1 FDD=ZA46T1 (1:31:453, 1:41:295)
Radio-S110-1 ;BXP_4  ;RRU449944B144B3C   ; D  ;11  ;-           ;1.15 (22.9) ;-96.2    ;3/-       ;SE=110 AG=110 FDD=ZA46M1 FDD=ZA46T1 (1:31:453, 1:41:295)
Radio-S111-1 ;BXP_5  ;RRU449944B144B3C   ; A  ;11  ;9.7 (39.9)  ;1.15 (23.2) ;-97.3    ;3/-       ;SE=111 AG=111 FDD=ZA46M2 FDD=ZA46T2 (1:32:439, 1:42:380)
Radio-S111-1 ;BXP_5  ;RRU449944B144B3C   ; B  ;11  ;-           ;1.21 (20.5) ;-97.0    ;3/-       ;SE=111 AG=111 FDD=ZA46M2 FDD=ZA46T2 (1:32:439, 1:42:380)
Radio-S111-1 ;BXP_5  ;RRU449944B144B3C   ; C  ;11  ;6.9 (38.4)  ;1.16 (22.6) ;-96.3    ;3/-       ;SE=111 AG=111 FDD=ZA46M2 FDD=ZA46T2 (1:32:439, 1:42:380)
Radio-S111-1 ;BXP_5  ;RRU449944B144B3C   ; D  ;11  ;-           ;1.27 (18.4) ;-96.6    ;3/-       ;SE=111 AG=111 FDD=ZA46M2 FDD=ZA46T2 (1:32:439, 1:42:380)
Radio-S210-1 ;BXP_2  ;RRU227922B822B20C* ; A  ;11  ;11.9 (40.8) ;1.09 (27.5) ;-100.7   ;0/-       ;SE=210* AG=210 FDD=ZA46E1 NIOT=ZA46N1 (1:61:321, 1:161:321)
Radio-S210-1 ;BXP_2  ;RRU227922B822B20C* ; B  ;11  ;14.5 (41.6) ;1.08 (28.8) ;-100.8   ;0/-       ;SE=210* AG=210 FDD=ZA46E1 NIOT=ZA46N1 (1:61:321, 1:161:321)
Radio-S211-1 ;BXP_3  ;RRU227922B822B20C* ; A  ;11  ;11.0 (40.4) ;1.17 (22.3) ;-101.7   ;0/-       ;SE=211* AG=211 FDD=ZA46E2 NIOT=ZA46N2 (1:62:43, 1:162:43)
Radio-S211-1 ;BXP_3  ;RRU227922B822B20C* ; B  ;11  ;10.2 (40.1) ;1.12 (24.7) ;-101.8   ;0/-       ;SE=211* AG=211 FDD=ZA46E2 NIOT=ZA46N2 (1:62:43, 1:162:43)
-------------------------------------------------------------------------------------------------------------------------------------

ZA46E> mfar

251125-15:58:57+0100 19.31.16.207 25.0h MSRBS_NODE_MODEL_25.Q1_198665.224.73_bf81 stopfile=/tmp/3008366
......
Last MO: 18005. Loaded 18005 MOs. Total: 18006 MOs.
................................................
get /rop/A20251125.1315-1330_ZA46E.xml.gz /ericsson/log/amos/moshell_logfiles/t20251125_37258710_65084/logs_moshell/pmfiles/19.31.16.207/rop/A20251125.1315-1330_ZA46E.xml.gz ... OK
get /rop/A20251125.1330-1345_ZA46E.xml.gz /ericsson/log/amos/moshell_logfiles/t20251125_37258710_65084/logs_moshell/pmfiles/19.31.16.207/rop/A20251125.1330-1345_ZA46E.xml.gz ... OK
get /rop/A20251125.1345-1400_ZA46E.xml.gz /ericsson/log/amos/moshell_logfiles/t20251125_37258710_65084/logs_moshell/pmfiles/19.31.16.207/rop/A20251125.1345-1400_ZA46E.xml.gz ... OK

Using hardcoded thresholds: 3, 4.5, and 16.5
================================================================================================================================
SC     SE  Tx/Rx BrPair  RfPort1 - RfPort2               HW       Serial      Cell (State)   Samples   Med  Mean  SDev Pol Res Issue
================================================================================================================================
ZA46E1 210   2/2 0 (1,2) Radio-S210-1(A) Radio-S210-1(B) RRU2279  TU8U01N0BR  FDD=ZA46E1 (1)    9528  -0.5  -0.2   6.0  NA  OK Passed
ZA46E2 211   2/2 0 (1,2) Radio-S211-1(A) Radio-S211-1(B) RRU2279  TU8U01N0AL  FDD=ZA46E2 (1)     275  -0.5   0.5   6.4  NA  NT Not enough data
ZA46M1 110   4/4 0 (1,2) Radio-S110-1(A) Radio-S110-1(B) RRU4499  E23E182745  FDD=ZA46M1 (1)    1982  -0.5  -0.5   6.8   ?  NT Not enough data
ZA46M1 110   4/4 1 (2,3) Radio-S110-1(B) Radio-S110-1(C) RRU4499  E23E182745  FDD=ZA46M1 (1)    1982   0.5   0.2   6.7   ?  NT Not enough data
ZA46M1 110   4/4 2 (3,4) Radio-S110-1(C) Radio-S110-1(D) RRU4499  E23E182745  FDD=ZA46M1 (1)    1982  -0.5  -0.2   6.7   ?  NT Not enough data
ZA46M2 111   4/4 0 (1,2) Radio-S111-1(A) Radio-S111-1(B) RRU4499  E23E178996  FDD=ZA46M2 (1)     202  -1.5  -1.0   5.7   ?  NT Not enough data
ZA46M2 111   4/4 1 (2,3) Radio-S111-1(B) Radio-S111-1(C) RRU4499  E23E178996  FDD=ZA46M2 (1)     202   1.5   1.6   6.2   ?  NT Not enough data
ZA46M2 111   4/4 2 (3,4) Radio-S111-1(C) Radio-S111-1(D) RRU4499  E23E178996  FDD=ZA46M2 (1)     202  -0.5  -0.1   5.8   ?  NT Not enough data
ZA46T1 110   4/4 0 (1,2) Radio-S110-1(A) Radio-S110-1(B) RRU4499  E23E182745  FDD=ZA46T1 (1)   35667  -3.5  -3.5   7.8   S OKW Possible RF Loss or PIM at Radio-S110-1(B)
ZA46T1 110   4/4 1 (2,3) Radio-S110-1(B) Radio-S110-1(C) RRU4499  E23E182745  FDD=ZA46T1 (1)   35667   3.5   3.5   7.6   S OKW Possible RF Loss or PIM at Radio-S110-1(B)
ZA46T1 110   4/4 2 (3,4) Radio-S110-1(C) Radio-S110-1(D) RRU4499  E23E182745  FDD=ZA46T1 (1)   35667  -1.5  -1.9   6.8   S  OK Passed
ZA46T2 111   4/4 0 (1,2) Radio-S111-1(A) Radio-S111-1(B) RRU4499  E23E178996  FDD=ZA46T2 (1)   82446   7.5   7.5   2.9   ? NOK RF Loss or PIM at Radio-S111-1(A)
ZA46T2 111   4/4 1 (2,3) Radio-S111-1(B) Radio-S111-1(C) RRU4499  E23E178996  FDD=ZA46T2 (1)   82446   5.5   5.6   2.4   ? NOK RF Loss or PIM at Radio-S111-1(B)
ZA46T2 111   4/4 2 (3,4) Radio-S111-1(C) Radio-S111-1(D) RRU4499  E23E178996  FDD=ZA46T2 (1)   82446  -1.5  -1.3   2.3   ?  OK Passed
================================================================================================================================
Total: 6 SectorCarriers, 14 RfBranch Pairs (3 OK, 2 OKW, 2 NOK, 7 NT)
......
Last MO: 18005. Loaded 18005 MOs. Total: 18006 MOs.

No NRSectorCarrier MOs are defined on the node.

ZA46E> mfitr

251125-15:59:15+0100 19.31.16.207 25.0h MSRBS_NODE_MODEL_25.Q1_198665.224.73_bf81 stopfile=/tmp/3008366
...........
Last MO: 18005. Loaded 18005 MOs. Total: 18006 MOs.
.........
2025-11-25 16:00
================================================================================================================================
CELL       SC     FRU          BOARD             PUSCH  PUCCH       A      B      C      D  DELTA
================================================================================================================================
FDD=ZA46E1 ZA46E1 Radio-S210-1 RRU227922B822B20C -119.3 -118.3 -118.7 -118.8                  0.1
FDD=ZA46E2 ZA46E2 Radio-S211-1 RRU227922B822B20C -119.4 -119.0 -118.8 -117.7                  1.1
FDD=ZA46M1 ZA46M1 Radio-S110-1 RRU449944B144B3C  -119.6 -119.4 -119.1 -119.1 -119.2 -119.1    0.1
FDD=ZA46M2 ZA46M2 Radio-S111-1 RRU449944B144B3C  -120.1 -120.0 -119.1 -119.1 -120.0 -119.8    0.9
FDD=ZA46T1 ZA46T1 Radio-S110-1 RRU449944B144B3C  -119.2 -115.9 -119.2 -119.4 -119.1 -118.7    0.7
FDD=ZA46T2 ZA46T2 Radio-S111-1 RRU449944B144B3C  -120.2 -119.4 -120.0 -120.0 -119.8 -119.8    0.2
================================================================================================================================
Bye...
Output has been logged to file /mta_fs/UserFiles/37258710/amosbatch/SDIR/ZA46E.log
