Logging to file /mta_fs/UserFiles/37258710/amosbatch/SDIR/ZC36E.log
                        __  __  ____   _____
                  /\   |  \/  |/ __ \ / ____|
                 /  \  | \  / | |  | | (___  
                / /\ \ | |\/| | |  | |\___ \ 
               / ____ \| |  | | |__| |____) |
              /_/    \_\_|  |_|\____/|_____/
              OSS Framework for MoShell-25.0h 
  Copyright (c) Ericsson AB 2001-2025 - All Rights Reserved
              
           
[1;31mWARNING: [0mthe AMOS version currently running is more than 29 weeks old and is unsupported.
Please upgrade as soon as possible to the latest released version, available from your local Ericsson support.

$amosrb_pid = 2742735

Checking ip contact...OK

HELP MENU            : h
BASIC MO COMMANDS    : m
OTHER MO COMMANDS    : n
OTHER COMMANDS       : o
PM COMMANDS          : p
QUIT                 : q

ZC36E> lt all

251125-14:34:49+0100 19.31.8.163 25.0h  stopfile=/tmp/2742596
Looking up temporary_amos account... OK.
Trying temporary_amos_t20251125_37258710_65084_131's password from amos lookupAccount ... OK

$ssh_pid = 2743563

Connected to 19.31.8.163 (SubNetwork=BBMM_rckomc_R,MeContext=ZC36E,ManagedElement=ZC36E)

Checking MOM version...MSRBS_NODE_MODEL_25.Q1_693.28324.131_62ac
Parsing MOM (cached): /ericsson/log/amos/moshell_logfiles/t20251125_37258710_65084/logs_moshell/tempfiles/scp-4-amos_20251125-143442_2742540/MSRBS_NODE_MODEL_25.Q1_693.28324.131_62ac.xml.cache.gz ..................................................................................................................................................................................................................................Done.
Using paramfile /opt/ericsson/amos/moshell/commonjars/pm/PARAM_MSRBS_25.Q1.txt
Parsing file /opt/ericsson/amos/moshell/commonjars/pm/PARAM_MSRBS_25.Q1.txt .......................................................................................Done.
Using imomdfile /opt/ericsson/amos/moshell/commonjars/pm/IMOMD_MSRBS_22.Q4.txt
Using imomfile /opt/ericsson/amos/moshell/commonjars/pm/IMOM_MSRBS_25.Q1.txt
Connected to 19.31.8.163 (SubNetwork=BBMM_rckomc_R,MeContext=ZC36E,ManagedElement=ZC36E)

Last MO: 17210. Loaded 17210 MOs. Total: 17211 MOs.

ZC36E> st cell

251125-14:35:02+0100 19.31.8.163 25.0h MSRBS_NODE_MODEL_25.Q1_693.28324.131_62ac stopfile=/tmp/2742596
===================================================================================
Proxy  Adm State     Op. State     MO
===================================================================================
   43  1 (UNLOCKED)  1 (ENABLED)   ENodeBFunction=1,EUtranCellFDD=ZC36E1
  137  1 (UNLOCKED)  1 (ENABLED)   ENodeBFunction=1,EUtranCellFDD=ZC36E2
  227  1 (UNLOCKED)  1 (ENABLED)   ENodeBFunction=1,EUtranCellFDD=ZC36M1
  313  1 (UNLOCKED)  1 (ENABLED)   ENodeBFunction=1,EUtranCellFDD=ZC36M2
  401  1 (UNLOCKED)  1 (ENABLED)   ENodeBFunction=1,EUtranCellFDD=ZC36T1
  493  1 (UNLOCKED)  1 (ENABLED)   ENodeBFunction=1,EUtranCellFDD=ZC36T2
  839  1 (UNLOCKED)  1 (ENABLED)   ENodeBFunction=1,NbIotCell=ZC36N1
  840  1 (UNLOCKED)  1 (ENABLED)   ENodeBFunction=1,NbIotCell=ZC36N2
===================================================================================
Total: 8 MOs

ZC36E> st radio

251125-14:35:03+0100 19.31.8.163 25.0h MSRBS_NODE_MODEL_25.Q1_693.28324.131_62ac stopfile=/tmp/2742596
===================================================================================
Proxy  Adm State     Op. State     MO
===================================================================================
 1408  1 (UNLOCKED)  1 (ENABLED)   Equipment=1,FieldReplaceableUnit=Radio-S1-1
 1420  1 (UNLOCKED)  1 (ENABLED)   Equipment=1,FieldReplaceableUnit=Radio-S100-1
 1443  1 (UNLOCKED)  1 (ENABLED)   Equipment=1,FieldReplaceableUnit=Radio-S180-NGS
 1457  1 (UNLOCKED)  1 (ENABLED)   Equipment=1,FieldReplaceableUnit=Radio-S2-1
17202  1 (UNLOCKED)  1 (ENABLED)   Transport=1,Synchronization=1,RadioEquipmentClock=1,RadioEquipmentClockReference=NTP1
17203  1 (UNLOCKED)  1 (ENABLED)   Transport=1,Synchronization=1,RadioEquipmentClock=1,RadioEquipmentClockReference=PTP8275_2
===================================================================================
Total: 6 MOs

ZC36E> sdir

251125-14:35:03+0100 19.31.8.163 25.0h MSRBS_NODE_MODEL_25.Q1_693.28324.131_62ac stopfile=/tmp/2742596
INFO: Using amos lookupAccount credentials for the export login
...............................
get /rop/A20251125.1245-1300_ZC36E.xml.gz /ericsson/log/amos/moshell_logfiles/t20251125_37258710_65084/logs_moshell/pmfiles/19.31.8.163/rop/A20251125.1245-1300_ZC36E.xml.gz ... OK
get /rop/A20251125.1300-1315_ZC36E.xml.gz /ericsson/log/amos/moshell_logfiles/t20251125_37258710_65084/logs_moshell/pmfiles/19.31.8.163/rop/A20251125.1300-1315_ZC36E.xml.gz ... OK
get /rop/A20251125.1315-1330_ZC36E.xml.gz /ericsson/log/amos/moshell_logfiles/t20251125_37258710_65084/logs_moshell/pmfiles/19.31.8.163/rop/A20251125.1315-1330_ZC36E.xml.gz ... OK
....Checking available boards on node...

Collecting RCS board data ...
.........................................................................................................................
......................
........................................................................................................................................................................................................................................................................
.....
Collecting TN data...
........................................................................................................................
Getting MO data from node (53 MOs). Please wait...
0%                                             ~50%                                           ~100%
...............................................................................................................................
Collecting RF data...
.
Collecting Alarms...
.Executing action Log.export()
...
Log=AlarmLog                    actionId=7527
...................
Executing action LogM.exportAvailabilityLog()
..LogM=1,exportAvailabilityLog    actionId=7528
.....Parsing alarmLog............Done.
Parsing availabilityLog........Done.
..............

Total: 4 CPRI links (4 OK, 0 OKW, 0 NOK, 0 NT)

+--------+                      +------------+           +----------------+
|        | A        O98      D1 | Radio-S1-1 | D2 O98 D2 | Radio-S180-NGS |
|        |-----------1----------| RRU2217B20 |-----4-----|   RRU4415B7*   |
|        |         OK-61m       |   BXP_2    |   OK-7m   |     BXP_5      |
|        |                      +------------+           +----------------+
|        |                             |A  |B               |A  |B  |C  |D
|        |               SE=1 AG=1 FDD=ZC36E1
|        |                        NIOT=ZC36N1
|        |
|        |                      +------------+
|        | B        O98      D1 | Radio-S2-1 |
|        |-----------2----------| RRU2217B20 |
|        |         OK-61m       |   BXP_3    |
|  BB-1  |                      +------------+
| BB6631 |                             |A  |B
| 000100 |               SE=2 AG=2 FDD=ZC36E2
|        |                        NIOT=ZC36N2
|        |
|        |                      +------------------+
|        | D        O101     D2 |   Radio-S100-1   |
|        |-----------3----------| RRU449944B144B3C |
|        |         OK-61m       |      BXP_4       |
|        |                      +------------------+
|        |                           |A  |B  |C  |D
|        |                    SE=100 AG=100  |   |
|        |            FDD=ZC36M1 FDD=ZC36T1  |   |
|        |                            SE=101 AG=101
|        |                    FDD=ZC36M2 FDD=ZC36T2
|        |
+--------+

=====================================================================================================================================
ID RiL      Type Res MO1-MO2                           BOARD1-BOARD2           AlmIDs Cells (States)                                        Issue (Failed checks)
=====================================================================================================================================
 1 S1-1     O98  OK  BB-1(A) Radio-S1-1(D1)            BB6631 RRU2217B20              FDD=ZC36E1 NIOT=ZC36N1 (1,1)                          Passed
 2 S2-1     O98  OK  BB-1(B) Radio-S2-1(D1)            BB6631 RRU2217B20              FDD=ZC36E2 NIOT=ZC36N2 (1,1)                          Passed
 3 S100-1   O101 OK  BB-1(D) Radio-S100-1(D2)          BB6631 RRU449944B144B3C        FDD=ZC36M1 FDD=ZC36M2 FDD=ZC36T1 FDD=ZC36T2 (1,1,1,1) Passed
 4 S180-NGS O98  OK  Radio-S1-1(D2) Radio-S180-NGS(D2) RRU2217B20 RRU4415B7*                                                                Passed
-------------------------------------------------------------------------------------------------------------------------------------

Node: RadioNode L   CXP2010174/2_R27J08 (25.Q1)   G3.1   LTE-FDD,LTE-IoT 

=====================================================================================================================================
FRU            ;LNH    ;BOARD            ;ST ;FAULT ;OPER ;MAINT ;STAT ;PRODUCTNUMBER   ;REV     ;SERIAL        ;DATE     ;PMTEMP ; TEMP ; UPT ;VOLT ;SW                   ;
=====================================================================================================================================
BB-1           ;000100 ;BB6631           ; 1 ;  OFF ;  ON ;  OFF ;  ON ;KDU1370071/11   ;R2A     ;E96A00WA0V    ;20221117 ;3 (OK) ;      ; 130 ;53   ;                     ;
Radio-S1-1     ;BXP_2  ;RRU2217B20       ; 1 ;  OFF ;  ON ;  OFF ; N/A ;KRC161549/1     ;R1S     ;TU8U01UDX2    ;20221118 ;4 (OK) ; 33.8 ; 130 ;53.7 ;CXP9013268%9_R96JB   ; (Radio2217B20)
Radio-S100-1   ;BXP_4  ;RRU449944B144B3C ; 1 ;  OFF ;  ON ;  OFF ; N/A ;KRC161787/1     ;R2G     ;E23E372846    ;20221119 ;4 (OK) ; 25.1 ; 130 ;50.6 ;CXP9013268%15_R101LX ; (Radio449944B144B3C)
Radio-S180-NGS ;BXP_5  ;RRU4415B7*       ; 1 ;  OFF ;  ON ;  OFF ; N/A ;KRC161495/1     ;R5J     ;TU8U01QB11    ;20220903 ;4 (OK) ; 26.5 ; 130 ;52.8 ;CXP9013268%15_R101LX ; (Radio4415B7)
Radio-S2-1     ;BXP_3  ;RRU2217B20       ; 1 ;  OFF ;  ON ;  OFF ; N/A ;KRC161549/1     ;R1S     ;TU8U01UDX4    ;20221118 ;4 (OK) ; 30.1 ; 130 ;53.9 ;CXP9013268%9_R96JB   ; (Radio2217B20)
-------------------------------------------------------------------------------------------------------------------------------------

=====================================================================================================================================
AntennaNearUnit                                     ;ST  ;TYPE   ;PRODUCTNR  ;REV                ;UNIQUEID             ;RfPort
=====================================================================================================================================
AntennaUnitGroup=1,AntennaNearUnit=RET_800          ; 1  ;S-RET  ;AIMM20D11  ;WD81MANGRCU_VER.D  ;HWM1716H2002V29160r  ;FieldReplaceableUnit=Radio-S1-1,RfPort=R
AntennaUnitGroup=1,AntennaNearUnit=RET_900          ; 1  ;S-RET  ;AIMM20D11  ;WD81MANGRCU_VER.D  ;HWM1716H2002W7347rr  ;FieldReplaceableUnit=Radio-S1-1,RfPort=R
AntennaUnitGroup=100,AntennaNearUnit=RET_1800_2100  ; 1  ;S-RET  ;AIMM20M11  ;WD81MANBRCU_VER.F  ;HWM1883H20058886yyC  ;FieldReplaceableUnit=Radio-S100-1,RfPort=R
AntennaUnitGroup=100,AntennaNearUnit=RET_2600       ; 1  ;S-RET  ;AIMM20M11  ;WD81MANBRCU_VER.F  ;HWM1883H300WW75yyyR  ;FieldReplaceableUnit=Radio-S100-1,RfPort=R
AntennaUnitGroup=101,AntennaNearUnit=RET_1800_2100  ; 1  ;S-RET  ;AIMM20M11  ;WD81MANBRCU_VER.F  ;HWM1883H300WV486yyC  ;FieldReplaceableUnit=Radio-S100-1,RfPort=R
AntennaUnitGroup=101,AntennaNearUnit=RET_2600       ; 1  ;S-RET  ;AIMM20M11  ;WD81MANBRCU_VER.F  ;HWM1883H2005997yyyR  ;FieldReplaceableUnit=Radio-S100-1,RfPort=R
AntennaUnitGroup=2,AntennaNearUnit=RET_800          ; 1  ;S-RET  ;AIMM20D11  ;WD81MANGRCU_VER.D  ;HWM1716H2001012670r  ;FieldReplaceableUnit=Radio-S2-1,RfPort=R
AntennaUnitGroup=2,AntennaNearUnit=RET_900          ; 1  ;S-RET  ;AIMM20D11  ;WD81MANGRCU_VER.D  ;HWM1716H200119234rr  ;FieldReplaceableUnit=Radio-S2-1,RfPort=R
-------------------------------------------------------------------------------------------------------------------------------------

=====================================================================================================================================
XPBOARD  ;ST ;FAULT ;OPER ;PRODUCTNUMBER ;REV ;SERIAL/NAME ;DATE     ; TEMP ;MO
=====================================================================================================================================
FAN08    ; 1 ;N/A   ;N/A  ;BKV106236/1   ;R2F ;DD111P8218  ;20220309 ; 36.0 ;SupportUnit=1 (FAN  BB-1)
-------------------------------------------------------------------------------------------------------------------------------------

=====================================================================================================================================
ID ;T ;RiL      ;BPBP ;BOARD1           ;LNH1 ;PORT ;R ;LINK ;RATE  ; BER ;BOARD2           ;LNH2 ;PORT ;R ;LINK ;RATE  ; BER ;LENGTH ;MO1 - MO2
=====================================================================================================================================
 1 ;O ;    S1-1 ;1111 ;BB6631           ;000100 ; 1 ;M ;Up   ;9.8G  ;   0 ;RRU2217B20       ;BXP_2  ; 0 ;S ;Up   ;9.8G  ;   0 ;   61m ;Fru=BB-1(A) Fru=Radio-S1-1(D1)
 2 ;O ;    S2-1 ;1111 ;BB6631           ;000100 ; 2 ;M ;Up   ;9.8G  ;   0 ;RRU2217B20       ;BXP_3  ; 0 ;S ;Up   ;9.8G  ;   0 ;   61m ;Fru=BB-1(B) Fru=Radio-S2-1(D1)
 3 ;O ;  S100-1 ;1111 ;BB6631           ;000100 ; 4 ;M ;Up   ;10.1G ;   0 ;RRU449944B144B3C ;BXP_4  ; 1 ;S ;Up   ;10.1G ;   0 ;   61m ;Fru=BB-1(D) Fru=Radio-S100-1(D2)
 4 ;O ;S180-NGS ;1111 ;RRU2217B20       ;BXP_2  ; 1 ;M ;Up   ;9.8G  ;   0 ;RRU4415B7*       ;BXP_5  ; 1 ;S ;Up   ;9.8G  ;   0 ;    7m ;Fru=Radio-S1-1(D2) Fru=Radio-S180-NGS(D2)
-------------------------------------------------------------------------------------------------------------------------------------

=====================================================================================================================================
ID ;LINK ;RiL      ;VENDOR1  ;VENDORPROD1      ;REV1 ;SERIAL1         ;DATE1    ;ERICSSONPROD1      ;VENDOR2  ;VENDORPROD2      ;REV2 ;SERIAL2         ;DATE2    ;ERICSSONPROD2      ;TT ;WL1     ;WL2    
=====================================================================================================================================
 1 ;Up   ;    S1-1 ;ERICSSON ;LCP-10G3B4HDRME4 ;A    ;2241094A2450206 ;20221012 ;RDH10265/2 R1A     ;ERICSSON ;LCP-10G3B4HDRME4 ;A    ;2241094A2450172 ;20221012 ;RDH10265/2 R1A     ;0  ;1310.00 ;1310.00
 2 ;Up   ;    S2-1 ;ERICSSON ;LCP-10G3B4HDRME4 ;A    ;2241094A2450228 ;20221012 ;RDH10265/2 R1A     ;ERICSSON ;LCP-10G3B4HDRME4 ;A    ;2241094A2450204 ;20221012 ;RDH10265/2 R1A     ;0  ;1310.00 ;1310.00
 3 ;Up   ;  S100-1 ;ERICSSON ;LCP-10G3B4HDRME4 ;A    ;2241094A2450171 ;20221012 ;RDH10265/2 R1A     ;ERICSSON ;LCP-10G3B4HDRME4 ;A    ;2241094A2452750 ;20221014 ;RDH10265/2 R1A     ;0  ;1310.00 ;1310.00
 4 ;Up   ;S180-NGS ;ERICSSON ;SPP10ELRIDFSEN   ;10   ;CT72859738      ;20220727 ;RDH10265/2 R1A     ;ERICSSON ;LCP-10G3B4HDRME4 ;A    ;2241094A2450235 ;20221012 ;RDH10265/2 R1A     ;0  ;1310.00 ;1310.00
-------------------------------------------------------------------------------------------------------------------------------------

=====================================================================================================================================
ID ;LINK ;RiL      ;WL1     ;TEMP1 ;TXbs1 ;TXdBm1 ;RXdBm1 ;BER1   ;WL2     ;TEMP2 ;TXbs2 ;TXdBm2 ;RXdBm2 ;BER2   ;DlLoss ;UlLoss ;LENGTH ;TT
=====================================================================================================================================
 1 ;Up   ;    S1-1 ;1310.00 ;26C   ;28%   ;-3.28  ;-3.96  ;   0   ;1310.00 ;27C   ;40%   ;-3.26  ;-4.33  ;   0   ;  1.05 ;   0.7 ;   61m ; 0
 2 ;Up   ;    S2-1 ;1310.00 ;27C   ;36%   ;-3.29  ;-3.41  ;   0   ;1310.00 ;25C   ;35%   ;-3.28  ;-4.83  ;   0   ;  1.54 ;  0.13 ;   61m ; 0
 3 ;Up   ;  S100-1 ;1310.00 ;27C   ;37%   ;-3.21  ;-4.61  ;   0   ;1310.00 ;19C   ;37%   ;-3.28  ;-4.42  ;   0   ;  1.21 ;  1.33 ;   61m ; 0
 4 ;Up   ;S180-NGS ;1310.00 ;31C   ;34%   ;-2.08  ;-3.78  ;   0   ;1310.00 ;19C   ;33%   ;-3.27  ;-2.88  ;   0   ;   0.8 ;  0.51 ;    7m ; 0
-------------------------------------------------------------------------------------------------------------------------------------

=====================================================================================================================================
ID ;RiL      ;BOARD            ;SFPLNH  ;PORT ;VENDOR   ;VENDORPROD       ;REV  ;SERIAL          ;DATE     ;ERICSSONPROD       ;WL      ;TEMP  ;TXbs  ;TXdBm  ;RXdBm  ; BER
=====================================================================================================================================
 1 ;    S1-1 ;BB6631           ;000100   ;  1 ;ERICSSON ;LCP-10G3B4HDRME4 ;A    ;2241094A2450206 ;20221012 ;RDH10265/2 R1A     ;1310.00 ;26C   ;28%   ;-3.28  ;-3.96  ;   0
 2 ;    S2-1 ;BB6631           ;000100   ;  2 ;ERICSSON ;LCP-10G3B4HDRME4 ;A    ;2241094A2450228 ;20221012 ;RDH10265/2 R1A     ;1310.00 ;27C   ;36%   ;-3.29  ;-3.41  ;   0
 3 ;  S100-1 ;BB6631           ;000100   ;  4 ;ERICSSON ;LCP-10G3B4HDRME4 ;A    ;2241094A2450171 ;20221012 ;RDH10265/2 R1A     ;1310.00 ;27C   ;37%   ;-3.21  ;-4.61  ;   0
 1 ;    S1-1 ;RRU2217B20       ;BXP_2    ;  0 ;ERICSSON ;LCP-10G3B4HDRME4 ;A    ;2241094A2450172 ;20221012 ;RDH10265/2 R1A     ;1310.00 ;27C   ;40%   ;-3.26  ;-4.33  ;   0
 4 ;S180-NGS ;RRU2217B20       ;BXP_2    ;  1 ;ERICSSON ;SPP10ELRIDFSEN   ;10   ;CT72859738      ;20220727 ;RDH10265/2 R1A     ;1310.00 ;31C   ;34%   ;-2.08  ;-3.78  ;   0
 2 ;    S2-1 ;RRU2217B20       ;BXP_3    ;  0 ;ERICSSON ;LCP-10G3B4HDRME4 ;A    ;2241094A2450204 ;20221012 ;RDH10265/2 R1A     ;1310.00 ;25C   ;35%   ;-3.28  ;-4.83  ;   0
 3 ;  S100-1 ;RRU449944B144B3C ;BXP_4    ;  1 ;ERICSSON ;LCP-10G3B4HDRME4 ;A    ;2241094A2452750 ;20221014 ;RDH10265/2 R1A     ;1310.00 ;19C   ;37%   ;-3.28  ;-4.42  ;   0
 4 ;S180-NGS ;RRU4415B7*       ;BXP_5    ;  1 ;ERICSSON ;LCP-10G3B4HDRME4 ;A    ;2241094A2450235 ;20221012 ;RDH10265/2 R1A     ;1310.00 ;19C   ;33%   ;-3.27  ;-2.88  ;   0
-------------------------------------------------------------------------------------------------------------------------------------
TN ;         ;BB6631           ;000100   ; IB ;ERICSSON ;LCP-10G3B4HDRME4 ;A    ;2241094A2450176 ;20221012 ;RDH10265/2 R1A     ;1310    ;26C   ;32%   ;-3.30  ;-5.99  ;NZ/0
TN ;         ;BB6631           ;000100   ;IA2 ;ERICSSON ;NDAAF9-E201      ;E    ;APF224520123C8  ;20221109 ;RPM777053/1000 R1B ;NA      ;NA    ;NA    ;NA     ;NA     ; 0/0
-------------------------------------------------------------------------------------------------------------------------------------

=====================================================================================================================================
BOARD  ;LNH    ;PORT       ;T ;S ;OpMode   ;AutoNeg ;MacAddress        ;VlanIds        ;LOS ;BER
=====================================================================================================================================
BB6631 ;000100 ;TN_IDL_A_1 ;E ;1 ;10G_FULL ;false   ;F8:97:A9:C6:0F:B0 ;3901,3908,3910 ;0   ;0/0
BB6631 ;000100 ;TN_IDL_A_2 ;O ;1 ;10G_FULL ;false   ;F8:97:A9:C6:0F:B1 ;3908           ;0   ;0/0
BB6631 ;000100 ;TN_IDL_B   ;O ;1 ;1G_FULL  ;true    ;F8:97:A9:C6:0F:B4 ;3901,3908,3910 ;0   ;NZ/0
-------------------------------------------------------------------------------------------------------------------------------------

radioClockState : RNT_TIME_LOCKED
-------------------------------------------------------------------------------------
Prio  ;ST  ;syncRefType    ;refStatus  ;opQualLevel  ;SyncReference
-------------------------------------------------------------------------------------
  *1  ; 1  ;PTP_TIME       ;NO_FAULT   ;PRTC         ;Ptp=1,BoundaryOrdinaryClock=1 (G_8275_2 Router=45G_Traffic,InterfaceIPv4=LTE,AddressIPv4=LTE:SLAVE)
   2  ; 1  ;NTP_FREQUENCY  ;NO_FAULT   ;PRC          ;Ntp=1,NtpFrequencySync=NTP1 (10.31.0.54:32751 Router=45G_Traffic,InterfaceIPv4=LTE,AddressIPv4=LTE)
-------------------------------------------------------------------------------------
nodeGroupRole   : SYNC_PROVIDER (syncNodePriority=1, selectionMode=NODE_PRIORITY)
-------------------------------------------------------------------------------------
DU  ;Port  ;sharedUnitRef (RiPortA - RiPortB)  ;remoteNodePriority  ;CandidateStatus
-------------------------------------------------------------------------------------
1   ;A     ;Fru=Radio-S180-NGS (2 - 1)         ;3                   ;OK_NOT_ACTIVE
-------------------------------------------------------------------------------------

=====================================================================================================================================
FRU            ;LNH    ;BOARD            ;RF  ;BP  ;TX (W/dBm)  ;VSWR (RL)   ;RX (dBm) ;UEs/gUEs  ;Sector/AntennaGroup/Cells (State:CellIds:PCIs)
=====================================================================================================================================
Radio-S180-NGS ;BXP_5  ;RRU4415B7*       ; A  ;1L  ;19.1 (42.8) ;1.03 (36.3) ;-100.0   ;          ;
Radio-S180-NGS ;BXP_5  ;RRU4415B7*       ; B  ;1L  ;-           ;1.03 (36.1) ;-99.9    ;          ;
Radio-S180-NGS ;BXP_5  ;RRU4415B7*       ; C  ;1L  ;19.5 (42.9) ;1.13 (24.5) ;-99.9    ;          ;
Radio-S180-NGS ;BXP_5  ;RRU4415B7*       ; D  ;1L  ;-           ;1.05 (31.7) ;-99.9    ;          ;
Radio-S1-1     ;BXP_2  ;RRU2217B20       ; A  ;11  ;-           ;1.22 (20.1) ;         ;6/-       ;SE=1 AG=1 FDD=ZC36E1 NIOT=ZC36N1 (1:61:266, 1:161:266)
Radio-S1-1     ;BXP_2  ;RRU2217B20       ; B  ;11  ;-           ;1.28 (18.3) ;         ;6/-       ;SE=1 AG=1 FDD=ZC36E1 NIOT=ZC36N1 (1:61:266, 1:161:266)
Radio-S2-1     ;BXP_3  ;RRU2217B20       ; A  ;11  ;-           ;1.30 (17.7) ;         ;4/-       ;SE=2 AG=2 FDD=ZC36E2 NIOT=ZC36N2 (1:62:265, 1:162:265)
Radio-S2-1     ;BXP_3  ;RRU2217B20       ; B  ;11  ;-           ;1.37 (16.1) ;         ;4/-       ;SE=2 AG=2 FDD=ZC36E2 NIOT=ZC36N2 (1:62:265, 1:162:265)
Radio-S100-1   ;BXP_4  ;RRU449944B144B3C ; A  ;11  ;27.6 (44.4) ;1.19 (21.2) ;-96.4    ;10/-      ;SE=100 AG=100 FDD=ZC36M1 FDD=ZC36T1 (1:31:110, 1:41:406)
Radio-S100-1   ;BXP_4  ;RRU449944B144B3C ; B  ;11  ;28.0 (44.5) ;1.11 (25.6) ;-95.8    ;10/-      ;SE=100 AG=100 FDD=ZC36M1 FDD=ZC36T1 (1:31:110, 1:41:406)
Radio-S100-1   ;BXP_4  ;RRU449944B144B3C ; C  ;11  ;39.9 (46.0) ;1.19 (21.1) ;-96.4    ;3/-       ;SE=101 AG=101 FDD=ZC36M2 FDD=ZC36T2 (1:32:468, 1:42:65)
Radio-S100-1   ;BXP_4  ;RRU449944B144B3C ; D  ;11  ;-           ;1.09 (27.2) ;-96.3    ;3/-       ;SE=101 AG=101 FDD=ZC36M2 FDD=ZC36T2 (1:32:468, 1:42:65)
-------------------------------------------------------------------------------------------------------------------------------------

ZC36E> mfar

251125-14:37:23+0100 19.31.8.163 25.0h MSRBS_NODE_MODEL_25.Q1_693.28324.131_62ac stopfile=/tmp/2742596
.....
Last MO: 17209. Loaded 17209 MOs. Total: 17210 MOs.
...............................................
get /rop/A20251125.1200-1215_ZC36E.xml.gz /ericsson/log/amos/moshell_logfiles/t20251125_37258710_65084/logs_moshell/pmfiles/19.31.8.163/rop/A20251125.1200-1215_ZC36E.xml.gz ... OK
get /rop/A20251125.1215-1230_ZC36E.xml.gz /ericsson/log/amos/moshell_logfiles/t20251125_37258710_65084/logs_moshell/pmfiles/19.31.8.163/rop/A20251125.1215-1230_ZC36E.xml.gz ... OK
get /rop/A20251125.1230-1245_ZC36E.xml.gz /ericsson/log/amos/moshell_logfiles/t20251125_37258710_65084/logs_moshell/pmfiles/19.31.8.163/rop/A20251125.1230-1245_ZC36E.xml.gz ... OK

Using hardcoded thresholds: 3, 4.5, and 16.5
================================================================================================================================
SC     SE  Tx/Rx BrPair  RfPort1 - RfPort2               HW       Serial      Cell (State)   Samples   Med  Mean  SDev Pol Res Issue
================================================================================================================================
ZC36E1   1   2/2 0 (1,2) Radio-S1-1(A) Radio-S1-1(B)     RRU2217  TU8U01UDX2  FDD=ZC36E1 (1)  136508   0.5   0.3   5.8  NA  OK Passed
ZC36E2   2   2/2 0 (1,2) Radio-S2-1(A) Radio-S2-1(B)     RRU2217  TU8U01UDX4  FDD=ZC36E2 (1)   59931   0.5   0.4   5.5  NA  OK Passed
ZC36M1 100   2/2 0 (1,2) Radio-S100-1(A) Radio-S100-1(B) RRU4499  E23E372846  FDD=ZC36M1 (1)    6863   0.5   0.7   7.4  NA  OK Passed
ZC36M2 101   2/2 0 (1,2) Radio-S100-1(C) Radio-S100-1(D) RRU4499  E23E372846  FDD=ZC36M2 (1)   11039   0.5   0.1   5.6  NA  OK Passed
ZC36T1 100   2/2 0 (1,2) Radio-S100-1(A) Radio-S100-1(B) RRU4499  E23E372846  FDD=ZC36T1 (1)  135369   2.5   3.9   9.2  NA OKW Possible RF Loss or PIM at Radio-S100-1(A)
ZC36T2 101   2/2 0 (1,2) Radio-S100-1(C) Radio-S100-1(D) RRU4499  E23E372846  FDD=ZC36T2 (1)   81405   1.5   0.8   5.9  NA  OK Passed
================================================================================================================================
Total: 6 SectorCarriers, 6 RfBranch Pairs (5 OK, 1 OKW, 0 NOK, 0 NT)
......
Last MO: 17209. Loaded 17209 MOs. Total: 17210 MOs.

No NRSectorCarrier MOs are defined on the node.

ZC36E> mfitr

251125-14:37:39+0100 19.31.8.163 25.0h MSRBS_NODE_MODEL_25.Q1_693.28324.131_62ac stopfile=/tmp/2742596
..........
Last MO: 17209. Loaded 17209 MOs. Total: 17210 MOs.
........
2025-11-25 14:38
================================================================================================================================
CELL       SC     FRU          BOARD            PUSCH  PUCCH       A      B      C      D  DELTA
================================================================================================================================
FDD=ZC36E1 ZC36E1 Radio-S1-1   RRU2217B20       -119.5 -118.8 -119.4 -119.4                    0
FDD=ZC36E2 ZC36E2 Radio-S2-1   RRU2217B20       -119.2 -118.8 -119.3 -119.2                  0.1
FDD=ZC36M1 ZC36M1 Radio-S100-1 RRU449944B144B3C -119.5 -119.5 -119.4 -119.3                  0.1
FDD=ZC36M2 ZC36M2 Radio-S100-1 RRU449944B144B3C -119.5 -119.5               -119.4 -119.3    0.1
FDD=ZC36T1 ZC36T1 Radio-S100-1 RRU449944B144B3C -119.5 -118.5 -119.4 -119.3                  0.1
FDD=ZC36T2 ZC36T2 Radio-S100-1 RRU449944B144B3C -119.4 -116.4               -119.1 -118.6    0.5
================================================================================================================================
Bye...
Output has been logged to file /mta_fs/UserFiles/37258710/amosbatch/SDIR/ZC36E.log
