Logging to file /mta_fs/UserFiles/37258710/amosbatch/SDIR/ZC50E.log
                        __  __  ____   _____
                  /\   |  \/  |/ __ \ / ____|
                 /  \  | \  / | |  | | (___  
                / /\ \ | |\/| | |  | |\___ \ 
               / ____ \| |  | | |__| |____) |
              /_/    \_\_|  |_|\____/|_____/
              OSS Framework for MoShell-25.0h 
  Copyright (c) Ericsson AB 2001-2025 - All Rights Reserved
              
           
[1;31mWARNING: [0mthe AMOS version currently running is more than 29 weeks old and is unsupported.
Please upgrade as soon as possible to the latest released version, available from your local Ericsson support.

$amosrb_pid = 2371882

Checking ip contact...OK

HELP MENU            : h
BASIC MO COMMANDS    : m
OTHER MO COMMANDS    : n
OTHER COMMANDS       : o
PM COMMANDS          : p
QUIT                 : q

ZC50E> lt all

251125-12:43:14+0100 19.31.10.158 25.0h  stopfile=/tmp/2371711
Looking up temporary_amos account... OK.
Trying temporary_amos_t20251125_37258710_65084_131's password from amos lookupAccount ... OK

$ssh_pid = 2372577

Connected to 19.31.10.158 (SubNetwork=BBMM_rckomc_R,MeContext=ZC50E,ManagedElement=ZC50E)

Checking MOM version...MSRBS_NODE_MODEL_25.Q1_693.28324.131_62ac
Parsing MOM (cached): /ericsson/log/amos/moshell_logfiles/t20251125_37258710_65084/logs_moshell/tempfiles/scp-4-amos_20251125-124307_2371602/MSRBS_NODE_MODEL_25.Q1_693.28324.131_62ac.xml.cache.gz ..................................................................................................................................................................................................................................Done.
Using paramfile /opt/ericsson/amos/moshell/commonjars/pm/PARAM_MSRBS_25.Q1.txt
Parsing file /opt/ericsson/amos/moshell/commonjars/pm/PARAM_MSRBS_25.Q1.txt .......................................................................................Done.
Using imomdfile /opt/ericsson/amos/moshell/commonjars/pm/IMOMD_MSRBS_22.Q4.txt
Using imomfile /opt/ericsson/amos/moshell/commonjars/pm/IMOM_MSRBS_25.Q1.txt
Connected to 19.31.10.158 (SubNetwork=BBMM_rckomc_R,MeContext=ZC50E,ManagedElement=ZC50E)

Last MO: 21918. Loaded 21918 MOs. Total: 21919 MOs.

ZC50E> st cell

251125-12:43:29+0100 19.31.10.158 25.0h MSRBS_NODE_MODEL_25.Q1_693.28324.131_62ac stopfile=/tmp/2371711
===================================================================================
Proxy  Adm State     Op. State     MO
===================================================================================
   43  1 (UNLOCKED)  1 (ENABLED)   ENodeBFunction=1,EUtranCellFDD=ZC50E1
  352  1 (UNLOCKED)  1 (ENABLED)   ENodeBFunction=1,EUtranCellFDD=ZC50E2
  518  1 (UNLOCKED)  1 (ENABLED)   ENodeBFunction=1,EUtranCellFDD=ZC50J1
  730  1 (UNLOCKED)  1 (ENABLED)   ENodeBFunction=1,EUtranCellFDD=ZC50J2
  873  1 (UNLOCKED)  1 (ENABLED)   ENodeBFunction=1,EUtranCellFDD=ZC50M1
 1128  1 (UNLOCKED)  1 (ENABLED)   ENodeBFunction=1,EUtranCellFDD=ZC50M2
 1250  1 (UNLOCKED)  1 (ENABLED)   ENodeBFunction=1,EUtranCellFDD=ZC50T1
 1518  1 (UNLOCKED)  1 (ENABLED)   ENodeBFunction=1,EUtranCellFDD=ZC50T2
 2654  1 (UNLOCKED)  1 (ENABLED)   ENodeBFunction=1,NbIotCell=ZC50N1
 2655  1 (UNLOCKED)  1 (ENABLED)   ENodeBFunction=1,NbIotCell=ZC50N2
 4008                1 (ENABLED)   GNBCUCPFunction=1,EUtraNetwork=1,ExternalENodeBFunction=auto222_1_2_650541,ExternalEUtranCell=2221-650541-71
 4009                1 (ENABLED)   GNBCUCPFunction=1,EUtraNetwork=1,ExternalENodeBFunction=auto222_1_2_650541,ExternalEUtranCell=2221-650541-72
 4666  1 (UNLOCKED)  1 (ENABLED)   GNBDUFunction=1,NRCellDU=ZC50G1
 4668  1 (UNLOCKED)  1 (ENABLED)   GNBDUFunction=1,NRCellDU=ZC50G2
===================================================================================
Total: 14 MOs

INFO: NRCellDU status needs to be printed with command "stz" or "hget ,nrcell state" due to dependency to cellState/serviceState attributes.

ZC50E> st radio

251125-12:43:30+0100 19.31.10.158 25.0h MSRBS_NODE_MODEL_25.Q1_693.28324.131_62ac stopfile=/tmp/2371711
===================================================================================
Proxy  Adm State     Op. State     MO
===================================================================================
 3838  1 (UNLOCKED)  1 (ENABLED)   Equipment=1,FieldReplaceableUnit=Radio-S100-1
 3861  1 (UNLOCKED)  1 (ENABLED)   Equipment=1,FieldReplaceableUnit=Radio-S220-1
 3888  1 (UNLOCKED)  1 (ENABLED)   Equipment=1,FieldReplaceableUnit=Radio-S221-1
21910  1 (UNLOCKED)  1 (ENABLED)   Transport=1,Synchronization=1,RadioEquipmentClock=1,RadioEquipmentClockReference=NTP1
21911  1 (UNLOCKED)  1 (ENABLED)   Transport=1,Synchronization=1,RadioEquipmentClock=1,RadioEquipmentClockReference=PTP8275_2
===================================================================================
Total: 5 MOs

ZC50E> sdir

251125-12:43:30+0100 19.31.10.158 25.0h MSRBS_NODE_MODEL_25.Q1_693.28324.131_62ac stopfile=/tmp/2371711
INFO: Using amos lookupAccount credentials for the export login
.....................
get /rop/A20251125.1045-1100_ZC50E.xml.gz /ericsson/log/amos/moshell_logfiles/t20251125_37258710_65084/logs_moshell/pmfiles/19.31.10.158/rop/A20251125.1045-1100_ZC50E.xml.gz ... OK
get /rop/A20251125.1100-1115_ZC50E.xml.gz /ericsson/log/amos/moshell_logfiles/t20251125_37258710_65084/logs_moshell/pmfiles/19.31.10.158/rop/A20251125.1100-1115_ZC50E.xml.gz ... OK
get /rop/A20251125.1115-1130_ZC50E.xml.gz /ericsson/log/amos/moshell_logfiles/t20251125_37258710_65084/logs_moshell/pmfiles/19.31.10.158/rop/A20251125.1115-1130_ZC50E.xml.gz ... OK
...Checking available boards on node...

Collecting RCS board data ...
.........................................................................................................................
.
........................................................................................................................................................................................................................................................................................................
....
Collecting TN data...
........................................................................................................................
Getting MO data from node (68 MOs). Please wait...
0%                                             ~50%                                           ~100%
..................................................................................................................................
Collecting RF data...
..
Collecting Alarms...
.Executing action Log.export()
...
Log=AlarmLog                    actionId=737
...............
Executing action LogM.exportAvailabilityLog()
..LogM=1,exportAvailabilityLog    actionId=738
.....Parsing alarmLog.........Done.
Parsing availabilityLog.......Done.
..........

Total: 3 CPRI links (3 OK, 0 OKW, 0 NOK, 0 NT)

+--------+                      +----------------------------+
|        | A        O101     D1 |        Radio-S220-1        |
|        |-----------1----------| RRU247924B824B2024B28BM01* |
|        |         OK-61m       |           BXP_4            |
|        |                      +----------------------------+
|        |                                     |A  |B  |C  |D
|        |                          SE=220* AG=220 FDD=ZC50E1
|        |                  FDD=ZC50J1 NIOT=ZC50N1 NRC=ZC50G1
|        |
|        |                      +----------------------------+
|        | B        O101     D1 |        Radio-S221-1        |
|        |-----------2----------| RRU247924B824B2024B28BM01* |
|        |         OK-56m       |           BXP_2            |
|  BB-1  |                      +----------------------------+
| BB6631 |                                     |A  |B  |C  |D
| 000100 |                          SE=221* AG=221 FDD=ZC50E2
|        |                  FDD=ZC50J2 NIOT=ZC50N2 NRC=ZC50G2
|        |
|        |                      +------------------+
|        | D        O101     D2 |   Radio-S100-1   |
|        |-----------3----------| RRU449944B144B3C |
|        |         OK-56m       |      BXP_3       |
|        |                      +------------------+
|        |                           |A  |B  |C  |D
|        |                    SE=100 AG=100  |   |
|        |            FDD=ZC50M1 FDD=ZC50T1  |   |
|        |                            SE=101 AG=101
|        |                    FDD=ZC50M2 FDD=ZC50T2
|        |
+--------+

=====================================================================================================================================
ID RiL    Type Res MO1-MO2                  BOARD1-BOARD2                     AlmIDs Cells (States)                                         Issue (Failed checks)
=====================================================================================================================================
 1 S220-1 O101 OK  BB-1(A) Radio-S220-1(D1) BB6631 RRU247924B824B2024B28BM01*        FDD=ZC50E1 FDD=ZC50J1 NIOT=ZC50N1 NRC=ZC50G1 (1,1,1,1) Passed
 2 S221-1 O101 OK  BB-1(B) Radio-S221-1(D1) BB6631 RRU247924B824B2024B28BM01*        FDD=ZC50E2 FDD=ZC50J2 NIOT=ZC50N2 NRC=ZC50G2 (1,1,1,1) Passed
 3 S100-1 O101 OK  BB-1(D) Radio-S100-1(D2) BB6631 RRU449944B144B3C                  FDD=ZC50M1 FDD=ZC50M2 FDD=ZC50T1 FDD=ZC50T2 (1,1,1,1)  Passed
-------------------------------------------------------------------------------------------------------------------------------------

Node: RadioNode LN   CXP2010174/2_R27J08 (25.Q1)   G3.1   LTE-FDD,LTE-IoT NR-LB-FDD-ESS-NSA

=====================================================================================================================================
FRU          ;LNH    ;BOARD                      ;ST ;FAULT ;OPER ;MAINT ;STAT ;PRODUCTNUMBER   ;REV     ;SERIAL        ;DATE     ;PMTEMP ; TEMP ; UPT ;VOLT ;SW                   ;
=====================================================================================================================================
BB-1         ;000100 ;BB6631                     ; 1 ;  OFF ;  ON ;  OFF ;  ON ;KDU1370071/11   ;R3C     ;E96A010EB7    ;20230515 ;3 (OK) ;      ;75.8 ;52   ;                     ;
Radio-S100-1 ;BXP_3  ;RRU449944B144B3C           ; 1 ;  OFF ;  ON ;  OFF ; N/A ;KRC161787/1     ;R2F     ;E23E645091    ;20230525 ;4 (OK) ; 62.2 ;75.7 ;51.5 ;CXP9013268%15_R101LX ; (Radio449944B144B3C)
Radio-S220-1 ;BXP_4  ;RRU247924B824B2024B28BM01* ; 1 ;  OFF ;  ON ;  OFF ; N/A ;KRC161832/1     ;R2G     ;E55K947350    ;20230415 ;4 (OK) ; 40.7 ;75.7 ;52.7 ;CXP9013268%15_R101LX ; (Radio247924B824B2024B28BM01)
Radio-S221-1 ;BXP_2  ;RRU247924B824B2024B28BM01* ; 1 ;  OFF ;  ON ;  OFF ; N/A ;KRC161832/1     ;R2G     ;E55K947337    ;20230415 ;4 (OK) ; 39.3 ;75.7 ;52.1 ;CXP9013268%15_R101LX ; (Radio247924B824B2024B28BM01)
-------------------------------------------------------------------------------------------------------------------------------------

=====================================================================================================================================
AntennaNearUnit                                     ;ST  ;TYPE   ;PRODUCTNR       ;REV                ;UNIQUEID             ;RfPort
=====================================================================================================================================
AntennaUnitGroup=220,AntennaNearUnit=RET_1800_2100  ; 1  ;S-RET  ;AIMM20M22S0v03  ;WD83MANWRCU_VER.A  ;HWN1964NA03G4541Ly1  ;FieldReplaceableUnit=Radio-S220-1,RfPort=R
AntennaUnitGroup=220,AntennaNearUnit=RET_2600       ; 1  ;S-RET  ;AIMM20M22S0v03  ;WD83MANWRCU_VER.A  ;HWN1964NA03G5592Ry2  ;FieldReplaceableUnit=Radio-S220-1,RfPort=R
AntennaUnitGroup=220,AntennaNearUnit=RET_700        ; 1  ;S-RET  ;AIMM20M22S0v03  ;WD83MANWRCU_VER.A  ;HWN1964NA03G2536Lr1  ;FieldReplaceableUnit=Radio-S220-1,RfPort=R
AntennaUnitGroup=220,AntennaNearUnit=RET_800_900    ; 1  ;S-RET  ;AIMM20M22S0v03  ;WD83MANWRCU_VER.A  ;HWN1964NA03G3532Rr2  ;FieldReplaceableUnit=Radio-S220-1,RfPort=R
AntennaUnitGroup=221,AntennaNearUnit=RET_1800_2100  ; 1  ;S-RET  ;AIMM20M22S0v03  ;WD83MANWRCU_VER.A  ;HWN1964NA03P9540Ly1  ;FieldReplaceableUnit=Radio-S221-1,RfPort=R
AntennaUnitGroup=221,AntennaNearUnit=RET_2600       ; 1  ;S-RET  ;AIMM20M22S0v03  ;WD83MANWRCU_VER.A  ;HWN1964NA03PA528Ry2  ;FieldReplaceableUnit=Radio-S221-1,RfPort=R
AntennaUnitGroup=221,AntennaNearUnit=RET_700        ; 1  ;S-RET  ;AIMM20M22S0v03  ;WD83MANWRCU_VER.A  ;HWN1964NA03P7592Lr1  ;FieldReplaceableUnit=Radio-S221-1,RfPort=R
AntennaUnitGroup=221,AntennaNearUnit=RET_800_900    ; 1  ;S-RET  ;AIMM20M22S0v03  ;WD83MANWRCU_VER.A  ;HWN1964NA03P8594Rr2  ;FieldReplaceableUnit=Radio-S221-1,RfPort=R
-------------------------------------------------------------------------------------------------------------------------------------

=====================================================================================================================================
XPBOARD  ;ST ;FAULT ;OPER ;PRODUCTNUMBER ;REV ;SERIAL/NAME ;DATE     ; TEMP ;MO
=====================================================================================================================================
FAN08    ; 1 ;N/A   ;N/A  ;BKV106236/1   ;R2F ;DD111X7085  ;20220702 ; 42.0 ;SupportUnit=1 (FAN  BB-1)
-------------------------------------------------------------------------------------------------------------------------------------

=====================================================================================================================================
ID ;T ;RiL    ;BPBP ;BOARD1                     ;LNH1 ;PORT ;R ;LINK ;RATE  ; BER ;BOARD2                     ;LNH2 ;PORT ;R ;LINK ;RATE  ; BER ;LENGTH ;MO1 - MO2
=====================================================================================================================================
 1 ;O ;S220-1 ;1111 ;BB6631                     ;000100 ; 1 ;M ;Up   ;10.1G ;   0 ;RRU247924B824B2024B28BM01* ;BXP_4  ; 0 ;S ;Up   ;10.1G ;   0 ;   61m ;Fru=BB-1(A) Fru=Radio-S220-1(D1)
 2 ;O ;S221-1 ;1111 ;BB6631                     ;000100 ; 2 ;M ;Up   ;10.1G ;   0 ;RRU247924B824B2024B28BM01* ;BXP_2  ; 0 ;S ;Up   ;10.1G ;   0 ;   56m ;Fru=BB-1(B) Fru=Radio-S221-1(D1)
 3 ;O ;S100-1 ;1111 ;BB6631                     ;000100 ; 4 ;M ;Up   ;10.1G ;   0 ;RRU449944B144B3C           ;BXP_3  ; 1 ;S ;Up   ;10.1G ;   0 ;   56m ;Fru=BB-1(D) Fru=Radio-S100-1(D2)
-------------------------------------------------------------------------------------------------------------------------------------

=====================================================================================================================================
ID ;LINK ;RiL    ;VENDOR1  ;VENDORPROD1      ;REV1 ;SERIAL1         ;DATE1    ;ERICSSONPROD1      ;VENDOR2  ;VENDORPROD2      ;REV2 ;SERIAL2         ;DATE2    ;ERICSSONPROD2      ;TT ;WL1     ;WL2    
=====================================================================================================================================
 1 ;Up   ;S220-1 ;ERICSSON ;RTXM228-702-C22  ;1.0  ;HN230800013557  ;20230222 ;RDH10265/2 R1A     ;ERICSSON ;RTXM228-702-C22  ;1.0  ;HN230800013560  ;20230222 ;RDH10265/2 R1A     ;0  ;1310.00 ;1310.00
 2 ;Up   ;S221-1 ;ERICSSON ;RTXM228-702-C22  ;1.0  ;HN230800013556  ;20230222 ;RDH10265/2 R1A     ;ERICSSON ;RTXM228-702-C22  ;1.0  ;HM231600151193  ;20230423 ;RDH10265/2 R1A     ;0  ;1310.00 ;1310.00
 3 ;Up   ;S100-1 ;ERICSSON ;RTXM228-702-C22  ;1.0  ;HN230800013580  ;20230222 ;RDH10265/2 R1A     ;ERICSSON ;RTXM228-702-C22  ;1.0  ;HN230800013558  ;20230222 ;RDH10265/2 R1A     ;0  ;1310.00 ;1310.00
-------------------------------------------------------------------------------------------------------------------------------------

=====================================================================================================================================
ID ;LINK ;RiL    ;WL1     ;TEMP1 ;TXbs1 ;TXdBm1 ;RXdBm1 ;BER1   ;WL2     ;TEMP2 ;TXbs2 ;TXdBm2 ;RXdBm2 ;BER2   ;DlLoss ;UlLoss ;LENGTH ;TT
=====================================================================================================================================
 1 ;Up   ;S220-1 ;1310.00 ;41C   ;56%   ;-0.70  ;-1.39  ;   0   ;1310.00 ;40C   ;56%   ;-0.68  ;-1.08  ;   0   ;  0.38 ;  0.71 ;   61m ; 0
 2 ;Up   ;S221-1 ;1310.00 ;40C   ;49%   ;-0.45  ;-0.64  ;   0   ;1310.00 ;37C   ;56%   ;-0.69  ;-0.34  ;   0   ; -0.11 ; -0.05 ;   56m ; 0
 3 ;Up   ;S100-1 ;1310.00 ;45C   ;56%   ;-2.07  ;-1.56  ;   0   ;1310.00 ;53C   ;63%   ;-1.37  ;-2.48  ;   0   ;  0.41 ;  0.19 ;   56m ; 0
-------------------------------------------------------------------------------------------------------------------------------------

=====================================================================================================================================
ID ;RiL    ;BOARD                      ;SFPLNH  ;PORT ;VENDOR   ;VENDORPROD       ;REV  ;SERIAL          ;DATE     ;ERICSSONPROD       ;WL      ;TEMP  ;TXbs  ;TXdBm  ;RXdBm  ; BER
=====================================================================================================================================
 1 ;S220-1 ;BB6631                     ;000100   ;  1 ;ERICSSON ;RTXM228-702-C22  ;1.0  ;HN230800013557  ;20230222 ;RDH10265/2 R1A     ;1310.00 ;41C   ;56%   ;-0.70  ;-1.39  ;   0
 2 ;S221-1 ;BB6631                     ;000100   ;  2 ;ERICSSON ;RTXM228-702-C22  ;1.0  ;HN230800013556  ;20230222 ;RDH10265/2 R1A     ;1310.00 ;40C   ;49%   ;-0.45  ;-0.64  ;   0
 3 ;S100-1 ;BB6631                     ;000100   ;  4 ;ERICSSON ;RTXM228-702-C22  ;1.0  ;HN230800013580  ;20230222 ;RDH10265/2 R1A     ;1310.00 ;45C   ;56%   ;-2.07  ;-1.56  ;   0
 2 ;S221-1 ;RRU247924B824B2024B28BM01* ;BXP_2    ;  0 ;ERICSSON ;RTXM228-702-C22  ;1.0  ;HM231600151193  ;20230423 ;RDH10265/2 R1A     ;1310.00 ;37C   ;56%   ;-0.69  ;-0.34  ;   0
 3 ;S100-1 ;RRU449944B144B3C           ;BXP_3    ;  1 ;ERICSSON ;RTXM228-702-C22  ;1.0  ;HN230800013558  ;20230222 ;RDH10265/2 R1A     ;1310.00 ;53C   ;63%   ;-1.37  ;-2.48  ;   0
 1 ;S220-1 ;RRU247924B824B2024B28BM01* ;BXP_4    ;  0 ;ERICSSON ;RTXM228-702-C22  ;1.0  ;HN230800013560  ;20230222 ;RDH10265/2 R1A     ;1310.00 ;40C   ;56%   ;-0.68  ;-1.08  ;   0
-------------------------------------------------------------------------------------------------------------------------------------
TN ;       ;BB6631                     ;000100   ; IB ;DELTA    ;LCP-2488B4HDRME2 ;A    ;2246062A1102095 ;20221115 ;RDH10247/2 R2A     ;1310    ;38C   ;17%   ;-6.02  ;-4.95  ;NZ/0
TN ;       ;BB6631                     ;000100   ;IA2 ;ERICSSON ;42020201934      ;A0   ;202301200891    ;20230101 ;RPM777053/1000 R1B ;NA      ;NA    ;NA    ;NA     ;NA     ; 0/0
-------------------------------------------------------------------------------------------------------------------------------------

=====================================================================================================================================
BOARD  ;LNH    ;PORT       ;T ;S ;OpMode   ;AutoNeg ;MacAddress        ;VlanIds        ;LOS ;BER
=====================================================================================================================================
BB6631 ;000100 ;TN_IDL_A_1 ;E ;1 ;10G_FULL ;false   ;58:70:7F:81:B4:39 ;3901,3908,3910 ;0   ;0/0
BB6631 ;000100 ;TN_IDL_A_2 ;O ;1 ;10G_FULL ;false   ;58:70:7F:81:B4:3A ;3908           ;0   ;0/0
BB6631 ;000100 ;TN_IDL_B   ;O ;1 ;1G_FULL  ;true    ;58:70:7F:81:B4:3D ;3901,3908,3910 ;0   ;NZ/0
-------------------------------------------------------------------------------------------------------------------------------------

radioClockState : RNT_TIME_LOCKED
-------------------------------------------------------------------------------------
Prio  ;ST  ;syncRefType    ;refStatus  ;opQualLevel  ;SyncReference
-------------------------------------------------------------------------------------
  *1  ; 1  ;PTP_TIME       ;NO_FAULT   ;PRTC         ;Ptp=1,BoundaryOrdinaryClock=1 (G_8275_2 Router=45G_Traffic,InterfaceIPv4=LTE,AddressIPv4=LTE:SLAVE)
   2  ; 1  ;NTP_FREQUENCY  ;NO_FAULT   ;PRC          ;Ntp=1,NtpFrequencySync=NTP1 (10.31.0.54:32751 Router=45G_Traffic,InterfaceIPv4=LTE,AddressIPv4=LTE)
-------------------------------------------------------------------------------------
nodeGroupRole   : SYNC_PROVIDER (syncNodePriority=1, selectionMode=NODE_PRIORITY)
-------------------------------------------------------------------------------------
DU  ;Port  ;sharedUnitRef (RiPortA - RiPortB)  ;remoteNodePriority  ;CandidateStatus
-------------------------------------------------------------------------------------
1   ;A     ;Fru=Radio-S220-1 (1 - 2)           ;3                   ;OK_NOT_ACTIVE
1   ;B     ;Fru=Radio-S221-1 (1 - 2)           ;3                   ;OK_NOT_ACTIVE
-------------------------------------------------------------------------------------

=====================================================================================================================================
FRU          ;LNH    ;BOARD                      ;RF  ;BP  ;TX (W/dBm)  ;VSWR (RL)   ;RX (dBm) ;UEs/gUEs  ;Sector/AntennaGroup/Cells (State:CellIds:PCIs)
=====================================================================================================================================
Radio-S100-1 ;BXP_3  ;RRU449944B144B3C           ; A  ;11  ;50.7 (47.1) ;1.10 (26.7) ;-92.1    ;66/-      ;SE=100 AG=100 FDD=ZC50M1 FDD=ZC50T1 (1:31:473, 1:41:399)
Radio-S100-1 ;BXP_3  ;RRU449944B144B3C           ; B  ;11  ;51.1 (47.1) ;1.11 (26.0) ;-91.8    ;66/-      ;SE=100 AG=100 FDD=ZC50M1 FDD=ZC50T1 (1:31:473, 1:41:399)
Radio-S100-1 ;BXP_3  ;RRU449944B144B3C           ; C  ;11  ;28.6 (44.6) ;1.17 (22.0) ;-90.3    ;50/-      ;SE=101 AG=101 FDD=ZC50M2 FDD=ZC50T2 (1:32:487, 1:42:259)
Radio-S100-1 ;BXP_3  ;RRU449944B144B3C           ; D  ;11  ;27.9 (44.5) ;1.19 (21.3) ;-91.9    ;50/-      ;SE=101 AG=101 FDD=ZC50M2 FDD=ZC50T2 (1:32:487, 1:42:259)
Radio-S220-1 ;BXP_4  ;RRU247924B824B2024B28BM01* ; A  ;11  ;22.5 (43.5) ;1.17 (22.3) ;-88.9    ;31/30     ;SE=220* AG=220 FDD=ZC50E1 FDD=ZC50J1 NIOT=ZC50N1 NRC=ZC50G1 (1:61:326, 1:71:246, 1:161:326, 1:561:130)
Radio-S220-1 ;BXP_4  ;RRU247924B824B2024B28BM01* ; B  ;11  ;22.2 (43.5) ;1.16 (22.8) ;-87.7    ;31/30     ;SE=220* AG=220 FDD=ZC50E1 FDD=ZC50J1 NIOT=ZC50N1 NRC=ZC50G1 (1:61:326, 1:71:246, 1:161:326, 1:561:130)
Radio-S220-1 ;BXP_4  ;RRU247924B824B2024B28BM01* ; C  ;11  ;23.4 (43.7) ;1.22 (20.0) ;-86.2    ;31/30     ;SE=220* AG=220 FDD=ZC50E1 FDD=ZC50J1 NIOT=ZC50N1 NRC=ZC50G1 (1:61:326, 1:71:246, 1:161:326, 1:561:130)
Radio-S220-1 ;BXP_4  ;RRU247924B824B2024B28BM01* ; D  ;11  ;22.4 (43.5) ;1.10 (26.5) ;-84.9    ;31/30     ;SE=220* AG=220 FDD=ZC50E1 FDD=ZC50J1 NIOT=ZC50N1 NRC=ZC50G1 (1:61:326, 1:71:246, 1:161:326, 1:561:130)
Radio-S221-1 ;BXP_2  ;RRU247924B824B2024B28BM01* ; A  ;11  ;16.1 (42.1) ;1.18 (21.5) ;-85.6    ;6/16      ;SE=221* AG=221 FDD=ZC50E2 FDD=ZC50J2 NIOT=ZC50N2 NRC=ZC50G2 (1:62:103, 1:72:420, 1:162:103, 1:562:133)
Radio-S221-1 ;BXP_2  ;RRU247924B824B2024B28BM01* ; B  ;11  ;16.3 (42.1) ;1.23 (19.8) ;-80.1    ;6/16      ;SE=221* AG=221 FDD=ZC50E2 FDD=ZC50J2 NIOT=ZC50N2 NRC=ZC50G2 (1:62:103, 1:72:420, 1:162:103, 1:562:133)
Radio-S221-1 ;BXP_2  ;RRU247924B824B2024B28BM01* ; C  ;11  ;14.1 (41.5) ;1.29 (17.9) ;-86.0    ;6/16      ;SE=221* AG=221 FDD=ZC50E2 FDD=ZC50J2 NIOT=ZC50N2 NRC=ZC50G2 (1:62:103, 1:72:420, 1:162:103, 1:562:133)
Radio-S221-1 ;BXP_2  ;RRU247924B824B2024B28BM01* ; D  ;11  ;14.8 (41.7) ;1.23 (19.7) ;-81.9    ;6/16      ;SE=221* AG=221 FDD=ZC50E2 FDD=ZC50J2 NIOT=ZC50N2 NRC=ZC50G2 (1:62:103, 1:72:420, 1:162:103, 1:562:133)
-------------------------------------------------------------------------------------------------------------------------------------

ZC50E> mfar

251125-12:46:02+0100 19.31.10.158 25.0h MSRBS_NODE_MODEL_25.Q1_693.28324.131_62ac stopfile=/tmp/2371711
.......
Last MO: 21918. Loaded 21918 MOs. Total: 21919 MOs.
.........................................
get /rop/A20251125.1015-1030_ZC50E.xml.gz /ericsson/log/amos/moshell_logfiles/t20251125_37258710_65084/logs_moshell/pmfiles/19.31.10.158/rop/A20251125.1015-1030_ZC50E.xml.gz ... OK
get /rop/A20251125.1030-1045_ZC50E.xml.gz /ericsson/log/amos/moshell_logfiles/t20251125_37258710_65084/logs_moshell/pmfiles/19.31.10.158/rop/A20251125.1030-1045_ZC50E.xml.gz ... OK
get /rop/A20251125.1130-1145_ZC50E.xml.gz /ericsson/log/amos/moshell_logfiles/t20251125_37258710_65084/logs_moshell/pmfiles/19.31.10.158/rop/A20251125.1130-1145_ZC50E.xml.gz ... OK

Using hardcoded thresholds: 3, 4.5, and 16.5
================================================================================================================================
SC     SE  Tx/Rx BrPair  RfPort1 - RfPort2               HW       Serial      Cell (State)   Samples   Med  Mean  SDev Pol Res Issue
================================================================================================================================
ZC50E1 220   2/4 0 (1,2) Radio-S220-1(A) Radio-S220-1(B) RRU2479  E55K947350  FDD=ZC50E1 (1)  224939   0.5   0.6   7.0  NA  OK Passed
ZC50E1 220   2/4 1 (2,3) Radio-S220-1(B) Radio-S220-1(C) RRU2479  E55K947350  FDD=ZC50E1 (1)  224939  -0.5  -0.2   7.3  NA  OK Passed
ZC50E1 220   2/4 2 (3,4) Radio-S220-1(C) Radio-S220-1(D) RRU2479  E55K947350  FDD=ZC50E1 (1)  224939   0.5   0.0   7.1  NA  OK Passed
ZC50E2 221   2/4 0 (1,2) Radio-S221-1(A) Radio-S221-1(B) RRU2479  E55K947337  FDD=ZC50E2 (1)  119820  -1.5  -1.4   7.1  NA  OK Passed
ZC50E2 221   2/4 1 (2,3) Radio-S221-1(B) Radio-S221-1(C) RRU2479  E55K947337  FDD=ZC50E2 (1)  119820   0.5   0.8   7.9  NA  OK Passed
ZC50E2 221   2/4 2 (3,4) Radio-S221-1(C) Radio-S221-1(D) RRU2479  E55K947337  FDD=ZC50E2 (1)  119820  -1.5  -2.0   7.4  NA  OK Passed
ZC50J1 220   2/4 0 (1,2) Radio-S220-1(A) Radio-S220-1(B) RRU2479  E55K947350  FDD=ZC50J1 (1)   90985  -0.5  -0.7   6.1  NA  OK Passed
ZC50J1 220   2/4 1 (2,3) Radio-S220-1(B) Radio-S220-1(C) RRU2479  E55K947350  FDD=ZC50J1 (1)   90985   3.5   2.5   7.0  NA  OK Passed
ZC50J1 220   2/4 2 (3,4) Radio-S220-1(C) Radio-S220-1(D) RRU2479  E55K947350  FDD=ZC50J1 (1)   90985  -1.5  -1.4   6.4  NA  OK Passed
ZC50J2 221   2/4 0 (1,2) Radio-S221-1(A) Radio-S221-1(B) RRU2479  E55K947337  FDD=ZC50J2 (1)   25979   2.5   2.3   6.8  NA  OK Passed
ZC50J2 221   2/4 1 (2,3) Radio-S221-1(B) Radio-S221-1(C) RRU2479  E55K947337  FDD=ZC50J2 (1)   25979  -2.5  -2.0   6.9  NA  OK Passed
ZC50J2 221   2/4 2 (3,4) Radio-S221-1(C) Radio-S221-1(D) RRU2479  E55K947337  FDD=ZC50J2 (1)   25979   0.5   1.0   6.5  NA  OK Passed
ZC50M1 100   2/2 0 (1,2) Radio-S100-1(A) Radio-S100-1(B) RRU4499  E23E645091  FDD=ZC50M1 (1)  247709  -0.5  -0.4   6.8  NA  OK Passed
ZC50M2 101   2/2 0 (1,2) Radio-S100-1(C) Radio-S100-1(D) RRU4499  E23E645091  FDD=ZC50M2 (1)  170032   1.5   0.8   7.3  NA  OK Passed
ZC50T1 100   2/2 0 (1,2) Radio-S100-1(A) Radio-S100-1(B) RRU4499  E23E645091  FDD=ZC50T1 (1)  287668   0.5   0.5   7.2  NA  OK Passed
ZC50T2 101   2/2 0 (1,2) Radio-S100-1(C) Radio-S100-1(D) RRU4499  E23E645091  FDD=ZC50T2 (1)  312540  -0.5  -0.4   6.7  NA  OK Passed
================================================================================================================================
Total: 8 SectorCarriers, 16 RfBranch Pairs (16 OK, 0 OKW, 0 NOK, 0 NT)
.......
Last MO: 21918. Loaded 21918 MOs. Total: 21919 MOs.
................................

Using hardcoded thresholds: 3, 4.5, and 16.5
================================================================================================================================
SC     SE  Tx/Rx BrPair  RfPort1 - RfPort2               HW       Serial      Cell (State)  Samples   Med  Mean  SDev Pol Res Issue
================================================================================================================================
ZC50G1 220   2/4 0 (1,2) Radio-S220-1(A) Radio-S220-1(B) RRU2479  E55K947350  DU=ZC50G1 (1)  956778  -0.5  -0.7   7.5  NA  OK Passed
ZC50G1 220   2/4 1 (2,3) Radio-S220-1(B) Radio-S220-1(C) RRU2479  E55K947350  DU=ZC50G1 (1)  956763   0.5   0.3   7.9  NA  OK Passed
ZC50G1 220   2/4 2 (3,4) Radio-S220-1(C) Radio-S220-1(D) RRU2479  E55K947350  DU=ZC50G1 (1)  956757  -1.5  -1.3   7.9  NA  OK Passed
ZC50G2 221   2/4 0 (1,2) Radio-S221-1(A) Radio-S221-1(B) RRU2479  E55K947337  DU=ZC50G2 (1)  537401   1.5   1.4   7.1  NA  OK Passed
ZC50G2 221   2/4 1 (2,3) Radio-S221-1(B) Radio-S221-1(C) RRU2479  E55K947337  DU=ZC50G2 (1)  537401  -0.5  -0.9   7.9  NA  OK Passed
ZC50G2 221   2/4 2 (3,4) Radio-S221-1(C) Radio-S221-1(D) RRU2479  E55K947337  DU=ZC50G2 (1)  537399   0.5  -0.6   8.3  NA  OK Passed
================================================================================================================================
Total: 2 NRSectorCarriers, 6 RfBranch Pairs (6 OK, 0 OKW, 0 NOK, 0 NT)

ZC50E> mfitr

251125-12:46:34+0100 19.31.10.158 25.0h MSRBS_NODE_MODEL_25.Q1_693.28324.131_62ac stopfile=/tmp/2371711
.............
Last MO: 21918. Loaded 21918 MOs. Total: 21919 MOs.
.........
2025-11-25 12:47
================================================================================================================================
CELL       SC     FRU          BOARD                     PUSCH  PUCCH       A      B      C      D  DELTA
================================================================================================================================
FDD=ZC50E1 ZC50E1 Radio-S220-1 RRU247924B824B2024B28BM01 -115.4 -112.0 -115.0 -114.5 -113.9 -114.5    1.1
FDD=ZC50E2 ZC50E2 Radio-S221-1 RRU247924B824B2024B28BM01 -107.2 -105.8 -116.1 -116.7 -117.0 -116.7    0.9
FDD=ZC50J1 ZC50J1 Radio-S220-1 RRU247924B824B2024B28BM01 -112.4 -117.3 -110.9 -109.5 -109.3 -109.4    1.6
FDD=ZC50J2 ZC50J2 Radio-S221-1 RRU247924B824B2024B28BM01 -113.8 -114.1 -108.4 -106.4 -107.8 -107.3      2
FDD=ZC50M1 ZC50M1 Radio-S100-1 RRU449944B144B3C          -118.3 -118.2 -118.5 -118.5                    0
FDD=ZC50M2 ZC50M2 Radio-S100-1 RRU449944B144B3C          -117.2 -118.7               -118.6 -118.8    0.2
FDD=ZC50T1 ZC50T1 Radio-S100-1 RRU449944B144B3C          -116.0 -116.4 -116.9 -116.2                  0.7
FDD=ZC50T2 ZC50T2 Radio-S100-1 RRU449944B144B3C          -117.5 -114.4               -117.5 -117.8    0.3
================================================================================================================================
Bye...
Output has been logged to file /mta_fs/UserFiles/37258710/amosbatch/SDIR/ZC50E.log
