Logging to file /mta_fs/UserFiles/37258710/amosbatch/SDIR/CS07L.log
                        __  __  ____   _____
                  /\   |  \/  |/ __ \ / ____|
                 /  \  | \  / | |  | | (___  
                / /\ \ | |\/| | |  | |\___ \ 
               / ____ \| |  | | |__| |____) |
              /_/    \_\_|  |_|\____/|_____/
              OSS Framework for MoShell-25.0h 
  Copyright (c) Ericsson AB 2001-2025 - All Rights Reserved
              
           
[1;31mWARNING: [0mthe AMOS version currently running is more than 29 weeks old and is unsupported.
Please upgrade as soon as possible to the latest released version, available from your local Ericsson support.

$amosrb_pid = 1676588

Checking ip contact...OK

HELP MENU            : h
BASIC MO COMMANDS    : m
OTHER MO COMMANDS    : n
OTHER COMMANDS       : o
PM COMMANDS          : p
QUIT                 : q

CS07L> lt all

251125-09:16:14+0100 19.31.4.134 25.0h  stopfile=/tmp/1676412
Looking up temporary_amos account... OK.
Trying temporary_amos_t20251125_37258710_65084_131's password from amos lookupAccount ... OK

$ssh_pid = 1677358

Connected to 19.31.4.134 (SubNetwork=BBMM_rckomc_R,MeContext=CS07L,ManagedElement=CS07L)

Checking MOM version...MSRBS_NODE_MODEL_25.Q1_693.28324.131_62ac
Parsing MOM (cached): /ericsson/log/amos/moshell_logfiles/t20251125_37258710_65084/logs_moshell/tempfiles/scp-4-amos_20251125-091607_1676354/MSRBS_NODE_MODEL_25.Q1_693.28324.131_62ac.xml.cache.gz ..................................................................................................................................................................................................................................Done.
Using paramfile /opt/ericsson/amos/moshell/commonjars/pm/PARAM_MSRBS_25.Q1.txt
Parsing file /opt/ericsson/amos/moshell/commonjars/pm/PARAM_MSRBS_25.Q1.txt .......................................................................................Done.
Using imomdfile /opt/ericsson/amos/moshell/commonjars/pm/IMOMD_MSRBS_22.Q4.txt
Using imomfile /opt/ericsson/amos/moshell/commonjars/pm/IMOM_MSRBS_25.Q1.txt
Connected to 19.31.4.134 (SubNetwork=BBMM_rckomc_R,MeContext=CS07L,ManagedElement=CS07L)

Last MO: 17340. Loaded 17340 MOs. Total: 17341 MOs.

CS07L> st cell

251125-09:16:27+0100 19.31.4.134 25.0h MSRBS_NODE_MODEL_25.Q1_693.28324.131_62ac stopfile=/tmp/1676412
===================================================================================
Proxy  Adm State     Op. State     MO
===================================================================================
   57  1 (UNLOCKED)  1 (ENABLED)   ENodeBFunction=1,EUtranCellFDD=CS07L1
  156  1 (UNLOCKED)  1 (ENABLED)   ENodeBFunction=1,EUtranCellFDD=CS07L2
  255  1 (UNLOCKED)  1 (ENABLED)   ENodeBFunction=1,EUtranCellFDD=CS07L3
===================================================================================
Total: 3 MOs

CS07L> st radio

251125-09:16:27+0100 19.31.4.134 25.0h MSRBS_NODE_MODEL_25.Q1_693.28324.131_62ac stopfile=/tmp/1676412
===================================================================================
Proxy  Adm State     Op. State     MO
===================================================================================
 1562  1 (UNLOCKED)  1 (ENABLED)   Equipment=1,FieldReplaceableUnit=Radio-S10-1
 1574  1 (UNLOCKED)  1 (ENABLED)   Equipment=1,FieldReplaceableUnit=Radio-S11-1
 1586  1 (UNLOCKED)  1 (ENABLED)   Equipment=1,FieldReplaceableUnit=Radio-S12-1
 1598  1 (UNLOCKED)  1 (ENABLED)   Equipment=1,FieldReplaceableUnit=Radio-S180-1
 1613  1 (UNLOCKED)  1 (ENABLED)   Equipment=1,FieldReplaceableUnit=Radio-S202-1
17334  1 (UNLOCKED)  1 (ENABLED)   Transport=1,Synchronization=1,RadioEquipmentClock=1,RadioEquipmentClockReference=NTP1
17335  1 (UNLOCKED)  1 (ENABLED)   Transport=1,Synchronization=1,RadioEquipmentClock=1,RadioEquipmentClockReference=PTP
===================================================================================
Total: 7 MOs

CS07L> sdir

251125-09:16:28+0100 19.31.4.134 25.0h MSRBS_NODE_MODEL_25.Q1_693.28324.131_62ac stopfile=/tmp/1676412
INFO: Using amos lookupAccount credentials for the export login
...............................
get /rop/A20251125.0730-0745_CS07L.xml.gz /ericsson/log/amos/moshell_logfiles/t20251125_37258710_65084/logs_moshell/pmfiles/19.31.4.134/rop/A20251125.0730-0745_CS07L.xml.gz ... OK
get /rop/A20251125.0745-0800_CS07L.xml.gz /ericsson/log/amos/moshell_logfiles/t20251125_37258710_65084/logs_moshell/pmfiles/19.31.4.134/rop/A20251125.0745-0800_CS07L.xml.gz ... OK
get /rop/A20251125.0800-0815_CS07L.xml.gz /ericsson/log/amos/moshell_logfiles/t20251125_37258710_65084/logs_moshell/pmfiles/19.31.4.134/rop/A20251125.0800-0815_CS07L.xml.gz ... OK
....Checking available boards on node...

Collecting RCS board data ...
........................................................................................................................
.........................
.........................................................................................................................................................................................................................................
....
Collecting TN data...
.........................................................................................................................................
Getting MO data from node (66 MOs). Please wait...
0%                                             ~50%                                           ~100%
..............................................................................................................................
Collecting RF data...
..
Collecting Alarms...
Executing action Log.export()
...
Log=AlarmLog                    actionId=21816
.....
Executing action LogM.exportAvailabilityLog()
..LogM=1,exportAvailabilityLog    actionId=21817
.....Parsing alarmLog....Done.
Parsing availabilityLog...Done.
..

Total: 5 CPRI links (5 OK, 0 OKW, 0 NOK, 0 NT)
.
+--------+                      +-------------+
|        | A        O98      D1 | Radio-S10-1 |
|        |-----------1----------|  RRU2219B8  |
|        |         OK-36m       |    BXP_2    |
|        |                      +-------------+
|        |                              |A  |B
|        |             SE=10 AG=10 GT=CS07D1/0
|        |             GT=CS07D1/1 GT=CS07D1/2
|        |
|        |                      +-------------+
|        | B        O98      D1 | Radio-S11-1 |
|        |-----------2----------|  RRU2219B8  |
|        |         OK-37m       |    BXP_5    |
|        |                      +-------------+
|        |                              |A  |B
|        |             SE=11 AG=11 GT=CS07D2/0
|        |                         GT=CS07D2/1
|        |
|        |                      +-------------+
|        | C        O98      D1 | Radio-S12-1 |
|        |-----------3----------|  RRU2219B8  |
|        |         OK-37m       |    BXP_4    |
|  BB-1  |                      +-------------+
| BB6631 |                              |A  |B
| 000100 |                         SE=12 AG=12
|        |             GT=CS07D3/0 GT=CS07D3/1
|        |             GT=CS07D3/2 GT=CS07D3/3
|        |
|        |                      +---------------+
|        | D        O101     D1 | Radio-S180-1  |
|        |-----------4----------|   RRU4415B7   |
|        |         OK-58m       |     BXP_6     |
|        |                      +---------------+
|        |                        |A  |B  |C  |D
|        |                 SE=180 AG=180  |   |
|        |                    FDD=CS07L1  |   |
|        |                         SE=181 AG=181
|        |                            FDD=CS07L2
|        |
|        |                      +--------------+
|        | F        O98      D1 | Radio-S202-1 |
|        |-----------5----------|  RRU2217B7   |
|        |         OK-58m       |    BXP_3     |
|        |                      +--------------+
|        |                               |A  |B
+--------+             SE=202 AG=202 FDD=CS07L3

=====================================================================================================================================
ID RiL    Type Res MO1-MO2                  BOARD1-BOARD2    AlmIDs Cells (States)                                            Issue (Failed checks)
=====================================================================================================================================
 1 S10-1  O98  OK  BB-1(A) Radio-S10-1(D1)  BB6631 RRU2219B8        GT=CS07D1/0 GT=CS07D1/1 GT=CS07D1/2 (1,1,1)               Passed
 2 S11-1  O98  OK  BB-1(B) Radio-S11-1(D1)  BB6631 RRU2219B8        GT=CS07D2/0 GT=CS07D2/1 (1,1)                             Passed
 3 S12-1  O98  OK  BB-1(C) Radio-S12-1(D1)  BB6631 RRU2219B8        GT=CS07D3/0 GT=CS07D3/1 GT=CS07D3/2 GT=CS07D3/3 (1,1,1,1) Passed
 4 S180-1 O101 OK  BB-1(D) Radio-S180-1(D1) BB6631 RRU4415B7        FDD=CS07L1 FDD=CS07L2 (1,1)                               Passed
 5 S202-1 O98  OK  BB-1(F) Radio-S202-1(D1) BB6631 RRU2217B7        FDD=CS07L3 (1)                                            Passed
-------------------------------------------------------------------------------------------------------------------------------------

Node: RadioNode GL   CXP2010174/2_R27J08 (25.Q1)   G3.1   GSM LTE-FDD 

=====================================================================================================================================
FRU          ;LNH    ;BOARD     ;ST ;FAULT ;OPER ;MAINT ;STAT ;PRODUCTNUMBER   ;REV     ;SERIAL        ;DATE     ;PMTEMP ; TEMP ; UPT ;VOLT ;SW                   ;
=====================================================================================================================================
BB-1         ;000100 ;BB6631    ; 1 ;  OFF ;  ON ;  OFF ;  ON ;KDU1370071/11   ;R3H     ;E23F751877    ;20240813 ;3 (OK) ;      ;78.4 ;51   ;                     ;
Radio-S10-1  ;BXP_2  ;RRU2219B8 ; 1 ;  OFF ;  ON ;  OFF ; N/A ;KRC161670/1     ;R1E     ;TU8U02NQL1    ;20240726 ;4 (OK) ; 31.5 ;77.9 ;51.9 ;CXP9013268%9_R96JB   ; (Radio2219B8)
Radio-S11-1  ;BXP_5  ;RRU2219B8 ; 1 ;  OFF ;  ON ;  OFF ; N/A ;KRC161670/1     ;R1E     ;TU8U02NS6T    ;20240729 ;4 (OK) ; 35.5 ;77.9 ;51.8 ;CXP9013268%9_R96JB   ; (Radio2219B8)
Radio-S12-1  ;BXP_4  ;RRU2219B8 ; 1 ;  OFF ;  ON ;  OFF ; N/A ;KRC161670/1     ;R1E     ;TU8U02NPDK    ;20240726 ;4 (OK) ; 36.8 ;77.9 ;52.1 ;CXP9013268%9_R96JB   ; (Radio2219B8)
Radio-S180-1 ;BXP_6  ;RRU4415B7 ; 1 ;  OFF ;  ON ;  OFF ; N/A ;KRC161495/1     ;R5FE    ;TU8U02NWA8    ;20240731 ;4 (OK) ; 27.0 ;77.9 ;51.4 ;CXP9013268%15_R101LX ; (Radio4415B7)
Radio-S202-1 ;BXP_3  ;RRU2217B7 ; 1 ;  OFF ;  ON ;  OFF ; N/A ;KRC161428/1     ;R2B     ;D16W827097    ;20170618 ;4 (OK) ; 40.8 ;77.9 ;51.4 ;CXP9013268%9_R96JB   ; (Radio2217B7)
-------------------------------------------------------------------------------------------------------------------------------------

=====================================================================================================================================
AntennaNearUnit                                    ;ST  ;TYPE   ;PRODUCTNR     ;REV             ;UNIQUEID             ;RfPort
=====================================================================================================================================
AntennaUnitGroup=10,AntennaNearUnit=RET_1800-2100  ; 1  ;S-RET  ;RETINSIDE     ;RF11CIPT_VER.D  ;HWM1011GB02RV9240yL  ;FieldReplaceableUnit=Radio-S10-1,RfPort=R
AntennaUnitGroup=10,AntennaNearUnit=RET_2600       ; 1  ;S-RET  ;RETINSIDE     ;RF11CIPT_VER.D  ;HWM1011GB02RW082yyR  ;FieldReplaceableUnit=Radio-S10-1,RfPort=R
AntennaUnitGroup=10,AntennaNearUnit=RET_900        ; 1  ;S-RET  ;RETINSIDE     ;RF11CIPT_VER.D  ;HWM1011GB02RU13960r  ;FieldReplaceableUnit=Radio-S10-1,RfPort=R
AntennaUnitGroup=10,AntennaNearUnit=TMA_900        ; 1  ;TMA    ;KRY112587/16  ;R1A             ;ERT203---BU96696567  ;FieldReplaceableUnit=Radio-S10-1,RfPort=R
AntennaUnitGroup=11,AntennaNearUnit=RET_1800-2100  ; 1  ;S-RET  ;RETINSIDE     ;RF11CIPT_VER.D  ;HWM1011GB02QY1113yL  ;FieldReplaceableUnit=Radio-S11-1,RfPort=R
AntennaUnitGroup=11,AntennaNearUnit=RET_2600       ; 1  ;S-RET  ;RETINSIDE     ;RF11CIPT_VER.D  ;HWM1011GB02R0915yyR  ;FieldReplaceableUnit=Radio-S11-1,RfPort=R
AntennaUnitGroup=11,AntennaNearUnit=RET_900        ; 1  ;S-RET  ;RETINSIDE     ;RF11CIPT_VER.D  ;HWM1011GB02QX28260r  ;FieldReplaceableUnit=Radio-S11-1,RfPort=R
AntennaUnitGroup=11,AntennaNearUnit=TMA_900        ; 1  ;TMA    ;KRY112587/16  ;R1A             ;ERT203---BU96696515  ;FieldReplaceableUnit=Radio-S11-1,RfPort=R
AntennaUnitGroup=12,AntennaNearUnit=RET_1800-2100  ; 1  ;S-RET  ;RETINSIDE     ;RF11CIPT_VER.D  ;HWM1011GB02NH6353yL  ;FieldReplaceableUnit=Radio-S12-1,RfPort=R
AntennaUnitGroup=12,AntennaNearUnit=RET_2600       ; 1  ;S-RET  ;RETINSIDE     ;RF11CIPT_VER.D  ;HWM1011GB02NJ708yyR  ;FieldReplaceableUnit=Radio-S12-1,RfPort=R
AntennaUnitGroup=12,AntennaNearUnit=RET_900        ; 1  ;S-RET  ;RETINSIDE     ;RF11CIPT_VER.D  ;HWM1011GB02NG52490r  ;FieldReplaceableUnit=Radio-S12-1,RfPort=R
AntennaUnitGroup=12,AntennaNearUnit=TMA_900        ; 1  ;TMA    ;KRY112587/16  ;R1A             ;ERT203---BU94802244  ;FieldReplaceableUnit=Radio-S12-1,RfPort=R
-------------------------------------------------------------------------------------------------------------------------------------

=====================================================================================================================================
XPBOARD  ;ST ;FAULT ;OPER ;PRODUCTNUMBER ;REV ;SERIAL/NAME ;DATE     ; TEMP ;MO
=====================================================================================================================================
FAN08    ; 1 ;N/A   ;N/A  ;BKV106236/1   ;R2F ;DD13993132  ;20240407 ; 36.0 ;SupportUnit=1 (FAN  BB-1)
-------------------------------------------------------------------------------------------------------------------------------------

=====================================================================================================================================
ID ;T ;RiL    ;BPBP ;BOARD1    ;LNH1 ;PORT ;R ;LINK ;RATE  ; BER ;BOARD2    ;LNH2 ;PORT ;R ;LINK ;RATE  ; BER ;LENGTH ;MO1 - MO2
=====================================================================================================================================
 1 ;O ; S10-1 ;1111 ;BB6631    ;000100 ; 1 ;M ;Up   ;9.8G  ;   0 ;RRU2219B8 ;BXP_2  ; 0 ;S ;Up   ;9.8G  ;   0 ;   36m ;Fru=BB-1(A) Fru=Radio-S10-1(D1)
 2 ;O ; S11-1 ;1111 ;BB6631    ;000100 ; 2 ;M ;Up   ;9.8G  ;   0 ;RRU2219B8 ;BXP_5  ; 0 ;S ;Up   ;9.8G  ;   0 ;   37m ;Fru=BB-1(B) Fru=Radio-S11-1(D1)
 3 ;O ; S12-1 ;1111 ;BB6631    ;000100 ; 3 ;M ;Up   ;9.8G  ;   0 ;RRU2219B8 ;BXP_4  ; 0 ;S ;Up   ;9.8G  ;   0 ;   37m ;Fru=BB-1(C) Fru=Radio-S12-1(D1)
 4 ;O ;S180-1 ;1111 ;BB6631    ;000100 ; 4 ;M ;Up   ;10.1G ;   0 ;RRU4415B7 ;BXP_6  ; 0 ;S ;Up   ;10.1G ;   0 ;   58m ;Fru=BB-1(D) Fru=Radio-S180-1(D1)
 5 ;O ;S202-1 ;1111 ;BB6631    ;000100 ; 6 ;M ;Up   ;9.8G  ;   0 ;RRU2217B7 ;BXP_3  ; 0 ;S ;Up   ;9.8G  ;   0 ;   58m ;Fru=BB-1(F) Fru=Radio-S202-1(D1)
-------------------------------------------------------------------------------------------------------------------------------------

=====================================================================================================================================
ID ;LINK ;RiL    ;VENDOR1  ;VENDORPROD1    ;REV1 ;SERIAL1        ;DATE1    ;ERICSSONPROD1      ;VENDOR2  ;VENDORPROD2    ;REV2 ;SERIAL2        ;DATE2    ;ERICSSONPROD2      ;TT ;WL1     ;WL2    
=====================================================================================================================================
 1 ;Up   ; S10-1 ;ERICSSON ;SPP10ELRIDFSEN ;10   ;CT74364658     ;20240617 ;RDH10265/2 R1A     ;ERICSSON ;SPP10ELRIDFSEN ;10   ;CT74343157     ;20240612 ;RDH10265/2 R1A     ;0  ;1310.00 ;1310.00
 2 ;Up   ; S11-1 ;ERICSSON ;SPP10ELRIDFSEN ;10   ;CT74338773     ;20240611 ;RDH10265/2 R1A     ;ERICSSON ;SPP10ELRIDFSEN ;10   ;CT74364063     ;20240617 ;RDH10265/2 R1A     ;0  ;1310.00 ;1310.00
 3 ;Up   ; S12-1 ;ERICSSON ;SPP10ELRIDFSEN ;10   ;CT74363141     ;20240617 ;RDH10265/2 R1A     ;ERICSSON ;SPP10ELRIDFSEN ;10   ;CT74311710     ;20240604 ;RDH10265/2 R1A     ;0  ;1310.00 ;1310.00
 4 ;Up   ;S180-1 ;ERICSSON ;SPP10ELRIDFSEN ;10   ;CT74342342     ;20240612 ;RDH10265/2 R1A     ;ERICSSON ;SPP10ELRIDFSEN ;10   ;CT74364677     ;20240617 ;RDH10265/2 R1A     ;0  ;1310.00 ;1310.00
 5 ;Up   ;S202-1 ;ERICSSON ;SPP10ELRIDFSEN ;10   ;CT74364777     ;20240617 ;RDH10265/2 R1A     ;ERICSSON ;SPP10ELRIDFSEN ;10   ;CT74344782     ;20240613 ;RDH10265/2 R1A     ;0  ;1310.00 ;1310.00
-------------------------------------------------------------------------------------------------------------------------------------

=====================================================================================================================================
ID ;LINK ;RiL    ;WL1     ;TEMP1 ;TXbs1 ;TXdBm1 ;RXdBm1 ;BER1   ;WL2     ;TEMP2 ;TXbs2 ;TXdBm2 ;RXdBm2 ;BER2   ;DlLoss ;UlLoss ;LENGTH ;TT
=====================================================================================================================================
 1 ;Up   ; S10-1 ;1310.00 ;33C   ;42%   ;-3.05  ;-3.90  ;   0   ;1310.00 ;33C   ;43%   ;-3.24  ;-3.19  ;   0   ;  0.14 ;  0.66 ;   36m ; 0
 2 ;Up   ; S11-1 ;1310.00 ;37C   ;38%   ;-2.14  ;-1.92  ;   0   ;1310.00 ;36C   ;44%   ;-3.08  ;-2.34  ;   0   ;   0.2 ; -1.16 ;   37m ; 0
 3 ;Up   ; S12-1 ;1310.00 ;34C   ;43%   ;-2.86  ;-3.13  ;   0   ;1310.00 ;37C   ;43%   ;-3.23  ;-3.80  ;   0   ;  0.94 ;  -0.1 ;   37m ; 0
 4 ;Up   ;S180-1 ;1310.00 ;33C   ;38%   ;-2.15  ;-2.37  ;   0   ;1310.00 ;28C   ;42%   ;-2.91  ;-1.95  ;   0   ;  -0.2 ; -0.54 ;   58m ; 0
 5 ;Up   ;S202-1 ;1310.00 ;32C   ;36%   ;-2.00  ;-2.89  ;   0   ;1310.00 ;37C   ;43%   ;-2.82  ;-1.78  ;   0   ; -0.22 ;  0.07 ;   58m ; 0
-------------------------------------------------------------------------------------------------------------------------------------

=====================================================================================================================================
ID ;RiL    ;BOARD     ;SFPLNH  ;PORT ;VENDOR   ;VENDORPROD     ;REV  ;SERIAL         ;DATE     ;ERICSSONPROD       ;WL      ;TEMP  ;TXbs  ;TXdBm  ;RXdBm  ; BER
=====================================================================================================================================
 1 ; S10-1 ;BB6631    ;000100   ;  1 ;ERICSSON ;SPP10ELRIDFSEN ;10   ;CT74364658     ;20240617 ;RDH10265/2 R1A     ;1310.00 ;33C   ;42%   ;-3.05  ;-3.90  ;   0
 2 ; S11-1 ;BB6631    ;000100   ;  2 ;ERICSSON ;SPP10ELRIDFSEN ;10   ;CT74338773     ;20240611 ;RDH10265/2 R1A     ;1310.00 ;37C   ;38%   ;-2.14  ;-1.92  ;   0
 3 ; S12-1 ;BB6631    ;000100   ;  3 ;ERICSSON ;SPP10ELRIDFSEN ;10   ;CT74363141     ;20240617 ;RDH10265/2 R1A     ;1310.00 ;34C   ;43%   ;-2.86  ;-3.13  ;   0
 4 ;S180-1 ;BB6631    ;000100   ;  4 ;ERICSSON ;SPP10ELRIDFSEN ;10   ;CT74342342     ;20240612 ;RDH10265/2 R1A     ;1310.00 ;33C   ;38%   ;-2.15  ;-2.37  ;   0
 5 ;S202-1 ;BB6631    ;000100   ;  6 ;ERICSSON ;SPP10ELRIDFSEN ;10   ;CT74364777     ;20240617 ;RDH10265/2 R1A     ;1310.00 ;32C   ;36%   ;-2.00  ;-2.89  ;   0
 1 ; S10-1 ;RRU2219B8 ;BXP_2    ;  0 ;ERICSSON ;SPP10ELRIDFSEN ;10   ;CT74343157     ;20240612 ;RDH10265/2 R1A     ;1310.00 ;33C   ;43%   ;-3.24  ;-3.19  ;   0
 5 ;S202-1 ;RRU2217B7 ;BXP_3    ;  0 ;ERICSSON ;SPP10ELRIDFSEN ;10   ;CT74344782     ;20240613 ;RDH10265/2 R1A     ;1310.00 ;37C   ;43%   ;-2.82  ;-1.78  ;   0
 3 ; S12-1 ;RRU2219B8 ;BXP_4    ;  0 ;ERICSSON ;SPP10ELRIDFSEN ;10   ;CT74311710     ;20240604 ;RDH10265/2 R1A     ;1310.00 ;37C   ;43%   ;-3.23  ;-3.80  ;   0
 2 ; S11-1 ;RRU2219B8 ;BXP_5    ;  0 ;ERICSSON ;SPP10ELRIDFSEN ;10   ;CT74364063     ;20240617 ;RDH10265/2 R1A     ;1310.00 ;36C   ;44%   ;-3.08  ;-2.34  ;   0
 4 ;S180-1 ;RRU4415B7 ;BXP_6    ;  0 ;ERICSSON ;SPP10ELRIDFSEN ;10   ;CT74364677     ;20240617 ;RDH10265/2 R1A     ;1310.00 ;28C   ;42%   ;-2.91  ;-1.95  ;   0
-------------------------------------------------------------------------------------------------------------------------------------
TN ;       ;BB6631    ;000100   ;IA2 ;ERICSSON ;NDAAF9-E201    ;E    ;APF24212011ADL ;20240524 ;RPM777053/1000 R1B ;NA      ;NA    ;NA    ;NA     ;NA     ; 0/0
-------------------------------------------------------------------------------------------------------------------------------------

=====================================================================================================================================
BOARD  ;LNH    ;PORT       ;T ;S ;OpMode   ;AutoNeg ;MacAddress        ;VlanIds        ;LOS ;BER
=====================================================================================================================================
BB6631 ;000100 ;TN_IDL_A_1 ;E ;1 ;10G_FULL ;false   ;F4:3C:96:F0:18:B3 ;3901,3908,3910 ;0   ;NZ/0
BB6631 ;000100 ;TN_IDL_A_2 ;O ;1 ;10G_FULL ;false   ;F4:3C:96:F0:18:B4 ;3908           ;0   ;0/0
-------------------------------------------------------------------------------------------------------------------------------------

radioClockState : RNT_TIME_LOCKED
-------------------------------------------------------------------------------------
Prio  ;ST  ;syncRefType    ;refStatus  ;opQualLevel  ;SyncReference
-------------------------------------------------------------------------------------
  *1  ; 1  ;PTP_TIME       ;NO_FAULT   ;PRTC         ;Ptp=1,BoundaryOrdinaryClock=PTP (G_8275_1 EthernetPort=TN_IDL_A_1:SLAVE)
   2  ; 1  ;NTP_FREQUENCY  ;NO_FAULT   ;PRC          ;Ntp=1,NtpFrequencySync=NTP1 (10.31.0.54:32751 Router=45G_Traffic,InterfaceIPv4=LTE,AddressIPv4=LTE)
-------------------------------------------------------------------------------------
-------------------------------------------------------------------------------------
Prio  ;ST  ;assistRefStatus  ;recQualLevel  ;AssistingReference
-------------------------------------------------------------------------------------
   1  ; 1  ;NO_FAULT         ;PRTC          ;Synchronization=1,SyncEthInput=SyncE (SFP_DAC EthernetPort=TN_IDL_A_1)
-------------------------------------------------------------------------------------

=====================================================================================================================================
FRU          ;LNH    ;BOARD     ;RF  ;BP  ;TX (W/dBm)  ;VSWR (RL)   ;RX (dBm) ;UEs/gUEs  ;Sector/AntennaGroup/Cells (State:CellIds:PCIs)
=====================================================================================================================================
Radio-S10-1  ;BXP_2  ;RRU2219B8 ; A  ;11  ;-           ;1.16 (22.7) ;         ;-/-       ;SE=10 AG=10 GT=CS07D1/0 GT=CS07D1/1 GT=CS07D1/2 (1, 1, 1)
Radio-S10-1  ;BXP_2  ;RRU2219B8 ; B  ;11  ;-           ;1.20 (21.0) ;         ;-/-       ;SE=10 AG=10 GT=CS07D1/0 GT=CS07D1/1 GT=CS07D1/2 (1, 1, 1)
Radio-S11-1  ;BXP_5  ;RRU2219B8 ; A  ;11  ;-           ;1.20 (21.0) ;         ;-/-       ;SE=11 AG=11 GT=CS07D2/0 GT=CS07D2/1 (1, 1)
Radio-S11-1  ;BXP_5  ;RRU2219B8 ; B  ;11  ;-           ;1.19 (21.4) ;         ;-/-       ;SE=11 AG=11 GT=CS07D2/0 GT=CS07D2/1 (1, 1)
Radio-S12-1  ;BXP_4  ;RRU2219B8 ; A  ;11  ;-           ;1.15 (23.0) ;         ;-/-       ;SE=12 AG=12 GT=CS07D3/0 GT=CS07D3/1 GT=CS07D3/2 GT=CS07D3/3 (1, 1, 1, 1)
Radio-S12-1  ;BXP_4  ;RRU2219B8 ; B  ;11  ;-           ;1.19 (21.3) ;         ;-/-       ;SE=12 AG=12 GT=CS07D3/0 GT=CS07D3/1 GT=CS07D3/2 GT=CS07D3/3 (1, 1, 1, 1)
Radio-S180-1 ;BXP_6  ;RRU4415B7 ; A  ;11  ;10.7 (40.3) ;1.12 (25.2) ;-98.0    ;7/-       ;SE=180 AG=180 FDD=CS07L1 (1:21:330)
Radio-S180-1 ;BXP_6  ;RRU4415B7 ; B  ;11  ;-           ;1.09 (27.0) ;-97.6    ;7/-       ;SE=180 AG=180 FDD=CS07L1 (1:21:330)
Radio-S180-1 ;BXP_6  ;RRU4415B7 ; C  ;11  ;8.9 (39.5)  ;1.04 (34.9) ;-96.9    ;14/-      ;SE=181 AG=181 FDD=CS07L2 (1:22:240)
Radio-S180-1 ;BXP_6  ;RRU4415B7 ; D  ;11  ;9.3 (39.7)  ;1.14 (23.7) ;-96.9    ;14/-      ;SE=181 AG=181 FDD=CS07L2 (1:22:240)
Radio-S202-1 ;BXP_3  ;RRU2217B7 ; A  ;11  ;-           ;1.19 (21.2) ;         ;115/-     ;SE=202 AG=202 FDD=CS07L3 (1:23:242)
Radio-S202-1 ;BXP_3  ;RRU2217B7 ; B  ;11  ;-           ;1.12 (24.7) ;         ;115/-     ;SE=202 AG=202 FDD=CS07L3 (1:23:242)
-------------------------------------------------------------------------------------------------------------------------------------

CS07L> mfar

251125-09:18:42+0100 19.31.4.134 25.0h MSRBS_NODE_MODEL_25.Q1_693.28324.131_62ac stopfile=/tmp/1676412
.....
Last MO: 17336. Loaded 17336 MOs. Total: 17337 MOs.
..........................................
get /rop/A20251125.0645-0700_CS07L.xml.gz /ericsson/log/amos/moshell_logfiles/t20251125_37258710_65084/logs_moshell/pmfiles/19.31.4.134/rop/A20251125.0645-0700_CS07L.xml.gz ... OK
get /rop/A20251125.0700-0715_CS07L.xml.gz /ericsson/log/amos/moshell_logfiles/t20251125_37258710_65084/logs_moshell/pmfiles/19.31.4.134/rop/A20251125.0700-0715_CS07L.xml.gz ... OK
get /rop/A20251125.0715-0730_CS07L.xml.gz /ericsson/log/amos/moshell_logfiles/t20251125_37258710_65084/logs_moshell/pmfiles/19.31.4.134/rop/A20251125.0715-0730_CS07L.xml.gz ... OK

Using hardcoded thresholds: 3, 4.5, and 16.5
================================================================================================================================
SC     SE  Tx/Rx BrPair  RfPort1 - RfPort2               HW       Serial      Cell (State)   Samples   Med  Mean  SDev Pol Res Issue
================================================================================================================================
CS07L1 180   2/2 0 (1,2) Radio-S180-1(A) Radio-S180-1(B) RRU4415  TU8U02NWA8  FDD=CS07L1 (1)  527883  -2.5  -2.4   7.1  NA  OK Passed
CS07L2 181   2/2 0 (1,2) Radio-S180-1(C) Radio-S180-1(D) RRU4415  TU8U02NWA8  FDD=CS07L2 (1)  381639  -2.5  -2.2   6.6  NA  OK Passed
CS07L3 202   2/2 0 (1,2) Radio-S202-1(A) Radio-S202-1(B) RRU2217  D16W827097  FDD=CS07L3 (1) 1138662  -0.5  -0.0   6.5  NA  OK Passed
================================================================================================================================
Total: 3 SectorCarriers, 3 RfBranch Pairs (3 OK, 0 OKW, 0 NOK, 0 NT)
.....
Last MO: 17336. Loaded 17336 MOs. Total: 17337 MOs.

No NRSectorCarrier MOs are defined on the node.

CS07L> mfitr

251125-09:18:56+0100 19.31.4.134 25.0h MSRBS_NODE_MODEL_25.Q1_693.28324.131_62ac stopfile=/tmp/1676412
.........
Last MO: 17336. Loaded 17336 MOs. Total: 17337 MOs.
.......
2025-11-25 09:19
================================================================================================================================
CELL       SC     FRU          BOARD     PUSCH  PUCCH       A      B      C      D  DELTA
================================================================================================================================
FDD=CS07L1 CS07L1 Radio-S180-1 RRU4415B7 -116.5 -117.9 -116.9 -115.6                  1.3
FDD=CS07L2 CS07L2 Radio-S180-1 RRU4415B7 -116.7 -116.5               -116.5 -116.2    0.3
FDD=CS07L3 CS07L3 Radio-S202-1 RRU2217B7 -114.0 -114.2 -115.6 -115.5                  0.1
================================================================================================================================
Bye...
Output has been logged to file /mta_fs/UserFiles/37258710/amosbatch/SDIR/CS07L.log
