Logging to file /mta_fs/UserFiles/37258710/amosbatch/SDIR/CS0EL.log
                        __  __  ____   _____
                  /\   |  \/  |/ __ \ / ____|
                 /  \  | \  / | |  | | (___  
                / /\ \ | |\/| | |  | |\___ \ 
               / ____ \| |  | | |__| |____) |
              /_/    \_\_|  |_|\____/|_____/
              OSS Framework for MoShell-25.0h 
  Copyright (c) Ericsson AB 2001-2025 - All Rights Reserved
              
           
[1;31mWARNING: [0mthe AMOS version currently running is more than 29 weeks old and is unsupported.
Please upgrade as soon as possible to the latest released version, available from your local Ericsson support.

$amosrb_pid = 2452433

Checking ip contact...OK

HELP MENU            : h
BASIC MO COMMANDS    : m
OTHER MO COMMANDS    : n
OTHER COMMANDS       : o
PM COMMANDS          : p
QUIT                 : q

CS0EL> lt all

251125-13:08:12+0100 19.31.7.215 25.0h  stopfile=/tmp/2452332
Looking up temporary_amos account... OK.
Trying temporary_amos_t20251125_37258710_65084_131's password from amos lookupAccount ... OK

$ssh_pid = 2452935

Connected to 19.31.7.215 (SubNetwork=BBMM_rckomc_R,MeContext=CS0EL,ManagedElement=CS0EL)

Checking MOM version...MSRBS_NODE_MODEL_25.Q1_693.28324.131_62ac
Parsing MOM (cached): /ericsson/log/amos/moshell_logfiles/t20251125_37258710_65084/logs_moshell/tempfiles/scp-4-amos_20251125-130805_2452273/MSRBS_NODE_MODEL_25.Q1_693.28324.131_62ac.xml.cache.gz ..................................................................................................................................................................................................................................Done.
Using paramfile /opt/ericsson/amos/moshell/commonjars/pm/PARAM_MSRBS_25.Q1.txt
Parsing file /opt/ericsson/amos/moshell/commonjars/pm/PARAM_MSRBS_25.Q1.txt .......................................................................................Done.
Using imomdfile /opt/ericsson/amos/moshell/commonjars/pm/IMOMD_MSRBS_22.Q4.txt
Using imomfile /opt/ericsson/amos/moshell/commonjars/pm/IMOM_MSRBS_25.Q1.txt
Connected to 19.31.7.215 (SubNetwork=BBMM_rckomc_R,MeContext=CS0EL,ManagedElement=CS0EL)

Last MO: 17388. Loaded 17388 MOs. Total: 17389 MOs.

CS0EL> st cell

251125-13:08:25+0100 19.31.7.215 25.0h MSRBS_NODE_MODEL_25.Q1_693.28324.131_62ac stopfile=/tmp/2452332
===================================================================================
Proxy  Adm State     Op. State     MO
===================================================================================
   58  1 (UNLOCKED)  1 (ENABLED)   ENodeBFunction=1,EUtranCellFDD=CS0EL1
  183  1 (UNLOCKED)  1 (ENABLED)   ENodeBFunction=1,EUtranCellFDD=CS0EL2
  295  1 (UNLOCKED)  1 (ENABLED)   ENodeBFunction=1,EUtranCellFDD=CS0EL3
===================================================================================
Total: 3 MOs

CS0EL> st radio

251125-13:08:26+0100 19.31.7.215 25.0h MSRBS_NODE_MODEL_25.Q1_693.28324.131_62ac stopfile=/tmp/2452332
===================================================================================
Proxy  Adm State     Op. State     MO
===================================================================================
 1555  1 (UNLOCKED)  1 (ENABLED)   Equipment=1,FieldReplaceableUnit=Radio-S180-1
 1570  1 (UNLOCKED)  1 (ENABLED)   Equipment=1,FieldReplaceableUnit=Radio-S182-1
 1585  1 (UNLOCKED)  1 (ENABLED)   Equipment=1,FieldReplaceableUnit=Radio-S220-1
 1612  1 (UNLOCKED)  1 (ENABLED)   Equipment=1,FieldReplaceableUnit=Radio-S221-1
 1639  1 (UNLOCKED)  1 (ENABLED)   Equipment=1,FieldReplaceableUnit=Radio-S222-1
17382  1 (UNLOCKED)  1 (ENABLED)   Transport=1,Synchronization=1,RadioEquipmentClock=1,RadioEquipmentClockReference=PTP8275_2
17383  1 (UNLOCKED)  1 (ENABLED)   Transport=1,Synchronization=1,RadioEquipmentClock=1,RadioEquipmentClockReference=SyncE
===================================================================================
Total: 7 MOs

CS0EL> sdir

251125-13:08:26+0100 19.31.7.215 25.0h MSRBS_NODE_MODEL_25.Q1_693.28324.131_62ac stopfile=/tmp/2452332
INFO: Using amos lookupAccount credentials for the export login
...............................
get /rop/A20251125.1115-1130_CS0EL.xml.gz /ericsson/log/amos/moshell_logfiles/t20251125_37258710_65084/logs_moshell/pmfiles/19.31.7.215/rop/A20251125.1115-1130_CS0EL.xml.gz ... OK
get /rop/A20251125.1130-1145_CS0EL.xml.gz /ericsson/log/amos/moshell_logfiles/t20251125_37258710_65084/logs_moshell/pmfiles/19.31.7.215/rop/A20251125.1130-1145_CS0EL.xml.gz ... OK
get /rop/A20251125.1145-1200_CS0EL.xml.gz /ericsson/log/amos/moshell_logfiles/t20251125_37258710_65084/logs_moshell/pmfiles/19.31.7.215/rop/A20251125.1145-1200_CS0EL.xml.gz ... OK
....Checking available boards on node...

Collecting RCS board data ...
........................................................................................................................
.............................
................................................................................................................................................................................................................................................................................................................
...........
Collecting TN data...
...........................................................................................................................
Getting MO data from node (53 MOs). Please wait...
0%                                             ~50%                                           ~100%
................................................................................................................................
Collecting RF data...
....
Collecting Alarms...
.Executing action Log.export()
...
Log=AlarmLog                    actionId=26807
............
Executing action LogM.exportAvailabilityLog()
..LogM=1,exportAvailabilityLog    actionId=26808
.....Parsing alarmLog.........Done.
Parsing availabilityLog......Done.
.........

Total: 5 CPRI links (4 OK, 0 OKW, 1 NOK, 0 NT)
.
+--------+                      +----------------------------+
|        | A        O101     D2 |        Radio-S220-1        |
|        |-----------1----------| RRU247924B824B2024B28BM01* |
|        |         OK-76m       |           BXP_4            |
|        |                      +----------------------------+
|        |                                     |A  |B  |C  |D
|        |                         SE=220* AG=220 GT=CS0ED1/0
|        |                            GT=CS0ED1/1 GT=CS0ED1/2
|        |
|        |                      +----------------------------+
|        | B        O101     D2 |        Radio-S221-1        |
|        |-----------2----------| RRU247924B824B2024B28BM01* |
|        |         OK-76m       |           BXP_3            |
|        |                      +----------------------------+
|        |                                     |A  |B  |C  |D
|        |                         SE=221* AG=221 GT=CS0ED2/0
|        |                            GT=CS0ED2/1 GT=CS0ED2/2
|        |
|        |                      +----------------------------+
|        | C        O101     D2 |        Radio-S222-1        |
|        |-----------3----------| RRU247924B824B2024B28BM01* |
|        |        NOK-76m       |           BXP_2            |
|  BB-1  |                      +----------------------------+
| BB6631 |                                     |A  |B  |C  |D
| 000100 |             SE=222* AG=222 GT=CS0ED3/0 GT=CS0ED3/8
|        |
|        |                      +---------------+
|        | D        O101     D1 | Radio-S180-1  |
|        |-----------4----------|   RRU4415B7   |
|        |         OK-76m       |     BXP_5     |
|        |                      +---------------+
|        |                        |A  |B  |C  |D
|        |                 SE=180 AG=180  |   |
|        |                    FDD=CS0EL1  |   |
|        |                         SE=181 AG=181
|        |                            FDD=CS0EL2
|        |
|        |                      +---------------+
|        | E        O101     D1 | Radio-S182-1  |
|        |-----------5----------|   RRU4415B7   |
|        |         OK-76m       |     BXP_6     |
|        |                      +---------------+
|        |                        |A  |B  |C  |D
|        |                 SE=182 AG=182  |   |
|        |                    FDD=CS0EL3  |   |
|        |
+--------+

=====================================================================================================================================
ID RiL    Type Res MO1-MO2                  BOARD1-BOARD2                     AlmIDs Cells (States)                              Issue (Failed checks)
=====================================================================================================================================
 1 S220-1 O101 OK  BB-1(A) Radio-S220-1(D2) BB6631 RRU247924B824B2024B28BM01*        GT=CS0ED1/0 GT=CS0ED1/1 GT=CS0ED1/2 (1,1,1) Passed
 2 S221-1 O101 OK  BB-1(B) Radio-S221-1(D2) BB6631 RRU247924B824B2024B28BM01*        GT=CS0ED2/0 GT=CS0ED2/1 GT=CS0ED2/2 (1,1,1) Passed
 3 S222-1 O101 NOK BB-1(C) Radio-S222-1(D2) BB6631 RRU247924B824B2024B28BM01*        GT=CS0ED3/0 GT=CS0ED3/8 (1,1)               Fiber Loss DL  (DlLoss-UlLoss=6.67)
 4 S180-1 O101 OK  BB-1(D) Radio-S180-1(D1) BB6631 RRU4415B7                         FDD=CS0EL1 FDD=CS0EL2 (1,1)                 Passed
 5 S182-1 O101 OK  BB-1(E) Radio-S182-1(D1) BB6631 RRU4415B7                         FDD=CS0EL3 (1)                              Passed
-------------------------------------------------------------------------------------------------------------------------------------

=====================================================================================================================================
IDs  RiLs   Issue and Recommended Actions.
=====================================================================================================================================
3    S222-1 Fiber Issue - Far End Reports Excessive Optical Power Loss.
-------------------------------------------------------------------------------------------------------------------------------------
 1) Troubleshoot to determine where optical power is being lost or Bit Errors are detected.  Start at the  port fiber connection reporting the loss and work back to the transmitter on the other end. (i.e. dirty, damaged or bent fiber, improperly mated connection)
 2) Refer to and follow  Ericsson CPI "Handling SFP Modules and Optical Cables" for proper handling, Cleaning, inspection and testing of  fiber and optical interfaces.
Note: Always check for any AlmID information and troubleshoot alarm(s) accordingly.
*************************************************************************************************************************************

Node: RadioNode GL   CXP2010174/2_R27J08 (25.Q1)   G3.1   GSM LTE-FDD 

=====================================================================================================================================
FRU          ;LNH    ;BOARD                      ;ST ;FAULT ;OPER ;MAINT ;STAT ;PRODUCTNUMBER   ;REV     ;SERIAL        ;DATE     ;PMTEMP ; TEMP ; UPT ;VOLT ;SW                   ;
=====================================================================================================================================
BB-1         ;000100 ;BB6631                     ; 1 ;  OFF ;  ON ;  OFF ;  ON ;KDU1370071/11   ;R3C     ;E96A0108KS    ;20230510 ;3 (OK) ;      ;56.9 ;52   ;                     ;
Radio-S180-1 ;BXP_5  ;RRU4415B7                  ; 1 ;  OFF ;  ON ;  OFF ; N/A ;KRC161495/1     ;R5J     ;E55K590513    ;20230313 ;4 (OK) ; 26.0 ;56.8 ;51.9 ;CXP9013268%15_R101LX ; (Radio4415B7)
Radio-S182-1 ;BXP_6  ;RRU4415B7                  ; 1 ;  OFF ;  ON ;  OFF ; N/A ;KRC161495/1     ;R5J     ;E55K590509    ;20230313 ;4 (OK) ; 24.5 ;56.8 ;52.7 ;CXP9013268%15_R101LX ; (Radio4415B7)
Radio-S220-1 ;BXP_4  ;RRU247924B824B2024B28BM01* ; 1 ;  OFF ;  ON ;  OFF ; N/A ;KRC161832/1     ;R2F     ;TU8U022KX3    ;20230510 ;4 (OK) ; 27.7 ;56.8 ;52.1 ;CXP9013268%15_R101LX ; (Radio247924B824B2024B28BM01)
Radio-S221-1 ;BXP_3  ;RRU247924B824B2024B28BM01* ; 1 ;  OFF ;  ON ;  OFF ; N/A ;KRC161832/1     ;R2F     ;TU8U022KX9    ;20230510 ;4 (OK) ; 28.5 ;56.8 ;52.5 ;CXP9013268%15_R101LX ; (Radio247924B824B2024B28BM01)
Radio-S222-1 ;BXP_2  ;RRU247924B824B2024B28BM01* ; 1 ;  OFF ;  ON ;  OFF ; N/A ;KRC161832/1     ;R2F     ;TU8U022KXH    ;20230510 ;4 (OK) ; 28.8 ;56.8 ;52.8 ;CXP9013268%15_R101LX ; (Radio247924B824B2024B28BM01)
-------------------------------------------------------------------------------------------------------------------------------------

=====================================================================================================================================
XPBOARD  ;ST ;FAULT ;OPER ;PRODUCTNUMBER ;REV ;SERIAL/NAME ;DATE     ; TEMP ;MO
=====================================================================================================================================
FAN08    ; 1 ;N/A   ;N/A  ;BKV106236/1   ;R2F ;DD111Y9763  ;20220711 ; 40.0 ;SupportUnit=1 (FAN  BB-1)
-------------------------------------------------------------------------------------------------------------------------------------

=====================================================================================================================================
ID ;T ;RiL    ;BPBP ;BOARD1                     ;LNH1 ;PORT ;R ;LINK ;RATE  ; BER ;BOARD2                     ;LNH2 ;PORT ;R ;LINK ;RATE  ; BER ;LENGTH ;MO1 - MO2
=====================================================================================================================================
 1 ;O ;S220-1 ;1111 ;BB6631                     ;000100 ; 1 ;M ;Up   ;10.1G ;   0 ;RRU247924B824B2024B28BM01* ;BXP_4  ; 1 ;S ;Up   ;10.1G ;   0 ;   76m ;Fru=BB-1(A) Fru=Radio-S220-1(D2)
 2 ;O ;S221-1 ;1111 ;BB6631                     ;000100 ; 2 ;M ;Up   ;10.1G ;   0 ;RRU247924B824B2024B28BM01* ;BXP_3  ; 1 ;S ;Up   ;10.1G ;   0 ;   76m ;Fru=BB-1(B) Fru=Radio-S221-1(D2)
 3 ;O ;S222-1 ;1111 ;BB6631                     ;000100 ; 3 ;M ;Up   ;10.1G ;   0 ;RRU247924B824B2024B28BM01* ;BXP_2  ; 1 ;S ;Up   ;10.1G ;   0 ;   76m ;Fru=BB-1(C) Fru=Radio-S222-1(D2)
 4 ;O ;S180-1 ;1111 ;BB6631                     ;000100 ; 4 ;M ;Up   ;10.1G ;   0 ;RRU4415B7                  ;BXP_5  ; 0 ;S ;Up   ;10.1G ;   0 ;   76m ;Fru=BB-1(D) Fru=Radio-S180-1(D1)
 5 ;O ;S182-1 ;1111 ;BB6631                     ;000100 ; 5 ;M ;Up   ;10.1G ;   0 ;RRU4415B7                  ;BXP_6  ; 0 ;S ;Up   ;10.1G ;   0 ;   76m ;Fru=BB-1(E) Fru=Radio-S182-1(D1)
-------------------------------------------------------------------------------------------------------------------------------------

=====================================================================================================================================
ID ;LINK ;RiL    ;VENDOR1  ;VENDORPROD1      ;REV1 ;SERIAL1         ;DATE1    ;ERICSSONPROD1      ;VENDOR2  ;VENDORPROD2      ;REV2 ;SERIAL2         ;DATE2    ;ERICSSONPROD2      ;TT ;WL1     ;WL2    
=====================================================================================================================================
 1 ;Up   ;S220-1 ;ERICSSON ;SPP10ELRIDFSEN   ;10   ;CT73601310      ;20230424 ;RDH10265/2 R1A     ;ERICSSON ;SPP10ELRIDFSEN   ;10   ;CT73602013      ;20230424 ;RDH10265/2 R1A     ;0  ;1310.00 ;1310.00
 2 ;Up   ;S221-1 ;ERICSSON ;EOLP-1396-02-IY  ;1.0  ;DZ8P201QG1      ;20230214 ;RDH10265/2 R1A     ;ERICSSON ;SPP10ELRIDFSEN   ;10   ;CT73604157      ;20230424 ;RDH10265/2 R1A     ;0  ;1310.00 ;1310.00
 3 ;Up   ;S222-1 ;ERICSSON ;SPP10ELRIDFSEN   ;10   ;CT73601152      ;20230424 ;RDH10265/2 R1A     ;ERICSSON ;SPP10ELRIDFSEN   ;10   ;CT73602931      ;20230424 ;RDH10265/2 R1A     ;0  ;1310.00 ;1310.00
 4 ;Up   ;S180-1 ;ERICSSON ;LCP-10G3B4HDRME4 ;A    ;2213094A2456584 ;20220329 ;RDH10265/2 R1A     ;ERICSSON ;SPP10ELRIDFSEN   ;10   ;CT73603773      ;20230424 ;RDH10265/2 R1A     ;0  ;1310.00 ;1310.00
 5 ;Up   ;S182-1 ;ERICSSON ;SPP10ELRIDFSEN   ;10   ;CT73603790      ;20230424 ;RDH10265/2 R1A     ;ERICSSON ;SPP10ELRIDFSEN   ;10   ;CT73601996      ;20230424 ;RDH10265/2 R1A     ;0  ;1310.00 ;1310.00
-------------------------------------------------------------------------------------------------------------------------------------

=====================================================================================================================================
ID ;LINK ;RiL    ;WL1     ;TEMP1 ;TXbs1 ;TXdBm1 ;RXdBm1 ;BER1   ;WL2     ;TEMP2 ;TXbs2 ;TXdBm2 ;RXdBm2 ;BER2   ;DlLoss ;UlLoss ;LENGTH ;TT
=====================================================================================================================================
 1 ;Up   ;S220-1 ;1310.00 ;42C   ;35%   ;-2.29  ;-3.03  ;   0   ;1310.00 ;28C   ;42%   ;-2.18  ;-3.04  ;   0   ;  0.75 ;  0.85 ;   76m ; 0
 2 ;Up   ;S221-1 ;1310.00 ;34C   ;39%   ;-1.91  ;-2.70  ;   0   ;1310.00 ;30C   ;32%   ;-2.18  ;-2.35  ;   0   ;  0.44 ;  0.52 ;   76m ; 0
 3 ;Up   ;S222-1 ;1310.00 ;39C   ;37%   ;-2.06  ;-3.13  ;   0   ;1310.00 ;29C   ;44%   ;-2.07  ;-9.79  ;   0   ;  7.73 ;  1.06 ;   76m ; 0
 4 ;Up   ;S180-1 ;1310.00 ;31C   ;35%   ;-3.33  ;-3.27  ;   0   ;1310.00 ;28C   ;44%   ;-2.64  ;-4.41  ;   0   ;  1.08 ;  0.63 ;   76m ; 0
 5 ;Up   ;S182-1 ;1310.00 ;40C   ;44%   ;-3.33  ;-2.93  ;   0   ;1310.00 ;24C   ;37%   ;-2.08  ;-3.46  ;   0   ;  0.13 ;  0.85 ;   76m ; 0
-------------------------------------------------------------------------------------------------------------------------------------

=====================================================================================================================================
ID ;RiL    ;BOARD                      ;SFPLNH  ;PORT ;VENDOR   ;VENDORPROD       ;REV  ;SERIAL          ;DATE     ;ERICSSONPROD       ;WL      ;TEMP  ;TXbs  ;TXdBm  ;RXdBm  ; BER
=====================================================================================================================================
 1 ;S220-1 ;BB6631                     ;000100   ;  1 ;ERICSSON ;SPP10ELRIDFSEN   ;10   ;CT73601310      ;20230424 ;RDH10265/2 R1A     ;1310.00 ;42C   ;35%   ;-2.29  ;-3.03  ;   0
 2 ;S221-1 ;BB6631                     ;000100   ;  2 ;ERICSSON ;EOLP-1396-02-IY  ;1.0  ;DZ8P201QG1      ;20230214 ;RDH10265/2 R1A     ;1310.00 ;34C   ;39%   ;-1.91  ;-2.70  ;   0
 3 ;S222-1 ;BB6631                     ;000100   ;  3 ;ERICSSON ;SPP10ELRIDFSEN   ;10   ;CT73601152      ;20230424 ;RDH10265/2 R1A     ;1310.00 ;39C   ;37%   ;-2.06  ;-3.13  ;   0
 4 ;S180-1 ;BB6631                     ;000100   ;  4 ;ERICSSON ;LCP-10G3B4HDRME4 ;A    ;2213094A2456584 ;20220329 ;RDH10265/2 R1A     ;1310.00 ;31C   ;35%   ;-3.33  ;-3.27  ;   0
 5 ;S182-1 ;BB6631                     ;000100   ;  5 ;ERICSSON ;SPP10ELRIDFSEN   ;10   ;CT73603790      ;20230424 ;RDH10265/2 R1A     ;1310.00 ;40C   ;44%   ;-3.33  ;-2.93  ;   0
 3 ;S222-1 ;RRU247924B824B2024B28BM01* ;BXP_2    ;  1 ;ERICSSON ;SPP10ELRIDFSEN   ;10   ;CT73602931      ;20230424 ;RDH10265/2 R1A     ;1310.00 ;29C   ;44%   ;-2.07  ;-9.79  ;   0
 2 ;S221-1 ;RRU247924B824B2024B28BM01* ;BXP_3    ;  1 ;ERICSSON ;SPP10ELRIDFSEN   ;10   ;CT73604157      ;20230424 ;RDH10265/2 R1A     ;1310.00 ;30C   ;32%   ;-2.18  ;-2.35  ;   0
 1 ;S220-1 ;RRU247924B824B2024B28BM01* ;BXP_4    ;  1 ;ERICSSON ;SPP10ELRIDFSEN   ;10   ;CT73602013      ;20230424 ;RDH10265/2 R1A     ;1310.00 ;28C   ;42%   ;-2.18  ;-3.04  ;   0
 4 ;S180-1 ;RRU4415B7                  ;BXP_5    ;  0 ;ERICSSON ;SPP10ELRIDFSEN   ;10   ;CT73603773      ;20230424 ;RDH10265/2 R1A     ;1310.00 ;28C   ;44%   ;-2.64  ;-4.41  ;   0
 5 ;S182-1 ;RRU4415B7                  ;BXP_6    ;  0 ;ERICSSON ;SPP10ELRIDFSEN   ;10   ;CT73601996      ;20230424 ;RDH10265/2 R1A     ;1310.00 ;24C   ;37%   ;-2.08  ;-3.46  ;   0
-------------------------------------------------------------------------------------------------------------------------------------
TN ;       ;BB6631                     ;000100   ;IA2 ;ERICSSON ;42020201934      ;A0   ;202301200341    ;20230101 ;RPM777053/1000 R1B ;NA      ;NA    ;NA    ;NA     ;NA     ; 0/0
-------------------------------------------------------------------------------------------------------------------------------------

=====================================================================================================================================
BOARD  ;LNH    ;PORT       ;T ;S ;OpMode   ;AutoNeg ;MacAddress        ;VlanIds        ;LOS ;BER
=====================================================================================================================================
BB6631 ;000100 ;TN_IDL_A_1 ;E ;1 ;10G_FULL ;false   ;58:70:7F:81:81:8D ;3901,3908,3910 ;0   ;NZ/0
BB6631 ;000100 ;TN_IDL_A_2 ;O ;1 ;10G_FULL ;false   ;58:70:7F:81:81:8E ;3908           ;0   ;0/0
-------------------------------------------------------------------------------------------------------------------------------------

Last MO: 17388. Loaded 17388 MOs. Total: 17389 MOs.
radioClockState : RNT_TIME_LOCKED
-------------------------------------------------------------------------------------
Prio  ;ST  ;syncRefType  ;refStatus  ;opQualLevel  ;SyncReference
-------------------------------------------------------------------------------------
   1  ; 1  ;PTP_TIME     ;NO_FAULT   ;PRTC         ;Ptp=1,BoundaryOrdinaryClock=1 (G_8275_2 Router=45G_Traffic,InterfaceIPv4=LTE,AddressIPv4=LTE:SLAVE)
   2  ; 1  ;SYNC_E       ;NO_FAULT   ;PRTC         ;Synchronization=1,SyncEthInput=SyncE (SFP_DAC EthernetPort=TN_IDL_A_1)
-------------------------------------------------------------------------------------
nodeGroupRole   : SYNC_RECEIVER (syncNodePriority=3, selectionMode=NODE_PRIORITY)
-------------------------------------------------------------------------------------
DU  ;Port  ;sharedUnitRef (RiPortA - RiPortB)  ;remoteNodePriority  ;CandidateStatus
-------------------------------------------------------------------------------------
1   ;B     ;Fru=Radio-S221-1 (2 - 1)           ;1                   ;OK_NOT_ACTIVE
1   ;A     ;Fru=Radio-S220-1 (2 - 1)           ;1                   ;OK_NOT_ACTIVE
1   ;C     ;Fru=Radio-S222-1 (2 - 1)           ;1                   ;OK_ACTIVE
-------------------------------------------------------------------------------------

=====================================================================================================================================
FRU          ;LNH    ;BOARD                      ;RF  ;BP  ;TX (W/dBm)  ;VSWR (RL)   ;RX (dBm) ;UEs/gUEs  ;Sector/AntennaGroup/Cells (State:CellIds:PCIs)
=====================================================================================================================================
Radio-S180-1 ;BXP_5  ;RRU4415B7                  ; A  ;11  ;12.6 (41.0) ;1.05 (32.1) ;-94.8    ;35/-      ;SE=180 AG=180 FDD=CS0EL1 (1:21:452)
Radio-S180-1 ;BXP_5  ;RRU4415B7                  ; B  ;11  ;12.9 (41.1) ;1.05 (31.5) ;-93.3    ;35/-      ;SE=180 AG=180 FDD=CS0EL1 (1:21:452)
Radio-S180-1 ;BXP_5  ;RRU4415B7                  ; C  ;11  ;21.9 (43.4) ;1.07 (29.2) ;-97.2    ;8/-       ;SE=181 AG=181 FDD=CS0EL2 (1:22:450)
Radio-S180-1 ;BXP_5  ;RRU4415B7                  ; D  ;11  ;-           ;1.12 (25.1) ;-97.9    ;8/-       ;SE=181 AG=181 FDD=CS0EL2 (1:22:450)
Radio-S182-1 ;BXP_6  ;RRU4415B7                  ; A  ;11  ;11.0 (40.4) ;1.10 (26.4) ;-97.6    ;11/-      ;SE=182 AG=182 FDD=CS0EL3 (1:23:451)
Radio-S182-1 ;BXP_6  ;RRU4415B7                  ; B  ;11  ;10.2 (40.1) ;1.06 (31.4) ;-97.7    ;11/-      ;SE=182 AG=182 FDD=CS0EL3 (1:23:451)
Radio-S182-1 ;BXP_6  ;RRU4415B7                  ; C  ;11  ;-           ;-           ;         ;          ;
Radio-S182-1 ;BXP_6  ;RRU4415B7                  ; D  ;11  ;-           ;-           ;         ;          ;
Radio-S220-1 ;BXP_4  ;RRU247924B824B2024B28BM01* ; A  ;11  ;32.5 (45.1) ;1.08 (28.5) ;-85.3    ;-/-       ;SE=220* AG=220 GT=CS0ED1/0 GT=CS0ED1/1 GT=CS0ED1/2 (1, 1, 1)
Radio-S220-1 ;BXP_4  ;RRU247924B824B2024B28BM01* ; B  ;11  ;47.8 (46.8) ;1.11 (25.6) ;-87.6    ;-/-       ;SE=220* AG=220 GT=CS0ED1/0 GT=CS0ED1/1 GT=CS0ED1/2 (1, 1, 1)
Radio-S220-1 ;BXP_4  ;RRU247924B824B2024B28BM01* ; C  ;11  ;14.8 (41.7) ;1.09 (27.4) ;-85.4    ;-/-       ;SE=220* AG=220 GT=CS0ED1/0 GT=CS0ED1/1 GT=CS0ED1/2 (1, 1, 1)
Radio-S220-1 ;BXP_4  ;RRU247924B824B2024B28BM01* ; D  ;11  ;14.8 (41.7) ;1.15 (22.9) ;-87.3    ;-/-       ;SE=220* AG=220 GT=CS0ED1/0 GT=CS0ED1/1 GT=CS0ED1/2 (1, 1, 1)
Radio-S221-1 ;BXP_3  ;RRU247924B824B2024B28BM01* ; A  ;11  ;31.5 (45.0) ;1.20 (20.9) ;-85.7    ;-/-       ;SE=221* AG=221 GT=CS0ED2/0 GT=CS0ED2/1 GT=CS0ED2/2 (1, 1, 1)
Radio-S221-1 ;BXP_3  ;RRU247924B824B2024B28BM01* ; B  ;11  ;24.7 (43.9) ;1.18 (21.6) ;-86.6    ;-/-       ;SE=221* AG=221 GT=CS0ED2/0 GT=CS0ED2/1 GT=CS0ED2/2 (1, 1, 1)
Radio-S221-1 ;BXP_3  ;RRU247924B824B2024B28BM01* ; C  ;11  ;9.8 (39.9)  ;1.21 (20.4) ;-84.9    ;-/-       ;SE=221* AG=221 GT=CS0ED2/0 GT=CS0ED2/1 GT=CS0ED2/2 (1, 1, 1)
Radio-S221-1 ;BXP_3  ;RRU247924B824B2024B28BM01* ; D  ;11  ;9.5 (39.8)  ;1.27 (18.6) ;-87.0    ;-/-       ;SE=221* AG=221 GT=CS0ED2/0 GT=CS0ED2/1 GT=CS0ED2/2 (1, 1, 1)
Radio-S222-1 ;BXP_2  ;RRU247924B824B2024B28BM01* ; A  ;11  ;21.3 (43.3) ;1.21 (20.4) ;-96.4    ;-/-       ;SE=222* AG=222 GT=CS0ED3/0 GT=CS0ED3/8 (1, 1)
Radio-S222-1 ;BXP_2  ;RRU247924B824B2024B28BM01* ; B  ;11  ;8.9 (39.5)  ;1.06 (30.1) ;-96.2    ;-/-       ;SE=222* AG=222 GT=CS0ED3/0 GT=CS0ED3/8 (1, 1)
Radio-S222-1 ;BXP_2  ;RRU247924B824B2024B28BM01* ; C  ;11  ;13.8 (41.4) ;1.10 (26.8) ;-96.0    ;-/-       ;SE=222* AG=222 GT=CS0ED3/0 GT=CS0ED3/8 (1, 1)
Radio-S222-1 ;BXP_2  ;RRU247924B824B2024B28BM01* ; D  ;11  ;13.8 (41.4) ;1.15 (23.0) ;-95.9    ;-/-       ;SE=222* AG=222 GT=CS0ED3/0 GT=CS0ED3/8 (1, 1)
-------------------------------------------------------------------------------------------------------------------------------------

CS0EL> mfar

251125-13:11:09+0100 19.31.7.215 25.0h MSRBS_NODE_MODEL_25.Q1_693.28324.131_62ac stopfile=/tmp/2452332
......
Last MO: 17387. Loaded 17387 MOs. Total: 17388 MOs.
...........................................
get /rop/A20251125.1030-1045_CS0EL.xml.gz /ericsson/log/amos/moshell_logfiles/t20251125_37258710_65084/logs_moshell/pmfiles/19.31.7.215/rop/A20251125.1030-1045_CS0EL.xml.gz ... OK
get /rop/A20251125.1045-1100_CS0EL.xml.gz /ericsson/log/amos/moshell_logfiles/t20251125_37258710_65084/logs_moshell/pmfiles/19.31.7.215/rop/A20251125.1045-1100_CS0EL.xml.gz ... OK
get /rop/A20251125.1100-1115_CS0EL.xml.gz /ericsson/log/amos/moshell_logfiles/t20251125_37258710_65084/logs_moshell/pmfiles/19.31.7.215/rop/A20251125.1100-1115_CS0EL.xml.gz ... OK

Using hardcoded thresholds: 3, 4.5, and 16.5
================================================================================================================================
SC     SE  Tx/Rx BrPair  RfPort1 - RfPort2               HW       Serial      Cell (State)   Samples   Med  Mean  SDev Pol Res Issue
================================================================================================================================
CS0EL1 180   2/2 0 (1,2) Radio-S180-1(A) Radio-S180-1(B) RRU4415  E55K590513  FDD=CS0EL1 (1)  714591   1.5   0.7   6.5  NA  OK Passed
CS0EL2 181   2/2 0 (1,2) Radio-S180-1(C) Radio-S180-1(D) RRU4415  E55K590513  FDD=CS0EL2 (1)  159380   1.5   1.0   7.7  NA  OK Passed
CS0EL3 182   2/2 0 (1,2) Radio-S182-1(A) Radio-S182-1(B) RRU4415  E55K590509  FDD=CS0EL3 (1)  700140  -0.5   0.2   5.1  NA  OK Passed
================================================================================================================================
Total: 3 SectorCarriers, 3 RfBranch Pairs (3 OK, 0 OKW, 0 NOK, 0 NT)
......
Last MO: 17387. Loaded 17387 MOs. Total: 17388 MOs.

No NRSectorCarrier MOs are defined on the node.

CS0EL> mfitr

251125-13:11:25+0100 19.31.7.215 25.0h MSRBS_NODE_MODEL_25.Q1_693.28324.131_62ac stopfile=/tmp/2452332
..........
Last MO: 17387. Loaded 17387 MOs. Total: 17388 MOs.
........
2025-11-25 13:12
================================================================================================================================
CELL       SC     FRU          BOARD     PUSCH  PUCCH       A      B      C      D  DELTA
================================================================================================================================
FDD=CS0EL1 CS0EL1 Radio-S180-1 RRU4415B7 -116.2 -117.9 -116.5 -116.6                  0.1
FDD=CS0EL2 CS0EL2 Radio-S180-1 RRU4415B7 -115.8 -118.1               -116.1 -116.7    0.6
FDD=CS0EL3 CS0EL3 Radio-S182-1 RRU4415B7 -118.5 -118.6 -118.9 -118.5                  0.4
================================================================================================================================
Bye...
Output has been logged to file /mta_fs/UserFiles/37258710/amosbatch/SDIR/CS0EL.log
