Logging to file /mta_fs/UserFiles/37258710/amosbatch/sdir/CS0FE.log
                        __  __  ____   _____
                  /\   |  \/  |/ __ \ / ____|
                 /  \  | \  / | |  | | (___  
                / /\ \ | |\/| | |  | |\___ \ 
               / ____ \| |  | | |__| |____) |
              /_/    \_\_|  |_|\____/|_____/
              OSS Framework for MoShell-25.0h 
  Copyright (c) Ericsson AB 2001-2025 - All Rights Reserved
              
           
[1;31mWARNING: [0mthe AMOS version currently running is more than 26 weeks old and is unsupported.
Please upgrade as soon as possible to the latest released version, available from your local Ericsson support.

$amosrb_pid = 2149692

Checking ip contact...OK

HELP MENU            : h
BASIC MO COMMANDS    : m
OTHER MO COMMANDS    : n
OTHER COMMANDS       : o
PM COMMANDS          : p
QUIT                 : q

CS0FE> lt all

251031-09:17:21+0100 19.31.5.204 25.0h  stopfile=/tmp/2149476
Looking up temporary_amos account... OK.
Trying temporary_amos_t20251031_37258710_51707_304's password from amos lookupAccount ... OK

$ssh_pid = 2150302

Connected to 19.31.5.204 (SubNetwork=BBMM_rckomc_R,MeContext=CS0FE,ManagedElement=CS0FE)

Fetching 196 MOM fragments via HTTPS
....................................................................................................................................................................................................
Checking MOM version...MSRBS_NODE_MODEL_25.Q1_198665.224.73_bf81
Parsing MOM: /home/shared/t20251031_37258710_51707/moshell/jarxml/MSRBS_NODE_MODEL_25.Q1_198665.224.73_bf81.xml.gz ........................................................................................................................................................................................................................................................Done.
Caching MOM to: /home/shared/t20251031_37258710_51707/moshell/jarxml/MSRBS_NODE_MODEL_25.Q1_198665.224.73_bf81.xml.cache .....Done.
Compressing to: /home/shared/t20251031_37258710_51707/moshell/jarxml/MSRBS_NODE_MODEL_25.Q1_198665.224.73_bf81.xml.cache.gz ...Done.
Using paramfile /opt/ericsson/amos/moshell/commonjars/pm/PARAM_MSRBSG2_25.Q1.txt
Parsing file /opt/ericsson/amos/moshell/commonjars/pm/PARAM_MSRBSG2_25.Q1.txt ......................................................................................Done.
Using imomdfile /opt/ericsson/amos/moshell/commonjars/pm/IMOMD_MSRBS_22.Q4.txt
Using imomfile /opt/ericsson/amos/moshell/commonjars/pm/IMOM_MSRBS_25.Q1.txt
Connected to 19.31.5.204 (SubNetwork=BBMM_rckomc_R,MeContext=CS0FE,ManagedElement=CS0FE)

Last MO: 20332. Loaded 20332 MOs. Total: 20333 MOs.

CS0FE> st cell

251031-09:18:50+0100 19.31.5.204 25.0h MSRBS_NODE_MODEL_25.Q1_198665.224.73_bf81 stopfile=/tmp/2149476
===================================================================================
Proxy  Adm State     Op. State     MO
===================================================================================
   43  1 (UNLOCKED)  1 (ENABLED)   ENodeBFunction=1,EUtranCellFDD=CS0FE1
  249  1 (UNLOCKED)  1 (ENABLED)   ENodeBFunction=1,EUtranCellFDD=CS0FE2
  383  1 (UNLOCKED)  1 (ENABLED)   ENodeBFunction=1,EUtranCellFDD=CS0FE3
  551  1 (UNLOCKED)  1 (ENABLED)   ENodeBFunction=1,EUtranCellFDD=CS0FM1
  648  1 (UNLOCKED)  1 (ENABLED)   ENodeBFunction=1,EUtranCellFDD=CS0FM2
  746  1 (UNLOCKED)  1 (ENABLED)   ENodeBFunction=1,EUtranCellFDD=CS0FM3
  855  1 (UNLOCKED)  1 (ENABLED)   ENodeBFunction=1,EUtranCellFDD=CS0FT1
  965  1 (UNLOCKED)  1 (ENABLED)   ENodeBFunction=1,EUtranCellFDD=CS0FT2
 1064  1 (UNLOCKED)  1 (ENABLED)   ENodeBFunction=1,EUtranCellFDD=CS0FT3
 1832  1 (UNLOCKED)  1 (ENABLED)   ENodeBFunction=1,NbIotCell=CS0FN1
 1833  1 (UNLOCKED)  1 (ENABLED)   ENodeBFunction=1,NbIotCell=CS0FN2
 1834  1 (UNLOCKED)  1 (ENABLED)   ENodeBFunction=1,NbIotCell=CS0FN3
 3481  1 (UNLOCKED)  1 (ENABLED)   GNBDUFunction=1,NRCellDU=CS0FG1
 3483  1 (UNLOCKED)  1 (ENABLED)   GNBDUFunction=1,NRCellDU=CS0FG2
 3485  1 (UNLOCKED)  1 (ENABLED)   GNBDUFunction=1,NRCellDU=CS0FG3
===================================================================================
Total: 15 MOs

INFO: NRCellDU status needs to be printed with command "stz" or "hget ,nrcell state" due to dependency to cellState/serviceState attributes.

CS0FE> st radio

251031-09:18:50+0100 19.31.5.204 25.0h MSRBS_NODE_MODEL_25.Q1_198665.224.73_bf81 stopfile=/tmp/2149476
===================================================================================
Proxy  Adm State     Op. State     MO
===================================================================================
 2781  1 (UNLOCKED)  1 (ENABLED)   Equipment=1,FieldReplaceableUnit=Radio-S100-1
 2804  1 (UNLOCKED)  1 (ENABLED)   Equipment=1,FieldReplaceableUnit=Radio-S102-1
 2827  1 (UNLOCKED)  1 (ENABLED)   Equipment=1,FieldReplaceableUnit=Radio-S220-1
 2854  1 (UNLOCKED)  1 (ENABLED)   Equipment=1,FieldReplaceableUnit=Radio-S221-1
 2881  1 (UNLOCKED)  1 (ENABLED)   Equipment=1,FieldReplaceableUnit=Radio-S222-1
20324  1 (UNLOCKED)  1 (ENABLED)   Transport=1,Synchronization=1,RadioEquipmentClock=1,RadioEquipmentClockReference=NTP1
20325  1 (UNLOCKED)  1 (ENABLED)   Transport=1,Synchronization=1,RadioEquipmentClock=1,RadioEquipmentClockReference=PTP8275_2
===================================================================================
Total: 7 MOs

CS0FE> sdir

251031-09:18:51+0100 19.31.5.204 25.0h MSRBS_NODE_MODEL_25.Q1_198665.224.73_bf81 stopfile=/tmp/2149476
INFO: Using amos lookupAccount credentials for the export login
....
Getting MO data from node (7698 MOs). Please wait...
0%                                             ~50%                                           ~100%
..................................................................................................................
.................
get /rop/A20251031.0730-0745_CS0FE.xml.gz /ericsson/log/amos/moshell_logfiles/t20251031_37258710_51707/logs_moshell/pmfiles/19.31.5.204/rop/A20251031.0730-0745_CS0FE.xml.gz ... OK
get /rop/A20251031.0745-0800_CS0FE.xml.gz /ericsson/log/amos/moshell_logfiles/t20251031_37258710_51707/logs_moshell/pmfiles/19.31.5.204/rop/A20251031.0745-0800_CS0FE.xml.gz ... OK
get /rop/A20251031.0800-0815_CS0FE.xml.gz /ericsson/log/amos/moshell_logfiles/t20251031_37258710_51707/logs_moshell/pmfiles/19.31.5.204/rop/A20251031.0800-0815_CS0FE.xml.gz ... OK
....Checking available boards on node...

Collecting RCS board data ...
.....................................................................................
.............................
...............................................................................................................................................................................................................................................................................................................................
...
Collecting TN data...
.....................................................................................................................
Getting MO data from node (99 MOs). Please wait...
0%                                             ~50%                                           ~100%
....................................................................................................................................
Collecting RF data...
.....
Collecting Alarms...
Executing action Log.export()
...
Log=AlarmLog                    actionId=8606
............
Executing action LogM.exportAvailabilityLog()
..LogM=1,exportAvailabilityLog    actionId=8607
........Parsing alarmLog.......Done.
Parsing availabilityLog......Done.
.......

Total: 5 CPRI links (4 OK, 1 OKW, 0 NOK, 0 NT)
.
+--------+                      +----------------------------+
|        | A        O101     D1 |        Radio-S220-1        |
|        |-----------1----------| RRU247924B824B2024B28BM01* |
|        |         OK-79m       |           BXP_3            |
|        |                      +----------------------------+
|        |                                     |A  |B  |C  |D
|        |                          SE=220* AG=220 FDD=CS0FE1
|        |                             NIOT=CS0FN1 NRC=CS0FG1
|        |
|        |                      +----------------------------+
|        | B        O101     D1 |        Radio-S221-1        |
|        |-----------2----------| RRU247924B824B2024B28BM01* |
|        |         OK-79m       |           BXP_4            |
|        |                      +----------------------------+
|        |                                     |A  |B  |C  |D
|        |                          SE=221* AG=221 FDD=CS0FE2
|        |                             NIOT=CS0FN2 NRC=CS0FG2
|        |
|        |                      +----------------------------+
|        | C        O101     D1 |        Radio-S222-1        |
|        |-----------3----------| RRU247924B824B2024B28BM01* |
|        |         OK-79m       |           BXP_5            |
|        |                      +----------------------------+
|  BB-1  |                                     |A  |B  |C  |D
| BB6630 |                          SE=222* AG=222 FDD=CS0FE3
| 000100 |                             NIOT=CS0FN3 NRC=CS0FG3
|        |
|        |                      +------------------+
|        | D        O101     D2 |   Radio-S100-1   |
|        |-----------4----------| RRU449944B144B3C |
|        |         OK-15m       |      BXP_2       |
|        |                      +------------------+
|        |                           |A  |B  |C  |D
|        |                    SE=100 AG=100  |   |
|        |            FDD=CS0FM1 FDD=CS0FT1  |   |
|        |                            SE=101 AG=101
|        |                    FDD=CS0FM2 FDD=CS0FT2
|        |
|        |                      +------------------+
|        | E        O101     D2 |   Radio-S102-1   |
|        |-----------5----------| RRU449944B144B3C |
|        |        OKW-18m       |      BXP_6       |
|        |                      +------------------+
|        |                           |A  |B  |C  |D
|        |                    SE=102 AG=102  |   |
|        |            FDD=CS0FM3 FDD=CS0FT3  |   |
|        |
+--------+

=====================================================================================================================================
ID RiL    Type Res MO1-MO2                  BOARD1-BOARD2                     AlmIDs Cells (States)                                        Issue (Failed checks)
=====================================================================================================================================
 1 S220-1 O101 OK  BB-1(A) Radio-S220-1(D1) BB6630 RRU247924B824B2024B28BM01*        FDD=CS0FE1 NIOT=CS0FN1 NRC=CS0FG1 (1,1,1)             Passed
 2 S221-1 O101 OK  BB-1(B) Radio-S221-1(D1) BB6630 RRU247924B824B2024B28BM01*        FDD=CS0FE2 NIOT=CS0FN2 NRC=CS0FG2 (1,1,1)             Passed
 3 S222-1 O101 OK  BB-1(C) Radio-S222-1(D1) BB6630 RRU247924B824B2024B28BM01*        FDD=CS0FE3 NIOT=CS0FN3 NRC=CS0FG3 (1,1,1)             Passed
 4 S100-1 O101 OK  BB-1(D) Radio-S100-1(D2) BB6630 RRU449944B144B3C                  FDD=CS0FM1 FDD=CS0FM2 FDD=CS0FT1 FDD=CS0FT2 (1,1,1,1) Passed
 5 S102-1 O101 OKW BB-1(E) Radio-S102-1(D2) BB6630 RRU449944B144B3C           1      FDD=CS0FM3 FDD=CS0FT3 (D,1)                           Conditionally Passed (Non-CPRI active alarm)
-------------------------------------------------------------------------------------------------------------------------------------

=====================================================================================================================================
AlmID IDs RiLs   Status Alarm
=====================================================================================================================================
1     5   S102-1 A      HW Partial Fault - FieldReplaceableUnit=Radio-S102-1 (Not functional carrier HW resources [ DL/B (BandI) ] ,UI:[{"PN":"Radio 4499 44B1 44B3 C","SN":"TU8U01NSU2","PNR":"KRC 161 787/1","PR":"R2G"}] P:144->286)
-------------------------------------------------------------------------------------------------------------------------------------

Node: RadioNode LN   CXP9024418/16_R8D21 (RCG123.3-3)   G2   LTE-FDD,LTE-IoT NR-LB-FDD-NSA

=====================================================================================================================================
FRU          ;LNH    ;BOARD                      ;ST ;FAULT ;OPER ;MAINT ;STAT ;PRODUCTNUMBER   ;REV     ;SERIAL        ;DATE     ;PMTEMP ; TEMP ; UPT ;VOLT ;SW                   ;
=====================================================================================================================================
BB-1         ;000100 ;BB6630                     ; 1 ;  OFF ;  ON ;  OFF ;  ON ;KDU137848/11    ;R3E     ;E96A00SBA8    ;20220706 ;3 (OK) ;      ; 108 ;48   ;                     ;
Radio-S100-1 ;BXP_2  ;RRU449944B144B3C           ; 1 ;  OFF ;  ON ;  OFF ; N/A ;KRC161787/1     ;R2G     ;TU8U01QVZ9    ;20220912 ;4 (OK) ; 41.5 ;59.9 ;55.3 ;CXP9013268%15_R101KB ; (Radio449944B144B3C)
Radio-S102-1 ;BXP_6  ;RRU449944B144B3C           ; D ;   ON ;  ON ;  OFF ; N/A ;KRC161787/1     ;R2G     ;TU8U01NSU2    ;20220805 ;4 (OK) ; 35.7 ;59.9 ;55.4 ;CXP9013268%15_R101KB ; (Radio449944B144B3C)
Radio-S220-1 ;BXP_3  ;RRU247924B824B2024B28BM01* ; 1 ;  OFF ;  ON ;  OFF ; N/A ;KRC161832/1     ;R2G     ;TU8U02CRQ8    ;20240125 ;4 (OK) ; 35.7 ;59.9 ;54.5 ;CXP9013268%15_R101KB ; (Radio247924B824B2024B28BM01)
Radio-S221-1 ;BXP_4  ;RRU247924B824B2024B28BM01* ; 1 ;  OFF ;  ON ;  OFF ; N/A ;KRC161832/1     ;R2G     ;TU8U02CRQP    ;20240125 ;4 (OK) ; 36.7 ;59.9 ;54.9 ;CXP9013268%15_R101KB ; (Radio247924B824B2024B28BM01)
Radio-S222-1 ;BXP_5  ;RRU247924B824B2024B28BM01* ; 1 ;  OFF ;  ON ;  OFF ; N/A ;KRC161832/1     ;R2G     ;TU8U02CRPQ    ;20240125 ;4 (OK) ; 35.0 ;59.9 ;53.7 ;CXP9013268%15_R101KB ; (Radio247924B824B2024B28BM01)
-------------------------------------------------------------------------------------------------------------------------------------

=====================================================================================================================================
AntennaNearUnit                                     ;ST  ;TYPE   ;PRODUCTNR  ;REV       ;UNIQUEID           ;RfPort
=====================================================================================================================================
AntennaUnitGroup=100,AntennaNearUnit=DTMA_1800      ; 1  ;TMA    ;MI-15832   ;A         ;MDAS190700916_1.8  ;FieldReplaceableUnit=Radio-S100-1,RfPort=R
AntennaUnitGroup=100,AntennaNearUnit=DTMA_2100      ; 1  ;TMA    ;MI-15832   ;A         ;MDAS190700916_2.1  ;FieldReplaceableUnit=Radio-S100-1,RfPort=R
AntennaUnitGroup=101,AntennaNearUnit=DTMA_1800      ; 1  ;TMA    ;MI-15832   ;A         ;MDAS190801374_1.8  ;FieldReplaceableUnit=Radio-S100-1,RfPort=R
AntennaUnitGroup=101,AntennaNearUnit=DTMA_2100      ; 1  ;TMA    ;MI-15832   ;A         ;MDAS190801374_2.1  ;FieldReplaceableUnit=Radio-S100-1,RfPort=R
AntennaUnitGroup=102,AntennaNearUnit=DTMA_1800      ; 1  ;TMA    ;MI-15832   ;A         ;MDAS190900861_1.8  ;FieldReplaceableUnit=Radio-S102-1,RfPort=R
AntennaUnitGroup=102,AntennaNearUnit=DTMA_2100      ; 1  ;TMA    ;MI-15832   ;A         ;MDAS190900861_2.1  ;FieldReplaceableUnit=Radio-S102-1,RfPort=R
AntennaUnitGroup=220,AntennaNearUnit=RET_1800_2100  ; 1  ;S-RET  ;86010165   ;HW_V_A01  ;KAD241151657-B1    ;FieldReplaceableUnit=Radio-S220-1,RfPort=R
AntennaUnitGroup=220,AntennaNearUnit=RET_700        ; 1  ;S-RET  ;86010165   ;HW_V_A01  ;KAD241151657-R2    ;FieldReplaceableUnit=Radio-S220-1,RfPort=R
AntennaUnitGroup=220,AntennaNearUnit=RET_800_900    ; 1  ;S-RET  ;86010165   ;HW_V_A01  ;KAD241151657-R1    ;FieldReplaceableUnit=Radio-S220-1,RfPort=R
AntennaUnitGroup=221,AntennaNearUnit=RET_1800_2100  ; 1  ;S-RET  ;86010165   ;HW_V_A01  ;KAD241056638-B1    ;FieldReplaceableUnit=Radio-S221-1,RfPort=R
AntennaUnitGroup=221,AntennaNearUnit=RET_700        ; 1  ;S-RET  ;86010165   ;HW_V_A01  ;KAD241056638-R2    ;FieldReplaceableUnit=Radio-S221-1,RfPort=R
AntennaUnitGroup=221,AntennaNearUnit=RET_800_900    ; 1  ;S-RET  ;86010165   ;HW_V_A01  ;KAD241056638-R1    ;FieldReplaceableUnit=Radio-S221-1,RfPort=R
AntennaUnitGroup=222,AntennaNearUnit=RET_1800_2100  ; 1  ;S-RET  ;86010165   ;HW_V_A01  ;KAD241056738-B1    ;FieldReplaceableUnit=Radio-S222-1,RfPort=R
AntennaUnitGroup=222,AntennaNearUnit=RET_700        ; 1  ;S-RET  ;86010165   ;HW_V_A01  ;KAD241056738-R2    ;FieldReplaceableUnit=Radio-S222-1,RfPort=R
AntennaUnitGroup=222,AntennaNearUnit=RET_800_900    ; 1  ;S-RET  ;86010165   ;HW_V_A01  ;KAD241056738-R1    ;FieldReplaceableUnit=Radio-S222-1,RfPort=R
-------------------------------------------------------------------------------------------------------------------------------------

=====================================================================================================================================
XPBOARD  ;ST ;FAULT ;OPER ;PRODUCTNUMBER ;REV ;SERIAL/NAME ;DATE     ; TEMP ;MO
=====================================================================================================================================
FAN      ; 1 ;N/A   ;N/A  ;BKV106217/1   ;N/A ;N/A         ;N/A      ;      ;SupportUnit=1 (FAN  BB-1)
-------------------------------------------------------------------------------------------------------------------------------------

=====================================================================================================================================
ID ;T ;RiL    ;BPBP ;BOARD1                     ;LNH1 ;PORT ;R ;LINK ;RATE  ; BER ;BOARD2                     ;LNH2 ;PORT ;R ;LINK ;RATE  ; BER ;LENGTH ;MO1 - MO2
=====================================================================================================================================
 1 ;O ;S220-1 ;1111 ;BB6630                     ;000100 ; 1 ;M ;Up   ;10.1G ;   0 ;RRU247924B824B2024B28BM01* ;BXP_3  ; 0 ;S ;Up   ;10.1G ;   0 ;   79m ;Fru=BB-1(A) Fru=Radio-S220-1(D1)
 2 ;O ;S221-1 ;1111 ;BB6630                     ;000100 ; 2 ;M ;Up   ;10.1G ;   0 ;RRU247924B824B2024B28BM01* ;BXP_4  ; 0 ;S ;Up   ;10.1G ;   0 ;   79m ;Fru=BB-1(B) Fru=Radio-S221-1(D1)
 3 ;O ;S222-1 ;1111 ;BB6630                     ;000100 ; 3 ;M ;Up   ;10.1G ;   0 ;RRU247924B824B2024B28BM01* ;BXP_5  ; 0 ;S ;Up   ;10.1G ;   0 ;   79m ;Fru=BB-1(C) Fru=Radio-S222-1(D1)
 4 ;O ;S100-1 ;1111 ;BB6630                     ;000100 ; 4 ;M ;Up   ;10.1G ;   0 ;RRU449944B144B3C           ;BXP_2  ; 1 ;S ;Up   ;10.1G ;   0 ;   15m ;Fru=BB-1(D) Fru=Radio-S100-1(D2)
 5 ;O ;S102-1 ;11D1 ;BB6630                     ;000100 ; 5 ;M ;Up   ;10.1G ;   0 ;RRU449944B144B3C           ;BXP_6  ; 1 ;S ;Up   ;10.1G ;   0 ;   18m ;Fru=BB-1(E) Fru=Radio-S102-1(D2)
-------------------------------------------------------------------------------------------------------------------------------------

=====================================================================================================================================
ID ;LINK ;RiL    ;VENDOR1  ;VENDORPROD1     ;REV1 ;SERIAL1    ;DATE1    ;ERICSSONPROD1  ;VENDOR2  ;VENDORPROD2     ;REV2 ;SERIAL2    ;DATE2    ;ERICSSONPROD2  ;TT ;WL1     ;WL2    
=====================================================================================================================================
 1 ;Up   ;S220-1 ;ERICSSON ;SPP10ELRIDFSEN  ;10   ;CT72832564 ;20220720 ;RDH10265/2 R1A ;ERICSSON ;EOLP-1396-02-IY ;1.0  ;DZ8PB00S8L ;20231110 ;RDH10265/2 R1A ;0  ;1310.00 ;1310.00
 2 ;Up   ;S221-1 ;ERICSSON ;SPP10ELRIDFSEN  ;10   ;CT72835720 ;20220721 ;RDH10265/2 R1A ;ERICSSON ;EOLP-1396-02-IY ;1.0  ;DZ8PB00S8B ;20231110 ;RDH10265/2 R1A ;0  ;1310.00 ;1310.00
 3 ;Up   ;S222-1 ;ERICSSON ;SPP10ELRIDFSEN  ;10   ;CT72803585 ;20220713 ;RDH10265/2 R1A ;ERICSSON ;EOLP-1396-02-IY ;1.0  ;DZ8PB00SAN ;20231110 ;RDH10265/2 R1A ;0  ;1310.00 ;1310.00
 4 ;Up   ;S100-1 ;ERICSSON ;SPP10ELRIDFSEN  ;10   ;CT72835502 ;20220721 ;RDH10265/2 R1A ;ERICSSON ;SPP10ELRIDFSEN  ;10   ;CT72830645 ;20220720 ;RDH10265/2 R1A ;0  ;1310.00 ;1310.00
 5 ;Up   ;S102-1 ;ERICSSON ;SPP10ELRIDFSEN  ;10   ;CT72837931 ;20220721 ;RDH10265/2 R1A ;ERICSSON ;SPP10ELRIDFSEN  ;10   ;CT72780476 ;20220705 ;RDH10265/2 R1A ;0  ;1310.00 ;1310.00
-------------------------------------------------------------------------------------------------------------------------------------

=====================================================================================================================================
ID ;LINK ;RiL    ;WL1     ;TEMP1 ;TXbs1 ;TXdBm1 ;RXdBm1 ;BER1   ;WL2     ;TEMP2 ;TXbs2 ;TXdBm2 ;RXdBm2 ;BER2   ;DlLoss ;UlLoss ;LENGTH ;TT
=====================================================================================================================================
 1 ;Up   ;S220-1 ;1310.00 ;38C   ;39%   ;-2.08  ;-2.36  ;   0   ;1310.00 ;32C   ;40%   ;-2.62  ;-2.67  ;   0   ;  0.59 ; -0.26 ;   79m ; 0
 2 ;Up   ;S221-1 ;1310.00 ;46C   ;48%   ;-2.15  ;-3.05  ;   0   ;1310.00 ;36C   ;39%   ;-3.02  ;-2.22  ;   0   ;  0.07 ;  0.03 ;   79m ; 0
 3 ;Up   ;S222-1 ;1310.00 ;48C   ;45%   ;-2.20  ;-2.49  ;   0   ;1310.00 ;34C   ;40%   ;-3.65  ;-2.67  ;   0   ;  0.47 ; -1.16 ;   79m ; 0
 4 ;Up   ;S100-1 ;1310.00 ;48C   ;36%   ;-1.99  ;-2.29  ;   0   ;1310.00 ;45C   ;42%   ;-2.15  ;-4.09  ;   0   ;   2.1 ;  0.14 ;   15m ; 0
 5 ;Up   ;S102-1 ;1310.00 ;45C   ;39%   ;-1.99  ;-2.57  ;   0   ;1310.00 ;35C   ;34%   ;-2.10  ;-1.96  ;   0   ; -0.03 ;  0.47 ;   18m ; 0
-------------------------------------------------------------------------------------------------------------------------------------

=====================================================================================================================================
ID ;RiL    ;BOARD                      ;SFPLNH  ;PORT ;VENDOR   ;VENDORPROD      ;REV  ;SERIAL     ;DATE     ;ERICSSONPROD   ;WL      ;TEMP  ;TXbs  ;TXdBm  ;RXdBm  ; BER
=====================================================================================================================================
 1 ;S220-1 ;BB6630                     ;000100   ;  1 ;ERICSSON ;SPP10ELRIDFSEN  ;10   ;CT72832564 ;20220720 ;RDH10265/2 R1A ;1310.00 ;38C   ;39%   ;-2.08  ;-2.36  ;   0
 2 ;S221-1 ;BB6630                     ;000100   ;  2 ;ERICSSON ;SPP10ELRIDFSEN  ;10   ;CT72835720 ;20220721 ;RDH10265/2 R1A ;1310.00 ;46C   ;48%   ;-2.15  ;-3.05  ;   0
 3 ;S222-1 ;BB6630                     ;000100   ;  3 ;ERICSSON ;SPP10ELRIDFSEN  ;10   ;CT72803585 ;20220713 ;RDH10265/2 R1A ;1310.00 ;48C   ;45%   ;-2.20  ;-2.49  ;   0
 4 ;S100-1 ;BB6630                     ;000100   ;  4 ;ERICSSON ;SPP10ELRIDFSEN  ;10   ;CT72835502 ;20220721 ;RDH10265/2 R1A ;1310.00 ;48C   ;36%   ;-1.99  ;-2.29  ;   0
 5 ;S102-1 ;BB6630                     ;000100   ;  5 ;ERICSSON ;SPP10ELRIDFSEN  ;10   ;CT72837931 ;20220721 ;RDH10265/2 R1A ;1310.00 ;45C   ;39%   ;-1.99  ;-2.57  ;   0
 4 ;S100-1 ;RRU449944B144B3C           ;BXP_2    ;  1 ;ERICSSON ;SPP10ELRIDFSEN  ;10   ;CT72830645 ;20220720 ;RDH10265/2 R1A ;1310.00 ;45C   ;42%   ;-2.15  ;-4.09  ;   0
 1 ;S220-1 ;RRU247924B824B2024B28BM01* ;BXP_3    ;  0 ;ERICSSON ;EOLP-1396-02-IY ;1.0  ;DZ8PB00S8L ;20231110 ;RDH10265/2 R1A ;1310.00 ;32C   ;40%   ;-2.62  ;-2.67  ;   0
 2 ;S221-1 ;RRU247924B824B2024B28BM01* ;BXP_4    ;  0 ;ERICSSON ;EOLP-1396-02-IY ;1.0  ;DZ8PB00S8B ;20231110 ;RDH10265/2 R1A ;1310.00 ;36C   ;39%   ;-3.02  ;-2.22  ;   0
 3 ;S222-1 ;RRU247924B824B2024B28BM01* ;BXP_5    ;  0 ;ERICSSON ;EOLP-1396-02-IY ;1.0  ;DZ8PB00SAN ;20231110 ;RDH10265/2 R1A ;1310.00 ;34C   ;40%   ;-3.65  ;-2.67  ;   0
 5 ;S102-1 ;RRU449944B144B3C           ;BXP_6    ;  1 ;ERICSSON ;SPP10ELRIDFSEN  ;10   ;CT72780476 ;20220705 ;RDH10265/2 R1A ;1310.00 ;35C   ;34%   ;-2.10  ;-1.96  ;   0
-------------------------------------------------------------------------------------------------------------------------------------
TN ;       ;BB6630                     ;000100   ;  A ;ERICSSON ;EOLP-1396-02-IY ;1.0  ;PMA8215029 ;20211119 ;RDH10265/2 R1A ;0       ;38C   ;40%   ;-2.06  ;-5.02  ; 0/0
TN ;       ;BB6630                     ;000100   ;  B ;ERICSSON ;SPP10ELRIDFSEN  ;10   ;CT72831864 ;20220720 ;RDH10265/2 R1A ;0       ;44C   ;45%   ;-2.24  ;-2.55  ; 0/0
-------------------------------------------------------------------------------------------------------------------------------------

=====================================================================================================================================
BOARD  ;LNH    ;PORT ;T ;S ;OpMode         ;AutoNeg ;MacAddress        ;VlanIds        ;LOS ;BER
=====================================================================================================================================
BB6630 ;000100 ;TN_A ;O ;1 ;1G_FULL        ;true    ;F8:97:A9:0E:F2:96 ;3901,3908,3910 ;0   ;0/0
BB6630 ;000100 ;TN_B ;O ;1 ;10G_FULL       ;false   ;F8:97:A9:0E:F2:97 ;3901,3908,3910 ;0   ;0/0
BB6630 ;000100 ;TN_C ;E ;1 ;1G_FULL_MASTER ;true    ;F8:97:A9:0E:F2:98 ;3910           ;0   ;0/0
-------------------------------------------------------------------------------------------------------------------------------------

radioClockState : RNT_TIME_LOCKED
-------------------------------------------------------------------------------------
Prio  ;ST  ;syncRefType    ;refStatus  ;opQualLevel  ;SyncReference
-------------------------------------------------------------------------------------
  *1  ; 1  ;PTP_TIME       ;NO_FAULT   ;PRTC         ;Ptp=1,BoundaryOrdinaryClock=1 (G_8275_2 Router=45G_Traffic,InterfaceIPv4=LTE,AddressIPv4=LTE:SLAVE)
   2  ; 1  ;NTP_FREQUENCY  ;NO_FAULT   ;PRC          ;Ntp=1,NtpFrequencySync=NTP1 (10.31.0.54:32751 Router=45G_Traffic,InterfaceIPv4=LTE,AddressIPv4=LTE)
-------------------------------------------------------------------------------------
nodeGroupRole   : SYNC_PROVIDER (syncNodePriority=1, selectionMode=NODE_PRIORITY)
-------------------------------------------------------------------------------------
DU  ;Port  ;sharedUnitRef (RiPortA - RiPortB)  ;remoteNodePriority  ;CandidateStatus
-------------------------------------------------------------------------------------
1   ;C     ;Fru=Radio-S222-1 (1 - 2)           ;3                   ;OK_NOT_ACTIVE
1   ;A     ;Fru=Radio-S220-1 (1 - 2)           ;3                   ;OK_NOT_ACTIVE
1   ;B     ;Fru=Radio-S221-1 (1 - 2)           ;3                   ;OK_NOT_ACTIVE
-------------------------------------------------------------------------------------

=====================================================================================================================================
FRU          ;LNH    ;BOARD                      ;RF  ;BP  ;TX (W/dBm)  ;VSWR (RL)   ;RX (dBm) ;UEs/gUEs  ;Sector/AntennaGroup/Cells (State:CellIds:PCIs)
=====================================================================================================================================
Radio-S100-1 ;BXP_2  ;RRU449944B144B3C           ; A  ;11  ;39.5 (46.0) ;1.10 (26.8) ;-95.6    ;9/-       ;SE=100 AG=100 FDD=CS0FM1 FDD=CS0FT1 (1:31:474, 1:41:131)
Radio-S100-1 ;BXP_2  ;RRU449944B144B3C           ; B  ;11  ;-           ;1.17 (21.9) ;-95.6    ;9/-       ;SE=100 AG=100 FDD=CS0FM1 FDD=CS0FT1 (1:31:474, 1:41:131)
Radio-S100-1 ;BXP_2  ;RRU449944B144B3C           ; C  ;11  ;32.1 (45.1) ;1.09 (27.3) ;-93.1    ;27/-      ;SE=101 AG=101 FDD=CS0FM2 FDD=CS0FT2 (1:32:156, 1:42:345)
Radio-S100-1 ;BXP_2  ;RRU449944B144B3C           ; D  ;11  ;-           ;1.17 (21.9) ;-93.3    ;27/-      ;SE=101 AG=101 FDD=CS0FM2 FDD=CS0FT2 (1:32:156, 1:42:345)
Radio-S102-1 ;BXP_6  ;RRU449944B144B3C           ; A  ;D1  ;16.5 (42.2) ;1.17 (22.2) ;-91.3    ;31/-      ;SE=102 AG=102 FDD=CS0FM3 FDD=CS0FT3 (D:33:364, 1:43:346)
Radio-S102-1 ;BXP_6  ;RRU449944B144B3C           ; B  ;D1  ;11.2 (40.5) ;1.09 (27.1) ;-90.3    ;31/-      ;SE=102 AG=102 FDD=CS0FM3 FDD=CS0FT3 (D:33:364, 1:43:346)
Radio-S102-1 ;BXP_6  ;RRU449944B144B3C           ; C  ;D1  ;-           ;-           ;         ;          ;
Radio-S102-1 ;BXP_6  ;RRU449944B144B3C           ; D  ;D1  ;-           ;-           ;         ;          ;
Radio-S220-1 ;BXP_3  ;RRU247924B824B2024B28BM01* ; A  ;11  ;12.9 (41.1) ;1.20 (20.7) ;-94.1    ;3/4       ;SE=220* AG=220 FDD=CS0FE1 NIOT=CS0FN1 NRC=CS0FG1 (1:61:474, 1:161:474, 1:561:18)
Radio-S220-1 ;BXP_3  ;RRU247924B824B2024B28BM01* ; B  ;11  ;23.9 (43.8) ;1.30 (17.8) ;-93.8    ;3/4       ;SE=220* AG=220 FDD=CS0FE1 NIOT=CS0FN1 NRC=CS0FG1 (1:61:474, 1:161:474, 1:561:18)
Radio-S220-1 ;BXP_3  ;RRU247924B824B2024B28BM01* ; C  ;11  ;13.2 (41.2) ;1.28 (18.2) ;-94.1    ;3/4       ;SE=220* AG=220 FDD=CS0FE1 NIOT=CS0FN1 NRC=CS0FG1 (1:61:474, 1:161:474, 1:561:18)
Radio-S220-1 ;BXP_3  ;RRU247924B824B2024B28BM01* ; D  ;11  ;14.8 (41.7) ;1.15 (23.0) ;-92.3    ;3/4       ;SE=220* AG=220 FDD=CS0FE1 NIOT=CS0FN1 NRC=CS0FG1 (1:61:474, 1:161:474, 1:561:18)
Radio-S221-1 ;BXP_4  ;RRU247924B824B2024B28BM01* ; A  ;11  ;19.6 (42.9) ;1.25 (19.0) ;-93.5    ;7/5       ;SE=221* AG=221 FDD=CS0FE2 NIOT=CS0FN2 NRC=CS0FG2 (1:62:2, 1:162:2, 1:562:865)
Radio-S221-1 ;BXP_4  ;RRU247924B824B2024B28BM01* ; B  ;11  ;13.8 (41.4) ;1.14 (23.8) ;-88.3    ;7/5       ;SE=221* AG=221 FDD=CS0FE2 NIOT=CS0FN2 NRC=CS0FG2 (1:62:2, 1:162:2, 1:562:865)
Radio-S221-1 ;BXP_4  ;RRU247924B824B2024B28BM01* ; C  ;11  ;12.6 (41.0) ;1.19 (21.3) ;-92.7    ;7/5       ;SE=221* AG=221 FDD=CS0FE2 NIOT=CS0FN2 NRC=CS0FG2 (1:62:2, 1:162:2, 1:562:865)
Radio-S221-1 ;BXP_4  ;RRU247924B824B2024B28BM01* ; D  ;11  ;12.6 (41.0) ;1.12 (24.8) ;-87.7    ;7/5       ;SE=221* AG=221 FDD=CS0FE2 NIOT=CS0FN2 NRC=CS0FG2 (1:62:2, 1:162:2, 1:562:865)
Radio-S222-1 ;BXP_5  ;RRU247924B824B2024B28BM01* ; A  ;11  ;20.7 (43.2) ;1.22 (20.2) ;-90.9    ;6/34      ;SE=222* AG=222 FDD=CS0FE3 NIOT=CS0FN3 NRC=CS0FG3 (1:63:358, 1:163:358, 1:563:902)
Radio-S222-1 ;BXP_5  ;RRU247924B824B2024B28BM01* ; B  ;11  ;26.9 (44.3) ;1.10 (26.1) ;-91.4    ;6/34      ;SE=222* AG=222 FDD=CS0FE3 NIOT=CS0FN3 NRC=CS0FG3 (1:63:358, 1:163:358, 1:563:902)
Radio-S222-1 ;BXP_5  ;RRU247924B824B2024B28BM01* ; C  ;11  ;27.5 (44.4) ;1.20 (20.7) ;-91.1    ;6/34      ;SE=222* AG=222 FDD=CS0FE3 NIOT=CS0FN3 NRC=CS0FG3 (1:63:358, 1:163:358, 1:563:902)
Radio-S222-1 ;BXP_5  ;RRU247924B824B2024B28BM01* ; D  ;11  ;27.5 (44.4) ;1.07 (29.5) ;-92.0    ;6/34      ;SE=222* AG=222 FDD=CS0FE3 NIOT=CS0FN3 NRC=CS0FG3 (1:63:358, 1:163:358, 1:563:902)
-------------------------------------------------------------------------------------------------------------------------------------

CS0FE> mfar

251031-09:23:01+0100 19.31.5.204 25.0h MSRBS_NODE_MODEL_25.Q1_198665.224.73_bf81 stopfile=/tmp/2149476
.........
Last MO: 20329. Loaded 20329 MOs. Total: 20330 MOs.
..............................................
get /rop/A20251031.0645-0700_CS0FE.xml.gz /ericsson/log/amos/moshell_logfiles/t20251031_37258710_51707/logs_moshell/pmfiles/19.31.5.204/rop/A20251031.0645-0700_CS0FE.xml.gz ... OK
get /rop/A20251031.0700-0715_CS0FE.xml.gz /ericsson/log/amos/moshell_logfiles/t20251031_37258710_51707/logs_moshell/pmfiles/19.31.5.204/rop/A20251031.0700-0715_CS0FE.xml.gz ... OK
get /rop/A20251031.0715-0730_CS0FE.xml.gz /ericsson/log/amos/moshell_logfiles/t20251031_37258710_51707/logs_moshell/pmfiles/19.31.5.204/rop/A20251031.0715-0730_CS0FE.xml.gz ... OK

Using hardcoded thresholds: 3, 4.5, and 16.5
================================================================================================================================
SC     SE  Tx/Rx BrPair  RfPort1 - RfPort2               HW       Serial      Cell (State)   Samples   Med  Mean  SDev Pol Res Issue
================================================================================================================================
CS0FE1 220   2/4 0 (1,2) Radio-S220-1(A) Radio-S220-1(B) RRU2479  TU8U02CRQ8  FDD=CS0FE1 (1)   54346   2.5   2.4   7.2  NA  OK Passed
CS0FE1 220   2/4 1 (2,3) Radio-S220-1(B) Radio-S220-1(C) RRU2479  TU8U02CRQ8  FDD=CS0FE1 (1)   54346  -3.5  -3.6   7.6  NA OKW Possible RF Loss or PIM at Radio-S220-1(C)
CS0FE1 220   2/4 2 (3,4) Radio-S220-1(C) Radio-S220-1(D) RRU2479  TU8U02CRQ8  FDD=CS0FE1 (1)   54346   1.5   1.7   6.9  NA  OK Passed
CS0FE2 221   2/4 0 (1,2) Radio-S221-1(A) Radio-S221-1(B) RRU2479  TU8U02CRQP  FDD=CS0FE2 (1)   88171  -0.5  -0.6   6.9  NA  OK Passed
CS0FE2 221   2/4 1 (2,3) Radio-S221-1(B) Radio-S221-1(C) RRU2479  TU8U02CRQP  FDD=CS0FE2 (1)   88171  -2.5  -2.7   7.0  NA  OK Passed
CS0FE2 221   2/4 2 (3,4) Radio-S221-1(C) Radio-S221-1(D) RRU2479  TU8U02CRQP  FDD=CS0FE2 (1)   88171   0.5   0.3   6.5  NA  OK Passed
CS0FE3 222   2/4 0 (1,2) Radio-S222-1(A) Radio-S222-1(B) RRU2479  TU8U02CRPQ  FDD=CS0FE3 (1)  134477  -1.5  -1.3   6.9  NA  OK Passed
CS0FE3 222   2/4 1 (2,3) Radio-S222-1(B) Radio-S222-1(C) RRU2479  TU8U02CRPQ  FDD=CS0FE3 (1)  134477  -1.5  -1.3   7.1  NA  OK Passed
CS0FE3 222   2/4 2 (3,4) Radio-S222-1(C) Radio-S222-1(D) RRU2479  TU8U02CRPQ  FDD=CS0FE3 (1)  134477   0.5   0.2   6.8  NA  OK Passed
CS0FM1 100   2/2 0 (1,2) Radio-S100-1(A) Radio-S100-1(B) RRU4499  TU8U01QVZ9  FDD=CS0FM1 (1)   37995  -1.5  -1.7   6.2  NA  OK Passed
CS0FM2 101   2/2 0 (1,2) Radio-S100-1(C) Radio-S100-1(D) RRU4499  TU8U01QVZ9  FDD=CS0FM2 (1)   43617  -0.5  -0.7   6.2  NA  OK Passed
CS0FM3 102   2/2 0 (1,2) Radio-S102-1(A) Radio-S102-1(B) RRU4499  TU8U01NSU2  FDD=CS0FM3 (1)   16007  -0.5  -0.1   6.4  NA  OK Passed
CS0FT1 100   2/2 0 (1,2) Radio-S100-1(A) Radio-S100-1(B) RRU4499  TU8U01QVZ9  FDD=CS0FT1 (1)   25177  -0.5  -0.8   5.4  NA  OK Passed
CS0FT2 101   2/2 0 (1,2) Radio-S100-1(C) Radio-S100-1(D) RRU4499  TU8U01QVZ9  FDD=CS0FT2 (1)  141134   1.5   0.7   5.4  NA  OK Passed
CS0FT3 102   2/2 0 (1,2) Radio-S102-1(A) Radio-S102-1(B) RRU4499  TU8U01NSU2  FDD=CS0FT3 (1)  121547   0.5   1.1   6.9  NA  OK Passed
================================================================================================================================
Total: 9 SectorCarriers, 15 RfBranch Pairs (14 OK, 1 OKW, 0 NOK, 0 NT)
..........
Last MO: 20329. Loaded 20329 MOs. Total: 20330 MOs.
...................................

Using hardcoded thresholds: 3, 4.5, and 16.5
================================================================================================================================
SC     SE  Tx/Rx BrPair  RfPort1 - RfPort2               HW       Serial      Cell (State)  Samples   Med  Mean  SDev Pol Res Issue
================================================================================================================================
CS0FG1 220   2/4 0 (1,2) Radio-S220-1(A) Radio-S220-1(B) RRU2479  TU8U02CRQ8  DU=CS0FG1 (1)  165195   0.5   0.6   7.0  NA  OK Passed
CS0FG1 220   2/4 1 (2,3) Radio-S220-1(B) Radio-S220-1(C) RRU2479  TU8U02CRQ8  DU=CS0FG1 (1)  165193  -0.5  -0.3   7.6  NA  OK Passed
CS0FG1 220   2/4 2 (3,4) Radio-S220-1(C) Radio-S220-1(D) RRU2479  TU8U02CRQ8  DU=CS0FG1 (1)  165205   0.5   0.9   6.7  NA  OK Passed
CS0FG2 221   2/4 0 (1,2) Radio-S221-1(A) Radio-S221-1(B) RRU2479  TU8U02CRQP  DU=CS0FG2 (1)  617564   1.5   0.3   8.2  NA  OK Passed
CS0FG2 221   2/4 1 (2,3) Radio-S221-1(B) Radio-S221-1(C) RRU2479  TU8U02CRQP  DU=CS0FG2 (1)  617558  -1.5  -1.3   8.8  NA  OK Passed
CS0FG2 221   2/4 2 (3,4) Radio-S221-1(C) Radio-S221-1(D) RRU2479  TU8U02CRQP  DU=CS0FG2 (1)  617553   1.5   0.6   9.2  NA  OK Passed
CS0FG3 222   2/4 0 (1,2) Radio-S222-1(A) Radio-S222-1(B) RRU2479  TU8U02CRPQ  DU=CS0FG3 (1) 1610038   0.5   0.2   7.8  NA  OK Passed
CS0FG3 222   2/4 1 (2,3) Radio-S222-1(B) Radio-S222-1(C) RRU2479  TU8U02CRPQ  DU=CS0FG3 (1) 1609992  -0.5  -0.7   7.9  NA  OK Passed
CS0FG3 222   2/4 2 (3,4) Radio-S222-1(C) Radio-S222-1(D) RRU2479  TU8U02CRPQ  DU=CS0FG3 (1) 1609903   0.5   0.2   8.0  NA  OK Passed
================================================================================================================================
Total: 3 NRSectorCarriers, 9 RfBranch Pairs (9 OK, 0 OKW, 0 NOK, 0 NT)

CS0FE> mfitr

251031-09:23:32+0100 19.31.5.204 25.0h MSRBS_NODE_MODEL_25.Q1_198665.224.73_bf81 stopfile=/tmp/2149476
.................
Last MO: 20329. Loaded 20329 MOs. Total: 20330 MOs.
............
2025-10-31 09:24
================================================================================================================================
CELL       SC     FRU          BOARD                     PUSCH  PUCCH       A      B      C      D  DELTA
================================================================================================================================
FDD=CS0FE1 CS0FE1 Radio-S220-1 RRU247924B824B2024B28BM01 -112.4 -114.6 -114.1 -112.6 -114.2 -110.6    3.6
FDD=CS0FE2 CS0FE2 Radio-S221-1 RRU247924B824B2024B28BM01 -108.3 -114.8 -115.0 -106.5 -112.3 -105.5    9.5
FDD=CS0FE3 CS0FE3 Radio-S222-1 RRU247924B824B2024B28BM01 -113.0 -114.1 -115.7 -112.1 -113.5 -113.8    3.6
FDD=CS0FM1 CS0FM1 Radio-S100-1 RRU449944B144B3C          -119.3 -119.5 -118.9 -119.2                  0.3
FDD=CS0FM2 CS0FM2 Radio-S100-1 RRU449944B144B3C          -116.4 -118.3               -115.0 -116.2    1.2
FDD=CS0FM3 CS0FM3 Radio-S102-1 RRU449944B144B3C          -113.4 -116.2 -113.3 -113.3                    0
FDD=CS0FT1 CS0FT1 Radio-S100-1 RRU449944B144B3C          -118.0 -118.2 -117.7 -117.9                  0.2
FDD=CS0FT2 CS0FT2 Radio-S100-1 RRU449944B144B3C          -115.1 -116.8               -114.9 -115.2    0.3
FDD=CS0FT3 CS0FT3 Radio-S102-1 RRU449944B144B3C          -113.2 -116.1 -114.8 -114.6                  0.2
================================================================================================================================
Bye...
Output has been logged to file /mta_fs/UserFiles/37258710/amosbatch/sdir/CS0FE.log
