Logging to file /mta_fs/UserFiles/37258710/amosbatch/SDIR/CS1CT.log
                        __  __  ____   _____
                  /\   |  \/  |/ __ \ / ____|
                 /  \  | \  / | |  | | (___  
                / /\ \ | |\/| | |  | |\___ \ 
               / ____ \| |  | | |__| |____) |
              /_/    \_\_|  |_|\____/|_____/
              OSS Framework for MoShell-25.0h 
  Copyright (c) Ericsson AB 2001-2025 - All Rights Reserved
              
           
[1;31mWARNING: [0mthe AMOS version currently running is more than 29 weeks old and is unsupported.
Please upgrade as soon as possible to the latest released version, available from your local Ericsson support.

$amosrb_pid = 1383304

Checking ip contact...OK

HELP MENU            : h
BASIC MO COMMANDS    : m
OTHER MO COMMANDS    : n
OTHER COMMANDS       : o
PM COMMANDS          : p
QUIT                 : q

CS1CT> lt all

251125-08:37:31+0100 19.31.3.167 25.0h  stopfile=/tmp/1382107
Looking up temporary_amos account... OK.
Trying temporary_amos_t20251125_37258710_65084_131's password from amos lookupAccount ... OK

$ssh_pid = 1388968

Connected to 19.31.3.167 (SubNetwork=BBMM_rckomc_R,MeContext=CS1CT,ManagedElement=CS1CT)

Checking MOM version...MSRBS_NODE_MODEL_25.Q1_693.28324.131_62ac
Parsing MOM (cached): /ericsson/log/amos/moshell_logfiles/t20251125_37258710_65084/logs_moshell/tempfiles/scp-4-amos_20251125-083719_1381870/MSRBS_NODE_MODEL_25.Q1_693.28324.131_62ac.xml.cache.gz ..................................................................................................................................................................................................................................Done.
Using paramfile /opt/ericsson/amos/moshell/commonjars/pm/PARAM_MSRBS_25.Q1.txt
Parsing file /opt/ericsson/amos/moshell/commonjars/pm/PARAM_MSRBS_25.Q1.txt .......................................................................................Done.
Using imomdfile /opt/ericsson/amos/moshell/commonjars/pm/IMOMD_MSRBS_22.Q4.txt
Using imomfile /opt/ericsson/amos/moshell/commonjars/pm/IMOM_MSRBS_25.Q1.txt
Connected to 19.31.3.167 (SubNetwork=BBMM_rckomc_R,MeContext=CS1CT,ManagedElement=CS1CT)

Last MO: 21577. Loaded 21577 MOs. Total: 21578 MOs.

CS1CT> st cell

251125-08:37:50+0100 19.31.3.167 25.0h MSRBS_NODE_MODEL_25.Q1_693.28324.131_62ac stopfile=/tmp/1382107
===================================================================================
Proxy  Adm State     Op. State     MO
===================================================================================
   43  1 (UNLOCKED)  1 (ENABLED)   ENodeBFunction=1,EUtranCellFDD=CS1CJ1
  171  1 (UNLOCKED)  1 (ENABLED)   ENodeBFunction=1,EUtranCellFDD=CS1CJ2
  411  1 (UNLOCKED)  1 (ENABLED)   ENodeBFunction=1,EUtranCellFDD=CS1CJ3
  506  1 (UNLOCKED)  1 (ENABLED)   ENodeBFunction=1,EUtranCellFDD=CS1CJ4
  619  1 (UNLOCKED)  1 (ENABLED)   ENodeBFunction=1,EUtranCellFDD=CS1CM1
  770  1 (UNLOCKED)  1 (ENABLED)   ENodeBFunction=1,EUtranCellFDD=CS1CM2
 1000  1 (UNLOCKED)  1 (ENABLED)   ENodeBFunction=1,EUtranCellFDD=CS1CM3
 1104  1 (UNLOCKED)  1 (ENABLED)   ENodeBFunction=1,EUtranCellFDD=CS1CM4
 1239  1 (UNLOCKED)  1 (ENABLED)   ENodeBFunction=1,EUtranCellFDD=CS1CT1
 1399  1 (UNLOCKED)  1 (ENABLED)   ENodeBFunction=1,EUtranCellFDD=CS1CT2
 1640  1 (UNLOCKED)  1 (ENABLED)   ENodeBFunction=1,EUtranCellFDD=CS1CT3
 1755  1 (UNLOCKED)  1 (ENABLED)   ENodeBFunction=1,EUtranCellFDD=CS1CT4
 4049                1 (ENABLED)   GNBCUCPFunction=1,EUtraNetwork=1,ExternalENodeBFunction=auto222_1_2_213603,ExternalEUtranCell=2221-213603-71
 4050                1 (ENABLED)   GNBCUCPFunction=1,EUtraNetwork=1,ExternalENodeBFunction=auto222_1_2_213603,ExternalEUtranCell=2221-213603-72
 4051                1 (ENABLED)   GNBCUCPFunction=1,EUtraNetwork=1,ExternalENodeBFunction=auto222_1_2_213603,ExternalEUtranCell=2221-213603-73
 4052                1 (ENABLED)   GNBCUCPFunction=1,EUtraNetwork=1,ExternalENodeBFunction=auto222_1_2_213603,ExternalEUtranCell=2221-213603-74
 4423  1 (UNLOCKED)  1 (ENABLED)   GNBDUFunction=1,NRCellDU=CS1CG1
 4425  1 (UNLOCKED)  1 (ENABLED)   GNBDUFunction=1,NRCellDU=CS1CG2
 4427  1 (UNLOCKED)  1 (ENABLED)   GNBDUFunction=1,NRCellDU=CS1CG3
 4429  1 (UNLOCKED)  1 (ENABLED)   GNBDUFunction=1,NRCellDU=CS1CG4
===================================================================================
Total: 20 MOs

INFO: NRCellDU status needs to be printed with command "stz" or "hget ,nrcell state" due to dependency to cellState/serviceState attributes.

CS1CT> st radio

251125-08:37:51+0100 19.31.3.167 25.0h MSRBS_NODE_MODEL_25.Q1_693.28324.131_62ac stopfile=/tmp/1382107
===================================================================================
Proxy  Adm State     Op. State     MO
===================================================================================
 3831  1 (UNLOCKED)  1 (ENABLED)   Equipment=1,FieldReplaceableUnit=Radio-S100-1
 3854  1 (UNLOCKED)  1 (ENABLED)   Equipment=1,FieldReplaceableUnit=Radio-S102-1
 3877  1 (UNLOCKED)  1 (ENABLED)   Equipment=1,FieldReplaceableUnit=Radio-S220-1
 3904  1 (UNLOCKED)  1 (ENABLED)   Equipment=1,FieldReplaceableUnit=Radio-S221-1
 3931  1 (UNLOCKED)  1 (ENABLED)   Equipment=1,FieldReplaceableUnit=Radio-S222-1
 3958  1 (UNLOCKED)  1 (ENABLED)   Equipment=1,FieldReplaceableUnit=Radio-S223-1
21567  1 (UNLOCKED)  1 (ENABLED)   Transport=1,Synchronization=1,RadioEquipmentClock=1,RadioEquipmentClockReference=NTP1
21568  1 (UNLOCKED)  1 (ENABLED)   Transport=1,Synchronization=1,RadioEquipmentClock=1,RadioEquipmentClockReference=PTP
===================================================================================
Total: 8 MOs

CS1CT> sdir

251125-08:37:52+0100 19.31.3.167 25.0h MSRBS_NODE_MODEL_25.Q1_693.28324.131_62ac stopfile=/tmp/1382107
INFO: Using amos lookupAccount credentials for the export login
....................
get /rop/A20251125.0645-0700_CS1CT.xml.gz /ericsson/log/amos/moshell_logfiles/t20251125_37258710_65084/logs_moshell/pmfiles/19.31.3.167/rop/A20251125.0645-0700_CS1CT.xml.gz ... OK
get /rop/A20251125.0700-0715_CS1CT.xml.gz /ericsson/log/amos/moshell_logfiles/t20251125_37258710_65084/logs_moshell/pmfiles/19.31.3.167/rop/A20251125.0700-0715_CS1CT.xml.gz ... OK
get /rop/A20251125.0715-0730_CS1CT.xml.gz /ericsson/log/amos/moshell_logfiles/t20251125_37258710_65084/logs_moshell/pmfiles/19.31.3.167/rop/A20251125.0715-0730_CS1CT.xml.gz ... OK
....Checking available boards on node...

Collecting RCS board data ...
...........................................................................................................................
..................................
........................................................................................................................................................................................................................................................................................................................................................................................................................................................
............
Collecting TN data...
..........................................................................................................................................................................
Getting MO data from node (91 MOs). Please wait...
0%                                             ~50%                                           ~100%
....................................................................................................................................
Collecting RF data...
......
Collecting Alarms...
.Executing action Log.export()
...
Log=AlarmLog                    actionId=24457
............
Executing action LogM.exportAvailabilityLog()
..LogM=1,exportAvailabilityLog    actionId=24458
.....Parsing alarmLog......Done.
Parsing availabilityLog....Done.
.....

Total: 6 CPRI links (6 OK, 0 OKW, 0 NOK, 0 NT)
.
+--------+                      +----------------------------+
|        | A        O101     D1 |        Radio-S220-1        |
|        |-----------1----------| RRU247924B824B2024B28BM01* |
|        |         OK-61m       |           BXP_3            |
|        |                      +----------------------------+
|        |                                     |A  |B  |C  |D
|        |               SE=220* AG=220 FDD=CS1CJ1 NRC=CS1CG1
|        |
|        |                      +----------------------------+
|        | B        O101     D1 |        Radio-S221-1        |
|        |-----------2----------| RRU247924B824B2024B28BM01* |
|        |         OK-61m       |           BXP_6            |
|        |                      +----------------------------+
|        |                                     |A  |B  |C  |D
|        |               SE=221* AG=221 FDD=CS1CJ2 NRC=CS1CG2
|        |
|        |                      +----------------------------+
|        | C        O101     D1 |        Radio-S222-1        |
|        |-----------3----------| RRU247924B824B2024B28BM01* |
|        |         OK-61m       |           BXP_4            |
|        |                      +----------------------------+
|        |                                     |A  |B  |C  |D
|        |               SE=222* AG=222 FDD=CS1CJ3 NRC=CS1CG3
|        |
|        |                      +------------------+
|        | D        O101     D2 |   Radio-S100-1   |
|        |-----------4----------| RRU449944B144B3C |
|  BB-1  |         OK-61m       |      BXP_7       |
| BB6631 |                      +------------------+
| 000100 |                           |A  |B  |C  |D
|        |                    SE=100 AG=100  |   |
|        |            FDD=CS1CM1 FDD=CS1CT1  |   |
|        |                            SE=101 AG=101
|        |                    FDD=CS1CM2 FDD=CS1CT2
|        |
|        |                      +------------------+
|        | E        O101     D2 |   Radio-S102-1   |
|        |-----------5----------| RRU449944B144B3C |
|        |         OK-61m       |      BXP_2       |
|        |                      +------------------+
|        |                           |A  |B  |C  |D
|        |                    SE=102 AG=102  |   |
|        |            FDD=CS1CM3 FDD=CS1CT3  |   |
|        |                            SE=103 AG=103
|        |                    FDD=CS1CM4 FDD=CS1CT4
|        |
|        |                      +----------------------------+
|        | F        O101     D1 |        Radio-S223-1        |
|        |-----------6----------| RRU247924B824B2024B28BM01* |
|        |         OK-61m       |           BXP_5            |
|        |                      +----------------------------+
|        |                                     |A  |B  |C  |D
+--------+               SE=223* AG=223 FDD=CS1CJ4 NRC=CS1CG4

=====================================================================================================================================
ID RiL    Type Res MO1-MO2                  BOARD1-BOARD2                     AlmIDs Cells (States)                                        Issue (Failed checks)
=====================================================================================================================================
 1 S220-1 O101 OK  BB-1(A) Radio-S220-1(D1) BB6631 RRU247924B824B2024B28BM01*        FDD=CS1CJ1 NRC=CS1CG1 (1,1)                           Passed
 2 S221-1 O101 OK  BB-1(B) Radio-S221-1(D1) BB6631 RRU247924B824B2024B28BM01*        FDD=CS1CJ2 NRC=CS1CG2 (1,1)                           Passed
 3 S222-1 O101 OK  BB-1(C) Radio-S222-1(D1) BB6631 RRU247924B824B2024B28BM01*        FDD=CS1CJ3 NRC=CS1CG3 (1,1)                           Passed
 4 S100-1 O101 OK  BB-1(D) Radio-S100-1(D2) BB6631 RRU449944B144B3C                  FDD=CS1CM1 FDD=CS1CM2 FDD=CS1CT1 FDD=CS1CT2 (1,1,1,1) Passed
 5 S102-1 O101 OK  BB-1(E) Radio-S102-1(D2) BB6631 RRU449944B144B3C                  FDD=CS1CM3 FDD=CS1CM4 FDD=CS1CT3 FDD=CS1CT4 (1,1,1,1) Passed
 6 S223-1 O101 OK  BB-1(F) Radio-S223-1(D1) BB6631 RRU247924B824B2024B28BM01*        FDD=CS1CJ4 NRC=CS1CG4 (1,1)                           Passed
-------------------------------------------------------------------------------------------------------------------------------------

Node: RadioNode LN   CXP2010174/2_R27J08 (25.Q1)   G3.1   LTE-FDD NR-LB-FDD-ESS-NSA

=====================================================================================================================================
FRU          ;LNH    ;BOARD                      ;ST ;FAULT ;OPER ;MAINT ;STAT ;PRODUCTNUMBER   ;REV     ;SERIAL        ;DATE     ;PMTEMP ; TEMP ; UPT ;VOLT ;SW                   ;
=====================================================================================================================================
BB-1         ;000100 ;BB6631                     ; 1 ;  OFF ;  ON ;  OFF ;  ON ;KDU1370071/11   ;R3C     ;E23E548875    ;20230327 ;3 (OK) ;      ;79.9 ;55   ;                     ;
Radio-S100-1 ;BXP_7  ;RRU449944B144B3C           ; 1 ;  OFF ;  ON ;  OFF ; N/A ;KRC161787/1     ;R2F     ;E23E569865    ;20230406 ;4 (OK) ; 29.4 ;79.8 ;54.3 ;CXP9013268%15_R101LX ; (Radio449944B144B3C)
Radio-S102-1 ;BXP_2  ;RRU449944B144B3C           ; 1 ;  OFF ;  ON ;  OFF ; N/A ;KRC161787/1     ;R2F     ;E23E575438    ;20230410 ;4 (OK) ; 26.1 ;79.8 ;54.0 ;CXP9013268%15_R101LX ; (Radio449944B144B3C)
Radio-S220-1 ;BXP_3  ;RRU247924B824B2024B28BM01* ; 1 ;  OFF ;  ON ;  OFF ; N/A ;KRC161832/1     ;R2G     ;TU8U02B9PH    ;20231211 ;4 (OK) ; 31.6 ;79.8 ;54.5 ;CXP9013268%15_R101LX ; (Radio247924B824B2024B28BM01)
Radio-S221-1 ;BXP_6  ;RRU247924B824B2024B28BM01* ; 1 ;  OFF ;  ON ;  OFF ; N/A ;KRC161832/1     ;R2J     ;TU8U02SVR2    ;20241030 ;4 (OK) ; 34.7 ;79.8 ;54.0 ;CXP9013268%15_R101LX ; (Radio247924B824B2024B28BM01)
Radio-S222-1 ;BXP_4  ;RRU247924B824B2024B28BM01* ; 1 ;  OFF ;  ON ;  OFF ; N/A ;KRC161832/1     ;R2G     ;TU8U02B8VF    ;20231211 ;4 (OK) ; 30.4 ;79.8 ;54.5 ;CXP9013268%15_R101LX ; (Radio247924B824B2024B28BM01)
Radio-S223-1 ;BXP_5  ;RRU247924B824B2024B28BM01* ; 1 ;  OFF ;  ON ;  OFF ; N/A ;KRC161832/1     ;R2G     ;TU8U02B7WR    ;20231208 ;4 (OK) ; 29.7 ;79.8 ;54.8 ;CXP9013268%15_R101LX ; (Radio247924B824B2024B28BM01)
-------------------------------------------------------------------------------------------------------------------------------------

=====================================================================================================================================
XPBOARD  ;ST ;FAULT ;OPER ;PRODUCTNUMBER ;REV ;SERIAL/NAME ;DATE     ; TEMP ;MO
=====================================================================================================================================
FAN08    ; 1 ;N/A   ;N/A  ;BKV106236/1   ;R2F ;DD111L5075  ;20220215 ; 41.3 ;SupportUnit=1 (FAN  BB-1)
-------------------------------------------------------------------------------------------------------------------------------------

=====================================================================================================================================
ID ;T ;RiL    ;BPBP ;BOARD1                     ;LNH1 ;PORT ;R ;LINK ;RATE  ; BER ;BOARD2                     ;LNH2 ;PORT ;R ;LINK ;RATE  ; BER ;LENGTH ;MO1 - MO2
=====================================================================================================================================
 1 ;O ;S220-1 ;1111 ;BB6631                     ;000100 ; 1 ;M ;Up   ;10.1G ;   0 ;RRU247924B824B2024B28BM01* ;BXP_3  ; 0 ;S ;Up   ;10.1G ;   0 ;   61m ;Fru=BB-1(A) Fru=Radio-S220-1(D1)
 2 ;O ;S221-1 ;1111 ;BB6631                     ;000100 ; 2 ;M ;Up   ;10.1G ;   0 ;RRU247924B824B2024B28BM01* ;BXP_6  ; 0 ;S ;Up   ;10.1G ;   0 ;   61m ;Fru=BB-1(B) Fru=Radio-S221-1(D1)
 3 ;O ;S222-1 ;1111 ;BB6631                     ;000100 ; 3 ;M ;Up   ;10.1G ;   0 ;RRU247924B824B2024B28BM01* ;BXP_4  ; 0 ;S ;Up   ;10.1G ;   0 ;   61m ;Fru=BB-1(C) Fru=Radio-S222-1(D1)
 4 ;O ;S100-1 ;1111 ;BB6631                     ;000100 ; 4 ;M ;Up   ;10.1G ;   0 ;RRU449944B144B3C           ;BXP_7  ; 1 ;S ;Up   ;10.1G ;   0 ;   61m ;Fru=BB-1(D) Fru=Radio-S100-1(D2)
 5 ;O ;S102-1 ;1111 ;BB6631                     ;000100 ; 5 ;M ;Up   ;10.1G ;   0 ;RRU449944B144B3C           ;BXP_2  ; 1 ;S ;Up   ;10.1G ;   0 ;   61m ;Fru=BB-1(E) Fru=Radio-S102-1(D2)
 6 ;O ;S223-1 ;1111 ;BB6631                     ;000100 ; 6 ;M ;Up   ;10.1G ;   0 ;RRU247924B824B2024B28BM01* ;BXP_5  ; 0 ;S ;Up   ;10.1G ;   0 ;   61m ;Fru=BB-1(F) Fru=Radio-S223-1(D1)
-------------------------------------------------------------------------------------------------------------------------------------

=====================================================================================================================================
ID ;LINK ;RiL    ;VENDOR1         ;VENDORPROD1     ;REV1 ;SERIAL1      ;DATE1    ;ERICSSONPROD1      ;VENDOR2         ;VENDORPROD2     ;REV2 ;SERIAL2      ;DATE2    ;ERICSSONPROD2      ;TT ;WL1     ;WL2    
=====================================================================================================================================
 1 ;Up   ;S220-1 ;ERICSSON        ;EOLP-1396-02-IY ;1.0  ;DZ8P302LBN   ;20230320 ;RDH10265/2 R1A     ;ERICSSON        ;SPP10ELRIDFTEN  ;0101 ;CT74617023   ;20241009 ;RDH10265/2 R1A     ;0  ;1310.00 ;1310.00
 2 ;Up   ;S221-1 ;ERICSSON        ;EOLP-1396-02-IY ;1.0  ;DZ8P302L9R   ;20230320 ;RDH10265/2 R1A     ;ERICSSON        ;SPP10ELRIDFTEN  ;0101 ;CT74622089   ;20241010 ;RDH10265/2 R1A     ;0  ;1310.00 ;1310.00
 3 ;Up   ;S222-1 ;ERICSSON        ;EOLP-1396-02-IY ;1.0  ;DZ8P302LA7   ;20230320 ;RDH10265/2 R1A     ;ERICSSON        ;SPP10ELRIDFTEN  ;0101 ;CT74616990   ;20241009 ;RDH10265/2 R1A     ;0  ;1310.00 ;1310.00
 4 ;Up   ;S100-1 ;ERICSSON        ;EOLP-1396-02-IY ;1.0  ;DZ8P302L9Q   ;20230320 ;RDH10265/2 R1A     ;ERICSSON        ;EOLP-1396-02-IY ;1.0  ;DZ8P302LBC   ;20230320 ;RDH10265/2 R1A     ;0  ;1310.00 ;1310.00
 5 ;Up   ;S102-1 ;ERICSSON        ;EOLP-1396-02-IY ;1.0  ;DZ8P302LA5   ;20230320 ;RDH10265/2 R1A     ;ERICSSON        ;EOLP-1396-02-IY ;1.0  ;DZ8P302LCH   ;20230320 ;RDH10265/2 R1A     ;0  ;1310.00 ;1310.00
 6 ;Up   ;S223-1 ;ERICSSON        ;EOLP-1396-02-IY ;1.0  ;DZ8P302LBT   ;20230320 ;RDH10265/2 R1A     ;ERICSSON        ;SPP10ELRIDFTEN  ;0101 ;CT74615186   ;20241009 ;RDH10265/2 R1A     ;0  ;1310.00 ;1310.00
-------------------------------------------------------------------------------------------------------------------------------------

=====================================================================================================================================
ID ;LINK ;RiL    ;WL1     ;TEMP1 ;TXbs1 ;TXdBm1 ;RXdBm1 ;BER1   ;WL2     ;TEMP2 ;TXbs2 ;TXdBm2 ;RXdBm2 ;BER2   ;DlLoss ;UlLoss ;LENGTH ;TT
=====================================================================================================================================
 1 ;Up   ;S220-1 ;1310.00 ;39C   ;40%   ;-3.31  ;-3.35  ;   0   ;1310.00 ;38C   ;42%   ;-2.95  ;-3.89  ;   0   ;  0.58 ;   0.4 ;   61m ; 0
 2 ;Up   ;S221-1 ;1310.00 ;40C   ;42%   ;-2.91  ;-3.44  ;   0   ;1310.00 ;38C   ;44%   ;-2.86  ;-4.06  ;   0   ;  1.15 ;  0.58 ;   61m ; 0
 3 ;Up   ;S222-1 ;1310.00 ;40C   ;39%   ;-3.18  ;-3.86  ;   0   ;1310.00 ;34C   ;43%   ;-3.53  ;-3.64  ;   0   ;  0.46 ;  0.33 ;   61m ; 0
 4 ;Up   ;S100-1 ;1310.00 ;40C   ;40%   ;-2.80  ;-3.35  ;   0   ;1310.00 ;28C   ;37%   ;-3.38  ;-2.91  ;   0   ;  0.11 ; -0.03 ;   61m ; 0
 5 ;Up   ;S102-1 ;1310.00 ;40C   ;40%   ;-3.22  ;-2.87  ;   0   ;1310.00 ;23C   ;36%   ;-3.20  ;-4.05  ;   0   ;  0.83 ; -0.33 ;   61m ; 0
 6 ;Up   ;S223-1 ;1310.00 ;39C   ;41%   ;-2.83  ;-2.15  ;   0   ;1310.00 ;35C   ;46%   ;-2.00  ;-6.46  ;   0   ;  3.63 ;  0.15 ;   61m ; 0
-------------------------------------------------------------------------------------------------------------------------------------

=====================================================================================================================================
ID ;RiL    ;BOARD                      ;SFPLNH  ;PORT ;VENDOR          ;VENDORPROD      ;REV  ;SERIAL       ;DATE     ;ERICSSONPROD       ;WL      ;TEMP  ;TXbs  ;TXdBm  ;RXdBm  ; BER
=====================================================================================================================================
 1 ;S220-1 ;BB6631                     ;000100   ;  1 ;ERICSSON        ;EOLP-1396-02-IY ;1.0  ;DZ8P302LBN   ;20230320 ;RDH10265/2 R1A     ;1310.00 ;39C   ;40%   ;-3.31  ;-3.35  ;   0
 2 ;S221-1 ;BB6631                     ;000100   ;  2 ;ERICSSON        ;EOLP-1396-02-IY ;1.0  ;DZ8P302L9R   ;20230320 ;RDH10265/2 R1A     ;1310.00 ;40C   ;42%   ;-2.91  ;-3.44  ;   0
 3 ;S222-1 ;BB6631                     ;000100   ;  3 ;ERICSSON        ;EOLP-1396-02-IY ;1.0  ;DZ8P302LA7   ;20230320 ;RDH10265/2 R1A     ;1310.00 ;40C   ;39%   ;-3.18  ;-3.86  ;   0
 4 ;S100-1 ;BB6631                     ;000100   ;  4 ;ERICSSON        ;EOLP-1396-02-IY ;1.0  ;DZ8P302L9Q   ;20230320 ;RDH10265/2 R1A     ;1310.00 ;40C   ;40%   ;-2.80  ;-3.35  ;   0
 5 ;S102-1 ;BB6631                     ;000100   ;  5 ;ERICSSON        ;EOLP-1396-02-IY ;1.0  ;DZ8P302LA5   ;20230320 ;RDH10265/2 R1A     ;1310.00 ;40C   ;40%   ;-3.22  ;-2.87  ;   0
 6 ;S223-1 ;BB6631                     ;000100   ;  6 ;ERICSSON        ;EOLP-1396-02-IY ;1.0  ;DZ8P302LBT   ;20230320 ;RDH10265/2 R1A     ;1310.00 ;39C   ;41%   ;-2.83  ;-2.15  ;   0
 5 ;S102-1 ;RRU449944B144B3C           ;BXP_2    ;  1 ;ERICSSON        ;EOLP-1396-02-IY ;1.0  ;DZ8P302LCH   ;20230320 ;RDH10265/2 R1A     ;1310.00 ;23C   ;36%   ;-3.20  ;-4.05  ;   0
 1 ;S220-1 ;RRU247924B824B2024B28BM01* ;BXP_3    ;  0 ;ERICSSON        ;SPP10ELRIDFTEN  ;0101 ;CT74617023   ;20241009 ;RDH10265/2 R1A     ;1310.00 ;38C   ;42%   ;-2.95  ;-3.89  ;   0
 3 ;S222-1 ;RRU247924B824B2024B28BM01* ;BXP_4    ;  0 ;ERICSSON        ;SPP10ELRIDFTEN  ;0101 ;CT74616990   ;20241009 ;RDH10265/2 R1A     ;1310.00 ;34C   ;43%   ;-3.53  ;-3.64  ;   0
 6 ;S223-1 ;RRU247924B824B2024B28BM01* ;BXP_5    ;  0 ;ERICSSON        ;SPP10ELRIDFTEN  ;0101 ;CT74615186   ;20241009 ;RDH10265/2 R1A     ;1310.00 ;35C   ;46%   ;-2.00  ;-6.46  ;   0
 2 ;S221-1 ;RRU247924B824B2024B28BM01* ;BXP_6    ;  0 ;ERICSSON        ;SPP10ELRIDFTEN  ;0101 ;CT74622089   ;20241010 ;RDH10265/2 R1A     ;1310.00 ;38C   ;44%   ;-2.86  ;-4.06  ;   0
 4 ;S100-1 ;RRU449944B144B3C           ;BXP_7    ;  1 ;ERICSSON        ;EOLP-1396-02-IY ;1.0  ;DZ8P302LBC   ;20230320 ;RDH10265/2 R1A     ;1310.00 ;28C   ;37%   ;-3.38  ;-2.91  ;   0
-------------------------------------------------------------------------------------------------------------------------------------
TN ;       ;BB6631                     ;000100   ; IB ;SOURCEPHOTONICS ;SPMRSR1IDFBEN3  ;10   ;J5O2001239   ;20190423 ;RDH10247/2 R2A     ;1310    ;41C   ;12%   ;-5.58  ;-10.92 ; 0/0
TN ;       ;BB6631                     ;000100   ;IA2 ;ERICSSON        ;42020201934     ;A0   ;202246500605 ;20221107 ;RPM777053/1000 R1B ;NA      ;NA    ;NA    ;NA     ;NA     ; 0/0
-------------------------------------------------------------------------------------------------------------------------------------

=====================================================================================================================================
BOARD  ;LNH    ;PORT       ;T ;S ;OpMode         ;AutoNeg ;MacAddress        ;VlanIds        ;LOS ;BER
=====================================================================================================================================
BB6631 ;000100 ;TN_E       ;E ;1 ;1G_FULL_MASTER ;true    ;58:70:7F:3D:0B:F9 ;3910           ;0   ;0/0
BB6631 ;000100 ;TN_IDL_A_1 ;E ;1 ;10G_FULL       ;false   ;58:70:7F:3D:0B:F2 ;3901,3908,3910 ;0   ;0/0
BB6631 ;000100 ;TN_IDL_A_2 ;O ;1 ;10G_FULL       ;false   ;58:70:7F:3D:0B:F3 ;3908           ;0   ;0/0
BB6631 ;000100 ;TN_IDL_B   ;O ;1 ;1G_FULL        ;true    ;58:70:7F:3D:0B:F6 ;3901,3908,3910 ;0   ;0/0
-------------------------------------------------------------------------------------------------------------------------------------

radioClockState : RNT_TIME_LOCKED
-------------------------------------------------------------------------------------
Prio  ;ST  ;syncRefType    ;refStatus  ;opQualLevel  ;SyncReference
-------------------------------------------------------------------------------------
  *1  ; 1  ;PTP_TIME       ;NO_FAULT   ;PRTC         ;Ptp=1,BoundaryOrdinaryClock=PTP (G_8275_1 EthernetPort=TN_IDL_B:SLAVE EthernetPort=TN_IDL_A_1:MASTER)
   2  ; 1  ;NTP_FREQUENCY  ;NO_FAULT   ;PRC          ;Ntp=1,NtpFrequencySync=NTP1 (10.31.0.54:32751 Router=45G_Traffic,InterfaceIPv4=LTE,AddressIPv4=LTE)
-------------------------------------------------------------------------------------
-------------------------------------------------------------------------------------
Prio  ;ST  ;assistRefStatus  ;recQualLevel  ;AssistingReference
-------------------------------------------------------------------------------------
   1  ; 1  ;NO_FAULT         ;PRC           ;Synchronization=1,SyncEthInput=SyncE (SFP_OPTICAL EthernetPort=TN_IDL_B)
-------------------------------------------------------------------------------------
nodeGroupRole   : SYNC_PROVIDER (syncNodePriority=1, selectionMode=NODE_PRIORITY)
-------------------------------------------------------------------------------------
DU  ;Port  ;sharedUnitRef (RiPortA - RiPortB)  ;remoteNodePriority  ;CandidateStatus
-------------------------------------------------------------------------------------
1   ;B     ;Fru=Radio-S221-1 (1 - 2)           ;3                   ;OK_NOT_ACTIVE
1   ;F     ;Fru=Radio-S223-1 (1 - 2)           ;3                   ;OK_NOT_ACTIVE
1   ;C     ;Fru=Radio-S222-1 (1 - 2)           ;3                   ;OK_NOT_ACTIVE
1   ;A     ;Fru=Radio-S220-1 (1 - 2)           ;3                   ;OK_NOT_ACTIVE
-------------------------------------------------------------------------------------

=====================================================================================================================================
FRU          ;LNH    ;BOARD                      ;RF  ;BP  ;TX (W/dBm)  ;VSWR (RL)   ;RX (dBm) ;UEs/gUEs  ;Sector/AntennaGroup/Cells (State:CellIds:PCIs)
=====================================================================================================================================
Radio-S100-1 ;BXP_7  ;RRU449944B144B3C           ; A  ;11  ;55.9 (47.5) ;1.18 (21.7) ;-95.0    ;22/-      ;SE=100 AG=100 FDD=CS1CM1 FDD=CS1CT1 (1:31:328, 1:41:405)
Radio-S100-1 ;BXP_7  ;RRU449944B144B3C           ; B  ;11  ;20.0 (43.0) ;1.17 (22.0) ;-95.0    ;22/-      ;SE=100 AG=100 FDD=CS1CM1 FDD=CS1CT1 (1:31:328, 1:41:405)
Radio-S100-1 ;BXP_7  ;RRU449944B144B3C           ; C  ;11  ;33.6 (45.3) ;1.12 (24.8) ;-93.9    ;22/-      ;SE=101 AG=101 FDD=CS1CM2 FDD=CS1CT2 (1:32:482, 1:42:179)
Radio-S100-1 ;BXP_7  ;RRU449944B144B3C           ; D  ;11  ;13.5 (41.3) ;1.09 (27.3) ;-93.9    ;22/-      ;SE=101 AG=101 FDD=CS1CM2 FDD=CS1CT2 (1:32:482, 1:42:179)
Radio-S102-1 ;BXP_2  ;RRU449944B144B3C           ; A  ;11  ;40.4 (46.1) ;1.09 (27.1) ;-96.3    ;0/-       ;SE=102 AG=102 FDD=CS1CM3 FDD=CS1CT3 (1:33:151, 1:43:321)
Radio-S102-1 ;BXP_2  ;RRU449944B144B3C           ; B  ;11  ;-           ;1.12 (24.8) ;-96.1    ;0/-       ;SE=102 AG=102 FDD=CS1CM3 FDD=CS1CT3 (1:33:151, 1:43:321)
Radio-S102-1 ;BXP_2  ;RRU449944B144B3C           ; C  ;11  ;33.3 (45.2) ;1.07 (29.9) ;-96.0    ;23/-      ;SE=103 AG=103 FDD=CS1CM4 FDD=CS1CT4 (1:34:302, 1:44:7)
Radio-S102-1 ;BXP_2  ;RRU449944B144B3C           ; D  ;11  ;12.3 (40.9) ;1.08 (28.5) ;-95.4    ;23/-      ;SE=103 AG=103 FDD=CS1CM4 FDD=CS1CT4 (1:34:302, 1:44:7)
Radio-S220-1 ;BXP_3  ;RRU247924B824B2024B28BM01* ; A  ;11  ;39.7 (46.0) ;1.20 (20.7) ;-94.8    ;0/2       ;SE=220* AG=220 FDD=CS1CJ1 NRC=CS1CG1 (1:71:171, 1:561:308)
Radio-S220-1 ;BXP_3  ;RRU247924B824B2024B28BM01* ; B  ;11  ;19.5 (42.9) ;1.25 (19.0) ;-92.1    ;0/2       ;SE=220* AG=220 FDD=CS1CJ1 NRC=CS1CG1 (1:71:171, 1:561:308)
Radio-S220-1 ;BXP_3  ;RRU247924B824B2024B28BM01* ; C  ;11  ;15.1 (41.8) ;1.12 (24.8) ;-94.9    ;0/2       ;SE=220* AG=220 FDD=CS1CJ1 NRC=CS1CG1 (1:71:171, 1:561:308)
Radio-S220-1 ;BXP_3  ;RRU247924B824B2024B28BM01* ; D  ;11  ;13.2 (41.2) ;1.16 (22.8) ;-92.0    ;0/2       ;SE=220* AG=220 FDD=CS1CJ1 NRC=CS1CG1 (1:71:171, 1:561:308)
Radio-S221-1 ;BXP_6  ;RRU247924B824B2024B28BM01* ; A  ;11  ;16.7 (42.2) ;1.22 (20.1) ;-94.8    ;3/5       ;SE=221* AG=221 FDD=CS1CJ2 NRC=CS1CG2 (1:72:168, 1:562:699)
Radio-S221-1 ;BXP_6  ;RRU247924B824B2024B28BM01* ; B  ;11  ;23.8 (43.8) ;1.26 (18.8) ;-94.6    ;3/5       ;SE=221* AG=221 FDD=CS1CJ2 NRC=CS1CG2 (1:72:168, 1:562:699)
Radio-S221-1 ;BXP_6  ;RRU247924B824B2024B28BM01* ; C  ;11  ;7.6 (38.8)  ;1.04 (35.1) ;-94.5    ;3/5       ;SE=221* AG=221 FDD=CS1CJ2 NRC=CS1CG2 (1:72:168, 1:562:699)
Radio-S221-1 ;BXP_6  ;RRU247924B824B2024B28BM01* ; D  ;11  ;7.8 (38.9)  ;1.10 (26.4) ;-94.3    ;3/5       ;SE=221* AG=221 FDD=CS1CJ2 NRC=CS1CG2 (1:72:168, 1:562:699)
Radio-S222-1 ;BXP_4  ;RRU247924B824B2024B28BM01* ; A  ;11  ;15.5 (41.9) ;1.17 (22.0) ;-97.6    ;0/-       ;SE=222* AG=222 FDD=CS1CJ3 NRC=CS1CG3 (1:73:183, 1:563:682)
Radio-S222-1 ;BXP_4  ;RRU247924B824B2024B28BM01* ; B  ;11  ;19.1 (42.8) ;1.19 (21.4) ;-97.5    ;0/-       ;SE=222* AG=222 FDD=CS1CJ3 NRC=CS1CG3 (1:73:183, 1:563:682)
Radio-S222-1 ;BXP_4  ;RRU247924B824B2024B28BM01* ; C  ;11  ;7.4 (38.7)  ;1.10 (26.6) ;-97.8    ;0/-       ;SE=222* AG=222 FDD=CS1CJ3 NRC=CS1CG3 (1:73:183, 1:563:682)
Radio-S222-1 ;BXP_4  ;RRU247924B824B2024B28BM01* ; D  ;11  ;7.4 (38.7)  ;1.19 (21.4) ;-97.7    ;0/-       ;SE=222* AG=222 FDD=CS1CJ3 NRC=CS1CG3 (1:73:183, 1:563:682)
Radio-S223-1 ;BXP_5  ;RRU247924B824B2024B28BM01* ; A  ;11  ;38.5 (45.9) ;1.20 (20.8) ;-93.5    ;0/1       ;SE=223* AG=223 FDD=CS1CJ4 NRC=CS1CG4 (1:74:429, 1:564:746)
Radio-S223-1 ;BXP_5  ;RRU247924B824B2024B28BM01* ; B  ;11  ;15.5 (41.9) ;1.19 (21.1) ;-96.2    ;0/1       ;SE=223* AG=223 FDD=CS1CJ4 NRC=CS1CG4 (1:74:429, 1:564:746)
Radio-S223-1 ;BXP_5  ;RRU247924B824B2024B28BM01* ; C  ;11  ;7.4 (38.7)  ;1.13 (24.5) ;-97.3    ;0/1       ;SE=223* AG=223 FDD=CS1CJ4 NRC=CS1CG4 (1:74:429, 1:564:746)
Radio-S223-1 ;BXP_5  ;RRU247924B824B2024B28BM01* ; D  ;11  ;7.4 (38.7)  ;1.42 (15.2) ;-70.9    ;0/1       ;SE=223* AG=223 FDD=CS1CJ4 NRC=CS1CG4 (1:74:429, 1:564:746)
-------------------------------------------------------------------------------------------------------------------------------------

CS1CT> mfar

251125-08:41:17+0100 19.31.3.167 25.0h MSRBS_NODE_MODEL_25.Q1_693.28324.131_62ac stopfile=/tmp/1382107
..........
Last MO: 21582. Loaded 21582 MOs. Total: 21583 MOs.
...................................................
get /rop/A20251125.0600-0615_CS1CT.xml.gz /ericsson/log/amos/moshell_logfiles/t20251125_37258710_65084/logs_moshell/pmfiles/19.31.3.167/rop/A20251125.0600-0615_CS1CT.xml.gz ... OK
get /rop/A20251125.0615-0630_CS1CT.xml.gz /ericsson/log/amos/moshell_logfiles/t20251125_37258710_65084/logs_moshell/pmfiles/19.31.3.167/rop/A20251125.0615-0630_CS1CT.xml.gz ... OK
get /rop/A20251125.0630-0645_CS1CT.xml.gz /ericsson/log/amos/moshell_logfiles/t20251125_37258710_65084/logs_moshell/pmfiles/19.31.3.167/rop/A20251125.0630-0645_CS1CT.xml.gz ... OK

Using hardcoded thresholds: 3, 4.5, and 16.5
================================================================================================================================
SC     SE  Tx/Rx BrPair  RfPort1 - RfPort2               HW       Serial      Cell (State)   Samples   Med  Mean  SDev Pol Res Issue
================================================================================================================================
CS1CJ1 220   2/4 0 (1,2) Radio-S220-1(A) Radio-S220-1(B) RRU2479  TU8U02B9PH  FDD=CS1CJ1 (1)   13872  -3.5  -2.5   5.0  NA  OK Passed
CS1CJ1 220   2/4 1 (2,3) Radio-S220-1(B) Radio-S220-1(C) RRU2479  TU8U02B9PH  FDD=CS1CJ1 (1)   13872   3.5   2.3   4.8  NA  OK Passed
CS1CJ1 220   2/4 2 (3,4) Radio-S220-1(C) Radio-S220-1(D) RRU2479  TU8U02B9PH  FDD=CS1CJ1 (1)   13872  -4.5  -3.1   5.2  NA OKW Possible RF Loss or PIM at Radio-S220-1(D)
CS1CJ2 221   2/4 0 (1,2) Radio-S221-1(A) Radio-S221-1(B) RRU2479  TU8U02SVR2  FDD=CS1CJ2 (1)   31244   3.5   2.5   5.2  NA  OK Passed
CS1CJ2 221   2/4 1 (2,3) Radio-S221-1(B) Radio-S221-1(C) RRU2479  TU8U02SVR2  FDD=CS1CJ2 (1)   31244  -4.5  -2.8   5.6  NA  OK Passed
CS1CJ2 221   2/4 2 (3,4) Radio-S221-1(C) Radio-S221-1(D) RRU2479  TU8U02SVR2  FDD=CS1CJ2 (1)   31244   3.5   2.2   5.3  NA  OK Passed
CS1CJ3 222   2/4 0 (1,2) Radio-S222-1(A) Radio-S222-1(B) RRU2479  TU8U02B8VF  FDD=CS1CJ3 (1)     300  -2.5  -1.8   7.1  NA  NT Not enough data
CS1CJ3 222   2/4 1 (2,3) Radio-S222-1(B) Radio-S222-1(C) RRU2479  TU8U02B8VF  FDD=CS1CJ3 (1)     300     3   2.3   6.9  NA  NT Not enough data
CS1CJ3 222   2/4 2 (3,4) Radio-S222-1(C) Radio-S222-1(D) RRU2479  TU8U02B8VF  FDD=CS1CJ3 (1)     300  -4.5  -3.0   7.0  NA  NT Not enough data
CS1CJ4 223   2/4 0 (1,2) Radio-S223-1(A) Radio-S223-1(B) RRU2479  TU8U02B7WR  FDD=CS1CJ4 (1)    9187  -0.5   0.3   7.1  NA  OK Passed
CS1CJ4 223   2/4 1 (2,3) Radio-S223-1(B) Radio-S223-1(C) RRU2479  TU8U02B7WR  FDD=CS1CJ4 (1)    9187  -0.5  -1.1   7.1  NA  OK Passed
CS1CJ4 223   2/4 2 (3,4) Radio-S223-1(C) Radio-S223-1(D) RRU2479  TU8U02B7WR  FDD=CS1CJ4 (1)    9187  -2.5  -2.8   8.5  NA  OK Passed
CS1CM1 100   2/2 0 (1,2) Radio-S100-1(A) Radio-S100-1(B) RRU4499  E23E569865  FDD=CS1CM1 (1)   30897  -0.5  -0.6   6.8  NA  OK Passed
CS1CM2 101   2/2 0 (1,2) Radio-S100-1(C) Radio-S100-1(D) RRU4499  E23E569865  FDD=CS1CM2 (1)   66089  -1.5  -1.0   8.2  NA  OK Passed
CS1CM3 102   2/2 0 (1,2) Radio-S102-1(A) Radio-S102-1(B) RRU4499  E23E575438  FDD=CS1CM3 (1)     854  10.5   8.7   6.0  NA  NT Not enough data
CS1CM4 103   2/2 0 (1,2) Radio-S102-1(C) Radio-S102-1(D) RRU4499  E23E575438  FDD=CS1CM4 (1)   40040   1.5   1.3   5.7  NA  OK Passed
CS1CT1 100   2/2 0 (1,2) Radio-S100-1(A) Radio-S100-1(B) RRU4499  E23E569865  FDD=CS1CT1 (1)  121857   1.5   1.4   7.2  NA  OK Passed
CS1CT2 101   2/2 0 (1,2) Radio-S100-1(C) Radio-S100-1(D) RRU4499  E23E569865  FDD=CS1CT2 (1)  132405   0.5  -0.2   7.4  NA  OK Passed
CS1CT3 102   2/2 0 (1,2) Radio-S102-1(A) Radio-S102-1(B) RRU4499  E23E575438  FDD=CS1CT3 (1)    6743   1.5   1.5   7.2  NA  OK Passed
CS1CT4 103   2/2 0 (1,2) Radio-S102-1(C) Radio-S102-1(D) RRU4499  E23E575438  FDD=CS1CT4 (1)  138392   1.5   1.2   5.4  NA  OK Passed
================================================================================================================================
Total: 12 SectorCarriers, 20 RfBranch Pairs (15 OK, 1 OKW, 0 NOK, 4 NT)
...........
Last MO: 21582. Loaded 21582 MOs. Total: 21583 MOs.
...................................

Using hardcoded thresholds: 3, 4.5, and 16.5
================================================================================================================================
SC     SE  Tx/Rx BrPair  RfPort1 - RfPort2               HW       Serial      Cell (State)  Samples   Med  Mean  SDev Pol Res Issue
================================================================================================================================
CS1CG1 220   2/4 0 (1,2) Radio-S220-1(A) Radio-S220-1(B) RRU2479  TU8U02B9PH  DU=CS1CG1 (1)   81221  -1.5  -0.7   6.6  NA  OK Passed
CS1CG1 220   2/4 1 (2,3) Radio-S220-1(B) Radio-S220-1(C) RRU2479  TU8U02B9PH  DU=CS1CG1 (1)   81220   1.5   1.1   6.5  NA  OK Passed
CS1CG1 220   2/4 2 (3,4) Radio-S220-1(C) Radio-S220-1(D) RRU2479  TU8U02B9PH  DU=CS1CG1 (1)   81219  -1.5  -1.4   6.7  NA  OK Passed
CS1CG2 221   2/4 0 (1,2) Radio-S221-1(A) Radio-S221-1(B) RRU2479  TU8U02SVR2  DU=CS1CG2 (1)  160749  -6.5  -5.7   7.0  NA NOK RF Loss or PIM at Radio-S221-1(B)
CS1CG2 221   2/4 1 (2,3) Radio-S221-1(B) Radio-S221-1(C) RRU2479  TU8U02SVR2  DU=CS1CG2 (1)  160749   6.5   6.0   7.0  NA NOK RF Loss or PIM at Radio-S221-1(B)
CS1CG2 221   2/4 2 (3,4) Radio-S221-1(C) Radio-S221-1(D) RRU2479  TU8U02SVR2  DU=CS1CG2 (1)  160746  -5.5  -5.4   7.1  NA NOK RF Loss or PIM at Radio-S221-1(D)
CS1CG3 222   2/4 0 (1,2) Radio-S222-1(A) Radio-S222-1(B) RRU2479  TU8U02B8VF  DU=CS1CG3 (1)    9878  -0.5  -0.4   8.2  NA  OK Passed
CS1CG3 222   2/4 1 (2,3) Radio-S222-1(B) Radio-S222-1(C) RRU2479  TU8U02B8VF  DU=CS1CG3 (1)    9879   0.5   0.6   8.2  NA  OK Passed
CS1CG3 222   2/4 2 (3,4) Radio-S222-1(C) Radio-S222-1(D) RRU2479  TU8U02B8VF  DU=CS1CG3 (1)    9879  -0.5  -0.8   8.1  NA  OK Passed
CS1CG4 223   2/4 0 (1,2) Radio-S223-1(A) Radio-S223-1(B) RRU2479  TU8U02B7WR  DU=CS1CG4 (1)   19787  -0.5  -0.5   7.9  NA  OK Passed
CS1CG4 223   2/4 1 (2,3) Radio-S223-1(B) Radio-S223-1(C) RRU2479  TU8U02B7WR  DU=CS1CG4 (1)   19787  -0.5  -0.6   8.0  NA  OK Passed
CS1CG4 223   2/4 2 (3,4) Radio-S223-1(C) Radio-S223-1(D) RRU2479  TU8U02B7WR  DU=CS1CG4 (1)   19786  -1.5  -2.1   9.4  NA  OK Passed
================================================================================================================================
Total: 4 NRSectorCarriers, 12 RfBranch Pairs (9 OK, 0 OKW, 3 NOK, 0 NT)

CS1CT> mfitr

251125-08:41:56+0100 19.31.3.167 25.0h MSRBS_NODE_MODEL_25.Q1_693.28324.131_62ac stopfile=/tmp/1382107
....................
Last MO: 21582. Loaded 21582 MOs. Total: 21583 MOs.
..............
2025-11-25 08:42
================================================================================================================================
CELL       SC     FRU          BOARD                     PUSCH  PUCCH       A      B      C      D  DELTA
================================================================================================================================
FDD=CS1CJ1 CS1CJ1 Radio-S220-1 RRU247924B824B2024B28BM01 -113.1 -118.9 -116.1 -109.1 -116.2 -109.1    7.1
FDD=CS1CJ2 CS1CJ2 Radio-S221-1 RRU247924B824B2024B28BM01 -117.6 -115.9 -115.5 -117.2 -114.7 -116.6    2.5
FDD=CS1CJ3 CS1CJ3 Radio-S222-1 RRU247924B824B2024B28BM01 -118.4 -119.4 -118.9 -117.3 -119.0 -117.7    1.7
FDD=CS1CJ4 CS1CJ4 Radio-S223-1 RRU247924B824B2024B28BM01 -112.3 -108.4 -118.0 -114.6 -118.2 -113.8    4.4
FDD=CS1CM1 CS1CM1 Radio-S100-1 RRU449944B144B3C          -119.0 -119.0 -119.0 -119.1                  0.1
FDD=CS1CM2 CS1CM2 Radio-S100-1 RRU449944B144B3C          -118.0 -118.1               -118.0 -118.2    0.2
FDD=CS1CM3 CS1CM3 Radio-S102-1 RRU449944B144B3C          -119.5 -119.5 -119.1 -119.2                  0.1
FDD=CS1CM4 CS1CM4 Radio-S102-1 RRU449944B144B3C          -119.4 -119.3               -119.4 -119.3    0.1
FDD=CS1CT1 CS1CT1 Radio-S100-1 RRU449944B144B3C          -117.7 -118.3 -114.1 -116.2                  2.1
FDD=CS1CT2 CS1CT2 Radio-S100-1 RRU449944B144B3C          -116.3 -116.3               -114.8 -114.4    0.4
FDD=CS1CT3 CS1CT3 Radio-S102-1 RRU449944B144B3C          -118.5 -118.3 -119.0 -118.7                  0.3
FDD=CS1CT4 CS1CT4 Radio-S102-1 RRU449944B144B3C          -119.2 -119.0               -119.4 -119.2    0.2
================================================================================================================================
Bye...
Output has been logged to file /mta_fs/UserFiles/37258710/amosbatch/SDIR/CS1CT.log
