Logging to file /mta_fs/UserFiles/37258710/amosbatch/SDIR/CS32T.log
                        __  __  ____   _____
                  /\   |  \/  |/ __ \ / ____|
                 /  \  | \  / | |  | | (___  
                / /\ \ | |\/| | |  | |\___ \ 
               / ____ \| |  | | |__| |____) |
              /_/    \_\_|  |_|\____/|_____/
              OSS Framework for MoShell-25.0h 
  Copyright (c) Ericsson AB 2001-2025 - All Rights Reserved
              
           
[1;31mWARNING: [0mthe AMOS version currently running is more than 29 weeks old and is unsupported.
Please upgrade as soon as possible to the latest released version, available from your local Ericsson support.

$amosrb_pid = 1683448

Checking ip contact...OK

HELP MENU            : h
BASIC MO COMMANDS    : m
OTHER MO COMMANDS    : n
OTHER COMMANDS       : o
PM COMMANDS          : p
QUIT                 : q

CS32T> lt all

251125-09:18:28+0100 19.31.4.133 25.0h  stopfile=/tmp/1683351
Looking up temporary_amos account... OK.
Trying temporary_amos_t20251125_37258710_65084_131's password from amos lookupAccount ... OK

$ssh_pid = 1683975

Connected to 19.31.4.133 (SubNetwork=BBMM_rckomc_R,MeContext=CS32T,ManagedElement=CS32T)

Checking MOM version...MSRBS_NODE_MODEL_25.Q1_693.28324.131_62ac
Parsing MOM (cached): /ericsson/log/amos/moshell_logfiles/t20251125_37258710_65084/logs_moshell/tempfiles/scp-4-amos_20251125-091821_1683295/MSRBS_NODE_MODEL_25.Q1_693.28324.131_62ac.xml.cache.gz ..................................................................................................................................................................................................................................Done.
Using paramfile /opt/ericsson/amos/moshell/commonjars/pm/PARAM_MSRBS_25.Q1.txt
Parsing file /opt/ericsson/amos/moshell/commonjars/pm/PARAM_MSRBS_25.Q1.txt .......................................................................................Done.
Using imomdfile /opt/ericsson/amos/moshell/commonjars/pm/IMOMD_MSRBS_22.Q4.txt
Using imomfile /opt/ericsson/amos/moshell/commonjars/pm/IMOM_MSRBS_25.Q1.txt
Connected to 19.31.4.133 (SubNetwork=BBMM_rckomc_R,MeContext=CS32T,ManagedElement=CS32T)

Last MO: 22803. Loaded 22803 MOs. Total: 22804 MOs.

CS32T> st cell

251125-09:18:44+0100 19.31.4.133 25.0h MSRBS_NODE_MODEL_25.Q1_693.28324.131_62ac stopfile=/tmp/1683351
===================================================================================
Proxy  Adm State     Op. State     MO
===================================================================================
   43  1 (UNLOCKED)  1 (ENABLED)   ENodeBFunction=1,EUtranCellFDD=CS32J1
  212  1 (UNLOCKED)  1 (ENABLED)   ENodeBFunction=1,EUtranCellFDD=CS32J2
  334  1 (UNLOCKED)  1 (ENABLED)   ENodeBFunction=1,EUtranCellFDD=CS32J3
  512  1 (UNLOCKED)  1 (ENABLED)   ENodeBFunction=1,EUtranCellFDD=CS32J4
  723  1 (UNLOCKED)  1 (ENABLED)   ENodeBFunction=1,EUtranCellFDD=CS32M1
  952  1 (UNLOCKED)  1 (ENABLED)   ENodeBFunction=1,EUtranCellFDD=CS32M2
 1080  1 (UNLOCKED)  1 (ENABLED)   ENodeBFunction=1,EUtranCellFDD=CS32M3
 1291  1 (UNLOCKED)  1 (ENABLED)   ENodeBFunction=1,EUtranCellFDD=CS32M4
 1479  1 (UNLOCKED)  1 (ENABLED)   ENodeBFunction=1,EUtranCellFDD=CS32T1
 1712  1 (UNLOCKED)  1 (ENABLED)   ENodeBFunction=1,EUtranCellFDD=CS32T2
 1871  1 (UNLOCKED)  1 (ENABLED)   ENodeBFunction=1,EUtranCellFDD=CS32T3
 2113  1 (UNLOCKED)  1 (ENABLED)   ENodeBFunction=1,EUtranCellFDD=CS32T4
 4810                1 (ENABLED)   GNBCUCPFunction=1,EUtraNetwork=1,ExternalENodeBFunction=auto222_1_2_213153,ExternalEUtranCell=2221-213153-71
 4811                1 (ENABLED)   GNBCUCPFunction=1,EUtraNetwork=1,ExternalENodeBFunction=auto222_1_2_213153,ExternalEUtranCell=2221-213153-72
 4812                1 (ENABLED)   GNBCUCPFunction=1,EUtraNetwork=1,ExternalENodeBFunction=auto222_1_2_213153,ExternalEUtranCell=2221-213153-73
 4813                1 (ENABLED)   GNBCUCPFunction=1,EUtraNetwork=1,ExternalENodeBFunction=auto222_1_2_213153,ExternalEUtranCell=2221-213153-74
 5520  1 (UNLOCKED)  1 (ENABLED)   GNBDUFunction=1,NRCellDU=CS32G1
 5522  1 (UNLOCKED)  1 (ENABLED)   GNBDUFunction=1,NRCellDU=CS32G2
 5524  1 (UNLOCKED)  1 (ENABLED)   GNBDUFunction=1,NRCellDU=CS32G3
 5526  1 (UNLOCKED)  1 (ENABLED)   GNBDUFunction=1,NRCellDU=CS32G4
===================================================================================
Total: 20 MOs

INFO: NRCellDU status needs to be printed with command "stz" or "hget ,nrcell state" due to dependency to cellState/serviceState attributes.

CS32T> st radio

251125-09:18:45+0100 19.31.4.133 25.0h MSRBS_NODE_MODEL_25.Q1_693.28324.131_62ac stopfile=/tmp/1683351
===================================================================================
Proxy  Adm State     Op. State     MO
===================================================================================
 4577  1 (UNLOCKED)  1 (ENABLED)   Equipment=1,FieldReplaceableUnit=Radio-S100-1
 4600  1 (UNLOCKED)  1 (ENABLED)   Equipment=1,FieldReplaceableUnit=Radio-S102-1
 4623  1 (UNLOCKED)  1 (ENABLED)   Equipment=1,FieldReplaceableUnit=Radio-S220-1
 4650  1 (UNLOCKED)  1 (ENABLED)   Equipment=1,FieldReplaceableUnit=Radio-S221-1
 4677  1 (UNLOCKED)  1 (ENABLED)   Equipment=1,FieldReplaceableUnit=Radio-S222-1
 4704  1 (UNLOCKED)  1 (ENABLED)   Equipment=1,FieldReplaceableUnit=Radio-S223-1
22795  1 (UNLOCKED)  1 (ENABLED)   Transport=1,Synchronization=1,RadioEquipmentClock=1,RadioEquipmentClockReference=NTP1
22796  1 (UNLOCKED)  0 (DISABLED)  Transport=1,Synchronization=1,RadioEquipmentClock=1,RadioEquipmentClockReference=PTP8275_2
===================================================================================
Total: 8 MOs

CS32T> sdir

251125-09:18:45+0100 19.31.4.133 25.0h MSRBS_NODE_MODEL_25.Q1_693.28324.131_62ac stopfile=/tmp/1683351
INFO: Using amos lookupAccount credentials for the export login
...................
get /rop/A20251125.0730-0745_CS32T.xml.gz /ericsson/log/amos/moshell_logfiles/t20251125_37258710_65084/logs_moshell/pmfiles/19.31.4.133/rop/A20251125.0730-0745_CS32T.xml.gz ... OK
get /rop/A20251125.0745-0800_CS32T.xml.gz /ericsson/log/amos/moshell_logfiles/t20251125_37258710_65084/logs_moshell/pmfiles/19.31.4.133/rop/A20251125.0745-0800_CS32T.xml.gz ... OK
get /rop/A20251125.0800-0815_CS32T.xml.gz /ericsson/log/amos/moshell_logfiles/t20251125_37258710_65084/logs_moshell/pmfiles/19.31.4.133/rop/A20251125.0800-0815_CS32T.xml.gz ... OK
....Checking available boards on node...

Collecting RCS board data ...
...........................................................................................................................
..................................
.......................................................................................................................................................................................................................................................................................................................................................................................................................................................................
............
Collecting TN data...
........................................................................................................................
Getting MO data from node (91 MOs). Please wait...
0%                                             ~50%                                           ~100%
....................................................................................................................................
Collecting RF data...
......
Collecting Alarms...
.....Executing action Log.export()
...
Log=AlarmLog                    actionId=16444
...................
Executing action LogM.exportAvailabilityLog()
..LogM=1,exportAvailabilityLog    actionId=16445
.....Parsing alarmLog...........Done.
Parsing availabilityLog......Done.
...........

Total: 6 CPRI links (0 OK, 6 OKW, 0 NOK, 0 NT)
.
+--------+                      +----------------------------+
|        | A        O101     D1 |        Radio-S220-1        |
|        |-----------1----------| RRU247924B824B2024B28BM01* |
|        |        OKW-58m       |           BXP_7            |
|        |                      +----------------------------+
|        |                                     |A  |B  |C  |D
|        |               SE=220* AG=220 FDD=CS32J1 NRC=CS32G1
|        |
|        |                      +----------------------------+
|        | B        O101     D1 |        Radio-S221-1        |
|        |-----------2----------| RRU247924B824B2024B28BM01* |
|        |        OKW-58m       |           BXP_6            |
|        |                      +----------------------------+
|        |                                     |A  |B  |C  |D
|        |               SE=221* AG=221 FDD=CS32J2 NRC=CS32G2
|        |
|        |                      +----------------------------+
|        | C        O101     D1 |        Radio-S222-1        |
|        |-----------3----------| RRU247924B824B2024B28BM01* |
|        |        OKW-58m       |           BXP_5            |
|        |                      +----------------------------+
|        |                                     |A  |B  |C  |D
|        |               SE=222* AG=222 FDD=CS32J3 NRC=CS32G3
|        |
|        |                      +------------------+
|        | D        O101     D2 |   Radio-S100-1   |
|        |-----------4----------| RRU449944B144B3C |
|  BB-1  |        OKW-58m       |      BXP_3       |
| BB6631 |                      +------------------+
| 000100 |                           |A  |B  |C  |D
|        |                    SE=100 AG=100  |   |
|        |            FDD=CS32M1 FDD=CS32T1  |   |
|        |                            SE=101 AG=101
|        |                    FDD=CS32M2 FDD=CS32T2
|        |
|        |                      +------------------+
|        | E        O101     D2 |   Radio-S102-1   |
|        |-----------5----------| RRU449944B144B3C |
|        |        OKW-58m       |      BXP_2       |
|        |                      +------------------+
|        |                           |A  |B  |C  |D
|        |                    SE=102 AG=102  |   |
|        |            FDD=CS32M3 FDD=CS32T3  |   |
|        |                            SE=103 AG=103
|        |                    FDD=CS32M4 FDD=CS32T4
|        |
|        |                      +----------------------------+
|        | F        O101     D1 |        Radio-S223-1        |
|        |-----------6----------| RRU247924B824B2024B28BM01* |
|        |        OKW-58m       |           BXP_4            |
|        |                      +----------------------------+
|        |                                     |A  |B  |C  |D
+--------+               SE=223* AG=223 FDD=CS32J4 NRC=CS32G4

=====================================================================================================================================
ID RiL    Type Res MO1-MO2                  BOARD1-BOARD2                     AlmIDs Cells (States)                                        Issue (Failed checks)
=====================================================================================================================================
 1 S220-1 O101 OKW BB-1(A) Radio-S220-1(D1) BB6631 RRU247924B824B2024B28BM01* 3      FDD=CS32J1 NRC=CS32G1 (D,1)                           Conditionally Passed (Non-CPRI active alarm)
 2 S221-1 O101 OKW BB-1(B) Radio-S221-1(D1) BB6631 RRU247924B824B2024B28BM01* 3      FDD=CS32J2 NRC=CS32G2 (D,1)                           Conditionally Passed (Non-CPRI active alarm)
 3 S222-1 O101 OKW BB-1(C) Radio-S222-1(D1) BB6631 RRU247924B824B2024B28BM01* 3      FDD=CS32J3 NRC=CS32G3 (D,1)                           Conditionally Passed (Non-CPRI active alarm)
 4 S100-1 O101 OKW BB-1(D) Radio-S100-1(D2) BB6631 RRU449944B144B3C           3      FDD=CS32M1 FDD=CS32M2 FDD=CS32T1 FDD=CS32T2 (D,D,D,D) Conditionally Passed (Non-CPRI active alarm)
 5 S102-1 O101 OKW BB-1(E) Radio-S102-1(D2) BB6631 RRU449944B144B3C           3      FDD=CS32M3 FDD=CS32M4 FDD=CS32T3 FDD=CS32T4 (D,D,D,D) Conditionally Passed (Non-CPRI active alarm)
 6 S223-1 O101 OKW BB-1(F) Radio-S223-1(D1) BB6631 RRU247924B824B2024B28BM01* 3      FDD=CS32J4 NRC=CS32G4 (D,1)                           Conditionally Passed (Non-CPRI active alarm)
-------------------------------------------------------------------------------------------------------------------------------------

=====================================================================================================================================
AlmID IDs RiLs Status      Alarm
=====================================================================================================================================
3     All All  A           Sync Time and Phase Accuracy Too Low - GNBDUFunction=1,NRSynchronization=1 (Time and phase synchronization accuracy crossed the threshold for some FDD configurations.)
-------------------------------------------------------------------------------------------------------------------------------------

Node: RadioNode LN   CXP2010174/2_R27J08 (25.Q1)   G3.1   LTE-FDD NR-LB-FDD-ESS-NSA

=====================================================================================================================================
FRU          ;LNH    ;BOARD                      ;ST ;FAULT ;OPER ;MAINT ;STAT ;PRODUCTNUMBER   ;REV     ;SERIAL        ;DATE     ;PMTEMP ; TEMP ; UPT ;VOLT ;SW                   ;
=====================================================================================================================================
BB-1         ;000100 ;BB6631                     ; 1 ;  OFF ;  ON ;  OFF ;  ON ;KDU1370071/11   ;R3H     ;E23F751915    ;20240813 ;3 (OK) ;      ;24.5 ;52   ;                     ;
Radio-S100-1 ;BXP_3  ;RRU449944B144B3C           ; 1 ;  OFF ;  ON ;  OFF ; N/A ;KRC161787/1     ;R3A     ;TU8U02M6UR    ;20240704 ;4 (OK) ; 20.5 ;24.5 ;52.2 ;CXP9013268%15_R101LX ; (Radio449944B144B3C)
Radio-S102-1 ;BXP_2  ;RRU449944B144B3C           ; 1 ;  OFF ;  ON ;  OFF ; N/A ;KRC161787/1     ;R3A     ;TU8U02M6UK    ;20240704 ;4 (OK) ; 22.4 ;24.5 ;52.4 ;CXP9013268%15_R101LX ; (Radio449944B144B3C)
Radio-S220-1 ;BXP_7  ;RRU247924B824B2024B28BM01* ; 1 ;  OFF ;  ON ;  OFF ; N/A ;KRC161832/1     ;R2H     ;TU8U02L59S    ;20240617 ;4 (OK) ; 23.3 ;24.5 ;51.7 ;CXP9013268%15_R101LX ; (Radio247924B824B2024B28BM01)
Radio-S221-1 ;BXP_6  ;RRU247924B824B2024B28BM01* ; 1 ;  OFF ;  ON ;  OFF ; N/A ;KRC161832/1     ;R2H     ;TU8U02MNWF    ;20240711 ;4 (OK) ; 21.3 ;24.5 ;52.4 ;CXP9013268%15_R101LX ; (Radio247924B824B2024B28BM01)
Radio-S222-1 ;BXP_5  ;RRU247924B824B2024B28BM01* ; 1 ;  OFF ;  ON ;  OFF ; N/A ;KRC161832/1     ;R2H     ;TU8U02MMQ0    ;20240711 ;4 (OK) ; 19.3 ;24.5 ;52.5 ;CXP9013268%15_R101LX ; (Radio247924B824B2024B28BM01)
Radio-S223-1 ;BXP_4  ;RRU247924B824B2024B28BM01* ; 1 ;  OFF ;  ON ;  OFF ; N/A ;KRC161832/1     ;R2H     ;TU8U02L5AJ    ;20240617 ;4 (OK) ; 22.2 ;24.5 ;52.3 ;CXP9013268%15_R101LX ; (Radio247924B824B2024B28BM01)
-------------------------------------------------------------------------------------------------------------------------------------

=====================================================================================================================================
XPBOARD  ;ST ;FAULT ;OPER ;PRODUCTNUMBER ;REV ;SERIAL/NAME ;DATE     ; TEMP ;MO
=====================================================================================================================================
FAN08    ; 1 ;N/A   ;N/A  ;BKV106236/1   ;R2F ;DD13993303  ;20240407 ; 31.0 ;SupportUnit=1 (FAN  BB-1)
-------------------------------------------------------------------------------------------------------------------------------------

=====================================================================================================================================
ID ;T ;RiL    ;BPBP ;BOARD1                     ;LNH1 ;PORT ;R ;LINK ;RATE  ; BER ;BOARD2                     ;LNH2 ;PORT ;R ;LINK ;RATE  ; BER ;LENGTH ;MO1 - MO2
=====================================================================================================================================
 1 ;O ;S220-1 ;1111 ;BB6631                     ;000100 ; 1 ;M ;Up   ;10.1G ;   0 ;RRU247924B824B2024B28BM01* ;BXP_7  ; 0 ;S ;Up   ;10.1G ;   0 ;   58m ;Fru=BB-1(A) Fru=Radio-S220-1(D1)
 2 ;O ;S221-1 ;1111 ;BB6631                     ;000100 ; 2 ;M ;Up   ;10.1G ;   0 ;RRU247924B824B2024B28BM01* ;BXP_6  ; 0 ;S ;Up   ;10.1G ;   0 ;   58m ;Fru=BB-1(B) Fru=Radio-S221-1(D1)
 3 ;O ;S222-1 ;1111 ;BB6631                     ;000100 ; 3 ;M ;Up   ;10.1G ;   0 ;RRU247924B824B2024B28BM01* ;BXP_5  ; 0 ;S ;Up   ;10.1G ;   0 ;   58m ;Fru=BB-1(C) Fru=Radio-S222-1(D1)
 4 ;O ;S100-1 ;1111 ;BB6631                     ;000100 ; 4 ;M ;Up   ;10.1G ;   0 ;RRU449944B144B3C           ;BXP_3  ; 1 ;S ;Up   ;10.1G ;   0 ;   58m ;Fru=BB-1(D) Fru=Radio-S100-1(D2)
 5 ;O ;S102-1 ;1111 ;BB6631                     ;000100 ; 5 ;M ;Up   ;10.1G ;   0 ;RRU449944B144B3C           ;BXP_2  ; 1 ;S ;Up   ;10.1G ;   0 ;   58m ;Fru=BB-1(E) Fru=Radio-S102-1(D2)
 6 ;O ;S223-1 ;1111 ;BB6631                     ;000100 ; 6 ;M ;Up   ;10.1G ;   0 ;RRU247924B824B2024B28BM01* ;BXP_4  ; 0 ;S ;Up   ;10.1G ;   0 ;   58m ;Fru=BB-1(F) Fru=Radio-S223-1(D1)
-------------------------------------------------------------------------------------------------------------------------------------

=====================================================================================================================================
ID ;LINK ;RiL    ;VENDOR1  ;VENDORPROD1     ;REV1 ;SERIAL1        ;DATE1    ;ERICSSONPROD1      ;VENDOR2  ;VENDORPROD2     ;REV2 ;SERIAL2        ;DATE2    ;ERICSSONPROD2      ;TT ;WL1     ;WL2    
=====================================================================================================================================
 1 ;Up   ;S220-1 ;ERICSSON ;RTXM228-702-C22 ;1.0  ;CU824G17HS     ;20240712 ;RDH10265/2 R1A     ;ERICSSON ;RTXM228-702-C22 ;1.0  ;CU824G17J9     ;20240712 ;RDH10265/2 R1A     ;0  ;1310.00 ;1310.00
 2 ;Up   ;S221-1 ;ERICSSON ;RTXM228-702-C22 ;1.0  ;CU824G17AD     ;20240711 ;RDH10265/2 R1A     ;ERICSSON ;RTXM228-702-C22 ;1.0  ;CU824G17J4     ;20240712 ;RDH10265/2 R1A     ;0  ;1310.00 ;1310.00
 3 ;Up   ;S222-1 ;ERICSSON ;RTXM228-702-C22 ;1.0  ;CU824G17JC     ;20240712 ;RDH10265/2 R1A     ;ERICSSON ;RTXM228-702-C22 ;1.0  ;CU824G17J5     ;20240712 ;RDH10265/2 R1A     ;0  ;1310.00 ;1310.00
 4 ;Up   ;S100-1 ;ERICSSON ;RTXM228-702-C22 ;1.0  ;CU824G17JA     ;20240712 ;RDH10265/2 R1A     ;ERICSSON ;RTXM228-702-C22 ;1.0  ;CU824G17J7     ;20240712 ;RDH10265/2 R1A     ;0  ;1310.00 ;1310.00
 5 ;Up   ;S102-1 ;ERICSSON ;RTXM228-702-C22 ;1.0  ;CU824G17AC     ;20240711 ;RDH10265/2 R1A     ;ERICSSON ;RTXM228-702-C22 ;1.0  ;CU824G17HW     ;20240712 ;RDH10265/2 R1A     ;0  ;1310.00 ;1310.00
 6 ;Up   ;S223-1 ;ERICSSON ;RTXM228-702-C22 ;1.0  ;CU824G17JB     ;20240712 ;RDH10265/2 R1A     ;ERICSSON ;RTXM228-702-C22 ;1.0  ;CU824G17J6     ;20240712 ;RDH10265/2 R1A     ;0  ;1310.00 ;1310.00
-------------------------------------------------------------------------------------------------------------------------------------

=====================================================================================================================================
ID ;LINK ;RiL    ;WL1     ;TEMP1 ;TXbs1 ;TXdBm1 ;RXdBm1 ;BER1   ;WL2     ;TEMP2 ;TXbs2 ;TXdBm2 ;RXdBm2 ;BER2   ;DlLoss ;UlLoss ;LENGTH ;TT
=====================================================================================================================================
 1 ;Up   ;S220-1 ;1310.00 ;31C   ;50%   ;-0.59  ;-1.19  ;   0   ;1310.00 ;24C   ;48%   ;-1.05  ;-1.56  ;   0   ;  0.97 ;  0.14 ;   58m ; 0
 2 ;Up   ;S221-1 ;1310.00 ;30C   ;50%   ;-1.28  ;-1.05  ;   0   ;1310.00 ;24C   ;49%   ;-0.88  ;-1.23  ;   0   ; -0.05 ;  0.17 ;   58m ; 0
 3 ;Up   ;S222-1 ;1310.00 ;32C   ;49%   ;-0.79  ;-1.26  ;   0   ;1310.00 ;21C   ;47%   ;-1.19  ;-1.09  ;   0   ;   0.3 ;  0.07 ;   58m ; 0
 4 ;Up   ;S100-1 ;1310.00 ;27C   ;50%   ;-0.88  ;-0.74  ;   0   ;1310.00 ;21C   ;48%   ;-0.51  ;-1.17  ;   0   ;  0.29 ;  0.23 ;   58m ; 0
 5 ;Up   ;S102-1 ;1310.00 ;33C   ;51%   ;-2.68  ;-0.62  ;   0   ;1310.00 ;22C   ;48%   ;-1.05  ;-2.64  ;   0   ; -0.04 ; -0.43 ;   58m ; 0
 6 ;Up   ;S223-1 ;1310.00 ;30C   ;49%   ;-1.07  ;-0.62  ;   0   ;1310.00 ;24C   ;48%   ;-0.86  ;-1.48  ;   0   ;  0.41 ; -0.24 ;   58m ; 0
-------------------------------------------------------------------------------------------------------------------------------------

=====================================================================================================================================
ID ;RiL    ;BOARD                      ;SFPLNH  ;PORT ;VENDOR   ;VENDORPROD      ;REV  ;SERIAL         ;DATE     ;ERICSSONPROD       ;WL      ;TEMP  ;TXbs  ;TXdBm  ;RXdBm  ; BER
=====================================================================================================================================
 1 ;S220-1 ;BB6631                     ;000100   ;  1 ;ERICSSON ;RTXM228-702-C22 ;1.0  ;CU824G17HS     ;20240712 ;RDH10265/2 R1A     ;1310.00 ;31C   ;50%   ;-0.59  ;-1.19  ;   0
 2 ;S221-1 ;BB6631                     ;000100   ;  2 ;ERICSSON ;RTXM228-702-C22 ;1.0  ;CU824G17AD     ;20240711 ;RDH10265/2 R1A     ;1310.00 ;30C   ;50%   ;-1.28  ;-1.05  ;   0
 3 ;S222-1 ;BB6631                     ;000100   ;  3 ;ERICSSON ;RTXM228-702-C22 ;1.0  ;CU824G17JC     ;20240712 ;RDH10265/2 R1A     ;1310.00 ;32C   ;49%   ;-0.79  ;-1.26  ;   0
 4 ;S100-1 ;BB6631                     ;000100   ;  4 ;ERICSSON ;RTXM228-702-C22 ;1.0  ;CU824G17JA     ;20240712 ;RDH10265/2 R1A     ;1310.00 ;27C   ;50%   ;-0.88  ;-0.74  ;   0
 5 ;S102-1 ;BB6631                     ;000100   ;  5 ;ERICSSON ;RTXM228-702-C22 ;1.0  ;CU824G17AC     ;20240711 ;RDH10265/2 R1A     ;1310.00 ;33C   ;51%   ;-2.68  ;-0.62  ;   0
 6 ;S223-1 ;BB6631                     ;000100   ;  6 ;ERICSSON ;RTXM228-702-C22 ;1.0  ;CU824G17JB     ;20240712 ;RDH10265/2 R1A     ;1310.00 ;30C   ;49%   ;-1.07  ;-0.62  ;   0
 5 ;S102-1 ;RRU449944B144B3C           ;BXP_2    ;  1 ;ERICSSON ;RTXM228-702-C22 ;1.0  ;CU824G17HW     ;20240712 ;RDH10265/2 R1A     ;1310.00 ;22C   ;48%   ;-1.05  ;-2.64  ;   0
 4 ;S100-1 ;RRU449944B144B3C           ;BXP_3    ;  1 ;ERICSSON ;RTXM228-702-C22 ;1.0  ;CU824G17J7     ;20240712 ;RDH10265/2 R1A     ;1310.00 ;21C   ;48%   ;-0.51  ;-1.17  ;   0
 6 ;S223-1 ;RRU247924B824B2024B28BM01* ;BXP_4    ;  0 ;ERICSSON ;RTXM228-702-C22 ;1.0  ;CU824G17J6     ;20240712 ;RDH10265/2 R1A     ;1310.00 ;24C   ;48%   ;-0.86  ;-1.48  ;   0
 3 ;S222-1 ;RRU247924B824B2024B28BM01* ;BXP_5    ;  0 ;ERICSSON ;RTXM228-702-C22 ;1.0  ;CU824G17J5     ;20240712 ;RDH10265/2 R1A     ;1310.00 ;21C   ;47%   ;-1.19  ;-1.09  ;   0
 2 ;S221-1 ;RRU247924B824B2024B28BM01* ;BXP_6    ;  0 ;ERICSSON ;RTXM228-702-C22 ;1.0  ;CU824G17J4     ;20240712 ;RDH10265/2 R1A     ;1310.00 ;24C   ;49%   ;-0.88  ;-1.23  ;   0
 1 ;S220-1 ;RRU247924B824B2024B28BM01* ;BXP_7    ;  0 ;ERICSSON ;RTXM228-702-C22 ;1.0  ;CU824G17J9     ;20240712 ;RDH10265/2 R1A     ;1310.00 ;24C   ;48%   ;-1.05  ;-1.56  ;   0
-------------------------------------------------------------------------------------------------------------------------------------
TN ;       ;BB6631                     ;000100   ; IB ;WTD      ;RTXM192-406-C25 ;3.0  ;CU824F2ARJ     ;20240620 ;RDH10247/2 R2A     ;1310    ;24C   ;18%   ;-5.47  ;-6.95  ; 0/0
TN ;       ;BB6631                     ;000100   ;IA2 ;ERICSSON ;NDAAF9-E201     ;E    ;APF24212011AJB ;20240524 ;RPM777053/1000 R1B ;NA      ;NA    ;NA    ;NA     ;NA     ; 0/0
-------------------------------------------------------------------------------------------------------------------------------------

=====================================================================================================================================
BOARD  ;LNH    ;PORT       ;T ;S ;OpMode   ;AutoNeg ;MacAddress        ;VlanIds        ;LOS ;BER
=====================================================================================================================================
BB6631 ;000100 ;TN_IDL_A_1 ;E ;1 ;10G_FULL ;false   ;F4:3C:96:F0:0F:33 ;3901,3908,3910 ;0   ;0/0
BB6631 ;000100 ;TN_IDL_A_2 ;O ;1 ;10G_FULL ;false   ;F4:3C:96:F0:0F:34 ;3908           ;0   ;0/0
BB6631 ;000100 ;TN_IDL_B   ;O ;1 ;1G_FULL  ;true    ;F4:3C:96:F0:0F:37 ;3901,3908,3910 ;0   ;0/0
-------------------------------------------------------------------------------------------------------------------------------------

radioClockState : FREQUENCY_HOLDOVER
-------------------------------------------------------------------------------------
Prio  ;ST  ;syncRefType    ;refStatus  ;opQualLevel  ;SyncReference
-------------------------------------------------------------------------------------
   1  ; 0  ;PTP_TIME       ;PTP_FAULT  ;QL_UNKNOWN   ;Ptp=1,BoundaryOrdinaryClock=1 (G_8275_2 Router=45G_Traffic,InterfaceIPv4=LTE,AddressIPv4=LTE:SLAVE)
   2  ; 1  ;NTP_FREQUENCY  ;NO_FAULT   ;PRC          ;Ntp=1,NtpFrequencySync=NTP1 (10.31.0.54:32751 Router=45G_Traffic,InterfaceIPv4=LTE,AddressIPv4=LTE)
-------------------------------------------------------------------------------------
nodeGroupRole   : SYNC_PROVIDER (syncNodePriority=1, selectionMode=NODE_PRIORITY)
-------------------------------------------------------------------------------------
DU  ;Port  ;sharedUnitRef (RiPortA - RiPortB)  ;remoteNodePriority  ;CandidateStatus
-------------------------------------------------------------------------------------
1   ;F     ;Fru=Radio-S223-1 (1 - 2)           ;3                   ;OK_NOT_ACTIVE
1   ;A     ;Fru=Radio-S220-1 (1 - 2)           ;3                   ;OK_NOT_ACTIVE
1   ;C     ;Fru=Radio-S222-1 (1 - 2)           ;3                   ;OK_NOT_ACTIVE
1   ;B     ;Fru=Radio-S221-1 (1 - 2)           ;3                   ;OK_NOT_ACTIVE
-------------------------------------------------------------------------------------

=====================================================================================================================================
FRU          ;LNH    ;BOARD                      ;RF  ;BP  ;TX (W/dBm)  ;VSWR (RL)   ;RX (dBm) ;UEs/gUEs  ;Sector/AntennaGroup/Cells (State:CellIds:PCIs)
=====================================================================================================================================
Radio-S100-1 ;BXP_3  ;RRU449944B144B3C           ; A  ;11  ;24.4 (43.9) ;1.11 (25.8) ;-91.0    ;46/-      ;SE=100 AG=100 FDD=CS32M1 FDD=CS32T1 (D:31:398, D:41:155)
Radio-S100-1 ;BXP_3  ;RRU449944B144B3C           ; B  ;11  ;24.4 (43.9) ;1.15 (22.9) ;-90.9    ;46/-      ;SE=100 AG=100 FDD=CS32M1 FDD=CS32T1 (D:31:398, D:41:155)
Radio-S100-1 ;BXP_3  ;RRU449944B144B3C           ; C  ;11  ;39.5 (46.0) ;1.12 (24.9) ;-96.1    ;6/-       ;SE=101 AG=101 FDD=CS32M2 FDD=CS32T2 (D:32:116, D:42:173)
Radio-S100-1 ;BXP_3  ;RRU449944B144B3C           ; D  ;11  ;-           ;1.18 (21.5) ;-96.7    ;6/-       ;SE=101 AG=101 FDD=CS32M2 FDD=CS32T2 (D:32:116, D:42:173)
Radio-S102-1 ;BXP_2  ;RRU449944B144B3C           ; A  ;11  ;39.5 (46.0) ;1.15 (23.2) ;-93.2    ;72/-      ;SE=102 AG=102 FDD=CS32M3 FDD=CS32T3 (D:33:66, D:43:97)
Radio-S102-1 ;BXP_2  ;RRU449944B144B3C           ; B  ;11  ;38.8 (45.9) ;1.14 (23.5) ;-93.8    ;72/-      ;SE=102 AG=102 FDD=CS32M3 FDD=CS32T3 (D:33:66, D:43:97)
Radio-S102-1 ;BXP_2  ;RRU449944B144B3C           ; C  ;11  ;22.2 (43.5) ;1.12 (24.8) ;-88.0    ;47/-      ;SE=103 AG=103 FDD=CS32M4 FDD=CS32T4 (D:34:321, D:44:139)
Radio-S102-1 ;BXP_2  ;RRU449944B144B3C           ; D  ;11  ;23.3 (43.7) ;1.20 (21.0) ;-89.3    ;47/-      ;SE=103 AG=103 FDD=CS32M4 FDD=CS32T4 (D:34:321, D:44:139)
Radio-S220-1 ;BXP_7  ;RRU247924B824B2024B28BM01* ; A  ;11  ;22.1 (43.4) ;1.19 (21.4) ;-91.9    ;1/13      ;SE=220* AG=220 FDD=CS32J1 NRC=CS32G1 (D:71:447, 1:561:411)
Radio-S220-1 ;BXP_7  ;RRU247924B824B2024B28BM01* ; B  ;11  ;21.2 (43.3) ;1.13 (24.2) ;-90.3    ;1/13      ;SE=220* AG=220 FDD=CS32J1 NRC=CS32G1 (D:71:447, 1:561:411)
Radio-S220-1 ;BXP_7  ;RRU247924B824B2024B28BM01* ; C  ;11  ;12.9 (41.1) ;1.17 (22.0) ;-90.9    ;1/13      ;SE=220* AG=220 FDD=CS32J1 NRC=CS32G1 (D:71:447, 1:561:411)
Radio-S220-1 ;BXP_7  ;RRU247924B824B2024B28BM01* ; D  ;11  ;13.8 (41.4) ;1.13 (24.1) ;-92.0    ;1/13      ;SE=220* AG=220 FDD=CS32J1 NRC=CS32G1 (D:71:447, 1:561:411)
Radio-S221-1 ;BXP_6  ;RRU247924B824B2024B28BM01* ; A  ;11  ;22.8 (43.6) ;1.23 (19.7) ;-95.4    ;1/3       ;SE=221* AG=221 FDD=CS32J2 NRC=CS32G2 (D:72:126, 1:562:410)
Radio-S221-1 ;BXP_6  ;RRU247924B824B2024B28BM01* ; B  ;11  ;23.6 (43.7) ;1.19 (21.4) ;-96.6    ;1/3       ;SE=221* AG=221 FDD=CS32J2 NRC=CS32G2 (D:72:126, 1:562:410)
Radio-S221-1 ;BXP_6  ;RRU247924B824B2024B28BM01* ; C  ;11  ;8.5 (39.3)  ;1.17 (22.3) ;-97.2    ;1/3       ;SE=221* AG=221 FDD=CS32J2 NRC=CS32G2 (D:72:126, 1:562:410)
Radio-S221-1 ;BXP_6  ;RRU247924B824B2024B28BM01* ; D  ;11  ;8.7 (39.4)  ;1.16 (22.4) ;-96.8    ;1/3       ;SE=221* AG=221 FDD=CS32J2 NRC=CS32G2 (D:72:126, 1:562:410)
Radio-S222-1 ;BXP_5  ;RRU247924B824B2024B28BM01* ; A  ;11  ;30.3 (44.8) ;1.23 (19.6) ;-92.9    ;6/19      ;SE=222* AG=222 FDD=CS32J3 NRC=CS32G3 (D:73:156, 1:563:508)
Radio-S222-1 ;BXP_5  ;RRU247924B824B2024B28BM01* ; B  ;11  ;27.6 (44.4) ;1.16 (22.6) ;-92.6    ;6/19      ;SE=222* AG=222 FDD=CS32J3 NRC=CS32G3 (D:73:156, 1:563:508)
Radio-S222-1 ;BXP_5  ;RRU247924B824B2024B28BM01* ; C  ;11  ;18.6 (42.7) ;1.30 (17.6) ;-92.6    ;6/19      ;SE=222* AG=222 FDD=CS32J3 NRC=CS32G3 (D:73:156, 1:563:508)
Radio-S222-1 ;BXP_5  ;RRU247924B824B2024B28BM01* ; D  ;11  ;19.1 (42.8) ;1.26 (18.7) ;-93.6    ;6/19      ;SE=222* AG=222 FDD=CS32J3 NRC=CS32G3 (D:73:156, 1:563:508)
Radio-S223-1 ;BXP_4  ;RRU247924B824B2024B28BM01* ; A  ;11  ;20.1 (43.0) ;1.11 (25.7) ;-88.7    ;2/39      ;SE=223* AG=223 FDD=CS32J4 NRC=CS32G4 (D:74:42, 1:564:426)
Radio-S223-1 ;BXP_4  ;RRU247924B824B2024B28BM01* ; B  ;11  ;15.9 (42.0) ;1.13 (24.4) ;-88.7    ;2/39      ;SE=223* AG=223 FDD=CS32J4 NRC=CS32G4 (D:74:42, 1:564:426)
Radio-S223-1 ;BXP_4  ;RRU247924B824B2024B28BM01* ; C  ;11  ;14.5 (41.6) ;1.24 (19.5) ;-87.9    ;2/39      ;SE=223* AG=223 FDD=CS32J4 NRC=CS32G4 (D:74:42, 1:564:426)
Radio-S223-1 ;BXP_4  ;RRU247924B824B2024B28BM01* ; D  ;11  ;17.0 (42.3) ;1.17 (22.2) ;-89.6    ;2/39      ;SE=223* AG=223 FDD=CS32J4 NRC=CS32G4 (D:74:42, 1:564:426)
-------------------------------------------------------------------------------------------------------------------------------------

CS32T> mfar

251125-09:22:08+0100 19.31.4.133 25.0h MSRBS_NODE_MODEL_25.Q1_693.28324.131_62ac stopfile=/tmp/1683351
..........
Last MO: 22811. Loaded 22811 MOs. Total: 22812 MOs.
..................................................
get /rop/A20251125.0645-0700_CS32T.xml.gz /ericsson/log/amos/moshell_logfiles/t20251125_37258710_65084/logs_moshell/pmfiles/19.31.4.133/rop/A20251125.0645-0700_CS32T.xml.gz ... OK
get /rop/A20251125.0700-0715_CS32T.xml.gz /ericsson/log/amos/moshell_logfiles/t20251125_37258710_65084/logs_moshell/pmfiles/19.31.4.133/rop/A20251125.0700-0715_CS32T.xml.gz ... OK
get /rop/A20251125.0715-0730_CS32T.xml.gz /ericsson/log/amos/moshell_logfiles/t20251125_37258710_65084/logs_moshell/pmfiles/19.31.4.133/rop/A20251125.0715-0730_CS32T.xml.gz ... OK

Using hardcoded thresholds: 3, 4.5, and 16.5
================================================================================================================================
SC     SE  Tx/Rx BrPair  RfPort1 - RfPort2               HW       Serial      Cell (State)   Samples   Med  Mean  SDev Pol Res Issue
================================================================================================================================
CS32J1 220   2/4 0 (1,2) Radio-S220-1(A) Radio-S220-1(B) RRU2479  TU8U02L59S  FDD=CS32J1 (1)   16042   2.5   1.6   5.7  NA  OK Passed
CS32J1 220   2/4 1 (2,3) Radio-S220-1(B) Radio-S220-1(C) RRU2479  TU8U02L59S  FDD=CS32J1 (1)   16042  -2.5  -2.0   2.9  NA  OK Passed
CS32J1 220   2/4 2 (3,4) Radio-S220-1(C) Radio-S220-1(D) RRU2479  TU8U02L59S  FDD=CS32J1 (1)   16042   2.5   1.4   6.0  NA  OK Passed
CS32J2 221   2/4 0 (1,2) Radio-S221-1(A) Radio-S221-1(B) RRU2479  TU8U02MNWF  FDD=CS32J2 (1)    4441  -1.5  -1.4   3.7  NA  OK Passed
CS32J2 221   2/4 1 (2,3) Radio-S221-1(B) Radio-S221-1(C) RRU2479  TU8U02MNWF  FDD=CS32J2 (1)    4441  -0.5  -0.9   3.6  NA  OK Passed
CS32J2 221   2/4 2 (3,4) Radio-S221-1(C) Radio-S221-1(D) RRU2479  TU8U02MNWF  FDD=CS32J2 (1)    4441   0.5   0.6   3.8  NA  OK Passed
CS32J3 222   2/4 0 (1,2) Radio-S222-1(A) Radio-S222-1(B) RRU2479  TU8U02MMQ0  FDD=CS32J3 (1)   79463  -1.5  -1.1   6.7  NA  OK Passed
CS32J3 222   2/4 1 (2,3) Radio-S222-1(B) Radio-S222-1(C) RRU2479  TU8U02MMQ0  FDD=CS32J3 (1)   79463   0.5   0.6   2.9  NA  OK Passed
CS32J3 222   2/4 2 (3,4) Radio-S222-1(C) Radio-S222-1(D) RRU2479  TU8U02MMQ0  FDD=CS32J3 (1)   79463  -0.5  -0.9   6.6  NA  OK Passed
CS32J4 223   2/4 0 (1,2) Radio-S223-1(A) Radio-S223-1(B) RRU2479  TU8U02L5AJ  FDD=CS32J4 (1)   42817  -4.5  -2.4   7.0  NA  OK Passed
CS32J4 223   2/4 1 (2,3) Radio-S223-1(B) Radio-S223-1(C) RRU2479  TU8U02L5AJ  FDD=CS32J4 (1)   42817   1.5   1.4   3.8  NA  OK Passed
CS32J4 223   2/4 2 (3,4) Radio-S223-1(C) Radio-S223-1(D) RRU2479  TU8U02L5AJ  FDD=CS32J4 (1)   42817  -0.5  -0.2   6.3  NA  OK Passed
CS32M1 100   2/2 0 (1,2) Radio-S100-1(A) Radio-S100-1(B) RRU4499  TU8U02M6UR  FDD=CS32M1 (1)  189281  -2.5  -2.1   6.2  NA  OK Passed
CS32M2 101   2/2 0 (1,2) Radio-S100-1(C) Radio-S100-1(D) RRU4499  TU8U02M6UR  FDD=CS32M2 (1)    1960  -0.5   0.0   5.9  NA  NT Not enough data
CS32M3 102   2/2 0 (1,2) Radio-S102-1(A) Radio-S102-1(B) RRU4499  TU8U02M6UK  FDD=CS32M3 (1)  114124   1.5   1.5   6.9  NA  OK Passed
CS32M4 103   2/2 0 (1,2) Radio-S102-1(C) Radio-S102-1(D) RRU4499  TU8U02M6UK  FDD=CS32M4 (1)  124608   0.5   0.2   6.6  NA  OK Passed
CS32T1 100   2/2 0 (1,2) Radio-S100-1(A) Radio-S100-1(B) RRU4499  TU8U02M6UR  FDD=CS32T1 (1)  175026  -1.5  -1.6   7.3  NA  OK Passed
CS32T2 101   2/2 0 (1,2) Radio-S100-1(C) Radio-S100-1(D) RRU4499  TU8U02M6UR  FDD=CS32T2 (1)   28688  -3.5  -2.4   8.2  NA  OK Passed
CS32T3 102   2/2 0 (1,2) Radio-S102-1(A) Radio-S102-1(B) RRU4499  TU8U02M6UK  FDD=CS32T3 (1)  237682   0.5  -0.1   6.8  NA  OK Passed
CS32T4 103   2/2 0 (1,2) Radio-S102-1(C) Radio-S102-1(D) RRU4499  TU8U02M6UK  FDD=CS32T4 (1)  206988   1.5   1.2   7.5  NA  OK Passed
================================================================================================================================
Total: 12 SectorCarriers, 20 RfBranch Pairs (19 OK, 0 OKW, 0 NOK, 1 NT)
...........
Last MO: 22811. Loaded 22811 MOs. Total: 22812 MOs.
..................................

Using hardcoded thresholds: 3, 4.5, and 16.5
================================================================================================================================
SC     SE  Tx/Rx BrPair  RfPort1 - RfPort2               HW       Serial      Cell (State)  Samples   Med  Mean  SDev Pol Res Issue
================================================================================================================================
CS32G1 220   2/4 0 (1,2) Radio-S220-1(A) Radio-S220-1(B) RRU2479  TU8U02L59S  DU=CS32G1 (1)  264441  -0.5  -0.8   7.8  NA  OK Passed
CS32G1 220   2/4 1 (2,3) Radio-S220-1(B) Radio-S220-1(C) RRU2479  TU8U02L59S  DU=CS32G1 (1)  264423  -1.5  -1.5   5.1  NA  OK Passed
CS32G1 220   2/4 2 (3,4) Radio-S220-1(C) Radio-S220-1(D) RRU2479  TU8U02L59S  DU=CS32G1 (1)  264430   1.5   2.6   8.8  NA  OK Passed
CS32G2 221   2/4 0 (1,2) Radio-S221-1(A) Radio-S221-1(B) RRU2479  TU8U02MNWF  DU=CS32G2 (1)   35586   3.5   3.4   8.1  NA OKW Possible RF Loss or PIM at Radio-S221-1(A)
CS32G2 221   2/4 1 (2,3) Radio-S221-1(B) Radio-S221-1(C) RRU2479  TU8U02MNWF  DU=CS32G2 (1)   35586  -4.5  -4.3   8.0  NA OKW Possible RF Loss or PIM at Radio-S221-1(C)
CS32G2 221   2/4 2 (3,4) Radio-S221-1(C) Radio-S221-1(D) RRU2479  TU8U02MNWF  DU=CS32G2 (1)   35587   3.5   3.8   7.4  NA OKW Possible RF Loss or PIM at Radio-S221-1(C)
CS32G3 222   2/4 0 (1,2) Radio-S222-1(A) Radio-S222-1(B) RRU2479  TU8U02MMQ0  DU=CS32G3 (1)  361521   2.5   2.1   7.3  NA  OK Passed
CS32G3 222   2/4 1 (2,3) Radio-S222-1(B) Radio-S222-1(C) RRU2479  TU8U02MMQ0  DU=CS32G3 (1)  361518  -0.5  -0.1   4.2  NA  OK Passed
CS32G3 222   2/4 2 (3,4) Radio-S222-1(C) Radio-S222-1(D) RRU2479  TU8U02MMQ0  DU=CS32G3 (1)  361520  -2.5  -2.2   6.5  NA  OK Passed
CS32G4 223   2/4 0 (1,2) Radio-S223-1(A) Radio-S223-1(B) RRU2479  TU8U02L5AJ  DU=CS32G4 (1)  666316   0.5   0.4   8.2  NA  OK Passed
CS32G4 223   2/4 1 (2,3) Radio-S223-1(B) Radio-S223-1(C) RRU2479  TU8U02L5AJ  DU=CS32G4 (1)  666358   0.5   0.1   3.9  NA  OK Passed
CS32G4 223   2/4 2 (3,4) Radio-S223-1(C) Radio-S223-1(D) RRU2479  TU8U02L5AJ  DU=CS32G4 (1)  666334  -1.5  -1.0   8.1  NA  OK Passed
================================================================================================================================
Total: 4 NRSectorCarriers, 12 RfBranch Pairs (9 OK, 3 OKW, 0 NOK, 0 NT)

CS32T> mfitr

251125-09:22:45+0100 19.31.4.133 25.0h MSRBS_NODE_MODEL_25.Q1_693.28324.131_62ac stopfile=/tmp/1683351
....................
Last MO: 22811. Loaded 22811 MOs. Total: 22812 MOs.
..............
2025-11-25 09:23
================================================================================================================================
CELL       SC     FRU          BOARD                     PUSCH  PUCCH       A      B      C      D  DELTA
================================================================================================================================
FDD=CS32J1 CS32J1 Radio-S220-1 RRU247924B824B2024B28BM01 -116.1 -114.5 -114.5 -114.2 -115.9 -113.8    2.1
FDD=CS32J2 CS32J2 Radio-S221-1 RRU247924B824B2024B28BM01 -117.6 -118.9 -117.1 -116.4 -117.0 -116.2    0.9
FDD=CS32J3 CS32J3 Radio-S222-1 RRU247924B824B2024B28BM01 -117.0 -116.3 -112.5 -112.0 -111.5 -113.8    2.3
FDD=CS32J4 CS32J4 Radio-S223-1 RRU247924B824B2024B28BM01 -110.1 -110.2 -109.1 -110.7 -109.9 -110.3    1.6
FDD=CS32M1 CS32M1 Radio-S100-1 RRU449944B144B3C          -117.4 -118.2 -117.8 -117.3                  0.5
FDD=CS32M2 CS32M2 Radio-S100-1 RRU449944B144B3C          -119.4 -119.5               -119.4 -119.6    0.2
FDD=CS32M3 CS32M3 Radio-S102-1 RRU449944B144B3C          -118.9 -119.1 -119.1 -118.4                  0.7
FDD=CS32M4 CS32M4 Radio-S102-1 RRU449944B144B3C          -114.9 -117.7               -115.9 -115.9      0
FDD=CS32T1 CS32T1 Radio-S100-1 RRU449944B144B3C          -115.0 -115.7 -115.8 -115.3                  0.5
FDD=CS32T2 CS32T2 Radio-S100-1 RRU449944B144B3C          -119.1 -119.1               -119.1 -119.2    0.1
FDD=CS32T3 CS32T3 Radio-S102-1 RRU449944B144B3C          -117.1 -117.2 -117.0 -117.8                  0.8
FDD=CS32T4 CS32T4 Radio-S102-1 RRU449944B144B3C          -109.7 -114.7               -110.5 -112.2    1.7
================================================================================================================================
Bye...
Output has been logged to file /mta_fs/UserFiles/37258710/amosbatch/SDIR/CS32T.log
