Logging to file /mta_fs/UserFiles/37258710/amosbatch/SDIR/CS36E.log
                        __  __  ____   _____
                  /\   |  \/  |/ __ \ / ____|
                 /  \  | \  / | |  | | (___  
                / /\ \ | |\/| | |  | |\___ \ 
               / ____ \| |  | | |__| |____) |
              /_/    \_\_|  |_|\____/|_____/
              OSS Framework for MoShell-25.0h 
  Copyright (c) Ericsson AB 2001-2025 - All Rights Reserved
              
           
[1;31mWARNING: [0mthe AMOS version currently running is more than 29 weeks old and is unsupported.
Please upgrade as soon as possible to the latest released version, available from your local Ericsson support.

$amosrb_pid = 2859356

Checking ip contact...OK

HELP MENU            : h
BASIC MO COMMANDS    : m
OTHER MO COMMANDS    : n
OTHER COMMANDS       : o
PM COMMANDS          : p
QUIT                 : q

CS36E> lt all

251125-15:09:16+0100 19.31.7.232 25.0h  stopfile=/tmp/2859220
Looking up temporary_amos account... OK.
Trying temporary_amos_t20251125_37258710_65084_131's password from amos lookupAccount ... OK

$ssh_pid = 2860107

Connected to 19.31.7.232 (SubNetwork=BBMM_rckomc_R,MeContext=CS36E,ManagedElement=CS36E)

Checking MOM version...MSRBS_NODE_MODEL_25.Q1_198665.224.73_bf81
Parsing MOM (cached): /ericsson/log/amos/moshell_logfiles/t20251125_37258710_65084/logs_moshell/tempfiles/scp-4-amos_20251125-150910_2859158/MSRBS_NODE_MODEL_25.Q1_198665.224.73_bf81.xml.cache.gz ......................................................................................................................................................................................................................Done.
Using paramfile /opt/ericsson/amos/moshell/commonjars/pm/PARAM_MSRBSG2_25.Q1.txt
Parsing file /opt/ericsson/amos/moshell/commonjars/pm/PARAM_MSRBSG2_25.Q1.txt ......................................................................................Done.
Using imomdfile /opt/ericsson/amos/moshell/commonjars/pm/IMOMD_MSRBS_22.Q4.txt
Using imomfile /opt/ericsson/amos/moshell/commonjars/pm/IMOM_MSRBS_25.Q1.txt
Connected to 19.31.7.232 (SubNetwork=BBMM_rckomc_R,MeContext=CS36E,ManagedElement=CS36E)

Last MO: 18689. Loaded 18689 MOs. Total: 18690 MOs.

CS36E> st cell

251125-15:09:36+0100 19.31.7.232 25.0h MSRBS_NODE_MODEL_25.Q1_198665.224.73_bf81 stopfile=/tmp/2859220
===================================================================================
Proxy  Adm State     Op. State     MO
===================================================================================
   43  1 (UNLOCKED)  1 (ENABLED)   ENodeBFunction=1,EUtranCellFDD=CS36E1
  151  1 (UNLOCKED)  1 (ENABLED)   ENodeBFunction=1,EUtranCellFDD=CS36E2
  285  1 (UNLOCKED)  1 (ENABLED)   ENodeBFunction=1,EUtranCellFDD=CS36E3
  459  1 (UNLOCKED)  1 (ENABLED)   ENodeBFunction=1,EUtranCellFDD=CS36M1
  555  1 (UNLOCKED)  1 (ENABLED)   ENodeBFunction=1,EUtranCellFDD=CS36M2
  671  1 (UNLOCKED)  1 (ENABLED)   ENodeBFunction=1,EUtranCellFDD=CS36M3
  803  1 (UNLOCKED)  1 (ENABLED)   ENodeBFunction=1,EUtranCellFDD=CS36T1
  902  1 (UNLOCKED)  1 (ENABLED)   ENodeBFunction=1,EUtranCellFDD=CS36T2
 1024  1 (UNLOCKED)  1 (ENABLED)   ENodeBFunction=1,EUtranCellFDD=CS36T3
 1919  1 (UNLOCKED)  1 (ENABLED)   ENodeBFunction=1,NbIotCell=CS36N1
 1920  1 (UNLOCKED)  1 (ENABLED)   ENodeBFunction=1,NbIotCell=CS36N2
 1921  1 (UNLOCKED)  1 (ENABLED)   ENodeBFunction=1,NbIotCell=CS36N3
===================================================================================
Total: 12 MOs

CS36E> st radio

251125-15:09:37+0100 19.31.7.232 25.0h MSRBS_NODE_MODEL_25.Q1_198665.224.73_bf81 stopfile=/tmp/2859220
===================================================================================
Proxy  Adm State     Op. State     MO
===================================================================================
 2957  1 (UNLOCKED)  1 (ENABLED)   Equipment=1,FieldReplaceableUnit=Radio-S100-1
 2980  1 (UNLOCKED)  1 (ENABLED)   Equipment=1,FieldReplaceableUnit=Radio-S102-1
 3003  1 (UNLOCKED)  1 (ENABLED)   Equipment=1,FieldReplaceableUnit=Radio-S210-1
 3020  1 (UNLOCKED)  1 (ENABLED)   Equipment=1,FieldReplaceableUnit=Radio-S211-1
 3037  1 (UNLOCKED)  1 (ENABLED)   Equipment=1,FieldReplaceableUnit=Radio-S212-1
18681  1 (UNLOCKED)  1 (ENABLED)   Transport=1,Synchronization=1,RadioEquipmentClock=1,RadioEquipmentClockReference=NTP1
18682  1 (UNLOCKED)  1 (ENABLED)   Transport=1,Synchronization=1,RadioEquipmentClock=1,RadioEquipmentClockReference=PTP8275_2
===================================================================================
Total: 7 MOs

CS36E> sdir

251125-15:09:37+0100 19.31.7.232 25.0h MSRBS_NODE_MODEL_25.Q1_198665.224.73_bf81 stopfile=/tmp/2859220
INFO: Using amos lookupAccount credentials for the export login
.......................
get /rop/A20251125.1315-1330_CS36E.xml.gz /ericsson/log/amos/moshell_logfiles/t20251125_37258710_65084/logs_moshell/pmfiles/19.31.7.232/rop/A20251125.1315-1330_CS36E.xml.gz ... OK
get /rop/A20251125.1330-1345_CS36E.xml.gz /ericsson/log/amos/moshell_logfiles/t20251125_37258710_65084/logs_moshell/pmfiles/19.31.7.232/rop/A20251125.1330-1345_CS36E.xml.gz ... OK
get /rop/A20251125.1345-1400_CS36E.xml.gz /ericsson/log/amos/moshell_logfiles/t20251125_37258710_65084/logs_moshell/pmfiles/19.31.7.232/rop/A20251125.1345-1400_CS36E.xml.gz ... OK
....Checking available boards on node...

Collecting RCS board data ...
.....................................................................................
..........................
..........................................................................................................................................................................................................................................................................................................
.....
Collecting TN data...
.....................................................................................................................
Getting MO data from node (75 MOs). Please wait...
0%                                             ~50%                                           ~100%
....................................................................................................................................
Collecting RF data...
....
Collecting Alarms...
.Executing action Log.export()
...
Log=AlarmLog                    actionId=6325
............
Executing action LogM.exportAvailabilityLog()
..LogM=1,exportAvailabilityLog    actionId=6326
........Parsing alarmLog..........Done.
Parsing availabilityLog........Done.
............

Total: 5 CPRI links (5 OK, 0 OKW, 0 NOK, 0 NT)
.
+--------+                      +--------------------+
|        | A        O101     D1 |    Radio-S210-1    |
|        |-----------1----------| RRU227922B822B20C* |
|        |         OK-62m       |       BXP_2        |
|        |                      +--------------------+
|        |                                     |A  |B
|        |                  SE=210* AG=210 FDD=CS36E1
|        |                                NIOT=CS36N1
|        |
|        |                      +--------------------+
|        | B        O101     D1 |    Radio-S211-1    |
|        |-----------2----------| RRU227922B822B20C* |
|        |         OK-63m       |       BXP_3        |
|        |                      +--------------------+
|        |                                     |A  |B
|        |                  SE=211* AG=211 FDD=CS36E2
|        |                                NIOT=CS36N2
|        |
|        |                      +--------------------+
|        | C        O101     D1 |    Radio-S212-1    |
|        |-----------3----------| RRU227922B822B20C* |
|        |         OK-63m       |       BXP_4        |
|        |                      +--------------------+
|        |                                     |A  |B
|  BB-1  |                  SE=212* AG=212 FDD=CS36E3
| BB6630 |                                NIOT=CS36N3
| 000100 |
|        |                      +------------------+
|        | D        O101     D2 |   Radio-S100-1   |
|        |-----------4----------| RRU449944B144B3C |
|        |         OK-64m       |      BXP_5       |
|        |                      +------------------+
|        |                           |A  |B  |C  |D
|        |                    SE=100 AG=100  |   |
|        |            FDD=CS36M1 FDD=CS36T1  |   |
|        |                            SE=101 AG=101
|        |                    FDD=CS36M2 FDD=CS36T2
|        |
|        |                      +------------------+
|        | E        O101     D2 |   Radio-S102-1   |
|        |-----------5----------| RRU449944B144B3C |
|        |         OK-59m       |      BXP_6       |
|        |                      +------------------+
|        |                           |A  |B  |C  |D
|        |                    SE=102 AG=102  |   |
|        |            FDD=CS36M3 FDD=CS36T3  |   |
|        |
+--------+

=====================================================================================================================================
ID RiL    Type Res MO1-MO2                  BOARD1-BOARD2             AlmIDs Cells (States)                                        Issue (Failed checks)
=====================================================================================================================================
 1 S210-1 O101 OK  BB-1(A) Radio-S210-1(D1) BB6630 RRU227922B822B20C*        FDD=CS36E1 NIOT=CS36N1 (1,1)                          Passed
 2 S211-1 O101 OK  BB-1(B) Radio-S211-1(D1) BB6630 RRU227922B822B20C*        FDD=CS36E2 NIOT=CS36N2 (1,1)                          Passed
 3 S212-1 O101 OK  BB-1(C) Radio-S212-1(D1) BB6630 RRU227922B822B20C*        FDD=CS36E3 NIOT=CS36N3 (1,1)                          Passed
 4 S100-1 O101 OK  BB-1(D) Radio-S100-1(D2) BB6630 RRU449944B144B3C          FDD=CS36M1 FDD=CS36M2 FDD=CS36T1 FDD=CS36T2 (1,1,1,1) Passed
 5 S102-1 O101 OK  BB-1(E) Radio-S102-1(D2) BB6630 RRU449944B144B3C          FDD=CS36M3 FDD=CS36T3 (1,1)                           Passed
-------------------------------------------------------------------------------------------------------------------------------------

Node: RadioNode L   CXP9024418/16_R8D21 (RCG123.3-3)   G2   LTE-FDD,LTE-IoT 

=====================================================================================================================================
FRU          ;LNH    ;BOARD              ;ST ;FAULT ;OPER ;MAINT ;STAT ;PRODUCTNUMBER   ;REV     ;SERIAL        ;DATE     ;PMTEMP ; TEMP ; UPT ;VOLT ;SW                   ;
=====================================================================================================================================
BB-1         ;000100 ;BB6630             ; 1 ;  OFF ;  ON ;  OFF ;  ON ;KDU137848/11    ;R3D     ;E96A00Q8MZ    ;20220330 ;3 (OK) ;      ;29.5 ;48   ;                     ;
Radio-S100-1 ;BXP_5  ;RRU449944B144B3C   ; 1 ;  OFF ;  ON ;  OFF ; N/A ;KRC161787/1     ;R2G     ;TU8U01U9ML    ;20221116 ;4 (OK) ; 26.6 ;29.2 ;50.0 ;CXP9013268%15_R101KB ; (Radio449944B144B3C)
Radio-S102-1 ;BXP_6  ;RRU449944B144B3C   ; 1 ;  OFF ;  ON ;  OFF ; N/A ;KRC161787/1     ;R2G     ;TU8U01LVHQ    ;20220623 ;4 (OK) ; 22.1 ;29.2 ;51.3 ;CXP9013268%15_R101KB ; (Radio449944B144B3C)
Radio-S210-1 ;BXP_2  ;RRU227922B822B20C* ; 1 ;  OFF ;  ON ;  OFF ; N/A ;KRC161864/1     ;R1E     ;TU8U01LGSP    ;20220616 ;4 (OK) ; 26.0 ;29.2 ;52.2 ;CXP9013268%15_R101KB ; (Radio227922B822B20C)
Radio-S211-1 ;BXP_3  ;RRU227922B822B20C* ; 1 ;  OFF ;  ON ;  OFF ; N/A ;KRC161864/1     ;R1E     ;TU8U01LGSH    ;20220616 ;4 (OK) ; 27.0 ;29.2 ;51.5 ;CXP9013268%15_R101KB ; (Radio227922B822B20C)
Radio-S212-1 ;BXP_4  ;RRU227922B822B20C* ; 1 ;  OFF ;  ON ;  OFF ; N/A ;KRC161864/1     ;R1E     ;TU8U01LERJ    ;20220614 ;4 (OK) ; 26.5 ;29.2 ;51.5 ;CXP9013268%15_R101KB ; (Radio227922B822B20C)
-------------------------------------------------------------------------------------------------------------------------------------

=====================================================================================================================================
AntennaNearUnit                                     ;ST  ;TYPE   ;PRODUCTNR  ;REV       ;UNIQUEID         ;RfPort
=====================================================================================================================================
AntennaUnitGroup=210,AntennaNearUnit=RET_1800_2100  ; 1  ;S-RET  ;86010165   ;HW_V_R1B  ;KAD242128140-Y1  ;FieldReplaceableUnit=Radio-S210-1,RfPort=R
AntennaUnitGroup=210,AntennaNearUnit=RET_2600       ; 1  ;S-RET  ;86010165   ;HW_V_R1B  ;KAD242128140-Y2  ;FieldReplaceableUnit=Radio-S210-1,RfPort=R
AntennaUnitGroup=210,AntennaNearUnit=RET_800_900    ; 1  ;S-RET  ;86010165   ;HW_V_R1B  ;KAD242128140-R1  ;FieldReplaceableUnit=Radio-S210-1,RfPort=R
AntennaUnitGroup=211,AntennaNearUnit=RET_1800_2100  ; 1  ;S-RET  ;86010165   ;HW_V_R1B  ;KAD242143973-Y1  ;FieldReplaceableUnit=Radio-S211-1,RfPort=R
AntennaUnitGroup=211,AntennaNearUnit=RET_2600       ; 1  ;S-RET  ;86010165   ;HW_V_R1B  ;KAD242143973-Y2  ;FieldReplaceableUnit=Radio-S211-1,RfPort=R
AntennaUnitGroup=211,AntennaNearUnit=RET_800_900    ; 1  ;S-RET  ;86010165   ;HW_V_R1B  ;KAD242143973-R1  ;FieldReplaceableUnit=Radio-S211-1,RfPort=R
AntennaUnitGroup=212,AntennaNearUnit=RET_1800_2100  ; 1  ;S-RET  ;86010165   ;HW_V_R1B  ;KAD242128110-Y1  ;FieldReplaceableUnit=Radio-S212-1,RfPort=R
AntennaUnitGroup=212,AntennaNearUnit=RET_2600       ; 1  ;S-RET  ;86010165   ;HW_V_R1B  ;KAD242128110-Y2  ;FieldReplaceableUnit=Radio-S212-1,RfPort=R
AntennaUnitGroup=212,AntennaNearUnit=RET_800_900    ; 1  ;S-RET  ;86010165   ;HW_V_R1B  ;KAD242128110-R1  ;FieldReplaceableUnit=Radio-S212-1,RfPort=R
-------------------------------------------------------------------------------------------------------------------------------------

=====================================================================================================================================
XPBOARD  ;ST ;FAULT ;OPER ;PRODUCTNUMBER ;REV ;SERIAL/NAME ;DATE     ; TEMP ;MO
=====================================================================================================================================
FAN      ; 1 ;N/A   ;N/A  ;BKV106217/1   ;N/A ;N/A         ;N/A      ;      ;SupportUnit=1 (FAN  BB-1)
-------------------------------------------------------------------------------------------------------------------------------------

=====================================================================================================================================
ID ;T ;RiL    ;BPBP ;BOARD1             ;LNH1 ;PORT ;R ;LINK ;RATE  ; BER ;BOARD2             ;LNH2 ;PORT ;R ;LINK ;RATE  ; BER ;LENGTH ;MO1 - MO2
=====================================================================================================================================
 1 ;O ;S210-1 ;1111 ;BB6630             ;000100 ; 1 ;M ;Up   ;10.1G ;   0 ;RRU227922B822B20C* ;BXP_2  ; 0 ;S ;Up   ;10.1G ;   0 ;   62m ;Fru=BB-1(A) Fru=Radio-S210-1(D1)
 2 ;O ;S211-1 ;1111 ;BB6630             ;000100 ; 2 ;M ;Up   ;10.1G ;   0 ;RRU227922B822B20C* ;BXP_3  ; 0 ;S ;Up   ;10.1G ;   0 ;   63m ;Fru=BB-1(B) Fru=Radio-S211-1(D1)
 3 ;O ;S212-1 ;1111 ;BB6630             ;000100 ; 3 ;M ;Up   ;10.1G ;   0 ;RRU227922B822B20C* ;BXP_4  ; 0 ;S ;Up   ;10.1G ;   0 ;   63m ;Fru=BB-1(C) Fru=Radio-S212-1(D1)
 4 ;O ;S100-1 ;1111 ;BB6630             ;000100 ; 4 ;M ;Up   ;10.1G ;   0 ;RRU449944B144B3C   ;BXP_5  ; 1 ;S ;Up   ;10.1G ;   0 ;   64m ;Fru=BB-1(D) Fru=Radio-S100-1(D2)
 5 ;O ;S102-1 ;1111 ;BB6630             ;000100 ; 5 ;M ;Up   ;10.1G ;   0 ;RRU449944B144B3C   ;BXP_6  ; 1 ;S ;Up   ;10.1G ;   0 ;   59m ;Fru=BB-1(E) Fru=Radio-S102-1(D2)
-------------------------------------------------------------------------------------------------------------------------------------

=====================================================================================================================================
ID ;LINK ;RiL    ;VENDOR1  ;VENDORPROD1      ;REV1 ;SERIAL1         ;DATE1    ;ERICSSONPROD1  ;VENDOR2  ;VENDORPROD2      ;REV2 ;SERIAL2         ;DATE2    ;ERICSSONPROD2  ;TT ;WL1     ;WL2    
=====================================================================================================================================
 1 ;Up   ;S210-1 ;ERICSSON ;LCP-10G3B4HDRME4 ;A    ;2224094A2452911 ;20220608 ;RDH10265/2 R1A ;ERICSSON ;LCP-10G3B4HDRME4 ;A    ;2224094A2452925 ;20220608 ;RDH10265/2 R1A ;0  ;1310.00 ;1310.00
 2 ;Up   ;S211-1 ;ERICSSON ;LCP-10G3B4HDRME4 ;A    ;2224094A2452929 ;20220608 ;RDH10265/2 R1A ;ERICSSON ;LCP-10G3B4HDRME4 ;A    ;2224094A2452918 ;20220608 ;RDH10265/2 R1A ;0  ;1310.00 ;1310.00
 3 ;Up   ;S212-1 ;ERICSSON ;LCP-10G3B4HDRME4 ;A    ;2224094A2452916 ;20220608 ;RDH10265/2 R1A ;ERICSSON ;LCP-10G3B4HDRME4 ;A    ;2224094A2452933 ;20220608 ;RDH10265/2 R1A ;0  ;1310.00 ;1310.00
 4 ;Up   ;S100-1 ;ERICSSON ;LCP-10G3B4HDRME4 ;A    ;2224094A2452922 ;20220608 ;RDH10265/2 R1A ;ERICSSON ;LCP-10G3B4HDRME4 ;A    ;2224094A2452935 ;20220608 ;RDH10265/2 R1A ;0  ;1310.00 ;1310.00
 5 ;Up   ;S102-1 ;ERICSSON ;LCP-10G3B4HDRME4 ;A    ;2224094A2452924 ;20220608 ;RDH10265/2 R1A ;ERICSSON ;LCP-10G3B4HDRME4 ;A    ;2224094A2452934 ;20220608 ;RDH10265/2 R1A ;0  ;1310.00 ;1310.00
-------------------------------------------------------------------------------------------------------------------------------------

=====================================================================================================================================
ID ;LINK ;RiL    ;WL1     ;TEMP1 ;TXbs1 ;TXdBm1 ;RXdBm1 ;BER1   ;WL2     ;TEMP2 ;TXbs2 ;TXdBm2 ;RXdBm2 ;BER2   ;DlLoss ;UlLoss ;LENGTH ;TT
=====================================================================================================================================
 1 ;Up   ;S210-1 ;1310.00 ;34C   ;31%   ;-3.22  ;-4.00  ;   0   ;1310.00 ;18C   ;25%   ;-3.30  ;-4.00  ;   0   ;  0.78 ;   0.7 ;   62m ; 0
 2 ;Up   ;S211-1 ;1310.00 ;39C   ;37%   ;-3.29  ;-3.89  ;   0   ;1310.00 ;23C   ;35%   ;-3.22  ;-3.88  ;   0   ;  0.59 ;  0.67 ;   63m ; 0
 3 ;Up   ;S212-1 ;1310.00 ;37C   ;35%   ;-3.23  ;-3.96  ;   0   ;1310.00 ;18C   ;35%   ;-3.24  ;-5.06  ;   0   ;  1.83 ;  0.72 ;   63m ; 0
 4 ;Up   ;S100-1 ;1310.00 ;36C   ;34%   ;-3.08  ;-3.96  ;   0   ;1310.00 ;21C   ;36%   ;-3.22  ;-4.12  ;   0   ;  1.04 ;  0.74 ;   64m ; 0
 5 ;Up   ;S102-1 ;1310.00 ;36C   ;40%   ;-3.30  ;-4.11  ;   0   ;1310.00 ;19C   ;32%   ;-3.26  ;-4.39  ;   0   ;  1.09 ;  0.85 ;   59m ; 0
-------------------------------------------------------------------------------------------------------------------------------------

=====================================================================================================================================
ID ;RiL    ;BOARD              ;SFPLNH  ;PORT ;VENDOR   ;VENDORPROD       ;REV  ;SERIAL          ;DATE     ;ERICSSONPROD   ;WL      ;TEMP  ;TXbs  ;TXdBm  ;RXdBm  ; BER
=====================================================================================================================================
 1 ;S210-1 ;BB6630             ;000100   ;  1 ;ERICSSON ;LCP-10G3B4HDRME4 ;A    ;2224094A2452911 ;20220608 ;RDH10265/2 R1A ;1310.00 ;34C   ;31%   ;-3.22  ;-4.00  ;   0
 2 ;S211-1 ;BB6630             ;000100   ;  2 ;ERICSSON ;LCP-10G3B4HDRME4 ;A    ;2224094A2452929 ;20220608 ;RDH10265/2 R1A ;1310.00 ;39C   ;37%   ;-3.29  ;-3.89  ;   0
 3 ;S212-1 ;BB6630             ;000100   ;  3 ;ERICSSON ;LCP-10G3B4HDRME4 ;A    ;2224094A2452916 ;20220608 ;RDH10265/2 R1A ;1310.00 ;37C   ;35%   ;-3.23  ;-3.96  ;   0
 4 ;S100-1 ;BB6630             ;000100   ;  4 ;ERICSSON ;LCP-10G3B4HDRME4 ;A    ;2224094A2452922 ;20220608 ;RDH10265/2 R1A ;1310.00 ;36C   ;34%   ;-3.08  ;-3.96  ;   0
 5 ;S102-1 ;BB6630             ;000100   ;  5 ;ERICSSON ;LCP-10G3B4HDRME4 ;A    ;2224094A2452924 ;20220608 ;RDH10265/2 R1A ;1310.00 ;36C   ;40%   ;-3.30  ;-4.11  ;   0
 1 ;S210-1 ;RRU227922B822B20C* ;BXP_2    ;  0 ;ERICSSON ;LCP-10G3B4HDRME4 ;A    ;2224094A2452925 ;20220608 ;RDH10265/2 R1A ;1310.00 ;18C   ;25%   ;-3.30  ;-4.00  ;   0
 2 ;S211-1 ;RRU227922B822B20C* ;BXP_3    ;  0 ;ERICSSON ;LCP-10G3B4HDRME4 ;A    ;2224094A2452918 ;20220608 ;RDH10265/2 R1A ;1310.00 ;23C   ;35%   ;-3.22  ;-3.88  ;   0
 3 ;S212-1 ;RRU227922B822B20C* ;BXP_4    ;  0 ;ERICSSON ;LCP-10G3B4HDRME4 ;A    ;2224094A2452933 ;20220608 ;RDH10265/2 R1A ;1310.00 ;18C   ;35%   ;-3.24  ;-5.06  ;   0
 4 ;S100-1 ;RRU449944B144B3C   ;BXP_5    ;  1 ;ERICSSON ;LCP-10G3B4HDRME4 ;A    ;2224094A2452935 ;20220608 ;RDH10265/2 R1A ;1310.00 ;21C   ;36%   ;-3.22  ;-4.12  ;   0
 5 ;S102-1 ;RRU449944B144B3C   ;BXP_6    ;  1 ;ERICSSON ;LCP-10G3B4HDRME4 ;A    ;2224094A2452934 ;20220608 ;RDH10265/2 R1A ;1310.00 ;19C   ;32%   ;-3.26  ;-4.39  ;   0
-------------------------------------------------------------------------------------------------------------------------------------
TN ;       ;BB6630             ;000100   ;  A ;ERICSSON ;LCP-10G3B4HDRME4 ;A    ;2224094A2452850 ;20220608 ;RDH10265/2 R1A ;0       ;35C   ;40%   ;-3.27  ;-2.31  ;NZ/0
TN ;       ;BB6630             ;000100   ;  B ;ERICSSON ;SPP10ELRIDFSEN   ;10   ;CT72931351      ;20220812 ;RDH10265/2 R1A ;0       ;45C   ;33%   ;-2.19  ;-3.66  ; 0/0
-------------------------------------------------------------------------------------------------------------------------------------

=====================================================================================================================================
BOARD  ;LNH    ;PORT   ;T ;S ;OpMode   ;AutoNeg ;MacAddress        ;VlanIds        ;LOS ;BER
=====================================================================================================================================
BB6630 ;000100 ;IDL_A1 ;E ;1 ;10G_FULL ;false   ;F8:97:A9:06:11:C7 ;3908           ;0   ;0/0
BB6630 ;000100 ;TN_A   ;O ;1 ;1G_FULL  ;true    ;F8:97:A9:06:11:C3 ;3901,3908,3910 ;0   ;NZ/0
BB6630 ;000100 ;TN_B   ;O ;1 ;10G_FULL ;false   ;F8:97:A9:06:11:C4 ;3901,3908,3910 ;0   ;0/0
-------------------------------------------------------------------------------------------------------------------------------------

radioClockState : RNT_TIME_LOCKED
-------------------------------------------------------------------------------------
Prio  ;ST  ;syncRefType    ;refStatus  ;opQualLevel  ;SyncReference
-------------------------------------------------------------------------------------
  *1  ; 1  ;PTP_TIME       ;NO_FAULT   ;PRTC         ;Ptp=1,BoundaryOrdinaryClock=1 (G_8275_2 Router=45G_Traffic,InterfaceIPv4=LTE,AddressIPv4=LTE:SLAVE)
   2  ; 1  ;NTP_FREQUENCY  ;NO_FAULT   ;PRC          ;Ntp=1,NtpFrequencySync=NTP1 (10.31.0.54:32751 Router=45G_Traffic,InterfaceIPv4=LTE,AddressIPv4=LTE)
-------------------------------------------------------------------------------------
nodeGroupRole   : SYNC_PROVIDER (syncNodePriority=1, selectionMode=NODE_PRIORITY)
-------------------------------------------------------------------------------------
DU  ;Port  ;sharedUnitRef (RiPortA - RiPortB)  ;remoteNodePriority  ;CandidateStatus
-------------------------------------------------------------------------------------
1   ;C     ;Fru=Radio-S212-1 (1 - 2)           ;3                   ;OK_NOT_ACTIVE
1   ;B     ;Fru=Radio-S211-1 (1 - 2)           ;3                   ;OK_NOT_ACTIVE
1   ;A     ;Fru=Radio-S210-1 (1 - 2)           ;3                   ;OK_NOT_ACTIVE
-------------------------------------------------------------------------------------

=====================================================================================================================================
FRU          ;LNH    ;BOARD              ;RF  ;BP  ;TX (W/dBm)  ;VSWR (RL)   ;RX (dBm) ;UEs/gUEs  ;Sector/AntennaGroup/Cells (State:CellIds:PCIs)
=====================================================================================================================================
Radio-S100-1 ;BXP_5  ;RRU449944B144B3C   ; A  ;11  ;25.0 (44.0) ;1.22 (20.2) ;-93.1    ;44/-      ;SE=100 AG=100 FDD=CS36M1 FDD=CS36T1 (1:31:116, 1:41:165)
Radio-S100-1 ;BXP_5  ;RRU449944B144B3C   ; B  ;11  ;25.6 (44.1) ;1.24 (19.5) ;-93.2    ;44/-      ;SE=100 AG=100 FDD=CS36M1 FDD=CS36T1 (1:31:116, 1:41:165)
Radio-S100-1 ;BXP_5  ;RRU449944B144B3C   ; C  ;11  ;24.0 (43.8) ;1.18 (21.6) ;-93.7    ;33/-      ;SE=101 AG=101 FDD=CS36M2 FDD=CS36T2 (1:32:119, 1:42:280)
Radio-S100-1 ;BXP_5  ;RRU449944B144B3C   ; D  ;11  ;25.8 (44.1) ;1.27 (18.6) ;-93.6    ;33/-      ;SE=101 AG=101 FDD=CS36M2 FDD=CS36T2 (1:32:119, 1:42:280)
Radio-S102-1 ;BXP_6  ;RRU449944B144B3C   ; A  ;11  ;39.9 (46.0) ;1.30 (17.8) ;-93.4    ;67/-      ;SE=102 AG=102 FDD=CS36M3 FDD=CS36T3 (1:33:245, 1:43:166)
Radio-S102-1 ;BXP_6  ;RRU449944B144B3C   ; B  ;11  ;39.0 (45.9) ;1.34 (16.7) ;-93.3    ;67/-      ;SE=102 AG=102 FDD=CS36M3 FDD=CS36T3 (1:33:245, 1:43:166)
Radio-S102-1 ;BXP_6  ;RRU449944B144B3C   ; C  ;11  ;-           ;-           ;         ;          ;
Radio-S102-1 ;BXP_6  ;RRU449944B144B3C   ; D  ;11  ;-           ;-           ;         ;          ;
Radio-S210-1 ;BXP_2  ;RRU227922B822B20C* ; A  ;11  ;42.2 (46.3) ;1.22 (20.1) ;-97.2    ;24/-      ;SE=210* AG=210 FDD=CS36E1 NIOT=CS36N1 (1:61:123, 1:161:123)
Radio-S210-1 ;BXP_2  ;RRU227922B822B20C* ; B  ;11  ;26.3 (44.2) ;1.21 (20.6) ;-96.9    ;24/-      ;SE=210* AG=210 FDD=CS36E1 NIOT=CS36N1 (1:61:123, 1:161:123)
Radio-S211-1 ;BXP_3  ;RRU227922B822B20C* ; A  ;11  ;43.3 (46.4) ;1.27 (18.4) ;-98.4    ;9/-       ;SE=211* AG=211 FDD=CS36E2 NIOT=CS36N2 (1:62:23, 1:162:23)
Radio-S211-1 ;BXP_3  ;RRU227922B822B20C* ; B  ;11  ;24.6 (43.9) ;1.21 (20.5) ;-98.1    ;9/-       ;SE=211* AG=211 FDD=CS36E2 NIOT=CS36N2 (1:62:23, 1:162:23)
Radio-S212-1 ;BXP_4  ;RRU227922B822B20C* ; A  ;11  ;34.1 (45.3) ;1.15 (23.4) ;-97.1    ;14/-      ;SE=212* AG=212 FDD=CS36E3 NIOT=CS36N3 (1:63:136, 1:163:136)
Radio-S212-1 ;BXP_4  ;RRU227922B822B20C* ; B  ;11  ;34.3 (45.3) ;1.14 (23.6) ;-96.9    ;14/-      ;SE=212* AG=212 FDD=CS36E3 NIOT=CS36N3 (1:63:136, 1:163:136)
-------------------------------------------------------------------------------------------------------------------------------------

CS36E> mfar

251125-15:12:21+0100 19.31.7.232 25.0h MSRBS_NODE_MODEL_25.Q1_198665.224.73_bf81 stopfile=/tmp/2859220
........
Last MO: 18685. Loaded 18685 MOs. Total: 18686 MOs.
...............................................
get /rop/A20251125.1230-1245_CS36E.xml.gz /ericsson/log/amos/moshell_logfiles/t20251125_37258710_65084/logs_moshell/pmfiles/19.31.7.232/rop/A20251125.1230-1245_CS36E.xml.gz ... OK
get /rop/A20251125.1245-1300_CS36E.xml.gz /ericsson/log/amos/moshell_logfiles/t20251125_37258710_65084/logs_moshell/pmfiles/19.31.7.232/rop/A20251125.1245-1300_CS36E.xml.gz ... OK
get /rop/A20251125.1300-1315_CS36E.xml.gz /ericsson/log/amos/moshell_logfiles/t20251125_37258710_65084/logs_moshell/pmfiles/19.31.7.232/rop/A20251125.1300-1315_CS36E.xml.gz ... OK

Using hardcoded thresholds: 3, 4.5, and 16.5
================================================================================================================================
SC     SE  Tx/Rx BrPair  RfPort1 - RfPort2               HW       Serial      Cell (State)   Samples   Med  Mean  SDev Pol Res Issue
================================================================================================================================
CS36E1 210   2/2 0 (1,2) Radio-S210-1(A) Radio-S210-1(B) RRU2279  TU8U01LGSP  FDD=CS36E1 (1)  223948  -0.5  -1.0   6.5  NA  OK Passed
CS36E2 211   2/2 0 (1,2) Radio-S211-1(A) Radio-S211-1(B) RRU2279  TU8U01LGSH  FDD=CS36E2 (1)  128028  -0.5  -0.5   6.8  NA  OK Passed
CS36E3 212   2/2 0 (1,2) Radio-S212-1(A) Radio-S212-1(B) RRU2279  TU8U01LERJ  FDD=CS36E3 (1)  202232   0.5   0.5   6.8  NA  OK Passed
CS36M1 100   2/2 0 (1,2) Radio-S100-1(A) Radio-S100-1(B) RRU4499  TU8U01U9ML  FDD=CS36M1 (1)   53677  -1.5  -2.0   7.0  NA  OK Passed
CS36M2 101   2/2 0 (1,2) Radio-S100-1(C) Radio-S100-1(D) RRU4499  TU8U01U9ML  FDD=CS36M2 (1)  120701  -2.5  -2.1   4.3  NA  OK Passed
CS36M3 102   2/2 0 (1,2) Radio-S102-1(A) Radio-S102-1(B) RRU4499  TU8U01LVHQ  FDD=CS36M3 (1)  173899   1.5   1.0   7.2  NA  OK Passed
CS36T1 100   2/2 0 (1,2) Radio-S100-1(A) Radio-S100-1(B) RRU4499  TU8U01U9ML  FDD=CS36T1 (1)  228885   0.5   0.4   6.6  NA  OK Passed
CS36T2 101   2/2 0 (1,2) Radio-S100-1(C) Radio-S100-1(D) RRU4499  TU8U01U9ML  FDD=CS36T2 (1)  211163   1.5   0.7   6.0  NA  OK Passed
CS36T3 102   2/2 0 (1,2) Radio-S102-1(A) Radio-S102-1(B) RRU4499  TU8U01LVHQ  FDD=CS36T3 (1)  250818  -0.5  -0.2   6.8  NA  OK Passed
================================================================================================================================
Total: 9 SectorCarriers, 9 RfBranch Pairs (9 OK, 0 OKW, 0 NOK, 0 NT)
........
Last MO: 18685. Loaded 18685 MOs. Total: 18686 MOs.

No NRSectorCarrier MOs are defined on the node.

CS36E> mfitr

251125-15:12:40+0100 19.31.7.232 25.0h MSRBS_NODE_MODEL_25.Q1_198665.224.73_bf81 stopfile=/tmp/2859220
.............
Last MO: 18685. Loaded 18685 MOs. Total: 18686 MOs.
..........
2025-11-25 15:13
================================================================================================================================
CELL       SC     FRU          BOARD             PUSCH  PUCCH       A      B      C      D  DELTA
================================================================================================================================
FDD=CS36E1 CS36E1 Radio-S210-1 RRU227922B822B20C -118.1 -117.0 -118.2 -117.9                  0.3
FDD=CS36E2 CS36E2 Radio-S211-1 RRU227922B822B20C -117.9 -115.2 -117.4 -117.4                    0
FDD=CS36E3 CS36E3 Radio-S212-1 RRU227922B822B20C -116.9 -116.6 -118.0 -117.3                  0.7
FDD=CS36M1 CS36M1 Radio-S100-1 RRU449944B144B3C  -119.4 -119.4 -119.5 -119.5                    0
FDD=CS36M2 CS36M2 Radio-S100-1 RRU449944B144B3C  -119.1 -119.4               -119.4 -119.5    0.1
FDD=CS36M3 CS36M3 Radio-S102-1 RRU449944B144B3C  -118.9 -119.7 -119.6 -119.7                  0.1
FDD=CS36T1 CS36T1 Radio-S100-1 RRU449944B144B3C  -118.3 -116.1 -118.0 -117.5                  0.5
FDD=CS36T2 CS36T2 Radio-S100-1 RRU449944B144B3C  -117.2 -109.6               -116.9 -117.1    0.2
FDD=CS36T3 CS36T3 Radio-S102-1 RRU449944B144B3C  -117.7 -118.5 -117.8 -118.4                  0.6
================================================================================================================================
Bye...
Output has been logged to file /mta_fs/UserFiles/37258710/amosbatch/SDIR/CS36E.log
