Logging to file /mta_fs/UserFiles/37258710/amosbatch/SDIR/CS75L.log
                        __  __  ____   _____
                  /\   |  \/  |/ __ \ / ____|
                 /  \  | \  / | |  | | (___  
                / /\ \ | |\/| | |  | |\___ \ 
               / ____ \| |  | | |__| |____) |
              /_/    \_\_|  |_|\____/|_____/
              OSS Framework for MoShell-25.0h 
  Copyright (c) Ericsson AB 2001-2025 - All Rights Reserved
              
           
[1;31mWARNING: [0mthe AMOS version currently running is more than 29 weeks old and is unsupported.
Please upgrade as soon as possible to the latest released version, available from your local Ericsson support.

$amosrb_pid = 2344526

Checking ip contact...OK

HELP MENU            : h
BASIC MO COMMANDS    : m
OTHER MO COMMANDS    : n
OTHER COMMANDS       : o
PM COMMANDS          : p
QUIT                 : q

CS75L> lt all

251125-12:34:35+0100 19.31.2.179 25.0h  stopfile=/tmp/2344359
Looking up temporary_amos account... OK.
Trying temporary_amos_t20251125_37258710_65084_131's password from amos lookupAccount ... OK

$ssh_pid = 2345116

Connected to 19.31.2.179 (SubNetwork=BBMM_rckomc_R,MeContext=CS75L,ManagedElement=CS75L)

Checking MOM version...MSRBS_NODE_MODEL_25.Q1_693.28324.131_62ac
Parsing MOM (cached): /ericsson/log/amos/moshell_logfiles/t20251125_37258710_65084/logs_moshell/tempfiles/scp-4-amos_20251125-123428_2344262/MSRBS_NODE_MODEL_25.Q1_693.28324.131_62ac.xml.cache.gz ..................................................................................................................................................................................................................................Done.
Using paramfile /opt/ericsson/amos/moshell/commonjars/pm/PARAM_MSRBS_25.Q1.txt
Parsing file /opt/ericsson/amos/moshell/commonjars/pm/PARAM_MSRBS_25.Q1.txt .......................................................................................Done.
Using imomdfile /opt/ericsson/amos/moshell/commonjars/pm/IMOMD_MSRBS_22.Q4.txt
Using imomfile /opt/ericsson/amos/moshell/commonjars/pm/IMOM_MSRBS_25.Q1.txt
Connected to 19.31.2.179 (SubNetwork=BBMM_rckomc_R,MeContext=CS75L,ManagedElement=CS75L)

Last MO: 17417. Loaded 17417 MOs. Total: 17418 MOs.

CS75L> st cell

251125-12:34:48+0100 19.31.2.179 25.0h MSRBS_NODE_MODEL_25.Q1_693.28324.131_62ac stopfile=/tmp/2344359
===================================================================================
Proxy  Adm State     Op. State     MO
===================================================================================
   58  1 (UNLOCKED)  1 (ENABLED)   ENodeBFunction=1,EUtranCellFDD=CS75L1
  167  1 (UNLOCKED)  1 (ENABLED)   ENodeBFunction=1,EUtranCellFDD=CS75L2
  282  1 (UNLOCKED)  1 (ENABLED)   ENodeBFunction=1,EUtranCellFDD=CS75L3
===================================================================================
Total: 3 MOs

CS75L> st radio

251125-12:34:49+0100 19.31.2.179 25.0h MSRBS_NODE_MODEL_25.Q1_693.28324.131_62ac stopfile=/tmp/2344359
===================================================================================
Proxy  Adm State     Op. State     MO
===================================================================================
 1603  1 (UNLOCKED)  1 (ENABLED)   Equipment=1,FieldReplaceableUnit=Radio-S180-1
 1618  1 (UNLOCKED)  1 (ENABLED)   Equipment=1,FieldReplaceableUnit=Radio-S182-1
 1633  1 (UNLOCKED)  1 (ENABLED)   Equipment=1,FieldReplaceableUnit=Radio-S220-1
 1660  1 (UNLOCKED)  1 (ENABLED)   Equipment=1,FieldReplaceableUnit=Radio-S221-1
 1687  1 (UNLOCKED)  1 (ENABLED)   Equipment=1,FieldReplaceableUnit=Radio-S222-1
17411  1 (UNLOCKED)  1 (ENABLED)   Transport=1,Synchronization=1,RadioEquipmentClock=1,RadioEquipmentClockReference=NTP1
17412  1 (UNLOCKED)  1 (ENABLED)   Transport=1,Synchronization=1,RadioEquipmentClock=1,RadioEquipmentClockReference=PTP
===================================================================================
Total: 7 MOs

CS75L> sdir

251125-12:34:49+0100 19.31.2.179 25.0h MSRBS_NODE_MODEL_25.Q1_693.28324.131_62ac stopfile=/tmp/2344359
INFO: Using amos lookupAccount credentials for the export login
...............................
get /rop/A20251125.1045-1100_CS75L.xml.gz /ericsson/log/amos/moshell_logfiles/t20251125_37258710_65084/logs_moshell/pmfiles/19.31.2.179/rop/A20251125.1045-1100_CS75L.xml.gz ... OK
get /rop/A20251125.1100-1115_CS75L.xml.gz /ericsson/log/amos/moshell_logfiles/t20251125_37258710_65084/logs_moshell/pmfiles/19.31.2.179/rop/A20251125.1100-1115_CS75L.xml.gz ... OK
get /rop/A20251125.1115-1130_CS75L.xml.gz /ericsson/log/amos/moshell_logfiles/t20251125_37258710_65084/logs_moshell/pmfiles/19.31.2.179/rop/A20251125.1115-1130_CS75L.xml.gz ... OK
....Checking available boards on node...

Collecting RCS board data ...
........................................................................................................................
.............................
................................................................................................................................................................................................................................................................................................................
...........
Collecting TN data...
...................................................................................................................................................
Getting MO data from node (53 MOs). Please wait...
0%                                             ~50%                                           ~100%
................................................................................................................................
Collecting RF data...
....
Collecting Alarms...
Executing action Log.export()
...
Log=AlarmLog                    actionId=3227
.....
Executing action LogM.exportAvailabilityLog()
..LogM=1,exportAvailabilityLog    actionId=3228
.....Parsing alarmLog.....Done.
Parsing availabilityLog.....Done.
....

Total: 5 CPRI links (5 OK, 0 OKW, 0 NOK, 0 NT)
.
+--------+                      +----------------------------+
|        | A        O101     D2 |        Radio-S220-1        |
|        |-----------1----------| RRU247924B824B2024B28BM01* |
|        |         OK-61m       |           BXP_5            |
|        |                      +----------------------------+
|        |                                     |A  |B  |C  |D
|        |                         SE=220* AG=220 GT=CS75D1/0
|        |                            GT=CS75D1/1 GT=CS75D1/8
|        |
|        |                      +----------------------------+
|        | B        O101     D2 |        Radio-S221-1        |
|        |-----------2----------| RRU247924B824B2024B28BM01* |
|        |         OK-62m       |           BXP_4            |
|        |                      +----------------------------+
|        |                                     |A  |B  |C  |D
|        |                         SE=221* AG=221 GT=CS75D2/0
|        |                            GT=CS75D2/1 GT=CS75D2/8
|        |
|        |                      +----------------------------+
|        | C        O101     D2 |        Radio-S222-1        |
|        |-----------3----------| RRU247924B824B2024B28BM01* |
|        |         OK-62m       |           BXP_3            |
|  BB-1  |                      +----------------------------+
| BB6631 |                                     |A  |B  |C  |D
| 000100 |             SE=222* AG=222 GT=CS75D3/0 GT=CS75D3/8
|        |
|        |                      +---------------+
|        | D        O101     D1 | Radio-S180-1  |
|        |-----------4----------|   RRU4415B7   |
|        |         OK-61m       |     BXP_6     |
|        |                      +---------------+
|        |                        |A  |B  |C  |D
|        |                 SE=180 AG=180  |   |
|        |                    FDD=CS75L1  |   |
|        |                         SE=181 AG=181
|        |                            FDD=CS75L2
|        |
|        |                      +---------------+
|        | E        O101     D1 | Radio-S182-1  |
|        |-----------5----------|   RRU4415B7   |
|        |         OK-61m       |     BXP_2     |
|        |                      +---------------+
|        |                        |A  |B  |C  |D
|        |                 SE=182 AG=182  |   |
|        |                    FDD=CS75L3  |   |
|        |
+--------+

=====================================================================================================================================
ID RiL    Type Res MO1-MO2                  BOARD1-BOARD2                     AlmIDs Cells (States)                              Issue (Failed checks)
=====================================================================================================================================
 1 S220-1 O101 OK  BB-1(A) Radio-S220-1(D2) BB6631 RRU247924B824B2024B28BM01*        GT=CS75D1/0 GT=CS75D1/1 GT=CS75D1/8 (1,1,1) Passed
 2 S221-1 O101 OK  BB-1(B) Radio-S221-1(D2) BB6631 RRU247924B824B2024B28BM01*        GT=CS75D2/0 GT=CS75D2/1 GT=CS75D2/8 (1,1,1) Passed
 3 S222-1 O101 OK  BB-1(C) Radio-S222-1(D2) BB6631 RRU247924B824B2024B28BM01*        GT=CS75D3/0 GT=CS75D3/8 (1,1)               Passed
 4 S180-1 O101 OK  BB-1(D) Radio-S180-1(D1) BB6631 RRU4415B7                         FDD=CS75L1 FDD=CS75L2 (1,1)                 Passed
 5 S182-1 O101 OK  BB-1(E) Radio-S182-1(D1) BB6631 RRU4415B7                         FDD=CS75L3 (1)                              Passed
-------------------------------------------------------------------------------------------------------------------------------------

Node: RadioNode GL   CXP2010174/2_R27J08 (25.Q1)   G3.1   GSM LTE-FDD 

=====================================================================================================================================
FRU          ;LNH    ;BOARD                      ;ST ;FAULT ;OPER ;MAINT ;STAT ;PRODUCTNUMBER   ;REV     ;SERIAL        ;DATE     ;PMTEMP ; TEMP ; UPT ;VOLT ;SW                   ;
=====================================================================================================================================
BB-1         ;000100 ;BB6631                     ; 1 ;  OFF ;  ON ;  OFF ;  ON ;KDU1370071/11   ;R3C     ;E96A01163X    ;20230613 ;3 (OK) ;      ;14.0 ;51   ;                     ;
Radio-S180-1 ;BXP_6  ;RRU4415B7                  ; 1 ;  OFF ;  ON ;  OFF ; N/A ;KRC161495/1     ;R5J     ;TU8U025A8Y    ;20230712 ;4 (OK) ; 37.5 ;30.5 ;51.6 ;CXP9013268%15_R101LX ; (Radio4415B7)
Radio-S182-1 ;BXP_2  ;RRU4415B7                  ; 1 ;  OFF ;  ON ;  OFF ; N/A ;KRC161495/1     ;R5J     ;TU8U025A91    ;20230712 ;4 (OK) ; 34.0 ;30.5 ;51.3 ;CXP9013268%15_R101LX ; (Radio4415B7)
Radio-S220-1 ;BXP_5  ;RRU247924B824B2024B28BM01* ; 1 ;  OFF ;  ON ;  OFF ; N/A ;KRC161832/1     ;R2G     ;TU8U02550E    ;20230710 ;4 (OK) ; 27.2 ;30.5 ;51.4 ;CXP9013268%15_R101LX ; (Radio247924B824B2024B28BM01)
Radio-S221-1 ;BXP_4  ;RRU247924B824B2024B28BM01* ; 1 ;  OFF ;  ON ;  OFF ; N/A ;KRC161832/1     ;R2G     ;TU8U0254Y2    ;20230710 ;4 (OK) ; 35.8 ;30.5 ;51.3 ;CXP9013268%15_R101LX ; (Radio247924B824B2024B28BM01)
Radio-S222-1 ;BXP_3  ;RRU247924B824B2024B28BM01* ; 1 ;  OFF ;  ON ;  OFF ; N/A ;KRC161832/1     ;R2G     ;TU8U02550B    ;20230710 ;4 (OK) ; 32.4 ;30.5 ;50.6 ;CXP9013268%15_R101LX ; (Radio247924B824B2024B28BM01)
-------------------------------------------------------------------------------------------------------------------------------------

=====================================================================================================================================
XPBOARD  ;ST ;FAULT ;OPER ;PRODUCTNUMBER ;REV ;SERIAL/NAME ;DATE     ; TEMP ;MO
=====================================================================================================================================
FAN08    ; 1 ;N/A   ;N/A  ;BKV106236/1   ;R2F ;DD111Z7766  ;20220726 ; 48.0 ;SupportUnit=1 (FAN  BB-1)
-------------------------------------------------------------------------------------------------------------------------------------

=====================================================================================================================================
ID ;T ;RiL    ;BPBP ;BOARD1                     ;LNH1 ;PORT ;R ;LINK ;RATE  ; BER ;BOARD2                     ;LNH2 ;PORT ;R ;LINK ;RATE  ; BER ;LENGTH ;MO1 - MO2
=====================================================================================================================================
 1 ;O ;S220-1 ;1111 ;BB6631                     ;000100 ; 1 ;M ;Up   ;10.1G ;   0 ;RRU247924B824B2024B28BM01* ;BXP_5  ; 1 ;S ;Up   ;10.1G ;   0 ;   61m ;Fru=BB-1(A) Fru=Radio-S220-1(D2)
 2 ;O ;S221-1 ;1111 ;BB6631                     ;000100 ; 2 ;M ;Up   ;10.1G ;   0 ;RRU247924B824B2024B28BM01* ;BXP_4  ; 1 ;S ;Up   ;10.1G ;   0 ;   62m ;Fru=BB-1(B) Fru=Radio-S221-1(D2)
 3 ;O ;S222-1 ;1111 ;BB6631                     ;000100 ; 3 ;M ;Up   ;10.1G ;   0 ;RRU247924B824B2024B28BM01* ;BXP_3  ; 1 ;S ;Up   ;10.1G ;   0 ;   62m ;Fru=BB-1(C) Fru=Radio-S222-1(D2)
 4 ;O ;S180-1 ;1111 ;BB6631                     ;000100 ; 4 ;M ;Up   ;10.1G ;   0 ;RRU4415B7                  ;BXP_6  ; 0 ;S ;Up   ;10.1G ;   0 ;   61m ;Fru=BB-1(D) Fru=Radio-S180-1(D1)
 5 ;O ;S182-1 ;1111 ;BB6631                     ;000100 ; 5 ;M ;Up   ;10.1G ;   0 ;RRU4415B7                  ;BXP_2  ; 0 ;S ;Up   ;10.1G ;   0 ;   61m ;Fru=BB-1(E) Fru=Radio-S182-1(D1)
-------------------------------------------------------------------------------------------------------------------------------------

=====================================================================================================================================
ID ;LINK ;RiL    ;VENDOR1  ;VENDORPROD1     ;REV1 ;SERIAL1        ;DATE1    ;ERICSSONPROD1      ;VENDOR2  ;VENDORPROD2     ;REV2 ;SERIAL2        ;DATE2    ;ERICSSONPROD2      ;TT ;WL1     ;WL2    
=====================================================================================================================================
 1 ;Up   ;S220-1 ;ERICSSON ;EOLP-1396-02-IY ;1.0  ;DZ8P301UJY     ;20230314 ;RDH10265/2 R1A     ;ERICSSON ;EOLP-1396-02-IY ;1.0  ;DZ8P301ULT     ;20230314 ;RDH10265/2 R1A     ;0  ;1310.00 ;1310.00
 2 ;Up   ;S221-1 ;ERICSSON ;EOLP-1396-02-IY ;1.0  ;DZ8P301UK8     ;20230314 ;RDH10265/2 R1A     ;ERICSSON ;EOLP-1396-02-IY ;1.0  ;DZ8P301ULN     ;20230314 ;RDH10265/2 R1A     ;0  ;1310.00 ;1310.00
 3 ;Up   ;S222-1 ;ERICSSON ;RTXM228-702-C22 ;1.0  ;HN224100031389 ;20221008 ;RDH10265/2 R1A     ;ERICSSON ;EOLP-1396-02-IY ;1.0  ;DZ8P301UJT     ;20230314 ;RDH10265/2 R1A     ;0  ;1310.00 ;1310.00
 4 ;Up   ;S180-1 ;ERICSSON ;EOLP-1396-02-IY ;1.0  ;DZ8P301UJW     ;20230314 ;RDH10265/2 R1A     ;ERICSSON ;EOLP-1396-02-IY ;1.0  ;DZ8P301UME     ;20230314 ;RDH10265/2 R1A     ;0  ;1310.00 ;1310.00
 5 ;Up   ;S182-1 ;ERICSSON ;EOLP-1396-02-IY ;1.0  ;DZ8P301ULU     ;20230314 ;RDH10265/2 R1A     ;ERICSSON ;EOLP-1396-02-IY ;1.0  ;DZ8P301UM4     ;20230314 ;RDH10265/2 R1A     ;0  ;1310.00 ;1310.00
-------------------------------------------------------------------------------------------------------------------------------------

=====================================================================================================================================
ID ;LINK ;RiL    ;WL1     ;TEMP1 ;TXbs1 ;TXdBm1 ;RXdBm1 ;BER1   ;WL2     ;TEMP2 ;TXbs2 ;TXdBm2 ;RXdBm2 ;BER2   ;DlLoss ;UlLoss ;LENGTH ;TT
=====================================================================================================================================
 1 ;Up   ;S220-1 ;1310.00 ;45C   ;42%   ;-1.97  ;-2.37  ;   0   ;1310.00 ;22C   ;37%   ;-1.75  ;-2.07  ;   0   ;   0.1 ;  0.62 ;   61m ; 0
 2 ;Up   ;S221-1 ;1310.00 ;46C   ;41%   ;-1.83  ;-1.41  ;   0   ;1310.00 ;31C   ;38%   ;-1.74  ;-3.21  ;   0   ;  1.38 ; -0.33 ;   62m ; 0
 3 ;Up   ;S222-1 ;1310.00 ;49C   ;57%   ;-1.38  ;-2.21  ;   0   ;1310.00 ;28C   ;38%   ;-1.95  ;-1.46  ;   0   ;  0.08 ;  0.26 ;   62m ; 0
 4 ;Up   ;S180-1 ;1310.00 ;47C   ;41%   ;-1.48  ;-2.15  ;   0   ;1310.00 ;29C   ;39%   ;-1.34  ;-1.98  ;   0   ;   0.5 ;  0.81 ;   61m ; 0
 5 ;Up   ;S182-1 ;1310.00 ;46C   ;43%   ;-2.23  ;-2.19  ;   0   ;1310.00 ;25C   ;37%   ;-2.25  ;-3.09  ;   0   ;  0.86 ; -0.06 ;   61m ; 0
-------------------------------------------------------------------------------------------------------------------------------------

=====================================================================================================================================
ID ;RiL    ;BOARD                      ;SFPLNH  ;PORT ;VENDOR   ;VENDORPROD      ;REV  ;SERIAL         ;DATE     ;ERICSSONPROD       ;WL      ;TEMP  ;TXbs  ;TXdBm  ;RXdBm  ; BER
=====================================================================================================================================
 1 ;S220-1 ;BB6631                     ;000100   ;  1 ;ERICSSON ;EOLP-1396-02-IY ;1.0  ;DZ8P301UJY     ;20230314 ;RDH10265/2 R1A     ;1310.00 ;45C   ;42%   ;-1.97  ;-2.37  ;   0
 2 ;S221-1 ;BB6631                     ;000100   ;  2 ;ERICSSON ;EOLP-1396-02-IY ;1.0  ;DZ8P301UK8     ;20230314 ;RDH10265/2 R1A     ;1310.00 ;46C   ;41%   ;-1.83  ;-1.41  ;   0
 3 ;S222-1 ;BB6631                     ;000100   ;  3 ;ERICSSON ;RTXM228-702-C22 ;1.0  ;HN224100031389 ;20221008 ;RDH10265/2 R1A     ;1310.00 ;49C   ;57%   ;-1.38  ;-2.21  ;   0
 4 ;S180-1 ;BB6631                     ;000100   ;  4 ;ERICSSON ;EOLP-1396-02-IY ;1.0  ;DZ8P301UJW     ;20230314 ;RDH10265/2 R1A     ;1310.00 ;47C   ;41%   ;-1.48  ;-2.15  ;   0
 5 ;S182-1 ;BB6631                     ;000100   ;  5 ;ERICSSON ;EOLP-1396-02-IY ;1.0  ;DZ8P301ULU     ;20230314 ;RDH10265/2 R1A     ;1310.00 ;46C   ;43%   ;-2.23  ;-2.19  ;   0
 5 ;S182-1 ;RRU4415B7                  ;BXP_2    ;  0 ;ERICSSON ;EOLP-1396-02-IY ;1.0  ;DZ8P301UM4     ;20230314 ;RDH10265/2 R1A     ;1310.00 ;25C   ;37%   ;-2.25  ;-3.09  ;   0
 3 ;S222-1 ;RRU247924B824B2024B28BM01* ;BXP_3    ;  1 ;ERICSSON ;EOLP-1396-02-IY ;1.0  ;DZ8P301UJT     ;20230314 ;RDH10265/2 R1A     ;1310.00 ;28C   ;38%   ;-1.95  ;-1.46  ;   0
 2 ;S221-1 ;RRU247924B824B2024B28BM01* ;BXP_4    ;  1 ;ERICSSON ;EOLP-1396-02-IY ;1.0  ;DZ8P301ULN     ;20230314 ;RDH10265/2 R1A     ;1310.00 ;31C   ;38%   ;-1.74  ;-3.21  ;   0
 1 ;S220-1 ;RRU247924B824B2024B28BM01* ;BXP_5    ;  1 ;ERICSSON ;EOLP-1396-02-IY ;1.0  ;DZ8P301ULT     ;20230314 ;RDH10265/2 R1A     ;1310.00 ;22C   ;37%   ;-1.75  ;-2.07  ;   0
 4 ;S180-1 ;RRU4415B7                  ;BXP_6    ;  0 ;ERICSSON ;EOLP-1396-02-IY ;1.0  ;DZ8P301UME     ;20230314 ;RDH10265/2 R1A     ;1310.00 ;29C   ;39%   ;-1.34  ;-1.98  ;   0
-------------------------------------------------------------------------------------------------------------------------------------
TN ;       ;BB6631                     ;000100   ;IA2 ;ERICSSON ;42020201934     ;A0   ;202315600171   ;20230410 ;RPM777053/1000 R1B ;NA      ;NA    ;NA    ;NA     ;NA     ; 0/0
-------------------------------------------------------------------------------------------------------------------------------------

=====================================================================================================================================
BOARD  ;LNH    ;PORT       ;T ;S ;OpMode   ;AutoNeg ;MacAddress        ;VlanIds        ;LOS ;BER
=====================================================================================================================================
BB6631 ;000100 ;TN_IDL_A_1 ;E ;1 ;10G_FULL ;false   ;58:70:7F:85:9E:6C ;3901,3908,3910 ;0   ;NZ/0
BB6631 ;000100 ;TN_IDL_A_2 ;O ;1 ;10G_FULL ;false   ;58:70:7F:85:9E:6D ;3908           ;0   ;0/0
-------------------------------------------------------------------------------------------------------------------------------------

radioClockState : RNT_TIME_LOCKED
-------------------------------------------------------------------------------------
Prio  ;ST  ;syncRefType    ;refStatus  ;opQualLevel  ;SyncReference
-------------------------------------------------------------------------------------
   1  ; 1  ;PTP_TIME       ;NO_FAULT   ;PRTC         ;Ptp=1,BoundaryOrdinaryClock=PTP (G_8275_1 EthernetPort=TN_IDL_A_1:SLAVE)
   2  ; 1  ;NTP_FREQUENCY  ;NO_FAULT   ;PRC          ;Ntp=1,NtpFrequencySync=NTP1 (10.31.0.54:32751 Router=45G_Traffic,InterfaceIPv4=LTE,AddressIPv4=LTE)
-------------------------------------------------------------------------------------
-------------------------------------------------------------------------------------
Prio  ;ST  ;assistRefStatus  ;recQualLevel  ;AssistingReference
-------------------------------------------------------------------------------------
   1  ; 0  ;UNKNOWN          ;PRTC          ;Synchronization=1,SyncEthInput=SyncE (SFP_DAC EthernetPort=TN_IDL_A_1)
-------------------------------------------------------------------------------------
nodeGroupRole   : SYNC_RECEIVER (syncNodePriority=3, selectionMode=NODE_PRIORITY)
-------------------------------------------------------------------------------------
DU  ;Port  ;sharedUnitRef (RiPortA - RiPortB)  ;remoteNodePriority  ;CandidateStatus
-------------------------------------------------------------------------------------
1   ;A     ;Fru=Radio-S220-1 (2 - 1)           ;1                   ;OK_NOT_ACTIVE
1   ;B     ;Fru=Radio-S221-1 (2 - 1)           ;1                   ;OK_NOT_ACTIVE
1   ;C     ;Fru=Radio-S222-1 (2 - 1)           ;1                   ;OK_ACTIVE
-------------------------------------------------------------------------------------

=====================================================================================================================================
FRU          ;LNH    ;BOARD                      ;RF  ;BP  ;TX (W/dBm)  ;VSWR (RL)   ;RX (dBm) ;UEs/gUEs  ;Sector/AntennaGroup/Cells (State:CellIds:PCIs)
=====================================================================================================================================
Radio-S180-1 ;BXP_6  ;RRU4415B7                  ; A  ;11  ;19.1 (42.8) ;1.12 (25.0) ;-95.2    ;17/-      ;SE=180 AG=180 FDD=CS75L1 (1:21:31)
Radio-S180-1 ;BXP_6  ;RRU4415B7                  ; B  ;11  ;20.0 (43.0) ;1.14 (23.8) ;-94.9    ;17/-      ;SE=180 AG=180 FDD=CS75L1 (1:21:31)
Radio-S180-1 ;BXP_6  ;RRU4415B7                  ; C  ;11  ;10.2 (40.1) ;1.16 (22.7) ;-94.0    ;19/-      ;SE=181 AG=181 FDD=CS75L2 (1:22:116)
Radio-S180-1 ;BXP_6  ;RRU4415B7                  ; D  ;11  ;11.5 (40.6) ;1.20 (20.7) ;-93.3    ;19/-      ;SE=181 AG=181 FDD=CS75L2 (1:22:116)
Radio-S182-1 ;BXP_2  ;RRU4415B7                  ; A  ;11  ;28.2 (44.5) ;1.05 (31.6) ;-90.5    ;47/-      ;SE=182 AG=182 FDD=CS75L3 (1:23:477)
Radio-S182-1 ;BXP_2  ;RRU4415B7                  ; B  ;11  ;28.8 (44.6) ;1.17 (22.2) ;-91.4    ;47/-      ;SE=182 AG=182 FDD=CS75L3 (1:23:477)
Radio-S182-1 ;BXP_2  ;RRU4415B7                  ; C  ;11  ;-           ;-           ;         ;          ;
Radio-S182-1 ;BXP_2  ;RRU4415B7                  ; D  ;11  ;-           ;-           ;         ;          ;
Radio-S220-1 ;BXP_5  ;RRU247924B824B2024B28BM01* ; A  ;11  ;27.0 (44.3) ;1.18 (21.6) ;-92.9    ;-/-       ;SE=220* AG=220 GT=CS75D1/0 GT=CS75D1/1 GT=CS75D1/8 (1, 1, 1)
Radio-S220-1 ;BXP_5  ;RRU247924B824B2024B28BM01* ; B  ;11  ;26.8 (44.3) ;1.20 (20.9) ;-92.7    ;-/-       ;SE=220* AG=220 GT=CS75D1/0 GT=CS75D1/1 GT=CS75D1/8 (1, 1, 1)
Radio-S220-1 ;BXP_5  ;RRU247924B824B2024B28BM01* ; C  ;11  ;8.1 (39.1)  ;1.13 (24.2) ;-93.4    ;-/-       ;SE=220* AG=220 GT=CS75D1/0 GT=CS75D1/1 GT=CS75D1/8 (1, 1, 1)
Radio-S220-1 ;BXP_5  ;RRU247924B824B2024B28BM01* ; D  ;11  ;8.1 (39.1)  ;1.12 (25.0) ;-92.9    ;-/-       ;SE=220* AG=220 GT=CS75D1/0 GT=CS75D1/1 GT=CS75D1/8 (1, 1, 1)
Radio-S221-1 ;BXP_4  ;RRU247924B824B2024B28BM01* ; A  ;11  ;32.6 (45.1) ;1.17 (22.3) ;-90.5    ;-/-       ;SE=221* AG=221 GT=CS75D2/0 GT=CS75D2/1 GT=CS75D2/8 (1, 1, 1)
Radio-S221-1 ;BXP_4  ;RRU247924B824B2024B28BM01* ; B  ;11  ;30.9 (44.9) ;1.17 (22.2) ;-90.4    ;-/-       ;SE=221* AG=221 GT=CS75D2/0 GT=CS75D2/1 GT=CS75D2/8 (1, 1, 1)
Radio-S221-1 ;BXP_4  ;RRU247924B824B2024B28BM01* ; C  ;11  ;9.1 (39.6)  ;1.14 (23.9) ;-91.1    ;-/-       ;SE=221* AG=221 GT=CS75D2/0 GT=CS75D2/1 GT=CS75D2/8 (1, 1, 1)
Radio-S221-1 ;BXP_4  ;RRU247924B824B2024B28BM01* ; D  ;11  ;9.3 (39.7)  ;1.15 (23.2) ;-90.1    ;-/-       ;SE=221* AG=221 GT=CS75D2/0 GT=CS75D2/1 GT=CS75D2/8 (1, 1, 1)
Radio-S222-1 ;BXP_3  ;RRU247924B824B2024B28BM01* ; A  ;11  ;37.0 (45.7) ;1.09 (27.0) ;-87.7    ;-/-       ;SE=222* AG=222 GT=CS75D3/0 GT=CS75D3/8 (1, 1)
Radio-S222-1 ;BXP_3  ;RRU247924B824B2024B28BM01* ; B  ;11  ;35.4 (45.5) ;1.14 (23.9) ;-89.3    ;-/-       ;SE=222* AG=222 GT=CS75D3/0 GT=CS75D3/8 (1, 1)
Radio-S222-1 ;BXP_3  ;RRU247924B824B2024B28BM01* ; C  ;11  ;15.8 (42.0) ;1.17 (22.0) ;-87.8    ;-/-       ;SE=222* AG=222 GT=CS75D3/0 GT=CS75D3/8 (1, 1)
Radio-S222-1 ;BXP_3  ;RRU247924B824B2024B28BM01* ; D  ;11  ;13.8 (41.4) ;1.21 (20.5) ;-89.0    ;-/-       ;SE=222* AG=222 GT=CS75D3/0 GT=CS75D3/8 (1, 1)
-------------------------------------------------------------------------------------------------------------------------------------

CS75L> mfar

251125-12:37:22+0100 19.31.2.179 25.0h MSRBS_NODE_MODEL_25.Q1_693.28324.131_62ac stopfile=/tmp/2344359
......
Last MO: 17411. Loaded 17411 MOs. Total: 17412 MOs.
...........................................
get /rop/A20251125.1000-1015_CS75L.xml.gz /ericsson/log/amos/moshell_logfiles/t20251125_37258710_65084/logs_moshell/pmfiles/19.31.2.179/rop/A20251125.1000-1015_CS75L.xml.gz ... OK
get /rop/A20251125.1015-1030_CS75L.xml.gz /ericsson/log/amos/moshell_logfiles/t20251125_37258710_65084/logs_moshell/pmfiles/19.31.2.179/rop/A20251125.1015-1030_CS75L.xml.gz ... OK
get /rop/A20251125.1030-1045_CS75L.xml.gz /ericsson/log/amos/moshell_logfiles/t20251125_37258710_65084/logs_moshell/pmfiles/19.31.2.179/rop/A20251125.1030-1045_CS75L.xml.gz ... OK

Using hardcoded thresholds: 3, 4.5, and 16.5
================================================================================================================================
SC     SE  Tx/Rx BrPair  RfPort1 - RfPort2               HW       Serial      Cell (State)   Samples   Med  Mean  SDev Pol Res Issue
================================================================================================================================
CS75L1 180   2/2 0 (1,2) Radio-S180-1(A) Radio-S180-1(B) RRU4415  TU8U025A8Y  FDD=CS75L1 (1)  514693   0.5  -0.2   5.9  NA  OK Passed
CS75L2 181   2/2 0 (1,2) Radio-S180-1(C) Radio-S180-1(D) RRU4415  TU8U025A8Y  FDD=CS75L2 (1)  482147   0.5   0.6   7.0  NA  OK Passed
CS75L3 182   2/2 0 (1,2) Radio-S182-1(A) Radio-S182-1(B) RRU4415  TU8U025A91  FDD=CS75L3 (1)  951886  -0.5  -0.5   6.5  NA  OK Passed
================================================================================================================================
Total: 3 SectorCarriers, 3 RfBranch Pairs (3 OK, 0 OKW, 0 NOK, 0 NT)
......
Last MO: 17411. Loaded 17411 MOs. Total: 17412 MOs.

No NRSectorCarrier MOs are defined on the node.

CS75L> mfitr

251125-12:37:38+0100 19.31.2.179 25.0h MSRBS_NODE_MODEL_25.Q1_693.28324.131_62ac stopfile=/tmp/2344359
..........
Last MO: 17411. Loaded 17411 MOs. Total: 17412 MOs.
........
2025-11-25 12:38
================================================================================================================================
CELL       SC     FRU          BOARD     PUSCH  PUCCH       A      B      C      D  DELTA
================================================================================================================================
FDD=CS75L1 CS75L1 Radio-S180-1 RRU4415B7 -117.9 -118.4 -118.4 -118.2                  0.2
FDD=CS75L2 CS75L2 Radio-S180-1 RRU4415B7 -114.9 -117.4               -116.0 -116.2    0.2
FDD=CS75L3 CS75L3 Radio-S182-1 RRU4415B7 -115.5 -117.4 -116.0 -115.8                  0.2
================================================================================================================================
Bye...
Output has been logged to file /mta_fs/UserFiles/37258710/amosbatch/SDIR/CS75L.log
