Logging to file /mta_fs/UserFiles/37258710/amosbatch/SDIR/CS79T.log
                        __  __  ____   _____
                  /\   |  \/  |/ __ \ / ____|
                 /  \  | \  / | |  | | (___  
                / /\ \ | |\/| | |  | |\___ \ 
               / ____ \| |  | | |__| |____) |
              /_/    \_\_|  |_|\____/|_____/
              OSS Framework for MoShell-25.0h 
  Copyright (c) Ericsson AB 2001-2025 - All Rights Reserved
              
           
[1;31mWARNING: [0mthe AMOS version currently running is more than 29 weeks old and is unsupported.
Please upgrade as soon as possible to the latest released version, available from your local Ericsson support.

$amosrb_pid = 1860697

Checking ip contact...OK

HELP MENU            : h
BASIC MO COMMANDS    : m
OTHER MO COMMANDS    : n
OTHER COMMANDS       : o
PM COMMANDS          : p
QUIT                 : q

CS79T> lt all

251125-10:08:16+0100 19.31.4.153 25.0h  stopfile=/tmp/1860572
Looking up temporary_amos account... OK.
Trying temporary_amos_t20251125_37258710_65084_131's password from amos lookupAccount ... OK

$ssh_pid = 1861339

Connected to 19.31.4.153 (SubNetwork=BBMM_rckomc_R,MeContext=CS79T,ManagedElement=CS79T)

Checking MOM version...MSRBS_NODE_MODEL_25.Q1_693.28324.131_62ac
Parsing MOM (cached): /ericsson/log/amos/moshell_logfiles/t20251125_37258710_65084/logs_moshell/tempfiles/scp-4-amos_20251125-100809_1860512/MSRBS_NODE_MODEL_25.Q1_693.28324.131_62ac.xml.cache.gz ..................................................................................................................................................................................................................................Done.
Using paramfile /opt/ericsson/amos/moshell/commonjars/pm/PARAM_MSRBS_25.Q1.txt
Parsing file /opt/ericsson/amos/moshell/commonjars/pm/PARAM_MSRBS_25.Q1.txt .......................................................................................Done.
Using imomdfile /opt/ericsson/amos/moshell/commonjars/pm/IMOMD_MSRBS_22.Q4.txt
Using imomfile /opt/ericsson/amos/moshell/commonjars/pm/IMOM_MSRBS_25.Q1.txt
Connected to 19.31.4.153 (SubNetwork=BBMM_rckomc_R,MeContext=CS79T,ManagedElement=CS79T)

Last MO: 18358. Loaded 18358 MOs. Total: 18359 MOs.

CS79T> st cell

251125-10:08:30+0100 19.31.4.153 25.0h MSRBS_NODE_MODEL_25.Q1_693.28324.131_62ac stopfile=/tmp/1860572
===================================================================================
Proxy  Adm State     Op. State     MO
===================================================================================
   43  1 (UNLOCKED)  1 (ENABLED)   ENodeBFunction=1,EUtranCellFDD=CS79E1
  178  1 (UNLOCKED)  1 (ENABLED)   ENodeBFunction=1,EUtranCellFDD=CS79E2
  273  1 (UNLOCKED)  1 (ENABLED)   ENodeBFunction=1,EUtranCellFDD=CS79M1
  410  1 (UNLOCKED)  1 (ENABLED)   ENodeBFunction=1,EUtranCellFDD=CS79M2
  500  1 (UNLOCKED)  1 (ENABLED)   ENodeBFunction=1,EUtranCellFDD=CS79T1
  641  1 (UNLOCKED)  1 (ENABLED)   ENodeBFunction=1,EUtranCellFDD=CS79T2
 1528  1 (UNLOCKED)  1 (ENABLED)   ENodeBFunction=1,NbIotCell=CS79N1
 1529  1 (UNLOCKED)  1 (ENABLED)   ENodeBFunction=1,NbIotCell=CS79N2
===================================================================================
Total: 8 MOs

CS79T> st radio

251125-10:08:30+0100 19.31.4.153 25.0h MSRBS_NODE_MODEL_25.Q1_693.28324.131_62ac stopfile=/tmp/1860572
===================================================================================
Proxy  Adm State     Op. State     MO
===================================================================================
 2345  1 (UNLOCKED)  1 (ENABLED)   Equipment=1,FieldReplaceableUnit=Radio-S1-1
 2357  1 (UNLOCKED)  1 (ENABLED)   Equipment=1,FieldReplaceableUnit=Radio-S100-1
 2380  1 (UNLOCKED)  1 (ENABLED)   Equipment=1,FieldReplaceableUnit=Radio-S180-1_NGS
 2394  1 (UNLOCKED)  1 (ENABLED)   Equipment=1,FieldReplaceableUnit=Radio-S2-1
18350  1 (UNLOCKED)  1 (ENABLED)   Transport=1,Synchronization=1,RadioEquipmentClock=1,RadioEquipmentClockReference=NTP1
18351  1 (UNLOCKED)  1 (ENABLED)   Transport=1,Synchronization=1,RadioEquipmentClock=1,RadioEquipmentClockReference=PTP8275_2
===================================================================================
Total: 6 MOs

CS79T> sdir

251125-10:08:31+0100 19.31.4.153 25.0h MSRBS_NODE_MODEL_25.Q1_693.28324.131_62ac stopfile=/tmp/1860572
INFO: Using amos lookupAccount credentials for the export login
.............................
get /rop/A20251125.0815-0830_CS79T.xml.gz /ericsson/log/amos/moshell_logfiles/t20251125_37258710_65084/logs_moshell/pmfiles/19.31.4.153/rop/A20251125.0815-0830_CS79T.xml.gz ... OK
get /rop/A20251125.0830-0845_CS79T.xml.gz /ericsson/log/amos/moshell_logfiles/t20251125_37258710_65084/logs_moshell/pmfiles/19.31.4.153/rop/A20251125.0830-0845_CS79T.xml.gz ... OK
get /rop/A20251125.0845-0900_CS79T.xml.gz /ericsson/log/amos/moshell_logfiles/t20251125_37258710_65084/logs_moshell/pmfiles/19.31.4.153/rop/A20251125.0845-0900_CS79T.xml.gz ... OK
....Checking available boards on node...

Collecting RCS board data ...
........................................................................................................................
......................
..........................................................................................................................................................................................................................................................................................................
......
Collecting TN data...
........................................................................................................................
Getting MO data from node (51 MOs). Please wait...
0%                                             ~50%                                           ~100%
................................................................................................................................
Collecting RF data...
.
Collecting Alarms...
Executing action Log.export()
...
Log=AlarmLog                    actionId=20025
............
Executing action LogM.exportAvailabilityLog()
..LogM=1,exportAvailabilityLog    actionId=20026
.....Parsing alarmLog.......Done.
Parsing availabilityLog......Done.
.......

Total: 4 CPRI links (4 OK, 0 OKW, 0 NOK, 0 NT)

+--------+                      +------------+
|        | A        O98      D1 | Radio-S1-1 |
|        |-----------1----------| RRU2217B20 |
|        |         OK-56m       |   BXP_2    |
|        |                      +------------+
|        |                             |A  |B
|        |               SE=1 AG=1 FDD=CS79E1
|        |                        NIOT=CS79N1
|        |
|        |                      +------------+
|        | B        O98      D1 | Radio-S2-1 |
|        |-----------2----------| RRU2217B20 |
|        |         OK-56m       |   BXP_5    |
|  BB-1  |                      +------------+
| BB6631 |                             |A  |B
| 000100 |               SE=2 AG=2 FDD=CS79E2
|        |                        NIOT=CS79N2
|        |
|        |                      +------------------+           +------------------+
|        | D        O101     D2 |   Radio-S100-1   | D1 O101 D2| Radio-S180-1_NGS |
|        |-----------3----------| RRU449944B144B3C |-----4-----|    RRU4415B7*    |
|        |         OK-56m       |      BXP_3       |   OK-11m  |      BXP_4       |
|        |                      +------------------+           +------------------+
|        |                           |A  |B  |C  |D                 |A  |B  |C  |D
|        |                    SE=100 AG=100  |   |
|        |            FDD=CS79M1 FDD=CS79T1  |   |
|        |                            SE=101 AG=101
|        |                    FDD=CS79M2 FDD=CS79T2
|        |
+--------+

=====================================================================================================================================
ID RiL        Type Res MO1-MO2                               BOARD1-BOARD2               AlmIDs Cells (States)                                        Issue (Failed checks)
=====================================================================================================================================
 1 S1-1       O98  OK  BB-1(A) Radio-S1-1(D1)                BB6631 RRU2217B20                  FDD=CS79E1 NIOT=CS79N1 (1,1)                          Passed
 2 S2-1       O98  OK  BB-1(B) Radio-S2-1(D1)                BB6631 RRU2217B20                  FDD=CS79E2 NIOT=CS79N2 (1,1)                          Passed
 3 S100-1     O101 OK  BB-1(D) Radio-S100-1(D2)              BB6631 RRU449944B144B3C            FDD=CS79M1 FDD=CS79M2 FDD=CS79T1 FDD=CS79T2 (1,1,1,1) Passed
 4 S180-1_NGS O101 OK  Radio-S100-1(D1) Radio-S180-1_NGS(D2) RRU449944B144B3C RRU4415B7*                                                              Passed
-------------------------------------------------------------------------------------------------------------------------------------

Node: RadioNode L   CXP2010174/2_R27J08 (25.Q1)   G3.1   LTE-FDD,LTE-IoT 

=====================================================================================================================================
FRU              ;LNH    ;BOARD            ;ST ;FAULT ;OPER ;MAINT ;STAT ;PRODUCTNUMBER   ;REV     ;SERIAL        ;DATE     ;PMTEMP ; TEMP ; UPT ;VOLT ;SW                   ;
=====================================================================================================================================
BB-1             ;000100 ;BB6631           ; 1 ;  OFF ;  ON ;  OFF ;  ON ;KDU1370071/11   ;R3E     ;E23F372376    ;20240401 ;3 (OK) ;      ;75.4 ;51   ;                     ;
Radio-S1-1       ;BXP_2  ;RRU2217B20       ; 1 ;  OFF ;  ON ;  OFF ; N/A ;KRC161549/1     ;R1S     ;TU8U02FNQ7    ;20240322 ;4 (OK) ; 36.1 ;75.4 ;52.3 ;CXP9013268%9_R96JB   ; (Radio2217B20)
Radio-S100-1     ;BXP_3  ;RRU449944B144B3C ; 1 ;  OFF ;  ON ;  OFF ; N/A ;KRC161787/1     ;R3A     ;E23F500215    ;20240512 ;4 (OK) ; 34.0 ;75.4 ;52.1 ;CXP9013268%15_R101LX ; (Radio449944B144B3C)
Radio-S180-1_NGS ;BXP_4  ;RRU4415B7*       ; 1 ;  OFF ;  ON ;  OFF ; N/A ;KRC161495/1     ;R5FE    ;DH80215764    ;20240322 ;4 (OK) ; 28.5 ;75.4 ;52.5 ;CXP9013268%15_R101LX ; (Radio4415B7)
Radio-S2-1       ;BXP_5  ;RRU2217B20       ; 1 ;  OFF ;  ON ;  OFF ; N/A ;KRC161549/1     ;R1S     ;TU8U02FMMT    ;20240322 ;4 (OK) ; 35.1 ;75.3 ;52.5 ;CXP9013268%9_R96JB   ; (Radio2217B20)
-------------------------------------------------------------------------------------------------------------------------------------

=====================================================================================================================================
AntennaNearUnit                                   ;ST  ;TYPE   ;PRODUCTNR  ;REV                ;UNIQUEID             ;RfPort
=====================================================================================================================================
AntennaUnitGroup=1,AntennaNearUnit=RET_1800_2100  ; 1  ;S-RET  ;AIMM20M11  ;WD81MANBRCU_VER.F  ;HWM1538GA023V3856yL  ;FieldReplaceableUnit=Radio-S1-1,RfPort=R
AntennaUnitGroup=1,AntennaNearUnit=RET_2600       ; 1  ;S-RET  ;AIMM20M11  ;WD81MANBRCU_VER.F  ;HWM1538GA023W678yyR  ;FieldReplaceableUnit=Radio-S1-1,RfPort=R
AntennaUnitGroup=1,AntennaNearUnit=RET_800        ; 1  ;S-RET  ;AIMM20M11  ;WD81MANBRCU_VER.F  ;HWM1538GA023U04560r  ;FieldReplaceableUnit=Radio-S1-1,RfPort=R
AntennaUnitGroup=2,AntennaNearUnit=RET_1800_2100  ; 1  ;S-RET  ;AIMM20M11  ;WD81MANBRCU_VER.F  ;HWM1538GA02725971yL  ;FieldReplaceableUnit=Radio-S2-1,RfPort=R
AntennaUnitGroup=2,AntennaNearUnit=RET_2600       ; 1  ;S-RET  ;AIMM20M11  ;WD81MANBRCU_VER.F  ;HWM1538GA0273633yyR  ;FieldReplaceableUnit=Radio-S2-1,RfPort=R
AntennaUnitGroup=2,AntennaNearUnit=RET_800        ; 1  ;S-RET  ;AIMM20M11  ;WD81MANBRCU_VER.F  ;HWM1538GA027132200r  ;FieldReplaceableUnit=Radio-S2-1,RfPort=R
-------------------------------------------------------------------------------------------------------------------------------------

=====================================================================================================================================
XPBOARD  ;ST ;FAULT ;OPER ;PRODUCTNUMBER ;REV ;SERIAL/NAME ;DATE     ; TEMP ;MO
=====================================================================================================================================
FAN08    ; 1 ;N/A   ;N/A  ;BKV106236/1   ;R2F ;DD138G4082  ;20230301 ; 44.0 ;SupportUnit=1 (FAN  BB-1)
-------------------------------------------------------------------------------------------------------------------------------------

=====================================================================================================================================
ID ;T ;RiL        ;BPBP ;BOARD1           ;LNH1 ;PORT ;R ;LINK ;RATE  ; BER ;BOARD2           ;LNH2 ;PORT ;R ;LINK ;RATE  ; BER ;LENGTH ;MO1 - MO2
=====================================================================================================================================
 1 ;O ;      S1-1 ;1111 ;BB6631           ;000100 ; 1 ;M ;Up   ;9.8G  ;   0 ;RRU2217B20       ;BXP_2  ; 0 ;S ;Up   ;9.8G  ;   0 ;   56m ;Fru=BB-1(A) Fru=Radio-S1-1(D1)
 2 ;O ;      S2-1 ;1111 ;BB6631           ;000100 ; 2 ;M ;Up   ;9.8G  ;   0 ;RRU2217B20       ;BXP_5  ; 0 ;S ;Up   ;9.8G  ;   0 ;   56m ;Fru=BB-1(B) Fru=Radio-S2-1(D1)
 3 ;O ;    S100-1 ;1111 ;BB6631           ;000100 ; 4 ;M ;Up   ;10.1G ;   0 ;RRU449944B144B3C ;BXP_3  ; 1 ;S ;Up   ;10.1G ;   0 ;   56m ;Fru=BB-1(D) Fru=Radio-S100-1(D2)
 4 ;O ;S180-1_NGS ;1111 ;RRU449944B144B3C ;BXP_3  ; 0 ;M ;Up   ;10.1G ;   0 ;RRU4415B7*       ;BXP_4  ; 1 ;S ;Up   ;10.1G ;   0 ;   11m ;Fru=Radio-S100-1(D1) Fru=Radio-S180-1_NGS(D2)
-------------------------------------------------------------------------------------------------------------------------------------

=====================================================================================================================================
ID ;LINK ;RiL        ;VENDOR1  ;VENDORPROD1     ;REV1 ;SERIAL1      ;DATE1    ;ERICSSONPROD1      ;VENDOR2  ;VENDORPROD2     ;REV2 ;SERIAL2      ;DATE2    ;ERICSSONPROD2      ;TT ;WL1     ;WL2    
=====================================================================================================================================
 1 ;Up   ;      S1-1 ;ERICSSON ;EOLP-1396-02-IY ;1.0  ;DZ8Q200WM4   ;20240222 ;RDH10265/2 R1A     ;ERICSSON ;EOLP-1396-02-IY ;1.0  ;DZ8Q200WKX   ;20240222 ;RDH10265/2 R1A     ;0  ;1310.00 ;1310.00
 2 ;Up   ;      S2-1 ;ERICSSON ;EOLP-1396-02-IY ;1.0  ;DZ8Q200WKB   ;20240222 ;RDH10265/2 R1A     ;ERICSSON ;EOLP-1396-02-IY ;1.0  ;DZ8PB02519   ;20231129 ;RDH10265/2 R1A     ;0  ;1310.00 ;1310.00
 3 ;Up   ;    S100-1 ;ERICSSON ;EOLP-1396-02-IY ;1.0  ;DZ8Q200WMB   ;20240222 ;RDH10265/2 R1A     ;ERICSSON ;EOLP-1396-02-IY ;1.0  ;DZ8Q200WLU   ;20240222 ;RDH10265/2 R1A     ;0  ;1310.00 ;1310.00
 4 ;Up   ;S180-1_NGS ;ERICSSON ;EOLP-1396-02-IY ;1.0  ;DZ8Q200X5Q   ;20240223 ;RDH10265/2 R1A     ;ERICSSON ;EOLP-1396-02-IY ;1.0  ;DZ8Q200X7A   ;20240223 ;RDH10265/2 R1A     ;0  ;1310.00 ;1310.00
-------------------------------------------------------------------------------------------------------------------------------------

=====================================================================================================================================
ID ;LINK ;RiL        ;WL1     ;TEMP1 ;TXbs1 ;TXdBm1 ;RXdBm1 ;BER1   ;WL2     ;TEMP2 ;TXbs2 ;TXdBm2 ;RXdBm2 ;BER2   ;DlLoss ;UlLoss ;LENGTH ;TT
=====================================================================================================================================
 1 ;Up   ;      S1-1 ;1310.00 ;42C   ;41%   ;-3.25  ;-2.80  ;   0   ;1310.00 ;35C   ;39%   ;-2.89  ;-3.39  ;   0   ;  0.14 ; -0.09 ;   56m ; 0
 2 ;Up   ;      S2-1 ;1310.00 ;42C   ;41%   ;-2.34  ;-1.92  ;   0   ;1310.00 ;37C   ;40%   ;-2.35  ;-2.13  ;   0   ; -0.21 ; -0.43 ;   56m ; 0
 3 ;Up   ;    S100-1 ;1310.00 ;40C   ;41%   ;-2.76  ;-3.05  ;   0   ;1310.00 ;29C   ;38%   ;-2.70  ;-2.87  ;   0   ;  0.11 ;  0.35 ;   56m ; 0
 4 ;Up   ;S180-1_NGS ;1310.00 ;34C   ;37%   ;-3.01  ;-2.98  ;   0   ;1310.00 ;26C   ;39%   ;-2.50  ;-3.21  ;   0   ;   0.2 ;  0.48 ;   11m ; 0
-------------------------------------------------------------------------------------------------------------------------------------

=====================================================================================================================================
ID ;RiL        ;BOARD            ;SFPLNH  ;PORT ;VENDOR   ;VENDORPROD      ;REV  ;SERIAL       ;DATE     ;ERICSSONPROD       ;WL      ;TEMP  ;TXbs  ;TXdBm  ;RXdBm  ; BER
=====================================================================================================================================
 1 ;      S1-1 ;BB6631           ;000100   ;  1 ;ERICSSON ;EOLP-1396-02-IY ;1.0  ;DZ8Q200WM4   ;20240222 ;RDH10265/2 R1A     ;1310.00 ;42C   ;41%   ;-3.25  ;-2.80  ;   0
 2 ;      S2-1 ;BB6631           ;000100   ;  2 ;ERICSSON ;EOLP-1396-02-IY ;1.0  ;DZ8Q200WKB   ;20240222 ;RDH10265/2 R1A     ;1310.00 ;42C   ;41%   ;-2.34  ;-1.92  ;   0
 3 ;    S100-1 ;BB6631           ;000100   ;  4 ;ERICSSON ;EOLP-1396-02-IY ;1.0  ;DZ8Q200WMB   ;20240222 ;RDH10265/2 R1A     ;1310.00 ;40C   ;41%   ;-2.76  ;-3.05  ;   0
 1 ;      S1-1 ;RRU2217B20       ;BXP_2    ;  0 ;ERICSSON ;EOLP-1396-02-IY ;1.0  ;DZ8Q200WKX   ;20240222 ;RDH10265/2 R1A     ;1310.00 ;35C   ;39%   ;-2.89  ;-3.39  ;   0
 4 ;S180-1_NGS ;RRU449944B144B3C ;BXP_3    ;  0 ;ERICSSON ;EOLP-1396-02-IY ;1.0  ;DZ8Q200X5Q   ;20240223 ;RDH10265/2 R1A     ;1310.00 ;34C   ;37%   ;-3.01  ;-2.98  ;   0
 3 ;    S100-1 ;RRU449944B144B3C ;BXP_3    ;  1 ;ERICSSON ;EOLP-1396-02-IY ;1.0  ;DZ8Q200WLU   ;20240222 ;RDH10265/2 R1A     ;1310.00 ;29C   ;38%   ;-2.70  ;-2.87  ;   0
 4 ;S180-1_NGS ;RRU4415B7*       ;BXP_4    ;  1 ;ERICSSON ;EOLP-1396-02-IY ;1.0  ;DZ8Q200X7A   ;20240223 ;RDH10265/2 R1A     ;1310.00 ;26C   ;39%   ;-2.50  ;-3.21  ;   0
 2 ;      S2-1 ;RRU2217B20       ;BXP_5    ;  0 ;ERICSSON ;EOLP-1396-02-IY ;1.0  ;DZ8PB02519   ;20231129 ;RDH10265/2 R1A     ;1310.00 ;37C   ;40%   ;-2.35  ;-2.13  ;   0
-------------------------------------------------------------------------------------------------------------------------------------
TN ;           ;BB6631           ;000100   ; IB ;WTD      ;RTXM192-406-C25 ;3.0  ;CU824A1T14   ;20240203 ;RDH10247/2 R2A     ;1310    ;38C   ;21%   ;-5.92  ;-13.67 ; 0/0
TN ;           ;BB6631           ;000100   ;IA2 ;ERICSSON ;42020201934     ;A0   ;202350600064 ;20231211 ;RPM777053/1000 R1B ;NA      ;NA    ;NA    ;NA     ;NA     ; 0/0
-------------------------------------------------------------------------------------------------------------------------------------

=====================================================================================================================================
BOARD  ;LNH    ;PORT       ;T ;S ;OpMode   ;AutoNeg ;MacAddress        ;VlanIds        ;LOS ;BER
=====================================================================================================================================
BB6631 ;000100 ;TN_IDL_A_1 ;E ;1 ;10G_FULL ;false   ;F4:3C:96:49:93:F5 ;3901,3908,3910 ;0   ;0/0
BB6631 ;000100 ;TN_IDL_A_2 ;O ;1 ;10G_FULL ;false   ;F4:3C:96:49:93:F6 ;3908           ;0   ;0/0
BB6631 ;000100 ;TN_IDL_B   ;O ;1 ;1G_FULL  ;true    ;F4:3C:96:49:93:F9 ;3901,3908,3910 ;0   ;0/0
-------------------------------------------------------------------------------------------------------------------------------------

radioClockState : RNT_TIME_LOCKED
-------------------------------------------------------------------------------------
Prio  ;ST  ;syncRefType    ;refStatus  ;opQualLevel  ;SyncReference
-------------------------------------------------------------------------------------
  *1  ; 1  ;PTP_TIME       ;NO_FAULT   ;PRTC         ;Ptp=1,BoundaryOrdinaryClock=1 (G_8275_2 Router=45G_Traffic,InterfaceIPv4=LTE,AddressIPv4=LTE:SLAVE)
   2  ; 1  ;NTP_FREQUENCY  ;NO_FAULT   ;PRC          ;Ntp=1,NtpFrequencySync=NTP1 (10.31.0.54:32751 Router=45G_Traffic,InterfaceIPv4=LTE,AddressIPv4=LTE)
-------------------------------------------------------------------------------------
nodeGroupRole   : SYNC_PROVIDER (syncNodePriority=1, selectionMode=NODE_PRIORITY)
-------------------------------------------------------------------------------------
DU  ;Port  ;sharedUnitRef (RiPortA - RiPortB)  ;remoteNodePriority  ;CandidateStatus
-------------------------------------------------------------------------------------
1   ;D     ;Fru=Radio-S180-1_NGS (2 - 1)       ;3                   ;OK_NOT_ACTIVE
-------------------------------------------------------------------------------------

=====================================================================================================================================
FRU              ;LNH    ;BOARD            ;RF  ;BP  ;TX (W/dBm)  ;VSWR (RL)   ;RX (dBm) ;UEs/gUEs  ;Sector/AntennaGroup/Cells (State:CellIds:PCIs)
=====================================================================================================================================
Radio-S180-1_NGS ;BXP_4  ;RRU4415B7*       ; A  ;1L  ;20.4 (43.1) ;1.16 (22.4) ;-99.4    ;          ;
Radio-S180-1_NGS ;BXP_4  ;RRU4415B7*       ; B  ;1L  ;-           ;1.06 (31.1) ;-99.1    ;          ;
Radio-S180-1_NGS ;BXP_4  ;RRU4415B7*       ; C  ;1L  ;20.9 (43.2) ;1.37 (16.2) ;-99.9    ;          ;
Radio-S180-1_NGS ;BXP_4  ;RRU4415B7*       ; D  ;1L  ;-           ;1.16 (22.6) ;-99.7    ;          ;
Radio-S1-1       ;BXP_2  ;RRU2217B20       ; A  ;11  ;-           ;1.23 (19.6) ;         ;9/-       ;SE=1 AG=1 FDD=CS79E1 NIOT=CS79N1 (1:61:471, 1:161:471)
Radio-S1-1       ;BXP_2  ;RRU2217B20       ; B  ;11  ;-           ;1.28 (18.3) ;         ;9/-       ;SE=1 AG=1 FDD=CS79E1 NIOT=CS79N1 (1:61:471, 1:161:471)
Radio-S2-1       ;BXP_5  ;RRU2217B20       ; A  ;11  ;-           ;1.27 (18.5) ;         ;7/-       ;SE=2 AG=2 FDD=CS79E2 NIOT=CS79N2 (1:62:240, 1:162:240)
Radio-S2-1       ;BXP_5  ;RRU2217B20       ; B  ;11  ;-           ;1.37 (16.2) ;         ;7/-       ;SE=2 AG=2 FDD=CS79E2 NIOT=CS79N2 (1:62:240, 1:162:240)
Radio-S100-1     ;BXP_3  ;RRU449944B144B3C ; A  ;11  ;25.5 (44.1) ;1.22 (20.2) ;-94.6    ;29/-      ;SE=100 AG=100 FDD=CS79M1 FDD=CS79T1 (1:31:471, 1:41:289)
Radio-S100-1     ;BXP_3  ;RRU449944B144B3C ; B  ;11  ;27.0 (44.3) ;1.15 (23.3) ;-93.4    ;29/-      ;SE=100 AG=100 FDD=CS79M1 FDD=CS79T1 (1:31:471, 1:41:289)
Radio-S100-1     ;BXP_3  ;RRU449944B144B3C ; C  ;11  ;33.9 (45.3) ;1.24 (19.4) ;-95.0    ;39/-      ;SE=101 AG=101 FDD=CS79M2 FDD=CS79T2 (1:32:170, 1:42:285)
Radio-S100-1     ;BXP_3  ;RRU449944B144B3C ; D  ;11  ;11.5 (40.6) ;1.08 (28.0) ;-95.6    ;39/-      ;SE=101 AG=101 FDD=CS79M2 FDD=CS79T2 (1:32:170, 1:42:285)
-------------------------------------------------------------------------------------------------------------------------------------

CS79T> mfar

251125-10:10:45+0100 19.31.4.153 25.0h MSRBS_NODE_MODEL_25.Q1_693.28324.131_62ac stopfile=/tmp/1860572
.....
Last MO: 18364. Loaded 18364 MOs. Total: 18365 MOs.
.............................................
get /rop/A20251125.0730-0745_CS79T.xml.gz /ericsson/log/amos/moshell_logfiles/t20251125_37258710_65084/logs_moshell/pmfiles/19.31.4.153/rop/A20251125.0730-0745_CS79T.xml.gz ... OK
get /rop/A20251125.0745-0800_CS79T.xml.gz /ericsson/log/amos/moshell_logfiles/t20251125_37258710_65084/logs_moshell/pmfiles/19.31.4.153/rop/A20251125.0745-0800_CS79T.xml.gz ... OK
get /rop/A20251125.0800-0815_CS79T.xml.gz /ericsson/log/amos/moshell_logfiles/t20251125_37258710_65084/logs_moshell/pmfiles/19.31.4.153/rop/A20251125.0800-0815_CS79T.xml.gz ... OK

Using hardcoded thresholds: 3, 4.5, and 16.5
================================================================================================================================
SC     SE  Tx/Rx BrPair  RfPort1 - RfPort2               HW       Serial      Cell (State)   Samples   Med  Mean  SDev Pol Res Issue
================================================================================================================================
CS79E1   1   2/2 0 (1,2) Radio-S1-1(A) Radio-S1-1(B)     RRU2217  TU8U02FNQ7  FDD=CS79E1 (1)  109589   0.5  -0.0   6.9  NA  OK Passed
CS79E2   2   2/2 0 (1,2) Radio-S2-1(A) Radio-S2-1(B)     RRU2217  TU8U02FMMT  FDD=CS79E2 (1)  189736   0.5   0.4   6.9  NA  OK Passed
CS79M1 100   2/2 0 (1,2) Radio-S100-1(A) Radio-S100-1(B) RRU4499  E23F500215  FDD=CS79M1 (1)   72931   0.5   0.2   7.3  NA  OK Passed
CS79M2 101   2/2 0 (1,2) Radio-S100-1(C) Radio-S100-1(D) RRU4499  E23F500215  FDD=CS79M2 (1)   46286  -0.5  -0.4   7.4  NA  OK Passed
CS79T1 100   2/2 0 (1,2) Radio-S100-1(A) Radio-S100-1(B) RRU4499  E23F500215  FDD=CS79T1 (1)  264467  -0.5  -0.6   7.1  NA  OK Passed
CS79T2 101   2/2 0 (1,2) Radio-S100-1(C) Radio-S100-1(D) RRU4499  E23F500215  FDD=CS79T2 (1)  260884  -0.5  -0.7   7.5  NA  OK Passed
================================================================================================================================
Total: 6 SectorCarriers, 6 RfBranch Pairs (6 OK, 0 OKW, 0 NOK, 0 NT)
......
Last MO: 18364. Loaded 18364 MOs. Total: 18365 MOs.

No NRSectorCarrier MOs are defined on the node.

CS79T> mfitr

251125-10:11:02+0100 19.31.4.153 25.0h MSRBS_NODE_MODEL_25.Q1_693.28324.131_62ac stopfile=/tmp/1860572
..........
Last MO: 18364. Loaded 18364 MOs. Total: 18365 MOs.
........
2025-11-25 10:11
================================================================================================================================
CELL       SC     FRU          BOARD            PUSCH  PUCCH       A      B      C      D  DELTA
================================================================================================================================
FDD=CS79E1 CS79E1 Radio-S1-1   RRU2217B20       -116.7 -115.6 -118.9 -119.2                  0.3
FDD=CS79E2 CS79E2 Radio-S2-1   RRU2217B20       -119.3 -118.7 -117.0 -118.6                  1.6
FDD=CS79M1 CS79M1 Radio-S100-1 RRU449944B144B3C -119.7 -119.1 -120.1 -119.6                  0.5
FDD=CS79M2 CS79M2 Radio-S100-1 RRU449944B144B3C -119.4 -119.4               -119.6 -119.5    0.1
FDD=CS79T1 CS79T1 Radio-S100-1 RRU449944B144B3C -118.0 -116.8 -118.7 -118.5                  0.2
FDD=CS79T2 CS79T2 Radio-S100-1 RRU449944B144B3C -119.2 -118.0               -119.2 -119.5    0.3
================================================================================================================================
Bye...
Output has been logged to file /mta_fs/UserFiles/37258710/amosbatch/SDIR/CS79T.log
