Logging to file /mta_fs/UserFiles/37258710/amosbatch/SDIR/CS84L.log
                        __  __  ____   _____
                  /\   |  \/  |/ __ \ / ____|
                 /  \  | \  / | |  | | (___  
                / /\ \ | |\/| | |  | |\___ \ 
               / ____ \| |  | | |__| |____) |
              /_/    \_\_|  |_|\____/|_____/
              OSS Framework for MoShell-25.0h 
  Copyright (c) Ericsson AB 2001-2025 - All Rights Reserved
              
           
[1;31mWARNING: [0mthe AMOS version currently running is more than 29 weeks old and is unsupported.
Please upgrade as soon as possible to the latest released version, available from your local Ericsson support.

$amosrb_pid = 2784629

Checking ip contact...OK

HELP MENU            : h
BASIC MO COMMANDS    : m
OTHER MO COMMANDS    : n
OTHER COMMANDS       : o
PM COMMANDS          : p
QUIT                 : q

CS84L> lt all

251125-14:47:28+0100 19.31.2.204 25.0h  stopfile=/tmp/2784512
Looking up temporary_amos account... OK.
Trying temporary_amos_t20251125_37258710_65084_131's password from amos lookupAccount ... OK

$ssh_pid = 2785069

Connected to 19.31.2.204 (SubNetwork=BBMM_rckomc_R,MeContext=CS84L,ManagedElement=CS84L)

Checking MOM version...MSRBS_NODE_MODEL_25.Q1_198665.224.73_bf81
Parsing MOM (cached): /ericsson/log/amos/moshell_logfiles/t20251125_37258710_65084/logs_moshell/tempfiles/scp-4-amos_20251125-144722_2784442/MSRBS_NODE_MODEL_25.Q1_198665.224.73_bf81.xml.cache.gz ......................................................................................................................................................................................................................Done.
Using paramfile /opt/ericsson/amos/moshell/commonjars/pm/PARAM_MSRBSG2_25.Q1.txt
Parsing file /opt/ericsson/amos/moshell/commonjars/pm/PARAM_MSRBSG2_25.Q1.txt ......................................................................................Done.
Using imomdfile /opt/ericsson/amos/moshell/commonjars/pm/IMOMD_MSRBS_22.Q4.txt
Using imomfile /opt/ericsson/amos/moshell/commonjars/pm/IMOM_MSRBS_25.Q1.txt
Connected to 19.31.2.204 (SubNetwork=BBMM_rckomc_R,MeContext=CS84L,ManagedElement=CS84L)

Last MO: 16887. Loaded 16887 MOs. Total: 16888 MOs.

CS84L> st cell

251125-14:47:47+0100 19.31.2.204 25.0h MSRBS_NODE_MODEL_25.Q1_198665.224.73_bf81 stopfile=/tmp/2784512
===================================================================================
Proxy  Adm State     Op. State     MO
===================================================================================
   52  1 (UNLOCKED)  1 (ENABLED)   ENodeBFunction=1,EUtranCellFDD=CS84L1
  189  1 (UNLOCKED)  1 (ENABLED)   ENodeBFunction=1,EUtranCellFDD=CS84L2
===================================================================================
Total: 2 MOs

CS84L> st radio

251125-14:47:48+0100 19.31.2.204 25.0h MSRBS_NODE_MODEL_25.Q1_198665.224.73_bf81 stopfile=/tmp/2784512
===================================================================================
Proxy  Adm State     Op. State     MO
===================================================================================
 1405  1 (UNLOCKED)  1 (ENABLED)   Equipment=1,FieldReplaceableUnit=Radio-S180-1
 1420  1 (UNLOCKED)  1 (ENABLED)   Equipment=1,FieldReplaceableUnit=Radio-S210-1
 1437  1 (UNLOCKED)  1 (ENABLED)   Equipment=1,FieldReplaceableUnit=Radio-S211-1
16881  1 (UNLOCKED)  1 (ENABLED)   Transport=1,Synchronization=1,RadioEquipmentClock=1,RadioEquipmentClockReference=NTP1
16882  1 (UNLOCKED)  1 (ENABLED)   Transport=1,Synchronization=1,RadioEquipmentClock=1,RadioEquipmentClockReference=PTP
===================================================================================
Total: 5 MOs

CS84L> sdir

251125-14:47:48+0100 19.31.2.204 25.0h MSRBS_NODE_MODEL_25.Q1_198665.224.73_bf81 stopfile=/tmp/2784512
INFO: Using amos lookupAccount credentials for the export login
...............................
get /rop/A20251125.1300-1315_CS84L.xml.gz /ericsson/log/amos/moshell_logfiles/t20251125_37258710_65084/logs_moshell/pmfiles/19.31.2.204/rop/A20251125.1300-1315_CS84L.xml.gz ... OK
get /rop/A20251125.1315-1330_CS84L.xml.gz /ericsson/log/amos/moshell_logfiles/t20251125_37258710_65084/logs_moshell/pmfiles/19.31.2.204/rop/A20251125.1315-1330_CS84L.xml.gz ... OK
get /rop/A20251125.1330-1345_CS84L.xml.gz /ericsson/log/amos/moshell_logfiles/t20251125_37258710_65084/logs_moshell/pmfiles/19.31.2.204/rop/A20251125.1330-1345_CS84L.xml.gz ... OK
...Checking available boards on node...

Collecting RCS board data ...
.................................................................................
.
...........................................................................................................................................................................................................................................................
.........
Collecting TN data...
............................................................................................................................................................................................................................................................................
Collecting RF data...
.
Collecting Alarms...
Executing action Log.export()
...
Log=AlarmLog                    actionId=7092
.....
Executing action LogM.exportAvailabilityLog()
..LogM=1,exportAvailabilityLog    actionId=7093
.....Parsing alarmLog....Done.
Parsing availabilityLog....Done.
...

Total: 3 CPRI links (3 OK, 0 OKW, 0 NOK, 0 NT)

+--------+                      +--------------------+
|        | A        O101     D2 |    Radio-S210-1    |
|        |-----------1----------| RRU227922B822B20C* |
|        |         OK-38m       |       BXP_4        |
|        |                      +--------------------+
|        |                                     |A  |B
|        |                 SE=210* AG=210 GT=CS84D1/0
|        |                                GT=CS84D1/8
|        |
|        |                      +--------------------+
|        | B        O101     D2 |    Radio-S211-1    |
|        |-----------2----------| RRU227922B822B20C* |
|        |         OK-38m       |       BXP_2        |
|  BB-1  |                      +--------------------+
| BB6630 |                                     |A  |B
| 000100 |                 SE=211* AG=211 GT=CS84D2/0
|        |                                GT=CS84D2/8
|        |
|        |                      +---------------+
|        | D        O101     D1 | Radio-S180-1  |
|        |-----------3----------|   RRU4415B7   |
|        |         OK-38m       |     BXP_3     |
|        |                      +---------------+
|        |                        |A  |B  |C  |D
|        |                 SE=180 AG=180  |   |
|        |                    FDD=CS84L1  |   |
|        |                         SE=181 AG=181
|        |                            FDD=CS84L2
|        |
+--------+

=====================================================================================================================================
ID RiL    Type Res MO1-MO2                  BOARD1-BOARD2             AlmIDs Cells (States)                Issue (Failed checks)
=====================================================================================================================================
 1 S210-1 O101 OK  BB-1(A) Radio-S210-1(D2) BB6630 RRU227922B822B20C*        GT=CS84D1/0 GT=CS84D1/8 (1,1) Passed
 2 S211-1 O101 OK  BB-1(B) Radio-S211-1(D2) BB6630 RRU227922B822B20C*        GT=CS84D2/0 GT=CS84D2/8 (1,1) Passed
 3 S180-1 O101 OK  BB-1(D) Radio-S180-1(D1) BB6630 RRU4415B7                 FDD=CS84L1 FDD=CS84L2 (1,1)   Passed
-------------------------------------------------------------------------------------------------------------------------------------

Node: RadioNode GL   CXP9024418/16_R8D21 (RCG123.3-3)   G2   GSM LTE-FDD 

=====================================================================================================================================
FRU          ;LNH    ;BOARD              ;ST ;FAULT ;OPER ;MAINT ;STAT ;PRODUCTNUMBER   ;REV     ;SERIAL        ;DATE     ;PMTEMP ; TEMP ; UPT ;VOLT ;SW                   ;
=====================================================================================================================================
BB-1         ;000100 ;BB6630             ; 1 ;  OFF ;  ON ;  OFF ;  ON ;KDU137848/11    ;R3D     ;E96A00PFFK    ;20220312 ;3 (OK) ;      ; 133 ;48   ;                     ;
Radio-S180-1 ;BXP_3  ;RRU4415B7          ; 1 ;  OFF ;  ON ;  OFF ; N/A ;KRC161495/1     ;R5F     ;B070838506    ;20220323 ;4 (OK) ; 35.5 ; 133 ;54.4 ;CXP9013268%15_R101KB ; (Radio4415B7)
Radio-S210-1 ;BXP_4  ;RRU227922B822B20C* ; 1 ;  OFF ;  ON ;  OFF ; N/A ;KRC161864/1     ;R1E     ;TU8U01HT34    ;20220427 ;4 (OK) ; 35.9 ; 133 ;54.6 ;CXP9013268%15_R101KB ; (Radio227922B822B20C)
Radio-S211-1 ;BXP_2  ;RRU227922B822B20C* ; 1 ;  OFF ;  ON ;  OFF ; N/A ;KRC161864/1     ;R1E     ;TU8U01HT2Z    ;20220427 ;4 (OK) ; 36.5 ; 133 ;54.4 ;CXP9013268%15_R101KB ; (Radio227922B822B20C)
-------------------------------------------------------------------------------------------------------------------------------------

=====================================================================================================================================
XPBOARD  ;ST ;FAULT ;OPER ;PRODUCTNUMBER ;REV ;SERIAL/NAME ;DATE     ; TEMP ;MO
=====================================================================================================================================
FAN      ; 1 ;N/A   ;N/A  ;BKV106217/1   ;N/A ;N/A         ;N/A      ;      ;SupportUnit=1 (FAN  BB-1)
-------------------------------------------------------------------------------------------------------------------------------------

=====================================================================================================================================
ID ;T ;RiL    ;BPBP ;BOARD1             ;LNH1 ;PORT ;R ;LINK ;RATE  ; BER ;BOARD2             ;LNH2 ;PORT ;R ;LINK ;RATE  ; BER ;LENGTH ;MO1 - MO2
=====================================================================================================================================
 1 ;O ;S210-1 ;1111 ;BB6630             ;000100 ; 1 ;M ;Up   ;10.1G ;   0 ;RRU227922B822B20C* ;BXP_4  ; 1 ;S ;Up   ;10.1G ;   0 ;   38m ;Fru=BB-1(A) Fru=Radio-S210-1(D2)
 2 ;O ;S211-1 ;1111 ;BB6630             ;000100 ; 2 ;M ;Up   ;10.1G ;   0 ;RRU227922B822B20C* ;BXP_2  ; 1 ;S ;Up   ;10.1G ;   0 ;   38m ;Fru=BB-1(B) Fru=Radio-S211-1(D2)
 3 ;O ;S180-1 ;1111 ;BB6630             ;000100 ; 4 ;M ;Up   ;10.1G ;   0 ;RRU4415B7          ;BXP_3  ; 0 ;S ;Up   ;10.1G ;   0 ;   38m ;Fru=BB-1(D) Fru=Radio-S180-1(D1)
-------------------------------------------------------------------------------------------------------------------------------------

=====================================================================================================================================
ID ;LINK ;RiL    ;VENDOR1  ;VENDORPROD1      ;REV1 ;SERIAL1         ;DATE1    ;ERICSSONPROD1  ;VENDOR2  ;VENDORPROD2      ;REV2 ;SERIAL2         ;DATE2    ;ERICSSONPROD2  ;TT ;WL1     ;WL2    
=====================================================================================================================================
 1 ;Up   ;S210-1 ;ERICSSON ;LCP-10G3B4HDRME4 ;A    ;2212094A2456348 ;20220323 ;RDH10265/2 R1A ;ERICSSON ;SPP10ELRIDFREN   ;10   ;M592019249      ;20220408 ;RDH10265/2 R1A ;0  ;1310.00 ;1310.00
 2 ;Up   ;S211-1 ;ERICSSON ;LCP-10G3B4HDRME4 ;A    ;2212094A2456346 ;20220323 ;RDH10265/2 R1A ;ERICSSON ;SPP10ELRIDFREN   ;10   ;M592005408      ;20220408 ;RDH10265/2 R1A ;0  ;1310.00 ;1310.00
 3 ;Up   ;S180-1 ;ERICSSON ;SPP10ELRIDFSEN   ;10   ;CT72976004      ;20220826 ;RDH10265/2 R1A ;ERICSSON ;SPP10ELRIDFREN   ;10   ;M592019509      ;20220408 ;RDH10265/2 R1A ;0  ;1310.00 ;1310.00
-------------------------------------------------------------------------------------------------------------------------------------

=====================================================================================================================================
ID ;LINK ;RiL    ;WL1     ;TEMP1 ;TXbs1 ;TXdBm1 ;RXdBm1 ;BER1   ;WL2     ;TEMP2 ;TXbs2 ;TXdBm2 ;RXdBm2 ;BER2   ;DlLoss ;UlLoss ;LENGTH ;TT
=====================================================================================================================================
 1 ;Up   ;S210-1 ;1310.00 ;38C   ;40%   ;-3.21  ;-0.89  ;   0   ;1310.00 ;33C   ;40%   ;-0.70  ;-4.44  ;   0   ;  1.23 ;  0.19 ;   38m ; 0
 2 ;Up   ;S211-1 ;1310.00 ;38C   ;38%   ;-3.28  ;-3.64  ;   0   ;1310.00 ;35C   ;42%   ;-2.83  ;-4.47  ;   0   ;  1.19 ;  0.81 ;   38m ; 0
 3 ;Up   ;S180-1 ;1310.00 ;49C   ;38%   ;-1.90  ;-2.40  ;   0   ;1310.00 ;32C   ;41%   ;-1.84  ;-1.59  ;   0   ; -0.31 ;  0.56 ;   38m ; 0
-------------------------------------------------------------------------------------------------------------------------------------

=====================================================================================================================================
ID ;RiL    ;BOARD              ;SFPLNH  ;PORT ;VENDOR   ;VENDORPROD       ;REV  ;SERIAL          ;DATE     ;ERICSSONPROD   ;WL      ;TEMP  ;TXbs  ;TXdBm  ;RXdBm  ; BER
=====================================================================================================================================
 1 ;S210-1 ;BB6630             ;000100   ;  1 ;ERICSSON ;LCP-10G3B4HDRME4 ;A    ;2212094A2456348 ;20220323 ;RDH10265/2 R1A ;1310.00 ;38C   ;40%   ;-3.21  ;-0.89  ;   0
 2 ;S211-1 ;BB6630             ;000100   ;  2 ;ERICSSON ;LCP-10G3B4HDRME4 ;A    ;2212094A2456346 ;20220323 ;RDH10265/2 R1A ;1310.00 ;38C   ;38%   ;-3.28  ;-3.64  ;   0
 3 ;S180-1 ;BB6630             ;000100   ;  4 ;ERICSSON ;SPP10ELRIDFSEN   ;10   ;CT72976004      ;20220826 ;RDH10265/2 R1A ;1310.00 ;49C   ;38%   ;-1.90  ;-2.40  ;   0
 2 ;S211-1 ;RRU227922B822B20C* ;BXP_2    ;  1 ;ERICSSON ;SPP10ELRIDFREN   ;10   ;M592005408      ;20220408 ;RDH10265/2 R1A ;1310.00 ;35C   ;42%   ;-2.83  ;-4.47  ;   0
 3 ;S180-1 ;RRU4415B7          ;BXP_3    ;  0 ;ERICSSON ;SPP10ELRIDFREN   ;10   ;M592019509      ;20220408 ;RDH10265/2 R1A ;1310.00 ;32C   ;41%   ;-1.84  ;-1.59  ;   0
 1 ;S210-1 ;RRU227922B822B20C* ;BXP_4    ;  1 ;ERICSSON ;SPP10ELRIDFREN   ;10   ;M592019249      ;20220408 ;RDH10265/2 R1A ;1310.00 ;33C   ;40%   ;-0.70  ;-4.44  ;   0
-------------------------------------------------------------------------------------------------------------------------------------
TN ;       ;BB6630             ;000100   ;  A ;ERICSSON ;SPP10ELRIDFSEN   ;10   ;CT72723078      ;20220620 ;RDH10265/2 R1A ;0       ;44C   ;36%   ;-1.91  ;-3.81  ;NZ/0
-------------------------------------------------------------------------------------------------------------------------------------

=====================================================================================================================================
BOARD  ;LNH    ;PORT   ;T ;S ;OpMode   ;AutoNeg ;MacAddress        ;VlanIds        ;LOS ;BER
=====================================================================================================================================
BB6630 ;000100 ;IDL_A1 ;E ;1 ;10G_FULL ;false   ;7C:72:6E:77:D5:7B ;3908           ;0   ;0/0
BB6630 ;000100 ;TN_A   ;O ;1 ;10G_FULL ;false   ;7C:72:6E:77:D5:77 ;3901,3908,3910 ;0   ;NZ/0
-------------------------------------------------------------------------------------------------------------------------------------

radioClockState : RNT_TIME_LOCKED
-------------------------------------------------------------------------------------
Prio  ;ST  ;syncRefType    ;refStatus  ;opQualLevel  ;SyncReference
-------------------------------------------------------------------------------------
   1  ; 1  ;PTP_TIME       ;NO_FAULT   ;PRTC         ;Ptp=1,BoundaryOrdinaryClock=PTP (G_8275_1 EthernetPort=TN_A:SLAVE)
   2  ; 1  ;NTP_FREQUENCY  ;NO_FAULT   ;PRC          ;Ntp=1,NtpFrequencySync=NTP1 (10.31.0.54:32751 Router=45G_Traffic,InterfaceIPv4=LTE,AddressIPv4=LTE)
-------------------------------------------------------------------------------------
-------------------------------------------------------------------------------------
Prio  ;ST  ;assistRefStatus  ;recQualLevel  ;AssistingReference
-------------------------------------------------------------------------------------
   1  ; 0  ;UNKNOWN          ;PRTC          ;Synchronization=1,SyncEthInput=SyncE (SFP_OPTICAL EthernetPort=TN_A)
-------------------------------------------------------------------------------------
nodeGroupRole   : SYNC_RECEIVER (syncNodePriority=3, selectionMode=NODE_PRIORITY)
-------------------------------------------------------------------------------------
DU  ;Port  ;sharedUnitRef (RiPortA - RiPortB)  ;remoteNodePriority  ;CandidateStatus
-------------------------------------------------------------------------------------
1   ;A     ;Fru=Radio-S210-1 (2 - 1)           ;1                   ;OK_NOT_ACTIVE
1   ;B     ;Fru=Radio-S211-1 (2 - 1)           ;1                   ;OK_ACTIVE
-------------------------------------------------------------------------------------

=====================================================================================================================================
FRU          ;LNH    ;BOARD              ;RF  ;BP  ;TX (W/dBm)  ;VSWR (RL)   ;RX (dBm) ;UEs/gUEs  ;Sector/AntennaGroup/Cells (State:CellIds:PCIs)
=====================================================================================================================================
Radio-S180-1 ;BXP_3  ;RRU4415B7          ; A  ;11  ;5.1 (37.1)  ;1.26 (18.7) ;-95.7    ;0/-       ;SE=180 AG=180 FDD=CS84L1 (1:21:131)
Radio-S180-1 ;BXP_3  ;RRU4415B7          ; B  ;11  ;5.4 (37.3)  ;1.20 (20.7) ;-94.4    ;0/-       ;SE=180 AG=180 FDD=CS84L1 (1:21:131)
Radio-S180-1 ;BXP_3  ;RRU4415B7          ; C  ;11  ;4.1 (36.1)  ;1.09 (26.9) ;-93.6    ;13/-      ;SE=181 AG=181 FDD=CS84L2 (1:22:319)
Radio-S180-1 ;BXP_3  ;RRU4415B7          ; D  ;11  ;2.9 (34.6)  ;1.16 (22.8) ;-94.6    ;13/-      ;SE=181 AG=181 FDD=CS84L2 (1:22:319)
Radio-S210-1 ;BXP_4  ;RRU227922B822B20C* ; A  ;11  ;12.8 (41.1) ;1.24 (19.5) ;-92.5    ;-/-       ;SE=210* AG=210 GT=CS84D1/0 GT=CS84D1/8 (1, 1)
Radio-S210-1 ;BXP_4  ;RRU227922B822B20C* ; B  ;11  ;8.3 (39.2)  ;1.26 (18.8) ;-85.7    ;-/-       ;SE=210* AG=210 GT=CS84D1/0 GT=CS84D1/8 (1, 1)
Radio-S211-1 ;BXP_2  ;RRU227922B822B20C* ; A  ;11  ;7.9 (39.0)  ;1.26 (18.8) ;-85.5    ;-/-       ;SE=211* AG=211 GT=CS84D2/0 GT=CS84D2/8 (1, 1)
Radio-S211-1 ;BXP_2  ;RRU227922B822B20C* ; B  ;11  ;5.4 (37.3)  ;1.21 (20.4) ;-87.3    ;-/-       ;SE=211* AG=211 GT=CS84D2/0 GT=CS84D2/8 (1, 1)
-------------------------------------------------------------------------------------------------------------------------------------

CS84L> mfar

251125-14:49:58+0100 19.31.2.204 25.0h MSRBS_NODE_MODEL_25.Q1_198665.224.73_bf81 stopfile=/tmp/2784512
....
Last MO: 16881. Loaded 16881 MOs. Total: 16882 MOs.
........................................
get /rop/A20251125.1215-1230_CS84L.xml.gz /ericsson/log/amos/moshell_logfiles/t20251125_37258710_65084/logs_moshell/pmfiles/19.31.2.204/rop/A20251125.1215-1230_CS84L.xml.gz ... OK
get /rop/A20251125.1230-1245_CS84L.xml.gz /ericsson/log/amos/moshell_logfiles/t20251125_37258710_65084/logs_moshell/pmfiles/19.31.2.204/rop/A20251125.1230-1245_CS84L.xml.gz ... OK
get /rop/A20251125.1245-1300_CS84L.xml.gz /ericsson/log/amos/moshell_logfiles/t20251125_37258710_65084/logs_moshell/pmfiles/19.31.2.204/rop/A20251125.1245-1300_CS84L.xml.gz ... OK

Using hardcoded thresholds: 3, 4.5, and 16.5
================================================================================================================================
SC     SE  Tx/Rx BrPair  RfPort1 - RfPort2               HW       Serial      Cell (State)   Samples   Med  Mean  SDev Pol Res Issue
================================================================================================================================
CS84L1 180   2/2 0 (1,2) Radio-S180-1(A) Radio-S180-1(B) RRU4415  B070838506  FDD=CS84L1 (1)   70043  -1.5  -0.9   7.7  NA  OK Passed
CS84L2 181   2/2 0 (1,2) Radio-S180-1(C) Radio-S180-1(D) RRU4415  B070838506  FDD=CS84L2 (1)  703449  -1.5  -1.7   7.1  NA  OK Passed
================================================================================================================================
Total: 2 SectorCarriers, 2 RfBranch Pairs (2 OK, 0 OKW, 0 NOK, 0 NT)
....
Last MO: 16881. Loaded 16881 MOs. Total: 16882 MOs.

No NRSectorCarrier MOs are defined on the node.

CS84L> mfitr

251125-14:50:14+0100 19.31.2.204 25.0h MSRBS_NODE_MODEL_25.Q1_198665.224.73_bf81 stopfile=/tmp/2784512
......
Last MO: 16881. Loaded 16881 MOs. Total: 16882 MOs.
......
2025-11-25 14:50
================================================================================================================================
CELL       SC     FRU          BOARD     PUSCH  PUCCH       A      B      C      D  DELTA
================================================================================================================================
FDD=CS84L1 CS84L1 Radio-S180-1 RRU4415B7 -113.6 -116.1 -114.2 -114.1                  0.1
FDD=CS84L2 CS84L2 Radio-S180-1 RRU4415B7 -113.1 -116.4               -113.6 -114.5    0.9
================================================================================================================================
Bye...
Output has been logged to file /mta_fs/UserFiles/37258710/amosbatch/SDIR/CS84L.log
