Logging to file /mta_fs/UserFiles/37258710/amosbatch/SDIR/CZ10T.log
                        __  __  ____   _____
                  /\   |  \/  |/ __ \ / ____|
                 /  \  | \  / | |  | | (___  
                / /\ \ | |\/| | |  | |\___ \ 
               / ____ \| |  | | |__| |____) |
              /_/    \_\_|  |_|\____/|_____/
              OSS Framework for MoShell-25.0h 
  Copyright (c) Ericsson AB 2001-2025 - All Rights Reserved
              
           
[1;31mWARNING: [0mthe AMOS version currently running is more than 29 weeks old and is unsupported.
Please upgrade as soon as possible to the latest released version, available from your local Ericsson support.

$amosrb_pid = 718550

Checking ip contact...OK

HELP MENU            : h
BASIC MO COMMANDS    : m
OTHER MO COMMANDS    : n
OTHER COMMANDS       : o
PM COMMANDS          : p
QUIT                 : q

CZ10T> lt all

251125-08:12:25+0100 19.31.11.173 25.0h  stopfile=/tmp/717618
Looking up temporary_amos account... OK.
Trying temporary_amos_t20251125_37258710_65084_131's password from amos lookupAccount ... OK

$ssh_pid = 727332

Connected to 19.31.11.173 (SubNetwork=BBMM_rckomc_R,MeContext=CZ10T,ManagedElement=CZ10T)

Checking MOM version...MSRBS_NODE_MODEL_25.Q1_693.28324.131_62ac
Parsing MOM (cached): /ericsson/log/amos/moshell_logfiles/t20251125_37258710_65084/logs_moshell/tempfiles/scp-4-amos_20251125-081211_717357/MSRBS_NODE_MODEL_25.Q1_693.28324.131_62ac.xml.cache.gz ..................................................................................................................................................................................................................................Done.
Using paramfile /opt/ericsson/amos/moshell/commonjars/pm/PARAM_MSRBS_25.Q1.txt
Parsing file /opt/ericsson/amos/moshell/commonjars/pm/PARAM_MSRBS_25.Q1.txt .......................................................................................Done.
Using imomdfile /opt/ericsson/amos/moshell/commonjars/pm/IMOMD_MSRBS_22.Q4.txt
Using imomfile /opt/ericsson/amos/moshell/commonjars/pm/IMOM_MSRBS_25.Q1.txt
Connected to 19.31.11.173 (SubNetwork=BBMM_rckomc_R,MeContext=CZ10T,ManagedElement=CZ10T)

Last MO: 21530. Loaded 21530 MOs. Total: 21531 MOs.

CZ10T> st cell

251125-08:12:49+0100 19.31.11.173 25.0h MSRBS_NODE_MODEL_25.Q1_693.28324.131_62ac stopfile=/tmp/717618
===================================================================================
Proxy  Adm State     Op. State     MO
===================================================================================
   43  1 (UNLOCKED)  1 (ENABLED)   ENodeBFunction=1,EUtranCellFDD=CZ10J1
  145  1 (UNLOCKED)  1 (ENABLED)   ENodeBFunction=1,EUtranCellFDD=CZ10J2
  257  1 (UNLOCKED)  1 (ENABLED)   ENodeBFunction=1,EUtranCellFDD=CZ10J3
  377  1 (UNLOCKED)  1 (ENABLED)   ENodeBFunction=1,EUtranCellFDD=CZ10J4
  499  1 (UNLOCKED)  1 (ENABLED)   ENodeBFunction=1,EUtranCellFDD=CZ10M1
  611  1 (UNLOCKED)  1 (ENABLED)   ENodeBFunction=1,EUtranCellFDD=CZ10M2
  731  1 (UNLOCKED)  1 (ENABLED)   ENodeBFunction=1,EUtranCellFDD=CZ10M3
  874  1 (UNLOCKED)  1 (ENABLED)   ENodeBFunction=1,EUtranCellFDD=CZ10M4
 1026  1 (UNLOCKED)  1 (ENABLED)   ENodeBFunction=1,EUtranCellFDD=CZ10T1
 1145  1 (UNLOCKED)  1 (ENABLED)   ENodeBFunction=1,EUtranCellFDD=CZ10T2
 1278  1 (UNLOCKED)  1 (ENABLED)   ENodeBFunction=1,EUtranCellFDD=CZ10T3
 1433  1 (UNLOCKED)  1 (ENABLED)   ENodeBFunction=1,EUtranCellFDD=CZ10T4
 3701                1 (ENABLED)   GNBCUCPFunction=1,EUtraNetwork=1,ExternalENodeBFunction=auto222_1_2_211237,ExternalEUtranCell=2221-211237-71
 3702                1 (ENABLED)   GNBCUCPFunction=1,EUtraNetwork=1,ExternalENodeBFunction=auto222_1_2_211237,ExternalEUtranCell=2221-211237-72
 3703                1 (ENABLED)   GNBCUCPFunction=1,EUtraNetwork=1,ExternalENodeBFunction=auto222_1_2_211237,ExternalEUtranCell=2221-211237-73
 3704                1 (ENABLED)   GNBCUCPFunction=1,EUtraNetwork=1,ExternalENodeBFunction=auto222_1_2_211237,ExternalEUtranCell=2221-211237-74
 4226  1 (UNLOCKED)  1 (ENABLED)   GNBDUFunction=1,NRCellDU=CZ10G1
 4228  1 (UNLOCKED)  1 (ENABLED)   GNBDUFunction=1,NRCellDU=CZ10G2
 4230  1 (UNLOCKED)  1 (ENABLED)   GNBDUFunction=1,NRCellDU=CZ10G3
 4232  1 (UNLOCKED)  1 (ENABLED)   GNBDUFunction=1,NRCellDU=CZ10G4
 4234  1 (UNLOCKED)  1 (ENABLED)   GNBDUFunction=1,NRCellDU=CZ10V1
 4236  1 (UNLOCKED)  1 (ENABLED)   GNBDUFunction=1,NRCellDU=CZ10V2
 4238  1 (UNLOCKED)  1 (ENABLED)   GNBDUFunction=1,NRCellDU=CZ10V3
===================================================================================
Total: 23 MOs

INFO: NRCellDU status needs to be printed with command "stz" or "hget ,nrcell state" due to dependency to cellState/serviceState attributes.

CZ10T> st radio

251125-08:12:49+0100 19.31.11.173 25.0h MSRBS_NODE_MODEL_25.Q1_693.28324.131_62ac stopfile=/tmp/717618
===================================================================================
Proxy  Adm State     Op. State     MO
===================================================================================
 3475  1 (UNLOCKED)  1 (ENABLED)   Equipment=1,FieldReplaceableUnit=Radio-S100-1
 3498  1 (UNLOCKED)  1 (ENABLED)   Equipment=1,FieldReplaceableUnit=Radio-S102-1
 3521  1 (UNLOCKED)  1 (ENABLED)   Equipment=1,FieldReplaceableUnit=Radio-S220-1
 3548  1 (UNLOCKED)  1 (ENABLED)   Equipment=1,FieldReplaceableUnit=Radio-S221-1
 3575  1 (UNLOCKED)  1 (ENABLED)   Equipment=1,FieldReplaceableUnit=Radio-S222-1
 3602  1 (UNLOCKED)  1 (ENABLED)   Equipment=1,FieldReplaceableUnit=Radio-S223-1
21521  1 (UNLOCKED)  1 (ENABLED)   Transport=1,Synchronization=1,RadioEquipmentClock=1,RadioEquipmentClockReference=NTP1
21522  1 (UNLOCKED)  1 (ENABLED)   Transport=1,Synchronization=1,RadioEquipmentClock=1,RadioEquipmentClockReference=PTP
===================================================================================
Total: 8 MOs

CZ10T> sdir

251125-08:12:50+0100 19.31.11.173 25.0h MSRBS_NODE_MODEL_25.Q1_693.28324.131_62ac stopfile=/tmp/717618
INFO: Using amos lookupAccount credentials for the export login
.................
get /rop/A20251125.0615-0630_CZ10T.xml.gz /ericsson/log/amos/moshell_logfiles/t20251125_37258710_65084/logs_moshell/pmfiles/19.31.11.173/rop/A20251125.0615-0630_CZ10T.xml.gz ... OK
get /rop/A20251125.0630-0645_CZ10T.xml.gz /ericsson/log/amos/moshell_logfiles/t20251125_37258710_65084/logs_moshell/pmfiles/19.31.11.173/rop/A20251125.0630-0645_CZ10T.xml.gz ... OK
get /rop/A20251125.0645-0700_CZ10T.xml.gz /ericsson/log/amos/moshell_logfiles/t20251125_37258710_65084/logs_moshell/pmfiles/19.31.11.173/rop/A20251125.0645-0700_CZ10T.xml.gz ... OK
....Checking available boards on node...

Collecting RCS board data ...
..................................................................................................................................................................
............................
.............................................................................................................................................................................................................................................................................................................................................................................
get /rop/A20251125.0700-0715_CZ10T.xml.gz /ericsson/log/amos/moshell_logfiles/t20251125_37258710_65084/logs_moshell/pmfiles/19.31.11.173/rop/A20251125.0700-0715_CZ10T.xml.gz ... OK
...
Collecting TN data...
.........................................................................................................................................................................
Getting MO data from node (171 MOs). Please wait...
0%                                             ~50%                                           ~100%
.....................................................................................................................................
Collecting RF data...
...........
Collecting Alarms...
.Executing action Log.export()
...
Log=AlarmLog                    actionId=39372
...................
Executing action LogM.exportAvailabilityLog()
..LogM=1,exportAvailabilityLog    actionId=39373
............Parsing alarmLog.........Done.
Parsing availabilityLog......Done.
.........

Total: 9 CPRI links (9 OK, 0 OKW, 0 NOK, 0 NT)
.
+--------+                      +----------------------------+
|        | A        O101     D1 |        Radio-S220-1        |
|        |-----------1----------| RRU247924B824B2024B28BM01* |
|        |         OK-39m       |           BXP_6            |
|        |                      +----------------------------+
|        |                                     |A  |B  |C  |D
|        |               SE=220* AG=220 FDD=CZ10J1 NRC=CZ10G1
|        |
|        |                      +----------------------------+
|        | B        O101     D1 |        Radio-S221-1        |
|        |-----------2----------| RRU247924B824B2024B28BM01* |
|        |         OK-39m       |           BXP_5            |
|        |                      +----------------------------+
|        |                                     |A  |B  |C  |D
|        |               SE=221* AG=221 FDD=CZ10J2 NRC=CZ10G2
|        |
|        |                      +----------------------------+
|        | C        O101     D1 |        Radio-S222-1        |
|        |-----------3----------| RRU247924B824B2024B28BM01* |
|        |         OK-39m       |           BXP_4            |
|        |                      +----------------------------+
|        |                                     |A  |B  |C  |D
|        |               SE=222* AG=222 FDD=CZ10J3 NRC=CZ10G3
|        |
|        |                      +------------------+
|        | D        O101     D2 |   Radio-S100-1   |
|        |-----------4----------| RRU449944B144B3C |
|        |         OK-79m       |      BXP_7       |
|        |                      +------------------+
|        |                           |A  |B  |C  |D
|        |                    SE=100 AG=100  |   |
|        |            FDD=CZ10M1 FDD=CZ10T1  |   |
|        |                            SE=101 AG=101
|        |                    FDD=CZ10M2 FDD=CZ10T2
|        |
|        |                      +------------------+
|        | E        O101     D2 |   Radio-S102-1   |
|  BB-1  |-----------5----------| RRU449944B144B3C |
| BB6648 |         OK-79m       |      BXP_3       |
| 000100 |                      +------------------+
|        |                           |A  |B  |C  |D
|        |                    SE=102 AG=102  |   |
|        |            FDD=CZ10M3 FDD=CZ10T3  |   |
|        |                            SE=103 AG=103
|        |                    FDD=CZ10M4 FDD=CZ10T4
|        |
|        |                      +----------------------------+
|        | F        O101     D1 |        Radio-S223-1        |
|        |-----------6----------| RRU247924B824B2024B28BM01* |
|        |         OK-39m       |           BXP_2            |
|        |                      +----------------------------+
|        |                                     |A  |B  |C  |D
|        |               SE=223* AG=223 FDD=CZ10J4 NRC=CZ10G4
|        |
|        |                      +-------------+
|        | K        O257     D1 | AAS-S160-1  |
|        |-----------7----------| AIR3278B78K |
|        |         OK-72m       |  fru_2048   |
|        |                      +-------------+
|        |                                  |A
|        |                   SE=160 NRC=CZ10V1
|        |
|        |                      +-------------+
|        | L        O257     D1 | AAS-S161-1  |
|        |-----------8----------| AIR3278B78K |
|        |         OK-72m       |  fru_2049   |
|        |                      +-------------+
|        |                                  |A
|        |                   SE=161 NRC=CZ10V2
|        |
|        |                      +-------------+
|        | M        O257     D1 | AAS-S162-1  |
|        |-----------9----------| AIR3278B78K |
|        |         OK-71m       |  fru_2050   |
|        |                      +-------------+
|        |                                  |A
+--------+                   SE=162 NRC=CZ10V3

=====================================================================================================================================
ID RiL    Type Res MO1-MO2                  BOARD1-BOARD2                     AlmIDs Cells (States)                                        Issue (Failed checks)
=====================================================================================================================================
 1 S220-1 O101 OK  BB-1(A) Radio-S220-1(D1) BB6648 RRU247924B824B2024B28BM01*        FDD=CZ10J1 NRC=CZ10G1 (1,1)                           Passed
 2 S221-1 O101 OK  BB-1(B) Radio-S221-1(D1) BB6648 RRU247924B824B2024B28BM01*        FDD=CZ10J2 NRC=CZ10G2 (1,1)                           Passed
 3 S222-1 O101 OK  BB-1(C) Radio-S222-1(D1) BB6648 RRU247924B824B2024B28BM01*        FDD=CZ10J3 NRC=CZ10G3 (1,1)                           Passed
 4 S100-1 O101 OK  BB-1(D) Radio-S100-1(D2) BB6648 RRU449944B144B3C                  FDD=CZ10M1 FDD=CZ10M2 FDD=CZ10T1 FDD=CZ10T2 (1,1,1,1) Passed
 5 S102-1 O101 OK  BB-1(E) Radio-S102-1(D2) BB6648 RRU449944B144B3C                  FDD=CZ10M3 FDD=CZ10M4 FDD=CZ10T3 FDD=CZ10T4 (1,1,1,1) Passed
 6 S223-1 O101 OK  BB-1(F) Radio-S223-1(D1) BB6648 RRU247924B824B2024B28BM01*        FDD=CZ10J4 NRC=CZ10G4 (1,1)                           Passed
 7 S160-1 O257 OK  BB-1(K) AAS-S160-1(D1)   BB6648 AIR3278B78K                       NRC=CZ10V1 (1)                                        Passed
 8 S161-1 O257 OK  BB-1(L) AAS-S161-1(D1)   BB6648 AIR3278B78K                       NRC=CZ10V2 (1)                                        Passed
 9 S162-1 O257 OK  BB-1(M) AAS-S162-1(D1)   BB6648 AIR3278B78K                       NRC=CZ10V3 (1)                                        Passed
-------------------------------------------------------------------------------------------------------------------------------------

Node: RadioNode LN   CXP2010174/2_R27J08 (25.Q1)   G3.0   LTE-FDD NR-LB-FDD-ESS,NR-MB-TDD-NSA

=====================================================================================================================================
FRU          ;LNH      ;BOARD                      ;ST ;FAULT ;OPER ;MAINT ;STAT ;PRODUCTNUMBER   ;REV     ;SERIAL        ;DATE     ;PMTEMP ; TEMP ; UPT ;VOLT ;SW                   ;
=====================================================================================================================================
BB-1         ;000100   ;BB6648                     ; 1 ;  OFF ;  ON ;  OFF ;  ON ;KDU1370015/11   ;R3H     ;TD3X553582    ;20220413 ;3 (OK) ;      ;31.9 ;53   ;                     ;
Radio-S100-1 ;BXP_7    ;RRU449944B144B3C           ; 1 ;  OFF ;  ON ;  OFF ; N/A ;KRC161787/1     ;R2G     ;TU8U01JJM5    ;20220510 ;4 (OK) ; 25.3 ;31.8 ;53.0 ;CXP9013268%15_R101LX ; (Radio449944B144B3C)
Radio-S102-1 ;BXP_3    ;RRU449944B144B3C           ; 1 ;  OFF ;  ON ;  OFF ; N/A ;KRC161787/1     ;R2G     ;TU8U01JH9M    ;20220510 ;4 (OK) ; 32.9 ;31.8 ;52.5 ;CXP9013268%15_R101LX ; (Radio449944B144B3C)
Radio-S220-1 ;BXP_6    ;RRU247924B824B2024B28BM01* ; 1 ;  OFF ;  ON ;  OFF ; N/A ;KRC161832/1     ;R2F     ;TU8U028AQJ    ;20231009 ;4 (OK) ; 25.4 ;31.8 ;52.4 ;CXP9013268%15_R101LX ; (Radio247924B824B2024B28BM01)
Radio-S221-1 ;BXP_5    ;RRU247924B824B2024B28BM01* ; 1 ;  OFF ;  ON ;  OFF ; N/A ;KRC161832/1     ;R2G     ;TU8U029W60    ;20231113 ;4 (OK) ; 25.3 ;31.8 ;54.5 ;CXP9013268%15_R101LX ; (Radio247924B824B2024B28BM01)
Radio-S222-1 ;BXP_4    ;RRU247924B824B2024B28BM01* ; 1 ;  OFF ;  ON ;  OFF ; N/A ;KRC161832/1     ;R2F     ;TU8U022HF4    ;20230509 ;4 (OK) ; 27.1 ;31.8 ;53.0 ;CXP9013268%15_R101LX ; (Radio247924B824B2024B28BM01)
Radio-S223-1 ;BXP_2    ;RRU247924B824B2024B28BM01* ; 1 ;  OFF ;  ON ;  OFF ; N/A ;KRC161832/1     ;R2F     ;TU8U022H6T    ;20230509 ;4 (OK) ; 31.7 ;31.8 ;52.9 ;CXP9013268%15_R101LX ; (Radio247924B824B2024B28BM01)
AAS-S160-1   ;fru_2048 ;AIR3278B78K                ; 1 ;  OFF ;  ON ;  OFF ; N/A ;KRD901266/11    ;R2C     ;E96A202AGZ    ;20220510 ;4 (OK) ; 22.8 ; 133 ;53.2 ;CXP2030038%1_R140L31 ;
AAS-S161-1   ;fru_2049 ;AIR3278B78K                ; 1 ;  OFF ;  ON ;  OFF ; N/A ;KRD901266/11    ;R2C     ;E96A202AH0    ;20220510 ;4 (OK) ; 22.1 ; 133 ;53.2 ;CXP2030038%1_R140L31 ;
AAS-S162-1   ;fru_2050 ;AIR3278B78K                ; 1 ;  OFF ;  ON ;  OFF ; N/A ;KRD901266/11    ;R2C     ;E96A202AH2    ;20220510 ;4 (OK) ; 23.3 ; 133 ;53.3 ;CXP2030038%1_R140L31 ;
-------------------------------------------------------------------------------------------------------------------------------------

=====================================================================================================================================
AntennaNearUnit                                          ;ST  ;TYPE   ;PRODUCTNR    ;REV       ;UNIQUEID             ;RfPort
=====================================================================================================================================
AntennaUnitGroup=220,AntennaNearUnit=DTMA_700_800_900_1  ; 1  ;TMA    ;KRY112236/1  ;R1B       ;ERT612---BU96801622  ;FieldReplaceableUnit=Radio-S220-1,RfPort=R
AntennaUnitGroup=220,AntennaNearUnit=DTMA_700_800_900_2  ; 1  ;TMA    ;KRY112236/1  ;R1B       ;ERT612---BU96801603  ;FieldReplaceableUnit=Radio-S220-1,RfPort=R
AntennaUnitGroup=220,AntennaNearUnit=RET_1800-2100       ; 1  ;S-RET  ;86010165     ;HW_V_A01  ;KAD241949067-Y1      ;FieldReplaceableUnit=Radio-S220-1,RfPort=R
AntennaUnitGroup=220,AntennaNearUnit=RET_2600            ; 1  ;S-RET  ;86010165     ;HW_V_A01  ;KAD241949067-Y3      ;FieldReplaceableUnit=Radio-S220-1,RfPort=R
AntennaUnitGroup=220,AntennaNearUnit=RET_700_800_900_1   ; 1  ;S-RET  ;86010165     ;HW_V_A01  ;KAD241949067-R1      ;FieldReplaceableUnit=Radio-S220-1,RfPort=R
AntennaUnitGroup=220,AntennaNearUnit=RET_700_800_900_2   ; 1  ;S-RET  ;86010165     ;HW_V_A01  ;KAD241949067-R2      ;FieldReplaceableUnit=Radio-S220-1,RfPort=R
AntennaUnitGroup=221,AntennaNearUnit=DTMA_700_800_900_1  ; 1  ;TMA    ;KRY112236/1  ;R1B       ;ERT612---BU96843678  ;FieldReplaceableUnit=Radio-S221-1,RfPort=R
AntennaUnitGroup=221,AntennaNearUnit=DTMA_700_800_900_2  ; 1  ;TMA    ;KRY112236/1  ;R1B       ;ERT612---BU96758204  ;FieldReplaceableUnit=Radio-S221-1,RfPort=R
AntennaUnitGroup=221,AntennaNearUnit=RET_1800-2100       ; 1  ;S-RET  ;86010165     ;HW_V_A01  ;KAD241939932-Y1      ;FieldReplaceableUnit=Radio-S221-1,RfPort=R
AntennaUnitGroup=221,AntennaNearUnit=RET_2600            ; 1  ;S-RET  ;86010165     ;HW_V_A01  ;KAD241939932-Y3      ;FieldReplaceableUnit=Radio-S221-1,RfPort=R
AntennaUnitGroup=221,AntennaNearUnit=RET_700_800_900_1   ; 1  ;S-RET  ;86010165     ;HW_V_A01  ;KAD241939932-R1      ;FieldReplaceableUnit=Radio-S221-1,RfPort=R
AntennaUnitGroup=221,AntennaNearUnit=RET_700_800_900_2   ; 1  ;S-RET  ;86010165     ;HW_V_A01  ;KAD241939932-R2      ;FieldReplaceableUnit=Radio-S221-1,RfPort=R
AntennaUnitGroup=222,AntennaNearUnit=DTMA_700_800_900_1  ; 1  ;TMA    ;KRY112236/1  ;R1B       ;ERT612---BU96843684  ;FieldReplaceableUnit=Radio-S222-1,RfPort=R
AntennaUnitGroup=222,AntennaNearUnit=DTMA_700_800_900_2  ; 1  ;TMA    ;KRY112236/1  ;R1B       ;ERT612---BU96801604  ;FieldReplaceableUnit=Radio-S222-1,RfPort=R
AntennaUnitGroup=222,AntennaNearUnit=RET_1800-2100       ; 1  ;S-RET  ;86010165     ;HW_V_A01  ;KAD241949080-Y1      ;FieldReplaceableUnit=Radio-S222-1,RfPort=R
AntennaUnitGroup=222,AntennaNearUnit=RET_2600            ; 1  ;S-RET  ;86010165     ;HW_V_A01  ;KAD241949080-Y3      ;FieldReplaceableUnit=Radio-S222-1,RfPort=R
AntennaUnitGroup=222,AntennaNearUnit=RET_700_800_900_1   ; 1  ;S-RET  ;86010165     ;HW_V_A01  ;KAD241949080-R1      ;FieldReplaceableUnit=Radio-S222-1,RfPort=R
AntennaUnitGroup=222,AntennaNearUnit=RET_700_800_900_2   ; 1  ;S-RET  ;86010165     ;HW_V_A01  ;KAD241949080-R2      ;FieldReplaceableUnit=Radio-S222-1,RfPort=R
AntennaUnitGroup=223,AntennaNearUnit=DTMA_700_800_900_1  ; 1  ;TMA    ;KRY112236/1  ;R1B       ;ERT612---BU96807599  ;FieldReplaceableUnit=Radio-S223-1,RfPort=R
AntennaUnitGroup=223,AntennaNearUnit=DTMA_700_800_900_2  ; 1  ;TMA    ;KRY112236/1  ;R1B       ;ERT612---BU96807559  ;FieldReplaceableUnit=Radio-S223-1,RfPort=R
AntennaUnitGroup=223,AntennaNearUnit=RET_1800-2100       ; 1  ;S-RET  ;86010165     ;HW_V_A01  ;KAD241949088-Y1      ;FieldReplaceableUnit=Radio-S223-1,RfPort=R
AntennaUnitGroup=223,AntennaNearUnit=RET_2600            ; 1  ;S-RET  ;86010165     ;HW_V_A01  ;KAD241949088-Y3      ;FieldReplaceableUnit=Radio-S223-1,RfPort=R
AntennaUnitGroup=223,AntennaNearUnit=RET_700_800_900_1   ; 1  ;S-RET  ;86010165     ;HW_V_A01  ;KAD241949088-R1      ;FieldReplaceableUnit=Radio-S223-1,RfPort=R
AntennaUnitGroup=223,AntennaNearUnit=RET_700_800_900_2   ; 1  ;S-RET  ;86010165     ;HW_V_A01  ;KAD241949088-R2      ;FieldReplaceableUnit=Radio-S223-1,RfPort=R
-------------------------------------------------------------------------------------------------------------------------------------

=====================================================================================================================================
XPBOARD  ;ST ;FAULT ;OPER ;PRODUCTNUMBER ;REV ;SERIAL/NAME ;DATE     ; TEMP ;MO
=====================================================================================================================================
FAN08    ; 1 ;N/A   ;N/A  ;BKV106236/1   ;R2F ;DD111E8443  ;20211228 ; 46.0 ;SupportUnit=1 (FAN  BB-1)
-------------------------------------------------------------------------------------------------------------------------------------

=====================================================================================================================================
ID ;T ;RiL    ;BPBP ;BOARD1                     ;LNH1 ;PORT ;R ;LINK ;RATE  ; BER ;BOARD2                     ;LNH2   ;PORT ;R ;LINK ;RATE  ; BER ;LENGTH ;MO1 - MO2
=====================================================================================================================================
 1 ;O ;S220-1 ;1111 ;BB6648                     ;000100 ; 1 ;M ;Up   ;10.1G ;   0 ;RRU247924B824B2024B28BM01* ;BXP_6    ; 0 ;S ;Up   ;10.1G ;   0 ;   39m ;Fru=BB-1(A) Fru=Radio-S220-1(D1)
 2 ;O ;S221-1 ;1111 ;BB6648                     ;000100 ; 2 ;M ;Up   ;10.1G ;   0 ;RRU247924B824B2024B28BM01* ;BXP_5    ; 0 ;S ;Up   ;10.1G ;   0 ;   39m ;Fru=BB-1(B) Fru=Radio-S221-1(D1)
 3 ;O ;S222-1 ;1111 ;BB6648                     ;000100 ; 3 ;M ;Up   ;10.1G ;   0 ;RRU247924B824B2024B28BM01* ;BXP_4    ; 0 ;S ;Up   ;10.1G ;   0 ;   39m ;Fru=BB-1(C) Fru=Radio-S222-1(D1)
 4 ;O ;S100-1 ;1111 ;BB6648                     ;000100 ; 4 ;M ;Up   ;10.1G ;   0 ;RRU449944B144B3C           ;BXP_7    ; 1 ;S ;Up   ;10.1G ;   0 ;   79m ;Fru=BB-1(D) Fru=Radio-S100-1(D2)
 5 ;O ;S102-1 ;1111 ;BB6648                     ;000100 ; 5 ;M ;Up   ;10.1G ;   0 ;RRU449944B144B3C           ;BXP_3    ; 1 ;S ;Up   ;10.1G ;   0 ;   79m ;Fru=BB-1(E) Fru=Radio-S102-1(D2)
 6 ;O ;S223-1 ;1111 ;BB6648                     ;000100 ; 6 ;M ;Up   ;10.1G ;   0 ;RRU247924B824B2024B28BM01* ;BXP_2    ; 0 ;S ;Up   ;10.1G ;   0 ;   39m ;Fru=BB-1(F) Fru=Radio-S223-1(D1)
 7 ;O ;S160-1 ;1111 ;BB6648                     ;000100 ;10 ;M ;Up   ;25.7G ; 0/0 ;AIR3278B78K                ;fru_2048 ; 0 ;S ;Up   ;25.7G ; 0/0 ;   72m ;Fru=BB-1(K) Fru=AAS-S160-1(D1)
 8 ;O ;S161-1 ;1111 ;BB6648                     ;000100 ;11 ;M ;Up   ;25.7G ; 0/0 ;AIR3278B78K                ;fru_2049 ; 0 ;S ;Up   ;25.7G ; 0/0 ;   72m ;Fru=BB-1(L) Fru=AAS-S161-1(D1)
 9 ;O ;S162-1 ;1111 ;BB6648                     ;000100 ;12 ;M ;Up   ;25.7G ; 0/0 ;AIR3278B78K                ;fru_2050 ; 0 ;S ;Up   ;25.7G ; 0/0 ;   71m ;Fru=BB-1(M) Fru=AAS-S162-1(D1)
-------------------------------------------------------------------------------------------------------------------------------------

=====================================================================================================================================
ID ;LINK ;RiL    ;VENDOR1  ;VENDORPROD1      ;REV1 ;SERIAL1         ;DATE1    ;ERICSSONPROD1     ;VENDOR2  ;VENDORPROD2      ;REV2 ;SERIAL2         ;DATE2    ;ERICSSONPROD2     ;TT ;WL1     ;WL2    
=====================================================================================================================================
 1 ;Up   ;S220-1 ;ERICSSON ;SPP10ELRIDFSEN   ;10   ;CT72900338      ;20220808 ;RDH10265/2 R1A    ;ERICSSON ;SPP10ELRIDFSEN   ;10   ;CT73602624      ;20230424 ;RDH10265/2 R1A    ;0  ;1310.00 ;1310.00
 2 ;Up   ;S221-1 ;ERICSSON ;LCP-10G3B4HDRME4 ;A    ;2212094A2458984 ;20220324 ;RDH10265/2 R1A    ;ERICSSON ;LCP-10G3B4HDRME4 ;A    ;2212094A2458970 ;20220324 ;RDH10265/2 R1A    ;0  ;1310.00 ;1310.00
 3 ;Up   ;S222-1 ;ERICSSON ;LCP-10G3B4HDRME4 ;A    ;2212094A2458987 ;20220324 ;RDH10265/2 R1A    ;ERICSSON ;LCP-10G3B4HDRME4 ;A    ;2212094A2458977 ;20220324 ;RDH10265/2 R1A    ;0  ;1310.00 ;1310.00
 4 ;Up   ;S100-1 ;ERICSSON ;LCP-10G3B4HDRME4 ;A    ;2212094A2458992 ;20220324 ;RDH10265/2 R1A    ;ERICSSON ;LCP-10G3B4HDRME4 ;A    ;2212094A2458991 ;20220324 ;RDH10265/2 R1A    ;0  ;1310.00 ;1310.00
 5 ;Up   ;S102-1 ;ERICSSON ;LCP-10G3B4HDRME4 ;A    ;2212094A2458993 ;20220324 ;RDH10265/2 R1A    ;ERICSSON ;LCP-10G3B4HDRME4 ;A    ;2212094A2458990 ;20220324 ;RDH10265/2 R1A    ;0  ;1310.00 ;1310.00
 6 ;Up   ;S223-1 ;ERICSSON ;LCP-10G3B4HDRME4 ;A    ;2212094A2458986 ;20220324 ;RDH10265/2 R1A    ;ERICSSON ;LCP-10G3B4HDRME4 ;A    ;2212094A2458980 ;20220324 ;RDH10265/2 R1A    ;0  ;1310.00 ;1310.00
 7 ;Up   ;S160-1 ;ERICSSON ;EOLP-1325G-10-9  ;1.0  ;DZ8N1005YH      ;20220217 ;RDH10275/3 R1A    ;ERICSSON ;EOLP-1325G-10-9  ;1.0  ;DZ8N1005WZ      ;20220217 ;RDH10275/3 R1A    ;0  ;1310.00 ;1310.00
 8 ;Up   ;S161-1 ;ERICSSON ;EOLP-1325G-10-9  ;1.0  ;DZ8N1005XZ      ;20220217 ;RDH10275/3 R1A    ;ERICSSON ;EOLP-1325G-10-9  ;1.0  ;DZ8N1005XY      ;20220217 ;RDH10275/3 R1A    ;0  ;1310.00 ;1310.00
 9 ;Up   ;S162-1 ;ERICSSON ;EOLP-1325G-10-9  ;1.0  ;DZ8N1005XM      ;20220217 ;RDH10275/3 R1A    ;ERICSSON ;EOLP-1325G-10-9  ;1.0  ;DZ8N1005X0      ;20220217 ;RDH10275/3 R1A    ;0  ;1310.00 ;1310.00
-------------------------------------------------------------------------------------------------------------------------------------

=====================================================================================================================================
ID ;LINK ;RiL    ;WL1     ;TEMP1 ;TXbs1 ;TXdBm1 ;RXdBm1 ;BER1   ;WL2     ;TEMP2 ;TXbs2 ;TXdBm2 ;RXdBm2 ;BER2   ;DlLoss ;UlLoss ;LENGTH ;TT
=====================================================================================================================================
 1 ;Up   ;S220-1 ;1310.00 ;45C   ;42%   ;-3.12  ;-5.02  ;   0   ;1310.00 ;24C   ;43%   ;-4.18  ;-5.07  ;   0   ;  1.95 ;  0.84 ;   39m ; 0
 2 ;Up   ;S221-1 ;1310.00 ;38C   ;44%   ;-3.20  ;-3.71  ;   0   ;1310.00 ;23C   ;42%   ;-3.55  ;-3.28  ;   0   ;  0.08 ;  0.16 ;   39m ; 0
 3 ;Up   ;S222-1 ;1310.00 ;40C   ;45%   ;-3.68  ;-4.70  ;   0   ;1310.00 ;24C   ;39%   ;-3.23  ;-4.32  ;   0   ;  0.64 ;  1.47 ;   39m ; 0
 4 ;Up   ;S100-1 ;1310.00 ;38C   ;42%   ;-3.24  ;-3.20  ;   0   ;1310.00 ;20C   ;35%   ;-3.21  ;-4.09  ;   0   ;  0.85 ; -0.01 ;   79m ; 0
 5 ;Up   ;S102-1 ;1310.00 ;38C   ;44%   ;-3.21  ;-3.32  ;   0   ;1310.00 ;29C   ;39%   ;-3.23  ;-3.63  ;   0   ;  0.42 ;  0.09 ;   79m ; 0
 6 ;Up   ;S223-1 ;1310.00 ;37C   ;45%   ;-3.42  ;-4.01  ;   0   ;1310.00 ;28C   ;38%   ;-3.27  ;-3.44  ;   0   ;  0.02 ;  0.74 ;   39m ; 0
 7 ;Up   ;S160-1 ;1310.00 ;39C   ;42%   ;-1.13  ;-1.14  ; 0/0   ;1310.00 ;28C   ;38%   ;-1.66  ;-1.76  ; 0/0   ;  0.63 ; -0.52 ;   72m ; 0
 8 ;Up   ;S161-1 ;1310.00 ;40C   ;45%   ;0.04   ;-1.13  ; 0/0   ;1310.00 ;27C   ;39%   ;-0.60  ;-0.14  ; 0/0   ;  0.18 ;  0.53 ;   72m ; 0
 9 ;Up   ;S162-1 ;1310.00 ;40C   ;47%   ;-0.44  ;-1.59  ; 0/0   ;1310.00 ;27C   ;40%   ;-0.28  ;-1.82  ; 0/0   ;  1.38 ;  1.31 ;   71m ; 0
-------------------------------------------------------------------------------------------------------------------------------------

=====================================================================================================================================
ID ;RiL    ;BOARD                      ;SFPLNH  ;PORT ;VENDOR   ;VENDORPROD       ;REV  ;SERIAL          ;DATE     ;ERICSSONPROD      ;WL      ;TEMP  ;TXbs  ;TXdBm  ;RXdBm  ; BER
=====================================================================================================================================
 1 ;S220-1 ;BB6648                     ;000100   ;  1 ;ERICSSON ;SPP10ELRIDFSEN   ;10   ;CT72900338      ;20220808 ;RDH10265/2 R1A    ;1310.00 ;45C   ;42%   ;-3.12  ;-5.02  ;   0
 2 ;S221-1 ;BB6648                     ;000100   ;  2 ;ERICSSON ;LCP-10G3B4HDRME4 ;A    ;2212094A2458984 ;20220324 ;RDH10265/2 R1A    ;1310.00 ;38C   ;44%   ;-3.20  ;-3.71  ;   0
 3 ;S222-1 ;BB6648                     ;000100   ;  3 ;ERICSSON ;LCP-10G3B4HDRME4 ;A    ;2212094A2458987 ;20220324 ;RDH10265/2 R1A    ;1310.00 ;40C   ;45%   ;-3.68  ;-4.70  ;   0
 4 ;S100-1 ;BB6648                     ;000100   ;  4 ;ERICSSON ;LCP-10G3B4HDRME4 ;A    ;2212094A2458992 ;20220324 ;RDH10265/2 R1A    ;1310.00 ;38C   ;42%   ;-3.24  ;-3.20  ;   0
 5 ;S102-1 ;BB6648                     ;000100   ;  5 ;ERICSSON ;LCP-10G3B4HDRME4 ;A    ;2212094A2458993 ;20220324 ;RDH10265/2 R1A    ;1310.00 ;38C   ;44%   ;-3.21  ;-3.32  ;   0
 6 ;S223-1 ;BB6648                     ;000100   ;  6 ;ERICSSON ;LCP-10G3B4HDRME4 ;A    ;2212094A2458986 ;20220324 ;RDH10265/2 R1A    ;1310.00 ;37C   ;45%   ;-3.42  ;-4.01  ;   0
 7 ;S160-1 ;BB6648                     ;000100   ; 10 ;ERICSSON ;EOLP-1325G-10-9  ;1.0  ;DZ8N1005YH      ;20220217 ;RDH10275/3 R1A    ;1310.00 ;39C   ;42%   ;-1.13  ;-1.14  ; 0/0
 8 ;S161-1 ;BB6648                     ;000100   ; 11 ;ERICSSON ;EOLP-1325G-10-9  ;1.0  ;DZ8N1005XZ      ;20220217 ;RDH10275/3 R1A    ;1310.00 ;40C   ;45%   ;0.04   ;-1.13  ; 0/0
 9 ;S162-1 ;BB6648                     ;000100   ; 12 ;ERICSSON ;EOLP-1325G-10-9  ;1.0  ;DZ8N1005XM      ;20220217 ;RDH10275/3 R1A    ;1310.00 ;40C   ;47%   ;-0.44  ;-1.59  ; 0/0
 6 ;S223-1 ;RRU247924B824B2024B28BM01* ;BXP_2    ;  0 ;ERICSSON ;LCP-10G3B4HDRME4 ;A    ;2212094A2458980 ;20220324 ;RDH10265/2 R1A    ;1310.00 ;28C   ;38%   ;-3.27  ;-3.44  ;   0
 5 ;S102-1 ;RRU449944B144B3C           ;BXP_3    ;  1 ;ERICSSON ;LCP-10G3B4HDRME4 ;A    ;2212094A2458990 ;20220324 ;RDH10265/2 R1A    ;1310.00 ;29C   ;39%   ;-3.23  ;-3.63  ;   0
 3 ;S222-1 ;RRU247924B824B2024B28BM01* ;BXP_4    ;  0 ;ERICSSON ;LCP-10G3B4HDRME4 ;A    ;2212094A2458977 ;20220324 ;RDH10265/2 R1A    ;1310.00 ;24C   ;39%   ;-3.23  ;-4.32  ;   0
 2 ;S221-1 ;RRU247924B824B2024B28BM01* ;BXP_5    ;  0 ;ERICSSON ;LCP-10G3B4HDRME4 ;A    ;2212094A2458970 ;20220324 ;RDH10265/2 R1A    ;1310.00 ;23C   ;42%   ;-3.55  ;-3.28  ;   0
 1 ;S220-1 ;RRU247924B824B2024B28BM01* ;BXP_6    ;  0 ;ERICSSON ;SPP10ELRIDFSEN   ;10   ;CT73602624      ;20230424 ;RDH10265/2 R1A    ;1310.00 ;24C   ;43%   ;-4.18  ;-5.07  ;   0
 4 ;S100-1 ;RRU449944B144B3C           ;BXP_7    ;  1 ;ERICSSON ;LCP-10G3B4HDRME4 ;A    ;2212094A2458991 ;20220324 ;RDH10265/2 R1A    ;1310.00 ;20C   ;35%   ;-3.21  ;-4.09  ;   0
 7 ;S160-1 ;AIR3278B78K                ;fru_2048 ;  0 ;ERICSSON ;EOLP-1325G-10-9  ;1.0  ;DZ8N1005WZ      ;20220217 ;RDH10275/3 R1A    ;1310.00 ;28C   ;38%   ;-1.66  ;-1.76  ; 0/0
 8 ;S161-1 ;AIR3278B78K                ;fru_2049 ;  0 ;ERICSSON ;EOLP-1325G-10-9  ;1.0  ;DZ8N1005XY      ;20220217 ;RDH10275/3 R1A    ;1310.00 ;27C   ;39%   ;-0.60  ;-0.14  ; 0/0
 9 ;S162-1 ;AIR3278B78K                ;fru_2050 ;  0 ;ERICSSON ;EOLP-1325G-10-9  ;1.0  ;DZ8N1005X0      ;20220217 ;RDH10275/3 R1A    ;1310.00 ;27C   ;40%   ;-0.28  ;-1.82  ; 0/0
-------------------------------------------------------------------------------------------------------------------------------------
TN ;       ;BB6648                     ;000100   ; IB ;WTD      ;RTXM228-402-C27  ;1.0  ;EB192200250129  ;20190602 ;RDH10265/3 R1A    ;1310    ;37C   ;25%   ;-3.53  ;-4.32  ; 0/0
TN ;       ;BB6648                     ;000100   ; IC ;ERICSSON ;LCP-10G3B4HDRME4 ;A    ;2213094A2456544 ;20220329 ;RDH10265/2 R1A    ;1310    ;35C   ;33%   ;-3.29  ;-2.29  ; 0/0
TN ;       ;BB6648                     ;000100   ; ID ;Amphenol ;57-0170          ;2    ;220301N16973    ;20220301 ;RPM777543/010 R1B ;NA      ;NA    ;NA    ;NA     ;NA     ; 0/0
-------------------------------------------------------------------------------------------------------------------------------------

=====================================================================================================================================
BOARD       ;LNH    ;PORT     ;T ;S ;OpMode   ;AutoNeg ;MacAddress        ;VlanIds        ;LOS ;BER
=====================================================================================================================================
AIR3278B78K ;fru_2048 ;0        ;E ;1 ;ANY      ;true    ;F8:97:A9:67:4F:C4 ;               ;    ;0/0
AIR3278B78K ;fru_2049 ;0        ;E ;1 ;ANY      ;true    ;F8:97:A9:67:4F:E4 ;               ;    ;0/0
AIR3278B78K ;fru_2050 ;0        ;E ;1 ;ANY      ;true    ;F8:97:A9:67:4F:D4 ;               ;    ;0/0
BB6648      ;000100 ;10       ;E ;1 ;ANY      ;true    ;7C:72:6E:EA:FB:0C ;               ;    ;0/0
BB6648      ;000100 ;11       ;E ;1 ;ANY      ;true    ;7C:72:6E:EA:FB:0D ;               ;    ;0/0
BB6648      ;000100 ;12       ;E ;1 ;ANY      ;true    ;7C:72:6E:EA:FB:0E ;               ;    ;0/0
BB6648      ;000100 ;TN_IDL_B ;O ;1 ;10G_FULL ;false   ;7C:72:6E:EA:FB:13 ;3901,3908,3910 ;0   ;0/0
BB6648      ;000100 ;TN_IDL_C ;O ;1 ;10G_FULL ;false   ;7C:72:6E:EA:FB:14 ;3901,3908,3910 ;0   ;0/0
BB6648      ;000100 ;TN_IDL_D ;O ;1 ;10G_FULL ;false   ;7C:72:6E:EA:FB:15 ;3908           ;0   ;0/0
-------------------------------------------------------------------------------------------------------------------------------------

radioClockState : RNT_TIME_LOCKED
-------------------------------------------------------------------------------------
Prio  ;ST  ;syncRefType    ;refStatus  ;opQualLevel  ;SyncReference
-------------------------------------------------------------------------------------
  *1  ; 1  ;PTP_TIME       ;NO_FAULT   ;PRTC         ;Ptp=1,BoundaryOrdinaryClock=PTP (G_8275_1 EthernetPort=TN_IDL_B:SLAVE EthernetPort=TN_IDL_C:MASTER)
   2  ; 1  ;NTP_FREQUENCY  ;NO_FAULT   ;PRC          ;Ntp=1,NtpFrequencySync=NTP1 (10.31.0.54:32751 Router=45G_Traffic,InterfaceIPv4=LTE,AddressIPv4=LTE)
-------------------------------------------------------------------------------------
-------------------------------------------------------------------------------------
Prio  ;ST  ;assistRefStatus  ;recQualLevel  ;AssistingReference
-------------------------------------------------------------------------------------
   1  ; 1  ;NO_FAULT         ;PRC           ;Synchronization=1,SyncEthInput=SyncE (SFP_OPTICAL EthernetPort=TN_IDL_B)
-------------------------------------------------------------------------------------
nodeGroupRole   : SYNC_PROVIDER (syncNodePriority=1, selectionMode=NODE_PRIORITY)
-------------------------------------------------------------------------------------
DU  ;Port  ;sharedUnitRef (RiPortA - RiPortB)  ;remoteNodePriority  ;CandidateStatus
-------------------------------------------------------------------------------------
1   ;F     ;Fru=Radio-S223-1 (1 - 2)           ;3                   ;OK_NOT_ACTIVE
1   ;C     ;Fru=Radio-S222-1 (1 - 2)           ;3                   ;OK_NOT_ACTIVE
1   ;B     ;Fru=Radio-S221-1 (1 - 2)           ;3                   ;OK_NOT_ACTIVE
1   ;A     ;Fru=Radio-S220-1 (1 - 2)           ;3                   ;OK_NOT_ACTIVE
-------------------------------------------------------------------------------------

=====================================================================================================================================
FRU          ;LNH      ;BOARD                      ;RF  ;BP  ;TX (W/dBm)  ;VSWR (RL)   ;RX (dBm) ;UEs/gUEs  ;Sector/AntennaGroup/Cells (State:CellIds:PCIs)
=====================================================================================================================================
Radio-S100-1 ;BXP_7    ;RRU449944B144B3C           ; A  ;11  ;31.6 (45.0) ;1.18 (21.7) ;-94.1    ;33/-      ;SE=100 AG=100 FDD=CZ10M1 FDD=CZ10T1 (1:31:173, 1:41:313)
Radio-S100-1 ;BXP_7    ;RRU449944B144B3C           ; B  ;11  ;11.5 (40.6) ;1.16 (22.8) ;-94.1    ;33/-      ;SE=100 AG=100 FDD=CZ10M1 FDD=CZ10T1 (1:31:173, 1:41:313)
Radio-S100-1 ;BXP_7    ;RRU449944B144B3C           ; C  ;11  ;51.0 (47.1) ;1.21 (20.4) ;-91.5    ;42/-      ;SE=101 AG=101 FDD=CZ10M2 FDD=CZ10T2 (1:32:320, 1:42:438)
Radio-S100-1 ;BXP_7    ;RRU449944B144B3C           ; D  ;11  ;18.6 (42.7) ;1.18 (21.6) ;-93.5    ;42/-      ;SE=101 AG=101 FDD=CZ10M2 FDD=CZ10T2 (1:32:320, 1:42:438)
Radio-S102-1 ;BXP_3    ;RRU449944B144B3C           ; A  ;11  ;32.7 (45.1) ;1.14 (23.7) ;-94.6    ;27/-      ;SE=102 AG=102 FDD=CZ10M3 FDD=CZ10T3 (1:33:98, 1:43:143)
Radio-S102-1 ;BXP_3    ;RRU449944B144B3C           ; B  ;11  ;31.0 (44.9) ;1.16 (22.5) ;-94.7    ;27/-      ;SE=102 AG=102 FDD=CZ10M3 FDD=CZ10T3 (1:33:98, 1:43:143)
Radio-S102-1 ;BXP_3    ;RRU449944B144B3C           ; C  ;11  ;27.3 (44.4) ;1.13 (24.3) ;-93.8    ;21/-      ;SE=103 AG=103 FDD=CZ10M4 FDD=CZ10T4 (1:34:478, 1:44:188)
Radio-S102-1 ;BXP_3    ;RRU449944B144B3C           ; D  ;11  ;24.1 (43.8) ;1.16 (22.7) ;-93.6    ;21/-      ;SE=103 AG=103 FDD=CZ10M4 FDD=CZ10T4 (1:34:478, 1:44:188)
AAS-S160-1   ;fru_2048 ;AIR3278B78K                ; A  ;11  ;-           ;-           ;         ;-/10      ;SE=160 NRC=CZ10V1 (1:571:919)
AAS-S161-1   ;fru_2049 ;AIR3278B78K                ; A  ;11  ;-           ;-           ;         ;-/12      ;SE=161 NRC=CZ10V2 (1:572:922)
AAS-S162-1   ;fru_2050 ;AIR3278B78K                ; A  ;11  ;-           ;-           ;         ;-/10      ;SE=162 NRC=CZ10V3 (1:573:921)
Radio-S220-1 ;BXP_6    ;RRU247924B824B2024B28BM01* ; A  ;11  ;29.1 (44.6) ;1.26 (18.7) ;-87.4    ;0/2       ;SE=220* AG=220 FDD=CZ10J1 NRC=CZ10G1 (1:71:87, 1:561:472)
Radio-S220-1 ;BXP_6    ;RRU247924B824B2024B28BM01* ; B  ;11  ;28.7 (44.6) ;1.27 (18.5) ;-86.6    ;0/2       ;SE=220* AG=220 FDD=CZ10J1 NRC=CZ10G1 (1:71:87, 1:561:472)
Radio-S220-1 ;BXP_6    ;RRU247924B824B2024B28BM01* ; C  ;11  ;7.4 (38.7)  ;1.08 (28.7) ;-87.5    ;0/2       ;SE=220* AG=220 FDD=CZ10J1 NRC=CZ10G1 (1:71:87, 1:561:472)
Radio-S220-1 ;BXP_6    ;RRU247924B824B2024B28BM01* ; D  ;11  ;7.4 (38.7)  ;1.12 (24.7) ;-85.9    ;0/2       ;SE=220* AG=220 FDD=CZ10J1 NRC=CZ10G1 (1:71:87, 1:561:472)
Radio-S221-1 ;BXP_5    ;RRU247924B824B2024B28BM01* ; A  ;11  ;20.9 (43.2) ;1.25 (19.2) ;-87.1    ;1/-       ;SE=221* AG=221 FDD=CZ10J2 NRC=CZ10G2 (1:72:438, 1:562:500)
Radio-S221-1 ;BXP_5    ;RRU247924B824B2024B28BM01* ; B  ;11  ;28.1 (44.5) ;1.22 (20.0) ;-88.7    ;1/-       ;SE=221* AG=221 FDD=CZ10J2 NRC=CZ10G2 (1:72:438, 1:562:500)
Radio-S221-1 ;BXP_5    ;RRU247924B824B2024B28BM01* ; C  ;11  ;8.1 (39.1)  ;1.19 (21.3) ;-89.9    ;1/-       ;SE=221* AG=221 FDD=CZ10J2 NRC=CZ10G2 (1:72:438, 1:562:500)
Radio-S221-1 ;BXP_5    ;RRU247924B824B2024B28BM01* ; D  ;11  ;8.1 (39.1)  ;1.25 (19.1) ;-90.1    ;1/-       ;SE=221* AG=221 FDD=CZ10J2 NRC=CZ10G2 (1:72:438, 1:562:500)
Radio-S222-1 ;BXP_4    ;RRU247924B824B2024B28BM01* ; A  ;11  ;38.2 (45.8) ;1.13 (24.0) ;-88.5    ;1/1       ;SE=222* AG=222 FDD=CZ10J3 NRC=CZ10G3 (1:73:156, 1:563:571)
Radio-S222-1 ;BXP_4    ;RRU247924B824B2024B28BM01* ; B  ;11  ;39.5 (46.0) ;1.17 (22.3) ;-89.2    ;1/1       ;SE=222* AG=222 FDD=CZ10J3 NRC=CZ10G3 (1:73:156, 1:563:571)
Radio-S222-1 ;BXP_4    ;RRU247924B824B2024B28BM01* ; C  ;11  ;7.6 (38.8)  ;1.16 (22.5) ;-89.2    ;1/1       ;SE=222* AG=222 FDD=CZ10J3 NRC=CZ10G3 (1:73:156, 1:563:571)
Radio-S222-1 ;BXP_4    ;RRU247924B824B2024B28BM01* ; D  ;11  ;7.6 (38.8)  ;1.15 (23.0) ;-89.3    ;1/1       ;SE=222* AG=222 FDD=CZ10J3 NRC=CZ10G3 (1:73:156, 1:563:571)
Radio-S223-1 ;BXP_2    ;RRU247924B824B2024B28BM01* ; A  ;11  ;17.5 (42.4) ;1.20 (21.0) ;-88.0    ;1/13      ;SE=223* AG=223 FDD=CZ10J4 NRC=CZ10G4 (1:74:258, 1:564:563)
Radio-S223-1 ;BXP_2    ;RRU247924B824B2024B28BM01* ; B  ;11  ;17.3 (42.4) ;1.07 (29.3) ;-89.3    ;1/13      ;SE=223* AG=223 FDD=CZ10J4 NRC=CZ10G4 (1:74:258, 1:564:563)
Radio-S223-1 ;BXP_2    ;RRU247924B824B2024B28BM01* ; C  ;11  ;25.7 (44.1) ;1.31 (17.4) ;-88.8    ;1/13      ;SE=223* AG=223 FDD=CZ10J4 NRC=CZ10G4 (1:74:258, 1:564:563)
Radio-S223-1 ;BXP_2    ;RRU247924B824B2024B28BM01* ; D  ;11  ;24.0 (43.8) ;1.11 (26.0) ;-89.7    ;1/13      ;SE=223* AG=223 FDD=CZ10J4 NRC=CZ10G4 (1:74:258, 1:564:563)
-------------------------------------------------------------------------------------------------------------------------------------

CZ10T> mfar

251125-08:17:32+0100 19.31.11.173 25.0h MSRBS_NODE_MODEL_25.Q1_693.28324.131_62ac stopfile=/tmp/717618
...............
Last MO: 21536. Loaded 21536 MOs. Total: 21537 MOs.
...........................................................
get /rop/A20251125.0545-0600_CZ10T.xml.gz /ericsson/log/amos/moshell_logfiles/t20251125_37258710_65084/logs_moshell/pmfiles/19.31.11.173/rop/A20251125.0545-0600_CZ10T.xml.gz ... OK
get /rop/A20251125.0600-0615_CZ10T.xml.gz /ericsson/log/amos/moshell_logfiles/t20251125_37258710_65084/logs_moshell/pmfiles/19.31.11.173/rop/A20251125.0600-0615_CZ10T.xml.gz ... OK

Using hardcoded thresholds: 3, 4.5, and 16.5
================================================================================================================================
SC     SE  Tx/Rx BrPair  RfPort1 - RfPort2               HW       Serial      Cell (State)   Samples   Med  Mean  SDev Pol Res Issue
================================================================================================================================
CZ10J1 220   2/4 0 (1,2) Radio-S220-1(A) Radio-S220-1(B) RRU2479  TU8U028AQJ  FDD=CZ10J1 (1)     493   0.5   1.1   7.3  NA  NT Not enough data Check RfBranchRxRef Order
CZ10J1 220   2/4 1 (2,3) Radio-S220-1(B) Radio-S220-1(C) RRU2479  TU8U028AQJ  FDD=CZ10J1 (1)     493  -0.5  -0.2   2.4  NA  NT Not enough data Check RfBranchRxRef Order
CZ10J1 220   2/4 2 (3,4) Radio-S220-1(C) Radio-S220-1(D) RRU2479  TU8U028AQJ  FDD=CZ10J1 (1)     493  -2.5  -2.1   7.2  NA  NT Not enough data Check RfBranchRxRef Order
CZ10J2 221   2/4 0 (1,2) Radio-S221-1(A) Radio-S221-1(B) RRU2479  TU8U029W60  FDD=CZ10J2 (1)    6561  -0.5  -0.5   6.4  NA  OK Passed Check RfBranchRxRef Order
CZ10J2 221   2/4 1 (2,3) Radio-S221-1(B) Radio-S221-1(C) RRU2479  TU8U029W60  FDD=CZ10J2 (1)    6561   0.5   0.5   2.7  NA  OK Passed Check RfBranchRxRef Order
CZ10J2 221   2/4 2 (3,4) Radio-S221-1(C) Radio-S221-1(D) RRU2479  TU8U029W60  FDD=CZ10J2 (1)    6561  -0.5  -0.8   6.4  NA  OK Passed Check RfBranchRxRef Order
CZ10J3 222   2/4 0 (1,2) Radio-S222-1(A) Radio-S222-1(B) RRU2479  TU8U022HF4  FDD=CZ10J3 (1)   34887   1.5   0.8   4.9  NA  OK Passed Check RfBranchRxRef Order
CZ10J3 222   2/4 1 (2,3) Radio-S222-1(B) Radio-S222-1(C) RRU2479  TU8U022HF4  FDD=CZ10J3 (1)   34887   0.5   0.9   1.8  NA  OK Passed Check RfBranchRxRef Order
CZ10J3 222   2/4 2 (3,4) Radio-S222-1(C) Radio-S222-1(D) RRU2479  TU8U022HF4  FDD=CZ10J3 (1)   34887  -3.5  -3.1   5.1  NA OKW Possible RF Loss or PIM at Radio-S222-1(D) Check RfBranchRxRef Order
CZ10J4 223   2/4 0 (1,2) Radio-S223-1(A) Radio-S223-1(B) RRU2479  TU8U022H6T  FDD=CZ10J4 (1)   14206   0.5   0.6   2.1  NA  OK Passed Check RfBranchRxRef Order
CZ10J4 223   2/4 1 (2,3) Radio-S223-1(B) Radio-S223-1(C) RRU2479  TU8U022H6T  FDD=CZ10J4 (1)   14206  -0.5   0.1   5.6  NA  OK Passed Check RfBranchRxRef Order
CZ10J4 223   2/4 2 (3,4) Radio-S223-1(C) Radio-S223-1(D) RRU2479  TU8U022H6T  FDD=CZ10J4 (1)   14206   1.5   1.2   1.6  NA  OK Passed Check RfBranchRxRef Order
CZ10M1 100   2/2 0 (1,2) Radio-S100-1(A) Radio-S100-1(B) RRU4499  TU8U01JJM5  FDD=CZ10M1 (1)    4191  -1.5  -1.0   7.2  NA  OK Passed
CZ10M2 101   2/2 0 (1,2) Radio-S100-1(C) Radio-S100-1(D) RRU4499  TU8U01JJM5  FDD=CZ10M2 (1)   16661  -1.5  -1.5   7.2  NA  OK Passed
CZ10M3 102   2/2 0 (1,2) Radio-S102-1(A) Radio-S102-1(B) RRU4499  TU8U01JH9M  FDD=CZ10M3 (1)   37555   0.5   1.0   7.2  NA  OK Passed
CZ10M4 103   2/2 0 (1,2) Radio-S102-1(C) Radio-S102-1(D) RRU4499  TU8U01JH9M  FDD=CZ10M4 (1)   39221  -1.5  -1.3   6.9  NA  OK Passed
CZ10T1 100   2/2 0 (1,2) Radio-S100-1(A) Radio-S100-1(B) RRU4499  TU8U01JJM5  FDD=CZ10T1 (1)  145408   1.5   1.5   8.1  NA  OK Passed
CZ10T2 101   2/2 0 (1,2) Radio-S100-1(C) Radio-S100-1(D) RRU4499  TU8U01JJM5  FDD=CZ10T2 (1)  202091   4.5   4.3   6.4  NA OKW Possible RF Loss or PIM at Radio-S100-1(C)
CZ10T3 102   2/2 0 (1,2) Radio-S102-1(A) Radio-S102-1(B) RRU4499  TU8U01JH9M  FDD=CZ10T3 (1)  102783  -3.5  -3.7   7.5  NA OKW Possible RF Loss or PIM at Radio-S102-1(B)
CZ10T4 103   2/2 0 (1,2) Radio-S102-1(C) Radio-S102-1(D) RRU4499  TU8U01JH9M  FDD=CZ10T4 (1)  133002  -1.5  -1.6   6.4  NA  OK Passed
================================================================================================================================
Total: 12 SectorCarriers, 20 RfBranch Pairs (14 OK, 3 OKW, 0 NOK, 3 NT)
.................
Last MO: 21536. Loaded 21536 MOs. Total: 21537 MOs.
................................................

Using hardcoded thresholds: 3, 4.5, and 16.5
================================================================================================================================
SC     SE  Tx/Rx BrPair  RfPort1 - RfPort2               HW       Serial      Cell (State)  Samples   Med  Mean  SDev Pol Res Issue
================================================================================================================================
CZ10G1 220   2/4 0 (1,2) Radio-S220-1(A) Radio-S220-1(B) RRU2479  TU8U028AQJ  DU=CZ10G1 (1)   66134   2.5   2.6   7.3  NA  OK Passed Check RfBranchRxRef Order
CZ10G1 220   2/4 1 (2,3) Radio-S220-1(B) Radio-S220-1(C) RRU2479  TU8U028AQJ  DU=CZ10G1 (1)   66137  -0.5  -0.5   3.1  NA  OK Passed Check RfBranchRxRef Order
CZ10G1 220   2/4 2 (3,4) Radio-S220-1(C) Radio-S220-1(D) RRU2479  TU8U028AQJ  DU=CZ10G1 (1)   66132  -1.5  -1.7   7.2  NA  OK Passed Check RfBranchRxRef Order
CZ10G2 221   2/4 0 (1,2) Radio-S221-1(A) Radio-S221-1(B) RRU2479  TU8U029W60  DU=CZ10G2 (1)   44692  -1.5  -1.5   7.2  NA  OK Passed Check RfBranchRxRef Order
CZ10G2 221   2/4 1 (2,3) Radio-S221-1(B) Radio-S221-1(C) RRU2479  TU8U029W60  DU=CZ10G2 (1)   44692   0.5   0.2   3.4  NA  OK Passed Check RfBranchRxRef Order
CZ10G2 221   2/4 2 (3,4) Radio-S221-1(C) Radio-S221-1(D) RRU2479  TU8U029W60  DU=CZ10G2 (1)   44692   0.5   0.5   7.6  NA  OK Passed Check RfBranchRxRef Order
CZ10G3 222   2/4 0 (1,2) Radio-S222-1(A) Radio-S222-1(B) RRU2479  TU8U022HF4  DU=CZ10G3 (1)  166636   0.5   0.6   6.6  NA  OK Passed Check RfBranchRxRef Order
CZ10G3 222   2/4 1 (2,3) Radio-S222-1(B) Radio-S222-1(C) RRU2479  TU8U022HF4  DU=CZ10G3 (1)  166639   1.5   1.3   2.8  NA  OK Passed Check RfBranchRxRef Order
CZ10G3 222   2/4 2 (3,4) Radio-S222-1(C) Radio-S222-1(D) RRU2479  TU8U022HF4  DU=CZ10G3 (1)  166631  -3.5  -3.6   6.9  NA OKW Possible RF Loss or PIM at Radio-S222-1(D) Check RfBranchRxRef Order
CZ10G4 223   2/4 0 (1,2) Radio-S223-1(A) Radio-S223-1(B) RRU2479  TU8U022H6T  DU=CZ10G4 (1)  488900  -2.5  -2.2   3.4  NA  OK Passed Check RfBranchRxRef Order
CZ10G4 223   2/4 1 (2,3) Radio-S223-1(B) Radio-S223-1(C) RRU2479  TU8U022H6T  DU=CZ10G4 (1)  488890   0.5   0.2   7.6  NA  OK Passed Check RfBranchRxRef Order
CZ10G4 223   2/4 2 (3,4) Radio-S223-1(C) Radio-S223-1(D) RRU2479  TU8U022H6T  DU=CZ10G4 (1)  488890  -1.5  -1.3   3.5  NA  OK Passed Check RfBranchRxRef Order
CZ10V1 160 32/32 0 (1,2) AAS-S160-1                      AIR3278  E96A202AGZ  DU=CZ10V1 (1)       0     0     0     0   ?  NT Not supported on AAS.
CZ10V1 160 32/32 1 (2,3) AAS-S160-1                      AIR3278  E96A202AGZ  DU=CZ10V1 (1)       0     0     0     0   ?  NT Not supported on AAS.
CZ10V1 160 32/32 2 (3,4) AAS-S160-1                      AIR3278  E96A202AGZ  DU=CZ10V1 (1)       0     0     0     0   ?  NT Not supported on AAS.
CZ10V1 160 32/32 3 (4,5) AAS-S160-1                      AIR3278  E96A202AGZ  DU=CZ10V1 (1)       0     0     0     0   ?  NT Not supported on AAS.
CZ10V1 160 32/32 4 (5,6) AAS-S160-1                      AIR3278  E96A202AGZ  DU=CZ10V1 (1)       0     0     0     0   ?  NT Not supported on AAS.
CZ10V1 160 32/32 5 (6,7) AAS-S160-1                      AIR3278  E96A202AGZ  DU=CZ10V1 (1)       0     0     0     0   ?  NT Not supported on AAS.
CZ10V1 160 32/32 6 (7,8) AAS-S160-1                      AIR3278  E96A202AGZ  DU=CZ10V1 (1)       0     0     0     0   ?  NT Not supported on AAS.
CZ10V2 161 32/32 0 (1,2) AAS-S161-1                      AIR3278  E96A202AH0  DU=CZ10V2 (1)       0     0     0     0   ?  NT Not supported on AAS.
CZ10V2 161 32/32 1 (2,3) AAS-S161-1                      AIR3278  E96A202AH0  DU=CZ10V2 (1)       0     0     0     0   ?  NT Not supported on AAS.
CZ10V2 161 32/32 2 (3,4) AAS-S161-1                      AIR3278  E96A202AH0  DU=CZ10V2 (1)       0     0     0     0   ?  NT Not supported on AAS.
CZ10V2 161 32/32 3 (4,5) AAS-S161-1                      AIR3278  E96A202AH0  DU=CZ10V2 (1)       0     0     0     0   ?  NT Not supported on AAS.
CZ10V2 161 32/32 4 (5,6) AAS-S161-1                      AIR3278  E96A202AH0  DU=CZ10V2 (1)       0     0     0     0   ?  NT Not supported on AAS.
CZ10V2 161 32/32 5 (6,7) AAS-S161-1                      AIR3278  E96A202AH0  DU=CZ10V2 (1)       0     0     0     0   ?  NT Not supported on AAS.
CZ10V2 161 32/32 6 (7,8) AAS-S161-1                      AIR3278  E96A202AH0  DU=CZ10V2 (1)       0     0     0     0   ?  NT Not supported on AAS.
CZ10V3 162 32/32 0 (1,2) AAS-S162-1                      AIR3278  E96A202AH2  DU=CZ10V3 (1)       0     0     0     0   ?  NT Not supported on AAS.
CZ10V3 162 32/32 1 (2,3) AAS-S162-1                      AIR3278  E96A202AH2  DU=CZ10V3 (1)       0     0     0     0   ?  NT Not supported on AAS.
CZ10V3 162 32/32 2 (3,4) AAS-S162-1                      AIR3278  E96A202AH2  DU=CZ10V3 (1)       0     0     0     0   ?  NT Not supported on AAS.
CZ10V3 162 32/32 3 (4,5) AAS-S162-1                      AIR3278  E96A202AH2  DU=CZ10V3 (1)       0     0     0     0   ?  NT Not supported on AAS.
CZ10V3 162 32/32 4 (5,6) AAS-S162-1                      AIR3278  E96A202AH2  DU=CZ10V3 (1)       0     0     0     0   ?  NT Not supported on AAS.
CZ10V3 162 32/32 5 (6,7) AAS-S162-1                      AIR3278  E96A202AH2  DU=CZ10V3 (1)       0     0     0     0   ?  NT Not supported on AAS.
CZ10V3 162 32/32 6 (7,8) AAS-S162-1                      AIR3278  E96A202AH2  DU=CZ10V3 (1)       0     0     0     0   ?  NT Not supported on AAS.
================================================================================================================================
Total: 7 NRSectorCarriers, 33 RfBranch Pairs (11 OK, 1 OKW, 0 NOK, 21 NT)

CZ10T> mfitr

251125-08:18:19+0100 19.31.11.173 25.0h MSRBS_NODE_MODEL_25.Q1_693.28324.131_62ac stopfile=/tmp/717618
.........................
Last MO: 21536. Loaded 21536 MOs. Total: 21537 MOs.
....................
2025-11-25 08:19
================================================================================================================================
CELL       SC     FRU          BOARD                     PUSCH  PUCCH       A      B      C      D  DELTA
================================================================================================================================
FDD=CZ10J1 CZ10J1 Radio-S220-1 RRU247924B824B2024B28BM01 -118.6 -120.7 -118.3 -119.5 -120.0 -118.1    1.9
FDD=CZ10J2 CZ10J2 Radio-S221-1 RRU247924B824B2024B28BM01 -120.6 -120.2 -120.6 -120.7 -120.3 -120.8    0.5
FDD=CZ10J3 CZ10J3 Radio-S222-1 RRU247924B824B2024B28BM01 -118.6 -114.2 -119.4 -119.0 -118.0 -120.0      2
FDD=CZ10J4 CZ10J4 Radio-S223-1 RRU247924B824B2024B28BM01 -119.4 -116.1 -115.8 -117.5 -117.6 -118.1    2.3
FDD=CZ10M1 CZ10M1 Radio-S100-1 RRU449944B144B3C          -119.4 -119.4 -119.6 -119.4                  0.2
FDD=CZ10M2 CZ10M2 Radio-S100-1 RRU449944B144B3C          -119.4 -119.3               -119.5 -119.4    0.1
FDD=CZ10M3 CZ10M3 Radio-S102-1 RRU449944B144B3C          -119.3 -119.1 -119.3 -119.2                  0.1
FDD=CZ10M4 CZ10M4 Radio-S102-1 RRU449944B144B3C          -119.3 -119.0               -119.4 -119.2    0.2
FDD=CZ10T1 CZ10T1 Radio-S100-1 RRU449944B144B3C          -119.1 -117.8 -119.1 -118.9                  0.2
FDD=CZ10T2 CZ10T2 Radio-S100-1 RRU449944B144B3C          -116.3 -113.7               -114.5 -118.1    3.6
FDD=CZ10T3 CZ10T3 Radio-S102-1 RRU449944B144B3C          -117.1 -115.8 -117.2 -116.8                  0.4
FDD=CZ10T4 CZ10T4 Radio-S102-1 RRU449944B144B3C          -117.3 -114.8               -117.6 -116.8    0.8
================================================================================================================================
Bye...
Output has been logged to file /mta_fs/UserFiles/37258710/amosbatch/SDIR/CZ10T.log
