Logging to file /mta_fs/UserFiles/37258710/amosbatch/SDIR/CZ38E.log
                        __  __  ____   _____
                  /\   |  \/  |/ __ \ / ____|
                 /  \  | \  / | |  | | (___  
                / /\ \ | |\/| | |  | |\___ \ 
               / ____ \| |  | | |__| |____) |
              /_/    \_\_|  |_|\____/|_____/
              OSS Framework for MoShell-25.0h 
  Copyright (c) Ericsson AB 2001-2025 - All Rights Reserved
              
           
[1;31mWARNING: [0mthe AMOS version currently running is more than 29 weeks old and is unsupported.
Please upgrade as soon as possible to the latest released version, available from your local Ericsson support.

$amosrb_pid = 2125433

Checking ip contact...OK

HELP MENU            : h
BASIC MO COMMANDS    : m
OTHER MO COMMANDS    : n
OTHER COMMANDS       : o
PM COMMANDS          : p
QUIT                 : q

CZ38E> lt all

251125-11:26:22+0100 19.31.7.226 25.0h  stopfile=/tmp/2125204
Looking up temporary_amos account... OK.
Trying temporary_amos_t20251125_37258710_65084_131's password from amos lookupAccount ... OK

$ssh_pid = 2126319

Connected to 19.31.7.226 (SubNetwork=BBMM_rckomc_R,MeContext=CZ38E,ManagedElement=CZ38E)

Checking MOM version...MSRBS_NODE_MODEL_25.Q1_693.28324.131_62ac
Parsing MOM (cached): /ericsson/log/amos/moshell_logfiles/t20251125_37258710_65084/logs_moshell/tempfiles/scp-4-amos_20251125-112616_2125138/MSRBS_NODE_MODEL_25.Q1_693.28324.131_62ac.xml.cache.gz ..................................................................................................................................................................................................................................Done.
Using paramfile /opt/ericsson/amos/moshell/commonjars/pm/PARAM_MSRBS_25.Q1.txt
Parsing file /opt/ericsson/amos/moshell/commonjars/pm/PARAM_MSRBS_25.Q1.txt .......................................................................................Done.
Using imomdfile /opt/ericsson/amos/moshell/commonjars/pm/IMOMD_MSRBS_22.Q4.txt
Using imomfile /opt/ericsson/amos/moshell/commonjars/pm/IMOM_MSRBS_25.Q1.txt
Connected to 19.31.7.226 (SubNetwork=BBMM_rckomc_R,MeContext=CZ38E,ManagedElement=CZ38E)

Last MO: 20526. Loaded 20526 MOs. Total: 20527 MOs.

CZ38E> st cell

251125-11:26:38+0100 19.31.7.226 25.0h MSRBS_NODE_MODEL_25.Q1_693.28324.131_62ac stopfile=/tmp/2125204
===================================================================================
Proxy  Adm State     Op. State     MO
===================================================================================
   43  1 (UNLOCKED)  1 (ENABLED)   ENodeBFunction=1,EUtranCellFDD=CZ38E1
  158  1 (UNLOCKED)  1 (ENABLED)   ENodeBFunction=1,EUtranCellFDD=CZ38E2
  309  1 (UNLOCKED)  1 (ENABLED)   ENodeBFunction=1,EUtranCellFDD=CZ38J1
  412  1 (UNLOCKED)  1 (ENABLED)   ENodeBFunction=1,EUtranCellFDD=CZ38J2
  523  1 (UNLOCKED)  1 (ENABLED)   ENodeBFunction=1,EUtranCellFDD=CZ38M1
  620  1 (UNLOCKED)  1 (ENABLED)   ENodeBFunction=1,EUtranCellFDD=CZ38M2
  758  1 (UNLOCKED)  1 (ENABLED)   ENodeBFunction=1,EUtranCellFDD=CZ38T1
  862  1 (UNLOCKED)  1 (ENABLED)   ENodeBFunction=1,EUtranCellFDD=CZ38T2
 1758  1 (UNLOCKED)  1 (ENABLED)   ENodeBFunction=1,NbIotCell=CZ38N1
 1759  1 (UNLOCKED)  1 (ENABLED)   ENodeBFunction=1,NbIotCell=CZ38N2
 2859                1 (ENABLED)   GNBCUCPFunction=1,EUtraNetwork=1,ExternalENodeBFunction=auto222_1_2_650526,ExternalEUtranCell=2221-650526-71
 2860                1 (ENABLED)   GNBCUCPFunction=1,EUtraNetwork=1,ExternalENodeBFunction=auto222_1_2_650526,ExternalEUtranCell=2221-650526-72
 3279  1 (UNLOCKED)  1 (ENABLED)   GNBDUFunction=1,NRCellDU=CZ38G1
 3281  1 (UNLOCKED)  1 (ENABLED)   GNBDUFunction=1,NRCellDU=CZ38G2
===================================================================================
Total: 14 MOs

INFO: NRCellDU status needs to be printed with command "stz" or "hget ,nrcell state" due to dependency to cellState/serviceState attributes.

CZ38E> st radio

251125-11:26:39+0100 19.31.7.226 25.0h MSRBS_NODE_MODEL_25.Q1_693.28324.131_62ac stopfile=/tmp/2125204
===================================================================================
Proxy  Adm State     Op. State     MO
===================================================================================
 2682  1 (UNLOCKED)  1 (ENABLED)   Equipment=1,FieldReplaceableUnit=Radio-S1-1
 2694  1 (UNLOCKED)  1 (ENABLED)   Equipment=1,FieldReplaceableUnit=Radio-S100-1
 2717  1 (UNLOCKED)  1 (ENABLED)   Equipment=1,FieldReplaceableUnit=Radio-S1090-1
 2729  1 (UNLOCKED)  1 (ENABLED)   Equipment=1,FieldReplaceableUnit=Radio-S1091-1
 2741  1 (UNLOCKED)  1 (ENABLED)   Equipment=1,FieldReplaceableUnit=Radio-S180-NGS
 2755  1 (UNLOCKED)  1 (ENABLED)   Equipment=1,FieldReplaceableUnit=Radio-S2-1
20518  1 (UNLOCKED)  1 (ENABLED)   Transport=1,Synchronization=1,RadioEquipmentClock=1,RadioEquipmentClockReference=NTP1
20519  1 (UNLOCKED)  1 (ENABLED)   Transport=1,Synchronization=1,RadioEquipmentClock=1,RadioEquipmentClockReference=PTP8275_2
===================================================================================
Total: 8 MOs

CZ38E> sdir

251125-11:26:39+0100 19.31.7.226 25.0h MSRBS_NODE_MODEL_25.Q1_693.28324.131_62ac stopfile=/tmp/2125204
INFO: Using amos lookupAccount credentials for the export login
.........................
get /rop/A20251125.0930-0945_CZ38E.xml.gz /ericsson/log/amos/moshell_logfiles/t20251125_37258710_65084/logs_moshell/pmfiles/19.31.7.226/rop/A20251125.0930-0945_CZ38E.xml.gz ... OK
get /rop/A20251125.0945-1000_CZ38E.xml.gz /ericsson/log/amos/moshell_logfiles/t20251125_37258710_65084/logs_moshell/pmfiles/19.31.7.226/rop/A20251125.0945-1000_CZ38E.xml.gz ... OK
get /rop/A20251125.1000-1015_CZ38E.xml.gz /ericsson/log/amos/moshell_logfiles/t20251125_37258710_65084/logs_moshell/pmfiles/19.31.7.226/rop/A20251125.1000-1015_CZ38E.xml.gz ... OK
....Checking available boards on node...

Collecting RCS board data ...
...........................................................................................................................
..............................
......................................................................................................................................................................................................................................................................................................
....
Collecting TN data...
........................................................................................................................
Getting MO data from node (77 MOs). Please wait...
0%                                             ~50%                                           ~100%
................................................................................................................................
Collecting RF data...
...
Collecting Alarms...
.Executing action Log.export()
...
Log=AlarmLog                    actionId=42543
......................
Executing action LogM.exportAvailabilityLog()
..LogM=1,exportAvailabilityLog    actionId=42544
.....Parsing alarmLog..........Done.
Parsing availabilityLog........Done.
............

Total: 6 CPRI links (6 OK, 0 OKW, 0 NOK, 0 NT)
.
+--------+                      +------------+           +---------------+
|        | A        O98      D1 | Radio-S1-1 | D2 O98 D1 | Radio-S1090-1 |
|        |-----------1----------| RRU2217B20 |-----5-----|  RRU2217B28B  |
|        |         OK-63m       |   BXP_3    |   OK-6m   |     BXP_6     |
|        |                      +------------+           +---------------+
|        |                             |A  |B                      |A  |B
|        |               SE=1 AG=1 FDD=CZ38E1  SE=1090 AG=1090 FDD=CZ38J1
|        |                        NIOT=CZ38N1                  NRC=CZ38G1
|        |
|        |                      +------------+           +---------------+
|        | B        O98      D1 | Radio-S2-1 | D2 O98 D1 | Radio-S1091-1 |
|        |-----------2----------| RRU2217B20 |-----4-----|  RRU2217B28B  |
|        |         OK-63m       |   BXP_2    |   OK-6m   |     BXP_5     |
|  BB-1  |                      +------------+           +---------------+
| BB6631 |                             |A  |B                      |A  |B
| 000100 |               SE=2 AG=2 FDD=CZ38E2  SE=1091 AG=1091 FDD=CZ38J2
|        |                        NIOT=CZ38N2                  NRC=CZ38G2
|        |
|        |                      +------------------+           +----------------+
|        | D        O101     D2 |   Radio-S100-1   | D1 O101 D2| Radio-S180-NGS |
|        |-----------3----------| RRU449944B144B3C |-----6-----|   RRU4415B7*   |
|        |         OK-62m       |      BXP_4       |   OK-11m  |     BXP_7      |
|        |                      +------------------+           +----------------+
|        |                           |A  |B  |C  |D               |A  |B  |C  |D
|        |                    SE=100 AG=100  |   |
|        |            FDD=CZ38M1 FDD=CZ38T1  |   |
|        |                            SE=101 AG=101
|        |                    FDD=CZ38M2 FDD=CZ38T2
|        |
+--------+

=====================================================================================================================================
ID RiL      Type Res MO1-MO2                             BOARD1-BOARD2               AlmIDs Cells (States)                                        Issue (Failed checks)
=====================================================================================================================================
 1 S1-1     O98  OK  BB-1(A) Radio-S1-1(D1)              BB6631 RRU2217B20                  FDD=CZ38E1 NIOT=CZ38N1 (1,1)                          Passed
 2 S2-1     O98  OK  BB-1(B) Radio-S2-1(D1)              BB6631 RRU2217B20                  FDD=CZ38E2 NIOT=CZ38N2 (1,1)                          Passed
 3 S100-1   O101 OK  BB-1(D) Radio-S100-1(D2)            BB6631 RRU449944B144B3C            FDD=CZ38M1 FDD=CZ38M2 FDD=CZ38T1 FDD=CZ38T2 (1,1,1,1) Passed
 4 S1091-1  O98  OK  Radio-S2-1(D2) Radio-S1091-1(D1)    RRU2217B20 RRU2217B28B             FDD=CZ38J2 NRC=CZ38G2 (1,1)                           Passed
 5 S1090-1  O98  OK  Radio-S1-1(D2) Radio-S1090-1(D1)    RRU2217B20 RRU2217B28B             FDD=CZ38J1 NRC=CZ38G1 (1,1)                           Passed
 6 S180-NGS O101 OK  Radio-S100-1(D1) Radio-S180-NGS(D2) RRU449944B144B3C RRU4415B7*                                                              Passed
-------------------------------------------------------------------------------------------------------------------------------------

Node: RadioNode LN   CXP2010174/2_R27J08 (25.Q1)   G3.1   LTE-FDD,LTE-IoT NR-LB-FDD-ESS-NSA

=====================================================================================================================================
FRU            ;LNH    ;BOARD            ;ST ;FAULT ;OPER ;MAINT ;STAT ;PRODUCTNUMBER   ;REV     ;SERIAL        ;DATE     ;PMTEMP ; TEMP ; UPT ;VOLT ;SW                   ;
=====================================================================================================================================
BB-1           ;000100 ;BB6631           ; 1 ;  OFF ;  ON ;  OFF ;  ON ;KDU1370071/11   ;R2A     ;E96A00WB0U    ;20221118 ;3 (OK) ;      ;18.1 ;53   ;                     ;
Radio-S1-1     ;BXP_3  ;RRU2217B20       ; 1 ;  OFF ;  ON ;  OFF ; N/A ;KRC161549/1     ;R1S     ;TU8U01UCG6    ;20221117 ;4 (OK) ; 28.5 ;17.8 ;52.9 ;CXP9013268%9_R96JB   ; (Radio2217B20)
Radio-S100-1   ;BXP_4  ;RRU449944B144B3C ; 1 ;  OFF ;  ON ;  OFF ; N/A ;KRC161787/1     ;R2G     ;TU8U01U9A2    ;20221116 ;4 (OK) ; 30.7 ;17.8 ;52.3 ;CXP9013268%15_R101LX ; (Radio449944B144B3C)
Radio-S1090-1  ;BXP_6  ;RRU2217B28B      ; 1 ;  OFF ;  ON ;  OFF ; N/A ;KRC161499/1     ;R1K     ;TU8U02A8NL    ;20231120 ;4 (OK) ; 27.1 ;17.8 ;52.6 ;CXP9013268%9_R96JB   ; (Radio2217B28B)
Radio-S1091-1  ;BXP_5  ;RRU2217B28B      ; 1 ;  OFF ;  ON ;  OFF ; N/A ;KRC161499/1     ;R1K     ;TU8U02A8NM    ;20231120 ;4 (OK) ; 27.5 ;17.8 ;52.8 ;CXP9013268%9_R96JB   ; (Radio2217B28B)
Radio-S180-NGS ;BXP_7  ;RRU4415B7*       ; 1 ;  OFF ;  ON ;  OFF ; N/A ;KRC161495/1     ;R5J     ;TU8U01TX8J    ;20221107 ;4 (OK) ; 28.5 ;17.8 ;52.8 ;CXP9013268%15_R101LX ; (Radio4415B7)
Radio-S2-1     ;BXP_2  ;RRU2217B20       ; 1 ;  OFF ;  ON ;  OFF ; N/A ;KRC161549/1     ;R1S     ;TU8U01UCG3    ;20221117 ;4 (OK) ; 25.0 ;17.8 ;53.3 ;CXP9013268%9_R96JB   ; (Radio2217B20)
-------------------------------------------------------------------------------------------------------------------------------------

=====================================================================================================================================
AntennaNearUnit                                      ;ST  ;TYPE   ;PRODUCTNR       ;REV                ;UNIQUEID             ;RfPort
=====================================================================================================================================
AntennaUnitGroup=1,AntennaNearUnit=RET_800           ; 1  ;S-RET  ;AIMM20D11       ;WD81MANGRCU_VER.D  ;HWM1716H6001L38460r  ;FieldReplaceableUnit=Radio-S1-1,RfPort=R
AntennaUnitGroup=1,AntennaNearUnit=RET_900           ; 1  ;S-RET  ;AIMM20D11       ;WD81MANGRCU_VER.D  ;HWM1716H6001M0935rr  ;FieldReplaceableUnit=Radio-S1-1,RfPort=R
AntennaUnitGroup=1090,AntennaNearUnit=RET_1800_2100  ; 1  ;S-RET  ;AIMM20M22S0v03  ;WD83MANWRCU_VER.A  ;HWN1963NB0174503Ry2  ;FieldReplaceableUnit=Radio-S1090-1,RfPort=R
AntennaUnitGroup=1090,AntennaNearUnit=RET_2600       ; 1  ;S-RET  ;AIMM20M22S0v03  ;WD83MANWRCU_VER.A  ;HWN1963NB0173522Ly1  ;FieldReplaceableUnit=Radio-S1090-1,RfPort=R
AntennaUnitGroup=1090,AntennaNearUnit=RET_700        ; 1  ;S-RET  ;AIMM20M22S0v03  ;WD83MANWRCU_VER.A  ;HWN1963NB0171525Lr1  ;FieldReplaceableUnit=Radio-S1090-1,RfPort=R
AntennaUnitGroup=1091,AntennaNearUnit=RET_1800_2100  ; 1  ;S-RET  ;AIMM20M22S0v03  ;WD83MANWRCU_VER.A  ;HWN1963NB0118564Rr2  ;FieldReplaceableUnit=Radio-S1091-1,RfPort=R
AntennaUnitGroup=1091,AntennaNearUnit=RET_2600       ; 1  ;S-RET  ;AIMM20M22S0v03  ;WD83MANWRCU_VER.A  ;HWN1963NB0119511Ly1  ;FieldReplaceableUnit=Radio-S1091-1,RfPort=R
AntennaUnitGroup=1091,AntennaNearUnit=RET_700        ; 1  ;S-RET  ;AIMM20M22S0v03  ;WD83MANWRCU_VER.A  ;HWN1963NB0117547Lr1  ;FieldReplaceableUnit=Radio-S1091-1,RfPort=R
AntennaUnitGroup=2,AntennaNearUnit=RET_800           ; 1  ;S-RET  ;AIMM20D11       ;WD81MANGRCU_VER.D  ;HWM1716H6000V43360r  ;FieldReplaceableUnit=Radio-S2-1,RfPort=R
AntennaUnitGroup=2,AntennaNearUnit=RET_900           ; 1  ;S-RET  ;AIMM20D11       ;WD81MANGRCU_VER.D  ;HWM1716H6000W0689rr  ;FieldReplaceableUnit=Radio-S2-1,RfPort=R
-------------------------------------------------------------------------------------------------------------------------------------

=====================================================================================================================================
XPBOARD  ;ST ;FAULT ;OPER ;PRODUCTNUMBER ;REV ;SERIAL/NAME ;DATE     ; TEMP ;MO
=====================================================================================================================================
FAN08    ; 1 ;N/A   ;N/A  ;BKV106236/1   ;R2F ;DD111P8271  ;20220309 ; 41.0 ;SupportUnit=1 (FAN  BB-1)
-------------------------------------------------------------------------------------------------------------------------------------

=====================================================================================================================================
ID ;T ;RiL      ;BPBP ;BOARD1           ;LNH1 ;PORT ;R ;LINK ;RATE  ; BER ;BOARD2           ;LNH2 ;PORT ;R ;LINK ;RATE  ; BER ;LENGTH ;MO1 - MO2
=====================================================================================================================================
 1 ;O ;    S1-1 ;1111 ;BB6631           ;000100 ; 1 ;M ;Up   ;9.8G  ;   0 ;RRU2217B20       ;BXP_3  ; 0 ;S ;Up   ;9.8G  ;   0 ;   63m ;Fru=BB-1(A) Fru=Radio-S1-1(D1)
 2 ;O ;    S2-1 ;1111 ;BB6631           ;000100 ; 2 ;M ;Up   ;9.8G  ;   0 ;RRU2217B20       ;BXP_2  ; 0 ;S ;Up   ;9.8G  ;   0 ;   63m ;Fru=BB-1(B) Fru=Radio-S2-1(D1)
 3 ;O ;  S100-1 ;1111 ;BB6631           ;000100 ; 4 ;M ;Up   ;10.1G ;   0 ;RRU449944B144B3C ;BXP_4  ; 1 ;S ;Up   ;10.1G ;   0 ;   62m ;Fru=BB-1(D) Fru=Radio-S100-1(D2)
 4 ;O ; S1091-1 ;1111 ;RRU2217B20       ;BXP_2  ; 1 ;M ;Up   ;9.8G  ;   0 ;RRU2217B28B      ;BXP_5  ; 0 ;S ;Up   ;9.8G  ;   0 ;    6m ;Fru=Radio-S2-1(D2) Fru=Radio-S1091-1(D1)
 5 ;O ; S1090-1 ;1111 ;RRU2217B20       ;BXP_3  ; 1 ;M ;Up   ;9.8G  ;   0 ;RRU2217B28B      ;BXP_6  ; 0 ;S ;Up   ;9.8G  ;   0 ;    6m ;Fru=Radio-S1-1(D2) Fru=Radio-S1090-1(D1)
 6 ;O ;S180-NGS ;1111 ;RRU449944B144B3C ;BXP_4  ; 0 ;M ;Up   ;10.1G ;   0 ;RRU4415B7*       ;BXP_7  ; 1 ;S ;Up   ;10.1G ;   0 ;   11m ;Fru=Radio-S100-1(D1) Fru=Radio-S180-NGS(D2)
-------------------------------------------------------------------------------------------------------------------------------------

=====================================================================================================================================
ID ;LINK ;RiL      ;VENDOR1  ;VENDORPROD1      ;REV1 ;SERIAL1         ;DATE1    ;ERICSSONPROD1      ;VENDOR2  ;VENDORPROD2      ;REV2 ;SERIAL2         ;DATE2    ;ERICSSONPROD2      ;TT ;WL1     ;WL2    
=====================================================================================================================================
 1 ;Up   ;    S1-1 ;DELTA    ;LCP-10G3B4HDRME3 ;A    ;1852092A1403235 ;20181228 ;RDH10265/2 R1A     ;ERICSSON ;LCP-10G3B4HDRME4 ;A    ;2241094A2450184 ;20221012 ;RDH10265/2 R1A     ;0  ;1310.00 ;1310.00
 2 ;Up   ;    S2-1 ;ERICSSON ;LCP-10G3B4HDRME4 ;A    ;2241094A2450187 ;20221012 ;RDH10265/2 R1A     ;ERICSSON ;LCP-10G3B4HDRME4 ;A    ;2241094A2450190 ;20221012 ;RDH10265/2 R1A     ;0  ;1310.00 ;1310.00
 3 ;Up   ;  S100-1 ;ERICSSON ;LCP-10G3B4HDRME4 ;A    ;2241094A2450181 ;20221012 ;RDH10265/2 R1A     ;ERICSSON ;LCP-10G3B4HDRME4 ;A    ;2241094A2450183 ;20221012 ;RDH10265/2 R1A     ;0  ;1310.00 ;1310.00
 4 ;Up   ; S1091-1 ;ERICSSON ;RTXM228-702-C22  ;1.0  ;CU823K0A0Q      ;20231012 ;RDH10265/2 R1A     ;ERICSSON ;RTXM228-702-C22  ;1.0  ;CU823K09ZM      ;20231012 ;RDH10265/2 R1A     ;0  ;1310.00 ;1310.00
 5 ;Up   ; S1090-1 ;ERICSSON ;EOLP-1396-02-I9  ;1.0  ;PM5T433014      ;20210722 ;RDH10265/2 R1A     ;ERICSSON ;RTXM228-702-C22  ;1.0  ;CU823K0AXS      ;20231012 ;RDH10265/2 R1A     ;0  ;1310.00 ;1310.00
 6 ;Up   ;S180-NGS ;ERICSSON ;RTXM228-702-C22  ;1.0  ;CU823K09ZS      ;20231012 ;RDH10265/2 R1A     ;ERICSSON ;EOLP-1396-02-I9  ;1.0  ;PM5T423752      ;20210723 ;RDH10265/2 R1A     ;0  ;1310.00 ;1310.00
-------------------------------------------------------------------------------------------------------------------------------------

=====================================================================================================================================
ID ;LINK ;RiL      ;WL1     ;TEMP1 ;TXbs1 ;TXdBm1 ;RXdBm1 ;BER1   ;WL2     ;TEMP2 ;TXbs2 ;TXdBm2 ;RXdBm2 ;BER2   ;DlLoss ;UlLoss ;LENGTH ;TT
=====================================================================================================================================
 1 ;Up   ;    S1-1 ;1310.00 ;36C   ;38%   ;-1.03  ;-4.09  ;   0   ;1310.00 ;26C   ;33%   ;-3.21  ;-1.49  ;   0   ;  0.46 ;  0.88 ;   63m ; 0
 2 ;Up   ;    S2-1 ;1310.00 ;36C   ;34%   ;-3.09  ;-3.29  ;   0   ;1310.00 ;24C   ;32%   ;-3.22  ;-3.65  ;   0   ;  0.56 ;  0.07 ;   63m ; 0
 3 ;Up   ;  S100-1 ;1310.00 ;33C   ;35%   ;-3.21  ;-3.13  ;   0   ;1310.00 ;27C   ;43%   ;-3.18  ;-4.55  ;   0   ;  1.34 ; -0.05 ;   62m ; 0
 4 ;Up   ; S1091-1 ;1310.00 ;31C   ;52%   ;-0.98  ;-2.31  ;   0   ;1310.00 ;30C   ;54%   ;-1.73  ;-1.13  ;   0   ;  0.15 ;  0.58 ;    6m ; 0
 5 ;Up   ; S1090-1 ;1310.00 ;28C   ;42%   ;-1.83  ;-0.80  ;   0   ;1310.00 ;30C   ;53%   ;-0.72  ;-1.10  ;   0   ; -0.73 ;  0.08 ;    6m ; 0
 6 ;Up   ;S180-NGS ;1310.00 ;30C   ;55%   ;-1.11  ;-3.17  ;   0   ;1310.00 ;23C   ;41%   ;-1.91  ;-1.62  ;   0   ;  0.51 ;  1.26 ;   11m ; 0
-------------------------------------------------------------------------------------------------------------------------------------

=====================================================================================================================================
ID ;RiL      ;BOARD            ;SFPLNH  ;PORT ;VENDOR   ;VENDORPROD       ;REV  ;SERIAL          ;DATE     ;ERICSSONPROD       ;WL      ;TEMP  ;TXbs  ;TXdBm  ;RXdBm  ; BER
=====================================================================================================================================
 1 ;    S1-1 ;BB6631           ;000100   ;  1 ;DELTA    ;LCP-10G3B4HDRME3 ;A    ;1852092A1403235 ;20181228 ;RDH10265/2 R1A     ;1310.00 ;36C   ;38%   ;-1.03  ;-4.09  ;   0
 2 ;    S2-1 ;BB6631           ;000100   ;  2 ;ERICSSON ;LCP-10G3B4HDRME4 ;A    ;2241094A2450187 ;20221012 ;RDH10265/2 R1A     ;1310.00 ;36C   ;34%   ;-3.09  ;-3.29  ;   0
 3 ;  S100-1 ;BB6631           ;000100   ;  4 ;ERICSSON ;LCP-10G3B4HDRME4 ;A    ;2241094A2450181 ;20221012 ;RDH10265/2 R1A     ;1310.00 ;33C   ;35%   ;-3.21  ;-3.13  ;   0
 2 ;    S2-1 ;RRU2217B20       ;BXP_2    ;  0 ;ERICSSON ;LCP-10G3B4HDRME4 ;A    ;2241094A2450190 ;20221012 ;RDH10265/2 R1A     ;1310.00 ;24C   ;32%   ;-3.22  ;-3.65  ;   0
 4 ; S1091-1 ;RRU2217B20       ;BXP_2    ;  1 ;ERICSSON ;RTXM228-702-C22  ;1.0  ;CU823K0A0Q      ;20231012 ;RDH10265/2 R1A     ;1310.00 ;31C   ;52%   ;-0.98  ;-2.31  ;   0
 1 ;    S1-1 ;RRU2217B20       ;BXP_3    ;  0 ;ERICSSON ;LCP-10G3B4HDRME4 ;A    ;2241094A2450184 ;20221012 ;RDH10265/2 R1A     ;1310.00 ;26C   ;33%   ;-3.21  ;-1.49  ;   0
 5 ; S1090-1 ;RRU2217B20       ;BXP_3    ;  1 ;ERICSSON ;EOLP-1396-02-I9  ;1.0  ;PM5T433014      ;20210722 ;RDH10265/2 R1A     ;1310.00 ;28C   ;42%   ;-1.83  ;-0.80  ;   0
 6 ;S180-NGS ;RRU449944B144B3C ;BXP_4    ;  0 ;ERICSSON ;RTXM228-702-C22  ;1.0  ;CU823K09ZS      ;20231012 ;RDH10265/2 R1A     ;1310.00 ;30C   ;55%   ;-1.11  ;-3.17  ;   0
 3 ;  S100-1 ;RRU449944B144B3C ;BXP_4    ;  1 ;ERICSSON ;LCP-10G3B4HDRME4 ;A    ;2241094A2450183 ;20221012 ;RDH10265/2 R1A     ;1310.00 ;27C   ;43%   ;-3.18  ;-4.55  ;   0
 4 ; S1091-1 ;RRU2217B28B      ;BXP_5    ;  0 ;ERICSSON ;RTXM228-702-C22  ;1.0  ;CU823K09ZM      ;20231012 ;RDH10265/2 R1A     ;1310.00 ;30C   ;54%   ;-1.73  ;-1.13  ;   0
 5 ; S1090-1 ;RRU2217B28B      ;BXP_6    ;  0 ;ERICSSON ;RTXM228-702-C22  ;1.0  ;CU823K0AXS      ;20231012 ;RDH10265/2 R1A     ;1310.00 ;30C   ;53%   ;-0.72  ;-1.10  ;   0
 6 ;S180-NGS ;RRU4415B7*       ;BXP_7    ;  1 ;ERICSSON ;EOLP-1396-02-I9  ;1.0  ;PM5T423752      ;20210723 ;RDH10265/2 R1A     ;1310.00 ;23C   ;41%   ;-1.91  ;-1.62  ;   0
-------------------------------------------------------------------------------------------------------------------------------------
TN ;         ;BB6631           ;000100   ; IB ;ERICSSON ;LCP-10G3B4HDRME4 ;A    ;2241094A2450185 ;20221012 ;RDH10265/2 R1A     ;1310    ;33C   ;32%   ;-3.09  ;-6.00  ; 0/0
TN ;         ;BB6631           ;000100   ;IA2 ;ERICSSON ;NDAAF9-E201      ;E    ;APF224520123CB  ;20221109 ;RPM777053/1000 R1B ;NA      ;NA    ;NA    ;NA     ;NA     ; 0/0
-------------------------------------------------------------------------------------------------------------------------------------

=====================================================================================================================================
BOARD  ;LNH    ;PORT       ;T ;S ;OpMode   ;AutoNeg ;MacAddress        ;VlanIds        ;LOS ;BER
=====================================================================================================================================
BB6631 ;000100 ;TN_IDL_A_1 ;E ;1 ;10G_FULL ;false   ;F8:97:A9:C6:1E:50 ;3901,3908,3910 ;0   ;0/0
BB6631 ;000100 ;TN_IDL_A_2 ;O ;1 ;10G_FULL ;false   ;F8:97:A9:C6:1E:51 ;3908           ;0   ;0/0
BB6631 ;000100 ;TN_IDL_B   ;O ;1 ;1G_FULL  ;true    ;F8:97:A9:C6:1E:54 ;3901,3908,3910 ;0   ;0/0
-------------------------------------------------------------------------------------------------------------------------------------

radioClockState : RNT_TIME_LOCKED
-------------------------------------------------------------------------------------
Prio  ;ST  ;syncRefType    ;refStatus  ;opQualLevel  ;SyncReference
-------------------------------------------------------------------------------------
  *1  ; 1  ;PTP_TIME       ;NO_FAULT   ;PRTC         ;Ptp=1,BoundaryOrdinaryClock=1 (G_8275_2 Router=45G_Traffic,InterfaceIPv4=LTE,AddressIPv4=LTE:SLAVE)
   2  ; 1  ;NTP_FREQUENCY  ;NO_FAULT   ;PRC          ;Ntp=1,NtpFrequencySync=NTP1 (10.31.0.54:32751 Router=45G_Traffic,InterfaceIPv4=LTE,AddressIPv4=LTE)
-------------------------------------------------------------------------------------
nodeGroupRole   : SYNC_PROVIDER (syncNodePriority=1, selectionMode=NODE_PRIORITY)
-------------------------------------------------------------------------------------
DU  ;Port  ;sharedUnitRef (RiPortA - RiPortB)  ;remoteNodePriority  ;CandidateStatus
-------------------------------------------------------------------------------------
1   ;D     ;Fru=Radio-S180-NGS (2 - 1)         ;3                   ;OK_NOT_ACTIVE
-------------------------------------------------------------------------------------

=====================================================================================================================================
FRU            ;LNH    ;BOARD            ;RF  ;BP  ;TX (W/dBm)  ;VSWR (RL)   ;RX (dBm) ;UEs/gUEs  ;Sector/AntennaGroup/Cells (State:CellIds:PCIs)
=====================================================================================================================================
Radio-S180-NGS ;BXP_7  ;RRU4415B7*       ; A  ;11  ;19.5 (42.9) ;1.06 (31.3) ;-97.9    ;          ;
Radio-S180-NGS ;BXP_7  ;RRU4415B7*       ; B  ;11  ;-           ;1.07 (29.2) ;-98.0    ;          ;
Radio-S180-NGS ;BXP_7  ;RRU4415B7*       ; C  ;11  ;24.0 (43.8) ;1.12 (25.0) ;-98.7    ;          ;
Radio-S180-NGS ;BXP_7  ;RRU4415B7*       ; D  ;11  ;-           ;1.10 (26.4) ;-98.9    ;          ;
Radio-S1-1     ;BXP_3  ;RRU2217B20       ; A  ;11  ;-           ;1.33 (16.9) ;         ;8/-       ;SE=1 AG=1 FDD=CZ38E1 NIOT=CZ38N1 (1:61:413, 1:161:413)
Radio-S1-1     ;BXP_3  ;RRU2217B20       ; B  ;11  ;-           ;1.42 (15.2) ;         ;8/-       ;SE=1 AG=1 FDD=CZ38E1 NIOT=CZ38N1 (1:61:413, 1:161:413)
Radio-S2-1     ;BXP_2  ;RRU2217B20       ; A  ;11  ;-           ;1.25 (19.2) ;         ;2/-       ;SE=2 AG=2 FDD=CZ38E2 NIOT=CZ38N2 (1:62:411, 1:162:411)
Radio-S2-1     ;BXP_2  ;RRU2217B20       ; B  ;11  ;-           ;1.29 (18.0) ;         ;2/-       ;SE=2 AG=2 FDD=CZ38E2 NIOT=CZ38N2 (1:62:411, 1:162:411)
Radio-S100-1   ;BXP_4  ;RRU449944B144B3C ; A  ;11  ;31.1 (44.9) ;1.17 (22.3) ;-94.7    ;54/-      ;SE=100 AG=100 FDD=CZ38M1 FDD=CZ38T1 (1:31:24, 1:41:405)
Radio-S100-1   ;BXP_4  ;RRU449944B144B3C ; B  ;11  ;10.0 (40.0) ;1.12 (24.8) ;-94.7    ;54/-      ;SE=100 AG=100 FDD=CZ38M1 FDD=CZ38T1 (1:31:24, 1:41:405)
Radio-S100-1   ;BXP_4  ;RRU449944B144B3C ; C  ;11  ;29.7 (44.7) ;1.12 (25.0) ;-93.9    ;10/-      ;SE=101 AG=101 FDD=CZ38M2 FDD=CZ38T2 (1:32:224, 1:42:160)
Radio-S100-1   ;BXP_4  ;RRU449944B144B3C ; D  ;11  ;9.3 (39.7)  ;1.08 (28.2) ;-93.8    ;10/-      ;SE=101 AG=101 FDD=CZ38M2 FDD=CZ38T2 (1:32:224, 1:42:160)
Radio-S1090-1  ;BXP_6  ;RRU2217B28B      ; A  ;11  ;-           ;1.20 (21.0) ;         ;0/5       ;SE=1090 AG=1090 FDD=CZ38J1 NRC=CZ38G1 (1:71:12, 1:561:620)
Radio-S1090-1  ;BXP_6  ;RRU2217B28B      ; B  ;11  ;-           ;1.21 (20.5) ;         ;0/5       ;SE=1090 AG=1090 FDD=CZ38J1 NRC=CZ38G1 (1:71:12, 1:561:620)
Radio-S1091-1  ;BXP_5  ;RRU2217B28B      ; A  ;11  ;-           ;1.22 (20.0) ;         ;0/2       ;SE=1091 AG=1091 FDD=CZ38J2 NRC=CZ38G2 (1:72:489, 1:562:598)
Radio-S1091-1  ;BXP_5  ;RRU2217B28B      ; B  ;11  ;-           ;1.26 (18.7) ;         ;0/2       ;SE=1091 AG=1091 FDD=CZ38J2 NRC=CZ38G2 (1:72:489, 1:562:598)
-------------------------------------------------------------------------------------------------------------------------------------

CZ38E> mfar

251125-11:29:33+0100 19.31.7.226 25.0h MSRBS_NODE_MODEL_25.Q1_693.28324.131_62ac stopfile=/tmp/2125204
.......
Last MO: 20521. Loaded 20521 MOs. Total: 20522 MOs.
.............................................
get /rop/A20251125.0845-0900_CZ38E.xml.gz /ericsson/log/amos/moshell_logfiles/t20251125_37258710_65084/logs_moshell/pmfiles/19.31.7.226/rop/A20251125.0845-0900_CZ38E.xml.gz ... OK
get /rop/A20251125.0900-0915_CZ38E.xml.gz /ericsson/log/amos/moshell_logfiles/t20251125_37258710_65084/logs_moshell/pmfiles/19.31.7.226/rop/A20251125.0900-0915_CZ38E.xml.gz ... OK
get /rop/A20251125.0915-0930_CZ38E.xml.gz /ericsson/log/amos/moshell_logfiles/t20251125_37258710_65084/logs_moshell/pmfiles/19.31.7.226/rop/A20251125.0915-0930_CZ38E.xml.gz ... OK

Using hardcoded thresholds: 3, 4.5, and 16.5
================================================================================================================================
SC     SE   Tx/Rx BrPair  RfPort1 - RfPort2                 HW       Serial      Cell (State)   Samples   Med  Mean  SDev Pol Res Issue
================================================================================================================================
CZ38E1    1   2/2 0 (1,2) Radio-S1-1(A) Radio-S1-1(B)       RRU2217  TU8U01UCG6  FDD=CZ38E1 (1)  131739   0.5   0.2   6.4  NA  OK Passed
CZ38E2    2   2/2 0 (1,2) Radio-S2-1(A) Radio-S2-1(B)       RRU2217  TU8U01UCG3  FDD=CZ38E2 (1)   15905  -1.5  -1.9   7.6  NA  OK Passed
CZ38J1 1090   2/2 0 (1,2) Radio-S1090-1(A) Radio-S1090-1(B) RRU2217  TU8U02A8NL  FDD=CZ38J1 (1)    8275   0.5   0.7   7.7  NA  OK Passed
CZ38J2 1091   2/2 0 (1,2) Radio-S1091-1(A) Radio-S1091-1(B) RRU2217  TU8U02A8NM  FDD=CZ38J2 (1)     360   1.5   1.5   7.1  NA  NT Not enough data
CZ38M1  100   2/2 0 (1,2) Radio-S100-1(A) Radio-S100-1(B)   RRU4499  TU8U01U9A2  FDD=CZ38M1 (1)   64120  -0.5  -0.5   6.6  NA  OK Passed
CZ38M2  101   2/2 0 (1,2) Radio-S100-1(C) Radio-S100-1(D)   RRU4499  TU8U01U9A2  FDD=CZ38M2 (1)   20664  -0.5  -0.2   6.6  NA  OK Passed
CZ38T1  100   2/2 0 (1,2) Radio-S100-1(A) Radio-S100-1(B)   RRU4499  TU8U01U9A2  FDD=CZ38T1 (1)  253256  -0.5  -0.2   7.2  NA  OK Passed
CZ38T2  101   2/2 0 (1,2) Radio-S100-1(C) Radio-S100-1(D)   RRU4499  TU8U01U9A2  FDD=CZ38T2 (1)  130220  -0.5   0.2   5.9  NA  OK Passed
================================================================================================================================
Total: 8 SectorCarriers, 8 RfBranch Pairs (7 OK, 0 OKW, 0 NOK, 1 NT)
........
Last MO: 20521. Loaded 20521 MOs. Total: 20522 MOs.
...................................

Using hardcoded thresholds: 3, 4.5, and 16.5
================================================================================================================================
SC     SE   Tx/Rx BrPair  RfPort1 - RfPort2                 HW       Serial      Cell (State)  Samples   Med  Mean  SDev Pol Res Issue
================================================================================================================================
CZ38G1 1090   2/2 0 (1,2) Radio-S1090-1(A) Radio-S1090-1(B) RRU2217  TU8U02A8NL  DU=CZ38G1 (1)  168556   0.5   0.3   8.0  NA  OK Passed
CZ38G2 1091   2/2 0 (1,2) Radio-S1091-1(A) Radio-S1091-1(B) RRU2217  TU8U02A8NM  DU=CZ38G2 (1)   94099  -0.5  -0.4   7.3  NA  OK Passed
================================================================================================================================
Total: 2 NRSectorCarriers, 2 RfBranch Pairs (2 OK, 0 OKW, 0 NOK, 0 NT)

CZ38E> mfitr

251125-11:30:01+0100 19.31.7.226 25.0h MSRBS_NODE_MODEL_25.Q1_693.28324.131_62ac stopfile=/tmp/2125204
.............
Last MO: 20521. Loaded 20521 MOs. Total: 20522 MOs.
.........
2025-11-25 11:30
================================================================================================================================
CELL       SC     FRU           BOARD            PUSCH  PUCCH       A      B      C      D  DELTA
================================================================================================================================
FDD=CZ38E1 CZ38E1 Radio-S1-1    RRU2217B20       -119.5 -119.4 -119.3 -119.3                    0
FDD=CZ38E2 CZ38E2 Radio-S2-1    RRU2217B20       -119.4 -119.4 -119.3 -119.4                  0.1
FDD=CZ38J1 CZ38J1 Radio-S1090-1 RRU2217B28B      -117.6 -118.6 -116.2 -117.4                  1.2
FDD=CZ38J2 CZ38J2 Radio-S1091-1 RRU2217B28B      -117.9 -119.5 -111.0 -112.2                  1.2
FDD=CZ38M1 CZ38M1 Radio-S100-1  RRU449944B144B3C -119.5 -119.5 -119.5 -119.5                    0
FDD=CZ38M2 CZ38M2 Radio-S100-1  RRU449944B144B3C -119.4 -119.3               -119.6 -119.6      0
FDD=CZ38T1 CZ38T1 Radio-S100-1  RRU449944B144B3C -119.3 -118.3 -119.1 -119.1                    0
FDD=CZ38T2 CZ38T2 Radio-S100-1  RRU449944B144B3C -116.8 -115.3               -117.4 -116.7    0.7
================================================================================================================================
Bye...
Output has been logged to file /mta_fs/UserFiles/37258710/amosbatch/SDIR/CZ38E.log
