Logging to file /mta_fs/UserFiles/37258710/amosbatch/SDIR/CZ42E.log
                        __  __  ____   _____
                  /\   |  \/  |/ __ \ / ____|
                 /  \  | \  / | |  | | (___  
                / /\ \ | |\/| | |  | |\___ \ 
               / ____ \| |  | | |__| |____) |
              /_/    \_\_|  |_|\____/|_____/
              OSS Framework for MoShell-25.0h 
  Copyright (c) Ericsson AB 2001-2025 - All Rights Reserved
              
           
[1;31mWARNING: [0mthe AMOS version currently running is more than 29 weeks old and is unsupported.
Please upgrade as soon as possible to the latest released version, available from your local Ericsson support.

$amosrb_pid = 3084883

Checking ip contact...OK

HELP MENU            : h
BASIC MO COMMANDS    : m
OTHER MO COMMANDS    : n
OTHER COMMANDS       : o
PM COMMANDS          : p
QUIT                 : q

CZ42E> lt all

251125-16:20:17+0100 19.31.8.226 25.0h  stopfile=/tmp/3084737
Looking up temporary_amos account... OK.
Trying temporary_amos_t20251125_37258710_65084_131's password from amos lookupAccount ... OK

$ssh_pid = 3085553

Connected to 19.31.8.226 (SubNetwork=BBMM_rckomc_R,MeContext=CZ42E,ManagedElement=CZ42E)

Checking MOM version...MSRBS_NODE_MODEL_25.Q1_198665.224.73_bf81
Parsing MOM (cached): /ericsson/log/amos/moshell_logfiles/t20251125_37258710_65084/logs_moshell/tempfiles/scp-4-amos_20251125-162011_3084680/MSRBS_NODE_MODEL_25.Q1_198665.224.73_bf81.xml.cache.gz ......................................................................................................................................................................................................................Done.
Using paramfile /opt/ericsson/amos/moshell/commonjars/pm/PARAM_MSRBSG2_25.Q1.txt
Parsing file /opt/ericsson/amos/moshell/commonjars/pm/PARAM_MSRBSG2_25.Q1.txt ......................................................................................Done.
Using imomdfile /opt/ericsson/amos/moshell/commonjars/pm/IMOMD_MSRBS_22.Q4.txt
Using imomfile /opt/ericsson/amos/moshell/commonjars/pm/IMOM_MSRBS_25.Q1.txt
Connected to 19.31.8.226 (SubNetwork=BBMM_rckomc_R,MeContext=CZ42E,ManagedElement=CZ42E)

Last MO: 16603. Loaded 16603 MOs. Total: 16604 MOs.

CZ42E> st cell

251125-16:20:35+0100 19.31.8.226 25.0h MSRBS_NODE_MODEL_25.Q1_198665.224.73_bf81 stopfile=/tmp/3084737
===================================================================================
Proxy  Adm State     Op. State     MO
===================================================================================
   43  1 (UNLOCKED)  1 (ENABLED)   ENodeBFunction=1,EUtranCellFDD=CZ42E1
  132  1 (UNLOCKED)  1 (ENABLED)   ENodeBFunction=1,EUtranCellFDD=CZ42E2
  214  1 (UNLOCKED)  1 (ENABLED)   ENodeBFunction=1,EUtranCellFDD=CZ42M1
  292  1 (UNLOCKED)  1 (ENABLED)   ENodeBFunction=1,EUtranCellFDD=CZ42M2
  368  1 (UNLOCKED)  1 (ENABLED)   ENodeBFunction=1,EUtranCellFDD=CZ42T1
  449  1 (UNLOCKED)  1 (ENABLED)   ENodeBFunction=1,EUtranCellFDD=CZ42T2
  698  1 (UNLOCKED)  1 (ENABLED)   ENodeBFunction=1,NbIotCell=CZ42N1
  699  1 (UNLOCKED)  1 (ENABLED)   ENodeBFunction=1,NbIotCell=CZ42N2
===================================================================================
Total: 8 MOs

CZ42E> st radio

251125-16:20:35+0100 19.31.8.226 25.0h MSRBS_NODE_MODEL_25.Q1_198665.224.73_bf81 stopfile=/tmp/3084737
===================================================================================
Proxy  Adm State     Op. State     MO
===================================================================================
 1142  1 (UNLOCKED)  1 (ENABLED)   Equipment=1,FieldReplaceableUnit=Radio-S1-1
 1154  1 (UNLOCKED)  1 (ENABLED)   Equipment=1,FieldReplaceableUnit=Radio-S100-1
 1177  1 (UNLOCKED)  1 (ENABLED)   Equipment=1,FieldReplaceableUnit=Radio-S2-1
16596  1 (UNLOCKED)  1 (ENABLED)   Transport=1,Synchronization=1,RadioEquipmentClock=1,RadioEquipmentClockReference=NTP1
16597  1 (UNLOCKED)  1 (ENABLED)   Transport=1,Synchronization=1,RadioEquipmentClock=1,RadioEquipmentClockReference=PTP8275_2
===================================================================================
Total: 5 MOs

CZ42E> sdir

251125-16:20:36+0100 19.31.8.226 25.0h MSRBS_NODE_MODEL_25.Q1_198665.224.73_bf81 stopfile=/tmp/3084737
INFO: Using amos lookupAccount credentials for the export login
...............................
get /rop/A20251125.1430-1445_CZ42E.xml.gz /ericsson/log/amos/moshell_logfiles/t20251125_37258710_65084/logs_moshell/pmfiles/19.31.8.226/rop/A20251125.1430-1445_CZ42E.xml.gz ... OK
get /rop/A20251125.1445-1500_CZ42E.xml.gz /ericsson/log/amos/moshell_logfiles/t20251125_37258710_65084/logs_moshell/pmfiles/19.31.8.226/rop/A20251125.1445-1500_CZ42E.xml.gz ... OK
get /rop/A20251125.1500-1515_CZ42E.xml.gz /ericsson/log/amos/moshell_logfiles/t20251125_37258710_65084/logs_moshell/pmfiles/19.31.8.226/rop/A20251125.1500-1515_CZ42E.xml.gz ... OK
...Checking available boards on node...

Collecting RCS board data ...
....................................................................................
.
...................................................................................................................................................................................................................................................................
......
Collecting TN data...
.................................................................................................................................
Collecting RF data...
.
Collecting Alarms...
Executing action Log.export()
...
Log=AlarmLog                    actionId=7041
.....
Executing action LogM.exportAvailabilityLog()
..LogM=1,exportAvailabilityLog    actionId=7042
........Parsing alarmLog......Done.
Parsing availabilityLog.......Done.
........

Total: 3 CPRI links (3 OK, 0 OKW, 0 NOK, 0 NT)

+--------+                      +------------+
|        | A        O98      D1 | Radio-S1-1 |
|        |-----------1----------| RRU2217B20 |
|        |         OK-76m       |   BXP_3    |
|        |                      +------------+
|        |                             |A  |B
|        |               SE=1 AG=1 FDD=CZ42E1
|        |                        NIOT=CZ42N1
|        |
|        |                      +------------+
|        | B        O98      D1 | Radio-S2-1 |
|        |-----------2----------| RRU2217B20 |
|        |         OK-93m       |   BXP_4    |
|  BB-1  |                      +------------+
| BB6630 |                             |A  |B
| 000100 |               SE=2 AG=2 FDD=CZ42E2
|        |                        NIOT=CZ42N2
|        |
|        |                      +------------------+
|        | D        O101     D2 |   Radio-S100-1   |
|        |-----------3----------| RRU449944B144B3C |
|        |         OK-77m       |      BXP_2       |
|        |                      +------------------+
|        |                           |A  |B  |C  |D
|        |                    SE=100 AG=100  |   |
|        |            FDD=CZ42M1 FDD=CZ42T1  |   |
|        |                            SE=101 AG=101
|        |                    FDD=CZ42M2 FDD=CZ42T2
|        |
+--------+

=====================================================================================================================================
ID RiL    Type Res MO1-MO2                  BOARD1-BOARD2           AlmIDs Cells (States)                                        Issue (Failed checks)
=====================================================================================================================================
 1 S1-1   O98  OK  BB-1(A) Radio-S1-1(D1)   BB6630 RRU2217B20              FDD=CZ42E1 NIOT=CZ42N1 (1,1)                          Passed
 2 S2-1   O98  OK  BB-1(B) Radio-S2-1(D1)   BB6630 RRU2217B20              FDD=CZ42E2 NIOT=CZ42N2 (1,1)                          Passed
 3 S100-1 O101 OK  BB-1(D) Radio-S100-1(D2) BB6630 RRU449944B144B3C        FDD=CZ42M1 FDD=CZ42M2 FDD=CZ42T1 FDD=CZ42T2 (1,1,1,1) Passed
-------------------------------------------------------------------------------------------------------------------------------------

Node: RadioNode L   CXP9024418/16_R8D21 (RCG123.3-3)   G2   LTE-FDD,LTE-IoT 

=====================================================================================================================================
FRU          ;LNH    ;BOARD            ;ST ;FAULT ;OPER ;MAINT ;STAT ;PRODUCTNUMBER   ;REV     ;SERIAL        ;DATE     ;PMTEMP ; TEMP ; UPT ;VOLT ;SW                   ;
=====================================================================================================================================
BB-1         ;000100 ;BB6630           ; 1 ;  OFF ;  ON ;  OFF ;  ON ;KDU137848/11    ;R3D     ;E96A00PTNK    ;20220321 ;3 (OK) ;      ; 133 ;48   ;                     ;
Radio-S1-1   ;BXP_3  ;RRU2217B20       ; 1 ;  OFF ;  ON ;  OFF ; N/A ;KRC161549/1     ;R1S     ;TU8U01FXMZ    ;20220323 ;4 (OK) ; 35.2 ; 133 ;53.6 ;CXP9013268%9_R96JB   ; (Radio2217B20)
Radio-S100-1 ;BXP_2  ;RRU449944B144B3C ; 1 ;  OFF ;  ON ;  OFF ; N/A ;KRC161787/1     ;R2E     ;E23D913588    ;20220424 ;4 (OK) ; 28.5 ; 133 ;53.1 ;CXP9013268%15_R101KB ; (Radio449944B144B3C)
Radio-S2-1   ;BXP_4  ;RRU2217B20       ; 1 ;  OFF ;  ON ;  OFF ; N/A ;KRC161549/1     ;R1S     ;TU8U01FXN4    ;20220323 ;4 (OK) ; 26.6 ; 133 ;54.0 ;CXP9013268%9_R96JB   ; (Radio2217B20)
-------------------------------------------------------------------------------------------------------------------------------------

=====================================================================================================================================
AntennaNearUnit                             ;ST  ;TYPE   ;PRODUCTNR  ;REV                ;UNIQUEID             ;RfPort
=====================================================================================================================================
AntennaUnitGroup=1,AntennaNearUnit=RET_800  ; 1  ;S-RET  ;AIMM20D11  ;WD81MANGRCU_VER.D  ;HWM1663GA02SP71160r  ;FieldReplaceableUnit=Radio-S1-1,RfPort=R
AntennaUnitGroup=1,AntennaNearUnit=RET_900  ; 1  ;S-RET  ;AIMM20D11  ;WD81MANGRCU_VER.D  ;HWM1663GA02SQ1813rr  ;FieldReplaceableUnit=Radio-S1-1,RfPort=R
AntennaUnitGroup=2,AntennaNearUnit=RET_800  ; 1  ;S-RET  ;AIMM20D11  ;WD81MANGRCU_VER.D  ;HWM1663GA02L565800r  ;FieldReplaceableUnit=Radio-S2-1,RfPort=R
AntennaUnitGroup=2,AntennaNearUnit=RET_900  ; 1  ;S-RET  ;AIMM20D11  ;WD81MANGRCU_VER.D  ;HWM1663GA02L60107rr  ;FieldReplaceableUnit=Radio-S2-1,RfPort=R
-------------------------------------------------------------------------------------------------------------------------------------

=====================================================================================================================================
XPBOARD  ;ST ;FAULT ;OPER ;PRODUCTNUMBER ;REV ;SERIAL/NAME ;DATE     ; TEMP ;MO
=====================================================================================================================================
FAN      ; 1 ;N/A   ;N/A  ;BKV106217/1   ;N/A ;N/A         ;N/A      ;      ;SupportUnit=1 (FAN  BB-1)
-------------------------------------------------------------------------------------------------------------------------------------

=====================================================================================================================================
ID ;T ;RiL    ;BPBP ;BOARD1           ;LNH1 ;PORT ;R ;LINK ;RATE  ; BER ;BOARD2           ;LNH2 ;PORT ;R ;LINK ;RATE  ; BER ;LENGTH ;MO1 - MO2
=====================================================================================================================================
 1 ;O ;  S1-1 ;1111 ;BB6630           ;000100 ; 1 ;M ;Up   ;9.8G  ;   0 ;RRU2217B20       ;BXP_3  ; 0 ;S ;Up   ;9.8G  ;   0 ;   76m ;Fru=BB-1(A) Fru=Radio-S1-1(D1)
 2 ;O ;  S2-1 ;1111 ;BB6630           ;000100 ; 2 ;M ;Up   ;9.8G  ;   0 ;RRU2217B20       ;BXP_4  ; 0 ;S ;Up   ;9.8G  ;   0 ;   93m ;Fru=BB-1(B) Fru=Radio-S2-1(D1)
 3 ;O ;S100-1 ;1111 ;BB6630           ;000100 ; 4 ;M ;Up   ;10.1G ;   0 ;RRU449944B144B3C ;BXP_2  ; 1 ;S ;Up   ;10.1G ;   0 ;   77m ;Fru=BB-1(D) Fru=Radio-S100-1(D2)
-------------------------------------------------------------------------------------------------------------------------------------

=====================================================================================================================================
ID ;LINK ;RiL    ;VENDOR1  ;VENDORPROD1     ;REV1 ;SERIAL1        ;DATE1    ;ERICSSONPROD1  ;VENDOR2  ;VENDORPROD2     ;REV2 ;SERIAL2        ;DATE2    ;ERICSSONPROD2  ;TT ;WL1     ;WL2    
=====================================================================================================================================
 1 ;Up   ;  S1-1 ;ERICSSON ;SPP10ELRIDFREN  ;10   ;M4O2007963     ;20220323 ;RDH10265/2 R1A ;ERICSSON ;SPP10ELRIDFREN  ;10   ;M4M2012826     ;20220321 ;RDH10265/2 R1A ;0  ;1310.00 ;1310.00
 2 ;Up   ;  S2-1 ;ERICSSON ;SPP10ELRIDFREN  ;10   ;M4O2008487     ;20220323 ;RDH10265/2 R1A ;ERICSSON ;SPP10ELRIDFREN  ;10   ;M4O2008828     ;20220323 ;RDH10265/2 R1A ;0  ;1310.00 ;1310.00
 3 ;Up   ;S100-1 ;ERICSSON ;SPP10ELRIDFREN  ;10   ;M4N2007544     ;20220322 ;RDH10265/2 R1A ;ERICSSON ;SPP10ELRIDFREN  ;10   ;M4N2009462     ;20220322 ;RDH10265/2 R1A ;0  ;1310.00 ;1310.00
-------------------------------------------------------------------------------------------------------------------------------------

=====================================================================================================================================
ID ;LINK ;RiL    ;WL1     ;TEMP1 ;TXbs1 ;TXdBm1 ;RXdBm1 ;BER1   ;WL2     ;TEMP2 ;TXbs2 ;TXdBm2 ;RXdBm2 ;BER2   ;DlLoss ;UlLoss ;LENGTH ;TT
=====================================================================================================================================
 1 ;Up   ;  S1-1 ;1310.00 ;44C   ;43%   ;-1.79  ;-4.15  ;   0   ;1310.00 ;32C   ;40%   ;-1.24  ;-3.86  ;   0   ;  2.07 ;  2.91 ;   76m ; 0
 2 ;Up   ;  S2-1 ;1310.00 ;43C   ;40%   ;-1.14  ;-1.37  ;   0   ;1310.00 ;24C   ;38%   ;-1.33  ;-4.88  ;   0   ;  3.74 ;  0.04 ;   93m ; 0
 3 ;Up   ;S100-1 ;1310.00 ;43C   ;44%   ;-2.14  ;-1.47  ;   0   ;1310.00 ;24C   ;38%   ;-2.26  ;-2.10  ;   0   ; -0.04 ; -0.79 ;   77m ; 0
-------------------------------------------------------------------------------------------------------------------------------------

=====================================================================================================================================
ID ;RiL    ;BOARD            ;SFPLNH  ;PORT ;VENDOR   ;VENDORPROD      ;REV  ;SERIAL         ;DATE     ;ERICSSONPROD   ;WL      ;TEMP  ;TXbs  ;TXdBm  ;RXdBm  ; BER
=====================================================================================================================================
 1 ;  S1-1 ;BB6630           ;000100   ;  1 ;ERICSSON ;SPP10ELRIDFREN  ;10   ;M4O2007963     ;20220323 ;RDH10265/2 R1A ;1310.00 ;44C   ;43%   ;-1.79  ;-4.15  ;   0
 2 ;  S2-1 ;BB6630           ;000100   ;  2 ;ERICSSON ;SPP10ELRIDFREN  ;10   ;M4O2008487     ;20220323 ;RDH10265/2 R1A ;1310.00 ;43C   ;40%   ;-1.14  ;-1.37  ;   0
 3 ;S100-1 ;BB6630           ;000100   ;  4 ;ERICSSON ;SPP10ELRIDFREN  ;10   ;M4N2007544     ;20220322 ;RDH10265/2 R1A ;1310.00 ;43C   ;44%   ;-2.14  ;-1.47  ;   0
 3 ;S100-1 ;RRU449944B144B3C ;BXP_2    ;  1 ;ERICSSON ;SPP10ELRIDFREN  ;10   ;M4N2009462     ;20220322 ;RDH10265/2 R1A ;1310.00 ;24C   ;38%   ;-2.26  ;-2.10  ;   0
 1 ;  S1-1 ;RRU2217B20       ;BXP_3    ;  0 ;ERICSSON ;SPP10ELRIDFREN  ;10   ;M4M2012826     ;20220321 ;RDH10265/2 R1A ;1310.00 ;32C   ;40%   ;-1.24  ;-3.86  ;   0
 2 ;  S2-1 ;RRU2217B20       ;BXP_4    ;  0 ;ERICSSON ;SPP10ELRIDFREN  ;10   ;M4O2008828     ;20220323 ;RDH10265/2 R1A ;1310.00 ;24C   ;38%   ;-1.33  ;-4.88  ;   0
-------------------------------------------------------------------------------------------------------------------------------------
TN ;       ;BB6630           ;000100   ;  A ;WTD      ;RTXM192-406-C25 ;3.0  ;HA221300170577 ;20220325 ;RDH10247/2 R2A ;0       ;40C   ;20%   ;-5.58  ;-5.92  ;NZ/0
TN ;       ;BB6630           ;000100   ;  B ;ERICSSON ;SPP10ELRIDFREN  ;10   ;M4O2011756     ;20220323 ;RDH10265/2 R1A ;0       ;39C   ;45%   ;-1.90  ;-3.22  ; 0/0
-------------------------------------------------------------------------------------------------------------------------------------

=====================================================================================================================================
BOARD  ;LNH    ;PORT ;T ;S ;OpMode   ;AutoNeg ;MacAddress        ;VlanIds             ;LOS ;BER
=====================================================================================================================================
BB6630 ;000100 ;TN_A ;O ;1 ;1G_FULL  ;true    ;7C:72:6E:78:E2:31 ;3901,3902,3908,3910 ;0   ;NZ/0
BB6630 ;000100 ;TN_B ;O ;1 ;10G_FULL ;false   ;7C:72:6E:78:E2:32 ;3901,3902           ;0   ;0/0
-------------------------------------------------------------------------------------------------------------------------------------

radioClockState : RNT_TIME_LOCKED
-------------------------------------------------------------------------------------
Prio  ;ST  ;syncRefType    ;refStatus  ;opQualLevel  ;SyncReference
-------------------------------------------------------------------------------------
  *1  ; 1  ;PTP_TIME       ;NO_FAULT   ;PRTC         ;Ptp=1,BoundaryOrdinaryClock=1 (G_8275_2 Router=45G_Traffic,InterfaceIPv4=LTE,AddressIPv4=LTE:SLAVE)
   2  ; 1  ;NTP_FREQUENCY  ;NO_FAULT   ;PRC          ;Ntp=1,NtpFrequencySync=NTP1 (10.31.0.54:32751 Router=45G_Traffic,InterfaceIPv4=LTE,AddressIPv4=LTE)
-------------------------------------------------------------------------------------

=====================================================================================================================================
FRU          ;LNH    ;BOARD            ;RF  ;BP  ;TX (W/dBm)  ;VSWR (RL)   ;RX (dBm) ;UEs/gUEs  ;Sector/AntennaGroup/Cells (State:CellIds:PCIs)
=====================================================================================================================================
Radio-S1-1   ;BXP_3  ;RRU2217B20       ; A  ;11  ;-           ;1.26 (18.7) ;         ;3/-       ;SE=1 AG=1 FDD=CZ42E1 NIOT=CZ42N1 (1:61:454, 1:161:454)
Radio-S1-1   ;BXP_3  ;RRU2217B20       ; B  ;11  ;-           ;1.13 (24.0) ;         ;3/-       ;SE=1 AG=1 FDD=CZ42E1 NIOT=CZ42N1 (1:61:454, 1:161:454)
Radio-S2-1   ;BXP_4  ;RRU2217B20       ; A  ;11  ;-           ;1.11 (25.5) ;         ;2/-       ;SE=2 AG=2 FDD=CZ42E2 NIOT=CZ42N2 (1:62:453, 1:162:453)
Radio-S2-1   ;BXP_4  ;RRU2217B20       ; B  ;11  ;-           ;1.11 (25.8) ;         ;2/-       ;SE=2 AG=2 FDD=CZ42E2 NIOT=CZ42N2 (1:62:453, 1:162:453)
Radio-S100-1 ;BXP_2  ;RRU449944B144B3C ; A  ;11  ;40.4 (46.1) ;1.11 (25.5) ;-95.7    ;5/-       ;SE=100 AG=100 FDD=CZ42M1 FDD=CZ42T1 (1:31:30, 1:41:70)
Radio-S100-1 ;BXP_2  ;RRU449944B144B3C ; B  ;11  ;-           ;1.22 (20.1) ;-96.5    ;5/-       ;SE=100 AG=100 FDD=CZ42M1 FDD=CZ42T1 (1:31:30, 1:41:70)
Radio-S100-1 ;BXP_2  ;RRU449944B144B3C ; C  ;11  ;40.4 (46.1) ;1.13 (24.5) ;-96.3    ;1/-       ;SE=101 AG=101 FDD=CZ42M2 FDD=CZ42T2 (1:32:453, 1:42:24)
Radio-S100-1 ;BXP_2  ;RRU449944B144B3C ; D  ;11  ;-           ;1.12 (24.9) ;-96.4    ;1/-       ;SE=101 AG=101 FDD=CZ42M2 FDD=CZ42T2 (1:32:453, 1:42:24)
-------------------------------------------------------------------------------------------------------------------------------------

CZ42E> mfar

251125-16:22:42+0100 19.31.8.226 25.0h MSRBS_NODE_MODEL_25.Q1_198665.224.73_bf81 stopfile=/tmp/3084737
.....
Last MO: 16603. Loaded 16603 MOs. Total: 16604 MOs.
...............................................
get /rop/A20251125.1345-1400_CZ42E.xml.gz /ericsson/log/amos/moshell_logfiles/t20251125_37258710_65084/logs_moshell/pmfiles/19.31.8.226/rop/A20251125.1345-1400_CZ42E.xml.gz ... OK
get /rop/A20251125.1400-1415_CZ42E.xml.gz /ericsson/log/amos/moshell_logfiles/t20251125_37258710_65084/logs_moshell/pmfiles/19.31.8.226/rop/A20251125.1400-1415_CZ42E.xml.gz ... OK
get /rop/A20251125.1415-1430_CZ42E.xml.gz /ericsson/log/amos/moshell_logfiles/t20251125_37258710_65084/logs_moshell/pmfiles/19.31.8.226/rop/A20251125.1415-1430_CZ42E.xml.gz ... OK

Using hardcoded thresholds: 3, 4.5, and 16.5
================================================================================================================================
SC     SE  Tx/Rx BrPair  RfPort1 - RfPort2               HW       Serial      Cell (State)   Samples   Med  Mean  SDev Pol Res Issue
================================================================================================================================
CZ42E1   1   2/2 0 (1,2) Radio-S1-1(A) Radio-S1-1(B)     RRU2217  TU8U01FXMZ  FDD=CZ42E1 (1)   49708  -1.5  -1.5   6.8  NA  OK Passed
CZ42E2   2   2/2 0 (1,2) Radio-S2-1(A) Radio-S2-1(B)     RRU2217  TU8U01FXN4  FDD=CZ42E2 (1)    9613   0.5   0.5   4.9  NA  OK Passed
CZ42M1 100   2/2 0 (1,2) Radio-S100-1(A) Radio-S100-1(B) RRU4499  E23D913588  FDD=CZ42M1 (1)    1818  -1.5  -1.9   6.1  NA  NT Not enough data
CZ42M2 101   2/2 0 (1,2) Radio-S100-1(C) Radio-S100-1(D) RRU4499  E23D913588  FDD=CZ42M2 (1)     148  -1.5  -0.9   7.2  NA  NT Not enough data
CZ42T1 100   2/2 0 (1,2) Radio-S100-1(A) Radio-S100-1(B) RRU4499  E23D913588  FDD=CZ42T1 (1)   11003  -2.5  -2.3   5.6  NA  OK Passed
CZ42T2 101   2/2 0 (1,2) Radio-S100-1(C) Radio-S100-1(D) RRU4499  E23D913588  FDD=CZ42T2 (1)    6718   0.5   0.6   4.7  NA  OK Passed
================================================================================================================================
Total: 6 SectorCarriers, 6 RfBranch Pairs (4 OK, 0 OKW, 0 NOK, 2 NT)
......
Last MO: 16603. Loaded 16603 MOs. Total: 16604 MOs.

No NRSectorCarrier MOs are defined on the node.

CZ42E> mfitr

251125-16:22:57+0100 19.31.8.226 25.0h MSRBS_NODE_MODEL_25.Q1_198665.224.73_bf81 stopfile=/tmp/3084737
.........
Last MO: 16603. Loaded 16603 MOs. Total: 16604 MOs.
.......
2025-11-25 16:23
================================================================================================================================
CELL       SC     FRU          BOARD            PUSCH  PUCCH       A      B      C      D  DELTA
================================================================================================================================
FDD=CZ42E1 CZ42E1 Radio-S1-1   RRU2217B20       -119.4 -119.2 -119.2 -119.2                    0
FDD=CZ42E2 CZ42E2 Radio-S2-1   RRU2217B20       -119.5 -119.4 -119.1 -119.2                  0.1
FDD=CZ42M1 CZ42M1 Radio-S100-1 RRU449944B144B3C -119.5 -119.5 -119.2 -119.2                    0
FDD=CZ42M2 CZ42M2 Radio-S100-1 RRU449944B144B3C -119.5 -119.4               -119.1 -119.1      0
FDD=CZ42T1 CZ42T1 Radio-S100-1 RRU449944B144B3C -119.5 -114.5 -117.6 -119.1                  1.5
FDD=CZ42T2 CZ42T2 Radio-S100-1 RRU449944B144B3C -119.5 -117.5               -118.8 -118.9    0.1
================================================================================================================================
Bye...
Output has been logged to file /mta_fs/UserFiles/37258710/amosbatch/SDIR/CZ42E.log
