Logging to file /mta_fs/UserFiles/37258710/amosbatch/SDIR/CZ6BT.log
                        __  __  ____   _____
                  /\   |  \/  |/ __ \ / ____|
                 /  \  | \  / | |  | | (___  
                / /\ \ | |\/| | |  | |\___ \ 
               / ____ \| |  | | |__| |____) |
              /_/    \_\_|  |_|\____/|_____/
              OSS Framework for MoShell-25.0h 
  Copyright (c) Ericsson AB 2001-2025 - All Rights Reserved
              
           
[1;31mWARNING: [0mthe AMOS version currently running is more than 29 weeks old and is unsupported.
Please upgrade as soon as possible to the latest released version, available from your local Ericsson support.

$amosrb_pid = 2123659

Checking ip contact...OK

HELP MENU            : h
BASIC MO COMMANDS    : m
OTHER MO COMMANDS    : n
OTHER COMMANDS       : o
PM COMMANDS          : p
QUIT                 : q

CZ6BT> lt all

251125-11:25:56+0100 19.31.16.185 25.0h  stopfile=/tmp/2123486
Looking up temporary_amos account... OK.
Trying temporary_amos_t20251125_37258710_65084_131's password from amos lookupAccount ... OK

$ssh_pid = 2124020

Connected to 19.31.16.185 (SubNetwork=BBMM_rckomc_R,MeContext=CZ6BT,ManagedElement=CZ6BT)

Checking MOM version...MSRBS_NODE_MODEL_25.Q1_693.28324.131_62ac
Parsing MOM (cached): /ericsson/log/amos/moshell_logfiles/t20251125_37258710_65084/logs_moshell/tempfiles/scp-4-amos_20251125-112550_2123266/MSRBS_NODE_MODEL_25.Q1_693.28324.131_62ac.xml.cache.gz ..................................................................................................................................................................................................................................Done.
Using paramfile /opt/ericsson/amos/moshell/commonjars/pm/PARAM_MSRBS_25.Q1.txt
Parsing file /opt/ericsson/amos/moshell/commonjars/pm/PARAM_MSRBS_25.Q1.txt .......................................................................................Done.
Using imomdfile /opt/ericsson/amos/moshell/commonjars/pm/IMOMD_MSRBS_22.Q4.txt
Using imomfile /opt/ericsson/amos/moshell/commonjars/pm/IMOM_MSRBS_25.Q1.txt
Connected to 19.31.16.185 (SubNetwork=BBMM_rckomc_R,MeContext=CZ6BT,ManagedElement=CZ6BT)

Last MO: 21500. Loaded 21500 MOs. Total: 21501 MOs.

CZ6BT> st cell

251125-11:26:11+0100 19.31.16.185 25.0h MSRBS_NODE_MODEL_25.Q1_693.28324.131_62ac stopfile=/tmp/2123486
===================================================================================
Proxy  Adm State     Op. State     MO
===================================================================================
   43  1 (UNLOCKED)  1 (ENABLED)   ENodeBFunction=1,EUtranCellFDD=CZ6BJ1
  172  1 (UNLOCKED)  1 (ENABLED)   ENodeBFunction=1,EUtranCellFDD=CZ6BJ2
  292  1 (UNLOCKED)  1 (ENABLED)   ENodeBFunction=1,EUtranCellFDD=CZ6BJ3
  410  1 (UNLOCKED)  1 (ENABLED)   ENodeBFunction=1,EUtranCellFDD=CZ6BJ4
  549  1 (UNLOCKED)  1 (ENABLED)   ENodeBFunction=1,EUtranCellFDD=CZ6BM1
  655  1 (UNLOCKED)  1 (ENABLED)   ENodeBFunction=1,EUtranCellFDD=CZ6BM2
  774  1 (UNLOCKED)  1 (ENABLED)   ENodeBFunction=1,EUtranCellFDD=CZ6BM3
  896  1 (UNLOCKED)  1 (ENABLED)   ENodeBFunction=1,EUtranCellFDD=CZ6BM4
 1047  1 (UNLOCKED)  1 (ENABLED)   ENodeBFunction=1,EUtranCellFDD=CZ6BT1
 1181  1 (UNLOCKED)  1 (ENABLED)   ENodeBFunction=1,EUtranCellFDD=CZ6BT2
 1305  1 (UNLOCKED)  1 (ENABLED)   ENodeBFunction=1,EUtranCellFDD=CZ6BT3
 1436  1 (UNLOCKED)  1 (ENABLED)   ENodeBFunction=1,EUtranCellFDD=CZ6BT4
 3732                1 (ENABLED)   GNBCUCPFunction=1,EUtraNetwork=1,ExternalENodeBFunction=auto222_1_2_650646,ExternalEUtranCell=2221-650646-71
 3733                1 (ENABLED)   GNBCUCPFunction=1,EUtraNetwork=1,ExternalENodeBFunction=auto222_1_2_650646,ExternalEUtranCell=2221-650646-72
 3734                1 (ENABLED)   GNBCUCPFunction=1,EUtraNetwork=1,ExternalENodeBFunction=auto222_1_2_650646,ExternalEUtranCell=2221-650646-73
 3735                1 (ENABLED)   GNBCUCPFunction=1,EUtraNetwork=1,ExternalENodeBFunction=auto222_1_2_650646,ExternalEUtranCell=2221-650646-74
 4220  1 (UNLOCKED)  1 (ENABLED)   GNBDUFunction=1,NRCellDU=CZ6BG1
 4222  1 (UNLOCKED)  1 (ENABLED)   GNBDUFunction=1,NRCellDU=CZ6BG2
 4224  1 (UNLOCKED)  1 (ENABLED)   GNBDUFunction=1,NRCellDU=CZ6BG3
 4226  1 (UNLOCKED)  1 (ENABLED)   GNBDUFunction=1,NRCellDU=CZ6BG4
===================================================================================
Total: 20 MOs

INFO: NRCellDU status needs to be printed with command "stz" or "hget ,nrcell state" due to dependency to cellState/serviceState attributes.

CZ6BT> st radio

251125-11:26:12+0100 19.31.16.185 25.0h MSRBS_NODE_MODEL_25.Q1_693.28324.131_62ac stopfile=/tmp/2123486
===================================================================================
Proxy  Adm State     Op. State     MO
===================================================================================
 3426  1 (UNLOCKED)  1 (ENABLED)   Equipment=1,FieldReplaceableUnit=Radio-S100-1
 3449  1 (UNLOCKED)  1 (ENABLED)   Equipment=1,FieldReplaceableUnit=Radio-S101-1
 3472  1 (UNLOCKED)  1 (ENABLED)   Equipment=1,FieldReplaceableUnit=Radio-S102-1
 3495  1 (UNLOCKED)  1 (ENABLED)   Equipment=1,FieldReplaceableUnit=Radio-S103-1
 3518  1 (UNLOCKED)  1 (ENABLED)   Equipment=1,FieldReplaceableUnit=Radio-S220-1
 3545  1 (UNLOCKED)  1 (ENABLED)   Equipment=1,FieldReplaceableUnit=Radio-S221-1
 3572  1 (UNLOCKED)  1 (ENABLED)   Equipment=1,FieldReplaceableUnit=Radio-S222-1
 3599  1 (UNLOCKED)  1 (ENABLED)   Equipment=1,FieldReplaceableUnit=Radio-S223-1
21491  1 (UNLOCKED)  1 (ENABLED)   Transport=1,Synchronization=1,RadioEquipmentClock=1,RadioEquipmentClockReference=NTP1
21492  1 (UNLOCKED)  1 (ENABLED)   Transport=1,Synchronization=1,RadioEquipmentClock=1,RadioEquipmentClockReference=PTP8275_2
===================================================================================
Total: 10 MOs

CZ6BT> sdir

251125-11:26:12+0100 19.31.16.185 25.0h MSRBS_NODE_MODEL_25.Q1_693.28324.131_62ac stopfile=/tmp/2123486
INFO: Using amos lookupAccount credentials for the export login
....................
get /rop/A20251125.0930-0945_CZ6BT.xml.gz /ericsson/log/amos/moshell_logfiles/t20251125_37258710_65084/logs_moshell/pmfiles/19.31.16.185/rop/A20251125.0930-0945_CZ6BT.xml.gz ... OK
get /rop/A20251125.0945-1000_CZ6BT.xml.gz /ericsson/log/amos/moshell_logfiles/t20251125_37258710_65084/logs_moshell/pmfiles/19.31.16.185/rop/A20251125.0945-1000_CZ6BT.xml.gz ... OK
get /rop/A20251125.1000-1015_CZ6BT.xml.gz /ericsson/log/amos/moshell_logfiles/t20251125_37258710_65084/logs_moshell/pmfiles/19.31.16.185/rop/A20251125.1000-1015_CZ6BT.xml.gz ... OK
.....Checking available boards on node...

Collecting RCS board data ...
...........................................................................................................................
...........................................
.......................................................................................................................................................................................................................................................................................................................................
...
Collecting TN data...
........................................................................................................................
Getting MO data from node (133 MOs). Please wait...
0%                                             ~50%                                           ~100%
....................................................................................................................................
Collecting RF data...
........
Collecting Alarms...
Executing action Log.export()
...
Log=AlarmLog                    actionId=59348
...................
Executing action LogM.exportAvailabilityLog()
..LogM=1,exportAvailabilityLog    actionId=59349
.....Parsing alarmLog..........Done.
Parsing availabilityLog........Done.
............

Total: 8 CPRI links (8 OK, 0 OKW, 0 NOK, 0 NT)
.
+--------+                      +----------------------------+
|        | A        O101     D1 |        Radio-S220-1        |
|        |-----------1----------| RRU247924B824B2024B28BM01* |
|        |         OK-81m       |           BXP_4            |
|        |                      +----------------------------+
|        |                                     |A  |B  |C  |D
|        |               SE=220* AG=220 FDD=CZ6BJ1 NRC=CZ6BG1
|        |
|        |                      +----------------------------+
|        | B        O101     D1 |        Radio-S221-1        |
|        |-----------2----------| RRU247924B824B2024B28BM01* |
|        |         OK-81m       |           BXP_8            |
|        |                      +----------------------------+
|        |                                     |A  |B  |C  |D
|        |               SE=221* AG=221 FDD=CZ6BJ2 NRC=CZ6BG2
|        |
|        |                      +----------------------------+
|        | C        O101     D1 |        Radio-S222-1        |
|        |-----------3----------| RRU247924B824B2024B28BM01* |
|        |         OK-81m       |           BXP_6            |
|        |                      +----------------------------+
|        |                                     |A  |B  |C  |D
|        |               SE=222* AG=222 FDD=CZ6BJ3 NRC=CZ6BG3
|        |
|        |                      +------------------+
|        | D        O101     D2 |   Radio-S100-1   |
|        |-----------4----------| RRU449944B144B3C |
|        |         OK-81m       |      BXP_9       |
|        |                      +------------------+
|        |                           |A  |B  |C  |D
|        |                 SE=100 AG=100 FDD=CZ6BM1
|        |                               FDD=CZ6BT1
|  BB-1  |
| BB6631 |                      +------------------+
| 000100 | E        O101     D2 |   Radio-S101-1   |
|        |-----------5----------| RRU449944B144B3C |
|        |         OK-81m       |      BXP_7       |
|        |                      +------------------+
|        |                           |A  |B  |C  |D
|        |                 SE=101 AG=101 FDD=CZ6BM2
|        |                               FDD=CZ6BT2
|        |
|        |                      +------------------+
|        | F        O101     D2 |   Radio-S102-1   |
|        |-----------6----------| RRU449944B144B3C |
|        |         OK-81m       |      BXP_3       |
|        |                      +------------------+
|        |                           |A  |B  |C  |D
|        |                 SE=102 AG=102 FDD=CZ6BM3
|        |                               FDD=CZ6BT3
|        |
|        |                      +------------------+
|        | G        O101     D2 |   Radio-S103-1   |
|        |-----------7----------| RRU449944B144B3C |
|        |         OK-81m       |      BXP_2       |
|        |                      +------------------+
|        |                           |A  |B  |C  |D
|        |                 SE=103 AG=103 FDD=CZ6BM4
|        |                               FDD=CZ6BT4
|        |
|        |                      +----------------------------+
|        | H        O101     D1 |        Radio-S223-1        |
|        |-----------8----------| RRU247924B824B2024B28BM01* |
|        |         OK-81m       |           BXP_5            |
|        |                      +----------------------------+
|        |                                     |A  |B  |C  |D
+--------+               SE=223* AG=223 FDD=CZ6BJ4 NRC=CZ6BG4

=====================================================================================================================================
ID RiL    Type Res MO1-MO2                  BOARD1-BOARD2                     AlmIDs Cells (States)              Issue (Failed checks)
=====================================================================================================================================
 1 S220-1 O101 OK  BB-1(A) Radio-S220-1(D1) BB6631 RRU247924B824B2024B28BM01*        FDD=CZ6BJ1 NRC=CZ6BG1 (1,1) Passed
 2 S221-1 O101 OK  BB-1(B) Radio-S221-1(D1) BB6631 RRU247924B824B2024B28BM01*        FDD=CZ6BJ2 NRC=CZ6BG2 (1,1) Passed
 3 S222-1 O101 OK  BB-1(C) Radio-S222-1(D1) BB6631 RRU247924B824B2024B28BM01*        FDD=CZ6BJ3 NRC=CZ6BG3 (1,1) Passed
 4 S100-1 O101 OK  BB-1(D) Radio-S100-1(D2) BB6631 RRU449944B144B3C                  FDD=CZ6BM1 FDD=CZ6BT1 (1,1) Passed
 5 S101-1 O101 OK  BB-1(E) Radio-S101-1(D2) BB6631 RRU449944B144B3C                  FDD=CZ6BM2 FDD=CZ6BT2 (1,1) Passed
 6 S102-1 O101 OK  BB-1(F) Radio-S102-1(D2) BB6631 RRU449944B144B3C                  FDD=CZ6BM3 FDD=CZ6BT3 (1,1) Passed
 7 S103-1 O101 OK  BB-1(G) Radio-S103-1(D2) BB6631 RRU449944B144B3C                  FDD=CZ6BM4 FDD=CZ6BT4 (1,1) Passed
 8 S223-1 O101 OK  BB-1(H) Radio-S223-1(D1) BB6631 RRU247924B824B2024B28BM01*        FDD=CZ6BJ4 NRC=CZ6BG4 (1,1) Passed
-------------------------------------------------------------------------------------------------------------------------------------

=====================================================================================================================================
AlmID IDs RiLs Status      Alarm
=====================================================================================================================================
-------------------------------------------------------------------------------------------------------------------------------------

Node: RadioNode LN   CXP2010174/2_R27J08 (25.Q1)   G3.1   LTE-FDD NR-LB-FDD-ESS-NSA

=====================================================================================================================================
FRU          ;LNH    ;BOARD                      ;ST ;FAULT ;OPER ;MAINT ;STAT ;PRODUCTNUMBER   ;REV     ;SERIAL        ;DATE     ;PMTEMP ; TEMP ; UPT ;VOLT ;SW                   ;
=====================================================================================================================================
BB-1         ;000100 ;BB6631                     ; 1 ;  OFF ;  ON ;  OFF ;  ON ;KDU1370071/11   ;R2A     ;E96A00WQFD    ;20221206 ;3 (OK) ;      ;5.58 ;54   ;                     ;
Radio-S100-1 ;BXP_9  ;RRU449944B144B3C           ; 1 ;  OFF ;  ON ;  OFF ; N/A ;KRC161787/1     ;R2F     ;E23E408522    ;20221219 ;4 (OK) ; 26.8 ; 133 ;54.1 ;CXP9013268%15_R101LX ; (Radio449944B144B3C)
Radio-S101-1 ;BXP_7  ;RRU449944B144B3C           ; 1 ;  OFF ;  ON ;  OFF ; N/A ;KRC161787/1     ;R2F     ;E23E408575    ;20221219 ;4 (OK) ; 29.0 ; 133 ;53.9 ;CXP9013268%15_R101LX ; (Radio449944B144B3C)
Radio-S102-1 ;BXP_3  ;RRU449944B144B3C           ; 1 ;  OFF ;  ON ;  OFF ; N/A ;KRC161787/1     ;R2F     ;E23E408571    ;20221219 ;4 (OK) ; 33.6 ; 133 ;53.0 ;CXP9013268%15_R101LX ; (Radio449944B144B3C)
Radio-S103-1 ;BXP_2  ;RRU449944B144B3C           ; 1 ;  OFF ;  ON ;  OFF ; N/A ;KRC161787/1     ;R2F     ;E23E408573    ;20221219 ;4 (OK) ; 26.6 ; 133 ;51.4 ;CXP9013268%15_R101LX ; (Radio449944B144B3C)
Radio-S220-1 ;BXP_4  ;RRU247924B824B2024B28BM01* ; 1 ;  OFF ;  ON ;  OFF ; N/A ;KRC161832/1     ;R2F     ;TU8U028MTP    ;20231016 ;4 (OK) ; 29.3 ; 133 ;54.1 ;CXP9013268%15_R101LX ; (Radio247924B824B2024B28BM01)
Radio-S221-1 ;BXP_8  ;RRU247924B824B2024B28BM01* ; 1 ;  OFF ;  ON ;  OFF ; N/A ;KRC161832/1     ;R2F     ;TU8U028NHD    ;20231016 ;4 (OK) ; 30.7 ; 133 ;53.7 ;CXP9013268%15_R101LX ; (Radio247924B824B2024B28BM01)
Radio-S222-1 ;BXP_6  ;RRU247924B824B2024B28BM01* ; 1 ;  OFF ;  ON ;  OFF ; N/A ;KRC161832/1     ;R2F     ;TU8U028PLW    ;20231016 ;4 (OK) ; 33.4 ; 133 ;54.4 ;CXP9013268%15_R101LX ; (Radio247924B824B2024B28BM01)
Radio-S223-1 ;BXP_5  ;RRU247924B824B2024B28BM01* ; 1 ;  OFF ;  ON ;  OFF ; N/A ;KRC161832/1     ;R2F     ;TU8U028PM0    ;20231016 ;4 (OK) ; 29.5 ; 133 ;53.8 ;CXP9013268%15_R101LX ; (Radio247924B824B2024B28BM01)
-------------------------------------------------------------------------------------------------------------------------------------

=====================================================================================================================================
AntennaNearUnit                                       ;ST  ;TYPE   ;PRODUCTNR       ;REV                ;UNIQUEID             ;RfPort
=====================================================================================================================================
AntennaUnitGroup=100,AntennaNearUnit=RET_1800_2100_1  ; 1  ;S-RET  ;AIMM20D11       ;WD81MANGRCU_VER.C  ;HWM1869FA01HR7364bL  ;FieldReplaceableUnit=Radio-S100-1,RfPort=R
AntennaUnitGroup=100,AntennaNearUnit=RET_1800_2100_2  ; 1  ;S-RET  ;AIMM20D11       ;WD81MANGRCU_VER.C  ;HWM1869FA01HS625bbR  ;FieldReplaceableUnit=Radio-S100-1,RfPort=R
AntennaUnitGroup=101,AntennaNearUnit=RET_1800_2100_1  ; 1  ;S-RET  ;AIMM20D11       ;WD81MANGRCU_VER.C  ;HWM1869FA09GY0639bL  ;FieldReplaceableUnit=Radio-S101-1,RfPort=R
AntennaUnitGroup=101,AntennaNearUnit=RET_1800_2100_2  ; 1  ;S-RET  ;AIMM20D11       ;WD81MANGRCU_VER.C  ;HWM1869FA09H0944bbR  ;FieldReplaceableUnit=Radio-S101-1,RfPort=R
AntennaUnitGroup=102,AntennaNearUnit=RET_1800_2100_1  ; 1  ;S-RET  ;AIMM20D11       ;WD81MANGRCU_VER.C  ;HWM1869FA09N63511bL  ;FieldReplaceableUnit=Radio-S102-1,RfPort=R
AntennaUnitGroup=102,AntennaNearUnit=RET_1800_2100_2  ; 1  ;S-RET  ;AIMM20D11       ;WD81MANGRCU_VER.C  ;HWM1869FA09N7468bbR  ;FieldReplaceableUnit=Radio-S102-1,RfPort=R
AntennaUnitGroup=103,AntennaNearUnit=RET_1800_2100_1  ; 1  ;S-RET  ;AIMM20D11       ;WD81MANGRCU_VER.C  ;HWM1869FA09MP8082bL  ;FieldReplaceableUnit=Radio-S103-1,RfPort=R
AntennaUnitGroup=103,AntennaNearUnit=RET_1800_2100_2  ; 1  ;S-RET  ;AIMM20D11       ;WD81MANGRCU_VER.C  ;HWM1869FA09MQ641bbR  ;FieldReplaceableUnit=Radio-S103-1,RfPort=R
AntennaUnitGroup=220,AntennaNearUnit=RET_2600         ; 1  ;S-RET  ;AIMM20M11S0v03  ;WD83MANWRCU_VER.A  ;HWN3854NA0016027Ly1  ;FieldReplaceableUnit=Radio-S220-1,RfPort=R
AntennaUnitGroup=220,AntennaNearUnit=RET_700          ; 1  ;S-RET  ;AIMM20M11S0v03  ;WD83MANWRCU_VER.A  ;HWN3854NA0015067Rr2  ;FieldReplaceableUnit=Radio-S220-1,RfPort=R
AntennaUnitGroup=220,AntennaNearUnit=RET_800_900      ; 1  ;S-RET  ;AIMM20M11S0v03  ;WD83MANWRCU_VER.A  ;HWN3854NA0014050Lr1  ;FieldReplaceableUnit=Radio-S220-1,RfPort=R
AntennaUnitGroup=221,AntennaNearUnit=RET_2600         ; 1  ;S-RET  ;AIMM20M11S0v03  ;WD83MANWRCU_VER.A  ;HWN3854N9008X034Ly1  ;FieldReplaceableUnit=Radio-S221-1,RfPort=R
AntennaUnitGroup=221,AntennaNearUnit=RET_700          ; 1  ;S-RET  ;AIMM20M11S0v03  ;WD83MANWRCU_VER.A  ;HWN3854N9008W066Rr2  ;FieldReplaceableUnit=Radio-S221-1,RfPort=R
AntennaUnitGroup=221,AntennaNearUnit=RET_800_900      ; 1  ;S-RET  ;AIMM20M11S0v03  ;WD83MANWRCU_VER.A  ;HWN3854N9008V056Lr1  ;FieldReplaceableUnit=Radio-S221-1,RfPort=R
AntennaUnitGroup=222,AntennaNearUnit=RET_2600         ; 1  ;S-RET  ;AIMM20M11S0v03  ;WD83MANWRCU_VER.A  ;HWN3854N9008K018Ly1  ;FieldReplaceableUnit=Radio-S222-1,RfPort=R
AntennaUnitGroup=222,AntennaNearUnit=RET_700          ; 1  ;S-RET  ;AIMM20M11S0v03  ;WD83MANWRCU_VER.A  ;HWN3854N9008J047Rr2  ;FieldReplaceableUnit=Radio-S222-1,RfPort=R
AntennaUnitGroup=222,AntennaNearUnit=RET_800_900      ; 1  ;S-RET  ;AIMM20M11S0v03  ;WD83MANWRCU_VER.A  ;HWN3854N9008H002Lr1  ;FieldReplaceableUnit=Radio-S222-1,RfPort=R
AntennaUnitGroup=223,AntennaNearUnit=RET_2600         ; 1  ;S-RET  ;AIMM20M11S0v03  ;WD83MANWRCU_VER.A  ;HWN3854N9009N093Ly1  ;FieldReplaceableUnit=Radio-S223-1,RfPort=R
AntennaUnitGroup=223,AntennaNearUnit=RET_700          ; 1  ;S-RET  ;AIMM20M11S0v03  ;WD83MANWRCU_VER.A  ;HWN3854N9009M006Rr2  ;FieldReplaceableUnit=Radio-S223-1,RfPort=R
AntennaUnitGroup=223,AntennaNearUnit=RET_800_900      ; 1  ;S-RET  ;AIMM20M11S0v03  ;WD83MANWRCU_VER.A  ;HWN3854N9009L024Lr1  ;FieldReplaceableUnit=Radio-S223-1,RfPort=R
-------------------------------------------------------------------------------------------------------------------------------------

=====================================================================================================================================
XPBOARD  ;ST ;FAULT ;OPER ;PRODUCTNUMBER ;REV ;SERIAL/NAME ;DATE     ; TEMP ;MO
=====================================================================================================================================
FAN08    ; 1 ;N/A   ;N/A  ;BKV106236/1   ;R2G ;CE5100R29L  ;20220623 ; 38.3 ;SupportUnit=1 (FAN  BB-1)
-------------------------------------------------------------------------------------------------------------------------------------

=====================================================================================================================================
ID ;T ;RiL    ;BPBP ;BOARD1                     ;LNH1 ;PORT ;R ;LINK ;RATE  ; BER ;BOARD2                     ;LNH2 ;PORT ;R ;LINK ;RATE  ; BER ;LENGTH ;MO1 - MO2
=====================================================================================================================================
 1 ;O ;S220-1 ;1111 ;BB6631                     ;000100 ; 1 ;M ;Up   ;10.1G ;   0 ;RRU247924B824B2024B28BM01* ;BXP_4  ; 0 ;S ;Up   ;10.1G ;   0 ;   81m ;Fru=BB-1(A) Fru=Radio-S220-1(D1)
 2 ;O ;S221-1 ;1111 ;BB6631                     ;000100 ; 2 ;M ;Up   ;10.1G ;   0 ;RRU247924B824B2024B28BM01* ;BXP_8  ; 0 ;S ;Up   ;10.1G ;   0 ;   81m ;Fru=BB-1(B) Fru=Radio-S221-1(D1)
 3 ;O ;S222-1 ;1111 ;BB6631                     ;000100 ; 3 ;M ;Up   ;10.1G ;   0 ;RRU247924B824B2024B28BM01* ;BXP_6  ; 0 ;S ;Up   ;10.1G ;   0 ;   81m ;Fru=BB-1(C) Fru=Radio-S222-1(D1)
 4 ;O ;S100-1 ;1111 ;BB6631                     ;000100 ; 4 ;M ;Up   ;10.1G ;   0 ;RRU449944B144B3C           ;BXP_9  ; 1 ;S ;Up   ;10.1G ;   0 ;   81m ;Fru=BB-1(D) Fru=Radio-S100-1(D2)
 5 ;O ;S101-1 ;1111 ;BB6631                     ;000100 ; 5 ;M ;Up   ;10.1G ;   0 ;RRU449944B144B3C           ;BXP_7  ; 1 ;S ;Up   ;10.1G ;   0 ;   81m ;Fru=BB-1(E) Fru=Radio-S101-1(D2)
 6 ;O ;S102-1 ;1111 ;BB6631                     ;000100 ; 6 ;M ;Up   ;10.1G ;   0 ;RRU449944B144B3C           ;BXP_3  ; 1 ;S ;Up   ;10.1G ;   0 ;   81m ;Fru=BB-1(F) Fru=Radio-S102-1(D2)
 7 ;O ;S103-1 ;1111 ;BB6631                     ;000100 ; 7 ;M ;Up   ;10.1G ;   0 ;RRU449944B144B3C           ;BXP_2  ; 1 ;S ;Up   ;10.1G ;   0 ;   81m ;Fru=BB-1(G) Fru=Radio-S103-1(D2)
 8 ;O ;S223-1 ;1111 ;BB6631                     ;000100 ; 8 ;M ;Up   ;10.1G ;   0 ;RRU247924B824B2024B28BM01* ;BXP_5  ; 0 ;S ;Up   ;10.1G ;   0 ;   81m ;Fru=BB-1(H) Fru=Radio-S223-1(D1)
-------------------------------------------------------------------------------------------------------------------------------------

=====================================================================================================================================
ID ;LINK ;RiL    ;VENDOR1  ;VENDORPROD1     ;REV1 ;SERIAL1        ;DATE1    ;ERICSSONPROD1      ;VENDOR2  ;VENDORPROD2     ;REV2 ;SERIAL2        ;DATE2    ;ERICSSONPROD2      ;TT ;WL1     ;WL2    
=====================================================================================================================================
 1 ;Up   ;S220-1 ;ERICSSON ;EOLP-1396-02-I9 ;1.0  ;PM5T404845     ;20210719 ;RDH10265/2 R1A     ;ERICSSON ;EOLP-1396-02-I9 ;1.0  ;PM5T404877     ;20210719 ;RDH10265/2 R1A     ;0  ;1310.00 ;1310.00
 2 ;Up   ;S221-1 ;ERICSSON ;EOLP-1396-02-I9 ;1.0  ;PM5T404866     ;20210719 ;RDH10265/2 R1A     ;ERICSSON ;EOLP-1396-02-I9 ;1.0  ;PM5T404826     ;20210719 ;RDH10265/2 R1A     ;0  ;1310.00 ;1310.00
 3 ;Up   ;S222-1 ;ERICSSON ;EOLP-1396-02-I9 ;1.0  ;PM5T404837     ;20210719 ;RDH10265/2 R1A     ;ERICSSON ;EOLP-1396-02-I9 ;1.0  ;PM5T404871     ;20210719 ;RDH10265/2 R1A     ;0  ;1310.00 ;1310.00
 4 ;Up   ;S100-1 ;ERICSSON ;EOLP-1396-02-I9 ;1.0  ;PM5T404828     ;20210719 ;RDH10265/2 R1A     ;ERICSSON ;EOLP-1396-02-I9 ;1.0  ;PM5T404885     ;20210719 ;RDH10265/2 R1A     ;0  ;1310.00 ;1310.00
 5 ;Up   ;S101-1 ;ERICSSON ;EOLP-1396-02-I9 ;1.0  ;PM5T404846     ;20210719 ;RDH10265/2 R1A     ;ERICSSON ;EOLP-1396-02-I9 ;1.0  ;PM5T404835     ;20210719 ;RDH10265/2 R1A     ;0  ;1310.00 ;1310.00
 6 ;Up   ;S102-1 ;ERICSSON ;EOLP-1396-02-I9 ;1.0  ;PM5T404843     ;20210719 ;RDH10265/2 R1A     ;ERICSSON ;EOLP-1396-02-I9 ;1.0  ;PM5T404881     ;20210719 ;RDH10265/2 R1A     ;0  ;1310.00 ;1310.00
 7 ;Up   ;S103-1 ;ERICSSON ;EOLP-1396-02-I9 ;1.0  ;PM5T404804     ;20210719 ;RDH10265/2 R1A     ;ERICSSON ;EOLP-1396-02-I9 ;1.0  ;PM5T404844     ;20210719 ;RDH10265/2 R1A     ;0  ;1310.00 ;1310.00
 8 ;Up   ;S223-1 ;ERICSSON ;EOLP-1396-02-I9 ;1.0  ;PM5T404882     ;20210719 ;RDH10265/2 R1A     ;ERICSSON ;EOLP-1396-02-I9 ;1.0  ;PM5T404867     ;20210719 ;RDH10265/2 R1A     ;0  ;1310.00 ;1310.00
-------------------------------------------------------------------------------------------------------------------------------------

=====================================================================================================================================
ID ;LINK ;RiL    ;WL1     ;TEMP1 ;TXbs1 ;TXdBm1 ;RXdBm1 ;BER1   ;WL2     ;TEMP2 ;TXbs2 ;TXdBm2 ;RXdBm2 ;BER2   ;DlLoss ;UlLoss ;LENGTH ;TT
=====================================================================================================================================
 1 ;Up   ;S220-1 ;1310.00 ;40C   ;46%   ;-0.79  ;-2.31  ;   0   ;1310.00 ;27C   ;40%   ;-1.23  ;-1.88  ;   0   ;  1.09 ;  1.08 ;   81m ; 0
 2 ;Up   ;S221-1 ;1310.00 ;40C   ;48%   ;-1.08  ;-1.73  ;   0   ;1310.00 ;28C   ;39%   ;-1.22  ;-2.67  ;   0   ;  1.59 ;  0.51 ;   81m ; 0
 3 ;Up   ;S222-1 ;1310.00 ;40C   ;45%   ;-3.17  ;-2.66  ;   0   ;1310.00 ;34C   ;42%   ;-1.46  ;-2.87  ;   0   ;  -0.3 ;   1.2 ;   81m ; 0
 4 ;Up   ;S100-1 ;1310.00 ;40C   ;42%   ;-1.36  ;-2.13  ;   0   ;1310.00 ;26C   ;43%   ;-1.54  ;-3.19  ;   0   ;  1.83 ;  0.59 ;   81m ; 0
 5 ;Up   ;S101-1 ;1310.00 ;41C   ;48%   ;-0.91  ;-4.37  ;   0   ;1310.00 ;28C   ;43%   ;-1.07  ;-1.49  ;   0   ;  0.58 ;   3.3 ;   81m ; 0
 6 ;Up   ;S102-1 ;1310.00 ;41C   ;45%   ;-1.22  ;-1.65  ;   0   ;1310.00 ;31C   ;45%   ;-1.59  ;-2.06  ;   0   ;  0.84 ;  0.06 ;   81m ; 0
 7 ;Up   ;S103-1 ;1310.00 ;40C   ;40%   ;-1.03  ;-3.33  ;   0   ;1310.00 ;24C   ;43%   ;-1.06  ;-1.71  ;   0   ;  0.68 ;  2.27 ;   81m ; 0
 8 ;Up   ;S223-1 ;1310.00 ;41C   ;45%   ;-1.16  ;-1.07  ;   0   ;1310.00 ;27C   ;45%   ;-0.60  ;-2.15  ;   0   ;  0.99 ;  0.47 ;   81m ; 0
-------------------------------------------------------------------------------------------------------------------------------------

=====================================================================================================================================
ID ;RiL    ;BOARD                      ;SFPLNH  ;PORT ;VENDOR   ;VENDORPROD      ;REV  ;SERIAL         ;DATE     ;ERICSSONPROD       ;WL      ;TEMP  ;TXbs  ;TXdBm  ;RXdBm  ; BER
=====================================================================================================================================
 1 ;S220-1 ;BB6631                     ;000100   ;  1 ;ERICSSON ;EOLP-1396-02-I9 ;1.0  ;PM5T404845     ;20210719 ;RDH10265/2 R1A     ;1310.00 ;40C   ;46%   ;-0.79  ;-2.31  ;   0
 2 ;S221-1 ;BB6631                     ;000100   ;  2 ;ERICSSON ;EOLP-1396-02-I9 ;1.0  ;PM5T404866     ;20210719 ;RDH10265/2 R1A     ;1310.00 ;40C   ;48%   ;-1.08  ;-1.73  ;   0
 3 ;S222-1 ;BB6631                     ;000100   ;  3 ;ERICSSON ;EOLP-1396-02-I9 ;1.0  ;PM5T404837     ;20210719 ;RDH10265/2 R1A     ;1310.00 ;40C   ;45%   ;-3.17  ;-2.66  ;   0
 4 ;S100-1 ;BB6631                     ;000100   ;  4 ;ERICSSON ;EOLP-1396-02-I9 ;1.0  ;PM5T404828     ;20210719 ;RDH10265/2 R1A     ;1310.00 ;40C   ;42%   ;-1.36  ;-2.13  ;   0
 5 ;S101-1 ;BB6631                     ;000100   ;  5 ;ERICSSON ;EOLP-1396-02-I9 ;1.0  ;PM5T404846     ;20210719 ;RDH10265/2 R1A     ;1310.00 ;41C   ;48%   ;-0.91  ;-4.37  ;   0
 6 ;S102-1 ;BB6631                     ;000100   ;  6 ;ERICSSON ;EOLP-1396-02-I9 ;1.0  ;PM5T404843     ;20210719 ;RDH10265/2 R1A     ;1310.00 ;41C   ;45%   ;-1.22  ;-1.65  ;   0
 7 ;S103-1 ;BB6631                     ;000100   ;  7 ;ERICSSON ;EOLP-1396-02-I9 ;1.0  ;PM5T404804     ;20210719 ;RDH10265/2 R1A     ;1310.00 ;40C   ;40%   ;-1.03  ;-3.33  ;   0
 8 ;S223-1 ;BB6631                     ;000100   ;  8 ;ERICSSON ;EOLP-1396-02-I9 ;1.0  ;PM5T404882     ;20210719 ;RDH10265/2 R1A     ;1310.00 ;41C   ;45%   ;-1.16  ;-1.07  ;   0
 7 ;S103-1 ;RRU449944B144B3C           ;BXP_2    ;  1 ;ERICSSON ;EOLP-1396-02-I9 ;1.0  ;PM5T404844     ;20210719 ;RDH10265/2 R1A     ;1310.00 ;24C   ;43%   ;-1.06  ;-1.71  ;   0
 6 ;S102-1 ;RRU449944B144B3C           ;BXP_3    ;  1 ;ERICSSON ;EOLP-1396-02-I9 ;1.0  ;PM5T404881     ;20210719 ;RDH10265/2 R1A     ;1310.00 ;31C   ;45%   ;-1.59  ;-2.06  ;   0
 1 ;S220-1 ;RRU247924B824B2024B28BM01* ;BXP_4    ;  0 ;ERICSSON ;EOLP-1396-02-I9 ;1.0  ;PM5T404877     ;20210719 ;RDH10265/2 R1A     ;1310.00 ;27C   ;40%   ;-1.23  ;-1.88  ;   0
 8 ;S223-1 ;RRU247924B824B2024B28BM01* ;BXP_5    ;  0 ;ERICSSON ;EOLP-1396-02-I9 ;1.0  ;PM5T404867     ;20210719 ;RDH10265/2 R1A     ;1310.00 ;27C   ;45%   ;-0.60  ;-2.15  ;   0
 3 ;S222-1 ;RRU247924B824B2024B28BM01* ;BXP_6    ;  0 ;ERICSSON ;EOLP-1396-02-I9 ;1.0  ;PM5T404871     ;20210719 ;RDH10265/2 R1A     ;1310.00 ;34C   ;42%   ;-1.46  ;-2.87  ;   0
 5 ;S101-1 ;RRU449944B144B3C           ;BXP_7    ;  1 ;ERICSSON ;EOLP-1396-02-I9 ;1.0  ;PM5T404835     ;20210719 ;RDH10265/2 R1A     ;1310.00 ;28C   ;43%   ;-1.07  ;-1.49  ;   0
 2 ;S221-1 ;RRU247924B824B2024B28BM01* ;BXP_8    ;  0 ;ERICSSON ;EOLP-1396-02-I9 ;1.0  ;PM5T404826     ;20210719 ;RDH10265/2 R1A     ;1310.00 ;28C   ;39%   ;-1.22  ;-2.67  ;   0
 4 ;S100-1 ;RRU449944B144B3C           ;BXP_9    ;  1 ;ERICSSON ;EOLP-1396-02-I9 ;1.0  ;PM5T404885     ;20210719 ;RDH10265/2 R1A     ;1310.00 ;26C   ;43%   ;-1.54  ;-3.19  ;   0
-------------------------------------------------------------------------------------------------------------------------------------
TN ;       ;BB6631                     ;000100   ; IB ;ERICSSON ;EOLP-1396-02-I9 ;1.0  ;PM5T404823     ;20210719 ;RDH10265/2 R1A     ;1310    ;39C   ;48%   ;-0.63  ;-5.54  ; 0/0
TN ;       ;BB6631                     ;000100   ;IA2 ;ERICSSON ;NDAAF9-E201     ;E    ;APF22462014LC3 ;20221117 ;RPM777053/1000 R1B ;NA      ;NA    ;NA    ;NA     ;NA     ; 0/0
-------------------------------------------------------------------------------------------------------------------------------------

=====================================================================================================================================
BOARD  ;LNH    ;PORT       ;T ;S ;OpMode         ;AutoNeg ;MacAddress        ;VlanIds        ;LOS ;BER
=====================================================================================================================================
BB6631 ;000100 ;TN_E       ;E ;1 ;1G_FULL_MASTER ;true    ;F8:97:A9:C8:C1:76 ;3910           ;0   ;0/0
BB6631 ;000100 ;TN_IDL_A_1 ;E ;1 ;10G_FULL       ;false   ;F8:97:A9:C8:C1:6F ;3901,3908,3910 ;0   ;0/0
BB6631 ;000100 ;TN_IDL_A_2 ;O ;1 ;10G_FULL       ;false   ;F8:97:A9:C8:C1:70 ;3908           ;0   ;0/0
BB6631 ;000100 ;TN_IDL_B   ;O ;1 ;1G_FULL        ;true    ;F8:97:A9:C8:C1:73 ;3901,3908,3910 ;0   ;0/0
-------------------------------------------------------------------------------------------------------------------------------------

radioClockState : RNT_TIME_LOCKED
-------------------------------------------------------------------------------------
Prio  ;ST  ;syncRefType    ;refStatus  ;opQualLevel  ;SyncReference
-------------------------------------------------------------------------------------
  *1  ; 1  ;PTP_TIME       ;NO_FAULT   ;PRTC         ;Ptp=1,BoundaryOrdinaryClock=1 (G_8275_2 Router=45G_Traffic,InterfaceIPv4=LTE,AddressIPv4=LTE:SLAVE)
   2  ; 1  ;NTP_FREQUENCY  ;NO_FAULT   ;PRC          ;Ntp=1,NtpFrequencySync=NTP1 (10.31.0.54:32751 Router=45G_Traffic,InterfaceIPv4=LTE,AddressIPv4=LTE)
-------------------------------------------------------------------------------------
nodeGroupRole   : SYNC_PROVIDER (syncNodePriority=1, selectionMode=NODE_PRIORITY)
-------------------------------------------------------------------------------------
DU  ;Port  ;sharedUnitRef (RiPortA - RiPortB)  ;remoteNodePriority  ;CandidateStatus
-------------------------------------------------------------------------------------
1   ;B     ;Fru=Radio-S221-1 (1 - 2)           ;3                   ;OK_NOT_ACTIVE
1   ;C     ;Fru=Radio-S222-1 (1 - 2)           ;3                   ;OK_NOT_ACTIVE
1   ;H     ;Fru=Radio-S223-1 (1 - 2)           ;3                   ;OK_NOT_ACTIVE
1   ;A     ;Fru=Radio-S220-1 (1 - 2)           ;3                   ;OK_NOT_ACTIVE
-------------------------------------------------------------------------------------

=====================================================================================================================================
FRU          ;LNH    ;BOARD                      ;RF  ;BP  ;TX (W/dBm)  ;VSWR (RL)   ;RX (dBm) ;UEs/gUEs  ;Sector/AntennaGroup/Cells (State:CellIds:PCIs)
=====================================================================================================================================
Radio-S100-1 ;BXP_9  ;RRU449944B144B3C           ; A  ;11  ;39.9 (46.0) ;1.11 (25.6) ;-96.9    ;4/-       ;SE=100 AG=100 FDD=CZ6BM1 FDD=CZ6BT1 (1:31:113, 1:41:107)
Radio-S100-1 ;BXP_9  ;RRU449944B144B3C           ; B  ;11  ;-           ;1.15 (22.9) ;-96.8    ;4/-       ;SE=100 AG=100 FDD=CZ6BM1 FDD=CZ6BT1 (1:31:113, 1:41:107)
Radio-S100-1 ;BXP_9  ;RRU449944B144B3C           ; C  ;11  ;28.9 (44.6) ;1.11 (25.4) ;-96.6    ;4/-       ;SE=100 AG=100 FDD=CZ6BM1 FDD=CZ6BT1 (1:31:113, 1:41:107)
Radio-S100-1 ;BXP_9  ;RRU449944B144B3C           ; D  ;11  ;-           ;1.10 (26.1) ;-96.4    ;4/-       ;SE=100 AG=100 FDD=CZ6BM1 FDD=CZ6BT1 (1:31:113, 1:41:107)
Radio-S101-1 ;BXP_7  ;RRU449944B144B3C           ; A  ;11  ;29.3 (44.7) ;1.09 (26.9) ;-95.6    ;13/-      ;SE=101 AG=101 FDD=CZ6BM2 FDD=CZ6BT2 (1:32:388, 1:42:94)
Radio-S101-1 ;BXP_7  ;RRU449944B144B3C           ; B  ;11  ;8.9 (39.5)  ;1.24 (19.3) ;-95.4    ;13/-      ;SE=101 AG=101 FDD=CZ6BM2 FDD=CZ6BT2 (1:32:388, 1:42:94)
Radio-S101-1 ;BXP_7  ;RRU449944B144B3C           ; C  ;11  ;21.2 (43.3) ;1.12 (24.8) ;-95.3    ;13/-      ;SE=101 AG=101 FDD=CZ6BM2 FDD=CZ6BT2 (1:32:388, 1:42:94)
Radio-S101-1 ;BXP_7  ;RRU449944B144B3C           ; D  ;11  ;6.2 (37.9)  ;1.14 (23.5) ;-95.1    ;13/-      ;SE=101 AG=101 FDD=CZ6BM2 FDD=CZ6BT2 (1:32:388, 1:42:94)
Radio-S102-1 ;BXP_3  ;RRU449944B144B3C           ; A  ;11  ;20.5 (43.1) ;1.12 (24.7) ;-93.6    ;39/-      ;SE=102 AG=102 FDD=CZ6BM3 FDD=CZ6BT3 (1:33:428, 1:43:105)
Radio-S102-1 ;BXP_3  ;RRU449944B144B3C           ; B  ;11  ;23.4 (43.7) ;1.08 (28.5) ;-93.4    ;39/-      ;SE=102 AG=102 FDD=CZ6BM3 FDD=CZ6BT3 (1:33:428, 1:43:105)
Radio-S102-1 ;BXP_3  ;RRU449944B144B3C           ; C  ;11  ;16.7 (42.2) ;1.07 (29.0) ;-93.3    ;39/-      ;SE=102 AG=102 FDD=CZ6BM3 FDD=CZ6BT3 (1:33:428, 1:43:105)
Radio-S102-1 ;BXP_3  ;RRU449944B144B3C           ; D  ;11  ;18.9 (42.8) ;1.15 (23.3) ;-93.6    ;39/-      ;SE=102 AG=102 FDD=CZ6BM3 FDD=CZ6BT3 (1:33:428, 1:43:105)
Radio-S103-1 ;BXP_2  ;RRU449944B144B3C           ; A  ;11  ;24.8 (43.9) ;1.08 (28.7) ;-91.1    ;27/-      ;SE=103 AG=103 FDD=CZ6BM4 FDD=CZ6BT4 (1:34:205, 1:44:314)
Radio-S103-1 ;BXP_2  ;RRU449944B144B3C           ; B  ;11  ;24.8 (43.9) ;1.09 (26.9) ;-92.1    ;27/-      ;SE=103 AG=103 FDD=CZ6BM4 FDD=CZ6BT4 (1:34:205, 1:44:314)
Radio-S103-1 ;BXP_2  ;RRU449944B144B3C           ; C  ;11  ;18.7 (42.7) ;1.12 (25.0) ;-91.3    ;27/-      ;SE=103 AG=103 FDD=CZ6BM4 FDD=CZ6BT4 (1:34:205, 1:44:314)
Radio-S103-1 ;BXP_2  ;RRU449944B144B3C           ; D  ;11  ;20.6 (43.1) ;1.17 (22.1) ;-92.7    ;27/-      ;SE=103 AG=103 FDD=CZ6BM4 FDD=CZ6BT4 (1:34:205, 1:44:314)
Radio-S220-1 ;BXP_4  ;RRU247924B824B2024B28BM01* ; A  ;11  ;20.5 (43.1) ;1.27 (18.6) ;-93.0    ;0/1       ;SE=220* AG=220 FDD=CZ6BJ1 NRC=CZ6BG1 (1:71:348, 1:561:542)
Radio-S220-1 ;BXP_4  ;RRU247924B824B2024B28BM01* ; B  ;11  ;11.4 (40.6) ;1.11 (25.9) ;-94.4    ;0/1       ;SE=220* AG=220 FDD=CZ6BJ1 NRC=CZ6BG1 (1:71:348, 1:561:542)
Radio-S220-1 ;BXP_4  ;RRU247924B824B2024B28BM01* ; C  ;11  ;7.4 (38.7)  ;1.19 (21.4) ;-93.2    ;0/1       ;SE=220* AG=220 FDD=CZ6BJ1 NRC=CZ6BG1 (1:71:348, 1:561:542)
Radio-S220-1 ;BXP_4  ;RRU247924B824B2024B28BM01* ; D  ;11  ;7.4 (38.7)  ;1.19 (21.4) ;-95.1    ;0/1       ;SE=220* AG=220 FDD=CZ6BJ1 NRC=CZ6BG1 (1:71:348, 1:561:542)
Radio-S221-1 ;BXP_8  ;RRU247924B824B2024B28BM01* ; A  ;11  ;18.8 (42.7) ;1.32 (17.2) ;-95.6    ;0/2       ;SE=221* AG=221 FDD=CZ6BJ2 NRC=CZ6BG2 (1:72:162, 1:562:649)
Radio-S221-1 ;BXP_8  ;RRU247924B824B2024B28BM01* ; B  ;11  ;9.6 (39.8)  ;1.10 (26.3) ;-96.1    ;0/2       ;SE=221* AG=221 FDD=CZ6BJ2 NRC=CZ6BG2 (1:72:162, 1:562:649)
Radio-S221-1 ;BXP_8  ;RRU247924B824B2024B28BM01* ; C  ;11  ;7.6 (38.8)  ;1.06 (30.2) ;-96.1    ;0/2       ;SE=221* AG=221 FDD=CZ6BJ2 NRC=CZ6BG2 (1:72:162, 1:562:649)
Radio-S221-1 ;BXP_8  ;RRU247924B824B2024B28BM01* ; D  ;11  ;7.6 (38.8)  ;1.14 (23.9) ;-95.6    ;0/2       ;SE=221* AG=221 FDD=CZ6BJ2 NRC=CZ6BG2 (1:72:162, 1:562:649)
Radio-S222-1 ;BXP_6  ;RRU247924B824B2024B28BM01* ; A  ;11  ;16.6 (42.2) ;1.31 (17.4) ;-89.7    ;0/5       ;SE=222* AG=222 FDD=CZ6BJ3 NRC=CZ6BG3 (1:73:321, 1:563:602)
Radio-S222-1 ;BXP_6  ;RRU247924B824B2024B28BM01* ; B  ;11  ;6.7 (38.2)  ;1.04 (34.4) ;-90.6    ;0/5       ;SE=222* AG=222 FDD=CZ6BJ3 NRC=CZ6BG3 (1:73:321, 1:563:602)
Radio-S222-1 ;BXP_6  ;RRU247924B824B2024B28BM01* ; C  ;11  ;10.2 (40.1) ;1.17 (22.1) ;-91.3    ;0/5       ;SE=222* AG=222 FDD=CZ6BJ3 NRC=CZ6BG3 (1:73:321, 1:563:602)
Radio-S222-1 ;BXP_6  ;RRU247924B824B2024B28BM01* ; D  ;11  ;10.0 (40.0) ;1.22 (20.1) ;-90.5    ;0/5       ;SE=222* AG=222 FDD=CZ6BJ3 NRC=CZ6BG3 (1:73:321, 1:563:602)
Radio-S223-1 ;BXP_5  ;RRU247924B824B2024B28BM01* ; A  ;11  ;21.2 (43.3) ;1.17 (22.1) ;-83.9    ;2/9       ;SE=223* AG=223 FDD=CZ6BJ4 NRC=CZ6BG4 (1:74:189, 1:564:611)
Radio-S223-1 ;BXP_5  ;RRU247924B824B2024B28BM01* ; B  ;11  ;10.3 (40.1) ;1.11 (25.3) ;-85.4    ;2/9       ;SE=223* AG=223 FDD=CZ6BJ4 NRC=CZ6BG4 (1:74:189, 1:564:611)
Radio-S223-1 ;BXP_5  ;RRU247924B824B2024B28BM01* ; C  ;11  ;9.5 (39.8)  ;1.18 (21.7) ;-82.5    ;2/9       ;SE=223* AG=223 FDD=CZ6BJ4 NRC=CZ6BG4 (1:74:189, 1:564:611)
Radio-S223-1 ;BXP_5  ;RRU247924B824B2024B28BM01* ; D  ;11  ;10.0 (40.0) ;1.15 (23.1) ;-83.8    ;2/9       ;SE=223* AG=223 FDD=CZ6BJ4 NRC=CZ6BG4 (1:74:189, 1:564:611)
-------------------------------------------------------------------------------------------------------------------------------------

CZ6BT> mfar

251125-11:29:47+0100 19.31.16.185 25.0h MSRBS_NODE_MODEL_25.Q1_693.28324.131_62ac stopfile=/tmp/2123486
...........
Last MO: 21499. Loaded 21499 MOs. Total: 21500 MOs.
....................................................
get /rop/A20251125.0845-0900_CZ6BT.xml.gz /ericsson/log/amos/moshell_logfiles/t20251125_37258710_65084/logs_moshell/pmfiles/19.31.16.185/rop/A20251125.0845-0900_CZ6BT.xml.gz ... OK
get /rop/A20251125.0900-0915_CZ6BT.xml.gz /ericsson/log/amos/moshell_logfiles/t20251125_37258710_65084/logs_moshell/pmfiles/19.31.16.185/rop/A20251125.0900-0915_CZ6BT.xml.gz ... OK
get /rop/A20251125.0915-0930_CZ6BT.xml.gz /ericsson/log/amos/moshell_logfiles/t20251125_37258710_65084/logs_moshell/pmfiles/19.31.16.185/rop/A20251125.0915-0930_CZ6BT.xml.gz ... OK

Using hardcoded thresholds: 3, 4.5, and 16.5
================================================================================================================================
SC     SE  Tx/Rx BrPair  RfPort1 - RfPort2               HW       Serial      Cell (State)   Samples   Med  Mean  SDev Pol Res Issue
================================================================================================================================
CZ6BJ1 220   2/4 0 (1,2) Radio-S220-1(A) Radio-S220-1(B) RRU2479  TU8U028MTP  FDD=CZ6BJ1 (1)    2344  -1.5  -1.3   6.7  NA  NT Not enough data
CZ6BJ1 220   2/4 1 (2,3) Radio-S220-1(B) Radio-S220-1(C) RRU2479  TU8U028MTP  FDD=CZ6BJ1 (1)    2344   2.5   1.6   6.6  NA  NT Not enough data
CZ6BJ1 220   2/4 2 (3,4) Radio-S220-1(C) Radio-S220-1(D) RRU2479  TU8U028MTP  FDD=CZ6BJ1 (1)    2344  -1.5  -1.3   6.6  NA  NT Not enough data
CZ6BJ2 221   2/4 0 (1,2) Radio-S221-1(A) Radio-S221-1(B) RRU2479  TU8U028NHD  FDD=CZ6BJ2 (1)    1576  -0.5  -0.4   5.8  NA  NT Not enough data
CZ6BJ2 221   2/4 1 (2,3) Radio-S221-1(B) Radio-S221-1(C) RRU2479  TU8U028NHD  FDD=CZ6BJ2 (1)    1576   0.5   0.5   5.5  NA  NT Not enough data
CZ6BJ2 221   2/4 2 (3,4) Radio-S221-1(C) Radio-S221-1(D) RRU2479  TU8U028NHD  FDD=CZ6BJ2 (1)    1576  -1.5  -1.4   5.5  NA  NT Not enough data
CZ6BJ3 222   2/4 0 (1,2) Radio-S222-1(A) Radio-S222-1(B) RRU2479  TU8U028PLW  FDD=CZ6BJ3 (1)   10485   0.5   0.7   6.5  NA  OK Passed
CZ6BJ3 222   2/4 1 (2,3) Radio-S222-1(B) Radio-S222-1(C) RRU2479  TU8U028PLW  FDD=CZ6BJ3 (1)   10485  -1.5  -0.4   7.1  NA  OK Passed
CZ6BJ3 222   2/4 2 (3,4) Radio-S222-1(C) Radio-S222-1(D) RRU2479  TU8U028PLW  FDD=CZ6BJ3 (1)   10485   0.5  -0.1   6.1  NA  OK Passed
CZ6BJ4 223   2/4 0 (1,2) Radio-S223-1(A) Radio-S223-1(B) RRU2479  TU8U028PM0  FDD=CZ6BJ4 (1)   10721   6.5   6.2   7.3  NA NOK RF Loss or PIM at Radio-S223-1(A)
CZ6BJ4 223   2/4 1 (2,3) Radio-S223-1(B) Radio-S223-1(C) RRU2479  TU8U028PM0  FDD=CZ6BJ4 (1)   10721  -6.5  -7.3   8.8  NA NOK RF Loss or PIM at Radio-S223-1(C)
CZ6BJ4 223   2/4 2 (3,4) Radio-S223-1(C) Radio-S223-1(D) RRU2479  TU8U028PM0  FDD=CZ6BJ4 (1)   10721   6.5   6.7   8.0  NA NOK RF Loss or PIM at Radio-S223-1(C)
CZ6BM1 100   4/4 0 (1,2) Radio-S100-1(A) Radio-S100-1(B) RRU4499  E23E408522  FDD=CZ6BM1 (1)    2207  -5.5  -4.6   7.1   ?  NT Not enough data
CZ6BM1 100   4/4 1 (2,3) Radio-S100-1(B) Radio-S100-1(C) RRU4499  E23E408522  FDD=CZ6BM1 (1)    2207   4.5   3.9   6.8   ?  NT Not enough data
CZ6BM1 100   4/4 2 (3,4) Radio-S100-1(C) Radio-S100-1(D) RRU4499  E23E408522  FDD=CZ6BM1 (1)    2207  -4.5  -4.3   7.4   ?  NT Not enough data
CZ6BM2 101   4/4 0 (1,2) Radio-S101-1(A) Radio-S101-1(B) RRU4499  E23E408575  FDD=CZ6BM2 (1)    7783   0.5   0.7   7.0   S  OK Passed
CZ6BM2 101   4/4 1 (2,3) Radio-S101-1(B) Radio-S101-1(C) RRU4499  E23E408575  FDD=CZ6BM2 (1)    7783  -1.5  -1.1   6.8   S  OK Passed
CZ6BM2 101   4/4 2 (3,4) Radio-S101-1(C) Radio-S101-1(D) RRU4499  E23E408575  FDD=CZ6BM2 (1)    7783   1.5   1.3   6.8   S  OK Passed
CZ6BM3 102   4/4 0 (1,2) Radio-S102-1(A) Radio-S102-1(B) RRU4499  E23E408571  FDD=CZ6BM3 (1)   12829  -0.5  -0.5   6.5   S  OK Passed
CZ6BM3 102   4/4 1 (2,3) Radio-S102-1(B) Radio-S102-1(C) RRU4499  E23E408571  FDD=CZ6BM3 (1)   12829   0.5   0.7   6.7   S  OK Passed
CZ6BM3 102   4/4 2 (3,4) Radio-S102-1(C) Radio-S102-1(D) RRU4499  E23E408571  FDD=CZ6BM3 (1)   12829  -0.5  -0.4   6.5   S  OK Passed
CZ6BM4 103   4/4 0 (1,2) Radio-S103-1(A) Radio-S103-1(B) RRU4499  E23E408573  FDD=CZ6BM4 (1)   36971   2.5   1.5   7.1   S  OK Passed
CZ6BM4 103   4/4 1 (2,3) Radio-S103-1(B) Radio-S103-1(C) RRU4499  E23E408573  FDD=CZ6BM4 (1)   36971  -2.5  -1.6   6.9   S  OK Passed
CZ6BM4 103   4/4 2 (3,4) Radio-S103-1(C) Radio-S103-1(D) RRU4499  E23E408573  FDD=CZ6BM4 (1)   36971   2.5   1.6   6.9   S  OK Passed
CZ6BT1 100   4/4 0 (1,2) Radio-S100-1(A) Radio-S100-1(B) RRU4499  E23E408522  FDD=CZ6BT1 (1)   30804  -8.5  -8.7   7.0   ? NOK RF Loss or PIM at Radio-S100-1(B)
CZ6BT1 100   4/4 1 (2,3) Radio-S100-1(B) Radio-S100-1(C) RRU4499  E23E408522  FDD=CZ6BT1 (1)   30804   9.5   9.6   7.1   ? NOK RF Loss or PIM at Radio-S100-1(B)
CZ6BT1 100   4/4 2 (3,4) Radio-S100-1(C) Radio-S100-1(D) RRU4499  E23E408522  FDD=CZ6BT1 (1)   30804  -8.5  -8.3   6.7   ? NOK RF Loss or PIM at Radio-S100-1(D)
CZ6BT2 101   4/4 0 (1,2) Radio-S101-1(A) Radio-S101-1(B) RRU4499  E23E408575  FDD=CZ6BT2 (1)  132084   1.5   1.0   6.3   S  OK Passed
CZ6BT2 101   4/4 1 (2,3) Radio-S101-1(B) Radio-S101-1(C) RRU4499  E23E408575  FDD=CZ6BT2 (1)  132084  -0.5  -0.7   6.2   S  OK Passed
CZ6BT2 101   4/4 2 (3,4) Radio-S101-1(C) Radio-S101-1(D) RRU4499  E23E408575  FDD=CZ6BT2 (1)  132084   1.5   0.8   6.4   S  OK Passed
CZ6BT3 102   4/4 0 (1,2) Radio-S102-1(A) Radio-S102-1(B) RRU4499  E23E408571  FDD=CZ6BT3 (1)  219079   1.5   1.1   7.3   S  OK Passed
CZ6BT3 102   4/4 1 (2,3) Radio-S102-1(B) Radio-S102-1(C) RRU4499  E23E408571  FDD=CZ6BT3 (1)  219079  -1.5  -1.1   7.4   S  OK Passed
CZ6BT3 102   4/4 2 (3,4) Radio-S102-1(C) Radio-S102-1(D) RRU4499  E23E408571  FDD=CZ6BT3 (1)  219079   1.5   1.3   7.3   S  OK Passed
CZ6BT4 103   4/4 0 (1,2) Radio-S103-1(A) Radio-S103-1(B) RRU4499  E23E408573  FDD=CZ6BT4 (1)  185797  -0.5  -0.1   6.7   S  OK Passed
CZ6BT4 103   4/4 1 (2,3) Radio-S103-1(B) Radio-S103-1(C) RRU4499  E23E408573  FDD=CZ6BT4 (1)  185797   0.5   0.1   6.7   S  OK Passed
CZ6BT4 103   4/4 2 (3,4) Radio-S103-1(C) Radio-S103-1(D) RRU4499  E23E408573  FDD=CZ6BT4 (1)  185797  -0.5  -0.3   6.9   S  OK Passed
================================================================================================================================
Total: 12 SectorCarriers, 36 RfBranch Pairs (21 OK, 0 OKW, 6 NOK, 9 NT)
.............
Last MO: 21499. Loaded 21499 MOs. Total: 21500 MOs.
....................................
get /rop/A20251125.1015-1030_CZ6BT.xml.gz /ericsson/log/amos/moshell_logfiles/t20251125_37258710_65084/logs_moshell/pmfiles/19.31.16.185/rop/A20251125.1015-1030_CZ6BT.xml.gz ... OK

Using hardcoded thresholds: 3, 4.5, and 16.5
================================================================================================================================
SC     SE  Tx/Rx BrPair  RfPort1 - RfPort2               HW       Serial      Cell (State)  Samples   Med  Mean  SDev Pol Res Issue
================================================================================================================================
CZ6BG1 220   2/4 0 (1,2) Radio-S220-1(A) Radio-S220-1(B) RRU2479  TU8U028MTP  DU=CZ6BG1 (1)   11349  -0.5  -0.1   7.2  NA  OK Passed
CZ6BG1 220   2/4 1 (2,3) Radio-S220-1(B) Radio-S220-1(C) RRU2479  TU8U028MTP  DU=CZ6BG1 (1)   11347  -0.5  -0.9   7.2  NA  OK Passed
CZ6BG1 220   2/4 2 (3,4) Radio-S220-1(C) Radio-S220-1(D) RRU2479  TU8U028MTP  DU=CZ6BG1 (1)   11347   1.5   1.2   7.2  NA  OK Passed
CZ6BG2 221   2/4 0 (1,2) Radio-S221-1(A) Radio-S221-1(B) RRU2479  TU8U028NHD  DU=CZ6BG2 (1)  144779   0.5  -0.4   8.3  NA  OK Passed
CZ6BG2 221   2/4 1 (2,3) Radio-S221-1(B) Radio-S221-1(C) RRU2479  TU8U028NHD  DU=CZ6BG2 (1)  144778  -0.5   0.5   8.5  NA  OK Passed
CZ6BG2 221   2/4 2 (3,4) Radio-S221-1(C) Radio-S221-1(D) RRU2479  TU8U028NHD  DU=CZ6BG2 (1)  144783  -0.5  -1.7   9.4  NA  OK Passed
CZ6BG3 222   2/4 0 (1,2) Radio-S222-1(A) Radio-S222-1(B) RRU2479  TU8U028PLW  DU=CZ6BG3 (1)  678592   0.5   0.5   5.2  NA  OK Passed
CZ6BG3 222   2/4 1 (2,3) Radio-S222-1(B) Radio-S222-1(C) RRU2479  TU8U028PLW  DU=CZ6BG3 (1)  678596   3.5   2.5   5.6  NA  OK Passed
CZ6BG3 222   2/4 2 (3,4) Radio-S222-1(C) Radio-S222-1(D) RRU2479  TU8U028PLW  DU=CZ6BG3 (1)  678595  -1.5  -0.7   5.4  NA  OK Passed
CZ6BG4 223   2/4 0 (1,2) Radio-S223-1(A) Radio-S223-1(B) RRU2479  TU8U028PM0  DU=CZ6BG4 (1)  247643   1.5   1.6   8.2  NA  OK Passed
CZ6BG4 223   2/4 1 (2,3) Radio-S223-1(B) Radio-S223-1(C) RRU2479  TU8U028PM0  DU=CZ6BG4 (1)  247601  -2.5  -2.8   8.7  NA  OK Passed
CZ6BG4 223   2/4 2 (3,4) Radio-S223-1(C) Radio-S223-1(D) RRU2479  TU8U028PM0  DU=CZ6BG4 (1)  247606   1.5   2.4   8.3  NA  OK Passed
================================================================================================================================
Total: 4 NRSectorCarriers, 12 RfBranch Pairs (12 OK, 0 OKW, 0 NOK, 0 NT)

CZ6BT> mfitr

251125-11:30:21+0100 19.31.16.185 25.0h MSRBS_NODE_MODEL_25.Q1_693.28324.131_62ac stopfile=/tmp/2123486
........................
Last MO: 21499. Loaded 21499 MOs. Total: 21500 MOs.
..................
2025-11-25 11:31
================================================================================================================================
CELL       SC     FRU          BOARD                     PUSCH  PUCCH       A      B      C      D  DELTA
================================================================================================================================
FDD=CZ6BJ1 CZ6BJ1 Radio-S220-1 RRU247924B824B2024B28BM01 -109.5 -119.6 -110.6 -112.9 -110.2 -114.1    3.9
FDD=CZ6BJ2 CZ6BJ2 Radio-S221-1 RRU247924B824B2024B28BM01 -110.7 -119.1 -108.6 -109.7 -109.7 -109.6    1.1
FDD=CZ6BJ3 CZ6BJ3 Radio-S222-1 RRU247924B824B2024B28BM01 -110.6 -119.9 -108.8 -108.4 -108.6 -109.0    0.6
FDD=CZ6BJ4 CZ6BJ4 Radio-S223-1 RRU247924B824B2024B28BM01 -99.4  -119.5 -101.3 -102.6  -99.6 -101.0      3
FDD=CZ6BM1 CZ6BM1 Radio-S100-1 RRU449944B144B3C          -119.5 -119.5 -119.9 -119.7 -119.8 -119.7    0.2
FDD=CZ6BM2 CZ6BM2 Radio-S101-1 RRU449944B144B3C          -113.8 -118.1 -113.1 -112.1 -113.0 -111.8    1.3
FDD=CZ6BM3 CZ6BM3 Radio-S102-1 RRU449944B144B3C          -119.5 -119.6 -114.2 -114.3 -113.8 -113.7    0.6
FDD=CZ6BM4 CZ6BM4 Radio-S103-1 RRU449944B144B3C          -118.5 -119.1 -116.0 -115.7 -116.2 -115.8    0.5
FDD=CZ6BT1 CZ6BT1 Radio-S100-1 RRU449944B144B3C          -119.3 -118.3 -119.5 -119.5 -119.3 -118.9    0.6
FDD=CZ6BT2 CZ6BT2 Radio-S101-1 RRU449944B144B3C          -117.5 -117.1 -114.1 -114.8 -113.9 -114.7    0.9
FDD=CZ6BT3 CZ6BT3 Radio-S102-1 RRU449944B144B3C          -118.7 -117.0 -114.7 -116.1 -113.7 -115.7    2.4
FDD=CZ6BT4 CZ6BT4 Radio-S103-1 RRU449944B144B3C          -113.1 -115.4 -114.9 -114.3 -114.9 -115.0    0.7
================================================================================================================================
Bye...
Output has been logged to file /mta_fs/UserFiles/37258710/amosbatch/SDIR/CZ6BT.log
