Logging to file /mta_fs/UserFiles/37258710/amosbatch/SDIR/CZ73E.log
                        __  __  ____   _____
                  /\   |  \/  |/ __ \ / ____|
                 /  \  | \  / | |  | | (___  
                / /\ \ | |\/| | |  | |\___ \ 
               / ____ \| |  | | |__| |____) |
              /_/    \_\_|  |_|\____/|_____/
              OSS Framework for MoShell-25.0h 
  Copyright (c) Ericsson AB 2001-2025 - All Rights Reserved
              
           
[1;31mWARNING: [0mthe AMOS version currently running is more than 29 weeks old and is unsupported.
Please upgrade as soon as possible to the latest released version, available from your local Ericsson support.

$amosrb_pid = 3348319

Checking ip contact...OK

HELP MENU            : h
BASIC MO COMMANDS    : m
OTHER MO COMMANDS    : n
OTHER COMMANDS       : o
PM COMMANDS          : p
QUIT                 : q

CZ73E> lt all

251125-17:42:59+0100 19.31.9.250 25.0h  stopfile=/tmp/3348214
Looking up temporary_amos account... OK.
Trying temporary_amos_t20251125_37258710_65084_131's password from amos lookupAccount ... OK

$ssh_pid = 3348813

Connected to 19.31.9.250 (SubNetwork=BBMM_rckomc_R,MeContext=CZ73E,ManagedElement=CZ73E)

Checking MOM version...MSRBS_NODE_MODEL_25.Q1_198665.224.73_bf81
Parsing MOM (cached): /ericsson/log/amos/moshell_logfiles/t20251125_37258710_65084/logs_moshell/tempfiles/scp-4-amos_20251125-174252_3348158/MSRBS_NODE_MODEL_25.Q1_198665.224.73_bf81.xml.cache.gz ......................................................................................................................................................................................................................Done.
Using paramfile /opt/ericsson/amos/moshell/commonjars/pm/PARAM_MSRBSG2_25.Q1.txt
Parsing file /opt/ericsson/amos/moshell/commonjars/pm/PARAM_MSRBSG2_25.Q1.txt ......................................................................................Done.
Using imomdfile /opt/ericsson/amos/moshell/commonjars/pm/IMOMD_MSRBS_22.Q4.txt
Using imomfile /opt/ericsson/amos/moshell/commonjars/pm/IMOM_MSRBS_25.Q1.txt
Connected to 19.31.9.250 (SubNetwork=BBMM_rckomc_R,MeContext=CZ73E,ManagedElement=CZ73E)

Last MO: 18886. Loaded 18886 MOs. Total: 18887 MOs.

CZ73E> st cell

251125-17:43:19+0100 19.31.9.250 25.0h MSRBS_NODE_MODEL_25.Q1_198665.224.73_bf81 stopfile=/tmp/3348214
===================================================================================
Proxy  Adm State     Op. State     MO
===================================================================================
   43  1 (UNLOCKED)  1 (ENABLED)   ENodeBFunction=1,EUtranCellFDD=CZ73E1
  206  1 (UNLOCKED)  1 (ENABLED)   ENodeBFunction=1,EUtranCellFDD=CZ73E2
  339  1 (UNLOCKED)  1 (ENABLED)   ENodeBFunction=1,EUtranCellFDD=CZ73E3
  475  1 (UNLOCKED)  1 (ENABLED)   ENodeBFunction=1,EUtranCellFDD=CZ73E4
  584  1 (UNLOCKED)  1 (ENABLED)   ENodeBFunction=1,EUtranCellFDD=CZ73M1
  717  1 (UNLOCKED)  1 (ENABLED)   ENodeBFunction=1,EUtranCellFDD=CZ73M2
  877  1 (UNLOCKED)  1 (ENABLED)   ENodeBFunction=1,EUtranCellFDD=CZ73M3
  974  1 (UNLOCKED)  1 (ENABLED)   ENodeBFunction=1,EUtranCellFDD=CZ73M4
 1093  1 (UNLOCKED)  1 (ENABLED)   ENodeBFunction=1,EUtranCellFDD=CZ73T1
 1243  1 (UNLOCKED)  1 (ENABLED)   ENodeBFunction=1,EUtranCellFDD=CZ73T2
 1402  1 (UNLOCKED)  1 (ENABLED)   ENodeBFunction=1,EUtranCellFDD=CZ73T3
 1509  1 (UNLOCKED)  1 (ENABLED)   ENodeBFunction=1,EUtranCellFDD=CZ73T4
 2203  1 (UNLOCKED)  1 (ENABLED)   ENodeBFunction=1,NbIotCell=CZ73N1
 2204  1 (UNLOCKED)  1 (ENABLED)   ENodeBFunction=1,NbIotCell=CZ73N2
 2205  1 (UNLOCKED)  1 (ENABLED)   ENodeBFunction=1,NbIotCell=CZ73N3
 2206  1 (UNLOCKED)  1 (ENABLED)   ENodeBFunction=1,NbIotCell=CZ73N4
===================================================================================
Total: 16 MOs

CZ73E> st radio

251125-17:43:20+0100 19.31.9.250 25.0h MSRBS_NODE_MODEL_25.Q1_198665.224.73_bf81 stopfile=/tmp/3348214
===================================================================================
Proxy  Adm State     Op. State     MO
===================================================================================
 3246  1 (UNLOCKED)  1 (ENABLED)   Equipment=1,FieldReplaceableUnit=Radio-S100-1
 3269  1 (UNLOCKED)  1 (ENABLED)   Equipment=1,FieldReplaceableUnit=Radio-S102-1
 3292  1 (UNLOCKED)  1 (ENABLED)   Equipment=1,FieldReplaceableUnit=Radio-S210-1
 3309  1 (UNLOCKED)  1 (ENABLED)   Equipment=1,FieldReplaceableUnit=Radio-S211-1
 3326  1 (UNLOCKED)  1 (ENABLED)   Equipment=1,FieldReplaceableUnit=Radio-S212-1
 3343  1 (UNLOCKED)  1 (ENABLED)   Equipment=1,FieldReplaceableUnit=Radio-S213-1
18878  1 (UNLOCKED)  1 (ENABLED)   Transport=1,Synchronization=1,RadioEquipmentClock=1,RadioEquipmentClockReference=NTP1
18879  1 (UNLOCKED)  1 (ENABLED)   Transport=1,Synchronization=1,RadioEquipmentClock=1,RadioEquipmentClockReference=PTP
===================================================================================
Total: 8 MOs

CZ73E> sdir

251125-17:43:20+0100 19.31.9.250 25.0h MSRBS_NODE_MODEL_25.Q1_198665.224.73_bf81 stopfile=/tmp/3348214
INFO: Using amos lookupAccount credentials for the export login
.....................
get /rop/A20251125.1545-1600_CZ73E.xml.gz /ericsson/log/amos/moshell_logfiles/t20251125_37258710_65084/logs_moshell/pmfiles/19.31.9.250/rop/A20251125.1545-1600_CZ73E.xml.gz ... OK
get /rop/A20251125.1600-1615_CZ73E.xml.gz /ericsson/log/amos/moshell_logfiles/t20251125_37258710_65084/logs_moshell/pmfiles/19.31.9.250/rop/A20251125.1600-1615_CZ73E.xml.gz ... OK
get /rop/A20251125.1615-1630_CZ73E.xml.gz /ericsson/log/amos/moshell_logfiles/t20251125_37258710_65084/logs_moshell/pmfiles/19.31.9.250/rop/A20251125.1615-1630_CZ73E.xml.gz ... OK
....Checking available boards on node...

Collecting RCS board data ...
.....................................................................................
..............................
.................................................................................................................................................................................................................................................................................................................................................................................................
............
Collecting TN data...
.......................................................................................................................................................................
Getting MO data from node (79 MOs). Please wait...
0%                                             ~50%                                           ~100%
.....................................................................................................................................
Collecting RF data...
....
Collecting Alarms...
Executing action Log.export()
...
Log=AlarmLog                    actionId=8867
............
Executing action LogM.exportAvailabilityLog()
..LogM=1,exportAvailabilityLog    actionId=8868
............Parsing alarmLog..........Done.
Parsing availabilityLog........Done.
............

Total: 6 CPRI links (6 OK, 0 OKW, 0 NOK, 0 NT)
.
+--------+                      +--------------------+
|        | A        O101     D1 |    Radio-S210-1    |
|        |-----------1----------| RRU227922B822B20C* |
|        |         OK-22m       |       BXP_2        |
|        |                      +--------------------+
|        |                                     |A  |B
|        |                  SE=210* AG=210 FDD=CZ73E1
|        |                                NIOT=CZ73N1
|        |
|        |                      +--------------------+
|        | B        O101     D1 |    Radio-S211-1    |
|        |-----------2----------| RRU227922B822B20C* |
|        |         OK-21m       |       BXP_3        |
|        |                      +--------------------+
|        |                                     |A  |B
|        |                  SE=211* AG=211 FDD=CZ73E2
|        |                                NIOT=CZ73N2
|        |
|        |                      +--------------------+
|        | C        O101     D1 |    Radio-S212-1    |
|        |-----------3----------| RRU227922B822B20C* |
|        |         OK-20m       |       BXP_4        |
|        |                      +--------------------+
|        |                                     |A  |B
|        |                  SE=212* AG=212 FDD=CZ73E3
|        |                                NIOT=CZ73N3
|        |
|        |                      +------------------+
|        | D        O101     D2 |   Radio-S100-1   |
|  BB-1  |-----------4----------| RRU449944B144B3C |
| BB6630 |         OK-73m       |      BXP_6       |
| 000100 |                      +------------------+
|        |                           |A  |B  |C  |D
|        |                    SE=100 AG=100  |   |
|        |            FDD=CZ73M1 FDD=CZ73T1  |   |
|        |                            SE=101 AG=101
|        |                    FDD=CZ73M2 FDD=CZ73T2
|        |
|        |                      +------------------+
|        | E        O101     D2 |   Radio-S102-1   |
|        |-----------5----------| RRU449944B144B3C |
|        |         OK-72m       |      BXP_7       |
|        |                      +------------------+
|        |                           |A  |B  |C  |D
|        |                    SE=102 AG=102  |   |
|        |            FDD=CZ73M3 FDD=CZ73T3  |   |
|        |                            SE=103 AG=103
|        |                    FDD=CZ73M4 FDD=CZ73T4
|        |
|        |                      +--------------------+
|        | F        O101     D1 |    Radio-S213-1    |
|        |-----------6----------| RRU227922B822B20C* |
|        |         OK-22m       |       BXP_5        |
|        |                      +--------------------+
|        |                                     |A  |B
|        |                  SE=213* AG=213 FDD=CZ73E4
+--------+                                NIOT=CZ73N4

=====================================================================================================================================
ID RiL    Type Res MO1-MO2                  BOARD1-BOARD2             AlmIDs Cells (States)                                        Issue (Failed checks)
=====================================================================================================================================
 1 S210-1 O101 OK  BB-1(A) Radio-S210-1(D1) BB6630 RRU227922B822B20C*        FDD=CZ73E1 NIOT=CZ73N1 (1,1)                          Passed
 2 S211-1 O101 OK  BB-1(B) Radio-S211-1(D1) BB6630 RRU227922B822B20C*        FDD=CZ73E2 NIOT=CZ73N2 (1,1)                          Passed
 3 S212-1 O101 OK  BB-1(C) Radio-S212-1(D1) BB6630 RRU227922B822B20C*        FDD=CZ73E3 NIOT=CZ73N3 (1,1)                          Passed
 4 S100-1 O101 OK  BB-1(D) Radio-S100-1(D2) BB6630 RRU449944B144B3C          FDD=CZ73M1 FDD=CZ73M2 FDD=CZ73T1 FDD=CZ73T2 (1,1,1,1) Passed
 5 S102-1 O101 OK  BB-1(E) Radio-S102-1(D2) BB6630 RRU449944B144B3C          FDD=CZ73M3 FDD=CZ73M4 FDD=CZ73T3 FDD=CZ73T4 (1,1,1,1) Passed
 6 S213-1 O101 OK  BB-1(F) Radio-S213-1(D1) BB6630 RRU227922B822B20C*        FDD=CZ73E4 NIOT=CZ73N4 (1,1)                          Passed
-------------------------------------------------------------------------------------------------------------------------------------

Node: RadioNode L   CXP9024418/16_R8D21 (RCG123.3-3)   G2   LTE-FDD,LTE-IoT 

=====================================================================================================================================
FRU          ;LNH    ;BOARD              ;ST ;FAULT ;OPER ;MAINT ;STAT ;PRODUCTNUMBER   ;REV     ;SERIAL        ;DATE     ;PMTEMP ; TEMP ; UPT ;VOLT ;SW                   ;
=====================================================================================================================================
BB-1         ;000100 ;BB6630             ; 1 ;  OFF ;  ON ;  OFF ;  ON ;KDU137848/11    ;R3D     ;E96A00K8EB    ;20211026 ;3 (OK) ;      ; 133 ;48   ;                     ;
Radio-S100-1 ;BXP_6  ;RRU449944B144B3C   ; 1 ;  OFF ;  ON ;  OFF ; N/A ;KRC161787/1     ;R2D     ;E55D901535    ;20211005 ;4 (OK) ; 38.4 ; 133 ;52.2 ;CXP9013268%15_R101KB ; (Radio449944B144B3C)
Radio-S102-1 ;BXP_7  ;RRU449944B144B3C   ; 1 ;  OFF ;  ON ;  OFF ; N/A ;KRC161787/1     ;R2D     ;E55D901609    ;20211005 ;4 (OK) ; 32.8 ; 133 ;52.8 ;CXP9013268%15_R101KB ; (Radio449944B144B3C)
Radio-S210-1 ;BXP_2  ;RRU227922B822B20C* ; 1 ;  OFF ;  ON ;  OFF ; N/A ;KRC161864/1     ;R1D     ;TU8U012BRN    ;20210823 ;4 (OK) ; 40.0 ; 133 ;53.7 ;CXP9013268%15_R101KB ; (Radio227922B822B20C)
Radio-S211-1 ;BXP_3  ;RRU227922B822B20C* ; 1 ;  OFF ;  ON ;  OFF ; N/A ;KRC161864/1     ;R1E     ;TU8U013TSX    ;20210918 ;4 (OK) ; 53.5 ; 133 ;53.6 ;CXP9013268%15_R101KB ; (Radio227922B822B20C)
Radio-S212-1 ;BXP_4  ;RRU227922B822B20C* ; 1 ;  OFF ;  ON ;  OFF ; N/A ;KRC161864/1     ;R1D     ;TU8U012BR7    ;20210823 ;4 (OK) ; 45.5 ; 133 ;53.8 ;CXP9013268%15_R101KB ; (Radio227922B822B20C)
Radio-S213-1 ;BXP_5  ;RRU227922B822B20C* ; 1 ;  OFF ;  ON ;  OFF ; N/A ;KRC161864/1     ;R1D     ;TU8U0129D1    ;20210822 ;4 (OK) ; 42.5 ; 133 ;53.9 ;CXP9013268%15_R101KB ; (Radio227922B822B20C)
-------------------------------------------------------------------------------------------------------------------------------------

=====================================================================================================================================
XPBOARD  ;ST ;FAULT ;OPER ;PRODUCTNUMBER ;REV ;SERIAL/NAME ;DATE     ; TEMP ;MO
=====================================================================================================================================
FAN      ; 1 ;N/A   ;N/A  ;BKV106217/1   ;N/A ;N/A         ;N/A      ;      ;SupportUnit=1 (FAN  BB-1)
-------------------------------------------------------------------------------------------------------------------------------------

=====================================================================================================================================
ID ;T ;RiL    ;BPBP ;BOARD1             ;LNH1 ;PORT ;R ;LINK ;RATE  ; BER ;BOARD2             ;LNH2 ;PORT ;R ;LINK ;RATE  ; BER ;LENGTH ;MO1 - MO2
=====================================================================================================================================
 1 ;O ;S210-1 ;1111 ;BB6630             ;000100 ; 1 ;M ;Up   ;10.1G ;   0 ;RRU227922B822B20C* ;BXP_2  ; 0 ;S ;Up   ;10.1G ;   0 ;   22m ;Fru=BB-1(A) Fru=Radio-S210-1(D1)
 2 ;O ;S211-1 ;1111 ;BB6630             ;000100 ; 2 ;M ;Up   ;10.1G ;   0 ;RRU227922B822B20C* ;BXP_3  ; 0 ;S ;Up   ;10.1G ;   0 ;   21m ;Fru=BB-1(B) Fru=Radio-S211-1(D1)
 3 ;O ;S212-1 ;1111 ;BB6630             ;000100 ; 3 ;M ;Up   ;10.1G ;   0 ;RRU227922B822B20C* ;BXP_4  ; 0 ;S ;Up   ;10.1G ;   0 ;   20m ;Fru=BB-1(C) Fru=Radio-S212-1(D1)
 4 ;O ;S100-1 ;1111 ;BB6630             ;000100 ; 4 ;M ;Up   ;10.1G ;   0 ;RRU449944B144B3C   ;BXP_6  ; 1 ;S ;Up   ;10.1G ;   0 ;   73m ;Fru=BB-1(D) Fru=Radio-S100-1(D2)
 5 ;O ;S102-1 ;1111 ;BB6630             ;000100 ; 5 ;M ;Up   ;10.1G ;   0 ;RRU449944B144B3C   ;BXP_7  ; 1 ;S ;Up   ;10.1G ;   0 ;   72m ;Fru=BB-1(E) Fru=Radio-S102-1(D2)
 6 ;O ;S213-1 ;1111 ;BB6630             ;000100 ; 6 ;M ;Up   ;10.1G ;   0 ;RRU227922B822B20C* ;BXP_5  ; 0 ;S ;Up   ;10.1G ;   0 ;   22m ;Fru=BB-1(F) Fru=Radio-S213-1(D1)
-------------------------------------------------------------------------------------------------------------------------------------

=====================================================================================================================================
ID ;LINK ;RiL    ;VENDOR1  ;VENDORPROD1     ;REV1 ;SERIAL1        ;DATE1    ;ERICSSONPROD1  ;VENDOR2  ;VENDORPROD2     ;REV2 ;SERIAL2        ;DATE2    ;ERICSSONPROD2  ;TT ;WL1     ;WL2    
=====================================================================================================================================
 1 ;Up   ;S210-1 ;ERICSSON ;EOLP-1396-02-IY ;1.0  ;PM7V028365     ;20210912 ;RDH10265/2 R1A ;ERICSSON ;EOLP-1396-02-IY ;1.0  ;PM7V028309     ;20210912 ;RDH10265/2 R1A ;0  ;1310.00 ;1310.00
 2 ;Up   ;S211-1 ;ERICSSON ;EOLP-1396-02-IY ;1.0  ;PM7V028344     ;20210912 ;RDH10265/2 R1A ;ERICSSON ;EOLP-1396-02-IY ;1.0  ;PM7V028304     ;20210912 ;RDH10265/2 R1A ;0  ;1310.00 ;1310.00
 3 ;Up   ;S212-1 ;ERICSSON ;EOLP-1396-02-IY ;1.0  ;PM7V028368     ;20210912 ;RDH10265/2 R1A ;ERICSSON ;EOLP-1396-02-IY ;1.0  ;PM7V028371     ;20210912 ;RDH10265/2 R1A ;0  ;1310.00 ;1310.00
 4 ;Up   ;S100-1 ;ERICSSON ;EOLP-1396-02-IY ;1.0  ;PM7V028361     ;20210912 ;RDH10265/2 R1A ;ERICSSON ;EOLP-1396-02-IY ;1.0  ;PM7V028363     ;20210912 ;RDH10265/2 R1A ;0  ;1310.00 ;1310.00
 5 ;Up   ;S102-1 ;ERICSSON ;EOLP-1396-02-IY ;1.0  ;PM7V028324     ;20210912 ;RDH10265/2 R1A ;ERICSSON ;EOLP-1396-02-IY ;1.0  ;PM7V028343     ;20210912 ;RDH10265/2 R1A ;0  ;1310.00 ;1310.00
 6 ;Up   ;S213-1 ;ERICSSON ;EOLP-1396-02-IY ;1.0  ;PM7V028330     ;20210912 ;RDH10265/2 R1A ;ERICSSON ;EOLP-1396-02-IY ;1.0  ;PM7V028302     ;20210912 ;RDH10265/2 R1A ;0  ;1310.00 ;1310.00
-------------------------------------------------------------------------------------------------------------------------------------

=====================================================================================================================================
ID ;LINK ;RiL    ;WL1     ;TEMP1 ;TXbs1 ;TXdBm1 ;RXdBm1 ;BER1   ;WL2     ;TEMP2 ;TXbs2 ;TXdBm2 ;RXdBm2 ;BER2   ;DlLoss ;UlLoss ;LENGTH ;TT
=====================================================================================================================================
 1 ;Up   ;S210-1 ;1310.00 ;41C   ;41%   ;-3.19  ;-4.34  ;   0   ;1310.00 ;32C   ;38%   ;-2.80  ;-2.60  ;   0   ; -0.59 ;  1.54 ;   22m ; 0
 2 ;Up   ;S211-1 ;1310.00 ;41C   ;40%   ;-3.07  ;-2.75  ;   0   ;1310.00 ;43C   ;41%   ;-1.38  ;-4.08  ;   0   ;  1.01 ;  1.37 ;   21m ; 0
 3 ;Up   ;S212-1 ;1310.00 ;40C   ;40%   ;-2.37  ;-2.48  ;   0   ;1310.00 ;35C   ;39%   ;-2.43  ;-2.13  ;   0   ; -0.24 ;  0.05 ;   20m ; 0
 4 ;Up   ;S100-1 ;1310.00 ;41C   ;39%   ;-1.69  ;-2.41  ;   0   ;1310.00 ;31C   ;39%   ;-2.03  ;-1.98  ;   0   ;  0.29 ;  0.38 ;   73m ; 0
 5 ;Up   ;S102-1 ;1310.00 ;38C   ;40%   ;-3.26  ;-2.14  ;   0   ;1310.00 ;25C   ;37%   ;-2.30  ;-3.41  ;   0   ;  0.15 ; -0.16 ;   72m ; 0
 6 ;Up   ;S213-1 ;1310.00 ;38C   ;41%   ;-1.97  ;-3.41  ;   0   ;1310.00 ;36C   ;39%   ;-1.86  ;-2.90  ;   0   ;  0.93 ;  1.55 ;   22m ; 0
-------------------------------------------------------------------------------------------------------------------------------------

=====================================================================================================================================
ID ;RiL    ;BOARD              ;SFPLNH  ;PORT ;VENDOR   ;VENDORPROD      ;REV  ;SERIAL         ;DATE     ;ERICSSONPROD   ;WL      ;TEMP  ;TXbs  ;TXdBm  ;RXdBm  ; BER
=====================================================================================================================================
 1 ;S210-1 ;BB6630             ;000100   ;  1 ;ERICSSON ;EOLP-1396-02-IY ;1.0  ;PM7V028365     ;20210912 ;RDH10265/2 R1A ;1310.00 ;41C   ;41%   ;-3.19  ;-4.34  ;   0
 2 ;S211-1 ;BB6630             ;000100   ;  2 ;ERICSSON ;EOLP-1396-02-IY ;1.0  ;PM7V028344     ;20210912 ;RDH10265/2 R1A ;1310.00 ;41C   ;40%   ;-3.07  ;-2.75  ;   0
 3 ;S212-1 ;BB6630             ;000100   ;  3 ;ERICSSON ;EOLP-1396-02-IY ;1.0  ;PM7V028368     ;20210912 ;RDH10265/2 R1A ;1310.00 ;40C   ;40%   ;-2.37  ;-2.48  ;   0
 4 ;S100-1 ;BB6630             ;000100   ;  4 ;ERICSSON ;EOLP-1396-02-IY ;1.0  ;PM7V028361     ;20210912 ;RDH10265/2 R1A ;1310.00 ;41C   ;39%   ;-1.69  ;-2.41  ;   0
 5 ;S102-1 ;BB6630             ;000100   ;  5 ;ERICSSON ;EOLP-1396-02-IY ;1.0  ;PM7V028324     ;20210912 ;RDH10265/2 R1A ;1310.00 ;38C   ;40%   ;-3.26  ;-2.14  ;   0
 6 ;S213-1 ;BB6630             ;000100   ;  6 ;ERICSSON ;EOLP-1396-02-IY ;1.0  ;PM7V028330     ;20210912 ;RDH10265/2 R1A ;1310.00 ;38C   ;41%   ;-1.97  ;-3.41  ;   0
 1 ;S210-1 ;RRU227922B822B20C* ;BXP_2    ;  0 ;ERICSSON ;EOLP-1396-02-IY ;1.0  ;PM7V028309     ;20210912 ;RDH10265/2 R1A ;1310.00 ;32C   ;38%   ;-2.80  ;-2.60  ;   0
 2 ;S211-1 ;RRU227922B822B20C* ;BXP_3    ;  0 ;ERICSSON ;EOLP-1396-02-IY ;1.0  ;PM7V028304     ;20210912 ;RDH10265/2 R1A ;1310.00 ;43C   ;41%   ;-1.38  ;-4.08  ;   0
 3 ;S212-1 ;RRU227922B822B20C* ;BXP_4    ;  0 ;ERICSSON ;EOLP-1396-02-IY ;1.0  ;PM7V028371     ;20210912 ;RDH10265/2 R1A ;1310.00 ;35C   ;39%   ;-2.43  ;-2.13  ;   0
 6 ;S213-1 ;RRU227922B822B20C* ;BXP_5    ;  0 ;ERICSSON ;EOLP-1396-02-IY ;1.0  ;PM7V028302     ;20210912 ;RDH10265/2 R1A ;1310.00 ;36C   ;39%   ;-1.86  ;-2.90  ;   0
 4 ;S100-1 ;RRU449944B144B3C   ;BXP_6    ;  1 ;ERICSSON ;EOLP-1396-02-IY ;1.0  ;PM7V028363     ;20210912 ;RDH10265/2 R1A ;1310.00 ;31C   ;39%   ;-2.03  ;-1.98  ;   0
 5 ;S102-1 ;RRU449944B144B3C   ;BXP_7    ;  1 ;ERICSSON ;EOLP-1396-02-IY ;1.0  ;PM7V028343     ;20210912 ;RDH10265/2 R1A ;1310.00 ;25C   ;37%   ;-2.30  ;-3.41  ;   0
-------------------------------------------------------------------------------------------------------------------------------------
TN ;       ;BB6630             ;000100   ;  A ;WTD      ;RTXM192-406-C25 ;3.0  ;HA213300181544 ;20210817 ;RDH10247/2 R2A ;0       ;39C   ;20%   ;-5.62  ;-8.76  ;NZ/0
TN ;       ;BB6630             ;000100   ;  B ;ERICSSON ;EOLP-1396-02-IY ;1.0  ;PM7V028349     ;20210912 ;RDH10265/2 R1A ;0       ;36C   ;39%   ;-2.20  ;-13.47 ; 0/0
-------------------------------------------------------------------------------------------------------------------------------------

=====================================================================================================================================
BOARD  ;LNH    ;PORT ;T ;S ;OpMode   ;AutoNeg ;MacAddress        ;VlanIds             ;LOS ;BER
=====================================================================================================================================
BB6630 ;000100 ;TN_A ;O ;1 ;1G_FULL  ;true    ;58:45:4C:F7:33:6E ;3901,3902,3908,3910 ;0   ;NZ/0
BB6630 ;000100 ;TN_B ;O ;1 ;10G_FULL ;false   ;58:45:4C:F7:33:6F ;3901,3902           ;0   ;0/0
-------------------------------------------------------------------------------------------------------------------------------------

radioClockState : RNT_TIME_LOCKED
-------------------------------------------------------------------------------------
Prio  ;ST  ;syncRefType    ;refStatus  ;opQualLevel  ;SyncReference
-------------------------------------------------------------------------------------
  *1  ; 1  ;PTP_TIME       ;NO_FAULT   ;PRTC         ;Ptp=1,BoundaryOrdinaryClock=PTP (G_8275_1 EthernetPort=TN_A:SLAVE EthernetPort=TN_B:MASTER)
   2  ; 1  ;NTP_FREQUENCY  ;NO_FAULT   ;PRC          ;Ntp=1,NtpFrequencySync=NTP1 (10.31.0.54:32751 Router=LTE,InterfaceIPv4=1,AddressIPv4=1)
-------------------------------------------------------------------------------------
-------------------------------------------------------------------------------------
Prio  ;ST  ;assistRefStatus  ;recQualLevel  ;AssistingReference
-------------------------------------------------------------------------------------
   1  ; 1  ;NO_FAULT         ;PRC           ;Synchronization=1,SyncEthInput=SyncE (SFP_OPTICAL EthernetPort=TN_A)
-------------------------------------------------------------------------------------
nodeGroupRole   : SYNC_PROVIDER (syncNodePriority=1, selectionMode=NODE_PRIORITY)
-------------------------------------------------------------------------------------
DU  ;Port  ;sharedUnitRef (RiPortA - RiPortB)  ;remoteNodePriority  ;CandidateStatus
-------------------------------------------------------------------------------------
1   ;F     ;Fru=Radio-S213-1 (1 - 2)           ;3                   ;OK_NOT_ACTIVE
1   ;C     ;Fru=Radio-S212-1 (1 - 2)           ;3                   ;OK_NOT_ACTIVE
1   ;B     ;Fru=Radio-S211-1 (1 - 2)           ;3                   ;OK_NOT_ACTIVE
1   ;A     ;Fru=Radio-S210-1 (1 - 2)           ;3                   ;OK_NOT_ACTIVE
-------------------------------------------------------------------------------------

=====================================================================================================================================
FRU          ;LNH    ;BOARD              ;RF  ;BP  ;TX (W/dBm)  ;VSWR (RL)   ;RX (dBm) ;UEs/gUEs  ;Sector/AntennaGroup/Cells (State:CellIds:PCIs)
=====================================================================================================================================
Radio-S100-1 ;BXP_6  ;RRU449944B144B3C   ; A  ;11  ;18.5 (42.7) ;1.16 (22.5) ;-92.3    ;37/-      ;SE=100 AG=100 FDD=CZ73M1 FDD=CZ73T1 (1:31:320, 1:41:365)
Radio-S100-1 ;BXP_6  ;RRU449944B144B3C   ; B  ;11  ;19.3 (42.9) ;1.15 (22.9) ;-92.5    ;37/-      ;SE=100 AG=100 FDD=CZ73M1 FDD=CZ73T1 (1:31:320, 1:41:365)
Radio-S100-1 ;BXP_6  ;RRU449944B144B3C   ; C  ;11  ;68.6 (48.4) ;1.15 (23.2) ;-88.0    ;93/-      ;SE=101 AG=101 FDD=CZ73M2 FDD=CZ73T2 (1:32:116, 1:42:430)
Radio-S100-1 ;BXP_6  ;RRU449944B144B3C   ; D  ;11  ;68.6 (48.4) ;1.23 (19.9) ;-88.7    ;93/-      ;SE=101 AG=101 FDD=CZ73M2 FDD=CZ73T2 (1:32:116, 1:42:430)
Radio-S102-1 ;BXP_7  ;RRU449944B144B3C   ; A  ;11  ;68.6 (48.4) ;1.12 (25.2) ;-94.7    ;7/-       ;SE=102 AG=102 FDD=CZ73M3 FDD=CZ73T3 (1:33:496, 1:43:72)
Radio-S102-1 ;BXP_7  ;RRU449944B144B3C   ; B  ;11  ;-           ;1.24 (19.3) ;-95.3    ;7/-       ;SE=102 AG=102 FDD=CZ73M3 FDD=CZ73T3 (1:33:496, 1:43:72)
Radio-S102-1 ;BXP_7  ;RRU449944B144B3C   ; C  ;11  ;52.0 (47.2) ;1.14 (23.9) ;-92.5    ;17/-      ;SE=103 AG=103 FDD=CZ73M4 FDD=CZ73T4 (1:34:475, 1:44:63)
Radio-S102-1 ;BXP_7  ;RRU449944B144B3C   ; D  ;11  ;-           ;1.14 (23.9) ;-93.1    ;17/-      ;SE=103 AG=103 FDD=CZ73M4 FDD=CZ73T4 (1:34:475, 1:44:63)
Radio-S210-1 ;BXP_2  ;RRU227922B822B20C* ; A  ;11  ;30.3 (44.8) ;1.22 (20.2) ;-87.1    ;1/-       ;SE=210* AG=210 FDD=CZ73E1 NIOT=CZ73N1 (1:61:201, 1:161:201)
Radio-S210-1 ;BXP_2  ;RRU227922B822B20C* ; B  ;11  ;5.6 (37.5)  ;1.06 (31.4) ;-87.0    ;1/-       ;SE=210* AG=210 FDD=CZ73E1 NIOT=CZ73N1 (1:61:201, 1:161:201)
Radio-S211-1 ;BXP_3  ;RRU227922B822B20C* ; A  ;11  ;38.1 (45.8) ;1.11 (25.3) ;-83.4    ;7/-       ;SE=211* AG=211 FDD=CZ73E2 NIOT=CZ73N2 (1:62:97, 1:162:97)
Radio-S211-1 ;BXP_3  ;RRU227922B822B20C* ; B  ;11  ;50.6 (47.0) ;1.20 (20.9) ;-84.0    ;7/-       ;SE=211* AG=211 FDD=CZ73E2 NIOT=CZ73N2 (1:62:97, 1:162:97)
Radio-S212-1 ;BXP_4  ;RRU227922B822B20C* ; A  ;11  ;28.1 (44.5) ;1.17 (22.1) ;-84.9    ;3/-       ;SE=212* AG=212 FDD=CZ73E3 NIOT=CZ73N3 (1:63:77, 1:163:77)
Radio-S212-1 ;BXP_4  ;RRU227922B822B20C* ; B  ;11  ;39.9 (46.0) ;1.20 (20.7) ;-85.3    ;3/-       ;SE=212* AG=212 FDD=CZ73E3 NIOT=CZ73N3 (1:63:77, 1:163:77)
Radio-S213-1 ;BXP_5  ;RRU227922B822B20C* ; A  ;11  ;18.5 (42.7) ;1.11 (26.0) ;-88.1    ;0/-       ;SE=213* AG=213 FDD=CZ73E4 NIOT=CZ73N4 (1:64:124, 1:164:124)
Radio-S213-1 ;BXP_5  ;RRU227922B822B20C* ; B  ;11  ;12.9 (41.1) ;1.13 (24.0) ;-86.1    ;0/-       ;SE=213* AG=213 FDD=CZ73E4 NIOT=CZ73N4 (1:64:124, 1:164:124)
-------------------------------------------------------------------------------------------------------------------------------------

CZ73E> mfar

251125-17:46:18+0100 19.31.9.250 25.0h MSRBS_NODE_MODEL_25.Q1_198665.224.73_bf81 stopfile=/tmp/3348214
..........
Last MO: 18890. Loaded 18890 MOs. Total: 18891 MOs.
....................................................
get /rop/A20251125.1515-1530_CZ73E.xml.gz /ericsson/log/amos/moshell_logfiles/t20251125_37258710_65084/logs_moshell/pmfiles/19.31.9.250/rop/A20251125.1515-1530_CZ73E.xml.gz ... OK
get /rop/A20251125.1530-1545_CZ73E.xml.gz /ericsson/log/amos/moshell_logfiles/t20251125_37258710_65084/logs_moshell/pmfiles/19.31.9.250/rop/A20251125.1530-1545_CZ73E.xml.gz ... OK
get /rop/A20251125.1630-1645_CZ73E.xml.gz /ericsson/log/amos/moshell_logfiles/t20251125_37258710_65084/logs_moshell/pmfiles/19.31.9.250/rop/A20251125.1630-1645_CZ73E.xml.gz ... OK

Using hardcoded thresholds: 3, 4.5, and 16.5
================================================================================================================================
SC     SE  Tx/Rx BrPair  RfPort1 - RfPort2               HW       Serial      Cell (State)   Samples   Med  Mean  SDev Pol Res Issue
================================================================================================================================
CZ73E1 210   2/2 0 (1,2) Radio-S210-1(A) Radio-S210-1(B) RRU2279  TU8U012BRN  FDD=CZ73E1 (1)   10236  -2.5  -1.8   6.8  NA  OK Passed
CZ73E2 211   2/2 0 (1,2) Radio-S211-1(A) Radio-S211-1(B) RRU2279  TU8U013TSX  FDD=CZ73E2 (1)   74287  -0.5  -0.5   7.1  NA  OK Passed
CZ73E3 212   2/2 0 (1,2) Radio-S212-1(A) Radio-S212-1(B) RRU2279  TU8U012BR7  FDD=CZ73E3 (1)   15503  -0.5  -0.4   8.2  NA  OK Passed
CZ73E4 213   2/2 0 (1,2) Radio-S213-1(A) Radio-S213-1(B) RRU2279  TU8U0129D1  FDD=CZ73E4 (1)    2470  -0.5   0.3   6.7  NA  NT Not enough data
CZ73M1 100   2/2 0 (1,2) Radio-S100-1(A) Radio-S100-1(B) RRU4499  E55D901535  FDD=CZ73M1 (1)   33878  -0.5  -0.2   7.1  NA  OK Passed
CZ73M2 101   2/2 0 (1,2) Radio-S100-1(C) Radio-S100-1(D) RRU4499  E55D901535  FDD=CZ73M2 (1)  172101  -0.5  -0.1   7.0  NA  OK Passed
CZ73M3 102   2/2 0 (1,2) Radio-S102-1(A) Radio-S102-1(B) RRU4499  E55D901609  FDD=CZ73M3 (1)    9841  -0.5   0.2   7.4  NA  OK Passed
CZ73M4 103   2/2 0 (1,2) Radio-S102-1(C) Radio-S102-1(D) RRU4499  E55D901609  FDD=CZ73M4 (1)    8740   0.5   0.7   6.8  NA  OK Passed
CZ73T1 100   2/2 0 (1,2) Radio-S100-1(A) Radio-S100-1(B) RRU4499  E55D901535  FDD=CZ73T1 (1)  128827  -0.5  -0.7   7.0  NA  OK Passed
CZ73T2 101   2/2 0 (1,2) Radio-S100-1(C) Radio-S100-1(D) RRU4499  E55D901535  FDD=CZ73T2 (1)  197270   0.5   0.1   7.0  NA  OK Passed
CZ73T3 102   2/2 0 (1,2) Radio-S102-1(A) Radio-S102-1(B) RRU4499  E55D901609  FDD=CZ73T3 (1)   27585   1.5   1.2   5.2  NA  OK Passed
CZ73T4 103   2/2 0 (1,2) Radio-S102-1(C) Radio-S102-1(D) RRU4499  E55D901609  FDD=CZ73T4 (1)  107288   0.5  -0.2   6.9  NA  OK Passed
================================================================================================================================
Total: 12 SectorCarriers, 12 RfBranch Pairs (11 OK, 0 OKW, 0 NOK, 1 NT)
..........
Last MO: 18890. Loaded 18890 MOs. Total: 18891 MOs.

No NRSectorCarrier MOs are defined on the node.

CZ73E> mfitr

251125-17:46:38+0100 19.31.9.250 25.0h MSRBS_NODE_MODEL_25.Q1_198665.224.73_bf81 stopfile=/tmp/3348214
................
Last MO: 18890. Loaded 18890 MOs. Total: 18891 MOs.
............
2025-11-25 17:47
================================================================================================================================
CELL       SC     FRU          BOARD             PUSCH  PUCCH       A      B      C      D  DELTA
================================================================================================================================
FDD=CZ73E1 CZ73E1 Radio-S210-1 RRU227922B822B20C -105.5 -105.0 -107.2 -107.0                  0.2
FDD=CZ73E2 CZ73E2 Radio-S211-1 RRU227922B822B20C -100.4 -98.8  -101.5 -101.3                  0.2
FDD=CZ73E3 CZ73E3 Radio-S212-1 RRU227922B822B20C -101.4 -99.9  -100.4 -101.9                  1.5
FDD=CZ73E4 CZ73E4 Radio-S213-1 RRU227922B822B20C -107.1 -106.4 -107.5 -107.8                  0.3
FDD=CZ73M1 CZ73M1 Radio-S100-1 RRU449944B144B3C  -118.0 -118.4 -118.1 -118.2                  0.1
FDD=CZ73M2 CZ73M2 Radio-S100-1 RRU449944B144B3C  -114.1 -115.0               -114.4 -113.6    0.8
FDD=CZ73M3 CZ73M3 Radio-S102-1 RRU449944B144B3C  -117.3 -118.6 -111.3 -113.1                  1.8
FDD=CZ73M4 CZ73M4 Radio-S102-1 RRU449944B144B3C  -118.9 -118.8               -118.3 -118.3      0
FDD=CZ73T1 CZ73T1 Radio-S100-1 RRU449944B144B3C  -116.8 -116.8 -117.8 -118.4                  0.6
FDD=CZ73T2 CZ73T2 Radio-S100-1 RRU449944B144B3C  -112.4 -113.3               -111.9 -112.8    0.9
FDD=CZ73T3 CZ73T3 Radio-S102-1 RRU449944B144B3C  -118.1 -118.2 -118.0 -117.3                  0.7
FDD=CZ73T4 CZ73T4 Radio-S102-1 RRU449944B144B3C  -116.5 -117.4               -116.1 -115.1      1
================================================================================================================================
Bye...
Output has been logged to file /mta_fs/UserFiles/37258710/amosbatch/SDIR/CZ73E.log
