Logging to file /mta_fs/UserFiles/37258710/amosbatch/SDIR/CZA2T.log
                        __  __  ____   _____
                  /\   |  \/  |/ __ \ / ____|
                 /  \  | \  / | |  | | (___  
                / /\ \ | |\/| | |  | |\___ \ 
               / ____ \| |  | | |__| |____) |
              /_/    \_\_|  |_|\____/|_____/
              OSS Framework for MoShell-25.0h 
  Copyright (c) Ericsson AB 2001-2025 - All Rights Reserved
              
           
[1;31mWARNING: [0mthe AMOS version currently running is more than 29 weeks old and is unsupported.
Please upgrade as soon as possible to the latest released version, available from your local Ericsson support.

$amosrb_pid = 2234723

Checking ip contact...OK

HELP MENU            : h
BASIC MO COMMANDS    : m
OTHER MO COMMANDS    : n
OTHER COMMANDS       : o
PM COMMANDS          : p
QUIT                 : q

CZA2T> lt all

251125-12:01:01+0100 19.31.10.139 25.0h  stopfile=/tmp/2234638
Looking up temporary_amos account... OK.
Trying temporary_amos_t20251125_37258710_65084_131's password from amos lookupAccount ... OK

$ssh_pid = 2235897

Connected to 19.31.10.139 (SubNetwork=BBMM_rckomc_R,MeContext=CZA2T,ManagedElement=CZA2T)

Checking MOM version...MSRBS_NODE_MODEL_25.Q1_693.28324.131_62ac
Parsing MOM (cached): /ericsson/log/amos/moshell_logfiles/t20251125_37258710_65084/logs_moshell/tempfiles/scp-4-amos_20251125-120054_2234582/MSRBS_NODE_MODEL_25.Q1_693.28324.131_62ac.xml.cache.gz ..................................................................................................................................................................................................................................Done.
Using paramfile /opt/ericsson/amos/moshell/commonjars/pm/PARAM_MSRBS_25.Q1.txt
Parsing file /opt/ericsson/amos/moshell/commonjars/pm/PARAM_MSRBS_25.Q1.txt .......................................................................................Done.
Using imomdfile /opt/ericsson/amos/moshell/commonjars/pm/IMOMD_MSRBS_22.Q4.txt
Using imomfile /opt/ericsson/amos/moshell/commonjars/pm/IMOM_MSRBS_25.Q1.txt
Connected to 19.31.10.139 (SubNetwork=BBMM_rckomc_R,MeContext=CZA2T,ManagedElement=CZA2T)

Last MO: 20948. Loaded 20948 MOs. Total: 20949 MOs.

CZA2T> st cell

251125-12:01:16+0100 19.31.10.139 25.0h MSRBS_NODE_MODEL_25.Q1_693.28324.131_62ac stopfile=/tmp/2234638
===================================================================================
Proxy  Adm State     Op. State     MO
===================================================================================
   43  1 (UNLOCKED)  1 (ENABLED)   ENodeBFunction=1,EUtranCellFDD=CZA2E1
  301  1 (UNLOCKED)  1 (ENABLED)   ENodeBFunction=1,EUtranCellFDD=CZA2E2
  453  1 (UNLOCKED)  1 (ENABLED)   ENodeBFunction=1,EUtranCellFDD=CZA2E3
  672  1 (UNLOCKED)  1 (ENABLED)   ENodeBFunction=1,EUtranCellFDD=CZA2E4
  851  1 (UNLOCKED)  1 (ENABLED)   ENodeBFunction=1,EUtranCellFDD=CZA2M1
 1049  1 (UNLOCKED)  1 (ENABLED)   ENodeBFunction=1,EUtranCellFDD=CZA2M2
 1245  1 (UNLOCKED)  1 (ENABLED)   ENodeBFunction=1,EUtranCellFDD=CZA2M3
 1468  1 (UNLOCKED)  1 (ENABLED)   ENodeBFunction=1,EUtranCellFDD=CZA2M4
 1661  1 (UNLOCKED)  1 (ENABLED)   ENodeBFunction=1,EUtranCellFDD=CZA2T1
 1867  1 (UNLOCKED)  1 (ENABLED)   ENodeBFunction=1,EUtranCellFDD=CZA2T2
 2076  1 (UNLOCKED)  1 (ENABLED)   ENodeBFunction=1,EUtranCellFDD=CZA2T3
 2304  1 (UNLOCKED)  1 (ENABLED)   ENodeBFunction=1,EUtranCellFDD=CZA2T4
 3742  1 (UNLOCKED)  1 (ENABLED)   ENodeBFunction=1,NbIotCell=CZA2N1
 3743  1 (UNLOCKED)  1 (ENABLED)   ENodeBFunction=1,NbIotCell=CZA2N2
 3744  1 (UNLOCKED)  1 (ENABLED)   ENodeBFunction=1,NbIotCell=CZA2N3
 3745  1 (UNLOCKED)  1 (ENABLED)   ENodeBFunction=1,NbIotCell=CZA2N4
===================================================================================
Total: 16 MOs

CZA2T> st radio

251125-12:01:17+0100 19.31.10.139 25.0h MSRBS_NODE_MODEL_25.Q1_693.28324.131_62ac stopfile=/tmp/2234638
===================================================================================
Proxy  Adm State     Op. State     MO
===================================================================================
 4883  1 (UNLOCKED)  1 (ENABLED)   Equipment=1,FieldReplaceableUnit=Radio-S100-1
 4906  1 (UNLOCKED)  1 (ENABLED)   Equipment=1,FieldReplaceableUnit=Radio-S102-1
 4929  1 (UNLOCKED)  1 (ENABLED)   Equipment=1,FieldReplaceableUnit=Radio-S210-1
 4946  1 (UNLOCKED)  1 (ENABLED)   Equipment=1,FieldReplaceableUnit=Radio-S211-1
 4963  1 (UNLOCKED)  1 (ENABLED)   Equipment=1,FieldReplaceableUnit=Radio-S212-1
 4980  1 (UNLOCKED)  1 (ENABLED)   Equipment=1,FieldReplaceableUnit=Radio-S213-1
20938  1 (UNLOCKED)  1 (ENABLED)   Transport=1,Synchronization=1,RadioEquipmentClock=1,RadioEquipmentClockReference=NTP1
20939  1 (UNLOCKED)  1 (ENABLED)   Transport=1,Synchronization=1,RadioEquipmentClock=1,RadioEquipmentClockReference=PTP
===================================================================================
Total: 8 MOs

CZA2T> sdir

251125-12:01:17+0100 19.31.10.139 25.0h MSRBS_NODE_MODEL_25.Q1_693.28324.131_62ac stopfile=/tmp/2234638
INFO: Using amos lookupAccount credentials for the export login
....................
get /rop/A20251125.1015-1030_CZA2T.xml.gz /ericsson/log/amos/moshell_logfiles/t20251125_37258710_65084/logs_moshell/pmfiles/19.31.10.139/rop/A20251125.1015-1030_CZA2T.xml.gz ... OK
get /rop/A20251125.1030-1045_CZA2T.xml.gz /ericsson/log/amos/moshell_logfiles/t20251125_37258710_65084/logs_moshell/pmfiles/19.31.10.139/rop/A20251125.1030-1045_CZA2T.xml.gz ... OK
get /rop/A20251125.1045-1100_CZA2T.xml.gz /ericsson/log/amos/moshell_logfiles/t20251125_37258710_65084/logs_moshell/pmfiles/19.31.10.139/rop/A20251125.1045-1100_CZA2T.xml.gz ... OK
....Checking available boards on node...

Collecting RCS board data ...
..........................................................................................................................
..............................
...................................................................................................................................................................................................................................................................................................................
....
Collecting TN data...
..........................................................................................................................................................................
Getting MO data from node (99 MOs). Please wait...
0%                                             ~50%                                           ~100%
...................................................................................................................................
Collecting RF data...
....
Collecting Alarms...
Executing action Log.export()
...
Log=AlarmLog                    actionId=12218
...................
Executing action LogM.exportAvailabilityLog()
..LogM=1,exportAvailabilityLog    actionId=12219
.....Parsing alarmLog...........Done.
Parsing availabilityLog.......Done.
.............

Total: 6 CPRI links (6 OK, 0 OKW, 0 NOK, 0 NT)
.
+--------+                      +--------------------+
|        | A        O101     D1 |    Radio-S210-1    |
|        |-----------1----------| RRU227922B822B20C* |
|        |         OK-56m       |       BXP_3        |
|        |                      +--------------------+
|        |                                     |A  |B
|        |                  SE=210* AG=210 FDD=CZA2E1
|        |                                NIOT=CZA2N1
|        |
|        |                      +--------------------+
|        | B        O101     D1 |    Radio-S211-1    |
|        |-----------2----------| RRU227922B822B20C* |
|        |         OK-56m       |       BXP_6        |
|        |                      +--------------------+
|        |                                     |A  |B
|        |                  SE=211* AG=211 FDD=CZA2E2
|        |                                NIOT=CZA2N2
|        |
|        |                      +--------------------+
|        | C        O101     D1 |    Radio-S212-1    |
|        |-----------3----------| RRU227922B822B20C* |
|        |         OK-56m       |       BXP_4        |
|        |                      +--------------------+
|        |                                     |A  |B
|        |                  SE=212* AG=212 FDD=CZA2E3
|        |                                NIOT=CZA2N3
|        |
|        |                      +------------------+
|        | D        O101     D2 |   Radio-S100-1   |
|  BB-1  |-----------4----------| RRU449944B144B3C |
| BB6631 |         OK-56m       |      BXP_7       |
| 000100 |                      +------------------+
|        |                           |A  |B  |C  |D
|        |                    SE=100 AG=100  |   |
|        |            FDD=CZA2M1 FDD=CZA2T1  |   |
|        |                            SE=101 AG=101
|        |                    FDD=CZA2M2 FDD=CZA2T2
|        |
|        |                      +------------------+
|        | E        O101     D2 |   Radio-S102-1   |
|        |-----------5----------| RRU449944B144B3C |
|        |         OK-56m       |      BXP_5       |
|        |                      +------------------+
|        |                           |A  |B  |C  |D
|        |                    SE=102 AG=102  |   |
|        |            FDD=CZA2M3 FDD=CZA2T3  |   |
|        |                            SE=103 AG=103
|        |                    FDD=CZA2M4 FDD=CZA2T4
|        |
|        |                      +--------------------+
|        | F        O101     D1 |    Radio-S213-1    |
|        |-----------6----------| RRU227922B822B20C* |
|        |         OK-56m       |       BXP_2        |
|        |                      +--------------------+
|        |                                     |A  |B
|        |                  SE=213* AG=213 FDD=CZA2E4
+--------+                                NIOT=CZA2N4

=====================================================================================================================================
ID RiL    Type Res MO1-MO2                  BOARD1-BOARD2             AlmIDs Cells (States)                                        Issue (Failed checks)
=====================================================================================================================================
 1 S210-1 O101 OK  BB-1(A) Radio-S210-1(D1) BB6631 RRU227922B822B20C*        FDD=CZA2E1 NIOT=CZA2N1 (1,1)                          Passed
 2 S211-1 O101 OK  BB-1(B) Radio-S211-1(D1) BB6631 RRU227922B822B20C*        FDD=CZA2E2 NIOT=CZA2N2 (1,1)                          Passed
 3 S212-1 O101 OK  BB-1(C) Radio-S212-1(D1) BB6631 RRU227922B822B20C*        FDD=CZA2E3 NIOT=CZA2N3 (1,1)                          Passed
 4 S100-1 O101 OK  BB-1(D) Radio-S100-1(D2) BB6631 RRU449944B144B3C          FDD=CZA2M1 FDD=CZA2M2 FDD=CZA2T1 FDD=CZA2T2 (1,1,1,1) Passed
 5 S102-1 O101 OK  BB-1(E) Radio-S102-1(D2) BB6631 RRU449944B144B3C          FDD=CZA2M3 FDD=CZA2M4 FDD=CZA2T3 FDD=CZA2T4 (1,1,1,1) Passed
 6 S213-1 O101 OK  BB-1(F) Radio-S213-1(D1) BB6631 RRU227922B822B20C*        FDD=CZA2E4 NIOT=CZA2N4 (1,1)                          Passed
-------------------------------------------------------------------------------------------------------------------------------------

Node: RadioNode L   CXP2010174/2_R27J08 (25.Q1)   G3.1   LTE-FDD,LTE-IoT 

=====================================================================================================================================
FRU          ;LNH    ;BOARD              ;ST ;FAULT ;OPER ;MAINT ;STAT ;PRODUCTNUMBER   ;REV     ;SERIAL        ;DATE     ;PMTEMP ; TEMP ; UPT ;VOLT ;SW                   ;
=====================================================================================================================================
BB-1         ;000100 ;BB6631             ; 1 ;  OFF ;  ON ;  OFF ;  ON ;KDU1370071/11   ;R3C     ;E96A011SMP    ;20230710 ;3 (OK) ;      ;29.3 ;54   ;                     ;
Radio-S100-1 ;BXP_7  ;RRU449944B144B3C   ; 1 ;  OFF ;  ON ;  OFF ; N/A ;KRC161787/1     ;R2F     ;E23E709442    ;20230701 ;4 (OK) ; 52.5 ;29.3 ;52.9 ;CXP9013268%15_R101LX ; (Radio449944B144B3C)
Radio-S102-1 ;BXP_5  ;RRU449944B144B3C   ; 1 ;  OFF ;  ON ;  OFF ; N/A ;KRC161787/1     ;R2F     ;E23E709447    ;20230701 ;4 (OK) ; 51.5 ;29.3 ;53.3 ;CXP9013268%15_R101LX ; (Radio449944B144B3C)
Radio-S210-1 ;BXP_3  ;RRU227922B822B20C* ; 1 ;  OFF ;  ON ;  OFF ; N/A ;KRC161864/1     ;R1F     ;TU8U027VXH    ;20230929 ;4 (OK) ; 53.5 ;29.3 ;53.9 ;CXP9013268%15_R101LX ; (Radio227922B822B20C)
Radio-S211-1 ;BXP_6  ;RRU227922B822B20C* ; 1 ;  OFF ;  ON ;  OFF ; N/A ;KRC161864/1     ;R1F     ;TU8U027TS1    ;20230928 ;4 (OK) ; 50.0 ;29.3 ;54.0 ;CXP9013268%15_R101LX ; (Radio227922B822B20C)
Radio-S212-1 ;BXP_4  ;RRU227922B822B20C* ; 1 ;  OFF ;  ON ;  OFF ; N/A ;KRC161864/1     ;R1F     ;TU8U027VXU    ;20230929 ;4 (OK) ; 50.0 ;29.3 ;54.1 ;CXP9013268%15_R101LX ; (Radio227922B822B20C)
Radio-S213-1 ;BXP_2  ;RRU227922B822B20C* ; 1 ;  OFF ;  ON ;  OFF ; N/A ;KRC161864/1     ;R1F     ;TU8U027VXV    ;20230929 ;4 (OK) ; 51.5 ;29.3 ;53.9 ;CXP9013268%15_R101LX ; (Radio227922B822B20C)
-------------------------------------------------------------------------------------------------------------------------------------

=====================================================================================================================================
AntennaNearUnit                                     ;ST  ;TYPE   ;PRODUCTNR     ;REV                ;UNIQUEID             ;RfPort
=====================================================================================================================================
AntennaUnitGroup=210,AntennaNearUnit=RET_1800_2100  ; 1  ;S-RET  ;AIMM20M22v01  ;WD82MANGRCU_VER.C  ;HWM3064L900HW163Ly1  ;FieldReplaceableUnit=Radio-S210-1,RfPort=R
AntennaUnitGroup=210,AntennaNearUnit=RET_2600       ; 1  ;S-RET  ;AIMM20M22v01  ;WD82MANGRCU_VER.C  ;HWM3064L900HY12CLy2  ;FieldReplaceableUnit=Radio-S210-1,RfPort=R
AntennaUnitGroup=210,AntennaNearUnit=RET_800_900    ; 1  ;S-RET  ;AIMM20M22v01  ;WD82MANGRCU_VER.C  ;HWM3064L900HU164Lr1  ;FieldReplaceableUnit=Radio-S210-1,RfPort=R
AntennaUnitGroup=211,AntennaNearUnit=RET_1800_2100  ; 1  ;S-RET  ;AIMM20M22v01  ;WD82MANGRCU_VER.C  ;HWM3064L900RJ176Ly1  ;FieldReplaceableUnit=Radio-S211-1,RfPort=R
AntennaUnitGroup=211,AntennaNearUnit=RET_2600       ; 1  ;S-RET  ;AIMM20M22v01  ;WD82MANGRCU_VER.C  ;HWM3064L900RL14CLy2  ;FieldReplaceableUnit=Radio-S211-1,RfPort=R
AntennaUnitGroup=211,AntennaNearUnit=RET_800_900    ; 1  ;S-RET  ;AIMM20M22v01  ;WD82MANGRCU_VER.C  ;HWM3064L900RG177Lr1  ;FieldReplaceableUnit=Radio-S211-1,RfPort=R
AntennaUnitGroup=212,AntennaNearUnit=RET_1800_2100  ; 1  ;S-RET  ;AIMM20M22v01  ;WD82MANGRCU_VER.C  ;HWM3064L900HQ120Ly1  ;FieldReplaceableUnit=Radio-S212-1,RfPort=R
AntennaUnitGroup=212,AntennaNearUnit=RET_2600       ; 1  ;S-RET  ;AIMM20M22v01  ;WD82MANGRCU_VER.C  ;HWM3064L900HS17CLy2  ;FieldReplaceableUnit=Radio-S212-1,RfPort=R
AntennaUnitGroup=212,AntennaNearUnit=RET_800_900    ; 1  ;S-RET  ;AIMM20M22v01  ;WD82MANGRCU_VER.C  ;HWM3064L900HN124Lr1  ;FieldReplaceableUnit=Radio-S212-1,RfPort=R
AntennaUnitGroup=213,AntennaNearUnit=RET_1800_2100  ; 1  ;S-RET  ;AIMM20M22v01  ;WD82MANGRCU_VER.C  ;HWM3064L900QT119Ly1  ;FieldReplaceableUnit=Radio-S213-1,RfPort=R
AntennaUnitGroup=213,AntennaNearUnit=RET_2600       ; 1  ;S-RET  ;AIMM20M22v01  ;WD82MANGRCU_VER.C  ;HWM3064L900QV19CLy2  ;FieldReplaceableUnit=Radio-S213-1,RfPort=R
AntennaUnitGroup=213,AntennaNearUnit=RET_800_900    ; 1  ;S-RET  ;AIMM20M22v01  ;WD82MANGRCU_VER.C  ;HWM3064L900QR126Lr1  ;FieldReplaceableUnit=Radio-S213-1,RfPort=R
-------------------------------------------------------------------------------------------------------------------------------------

=====================================================================================================================================
XPBOARD  ;ST ;FAULT ;OPER ;PRODUCTNUMBER ;REV ;SERIAL/NAME ;DATE     ; TEMP ;MO
=====================================================================================================================================
FAN08    ; 1 ;N/A   ;N/A  ;BKV106236/1   ;R2M ;CE5100UHUD  ;20230410 ; 40.0 ;SupportUnit=1 (FAN  BB-1)
-------------------------------------------------------------------------------------------------------------------------------------

=====================================================================================================================================
ID ;T ;RiL    ;BPBP ;BOARD1             ;LNH1 ;PORT ;R ;LINK ;RATE  ; BER ;BOARD2             ;LNH2 ;PORT ;R ;LINK ;RATE  ; BER ;LENGTH ;MO1 - MO2
=====================================================================================================================================
 1 ;O ;S210-1 ;1111 ;BB6631             ;000100 ; 1 ;M ;Up   ;10.1G ;   0 ;RRU227922B822B20C* ;BXP_3  ; 0 ;S ;Up   ;10.1G ;   0 ;   56m ;Fru=BB-1(A) Fru=Radio-S210-1(D1)
 2 ;O ;S211-1 ;1111 ;BB6631             ;000100 ; 2 ;M ;Up   ;10.1G ;   0 ;RRU227922B822B20C* ;BXP_6  ; 0 ;S ;Up   ;10.1G ;   0 ;   56m ;Fru=BB-1(B) Fru=Radio-S211-1(D1)
 3 ;O ;S212-1 ;1111 ;BB6631             ;000100 ; 3 ;M ;Up   ;10.1G ;   0 ;RRU227922B822B20C* ;BXP_4  ; 0 ;S ;Up   ;10.1G ;   0 ;   56m ;Fru=BB-1(C) Fru=Radio-S212-1(D1)
 4 ;O ;S100-1 ;1111 ;BB6631             ;000100 ; 4 ;M ;Up   ;10.1G ;   0 ;RRU449944B144B3C   ;BXP_7  ; 1 ;S ;Up   ;10.1G ;   0 ;   56m ;Fru=BB-1(D) Fru=Radio-S100-1(D2)
 5 ;O ;S102-1 ;1111 ;BB6631             ;000100 ; 5 ;M ;Up   ;10.1G ;   0 ;RRU449944B144B3C   ;BXP_5  ; 1 ;S ;Up   ;10.1G ;   0 ;   56m ;Fru=BB-1(E) Fru=Radio-S102-1(D2)
 6 ;O ;S213-1 ;1111 ;BB6631             ;000100 ; 6 ;M ;Up   ;10.1G ;   0 ;RRU227922B822B20C* ;BXP_2  ; 0 ;S ;Up   ;10.1G ;   0 ;   56m ;Fru=BB-1(F) Fru=Radio-S213-1(D1)
-------------------------------------------------------------------------------------------------------------------------------------

=====================================================================================================================================
ID ;LINK ;RiL    ;VENDOR1  ;VENDORPROD1     ;REV1 ;SERIAL1      ;DATE1    ;ERICSSONPROD1      ;VENDOR2  ;VENDORPROD2     ;REV2 ;SERIAL2      ;DATE2    ;ERICSSONPROD2      ;TT ;WL1     ;WL2    
=====================================================================================================================================
 1 ;Up   ;S210-1 ;ERICSSON ;RTXM228-702-C22 ;1.0  ;CU823G1XK0   ;20230801 ;RDH10265/2 R1A     ;ERICSSON ;RTXM228-702-C22 ;1.0  ;CU823G1UMP   ;20230731 ;RDH10265/2 R1A     ;0  ;1310.00 ;1310.00
 2 ;Up   ;S211-1 ;ERICSSON ;RTXM228-702-C22 ;1.0  ;CU823G1XJZ   ;20230801 ;RDH10265/2 R1A     ;ERICSSON ;RTXM228-702-C22 ;1.0  ;CU823G1UMQ   ;20230731 ;RDH10265/2 R1A     ;0  ;1310.00 ;1310.00
 3 ;Up   ;S212-1 ;ERICSSON ;RTXM228-702-C22 ;1.0  ;CU823J0KHM   ;20230908 ;RDH10265/2 R1A     ;ERICSSON ;RTXM228-702-C22 ;1.0  ;CU823G1UME   ;20230731 ;RDH10265/2 R1A     ;0  ;1310.00 ;1310.00
 4 ;Up   ;S100-1 ;ERICSSON ;RTXM228-702-C22 ;1.0  ;CU823J0KHJ   ;20230908 ;RDH10265/2 R1A     ;ERICSSON ;RTXM228-702-C22 ;1.0  ;CU823G1UND   ;20230731 ;RDH10265/2 R1A     ;0  ;1310.00 ;1310.00
 5 ;Up   ;S102-1 ;ERICSSON ;RTXM228-702-C22 ;1.0  ;CU823J0KHP   ;20230908 ;RDH10265/2 R1A     ;ERICSSON ;RTXM228-702-C22 ;1.0  ;CU823G1UM7   ;20230731 ;RDH10265/2 R1A     ;0  ;1310.00 ;1310.00
 6 ;Up   ;S213-1 ;ERICSSON ;RTXM228-702-C22 ;1.0  ;CU823G1XJA   ;20230801 ;RDH10265/2 R1A     ;ERICSSON ;RTXM228-702-C22 ;1.0  ;CU823G1UMV   ;20230731 ;RDH10265/2 R1A     ;0  ;1310.00 ;1310.00
-------------------------------------------------------------------------------------------------------------------------------------

=====================================================================================================================================
ID ;LINK ;RiL    ;WL1     ;TEMP1 ;TXbs1 ;TXdBm1 ;RXdBm1 ;BER1   ;WL2     ;TEMP2 ;TXbs2 ;TXdBm2 ;RXdBm2 ;BER2   ;DlLoss ;UlLoss ;LENGTH ;TT
=====================================================================================================================================
 1 ;Up   ;S210-1 ;1310.00 ;44C   ;57%   ;-0.34  ;-1.98  ;   0   ;1310.00 ;56C   ;58%   ;-0.79  ;-1.11  ;   0   ;  0.77 ;  1.19 ;   56m ; 0
 2 ;Up   ;S211-1 ;1310.00 ;41C   ;58%   ;-1.55  ;-0.87  ;   0   ;1310.00 ;50C   ;57%   ;-1.06  ;-2.43  ;   0   ;  0.88 ; -0.19 ;   56m ; 0
 3 ;Up   ;S212-1 ;1310.00 ;41C   ;55%   ;-2.32  ;-2.73  ;   0   ;1310.00 ;46C   ;57%   ;-2.36  ;-1.38  ;   0   ; -0.94 ;  0.37 ;   56m ; 0
 4 ;Up   ;S100-1 ;1310.00 ;40C   ;57%   ;-1.45  ;-1.45  ;   0   ;1310.00 ;47C   ;58%   ;-1.23  ;-1.50  ;   0   ;  0.05 ;  0.22 ;   56m ; 0
 5 ;Up   ;S102-1 ;1310.00 ;45C   ;55%   ;-1.75  ;-0.82  ;   0   ;1310.00 ;47C   ;58%   ;-0.51  ;-1.83  ;   0   ;  0.08 ;  0.31 ;   56m ; 0
 6 ;Up   ;S213-1 ;1310.00 ;43C   ;58%   ;-0.88  ;-1.82  ;   0   ;1310.00 ;52C   ;57%   ;-1.58  ;-1.38  ;   0   ;   0.5 ;  0.24 ;   56m ; 0
-------------------------------------------------------------------------------------------------------------------------------------

=====================================================================================================================================
ID ;RiL    ;BOARD              ;SFPLNH  ;PORT ;VENDOR   ;VENDORPROD      ;REV  ;SERIAL       ;DATE     ;ERICSSONPROD       ;WL      ;TEMP  ;TXbs  ;TXdBm  ;RXdBm  ; BER
=====================================================================================================================================
 1 ;S210-1 ;BB6631             ;000100   ;  1 ;ERICSSON ;RTXM228-702-C22 ;1.0  ;CU823G1XK0   ;20230801 ;RDH10265/2 R1A     ;1310.00 ;44C   ;57%   ;-0.34  ;-1.98  ;   0
 2 ;S211-1 ;BB6631             ;000100   ;  2 ;ERICSSON ;RTXM228-702-C22 ;1.0  ;CU823G1XJZ   ;20230801 ;RDH10265/2 R1A     ;1310.00 ;41C   ;58%   ;-1.55  ;-0.87  ;   0
 3 ;S212-1 ;BB6631             ;000100   ;  3 ;ERICSSON ;RTXM228-702-C22 ;1.0  ;CU823J0KHM   ;20230908 ;RDH10265/2 R1A     ;1310.00 ;41C   ;55%   ;-2.32  ;-2.73  ;   0
 4 ;S100-1 ;BB6631             ;000100   ;  4 ;ERICSSON ;RTXM228-702-C22 ;1.0  ;CU823J0KHJ   ;20230908 ;RDH10265/2 R1A     ;1310.00 ;40C   ;57%   ;-1.45  ;-1.45  ;   0
 5 ;S102-1 ;BB6631             ;000100   ;  5 ;ERICSSON ;RTXM228-702-C22 ;1.0  ;CU823J0KHP   ;20230908 ;RDH10265/2 R1A     ;1310.00 ;45C   ;55%   ;-1.75  ;-0.82  ;   0
 6 ;S213-1 ;BB6631             ;000100   ;  6 ;ERICSSON ;RTXM228-702-C22 ;1.0  ;CU823G1XJA   ;20230801 ;RDH10265/2 R1A     ;1310.00 ;43C   ;58%   ;-0.88  ;-1.82  ;   0
 6 ;S213-1 ;RRU227922B822B20C* ;BXP_2    ;  0 ;ERICSSON ;RTXM228-702-C22 ;1.0  ;CU823G1UMV   ;20230731 ;RDH10265/2 R1A     ;1310.00 ;52C   ;57%   ;-1.58  ;-1.38  ;   0
 1 ;S210-1 ;RRU227922B822B20C* ;BXP_3    ;  0 ;ERICSSON ;RTXM228-702-C22 ;1.0  ;CU823G1UMP   ;20230731 ;RDH10265/2 R1A     ;1310.00 ;56C   ;58%   ;-0.79  ;-1.11  ;   0
 3 ;S212-1 ;RRU227922B822B20C* ;BXP_4    ;  0 ;ERICSSON ;RTXM228-702-C22 ;1.0  ;CU823G1UME   ;20230731 ;RDH10265/2 R1A     ;1310.00 ;46C   ;57%   ;-2.36  ;-1.38  ;   0
 5 ;S102-1 ;RRU449944B144B3C   ;BXP_5    ;  1 ;ERICSSON ;RTXM228-702-C22 ;1.0  ;CU823G1UM7   ;20230731 ;RDH10265/2 R1A     ;1310.00 ;47C   ;58%   ;-0.51  ;-1.83  ;   0
 2 ;S211-1 ;RRU227922B822B20C* ;BXP_6    ;  0 ;ERICSSON ;RTXM228-702-C22 ;1.0  ;CU823G1UMQ   ;20230731 ;RDH10265/2 R1A     ;1310.00 ;50C   ;57%   ;-1.06  ;-2.43  ;   0
 4 ;S100-1 ;RRU449944B144B3C   ;BXP_7    ;  1 ;ERICSSON ;RTXM228-702-C22 ;1.0  ;CU823G1UND   ;20230731 ;RDH10265/2 R1A     ;1310.00 ;47C   ;58%   ;-1.23  ;-1.50  ;   0
-------------------------------------------------------------------------------------------------------------------------------------
TN ;       ;BB6631             ;000100   ; IB ;ERICSSON ;RTXM228-702-C22 ;1.0  ;CU823G1XKG   ;20230801 ;RDH10265/2 R1A     ;1310    ;41C   ;57%   ;-1.26  ;-7.64  ; 0/0
TN ;       ;BB6631             ;000100   ;IA2 ;ERICSSON ;42020201934     ;A0   ;202332400856 ;20230807 ;RPM777053/1000 R1B ;NA      ;NA    ;NA    ;NA     ;NA     ; 0/0
-------------------------------------------------------------------------------------------------------------------------------------

=====================================================================================================================================
BOARD  ;LNH    ;PORT       ;T ;S ;OpMode         ;AutoNeg ;MacAddress        ;VlanIds        ;LOS ;BER
=====================================================================================================================================
BB6631 ;000100 ;TN_E       ;E ;1 ;1G_FULL_MASTER ;true    ;58:70:7F:88:B1:8D ;3910           ;0   ;0/0
BB6631 ;000100 ;TN_IDL_A_1 ;E ;1 ;10G_FULL       ;false   ;58:70:7F:88:B1:86 ;3901,3908,3910 ;0   ;0/0
BB6631 ;000100 ;TN_IDL_A_2 ;O ;1 ;10G_FULL       ;false   ;58:70:7F:88:B1:87 ;3908           ;0   ;0/0
BB6631 ;000100 ;TN_IDL_B   ;O ;1 ;1G_FULL        ;true    ;58:70:7F:88:B1:8A ;3901,3908,3910 ;0   ;0/0
-------------------------------------------------------------------------------------------------------------------------------------

radioClockState : RNT_TIME_LOCKED
-------------------------------------------------------------------------------------
Prio  ;ST  ;syncRefType    ;refStatus  ;opQualLevel  ;SyncReference
-------------------------------------------------------------------------------------
  *1  ; 1  ;PTP_TIME       ;NO_FAULT   ;PRTC         ;Ptp=1,BoundaryOrdinaryClock=PTP (G_8275_1 EthernetPort=TN_IDL_B:SLAVE EthernetPort=TN_IDL_A_1:MASTER)
   2  ; 1  ;NTP_FREQUENCY  ;NO_FAULT   ;PRC          ;Ntp=1,NtpFrequencySync=NTP1 (10.31.0.54:32751 Router=45G_Traffic,InterfaceIPv4=LTE,AddressIPv4=LTE)
-------------------------------------------------------------------------------------
-------------------------------------------------------------------------------------
Prio  ;ST  ;assistRefStatus  ;recQualLevel  ;AssistingReference
-------------------------------------------------------------------------------------
   1  ; 0  ;NO_FAULT         ;PRC           ;Synchronization=1,SyncEthInput=SyncE (SFP_OPTICAL EthernetPort=TN_IDL_B)
-------------------------------------------------------------------------------------
nodeGroupRole   : SYNC_PROVIDER (syncNodePriority=1, selectionMode=NODE_PRIORITY)
-------------------------------------------------------------------------------------
DU  ;Port  ;sharedUnitRef (RiPortA - RiPortB)  ;remoteNodePriority  ;CandidateStatus
-------------------------------------------------------------------------------------
1   ;B     ;Fru=Radio-S211-1 (1 - 2)           ;3                   ;OK_NOT_ACTIVE
1   ;C     ;Fru=Radio-S212-1 (1 - 2)           ;3                   ;OK_NOT_ACTIVE
1   ;F     ;Fru=Radio-S213-1 (1 - 2)           ;3                   ;OK_NOT_ACTIVE
1   ;A     ;Fru=Radio-S210-1 (1 - 2)           ;3                   ;OK_NOT_ACTIVE
-------------------------------------------------------------------------------------

=====================================================================================================================================
FRU          ;LNH    ;BOARD              ;RF  ;BP  ;TX (W/dBm)  ;VSWR (RL)   ;RX (dBm) ;UEs/gUEs  ;Sector/AntennaGroup/Cells (State:CellIds:PCIs)
=====================================================================================================================================
Radio-S100-1 ;BXP_7  ;RRU449944B144B3C   ; A  ;11  ;23.0 (43.6) ;1.24 (19.3) ;-89.8    ;29/-      ;SE=100 AG=100 FDD=CZA2M1 FDD=CZA2T1 (1:31:164, 1:41:473)
Radio-S100-1 ;BXP_7  ;RRU449944B144B3C   ; B  ;11  ;31.3 (45.0) ;1.30 (17.7) ;-90.1    ;29/-      ;SE=100 AG=100 FDD=CZA2M1 FDD=CZA2T1 (1:31:164, 1:41:473)
Radio-S100-1 ;BXP_7  ;RRU449944B144B3C   ; C  ;11  ;28.8 (44.6) ;1.18 (21.8) ;-90.9    ;15/-      ;SE=101 AG=101 FDD=CZA2M2 FDD=CZA2T2 (1:32:312, 1:42:237)
Radio-S100-1 ;BXP_7  ;RRU449944B144B3C   ; D  ;11  ;9.8 (39.9)  ;1.24 (19.5) ;-90.3    ;15/-      ;SE=101 AG=101 FDD=CZA2M2 FDD=CZA2T2 (1:32:312, 1:42:237)
Radio-S102-1 ;BXP_5  ;RRU449944B144B3C   ; A  ;11  ;21.4 (43.3) ;1.09 (27.0) ;-89.6    ;34/-      ;SE=102 AG=102 FDD=CZA2M3 FDD=CZA2T3 (1:33:496, 1:43:318)
Radio-S102-1 ;BXP_5  ;RRU449944B144B3C   ; B  ;11  ;9.1 (39.6)  ;1.06 (30.1) ;-89.8    ;34/-      ;SE=102 AG=102 FDD=CZA2M3 FDD=CZA2T3 (1:33:496, 1:43:318)
Radio-S102-1 ;BXP_5  ;RRU449944B144B3C   ; C  ;11  ;47.2 (46.7) ;1.16 (22.7) ;-92.0    ;9/-       ;SE=103 AG=103 FDD=CZA2M4 FDD=CZA2T4 (1:34:485, 1:44:426)
Radio-S102-1 ;BXP_5  ;RRU449944B144B3C   ; D  ;11  ;18.6 (42.7) ;1.06 (30.2) ;-91.9    ;9/-       ;SE=103 AG=103 FDD=CZA2M4 FDD=CZA2T4 (1:34:485, 1:44:426)
Radio-S210-1 ;BXP_3  ;RRU227922B822B20C* ; A  ;11  ;25.6 (44.1) ;1.05 (31.5) ;-89.9    ;7/-       ;SE=210* AG=210 FDD=CZA2E1 NIOT=CZA2N1 (1:61:257, 1:161:257)
Radio-S210-1 ;BXP_3  ;RRU227922B822B20C* ; B  ;11  ;25.9 (44.1) ;1.19 (21.2) ;-89.8    ;7/-       ;SE=210* AG=210 FDD=CZA2E1 NIOT=CZA2N1 (1:61:257, 1:161:257)
Radio-S211-1 ;BXP_6  ;RRU227922B822B20C* ; A  ;11  ;25.7 (44.1) ;1.06 (31.1) ;-95.1    ;1/-       ;SE=211* AG=211 FDD=CZA2E2 NIOT=CZA2N2 (1:62:105, 1:162:105)
Radio-S211-1 ;BXP_6  ;RRU227922B822B20C* ; B  ;11  ;16.5 (42.2) ;1.20 (20.8) ;-94.7    ;1/-       ;SE=211* AG=211 FDD=CZA2E2 NIOT=CZA2N2 (1:62:105, 1:162:105)
Radio-S212-1 ;BXP_4  ;RRU227922B822B20C* ; A  ;11  ;20.1 (43.0) ;1.16 (22.8) ;-94.3    ;0/-       ;SE=212* AG=212 FDD=CZA2E3 NIOT=CZA2N3 (1:63:129, 1:163:129)
Radio-S212-1 ;BXP_4  ;RRU227922B822B20C* ; B  ;11  ;10.9 (40.4) ;1.18 (21.8) ;-93.3    ;0/-       ;SE=212* AG=212 FDD=CZA2E3 NIOT=CZA2N3 (1:63:129, 1:163:129)
Radio-S213-1 ;BXP_2  ;RRU227922B822B20C* ; A  ;11  ;28.1 (44.5) ;1.07 (29.6) ;-95.5    ;1/-       ;SE=213* AG=213 FDD=CZA2E4 NIOT=CZA2N4 (1:64:309, 1:164:309)
Radio-S213-1 ;BXP_2  ;RRU227922B822B20C* ; B  ;11  ;11.7 (40.7) ;1.20 (20.8) ;-95.5    ;1/-       ;SE=213* AG=213 FDD=CZA2E4 NIOT=CZA2N4 (1:64:309, 1:164:309)
-------------------------------------------------------------------------------------------------------------------------------------

CZA2T> mfar

251125-12:04:14+0100 19.31.10.139 25.0h MSRBS_NODE_MODEL_25.Q1_693.28324.131_62ac stopfile=/tmp/2234638
..........
Last MO: 20951. Loaded 20951 MOs. Total: 20952 MOs.
..................................................
get /rop/A20251125.0930-0945_CZA2T.xml.gz /ericsson/log/amos/moshell_logfiles/t20251125_37258710_65084/logs_moshell/pmfiles/19.31.10.139/rop/A20251125.0930-0945_CZA2T.xml.gz ... OK
get /rop/A20251125.0945-1000_CZA2T.xml.gz /ericsson/log/amos/moshell_logfiles/t20251125_37258710_65084/logs_moshell/pmfiles/19.31.10.139/rop/A20251125.0945-1000_CZA2T.xml.gz ... OK
get /rop/A20251125.1000-1015_CZA2T.xml.gz /ericsson/log/amos/moshell_logfiles/t20251125_37258710_65084/logs_moshell/pmfiles/19.31.10.139/rop/A20251125.1000-1015_CZA2T.xml.gz ... OK

Using hardcoded thresholds: 3, 4.5, and 16.5
================================================================================================================================
SC     SE  Tx/Rx BrPair  RfPort1 - RfPort2               HW       Serial      Cell (State)   Samples   Med  Mean  SDev Pol Res Issue
================================================================================================================================
CZA2E1 210   2/2 0 (1,2) Radio-S210-1(A) Radio-S210-1(B) RRU2279  TU8U027VXH  FDD=CZA2E1 (1)   67264   0.5  -0.0   6.6  NA  OK Passed
CZA2E2 211   2/2 0 (1,2) Radio-S211-1(A) Radio-S211-1(B) RRU2279  TU8U027TS1  FDD=CZA2E2 (1)    8281  -0.5  -1.5   7.4  NA  OK Passed
CZA2E3 212   2/2 0 (1,2) Radio-S212-1(A) Radio-S212-1(B) RRU2279  TU8U027VXU  FDD=CZA2E3 (1)   17663  -0.5  -0.3   7.1  NA  OK Passed
CZA2E4 213   2/2 0 (1,2) Radio-S213-1(A) Radio-S213-1(B) RRU2279  TU8U027VXV  FDD=CZA2E4 (1)    5558   0.5   1.0   7.4  NA  OK Passed
CZA2M1 100   2/2 0 (1,2) Radio-S100-1(A) Radio-S100-1(B) RRU4499  E23E709442  FDD=CZA2M1 (1)   46770   0.5   0.4   6.8  NA  OK Passed
CZA2M2 101   2/2 0 (1,2) Radio-S100-1(C) Radio-S100-1(D) RRU4499  E23E709442  FDD=CZA2M2 (1)   10388  -0.5  -0.6   7.5  NA  OK Passed
CZA2M3 102   2/2 0 (1,2) Radio-S102-1(A) Radio-S102-1(B) RRU4499  E23E709447  FDD=CZA2M3 (1)   44917  -0.5  -0.7   7.1  NA  OK Passed
CZA2M4 103   2/2 0 (1,2) Radio-S102-1(C) Radio-S102-1(D) RRU4499  E23E709447  FDD=CZA2M4 (1)    7645   0.5   0.2   7.0  NA  OK Passed
CZA2T1 100   2/2 0 (1,2) Radio-S100-1(A) Radio-S100-1(B) RRU4499  E23E709442  FDD=CZA2T1 (1)  142133   1.5   0.8   6.7  NA  OK Passed
CZA2T2 101   2/2 0 (1,2) Radio-S100-1(C) Radio-S100-1(D) RRU4499  E23E709442  FDD=CZA2T2 (1)   95674   0.5   0.8   7.1  NA  OK Passed
CZA2T3 102   2/2 0 (1,2) Radio-S102-1(A) Radio-S102-1(B) RRU4499  E23E709447  FDD=CZA2T3 (1)  107329   0.5   0.4   6.9  NA  OK Passed
CZA2T4 103   2/2 0 (1,2) Radio-S102-1(C) Radio-S102-1(D) RRU4499  E23E709447  FDD=CZA2T4 (1)   59264  -0.5  -0.3   7.3  NA  OK Passed
================================================================================================================================
Total: 12 SectorCarriers, 12 RfBranch Pairs (12 OK, 0 OKW, 0 NOK, 0 NT)
..........
Last MO: 20951. Loaded 20951 MOs. Total: 20952 MOs.

No NRSectorCarrier MOs are defined on the node.

CZA2T> mfitr

251125-12:04:36+0100 19.31.10.139 25.0h MSRBS_NODE_MODEL_25.Q1_693.28324.131_62ac stopfile=/tmp/2234638
................
Last MO: 20951. Loaded 20951 MOs. Total: 20952 MOs.
............
2025-11-25 12:05
================================================================================================================================
CELL       SC     FRU          BOARD             PUSCH  PUCCH       A      B      C      D  DELTA
================================================================================================================================
FDD=CZA2E1 CZA2E1 Radio-S210-1 RRU227922B822B20C -114.7 -113.4 -115.4 -114.7                  0.7
FDD=CZA2E2 CZA2E2 Radio-S211-1 RRU227922B822B20C -116.4 -114.9 -116.4 -116.7                  0.3
FDD=CZA2E3 CZA2E3 Radio-S212-1 RRU227922B822B20C -114.4 -113.2 -114.5 -115.5                    1
FDD=CZA2E4 CZA2E4 Radio-S213-1 RRU227922B822B20C -116.1 -114.8 -116.2 -116.8                  0.6
FDD=CZA2M1 CZA2M1 Radio-S100-1 RRU449944B144B3C  -116.8 -117.7 -117.7 -117.5                  0.2
FDD=CZA2M2 CZA2M2 Radio-S100-1 RRU449944B144B3C  -118.3 -118.3               -118.1 -118.6    0.5
FDD=CZA2M3 CZA2M3 Radio-S102-1 RRU449944B144B3C  -115.7 -116.6 -116.3 -116.8                  0.5
FDD=CZA2M4 CZA2M4 Radio-S102-1 RRU449944B144B3C  -117.0 -117.7               -116.4 -116.2    0.2
FDD=CZA2T1 CZA2T1 Radio-S100-1 RRU449944B144B3C  -112.1 -114.5 -113.5 -113.1                  0.4
FDD=CZA2T2 CZA2T2 Radio-S100-1 RRU449944B144B3C  -112.4 -115.3               -114.1 -114.3    0.2
FDD=CZA2T3 CZA2T3 Radio-S102-1 RRU449944B144B3C  -111.4 -113.6 -113.7 -113.7                    0
FDD=CZA2T4 CZA2T4 Radio-S102-1 RRU449944B144B3C  -114.1 -115.4               -114.4 -115.6    1.2
================================================================================================================================
Bye...
Output has been logged to file /mta_fs/UserFiles/37258710/amosbatch/SDIR/CZA2T.log
