Logging to file /mta_fs/UserFiles/37258710/amosbatch/SDIR/CZA5T.log
                        __  __  ____   _____
                  /\   |  \/  |/ __ \ / ____|
                 /  \  | \  / | |  | | (___  
                / /\ \ | |\/| | |  | |\___ \ 
               / ____ \| |  | | |__| |____) |
              /_/    \_\_|  |_|\____/|_____/
              OSS Framework for MoShell-25.0h 
  Copyright (c) Ericsson AB 2001-2025 - All Rights Reserved
              
           
[1;31mWARNING: [0mthe AMOS version currently running is more than 29 weeks old and is unsupported.
Please upgrade as soon as possible to the latest released version, available from your local Ericsson support.

$amosrb_pid = 2118681

Checking ip contact...OK

HELP MENU            : h
BASIC MO COMMANDS    : m
OTHER MO COMMANDS    : n
OTHER COMMANDS       : o
PM COMMANDS          : p
QUIT                 : q

CZA5T> lt all

251125-11:24:21+0100 19.31.9.229 25.0h  stopfile=/tmp/2118554
Looking up temporary_amos account... OK.
Trying temporary_amos_t20251125_37258710_65084_131's password from amos lookupAccount ... OK

$ssh_pid = 2119481

Connected to 19.31.9.229 (SubNetwork=BBMM_rckomc_R,MeContext=CZA5T,ManagedElement=CZA5T)

Checking MOM version...MSRBS_NODE_MODEL_25.Q1_693.28324.131_62ac
Parsing MOM (cached): /ericsson/log/amos/moshell_logfiles/t20251125_37258710_65084/logs_moshell/tempfiles/scp-4-amos_20251125-112414_2118494/MSRBS_NODE_MODEL_25.Q1_693.28324.131_62ac.xml.cache.gz ..................................................................................................................................................................................................................................Done.
Using paramfile /opt/ericsson/amos/moshell/commonjars/pm/PARAM_MSRBS_25.Q1.txt
Parsing file /opt/ericsson/amos/moshell/commonjars/pm/PARAM_MSRBS_25.Q1.txt .......................................................................................Done.
Using imomdfile /opt/ericsson/amos/moshell/commonjars/pm/IMOMD_MSRBS_22.Q4.txt
Using imomfile /opt/ericsson/amos/moshell/commonjars/pm/IMOM_MSRBS_25.Q1.txt
Connected to 19.31.9.229 (SubNetwork=BBMM_rckomc_R,MeContext=CZA5T,ManagedElement=CZA5T)

Last MO: 21525. Loaded 21525 MOs. Total: 21526 MOs.

CZA5T> st cell

251125-11:24:36+0100 19.31.9.229 25.0h MSRBS_NODE_MODEL_25.Q1_693.28324.131_62ac stopfile=/tmp/2118554
===================================================================================
Proxy  Adm State     Op. State     MO
===================================================================================
   43  1 (UNLOCKED)  1 (ENABLED)   ENodeBFunction=1,EUtranCellFDD=CZA5E1
  233  1 (UNLOCKED)  1 (ENABLED)   ENodeBFunction=1,EUtranCellFDD=CZA5E2
  322  1 (UNLOCKED)  1 (ENABLED)   ENodeBFunction=1,EUtranCellFDD=CZA5E3
  484  1 (UNLOCKED)  1 (ENABLED)   ENodeBFunction=1,EUtranCellFDD=CZA5J1
  653  1 (UNLOCKED)  1 (ENABLED)   ENodeBFunction=1,EUtranCellFDD=CZA5J2
  738  1 (UNLOCKED)  1 (ENABLED)   ENodeBFunction=1,EUtranCellFDD=CZA5J3
  877  1 (UNLOCKED)  1 (ENABLED)   ENodeBFunction=1,EUtranCellFDD=CZA5M1
 1072  1 (UNLOCKED)  1 (ENABLED)   ENodeBFunction=1,EUtranCellFDD=CZA5M2
 1168  1 (UNLOCKED)  1 (ENABLED)   ENodeBFunction=1,EUtranCellFDD=CZA5M3
 1305  1 (UNLOCKED)  1 (ENABLED)   ENodeBFunction=1,EUtranCellFDD=CZA5T1
 1477  1 (UNLOCKED)  1 (ENABLED)   ENodeBFunction=1,EUtranCellFDD=CZA5T2
 1573  1 (UNLOCKED)  1 (ENABLED)   ENodeBFunction=1,EUtranCellFDD=CZA5T3
 2546  1 (UNLOCKED)  1 (ENABLED)   ENodeBFunction=1,NbIotCell=CZA5N1
 2547  1 (UNLOCKED)  1 (ENABLED)   ENodeBFunction=1,NbIotCell=CZA5N2
 2548  1 (UNLOCKED)  1 (ENABLED)   ENodeBFunction=1,NbIotCell=CZA5N3
 3809                1 (ENABLED)   GNBCUCPFunction=1,EUtraNetwork=1,ExternalENodeBFunction=auto222_1_2_650571,ExternalEUtranCell=2221-650571-71
 3810                1 (ENABLED)   GNBCUCPFunction=1,EUtraNetwork=1,ExternalENodeBFunction=auto222_1_2_650571,ExternalEUtranCell=2221-650571-72
 3811                1 (ENABLED)   GNBCUCPFunction=1,EUtraNetwork=1,ExternalENodeBFunction=auto222_1_2_650571,ExternalEUtranCell=2221-650571-73
 4307  1 (UNLOCKED)  1 (ENABLED)   GNBDUFunction=1,NRCellDU=CZA5G1
 4309  1 (UNLOCKED)  1 (ENABLED)   GNBDUFunction=1,NRCellDU=CZA5G2
 4311  1 (UNLOCKED)  1 (ENABLED)   GNBDUFunction=1,NRCellDU=CZA5G3
===================================================================================
Total: 21 MOs

INFO: NRCellDU status needs to be printed with command "stz" or "hget ,nrcell state" due to dependency to cellState/serviceState attributes.

CZA5T> st radio

251125-11:24:37+0100 19.31.9.229 25.0h MSRBS_NODE_MODEL_25.Q1_693.28324.131_62ac stopfile=/tmp/2118554
===================================================================================
Proxy  Adm State     Op. State     MO
===================================================================================
 3567  1 (UNLOCKED)  1 (ENABLED)   Equipment=1,FieldReplaceableUnit=Radio-S110-1
 3590  1 (UNLOCKED)  1 (ENABLED)   Equipment=1,FieldReplaceableUnit=Radio-S111-1
 3613  1 (UNLOCKED)  1 (ENABLED)   Equipment=1,FieldReplaceableUnit=Radio-S112-1
 3636  1 (UNLOCKED)  1 (ENABLED)   Equipment=1,FieldReplaceableUnit=Radio-S220-1
 3663  1 (UNLOCKED)  1 (ENABLED)   Equipment=1,FieldReplaceableUnit=Radio-S221-1
 3690  1 (UNLOCKED)  1 (ENABLED)   Equipment=1,FieldReplaceableUnit=Radio-S222-1
21515  1 (UNLOCKED)  1 (ENABLED)   Transport=1,Synchronization=1,RadioEquipmentClock=1,RadioEquipmentClockReference=NTP1
21516  1 (UNLOCKED)  1 (ENABLED)   Transport=1,Synchronization=1,RadioEquipmentClock=1,RadioEquipmentClockReference=PTP
===================================================================================
Total: 8 MOs

CZA5T> sdir

251125-11:24:37+0100 19.31.9.229 25.0h MSRBS_NODE_MODEL_25.Q1_693.28324.131_62ac stopfile=/tmp/2118554
INFO: Using amos lookupAccount credentials for the export login
.....................
get /rop/A20251125.0930-0945_CZA5T.xml.gz /ericsson/log/amos/moshell_logfiles/t20251125_37258710_65084/logs_moshell/pmfiles/19.31.9.229/rop/A20251125.0930-0945_CZA5T.xml.gz ... OK
get /rop/A20251125.0945-1000_CZA5T.xml.gz /ericsson/log/amos/moshell_logfiles/t20251125_37258710_65084/logs_moshell/pmfiles/19.31.9.229/rop/A20251125.0945-1000_CZA5T.xml.gz ... OK
get /rop/A20251125.1000-1015_CZA5T.xml.gz /ericsson/log/amos/moshell_logfiles/t20251125_37258710_65084/logs_moshell/pmfiles/19.31.9.229/rop/A20251125.1000-1015_CZA5T.xml.gz ... OK
....Checking available boards on node...

Collecting RCS board data ...
...........................................................................................................................
..................................
............................................................................................................................................................................................................................................................................................................................................................
....
Collecting TN data...
..........................................................................................................................................................................
Getting MO data from node (115 MOs). Please wait...
0%                                             ~50%                                           ~100%
.....................................................................................................................................
Collecting RF data...
......
Collecting Alarms...
Executing action Log.export()
...
Log=AlarmLog                    actionId=22195
...................
Executing action LogM.exportAvailabilityLog()
..LogM=1,exportAvailabilityLog    actionId=22196
.....Parsing alarmLog.........Done.
Parsing availabilityLog........Done.
...........

Total: 6 CPRI links (6 OK, 0 OKW, 0 NOK, 0 NT)
.
+--------+                      +----------------------------+
|        | A        O101     D1 |        Radio-S220-1        |
|        |-----------1----------| RRU247924B824B2024B28BM01* |
|        |         OK-77m       |           BXP_4            |
|        |                      +----------------------------+
|        |                                     |A  |B  |C  |D
|        |                          SE=220* AG=220 FDD=CZA5E1
|        |                  FDD=CZA5J1 NIOT=CZA5N1 NRC=CZA5G1
|        |
|        |                      +----------------------------+
|        | B        O101     D1 |        Radio-S221-1        |
|        |-----------2----------| RRU247924B824B2024B28BM01* |
|        |         OK-77m       |           BXP_2            |
|        |                      +----------------------------+
|        |                                     |A  |B  |C  |D
|        |                          SE=221* AG=221 FDD=CZA5E2
|        |                  FDD=CZA5J2 NIOT=CZA5N2 NRC=CZA5G2
|        |
|        |                      +----------------------------+
|        | C        O101     D1 |        Radio-S222-1        |
|        |-----------3----------| RRU247924B824B2024B28BM01* |
|        |         OK-77m       |           BXP_7            |
|        |                      +----------------------------+
|        |                                     |A  |B  |C  |D
|  BB-1  |                          SE=222* AG=222 FDD=CZA5E3
| BB6631 |                  FDD=CZA5J3 NIOT=CZA5N3 NRC=CZA5G3
| 000100 |
|        |
|        |                      +------------------+
|        | D        O101     D2 |   Radio-S110-1   |
|        |-----------4----------| RRU449944B144B3C |
|        |         OK-77m       |      BXP_3       |
|        |                      +------------------+
|        |                           |A  |B  |C  |D
|        |                 SE=110 AG=110 FDD=CZA5M1
|        |                               FDD=CZA5T1
|        |
|        |                      +------------------+
|        | E        O101     D2 |   Radio-S111-1   |
|        |-----------5----------| RRU449944B144B3C |
|        |         OK-77m       |      BXP_5       |
|        |                      +------------------+
|        |                           |A  |B  |C  |D
|        |                 SE=111 AG=111 FDD=CZA5M2
|        |                               FDD=CZA5T2
|        |
|        |                      +------------------+
|        | F        O101     D2 |   Radio-S112-1   |
|        |-----------6----------| RRU449944B144B3C |
|        |         OK-77m       |      BXP_6       |
|        |                      +------------------+
|        |                           |A  |B  |C  |D
|        |                 SE=112 AG=112 FDD=CZA5M3
+--------+                               FDD=CZA5T3

=====================================================================================================================================
ID RiL    Type Res MO1-MO2                  BOARD1-BOARD2                     AlmIDs Cells (States)                                         Issue (Failed checks)
=====================================================================================================================================
 1 S220-1 O101 OK  BB-1(A) Radio-S220-1(D1) BB6631 RRU247924B824B2024B28BM01*        FDD=CZA5E1 FDD=CZA5J1 NIOT=CZA5N1 NRC=CZA5G1 (1,1,1,1) Passed
 2 S221-1 O101 OK  BB-1(B) Radio-S221-1(D1) BB6631 RRU247924B824B2024B28BM01*        FDD=CZA5E2 FDD=CZA5J2 NIOT=CZA5N2 NRC=CZA5G2 (1,1,1,1) Passed
 3 S222-1 O101 OK  BB-1(C) Radio-S222-1(D1) BB6631 RRU247924B824B2024B28BM01*        FDD=CZA5E3 FDD=CZA5J3 NIOT=CZA5N3 NRC=CZA5G3 (1,1,1,1) Passed
 4 S110-1 O101 OK  BB-1(D) Radio-S110-1(D2) BB6631 RRU449944B144B3C                  FDD=CZA5M1 FDD=CZA5T1 (1,1)                            Passed
 5 S111-1 O101 OK  BB-1(E) Radio-S111-1(D2) BB6631 RRU449944B144B3C                  FDD=CZA5M2 FDD=CZA5T2 (1,1)                            Passed
 6 S112-1 O101 OK  BB-1(F) Radio-S112-1(D2) BB6631 RRU449944B144B3C                  FDD=CZA5M3 FDD=CZA5T3 (1,1)                            Passed
-------------------------------------------------------------------------------------------------------------------------------------

Node: RadioNode LN   CXP2010174/2_R27J08 (25.Q1)   G3.1   LTE-FDD,LTE-IoT NR-LB-FDD-ESS-NSA

=====================================================================================================================================
FRU          ;LNH    ;BOARD                      ;ST ;FAULT ;OPER ;MAINT ;STAT ;PRODUCTNUMBER   ;REV     ;SERIAL        ;DATE     ;PMTEMP ; TEMP ; UPT ;VOLT ;SW                   ;
=====================================================================================================================================
BB-1         ;000100 ;BB6631                     ; 1 ;  OFF ;  ON ;  OFF ;  ON ;KDU1370071/11   ;R2A     ;E96A00YJS1    ;20230228 ;3 (OK) ;      ;2.98 ;54   ;                     ;
Radio-S110-1 ;BXP_3  ;RRU449944B144B3C           ; 1 ;  OFF ;  ON ;  OFF ; N/A ;KRC161787/1     ;R2F     ;E23E482305    ;20230209 ;4 (OK) ; 34.6 ;2.98 ;52.2 ;CXP9013268%15_R101LX ; (Radio449944B144B3C)
Radio-S111-1 ;BXP_5  ;RRU449944B144B3C           ; 1 ;  OFF ;  ON ;  OFF ; N/A ;KRC161787/1     ;R2F     ;E23E482309    ;20230209 ;4 (OK) ; 26.5 ;2.98 ;54.3 ;CXP9013268%15_R101LX ; (Radio449944B144B3C)
Radio-S112-1 ;BXP_6  ;RRU449944B144B3C           ; 1 ;  OFF ;  ON ;  OFF ; N/A ;KRC161787/1     ;R2F     ;E23E482331    ;20230209 ;4 (OK) ; 33.1 ;2.98 ;54.1 ;CXP9013268%15_R101LX ; (Radio449944B144B3C)
Radio-S220-1 ;BXP_4  ;RRU247924B824B2024B28BM01* ; 1 ;  OFF ;  ON ;  OFF ; N/A ;KRC161832/1     ;R2F     ;TU8U028MEC    ;20231014 ;4 (OK) ; 32.0 ;2.98 ;54.3 ;CXP9013268%15_R101LX ; (Radio247924B824B2024B28BM01)
Radio-S221-1 ;BXP_2  ;RRU247924B824B2024B28BM01* ; 1 ;  OFF ;  ON ;  OFF ; N/A ;KRC161832/1     ;R2F     ;TU8U028M8Z    ;20231014 ;4 (OK) ; 31.8 ;2.98 ;54.6 ;CXP9013268%15_R101LX ; (Radio247924B824B2024B28BM01)
Radio-S222-1 ;BXP_7  ;RRU247924B824B2024B28BM01* ; 1 ;  OFF ;  ON ;  OFF ; N/A ;KRC161832/1     ;R2F     ;TU8U028M0W    ;20231013 ;4 (OK) ; 31.7 ;2.98 ;54.3 ;CXP9013268%15_R101LX ; (Radio247924B824B2024B28BM01)
-------------------------------------------------------------------------------------------------------------------------------------

=====================================================================================================================================
AntennaNearUnit                                       ;ST  ;TYPE   ;PRODUCTNR       ;REV                ;UNIQUEID             ;RfPort
=====================================================================================================================================
AntennaUnitGroup=220,AntennaNearUnit=RET_1800_2100_1  ; 1  ;S-RET  ;AIMM20M22S0v01  ;WD82MANQR22_VER.A  ;HWN3880N8004X013Lb1  ;FieldReplaceableUnit=Radio-S220-1,RfPort=R
AntennaUnitGroup=220,AntennaNearUnit=RET_1800_2100_2  ; 1  ;S-RET  ;AIMM20M22S0v01  ;WD82MANQR22_VER.A  ;HWN3880N8004Y049Rb2  ;FieldReplaceableUnit=Radio-S220-1,RfPort=R
AntennaUnitGroup=220,AntennaNearUnit=RET_2600         ; 1  ;S-RET  ;AIMM20M22S0v01  ;WD82MANQR22_VER.A  ;HWN3880N80050075Ly1  ;FieldReplaceableUnit=Radio-S220-1,RfPort=R
AntennaUnitGroup=220,AntennaNearUnit=RET_700          ; 1  ;S-RET  ;AIMM20M22S0v01  ;WD82MANQR22_VER.A  ;HWN3880N8004W035Rr2  ;FieldReplaceableUnit=Radio-S220-1,RfPort=R
AntennaUnitGroup=220,AntennaNearUnit=RET_800_900      ; 1  ;S-RET  ;AIMM20M22S0v01  ;WD82MANQR22_VER.A  ;HWN3880N8004V098Lr1  ;FieldReplaceableUnit=Radio-S220-1,RfPort=R
AntennaUnitGroup=221,AntennaNearUnit=RET_1800_2100_1  ; 1  ;S-RET  ;AIMM20M22S0v01  ;WD82MANQR22_VER.A  ;HWN3880N80003066Lb1  ;FieldReplaceableUnit=Radio-S221-1,RfPort=R
AntennaUnitGroup=221,AntennaNearUnit=RET_1800_2100_2  ; 1  ;S-RET  ;AIMM20M22S0v01  ;WD82MANQR22_VER.A  ;HWN3880N80004092Rb2  ;FieldReplaceableUnit=Radio-S221-1,RfPort=R
AntennaUnitGroup=221,AntennaNearUnit=RET_2600         ; 1  ;S-RET  ;AIMM20M22S0v01  ;WD82MANQR22_VER.A  ;HWN3880N80005072Ly1  ;FieldReplaceableUnit=Radio-S221-1,RfPort=R
AntennaUnitGroup=221,AntennaNearUnit=RET_700          ; 1  ;S-RET  ;AIMM20M22S0v01  ;WD82MANQR22_VER.A  ;HWN3880N80002028Rr2  ;FieldReplaceableUnit=Radio-S221-1,RfPort=R
AntennaUnitGroup=221,AntennaNearUnit=RET_800_900      ; 1  ;S-RET  ;AIMM20M22S0v01  ;WD82MANQR22_VER.A  ;HWN3880N80001087Lr1  ;FieldReplaceableUnit=Radio-S221-1,RfPort=R
AntennaUnitGroup=222,AntennaNearUnit=RET_1800_2100_1  ; 1  ;S-RET  ;AIMM20M22S0v01  ;WD82MANQR22_VER.A  ;HWN3880N8007L074Lb1  ;FieldReplaceableUnit=Radio-S222-1,RfPort=R
AntennaUnitGroup=222,AntennaNearUnit=RET_1800_2100_2  ; 1  ;S-RET  ;AIMM20M22S0v01  ;WD82MANQR22_VER.A  ;HWN3880N8007M085Rb2  ;FieldReplaceableUnit=Radio-S222-1,RfPort=R
AntennaUnitGroup=222,AntennaNearUnit=RET_2600         ; 1  ;S-RET  ;AIMM20M22S0v01  ;WD82MANQR22_VER.A  ;HWN3880N8007N014Ly1  ;FieldReplaceableUnit=Radio-S222-1,RfPort=R
AntennaUnitGroup=222,AntennaNearUnit=RET_700          ; 1  ;S-RET  ;AIMM20M22S0v01  ;WD82MANQR22_VER.A  ;HWN3880N8007K029Rr2  ;FieldReplaceableUnit=Radio-S222-1,RfPort=R
AntennaUnitGroup=222,AntennaNearUnit=RET_800_900      ; 1  ;S-RET  ;AIMM20M22S0v01  ;WD82MANQR22_VER.A  ;HWN3880N8007J092Lr1  ;FieldReplaceableUnit=Radio-S222-1,RfPort=R
-------------------------------------------------------------------------------------------------------------------------------------

=====================================================================================================================================
XPBOARD  ;ST ;FAULT ;OPER ;PRODUCTNUMBER ;REV ;SERIAL/NAME ;DATE     ; TEMP ;MO
=====================================================================================================================================
FAN08    ; 1 ;N/A   ;N/A  ;BKV106236/1   ;R2G ;CE5100REPY  ;20220725 ; 40.0 ;SupportUnit=1 (FAN  BB-1)
-------------------------------------------------------------------------------------------------------------------------------------

=====================================================================================================================================
ID ;T ;RiL    ;BPBP ;BOARD1                     ;LNH1 ;PORT ;R ;LINK ;RATE  ; BER ;BOARD2                     ;LNH2 ;PORT ;R ;LINK ;RATE  ; BER ;LENGTH ;MO1 - MO2
=====================================================================================================================================
 1 ;O ;S220-1 ;1111 ;BB6631                     ;000100 ; 1 ;M ;Up   ;10.1G ;   0 ;RRU247924B824B2024B28BM01* ;BXP_4  ; 0 ;S ;Up   ;10.1G ;   0 ;   77m ;Fru=BB-1(A) Fru=Radio-S220-1(D1)
 2 ;O ;S221-1 ;1111 ;BB6631                     ;000100 ; 2 ;M ;Up   ;10.1G ;   0 ;RRU247924B824B2024B28BM01* ;BXP_2  ; 0 ;S ;Up   ;10.1G ;   0 ;   77m ;Fru=BB-1(B) Fru=Radio-S221-1(D1)
 3 ;O ;S222-1 ;1111 ;BB6631                     ;000100 ; 3 ;M ;Up   ;10.1G ;   0 ;RRU247924B824B2024B28BM01* ;BXP_7  ; 0 ;S ;Up   ;10.1G ;   0 ;   77m ;Fru=BB-1(C) Fru=Radio-S222-1(D1)
 4 ;O ;S110-1 ;1111 ;BB6631                     ;000100 ; 4 ;M ;Up   ;10.1G ;   0 ;RRU449944B144B3C           ;BXP_3  ; 1 ;S ;Up   ;10.1G ;   0 ;   77m ;Fru=BB-1(D) Fru=Radio-S110-1(D2)
 5 ;O ;S111-1 ;1111 ;BB6631                     ;000100 ; 5 ;M ;Up   ;10.1G ;   0 ;RRU449944B144B3C           ;BXP_5  ; 1 ;S ;Up   ;10.1G ;   0 ;   77m ;Fru=BB-1(E) Fru=Radio-S111-1(D2)
 6 ;O ;S112-1 ;1111 ;BB6631                     ;000100 ; 6 ;M ;Up   ;10.1G ;   0 ;RRU449944B144B3C           ;BXP_6  ; 1 ;S ;Up   ;10.1G ;   0 ;   77m ;Fru=BB-1(F) Fru=Radio-S112-1(D2)
-------------------------------------------------------------------------------------------------------------------------------------

=====================================================================================================================================
ID ;LINK ;RiL    ;VENDOR1  ;VENDORPROD1     ;REV1 ;SERIAL1      ;DATE1    ;ERICSSONPROD1      ;VENDOR2  ;VENDORPROD2     ;REV2 ;SERIAL2      ;DATE2    ;ERICSSONPROD2      ;TT ;WL1     ;WL2    
=====================================================================================================================================
 1 ;Up   ;S220-1 ;ERICSSON ;EOLP-1396-02-IY ;1.0  ;DZ8P201QBV   ;20230214 ;RDH10265/2 R1A     ;ERICSSON ;EOLP-1396-02-IY ;1.0  ;DZ8P201QAJ   ;20230214 ;RDH10265/2 R1A     ;0  ;1310.00 ;1310.00
 2 ;Up   ;S221-1 ;ERICSSON ;EOLP-1396-02-IY ;1.0  ;DZ8P201QB8   ;20230214 ;RDH10265/2 R1A     ;ERICSSON ;EOLP-1396-02-IY ;1.0  ;DZ8P201QBP   ;20230214 ;RDH10265/2 R1A     ;0  ;1310.00 ;1310.00
 3 ;Up   ;S222-1 ;ERICSSON ;EOLP-1396-02-IY ;1.0  ;DZ8P201QBQ   ;20230214 ;RDH10265/2 R1A     ;ERICSSON ;EOLP-1396-02-IY ;1.0  ;DZ8P201QBF   ;20230214 ;RDH10265/2 R1A     ;0  ;1310.00 ;1310.00
 4 ;Up   ;S110-1 ;ERICSSON ;EOLP-1396-02-IY ;1.0  ;DZ8P201QBX   ;20230214 ;RDH10265/2 R1A     ;ERICSSON ;EOLP-1396-02-IY ;1.0  ;DZ8P201QAK   ;20230214 ;RDH10265/2 R1A     ;0  ;1310.00 ;1310.00
 5 ;Up   ;S111-1 ;ERICSSON ;EOLP-1396-02-IY ;1.0  ;DZ8P201QC0   ;20230214 ;RDH10265/2 R1A     ;ERICSSON ;EOLP-1396-02-IY ;1.0  ;DZ8P201QA2   ;20230214 ;RDH10265/2 R1A     ;0  ;1310.00 ;1310.00
 6 ;Up   ;S112-1 ;ERICSSON ;EOLP-1396-02-IY ;1.0  ;DZ8P201Q9R   ;20230214 ;RDH10265/2 R1A     ;ERICSSON ;EOLP-1396-02-IY ;1.0  ;DZ8P201QBW   ;20230214 ;RDH10265/2 R1A     ;0  ;1310.00 ;1310.00
-------------------------------------------------------------------------------------------------------------------------------------

=====================================================================================================================================
ID ;LINK ;RiL    ;WL1     ;TEMP1 ;TXbs1 ;TXdBm1 ;RXdBm1 ;BER1   ;WL2     ;TEMP2 ;TXbs2 ;TXdBm2 ;RXdBm2 ;BER2   ;DlLoss ;UlLoss ;LENGTH ;TT
=====================================================================================================================================
 1 ;Up   ;S220-1 ;1310.00 ;38C   ;41%   ;-3.12  ;-2.46  ;   0   ;1310.00 ;32C   ;40%   ;-2.35  ;-3.12  ;   0   ;     0 ;  0.11 ;   77m ; 0
 2 ;Up   ;S221-1 ;1310.00 ;39C   ;41%   ;-3.26  ;-2.67  ;   0   ;1310.00 ;31C   ;39%   ;-3.61  ;-3.82  ;   0   ;  0.56 ; -0.94 ;   77m ; 0
 3 ;Up   ;S222-1 ;1310.00 ;40C   ;41%   ;-3.10  ;-3.16  ;   0   ;1310.00 ;28C   ;38%   ;-3.15  ;-3.05  ;   0   ; -0.05 ;  0.01 ;   77m ; 0
 4 ;Up   ;S110-1 ;1310.00 ;42C   ;42%   ;-3.58  ;-3.21  ;   0   ;1310.00 ;35C   ;39%   ;-2.92  ;-3.16  ;   0   ; -0.42 ;  0.29 ;   77m ; 0
 5 ;Up   ;S111-1 ;1310.00 ;39C   ;43%   ;-2.82  ;-3.32  ;   0   ;1310.00 ;23C   ;38%   ;-2.84  ;-3.90  ;   0   ;  1.08 ;  0.48 ;   77m ; 0
 6 ;Up   ;S112-1 ;1310.00 ;41C   ;42%   ;-3.00  ;-2.94  ;   0   ;1310.00 ;28C   ;39%   ;-3.70  ;-3.09  ;   0   ;  0.09 ; -0.76 ;   77m ; 0
-------------------------------------------------------------------------------------------------------------------------------------

=====================================================================================================================================
ID ;RiL    ;BOARD                      ;SFPLNH  ;PORT ;VENDOR   ;VENDORPROD      ;REV  ;SERIAL       ;DATE     ;ERICSSONPROD       ;WL      ;TEMP  ;TXbs  ;TXdBm  ;RXdBm  ; BER
=====================================================================================================================================
 1 ;S220-1 ;BB6631                     ;000100   ;  1 ;ERICSSON ;EOLP-1396-02-IY ;1.0  ;DZ8P201QBV   ;20230214 ;RDH10265/2 R1A     ;1310.00 ;38C   ;41%   ;-3.12  ;-2.46  ;   0
 2 ;S221-1 ;BB6631                     ;000100   ;  2 ;ERICSSON ;EOLP-1396-02-IY ;1.0  ;DZ8P201QB8   ;20230214 ;RDH10265/2 R1A     ;1310.00 ;39C   ;41%   ;-3.26  ;-2.67  ;   0
 3 ;S222-1 ;BB6631                     ;000100   ;  3 ;ERICSSON ;EOLP-1396-02-IY ;1.0  ;DZ8P201QBQ   ;20230214 ;RDH10265/2 R1A     ;1310.00 ;40C   ;41%   ;-3.10  ;-3.16  ;   0
 4 ;S110-1 ;BB6631                     ;000100   ;  4 ;ERICSSON ;EOLP-1396-02-IY ;1.0  ;DZ8P201QBX   ;20230214 ;RDH10265/2 R1A     ;1310.00 ;42C   ;42%   ;-3.58  ;-3.21  ;   0
 5 ;S111-1 ;BB6631                     ;000100   ;  5 ;ERICSSON ;EOLP-1396-02-IY ;1.0  ;DZ8P201QC0   ;20230214 ;RDH10265/2 R1A     ;1310.00 ;39C   ;43%   ;-2.82  ;-3.32  ;   0
 6 ;S112-1 ;BB6631                     ;000100   ;  6 ;ERICSSON ;EOLP-1396-02-IY ;1.0  ;DZ8P201Q9R   ;20230214 ;RDH10265/2 R1A     ;1310.00 ;41C   ;42%   ;-3.00  ;-2.94  ;   0
 2 ;S221-1 ;RRU247924B824B2024B28BM01* ;BXP_2    ;  0 ;ERICSSON ;EOLP-1396-02-IY ;1.0  ;DZ8P201QBP   ;20230214 ;RDH10265/2 R1A     ;1310.00 ;31C   ;39%   ;-3.61  ;-3.82  ;   0
 4 ;S110-1 ;RRU449944B144B3C           ;BXP_3    ;  1 ;ERICSSON ;EOLP-1396-02-IY ;1.0  ;DZ8P201QAK   ;20230214 ;RDH10265/2 R1A     ;1310.00 ;35C   ;39%   ;-2.92  ;-3.16  ;   0
 1 ;S220-1 ;RRU247924B824B2024B28BM01* ;BXP_4    ;  0 ;ERICSSON ;EOLP-1396-02-IY ;1.0  ;DZ8P201QAJ   ;20230214 ;RDH10265/2 R1A     ;1310.00 ;32C   ;40%   ;-2.35  ;-3.12  ;   0
 5 ;S111-1 ;RRU449944B144B3C           ;BXP_5    ;  1 ;ERICSSON ;EOLP-1396-02-IY ;1.0  ;DZ8P201QA2   ;20230214 ;RDH10265/2 R1A     ;1310.00 ;23C   ;38%   ;-2.84  ;-3.90  ;   0
 6 ;S112-1 ;RRU449944B144B3C           ;BXP_6    ;  1 ;ERICSSON ;EOLP-1396-02-IY ;1.0  ;DZ8P201QBW   ;20230214 ;RDH10265/2 R1A     ;1310.00 ;28C   ;39%   ;-3.70  ;-3.09  ;   0
 3 ;S222-1 ;RRU247924B824B2024B28BM01* ;BXP_7    ;  0 ;ERICSSON ;EOLP-1396-02-IY ;1.0  ;DZ8P201QBF   ;20230214 ;RDH10265/2 R1A     ;1310.00 ;28C   ;38%   ;-3.15  ;-3.05  ;   0
-------------------------------------------------------------------------------------------------------------------------------------
TN ;       ;BB6631                     ;000100   ; IB ;ERICSSON ;EOLP-1396-02-IY ;1.0  ;DZ8P201QBU   ;20230214 ;RDH10265/2 R1A     ;1310    ;38C   ;41%   ;-2.98  ;-5.64  ;NZ/0
TN ;       ;BB6631                     ;000100   ;IA2 ;ERICSSON ;42020201934     ;A0   ;202246600629 ;20221107 ;RPM777053/1000 R1B ;NA      ;NA    ;NA    ;NA     ;NA     ; 0/0
-------------------------------------------------------------------------------------------------------------------------------------

=====================================================================================================================================
BOARD  ;LNH    ;PORT       ;T ;S ;OpMode         ;AutoNeg ;MacAddress        ;VlanIds        ;LOS ;BER
=====================================================================================================================================
BB6631 ;000100 ;TN_E       ;E ;1 ;1G_FULL_MASTER ;true    ;E0:47:35:DF:1F:31 ;3910           ;0   ;0/0
BB6631 ;000100 ;TN_IDL_A_1 ;E ;1 ;10G_FULL       ;false   ;E0:47:35:DF:1F:2A ;3901,3908,3910 ;0   ;0/0
BB6631 ;000100 ;TN_IDL_A_2 ;O ;1 ;10G_FULL       ;false   ;E0:47:35:DF:1F:2B ;3908           ;0   ;0/0
BB6631 ;000100 ;TN_IDL_B   ;O ;1 ;1G_FULL        ;true    ;E0:47:35:DF:1F:2E ;3901,3908,3910 ;0   ;NZ/0
-------------------------------------------------------------------------------------------------------------------------------------

radioClockState : RNT_TIME_LOCKED
-------------------------------------------------------------------------------------
Prio  ;ST  ;syncRefType    ;refStatus  ;opQualLevel  ;SyncReference
-------------------------------------------------------------------------------------
  *1  ; 1  ;PTP_TIME       ;NO_FAULT   ;PRTC         ;Ptp=1,BoundaryOrdinaryClock=PTP (G_8275_1 EthernetPort=TN_IDL_B:SLAVE EthernetPort=TN_IDL_A_1:MASTER)
   2  ; 1  ;NTP_FREQUENCY  ;NO_FAULT   ;PRC          ;Ntp=1,NtpFrequencySync=NTP1 (10.31.0.54:32751 Router=45G_Traffic,InterfaceIPv4=LTE,AddressIPv4=LTE)
-------------------------------------------------------------------------------------
-------------------------------------------------------------------------------------
Prio  ;ST  ;assistRefStatus  ;recQualLevel  ;AssistingReference
-------------------------------------------------------------------------------------
   1  ; 1  ;NO_FAULT         ;PRC           ;Synchronization=1,SyncEthInput=SyncE (SFP_OPTICAL EthernetPort=TN_IDL_B)
-------------------------------------------------------------------------------------
nodeGroupRole   : SYNC_PROVIDER (syncNodePriority=1, selectionMode=NODE_PRIORITY)
-------------------------------------------------------------------------------------
DU  ;Port  ;sharedUnitRef (RiPortA - RiPortB)  ;remoteNodePriority  ;CandidateStatus
-------------------------------------------------------------------------------------
1   ;A     ;Fru=Radio-S220-1 (1 - 2)           ;3                   ;OK_NOT_ACTIVE
1   ;C     ;Fru=Radio-S222-1 (1 - 2)           ;3                   ;OK_NOT_ACTIVE
1   ;B     ;Fru=Radio-S221-1 (1 - 2)           ;3                   ;OK_NOT_ACTIVE
-------------------------------------------------------------------------------------

=====================================================================================================================================
FRU          ;LNH    ;BOARD                      ;RF  ;BP  ;TX (W/dBm)  ;VSWR (RL)   ;RX (dBm) ;UEs/gUEs  ;Sector/AntennaGroup/Cells (State:CellIds:PCIs)
=====================================================================================================================================
Radio-S110-1 ;BXP_3  ;RRU449944B144B3C           ; A  ;11  ;30.7 (44.9) ;1.22 (20.2) ;-91.7    ;24/-      ;SE=110 AG=110 FDD=CZA5M1 FDD=CZA5T1 (1:31:204, 1:41:253)
Radio-S110-1 ;BXP_3  ;RRU449944B144B3C           ; B  ;11  ;10.2 (40.1) ;1.25 (19.1) ;-92.0    ;24/-      ;SE=110 AG=110 FDD=CZA5M1 FDD=CZA5T1 (1:31:204, 1:41:253)
Radio-S110-1 ;BXP_3  ;RRU449944B144B3C           ; C  ;11  ;23.3 (43.7) ;1.17 (22.3) ;-91.5    ;24/-      ;SE=110 AG=110 FDD=CZA5M1 FDD=CZA5T1 (1:31:204, 1:41:253)
Radio-S110-1 ;BXP_3  ;RRU449944B144B3C           ; D  ;11  ;7.9 (39.0)  ;1.19 (21.2) ;-92.3    ;24/-      ;SE=110 AG=110 FDD=CZA5M1 FDD=CZA5T1 (1:31:204, 1:41:253)
Radio-S111-1 ;BXP_5  ;RRU449944B144B3C           ; A  ;11  ;40.4 (46.1) ;1.19 (21.4) ;-96.9    ;0/-       ;SE=111 AG=111 FDD=CZA5M2 FDD=CZA5T2 (1:32:160, 1:42:289)
Radio-S111-1 ;BXP_5  ;RRU449944B144B3C           ; B  ;11  ;-           ;1.16 (22.5) ;-96.9    ;0/-       ;SE=111 AG=111 FDD=CZA5M2 FDD=CZA5T2 (1:32:160, 1:42:289)
Radio-S111-1 ;BXP_5  ;RRU449944B144B3C           ; C  ;11  ;28.6 (44.6) ;1.14 (23.8) ;-97.0    ;0/-       ;SE=111 AG=111 FDD=CZA5M2 FDD=CZA5T2 (1:32:160, 1:42:289)
Radio-S111-1 ;BXP_5  ;RRU449944B144B3C           ; D  ;11  ;-           ;1.25 (19.1) ;-96.8    ;0/-       ;SE=111 AG=111 FDD=CZA5M2 FDD=CZA5T2 (1:32:160, 1:42:289)
Radio-S112-1 ;BXP_6  ;RRU449944B144B3C           ; A  ;11  ;41.4 (46.2) ;1.22 (20.2) ;-94.3    ;25/-      ;SE=112 AG=112 FDD=CZA5M3 FDD=CZA5T3 (1:33:405, 1:43:294)
Radio-S112-1 ;BXP_6  ;RRU449944B144B3C           ; B  ;11  ;18.2 (42.6) ;1.21 (20.5) ;-94.2    ;25/-      ;SE=112 AG=112 FDD=CZA5M3 FDD=CZA5T3 (1:33:405, 1:43:294)
Radio-S112-1 ;BXP_6  ;RRU449944B144B3C           ; C  ;11  ;32.8 (45.2) ;1.17 (22.2) ;-94.7    ;25/-      ;SE=112 AG=112 FDD=CZA5M3 FDD=CZA5T3 (1:33:405, 1:43:294)
Radio-S112-1 ;BXP_6  ;RRU449944B144B3C           ; D  ;11  ;16.2 (42.1) ;1.14 (23.7) ;-94.6    ;25/-      ;SE=112 AG=112 FDD=CZA5M3 FDD=CZA5T3 (1:33:405, 1:43:294)
Radio-S220-1 ;BXP_4  ;RRU247924B824B2024B28BM01* ; A  ;11  ;19.0 (42.8) ;1.29 (18.0) ;-96.8    ;3/13      ;SE=220* AG=220 FDD=CZA5E1 FDD=CZA5J1 NIOT=CZA5N1 NRC=CZA5G1 (1:61:195, 1:71:105, 1:161:195, 1:561:610)
Radio-S220-1 ;BXP_4  ;RRU247924B824B2024B28BM01* ; B  ;11  ;17.3 (42.4) ;1.23 (19.8) ;-96.7    ;3/13      ;SE=220* AG=220 FDD=CZA5E1 FDD=CZA5J1 NIOT=CZA5N1 NRC=CZA5G1 (1:61:195, 1:71:105, 1:161:195, 1:561:610)
Radio-S220-1 ;BXP_4  ;RRU247924B824B2024B28BM01* ; C  ;11  ;8.3 (39.2)  ;1.20 (21.0) ;-96.6    ;3/13      ;SE=220* AG=220 FDD=CZA5E1 FDD=CZA5J1 NIOT=CZA5N1 NRC=CZA5G1 (1:61:195, 1:71:105, 1:161:195, 1:561:610)
Radio-S220-1 ;BXP_4  ;RRU247924B824B2024B28BM01* ; D  ;11  ;8.3 (39.2)  ;1.20 (20.9) ;-97.2    ;3/13      ;SE=220* AG=220 FDD=CZA5E1 FDD=CZA5J1 NIOT=CZA5N1 NRC=CZA5G1 (1:61:195, 1:71:105, 1:161:195, 1:561:610)
Radio-S221-1 ;BXP_2  ;RRU247924B824B2024B28BM01* ; A  ;11  ;21.8 (43.4) ;1.07 (29.2) ;-98.7    ;0/-       ;SE=221* AG=221 FDD=CZA5E2 FDD=CZA5J2 NIOT=CZA5N2 NRC=CZA5G2 (1:62:319, 1:72:138, 1:162:319, 1:562:601)
Radio-S221-1 ;BXP_2  ;RRU247924B824B2024B28BM01* ; B  ;11  ;11.4 (40.6) ;1.15 (23.2) ;-99.1    ;0/-       ;SE=221* AG=221 FDD=CZA5E2 FDD=CZA5J2 NIOT=CZA5N2 NRC=CZA5G2 (1:62:319, 1:72:138, 1:162:319, 1:562:601)
Radio-S221-1 ;BXP_2  ;RRU247924B824B2024B28BM01* ; C  ;11  ;7.4 (38.7)  ;1.13 (24.5) ;-98.7    ;0/-       ;SE=221* AG=221 FDD=CZA5E2 FDD=CZA5J2 NIOT=CZA5N2 NRC=CZA5G2 (1:62:319, 1:72:138, 1:162:319, 1:562:601)
Radio-S221-1 ;BXP_2  ;RRU247924B824B2024B28BM01* ; D  ;11  ;7.4 (38.7)  ;1.17 (21.9) ;-99.1    ;0/-       ;SE=221* AG=221 FDD=CZA5E2 FDD=CZA5J2 NIOT=CZA5N2 NRC=CZA5G2 (1:62:319, 1:72:138, 1:162:319, 1:562:601)
Radio-S222-1 ;BXP_7  ;RRU247924B824B2024B28BM01* ; A  ;11  ;20.4 (43.1) ;1.22 (20.2) ;-96.2    ;1/8       ;SE=222* AG=222 FDD=CZA5E3 FDD=CZA5J3 NIOT=CZA5N3 NRC=CZA5G3 (1:63:240, 1:73:81, 1:163:240, 1:563:678)
Radio-S222-1 ;BXP_7  ;RRU247924B824B2024B28BM01* ; B  ;11  ;8.6 (39.4)  ;1.26 (18.8) ;-97.3    ;1/8       ;SE=222* AG=222 FDD=CZA5E3 FDD=CZA5J3 NIOT=CZA5N3 NRC=CZA5G3 (1:63:240, 1:73:81, 1:163:240, 1:563:678)
Radio-S222-1 ;BXP_7  ;RRU247924B824B2024B28BM01* ; C  ;11  ;7.6 (38.8)  ;1.24 (19.3) ;-96.5    ;1/8       ;SE=222* AG=222 FDD=CZA5E3 FDD=CZA5J3 NIOT=CZA5N3 NRC=CZA5G3 (1:63:240, 1:73:81, 1:163:240, 1:563:678)
Radio-S222-1 ;BXP_7  ;RRU247924B824B2024B28BM01* ; D  ;11  ;7.6 (38.8)  ;1.28 (18.2) ;-97.4    ;1/8       ;SE=222* AG=222 FDD=CZA5E3 FDD=CZA5J3 NIOT=CZA5N3 NRC=CZA5G3 (1:63:240, 1:73:81, 1:163:240, 1:563:678)
-------------------------------------------------------------------------------------------------------------------------------------

CZA5T> mfar

251125-11:27:53+0100 19.31.9.229 25.0h MSRBS_NODE_MODEL_25.Q1_693.28324.131_62ac stopfile=/tmp/2118554
..........
Last MO: 21520. Loaded 21520 MOs. Total: 21521 MOs.
....................................................
get /rop/A20251125.0845-0900_CZA5T.xml.gz /ericsson/log/amos/moshell_logfiles/t20251125_37258710_65084/logs_moshell/pmfiles/19.31.9.229/rop/A20251125.0845-0900_CZA5T.xml.gz ... OK
get /rop/A20251125.0900-0915_CZA5T.xml.gz /ericsson/log/amos/moshell_logfiles/t20251125_37258710_65084/logs_moshell/pmfiles/19.31.9.229/rop/A20251125.0900-0915_CZA5T.xml.gz ... OK
get /rop/A20251125.0915-0930_CZA5T.xml.gz /ericsson/log/amos/moshell_logfiles/t20251125_37258710_65084/logs_moshell/pmfiles/19.31.9.229/rop/A20251125.0915-0930_CZA5T.xml.gz ... OK

Using hardcoded thresholds: 3, 4.5, and 16.5
================================================================================================================================
SC     SE  Tx/Rx BrPair  RfPort1 - RfPort2               HW       Serial      Cell (State)   Samples   Med  Mean  SDev Pol Res Issue
================================================================================================================================
CZA5E1 220   2/4 0 (1,2) Radio-S220-1(A) Radio-S220-1(B) RRU2479  TU8U028MEC  FDD=CZA5E1 (1)   20955   0.5  -0.1   7.0  NA  OK Passed
CZA5E1 220   2/4 1 (2,3) Radio-S220-1(B) Radio-S220-1(C) RRU2479  TU8U028MEC  FDD=CZA5E1 (1)   20955  -0.5   0.0   7.0  NA  OK Passed
CZA5E1 220   2/4 2 (3,4) Radio-S220-1(C) Radio-S220-1(D) RRU2479  TU8U028MEC  FDD=CZA5E1 (1)   20955   1.5   1.0   6.4  NA  OK Passed
CZA5E2 221   2/4 0 (1,2) Radio-S221-1(A) Radio-S221-1(B) RRU2479  TU8U028M8Z  FDD=CZA5E2 (1)     187   0.5  -0.1   7.5  NA  NT Not enough data
CZA5E2 221   2/4 1 (2,3) Radio-S221-1(B) Radio-S221-1(C) RRU2479  TU8U028M8Z  FDD=CZA5E2 (1)     187   0.5  -0.1   7.4  NA  NT Not enough data
CZA5E2 221   2/4 2 (3,4) Radio-S221-1(C) Radio-S221-1(D) RRU2479  TU8U028M8Z  FDD=CZA5E2 (1)     187   0.5   0.1   7.3  NA  NT Not enough data
CZA5E3 222   2/4 0 (1,2) Radio-S222-1(A) Radio-S222-1(B) RRU2479  TU8U028M0W  FDD=CZA5E3 (1)   22434  -0.5  -0.8   6.5  NA  OK Passed
CZA5E3 222   2/4 1 (2,3) Radio-S222-1(B) Radio-S222-1(C) RRU2479  TU8U028M0W  FDD=CZA5E3 (1)   22434   0.5   1.0   6.5  NA  OK Passed
CZA5E3 222   2/4 2 (3,4) Radio-S222-1(C) Radio-S222-1(D) RRU2479  TU8U028M0W  FDD=CZA5E3 (1)   22434  -0.5  -1.2   6.6  NA  OK Passed
CZA5J1 220   2/4 0 (1,2) Radio-S220-1(A) Radio-S220-1(B) RRU2479  TU8U028MEC  FDD=CZA5J1 (1)    7914   1.5   1.3   6.9  NA  OK Passed
CZA5J1 220   2/4 1 (2,3) Radio-S220-1(B) Radio-S220-1(C) RRU2479  TU8U028MEC  FDD=CZA5J1 (1)    7914  -1.5  -1.0   6.8  NA  OK Passed
CZA5J1 220   2/4 2 (3,4) Radio-S220-1(C) Radio-S220-1(D) RRU2479  TU8U028MEC  FDD=CZA5J1 (1)    7914   1.5   1.4   6.7  NA  OK Passed
CZA5J2 221   2/4 0 (1,2) Radio-S221-1(A) Radio-S221-1(B) RRU2479  TU8U028M8Z  FDD=CZA5J2 (1)       0     0     0     0  NA  NT No data
CZA5J2 221   2/4 1 (2,3) Radio-S221-1(B) Radio-S221-1(C) RRU2479  TU8U028M8Z  FDD=CZA5J2 (1)       0     0     0     0  NA  NT No data
CZA5J2 221   2/4 2 (3,4) Radio-S221-1(C) Radio-S221-1(D) RRU2479  TU8U028M8Z  FDD=CZA5J2 (1)       0     0     0     0  NA  NT No data
CZA5J3 222   2/4 0 (1,2) Radio-S222-1(A) Radio-S222-1(B) RRU2479  TU8U028M0W  FDD=CZA5J3 (1)    3074  -2.5  -2.6   5.9  NA  OK Passed
CZA5J3 222   2/4 1 (2,3) Radio-S222-1(B) Radio-S222-1(C) RRU2479  TU8U028M0W  FDD=CZA5J3 (1)    3074   2.5   2.0   5.6  NA  OK Passed
CZA5J3 222   2/4 2 (3,4) Radio-S222-1(C) Radio-S222-1(D) RRU2479  TU8U028M0W  FDD=CZA5J3 (1)    3074  -3.5  -2.8   6.0  NA  OK Passed
CZA5M1 110   4/4 0 (1,2) Radio-S110-1(A) Radio-S110-1(B) RRU4499  E23E482305  FDD=CZA5M1 (1)   84501   0.5   0.7   7.5   S  OK Passed
CZA5M1 110   4/4 1 (2,3) Radio-S110-1(B) Radio-S110-1(C) RRU4499  E23E482305  FDD=CZA5M1 (1)   84501  -0.5  -0.4   7.7   S  OK Passed
CZA5M1 110   4/4 2 (3,4) Radio-S110-1(C) Radio-S110-1(D) RRU4499  E23E482305  FDD=CZA5M1 (1)   84501   0.5   0.2   7.8   S  OK Passed
CZA5M2 111   4/4 0 (1,2) Radio-S111-1(A) Radio-S111-1(B) RRU4499  E23E482309  FDD=CZA5M2 (1)     888  -0.5  -0.8   7.5   ?  NT Not enough data
CZA5M2 111   4/4 1 (2,3) Radio-S111-1(B) Radio-S111-1(C) RRU4499  E23E482309  FDD=CZA5M2 (1)     888   0.5   0.5   8.1   ?  NT Not enough data
CZA5M2 111   4/4 2 (3,4) Radio-S111-1(C) Radio-S111-1(D) RRU4499  E23E482309  FDD=CZA5M2 (1)     888  -0.5  -0.7   7.5   ?  NT Not enough data
CZA5M3 112   4/4 0 (1,2) Radio-S112-1(A) Radio-S112-1(B) RRU4499  E23E482331  FDD=CZA5M3 (1)   12283   0.5   0.0   6.9   S  OK Passed
CZA5M3 112   4/4 1 (2,3) Radio-S112-1(B) Radio-S112-1(C) RRU4499  E23E482331  FDD=CZA5M3 (1)   12283  -0.5  -0.3   6.8   S  OK Passed
CZA5M3 112   4/4 2 (3,4) Radio-S112-1(C) Radio-S112-1(D) RRU4499  E23E482331  FDD=CZA5M3 (1)   12283  -0.5  -0.6   6.9   S  OK Passed
CZA5T1 110   4/4 0 (1,2) Radio-S110-1(A) Radio-S110-1(B) RRU4499  E23E482305  FDD=CZA5T1 (1)   70542  -1.5  -0.8   6.6   S  OK Passed
CZA5T1 110   4/4 1 (2,3) Radio-S110-1(B) Radio-S110-1(C) RRU4499  E23E482305  FDD=CZA5T1 (1)   70542   1.5   1.2   7.3   S  OK Passed
CZA5T1 110   4/4 2 (3,4) Radio-S110-1(C) Radio-S110-1(D) RRU4499  E23E482305  FDD=CZA5T1 (1)   70542  -0.5  -0.1   6.5   S  OK Passed
CZA5T2 111   4/4 0 (1,2) Radio-S111-1(A) Radio-S111-1(B) RRU4499  E23E482309  FDD=CZA5T2 (1)    4407  -0.5   0.1   7.2   S  OK Passed
CZA5T2 111   4/4 1 (2,3) Radio-S111-1(B) Radio-S111-1(C) RRU4499  E23E482309  FDD=CZA5T2 (1)    4407   0.5   0.0   7.7   S  OK Passed
CZA5T2 111   4/4 2 (3,4) Radio-S111-1(C) Radio-S111-1(D) RRU4499  E23E482309  FDD=CZA5T2 (1)    4407  -1.5  -1.1   7.9   S  OK Passed
CZA5T3 112   4/4 0 (1,2) Radio-S112-1(A) Radio-S112-1(B) RRU4499  E23E482331  FDD=CZA5T3 (1)  119456   0.5   1.4   6.4   S  OK Passed
CZA5T3 112   4/4 1 (2,3) Radio-S112-1(B) Radio-S112-1(C) RRU4499  E23E482331  FDD=CZA5T3 (1)  119456  -1.5  -2.4   6.6   S  OK Passed
CZA5T3 112   4/4 2 (3,4) Radio-S112-1(C) Radio-S112-1(D) RRU4499  E23E482331  FDD=CZA5T3 (1)  119456   0.5   1.1   6.8   S  OK Passed
================================================================================================================================
Total: 12 SectorCarriers, 36 RfBranch Pairs (27 OK, 0 OKW, 0 NOK, 9 NT)
...........
Last MO: 21520. Loaded 21520 MOs. Total: 21521 MOs.
..................................

Using hardcoded thresholds: 3, 4.5, and 16.5
================================================================================================================================
SC     SE  Tx/Rx BrPair  RfPort1 - RfPort2               HW       Serial      Cell (State)  Samples   Med  Mean  SDev Pol Res Issue
================================================================================================================================
CZA5G1 220   2/4 0 (1,2) Radio-S220-1(A) Radio-S220-1(B) RRU2479  TU8U028MEC  DU=CZA5G1 (1)  331442  -0.5  -0.0   7.8  NA  OK Passed
CZA5G1 220   2/4 1 (2,3) Radio-S220-1(B) Radio-S220-1(C) RRU2479  TU8U028MEC  DU=CZA5G1 (1)  331440   0.5   0.3   7.7  NA  OK Passed
CZA5G1 220   2/4 2 (3,4) Radio-S220-1(C) Radio-S220-1(D) RRU2479  TU8U028MEC  DU=CZA5G1 (1)  331444  -0.5   0.1   7.5  NA  OK Passed
CZA5G2 221   2/4 0 (1,2) Radio-S221-1(A) Radio-S221-1(B) RRU2479  TU8U028M8Z  DU=CZA5G2 (1)    3213  -0.5  -0.4   6.8  NA  OK Passed
CZA5G2 221   2/4 1 (2,3) Radio-S221-1(B) Radio-S221-1(C) RRU2479  TU8U028M8Z  DU=CZA5G2 (1)    3213  -0.5  -0.0   7.0  NA  OK Passed
CZA5G2 221   2/4 2 (3,4) Radio-S221-1(C) Radio-S221-1(D) RRU2479  TU8U028M8Z  DU=CZA5G2 (1)    3213  -0.5  -0.1   6.9  NA  OK Passed
CZA5G3 222   2/4 0 (1,2) Radio-S222-1(A) Radio-S222-1(B) RRU2479  TU8U028M0W  DU=CZA5G3 (1)  165142  -1.5  -0.6   7.6  NA  OK Passed
CZA5G3 222   2/4 1 (2,3) Radio-S222-1(B) Radio-S222-1(C) RRU2479  TU8U028M0W  DU=CZA5G3 (1)  165141   0.5  -0.1   7.8  NA  OK Passed
CZA5G3 222   2/4 2 (3,4) Radio-S222-1(C) Radio-S222-1(D) RRU2479  TU8U028M0W  DU=CZA5G3 (1)  165143  -1.5  -0.2   7.8  NA  OK Passed
================================================================================================================================
Total: 3 NRSectorCarriers, 9 RfBranch Pairs (9 OK, 0 OKW, 0 NOK, 0 NT)

CZA5T> mfitr

251125-11:28:27+0100 19.31.9.229 25.0h MSRBS_NODE_MODEL_25.Q1_693.28324.131_62ac stopfile=/tmp/2118554
......................
Last MO: 21520. Loaded 21520 MOs. Total: 21521 MOs.
................
2025-11-25 11:29
================================================================================================================================
CELL       SC     FRU          BOARD                     PUSCH  PUCCH       A      B      C      D  DELTA
================================================================================================================================
FDD=CZA5E1 CZA5E1 Radio-S220-1 RRU247924B824B2024B28BM01 -116.5 -115.1 -115.9 -112.2 -115.8 -115.0    3.7
FDD=CZA5E2 CZA5E2 Radio-S221-1 RRU247924B824B2024B28BM01 -119.1 -119.2 -119.3 -119.2 -119.6 -119.3    0.4
FDD=CZA5E3 CZA5E3 Radio-S222-1 RRU247924B824B2024B28BM01 -119.1 -118.6 -119.4 -119.6 -119.1 -118.5    1.1
FDD=CZA5J1 CZA5J1 Radio-S220-1 RRU247924B824B2024B28BM01 -119.1 -118.8 -117.0 -117.5 -117.0 -117.5    0.5
FDD=CZA5J2 CZA5J2 Radio-S221-1 RRU247924B824B2024B28BM01 -119.1 -120.2 -119.8 -119.8 -119.8 -119.8      0
FDD=CZA5J3 CZA5J3 Radio-S222-1 RRU247924B824B2024B28BM01 -120.4 -120.4 -116.1 -118.0 -116.8 -118.3    2.2
FDD=CZA5M1 CZA5M1 Radio-S110-1 RRU449944B144B3C          -117.4 -118.2 -118.4 -118.1 -118.3 -118.2    0.3
FDD=CZA5M2 CZA5M2 Radio-S111-1 RRU449944B144B3C          -119.4 -119.5 -119.7 -119.7 -119.7 -119.7      0
FDD=CZA5M3 CZA5M3 Radio-S112-1 RRU449944B144B3C          -120.0 -119.9 -119.8 -119.8 -120.1 -119.9    0.3
FDD=CZA5T1 CZA5T1 Radio-S110-1 RRU449944B144B3C          -114.2 -115.7 -113.7 -113.0 -112.6 -112.4    1.3
FDD=CZA5T2 CZA5T2 Radio-S111-1 RRU449944B144B3C          -118.9 -118.5 -119.5 -119.5 -119.6 -119.5    0.1
FDD=CZA5T3 CZA5T3 Radio-S112-1 RRU449944B144B3C          -119.3 -119.0 -118.9 -118.9 -119.1 -119.1    0.2
================================================================================================================================
Bye...
Output has been logged to file /mta_fs/UserFiles/37258710/amosbatch/SDIR/CZA5T.log
