Logging to file /mta_fs/UserFiles/37258710/amosbatch/SDIR/CZB3T.log
                        __  __  ____   _____
                  /\   |  \/  |/ __ \ / ____|
                 /  \  | \  / | |  | | (___  
                / /\ \ | |\/| | |  | |\___ \ 
               / ____ \| |  | | |__| |____) |
              /_/    \_\_|  |_|\____/|_____/
              OSS Framework for MoShell-25.0h 
  Copyright (c) Ericsson AB 2001-2025 - All Rights Reserved
              
           
[1;31mWARNING: [0mthe AMOS version currently running is more than 29 weeks old and is unsupported.
Please upgrade as soon as possible to the latest released version, available from your local Ericsson support.

$amosrb_pid = 1899543

Checking ip contact...OK

HELP MENU            : h
BASIC MO COMMANDS    : m
OTHER MO COMMANDS    : n
OTHER COMMANDS       : o
PM COMMANDS          : p
QUIT                 : q

CZB3T> lt all

251125-10:19:00+0100 19.31.8.69 25.0h  stopfile=/tmp/1899443
Looking up temporary_amos account... OK.
Trying temporary_amos_t20251125_37258710_65084_131's password from amos lookupAccount ... OK

$ssh_pid = 1900154

Connected to 19.31.8.69 (SubNetwork=BBMM_rckomc_R,MeContext=CZB3T,ManagedElement=CZB3T)

Checking MOM version...MSRBS_NODE_MODEL_25.Q1_693.28324.131_62ac
Parsing MOM (cached): /ericsson/log/amos/moshell_logfiles/t20251125_37258710_65084/logs_moshell/tempfiles/scp-4-amos_20251125-101853_1899378/MSRBS_NODE_MODEL_25.Q1_693.28324.131_62ac.xml.cache.gz ..................................................................................................................................................................................................................................Done.
Using paramfile /opt/ericsson/amos/moshell/commonjars/pm/PARAM_MSRBS_25.Q1.txt
Parsing file /opt/ericsson/amos/moshell/commonjars/pm/PARAM_MSRBS_25.Q1.txt .......................................................................................Done.
Using imomdfile /opt/ericsson/amos/moshell/commonjars/pm/IMOMD_MSRBS_22.Q4.txt
Using imomfile /opt/ericsson/amos/moshell/commonjars/pm/IMOM_MSRBS_25.Q1.txt
Connected to 19.31.8.69 (SubNetwork=BBMM_rckomc_R,MeContext=CZB3T,ManagedElement=CZB3T)

Last MO: 18710. Loaded 18710 MOs. Total: 18711 MOs.

CZB3T> st cell

251125-10:19:13+0100 19.31.8.69 25.0h MSRBS_NODE_MODEL_25.Q1_693.28324.131_62ac stopfile=/tmp/1899443
===================================================================================
Proxy  Adm State     Op. State     MO
===================================================================================
   43  1 (UNLOCKED)  1 (ENABLED)   ENodeBFunction=1,EUtranCellFDD=CZB3E1
  229  1 (UNLOCKED)  1 (ENABLED)   ENodeBFunction=1,EUtranCellFDD=CZB3E2
  375  1 (UNLOCKED)  1 (ENABLED)   ENodeBFunction=1,EUtranCellFDD=CZB3M1
  546  1 (UNLOCKED)  1 (ENABLED)   ENodeBFunction=1,EUtranCellFDD=CZB3M2
  653  1 (UNLOCKED)  1 (ENABLED)   ENodeBFunction=1,EUtranCellFDD=CZB3T1
  887  1 (UNLOCKED)  1 (ENABLED)   ENodeBFunction=1,EUtranCellFDD=CZB3T2
 1899  1 (UNLOCKED)  1 (ENABLED)   ENodeBFunction=1,NbIotCell=CZB3N1
 1900  1 (UNLOCKED)  1 (ENABLED)   ENodeBFunction=1,NbIotCell=CZB3N2
===================================================================================
Total: 8 MOs

CZB3T> st radio

251125-10:19:14+0100 19.31.8.69 25.0h MSRBS_NODE_MODEL_25.Q1_693.28324.131_62ac stopfile=/tmp/1899443
===================================================================================
Proxy  Adm State     Op. State     MO
===================================================================================
 2757  1 (UNLOCKED)  1 (ENABLED)   Equipment=1,FieldReplaceableUnit=Radio-S1-1
 2769  1 (UNLOCKED)  1 (ENABLED)   Equipment=1,FieldReplaceableUnit=Radio-S100-1
 2792  1 (UNLOCKED)  1 (ENABLED)   Equipment=1,FieldReplaceableUnit=Radio-S180-NGS
 2806  1 (UNLOCKED)  1 (ENABLED)   Equipment=1,FieldReplaceableUnit=Radio-S2-1
18702  1 (UNLOCKED)  1 (ENABLED)   Transport=1,Synchronization=1,RadioEquipmentClock=1,RadioEquipmentClockReference=NTP1
18703  1 (UNLOCKED)  0 (DISABLED)  Transport=1,Synchronization=1,RadioEquipmentClock=1,RadioEquipmentClockReference=PTP8275_2
===================================================================================
Total: 6 MOs

CZB3T> sdir

251125-10:19:14+0100 19.31.8.69 25.0h MSRBS_NODE_MODEL_25.Q1_693.28324.131_62ac stopfile=/tmp/1899443
INFO: Using amos lookupAccount credentials for the export login
.............................
get /rop/A20251125.0830-0845_CZB3T.xml.gz /ericsson/log/amos/moshell_logfiles/t20251125_37258710_65084/logs_moshell/pmfiles/19.31.8.69/rop/A20251125.0830-0845_CZB3T.xml.gz ... OK
get /rop/A20251125.0845-0900_CZB3T.xml.gz /ericsson/log/amos/moshell_logfiles/t20251125_37258710_65084/logs_moshell/pmfiles/19.31.8.69/rop/A20251125.0845-0900_CZB3T.xml.gz ... OK
get /rop/A20251125.0900-0915_CZB3T.xml.gz /ericsson/log/amos/moshell_logfiles/t20251125_37258710_65084/logs_moshell/pmfiles/19.31.8.69/rop/A20251125.0900-0915_CZB3T.xml.gz ... OK
....Checking available boards on node...

Collecting RCS board data ...
........................................................................................................................
......................
..............................................................................................................................................................................................................................................................
....
Collecting TN data...
........................................................................................................................
Getting MO data from node (63 MOs). Please wait...
0%                                             ~50%                                           ~100%
.................................................................................................................................
Collecting RF data...
..
Collecting Alarms...
Executing action Log.export()
...
Log=AlarmLog                    actionId=17812
...................
Executing action LogM.exportAvailabilityLog()
..LogM=1,exportAvailabilityLog    actionId=17813
.....Parsing alarmLog...........Done.
Parsing availabilityLog......Done.
...........

Total: 4 CPRI links (4 OK, 0 OKW, 0 NOK, 0 NT)
.
+--------+                      +------------+
|        | A        O98      D1 | Radio-S1-1 |
|        |-----------1----------| RRU2217B20 |
|        |         OK-21m       |   BXP_5    |
|        |                      +------------+
|        |                             |A  |B
|        |               SE=1 AG=1 FDD=CZB3E1
|        |                        NIOT=CZB3N1
|        |
|        |                      +------------+
|        | B        O98      D1 | Radio-S2-1 |
|        |-----------2----------| RRU2217B20 |
|        |         OK-21m       |   BXP_4    |
|  BB-1  |                      +------------+
| BB6631 |                             |A  |B
| 000100 |               SE=2 AG=2 FDD=CZB3E2
|        |                        NIOT=CZB3N2
|        |
|        |                      +------------------+           +----------------+
|        | D        O101     D2 |   Radio-S100-1   | D1 O101 D2| Radio-S180-NGS |
|        |-----------3----------| RRU449944B144B3C |-----4-----|   RRU4415B7*   |
|        |         OK-21m       |      BXP_2       |   OK-11m  |     BXP_3      |
|        |                      +------------------+           +----------------+
|        |                           |A  |B  |C  |D               |A  |B  |C  |D
|        |                    SE=100 AG=100  |   |
|        |            FDD=CZB3M1 FDD=CZB3T1  |   |
|        |                            SE=101 AG=101
|        |                    FDD=CZB3M2 FDD=CZB3T2
|        |
+--------+

=====================================================================================================================================
ID RiL    Type Res MO1-MO2                             BOARD1-BOARD2               AlmIDs Cells (States)                                        Issue (Failed checks)
=====================================================================================================================================
 1 S1-1   O98  OK  BB-1(A) Radio-S1-1(D1)              BB6631 RRU2217B20                  FDD=CZB3E1 NIOT=CZB3N1 (1,1)                          Passed
 2 S2-1   O98  OK  BB-1(B) Radio-S2-1(D1)              BB6631 RRU2217B20                  FDD=CZB3E2 NIOT=CZB3N2 (1,1)                          Passed
 3 S100-1 O101 OK  BB-1(D) Radio-S100-1(D2)            BB6631 RRU449944B144B3C            FDD=CZB3M1 FDD=CZB3M2 FDD=CZB3T1 FDD=CZB3T2 (1,1,1,1) Passed
 4 NGS_1  O101 OK  Radio-S100-1(D1) Radio-S180-NGS(D2) RRU449944B144B3C RRU4415B7*                                                              Passed
-------------------------------------------------------------------------------------------------------------------------------------

=====================================================================================================================================
AlmID IDs RiLs Status      Alarm
=====================================================================================================================================
-------------------------------------------------------------------------------------------------------------------------------------

Node: RadioNode L   CXP2010174/2_R27J08 (25.Q1)   G3.1   LTE-FDD,LTE-IoT 

=====================================================================================================================================
FRU            ;LNH    ;BOARD            ;ST ;FAULT ;OPER ;MAINT ;STAT ;PRODUCTNUMBER   ;REV     ;SERIAL        ;DATE     ;PMTEMP ; TEMP ; UPT ;VOLT ;SW                   ;
=====================================================================================================================================
BB-1           ;000100 ;BB6631           ; 1 ;  OFF ;  ON ;  OFF ;  ON ;KDU1370071/11   ;R3E     ;E96A014PJW    ;20240320 ;3 (OK) ;      ;35.2 ;52   ;                     ;
Radio-S1-1     ;BXP_5  ;RRU2217B20       ; 1 ;  OFF ;  ON ;  OFF ; N/A ;KRC161549/1     ;R1S     ;E55F416678    ;20220207 ;4 (OK) ; 39.8 ; 132 ;53.2 ;CXP9013268%9_R96JB   ; (Radio2217B20)
Radio-S100-1   ;BXP_2  ;RRU449944B144B3C ; 1 ;  OFF ;  ON ;  OFF ; N/A ;KRC161787/1     ;R3A     ;E55N488381    ;20240320 ;4 (OK) ; 33.8 ; 132 ;52.9 ;CXP9013268%15_R101LX ; (Radio449944B144B3C)
Radio-S180-NGS ;BXP_3  ;RRU4415B7*       ; 1 ;  OFF ;  ON ;  OFF ; N/A ;KRC161495/1     ;R5FE    ;DH80214937    ;20240315 ;4 (OK) ; 35.3 ; 132 ;53.4 ;CXP9013268%15_R101LX ; (Radio4415B7)
Radio-S2-1     ;BXP_4  ;RRU2217B20       ; 1 ;  OFF ;  ON ;  OFF ; N/A ;KRC161549/1     ;R1S     ;TU8U02EW5E    ;20240308 ;4 (OK) ; 36.0 ; 132 ;53.2 ;CXP9013268%9_R96JB   ; (Radio2217B20)
-------------------------------------------------------------------------------------------------------------------------------------

=====================================================================================================================================
AntennaNearUnit                                      ;ST  ;TYPE   ;PRODUCTNR     ;REV                ;UNIQUEID             ;RfPort
=====================================================================================================================================
AntennaUnitGroup=1,AntennaNearUnit=RET_1800_2100     ; 1  ;S-RET  ;AIMM20M22     ;WD81MANBRCU_VER.F  ;HWM1360J1008C624yyR  ;FieldReplaceableUnit=Radio-S1-1,RfPort=R
AntennaUnitGroup=1,AntennaNearUnit=RET_2600          ; 1  ;S-RET  ;AIMM20M22     ;WD81MANBRCU_VER.F  ;HWM1360J1008B9583yL  ;FieldReplaceableUnit=Radio-S1-1,RfPort=R
AntennaUnitGroup=1,AntennaNearUnit=RET_800           ; 1  ;S-RET  ;AIMM20M22     ;WD81MANBRCU_VER.F  ;HWM1360J1008902000r  ;FieldReplaceableUnit=Radio-S1-1,RfPort=R
AntennaUnitGroup=1,AntennaNearUnit=RET_900           ; 1  ;S-RET  ;AIMM20M22     ;WD81MANBRCU_VER.F  ;HWM1360J1008A2067rr  ;FieldReplaceableUnit=Radio-S1-1,RfPort=R
AntennaUnitGroup=1,AntennaNearUnit=TMA_800           ; 1  ;TMA    ;KRY112451/11  ;R1A                ;ERT203X61            ;FieldReplaceableUnit=Radio-S1-1,RfPort=A
AntennaUnitGroup=100,AntennaNearUnit=DTMA_1800_2100  ; 1  ;TMA    ;KRY112227/12  ;R1A                ;ERT405---BU96824062  ;FieldReplaceableUnit=Radio-S100-1,RfPort=R
AntennaUnitGroup=101,AntennaNearUnit=DTMA_1800_2100  ; 1  ;TMA    ;KRY112227/12  ;R1A                ;ERT405---BU96824061  ;FieldReplaceableUnit=Radio-S100-1,RfPort=R
AntennaUnitGroup=2,AntennaNearUnit=RET_1800_2100     ; 1  ;S-RET  ;AIMM20M22v01  ;WD82MANBRCU_VER.D  ;HWM1360J500JE889yyR  ;FieldReplaceableUnit=Radio-S2-1,RfPort=R
AntennaUnitGroup=2,AntennaNearUnit=RET_2600          ; 1  ;S-RET  ;AIMM20M22v01  ;WD82MANBRCU_VER.D  ;HWM1360J500JD7434yL  ;FieldReplaceableUnit=Radio-S2-1,RfPort=R
AntennaUnitGroup=2,AntennaNearUnit=RET_800           ; 1  ;S-RET  ;AIMM20M22v01  ;WD82MANBRCU_VER.D  ;HWM1360J500JB03680r  ;FieldReplaceableUnit=Radio-S2-1,RfPort=R
AntennaUnitGroup=2,AntennaNearUnit=RET_900           ; 1  ;S-RET  ;AIMM20M22v01  ;WD82MANBRCU_VER.D  ;HWM1360J500JC6091rr  ;FieldReplaceableUnit=Radio-S2-1,RfPort=R
AntennaUnitGroup=2,AntennaNearUnit=TMA_800           ; 1  ;TMA    ;KRY112451/11  ;R1A                ;ERT203X61            ;FieldReplaceableUnit=Radio-S2-1,RfPort=A
-------------------------------------------------------------------------------------------------------------------------------------

=====================================================================================================================================
XPBOARD  ;ST ;FAULT ;OPER ;PRODUCTNUMBER ;REV ;SERIAL/NAME ;DATE     ; TEMP ;MO
=====================================================================================================================================
FAN08    ; 1 ;N/A   ;N/A  ;BKV106236/1   ;R2M ;CE5100WM53  ;20230906 ; 38.0 ;SupportUnit=1 (FAN  BB-1)
-------------------------------------------------------------------------------------------------------------------------------------

=====================================================================================================================================
ID ;T ;RiL    ;BPBP ;BOARD1           ;LNH1 ;PORT ;R ;LINK ;RATE  ; BER ;BOARD2           ;LNH2 ;PORT ;R ;LINK ;RATE  ; BER ;LENGTH ;MO1 - MO2
=====================================================================================================================================
 1 ;O ;  S1-1 ;1111 ;BB6631           ;000100 ; 1 ;M ;Up   ;9.8G  ;   0 ;RRU2217B20       ;BXP_5  ; 0 ;S ;Up   ;9.8G  ;   0 ;   21m ;Fru=BB-1(A) Fru=Radio-S1-1(D1)
 2 ;O ;  S2-1 ;1111 ;BB6631           ;000100 ; 2 ;M ;Up   ;9.8G  ;   0 ;RRU2217B20       ;BXP_4  ; 0 ;S ;Up   ;9.8G  ;   0 ;   21m ;Fru=BB-1(B) Fru=Radio-S2-1(D1)
 3 ;O ;S100-1 ;1111 ;BB6631           ;000100 ; 4 ;M ;Up   ;10.1G ;   0 ;RRU449944B144B3C ;BXP_2  ; 1 ;S ;Up   ;10.1G ;   0 ;   21m ;Fru=BB-1(D) Fru=Radio-S100-1(D2)
 4 ;O ; NGS_1 ;1111 ;RRU449944B144B3C ;BXP_2  ; 0 ;M ;Up   ;10.1G ;   0 ;RRU4415B7*       ;BXP_3  ; 1 ;S ;Up   ;10.1G ;   0 ;   11m ;Fru=Radio-S100-1(D1) Fru=Radio-S180-NGS(D2)
-------------------------------------------------------------------------------------------------------------------------------------

=====================================================================================================================================
ID ;LINK ;RiL    ;VENDOR1  ;VENDORPROD1     ;REV1 ;SERIAL1        ;DATE1    ;ERICSSONPROD1      ;VENDOR2  ;VENDORPROD2     ;REV2 ;SERIAL2        ;DATE2    ;ERICSSONPROD2      ;TT ;WL1     ;WL2    
=====================================================================================================================================
 1 ;Up   ;  S1-1 ;ERICSSON ;SPP10ELRIDFSEN  ;10   ;CT74113557     ;20240110 ;RDH10265/2 R1A     ;ERICSSON ;SPP10ELRIDFSEN  ;10   ;CT74108154     ;20240109 ;RDH10265/2 R1A     ;0  ;1310.00 ;1310.00
 2 ;Up   ;  S2-1 ;ERICSSON ;SPP10ELRIDFSEN  ;10   ;CT74110745     ;20240110 ;RDH10265/2 R1A     ;ERICSSON ;SPP10ELRIDFSEN  ;10   ;CT74116075     ;20240110 ;RDH10265/2 R1A     ;0  ;1310.00 ;1310.00
 3 ;Up   ;S100-1 ;ERICSSON ;SPP10ELRIDFSEN  ;10   ;CT74116100     ;20240110 ;RDH10265/2 R1A     ;ERICSSON ;SPP10ELRIDFSEN  ;10   ;CT74116032     ;20240110 ;RDH10265/2 R1A     ;0  ;1310.00 ;1310.00
 4 ;Up   ; NGS_1 ;ERICSSON ;EOLP-1396-02-IY ;1.0  ;DZ8P301ULD     ;20230314 ;RDH10265/2 R1A     ;ERICSSON ;SPP10ELRIDFSEN  ;10   ;CT74111014     ;20240110 ;RDH10265/2 R1A     ;0  ;1310.00 ;1310.00
-------------------------------------------------------------------------------------------------------------------------------------

=====================================================================================================================================
ID ;LINK ;RiL    ;WL1     ;TEMP1 ;TXbs1 ;TXdBm1 ;RXdBm1 ;BER1   ;WL2     ;TEMP2 ;TXbs2 ;TXdBm2 ;RXdBm2 ;BER2   ;DlLoss ;UlLoss ;LENGTH ;TT
=====================================================================================================================================
 1 ;Up   ;  S1-1 ;1310.00 ;44C   ;43%   ;-2.16  ;-2.79  ;   0   ;1310.00 ;44C   ;44%   ;-2.00  ;-2.34  ;   0   ;  0.18 ;  0.79 ;   21m ; 0
 2 ;Up   ;  S2-1 ;1310.00 ;38C   ;43%   ;-2.10  ;-2.82  ;   0   ;1310.00 ;41C   ;46%   ;-3.00  ;-1.56  ;   0   ; -0.54 ; -0.18 ;   21m ; 0
 3 ;Up   ;S100-1 ;1310.00 ;42C   ;45%   ;-2.70  ;-3.13  ;   0   ;1310.00 ;36C   ;46%   ;-2.08  ;-2.31  ;   0   ; -0.39 ;  1.05 ;   21m ; 0
 4 ;Up   ; NGS_1 ;1310.00 ;29C   ;39%   ;-2.11  ;-3.02  ;   0   ;1310.00 ;36C   ;43%   ;-2.79  ;-2.25  ;   0   ;  0.14 ;  0.23 ;   11m ; 0
-------------------------------------------------------------------------------------------------------------------------------------

=====================================================================================================================================
ID ;RiL    ;BOARD            ;SFPLNH  ;PORT ;VENDOR   ;VENDORPROD      ;REV  ;SERIAL         ;DATE     ;ERICSSONPROD       ;WL      ;TEMP  ;TXbs  ;TXdBm  ;RXdBm  ; BER
=====================================================================================================================================
 1 ;  S1-1 ;BB6631           ;000100   ;  1 ;ERICSSON ;SPP10ELRIDFSEN  ;10   ;CT74113557     ;20240110 ;RDH10265/2 R1A     ;1310.00 ;44C   ;43%   ;-2.16  ;-2.79  ;   0
 2 ;  S2-1 ;BB6631           ;000100   ;  2 ;ERICSSON ;SPP10ELRIDFSEN  ;10   ;CT74110745     ;20240110 ;RDH10265/2 R1A     ;1310.00 ;38C   ;43%   ;-2.10  ;-2.82  ;   0
 3 ;S100-1 ;BB6631           ;000100   ;  4 ;ERICSSON ;SPP10ELRIDFSEN  ;10   ;CT74116100     ;20240110 ;RDH10265/2 R1A     ;1310.00 ;42C   ;45%   ;-2.70  ;-3.13  ;   0
 4 ; NGS_1 ;RRU449944B144B3C ;BXP_2    ;  0 ;ERICSSON ;EOLP-1396-02-IY ;1.0  ;DZ8P301ULD     ;20230314 ;RDH10265/2 R1A     ;1310.00 ;29C   ;39%   ;-2.11  ;-3.02  ;   0
 3 ;S100-1 ;RRU449944B144B3C ;BXP_2    ;  1 ;ERICSSON ;SPP10ELRIDFSEN  ;10   ;CT74116032     ;20240110 ;RDH10265/2 R1A     ;1310.00 ;36C   ;46%   ;-2.08  ;-2.31  ;   0
 4 ; NGS_1 ;RRU4415B7*       ;BXP_3    ;  1 ;ERICSSON ;SPP10ELRIDFSEN  ;10   ;CT74111014     ;20240110 ;RDH10265/2 R1A     ;1310.00 ;36C   ;43%   ;-2.79  ;-2.25  ;   0
 2 ;  S2-1 ;RRU2217B20       ;BXP_4    ;  0 ;ERICSSON ;SPP10ELRIDFSEN  ;10   ;CT74116075     ;20240110 ;RDH10265/2 R1A     ;1310.00 ;41C   ;46%   ;-3.00  ;-1.56  ;   0
 1 ;  S1-1 ;RRU2217B20       ;BXP_5    ;  0 ;ERICSSON ;SPP10ELRIDFSEN  ;10   ;CT74108154     ;20240109 ;RDH10265/2 R1A     ;1310.00 ;44C   ;44%   ;-2.00  ;-2.34  ;   0
-------------------------------------------------------------------------------------------------------------------------------------
TN ;       ;BB6631           ;000100   ; IB ;ERICSSON ;SPP10ELRIDFSEN  ;10   ;CT74114024     ;20240110 ;RDH10265/2 R1A     ;1310    ;42C   ;38%   ;-2.13  ;-3.98  ; 0/0
TN ;       ;BB6631           ;000100   ;IA2 ;ERICSSON ;NDAAF9-E201     ;E    ;APF24102015WB7 ;20240310 ;RPM777053/1000 R1B ;NA      ;NA    ;NA    ;NA     ;NA     ; 0/0
-------------------------------------------------------------------------------------------------------------------------------------

=====================================================================================================================================
BOARD  ;LNH    ;PORT       ;T ;S ;OpMode   ;AutoNeg ;MacAddress        ;VlanIds        ;LOS ;BER
=====================================================================================================================================
BB6631 ;000100 ;TN_IDL_A_1 ;E ;1 ;10G_FULL ;false   ;E4:0D:3B:81:6A:20 ;3901,3908,3910 ;0   ;0/0
BB6631 ;000100 ;TN_IDL_A_2 ;O ;1 ;10G_FULL ;false   ;E4:0D:3B:81:6A:21 ;3908           ;0   ;0/0
BB6631 ;000100 ;TN_IDL_B   ;O ;1 ;1G_FULL  ;true    ;E4:0D:3B:81:6A:24 ;3901,3908,3910 ;0   ;0/0
-------------------------------------------------------------------------------------------------------------------------------------

radioClockState : RNT_TIME_HOLDOVER
-------------------------------------------------------------------------------------
Prio  ;ST  ;syncRefType    ;refStatus  ;opQualLevel  ;SyncReference
-------------------------------------------------------------------------------------
   1  ; 0  ;PTP_TIME       ;PTP_FAULT  ;QL_UNKNOWN   ;Ptp=1,BoundaryOrdinaryClock=1 (G_8275_2 Router=45G_Traffic,InterfaceIPv4=LTE,AddressIPv4=LTE:SLAVE)
   2  ; 1  ;NTP_FREQUENCY  ;NO_FAULT   ;PRC          ;Ntp=1,NtpFrequencySync=NTP1 (10.31.0.54:32751 Router=45G_Traffic,InterfaceIPv4=LTE,AddressIPv4=LTE)
-------------------------------------------------------------------------------------
nodeGroupRole   : SYNC_PROVIDER (syncNodePriority=1, selectionMode=NODE_PRIORITY)
-------------------------------------------------------------------------------------
DU  ;Port  ;sharedUnitRef (RiPortA - RiPortB)  ;remoteNodePriority  ;CandidateStatus
-------------------------------------------------------------------------------------
1   ;D     ;Fru=Radio-S180-NGS (2 - 1)         ;3                   ;OK_NOT_ACTIVE
-------------------------------------------------------------------------------------

=====================================================================================================================================
FRU            ;LNH    ;BOARD            ;RF  ;BP  ;TX (W/dBm)  ;VSWR (RL)   ;RX (dBm) ;UEs/gUEs  ;Sector/AntennaGroup/Cells (State:CellIds:PCIs)
=====================================================================================================================================
Radio-S180-NGS ;BXP_3  ;RRU4415B7*       ; A  ;11  ;4.2 (36.2)  ;1.10 (26.6) ;-100.2   ;          ;
Radio-S180-NGS ;BXP_3  ;RRU4415B7*       ; B  ;11  ;-           ;2.08 (9.1)  ;-101.5   ;          ;
Radio-S180-NGS ;BXP_3  ;RRU4415B7*       ; C  ;11  ;4.1 (36.1)  ;1.24 (19.3) ;-100.1   ;          ;
Radio-S180-NGS ;BXP_3  ;RRU4415B7*       ; D  ;11  ;-           ;1.15 (23.1) ;-100.2   ;          ;
Radio-S1-1     ;BXP_5  ;RRU2217B20       ; A  ;11  ;-           ;1.13 (24.2) ;         ;2/-       ;SE=1 AG=1 FDD=CZB3E1 NIOT=CZB3N1 (1:61:169, 1:161:169)
Radio-S1-1     ;BXP_5  ;RRU2217B20       ; B  ;11  ;-           ;1.14 (23.9) ;         ;2/-       ;SE=1 AG=1 FDD=CZB3E1 NIOT=CZB3N1 (1:61:169, 1:161:169)
Radio-S2-1     ;BXP_4  ;RRU2217B20       ; A  ;11  ;-           ;1.12 (24.9) ;         ;5/-       ;SE=2 AG=2 FDD=CZB3E2 NIOT=CZB3N2 (1:62:157, 1:162:157)
Radio-S2-1     ;BXP_4  ;RRU2217B20       ; B  ;11  ;-           ;1.11 (25.3) ;         ;5/-       ;SE=2 AG=2 FDD=CZB3E2 NIOT=CZB3N2 (1:62:157, 1:162:157)
Radio-S100-1   ;BXP_2  ;RRU449944B144B3C ; A  ;11  ;21.9 (43.4) ;1.20 (20.7) ;-92.8    ;18/-      ;SE=100 AG=100 FDD=CZB3M1 FDD=CZB3T1 (1:31:424, 1:41:201)
Radio-S100-1   ;BXP_2  ;RRU449944B144B3C ; B  ;11  ;23.8 (43.8) ;1.10 (26.3) ;-92.4    ;18/-      ;SE=100 AG=100 FDD=CZB3M1 FDD=CZB3T1 (1:31:424, 1:41:201)
Radio-S100-1   ;BXP_2  ;RRU449944B144B3C ; C  ;11  ;31.6 (45.0) ;1.17 (21.9) ;-98.4    ;17/-      ;SE=101 AG=101 FDD=CZB3M2 FDD=CZB3T2 (1:32:343, 1:42:53)
Radio-S100-1   ;BXP_2  ;RRU449944B144B3C ; D  ;11  ;10.7 (40.3) ;1.18 (21.6) ;-98.1    ;17/-      ;SE=101 AG=101 FDD=CZB3M2 FDD=CZB3T2 (1:32:343, 1:42:53)
-------------------------------------------------------------------------------------------------------------------------------------

CZB3T> mfar

251125-10:21:28+0100 19.31.8.69 25.0h MSRBS_NODE_MODEL_25.Q1_693.28324.131_62ac stopfile=/tmp/1899443
......
Last MO: 18704. Loaded 18704 MOs. Total: 18705 MOs.
..............................................
get /rop/A20251125.0745-0800_CZB3T.xml.gz /ericsson/log/amos/moshell_logfiles/t20251125_37258710_65084/logs_moshell/pmfiles/19.31.8.69/rop/A20251125.0745-0800_CZB3T.xml.gz ... OK
get /rop/A20251125.0800-0815_CZB3T.xml.gz /ericsson/log/amos/moshell_logfiles/t20251125_37258710_65084/logs_moshell/pmfiles/19.31.8.69/rop/A20251125.0800-0815_CZB3T.xml.gz ... OK
get /rop/A20251125.0815-0830_CZB3T.xml.gz /ericsson/log/amos/moshell_logfiles/t20251125_37258710_65084/logs_moshell/pmfiles/19.31.8.69/rop/A20251125.0815-0830_CZB3T.xml.gz ... OK

Using hardcoded thresholds: 3, 4.5, and 16.5
================================================================================================================================
SC     SE  Tx/Rx BrPair  RfPort1 - RfPort2               HW       Serial      Cell (State)   Samples   Med  Mean  SDev Pol Res Issue
================================================================================================================================
CZB3E1   1   2/2 0 (1,2) Radio-S1-1(A) Radio-S1-1(B)     RRU2217  E55F416678  FDD=CZB3E1 (1)   47025   0.5   0.1   6.6  NA  OK Passed
CZB3E2   2   2/2 0 (1,2) Radio-S2-1(A) Radio-S2-1(B)     RRU2217  TU8U02EW5E  FDD=CZB3E2 (1)   39942   0.5   0.6   6.8  NA  OK Passed
CZB3M1 100   2/2 0 (1,2) Radio-S100-1(A) Radio-S100-1(B) RRU4499  E55N488381  FDD=CZB3M1 (1)   57932   0.5   0.6   7.4  NA  OK Passed
CZB3M2 101   2/2 0 (1,2) Radio-S100-1(C) Radio-S100-1(D) RRU4499  E55N488381  FDD=CZB3M2 (1)    9569  -1.5  -1.6   7.6  NA  OK Passed
CZB3T1 100   2/2 0 (1,2) Radio-S100-1(A) Radio-S100-1(B) RRU4499  E55N488381  FDD=CZB3T1 (1)  183167  -1.5  -0.2   7.5  NA  OK Passed
CZB3T2 101   2/2 0 (1,2) Radio-S100-1(C) Radio-S100-1(D) RRU4499  E55N488381  FDD=CZB3T2 (1)  165805  -0.5  -1.0   7.1  NA  OK Passed
================================================================================================================================
Total: 6 SectorCarriers, 6 RfBranch Pairs (6 OK, 0 OKW, 0 NOK, 0 NT)
......
Last MO: 18704. Loaded 18704 MOs. Total: 18705 MOs.

No NRSectorCarrier MOs are defined on the node.

CZB3T> mfitr

251125-10:21:45+0100 19.31.8.69 25.0h MSRBS_NODE_MODEL_25.Q1_693.28324.131_62ac stopfile=/tmp/1899443
..........
Last MO: 18704. Loaded 18704 MOs. Total: 18705 MOs.
........
2025-11-25 10:22
================================================================================================================================
CELL       SC     FRU          BOARD            PUSCH  PUCCH       A      B      C      D  DELTA
================================================================================================================================
FDD=CZB3E1 CZB3E1 Radio-S1-1   RRU2217B20       -115.1 -112.8 -115.5 -115.2                  0.3
FDD=CZB3E2 CZB3E2 Radio-S2-1   RRU2217B20       -118.8 -118.2 -119.3 -119.8                  0.5
FDD=CZB3M1 CZB3M1 Radio-S100-1 RRU449944B144B3C -118.2 -118.7 -118.7 -118.3                  0.4
FDD=CZB3M2 CZB3M2 Radio-S100-1 RRU449944B144B3C -121.0 -121.0               -121.8 -121.6    0.2
FDD=CZB3T1 CZB3T1 Radio-S100-1 RRU449944B144B3C -115.6 -116.1 -116.4 -116.1                  0.3
FDD=CZB3T2 CZB3T2 Radio-S100-1 RRU449944B144B3C -120.8 -119.4               -121.4 -120.9    0.5
================================================================================================================================
Bye...
Output has been logged to file /mta_fs/UserFiles/37258710/amosbatch/SDIR/CZB3T.log
