Logging to file /mta_fs/UserFiles/37258710/amosbatch/SDIR/CZFAT.log
                        __  __  ____   _____
                  /\   |  \/  |/ __ \ / ____|
                 /  \  | \  / | |  | | (___  
                / /\ \ | |\/| | |  | |\___ \ 
               / ____ \| |  | | |__| |____) |
              /_/    \_\_|  |_|\____/|_____/
              OSS Framework for MoShell-25.0h 
  Copyright (c) Ericsson AB 2001-2025 - All Rights Reserved
              
           
[1;31mWARNING: [0mthe AMOS version currently running is more than 29 weeks old and is unsupported.
Please upgrade as soon as possible to the latest released version, available from your local Ericsson support.

$amosrb_pid = 3344529

Checking ip contact...OK

HELP MENU            : h
BASIC MO COMMANDS    : m
OTHER MO COMMANDS    : n
OTHER COMMANDS       : o
PM COMMANDS          : p
QUIT                 : q

CZFAT> lt all

251125-17:42:10+0100 19.31.10.246 25.0h  stopfile=/tmp/3344329
Looking up temporary_amos account... OK.
Trying temporary_amos_t20251125_37258710_65084_131's password from amos lookupAccount ... OK

$ssh_pid = 3345436

Connected to 19.31.10.246 (SubNetwork=BBMM_rckomc_R,MeContext=CZFAT,ManagedElement=CZFAT)

Checking MOM version...MSRBS_NODE_MODEL_25.Q1_198665.224.73_bf81
Parsing MOM (cached): /ericsson/log/amos/moshell_logfiles/t20251125_37258710_65084/logs_moshell/tempfiles/scp-4-amos_20251125-174204_3344273/MSRBS_NODE_MODEL_25.Q1_198665.224.73_bf81.xml.cache.gz ......................................................................................................................................................................................................................Done.
Using paramfile /opt/ericsson/amos/moshell/commonjars/pm/PARAM_MSRBSG2_25.Q1.txt
Parsing file /opt/ericsson/amos/moshell/commonjars/pm/PARAM_MSRBSG2_25.Q1.txt ......................................................................................Done.
Using imomdfile /opt/ericsson/amos/moshell/commonjars/pm/IMOMD_MSRBS_22.Q4.txt
Using imomfile /opt/ericsson/amos/moshell/commonjars/pm/IMOM_MSRBS_25.Q1.txt
Connected to 19.31.10.246 (SubNetwork=BBMM_rckomc_R,MeContext=CZFAT,ManagedElement=CZFAT)

Last MO: 20758. Loaded 20758 MOs. Total: 20759 MOs.

CZFAT> st cell

251125-17:42:32+0100 19.31.10.246 25.0h MSRBS_NODE_MODEL_25.Q1_198665.224.73_bf81 stopfile=/tmp/3344329
===================================================================================
Proxy  Adm State     Op. State     MO
===================================================================================
   43  1 (UNLOCKED)  1 (ENABLED)   ENodeBFunction=1,EUtranCellFDD=CZFAE1
  242  1 (UNLOCKED)  1 (ENABLED)   ENodeBFunction=1,EUtranCellFDD=CZFAE2
  449  1 (UNLOCKED)  1 (ENABLED)   ENodeBFunction=1,EUtranCellFDD=CZFAE3
  732  1 (UNLOCKED)  1 (ENABLED)   ENodeBFunction=1,EUtranCellFDD=CZFAE4
  865  1 (UNLOCKED)  1 (ENABLED)   ENodeBFunction=1,EUtranCellFDD=CZFAM1
 1082  1 (UNLOCKED)  1 (ENABLED)   ENodeBFunction=1,EUtranCellFDD=CZFAM2
 1310  1 (UNLOCKED)  1 (ENABLED)   ENodeBFunction=1,EUtranCellFDD=CZFAM3
 1521  1 (UNLOCKED)  1 (ENABLED)   ENodeBFunction=1,EUtranCellFDD=CZFAM4
 1681  1 (UNLOCKED)  1 (ENABLED)   ENodeBFunction=1,EUtranCellFDD=CZFAT1
 1930  1 (UNLOCKED)  1 (ENABLED)   ENodeBFunction=1,EUtranCellFDD=CZFAT2
 2154  1 (UNLOCKED)  1 (ENABLED)   ENodeBFunction=1,EUtranCellFDD=CZFAT3
 2378  1 (UNLOCKED)  1 (ENABLED)   ENodeBFunction=1,EUtranCellFDD=CZFAT4
 3820  1 (UNLOCKED)  1 (ENABLED)   ENodeBFunction=1,NbIotCell=CZFAN1
 3821  1 (UNLOCKED)  1 (ENABLED)   ENodeBFunction=1,NbIotCell=CZFAN2
 3822  1 (UNLOCKED)  1 (ENABLED)   ENodeBFunction=1,NbIotCell=CZFAN3
 3823  1 (UNLOCKED)  1 (ENABLED)   ENodeBFunction=1,NbIotCell=CZFAN4
===================================================================================
Total: 16 MOs

CZFAT> st radio

251125-17:42:33+0100 19.31.10.246 25.0h MSRBS_NODE_MODEL_25.Q1_198665.224.73_bf81 stopfile=/tmp/3344329
===================================================================================
Proxy  Adm State     Op. State     MO
===================================================================================
 4966  1 (UNLOCKED)  1 (ENABLED)   Equipment=1,FieldReplaceableUnit=Radio-S100-1
 4989  1 (UNLOCKED)  1 (ENABLED)   Equipment=1,FieldReplaceableUnit=Radio-S102-1
 5012  1 (UNLOCKED)  1 (ENABLED)   Equipment=1,FieldReplaceableUnit=Radio-S210-1
 5029  1 (UNLOCKED)  1 (ENABLED)   Equipment=1,FieldReplaceableUnit=Radio-S211-1
 5046  1 (UNLOCKED)  1 (ENABLED)   Equipment=1,FieldReplaceableUnit=Radio-S212-1
 5063  1 (UNLOCKED)  1 (ENABLED)   Equipment=1,FieldReplaceableUnit=Radio-S213-1
20748  1 (UNLOCKED)  1 (ENABLED)   Transport=1,Synchronization=1,RadioEquipmentClock=1,RadioEquipmentClockReference=NTP1
20749  1 (UNLOCKED)  1 (ENABLED)   Transport=1,Synchronization=1,RadioEquipmentClock=1,RadioEquipmentClockReference=PTP
===================================================================================
Total: 8 MOs

CZFAT> sdir

251125-17:42:33+0100 19.31.10.246 25.0h MSRBS_NODE_MODEL_25.Q1_198665.224.73_bf81 stopfile=/tmp/3344329
INFO: Using amos lookupAccount credentials for the export login
....................
get /rop/A20251125.1545-1600_CZFAT.xml.gz /ericsson/log/amos/moshell_logfiles/t20251125_37258710_65084/logs_moshell/pmfiles/19.31.10.246/rop/A20251125.1545-1600_CZFAT.xml.gz ... OK
get /rop/A20251125.1600-1615_CZFAT.xml.gz /ericsson/log/amos/moshell_logfiles/t20251125_37258710_65084/logs_moshell/pmfiles/19.31.10.246/rop/A20251125.1600-1615_CZFAT.xml.gz ... OK
get /rop/A20251125.1615-1630_CZFAT.xml.gz /ericsson/log/amos/moshell_logfiles/t20251125_37258710_65084/logs_moshell/pmfiles/19.31.10.246/rop/A20251125.1615-1630_CZFAT.xml.gz ... OK
....Checking available boards on node...

Collecting RCS board data ...
.....................................................................................
..............................
..................................................................................................................................................................................................................................................................................................................
....
Collecting TN data...
.......................................................................................................................................................................
Getting MO data from node (99 MOs). Please wait...
0%                                             ~50%                                           ~100%
...................................................................................................................................
Collecting RF data...
....
Collecting Alarms...
.Executing action Log.export()
...
Log=AlarmLog                    actionId=12060
............
Executing action LogM.exportAvailabilityLog()
..LogM=1,exportAvailabilityLog    actionId=12061
........Parsing alarmLog..........Done.
Parsing availabilityLog........Done.
............

Total: 6 CPRI links (6 OK, 0 OKW, 0 NOK, 0 NT)
.
+--------+                      +--------------------+
|        | A        O101     D1 |    Radio-S210-1    |
|        |-----------1----------| RRU227922B822B20C* |
|        |         OK-59m       |       BXP_3        |
|        |                      +--------------------+
|        |                                     |A  |B
|        |                  SE=210* AG=210 FDD=CZFAE1
|        |                                NIOT=CZFAN1
|        |
|        |                      +--------------------+
|        | B        O101     D1 |    Radio-S211-1    |
|        |-----------2----------| RRU227922B822B20C* |
|        |         OK-74m       |       BXP_7        |
|        |                      +--------------------+
|        |                                     |A  |B
|        |                  SE=211* AG=211 FDD=CZFAE2
|        |                                NIOT=CZFAN2
|        |
|        |                      +--------------------+
|        | C        O101     D1 |    Radio-S212-1    |
|        |-----------3----------| RRU227922B822B20C* |
|        |         OK-58m       |       BXP_4        |
|        |                      +--------------------+
|        |                                     |A  |B
|        |                  SE=212* AG=212 FDD=CZFAE3
|        |                                NIOT=CZFAN3
|        |
|        |                      +------------------+
|        | D        O101     D2 |   Radio-S100-1   |
|  BB-1  |-----------4----------| RRU449944B144B3C |
| BB6630 |         OK-59m       |      BXP_5       |
| 000100 |                      +------------------+
|        |                           |A  |B  |C  |D
|        |                    SE=100 AG=100  |   |
|        |            FDD=CZFAM1 FDD=CZFAT1  |   |
|        |                            SE=101 AG=101
|        |                    FDD=CZFAM2 FDD=CZFAT2
|        |
|        |                      +------------------+
|        | E        O101     D2 |   Radio-S102-1   |
|        |-----------5----------| RRU449944B144B3C |
|        |         OK-59m       |      BXP_2       |
|        |                      +------------------+
|        |                           |A  |B  |C  |D
|        |                    SE=102 AG=102  |   |
|        |            FDD=CZFAM3 FDD=CZFAT3  |   |
|        |                            SE=103 AG=103
|        |                    FDD=CZFAM4 FDD=CZFAT4
|        |
|        |                      +--------------------+
|        | F        O101     D1 |    Radio-S213-1    |
|        |-----------6----------| RRU227922B822B20C* |
|        |         OK-74m       |       BXP_6        |
|        |                      +--------------------+
|        |                                     |A  |B
|        |                  SE=213* AG=213 FDD=CZFAE4
+--------+                                NIOT=CZFAN4

=====================================================================================================================================
ID RiL    Type Res MO1-MO2                  BOARD1-BOARD2             AlmIDs Cells (States)                                        Issue (Failed checks)
=====================================================================================================================================
 1 S210-1 O101 OK  BB-1(A) Radio-S210-1(D1) BB6630 RRU227922B822B20C*        FDD=CZFAE1 NIOT=CZFAN1 (1,1)                          Passed
 2 S211-1 O101 OK  BB-1(B) Radio-S211-1(D1) BB6630 RRU227922B822B20C*        FDD=CZFAE2 NIOT=CZFAN2 (1,1)                          Passed
 3 S212-1 O101 OK  BB-1(C) Radio-S212-1(D1) BB6630 RRU227922B822B20C*        FDD=CZFAE3 NIOT=CZFAN3 (1,1)                          Passed
 4 S100-1 O101 OK  BB-1(D) Radio-S100-1(D2) BB6630 RRU449944B144B3C          FDD=CZFAM1 FDD=CZFAM2 FDD=CZFAT1 FDD=CZFAT2 (1,1,1,1) Passed
 5 S102-1 O101 OK  BB-1(E) Radio-S102-1(D2) BB6630 RRU449944B144B3C          FDD=CZFAM3 FDD=CZFAM4 FDD=CZFAT3 FDD=CZFAT4 (1,1,1,1) Passed
 6 S213-1 O101 OK  BB-1(F) Radio-S213-1(D1) BB6630 RRU227922B822B20C*        FDD=CZFAE4 NIOT=CZFAN4 (1,1)                          Passed
-------------------------------------------------------------------------------------------------------------------------------------

Node: RadioNode L   CXP9024418/16_R8D21 (RCG123.3-3)   G2   LTE-FDD,LTE-IoT 

=====================================================================================================================================
FRU          ;LNH    ;BOARD              ;ST ;FAULT ;OPER ;MAINT ;STAT ;PRODUCTNUMBER   ;REV     ;SERIAL        ;DATE     ;PMTEMP ; TEMP ; UPT ;VOLT ;SW                   ;
=====================================================================================================================================
BB-1         ;000100 ;BB6630             ; 1 ;  OFF ;  ON ;  OFF ;  ON ;KDU137848/11    ;R3D     ;E96A00JQ31    ;20211007 ;3 (OK) ;      ;29.5 ;48   ;                     ;
Radio-S100-1 ;BXP_5  ;RRU449944B144B3C   ; 1 ;  OFF ;  ON ;  OFF ; N/A ;KRC161787/1     ;R2D     ;E55C932501    ;20210625 ;4 (OK) ; 35.3 ;29.5 ;53.5 ;CXP9013268%15_R101KB ; (Radio449944B144B3C)
Radio-S102-1 ;BXP_2  ;RRU449944B144B3C   ; 1 ;  OFF ;  ON ;  OFF ; N/A ;KRC161787/1     ;R2D     ;E55D698738    ;20210911 ;4 (OK) ; 47.1 ;29.5 ;52.4 ;CXP9013268%15_R101KB ; (Radio449944B144B3C)
Radio-S210-1 ;BXP_3  ;RRU227922B822B20C* ; 1 ;  OFF ;  ON ;  OFF ; N/A ;KRC161864/1     ;R1D     ;TU8U012D2W    ;20210825 ;4 (OK) ; 27.0 ;29.5 ;54.4 ;CXP9013268%15_R101KB ; (Radio227922B822B20C)
Radio-S211-1 ;BXP_7  ;RRU227922B822B20C* ; 1 ;  OFF ;  ON ;  OFF ; N/A ;KRC161864/1     ;R1D     ;TU8U012D32    ;20210825 ;4 (OK) ; 28.5 ;29.5 ;54.4 ;CXP9013268%15_R101KB ; (Radio227922B822B20C)
Radio-S212-1 ;BXP_4  ;RRU227922B822B20C* ; 1 ;  OFF ;  ON ;  OFF ; N/A ;KRC161864/1     ;R1D     ;TU8U012DP1    ;20210825 ;4 (OK) ; 30.5 ;29.5 ;53.5 ;CXP9013268%15_R101KB ; (Radio227922B822B20C)
Radio-S213-1 ;BXP_6  ;RRU227922B822B20C* ; 1 ;  OFF ;  ON ;  OFF ; N/A ;KRC161864/1     ;R1D     ;TU8U012DAW    ;20210825 ;4 (OK) ; 38.0 ;29.5 ;54.8 ;CXP9013268%15_R101KB ; (Radio227922B822B20C)
-------------------------------------------------------------------------------------------------------------------------------------

=====================================================================================================================================
AntennaNearUnit                                     ;ST  ;TYPE   ;PRODUCTNR  ;REV       ;UNIQUEID          ;RfPort
=====================================================================================================================================
AntennaUnitGroup=210,AntennaNearUnit=Ret_1800_2100  ; 1  ;S-RET  ;86010165   ;HW_V_A01  ;KAD240900485A-Y1  ;FieldReplaceableUnit=Radio-S210-1,RfPort=R
AntennaUnitGroup=210,AntennaNearUnit=Ret_2600       ; 1  ;S-RET  ;86010165   ;HW_V_A01  ;KAD240900485A-Y3  ;FieldReplaceableUnit=Radio-S210-1,RfPort=R
AntennaUnitGroup=210,AntennaNearUnit=Ret_800_900    ; 1  ;S-RET  ;86010165   ;HW_V_A01  ;KAD240900485A-R1  ;FieldReplaceableUnit=Radio-S210-1,RfPort=R
AntennaUnitGroup=211,AntennaNearUnit=Ret_1800_2100  ; 1  ;S-RET  ;86010165   ;HW_V_A01  ;KAD240900568B-Y1  ;FieldReplaceableUnit=Radio-S211-1,RfPort=R
AntennaUnitGroup=211,AntennaNearUnit=Ret_2600       ; 1  ;S-RET  ;86010165   ;HW_V_A01  ;KAD240900568B-Y3  ;FieldReplaceableUnit=Radio-S211-1,RfPort=R
AntennaUnitGroup=211,AntennaNearUnit=Ret_800_900    ; 1  ;S-RET  ;86010165   ;HW_V_A01  ;KAD240900568B-R1  ;FieldReplaceableUnit=Radio-S211-1,RfPort=R
AntennaUnitGroup=212,AntennaNearUnit=Ret_1800_2100  ; 1  ;S-RET  ;86010165   ;HW_V_A01  ;KAD241315722B-Y1  ;FieldReplaceableUnit=Radio-S212-1,RfPort=R
AntennaUnitGroup=212,AntennaNearUnit=Ret_2600       ; 1  ;S-RET  ;86010165   ;HW_V_A01  ;KAD241315722B-Y3  ;FieldReplaceableUnit=Radio-S212-1,RfPort=R
AntennaUnitGroup=212,AntennaNearUnit=Ret_800_900    ; 1  ;S-RET  ;86010165   ;HW_V_A01  ;KAD241315722B-R1  ;FieldReplaceableUnit=Radio-S212-1,RfPort=R
AntennaUnitGroup=213,AntennaNearUnit=Ret_1800_2100  ; 1  ;S-RET  ;86010165   ;HW_V_A01  ;KAD240900471A-Y1  ;FieldReplaceableUnit=Radio-S213-1,RfPort=R
AntennaUnitGroup=213,AntennaNearUnit=Ret_2600       ; 1  ;S-RET  ;86010165   ;HW_V_A01  ;KAD240900471A-Y3  ;FieldReplaceableUnit=Radio-S213-1,RfPort=R
AntennaUnitGroup=213,AntennaNearUnit=Ret_800_900    ; 1  ;S-RET  ;86010165   ;HW_V_A01  ;KAD240900471A-R1  ;FieldReplaceableUnit=Radio-S213-1,RfPort=R
-------------------------------------------------------------------------------------------------------------------------------------

=====================================================================================================================================
XPBOARD  ;ST ;FAULT ;OPER ;PRODUCTNUMBER ;REV ;SERIAL/NAME ;DATE     ; TEMP ;MO
=====================================================================================================================================
FAN      ; 1 ;N/A   ;N/A  ;BKV106217/1   ;N/A ;N/A         ;N/A      ;      ;SupportUnit=1 (FAN  BB-1)
-------------------------------------------------------------------------------------------------------------------------------------

=====================================================================================================================================
ID ;T ;RiL    ;BPBP ;BOARD1             ;LNH1 ;PORT ;R ;LINK ;RATE  ; BER ;BOARD2             ;LNH2 ;PORT ;R ;LINK ;RATE  ; BER ;LENGTH ;MO1 - MO2
=====================================================================================================================================
 1 ;O ;S210-1 ;1111 ;BB6630             ;000100 ; 1 ;M ;Up   ;10.1G ;   0 ;RRU227922B822B20C* ;BXP_3  ; 0 ;S ;Up   ;10.1G ;   0 ;   59m ;Fru=BB-1(A) Fru=Radio-S210-1(D1)
 2 ;O ;S211-1 ;1111 ;BB6630             ;000100 ; 2 ;M ;Up   ;10.1G ;   0 ;RRU227922B822B20C* ;BXP_7  ; 0 ;S ;Up   ;10.1G ;   0 ;   74m ;Fru=BB-1(B) Fru=Radio-S211-1(D1)
 3 ;O ;S212-1 ;1111 ;BB6630             ;000100 ; 3 ;M ;Up   ;10.1G ;   0 ;RRU227922B822B20C* ;BXP_4  ; 0 ;S ;Up   ;10.1G ;   0 ;   58m ;Fru=BB-1(C) Fru=Radio-S212-1(D1)
 4 ;O ;S100-1 ;1111 ;BB6630             ;000100 ; 4 ;M ;Up   ;10.1G ;   0 ;RRU449944B144B3C   ;BXP_5  ; 1 ;S ;Up   ;10.1G ;   0 ;   59m ;Fru=BB-1(D) Fru=Radio-S100-1(D2)
 5 ;O ;S102-1 ;1111 ;BB6630             ;000100 ; 5 ;M ;Up   ;10.1G ;   0 ;RRU449944B144B3C   ;BXP_2  ; 1 ;S ;Up   ;10.1G ;   0 ;   59m ;Fru=BB-1(E) Fru=Radio-S102-1(D2)
 6 ;O ;S213-1 ;1111 ;BB6630             ;000100 ; 6 ;M ;Up   ;10.1G ;   0 ;RRU227922B822B20C* ;BXP_6  ; 0 ;S ;Up   ;10.1G ;   0 ;   74m ;Fru=BB-1(F) Fru=Radio-S213-1(D1)
-------------------------------------------------------------------------------------------------------------------------------------

=====================================================================================================================================
ID ;LINK ;RiL    ;VENDOR1  ;VENDORPROD1      ;REV1 ;SERIAL1         ;DATE1    ;ERICSSONPROD1  ;VENDOR2  ;VENDORPROD2      ;REV2 ;SERIAL2         ;DATE2    ;ERICSSONPROD2  ;TT ;WL1     ;WL2    
=====================================================================================================================================
 1 ;Up   ;S210-1 ;ERICSSON ;LCP-10G3B4HDRME4 ;A    ;2139094A2401904 ;20210928 ;RDH10265/2 R1A ;ERICSSON ;LCP-10G3B4HDRME4 ;A    ;2139094A2401840 ;20210928 ;RDH10265/2 R1A ;0  ;1310.00 ;1310.00
 2 ;Up   ;S211-1 ;ERICSSON ;LCP-10G3B4HDRME4 ;A    ;2139094A2401901 ;20210928 ;RDH10265/2 R1A ;ERICSSON ;LCP-10G3B4HDRME4 ;A    ;2139094A2401915 ;20210928 ;RDH10265/2 R1A ;0  ;1310.00 ;1310.00
 3 ;Up   ;S212-1 ;ERICSSON ;LCP-10G3B4HDRME4 ;A    ;2139094A2401912 ;20210928 ;RDH10265/2 R1A ;ERICSSON ;LCP-10G3B4HDRME4 ;A    ;2139094A2401907 ;20210928 ;RDH10265/2 R1A ;0  ;1310.00 ;1310.00
 4 ;Up   ;S100-1 ;ERICSSON ;EOLP-1396-02-IY  ;1.0  ;PM85238269      ;20211009 ;RDH10265/2 R1A ;ERICSSON ;EOLP-1396-02-IY  ;1.0  ;PM85238204      ;20211009 ;RDH10265/2 R1A ;0  ;1310.00 ;1310.00
 5 ;Up   ;S102-1 ;ERICSSON ;LCP-10G3B4HDRME4 ;A    ;2139094A2401896 ;20210928 ;RDH10265/2 R1A ;ERICSSON ;LCP-10G3B4HDRME4 ;A    ;2139094A2401908 ;20210928 ;RDH10265/2 R1A ;0  ;1310.00 ;1310.00
 6 ;Up   ;S213-1 ;ERICSSON ;LCP-10G3B4HDRME4 ;A    ;2139094A2401916 ;20210928 ;RDH10265/2 R1A ;ERICSSON ;LCP-10G3B4HDRME4 ;A    ;2139094A2401917 ;20210928 ;RDH10265/2 R1A ;0  ;1310.00 ;1310.00
-------------------------------------------------------------------------------------------------------------------------------------

=====================================================================================================================================
ID ;LINK ;RiL    ;WL1     ;TEMP1 ;TXbs1 ;TXdBm1 ;RXdBm1 ;BER1   ;WL2     ;TEMP2 ;TXbs2 ;TXdBm2 ;RXdBm2 ;BER2   ;DlLoss ;UlLoss ;LENGTH ;TT
=====================================================================================================================================
 1 ;Up   ;S210-1 ;1310.00 ;30C   ;42%   ;-2.73  ;-5.36  ;   0   ;1310.00 ;25C   ;42%   ;-2.71  ;-2.81  ;   0   ;  0.08 ;  2.65 ;   59m ; 0
 2 ;Up   ;S211-1 ;1310.00 ;35C   ;50%   ;-2.77  ;-3.80  ;   0   ;1310.00 ;25C   ;36%   ;-2.23  ;-2.49  ;   0   ; -0.28 ;  1.57 ;   74m ; 0
 3 ;Up   ;S212-1 ;1310.00 ;33C   ;38%   ;-2.35  ;-3.71  ;   0   ;1310.00 ;27C   ;44%   ;-2.79  ;-2.55  ;   0   ;   0.2 ;  0.92 ;   58m ; 0
 4 ;Up   ;S100-1 ;1310.00 ;32C   ;39%   ;-2.82  ;-2.11  ;   0   ;1310.00 ;31C   ;39%   ;-2.15  ;-2.38  ;   0   ; -0.44 ; -0.04 ;   59m ; 0
 5 ;Up   ;S102-1 ;1310.00 ;33C   ;37%   ;-2.30  ;-3.65  ;   0   ;1310.00 ;45C   ;50%   ;-2.79  ;-1.48  ;   0   ; -0.82 ;  0.86 ;   59m ; 0
 6 ;Up   ;S213-1 ;1310.00 ;31C   ;38%   ;-2.71  ;-2.72  ;   0   ;1310.00 ;31C   ;41%   ;-2.77  ;-3.99  ;   0   ;  1.28 ; -0.05 ;   74m ; 0
-------------------------------------------------------------------------------------------------------------------------------------

=====================================================================================================================================
ID ;RiL    ;BOARD              ;SFPLNH  ;PORT ;VENDOR   ;VENDORPROD       ;REV  ;SERIAL          ;DATE     ;ERICSSONPROD   ;WL      ;TEMP  ;TXbs  ;TXdBm  ;RXdBm  ; BER
=====================================================================================================================================
 1 ;S210-1 ;BB6630             ;000100   ;  1 ;ERICSSON ;LCP-10G3B4HDRME4 ;A    ;2139094A2401904 ;20210928 ;RDH10265/2 R1A ;1310.00 ;30C   ;42%   ;-2.73  ;-5.36  ;   0
 2 ;S211-1 ;BB6630             ;000100   ;  2 ;ERICSSON ;LCP-10G3B4HDRME4 ;A    ;2139094A2401901 ;20210928 ;RDH10265/2 R1A ;1310.00 ;35C   ;50%   ;-2.77  ;-3.80  ;   0
 3 ;S212-1 ;BB6630             ;000100   ;  3 ;ERICSSON ;LCP-10G3B4HDRME4 ;A    ;2139094A2401912 ;20210928 ;RDH10265/2 R1A ;1310.00 ;33C   ;38%   ;-2.35  ;-3.71  ;   0
 4 ;S100-1 ;BB6630             ;000100   ;  4 ;ERICSSON ;EOLP-1396-02-IY  ;1.0  ;PM85238269      ;20211009 ;RDH10265/2 R1A ;1310.00 ;32C   ;39%   ;-2.82  ;-2.11  ;   0
 5 ;S102-1 ;BB6630             ;000100   ;  5 ;ERICSSON ;LCP-10G3B4HDRME4 ;A    ;2139094A2401896 ;20210928 ;RDH10265/2 R1A ;1310.00 ;33C   ;37%   ;-2.30  ;-3.65  ;   0
 6 ;S213-1 ;BB6630             ;000100   ;  6 ;ERICSSON ;LCP-10G3B4HDRME4 ;A    ;2139094A2401916 ;20210928 ;RDH10265/2 R1A ;1310.00 ;31C   ;38%   ;-2.71  ;-2.72  ;   0
 5 ;S102-1 ;RRU449944B144B3C   ;BXP_2    ;  1 ;ERICSSON ;LCP-10G3B4HDRME4 ;A    ;2139094A2401908 ;20210928 ;RDH10265/2 R1A ;1310.00 ;45C   ;50%   ;-2.79  ;-1.48  ;   0
 1 ;S210-1 ;RRU227922B822B20C* ;BXP_3    ;  0 ;ERICSSON ;LCP-10G3B4HDRME4 ;A    ;2139094A2401840 ;20210928 ;RDH10265/2 R1A ;1310.00 ;25C   ;42%   ;-2.71  ;-2.81  ;   0
 3 ;S212-1 ;RRU227922B822B20C* ;BXP_4    ;  0 ;ERICSSON ;LCP-10G3B4HDRME4 ;A    ;2139094A2401907 ;20210928 ;RDH10265/2 R1A ;1310.00 ;27C   ;44%   ;-2.79  ;-2.55  ;   0
 4 ;S100-1 ;RRU449944B144B3C   ;BXP_5    ;  1 ;ERICSSON ;EOLP-1396-02-IY  ;1.0  ;PM85238204      ;20211009 ;RDH10265/2 R1A ;1310.00 ;31C   ;39%   ;-2.15  ;-2.38  ;   0
 6 ;S213-1 ;RRU227922B822B20C* ;BXP_6    ;  0 ;ERICSSON ;LCP-10G3B4HDRME4 ;A    ;2139094A2401917 ;20210928 ;RDH10265/2 R1A ;1310.00 ;31C   ;41%   ;-2.77  ;-3.99  ;   0
 2 ;S211-1 ;RRU227922B822B20C* ;BXP_7    ;  0 ;ERICSSON ;LCP-10G3B4HDRME4 ;A    ;2139094A2401915 ;20210928 ;RDH10265/2 R1A ;1310.00 ;25C   ;36%   ;-2.23  ;-2.49  ;   0
-------------------------------------------------------------------------------------------------------------------------------------
TN ;       ;BB6630             ;000100   ;  A ;WTD      ;RTXM192-406-C25  ;3.0  ;HC212300241950  ;20210602 ;RDH10247/2 R2A ;0       ;30C   ;19%   ;-5.70  ;-8.73  ; 0/0
TN ;       ;BB6630             ;000100   ;  B ;ERICSSON ;LCP-10G3B4HDRME4 ;A    ;2139094A2401918 ;20210928 ;RDH10265/2 R1A ;0       ;30C   ;40%   ;-2.75  ;-2.61  ; 0/0
-------------------------------------------------------------------------------------------------------------------------------------

=====================================================================================================================================
BOARD  ;LNH    ;PORT   ;T ;S ;OpMode    ;AutoNeg ;MacAddress        ;VlanIds        ;LOS ;BER
=====================================================================================================================================
BB6630 ;000100 ;IDL_A1 ;E ;1 ;10G_FULL  ;false   ;58:45:4C:F4:E7:24 ;3908           ;0   ;0/0
BB6630 ;000100 ;TN_A   ;O ;1 ;1G_FULL   ;true    ;58:45:4C:F4:E7:20 ;3901,3908,3910 ;0   ;0/0
BB6630 ;000100 ;TN_B   ;O ;1 ;10G_FULL  ;false   ;58:45:4C:F4:E7:21 ;3901,3908,3910 ;0   ;0/0
BB6630 ;000100 ;TN_C   ;E ;1 ;100M_FULL ;false   ;58:45:4C:F4:E7:22 ;3910           ;0   ;0/0
-------------------------------------------------------------------------------------------------------------------------------------

radioClockState : RNT_TIME_LOCKED
-------------------------------------------------------------------------------------
Prio  ;ST  ;syncRefType    ;refStatus  ;opQualLevel  ;SyncReference
-------------------------------------------------------------------------------------
  *1  ; 1  ;PTP_TIME       ;NO_FAULT   ;PRTC         ;Ptp=1,BoundaryOrdinaryClock=PTP (G_8275_1 EthernetPort=TN_A:SLAVE EthernetPort=TN_B:MASTER)
   2  ; 1  ;NTP_FREQUENCY  ;NO_FAULT   ;PRC          ;Ntp=1,NtpFrequencySync=NTP1 (10.31.0.54:32751 Router=LTE,InterfaceIPv4=1,AddressIPv4=1)
-------------------------------------------------------------------------------------
-------------------------------------------------------------------------------------
Prio  ;ST  ;assistRefStatus  ;recQualLevel  ;AssistingReference
-------------------------------------------------------------------------------------
   1  ; 0  ;NO_FAULT         ;PRC           ;Synchronization=1,SyncEthInput=SyncE (SFP_OPTICAL EthernetPort=TN_A)
-------------------------------------------------------------------------------------
nodeGroupRole   : SYNC_PROVIDER (syncNodePriority=1, selectionMode=NODE_PRIORITY)
-------------------------------------------------------------------------------------
DU  ;Port  ;sharedUnitRef (RiPortA - RiPortB)  ;remoteNodePriority  ;CandidateStatus
-------------------------------------------------------------------------------------
1   ;B     ;Fru=Radio-S211-1 (1 - 2)           ;3                   ;OK_NOT_ACTIVE
1   ;F     ;Fru=Radio-S213-1 (1 - 2)           ;3                   ;OK_NOT_ACTIVE
1   ;C     ;Fru=Radio-S212-1 (1 - 2)           ;3                   ;OK_NOT_ACTIVE
1   ;A     ;Fru=Radio-S210-1 (1 - 2)           ;3                   ;OK_NOT_ACTIVE
-------------------------------------------------------------------------------------

=====================================================================================================================================
FRU          ;LNH    ;BOARD              ;RF  ;BP  ;TX (W/dBm)  ;VSWR (RL)   ;RX (dBm) ;UEs/gUEs  ;Sector/AntennaGroup/Cells (State:CellIds:PCIs)
=====================================================================================================================================
Radio-S100-1 ;BXP_5  ;RRU449944B144B3C   ; A  ;11  ;26.4 (44.2) ;1.22 (20.1) ;-92.5    ;22/-      ;SE=100 AG=100 FDD=CZFAM1 FDD=CZFAT1 (1:31:479, 1:41:449)
Radio-S100-1 ;BXP_5  ;RRU449944B144B3C   ; B  ;11  ;26.4 (44.2) ;1.26 (18.9) ;-92.1    ;22/-      ;SE=100 AG=100 FDD=CZFAM1 FDD=CZFAT1 (1:31:479, 1:41:449)
Radio-S100-1 ;BXP_5  ;RRU449944B144B3C   ; C  ;11  ;37.1 (45.7) ;1.25 (19.2) ;-92.6    ;23/-      ;SE=101 AG=101 FDD=CZFAM2 FDD=CZFAT2 (1:32:67, 1:42:257)
Radio-S100-1 ;BXP_5  ;RRU449944B144B3C   ; D  ;11  ;14.8 (41.7) ;1.17 (22.1) ;-92.2    ;23/-      ;SE=101 AG=101 FDD=CZFAM2 FDD=CZFAT2 (1:32:67, 1:42:257)
Radio-S102-1 ;BXP_2  ;RRU449944B144B3C   ; A  ;11  ;24.9 (44.0) ;1.19 (21.2) ;-90.7    ;30/-      ;SE=102 AG=102 FDD=CZFAM3 FDD=CZFAT3 (1:33:241, 1:43:181)
Radio-S102-1 ;BXP_2  ;RRU449944B144B3C   ; B  ;11  ;24.6 (43.9) ;1.28 (18.2) ;-91.3    ;30/-      ;SE=102 AG=102 FDD=CZFAM3 FDD=CZFAT3 (1:33:241, 1:43:181)
Radio-S102-1 ;BXP_2  ;RRU449944B144B3C   ; C  ;11  ;48.0 (46.8) ;1.17 (22.1) ;-91.2    ;46/-      ;SE=103 AG=103 FDD=CZFAM4 FDD=CZFAT4 (1:34:59, 1:44:218)
Radio-S102-1 ;BXP_2  ;RRU449944B144B3C   ; D  ;11  ;50.6 (47.0) ;1.21 (20.4) ;-91.8    ;46/-      ;SE=103 AG=103 FDD=CZFAM4 FDD=CZFAT4 (1:34:59, 1:44:218)
Radio-S210-1 ;BXP_3  ;RRU227922B822B20C* ; A  ;11  ;15.9 (42.0) ;1.26 (18.7) ;-96.3    ;4/-       ;SE=210* AG=210 FDD=CZFAE1 NIOT=CZFAN1 (1:61:142, 1:161:142)
Radio-S210-1 ;BXP_3  ;RRU227922B822B20C* ; B  ;11  ;19.5 (42.9) ;1.27 (18.4) ;-97.1    ;4/-       ;SE=210* AG=210 FDD=CZFAE1 NIOT=CZFAN1 (1:61:142, 1:161:142)
Radio-S211-1 ;BXP_7  ;RRU227922B822B20C* ; A  ;11  ;18.3 (42.6) ;1.28 (18.2) ;-91.7    ;1/-       ;SE=211* AG=211 FDD=CZFAE2 NIOT=CZFAN2 (1:62:493, 1:162:493)
Radio-S211-1 ;BXP_7  ;RRU227922B822B20C* ; B  ;11  ;11.2 (40.5) ;1.25 (19.0) ;-91.3    ;1/-       ;SE=211* AG=211 FDD=CZFAE2 NIOT=CZFAN2 (1:62:493, 1:162:493)
Radio-S212-1 ;BXP_4  ;RRU227922B822B20C* ; A  ;11  ;42.2 (46.3) ;1.24 (19.5) ;-93.0    ;6/-       ;SE=212* AG=212 FDD=CZFAE3 NIOT=CZFAN3 (1:63:136, 1:163:136)
Radio-S212-1 ;BXP_4  ;RRU227922B822B20C* ; B  ;11  ;16.6 (42.2) ;1.27 (18.5) ;-93.9    ;6/-       ;SE=212* AG=212 FDD=CZFAE3 NIOT=CZFAN3 (1:63:136, 1:163:136)
Radio-S213-1 ;BXP_6  ;RRU227922B822B20C* ; A  ;11  ;15.0 (41.8) ;1.23 (19.8) ;-81.5    ;7/-       ;SE=213* AG=213 FDD=CZFAE4 NIOT=CZFAN4 (1:64:110, 1:164:110)
Radio-S213-1 ;BXP_6  ;RRU227922B822B20C* ; B  ;11  ;16.9 (42.3) ;1.17 (22.0) ;-85.6    ;7/-       ;SE=213* AG=213 FDD=CZFAE4 NIOT=CZFAN4 (1:64:110, 1:164:110)
-------------------------------------------------------------------------------------------------------------------------------------

CZFAT> mfar

251125-17:45:41+0100 19.31.10.246 25.0h MSRBS_NODE_MODEL_25.Q1_198665.224.73_bf81 stopfile=/tmp/3344329
..........
Last MO: 20734. Loaded 20734 MOs. Total: 20735 MOs.
..................................................
get /rop/A20251125.1515-1530_CZFAT.xml.gz /ericsson/log/amos/moshell_logfiles/t20251125_37258710_65084/logs_moshell/pmfiles/19.31.10.246/rop/A20251125.1515-1530_CZFAT.xml.gz ... OK
get /rop/A20251125.1530-1545_CZFAT.xml.gz /ericsson/log/amos/moshell_logfiles/t20251125_37258710_65084/logs_moshell/pmfiles/19.31.10.246/rop/A20251125.1530-1545_CZFAT.xml.gz ... OK
get /rop/A20251125.1630-1645_CZFAT.xml.gz /ericsson/log/amos/moshell_logfiles/t20251125_37258710_65084/logs_moshell/pmfiles/19.31.10.246/rop/A20251125.1630-1645_CZFAT.xml.gz ... OK

Using hardcoded thresholds: 3, 4.5, and 16.5
================================================================================================================================
SC     SE  Tx/Rx BrPair  RfPort1 - RfPort2               HW       Serial      Cell (State)   Samples   Med  Mean  SDev Pol Res Issue
================================================================================================================================
CZFAE1 210   2/2 0 (1,2) Radio-S210-1(A) Radio-S210-1(B) RRU2279  TU8U012D2W  FDD=CZFAE1 (1)   22157  -2.5  -2.3   7.3  NA  OK Passed
CZFAE2 211   2/2 0 (1,2) Radio-S211-1(A) Radio-S211-1(B) RRU2279  TU8U012D32  FDD=CZFAE2 (1)   27112  -2.5  -2.1   7.0  NA  OK Passed
CZFAE3 212   2/2 0 (1,2) Radio-S212-1(A) Radio-S212-1(B) RRU2279  TU8U012DP1  FDD=CZFAE3 (1)   60051  -0.5  -0.0   7.1  NA  OK Passed
CZFAE4 213   2/2 0 (1,2) Radio-S213-1(A) Radio-S213-1(B) RRU2279  TU8U012DAW  FDD=CZFAE4 (1)   62936  -0.5  -0.4   6.2  NA  OK Passed
CZFAM1 100   2/2 0 (1,2) Radio-S100-1(A) Radio-S100-1(B) RRU4499  E55C932501  FDD=CZFAM1 (1)   31559   0.5  -0.1   6.5  NA  OK Passed
CZFAM2 101   2/2 0 (1,2) Radio-S100-1(C) Radio-S100-1(D) RRU4499  E55C932501  FDD=CZFAM2 (1)   18735  -0.5  -1.9   8.3  NA  OK Passed
CZFAM3 102   2/2 0 (1,2) Radio-S102-1(A) Radio-S102-1(B) RRU4499  E55D698738  FDD=CZFAM3 (1)   59945   1.5   0.1   8.7  NA  OK Passed
CZFAM4 103   2/2 0 (1,2) Radio-S102-1(C) Radio-S102-1(D) RRU4499  E55D698738  FDD=CZFAM4 (1)  107732   0.5   0.2   6.3  NA  OK Passed
CZFAT1 100   2/2 0 (1,2) Radio-S100-1(A) Radio-S100-1(B) RRU4499  E55C932501  FDD=CZFAT1 (1)   86719   1.5   0.4   7.0  NA  OK Passed
CZFAT2 101   2/2 0 (1,2) Radio-S100-1(C) Radio-S100-1(D) RRU4499  E55C932501  FDD=CZFAT2 (1)   81516   0.5   0.5   7.4  NA  OK Passed
CZFAT3 102   2/2 0 (1,2) Radio-S102-1(A) Radio-S102-1(B) RRU4499  E55D698738  FDD=CZFAT3 (1)  117476   0.5   0.1   6.9  NA  OK Passed
CZFAT4 103   2/2 0 (1,2) Radio-S102-1(C) Radio-S102-1(D) RRU4499  E55D698738  FDD=CZFAT4 (1)  158429  -0.5  -0.1   6.9  NA  OK Passed
================================================================================================================================
Total: 12 SectorCarriers, 12 RfBranch Pairs (12 OK, 0 OKW, 0 NOK, 0 NT)
..........
Last MO: 20734. Loaded 20734 MOs. Total: 20735 MOs.

No NRSectorCarrier MOs are defined on the node.

CZFAT> mfitr

251125-17:46:05+0100 19.31.10.246 25.0h MSRBS_NODE_MODEL_25.Q1_198665.224.73_bf81 stopfile=/tmp/3344329
................
Last MO: 20734. Loaded 20734 MOs. Total: 20735 MOs.
............
2025-11-25 17:46
================================================================================================================================
CELL       SC     FRU          BOARD             PUSCH  PUCCH       A      B      C      D  DELTA
================================================================================================================================
FDD=CZFAE1 CZFAE1 Radio-S210-1 RRU227922B822B20C -116.1 -114.3 -115.0 -115.2                  0.2
FDD=CZFAE2 CZFAE2 Radio-S211-1 RRU227922B822B20C -112.4 -111.7 -112.4 -112.4                    0
FDD=CZFAE3 CZFAE3 Radio-S212-1 RRU227922B822B20C -111.1 -110.2 -111.7 -112.2                  0.5
FDD=CZFAE4 CZFAE4 Radio-S213-1 RRU227922B822B20C -117.3 -116.3 -117.7 -117.8                  0.1
FDD=CZFAM1 CZFAM1 Radio-S100-1 RRU449944B144B3C  -118.3 -118.3 -118.2 -118.1                  0.1
FDD=CZFAM2 CZFAM2 Radio-S100-1 RRU449944B144B3C  -114.2 -117.6               -112.9 -112.8    0.1
FDD=CZFAM3 CZFAM3 Radio-S102-1 RRU449944B144B3C  -115.4 -117.2 -117.3 -118.0                  0.7
FDD=CZFAM4 CZFAM4 Radio-S102-1 RRU449944B144B3C  -118.5 -118.9               -118.6 -118.5    0.1
FDD=CZFAT1 CZFAT1 Radio-S100-1 RRU449944B144B3C  -116.3 -115.7 -115.8 -116.1                  0.3
FDD=CZFAT2 CZFAT2 Radio-S100-1 RRU449944B144B3C  -112.0 -113.8               -108.5 -113.8    5.3
FDD=CZFAT3 CZFAT3 Radio-S102-1 RRU449944B144B3C  -114.3 -115.2 -115.1 -114.0                  1.1
FDD=CZFAT4 CZFAT4 Radio-S102-1 RRU449944B144B3C  -115.2 -115.4               -117.1 -117.1      0
================================================================================================================================
Bye...
Output has been logged to file /mta_fs/UserFiles/37258710/amosbatch/SDIR/CZFAT.log
