Logging to file /mta_fs/UserFiles/37258710/amosbatch/SDIR/CZFCT.log
                        __  __  ____   _____
                  /\   |  \/  |/ __ \ / ____|
                 /  \  | \  / | |  | | (___  
                / /\ \ | |\/| | |  | |\___ \ 
               / ____ \| |  | | |__| |____) |
              /_/    \_\_|  |_|\____/|_____/
              OSS Framework for MoShell-25.0h 
  Copyright (c) Ericsson AB 2001-2025 - All Rights Reserved
              
           
[1;31mWARNING: [0mthe AMOS version currently running is more than 29 weeks old and is unsupported.
Please upgrade as soon as possible to the latest released version, available from your local Ericsson support.

$amosrb_pid = 3318627

Checking ip contact...OK

HELP MENU            : h
BASIC MO COMMANDS    : m
OTHER MO COMMANDS    : n
OTHER COMMANDS       : o
PM COMMANDS          : p
QUIT                 : q

CZFCT> lt all

251125-17:34:24+0100 19.31.9.249 25.0h  stopfile=/tmp/3318521
Looking up temporary_amos account... OK.
Trying temporary_amos_t20251125_37258710_65084_131's password from amos lookupAccount ... OK

$ssh_pid = 3319408

Connected to 19.31.9.249 (SubNetwork=BBMM_rckomc_R,MeContext=CZFCT,ManagedElement=CZFCT)

Checking MOM version...MSRBS_NODE_MODEL_25.Q1_198665.224.73_bf81
Parsing MOM (cached): /ericsson/log/amos/moshell_logfiles/t20251125_37258710_65084/logs_moshell/tempfiles/scp-4-amos_20251125-173417_3318465/MSRBS_NODE_MODEL_25.Q1_198665.224.73_bf81.xml.cache.gz ......................................................................................................................................................................................................................Done.
Using paramfile /opt/ericsson/amos/moshell/commonjars/pm/PARAM_MSRBSG2_25.Q1.txt
Parsing file /opt/ericsson/amos/moshell/commonjars/pm/PARAM_MSRBSG2_25.Q1.txt ......................................................................................Done.
Using imomdfile /opt/ericsson/amos/moshell/commonjars/pm/IMOMD_MSRBS_22.Q4.txt
Using imomfile /opt/ericsson/amos/moshell/commonjars/pm/IMOM_MSRBS_25.Q1.txt
Connected to 19.31.9.249 (SubNetwork=BBMM_rckomc_R,MeContext=CZFCT,ManagedElement=CZFCT)

Last MO: 17753. Loaded 17753 MOs. Total: 17754 MOs.

CZFCT> st cell

251125-17:34:43+0100 19.31.9.249 25.0h MSRBS_NODE_MODEL_25.Q1_198665.224.73_bf81 stopfile=/tmp/3318521
===================================================================================
Proxy  Adm State     Op. State     MO
===================================================================================
   43  1 (UNLOCKED)  1 (ENABLED)   ENodeBFunction=1,EUtranCellFDD=CZFCE1
  207  1 (UNLOCKED)  1 (ENABLED)   ENodeBFunction=1,EUtranCellFDD=CZFCE2
  333  1 (UNLOCKED)  1 (ENABLED)   ENodeBFunction=1,EUtranCellFDD=CZFCT1
  532  1 (UNLOCKED)  1 (ENABLED)   ENodeBFunction=1,EUtranCellFDD=CZFCT2
 1265  1 (UNLOCKED)  1 (ENABLED)   ENodeBFunction=1,NbIotCell=CZFCN1
 1266  1 (UNLOCKED)  1 (ENABLED)   ENodeBFunction=1,NbIotCell=CZFCN2
===================================================================================
Total: 6 MOs

CZFCT> st radio

251125-17:34:44+0100 19.31.9.249 25.0h MSRBS_NODE_MODEL_25.Q1_198665.224.73_bf81 stopfile=/tmp/3318521
===================================================================================
Proxy  Adm State     Op. State     MO
===================================================================================
 2147  1 (UNLOCKED)  1 (ENABLED)   Equipment=1,FieldReplaceableUnit=Radio-S210-1
 2164  1 (UNLOCKED)  1 (ENABLED)   Equipment=1,FieldReplaceableUnit=Radio-S211-1
 2181  1 (UNLOCKED)  1 (ENABLED)   Equipment=1,FieldReplaceableUnit=Radio-S60-1
 2194  1 (UNLOCKED)  1 (ENABLED)   Equipment=1,FieldReplaceableUnit=Radio-S61-1
17744  1 (UNLOCKED)  1 (ENABLED)   Transport=1,Synchronization=1,RadioEquipmentClock=1,RadioEquipmentClockReference=NTP1
17745  1 (UNLOCKED)  1 (ENABLED)   Transport=1,Synchronization=1,RadioEquipmentClock=1,RadioEquipmentClockReference=PTP8275_2
===================================================================================
Total: 6 MOs

CZFCT> sdir

251125-17:34:44+0100 19.31.9.249 25.0h MSRBS_NODE_MODEL_25.Q1_198665.224.73_bf81 stopfile=/tmp/3318521
INFO: Using amos lookupAccount credentials for the export login
...............................
get /rop/A20251125.1545-1600_CZFCT.xml.gz /ericsson/log/amos/moshell_logfiles/t20251125_37258710_65084/logs_moshell/pmfiles/19.31.9.249/rop/A20251125.1545-1600_CZFCT.xml.gz ... OK
get /rop/A20251125.1600-1615_CZFCT.xml.gz /ericsson/log/amos/moshell_logfiles/t20251125_37258710_65084/logs_moshell/pmfiles/19.31.9.249/rop/A20251125.1600-1615_CZFCT.xml.gz ... OK
get /rop/A20251125.1615-1630_CZFCT.xml.gz /ericsson/log/amos/moshell_logfiles/t20251125_37258710_65084/logs_moshell/pmfiles/19.31.9.249/rop/A20251125.1615-1630_CZFCT.xml.gz ... OK
....Checking available boards on node...

Collecting RCS board data ...
....................................................................................
....................
.............................................................................................................................................................................................................................................................
.....
Collecting TN data...
....................................................................................................................................................................................................................................................
Collecting RF data...
.
Collecting Alarms...
.Executing action Log.export()
...
Log=AlarmLog                    actionId=29382
...............
Executing action LogM.exportAvailabilityLog()
..LogM=1,exportAvailabilityLog    actionId=29383
........Parsing alarmLog...........Done.
Parsing availabilityLog........Done.
.............

Total: 4 CPRI links (4 OK, 0 OKW, 0 NOK, 0 NT)

+--------+                      +--------------------+
|        | A        O101     D1 |    Radio-S210-1    |
|        |-----------1----------| RRU227922B822B20C* |
|        |         OK-64m       |       BXP_2        |
|        |                      +--------------------+
|        |                                     |A  |B
|        |                  SE=210* AG=210 FDD=CZFCE1
|        |                                NIOT=CZFCN1
|        |
|        |                      +--------------------+
|        | B        O101     D1 |    Radio-S211-1    |
|        |-----------2----------| RRU227922B822B20C* |
|        |         OK-64m       |       BXP_3        |
|        |                      +--------------------+
|        |                                     |A  |B
|  BB-1  |                  SE=211* AG=211 FDD=CZFCE2
| BB6630 |                                NIOT=CZFCN2
| 000100 |
|        |                      +-------------+
|        | D        O101     D1 | Radio-S60-1 |
|        |-----------3----------|  RRU2212B3  |
|        |         OK-64m       |    BXP_4    |
|        |                      +-------------+
|        |                              |A  |B
|        |              SE=60 AG=60 FDD=CZFCT1
|        |
|        |                      +-------------+
|        | E        O101     D1 | Radio-S61-1 |
|        |-----------4----------|  RRU2212B3  |
|        |         OK-64m       |    BXP_5    |
|        |                      +-------------+
|        |                              |A  |B
+--------+              SE=61 AG=61 FDD=CZFCT2

=====================================================================================================================================
ID RiL    Type Res MO1-MO2                  BOARD1-BOARD2             AlmIDs Cells (States)               Issue (Failed checks)
=====================================================================================================================================
 1 S210-1 O101 OK  BB-1(A) Radio-S210-1(D1) BB6630 RRU227922B822B20C*        FDD=CZFCE1 NIOT=CZFCN1 (1,1) Passed
 2 S211-1 O101 OK  BB-1(B) Radio-S211-1(D1) BB6630 RRU227922B822B20C*        FDD=CZFCE2 NIOT=CZFCN2 (1,1) Passed
 3 S60-1  O101 OK  BB-1(D) Radio-S60-1(D1)  BB6630 RRU2212B3                 FDD=CZFCT1 (1)               Passed
 4 S61-1  O101 OK  BB-1(E) Radio-S61-1(D1)  BB6630 RRU2212B3                 FDD=CZFCT2 (1)               Passed
-------------------------------------------------------------------------------------------------------------------------------------

Node: RadioNode L   CXP9024418/16_R8D21 (RCG123.3-3)   G2   LTE-FDD,LTE-IoT 

=====================================================================================================================================
FRU          ;LNH    ;BOARD              ;ST ;FAULT ;OPER ;MAINT ;STAT ;PRODUCTNUMBER   ;REV     ;SERIAL        ;DATE     ;PMTEMP ; TEMP ; UPT ;VOLT ;SW                   ;
=====================================================================================================================================
BB-1         ;000100 ;BB6630             ; 1 ;  OFF ;  ON ;  OFF ;  ON ;KDU137848/11    ;R3D     ;E96A00JTCW    ;20211012 ;3 (OK) ;      ;8.05 ;48   ;                     ;
Radio-S210-1 ;BXP_2  ;RRU227922B822B20C* ; 1 ;  OFF ;  ON ;  OFF ; N/A ;KRC161864/1     ;R1E     ;TU8U013VMD    ;20210919 ;4 (OK) ; 46.0 ; 132 ;54.4 ;CXP9013268%15_R101KB ; (Radio227922B822B20C)
Radio-S211-1 ;BXP_3  ;RRU227922B822B20C* ; 1 ;  OFF ;  ON ;  OFF ; N/A ;KRC161864/1     ;R1E     ;TU8U013VMK    ;20210919 ;4 (OK) ; 35.5 ; 132 ;53.9 ;CXP9013268%15_R101KB ; (Radio227922B822B20C)
Radio-S60-1  ;BXP_4  ;RRU2212B3          ; 1 ;  OFF ;  ON ;  OFF ; N/A ;KRC161496/1     ;R5J     ;E23A767611    ;20190901 ;4 (OK) ; 36.5 ; 132 ;54.5 ;CXP9013268%15_R101KB ; (Radio2212B3)
Radio-S61-1  ;BXP_5  ;RRU2212B3          ; 1 ;  OFF ;  ON ;  OFF ; N/A ;KRC161496/1     ;R5J     ;E23A767448    ;20190901 ;4 (OK) ; 33.5 ; 132 ;54.4 ;CXP9013268%15_R101KB ; (Radio2212B3)
-------------------------------------------------------------------------------------------------------------------------------------

=====================================================================================================================================
AntennaNearUnit                                ;ST  ;TYPE   ;PRODUCTNR  ;REV                ;UNIQUEID             ;RfPort
=====================================================================================================================================
AntennaUnitGroup=210,AntennaNearUnit=Ret_1800  ; 1  ;S-RET  ;AIMM20M22  ;WD81MANBRCU_VER.F  ;HWM1360H6004B6052yL  ;FieldReplaceableUnit=Radio-S210-1,RfPort=R
AntennaUnitGroup=210,AntennaNearUnit=Ret_2100  ; 1  ;S-RET  ;AIMM20M22  ;WD81MANBRCU_VER.F  ;HWM1360H6004C481yyR  ;FieldReplaceableUnit=Radio-S210-1,RfPort=R
AntennaUnitGroup=210,AntennaNearUnit=Ret_800   ; 1  ;S-RET  ;AIMM20M22  ;WD81MANBRCU_VER.F  ;HWM1360H6004924630r  ;FieldReplaceableUnit=Radio-S210-1,RfPort=R
AntennaUnitGroup=210,AntennaNearUnit=Ret_900   ; 1  ;S-RET  ;AIMM20M22  ;WD81MANBRCU_VER.F  ;HWM1360H6004A6713rr  ;FieldReplaceableUnit=Radio-S210-1,RfPort=R
AntennaUnitGroup=211,AntennaNearUnit=Ret_1800  ; 1  ;S-RET  ;AIMM20M22  ;WD81MANBRCU_VER.F  ;HWM1360H600BQ1736yL  ;FieldReplaceableUnit=Radio-S211-1,RfPort=R
AntennaUnitGroup=211,AntennaNearUnit=Ret_2100  ; 1  ;S-RET  ;AIMM20M22  ;WD81MANBRCU_VER.F  ;HWM1360H600BR291yyR  ;FieldReplaceableUnit=Radio-S211-1,RfPort=R
AntennaUnitGroup=211,AntennaNearUnit=Ret_800   ; 1  ;S-RET  ;AIMM20M22  ;WD81MANBRCU_VER.F  ;HWM1360H600BN11850r  ;FieldReplaceableUnit=Radio-S211-1,RfPort=R
AntennaUnitGroup=211,AntennaNearUnit=Ret_900   ; 1  ;S-RET  ;AIMM20M22  ;WD81MANBRCU_VER.F  ;HWM1360H600BP6944rr  ;FieldReplaceableUnit=Radio-S211-1,RfPort=R
-------------------------------------------------------------------------------------------------------------------------------------

=====================================================================================================================================
XPBOARD  ;ST ;FAULT ;OPER ;PRODUCTNUMBER ;REV ;SERIAL/NAME ;DATE     ; TEMP ;MO
=====================================================================================================================================
FAN      ; 1 ;N/A   ;N/A  ;BKV106217/1   ;N/A ;N/A         ;N/A      ;      ;SupportUnit=1 (FAN  BB-1)
-------------------------------------------------------------------------------------------------------------------------------------

=====================================================================================================================================
ID ;T ;RiL    ;BPBP ;BOARD1             ;LNH1 ;PORT ;R ;LINK ;RATE  ; BER ;BOARD2             ;LNH2 ;PORT ;R ;LINK ;RATE  ; BER ;LENGTH ;MO1 - MO2
=====================================================================================================================================
 1 ;O ;S210-1 ;1111 ;BB6630             ;000100 ; 1 ;M ;Up   ;10.1G ;   0 ;RRU227922B822B20C* ;BXP_2  ; 0 ;S ;Up   ;10.1G ;   0 ;   64m ;Fru=BB-1(A) Fru=Radio-S210-1(D1)
 2 ;O ;S211-1 ;1111 ;BB6630             ;000100 ; 2 ;M ;Up   ;10.1G ;   0 ;RRU227922B822B20C* ;BXP_3  ; 0 ;S ;Up   ;10.1G ;   0 ;   64m ;Fru=BB-1(B) Fru=Radio-S211-1(D1)
 3 ;O ; S60-1 ;1111 ;BB6630             ;000100 ; 4 ;M ;Up   ;10.1G ;   0 ;RRU2212B3          ;BXP_4  ; 0 ;S ;Up   ;10.1G ;   0 ;   64m ;Fru=BB-1(D) Fru=Radio-S60-1(D1)
 4 ;O ; S61-1 ;1111 ;BB6630             ;000100 ; 5 ;M ;Up   ;10.1G ;   0 ;RRU2212B3          ;BXP_5  ; 0 ;S ;Up   ;10.1G ;   0 ;   64m ;Fru=BB-1(E) Fru=Radio-S61-1(D1)
-------------------------------------------------------------------------------------------------------------------------------------

=====================================================================================================================================
ID ;LINK ;RiL    ;VENDOR1  ;VENDORPROD1     ;REV1 ;SERIAL1        ;DATE1    ;ERICSSONPROD1  ;VENDOR2  ;VENDORPROD2     ;REV2 ;SERIAL2        ;DATE2    ;ERICSSONPROD2  ;TT ;WL1     ;WL2    
=====================================================================================================================================
 1 ;Up   ;S210-1 ;ERICSSON ;SPP10ELRIDFREN  ;10   ;LAT2006564     ;20210928 ;RDH10265/2 R1A ;ERICSSON ;SPP10ELRIDFREN  ;10   ;LAT2006558     ;20210928 ;RDH10265/2 R1A ;0  ;1310.00 ;1310.00
 2 ;Up   ;S211-1 ;ERICSSON ;SPP10ELRIDFREN  ;10   ;LAT2008192     ;20210928 ;RDH10265/2 R1A ;ERICSSON ;SPP10ELRIDFREN  ;10   ;LAT2006475     ;20210928 ;RDH10265/2 R1A ;0  ;1310.00 ;1310.00
 3 ;Up   ; S60-1 ;ERICSSON ;SPP10ELRIDFREN  ;10   ;LAT2005579     ;20210928 ;RDH10265/2 R1A ;ERICSSON ;SPP10ELRIDFREN  ;10   ;LAT2005577     ;20210928 ;RDH10265/2 R1A ;0  ;1310.00 ;1310.00
 4 ;Up   ; S61-1 ;ERICSSON ;SPP10ELRIDFREN  ;10   ;LAT2008365     ;20210928 ;RDH10265/2 R1A ;ERICSSON ;SPP10ELRIDFREN  ;10   ;LAT2006140     ;20210928 ;RDH10265/2 R1A ;0  ;1310.00 ;1310.00
-------------------------------------------------------------------------------------------------------------------------------------

=====================================================================================================================================
ID ;LINK ;RiL    ;WL1     ;TEMP1 ;TXbs1 ;TXdBm1 ;RXdBm1 ;BER1   ;WL2     ;TEMP2 ;TXbs2 ;TXdBm2 ;RXdBm2 ;BER2   ;DlLoss ;UlLoss ;LENGTH ;TT
=====================================================================================================================================
 1 ;Up   ;S210-1 ;1310.00 ;39C   ;40%   ;-1.40  ;-2.24  ;   0   ;1310.00 ;38C   ;40%   ;-1.37  ;-1.85  ;   0   ;  0.45 ;  0.87 ;   64m ; 0
 2 ;Up   ;S211-1 ;1310.00 ;40C   ;41%   ;-1.79  ;-1.86  ;   0   ;1310.00 ;30C   ;41%   ;-2.25  ;-1.93  ;   0   ;  0.14 ; -0.39 ;   64m ; 0
 3 ;Up   ; S60-1 ;1310.00 ;40C   ;34%   ;-1.57  ;-2.17  ;   0   ;1310.00 ;32C   ;39%   ;-1.41  ;-2.84  ;   0   ;  1.27 ;  0.76 ;   64m ; 0
 4 ;Up   ; S61-1 ;1310.00 ;39C   ;43%   ;-2.41  ;-1.84  ;   0   ;1310.00 ;29C   ;41%   ;-1.16  ;-3.10  ;   0   ;  0.69 ;  0.68 ;   64m ; 0
-------------------------------------------------------------------------------------------------------------------------------------

=====================================================================================================================================
ID ;RiL    ;BOARD              ;SFPLNH  ;PORT ;VENDOR   ;VENDORPROD      ;REV  ;SERIAL         ;DATE     ;ERICSSONPROD   ;WL      ;TEMP  ;TXbs  ;TXdBm  ;RXdBm  ; BER
=====================================================================================================================================
 1 ;S210-1 ;BB6630             ;000100   ;  1 ;ERICSSON ;SPP10ELRIDFREN  ;10   ;LAT2006564     ;20210928 ;RDH10265/2 R1A ;1310.00 ;39C   ;40%   ;-1.40  ;-2.24  ;   0
 2 ;S211-1 ;BB6630             ;000100   ;  2 ;ERICSSON ;SPP10ELRIDFREN  ;10   ;LAT2008192     ;20210928 ;RDH10265/2 R1A ;1310.00 ;40C   ;41%   ;-1.79  ;-1.86  ;   0
 3 ; S60-1 ;BB6630             ;000100   ;  4 ;ERICSSON ;SPP10ELRIDFREN  ;10   ;LAT2005579     ;20210928 ;RDH10265/2 R1A ;1310.00 ;40C   ;34%   ;-1.57  ;-2.17  ;   0
 4 ; S61-1 ;BB6630             ;000100   ;  5 ;ERICSSON ;SPP10ELRIDFREN  ;10   ;LAT2008365     ;20210928 ;RDH10265/2 R1A ;1310.00 ;39C   ;43%   ;-2.41  ;-1.84  ;   0
 1 ;S210-1 ;RRU227922B822B20C* ;BXP_2    ;  0 ;ERICSSON ;SPP10ELRIDFREN  ;10   ;LAT2006558     ;20210928 ;RDH10265/2 R1A ;1310.00 ;38C   ;40%   ;-1.37  ;-1.85  ;   0
 2 ;S211-1 ;RRU227922B822B20C* ;BXP_3    ;  0 ;ERICSSON ;SPP10ELRIDFREN  ;10   ;LAT2006475     ;20210928 ;RDH10265/2 R1A ;1310.00 ;30C   ;41%   ;-2.25  ;-1.93  ;   0
 3 ; S60-1 ;RRU2212B3          ;BXP_4    ;  0 ;ERICSSON ;SPP10ELRIDFREN  ;10   ;LAT2005577     ;20210928 ;RDH10265/2 R1A ;1310.00 ;32C   ;39%   ;-1.41  ;-2.84  ;   0
 4 ; S61-1 ;RRU2212B3          ;BXP_5    ;  0 ;ERICSSON ;SPP10ELRIDFREN  ;10   ;LAT2006140     ;20210928 ;RDH10265/2 R1A ;1310.00 ;29C   ;41%   ;-1.16  ;-3.10  ;   0
-------------------------------------------------------------------------------------------------------------------------------------
TN ;       ;BB6630             ;000100   ;  A ;WTD      ;RTXM192-406-C25 ;3.0  ;HA213200291540 ;20210807 ;RDH10247/2 R2A ;0       ;36C   ;19%   ;-5.61  ;-6.68  ;NZ/0
TN ;       ;BB6630             ;000100   ;  B ;ERICSSON ;SPP10ELRIDFREN  ;10   ;LAT2007323     ;20210928 ;RDH10265/2 R1A ;0       ;37C   ;40%   ;-1.76  ;-1.86  ; 0/0
-------------------------------------------------------------------------------------------------------------------------------------

=====================================================================================================================================
BOARD  ;LNH    ;PORT   ;T ;S ;OpMode    ;AutoNeg ;MacAddress        ;VlanIds        ;LOS ;BER
=====================================================================================================================================
BB6630 ;000100 ;IDL_A1 ;E ;1 ;10G_FULL  ;false   ;58:45:4C:F5:73:7B ;3908           ;0   ;0/0
BB6630 ;000100 ;TN_A   ;O ;1 ;1G_FULL   ;true    ;58:45:4C:F5:73:77 ;3901,3908,3910 ;0   ;NZ/0
BB6630 ;000100 ;TN_B   ;O ;1 ;10G_FULL  ;false   ;58:45:4C:F5:73:78 ;3901,3908,3910 ;0   ;0/0
BB6630 ;000100 ;TN_C   ;E ;1 ;100M_FULL ;false   ;58:45:4C:F5:73:79 ;3910           ;0   ;0/0
-------------------------------------------------------------------------------------------------------------------------------------

radioClockState : RNT_TIME_LOCKED
-------------------------------------------------------------------------------------
Prio  ;ST  ;syncRefType    ;refStatus  ;opQualLevel  ;SyncReference
-------------------------------------------------------------------------------------
  *1  ; 1  ;PTP_TIME       ;NO_FAULT   ;PRTC         ;Ptp=1,BoundaryOrdinaryClock=1 (G_8275_2 Router=LTE,InterfaceIPv4=1,AddressIPv4=1:SLAVE)
   2  ; 1  ;NTP_FREQUENCY  ;NO_FAULT   ;PRC          ;Ntp=1,NtpFrequencySync=NTP1 (10.31.0.54:32751 Router=LTE,InterfaceIPv4=1,AddressIPv4=1)
-------------------------------------------------------------------------------------
nodeGroupRole   : SYNC_PROVIDER (syncNodePriority=1, selectionMode=NODE_PRIORITY)
-------------------------------------------------------------------------------------
DU  ;Port  ;sharedUnitRef (RiPortA - RiPortB)  ;remoteNodePriority  ;CandidateStatus
-------------------------------------------------------------------------------------
1   ;B     ;Fru=Radio-S211-1 (1 - 2)           ;3                   ;OK_NOT_ACTIVE
1   ;A     ;Fru=Radio-S210-1 (1 - 2)           ;3                   ;OK_NOT_ACTIVE
-------------------------------------------------------------------------------------

=====================================================================================================================================
FRU          ;LNH    ;BOARD              ;RF  ;BP  ;TX (W/dBm)  ;VSWR (RL)   ;RX (dBm) ;UEs/gUEs  ;Sector/AntennaGroup/Cells (State:CellIds:PCIs)
=====================================================================================================================================
Radio-S210-1 ;BXP_2  ;RRU227922B822B20C* ; A  ;11  ;15.9 (42.0) ;1.26 (18.7) ;-91.1    ;3/-       ;SE=210* AG=210 FDD=CZFCE1 NIOT=CZFCN1 (1:61:144, 1:161:144)
Radio-S210-1 ;BXP_2  ;RRU227922B822B20C* ; B  ;11  ;18.8 (42.7) ;1.11 (26.0) ;-89.9    ;3/-       ;SE=210* AG=210 FDD=CZFCE1 NIOT=CZFCN1 (1:61:144, 1:161:144)
Radio-S211-1 ;BXP_3  ;RRU227922B822B20C* ; A  ;11  ;15.0 (41.8) ;1.13 (24.3) ;-92.2    ;6/-       ;SE=211* AG=211 FDD=CZFCE2 NIOT=CZFCN2 (1:62:190, 1:162:190)
Radio-S211-1 ;BXP_3  ;RRU227922B822B20C* ; B  ;11  ;18.6 (42.7) ;1.09 (27.6) ;-90.5    ;6/-       ;SE=211* AG=211 FDD=CZFCE2 NIOT=CZFCN2 (1:62:190, 1:162:190)
Radio-S60-1  ;BXP_4  ;RRU2212B3          ; A  ;11  ;14.1 (41.5) ;1.05 (32.9) ;-88.1    ;40/-      ;SE=60 AG=60 FDD=CZFCT1 (1:41:204)
Radio-S60-1  ;BXP_4  ;RRU2212B3          ; B  ;11  ;15.8 (42.0) ;1.07 (29.9) ;-89.8    ;40/-      ;SE=60 AG=60 FDD=CZFCT1 (1:41:204)
Radio-S61-1  ;BXP_5  ;RRU2212B3          ; A  ;11  ;26.9 (44.3) ;1.02 (40.0) ;-91.2    ;24/-      ;SE=61 AG=61 FDD=CZFCT2 (1:42:33)
Radio-S61-1  ;BXP_5  ;RRU2212B3          ; B  ;11  ;28.2 (44.5) ;1.03 (36.0) ;-91.9    ;24/-      ;SE=61 AG=61 FDD=CZFCT2 (1:42:33)
-------------------------------------------------------------------------------------------------------------------------------------

CZFCT> mfar

251125-17:37:16+0100 19.31.9.249 25.0h MSRBS_NODE_MODEL_25.Q1_198665.224.73_bf81 stopfile=/tmp/3318521
.....
Last MO: 17753. Loaded 17753 MOs. Total: 17754 MOs.
............................................
get /rop/A20251125.1500-1515_CZFCT.xml.gz /ericsson/log/amos/moshell_logfiles/t20251125_37258710_65084/logs_moshell/pmfiles/19.31.9.249/rop/A20251125.1500-1515_CZFCT.xml.gz ... OK
get /rop/A20251125.1515-1530_CZFCT.xml.gz /ericsson/log/amos/moshell_logfiles/t20251125_37258710_65084/logs_moshell/pmfiles/19.31.9.249/rop/A20251125.1515-1530_CZFCT.xml.gz ... OK
get /rop/A20251125.1530-1545_CZFCT.xml.gz /ericsson/log/amos/moshell_logfiles/t20251125_37258710_65084/logs_moshell/pmfiles/19.31.9.249/rop/A20251125.1530-1545_CZFCT.xml.gz ... OK

Using hardcoded thresholds: 3, 4.5, and 16.5
================================================================================================================================
SC     SE  Tx/Rx BrPair  RfPort1 - RfPort2               HW       Serial      Cell (State)   Samples   Med  Mean  SDev Pol Res Issue
================================================================================================================================
CZFCE1 210   2/2 0 (1,2) Radio-S210-1(A) Radio-S210-1(B) RRU2279  TU8U013VMD  FDD=CZFCE1 (1)  236937   0.5   0.1   6.6  NA  OK Passed
CZFCE2 211   2/2 0 (1,2) Radio-S211-1(A) Radio-S211-1(B) RRU2279  TU8U013VMK  FDD=CZFCE2 (1)  127771  -0.5  -0.2   6.7  NA  OK Passed
CZFCT1  60   2/2 0 (1,2) Radio-S60-1(A) Radio-S60-1(B)   RRU2212  E23A767611  FDD=CZFCT1 (1)  412419   0.5   0.3   7.2  NA  OK Passed
CZFCT2  61   2/2 0 (1,2) Radio-S61-1(A) Radio-S61-1(B)   RRU2212  E23A767448  FDD=CZFCT2 (1)  345927   1.5   2.2   8.3  NA  OK Passed
================================================================================================================================
Total: 4 SectorCarriers, 4 RfBranch Pairs (4 OK, 0 OKW, 0 NOK, 0 NT)
.....
Last MO: 17753. Loaded 17753 MOs. Total: 17754 MOs.

No NRSectorCarrier MOs are defined on the node.

CZFCT> mfitr

251125-17:37:33+0100 19.31.9.249 25.0h MSRBS_NODE_MODEL_25.Q1_198665.224.73_bf81 stopfile=/tmp/3318521
........
Last MO: 17753. Loaded 17753 MOs. Total: 17754 MOs.
.......
2025-11-25 17:38
================================================================================================================================
CELL       SC     FRU          BOARD             PUSCH  PUCCH       A      B  DELTA
================================================================================================================================
FDD=CZFCE1 CZFCE1 Radio-S210-1 RRU227922B822B20C -115.2 -115.3 -116.8 -117.2    0.4
FDD=CZFCE2 CZFCE2 Radio-S211-1 RRU227922B822B20C -116.5 -115.9 -117.3 -117.8    0.5
FDD=CZFCT1 CZFCT1 Radio-S60-1  RRU2212B3         -112.4 -115.3 -109.3 -111.8    2.5
FDD=CZFCT2 CZFCT2 Radio-S61-1  RRU2212B3         -114.2 -116.8 -111.2 -112.3    1.1
================================================================================================================================
Bye...
Output has been logged to file /mta_fs/UserFiles/37258710/amosbatch/SDIR/CZFCT.log
