Logging to file /mta_fs/UserFiles/37258710/amosbatch/SDIR/KR24L.log
                        __  __  ____   _____
                  /\   |  \/  |/ __ \ / ____|
                 /  \  | \  / | |  | | (___  
                / /\ \ | |\/| | |  | |\___ \ 
               / ____ \| |  | | |__| |____) |
              /_/    \_\_|  |_|\____/|_____/
              OSS Framework for MoShell-25.0h 
  Copyright (c) Ericsson AB 2001-2025 - All Rights Reserved
              
           
[1;31mWARNING: [0mthe AMOS version currently running is more than 29 weeks old and is unsupported.
Please upgrade as soon as possible to the latest released version, available from your local Ericsson support.

$amosrb_pid = 2010079

Checking ip contact...OK

HELP MENU            : h
BASIC MO COMMANDS    : m
OTHER MO COMMANDS    : n
OTHER COMMANDS       : o
PM COMMANDS          : p
QUIT                 : q

KR24L> lt all

251125-10:51:09+0100 19.31.11.157 25.0h  stopfile=/tmp/2009987
Looking up temporary_amos account... OK.
Trying temporary_amos_t20251125_37258710_65084_131's password from amos lookupAccount ... OK

$ssh_pid = 2010427

Connected to 19.31.11.157 (SubNetwork=BBMM_rckomc_R,MeContext=KR24L,ManagedElement=KR24L)

Checking MOM version...MSRBS_NODE_MODEL_25.Q1_693.28324.131_62ac
Parsing MOM (cached): /ericsson/log/amos/moshell_logfiles/t20251125_37258710_65084/logs_moshell/tempfiles/scp-4-amos_20251125-105103_2009931/MSRBS_NODE_MODEL_25.Q1_693.28324.131_62ac.xml.cache.gz ..................................................................................................................................................................................................................................Done.
Using paramfile /opt/ericsson/amos/moshell/commonjars/pm/PARAM_MSRBS_25.Q1.txt
Parsing file /opt/ericsson/amos/moshell/commonjars/pm/PARAM_MSRBS_25.Q1.txt .......................................................................................Done.
Using imomdfile /opt/ericsson/amos/moshell/commonjars/pm/IMOMD_MSRBS_22.Q4.txt
Using imomfile /opt/ericsson/amos/moshell/commonjars/pm/IMOM_MSRBS_25.Q1.txt
Connected to 19.31.11.157 (SubNetwork=BBMM_rckomc_R,MeContext=KR24L,ManagedElement=KR24L)

Last MO: 17378. Loaded 17378 MOs. Total: 17379 MOs.

KR24L> st cell

251125-10:51:23+0100 19.31.11.157 25.0h MSRBS_NODE_MODEL_25.Q1_693.28324.131_62ac stopfile=/tmp/2009987
===================================================================================
Proxy  Adm State     Op. State     MO
===================================================================================
   60  1 (UNLOCKED)  1 (ENABLED)   ENodeBFunction=1,EUtranCellFDD=KR24L1
  158  1 (UNLOCKED)  1 (ENABLED)   ENodeBFunction=1,EUtranCellFDD=KR24L2
  262  1 (UNLOCKED)  1 (ENABLED)   ENodeBFunction=1,EUtranCellFDD=KR24L3
  394  1 (UNLOCKED)  1 (ENABLED)   ENodeBFunction=1,EUtranCellFDD=KR24L4
===================================================================================
Total: 4 MOs

KR24L> st radio

251125-10:51:24+0100 19.31.11.157 25.0h MSRBS_NODE_MODEL_25.Q1_693.28324.131_62ac stopfile=/tmp/2009987
===================================================================================
Proxy  Adm State     Op. State     MO
===================================================================================
 1500  1 (UNLOCKED)  1 (ENABLED)   Equipment=1,FieldReplaceableUnit=Radio-S180-1
 1515  1 (UNLOCKED)  1 (ENABLED)   Equipment=1,FieldReplaceableUnit=Radio-S182-1
 1530  1 (UNLOCKED)  1 (ENABLED)   Equipment=1,FieldReplaceableUnit=Radio-S220-1
 1557  1 (UNLOCKED)  1 (ENABLED)   Equipment=1,FieldReplaceableUnit=Radio-S221-1
 1584  1 (UNLOCKED)  1 (ENABLED)   Equipment=1,FieldReplaceableUnit=Radio-S222-1
 1611  1 (UNLOCKED)  1 (ENABLED)   Equipment=1,FieldReplaceableUnit=Radio-S223-1
17372  1 (UNLOCKED)  1 (ENABLED)   Transport=1,Synchronization=1,RadioEquipmentClock=1,RadioEquipmentClockReference=PTP8275_2
17373  1 (UNLOCKED)  1 (ENABLED)   Transport=1,Synchronization=1,RadioEquipmentClock=1,RadioEquipmentClockReference=SyncE
===================================================================================
Total: 8 MOs

KR24L> sdir

251125-10:51:24+0100 19.31.11.157 25.0h MSRBS_NODE_MODEL_25.Q1_693.28324.131_62ac stopfile=/tmp/2009987
INFO: Using amos lookupAccount credentials for the export login
...............................
get /rop/A20251125.0900-0915_KR24L.xml.gz /ericsson/log/amos/moshell_logfiles/t20251125_37258710_65084/logs_moshell/pmfiles/19.31.11.157/rop/A20251125.0900-0915_KR24L.xml.gz ... OK
get /rop/A20251125.0915-0930_KR24L.xml.gz /ericsson/log/amos/moshell_logfiles/t20251125_37258710_65084/logs_moshell/pmfiles/19.31.11.157/rop/A20251125.0915-0930_KR24L.xml.gz ... OK
get /rop/A20251125.0930-0945_KR24L.xml.gz /ericsson/log/amos/moshell_logfiles/t20251125_37258710_65084/logs_moshell/pmfiles/19.31.11.157/rop/A20251125.0930-0945_KR24L.xml.gz ... OK
....Checking available boards on node...

Collecting RCS board data ...
........................................................................................................................
..................................
...........................................................................................................................................................................................................................................................................................................................................
............
Collecting TN data...
...........................................................................................................................
Getting MO data from node (67 MOs). Please wait...
0%                                             ~50%                                           ~100%
.................................................................................................................................
Collecting RF data...
.....
Collecting Alarms...
Executing action Log.export()
...
Log=AlarmLog                    actionId=30304
........
Executing action LogM.exportAvailabilityLog()
..LogM=1,exportAvailabilityLog    actionId=30305
.....Parsing alarmLog......Done.
Parsing availabilityLog....Done.
.....

Total: 6 CPRI links (6 OK, 0 OKW, 0 NOK, 0 NT)
.
+--------+                      +----------------------------+
|        | A        O101     D2 |        Radio-S220-1        |
|        |-----------1----------| RRU247924B824B2024B28BM01* |
|        |         OK-37m       |           BXP_5            |
|        |                      +----------------------------+
|        |                                     |A  |B  |C  |D
|        |             SE=220* AG=220 GT=KR24D1/0 GT=KR24D1/8
|        |
|        |                      +----------------------------+
|        | B        O101     D2 |        Radio-S221-1        |
|        |-----------2----------| RRU247924B824B2024B28BM01* |
|        |         OK-37m       |           BXP_3            |
|        |                      +----------------------------+
|        |                                     |A  |B  |C  |D
|        |             SE=221* AG=221 GT=KR24D2/0 GT=KR24D2/8
|        |
|        |                      +----------------------------+
|        | C        O101     D2 |        Radio-S222-1        |
|        |-----------3----------| RRU247924B824B2024B28BM01* |
|        |         OK-37m       |           BXP_4            |
|        |                      +----------------------------+
|        |                                     |A  |B  |C  |D
|        |             SE=222* AG=222 GT=KR24D3/0 GT=KR24D3/1
|        |
|        |                      +---------------+
|        | D        O101     D1 | Radio-S180-1  |
|        |-----------4----------|   RRU4415B7   |
|  BB-1  |         OK-36m       |     BXP_6     |
| BB6631 |                      +---------------+
| 000100 |                        |A  |B  |C  |D
|        |                 SE=180 AG=180  |   |
|        |                    FDD=KR24L1  |   |
|        |                         SE=181 AG=181
|        |                            FDD=KR24L2
|        |
|        |                      +---------------+
|        | E        O101     D1 | Radio-S182-1  |
|        |-----------5----------|   RRU4415B7   |
|        |         OK-36m       |     BXP_7     |
|        |                      +---------------+
|        |                        |A  |B  |C  |D
|        |                 SE=182 AG=182  |   |
|        |                    FDD=KR24L3  |   |
|        |                         SE=183 AG=183
|        |                            FDD=KR24L4
|        |
|        |                      +----------------------------+
|        | F        O101     D2 |        Radio-S223-1        |
|        |-----------6----------| RRU247924B824B2024B28BM01* |
|        |         OK-37m       |           BXP_2            |
|        |                      +----------------------------+
|        |                                     |A  |B  |C  |D
+--------+             SE=223* AG=223 GT=KR24D4/0 GT=KR24D4/1

=====================================================================================================================================
ID RiL    Type Res MO1-MO2                  BOARD1-BOARD2                     AlmIDs Cells (States)                Issue (Failed checks)
=====================================================================================================================================
 1 S220-1 O101 OK  BB-1(A) Radio-S220-1(D2) BB6631 RRU247924B824B2024B28BM01*        GT=KR24D1/0 GT=KR24D1/8 (1,1) Passed
 2 S221-1 O101 OK  BB-1(B) Radio-S221-1(D2) BB6631 RRU247924B824B2024B28BM01*        GT=KR24D2/0 GT=KR24D2/8 (1,1) Passed
 3 S222-1 O101 OK  BB-1(C) Radio-S222-1(D2) BB6631 RRU247924B824B2024B28BM01*        GT=KR24D3/0 GT=KR24D3/1 (1,D) Passed
 4 S180-1 O101 OK  BB-1(D) Radio-S180-1(D1) BB6631 RRU4415B7                         FDD=KR24L1 FDD=KR24L2 (1,1)   Passed
 5 S182-1 O101 OK  BB-1(E) Radio-S182-1(D1) BB6631 RRU4415B7                         FDD=KR24L3 FDD=KR24L4 (1,1)   Passed
 6 S223-1 O101 OK  BB-1(F) Radio-S223-1(D2) BB6631 RRU247924B824B2024B28BM01*        GT=KR24D4/0 GT=KR24D4/1 (1,1) Passed
-------------------------------------------------------------------------------------------------------------------------------------

=====================================================================================================================================
AlmID IDs RiLs Status      Alarm
=====================================================================================================================================
-------------------------------------------------------------------------------------------------------------------------------------

Node: RadioNode GL   CXP2010174/2_R27J08 (25.Q1)   G3.1   GSM LTE-FDD 

=====================================================================================================================================
FRU          ;LNH    ;BOARD                      ;ST ;FAULT ;OPER ;MAINT ;STAT ;PRODUCTNUMBER   ;REV     ;SERIAL        ;DATE     ;PMTEMP ; TEMP ; UPT ;VOLT ;SW                   ;
=====================================================================================================================================
BB-1         ;000100 ;BB6631                     ; 1 ;  OFF ;  ON ;  OFF ;  ON ;KDU1370071/11   ;R3F     ;E23E975798    ;20231103 ;3 (OK) ;      ; 132 ;54   ;                     ;
Radio-S180-1 ;BXP_6  ;RRU4415B7                  ; 1 ;  OFF ;  ON ;  OFF ; N/A ;KRC161495/1     ;R5FE    ;DH80205785    ;20231220 ;4 (OK) ; 24.5 ; 132 ;54.9 ;CXP9013268%15_R101LX ; (Radio4415B7)
Radio-S182-1 ;BXP_7  ;RRU4415B7                  ; 1 ;  OFF ;  ON ;  OFF ; N/A ;KRC161495/1     ;R5FE    ;DH80205791    ;20231220 ;4 (OK) ; 26.5 ; 132 ;54.5 ;CXP9013268%15_R101LX ; (Radio4415B7)
Radio-S220-1 ;BXP_5  ;RRU247924B824B2024B28BM01* ; 1 ;  OFF ;  ON ;  OFF ; N/A ;KRC161832/1     ;R2G     ;TU8U02BW08    ;20240108 ;4 (OK) ; 28.3 ; 132 ;54.6 ;CXP9013268%15_R101LX ; (Radio247924B824B2024B28BM01)
Radio-S221-1 ;BXP_3  ;RRU247924B824B2024B28BM01* ; 1 ;  OFF ;  ON ;  OFF ; N/A ;KRC161832/1     ;R2G     ;TU8U02BX3Q    ;20240109 ;4 (OK) ; 27.0 ; 132 ;54.4 ;CXP9013268%15_R101LX ; (Radio247924B824B2024B28BM01)
Radio-S222-1 ;BXP_4  ;RRU247924B824B2024B28BM01* ; 1 ;  OFF ;  ON ;  OFF ; N/A ;KRC161832/1     ;R2G     ;TU8U02BX3J    ;20240109 ;4 (OK) ; 24.8 ; 132 ;54.8 ;CXP9013268%15_R101LX ; (Radio247924B824B2024B28BM01)
Radio-S223-1 ;BXP_2  ;RRU247924B824B2024B28BM01* ; 1 ;  OFF ;  ON ;  OFF ; N/A ;KRC161832/1     ;R2G     ;TU8U02BW01    ;20240108 ;4 (OK) ; 24.7 ; 132 ;54.5 ;CXP9013268%15_R101LX ; (Radio247924B824B2024B28BM01)
-------------------------------------------------------------------------------------------------------------------------------------

=====================================================================================================================================
XPBOARD  ;ST ;FAULT ;OPER ;PRODUCTNUMBER ;REV ;SERIAL/NAME ;DATE     ; TEMP ;MO
=====================================================================================================================================
FAN08    ; 1 ;N/A   ;N/A  ;BKV106236/1   ;R2F ;DD138B4123  ;20221218 ; 42.0 ;SupportUnit=1 (FAN  BB-1)
-------------------------------------------------------------------------------------------------------------------------------------

=====================================================================================================================================
ID ;T ;RiL    ;BPBP ;BOARD1                     ;LNH1 ;PORT ;R ;LINK ;RATE  ; BER ;BOARD2                     ;LNH2 ;PORT ;R ;LINK ;RATE  ; BER ;LENGTH ;MO1 - MO2
=====================================================================================================================================
 1 ;O ;S220-1 ;1111 ;BB6631                     ;000100 ; 1 ;M ;Up   ;10.1G ;   0 ;RRU247924B824B2024B28BM01* ;BXP_5  ; 1 ;S ;Up   ;10.1G ;   0 ;   37m ;Fru=BB-1(A) Fru=Radio-S220-1(D2)
 2 ;O ;S221-1 ;1111 ;BB6631                     ;000100 ; 2 ;M ;Up   ;10.1G ;   0 ;RRU247924B824B2024B28BM01* ;BXP_3  ; 1 ;S ;Up   ;10.1G ;   0 ;   37m ;Fru=BB-1(B) Fru=Radio-S221-1(D2)
 3 ;O ;S222-1 ;1111 ;BB6631                     ;000100 ; 3 ;M ;Up   ;10.1G ;   0 ;RRU247924B824B2024B28BM01* ;BXP_4  ; 1 ;S ;Up   ;10.1G ;   0 ;   37m ;Fru=BB-1(C) Fru=Radio-S222-1(D2)
 4 ;O ;S180-1 ;1111 ;BB6631                     ;000100 ; 4 ;M ;Up   ;10.1G ;   0 ;RRU4415B7                  ;BXP_6  ; 0 ;S ;Up   ;10.1G ;   0 ;   36m ;Fru=BB-1(D) Fru=Radio-S180-1(D1)
 5 ;O ;S182-1 ;1111 ;BB6631                     ;000100 ; 5 ;M ;Up   ;10.1G ;   0 ;RRU4415B7                  ;BXP_7  ; 0 ;S ;Up   ;10.1G ;   0 ;   36m ;Fru=BB-1(E) Fru=Radio-S182-1(D1)
 6 ;O ;S223-1 ;1111 ;BB6631                     ;000100 ; 6 ;M ;Up   ;10.1G ;   0 ;RRU247924B824B2024B28BM01* ;BXP_2  ; 1 ;S ;Up   ;10.1G ;   0 ;   37m ;Fru=BB-1(F) Fru=Radio-S223-1(D2)
-------------------------------------------------------------------------------------------------------------------------------------

=====================================================================================================================================
ID ;LINK ;RiL    ;VENDOR1  ;VENDORPROD1     ;REV1 ;SERIAL1        ;DATE1    ;ERICSSONPROD1      ;VENDOR2  ;VENDORPROD2     ;REV2 ;SERIAL2        ;DATE2    ;ERICSSONPROD2      ;TT ;WL1     ;WL2    
=====================================================================================================================================
 1 ;Up   ;S220-1 ;ERICSSON ;SPP10ELRIDFSEN  ;10   ;CT73994622     ;20231016 ;RDH10265/2 R1A     ;ERICSSON ;SPP10ELRIDFSEN  ;10   ;CT73993734     ;20231016 ;RDH10265/2 R1A     ;0  ;1310.00 ;1310.00
 2 ;Up   ;S221-1 ;ERICSSON ;SPP10ELRIDFSEN  ;10   ;CT73945070     ;20231007 ;RDH10265/2 R1A     ;ERICSSON ;SPP10ELRIDFSEN  ;10   ;CT73994602     ;20231016 ;RDH10265/2 R1A     ;0  ;1310.00 ;1310.00
 3 ;Up   ;S222-1 ;ERICSSON ;SPP10ELRIDFSEN  ;10   ;CT73949529     ;20231008 ;RDH10265/2 R1A     ;ERICSSON ;SPP10ELRIDFSEN  ;10   ;CT73997534     ;20231016 ;RDH10265/2 R1A     ;0  ;1310.00 ;1310.00
 4 ;Up   ;S180-1 ;ERICSSON ;EOLP-1396-02-IY ;1.0  ;DZ8PB00S8M     ;20231110 ;RDH10265/2 R1A     ;ERICSSON ;SPP10ELRIDFSEN  ;10   ;CT73996819     ;20231016 ;RDH10265/2 R1A     ;0  ;1310.00 ;1310.00
 5 ;Up   ;S182-1 ;ERICSSON ;SPP10ELRIDFSEN  ;10   ;CT73995547     ;20231016 ;RDH10265/2 R1A     ;ERICSSON ;SPP10ELRIDFSEN  ;10   ;CT73995763     ;20231016 ;RDH10265/2 R1A     ;0  ;1310.00 ;1310.00
 6 ;Up   ;S223-1 ;ERICSSON ;SPP10ELRIDFSEN  ;10   ;CT73996440     ;20231016 ;RDH10265/2 R1A     ;ERICSSON ;SPP10ELRIDFSEN  ;10   ;CT73995634     ;20231016 ;RDH10265/2 R1A     ;0  ;1310.00 ;1310.00
-------------------------------------------------------------------------------------------------------------------------------------

=====================================================================================================================================
ID ;LINK ;RiL    ;WL1     ;TEMP1 ;TXbs1 ;TXdBm1 ;RXdBm1 ;BER1   ;WL2     ;TEMP2 ;TXbs2 ;TXdBm2 ;RXdBm2 ;BER2   ;DlLoss ;UlLoss ;LENGTH ;TT
=====================================================================================================================================
 1 ;Up   ;S220-1 ;1310.00 ;44C   ;46%   ;-2.02  ;-2.71  ;   0   ;1310.00 ;30C   ;40%   ;-2.11  ;-2.61  ;   0   ;  0.59 ;   0.6 ;   37m ; 0
 2 ;Up   ;S221-1 ;1310.00 ;40C   ;42%   ;-2.08  ;-2.50  ;   0   ;1310.00 ;29C   ;45%   ;-2.11  ;-2.85  ;   0   ;  0.77 ;  0.39 ;   37m ; 0
 3 ;Up   ;S222-1 ;1310.00 ;43C   ;37%   ;-2.00  ;-2.51  ;   0   ;1310.00 ;28C   ;44%   ;-2.06  ;-3.25  ;   0   ;  1.25 ;  0.45 ;   37m ; 0
 4 ;Up   ;S180-1 ;1310.00 ;41C   ;39%   ;-3.68  ;-3.16  ;   0   ;1310.00 ;28C   ;41%   ;-2.08  ;-4.71  ;   0   ;  1.03 ;  1.08 ;   36m ; 0
 5 ;Up   ;S182-1 ;1310.00 ;42C   ;40%   ;-2.12  ;-2.47  ;   0   ;1310.00 ;27C   ;45%   ;-2.08  ;-2.46  ;   0   ;  0.34 ;  0.39 ;   36m ; 0
 6 ;Up   ;S223-1 ;1310.00 ;43C   ;45%   ;-3.35  ;-3.42  ;   0   ;1310.00 ;27C   ;39%   ;-2.06  ;-4.44  ;   0   ;  1.09 ;  1.36 ;   37m ; 0
-------------------------------------------------------------------------------------------------------------------------------------

=====================================================================================================================================
ID ;RiL    ;BOARD                      ;SFPLNH  ;PORT ;VENDOR   ;VENDORPROD      ;REV  ;SERIAL         ;DATE     ;ERICSSONPROD       ;WL      ;TEMP  ;TXbs  ;TXdBm  ;RXdBm  ; BER
=====================================================================================================================================
 1 ;S220-1 ;BB6631                     ;000100   ;  1 ;ERICSSON ;SPP10ELRIDFSEN  ;10   ;CT73994622     ;20231016 ;RDH10265/2 R1A     ;1310.00 ;44C   ;46%   ;-2.02  ;-2.71  ;   0
 2 ;S221-1 ;BB6631                     ;000100   ;  2 ;ERICSSON ;SPP10ELRIDFSEN  ;10   ;CT73945070     ;20231007 ;RDH10265/2 R1A     ;1310.00 ;40C   ;42%   ;-2.08  ;-2.50  ;   0
 3 ;S222-1 ;BB6631                     ;000100   ;  3 ;ERICSSON ;SPP10ELRIDFSEN  ;10   ;CT73949529     ;20231008 ;RDH10265/2 R1A     ;1310.00 ;43C   ;37%   ;-2.00  ;-2.51  ;   0
 4 ;S180-1 ;BB6631                     ;000100   ;  4 ;ERICSSON ;EOLP-1396-02-IY ;1.0  ;DZ8PB00S8M     ;20231110 ;RDH10265/2 R1A     ;1310.00 ;41C   ;39%   ;-3.68  ;-3.16  ;   0
 5 ;S182-1 ;BB6631                     ;000100   ;  5 ;ERICSSON ;SPP10ELRIDFSEN  ;10   ;CT73995547     ;20231016 ;RDH10265/2 R1A     ;1310.00 ;42C   ;40%   ;-2.12  ;-2.47  ;   0
 6 ;S223-1 ;BB6631                     ;000100   ;  6 ;ERICSSON ;SPP10ELRIDFSEN  ;10   ;CT73996440     ;20231016 ;RDH10265/2 R1A     ;1310.00 ;43C   ;45%   ;-3.35  ;-3.42  ;   0
 6 ;S223-1 ;RRU247924B824B2024B28BM01* ;BXP_2    ;  1 ;ERICSSON ;SPP10ELRIDFSEN  ;10   ;CT73995634     ;20231016 ;RDH10265/2 R1A     ;1310.00 ;27C   ;39%   ;-2.06  ;-4.44  ;   0
 2 ;S221-1 ;RRU247924B824B2024B28BM01* ;BXP_3    ;  1 ;ERICSSON ;SPP10ELRIDFSEN  ;10   ;CT73994602     ;20231016 ;RDH10265/2 R1A     ;1310.00 ;29C   ;45%   ;-2.11  ;-2.85  ;   0
 3 ;S222-1 ;RRU247924B824B2024B28BM01* ;BXP_4    ;  1 ;ERICSSON ;SPP10ELRIDFSEN  ;10   ;CT73997534     ;20231016 ;RDH10265/2 R1A     ;1310.00 ;28C   ;44%   ;-2.06  ;-3.25  ;   0
 1 ;S220-1 ;RRU247924B824B2024B28BM01* ;BXP_5    ;  1 ;ERICSSON ;SPP10ELRIDFSEN  ;10   ;CT73993734     ;20231016 ;RDH10265/2 R1A     ;1310.00 ;30C   ;40%   ;-2.11  ;-2.61  ;   0
 4 ;S180-1 ;RRU4415B7                  ;BXP_6    ;  0 ;ERICSSON ;SPP10ELRIDFSEN  ;10   ;CT73996819     ;20231016 ;RDH10265/2 R1A     ;1310.00 ;28C   ;41%   ;-2.08  ;-4.71  ;   0
 5 ;S182-1 ;RRU4415B7                  ;BXP_7    ;  0 ;ERICSSON ;SPP10ELRIDFSEN  ;10   ;CT73995763     ;20231016 ;RDH10265/2 R1A     ;1310.00 ;27C   ;45%   ;-2.08  ;-2.46  ;   0
-------------------------------------------------------------------------------------------------------------------------------------
TN ;       ;BB6631                     ;000100   ;IA2 ;ERICSSON ;NDAAF9-E201     ;E    ;APF235120145VD ;20231221 ;RPM777053/1000 R1B ;NA      ;NA    ;NA    ;NA     ;NA     ; 0/0
-------------------------------------------------------------------------------------------------------------------------------------

=====================================================================================================================================
BOARD  ;LNH    ;PORT       ;T ;S ;OpMode   ;AutoNeg ;MacAddress        ;VlanIds        ;LOS ;BER
=====================================================================================================================================
BB6631 ;000100 ;TN_IDL_A_1 ;E ;1 ;10G_FULL ;false   ;F4:3C:96:09:67:F3 ;3901,3908,3910 ;0   ;0/0
BB6631 ;000100 ;TN_IDL_A_2 ;O ;1 ;10G_FULL ;false   ;F4:3C:96:09:67:F4 ;3908           ;0   ;0/0
-------------------------------------------------------------------------------------------------------------------------------------

Last MO: 17378. Loaded 17378 MOs. Total: 17379 MOs.
radioClockState : RNT_TIME_LOCKED
-------------------------------------------------------------------------------------
Prio  ;ST  ;syncRefType  ;refStatus  ;opQualLevel  ;SyncReference
-------------------------------------------------------------------------------------
   1  ; 1  ;PTP_TIME     ;NO_FAULT   ;PRTC         ;Ptp=1,BoundaryOrdinaryClock=1 (G_8275_2 Router=45G_Traffic,InterfaceIPv4=LTE,AddressIPv4=LTE:SLAVE)
   2  ; 1  ;SYNC_E       ;NO_FAULT   ;PRTC         ;Synchronization=1,SyncEthInput=SyncE (SFP_DAC EthernetPort=TN_IDL_A_1)
-------------------------------------------------------------------------------------
nodeGroupRole   : SYNC_RECEIVER (syncNodePriority=3, selectionMode=NODE_PRIORITY)
-------------------------------------------------------------------------------------
DU  ;Port  ;sharedUnitRef (RiPortA - RiPortB)  ;remoteNodePriority  ;CandidateStatus
-------------------------------------------------------------------------------------
1   ;A     ;Fru=Radio-S220-1 (2 - 1)           ;1                   ;OK_NOT_ACTIVE
1   ;C     ;Fru=Radio-S222-1 (2 - 1)           ;1                   ;OK_NOT_ACTIVE
1   ;B     ;Fru=Radio-S221-1 (2 - 1)           ;1                   ;OK_NOT_ACTIVE
1   ;F     ;Fru=Radio-S223-1 (2 - 1)           ;1                   ;OK_ACTIVE
-------------------------------------------------------------------------------------

=====================================================================================================================================
FRU          ;LNH    ;BOARD                      ;RF  ;BP  ;TX (W/dBm)  ;VSWR (RL)   ;RX (dBm) ;UEs/gUEs  ;Sector/AntennaGroup/Cells (State:CellIds:PCIs)
=====================================================================================================================================
Radio-S180-1 ;BXP_6  ;RRU4415B7                  ; A  ;11  ;22.4 (43.5) ;1.13 (24.2) ;-99.7    ;2/-       ;SE=180 AG=180 FDD=KR24L1 (1:21:160)
Radio-S180-1 ;BXP_6  ;RRU4415B7                  ; B  ;11  ;-           ;1.08 (28.0) ;-99.9    ;2/-       ;SE=180 AG=180 FDD=KR24L1 (1:21:160)
Radio-S180-1 ;BXP_6  ;RRU4415B7                  ; C  ;11  ;21.4 (43.3) ;1.07 (29.6) ;-100.1   ;3/-       ;SE=181 AG=181 FDD=KR24L2 (1:22:257)
Radio-S180-1 ;BXP_6  ;RRU4415B7                  ; D  ;11  ;-           ;1.10 (26.8) ;-100.2   ;3/-       ;SE=181 AG=181 FDD=KR24L2 (1:22:257)
Radio-S182-1 ;BXP_7  ;RRU4415B7                  ; A  ;11  ;9.8 (39.9)  ;1.14 (23.8) ;-98.9    ;3/-       ;SE=182 AG=182 FDD=KR24L3 (1:23:289)
Radio-S182-1 ;BXP_7  ;RRU4415B7                  ; B  ;11  ;10.2 (40.1) ;1.13 (24.1) ;-99.4    ;3/-       ;SE=182 AG=182 FDD=KR24L3 (1:23:289)
Radio-S182-1 ;BXP_7  ;RRU4415B7                  ; C  ;11  ;20.4 (43.1) ;1.10 (26.6) ;-99.9    ;0/-       ;SE=183 AG=183 FDD=KR24L4 (1:24:266)
Radio-S182-1 ;BXP_7  ;RRU4415B7                  ; D  ;11  ;-           ;1.06 (31.2) ;-99.9    ;0/-       ;SE=183 AG=183 FDD=KR24L4 (1:24:266)
Radio-S220-1 ;BXP_5  ;RRU247924B824B2024B28BM01* ; A  ;11  ;25.5 (44.1) ;1.17 (22.2) ;-88.1    ;-/-       ;SE=220* AG=220 GT=KR24D1/0 GT=KR24D1/8 (1, 1)
Radio-S220-1 ;BXP_5  ;RRU247924B824B2024B28BM01* ; B  ;11  ;39.5 (46.0) ;1.22 (20.0) ;-94.1    ;-/-       ;SE=220* AG=220 GT=KR24D1/0 GT=KR24D1/8 (1, 1)
Radio-S220-1 ;BXP_5  ;RRU247924B824B2024B28BM01* ; C  ;11  ;13.2 (41.2) ;1.13 (24.4) ;-90.7    ;-/-       ;SE=220* AG=220 GT=KR24D1/0 GT=KR24D1/8 (1, 1)
Radio-S220-1 ;BXP_5  ;RRU247924B824B2024B28BM01* ; D  ;11  ;13.2 (41.2) ;1.04 (33.4) ;-97.3    ;-/-       ;SE=220* AG=220 GT=KR24D1/0 GT=KR24D1/8 (1, 1)
Radio-S221-1 ;BXP_3  ;RRU247924B824B2024B28BM01* ; A  ;11  ;15.5 (41.9) ;1.30 (17.6) ;-95.6    ;-/-       ;SE=221* AG=221 GT=KR24D2/0 GT=KR24D2/8 (1, 1)
Radio-S221-1 ;BXP_3  ;RRU247924B824B2024B28BM01* ; B  ;11  ;28.4 (44.5) ;1.31 (17.5) ;-97.4    ;-/-       ;SE=221* AG=221 GT=KR24D2/0 GT=KR24D2/8 (1, 1)
Radio-S221-1 ;BXP_3  ;RRU247924B824B2024B28BM01* ; C  ;11  ;15.8 (42.0) ;1.22 (20.0) ;-95.9    ;-/-       ;SE=221* AG=221 GT=KR24D2/0 GT=KR24D2/8 (1, 1)
Radio-S221-1 ;BXP_3  ;RRU247924B824B2024B28BM01* ; D  ;11  ;14.8 (41.7) ;1.16 (22.4) ;-96.8    ;-/-       ;SE=221* AG=221 GT=KR24D2/0 GT=KR24D2/8 (1, 1)
Radio-S222-1 ;BXP_4  ;RRU247924B824B2024B28BM01* ; A  ;11  ;18.3 (42.6) ;1.25 (19.2) ;-86.4    ;-/-       ;SE=222* AG=222 GT=KR24D3/0 GT=KR24D3/1 (1, D)
Radio-S222-1 ;BXP_4  ;RRU247924B824B2024B28BM01* ; B  ;11  ;27.4 (44.4) ;1.28 (18.3) ;-90.8    ;-/-       ;SE=222* AG=222 GT=KR24D3/0 GT=KR24D3/1 (1, D)
Radio-S222-1 ;BXP_4  ;RRU247924B824B2024B28BM01* ; C  ;11  ;14.1 (41.5) ;1.11 (25.6) ;-96.3    ;-/-       ;SE=222* AG=222 GT=KR24D3/0 GT=KR24D3/1 (1, D)
Radio-S222-1 ;BXP_4  ;RRU247924B824B2024B28BM01* ; D  ;11  ;13.8 (41.4) ;1.22 (20.0) ;-96.4    ;-/-       ;SE=222* AG=222 GT=KR24D3/0 GT=KR24D3/1 (1, D)
Radio-S223-1 ;BXP_2  ;RRU247924B824B2024B28BM01* ; A  ;11  ;12.0 (40.8) ;1.23 (19.9) ;-95.8    ;-/-       ;SE=223* AG=223 GT=KR24D4/0 GT=KR24D4/1 (1, 1)
Radio-S223-1 ;BXP_2  ;RRU247924B824B2024B28BM01* ; B  ;11  ;24.3 (43.9) ;1.27 (18.5) ;-94.9    ;-/-       ;SE=223* AG=223 GT=KR24D4/0 GT=KR24D4/1 (1, 1)
Radio-S223-1 ;BXP_2  ;RRU247924B824B2024B28BM01* ; C  ;11  ;15.5 (41.9) ;1.18 (21.8) ;-96.5    ;-/-       ;SE=223* AG=223 GT=KR24D4/0 GT=KR24D4/1 (1, 1)
Radio-S223-1 ;BXP_2  ;RRU247924B824B2024B28BM01* ; D  ;11  ;16.2 (42.1) ;1.17 (22.0) ;-97.6    ;-/-       ;SE=223* AG=223 GT=KR24D4/0 GT=KR24D4/1 (1, 1)
-------------------------------------------------------------------------------------------------------------------------------------

KR24L> mfar

251125-10:54:13+0100 19.31.11.157 25.0h MSRBS_NODE_MODEL_25.Q1_693.28324.131_62ac stopfile=/tmp/2009987
.......
Last MO: 17362. Loaded 17362 MOs. Total: 17363 MOs.
..............................................
get /rop/A20251125.0815-0830_KR24L.xml.gz /ericsson/log/amos/moshell_logfiles/t20251125_37258710_65084/logs_moshell/pmfiles/19.31.11.157/rop/A20251125.0815-0830_KR24L.xml.gz ... OK
get /rop/A20251125.0830-0845_KR24L.xml.gz /ericsson/log/amos/moshell_logfiles/t20251125_37258710_65084/logs_moshell/pmfiles/19.31.11.157/rop/A20251125.0830-0845_KR24L.xml.gz ... OK
get /rop/A20251125.0845-0900_KR24L.xml.gz /ericsson/log/amos/moshell_logfiles/t20251125_37258710_65084/logs_moshell/pmfiles/19.31.11.157/rop/A20251125.0845-0900_KR24L.xml.gz ... OK

Using hardcoded thresholds: 3, 4.5, and 16.5
================================================================================================================================
SC     SE  Tx/Rx BrPair  RfPort1 - RfPort2               HW       Serial      Cell (State)   Samples   Med  Mean  SDev Pol Res Issue
================================================================================================================================
KR24L1 180   2/2 0 (1,2) Radio-S180-1(A) Radio-S180-1(B) RRU4415  DH80205785  FDD=KR24L1 (1)   18794  -0.5  -0.2   6.2  NA  OK Passed
KR24L2 181   2/2 0 (1,2) Radio-S180-1(C) Radio-S180-1(D) RRU4415  DH80205785  FDD=KR24L2 (1)   44196  -0.5  -0.1   6.9  NA  OK Passed
KR24L3 182   2/2 0 (1,2) Radio-S182-1(A) Radio-S182-1(B) RRU4415  DH80205791  FDD=KR24L3 (1)  193938  -6.5  -7.0   6.7  NA NOK RF Loss or PIM at Radio-S182-1(B)
KR24L4 183   2/2 0 (1,2) Radio-S182-1(C) Radio-S182-1(D) RRU4415  DH80205791  FDD=KR24L4 (1)    2177  -0.5  -0.0   6.5  NA  NT Not enough data
================================================================================================================================
Total: 4 SectorCarriers, 4 RfBranch Pairs (2 OK, 0 OKW, 1 NOK, 1 NT)
.......
Last MO: 17362. Loaded 17362 MOs. Total: 17363 MOs.

No NRSectorCarrier MOs are defined on the node.

KR24L> mfitr

251125-10:54:29+0100 19.31.11.157 25.0h MSRBS_NODE_MODEL_25.Q1_693.28324.131_62ac stopfile=/tmp/2009987
.............
Last MO: 17362. Loaded 17362 MOs. Total: 17363 MOs.
.........
2025-11-25 10:55
================================================================================================================================
CELL       SC     FRU          BOARD     PUSCH  PUCCH       A      B      C      D  DELTA
================================================================================================================================
FDD=KR24L1 KR24L1 Radio-S180-1 RRU4415B7 -119.0 -119.1 -119.0 -119.1                  0.1
FDD=KR24L2 KR24L2 Radio-S180-1 RRU4415B7 -119.3 -119.3               -119.0 -119.1    0.1
FDD=KR24L3 KR24L3 Radio-S182-1 RRU4415B7 -118.6 -118.7 -118.4 -118.7                  0.3
FDD=KR24L4 KR24L4 Radio-S182-1 RRU4415B7 -119.1 -119.0               -119.0 -119.1    0.1
================================================================================================================================
Bye...
Output has been logged to file /mta_fs/UserFiles/37258710/amosbatch/SDIR/KR24L.log
