Logging to file /mta_fs/UserFiles/37258710/amosbatch/SDIR/KR34E.log
                        __  __  ____   _____
                  /\   |  \/  |/ __ \ / ____|
                 /  \  | \  / | |  | | (___  
                / /\ \ | |\/| | |  | |\___ \ 
               / ____ \| |  | | |__| |____) |
              /_/    \_\_|  |_|\____/|_____/
              OSS Framework for MoShell-25.0h 
  Copyright (c) Ericsson AB 2001-2025 - All Rights Reserved
              
           
[1;31mWARNING: [0mthe AMOS version currently running is more than 29 weeks old and is unsupported.
Please upgrade as soon as possible to the latest released version, available from your local Ericsson support.

$amosrb_pid = 3395030

Checking ip contact...OK

HELP MENU            : h
BASIC MO COMMANDS    : m
OTHER MO COMMANDS    : n
OTHER COMMANDS       : o
PM COMMANDS          : p
QUIT                 : q

KR34E> lt all

251125-17:57:59+0100 19.31.11.248 25.0h  stopfile=/tmp/3394889
Looking up temporary_amos account... OK.
Trying temporary_amos_t20251125_37258710_65084_131's password from amos lookupAccount ... OK

$ssh_pid = 3395487

Connected to 19.31.11.248 (SubNetwork=BBMM_rckomc_R,MeContext=KR34E,ManagedElement=KR34E)

Checking MOM version...MSRBS_NODE_MODEL_25.Q1_198665.224.73_bf81
Parsing MOM (cached): /ericsson/log/amos/moshell_logfiles/t20251125_37258710_65084/logs_moshell/tempfiles/scp-4-amos_20251125-175752_3394833/MSRBS_NODE_MODEL_25.Q1_198665.224.73_bf81.xml.cache.gz ......................................................................................................................................................................................................................Done.
Using paramfile /opt/ericsson/amos/moshell/commonjars/pm/PARAM_MSRBSG2_25.Q1.txt
Parsing file /opt/ericsson/amos/moshell/commonjars/pm/PARAM_MSRBSG2_25.Q1.txt ......................................................................................Done.
Using imomdfile /opt/ericsson/amos/moshell/commonjars/pm/IMOMD_MSRBS_22.Q4.txt
Using imomfile /opt/ericsson/amos/moshell/commonjars/pm/IMOM_MSRBS_25.Q1.txt
Connected to 19.31.11.248 (SubNetwork=BBMM_rckomc_R,MeContext=KR34E,ManagedElement=KR34E)

Last MO: 18308. Loaded 18308 MOs. Total: 18309 MOs.

KR34E> st cell

251125-17:58:18+0100 19.31.11.248 25.0h MSRBS_NODE_MODEL_25.Q1_198665.224.73_bf81 stopfile=/tmp/3394889
===================================================================================
Proxy  Adm State     Op. State     MO
===================================================================================
   43  1 (UNLOCKED)  1 (ENABLED)   ENodeBFunction=1,EUtranCellFDD=KR34E1
  183  1 (UNLOCKED)  1 (ENABLED)   ENodeBFunction=1,EUtranCellFDD=KR34E2
  313  1 (UNLOCKED)  1 (ENABLED)   ENodeBFunction=1,EUtranCellFDD=KR34E3
  445  1 (UNLOCKED)  1 (ENABLED)   ENodeBFunction=1,EUtranCellFDD=KR34M1
  599  1 (UNLOCKED)  1 (ENABLED)   ENodeBFunction=1,EUtranCellFDD=KR34M2
  731  1 (UNLOCKED)  1 (ENABLED)   ENodeBFunction=1,EUtranCellFDD=KR34M3
  855  1 (UNLOCKED)  1 (ENABLED)   ENodeBFunction=1,EUtranCellFDD=KR34T1
 1014  1 (UNLOCKED)  1 (ENABLED)   ENodeBFunction=1,EUtranCellFDD=KR34T2
 1156  1 (UNLOCKED)  1 (ENABLED)   ENodeBFunction=1,EUtranCellFDD=KR34T3
 1806  1 (UNLOCKED)  1 (ENABLED)   ENodeBFunction=1,NbIotCell=KR34N1
 1807  1 (UNLOCKED)  1 (ENABLED)   ENodeBFunction=1,NbIotCell=KR34N2
 1808  1 (UNLOCKED)  1 (ENABLED)   ENodeBFunction=1,NbIotCell=KR34N3
===================================================================================
Total: 12 MOs

KR34E> st radio

251125-17:58:19+0100 19.31.11.248 25.0h MSRBS_NODE_MODEL_25.Q1_198665.224.73_bf81 stopfile=/tmp/3394889
===================================================================================
Proxy  Adm State     Op. State     MO
===================================================================================
 2709  1 (UNLOCKED)  1 (ENABLED)   Equipment=1,FieldReplaceableUnit=Radio-S100-1
 2732  1 (UNLOCKED)  1 (ENABLED)   Equipment=1,FieldReplaceableUnit=Radio-S102-1
 2755  1 (UNLOCKED)  1 (ENABLED)   Equipment=1,FieldReplaceableUnit=Radio-S210-1
 2772  1 (UNLOCKED)  1 (ENABLED)   Equipment=1,FieldReplaceableUnit=Radio-S211-1
 2789  1 (UNLOCKED)  1 (ENABLED)   Equipment=1,FieldReplaceableUnit=Radio-S212-1
18298  1 (UNLOCKED)  1 (ENABLED)   Transport=1,Synchronization=1,RadioEquipmentClock=1,RadioEquipmentClockReference=NTP1
18299  1 (UNLOCKED)  1 (ENABLED)   Transport=1,Synchronization=1,RadioEquipmentClock=1,RadioEquipmentClockReference=PTP
===================================================================================
Total: 7 MOs

KR34E> sdir

251125-17:58:19+0100 19.31.11.248 25.0h MSRBS_NODE_MODEL_25.Q1_198665.224.73_bf81 stopfile=/tmp/3394889
INFO: Using amos lookupAccount credentials for the export login
.........................
get /rop/A20251125.1600-1615_KR34E.xml.gz /ericsson/log/amos/moshell_logfiles/t20251125_37258710_65084/logs_moshell/pmfiles/19.31.11.248/rop/A20251125.1600-1615_KR34E.xml.gz ... OK
get /rop/A20251125.1615-1630_KR34E.xml.gz /ericsson/log/amos/moshell_logfiles/t20251125_37258710_65084/logs_moshell/pmfiles/19.31.11.248/rop/A20251125.1615-1630_KR34E.xml.gz ... OK
get /rop/A20251125.1630-1645_KR34E.xml.gz /ericsson/log/amos/moshell_logfiles/t20251125_37258710_65084/logs_moshell/pmfiles/19.31.11.248/rop/A20251125.1630-1645_KR34E.xml.gz ... OK
....Checking available boards on node...

Collecting RCS board data ...
.....................................................................................
..........................
........................................................................................................................................................................................................................................................................................
....
Collecting TN data...
.......................................................................................................................................................................
Getting MO data from node (87 MOs). Please wait...
0%                                             ~50%                                           ~100%
...................................................................................................................................
Collecting RF data...
....
Collecting Alarms...
Executing action Log.export()
...
Log=AlarmLog                    actionId=29484
............
Executing action LogM.exportAvailabilityLog()
..LogM=1,exportAvailabilityLog    actionId=29485
........Parsing alarmLog............Done.
Parsing availabilityLog........Done.
..............

Total: 5 CPRI links (5 OK, 0 OKW, 0 NOK, 0 NT)
.
+--------+                      +--------------------+
|        | A        O101     D1 |    Radio-S210-1    |
|        |-----------1----------| RRU227922B822B20C* |
|        |         OK-9m        |       BXP_2        |
|        |                      +--------------------+
|        |                                     |A  |B
|        |                  SE=210* AG=210 FDD=KR34E1
|        |                                NIOT=KR34N1
|        |
|        |                      +--------------------+
|        | B        O101     D1 |    Radio-S211-1    |
|        |-----------2----------| RRU227922B822B20C* |
|        |         OK-77m       |       BXP_3        |
|        |                      +--------------------+
|        |                                     |A  |B
|        |                  SE=211* AG=211 FDD=KR34E2
|        |                                NIOT=KR34N2
|        |
|        |                      +--------------------+
|        | C        O101     D1 |    Radio-S212-1    |
|        |-----------3----------| RRU227922B822B20C* |
|        |        OK-122m       |       BXP_4        |
|        |                      +--------------------+
|        |                                     |A  |B
|  BB-1  |                  SE=212* AG=212 FDD=KR34E3
| BB6630 |                                NIOT=KR34N3
| 000100 |
|        |                      +------------------+
|        | D        O101     D2 |   Radio-S100-1   |
|        |-----------4----------| RRU449944B144B3C |
|        |         OK-73m       |      BXP_5       |
|        |                      +------------------+
|        |                           |A  |B  |C  |D
|        |                    SE=100 AG=100  |   |
|        |            FDD=KR34M1 FDD=KR34T1  |   |
|        |                            SE=101 AG=101
|        |                    FDD=KR34M2 FDD=KR34T2
|        |
|        |                      +------------------+
|        | E        O101     D2 |   Radio-S102-1   |
|        |-----------5----------| RRU449944B144B3C |
|        |         OK-73m       |      BXP_6       |
|        |                      +------------------+
|        |                           |A  |B  |C  |D
|        |                    SE=102 AG=102  |   |
|        |            FDD=KR34M3 FDD=KR34T3  |   |
|        |
+--------+

=====================================================================================================================================
ID RiL    Type Res MO1-MO2                  BOARD1-BOARD2             AlmIDs Cells (States)                                        Issue (Failed checks)
=====================================================================================================================================
 1 S210-1 O101 OK  BB-1(A) Radio-S210-1(D1) BB6630 RRU227922B822B20C*        FDD=KR34E1 NIOT=KR34N1 (1,1)                          Passed
 2 S211-1 O101 OK  BB-1(B) Radio-S211-1(D1) BB6630 RRU227922B822B20C*        FDD=KR34E2 NIOT=KR34N2 (1,1)                          Passed
 3 S212-1 O101 OK  BB-1(C) Radio-S212-1(D1) BB6630 RRU227922B822B20C*        FDD=KR34E3 NIOT=KR34N3 (1,1)                          Passed
 4 S100-1 O101 OK  BB-1(D) Radio-S100-1(D2) BB6630 RRU449944B144B3C          FDD=KR34M1 FDD=KR34M2 FDD=KR34T1 FDD=KR34T2 (1,1,1,1) Passed
 5 S102-1 O101 OK  BB-1(E) Radio-S102-1(D2) BB6630 RRU449944B144B3C          FDD=KR34M3 FDD=KR34T3 (1,1)                           Passed
-------------------------------------------------------------------------------------------------------------------------------------

Node: RadioNode L   CXP9024418/16_R8D21 (RCG123.3-3)   G2   LTE-FDD,LTE-IoT 

=====================================================================================================================================
FRU          ;LNH    ;BOARD              ;ST ;FAULT ;OPER ;MAINT ;STAT ;PRODUCTNUMBER   ;REV     ;SERIAL        ;DATE     ;PMTEMP ; TEMP ; UPT ;VOLT ;SW                   ;
=====================================================================================================================================
BB-1         ;000100 ;BB6630             ; 1 ;  OFF ;  ON ;  OFF ;  ON ;KDU137848/11    ;R3D     ;E96A00HR84    ;20210902 ;3 (OK) ;      ; 113 ;48   ;                     ;
Radio-S100-1 ;BXP_5  ;RRU449944B144B3C   ; 1 ;  OFF ;  ON ;  OFF ; N/A ;KRC161787/1     ;R2D     ;E55D276298    ;20210724 ;4 (OK) ; 24.8 ; 113 ;51.8 ;CXP9013268%15_R101KB ; (Radio449944B144B3C)
Radio-S102-1 ;BXP_6  ;RRU449944B144B3C   ; 1 ;  OFF ;  ON ;  OFF ; N/A ;KRC161787/1     ;R2D     ;E55D276299    ;20210724 ;4 (OK) ; 19.5 ; 113 ;53.1 ;CXP9013268%15_R101KB ; (Radio449944B144B3C)
Radio-S210-1 ;BXP_2  ;RRU227922B822B20C* ; 1 ;  OFF ;  ON ;  OFF ; N/A ;KRC161864/1     ;R1D     ;E23D116005    ;20210805 ;4 (OK) ; 28.0 ; 113 ;54.4 ;CXP9013268%15_R101KB ; (Radio227922B822B20C)
Radio-S211-1 ;BXP_3  ;RRU227922B822B20C* ; 1 ;  OFF ;  ON ;  OFF ; N/A ;KRC161864/1     ;R1F     ;TU8U01TLVR    ;20221031 ;4 (OK) ; 26.5 ; 113 ;54.2 ;CXP9013268%15_R101KB ; (Radio227922B822B20C)
Radio-S212-1 ;BXP_4  ;RRU227922B822B20C* ; 1 ;  OFF ;  ON ;  OFF ; N/A ;KRC161864/1     ;R1D     ;E23D116009    ;20210805 ;4 (OK) ; 24.0 ; 113 ;54.2 ;CXP9013268%15_R101KB ; (Radio227922B822B20C)
-------------------------------------------------------------------------------------------------------------------------------------

=====================================================================================================================================
AntennaNearUnit                                     ;ST  ;TYPE   ;PRODUCTNR     ;REV       ;UNIQUEID             ;RfPort
=====================================================================================================================================
AntennaUnitGroup=210,AntennaNearUnit=RET_1800_2100  ; 1  ;S-RET  ;86010165      ;HW_V_A01  ;KAI0N2271224B-Y5     ;FieldReplaceableUnit=Radio-S210-1,RfPort=R
AntennaUnitGroup=210,AntennaNearUnit=RET_2600       ; 1  ;S-RET  ;86010165      ;HW_V_A01  ;KAI0N2271224B-Y4     ;FieldReplaceableUnit=Radio-S210-1,RfPort=R
AntennaUnitGroup=210,AntennaNearUnit=RET_800_900    ; 1  ;S-RET  ;86010165      ;HW_V_A01  ;KAI0N2271224B-R2     ;FieldReplaceableUnit=Radio-S210-1,RfPort=R
AntennaUnitGroup=210,AntennaNearUnit=TMA            ; 1  ;TMA    ;KRY112228/11  ;R1A       ;ERT405---X617D11897  ;FieldReplaceableUnit=Radio-S210-1,RfPort=R
AntennaUnitGroup=211,AntennaNearUnit=RET_1800_2100  ; 1  ;S-RET  ;86010165      ;HW_V_A01  ;KAI0N2271222B-Y5     ;FieldReplaceableUnit=Radio-S211-1,RfPort=R
AntennaUnitGroup=211,AntennaNearUnit=RET_2600       ; 1  ;S-RET  ;86010165      ;HW_V_A01  ;KAI0N2271222B-Y4     ;FieldReplaceableUnit=Radio-S211-1,RfPort=R
AntennaUnitGroup=211,AntennaNearUnit=RET_800_900    ; 1  ;S-RET  ;86010165      ;HW_V_A01  ;KAI0N2271222B-R2     ;FieldReplaceableUnit=Radio-S211-1,RfPort=R
AntennaUnitGroup=211,AntennaNearUnit=TMA            ; 1  ;TMA    ;KRY112228/11  ;R1B       ;ERT405---X617D15015  ;FieldReplaceableUnit=Radio-S211-1,RfPort=R
AntennaUnitGroup=212,AntennaNearUnit=RET_1800_2100  ; 1  ;S-RET  ;86010165      ;HW_V_A01  ;KAI0N2271223B-Y5     ;FieldReplaceableUnit=Radio-S212-1,RfPort=R
AntennaUnitGroup=212,AntennaNearUnit=RET_2600       ; 1  ;S-RET  ;86010165      ;HW_V_A01  ;KAI0N2271223B-Y4     ;FieldReplaceableUnit=Radio-S212-1,RfPort=R
AntennaUnitGroup=212,AntennaNearUnit=RET_800_900    ; 1  ;S-RET  ;86010165      ;HW_V_A01  ;KAI0N2271223B-R2     ;FieldReplaceableUnit=Radio-S212-1,RfPort=R
AntennaUnitGroup=212,AntennaNearUnit=TMA            ; 1  ;TMA    ;KRY112228/11  ;R1A       ;ERT405---X617D11809  ;FieldReplaceableUnit=Radio-S212-1,RfPort=R
-------------------------------------------------------------------------------------------------------------------------------------

=====================================================================================================================================
XPBOARD  ;ST ;FAULT ;OPER ;PRODUCTNUMBER ;REV ;SERIAL/NAME ;DATE     ; TEMP ;MO
=====================================================================================================================================
FAN      ; 1 ;N/A   ;N/A  ;BKV106217/1   ;N/A ;N/A         ;N/A      ;      ;SupportUnit=1 (FAN  BB-1)
-------------------------------------------------------------------------------------------------------------------------------------

=====================================================================================================================================
ID ;T ;RiL    ;BPBP ;BOARD1             ;LNH1 ;PORT ;R ;LINK ;RATE  ; BER ;BOARD2             ;LNH2 ;PORT ;R ;LINK ;RATE  ; BER ;LENGTH ;MO1 - MO2
=====================================================================================================================================
 1 ;O ;S210-1 ;1111 ;BB6630             ;000100 ; 1 ;M ;Up   ;10.1G ;   0 ;RRU227922B822B20C* ;BXP_2  ; 0 ;S ;Up   ;10.1G ;   0 ;    9m ;Fru=BB-1(A) Fru=Radio-S210-1(D1)
 2 ;O ;S211-1 ;1111 ;BB6630             ;000100 ; 2 ;M ;Up   ;10.1G ;   0 ;RRU227922B822B20C* ;BXP_3  ; 0 ;S ;Up   ;10.1G ;   0 ;   77m ;Fru=BB-1(B) Fru=Radio-S211-1(D1)
 3 ;O ;S212-1 ;1111 ;BB6630             ;000100 ; 3 ;M ;Up   ;10.1G ;   0 ;RRU227922B822B20C* ;BXP_4  ; 0 ;S ;Up   ;10.1G ;   0 ;  122m ;Fru=BB-1(C) Fru=Radio-S212-1(D1)
 4 ;O ;S100-1 ;1111 ;BB6630             ;000100 ; 4 ;M ;Up   ;10.1G ;   0 ;RRU449944B144B3C   ;BXP_5  ; 1 ;S ;Up   ;10.1G ;   0 ;   73m ;Fru=BB-1(D) Fru=Radio-S100-1(D2)
 5 ;O ;S102-1 ;1111 ;BB6630             ;000100 ; 5 ;M ;Up   ;10.1G ;   0 ;RRU449944B144B3C   ;BXP_6  ; 1 ;S ;Up   ;10.1G ;   0 ;   73m ;Fru=BB-1(E) Fru=Radio-S102-1(D2)
-------------------------------------------------------------------------------------------------------------------------------------

=====================================================================================================================================
ID ;LINK ;RiL    ;VENDOR1  ;VENDORPROD1      ;REV1 ;SERIAL1         ;DATE1    ;ERICSSONPROD1  ;VENDOR2  ;VENDORPROD2      ;REV2 ;SERIAL2         ;DATE2    ;ERICSSONPROD2  ;TT ;WL1     ;WL2    
=====================================================================================================================================
 1 ;Up   ;S210-1 ;ERICSSON ;EOLP-1396-02-I9  ;1.0  ;PM5T424858      ;20210723 ;RDH10265/2 R1A ;ERICSSON ;EOLP-1396-02-I9  ;1.0  ;PM2R367917      ;20210419 ;RDH10265/2 R1A ;0  ;1310.00 ;1310.00
 2 ;Up   ;S211-1 ;ERICSSON ;EOLP-1396-02-I9  ;1.0  ;PM5T424802      ;20210723 ;RDH10265/2 R1A ;ERICSSON ;SPP10ELRIDFREN   ;10   ;M3B2004024      ;20220210 ;RDH10265/2 R1A ;0  ;1310.00 ;1310.00
 3 ;Up   ;S212-1 ;ERICSSON ;EOLP-1396-02-I9  ;1.0  ;PM5T424837      ;20210723 ;RDH10265/2 R1A ;ERICSSON ;EOLP-1396-02-I9  ;1.0  ;PM5T424857      ;20210723 ;RDH10265/2 R1A ;0  ;1310.00 ;1310.00
 4 ;Up   ;S100-1 ;ERICSSON ;LCP-10G3B4HDRME4 ;A    ;2209094A2454048 ;20220225 ;RDH10265/2 R1A ;ERICSSON ;RTXM228-702-C22  ;1.0  ;HN230700050182  ;20230216 ;RDH10265/2 R1A ;0  ;1310.00 ;1310.00
 5 ;Up   ;S102-1 ;ERICSSON ;EOLP-1396-02-I9  ;1.0  ;PM5T424831      ;20210723 ;RDH10265/2 R1A ;ERICSSON ;EOLP-1396-02-I9  ;1.0  ;PM5T434378      ;20210723 ;RDH10265/2 R1A ;0  ;1310.00 ;1310.00
-------------------------------------------------------------------------------------------------------------------------------------

=====================================================================================================================================
ID ;LINK ;RiL    ;WL1     ;TEMP1 ;TXbs1 ;TXdBm1 ;RXdBm1 ;BER1   ;WL2     ;TEMP2 ;TXbs2 ;TXdBm2 ;RXdBm2 ;BER2   ;DlLoss ;UlLoss ;LENGTH ;TT
=====================================================================================================================================
 1 ;Up   ;S210-1 ;1310.00 ;42C   ;46%   ;-1.92  ;-2.46  ;   0   ;1310.00 ;26C   ;39%   ;-1.19  ;-2.64  ;   0   ;  0.72 ;  1.27 ;    9m ; 0
 2 ;Up   ;S211-1 ;1310.00 ;43C   ;45%   ;-1.76  ;-4.44  ;   0   ;1310.00 ;22C   ;37%   ;-1.68  ;-3.69  ;   0   ;  1.93 ;  2.76 ;   77m ; 0
 3 ;Up   ;S212-1 ;1310.00 ;43C   ;47%   ;-1.94  ;-1.93  ;   0   ;1310.00 ;23C   ;42%   ;-1.25  ;-3.11  ;   0   ;  1.17 ;  0.68 ;  122m ; 0
 4 ;Up   ;S100-1 ;1310.00 ;41C   ;45%   ;-3.55  ;-1.43  ;   0   ;1310.00 ;23C   ;51%   ;-1.07  ;-2.70  ;   0   ; -0.85 ;  0.36 ;   73m ; 0
 5 ;Up   ;S102-1 ;1310.00 ;42C   ;46%   ;-1.72  ;-3.33  ;   0   ;1310.00 ;19C   ;43%   ;-2.27  ;-1.65  ;   0   ; -0.07 ;  1.06 ;   73m ; 0
-------------------------------------------------------------------------------------------------------------------------------------

=====================================================================================================================================
ID ;RiL    ;BOARD              ;SFPLNH  ;PORT ;VENDOR   ;VENDORPROD       ;REV  ;SERIAL          ;DATE     ;ERICSSONPROD   ;WL      ;TEMP  ;TXbs  ;TXdBm  ;RXdBm  ; BER
=====================================================================================================================================
 1 ;S210-1 ;BB6630             ;000100   ;  1 ;ERICSSON ;EOLP-1396-02-I9  ;1.0  ;PM5T424858      ;20210723 ;RDH10265/2 R1A ;1310.00 ;42C   ;46%   ;-1.92  ;-2.46  ;   0
 2 ;S211-1 ;BB6630             ;000100   ;  2 ;ERICSSON ;EOLP-1396-02-I9  ;1.0  ;PM5T424802      ;20210723 ;RDH10265/2 R1A ;1310.00 ;43C   ;45%   ;-1.76  ;-4.44  ;   0
 3 ;S212-1 ;BB6630             ;000100   ;  3 ;ERICSSON ;EOLP-1396-02-I9  ;1.0  ;PM5T424837      ;20210723 ;RDH10265/2 R1A ;1310.00 ;43C   ;47%   ;-1.94  ;-1.93  ;   0
 4 ;S100-1 ;BB6630             ;000100   ;  4 ;ERICSSON ;LCP-10G3B4HDRME4 ;A    ;2209094A2454048 ;20220225 ;RDH10265/2 R1A ;1310.00 ;41C   ;45%   ;-3.55  ;-1.43  ;   0
 5 ;S102-1 ;BB6630             ;000100   ;  5 ;ERICSSON ;EOLP-1396-02-I9  ;1.0  ;PM5T424831      ;20210723 ;RDH10265/2 R1A ;1310.00 ;42C   ;46%   ;-1.72  ;-3.33  ;   0
 1 ;S210-1 ;RRU227922B822B20C* ;BXP_2    ;  0 ;ERICSSON ;EOLP-1396-02-I9  ;1.0  ;PM2R367917      ;20210419 ;RDH10265/2 R1A ;1310.00 ;26C   ;39%   ;-1.19  ;-2.64  ;   0
 2 ;S211-1 ;RRU227922B822B20C* ;BXP_3    ;  0 ;ERICSSON ;SPP10ELRIDFREN   ;10   ;M3B2004024      ;20220210 ;RDH10265/2 R1A ;1310.00 ;22C   ;37%   ;-1.68  ;-3.69  ;   0
 3 ;S212-1 ;RRU227922B822B20C* ;BXP_4    ;  0 ;ERICSSON ;EOLP-1396-02-I9  ;1.0  ;PM5T424857      ;20210723 ;RDH10265/2 R1A ;1310.00 ;23C   ;42%   ;-1.25  ;-3.11  ;   0
 4 ;S100-1 ;RRU449944B144B3C   ;BXP_5    ;  1 ;ERICSSON ;RTXM228-702-C22  ;1.0  ;HN230700050182  ;20230216 ;RDH10265/2 R1A ;1310.00 ;23C   ;51%   ;-1.07  ;-2.70  ;   0
 5 ;S102-1 ;RRU449944B144B3C   ;BXP_6    ;  1 ;ERICSSON ;EOLP-1396-02-I9  ;1.0  ;PM5T434378      ;20210723 ;RDH10265/2 R1A ;1310.00 ;19C   ;43%   ;-2.27  ;-1.65  ;   0
-------------------------------------------------------------------------------------------------------------------------------------
TN ;       ;BB6630             ;000100   ;  A ;ERICSSON ;LCP-10G3B4HDRME4 ;A    ;2130094A2409662 ;20210727 ;RDH10265/2 R1A ;0       ;37C   ;44%   ;-2.79  ;-7.75  ; 0/0
TN ;       ;BB6630             ;000100   ;  B ;ERICSSON ;EOLP-1396-02-I9  ;1.0  ;PM5T424803      ;20210723 ;RDH10265/2 R1A ;0       ;40C   ;44%   ;-1.90  ;-1.38  ; 0/0
-------------------------------------------------------------------------------------------------------------------------------------

=====================================================================================================================================
BOARD  ;LNH    ;PORT   ;T ;S ;OpMode    ;AutoNeg ;MacAddress        ;VlanIds        ;LOS ;BER
=====================================================================================================================================
BB6630 ;000100 ;IDL_A1 ;E ;1 ;10G_FULL  ;false   ;F0:B1:07:E0:FD:AE ;3908           ;0   ;0/0
BB6630 ;000100 ;TN_A   ;O ;1 ;1G_FULL   ;true    ;F0:B1:07:E0:FD:AA ;3901,3908,3910 ;0   ;0/0
BB6630 ;000100 ;TN_B   ;O ;1 ;10G_FULL  ;false   ;F0:B1:07:E0:FD:AB ;3901,3908,3910 ;0   ;0/0
BB6630 ;000100 ;TN_C   ;E ;1 ;100M_FULL ;false   ;F0:B1:07:E0:FD:AC ;3910           ;0   ;0/0
-------------------------------------------------------------------------------------------------------------------------------------

radioClockState : RNT_TIME_LOCKED
-------------------------------------------------------------------------------------
Prio  ;ST  ;syncRefType    ;refStatus  ;opQualLevel  ;SyncReference
-------------------------------------------------------------------------------------
  *1  ; 1  ;PTP_TIME       ;NO_FAULT   ;PRTC         ;Ptp=1,BoundaryOrdinaryClock=PTP (G_8275_1 EthernetPort=TN_A:SLAVE EthernetPort=TN_B:MASTER)
   2  ; 1  ;NTP_FREQUENCY  ;NO_FAULT   ;PRC          ;Ntp=1,NtpFrequencySync=NTP1 (10.31.0.54:32751 Router=LTE,InterfaceIPv4=1,AddressIPv4=1)
-------------------------------------------------------------------------------------
-------------------------------------------------------------------------------------
Prio  ;ST  ;assistRefStatus  ;recQualLevel  ;AssistingReference
-------------------------------------------------------------------------------------
   1  ; 1  ;NO_FAULT         ;PRC           ;Synchronization=1,SyncEthInput=SyncE (SFP_OPTICAL EthernetPort=TN_A)
-------------------------------------------------------------------------------------
nodeGroupRole   : SYNC_PROVIDER (syncNodePriority=1, selectionMode=NODE_PRIORITY)
-------------------------------------------------------------------------------------
DU  ;Port  ;sharedUnitRef (RiPortA - RiPortB)  ;remoteNodePriority  ;CandidateStatus
-------------------------------------------------------------------------------------
1   ;C     ;Fru=Radio-S212-1 (1 - 2)           ;3                   ;OK_NOT_ACTIVE
1   ;B     ;Fru=Radio-S211-1 (1 - 2)           ;3                   ;OK_NOT_ACTIVE
1   ;A     ;Fru=Radio-S210-1 (1 - 2)           ;3                   ;OK_NOT_ACTIVE
-------------------------------------------------------------------------------------

=====================================================================================================================================
FRU          ;LNH    ;BOARD              ;RF  ;BP  ;TX (W/dBm)  ;VSWR (RL)   ;RX (dBm) ;UEs/gUEs  ;Sector/AntennaGroup/Cells (State:CellIds:PCIs)
=====================================================================================================================================
Radio-S100-1 ;BXP_5  ;RRU449944B144B3C   ; A  ;11  ;31.1 (44.9) ;1.12 (24.7) ;-93.9    ;8/-       ;SE=100 AG=100 FDD=KR34M1 FDD=KR34T1 (1:31:8, 1:41:115)
Radio-S100-1 ;BXP_5  ;RRU449944B144B3C   ; B  ;11  ;10.7 (40.3) ;1.11 (25.8) ;-93.7    ;8/-       ;SE=100 AG=100 FDD=KR34M1 FDD=KR34T1 (1:31:8, 1:41:115)
Radio-S100-1 ;BXP_5  ;RRU449944B144B3C   ; C  ;11  ;19.3 (42.9) ;1.16 (22.4) ;-93.7    ;15/-      ;SE=101 AG=101 FDD=KR34M2 FDD=KR34T2 (1:32:6, 1:42:116)
Radio-S100-1 ;BXP_5  ;RRU449944B144B3C   ; D  ;11  ;19.8 (43.0) ;1.20 (21.0) ;-94.5    ;15/-      ;SE=101 AG=101 FDD=KR34M2 FDD=KR34T2 (1:32:6, 1:42:116)
Radio-S102-1 ;BXP_6  ;RRU449944B144B3C   ; A  ;11  ;40.4 (46.1) ;1.10 (26.4) ;-96.2    ;0/-       ;SE=102 AG=102 FDD=KR34M3 FDD=KR34T3 (1:33:184, 1:43:114)
Radio-S102-1 ;BXP_6  ;RRU449944B144B3C   ; B  ;11  ;-           ;1.13 (24.4) ;-96.4    ;0/-       ;SE=102 AG=102 FDD=KR34M3 FDD=KR34T3 (1:33:184, 1:43:114)
Radio-S102-1 ;BXP_6  ;RRU449944B144B3C   ; C  ;11  ;-           ;-           ;         ;          ;
Radio-S102-1 ;BXP_6  ;RRU449944B144B3C   ; D  ;11  ;-           ;-           ;         ;          ;
Radio-S210-1 ;BXP_2  ;RRU227922B822B20C* ; A  ;11  ;16.2 (42.1) ;1.14 (23.7) ;-95.6    ;1/-       ;SE=210* AG=210 FDD=KR34E1 NIOT=KR34N1 (1:61:193, 1:161:193)
Radio-S210-1 ;BXP_2  ;RRU227922B822B20C* ; B  ;11  ;18.6 (42.7) ;1.12 (24.8) ;-96.2    ;1/-       ;SE=210* AG=210 FDD=KR34E1 NIOT=KR34N1 (1:61:193, 1:161:193)
Radio-S211-1 ;BXP_3  ;RRU227922B822B20C* ; A  ;11  ;15.6 (41.9) ;1.14 (23.6) ;-96.6    ;0/-       ;SE=211* AG=211 FDD=KR34E2 NIOT=KR34N2 (1:62:397, 1:162:397)
Radio-S211-1 ;BXP_3  ;RRU227922B822B20C* ; B  ;11  ;13.2 (41.2) ;1.17 (22.2) ;-94.9    ;0/-       ;SE=211* AG=211 FDD=KR34E2 NIOT=KR34N2 (1:62:397, 1:162:397)
Radio-S212-1 ;BXP_4  ;RRU227922B822B20C* ; A  ;11  ;15.8 (42.0) ;1.08 (28.6) ;-97.4    ;0/-       ;SE=212* AG=212 FDD=KR34E3 NIOT=KR34N3 (1:63:287, 1:163:287)
Radio-S212-1 ;BXP_4  ;RRU227922B822B20C* ; B  ;11  ;19.1 (42.8) ;1.09 (27.3) ;-96.5    ;0/-       ;SE=212* AG=212 FDD=KR34E3 NIOT=KR34N3 (1:63:287, 1:163:287)
-------------------------------------------------------------------------------------------------------------------------------------

KR34E> mfar

251125-18:01:08+0100 19.31.11.248 25.0h MSRBS_NODE_MODEL_25.Q1_198665.224.73_bf81 stopfile=/tmp/3394889
........
Last MO: 18296. Loaded 18296 MOs. Total: 18297 MOs.
..................................................
get /rop/A20251125.1530-1545_KR34E.xml.gz /ericsson/log/amos/moshell_logfiles/t20251125_37258710_65084/logs_moshell/pmfiles/19.31.11.248/rop/A20251125.1530-1545_KR34E.xml.gz ... OK
get /rop/A20251125.1545-1600_KR34E.xml.gz /ericsson/log/amos/moshell_logfiles/t20251125_37258710_65084/logs_moshell/pmfiles/19.31.11.248/rop/A20251125.1545-1600_KR34E.xml.gz ... OK
get /rop/A20251125.1645-1700_KR34E.xml.gz /ericsson/log/amos/moshell_logfiles/t20251125_37258710_65084/logs_moshell/pmfiles/19.31.11.248/rop/A20251125.1645-1700_KR34E.xml.gz ... OK

Using hardcoded thresholds: 3, 4.5, and 16.5
================================================================================================================================
SC     SE  Tx/Rx BrPair  RfPort1 - RfPort2               HW       Serial      Cell (State)   Samples   Med  Mean  SDev Pol Res Issue
================================================================================================================================
KR34E1 210   2/2 0 (1,2) Radio-S210-1(A) Radio-S210-1(B) RRU2279  E23D116005  FDD=KR34E1 (1)    6691  -0.5  -1.3   6.5  NA  OK Passed
KR34E2 211   2/2 0 (1,2) Radio-S211-1(A) Radio-S211-1(B) RRU2279  TU8U01TLVR  FDD=KR34E2 (1)   10402  -1.5  -1.1   7.0  NA  OK Passed
KR34E3 212   2/2 0 (1,2) Radio-S212-1(A) Radio-S212-1(B) RRU2279  E23D116009  FDD=KR34E3 (1)    8695  -0.5  -0.2   7.4  NA  OK Passed
KR34M1 100   2/2 0 (1,2) Radio-S100-1(A) Radio-S100-1(B) RRU4499  E55D276298  FDD=KR34M1 (1)   28581  -1.5  -1.0   6.2  NA  OK Passed
KR34M2 101   2/2 0 (1,2) Radio-S100-1(C) Radio-S100-1(D) RRU4499  E55D276298  FDD=KR34M2 (1)   36923  -3.5  -3.5   7.3  NA OKW Possible RF Loss or PIM at Radio-S100-1(D)
KR34M3 102   2/2 0 (1,2) Radio-S102-1(A) Radio-S102-1(B) RRU4499  E55D276299  FDD=KR34M3 (1)    8366  -1.5  -1.0   6.7  NA  OK Passed
KR34T1 100   2/2 0 (1,2) Radio-S100-1(A) Radio-S100-1(B) RRU4499  E55D276298  FDD=KR34T1 (1)   75241   0.5   0.7   7.4  NA  OK Passed
KR34T2 101   2/2 0 (1,2) Radio-S100-1(C) Radio-S100-1(D) RRU4499  E55D276298  FDD=KR34T2 (1)  132478   0.5   1.1   8.1  NA  OK Passed
KR34T3 102   2/2 0 (1,2) Radio-S102-1(A) Radio-S102-1(B) RRU4499  E55D276299  FDD=KR34T3 (1)   35353  -1.5  -1.0   6.9  NA  OK Passed
================================================================================================================================
Total: 9 SectorCarriers, 9 RfBranch Pairs (8 OK, 1 OKW, 0 NOK, 0 NT)
.........
Last MO: 18296. Loaded 18296 MOs. Total: 18297 MOs.

No NRSectorCarrier MOs are defined on the node.

KR34E> mfitr

251125-18:01:27+0100 19.31.11.248 25.0h MSRBS_NODE_MODEL_25.Q1_198665.224.73_bf81 stopfile=/tmp/3394889
..............
Last MO: 18296. Loaded 18296 MOs. Total: 18297 MOs.
...........
2025-11-25 18:02
================================================================================================================================
CELL       SC     FRU          BOARD             PUSCH  PUCCH       A      B      C      D  DELTA
================================================================================================================================
FDD=KR34E1 KR34E1 Radio-S210-1 RRU227922B822B20C -118.9 -116.8 -119.6 -119.5                  0.1
FDD=KR34E2 KR34E2 Radio-S211-1 RRU227922B822B20C -119.6 -116.6 -119.4 -119.6                  0.2
FDD=KR34E3 KR34E3 Radio-S212-1 RRU227922B822B20C -117.9 -117.6 -119.5 -118.5                    1
FDD=KR34M1 KR34M1 Radio-S100-1 RRU449944B144B3C  -118.7 -119.1 -118.5 -119.1                  0.6
FDD=KR34M2 KR34M2 Radio-S100-1 RRU449944B144B3C  -119.3 -119.1               -119.4 -119.4      0
FDD=KR34M3 KR34M3 Radio-S102-1 RRU449944B144B3C  -119.5 -119.4 -119.3 -119.5                  0.2
FDD=KR34T1 KR34T1 Radio-S100-1 RRU449944B144B3C  -115.5 -117.1 -115.5 -116.0                  0.5
FDD=KR34T2 KR34T2 Radio-S100-1 RRU449944B144B3C  -117.8 -116.9               -116.8 -117.0    0.2
FDD=KR34T3 KR34T3 Radio-S102-1 RRU449944B144B3C  -119.0 -118.9 -118.9 -119.0                  0.1
================================================================================================================================
Bye...
Output has been logged to file /mta_fs/UserFiles/37258710/amosbatch/SDIR/KR34E.log
