Logging to file /mta_fs/UserFiles/37258710/amosbatch/SDIR/KR40E.log
                        __  __  ____   _____
                  /\   |  \/  |/ __ \ / ____|
                 /  \  | \  / | |  | | (___  
                / /\ \ | |\/| | |  | |\___ \ 
               / ____ \| |  | | |__| |____) |
              /_/    \_\_|  |_|\____/|_____/
              OSS Framework for MoShell-25.0h 
  Copyright (c) Ericsson AB 2001-2025 - All Rights Reserved
              
           
[1;31mWARNING: [0mthe AMOS version currently running is more than 29 weeks old and is unsupported.
Please upgrade as soon as possible to the latest released version, available from your local Ericsson support.

$amosrb_pid = 2664022

Checking ip contact...OK

HELP MENU            : h
BASIC MO COMMANDS    : m
OTHER MO COMMANDS    : n
OTHER COMMANDS       : o
PM COMMANDS          : p
QUIT                 : q

KR40E> lt all

251125-14:10:14+0100 19.31.11.208 25.0h  stopfile=/tmp/2663916
Looking up temporary_amos account... OK.
Trying temporary_amos_t20251125_37258710_65084_131's password from amos lookupAccount ... OK

$ssh_pid = 2664345

Connected to 19.31.11.208 (SubNetwork=BBMM_rckomc_R,MeContext=KR40E,ManagedElement=KR40E)

Checking MOM version...MSRBS_NODE_MODEL_25.Q1_693.28324.131_62ac
Parsing MOM (cached): /ericsson/log/amos/moshell_logfiles/t20251125_37258710_65084/logs_moshell/tempfiles/scp-4-amos_20251125-141007_2663856/MSRBS_NODE_MODEL_25.Q1_693.28324.131_62ac.xml.cache.gz ..................................................................................................................................................................................................................................Done.
Using paramfile /opt/ericsson/amos/moshell/commonjars/pm/PARAM_MSRBS_25.Q1.txt
Parsing file /opt/ericsson/amos/moshell/commonjars/pm/PARAM_MSRBS_25.Q1.txt .......................................................................................Done.
Using imomdfile /opt/ericsson/amos/moshell/commonjars/pm/IMOMD_MSRBS_22.Q4.txt
Using imomfile /opt/ericsson/amos/moshell/commonjars/pm/IMOM_MSRBS_25.Q1.txt
Connected to 19.31.11.208 (SubNetwork=BBMM_rckomc_R,MeContext=KR40E,ManagedElement=KR40E)

Last MO: 19057. Loaded 19057 MOs. Total: 19058 MOs.

KR40E> st cell

251125-14:10:28+0100 19.31.11.208 25.0h MSRBS_NODE_MODEL_25.Q1_693.28324.131_62ac stopfile=/tmp/2663916
===================================================================================
Proxy  Adm State     Op. State     MO
===================================================================================
   43  1 (UNLOCKED)  1 (ENABLED)   ENodeBFunction=1,EUtranCellFDD=KR40E1
  171  1 (UNLOCKED)  1 (ENABLED)   ENodeBFunction=1,EUtranCellFDD=KR40E2
  294  1 (UNLOCKED)  1 (ENABLED)   ENodeBFunction=1,EUtranCellFDD=KR40E3
  471  1 (UNLOCKED)  1 (ENABLED)   ENodeBFunction=1,EUtranCellFDD=KR40M1
  605  1 (UNLOCKED)  1 (ENABLED)   ENodeBFunction=1,EUtranCellFDD=KR40M2
  738  1 (UNLOCKED)  1 (ENABLED)   ENodeBFunction=1,EUtranCellFDD=KR40M3
  899  1 (UNLOCKED)  1 (ENABLED)   ENodeBFunction=1,EUtranCellFDD=KR40T1
 1069  1 (UNLOCKED)  1 (ENABLED)   ENodeBFunction=1,EUtranCellFDD=KR40T2
 1210  1 (UNLOCKED)  1 (ENABLED)   ENodeBFunction=1,EUtranCellFDD=KR40T3
 2063  1 (UNLOCKED)  1 (ENABLED)   ENodeBFunction=1,NbIotCell=KR40N1
 2064  1 (UNLOCKED)  1 (ENABLED)   ENodeBFunction=1,NbIotCell=KR40N2
 2065  1 (UNLOCKED)  1 (ENABLED)   ENodeBFunction=1,NbIotCell=KR40N3
===================================================================================
Total: 12 MOs

KR40E> st radio

251125-14:10:28+0100 19.31.11.208 25.0h MSRBS_NODE_MODEL_25.Q1_693.28324.131_62ac stopfile=/tmp/2663916
===================================================================================
Proxy  Adm State     Op. State     MO
===================================================================================
 3121  1 (UNLOCKED)  1 (ENABLED)   Equipment=1,FieldReplaceableUnit=Radio-S100-1
 3144  1 (UNLOCKED)  1 (ENABLED)   Equipment=1,FieldReplaceableUnit=Radio-S102-1
 3167  1 (UNLOCKED)  1 (ENABLED)   Equipment=1,FieldReplaceableUnit=Radio-S210-1
 3184  1 (UNLOCKED)  1 (ENABLED)   Equipment=1,FieldReplaceableUnit=Radio-S211-1
 3201  1 (UNLOCKED)  1 (ENABLED)   Equipment=1,FieldReplaceableUnit=Radio-S212-1
19048  1 (UNLOCKED)  1 (ENABLED)   Transport=1,Synchronization=1,RadioEquipmentClock=1,RadioEquipmentClockReference=NTP1
19049  1 (UNLOCKED)  1 (ENABLED)   Transport=1,Synchronization=1,RadioEquipmentClock=1,RadioEquipmentClockReference=PTP8275_2
===================================================================================
Total: 7 MOs

KR40E> sdir

251125-14:10:29+0100 19.31.11.208 25.0h MSRBS_NODE_MODEL_25.Q1_693.28324.131_62ac stopfile=/tmp/2663916
INFO: Using amos lookupAccount credentials for the export login
.......................
get /rop/A20251125.1215-1230_KR40E.xml.gz /ericsson/log/amos/moshell_logfiles/t20251125_37258710_65084/logs_moshell/pmfiles/19.31.11.208/rop/A20251125.1215-1230_KR40E.xml.gz ... OK
get /rop/A20251125.1230-1245_KR40E.xml.gz /ericsson/log/amos/moshell_logfiles/t20251125_37258710_65084/logs_moshell/pmfiles/19.31.11.208/rop/A20251125.1230-1245_KR40E.xml.gz ... OK
get /rop/A20251125.1245-1300_KR40E.xml.gz /ericsson/log/amos/moshell_logfiles/t20251125_37258710_65084/logs_moshell/pmfiles/19.31.11.208/rop/A20251125.1245-1300_KR40E.xml.gz ... OK
....Checking available boards on node...

Collecting RCS board data ...
..........................................................................................................................
..........................
.............................................................................................................................................................................................................................................................................................................
.....
Collecting TN data...
........................................................................................................................
Getting MO data from node (75 MOs). Please wait...
0%                                             ~50%                                           ~100%
....................................................................................................................................
Collecting RF data...
....
Collecting Alarms...
..Executing action Log.export()
...
Log=AlarmLog                    actionId=29888
............
Executing action LogM.exportAvailabilityLog()
..LogM=1,exportAvailabilityLog    actionId=29889
.....Parsing alarmLog........Done.
Parsing availabilityLog......Done.
.........

Total: 5 CPRI links (5 OK, 0 OKW, 0 NOK, 0 NT)
.
+--------+                      +--------------------+
|        | A        O101     D1 |    Radio-S210-1    |
|        |-----------1----------| RRU227922B822B20C* |
|        |         OK-10m       |       BXP_6        |
|        |                      +--------------------+
|        |                                     |A  |B
|        |                  SE=210* AG=210 FDD=KR40E1
|        |                                NIOT=KR40N1
|        |
|        |                      +--------------------+
|        | B        O101     D1 |    Radio-S211-1    |
|        |-----------2----------| RRU227922B822B20C* |
|        |         OK-10m       |       BXP_5        |
|        |                      +--------------------+
|        |                                     |A  |B
|        |                  SE=211* AG=211 FDD=KR40E2
|        |                                NIOT=KR40N2
|        |
|        |                      +--------------------+
|        | C        O101     D1 |    Radio-S212-1    |
|        |-----------3----------| RRU227922B822B20C* |
|        |         OK-10m       |       BXP_3        |
|        |                      +--------------------+
|        |                                     |A  |B
|  BB-1  |                  SE=212* AG=212 FDD=KR40E3
| BB6631 |                                NIOT=KR40N3
| 000100 |
|        |                      +------------------+
|        | D        O101     D2 |   Radio-S100-1   |
|        |-----------4----------| RRU449944B144B3C |
|        |         OK-11m       |      BXP_4       |
|        |                      +------------------+
|        |                           |A  |B  |C  |D
|        |                    SE=100 AG=100  |   |
|        |            FDD=KR40M1 FDD=KR40T1  |   |
|        |                            SE=101 AG=101
|        |                    FDD=KR40M2 FDD=KR40T2
|        |
|        |                      +------------------+
|        | E        O101     D2 |   Radio-S102-1   |
|        |-----------5----------| RRU449944B144B3C |
|        |         OK-10m       |      BXP_2       |
|        |                      +------------------+
|        |                           |A  |B  |C  |D
|        |                    SE=102 AG=102  |   |
|        |            FDD=KR40M3 FDD=KR40T3  |   |
|        |
+--------+

=====================================================================================================================================
ID RiL    Type Res MO1-MO2                  BOARD1-BOARD2             AlmIDs Cells (States)                                        Issue (Failed checks)
=====================================================================================================================================
 1 S210-1 O101 OK  BB-1(A) Radio-S210-1(D1) BB6631 RRU227922B822B20C*        FDD=KR40E1 NIOT=KR40N1 (1,1)                          Passed
 2 S211-1 O101 OK  BB-1(B) Radio-S211-1(D1) BB6631 RRU227922B822B20C*        FDD=KR40E2 NIOT=KR40N2 (1,1)                          Passed
 3 S212-1 O101 OK  BB-1(C) Radio-S212-1(D1) BB6631 RRU227922B822B20C*        FDD=KR40E3 NIOT=KR40N3 (1,1)                          Passed
 4 S100-1 O101 OK  BB-1(D) Radio-S100-1(D2) BB6631 RRU449944B144B3C          FDD=KR40M1 FDD=KR40M2 FDD=KR40T1 FDD=KR40T2 (1,1,1,1) Passed
 5 S102-1 O101 OK  BB-1(E) Radio-S102-1(D2) BB6631 RRU449944B144B3C          FDD=KR40M3 FDD=KR40T3 (1,1)                           Passed
-------------------------------------------------------------------------------------------------------------------------------------

Node: RadioNode L   CXP2010174/2_R27J08 (25.Q1)   G3.1   LTE-FDD,LTE-IoT 

=====================================================================================================================================
FRU          ;LNH    ;BOARD              ;ST ;FAULT ;OPER ;MAINT ;STAT ;PRODUCTNUMBER   ;REV     ;SERIAL        ;DATE     ;PMTEMP ; TEMP ; UPT ;VOLT ;SW                   ;
=====================================================================================================================================
BB-1         ;000100 ;BB6631             ; 1 ;  OFF ;  ON ;  OFF ;  ON ;KDU1370071/11   ;R2A     ;E96A00VQD8    ;20221028 ;3 (OK) ;      ; 132 ;54   ;                     ;
Radio-S100-1 ;BXP_4  ;RRU449944B144B3C   ; 1 ;  OFF ;  ON ;  OFF ; N/A ;KRC161787/1     ;R2G     ;TU8U01TWKS    ;20221106 ;4 (OK) ; 42.2 ; 132 ;54.9 ;CXP9013268%15_R101LX ; (Radio449944B144B3C)
Radio-S102-1 ;BXP_2  ;RRU449944B144B3C   ; 1 ;  OFF ;  ON ;  OFF ; N/A ;KRC161787/1     ;R2G     ;TU8U01TWG6    ;20221106 ;4 (OK) ; 37.3 ; 132 ;55.1 ;CXP9013268%15_R101LX ; (Radio449944B144B3C)
Radio-S210-1 ;BXP_6  ;RRU227922B822B20C* ; 1 ;  OFF ;  ON ;  OFF ; N/A ;KRC161864/1     ;R1F     ;TU8U01T7HC    ;20221022 ;4 (OK) ; 37.5 ; 118 ;55.5 ;CXP9013268%15_R101LX ; (Radio227922B822B20C)
Radio-S211-1 ;BXP_5  ;RRU227922B822B20C* ; 1 ;  OFF ;  ON ;  OFF ; N/A ;KRC161864/1     ;R1F     ;TU8U01T7GV    ;20221022 ;4 (OK) ; 39.5 ; 118 ;55.5 ;CXP9013268%15_R101LX ; (Radio227922B822B20C)
Radio-S212-1 ;BXP_3  ;RRU227922B822B20C* ; 1 ;  OFF ;  ON ;  OFF ; N/A ;KRC161864/1     ;R1G     ;TU8U027WGM    ;20230929 ;4 (OK) ; 38.0 ; 118 ;55.1 ;CXP9013268%15_R101LX ; (Radio227922B822B20C)
-------------------------------------------------------------------------------------------------------------------------------------

=====================================================================================================================================
AntennaNearUnit                                     ;ST  ;TYPE   ;PRODUCTNR  ;REV       ;UNIQUEID          ;RfPort
=====================================================================================================================================
AntennaUnitGroup=210,AntennaNearUnit=RET_1800_2100  ; 1  ;S-RET  ;86010165   ;HW_V_R1B  ;KAD242551069B-Y4  ;FieldReplaceableUnit=Radio-S210-1,RfPort=R
AntennaUnitGroup=210,AntennaNearUnit=RET_2600       ; 1  ;S-RET  ;86010165   ;HW_V_R1B  ;KAD242551069B-Y5  ;FieldReplaceableUnit=Radio-S210-1,RfPort=R
AntennaUnitGroup=210,AntennaNearUnit=RET_800_900    ; 1  ;S-RET  ;86010165   ;HW_V_R1B  ;KAD242551069B-R2  ;FieldReplaceableUnit=Radio-S210-1,RfPort=R
AntennaUnitGroup=211,AntennaNearUnit=RET_1800_2100  ; 1  ;S-RET  ;86010165   ;HW_V_R1B  ;KAD242480468B-Y4  ;FieldReplaceableUnit=Radio-S211-1,RfPort=R
AntennaUnitGroup=211,AntennaNearUnit=RET_2600       ; 1  ;S-RET  ;86010165   ;HW_V_R1B  ;KAD242480468B-Y5  ;FieldReplaceableUnit=Radio-S211-1,RfPort=R
AntennaUnitGroup=211,AntennaNearUnit=RET_800_900    ; 1  ;S-RET  ;86010165   ;HW_V_R1B  ;KAD242480468B-R2  ;FieldReplaceableUnit=Radio-S211-1,RfPort=R
AntennaUnitGroup=212,AntennaNearUnit=RET_1800_2100  ; 1  ;S-RET  ;86010165   ;HW_V_R1B  ;KAD242480181B-Y4  ;FieldReplaceableUnit=Radio-S212-1,RfPort=R
AntennaUnitGroup=212,AntennaNearUnit=RET_2600       ; 1  ;S-RET  ;86010165   ;HW_V_R1B  ;KAD242480181B-Y5  ;FieldReplaceableUnit=Radio-S212-1,RfPort=R
AntennaUnitGroup=212,AntennaNearUnit=RET_800_900    ; 1  ;S-RET  ;86010165   ;HW_V_R1B  ;KAD242480181B-R2  ;FieldReplaceableUnit=Radio-S212-1,RfPort=R
-------------------------------------------------------------------------------------------------------------------------------------

=====================================================================================================================================
XPBOARD  ;ST ;FAULT ;OPER ;PRODUCTNUMBER ;REV ;SERIAL/NAME ;DATE     ; TEMP ;MO
=====================================================================================================================================
FAN08    ; 1 ;N/A   ;N/A  ;BKV106236/1   ;R2F ;DD111M2106  ;20220220 ; 43.0 ;SupportUnit=1 (FAN  BB-1)
-------------------------------------------------------------------------------------------------------------------------------------

=====================================================================================================================================
ID ;T ;RiL    ;BPBP ;BOARD1             ;LNH1 ;PORT ;R ;LINK ;RATE  ; BER ;BOARD2             ;LNH2 ;PORT ;R ;LINK ;RATE  ; BER ;LENGTH ;MO1 - MO2
=====================================================================================================================================
 1 ;O ;S210-1 ;1111 ;BB6631             ;000100 ; 1 ;M ;Up   ;10.1G ;   0 ;RRU227922B822B20C* ;BXP_6  ; 0 ;S ;Up   ;10.1G ;   0 ;   10m ;Fru=BB-1(A) Fru=Radio-S210-1(D1)
 2 ;O ;S211-1 ;1111 ;BB6631             ;000100 ; 2 ;M ;Up   ;10.1G ;   0 ;RRU227922B822B20C* ;BXP_5  ; 0 ;S ;Up   ;10.1G ;   0 ;   10m ;Fru=BB-1(B) Fru=Radio-S211-1(D1)
 3 ;O ;S212-1 ;1111 ;BB6631             ;000100 ; 3 ;M ;Up   ;10.1G ;   0 ;RRU227922B822B20C* ;BXP_3  ; 0 ;S ;Up   ;10.1G ;   0 ;   10m ;Fru=BB-1(C) Fru=Radio-S212-1(D1)
 4 ;O ;S100-1 ;1111 ;BB6631             ;000100 ; 4 ;M ;Up   ;10.1G ;   0 ;RRU449944B144B3C   ;BXP_4  ; 1 ;S ;Up   ;10.1G ;   0 ;   11m ;Fru=BB-1(D) Fru=Radio-S100-1(D2)
 5 ;O ;S102-1 ;1111 ;BB6631             ;000100 ; 5 ;M ;Up   ;10.1G ;   0 ;RRU449944B144B3C   ;BXP_2  ; 1 ;S ;Up   ;10.1G ;   0 ;   10m ;Fru=BB-1(E) Fru=Radio-S102-1(D2)
-------------------------------------------------------------------------------------------------------------------------------------

=====================================================================================================================================
ID ;LINK ;RiL    ;VENDOR1  ;VENDORPROD1      ;REV1 ;SERIAL1         ;DATE1    ;ERICSSONPROD1      ;VENDOR2  ;VENDORPROD2      ;REV2 ;SERIAL2         ;DATE2    ;ERICSSONPROD2      ;TT ;WL1     ;WL2    
=====================================================================================================================================
 1 ;Up   ;S210-1 ;ERICSSON ;RTXM228-702-C22  ;1.0  ;HN224100031287  ;20221008 ;RDH10265/2 R1A     ;ERICSSON ;RTXM228-702-C22  ;1.0  ;HN224100031291  ;20221008 ;RDH10265/2 R1A     ;0  ;1310.00 ;1310.00
 2 ;Up   ;S211-1 ;ERICSSON ;RTXM228-702-C22  ;1.0  ;HN224100031294  ;20221008 ;RDH10265/2 R1A     ;ERICSSON ;RTXM228-702-C22  ;1.0  ;HN224100031316  ;20221008 ;RDH10265/2 R1A     ;0  ;1310.00 ;1310.00
 3 ;Up   ;S212-1 ;ERICSSON ;RTXM228-702-C22  ;1.0  ;HN224100031293  ;20221008 ;RDH10265/2 R1A     ;ERICSSON ;RTXM228-702-C22  ;1.0  ;HM224200082919  ;20221014 ;RDH10265/2 R1A     ;0  ;1310.00 ;1310.00
 4 ;Up   ;S100-1 ;ERICSSON ;RTXM228-702-C22  ;1.0  ;HN224100031275  ;20221008 ;RDH10265/2 R1A     ;ERICSSON ;RTXM228-702-C22  ;1.0  ;HN224100031288  ;20221008 ;RDH10265/2 R1A     ;0  ;1310.00 ;1310.00
 5 ;Up   ;S102-1 ;ERICSSON ;RTXM228-702-C22  ;1.0  ;HN224100031273  ;20221008 ;RDH10265/2 R1A     ;ERICSSON ;RTXM228-702-C22  ;1.0  ;HN224100031277  ;20221008 ;RDH10265/2 R1A     ;0  ;1310.00 ;1310.00
-------------------------------------------------------------------------------------------------------------------------------------

=====================================================================================================================================
ID ;LINK ;RiL    ;WL1     ;TEMP1 ;TXbs1 ;TXdBm1 ;RXdBm1 ;BER1   ;WL2     ;TEMP2 ;TXbs2 ;TXdBm2 ;RXdBm2 ;BER2   ;DlLoss ;UlLoss ;LENGTH ;TT
=====================================================================================================================================
 1 ;Up   ;S210-1 ;1310.00 ;44C   ;56%   ;-1.17  ;-1.03  ;   0   ;1310.00 ;38C   ;56%   ;-0.86  ;-1.34  ;   0   ;  0.17 ;  0.17 ;   10m ; 0
 2 ;Up   ;S211-1 ;1310.00 ;42C   ;58%   ;-1.77  ;-2.20  ;   0   ;1310.00 ;37C   ;56%   ;-1.98  ;-1.26  ;   0   ; -0.51 ;  0.22 ;   10m ; 0
 3 ;Up   ;S212-1 ;1310.00 ;39C   ;56%   ;-1.17  ;-1.09  ;   0   ;1310.00 ;36C   ;55%   ;-1.24  ;-1.83  ;   0   ;  0.66 ; -0.15 ;   10m ; 0
 4 ;Up   ;S100-1 ;1310.00 ;41C   ;57%   ;-0.80  ;-2.56  ;   0   ;1310.00 ;41C   ;57%   ;-1.62  ;-1.34  ;   0   ;  0.54 ;  0.94 ;   11m ; 0
 5 ;Up   ;S102-1 ;1310.00 ;41C   ;57%   ;-2.08  ;-1.06  ;   0   ;1310.00 ;37C   ;54%   ;-2.37  ;-1.53  ;   0   ; -0.55 ; -1.31 ;   10m ; 0
-------------------------------------------------------------------------------------------------------------------------------------

=====================================================================================================================================
ID ;RiL    ;BOARD              ;SFPLNH  ;PORT ;VENDOR   ;VENDORPROD       ;REV  ;SERIAL          ;DATE     ;ERICSSONPROD       ;WL      ;TEMP  ;TXbs  ;TXdBm  ;RXdBm  ; BER
=====================================================================================================================================
 1 ;S210-1 ;BB6631             ;000100   ;  1 ;ERICSSON ;RTXM228-702-C22  ;1.0  ;HN224100031287  ;20221008 ;RDH10265/2 R1A     ;1310.00 ;44C   ;56%   ;-1.17  ;-1.03  ;   0
 2 ;S211-1 ;BB6631             ;000100   ;  2 ;ERICSSON ;RTXM228-702-C22  ;1.0  ;HN224100031294  ;20221008 ;RDH10265/2 R1A     ;1310.00 ;42C   ;58%   ;-1.77  ;-2.20  ;   0
 3 ;S212-1 ;BB6631             ;000100   ;  3 ;ERICSSON ;RTXM228-702-C22  ;1.0  ;HN224100031293  ;20221008 ;RDH10265/2 R1A     ;1310.00 ;39C   ;56%   ;-1.17  ;-1.09  ;   0
 4 ;S100-1 ;BB6631             ;000100   ;  4 ;ERICSSON ;RTXM228-702-C22  ;1.0  ;HN224100031275  ;20221008 ;RDH10265/2 R1A     ;1310.00 ;41C   ;57%   ;-0.80  ;-2.56  ;   0
 5 ;S102-1 ;BB6631             ;000100   ;  5 ;ERICSSON ;RTXM228-702-C22  ;1.0  ;HN224100031273  ;20221008 ;RDH10265/2 R1A     ;1310.00 ;41C   ;57%   ;-2.08  ;-1.06  ;   0
 5 ;S102-1 ;RRU449944B144B3C   ;BXP_2    ;  1 ;ERICSSON ;RTXM228-702-C22  ;1.0  ;HN224100031277  ;20221008 ;RDH10265/2 R1A     ;1310.00 ;37C   ;54%   ;-2.37  ;-1.53  ;   0
 3 ;S212-1 ;RRU227922B822B20C* ;BXP_3    ;  0 ;ERICSSON ;RTXM228-702-C22  ;1.0  ;HM224200082919  ;20221014 ;RDH10265/2 R1A     ;1310.00 ;36C   ;55%   ;-1.24  ;-1.83  ;   0
 4 ;S100-1 ;RRU449944B144B3C   ;BXP_4    ;  1 ;ERICSSON ;RTXM228-702-C22  ;1.0  ;HN224100031288  ;20221008 ;RDH10265/2 R1A     ;1310.00 ;41C   ;57%   ;-1.62  ;-1.34  ;   0
 2 ;S211-1 ;RRU227922B822B20C* ;BXP_5    ;  0 ;ERICSSON ;RTXM228-702-C22  ;1.0  ;HN224100031316  ;20221008 ;RDH10265/2 R1A     ;1310.00 ;37C   ;56%   ;-1.98  ;-1.26  ;   0
 1 ;S210-1 ;RRU227922B822B20C* ;BXP_6    ;  0 ;ERICSSON ;RTXM228-702-C22  ;1.0  ;HN224100031291  ;20221008 ;RDH10265/2 R1A     ;1310.00 ;38C   ;56%   ;-0.86  ;-1.34  ;   0
-------------------------------------------------------------------------------------------------------------------------------------
TN ;       ;BB6631             ;000100   ; IB ;DELTA    ;LCP-2488B4HDRME2 ;A    ;1826063A1108097 ;20180703 ;RDH10247/2 R2A     ;1310    ;40C   ;30%   ;-4.03  ;-7.99  ;NZ/0
TN ;       ;BB6631             ;000100   ;IA2 ;ERICSSON ;NDAAF9-E201      ;E    ;APF2240201465U  ;20221010 ;RPM777053/1000 R1B ;NA      ;NA    ;NA    ;NA     ;NA     ; 0/0
-------------------------------------------------------------------------------------------------------------------------------------

=====================================================================================================================================
BOARD  ;LNH    ;PORT       ;T ;S ;OpMode         ;AutoNeg ;MacAddress        ;VlanIds        ;LOS ;BER
=====================================================================================================================================
BB6631 ;000100 ;TN_E       ;E ;1 ;1G_FULL_MASTER ;true    ;F8:97:A9:C2:D0:85 ;3910           ;0   ;0/0
BB6631 ;000100 ;TN_IDL_A_1 ;E ;1 ;10G_FULL       ;false   ;F8:97:A9:C2:D0:7E ;3901,3908,3910 ;0   ;0/0
BB6631 ;000100 ;TN_IDL_A_2 ;O ;1 ;10G_FULL       ;false   ;F8:97:A9:C2:D0:7F ;3908           ;0   ;0/0
BB6631 ;000100 ;TN_IDL_B   ;O ;1 ;1G_FULL        ;true    ;F8:97:A9:C2:D0:82 ;3901,3908,3910 ;0   ;NZ/0
-------------------------------------------------------------------------------------------------------------------------------------

radioClockState : RNT_TIME_LOCKED
-------------------------------------------------------------------------------------
Prio  ;ST  ;syncRefType    ;refStatus  ;opQualLevel  ;SyncReference
-------------------------------------------------------------------------------------
  *1  ; 1  ;PTP_TIME       ;NO_FAULT   ;PRTC         ;Ptp=1,BoundaryOrdinaryClock=1 (G_8275_2 Router=45G_Traffic,InterfaceIPv4=LTE,AddressIPv4=LTE:SLAVE)
   2  ; 1  ;NTP_FREQUENCY  ;NO_FAULT   ;PRC          ;Ntp=1,NtpFrequencySync=NTP1 (10.31.0.54:32751 Router=45G_Traffic,InterfaceIPv4=LTE,AddressIPv4=LTE)
-------------------------------------------------------------------------------------
nodeGroupRole   : SYNC_PROVIDER (syncNodePriority=1, selectionMode=NODE_PRIORITY)
-------------------------------------------------------------------------------------
DU  ;Port  ;sharedUnitRef (RiPortA - RiPortB)  ;remoteNodePriority  ;CandidateStatus
-------------------------------------------------------------------------------------
1   ;B     ;Fru=Radio-S211-1 (1 - 2)           ;3                   ;OK_NOT_ACTIVE
1   ;C     ;Fru=Radio-S212-1 (1 - 2)           ;3                   ;OK_NOT_ACTIVE
1   ;A     ;Fru=Radio-S210-1 (1 - 2)           ;3                   ;OK_NOT_ACTIVE
-------------------------------------------------------------------------------------

=====================================================================================================================================
FRU          ;LNH    ;BOARD              ;RF  ;BP  ;TX (W/dBm)  ;VSWR (RL)   ;RX (dBm) ;UEs/gUEs  ;Sector/AntennaGroup/Cells (State:CellIds:PCIs)
=====================================================================================================================================
Radio-S100-1 ;BXP_4  ;RRU449944B144B3C   ; A  ;11  ;30.9 (44.9) ;1.21 (20.4) ;-89.7    ;48/-      ;SE=100 AG=100 FDD=KR40M1 FDD=KR40T1 (1:31:236, 1:41:354)
Radio-S100-1 ;BXP_4  ;RRU449944B144B3C   ; B  ;11  ;29.6 (44.7) ;1.30 (17.8) ;-89.3    ;48/-      ;SE=100 AG=100 FDD=KR40M1 FDD=KR40T1 (1:31:236, 1:41:354)
Radio-S100-1 ;BXP_4  ;RRU449944B144B3C   ; C  ;11  ;32.7 (45.1) ;1.17 (22.1) ;-89.6    ;95/-      ;SE=101 AG=101 FDD=KR40M2 FDD=KR40T2 (1:32:270, 1:42:112)
Radio-S100-1 ;BXP_4  ;RRU449944B144B3C   ; D  ;11  ;33.6 (45.3) ;1.20 (21.0) ;-90.3    ;95/-      ;SE=101 AG=101 FDD=KR40M2 FDD=KR40T2 (1:32:270, 1:42:112)
Radio-S102-1 ;BXP_2  ;RRU449944B144B3C   ; A  ;11  ;43.4 (46.4) ;1.09 (27.1) ;-84.4    ;71/-      ;SE=102 AG=102 FDD=KR40M3 FDD=KR40T3 (1:33:355, 1:43:325)
Radio-S102-1 ;BXP_2  ;RRU449944B144B3C   ; B  ;11  ;45.7 (46.6) ;1.16 (22.6) ;-85.5    ;71/-      ;SE=102 AG=102 FDD=KR40M3 FDD=KR40T3 (1:33:355, 1:43:325)
Radio-S102-1 ;BXP_2  ;RRU449944B144B3C   ; C  ;11  ;-           ;-           ;         ;          ;
Radio-S102-1 ;BXP_2  ;RRU449944B144B3C   ; D  ;11  ;-           ;-           ;         ;          ;
Radio-S210-1 ;BXP_6  ;RRU227922B822B20C* ; A  ;11  ;12.4 (40.9) ;1.12 (25.0) ;-96.0    ;3/-       ;SE=210* AG=210 FDD=KR40E1 NIOT=KR40N1 (1:61:448, 1:161:448)
Radio-S210-1 ;BXP_6  ;RRU227922B822B20C* ; B  ;11  ;12.5 (41.0) ;1.10 (26.1) ;-95.9    ;3/-       ;SE=210* AG=210 FDD=KR40E1 NIOT=KR40N1 (1:61:448, 1:161:448)
Radio-S211-1 ;BXP_5  ;RRU227922B822B20C* ; A  ;11  ;11.7 (40.7) ;1.15 (23.2) ;-87.4    ;4/-       ;SE=211* AG=211 FDD=KR40E2 NIOT=KR40N2 (1:62:274, 1:162:274)
Radio-S211-1 ;BXP_5  ;RRU227922B822B20C* ; B  ;11  ;11.8 (40.7) ;1.16 (22.4) ;-87.9    ;4/-       ;SE=211* AG=211 FDD=KR40E2 NIOT=KR40N2 (1:62:274, 1:162:274)
Radio-S212-1 ;BXP_3  ;RRU227922B822B20C* ; A  ;11  ;18.7 (42.7) ;1.09 (27.5) ;-86.8    ;4/-       ;SE=212* AG=212 FDD=KR40E3 NIOT=KR40N3 (1:63:400, 1:163:400)
Radio-S212-1 ;BXP_3  ;RRU227922B822B20C* ; B  ;11  ;15.4 (41.9) ;1.09 (27.6) ;-86.6    ;4/-       ;SE=212* AG=212 FDD=KR40E3 NIOT=KR40N3 (1:63:400, 1:163:400)
-------------------------------------------------------------------------------------------------------------------------------------

KR40E> mfar

251125-14:13:06+0100 19.31.11.208 25.0h MSRBS_NODE_MODEL_25.Q1_693.28324.131_62ac stopfile=/tmp/2663916
........
Last MO: 19062. Loaded 19062 MOs. Total: 19063 MOs.
...............................................
get /rop/A20251125.1130-1145_KR40E.xml.gz /ericsson/log/amos/moshell_logfiles/t20251125_37258710_65084/logs_moshell/pmfiles/19.31.11.208/rop/A20251125.1130-1145_KR40E.xml.gz ... OK
get /rop/A20251125.1145-1200_KR40E.xml.gz /ericsson/log/amos/moshell_logfiles/t20251125_37258710_65084/logs_moshell/pmfiles/19.31.11.208/rop/A20251125.1145-1200_KR40E.xml.gz ... OK
get /rop/A20251125.1200-1215_KR40E.xml.gz /ericsson/log/amos/moshell_logfiles/t20251125_37258710_65084/logs_moshell/pmfiles/19.31.11.208/rop/A20251125.1200-1215_KR40E.xml.gz ... OK

Using hardcoded thresholds: 3, 4.5, and 16.5
================================================================================================================================
SC     SE  Tx/Rx BrPair  RfPort1 - RfPort2               HW       Serial      Cell (State)   Samples   Med  Mean  SDev Pol Res Issue
================================================================================================================================
KR40E1 210   2/2 0 (1,2) Radio-S210-1(A) Radio-S210-1(B) RRU2279  TU8U01T7HC  FDD=KR40E1 (1)   64064   0.5   0.0   6.2  NA  OK Passed
KR40E2 211   2/2 0 (1,2) Radio-S211-1(A) Radio-S211-1(B) RRU2279  TU8U01T7GV  FDD=KR40E2 (1)   97089  -0.5  -0.3   6.6  NA  OK Passed
KR40E3 212   2/2 0 (1,2) Radio-S212-1(A) Radio-S212-1(B) RRU2279  TU8U027WGM  FDD=KR40E3 (1)   84963   0.5   0.6   7.2  NA  OK Passed
KR40M1 100   2/2 0 (1,2) Radio-S100-1(A) Radio-S100-1(B) RRU4499  TU8U01TWKS  FDD=KR40M1 (1)  114373   0.5   1.1   6.1  NA  OK Passed
KR40M2 101   2/2 0 (1,2) Radio-S100-1(C) Radio-S100-1(D) RRU4499  TU8U01TWKS  FDD=KR40M2 (1)  206099  -0.5  -0.3   6.5  NA  OK Passed
KR40M3 102   2/2 0 (1,2) Radio-S102-1(A) Radio-S102-1(B) RRU4499  TU8U01TWG6  FDD=KR40M3 (1)  161054   1.5   1.3   7.6  NA  OK Passed
KR40T1 100   2/2 0 (1,2) Radio-S100-1(A) Radio-S100-1(B) RRU4499  TU8U01TWKS  FDD=KR40T1 (1)  250640   0.5  -0.0   6.6  NA  OK Passed
KR40T2 101   2/2 0 (1,2) Radio-S100-1(C) Radio-S100-1(D) RRU4499  TU8U01TWKS  FDD=KR40T2 (1)  264602  -0.5  -0.1   6.6  NA  OK Passed
KR40T3 102   2/2 0 (1,2) Radio-S102-1(A) Radio-S102-1(B) RRU4499  TU8U01TWG6  FDD=KR40T3 (1)  252264  -0.5  -0.0   7.1  NA  OK Passed
================================================================================================================================
Total: 9 SectorCarriers, 9 RfBranch Pairs (9 OK, 0 OKW, 0 NOK, 0 NT)
........
Last MO: 19062. Loaded 19062 MOs. Total: 19063 MOs.

No NRSectorCarrier MOs are defined on the node.

KR40E> mfitr

251125-14:13:24+0100 19.31.11.208 25.0h MSRBS_NODE_MODEL_25.Q1_693.28324.131_62ac stopfile=/tmp/2663916
.............
Last MO: 19062. Loaded 19062 MOs. Total: 19063 MOs.
..........
2025-11-25 14:14
================================================================================================================================
CELL       SC     FRU          BOARD             PUSCH  PUCCH       A      B      C      D  DELTA
================================================================================================================================
FDD=KR40E1 KR40E1 Radio-S210-1 RRU227922B822B20C -113.2 -111.9 -114.1 -114.0                  0.1
FDD=KR40E2 KR40E2 Radio-S211-1 RRU227922B822B20C -114.2 -113.4 -115.9 -115.8                  0.1
FDD=KR40E3 KR40E3 Radio-S212-1 RRU227922B822B20C -112.0 -111.5 -113.5 -114.6                  1.1
FDD=KR40M1 KR40M1 Radio-S100-1 RRU449944B144B3C  -114.0 -116.8 -115.7 -115.5                  0.2
FDD=KR40M2 KR40M2 Radio-S100-1 RRU449944B144B3C  -113.8 -116.0               -114.0 -114.3    0.3
FDD=KR40M3 KR40M3 Radio-S102-1 RRU449944B144B3C  -110.2 -114.9 -111.8 -111.5                  0.3
FDD=KR40T1 KR40T1 Radio-S100-1 RRU449944B144B3C  -112.0 -115.5 -111.3 -111.7                  0.4
FDD=KR40T2 KR40T2 Radio-S100-1 RRU449944B144B3C  -112.9 -115.2               -114.0 -114.4    0.4
FDD=KR40T3 KR40T3 Radio-S102-1 RRU449944B144B3C  -106.5 -112.4 -108.1 -108.6                  0.5
================================================================================================================================
Bye...
Output has been logged to file /mta_fs/UserFiles/37258710/amosbatch/SDIR/KR40E.log
