Logging to file /mta_fs/UserFiles/37258710/amosbatch/SDIR/KS1DL.log
                        __  __  ____   _____
                  /\   |  \/  |/ __ \ / ____|
                 /  \  | \  / | |  | | (___  
                / /\ \ | |\/| | |  | |\___ \ 
               / ____ \| |  | | |__| |____) |
              /_/    \_\_|  |_|\____/|_____/
              OSS Framework for MoShell-25.0h 
  Copyright (c) Ericsson AB 2001-2025 - All Rights Reserved
              
           
[1;31mWARNING: [0mthe AMOS version currently running is more than 29 weeks old and is unsupported.
Please upgrade as soon as possible to the latest released version, available from your local Ericsson support.

$amosrb_pid = 3299655

Checking ip contact...OK

HELP MENU            : h
BASIC MO COMMANDS    : m
OTHER MO COMMANDS    : n
OTHER COMMANDS       : o
PM COMMANDS          : p
QUIT                 : q

KS1DL> lt all

251125-17:28:16+0100 19.31.6.249 25.0h  stopfile=/tmp/3299578
Looking up temporary_amos account... OK.
Trying temporary_amos_t20251125_37258710_65084_131's password from amos lookupAccount ... OK

$ssh_pid = 3300427

Connected to 19.31.6.249 (SubNetwork=BBMM_rckomc_R,MeContext=KS1DL,ManagedElement=KS1DL)

Checking MOM version...MSRBS_NODE_MODEL_25.Q1_198665.224.73_bf81
Parsing MOM (cached): /ericsson/log/amos/moshell_logfiles/t20251125_37258710_65084/logs_moshell/tempfiles/scp-4-amos_20251125-172809_3299522/MSRBS_NODE_MODEL_25.Q1_198665.224.73_bf81.xml.cache.gz ......................................................................................................................................................................................................................Done.
Using paramfile /opt/ericsson/amos/moshell/commonjars/pm/PARAM_MSRBSG2_25.Q1.txt
Parsing file /opt/ericsson/amos/moshell/commonjars/pm/PARAM_MSRBSG2_25.Q1.txt ......................................................................................Done.
Using imomdfile /opt/ericsson/amos/moshell/commonjars/pm/IMOMD_MSRBS_22.Q4.txt
Using imomfile /opt/ericsson/amos/moshell/commonjars/pm/IMOM_MSRBS_25.Q1.txt
Connected to 19.31.6.249 (SubNetwork=BBMM_rckomc_R,MeContext=KS1DL,ManagedElement=KS1DL)

Last MO: 16734. Loaded 16734 MOs. Total: 16735 MOs.

KS1DL> st cell

251125-17:28:35+0100 19.31.6.249 25.0h MSRBS_NODE_MODEL_25.Q1_198665.224.73_bf81 stopfile=/tmp/3299578
===================================================================================
Proxy  Adm State     Op. State     MO
===================================================================================
   59  1 (UNLOCKED)  1 (ENABLED)   ENodeBFunction=1,EUtranCellFDD=KS1DL1
  166  1 (UNLOCKED)  1 (ENABLED)   ENodeBFunction=1,EUtranCellFDD=KS1DL2
  262  1 (UNLOCKED)  1 (ENABLED)   ENodeBFunction=1,EUtranCellFDD=KS1DL3
===================================================================================
Total: 3 MOs

KS1DL> st radio

251125-17:28:36+0100 19.31.6.249 25.0h MSRBS_NODE_MODEL_25.Q1_198665.224.73_bf81 stopfile=/tmp/3299578
===================================================================================
Proxy  Adm State     Op. State     MO
===================================================================================
 1236  1 (UNLOCKED)  1 (ENABLED)   Equipment=1,FieldReplaceableUnit=Radio-S180-1
 1251  1 (UNLOCKED)  1 (ENABLED)   Equipment=1,FieldReplaceableUnit=Radio-S182-1
 1266  1 (UNLOCKED)  1 (ENABLED)   Equipment=1,FieldReplaceableUnit=Radio-S210-1
 1283  1 (UNLOCKED)  1 (ENABLED)   Equipment=1,FieldReplaceableUnit=Radio-S211-1
 1300  1 (UNLOCKED)  1 (ENABLED)   Equipment=1,FieldReplaceableUnit=Radio-S212-1
16728  1 (UNLOCKED)  1 (ENABLED)   Transport=1,Synchronization=1,RadioEquipmentClock=1,RadioEquipmentClockReference=PTP8275_2
16729  1 (UNLOCKED)  1 (ENABLED)   Transport=1,Synchronization=1,RadioEquipmentClock=1,RadioEquipmentClockReference=SyncE
===================================================================================
Total: 7 MOs

KS1DL> sdir

251125-17:28:36+0100 19.31.6.249 25.0h MSRBS_NODE_MODEL_25.Q1_198665.224.73_bf81 stopfile=/tmp/3299578
INFO: Using amos lookupAccount credentials for the export login
...............................
get /rop/A20251125.1530-1545_KS1DL.xml.gz /ericsson/log/amos/moshell_logfiles/t20251125_37258710_65084/logs_moshell/pmfiles/19.31.6.249/rop/A20251125.1530-1545_KS1DL.xml.gz ... OK
get /rop/A20251125.1545-1600_KS1DL.xml.gz /ericsson/log/amos/moshell_logfiles/t20251125_37258710_65084/logs_moshell/pmfiles/19.31.6.249/rop/A20251125.1545-1600_KS1DL.xml.gz ... OK
get /rop/A20251125.1600-1615_KS1DL.xml.gz /ericsson/log/amos/moshell_logfiles/t20251125_37258710_65084/logs_moshell/pmfiles/19.31.6.249/rop/A20251125.1600-1615_KS1DL.xml.gz ... OK
....Checking available boards on node...

Collecting RCS board data ...
...................................................................................
..........................
..............................................................................................................................................................................................................................
...
Collecting TN data...
.........................................................................................................................
Getting MO data from node (72 MOs). Please wait...
0%                                             ~50%                                           ~100%
............................................................................................................................
Collecting RF data...
...
Collecting Alarms...
Executing action Log.export()
...
Log=AlarmLog                    actionId=28523
............
Executing action LogM.exportAvailabilityLog()
..LogM=1,exportAvailabilityLog    actionId=28524
........Parsing alarmLog..........Done.
Parsing availabilityLog........Done.
............

Total: 5 CPRI links (5 OK, 0 OKW, 0 NOK, 0 NT)
.
+--------+                      +--------------------+
|        | A        O101     D2 |    Radio-S210-1    |
|        |-----------1----------| RRU227922B822B20C* |
|        |         OK-32m       |       BXP_2        |
|        |                      +--------------------+
|        |                                     |A  |B
|        |                 SE=210* AG=210 GT=KS1DD1/0
|        |                    GT=KS1DD1/1 GT=KS1DD1/8
|        |
|        |                      +--------------------+
|        | B        O101     D2 |    Radio-S211-1    |
|        |-----------2----------| RRU227922B822B20C* |
|        |         OK-32m       |       BXP_3        |
|        |                      +--------------------+
|        |                                     |A  |B
|        |                 SE=211* AG=211 GT=KS1DD2/0
|        |                    GT=KS1DD2/1 GT=KS1DD2/8
|        |
|        |                      +--------------------+
|        | C        O101     D2 |    Radio-S212-1    |
|        |-----------3----------| RRU227922B822B20C* |
|        |         OK-31m       |       BXP_4        |
|        |                      +--------------------+
|  BB-1  |                                     |A  |B
| BB6630 |                 SE=212* AG=212 GT=KS1DD3/0
| 000100 |                    GT=KS1DD3/1 GT=KS1DD3/8
|        |
|        |                      +---------------+
|        | D        O101     D1 | Radio-S180-1  |
|        |-----------4----------|   RRU4415B7   |
|        |         OK-32m       |     BXP_5     |
|        |                      +---------------+
|        |                        |A  |B  |C  |D
|        |                 SE=180 AG=180  |   |
|        |                    FDD=KS1DL1  |   |
|        |                         SE=181 AG=181
|        |                            FDD=KS1DL2
|        |
|        |                      +---------------+
|        | E        O101     D1 | Radio-S182-1  |
|        |-----------5----------|   RRU4415B7   |
|        |         OK-21m       |     BXP_6     |
|        |                      +---------------+
|        |                        |A  |B  |C  |D
|        |                 SE=182 AG=182  |   |
|        |                    FDD=KS1DL3  |   |
|        |
+--------+

=====================================================================================================================================
ID RiL    Type Res MO1-MO2                  BOARD1-BOARD2             AlmIDs Cells (States)                              Issue (Failed checks)
=====================================================================================================================================
 1 S210-1 O101 OK  BB-1(A) Radio-S210-1(D2) BB6630 RRU227922B822B20C*        GT=KS1DD1/0 GT=KS1DD1/1 GT=KS1DD1/8 (1,1,1) Passed
 2 S211-1 O101 OK  BB-1(B) Radio-S211-1(D2) BB6630 RRU227922B822B20C*        GT=KS1DD2/0 GT=KS1DD2/1 GT=KS1DD2/8 (1,1,1) Passed
 3 S212-1 O101 OK  BB-1(C) Radio-S212-1(D2) BB6630 RRU227922B822B20C*        GT=KS1DD3/0 GT=KS1DD3/1 GT=KS1DD3/8 (1,1,1) Passed
 4 S180-1 O101 OK  BB-1(D) Radio-S180-1(D1) BB6630 RRU4415B7                 FDD=KS1DL1 FDD=KS1DL2 (1,1)                 Passed
 5 S182-1 O101 OK  BB-1(E) Radio-S182-1(D1) BB6630 RRU4415B7                 FDD=KS1DL3 (1)                              Passed
-------------------------------------------------------------------------------------------------------------------------------------

Node: RadioNode GL   CXP9024418/16_R8D21 (RCG123.3-3)   G2   GSM LTE-FDD 

=====================================================================================================================================
FRU          ;LNH    ;BOARD              ;ST ;FAULT ;OPER ;MAINT ;STAT ;PRODUCTNUMBER   ;REV     ;SERIAL        ;DATE     ;PMTEMP ; TEMP ; UPT ;VOLT ;SW                   ;
=====================================================================================================================================
BB-1         ;000100 ;BB6630             ; 1 ;  OFF ;  ON ;  OFF ;  ON ;KDU137848/11    ;R3D     ;E96A00JBAS    ;20210917 ;3 (OK) ;      ; 132 ;48   ;                     ;
Radio-S180-1 ;BXP_5  ;RRU4415B7          ; 1 ;  OFF ;  ON ;  OFF ; N/A ;KRC161495/1     ;R5FC    ;TU8U016X10    ;20211106 ;4 (OK) ; 34.5 ; 132 ;54.5 ;CXP9013268%15_R101KB ; (Radio4415B7)
Radio-S182-1 ;BXP_6  ;RRU4415B7          ; 1 ;  OFF ;  ON ;  OFF ; N/A ;KRC161495/1     ;R5FC    ;TU8U016X0Z    ;20211106 ;4 (OK) ; 29.8 ; 132 ;54.6 ;CXP9013268%15_R101KB ; (Radio4415B7)
Radio-S210-1 ;BXP_2  ;RRU227922B822B20C* ; 1 ;  OFF ;  ON ;  OFF ; N/A ;KRC161864/1     ;R1D     ;TU8U0125CL    ;20210819 ;4 (OK) ; 35.5 ;84.3 ;55.1 ;CXP9013268%15_R101KB ; (Radio227922B822B20C)
Radio-S211-1 ;BXP_3  ;RRU227922B822B20C* ; 1 ;  OFF ;  ON ;  OFF ; N/A ;KRC161864/1     ;R1F     ;TU8U02LKLN    ;20240624 ;4 (OK) ; 42.0 ;84.3 ;55.0 ;CXP9013268%15_R101KB ; (Radio227922B822B20C)
Radio-S212-1 ;BXP_4  ;RRU227922B822B20C* ; 1 ;  OFF ;  ON ;  OFF ; N/A ;KRC161864/1     ;R1E     ;TU8U0146S6    ;20210923 ;4 (OK) ; 35.5 ; 131 ;54.8 ;CXP9013268%15_R101KB ; (Radio227922B822B20C)
-------------------------------------------------------------------------------------------------------------------------------------

=====================================================================================================================================
AntennaNearUnit                                     ;ST  ;TYPE   ;PRODUCTNR     ;REV                ;UNIQUEID             ;RfPort
=====================================================================================================================================
AntennaUnitGroup=180,AntennaNearUnit=RET_1800_2100  ; 1  ;S-RET  ;AIMM20M22     ;WD81MANBRCU_VER.F  ;HWM1360GC03HG736yyR  ;FieldReplaceableUnit=Radio-S180-1,RfPort=A
AntennaUnitGroup=180,AntennaNearUnit=RET_2600       ; 1  ;S-RET  ;AIMM20M22     ;WD81MANBRCU_VER.F  ;HWM1360GC03HF0929yL  ;FieldReplaceableUnit=Radio-S180-1,RfPort=A
AntennaUnitGroup=180,AntennaNearUnit=RET_800        ; 1  ;S-RET  ;AIMM20M22     ;WD81MANBRCU_VER.F  ;HWM1360GC03HD31750r  ;FieldReplaceableUnit=Radio-S180-1,RfPort=A
AntennaUnitGroup=180,AntennaNearUnit=RET_900        ; 1  ;S-RET  ;AIMM20M22     ;WD81MANBRCU_VER.F  ;HWM1360GC03HE9746rr  ;FieldReplaceableUnit=Radio-S180-1,RfPort=A
AntennaUnitGroup=180,AntennaNearUnit=TMA_2600       ; 1  ;TMA    ;KRY112501/12  ;R1A                ;ERT203BU9            ;FieldReplaceableUnit=Radio-S180-1,RfPort=A
AntennaUnitGroup=181,AntennaNearUnit=RET_1800_2100  ; 1  ;S-RET  ;AIMM20M22     ;WD81MANBRCU_VER.F  ;HWM1360GC03G5370yyR  ;FieldReplaceableUnit=Radio-S180-1,RfPort=C
AntennaUnitGroup=181,AntennaNearUnit=RET_2600       ; 1  ;S-RET  ;AIMM20M22     ;WD81MANBRCU_VER.F  ;HWM1360GC03G42366yL  ;FieldReplaceableUnit=Radio-S180-1,RfPort=C
AntennaUnitGroup=181,AntennaNearUnit=RET_800        ; 1  ;S-RET  ;AIMM20M22     ;WD81MANBRCU_VER.F  ;HWM1360GC03G227000r  ;FieldReplaceableUnit=Radio-S180-1,RfPort=C
AntennaUnitGroup=181,AntennaNearUnit=RET_900        ; 1  ;S-RET  ;AIMM20M22     ;WD81MANBRCU_VER.F  ;HWM1360GC03G36338rr  ;FieldReplaceableUnit=Radio-S180-1,RfPort=C
AntennaUnitGroup=181,AntennaNearUnit=TMA_2600       ; 1  ;TMA    ;KRY112501/12  ;R1A                ;ERT203BU9            ;FieldReplaceableUnit=Radio-S180-1,RfPort=C
AntennaUnitGroup=182,AntennaNearUnit=RET1800_2100   ; 1  ;S-RET  ;AIMM20M22     ;WD81MANBRCU_VER.F  ;HWM1360GC03U9555yyR  ;FieldReplaceableUnit=Radio-S182-1,RfPort=A
AntennaUnitGroup=182,AntennaNearUnit=RET_2600       ; 1  ;S-RET  ;AIMM20M22     ;WD81MANBRCU_VER.F  ;HWM1360GC03U80954yL  ;FieldReplaceableUnit=Radio-S182-1,RfPort=A
AntennaUnitGroup=182,AntennaNearUnit=RET_800        ; 1  ;S-RET  ;AIMM20M22     ;WD81MANBRCU_VER.F  ;HWM1360GC03U689210r  ;FieldReplaceableUnit=Radio-S182-1,RfPort=A
AntennaUnitGroup=182,AntennaNearUnit=RET_900        ; 1  ;S-RET  ;AIMM20M22     ;WD81MANBRCU_VER.F  ;HWM1360GC03U74653rr  ;FieldReplaceableUnit=Radio-S182-1,RfPort=A
AntennaUnitGroup=182,AntennaNearUnit=TMA_2600       ; 1  ;TMA    ;KRY112501/12  ;R1A                ;ERT203BU9            ;FieldReplaceableUnit=Radio-S182-1,RfPort=A
-------------------------------------------------------------------------------------------------------------------------------------

=====================================================================================================================================
XPBOARD  ;ST ;FAULT ;OPER ;PRODUCTNUMBER ;REV ;SERIAL/NAME ;DATE     ; TEMP ;MO
=====================================================================================================================================
FAN      ; 1 ;N/A   ;N/A  ;BKV106217/1   ;N/A ;N/A         ;N/A      ;      ;SupportUnit=1 (FAN  BB-1)
-------------------------------------------------------------------------------------------------------------------------------------

=====================================================================================================================================
ID ;T ;RiL    ;BPBP ;BOARD1             ;LNH1 ;PORT ;R ;LINK ;RATE  ; BER ;BOARD2             ;LNH2 ;PORT ;R ;LINK ;RATE  ; BER ;LENGTH ;MO1 - MO2
=====================================================================================================================================
 1 ;O ;S210-1 ;1111 ;BB6630             ;000100 ; 1 ;M ;Up   ;10.1G ;   0 ;RRU227922B822B20C* ;BXP_2  ; 1 ;S ;Up   ;10.1G ;   0 ;   32m ;Fru=BB-1(A) Fru=Radio-S210-1(D2)
 2 ;O ;S211-1 ;1111 ;BB6630             ;000100 ; 2 ;M ;Up   ;10.1G ;   0 ;RRU227922B822B20C* ;BXP_3  ; 1 ;S ;Up   ;10.1G ;   0 ;   32m ;Fru=BB-1(B) Fru=Radio-S211-1(D2)
 3 ;O ;S212-1 ;1111 ;BB6630             ;000100 ; 3 ;M ;Up   ;10.1G ;   0 ;RRU227922B822B20C* ;BXP_4  ; 1 ;S ;Up   ;10.1G ;   0 ;   31m ;Fru=BB-1(C) Fru=Radio-S212-1(D2)
 4 ;O ;S180-1 ;1111 ;BB6630             ;000100 ; 4 ;M ;Up   ;10.1G ;   0 ;RRU4415B7          ;BXP_5  ; 0 ;S ;Up   ;10.1G ;   0 ;   32m ;Fru=BB-1(D) Fru=Radio-S180-1(D1)
 5 ;O ;S182-1 ;1111 ;BB6630             ;000100 ; 5 ;M ;Up   ;10.1G ;   0 ;RRU4415B7          ;BXP_6  ; 0 ;S ;Up   ;10.1G ;   0 ;   21m ;Fru=BB-1(E) Fru=Radio-S182-1(D1)
-------------------------------------------------------------------------------------------------------------------------------------

=====================================================================================================================================
ID ;LINK ;RiL    ;VENDOR1  ;VENDORPROD1     ;REV1 ;SERIAL1    ;DATE1    ;ERICSSONPROD1  ;VENDOR2  ;VENDORPROD2     ;REV2 ;SERIAL2    ;DATE2    ;ERICSSONPROD2  ;TT ;WL1     ;WL2    
=====================================================================================================================================
 1 ;Up   ;S210-1 ;ERICSSON ;EOLP-1396-02-IY ;1.0  ;PM85323486 ;20211027 ;RDH10265/2 R1A ;ERICSSON ;EOLP-1396-02-IY ;1.0  ;PM85323457 ;20211027 ;RDH10265/2 R1A ;0  ;1310.00 ;1310.00
 2 ;Up   ;S211-1 ;ERICSSON ;EOLP-1396-02-IY ;1.0  ;DZ8P200TP9 ;20230211 ;RDH10265/2 R1A ;ERICSSON ;EOLP-1396-02-IY ;1.0  ;DZ8P200TP8 ;20230211 ;RDH10265/2 R1A ;0  ;1310.00 ;1310.00
 3 ;Up   ;S212-1 ;ERICSSON ;EOLP-1396-02-IY ;1.0  ;PM85323458 ;20211027 ;RDH10265/2 R1A ;ERICSSON ;EOLP-1396-02-IY ;1.0  ;PM85323426 ;20211027 ;RDH10265/2 R1A ;0  ;1310.00 ;1310.00
 4 ;Up   ;S180-1 ;ERICSSON ;EOLP-1396-02-IY ;1.0  ;PM85323424 ;20211027 ;RDH10265/2 R1A ;ERICSSON ;EOLP-1396-02-IY ;1.0  ;PM85323428 ;20211027 ;RDH10265/2 R1A ;0  ;1310.00 ;1310.00
 5 ;Up   ;S182-1 ;ERICSSON ;EOLP-1396-02-IY ;1.0  ;PM85323471 ;20211027 ;RDH10265/2 R1A ;ERICSSON ;EOLP-1396-02-IY ;1.0  ;PM85323431 ;20211027 ;RDH10265/2 R1A ;0  ;1310.00 ;1310.00
-------------------------------------------------------------------------------------------------------------------------------------

=====================================================================================================================================
ID ;LINK ;RiL    ;WL1     ;TEMP1 ;TXbs1 ;TXdBm1 ;RXdBm1 ;BER1   ;WL2     ;TEMP2 ;TXbs2 ;TXdBm2 ;RXdBm2 ;BER2   ;DlLoss ;UlLoss ;LENGTH ;TT
=====================================================================================================================================
 1 ;Up   ;S210-1 ;1310.00 ;37C   ;41%   ;-2.24  ;-1.78  ;   0   ;1310.00 ;32C   ;39%   ;-1.55  ;-2.28  ;   0   ;  0.04 ;  0.23 ;   32m ; 0
 2 ;Up   ;S211-1 ;1310.00 ;40C   ;41%   ;-3.20  ;-3.35  ;   0   ;1310.00 ;36C   ;39%   ;-2.85  ;-2.70  ;   0   ;  -0.5 ;   0.5 ;   32m ; 0
 3 ;Up   ;S212-1 ;1310.00 ;38C   ;42%   ;-1.97  ;-2.37  ;   0   ;1310.00 ;29C   ;39%   ;-2.23  ;-2.08  ;   0   ;  0.11 ;  0.14 ;   31m ; 0
 4 ;Up   ;S180-1 ;1310.00 ;40C   ;41%   ;-1.79  ;-2.57  ;   0   ;1310.00 ;30C   ;39%   ;-1.90  ;-2.43  ;   0   ;  0.64 ;  0.67 ;   32m ; 0
 5 ;Up   ;S182-1 ;1310.00 ;38C   ;40%   ;-1.70  ;-3.17  ;   0   ;1310.00 ;28C   ;37%   ;-3.53  ;-1.94  ;   0   ;  0.24 ; -0.36 ;   21m ; 0
-------------------------------------------------------------------------------------------------------------------------------------

=====================================================================================================================================
ID ;RiL    ;BOARD              ;SFPLNH  ;PORT ;VENDOR   ;VENDORPROD      ;REV  ;SERIAL     ;DATE     ;ERICSSONPROD   ;WL      ;TEMP  ;TXbs  ;TXdBm  ;RXdBm  ; BER
=====================================================================================================================================
 1 ;S210-1 ;BB6630             ;000100   ;  1 ;ERICSSON ;EOLP-1396-02-IY ;1.0  ;PM85323486 ;20211027 ;RDH10265/2 R1A ;1310.00 ;37C   ;41%   ;-2.24  ;-1.78  ;   0
 2 ;S211-1 ;BB6630             ;000100   ;  2 ;ERICSSON ;EOLP-1396-02-IY ;1.0  ;DZ8P200TP9 ;20230211 ;RDH10265/2 R1A ;1310.00 ;40C   ;41%   ;-3.20  ;-3.35  ;   0
 3 ;S212-1 ;BB6630             ;000100   ;  3 ;ERICSSON ;EOLP-1396-02-IY ;1.0  ;PM85323458 ;20211027 ;RDH10265/2 R1A ;1310.00 ;38C   ;42%   ;-1.97  ;-2.37  ;   0
 4 ;S180-1 ;BB6630             ;000100   ;  4 ;ERICSSON ;EOLP-1396-02-IY ;1.0  ;PM85323424 ;20211027 ;RDH10265/2 R1A ;1310.00 ;40C   ;41%   ;-1.79  ;-2.57  ;   0
 5 ;S182-1 ;BB6630             ;000100   ;  5 ;ERICSSON ;EOLP-1396-02-IY ;1.0  ;PM85323471 ;20211027 ;RDH10265/2 R1A ;1310.00 ;38C   ;40%   ;-1.70  ;-3.17  ;   0
 1 ;S210-1 ;RRU227922B822B20C* ;BXP_2    ;  1 ;ERICSSON ;EOLP-1396-02-IY ;1.0  ;PM85323457 ;20211027 ;RDH10265/2 R1A ;1310.00 ;32C   ;39%   ;-1.55  ;-2.28  ;   0
 2 ;S211-1 ;RRU227922B822B20C* ;BXP_3    ;  1 ;ERICSSON ;EOLP-1396-02-IY ;1.0  ;DZ8P200TP8 ;20230211 ;RDH10265/2 R1A ;1310.00 ;36C   ;39%   ;-2.85  ;-2.70  ;   0
 3 ;S212-1 ;RRU227922B822B20C* ;BXP_4    ;  1 ;ERICSSON ;EOLP-1396-02-IY ;1.0  ;PM85323426 ;20211027 ;RDH10265/2 R1A ;1310.00 ;29C   ;39%   ;-2.23  ;-2.08  ;   0
 4 ;S180-1 ;RRU4415B7          ;BXP_5    ;  0 ;ERICSSON ;EOLP-1396-02-IY ;1.0  ;PM85323428 ;20211027 ;RDH10265/2 R1A ;1310.00 ;30C   ;39%   ;-1.90  ;-2.43  ;   0
 5 ;S182-1 ;RRU4415B7          ;BXP_6    ;  0 ;ERICSSON ;EOLP-1396-02-IY ;1.0  ;PM85323431 ;20211027 ;RDH10265/2 R1A ;1310.00 ;28C   ;37%   ;-3.53  ;-1.94  ;   0
-------------------------------------------------------------------------------------------------------------------------------------
TN ;       ;BB6630             ;000100   ;  A ;ERICSSON ;EOLP-1396-02-IY ;1.0  ;PM85323414 ;20211027 ;RDH10265/2 R1A ;0       ;39C   ;40%   ;-2.70  ;-1.29  ; 0/0
-------------------------------------------------------------------------------------------------------------------------------------

=====================================================================================================================================
BOARD  ;LNH    ;PORT   ;T ;S ;OpMode   ;AutoNeg ;MacAddress        ;VlanIds        ;LOS ;BER
=====================================================================================================================================
BB6630 ;000100 ;IDL_A1 ;E ;1 ;10G_FULL ;false   ;58:45:4C:F2:95:4F ;3908           ;0   ;0/0
BB6630 ;000100 ;TN_A   ;O ;1 ;10G_FULL ;false   ;58:45:4C:F2:95:4B ;3901,3908,3910 ;0   ;0/0
-------------------------------------------------------------------------------------------------------------------------------------

Last MO: 16735. Loaded 16735 MOs. Total: 16736 MOs.
radioClockState : RNT_TIME_LOCKED
-------------------------------------------------------------------------------------
Prio  ;ST  ;syncRefType  ;refStatus  ;opQualLevel  ;SyncReference
-------------------------------------------------------------------------------------
   1  ; 1  ;PTP_TIME     ;NO_FAULT   ;PRTC         ;Ptp=1,BoundaryOrdinaryClock=1 (G_8275_2 Router=LTE,InterfaceIPv4=1,AddressIPv4=1:SLAVE)
   2  ; 1  ;SYNC_E       ;NO_FAULT   ;PRTC         ;Synchronization=1,SyncEthInput=SyncE (SFP_OPTICAL EthernetPort=TN_A)
-------------------------------------------------------------------------------------
nodeGroupRole   : SYNC_RECEIVER (syncNodePriority=3, selectionMode=NODE_PRIORITY)
-------------------------------------------------------------------------------------
DU  ;Port  ;sharedUnitRef (RiPortA - RiPortB)  ;remoteNodePriority  ;CandidateStatus
-------------------------------------------------------------------------------------
1   ;C     ;Fru=Radio-S212-1 (2 - 1)           ;1                   ;OK_NOT_ACTIVE
1   ;B     ;Fru=Radio-S211-1 (2 - 1)           ;1                   ;OK_NOT_ACTIVE
1   ;A     ;Fru=Radio-S210-1 (2 - 1)           ;1                   ;OK_ACTIVE
-------------------------------------------------------------------------------------

=====================================================================================================================================
FRU          ;LNH    ;BOARD              ;RF  ;BP  ;TX (W/dBm)  ;VSWR (RL)   ;RX (dBm) ;UEs/gUEs  ;Sector/AntennaGroup/Cells (State:CellIds:PCIs)
=====================================================================================================================================
Radio-S180-1 ;BXP_5  ;RRU4415B7          ; A  ;11  ;15.8 (42.0) ;1.19 (21.1) ;-101.2   ;9/-       ;SE=180 AG=180 FDD=KS1DL1 (1:21:171)
Radio-S180-1 ;BXP_5  ;RRU4415B7          ; B  ;11  ;15.8 (42.0) ;1.10 (26.5) ;-101.2   ;9/-       ;SE=180 AG=180 FDD=KS1DL1 (1:21:171)
Radio-S180-1 ;BXP_5  ;RRU4415B7          ; C  ;11  ;13.8 (41.4) ;1.06 (31.1) ;-97.3    ;6/-       ;SE=181 AG=181 FDD=KS1DL2 (1:22:172)
Radio-S180-1 ;BXP_5  ;RRU4415B7          ; D  ;11  ;14.8 (41.7) ;1.14 (23.6) ;-99.5    ;6/-       ;SE=181 AG=181 FDD=KS1DL2 (1:22:172)
Radio-S182-1 ;BXP_6  ;RRU4415B7          ; A  ;11  ;20.4 (43.1) ;1.10 (26.4) ;-95.2    ;0/-       ;SE=182 AG=182 FDD=KS1DL3 (1:23:173)
Radio-S182-1 ;BXP_6  ;RRU4415B7          ; B  ;11  ;-           ;1.33 (16.9) ;-102.8   ;0/-       ;SE=182 AG=182 FDD=KS1DL3 (1:23:173)
Radio-S182-1 ;BXP_6  ;RRU4415B7          ; C  ;11  ;-           ;-           ;         ;          ;
Radio-S182-1 ;BXP_6  ;RRU4415B7          ; D  ;11  ;-           ;-           ;         ;          ;
Radio-S210-1 ;BXP_2  ;RRU227922B822B20C* ; A  ;11  ;25.5 (44.1) ;1.18 (21.7) ;-80.2    ;-/-       ;SE=210* AG=210 GT=KS1DD1/0 GT=KS1DD1/1 GT=KS1DD1/8 (1, 1, 1)
Radio-S210-1 ;BXP_2  ;RRU227922B822B20C* ; B  ;11  ;0m (-18.7)  ;1.09 (27.7) ;-80.6    ;-/-       ;SE=210* AG=210 GT=KS1DD1/0 GT=KS1DD1/1 GT=KS1DD1/8 (1, 1, 1)
Radio-S211-1 ;BXP_3  ;RRU227922B822B20C* ; A  ;11  ;25.0 (44.0) ;1.17 (22.3) ;-83.1    ;-/-       ;SE=211* AG=211 GT=KS1DD2/0 GT=KS1DD2/1 GT=KS1DD2/8 (1, 1, 1)
Radio-S211-1 ;BXP_3  ;RRU227922B822B20C* ; B  ;11  ;15.2 (41.8) ;1.13 (24.4) ;-80.6    ;-/-       ;SE=211* AG=211 GT=KS1DD2/0 GT=KS1DD2/1 GT=KS1DD2/8 (1, 1, 1)
Radio-S212-1 ;BXP_4  ;RRU227922B822B20C* ; A  ;11  ;34.4 (45.4) ;1.10 (26.4) ;-96.4    ;-/-       ;SE=212* AG=212 GT=KS1DD3/0 GT=KS1DD3/1 GT=KS1DD3/8 (1, 1, 1)
Radio-S212-1 ;BXP_4  ;RRU227922B822B20C* ; B  ;11  ;1m (-0.3)   ;1.12 (24.7) ;-95.8    ;-/-       ;SE=212* AG=212 GT=KS1DD3/0 GT=KS1DD3/1 GT=KS1DD3/8 (1, 1, 1)
-------------------------------------------------------------------------------------------------------------------------------------

KS1DL> mfar

251125-17:31:18+0100 19.31.6.249 25.0h MSRBS_NODE_MODEL_25.Q1_198665.224.73_bf81 stopfile=/tmp/3299578
.....
Last MO: 16738. Loaded 16738 MOs. Total: 16739 MOs.
..........................................
get /rop/A20251125.1500-1515_KS1DL.xml.gz /ericsson/log/amos/moshell_logfiles/t20251125_37258710_65084/logs_moshell/pmfiles/19.31.6.249/rop/A20251125.1500-1515_KS1DL.xml.gz ... OK
get /rop/A20251125.1515-1530_KS1DL.xml.gz /ericsson/log/amos/moshell_logfiles/t20251125_37258710_65084/logs_moshell/pmfiles/19.31.6.249/rop/A20251125.1515-1530_KS1DL.xml.gz ... OK
get /rop/A20251125.1615-1630_KS1DL.xml.gz /ericsson/log/amos/moshell_logfiles/t20251125_37258710_65084/logs_moshell/pmfiles/19.31.6.249/rop/A20251125.1615-1630_KS1DL.xml.gz ... OK

Using hardcoded thresholds: 3, 4.5, and 16.5
================================================================================================================================
SC     SE  Tx/Rx BrPair  RfPort1 - RfPort2               HW       Serial      Cell (State)   Samples   Med  Mean  SDev Pol Res Issue
================================================================================================================================
KS1DL1 180   2/2 0 (1,2) Radio-S180-1(A) Radio-S180-1(B) RRU4415  TU8U016X10  FDD=KS1DL1 (1)  153498  -0.5   1.0   7.3  NA  OK Passed
KS1DL2 181   2/2 0 (1,2) Radio-S180-1(C) Radio-S180-1(D) RRU4415  TU8U016X10  FDD=KS1DL2 (1)  391222  -0.5  -1.2   5.3  NA  OK Passed
KS1DL3 182   2/2 0 (1,2) Radio-S182-1(A) Radio-S182-1(B) RRU4415  TU8U016X0Z  FDD=KS1DL3 (1)    2260   0.5   0.5   5.7  NA  NT Not enough data
================================================================================================================================
Total: 3 SectorCarriers, 3 RfBranch Pairs (2 OK, 0 OKW, 0 NOK, 1 NT)
.....
Last MO: 16738. Loaded 16738 MOs. Total: 16739 MOs.

No NRSectorCarrier MOs are defined on the node.

KS1DL> mfitr

251125-17:31:34+0100 19.31.6.249 25.0h MSRBS_NODE_MODEL_25.Q1_198665.224.73_bf81 stopfile=/tmp/3299578
.........
Last MO: 16738. Loaded 16738 MOs. Total: 16739 MOs.
.......
2025-11-25 17:32
================================================================================================================================
CELL       SC     FRU          BOARD     PUSCH  PUCCH       A      B      C      D  DELTA
================================================================================================================================
FDD=KS1DL1 KS1DL1 Radio-S180-1 RRU4415B7 -120.8 -120.7 -120.7 -120.7                    0
FDD=KS1DL2 KS1DL2 Radio-S180-1 RRU4415B7 -120.2 -120.8               -120.0 -119.3    0.7
FDD=KS1DL3 KS1DL3 Radio-S182-1 RRU4415B7 -120.7 -116.9 -120.0 -121.7                  1.7
================================================================================================================================
Bye...
Output has been logged to file /mta_fs/UserFiles/37258710/amosbatch/SDIR/KS1DL.log
