Logging to file /mta_fs/UserFiles/37258710/amosbatch/SDIR/KS23T.log
                        __  __  ____   _____
                  /\   |  \/  |/ __ \ / ____|
                 /  \  | \  / | |  | | (___  
                / /\ \ | |\/| | |  | |\___ \ 
               / ____ \| |  | | |__| |____) |
              /_/    \_\_|  |_|\____/|_____/
              OSS Framework for MoShell-25.0h 
  Copyright (c) Ericsson AB 2001-2025 - All Rights Reserved
              
           
[1;31mWARNING: [0mthe AMOS version currently running is more than 29 weeks old and is unsupported.
Please upgrade as soon as possible to the latest released version, available from your local Ericsson support.

$amosrb_pid = 3026199

Checking ip contact...OK

HELP MENU            : h
BASIC MO COMMANDS    : m
OTHER MO COMMANDS    : n
OTHER COMMANDS       : o
PM COMMANDS          : p
QUIT                 : q

KS23T> lt all

251125-16:01:42+0100 19.31.2.215 25.0h  stopfile=/tmp/3026126
Looking up temporary_amos account... OK.
Trying temporary_amos_t20251125_37258710_65084_131's password from amos lookupAccount ... OK

$ssh_pid = 3026513

Connected to 19.31.2.215 (SubNetwork=BBMM_rckomc_R,MeContext=KS23T,ManagedElement=KS23T)

Checking MOM version...MSRBS_NODE_MODEL_25.Q1_693.28324.131_62ac
Parsing MOM (cached): /ericsson/log/amos/moshell_logfiles/t20251125_37258710_65084/logs_moshell/tempfiles/scp-4-amos_20251125-160135_3026062/MSRBS_NODE_MODEL_25.Q1_693.28324.131_62ac.xml.cache.gz ..................................................................................................................................................................................................................................Done.
Using paramfile /opt/ericsson/amos/moshell/commonjars/pm/PARAM_MSRBS_25.Q1.txt
Parsing file /opt/ericsson/amos/moshell/commonjars/pm/PARAM_MSRBS_25.Q1.txt .......................................................................................Done.
Using imomdfile /opt/ericsson/amos/moshell/commonjars/pm/IMOMD_MSRBS_22.Q4.txt
Using imomfile /opt/ericsson/amos/moshell/commonjars/pm/IMOM_MSRBS_25.Q1.txt
Connected to 19.31.2.215 (SubNetwork=BBMM_rckomc_R,MeContext=KS23T,ManagedElement=KS23T)

Last MO: 21782. Loaded 21782 MOs. Total: 21783 MOs.

KS23T> st cell

251125-16:01:58+0100 19.31.2.215 25.0h MSRBS_NODE_MODEL_25.Q1_693.28324.131_62ac stopfile=/tmp/3026126
===================================================================================
Proxy  Adm State     Op. State     MO
===================================================================================
   43  1 (UNLOCKED)  1 (ENABLED)   ENodeBFunction=1,EUtranCellFDD=KS23E1
  249  1 (UNLOCKED)  1 (ENABLED)   ENodeBFunction=1,EUtranCellFDD=KS23E2
  438  1 (UNLOCKED)  1 (ENABLED)   ENodeBFunction=1,EUtranCellFDD=KS23E3
  574  1 (UNLOCKED)  1 (ENABLED)   ENodeBFunction=1,EUtranCellFDD=KS23M1
  766  1 (UNLOCKED)  1 (ENABLED)   ENodeBFunction=1,EUtranCellFDD=KS23M2
  902  1 (UNLOCKED)  1 (ENABLED)   ENodeBFunction=1,EUtranCellFDD=KS23M3
 1016  1 (UNLOCKED)  1 (ENABLED)   ENodeBFunction=1,EUtranCellFDD=KS23T1
 1224  1 (UNLOCKED)  1 (ENABLED)   ENodeBFunction=1,EUtranCellFDD=KS23T2
 1469  1 (UNLOCKED)  1 (ENABLED)   ENodeBFunction=1,EUtranCellFDD=KS23T3
 2444  1 (UNLOCKED)  1 (ENABLED)   ENodeBFunction=1,NbIotCell=KS23N1
 2445  1 (UNLOCKED)  1 (ENABLED)   ENodeBFunction=1,NbIotCell=KS23N2
 2446  1 (UNLOCKED)  1 (ENABLED)   ENodeBFunction=1,NbIotCell=KS23N3
 4533  1 (UNLOCKED)  1 (ENABLED)   GNBDUFunction=1,NRCellDU=KS23V1
 4535  1 (UNLOCKED)  1 (ENABLED)   GNBDUFunction=1,NRCellDU=KS23V2
 4537  1 (UNLOCKED)  1 (ENABLED)   GNBDUFunction=1,NRCellDU=KS23V3
===================================================================================
Total: 15 MOs

INFO: NRCellDU status needs to be printed with command "stz" or "hget ,nrcell state" due to dependency to cellState/serviceState attributes.

KS23T> st radio

251125-16:01:58+0100 19.31.2.215 25.0h MSRBS_NODE_MODEL_25.Q1_693.28324.131_62ac stopfile=/tmp/3026126
===================================================================================
Proxy  Adm State     Op. State     MO
===================================================================================
 3654  1 (UNLOCKED)  1 (ENABLED)   Equipment=1,FieldReplaceableUnit=Radio-S100-1
 3677  1 (UNLOCKED)  1 (ENABLED)   Equipment=1,FieldReplaceableUnit=Radio-S102-1
 3700  1 (UNLOCKED)  1 (ENABLED)   Equipment=1,FieldReplaceableUnit=Radio-S210-1
 3717  1 (UNLOCKED)  1 (ENABLED)   Equipment=1,FieldReplaceableUnit=Radio-S211-1
 3734  1 (UNLOCKED)  1 (ENABLED)   Equipment=1,FieldReplaceableUnit=Radio-S212-1
21772  1 (UNLOCKED)  1 (ENABLED)   Transport=1,Synchronization=1,RadioEquipmentClock=1,RadioEquipmentClockReference=NTP1
21773  1 (UNLOCKED)  1 (ENABLED)   Transport=1,Synchronization=1,RadioEquipmentClock=1,RadioEquipmentClockReference=PTP
===================================================================================
Total: 7 MOs

KS23T> sdir

251125-16:01:59+0100 19.31.2.215 25.0h MSRBS_NODE_MODEL_25.Q1_693.28324.131_62ac stopfile=/tmp/3026126
INFO: Using amos lookupAccount credentials for the export login
...................
get /rop/A20251125.1415-1430_KS23T.xml.gz /ericsson/log/amos/moshell_logfiles/t20251125_37258710_65084/logs_moshell/pmfiles/19.31.2.215/rop/A20251125.1415-1430_KS23T.xml.gz ... OK
get /rop/A20251125.1430-1445_KS23T.xml.gz /ericsson/log/amos/moshell_logfiles/t20251125_37258710_65084/logs_moshell/pmfiles/19.31.2.215/rop/A20251125.1430-1445_KS23T.xml.gz ... OK
get /rop/A20251125.1445-1500_KS23T.xml.gz /ericsson/log/amos/moshell_logfiles/t20251125_37258710_65084/logs_moshell/pmfiles/19.31.2.215/rop/A20251125.1445-1500_KS23T.xml.gz ... OK
....Checking available boards on node...

Collecting RCS board data ...
.................................................................................................................................................................
.................................
....................................................................................................................................................................................................................................................................................................................................................
.....
Collecting TN data...
.........................................................................................................................................................................
Getting MO data from node (87 MOs). Please wait...
0%                                             ~50%                                           ~100%
....................................................................................................................................
Collecting RF data...
.........
Collecting Alarms...
Executing action Log.export()
...
Log=AlarmLog                    actionId=28808
......................
Executing action LogM.exportAvailabilityLog()
..LogM=1,exportAvailabilityLog    actionId=28809
.....Parsing alarmLog..........Done.
Parsing availabilityLog........Done.
............

Total: 8 CPRI links (7 OK, 1 OKW, 0 NOK, 0 NT)
.
+--------+                      +--------------------+
|        | A        O101     D1 |    Radio-S210-1    |
|        |-----------1----------| RRU227922B822B20C* |
|        |         OK-23m       |       BXP_4        |
|        |                      +--------------------+
|        |                                     |A  |B
|        |                  SE=210* AG=210 FDD=KS23E1
|        |                                NIOT=KS23N1
|        |
|        |                      +--------------------+
|        | B        O101     D1 |    Radio-S211-1    |
|        |-----------2----------| RRU227922B822B20C* |
|        |        OKW-23m       |       BXP_6        |
|        |                      +--------------------+
|        |                                     |A  |B
|        |                  SE=211* AG=211 FDD=KS23E2
|        |                                NIOT=KS23N2
|        |
|        |                      +--------------------+
|        | C        O101     D1 |    Radio-S212-1    |
|        |-----------3----------| RRU227922B822B20C* |
|        |         OK-22m       |       BXP_5        |
|        |                      +--------------------+
|        |                                     |A  |B
|        |                  SE=212* AG=212 FDD=KS23E3
|        |                                NIOT=KS23N3
|        |
|        |                      +------------------+
|        | D        O101     D2 |   Radio-S100-1   |
|        |-----------4----------| RRU449944B144B3C |
|        |         OK-24m       |      BXP_3       |
|        |                      +------------------+
|        |                           |A  |B  |C  |D
|        |                    SE=100 AG=100  |   |
|        |            FDD=KS23M1 FDD=KS23T1  |   |
|        |                            SE=101 AG=101
|  BB-1  |                    FDD=KS23M2 FDD=KS23T2
| BB6648 |
| 000100 |
|        |
|        |                      +------------------+
|        | E        O101     D2 |   Radio-S102-1   |
|        |-----------5----------| RRU449944B144B3C |
|        |         OK-23m       |      BXP_2       |
|        |                      +------------------+
|        |                           |A  |B  |C  |D
|        |                    SE=102 AG=102  |   |
|        |            FDD=KS23M3 FDD=KS23T3  |   |
|        |
|        |                      +-------------+
|        | K        O257     D1 | AAS-S160-1  |
|        |-----------6----------| AIR3278B78K |
|        |         OK-20m       |  fru_2048   |
|        |                      +-------------+
|        |                                  |A
|        |                   SE=160 NRC=KS23V1
|        |
|        |                      +-------------+
|        | L        O257     D1 | AAS-S161-1  |
|        |-----------7----------| AIR3278B78K |
|        |         OK-20m       |  fru_2049   |
|        |                      +-------------+
|        |                                  |A
|        |                   SE=161 NRC=KS23V2
|        |
|        |                      +-------------+
|        | M        O257     D1 | AAS-S162-1  |
|        |-----------8----------| AIR3278B78K |
|        |         OK-20m       |  fru_2050   |
|        |                      +-------------+
|        |                                  |A
+--------+                   SE=162 NRC=KS23V3

=====================================================================================================================================
ID RiL    Type Res MO1-MO2                  BOARD1-BOARD2             AlmIDs Cells (States)                                        Issue (Failed checks)
=====================================================================================================================================
 1 S210-1 O101 OK  BB-1(A) Radio-S210-1(D1) BB6648 RRU227922B822B20C*        FDD=KS23E1 NIOT=KS23N1 (1,1)                          Passed
 2 S211-1 O101 OKW BB-1(B) Radio-S211-1(D1) BB6648 RRU227922B822B20C* 1      FDD=KS23E2 NIOT=KS23N2 (D,D)                          Conditionally Passed (Non-CPRI active alarm)
 3 S212-1 O101 OK  BB-1(C) Radio-S212-1(D1) BB6648 RRU227922B822B20C*        FDD=KS23E3 NIOT=KS23N3 (1,1)                          Passed
 4 S100-1 O101 OK  BB-1(D) Radio-S100-1(D2) BB6648 RRU449944B144B3C          FDD=KS23M1 FDD=KS23M2 FDD=KS23T1 FDD=KS23T2 (1,1,1,1) Passed
 5 S102-1 O101 OK  BB-1(E) Radio-S102-1(D2) BB6648 RRU449944B144B3C          FDD=KS23M3 FDD=KS23T3 (1,1)                           Passed
 6 S160-1 O257 OK  BB-1(K) AAS-S160-1(D1)   BB6648 AIR3278B78K               NRC=KS23V1 (1)                                        Passed
 7 S161-1 O257 OK  BB-1(L) AAS-S161-1(D1)   BB6648 AIR3278B78K               NRC=KS23V2 (1)                                        Passed
 8 S162-1 O257 OK  BB-1(M) AAS-S162-1(D1)   BB6648 AIR3278B78K               NRC=KS23V3 (1)                                        Passed
-------------------------------------------------------------------------------------------------------------------------------------

=====================================================================================================================================
AlmID IDs RiLs   Status Alarm
=====================================================================================================================================
1     2   S211-1 A      VSWR Over Threshold - FieldReplaceableUnit=Radio-S211-1,RfPort=B (ReturnLoss 2.3 dB, VSWR 7.6, Sensitivity 1%, Fault on DL FrequencyRange 925000 - 960000 kHz, ReturnLoss 2.1 dB, VSWR 8.3, Sensitivity 1%, Fault on DL FrequencyRange 791000 - 821000 kHz)
-------------------------------------------------------------------------------------------------------------------------------------

Node: RadioNode LN   CXP2010174/2_R27J08 (25.Q1)   G3.0   LTE-FDD,LTE-IoT NR-MB-TDD-NSA

=====================================================================================================================================
FRU          ;LNH      ;BOARD              ;ST ;FAULT ;OPER ;MAINT ;STAT ;PRODUCTNUMBER   ;REV     ;SERIAL        ;DATE     ;PMTEMP ; TEMP ; UPT ;VOLT ;SW                   ;
=====================================================================================================================================
BB-1         ;000100   ;BB6648             ; 1 ;  OFF ;  ON ;  OFF ;  ON ;KDU1370015/11   ;R3H     ;E96A00RRKK    ;20220601 ;4 (OK) ;      ; 132 ;54   ;                     ;
Radio-S100-1 ;BXP_3    ;RRU449944B144B3C   ; 1 ;  OFF ;  ON ;  OFF ; N/A ;KRC161787/1     ;R2G     ;E23E179236    ;20220715 ;4 (OK) ; 30.3 ; 132 ;53.8 ;CXP9013268%15_R101LX ; (Radio449944B144B3C)
Radio-S102-1 ;BXP_2    ;RRU449944B144B3C   ; 1 ;  OFF ;  ON ;  OFF ; N/A ;KRC161787/1     ;R2G     ;E23E179244    ;20220715 ;4 (OK) ; 30.1 ; 132 ;54.1 ;CXP9013268%15_R101LX ; (Radio449944B144B3C)
Radio-S210-1 ;BXP_4    ;RRU227922B822B20C* ; 1 ;  OFF ;  ON ;  OFF ; N/A ;KRC161864/1     ;R1E     ;TU8U01KKFZ    ;20220528 ;4 (OK) ; 32.0 ; 132 ;54.2 ;CXP9013268%15_R101LX ; (Radio227922B822B20C)
Radio-S211-1 ;BXP_6    ;RRU227922B822B20C* ; 1 ;  OFF ;  ON ;  OFF ; N/A ;KRC161864/1     ;R1E     ;TU8U01JRT0    ;20220513 ;4 (OK) ; 31.5 ; 132 ;54.6 ;CXP9013268%15_R101LX ; (Radio227922B822B20C)
Radio-S212-1 ;BXP_5    ;RRU227922B822B20C* ; 1 ;  OFF ;  ON ;  OFF ; N/A ;KRC161864/1     ;R1E     ;TU8U01KK9G    ;20220528 ;4 (OK) ; 33.5 ; 132 ;54.1 ;CXP9013268%15_R101LX ; (Radio227922B822B20C)
AAS-S160-1   ;fru_2048 ;AIR3278B78K        ; 1 ;  OFF ;  ON ;  OFF ; N/A ;KRD901266/11    ;R2C     ;E96A20308V    ;20220717 ;4 (OK) ; 26.3 ; 132 ;53.8 ;CXP2030038%1_R140L31 ;
AAS-S161-1   ;fru_2049 ;AIR3278B78K        ; 1 ;  OFF ;  ON ;  OFF ; N/A ;KRD901266/11    ;R2C     ;E96A203097    ;20220717 ;4 (OK) ; 30.3 ; 132 ;54.4 ;CXP2030038%1_R140L31 ;
AAS-S162-1   ;fru_2050 ;AIR3278B78K        ; 1 ;  OFF ;  ON ;  OFF ; N/A ;KRD901266/11    ;R2C     ;E96A20308U    ;20220717 ;4 (OK) ; 30.6 ; 132 ;53.6 ;CXP2030038%1_R140L31 ;
-------------------------------------------------------------------------------------------------------------------------------------

=====================================================================================================================================
AntennaNearUnit                                     ;ST  ;TYPE   ;PRODUCTNR  ;REV       ;UNIQUEID          ;RfPort
=====================================================================================================================================
AntennaUnitGroup=210,AntennaNearUnit=RET_1800_2100  ; 1  ;S-RET  ;86010165   ;HW_V_R1B  ;KAD242071815A-Y3  ;FieldReplaceableUnit=Radio-S210-1,RfPort=R
AntennaUnitGroup=210,AntennaNearUnit=RET_2600       ; 1  ;S-RET  ;86010165   ;HW_V_R1B  ;KAD242071815A-Y1  ;FieldReplaceableUnit=Radio-S210-1,RfPort=R
AntennaUnitGroup=210,AntennaNearUnit=RET_800_900    ; 1  ;S-RET  ;86010165   ;HW_V_R1B  ;KAD242071815A-R1  ;FieldReplaceableUnit=Radio-S210-1,RfPort=R
AntennaUnitGroup=211,AntennaNearUnit=RET_1800_2100  ; 1  ;S-RET  ;86010165   ;HW_V_R1B  ;KAD242071668A-Y3  ;FieldReplaceableUnit=Radio-S211-1,RfPort=R
AntennaUnitGroup=211,AntennaNearUnit=RET_2600       ; 1  ;S-RET  ;86010165   ;HW_V_R1B  ;KAD242071668A-Y1  ;FieldReplaceableUnit=Radio-S211-1,RfPort=R
AntennaUnitGroup=211,AntennaNearUnit=RET_800_900    ; 1  ;S-RET  ;86010165   ;HW_V_R1B  ;KAD242071668A-R1  ;FieldReplaceableUnit=Radio-S211-1,RfPort=R
AntennaUnitGroup=212,AntennaNearUnit=RET_1800_2100  ; 1  ;S-RET  ;86010165   ;HW_V_R1B  ;KAD242071780A-Y3  ;FieldReplaceableUnit=Radio-S212-1,RfPort=R
AntennaUnitGroup=212,AntennaNearUnit=RET_2600       ; 1  ;S-RET  ;86010165   ;HW_V_R1B  ;KAD242071780A-Y1  ;FieldReplaceableUnit=Radio-S212-1,RfPort=R
AntennaUnitGroup=212,AntennaNearUnit=RET_800_900    ; 1  ;S-RET  ;86010165   ;HW_V_R1B  ;KAD242071780A-R1  ;FieldReplaceableUnit=Radio-S212-1,RfPort=R
-------------------------------------------------------------------------------------------------------------------------------------

=====================================================================================================================================
XPBOARD  ;ST ;FAULT ;OPER ;PRODUCTNUMBER ;REV ;SERIAL/NAME ;DATE     ; TEMP ;MO
=====================================================================================================================================
FAN08    ; 1 ;N/A   ;N/A  ;BKV106236/1   ;R2F ;DD111B0120  ;20211117 ; 54.0 ;SupportUnit=1 (FAN  BB-1)
-------------------------------------------------------------------------------------------------------------------------------------

=====================================================================================================================================
ID ;T ;RiL    ;BPBP ;BOARD1             ;LNH1 ;PORT ;R ;LINK ;RATE  ; BER ;BOARD2             ;LNH2   ;PORT ;R ;LINK ;RATE  ; BER ;LENGTH ;MO1 - MO2
=====================================================================================================================================
 1 ;O ;S210-1 ;1111 ;BB6648             ;000100 ; 1 ;M ;Up   ;10.1G ;   0 ;RRU227922B822B20C* ;BXP_4    ; 0 ;S ;Up   ;10.1G ;   0 ;   23m ;Fru=BB-1(A) Fru=Radio-S210-1(D1)
 2 ;O ;S211-1 ;1111 ;BB6648             ;000100 ; 2 ;M ;Up   ;10.1G ;   0 ;RRU227922B822B20C* ;BXP_6    ; 0 ;S ;Up   ;10.1G ;   0 ;   23m ;Fru=BB-1(B) Fru=Radio-S211-1(D1)
 3 ;O ;S212-1 ;1111 ;BB6648             ;000100 ; 3 ;M ;Up   ;10.1G ;   0 ;RRU227922B822B20C* ;BXP_5    ; 0 ;S ;Up   ;10.1G ;   0 ;   22m ;Fru=BB-1(C) Fru=Radio-S212-1(D1)
 4 ;O ;S100-1 ;1111 ;BB6648             ;000100 ; 4 ;M ;Up   ;10.1G ;   0 ;RRU449944B144B3C   ;BXP_3    ; 1 ;S ;Up   ;10.1G ;   0 ;   24m ;Fru=BB-1(D) Fru=Radio-S100-1(D2)
 5 ;O ;S102-1 ;1111 ;BB6648             ;000100 ; 5 ;M ;Up   ;10.1G ;   0 ;RRU449944B144B3C   ;BXP_2    ; 1 ;S ;Up   ;10.1G ;   0 ;   23m ;Fru=BB-1(E) Fru=Radio-S102-1(D2)
 6 ;O ;S160-1 ;1111 ;BB6648             ;000100 ;10 ;M ;Up   ;25.7G ; 0/0 ;AIR3278B78K        ;fru_2048 ; 0 ;S ;Up   ;25.7G ; 0/0 ;   20m ;Fru=BB-1(K) Fru=AAS-S160-1(D1)
 7 ;O ;S161-1 ;1111 ;BB6648             ;000100 ;11 ;M ;Up   ;25.7G ; 0/0 ;AIR3278B78K        ;fru_2049 ; 0 ;S ;Up   ;25.7G ; 0/0 ;   20m ;Fru=BB-1(L) Fru=AAS-S161-1(D1)
 8 ;O ;S162-1 ;1111 ;BB6648             ;000100 ;12 ;M ;Up   ;25.7G ; 0/0 ;AIR3278B78K        ;fru_2050 ; 0 ;S ;Up   ;25.7G ; 0/0 ;   20m ;Fru=BB-1(M) Fru=AAS-S162-1(D1)
-------------------------------------------------------------------------------------------------------------------------------------

=====================================================================================================================================
ID ;LINK ;RiL    ;VENDOR1  ;VENDORPROD1      ;REV1 ;SERIAL1         ;DATE1    ;ERICSSONPROD1     ;VENDOR2  ;VENDORPROD2      ;REV2 ;SERIAL2         ;DATE2    ;ERICSSONPROD2     ;TT ;WL1     ;WL2    
=====================================================================================================================================
 1 ;Up   ;S210-1 ;ERICSSON ;LCP-10G3B4HDRME4 ;A    ;2225094A2455622 ;20220620 ;RDH10265/2 R1A    ;ERICSSON ;SPP10ELRIDFSEN   ;10   ;CT72631654      ;20220609 ;RDH10265/2 R1A    ;0  ;1310.00 ;1310.00
 2 ;Up   ;S211-1 ;ERICSSON ;LCP-10G3B4HDRME4 ;A    ;2225094A2455610 ;20220620 ;RDH10265/2 R1A    ;ERICSSON ;SPP10ELRIDFSEN   ;10   ;CT72632527      ;20220610 ;RDH10265/2 R1A    ;0  ;1310.00 ;1310.00
 3 ;Up   ;S212-1 ;ERICSSON ;LCP-10G3B4HDRME4 ;A    ;2225094A2455620 ;20220620 ;RDH10265/2 R1A    ;ERICSSON ;LCP-10G3B4HDRME4 ;A    ;2225094A2455627 ;20220620 ;RDH10265/2 R1A    ;0  ;1310.00 ;1310.00
 4 ;Up   ;S100-1 ;ERICSSON ;LCP-10G3B4HDRME4 ;A    ;2225094A2455621 ;20220620 ;RDH10265/2 R1A    ;ERICSSON ;SPP10ELRIDFSEN   ;10   ;CT72631650      ;20220609 ;RDH10265/2 R1A    ;0  ;1310.00 ;1310.00
 5 ;Up   ;S102-1 ;ERICSSON ;LCP-10G3B4HDRME4 ;A    ;2225094A2455609 ;20220620 ;RDH10265/2 R1A    ;ERICSSON ;SPP10ELRIDFSEN   ;10   ;CT72632465      ;20220610 ;RDH10265/2 R1A    ;0  ;1310.00 ;1310.00
 6 ;Up   ;S160-1 ;ERICSSON ;EOLP-1325G-10-9  ;1.0  ;DZ8N4000CZ      ;20220403 ;RDH10275/3 R1A    ;ERICSSON ;EOLP-1325G-10-9  ;1.0  ;DZ8N4000DU      ;20220403 ;RDH10275/3 R1A    ;0  ;1310.00 ;1310.00
 7 ;Up   ;S161-1 ;ERICSSON ;EOLP-1325G-10-9  ;1.0  ;DZ8N4000D6      ;20220403 ;RDH10275/3 R1A    ;ERICSSON ;EOLP-1325G-10-9  ;1.0  ;DZ8N4000DW      ;20220403 ;RDH10275/3 R1A    ;0  ;1310.00 ;1310.00
 8 ;Up   ;S162-1 ;ERICSSON ;EOLP-1325G-10-9  ;1.0  ;DZ8N4000DP      ;20220403 ;RDH10275/3 R1A    ;ERICSSON ;EOLP-1325G-10-9  ;1.0  ;DZ8N4000DT      ;20220403 ;RDH10275/3 R1A    ;0  ;1310.00 ;1310.00
-------------------------------------------------------------------------------------------------------------------------------------

=====================================================================================================================================
ID ;LINK ;RiL    ;WL1     ;TEMP1 ;TXbs1 ;TXdBm1 ;RXdBm1 ;BER1   ;WL2     ;TEMP2 ;TXbs2 ;TXdBm2 ;RXdBm2 ;BER2   ;DlLoss ;UlLoss ;LENGTH ;TT
=====================================================================================================================================
 1 ;Up   ;S210-1 ;1310.00 ;46C   ;45%   ;-3.27  ;-2.46  ;   0   ;1310.00 ;30C   ;35%   ;-2.10  ;-3.56  ;   0   ;  0.29 ;  0.36 ;   23m ; 0
 2 ;Up   ;S211-1 ;1310.00 ;44C   ;37%   ;-2.92  ;-1.75  ;   0   ;1310.00 ;29C   ;36%   ;-2.08  ;-4.07  ;   0   ;  1.15 ; -0.33 ;   23m ; 0
 3 ;Up   ;S212-1 ;1310.00 ;43C   ;32%   ;-3.21  ;-4.23  ;   0   ;1310.00 ;26C   ;33%   ;-3.30  ;-4.25  ;   0   ;  1.04 ;  0.93 ;   22m ; 0
 4 ;Up   ;S100-1 ;1310.00 ;44C   ;36%   ;-3.24  ;-1.81  ;   0   ;1310.00 ;31C   ;43%   ;-2.02  ;-3.25  ;   0   ;  0.01 ; -0.21 ;   24m ; 0
 5 ;Up   ;S102-1 ;1310.00 ;44C   ;46%   ;-3.22  ;-2.29  ;   0   ;1310.00 ;29C   ;39%   ;-2.13  ;-3.07  ;   0   ; -0.15 ;  0.16 ;   23m ; 0
 6 ;Up   ;S160-1 ;1310.00 ;48C   ;46%   ;0.03   ;-0.04  ; 0/0   ;1310.00 ;30C   ;40%   ;0.32   ;-0.42  ; 0/0   ;  0.45 ;  0.36 ;   20m ; 0
 7 ;Up   ;S161-1 ;1310.00 ;49C   ;45%   ;-0.15  ;-0.97  ; 0/0   ;1310.00 ;33C   ;40%   ;-1.33  ;-0.51  ; 0/0   ;  0.36 ; -0.36 ;   20m ; 0
 8 ;Up   ;S162-1 ;1310.00 ;48C   ;46%   ;-0.25  ;-0.09  ; 0/0   ;1310.00 ;32C   ;39%   ;-0.04  ;-0.83  ; 0/0   ;  0.58 ;  0.05 ;   20m ; 0
-------------------------------------------------------------------------------------------------------------------------------------

=====================================================================================================================================
ID ;RiL    ;BOARD              ;SFPLNH  ;PORT ;VENDOR   ;VENDORPROD       ;REV  ;SERIAL          ;DATE     ;ERICSSONPROD      ;WL      ;TEMP  ;TXbs  ;TXdBm  ;RXdBm  ; BER
=====================================================================================================================================
 1 ;S210-1 ;BB6648             ;000100   ;  1 ;ERICSSON ;LCP-10G3B4HDRME4 ;A    ;2225094A2455622 ;20220620 ;RDH10265/2 R1A    ;1310.00 ;46C   ;45%   ;-3.27  ;-2.46  ;   0
 2 ;S211-1 ;BB6648             ;000100   ;  2 ;ERICSSON ;LCP-10G3B4HDRME4 ;A    ;2225094A2455610 ;20220620 ;RDH10265/2 R1A    ;1310.00 ;44C   ;37%   ;-2.92  ;-1.75  ;   0
 3 ;S212-1 ;BB6648             ;000100   ;  3 ;ERICSSON ;LCP-10G3B4HDRME4 ;A    ;2225094A2455620 ;20220620 ;RDH10265/2 R1A    ;1310.00 ;43C   ;32%   ;-3.21  ;-4.23  ;   0
 4 ;S100-1 ;BB6648             ;000100   ;  4 ;ERICSSON ;LCP-10G3B4HDRME4 ;A    ;2225094A2455621 ;20220620 ;RDH10265/2 R1A    ;1310.00 ;44C   ;36%   ;-3.24  ;-1.81  ;   0
 5 ;S102-1 ;BB6648             ;000100   ;  5 ;ERICSSON ;LCP-10G3B4HDRME4 ;A    ;2225094A2455609 ;20220620 ;RDH10265/2 R1A    ;1310.00 ;44C   ;46%   ;-3.22  ;-2.29  ;   0
 6 ;S160-1 ;BB6648             ;000100   ; 10 ;ERICSSON ;EOLP-1325G-10-9  ;1.0  ;DZ8N4000CZ      ;20220403 ;RDH10275/3 R1A    ;1310.00 ;48C   ;46%   ;0.03   ;-0.04  ; 0/0
 7 ;S161-1 ;BB6648             ;000100   ; 11 ;ERICSSON ;EOLP-1325G-10-9  ;1.0  ;DZ8N4000D6      ;20220403 ;RDH10275/3 R1A    ;1310.00 ;49C   ;45%   ;-0.15  ;-0.97  ; 0/0
 8 ;S162-1 ;BB6648             ;000100   ; 12 ;ERICSSON ;EOLP-1325G-10-9  ;1.0  ;DZ8N4000DP      ;20220403 ;RDH10275/3 R1A    ;1310.00 ;48C   ;46%   ;-0.25  ;-0.09  ; 0/0
 5 ;S102-1 ;RRU449944B144B3C   ;BXP_2    ;  1 ;ERICSSON ;SPP10ELRIDFSEN   ;10   ;CT72632465      ;20220610 ;RDH10265/2 R1A    ;1310.00 ;29C   ;39%   ;-2.13  ;-3.07  ;   0
 4 ;S100-1 ;RRU449944B144B3C   ;BXP_3    ;  1 ;ERICSSON ;SPP10ELRIDFSEN   ;10   ;CT72631650      ;20220609 ;RDH10265/2 R1A    ;1310.00 ;31C   ;43%   ;-2.02  ;-3.25  ;   0
 1 ;S210-1 ;RRU227922B822B20C* ;BXP_4    ;  0 ;ERICSSON ;SPP10ELRIDFSEN   ;10   ;CT72631654      ;20220609 ;RDH10265/2 R1A    ;1310.00 ;30C   ;35%   ;-2.10  ;-3.56  ;   0
 3 ;S212-1 ;RRU227922B822B20C* ;BXP_5    ;  0 ;ERICSSON ;LCP-10G3B4HDRME4 ;A    ;2225094A2455627 ;20220620 ;RDH10265/2 R1A    ;1310.00 ;26C   ;33%   ;-3.30  ;-4.25  ;   0
 2 ;S211-1 ;RRU227922B822B20C* ;BXP_6    ;  0 ;ERICSSON ;SPP10ELRIDFSEN   ;10   ;CT72632527      ;20220610 ;RDH10265/2 R1A    ;1310.00 ;29C   ;36%   ;-2.08  ;-4.07  ;   0
 6 ;S160-1 ;AIR3278B78K        ;fru_2048 ;  0 ;ERICSSON ;EOLP-1325G-10-9  ;1.0  ;DZ8N4000DU      ;20220403 ;RDH10275/3 R1A    ;1310.00 ;30C   ;40%   ;0.32   ;-0.42  ; 0/0
 7 ;S161-1 ;AIR3278B78K        ;fru_2049 ;  0 ;ERICSSON ;EOLP-1325G-10-9  ;1.0  ;DZ8N4000DW      ;20220403 ;RDH10275/3 R1A    ;1310.00 ;33C   ;40%   ;-1.33  ;-0.51  ; 0/0
 8 ;S162-1 ;AIR3278B78K        ;fru_2050 ;  0 ;ERICSSON ;EOLP-1325G-10-9  ;1.0  ;DZ8N4000DT      ;20220403 ;RDH10275/3 R1A    ;1310.00 ;32C   ;39%   ;-0.04  ;-0.83  ; 0/0
-------------------------------------------------------------------------------------------------------------------------------------
TN ;       ;BB6648             ;000100   ; IB ;ERICSSON ;LCP-10G3B4QDRME4 ;A    ;2028095A2505223 ;20200713 ;RDH10265/3 R1A    ;1310    ;38C   ;51%   ;-2.46  ;-2.31  ; 0/0
TN ;       ;BB6648             ;000100   ; IC ;ERICSSON ;SPP10ELRIDFSEN   ;10   ;CT72630930      ;20220608 ;RDH10265/2 R1A    ;1310    ;47C   ;39%   ;-2.09  ;-6.90  ; 0/0
TN ;       ;BB6648             ;000100   ; ID ;Amphenol ;57-0170          ;2    ;220309N18376    ;20220309 ;RPM777543/010 R1B ;NA      ;NA    ;NA    ;NA     ;NA     ; 0/0
-------------------------------------------------------------------------------------------------------------------------------------

=====================================================================================================================================
BOARD       ;LNH    ;PORT     ;T ;S ;OpMode    ;AutoNeg ;MacAddress        ;VlanIds        ;LOS ;BER
=====================================================================================================================================
AIR3278B78K ;fru_2048 ;0        ;E ;1 ;ANY       ;true    ;F8:97:A9:69:59:B3 ;               ;    ;0/0
AIR3278B78K ;fru_2049 ;0        ;E ;1 ;ANY       ;true    ;F8:97:A9:69:59:E3 ;               ;    ;0/0
AIR3278B78K ;fru_2050 ;0        ;E ;1 ;ANY       ;true    ;F8:97:A9:69:59:C3 ;               ;    ;0/0
BB6648      ;000100 ;10       ;E ;1 ;ANY       ;true    ;F8:97:A9:0B:D0:22 ;               ;    ;0/0
BB6648      ;000100 ;11       ;E ;1 ;ANY       ;true    ;F8:97:A9:0B:D0:23 ;               ;    ;0/0
BB6648      ;000100 ;12       ;E ;1 ;ANY       ;true    ;F8:97:A9:0B:D0:24 ;               ;    ;0/0
BB6648      ;000100 ;TN_E     ;E ;1 ;100M_FULL ;false   ;F8:97:A9:0B:D0:2C ;3910           ;0   ;0/0
BB6648      ;000100 ;TN_IDL_B ;O ;1 ;10G_FULL  ;false   ;F8:97:A9:0B:D0:29 ;3901,3908,3910 ;0   ;0/0
BB6648      ;000100 ;TN_IDL_C ;O ;1 ;10G_FULL  ;false   ;F8:97:A9:0B:D0:2A ;3901,3908,3910 ;0   ;0/0
BB6648      ;000100 ;TN_IDL_D ;O ;1 ;10G_FULL  ;false   ;F8:97:A9:0B:D0:2B ;3908           ;0   ;0/0
-------------------------------------------------------------------------------------------------------------------------------------

radioClockState : RNT_TIME_LOCKED
-------------------------------------------------------------------------------------
Prio  ;ST  ;syncRefType    ;refStatus  ;opQualLevel  ;SyncReference
-------------------------------------------------------------------------------------
  *1  ; 1  ;PTP_TIME       ;NO_FAULT   ;PRTC         ;Ptp=1,BoundaryOrdinaryClock=PTP (G_8275_1 EthernetPort=TN_IDL_B:SLAVE EthernetPort=TN_IDL_C:MASTER)
   2  ; 1  ;NTP_FREQUENCY  ;NO_FAULT   ;PRC          ;Ntp=1,NtpFrequencySync=NTP1 (10.31.0.54:32751 Router=45G_Traffic,InterfaceIPv4=LTE,AddressIPv4=LTE)
-------------------------------------------------------------------------------------
-------------------------------------------------------------------------------------
Prio  ;ST  ;assistRefStatus  ;recQualLevel  ;AssistingReference
-------------------------------------------------------------------------------------
   1  ; 0  ;NO_FAULT         ;PRC           ;Synchronization=1,SyncEthInput=SyncE (SFP_OPTICAL EthernetPort=TN_IDL_B)
-------------------------------------------------------------------------------------
nodeGroupRole   : SYNC_PROVIDER (syncNodePriority=1, selectionMode=NODE_PRIORITY)
-------------------------------------------------------------------------------------
DU  ;Port  ;sharedUnitRef (RiPortA - RiPortB)  ;remoteNodePriority  ;CandidateStatus
-------------------------------------------------------------------------------------
1   ;B     ;Fru=Radio-S211-1 (1 - 2)           ;3                   ;OK_NOT_ACTIVE
1   ;C     ;Fru=Radio-S212-1 (1 - 2)           ;3                   ;OK_NOT_ACTIVE
1   ;A     ;Fru=Radio-S210-1 (1 - 2)           ;3                   ;OK_NOT_ACTIVE
-------------------------------------------------------------------------------------

=====================================================================================================================================
FRU          ;LNH      ;BOARD              ;RF  ;BP  ;TX (W/dBm)  ;VSWR (RL)   ;RX (dBm) ;UEs/gUEs  ;Sector/AntennaGroup/Cells (State:CellIds:PCIs)
=====================================================================================================================================
Radio-S100-1 ;BXP_3    ;RRU449944B144B3C   ; A  ;11  ;51.4 (47.1) ;1.39 (15.8) ;-87.6    ;67/-      ;SE=100 AG=100 FDD=KS23M1 FDD=KS23T1 (1:31:262, 1:41:232)
Radio-S100-1 ;BXP_3    ;RRU449944B144B3C   ; B  ;11  ;51.5 (47.1) ;1.13 (24.4) ;-79.5    ;67/-      ;SE=100 AG=100 FDD=KS23M1 FDD=KS23T1 (1:31:262, 1:41:232)
Radio-S100-1 ;BXP_3    ;RRU449944B144B3C   ; C  ;11  ;34.3 (45.4) ;1.20 (20.7) ;-87.5    ;45/-      ;SE=101 AG=101 FDD=KS23M2 FDD=KS23T2 (1:32:268, 1:42:92)
Radio-S100-1 ;BXP_3    ;RRU449944B144B3C   ; D  ;11  ;28.8 (44.6) ;1.21 (20.3) ;-87.7    ;45/-      ;SE=101 AG=101 FDD=KS23M2 FDD=KS23T2 (1:32:268, 1:42:92)
Radio-S102-1 ;BXP_2    ;RRU449944B144B3C   ; A  ;11  ;36.0 (45.6) ;1.19 (21.4) ;-86.2    ;75/-      ;SE=102 AG=102 FDD=KS23M3 FDD=KS23T3 (1:33:254, 1:43:231)
Radio-S102-1 ;BXP_2    ;RRU449944B144B3C   ; B  ;11  ;35.9 (45.5) ;1.10 (26.4) ;-85.7    ;75/-      ;SE=102 AG=102 FDD=KS23M3 FDD=KS23T3 (1:33:254, 1:43:231)
Radio-S102-1 ;BXP_2    ;RRU449944B144B3C   ; C  ;11  ;-           ;-           ;         ;          ;
Radio-S102-1 ;BXP_2    ;RRU449944B144B3C   ; D  ;11  ;-           ;-           ;         ;          ;
AAS-S160-1   ;fru_2048 ;AIR3278B78K        ; A  ;11  ;-           ;-           ;         ;-/33      ;SE=160 NRC=KS23V1 (1:571:287)
AAS-S161-1   ;fru_2049 ;AIR3278B78K        ; A  ;11  ;-           ;-           ;         ;-/32      ;SE=161 NRC=KS23V2 (1:572:284)
AAS-S162-1   ;fru_2050 ;AIR3278B78K        ; A  ;11  ;-           ;-           ;         ;-/33      ;SE=162 NRC=KS23V3 (1:573:288)
Radio-S210-1 ;BXP_4    ;RRU227922B822B20C* ; A  ;11  ;25.0 (44.0) ;1.28 (18.3) ;-88.6    ;9/-       ;SE=210* AG=210 FDD=KS23E1 NIOT=KS23N1 (1:61:176, 1:161:176)
Radio-S210-1 ;BXP_4    ;RRU227922B822B20C* ; B  ;11  ;23.6 (43.7) ;1.26 (18.8) ;-89.8    ;9/-       ;SE=210* AG=210 FDD=KS23E1 NIOT=KS23N1 (1:61:176, 1:161:176)
Radio-S211-1 ;BXP_6    ;RRU227922B822B20C* ; A  ;11  ;26.3 (44.2) ;1.68 (11.9) ;-88.1    ;3/-       ;SE=211* AG=211 FDD=KS23E2 NIOT=KS23N2 (D:62:334, D:162:334)
Radio-S211-1 ;BXP_6    ;RRU227922B822B20C* ; B  ;1D  ;16.7 (42.2) ;8.72 (2.0)  ;-94.6    ;3/-       ;SE=211* AG=211 FDD=KS23E2 NIOT=KS23N2 (D:62:334, D:162:334)
Radio-S212-1 ;BXP_5    ;RRU227922B822B20C* ; A  ;11  ;25.5 (44.1) ;1.30 (17.8) ;-93.8    ;3/-       ;SE=212* AG=212 FDD=KS23E3 NIOT=KS23N3 (1:63:287, 1:163:287)
Radio-S212-1 ;BXP_5    ;RRU227922B822B20C* ; B  ;11  ;26.1 (44.2) ;1.31 (17.5) ;-94.6    ;3/-       ;SE=212* AG=212 FDD=KS23E3 NIOT=KS23N3 (1:63:287, 1:163:287)
-------------------------------------------------------------------------------------------------------------------------------------

KS23T> mfar

251125-16:05:53+0100 19.31.2.215 25.0h MSRBS_NODE_MODEL_25.Q1_693.28324.131_62ac stopfile=/tmp/3026126
........
Last MO: 21786. Loaded 21786 MOs. Total: 21787 MOs.
.............................................
get /rop/A20251125.1330-1345_KS23T.xml.gz /ericsson/log/amos/moshell_logfiles/t20251125_37258710_65084/logs_moshell/pmfiles/19.31.2.215/rop/A20251125.1330-1345_KS23T.xml.gz ... OK
get /rop/A20251125.1345-1400_KS23T.xml.gz /ericsson/log/amos/moshell_logfiles/t20251125_37258710_65084/logs_moshell/pmfiles/19.31.2.215/rop/A20251125.1345-1400_KS23T.xml.gz ... OK
get /rop/A20251125.1400-1415_KS23T.xml.gz /ericsson/log/amos/moshell_logfiles/t20251125_37258710_65084/logs_moshell/pmfiles/19.31.2.215/rop/A20251125.1400-1415_KS23T.xml.gz ... OK

Using hardcoded thresholds: 3, 4.5, and 16.5
================================================================================================================================
SC     SE  Tx/Rx BrPair  RfPort1 - RfPort2               HW       Serial      Cell (State)   Samples   Med  Mean  SDev Pol Res Issue
================================================================================================================================
KS23E1 210   2/2 0 (1,2) Radio-S210-1(A) Radio-S210-1(B) RRU2279  TU8U01KKFZ  FDD=KS23E1 (1)  110972   0.5   0.2   6.8  NA  OK Passed
KS23E2 211   2/2 0 (1,2) Radio-S211-1(A) Radio-S211-1(B) RRU2279  TU8U01JRT0  FDD=KS23E2 (1)   12174  -3.5  -3.3   7.1  NA OKW Possible RF Loss or PIM at Radio-S211-1(B)
KS23E3 212   2/2 0 (1,2) Radio-S212-1(A) Radio-S212-1(B) RRU2279  TU8U01KK9G  FDD=KS23E3 (1)   66318   0.5   0.9   5.9  NA  OK Passed
KS23M1 100   2/2 0 (1,2) Radio-S100-1(A) Radio-S100-1(B) RRU4499  E23E179236  FDD=KS23M1 (1)  182510  -0.5  -1.3   8.6  NA  OK Passed
KS23M2 101   2/2 0 (1,2) Radio-S100-1(C) Radio-S100-1(D) RRU4499  E23E179236  FDD=KS23M2 (1)   40303   0.5   0.3   6.5  NA  OK Passed
KS23M3 102   2/2 0 (1,2) Radio-S102-1(A) Radio-S102-1(B) RRU4499  E23E179244  FDD=KS23M3 (1)  144676  -0.5  -0.5   6.8  NA  OK Passed
KS23T1 100   2/2 0 (1,2) Radio-S100-1(A) Radio-S100-1(B) RRU4499  E23E179236  FDD=KS23T1 (1)  245526  -2.5  -2.9   8.2  NA  OK Passed
KS23T2 101   2/2 0 (1,2) Radio-S100-1(C) Radio-S100-1(D) RRU4499  E23E179236  FDD=KS23T2 (1)  176175  -1.5  -1.3   7.2  NA  OK Passed
KS23T3 102   2/2 0 (1,2) Radio-S102-1(A) Radio-S102-1(B) RRU4499  E23E179244  FDD=KS23T3 (1)  253265  -0.5  -0.5   7.1  NA  OK Passed
================================================================================================================================
Total: 9 SectorCarriers, 9 RfBranch Pairs (8 OK, 1 OKW, 0 NOK, 0 NT)
.........
Last MO: 21786. Loaded 21786 MOs. Total: 21787 MOs.
..................................

Using hardcoded thresholds: 3, 4.5, and 16.5
================================================================================================================================
SC     SE  Tx/Rx BrPair  RfPort1 - RfPort2               HW       Serial      Cell (State)  Samples   Med  Mean  SDev Pol Res Issue
================================================================================================================================
KS23V1 160 32/32 0 (1,2) AAS-S160-1                      AIR3278  E96A20308V  DU=KS23V1 (1)       0     0     0     0   ?  NT Not supported on AAS.
KS23V1 160 32/32 1 (2,3) AAS-S160-1                      AIR3278  E96A20308V  DU=KS23V1 (1)       0     0     0     0   ?  NT Not supported on AAS.
KS23V1 160 32/32 2 (3,4) AAS-S160-1                      AIR3278  E96A20308V  DU=KS23V1 (1)       0     0     0     0   ?  NT Not supported on AAS.
KS23V1 160 32/32 3 (4,5) AAS-S160-1                      AIR3278  E96A20308V  DU=KS23V1 (1)       0     0     0     0   ?  NT Not supported on AAS.
KS23V1 160 32/32 4 (5,6) AAS-S160-1                      AIR3278  E96A20308V  DU=KS23V1 (1)       0     0     0     0   ?  NT Not supported on AAS.
KS23V1 160 32/32 5 (6,7) AAS-S160-1                      AIR3278  E96A20308V  DU=KS23V1 (1)       0     0     0     0   ?  NT Not supported on AAS.
KS23V1 160 32/32 6 (7,8) AAS-S160-1                      AIR3278  E96A20308V  DU=KS23V1 (1)       0     0     0     0   ?  NT Not supported on AAS.
KS23V2 161 32/32 0 (1,2) AAS-S161-1                      AIR3278  E96A203097  DU=KS23V2 (1)       0     0     0     0   ?  NT Not supported on AAS.
KS23V2 161 32/32 1 (2,3) AAS-S161-1                      AIR3278  E96A203097  DU=KS23V2 (1)       0     0     0     0   ?  NT Not supported on AAS.
KS23V2 161 32/32 2 (3,4) AAS-S161-1                      AIR3278  E96A203097  DU=KS23V2 (1)       0     0     0     0   ?  NT Not supported on AAS.
KS23V2 161 32/32 3 (4,5) AAS-S161-1                      AIR3278  E96A203097  DU=KS23V2 (1)       0     0     0     0   ?  NT Not supported on AAS.
KS23V2 161 32/32 4 (5,6) AAS-S161-1                      AIR3278  E96A203097  DU=KS23V2 (1)       0     0     0     0   ?  NT Not supported on AAS.
KS23V2 161 32/32 5 (6,7) AAS-S161-1                      AIR3278  E96A203097  DU=KS23V2 (1)       0     0     0     0   ?  NT Not supported on AAS.
KS23V2 161 32/32 6 (7,8) AAS-S161-1                      AIR3278  E96A203097  DU=KS23V2 (1)       0     0     0     0   ?  NT Not supported on AAS.
KS23V3 162 32/32 0 (1,2) AAS-S162-1                      AIR3278  E96A20308U  DU=KS23V3 (1)       0     0     0     0   ?  NT Not supported on AAS.
KS23V3 162 32/32 1 (2,3) AAS-S162-1                      AIR3278  E96A20308U  DU=KS23V3 (1)       0     0     0     0   ?  NT Not supported on AAS.
KS23V3 162 32/32 2 (3,4) AAS-S162-1                      AIR3278  E96A20308U  DU=KS23V3 (1)       0     0     0     0   ?  NT Not supported on AAS.
KS23V3 162 32/32 3 (4,5) AAS-S162-1                      AIR3278  E96A20308U  DU=KS23V3 (1)       0     0     0     0   ?  NT Not supported on AAS.
KS23V3 162 32/32 4 (5,6) AAS-S162-1                      AIR3278  E96A20308U  DU=KS23V3 (1)       0     0     0     0   ?  NT Not supported on AAS.
KS23V3 162 32/32 5 (6,7) AAS-S162-1                      AIR3278  E96A20308U  DU=KS23V3 (1)       0     0     0     0   ?  NT Not supported on AAS.
KS23V3 162 32/32 6 (7,8) AAS-S162-1                      AIR3278  E96A20308U  DU=KS23V3 (1)       0     0     0     0   ?  NT Not supported on AAS.
================================================================================================================================
Total: 3 NRSectorCarriers, 21 RfBranch Pairs (0 OK, 0 OKW, 0 NOK, 21 NT)

KS23T> mfitr

251125-16:06:23+0100 19.31.2.215 25.0h MSRBS_NODE_MODEL_25.Q1_693.28324.131_62ac stopfile=/tmp/3026126
..............
Last MO: 21786. Loaded 21786 MOs. Total: 21787 MOs.
..........
2025-11-25 16:07
================================================================================================================================
CELL       SC     FRU          BOARD             PUSCH  PUCCH       A      B      C      D  DELTA
================================================================================================================================
FDD=KS23E1 KS23E1 Radio-S210-1 RRU227922B822B20C -111.1 -110.2 -110.6 -111.4                  0.8
FDD=KS23E2 KS23E2 Radio-S211-1 RRU227922B822B20C -112.9 -112.8 -111.4 -115.0                  3.6
FDD=KS23E3 KS23E3 Radio-S212-1 RRU227922B822B20C -112.0 -112.8 -110.4 -112.3                  1.9
FDD=KS23M1 KS23M1 Radio-S100-1 RRU449944B144B3C  -104.6 -102.6 -115.4 -101.5                 13.9
FDD=KS23M2 KS23M2 Radio-S100-1 RRU449944B144B3C  -114.3 -114.8               -111.7 -112.7      1
FDD=KS23M3 KS23M3 Radio-S102-1 RRU449944B144B3C  -110.7 -114.4 -111.0 -111.7                  0.7
FDD=KS23T1 KS23T1 Radio-S100-1 RRU449944B144B3C  -107.6 -107.6 -111.2 -104.1                  7.1
FDD=KS23T2 KS23T2 Radio-S100-1 RRU449944B144B3C  -109.7 -110.6               -109.3 -108.8    0.5
FDD=KS23T3 KS23T3 Radio-S102-1 RRU449944B144B3C  -111.0 -113.9 -112.6 -111.5                  1.1
================================================================================================================================
Bye...
Output has been logged to file /mta_fs/UserFiles/37258710/amosbatch/SDIR/KS23T.log
