Logging to file /mta_fs/UserFiles/37258710/amosbatch/SDIR/KS3CE.log
                        __  __  ____   _____
                  /\   |  \/  |/ __ \ / ____|
                 /  \  | \  / | |  | | (___  
                / /\ \ | |\/| | |  | |\___ \ 
               / ____ \| |  | | |__| |____) |
              /_/    \_\_|  |_|\____/|_____/
              OSS Framework for MoShell-25.0h 
  Copyright (c) Ericsson AB 2001-2025 - All Rights Reserved
              
           
[1;31mWARNING: [0mthe AMOS version currently running is more than 29 weeks old and is unsupported.
Please upgrade as soon as possible to the latest released version, available from your local Ericsson support.

$amosrb_pid = 3928404

Checking ip contact...OK

HELP MENU            : h
BASIC MO COMMANDS    : m
OTHER MO COMMANDS    : n
OTHER COMMANDS       : o
PM COMMANDS          : p
QUIT                 : q

KS3CE> lt all

251125-07:26:58+0100 19.31.2.61 25.0h  stopfile=/tmp/3926897
Looking up temporary_amos account... OK.
Trying temporary_amos_t20251125_37258710_65084_131's password from amos lookupAccount ... OK

$ssh_pid = 3933602

Connected to 19.31.2.61 (SubNetwork=BBMM_rckomc_R,MeContext=KS3CE,ManagedElement=KS3CE)

Fetching 190 MOM fragments via HTTPS
..............................................................................................................................................................................................
Checking MOM version...MSRBS_NODE_MODEL_25.Q1_693.28324.131_62ac
Parsing MOM: /home/shared/t20251125_37258710_65084/moshell/jarxml/MSRBS_NODE_MODEL_25.Q1_693.28324.131_62ac.xml.gz ........................................................................................................................................................................................................................................................................Done.
Caching MOM to: /home/shared/t20251125_37258710_65084/moshell/jarxml/MSRBS_NODE_MODEL_25.Q1_693.28324.131_62ac.xml.cache .....Done.
Compressing to: /home/shared/t20251125_37258710_65084/moshell/jarxml/MSRBS_NODE_MODEL_25.Q1_693.28324.131_62ac.xml.cache.gz ...Done.
Using paramfile /opt/ericsson/amos/moshell/commonjars/pm/PARAM_MSRBS_25.Q1.txt
Parsing file /opt/ericsson/amos/moshell/commonjars/pm/PARAM_MSRBS_25.Q1.txt .......................................................................................Done.
Using imomdfile /opt/ericsson/amos/moshell/commonjars/pm/IMOMD_MSRBS_22.Q4.txt
Using imomfile /opt/ericsson/amos/moshell/commonjars/pm/IMOM_MSRBS_25.Q1.txt
Connected to 19.31.2.61 (SubNetwork=BBMM_rckomc_R,MeContext=KS3CE,ManagedElement=KS3CE)

Last MO: 19748. Loaded 19748 MOs. Total: 19749 MOs.

KS3CE> st cell

251125-07:28:15+0100 19.31.2.61 25.0h MSRBS_NODE_MODEL_25.Q1_693.28324.131_62ac stopfile=/tmp/3926897
===================================================================================
Proxy  Adm State     Op. State     MO
===================================================================================
   43  1 (UNLOCKED)  1 (ENABLED)   ENodeBFunction=1,EUtranCellFDD=KS3CE1
  308  1 (UNLOCKED)  1 (ENABLED)   ENodeBFunction=1,EUtranCellFDD=KS3CE2
  486  1 (UNLOCKED)  1 (ENABLED)   ENodeBFunction=1,EUtranCellFDD=KS3CE3
 1356  1 (UNLOCKED)  1 (ENABLED)   ENodeBFunction=1,NbIotCell=KS3CN1
 1357  1 (UNLOCKED)  1 (ENABLED)   ENodeBFunction=1,NbIotCell=KS3CN2
 1358  1 (UNLOCKED)  1 (ENABLED)   ENodeBFunction=1,NbIotCell=KS3CN3
 2623  1 (UNLOCKED)  1 (ENABLED)   GNBDUFunction=1,NRCellDU=KS3CG1
 2625  1 (UNLOCKED)  1 (ENABLED)   GNBDUFunction=1,NRCellDU=KS3CG2
 2627  1 (UNLOCKED)  1 (ENABLED)   GNBDUFunction=1,NRCellDU=KS3CG3
===================================================================================
Total: 9 MOs

INFO: NRCellDU status needs to be printed with command "stz" or "hget ,nrcell state" due to dependency to cellState/serviceState attributes.

KS3CE> st radio

251125-07:28:16+0100 19.31.2.61 25.0h MSRBS_NODE_MODEL_25.Q1_693.28324.131_62ac stopfile=/tmp/3926897
===================================================================================
Proxy  Adm State     Op. State     MO
===================================================================================
 2225  1 (UNLOCKED)  1 (ENABLED)   Equipment=1,FieldReplaceableUnit=Radio-S220-1
 2252  1 (UNLOCKED)  1 (ENABLED)   Equipment=1,FieldReplaceableUnit=Radio-S221-1
 2279  1 (UNLOCKED)  1 (ENABLED)   Equipment=1,FieldReplaceableUnit=Radio-S222-1
19743  1 (UNLOCKED)  1 (ENABLED)   Transport=1,Synchronization=1,RadioEquipmentClock=1,RadioEquipmentClockReference=NTP1
19744  1 (UNLOCKED)  1 (ENABLED)   Transport=1,Synchronization=1,RadioEquipmentClock=1,RadioEquipmentClockReference=PTP
===================================================================================
Total: 5 MOs

KS3CE> sdir

251125-07:28:16+0100 19.31.2.61 25.0h MSRBS_NODE_MODEL_25.Q1_693.28324.131_62ac stopfile=/tmp/3926897
INFO: Using amos lookupAccount credentials for the export login
....
Getting MO data from node (7853 MOs). Please wait...
0%                                             ~50%                                           ~100%
..................................................................................................................
...........................
get /rop/A20251125.0530-0545_KS3CE.xml.gz /ericsson/log/amos/moshell_logfiles/t20251125_37258710_65084/logs_moshell/pmfiles/19.31.2.61/rop/A20251125.0530-0545_KS3CE.xml.gz ... OK
get /rop/A20251125.0545-0600_KS3CE.xml.gz /ericsson/log/amos/moshell_logfiles/t20251125_37258710_65084/logs_moshell/pmfiles/19.31.2.61/rop/A20251125.0545-0600_KS3CE.xml.gz ... OK
get /rop/A20251125.0600-0615_KS3CE.xml.gz /ericsson/log/amos/moshell_logfiles/t20251125_37258710_65084/logs_moshell/pmfiles/19.31.2.61/rop/A20251125.0600-0615_KS3CE.xml.gz ... OK
...Checking available boards on node...

Collecting RCS board data ...
.......................................................................................................................
.
...............................................................................................................................................................................................................................................................................................................................
get /rop/A20251125.0615-0630_KS3CE.xml.gz /ericsson/log/amos/moshell_logfiles/t20251125_37258710_65084/logs_moshell/pmfiles/19.31.2.61/rop/A20251125.0615-0630_KS3CE.xml.gz ... OK
......
Collecting TN data...
.........................................................................................................................................................................................................................................................................
Collecting RF data...
..
Collecting Alarms...
Executing action Log.export()
...
Log=AlarmLog                    actionId=59325
.....
Executing action LogM.exportAvailabilityLog()
..LogM=1,exportAvailabilityLog    actionId=59326
.....Parsing alarmLog...Done.
Parsing availabilityLog...Done.


Total: 3 CPRI links (3 OK, 0 OKW, 0 NOK, 0 NT)

+--------+                      +----------------------------+
|        | A        O101     D1 |        Radio-S220-1        |
|        |-----------1----------| RRU247924B824B2024B28BM01* |
|        |         OK-56m       |           BXP_4            |
|        |                      +----------------------------+
|        |                                     |A  |B  |C  |D
|        |                          SE=220* AG=220 FDD=KS3CE1
|        |                             NIOT=KS3CN1 NRC=KS3CG1
|        |
|        |                      +----------------------------+
|        | B        O101     D1 |        Radio-S221-1        |
|        |-----------2----------| RRU247924B824B2024B28BM01* |
|  BB-1  |         OK-56m       |           BXP_2            |
| BB6631 |                      +----------------------------+
| 000100 |                                     |A  |B  |C  |D
|        |                          SE=221* AG=221 FDD=KS3CE2
|        |                             NIOT=KS3CN2 NRC=KS3CG2
|        |
|        |                      +----------------------------+
|        | C        O101     D1 |        Radio-S222-1        |
|        |-----------3----------| RRU247924B824B2024B28BM01* |
|        |         OK-56m       |           BXP_3            |
|        |                      +----------------------------+
|        |                                     |A  |B  |C  |D
|        |                          SE=222* AG=222 FDD=KS3CE3
|        |                             NIOT=KS3CN3 NRC=KS3CG3
+--------+

=====================================================================================================================================
ID RiL    Type Res MO1-MO2                  BOARD1-BOARD2                     AlmIDs Cells (States)                            Issue (Failed checks)
=====================================================================================================================================
 1 S220-1 O101 OK  BB-1(A) Radio-S220-1(D1) BB6631 RRU247924B824B2024B28BM01*        FDD=KS3CE1 NIOT=KS3CN1 NRC=KS3CG1 (1,1,1) Passed
 2 S221-1 O101 OK  BB-1(B) Radio-S221-1(D1) BB6631 RRU247924B824B2024B28BM01*        FDD=KS3CE2 NIOT=KS3CN2 NRC=KS3CG2 (1,1,1) Passed
 3 S222-1 O101 OK  BB-1(C) Radio-S222-1(D1) BB6631 RRU247924B824B2024B28BM01*        FDD=KS3CE3 NIOT=KS3CN3 NRC=KS3CG3 (1,1,1) Passed
-------------------------------------------------------------------------------------------------------------------------------------

Node: RadioNode LN   CXP2010174/2_R27J08 (25.Q1)   G3.1   LTE-FDD,LTE-IoT NR-LB-FDD-NSA

=====================================================================================================================================
FRU          ;LNH    ;BOARD                      ;ST ;FAULT ;OPER ;MAINT ;STAT ;PRODUCTNUMBER   ;REV     ;SERIAL        ;DATE     ;PMTEMP ; TEMP ; UPT ;VOLT ;SW                   ;
=====================================================================================================================================
BB-1         ;000100 ;BB6631                     ; 1 ;  OFF ;  ON ;  OFF ;  ON ;KDU1370071/11   ;R3H     ;E96A01G3Q5    ;20250718 ;3 (OK) ;      ;67.8 ;53   ;                     ;
Radio-S220-1 ;BXP_4  ;RRU247924B824B2024B28BM01* ; 1 ;  OFF ;  ON ;  OFF ; N/A ;KRC161832/1     ;R2J     ;TU8U02WM5K    ;20250206 ;4 (OK) ; 18.6 ;67.8 ;53.5 ;CXP9013268%15_R101LX ; (Radio247924B824B2024B28BM01)
Radio-S221-1 ;BXP_2  ;RRU247924B824B2024B28BM01* ; 1 ;  OFF ;  ON ;  OFF ; N/A ;KRC161832/1     ;R2J     ;TU8U02WKAN    ;20250206 ;4 (OK) ; 19.1 ;67.8 ;53.2 ;CXP9013268%15_R101LX ; (Radio247924B824B2024B28BM01)
Radio-S222-1 ;BXP_3  ;RRU247924B824B2024B28BM01* ; 1 ;  OFF ;  ON ;  OFF ; N/A ;KRC161832/1     ;R2J     ;TU8U02WML0    ;20250206 ;4 (OK) ; 21.3 ;67.8 ;53.8 ;CXP9013268%15_R101LX ; (Radio247924B824B2024B28BM01)
-------------------------------------------------------------------------------------------------------------------------------------

=====================================================================================================================================
AntennaNearUnit                               ;ST  ;TYPE   ;PRODUCTNR       ;REV                ;UNIQUEID             ;RfPort
=====================================================================================================================================
AntennaUnitGroup=220,AntennaNearUnit=RET_700  ; 1  ;S-RET  ;AIMM20M22S0v03  ;WD83MANWRCU_VER.A  ;HWN4351Q8006L074Lr1  ;FieldReplaceableUnit=Radio-S220-1,RfPort=R
AntennaUnitGroup=220,AntennaNearUnit=RET_800  ; 1  ;S-RET  ;AIMM20M22S0v03  ;WD83MANWRCU_VER.A  ;HWN4351Q8006N017Rr2  ;FieldReplaceableUnit=Radio-S220-1,RfPort=R
AntennaUnitGroup=221,AntennaNearUnit=RET_700  ; 0  ;S-RET  ;AIMM20M22S0v03  ;WD83MANWRCU_VER.A  ;HWN4351Q8006L074Lr1  ;FieldReplaceableUnit=Radio-S221-1,RfPort=R
AntennaUnitGroup=221,AntennaNearUnit=RET_800  ; 0  ;S-RET  ;AIMM20M22S0v03  ;WD83MANWRCU_VER.A  ;HWN4351Q8006N017Rr2  ;FieldReplaceableUnit=Radio-S221-1,RfPort=R
AntennaUnitGroup=222,AntennaNearUnit=RET_700  ; 1  ;S-RET  ;AIMM20M22S0v03  ;WD83MANWRCU_VER.A  ;HWN4351Q80051043Lr1  ;FieldReplaceableUnit=Radio-S222-1,RfPort=R
AntennaUnitGroup=222,AntennaNearUnit=RET_800  ; 1  ;S-RET  ;AIMM20M22S0v03  ;WD83MANWRCU_VER.A  ;HWN4351Q80053044Rr2  ;FieldReplaceableUnit=Radio-S222-1,RfPort=R
-------------------------------------------------------------------------------------------------------------------------------------

=====================================================================================================================================
XPBOARD  ;ST ;FAULT ;OPER ;PRODUCTNUMBER ;REV ;SERIAL/NAME ;DATE     ; TEMP ;MO
=====================================================================================================================================
FAN08    ; 1 ;N/A   ;N/A  ;BKV106236/1   ;R2H ;DD140E5727  ;20250608 ; 35.8 ;SupportUnit=1 (FAN  BB-1)
-------------------------------------------------------------------------------------------------------------------------------------

=====================================================================================================================================
ID ;T ;RiL    ;BPBP ;BOARD1                     ;LNH1 ;PORT ;R ;LINK ;RATE  ; BER ;BOARD2                     ;LNH2 ;PORT ;R ;LINK ;RATE  ; BER ;LENGTH ;MO1 - MO2
=====================================================================================================================================
 1 ;O ;S220-1 ;1111 ;BB6631                     ;000100 ; 1 ;M ;Up   ;10.1G ;   0 ;RRU247924B824B2024B28BM01* ;BXP_4  ; 0 ;S ;Up   ;10.1G ;   0 ;   56m ;Fru=BB-1(A) Fru=Radio-S220-1(D1)
 2 ;O ;S221-1 ;1111 ;BB6631                     ;000100 ; 2 ;M ;Up   ;10.1G ;   0 ;RRU247924B824B2024B28BM01* ;BXP_2  ; 0 ;S ;Up   ;10.1G ;   0 ;   56m ;Fru=BB-1(B) Fru=Radio-S221-1(D1)
 3 ;O ;S222-1 ;1111 ;BB6631                     ;000100 ; 3 ;M ;Up   ;10.1G ;   0 ;RRU247924B824B2024B28BM01* ;BXP_3  ; 0 ;S ;Up   ;10.1G ;   0 ;   56m ;Fru=BB-1(C) Fru=Radio-S222-1(D1)
-------------------------------------------------------------------------------------------------------------------------------------

=====================================================================================================================================
ID ;LINK ;RiL    ;VENDOR1  ;VENDORPROD1      ;REV1 ;SERIAL1    ;DATE1    ;ERICSSONPROD1  ;VENDOR2  ;VENDORPROD2      ;REV2 ;SERIAL2    ;DATE2    ;ERICSSONPROD2  ;TT ;WL1     ;WL2    
=====================================================================================================================================
 1 ;Up   ;S220-1 ;ERICSSON ;EOLP-1396-02-IY  ;1.0  ;DZ8R7004D0 ;20250715 ;RDH10265/2 R1A ;ERICSSON ;EOLP-1396-02-IY  ;1.0  ;DZ8R7004BR ;20250715 ;RDH10265/2 R1A ;0  ;1310.00 ;1310.00
 2 ;Up   ;S221-1 ;ERICSSON ;EOLP-1396-02-IY  ;1.0  ;DZ8R7004BT ;20250715 ;RDH10265/2 R1A ;ERICSSON ;EOLP-1396-02-IY  ;1.0  ;DZ8R7004BD ;20250715 ;RDH10265/2 R1A ;0  ;1310.00 ;1310.00
 3 ;Up   ;S222-1 ;ERICSSON ;EOLP-1396-02-IY  ;1.0  ;DZ8R7004CZ ;20250715 ;RDH10265/2 R1A ;ERICSSON ;EOLP-1396-02-IY  ;1.0  ;DZ8R7004E2 ;20250715 ;RDH10265/2 R1A ;0  ;1310.00 ;1310.00
-------------------------------------------------------------------------------------------------------------------------------------

=====================================================================================================================================
ID ;LINK ;RiL    ;WL1     ;TEMP1 ;TXbs1 ;TXdBm1 ;RXdBm1 ;BER1   ;WL2     ;TEMP2 ;TXbs2 ;TXdBm2 ;RXdBm2 ;BER2   ;DlLoss ;UlLoss ;LENGTH ;TT
=====================================================================================================================================
 1 ;Up   ;S220-1 ;1310.00 ;33C   ;38%   ;-4.03  ;-3.65  ;   0   ;1310.00 ;19C   ;35%   ;-3.60  ;-4.09  ;   0   ;  0.06 ;  0.05 ;   56m ; 0
 2 ;Up   ;S221-1 ;1310.00 ;32C   ;38%   ;-2.90  ;-3.82  ;   0   ;1310.00 ;19C   ;35%   ;-3.18  ;-3.21  ;   0   ;  0.31 ;  0.64 ;   56m ; 0
 3 ;Up   ;S222-1 ;1310.00 ;30C   ;39%   ;-3.00  ;-2.98  ;   0   ;1310.00 ;20C   ;36%   ;-3.04  ;-3.32  ;   0   ;  0.32 ; -0.06 ;   56m ; 0
-------------------------------------------------------------------------------------------------------------------------------------

=====================================================================================================================================
ID ;RiL    ;BOARD                      ;SFPLNH  ;PORT ;VENDOR   ;VENDORPROD       ;REV  ;SERIAL     ;DATE     ;ERICSSONPROD   ;WL      ;TEMP  ;TXbs  ;TXdBm  ;RXdBm  ; BER
=====================================================================================================================================
 1 ;S220-1 ;BB6631                     ;000100   ;  1 ;ERICSSON ;EOLP-1396-02-IY  ;1.0  ;DZ8R7004D0 ;20250715 ;RDH10265/2 R1A ;1310.00 ;33C   ;38%   ;-4.03  ;-3.65  ;   0
 2 ;S221-1 ;BB6631                     ;000100   ;  2 ;ERICSSON ;EOLP-1396-02-IY  ;1.0  ;DZ8R7004BT ;20250715 ;RDH10265/2 R1A ;1310.00 ;32C   ;38%   ;-2.90  ;-3.82  ;   0
 3 ;S222-1 ;BB6631                     ;000100   ;  3 ;ERICSSON ;EOLP-1396-02-IY  ;1.0  ;DZ8R7004CZ ;20250715 ;RDH10265/2 R1A ;1310.00 ;30C   ;39%   ;-3.00  ;-2.98  ;   0
 2 ;S221-1 ;RRU247924B824B2024B28BM01* ;BXP_2    ;  0 ;ERICSSON ;EOLP-1396-02-IY  ;1.0  ;DZ8R7004BD ;20250715 ;RDH10265/2 R1A ;1310.00 ;19C   ;35%   ;-3.18  ;-3.21  ;   0
 3 ;S222-1 ;RRU247924B824B2024B28BM01* ;BXP_3    ;  0 ;ERICSSON ;EOLP-1396-02-IY  ;1.0  ;DZ8R7004E2 ;20250715 ;RDH10265/2 R1A ;1310.00 ;20C   ;36%   ;-3.04  ;-3.32  ;   0
 1 ;S220-1 ;RRU247924B824B2024B28BM01* ;BXP_4    ;  0 ;ERICSSON ;EOLP-1396-02-IY  ;1.0  ;DZ8R7004BR ;20250715 ;RDH10265/2 R1A ;1310.00 ;19C   ;35%   ;-3.60  ;-4.09  ;   0
-------------------------------------------------------------------------------------------------------------------------------------
TN ;       ;BB6631                     ;000100   ; IB ;ERICSSON ;EOLS-1324-10-DIY ;1.0  ;DZ8R602MGP ;20250715 ;RDH10247/2 R2A ;1310    ;32C   ;17%   ;-5.13  ;-11.02 ;NZ/0
-------------------------------------------------------------------------------------------------------------------------------------

=====================================================================================================================================
BOARD  ;LNH    ;PORT     ;T ;S ;OpMode         ;AutoNeg ;MacAddress        ;VlanIds   ;LOS ;BER
=====================================================================================================================================
BB6631 ;000100 ;TN_E     ;E ;1 ;1G_FULL_MASTER ;true    ;24:CB:E1:53:0E:1F ;3910      ;0   ;0/0
BB6631 ;000100 ;TN_IDL_B ;O ;1 ;1G_FULL        ;true    ;24:CB:E1:53:0E:1C ;3908,3910 ;0   ;NZ/0
-------------------------------------------------------------------------------------------------------------------------------------

radioClockState : RNT_TIME_LOCKED
-------------------------------------------------------------------------------------
Prio  ;ST  ;syncRefType    ;refStatus  ;opQualLevel  ;SyncReference
-------------------------------------------------------------------------------------
  *1  ; 1  ;PTP_TIME       ;NO_FAULT   ;PRTC         ;Ptp=1,BoundaryOrdinaryClock=PTP (G_8275_1 EthernetPort=TN_IDL_B:SLAVE)
   2  ; 1  ;NTP_FREQUENCY  ;NO_FAULT   ;PRC          ;Ntp=1,NtpFrequencySync=NTP1 (10.31.0.54:32751 Router=45G_Traffic,InterfaceIPv4=LTE,AddressIPv4=LTE)
-------------------------------------------------------------------------------------
-------------------------------------------------------------------------------------
Prio  ;ST  ;assistRefStatus  ;recQualLevel  ;AssistingReference
-------------------------------------------------------------------------------------
   1  ; 0  ;NO_FAULT         ;PRC           ;Synchronization=1,SyncEthInput=SyncE (SFP_OPTICAL EthernetPort=TN_IDL_B)
-------------------------------------------------------------------------------------

=====================================================================================================================================
FRU          ;LNH    ;BOARD                      ;RF  ;BP  ;TX (W/dBm)  ;VSWR (RL)   ;RX (dBm) ;UEs/gUEs  ;Sector/AntennaGroup/Cells (State:CellIds:PCIs)
=====================================================================================================================================
Radio-S220-1 ;BXP_4  ;RRU247924B824B2024B28BM01* ; A  ;11  ;28.8 (44.6) ;1.07 (28.9) ;-93.0    ;12/1      ;SE=220* AG=220 FDD=KS3CE1 NIOT=KS3CN1 NRC=KS3CG1 (1:61:394, 1:161:394, 1:561:732)
Radio-S220-1 ;BXP_4  ;RRU247924B824B2024B28BM01* ; B  ;11  ;29.5 (44.7) ;1.10 (26.3) ;-94.1    ;12/1      ;SE=220* AG=220 FDD=KS3CE1 NIOT=KS3CN1 NRC=KS3CG1 (1:61:394, 1:161:394, 1:561:732)
Radio-S220-1 ;BXP_4  ;RRU247924B824B2024B28BM01* ; C  ;11  ;16.2 (42.1) ;1.15 (23.3) ;-92.8    ;12/1      ;SE=220* AG=220 FDD=KS3CE1 NIOT=KS3CN1 NRC=KS3CG1 (1:61:394, 1:161:394, 1:561:732)
Radio-S220-1 ;BXP_4  ;RRU247924B824B2024B28BM01* ; D  ;11  ;15.8 (42.0) ;1.06 (31.1) ;-92.7    ;12/1      ;SE=220* AG=220 FDD=KS3CE1 NIOT=KS3CN1 NRC=KS3CG1 (1:61:394, 1:161:394, 1:561:732)
Radio-S221-1 ;BXP_2  ;RRU247924B824B2024B28BM01* ; A  ;11  ;5.2 (37.2)  ;1.03 (37.2) ;-93.2    ;6/1       ;SE=221* AG=221 FDD=KS3CE2 NIOT=KS3CN2 NRC=KS3CG2 (1:62:388, 1:162:388, 1:562:735)
Radio-S221-1 ;BXP_2  ;RRU247924B824B2024B28BM01* ; B  ;11  ;5.2 (37.2)  ;1.04 (33.3) ;-94.0    ;6/1       ;SE=221* AG=221 FDD=KS3CE2 NIOT=KS3CN2 NRC=KS3CG2 (1:62:388, 1:162:388, 1:562:735)
Radio-S221-1 ;BXP_2  ;RRU247924B824B2024B28BM01* ; C  ;11  ;13.5 (41.3) ;1.09 (27.7) ;-93.5    ;6/1       ;SE=221* AG=221 FDD=KS3CE2 NIOT=KS3CN2 NRC=KS3CG2 (1:62:388, 1:162:388, 1:562:735)
Radio-S221-1 ;BXP_2  ;RRU247924B824B2024B28BM01* ; D  ;11  ;13.8 (41.4) ;1.07 (29.6) ;-94.0    ;6/1       ;SE=221* AG=221 FDD=KS3CE2 NIOT=KS3CN2 NRC=KS3CG2 (1:62:388, 1:162:388, 1:562:735)
Radio-S222-1 ;BXP_3  ;RRU247924B824B2024B28BM01* ; A  ;11  ;5.2 (37.2)  ;1.04 (33.3) ;-95.4    ;5/-       ;SE=222* AG=222 FDD=KS3CE3 NIOT=KS3CN3 NRC=KS3CG3 (1:63:118, 1:163:118, 1:563:739)
Radio-S222-1 ;BXP_3  ;RRU247924B824B2024B28BM01* ; B  ;11  ;6.0 (37.8)  ;1.05 (31.6) ;-95.6    ;5/-       ;SE=222* AG=222 FDD=KS3CE3 NIOT=KS3CN3 NRC=KS3CG3 (1:63:118, 1:163:118, 1:563:739)
Radio-S222-1 ;BXP_3  ;RRU247924B824B2024B28BM01* ; C  ;11  ;15.8 (42.0) ;1.12 (25.1) ;-95.5    ;5/-       ;SE=222* AG=222 FDD=KS3CE3 NIOT=KS3CN3 NRC=KS3CG3 (1:63:118, 1:163:118, 1:563:739)
Radio-S222-1 ;BXP_3  ;RRU247924B824B2024B28BM01* ; D  ;11  ;15.8 (42.0) ;1.06 (30.2) ;-96.3    ;5/-       ;SE=222* AG=222 FDD=KS3CE3 NIOT=KS3CN3 NRC=KS3CG3 (1:63:118, 1:163:118, 1:563:739)
-------------------------------------------------------------------------------------------------------------------------------------

KS3CE> mfar

251125-07:31:17+0100 19.31.2.61 25.0h MSRBS_NODE_MODEL_25.Q1_693.28324.131_62ac stopfile=/tmp/3926897
.....
Last MO: 19764. Loaded 19764 MOs. Total: 19765 MOs.
..........................................
get /rop/A20251125.0500-0515_KS3CE.xml.gz /ericsson/log/amos/moshell_logfiles/t20251125_37258710_65084/logs_moshell/pmfiles/19.31.2.61/rop/A20251125.0500-0515_KS3CE.xml.gz ... OK
get /rop/A20251125.0515-0530_KS3CE.xml.gz /ericsson/log/amos/moshell_logfiles/t20251125_37258710_65084/logs_moshell/pmfiles/19.31.2.61/rop/A20251125.0515-0530_KS3CE.xml.gz ... OK

Using hardcoded thresholds: 3, 4.5, and 16.5
================================================================================================================================
SC     SE  Tx/Rx BrPair  RfPort1 - RfPort2               HW       Serial      Cell (State)   Samples   Med  Mean  SDev Pol Res Issue
================================================================================================================================
KS3CE1 220   2/4 0 (1,2) Radio-S220-1(A) Radio-S220-1(B) RRU2479  TU8U02WM5K  FDD=KS3CE1 (1)  224560   2.5   2.5   7.2  NA  OK Passed
KS3CE1 220   2/4 1 (2,3) Radio-S220-1(B) Radio-S220-1(C) RRU2479  TU8U02WM5K  FDD=KS3CE1 (1)  224560  -2.5  -2.0   7.5  NA  OK Passed
KS3CE1 220   2/4 2 (3,4) Radio-S220-1(C) Radio-S220-1(D) RRU2479  TU8U02WM5K  FDD=KS3CE1 (1)  224560   2.5   1.9   7.3  NA  OK Passed
KS3CE2 221   2/4 0 (1,2) Radio-S221-1(A) Radio-S221-1(B) RRU2479  TU8U02WKAN  FDD=KS3CE2 (1)  104373  -3.5  -2.6   8.4  NA  OK Passed
KS3CE2 221   2/4 1 (2,3) Radio-S221-1(B) Radio-S221-1(C) RRU2479  TU8U02WKAN  FDD=KS3CE2 (1)  104373   4.5   3.3   8.9  NA OKW Possible RF Loss or PIM at Radio-S221-1(B)
KS3CE2 221   2/4 2 (3,4) Radio-S221-1(C) Radio-S221-1(D) RRU2479  TU8U02WKAN  FDD=KS3CE2 (1)  104373  -4.5  -3.8   6.4  NA OKW Possible RF Loss or PIM at Radio-S221-1(D)
KS3CE3 222   2/4 0 (1,2) Radio-S222-1(A) Radio-S222-1(B) RRU2479  TU8U02WML0  FDD=KS3CE3 (1)   43917   1.5   0.7   7.5  NA  OK Passed
KS3CE3 222   2/4 1 (2,3) Radio-S222-1(B) Radio-S222-1(C) RRU2479  TU8U02WML0  FDD=KS3CE3 (1)   43917  -0.5   0.1   7.6  NA  OK Passed
KS3CE3 222   2/4 2 (3,4) Radio-S222-1(C) Radio-S222-1(D) RRU2479  TU8U02WML0  FDD=KS3CE3 (1)   43917   2.5   1.3   7.8  NA  OK Passed
================================================================================================================================
Total: 3 SectorCarriers, 9 RfBranch Pairs (7 OK, 2 OKW, 0 NOK, 0 NT)
......
Last MO: 19764. Loaded 19764 MOs. Total: 19765 MOs.
..........................................

Using hardcoded thresholds: 3, 4.5, and 16.5
================================================================================================================================
SC     SE  Tx/Rx BrPair  RfPort1 - RfPort2               HW       Serial      Cell (State)  Samples   Med  Mean  SDev Pol Res Issue
================================================================================================================================
KS3CG1 220   2/4 0 (1,2) Radio-S220-1(A) Radio-S220-1(B) RRU2479  TU8U02WM5K  DU=KS3CG1 (1)   17098   1.5   1.2   8.3  NA  OK Passed
KS3CG1 220   2/4 1 (2,3) Radio-S220-1(B) Radio-S220-1(C) RRU2479  TU8U02WM5K  DU=KS3CG1 (1)   17099   0.5   1.0   8.6  NA  OK Passed
KS3CG1 220   2/4 2 (3,4) Radio-S220-1(C) Radio-S220-1(D) RRU2479  TU8U02WM5K  DU=KS3CG1 (1)   17100   1.5   1.3   8.1  NA  OK Passed
KS3CG2 221   2/4 0 (1,2) Radio-S221-1(A) Radio-S221-1(B) RRU2479  TU8U02WKAN  DU=KS3CG2 (1)   22119   4.5   4.1   5.8  NA OKW Possible RF Loss or PIM at Radio-S221-1(A)
KS3CG2 221   2/4 1 (2,3) Radio-S221-1(B) Radio-S221-1(C) RRU2479  TU8U02WKAN  DU=KS3CG2 (1)   22119  -8.5  -7.8   6.5  NA NOK RF Loss or PIM at Radio-S221-1(C)
KS3CG2 221   2/4 2 (3,4) Radio-S221-1(C) Radio-S221-1(D) RRU2479  TU8U02WKAN  DU=KS3CG2 (1)   22119   7.5   6.9   6.9  NA NOK RF Loss or PIM at Radio-S221-1(C)
KS3CG3 222   2/4 0 (1,2) Radio-S222-1(A) Radio-S222-1(B) RRU2479  TU8U02WML0  DU=KS3CG3 (1)     438   0.5  -0.4   6.4  NA  NT Not enough data
KS3CG3 222   2/4 1 (2,3) Radio-S222-1(B) Radio-S222-1(C) RRU2479  TU8U02WML0  DU=KS3CG3 (1)     438  -3.5  -2.5   9.3  NA  NT Not enough data
KS3CG3 222   2/4 2 (3,4) Radio-S222-1(C) Radio-S222-1(D) RRU2479  TU8U02WML0  DU=KS3CG3 (1)     438   1.5   0.7   7.5  NA  NT Not enough data
================================================================================================================================
Total: 3 NRSectorCarriers, 9 RfBranch Pairs (3 OK, 1 OKW, 2 NOK, 3 NT)

KS3CE> mfitr

251125-07:31:43+0100 19.31.2.61 25.0h MSRBS_NODE_MODEL_25.Q1_693.28324.131_62ac stopfile=/tmp/3926897
..........
Last MO: 19764. Loaded 19764 MOs. Total: 19765 MOs.
........
2025-11-25 07:32
================================================================================================================================
CELL       SC     FRU          BOARD                     PUSCH  PUCCH       A      B      C      D  DELTA
================================================================================================================================
FDD=KS3CE1 KS3CE1 Radio-S220-1 RRU247924B824B2024B28BM01 -113.3 -112.1 -112.7 -114.0 -112.9 -111.9    2.1
FDD=KS3CE2 KS3CE2 Radio-S221-1 RRU247924B824B2024B28BM01 -112.5 -109.5 -112.8 -116.6 -112.7 -114.3    3.9
FDD=KS3CE3 KS3CE3 Radio-S222-1 RRU247924B824B2024B28BM01 -114.8 -116.3 -115.7 -113.4 -115.0 -114.1    2.3
================================================================================================================================
Bye...
Output has been logged to file /mta_fs/UserFiles/37258710/amosbatch/SDIR/KS3CE.log
