Logging to file /mta_fs/UserFiles/37258710/amosbatch/SDIR/KS3ET.log
                        __  __  ____   _____
                  /\   |  \/  |/ __ \ / ____|
                 /  \  | \  / | |  | | (___  
                / /\ \ | |\/| | |  | |\___ \ 
               / ____ \| |  | | |__| |____) |
              /_/    \_\_|  |_|\____/|_____/
              OSS Framework for MoShell-25.0h 
  Copyright (c) Ericsson AB 2001-2025 - All Rights Reserved
              
           
[1;31mWARNING: [0mthe AMOS version currently running is more than 29 weeks old and is unsupported.
Please upgrade as soon as possible to the latest released version, available from your local Ericsson support.

$amosrb_pid = 2558287

Checking ip contact...OK

HELP MENU            : h
BASIC MO COMMANDS    : m
OTHER MO COMMANDS    : n
OTHER COMMANDS       : o
PM COMMANDS          : p
QUIT                 : q

KS3ET> lt all

251125-13:40:14+0100 19.31.7.220 25.0h  stopfile=/tmp/2558188
Looking up temporary_amos account... OK.
Trying temporary_amos_t20251125_37258710_65084_131's password from amos lookupAccount ... OK

$ssh_pid = 2558683

Connected to 19.31.7.220 (SubNetwork=BBMM_rckomc_R,MeContext=KS3ET,ManagedElement=KS3ET)

Checking MOM version...MSRBS_NODE_MODEL_25.Q1_198665.224.73_bf81
Parsing MOM (cached): /ericsson/log/amos/moshell_logfiles/t20251125_37258710_65084/logs_moshell/tempfiles/scp-4-amos_20251125-134007_2558131/MSRBS_NODE_MODEL_25.Q1_198665.224.73_bf81.xml.cache.gz ......................................................................................................................................................................................................................Done.
Using paramfile /opt/ericsson/amos/moshell/commonjars/pm/PARAM_MSRBSG2_25.Q1.txt
Parsing file /opt/ericsson/amos/moshell/commonjars/pm/PARAM_MSRBSG2_25.Q1.txt ......................................................................................Done.
Using imomdfile /opt/ericsson/amos/moshell/commonjars/pm/IMOMD_MSRBS_22.Q4.txt
Using imomfile /opt/ericsson/amos/moshell/commonjars/pm/IMOM_MSRBS_25.Q1.txt
Connected to 19.31.7.220 (SubNetwork=BBMM_rckomc_R,MeContext=KS3ET,ManagedElement=KS3ET)

Last MO: 17692. Loaded 17692 MOs. Total: 17693 MOs.

KS3ET> st cell

251125-13:40:33+0100 19.31.7.220 25.0h MSRBS_NODE_MODEL_25.Q1_198665.224.73_bf81 stopfile=/tmp/2558188
===================================================================================
Proxy  Adm State     Op. State     MO
===================================================================================
   44  1 (UNLOCKED)  1 (ENABLED)   ENodeBFunction=1,EUtranCellFDD=KS3EE1
  176  1 (UNLOCKED)  1 (ENABLED)   ENodeBFunction=1,EUtranCellFDD=KS3EE2
  286  1 (UNLOCKED)  1 (ENABLED)   ENodeBFunction=1,EUtranCellFDD=KS3EM1
  411  1 (UNLOCKED)  1 (ENABLED)   ENodeBFunction=1,EUtranCellFDD=KS3EM2
  503  1 (UNLOCKED)  1 (ENABLED)   ENodeBFunction=1,EUtranCellFDD=KS3ET1
  649  1 (UNLOCKED)  1 (ENABLED)   ENodeBFunction=1,EUtranCellFDD=KS3ET2
 1301  1 (UNLOCKED)  1 (ENABLED)   ENodeBFunction=1,NbIotCell=KS3EN1
 1302  1 (UNLOCKED)  1 (ENABLED)   ENodeBFunction=1,NbIotCell=KS3EN2
===================================================================================
Total: 8 MOs

KS3ET> st radio

251125-13:40:33+0100 19.31.7.220 25.0h MSRBS_NODE_MODEL_25.Q1_198665.224.73_bf81 stopfile=/tmp/2558188
===================================================================================
Proxy  Adm State     Op. State     MO
===================================================================================
 2105  1 (UNLOCKED)  1 (ENABLED)   Equipment=1,FieldReplaceableUnit=Radio-S100-1
 2128  1 (UNLOCKED)  1 (ENABLED)   Equipment=1,FieldReplaceableUnit=Radio-S210-1
 2145  1 (UNLOCKED)  1 (ENABLED)   Equipment=1,FieldReplaceableUnit=Radio-S211-1
17684  1 (UNLOCKED)  1 (ENABLED)   Transport=1,Synchronization=1,RadioEquipmentClock=1,RadioEquipmentClockReference=NTP1
17685  1 (UNLOCKED)  1 (ENABLED)   Transport=1,Synchronization=1,RadioEquipmentClock=1,RadioEquipmentClockReference=PTP8275_2
===================================================================================
Total: 5 MOs

KS3ET> sdir

251125-13:40:34+0100 19.31.7.220 25.0h MSRBS_NODE_MODEL_25.Q1_198665.224.73_bf81 stopfile=/tmp/2558188
INFO: Using amos lookupAccount credentials for the export login
..............................
get /rop/A20251125.1145-1200_KS3ET.xml.gz /ericsson/log/amos/moshell_logfiles/t20251125_37258710_65084/logs_moshell/pmfiles/19.31.7.220/rop/A20251125.1145-1200_KS3ET.xml.gz ... OK
get /rop/A20251125.1200-1215_KS3ET.xml.gz /ericsson/log/amos/moshell_logfiles/t20251125_37258710_65084/logs_moshell/pmfiles/19.31.7.220/rop/A20251125.1200-1215_KS3ET.xml.gz ... OK
get /rop/A20251125.1215-1230_KS3ET.xml.gz /ericsson/log/amos/moshell_logfiles/t20251125_37258710_65084/logs_moshell/pmfiles/19.31.7.220/rop/A20251125.1215-1230_KS3ET.xml.gz ... OK
...Checking available boards on node...

Collecting RCS board data ...
...................................................................................
.
..........................................................................................................................................................................................................................................................................................
......
Collecting TN data...
.......................................................................................................................................................................................................................................................
Collecting RF data...
.
Collecting Alarms...
Executing action Log.export()
...
Log=AlarmLog                    actionId=54808
............
Executing action LogM.exportAvailabilityLog()
..LogM=1,exportAvailabilityLog    actionId=54809
............Parsing alarmLog............Done.
Parsing availabilityLog........Done.
..............

Total: 3 CPRI links (3 OK, 0 OKW, 0 NOK, 0 NT)

+--------+                      +--------------------+
|        | A        O101     D1 |    Radio-S210-1    |
|        |-----------1----------| RRU227922B822B20C* |
|        |         OK-79m       |       BXP_4        |
|        |                      +--------------------+
|        |                                     |A  |B
|        |                  SE=210* AG=210 FDD=KS3EE1
|        |                                NIOT=KS3EN1
|        |
|        |                      +--------------------+
|        | B        O101     D1 |    Radio-S211-1    |
|        |-----------2----------| RRU227922B822B20C* |
|        |         OK-79m       |       BXP_2        |
|  BB-1  |                      +--------------------+
| BB6630 |                                     |A  |B
| 000100 |                  SE=211* AG=211 FDD=KS3EE2
|        |                                NIOT=KS3EN2
|        |
|        |                      +------------------+
|        | D        O101     D2 |   Radio-S100-1   |
|        |-----------3----------| RRU449944B144B3C |
|        |         OK-80m       |      BXP_3       |
|        |                      +------------------+
|        |                           |A  |B  |C  |D
|        |                    SE=100 AG=100  |   |
|        |            FDD=KS3EM1 FDD=KS3ET1  |   |
|        |                            SE=101 AG=101
|        |                    FDD=KS3EM2 FDD=KS3ET2
|        |
+--------+

=====================================================================================================================================
ID RiL    Type Res MO1-MO2                  BOARD1-BOARD2             AlmIDs Cells (States)                                        Issue (Failed checks)
=====================================================================================================================================
 1 S210-1 O101 OK  BB-1(A) Radio-S210-1(D1) BB6630 RRU227922B822B20C*        FDD=KS3EE1 NIOT=KS3EN1 (1,1)                          Passed
 2 S211-1 O101 OK  BB-1(B) Radio-S211-1(D1) BB6630 RRU227922B822B20C*        FDD=KS3EE2 NIOT=KS3EN2 (1,1)                          Passed
 3 S100-1 O101 OK  BB-1(D) Radio-S100-1(D2) BB6630 RRU449944B144B3C          FDD=KS3EM1 FDD=KS3EM2 FDD=KS3ET1 FDD=KS3ET2 (1,1,1,1) Passed
-------------------------------------------------------------------------------------------------------------------------------------

Node: RadioNode L   CXP9024418/16_R8D21 (RCG123.3-3)   G2   LTE-FDD,LTE-IoT 

=====================================================================================================================================
FRU          ;LNH    ;BOARD              ;ST ;FAULT ;OPER ;MAINT ;STAT ;PRODUCTNUMBER   ;REV     ;SERIAL        ;DATE     ;PMTEMP ; TEMP ; UPT ;VOLT ;SW                   ;
=====================================================================================================================================
BB-1         ;000100 ;BB6630             ; 1 ;  OFF ;  ON ;  OFF ;  ON ;KDU137848/11    ;R3D     ;E96A00Q9KH    ;20220331 ;3 (OK) ;      ;73.7 ;48   ;                     ;
Radio-S100-1 ;BXP_3  ;RRU449944B144B3C   ; 1 ;  OFF ;  ON ;  OFF ; N/A ;KRC161787/1     ;R2G     ;E23E179263    ;20220715 ;4 (OK) ; 32.0 ;73.1 ;50.6 ;CXP9013268%15_R101KB ; (Radio449944B144B3C)
Radio-S210-1 ;BXP_4  ;RRU227922B822B20C* ; 1 ;  OFF ;  ON ;  OFF ; N/A ;KRC161864/1     ;R1E     ;TU8U013ARJ    ;20210910 ;4 (OK) ; 29.5 ;73.1 ;52.2 ;CXP9013268%15_R101KB ; (Radio227922B822B20C)
Radio-S211-1 ;BXP_2  ;RRU227922B822B20C* ; 1 ;  OFF ;  ON ;  OFF ; N/A ;KRC161864/1     ;R1E     ;TU8U01M3YE    ;20220628 ;4 (OK) ; 31.5 ;73.1 ;51.6 ;CXP9013268%15_R101KB ; (Radio227922B822B20C)
-------------------------------------------------------------------------------------------------------------------------------------

=====================================================================================================================================
AntennaNearUnit                                     ;ST  ;TYPE   ;PRODUCTNR  ;REV                ;UNIQUEID             ;RfPort
=====================================================================================================================================
AntennaUnitGroup=210,AntennaNearUnit=RET_1800_2100  ; 1  ;S-RET  ;AIMM20M11  ;WD81MANBRCU_VER.F  ;HWM1538GA01LC216yyR  ;FieldReplaceableUnit=Radio-S210-1,RfPort=R
AntennaUnitGroup=210,AntennaNearUnit=RET_2600       ; 1  ;S-RET  ;AIMM20M11  ;WD81MANBRCU_VER.F  ;HWM1538GA01LB3623yL  ;FieldReplaceableUnit=Radio-S210-1,RfPort=R
AntennaUnitGroup=210,AntennaNearUnit=RET_800_900    ; 1  ;S-RET  ;AIMM20M11  ;WD81MANBRCU_VER.F  ;HWM1538GA01LA75200r  ;FieldReplaceableUnit=Radio-S210-1,RfPort=R
AntennaUnitGroup=211,AntennaNearUnit=RET_1800_2100  ; 1  ;S-RET  ;AIMM20M11  ;WD81MANBRCU_VER.F  ;HWM1538GA01BM749yyR  ;FieldReplaceableUnit=Radio-S211-1,RfPort=R
AntennaUnitGroup=211,AntennaNearUnit=RET_2600       ; 1  ;S-RET  ;AIMM20M11  ;WD81MANBRCU_VER.F  ;HWM1538GA01BL1843yL  ;FieldReplaceableUnit=Radio-S211-1,RfPort=R
AntennaUnitGroup=211,AntennaNearUnit=RET_800_900    ; 1  ;S-RET  ;AIMM20M11  ;WD81MANBRCU_VER.F  ;HWM1538GA01BK27530r  ;FieldReplaceableUnit=Radio-S211-1,RfPort=R
-------------------------------------------------------------------------------------------------------------------------------------

=====================================================================================================================================
XPBOARD  ;ST ;FAULT ;OPER ;PRODUCTNUMBER ;REV ;SERIAL/NAME ;DATE     ; TEMP ;MO
=====================================================================================================================================
FAN      ; 1 ;N/A   ;N/A  ;BKV106217/1   ;N/A ;N/A         ;N/A      ;      ;SupportUnit=1 (FAN  BB-1)
-------------------------------------------------------------------------------------------------------------------------------------

=====================================================================================================================================
ID ;T ;RiL    ;BPBP ;BOARD1             ;LNH1 ;PORT ;R ;LINK ;RATE  ; BER ;BOARD2             ;LNH2 ;PORT ;R ;LINK ;RATE  ; BER ;LENGTH ;MO1 - MO2
=====================================================================================================================================
 1 ;O ;S210-1 ;1111 ;BB6630             ;000100 ; 1 ;M ;Up   ;10.1G ;   0 ;RRU227922B822B20C* ;BXP_4  ; 0 ;S ;Up   ;10.1G ;   0 ;   79m ;Fru=BB-1(A) Fru=Radio-S210-1(D1)
 2 ;O ;S211-1 ;1111 ;BB6630             ;000100 ; 2 ;M ;Up   ;10.1G ;   0 ;RRU227922B822B20C* ;BXP_2  ; 0 ;S ;Up   ;10.1G ;   0 ;   79m ;Fru=BB-1(B) Fru=Radio-S211-1(D1)
 3 ;O ;S100-1 ;1111 ;BB6630             ;000100 ; 4 ;M ;Up   ;10.1G ;   0 ;RRU449944B144B3C   ;BXP_3  ; 1 ;S ;Up   ;10.1G ;   0 ;   80m ;Fru=BB-1(D) Fru=Radio-S100-1(D2)
-------------------------------------------------------------------------------------------------------------------------------------

=====================================================================================================================================
ID ;LINK ;RiL    ;VENDOR1  ;VENDORPROD1    ;REV1 ;SERIAL1    ;DATE1    ;ERICSSONPROD1  ;VENDOR2  ;VENDORPROD2    ;REV2 ;SERIAL2    ;DATE2    ;ERICSSONPROD2  ;TT ;WL1     ;WL2    
=====================================================================================================================================
 1 ;Up   ;S210-1 ;ERICSSON ;SPP10ELRIDFSEN ;10   ;CT72698695 ;20220617 ;RDH10265/2 R1A ;ERICSSON ;SPP10ELRIDFSEN ;10   ;CT72735086 ;20220621 ;RDH10265/2 R1A ;0  ;1310.00 ;1310.00
 2 ;Up   ;S211-1 ;ERICSSON ;SPP10ELRIDFSEN ;10   ;CT72733778 ;20220621 ;RDH10265/2 R1A ;ERICSSON ;SPP10ELRIDFSEN ;10   ;CT72735150 ;20220621 ;RDH10265/2 R1A ;0  ;1310.00 ;1310.00
 3 ;Up   ;S100-1 ;ERICSSON ;SPP10ELRIDFSEN ;10   ;CT72712740 ;20220617 ;RDH10265/2 R1A ;ERICSSON ;SPP10ELRIDFSEN ;10   ;CT72672728 ;20220614 ;RDH10265/2 R1A ;0  ;1310.00 ;1310.00
-------------------------------------------------------------------------------------------------------------------------------------

=====================================================================================================================================
ID ;LINK ;RiL    ;WL1     ;TEMP1 ;TXbs1 ;TXdBm1 ;RXdBm1 ;BER1   ;WL2     ;TEMP2 ;TXbs2 ;TXdBm2 ;RXdBm2 ;BER2   ;DlLoss ;UlLoss ;LENGTH ;TT
=====================================================================================================================================
 1 ;Up   ;S210-1 ;1310.00 ;42C   ;39%   ;-2.11  ;-2.35  ;   0   ;1310.00 ;30C   ;27%   ;-1.97  ;-3.11  ;   0   ;     1 ;  0.38 ;   79m ; 0
 2 ;Up   ;S211-1 ;1310.00 ;42C   ;39%   ;-2.10  ;-3.18  ;   0   ;1310.00 ;27C   ;32%   ;-2.10  ;-1.47  ;   0   ; -0.63 ;  1.08 ;   79m ; 0
 3 ;Up   ;S100-1 ;1310.00 ;45C   ;44%   ;-2.53  ;-3.08  ;   0   ;1310.00 ;36C   ;41%   ;-2.08  ;-2.09  ;   0   ; -0.44 ;     1 ;   80m ; 0
-------------------------------------------------------------------------------------------------------------------------------------

=====================================================================================================================================
ID ;RiL    ;BOARD              ;SFPLNH  ;PORT ;VENDOR   ;VENDORPROD     ;REV  ;SERIAL     ;DATE     ;ERICSSONPROD   ;WL      ;TEMP  ;TXbs  ;TXdBm  ;RXdBm  ; BER
=====================================================================================================================================
 1 ;S210-1 ;BB6630             ;000100   ;  1 ;ERICSSON ;SPP10ELRIDFSEN ;10   ;CT72698695 ;20220617 ;RDH10265/2 R1A ;1310.00 ;42C   ;39%   ;-2.11  ;-2.35  ;   0
 2 ;S211-1 ;BB6630             ;000100   ;  2 ;ERICSSON ;SPP10ELRIDFSEN ;10   ;CT72733778 ;20220621 ;RDH10265/2 R1A ;1310.00 ;42C   ;39%   ;-2.10  ;-3.18  ;   0
 3 ;S100-1 ;BB6630             ;000100   ;  4 ;ERICSSON ;SPP10ELRIDFSEN ;10   ;CT72712740 ;20220617 ;RDH10265/2 R1A ;1310.00 ;45C   ;44%   ;-2.53  ;-3.08  ;   0
 2 ;S211-1 ;RRU227922B822B20C* ;BXP_2    ;  0 ;ERICSSON ;SPP10ELRIDFSEN ;10   ;CT72735150 ;20220621 ;RDH10265/2 R1A ;1310.00 ;27C   ;32%   ;-2.10  ;-1.47  ;   0
 3 ;S100-1 ;RRU449944B144B3C   ;BXP_3    ;  1 ;ERICSSON ;SPP10ELRIDFSEN ;10   ;CT72672728 ;20220614 ;RDH10265/2 R1A ;1310.00 ;36C   ;41%   ;-2.08  ;-2.09  ;   0
 1 ;S210-1 ;RRU227922B822B20C* ;BXP_4    ;  0 ;ERICSSON ;SPP10ELRIDFSEN ;10   ;CT72735086 ;20220621 ;RDH10265/2 R1A ;1310.00 ;30C   ;27%   ;-1.97  ;-3.11  ;   0
-------------------------------------------------------------------------------------------------------------------------------------
TN ;       ;BB6630             ;000100   ;  A ;ERICSSON ;SPP10ELRIDFSEN ;10   ;CT72703397 ;20220617 ;RDH10265/2 R1A ;0       ;45C   ;40%   ;-1.88  ;-8.86  ;NZ/0
TN ;       ;BB6630             ;000100   ;  B ;ERICSSON ;SPP10ELRIDFSEN ;10   ;CT72708987 ;20220617 ;RDH10265/2 R1A ;0       ;42C   ;43%   ;-2.24  ;-2.33  ; 0/0
-------------------------------------------------------------------------------------------------------------------------------------

=====================================================================================================================================
BOARD  ;LNH    ;PORT   ;T ;S ;OpMode   ;AutoNeg ;MacAddress        ;VlanIds        ;LOS ;BER
=====================================================================================================================================
BB6630 ;000100 ;IDL_A1 ;E ;1 ;10G_FULL ;false   ;F8:97:A9:05:F0:A7 ;3908           ;0   ;0/0
BB6630 ;000100 ;TN_A   ;O ;1 ;1G_FULL  ;true    ;F8:97:A9:05:F0:A3 ;3901,3908,3910 ;0   ;NZ/0
BB6630 ;000100 ;TN_B   ;O ;1 ;10G_FULL ;false   ;F8:97:A9:05:F0:A4 ;3901,3908,3910 ;0   ;0/0
-------------------------------------------------------------------------------------------------------------------------------------

radioClockState : RNT_TIME_LOCKED
-------------------------------------------------------------------------------------
Prio  ;ST  ;syncRefType    ;refStatus  ;opQualLevel  ;SyncReference
-------------------------------------------------------------------------------------
  *1  ; 1  ;PTP_TIME       ;NO_FAULT   ;PRTC         ;Ptp=1,BoundaryOrdinaryClock=1 (G_8275_2 Router=45G_Traffic,InterfaceIPv4=LTE,AddressIPv4=LTE:SLAVE)
   2  ; 1  ;NTP_FREQUENCY  ;NO_FAULT   ;PRC          ;Ntp=1,NtpFrequencySync=NTP1 (10.31.0.54:32751 Router=45G_Traffic,InterfaceIPv4=LTE,AddressIPv4=LTE)
-------------------------------------------------------------------------------------
nodeGroupRole   : SYNC_PROVIDER (syncNodePriority=1, selectionMode=NODE_PRIORITY)
-------------------------------------------------------------------------------------
DU  ;Port  ;sharedUnitRef (RiPortA - RiPortB)  ;remoteNodePriority  ;CandidateStatus
-------------------------------------------------------------------------------------
1   ;B     ;Fru=Radio-S211-1 (1 - 2)           ;3                   ;OK_NOT_ACTIVE
1   ;A     ;Fru=Radio-S210-1 (1 - 2)           ;3                   ;OK_NOT_ACTIVE
-------------------------------------------------------------------------------------

=====================================================================================================================================
FRU          ;LNH    ;BOARD              ;RF  ;BP  ;TX (W/dBm)  ;VSWR (RL)   ;RX (dBm) ;UEs/gUEs  ;Sector/AntennaGroup/Cells (State:CellIds:PCIs)
=====================================================================================================================================
Radio-S100-1 ;BXP_3  ;RRU449944B144B3C   ; A  ;11  ;39.5 (46.0) ;1.30 (17.8) ;-95.8    ;8/-       ;SE=100 AG=100 FDD=KS3EM1 FDD=KS3ET1 (1:31:47, 1:41:183)
Radio-S100-1 ;BXP_3  ;RRU449944B144B3C   ; B  ;11  ;-           ;1.34 (16.8) ;-93.8    ;8/-       ;SE=100 AG=100 FDD=KS3EM1 FDD=KS3ET1 (1:31:47, 1:41:183)
Radio-S100-1 ;BXP_3  ;RRU449944B144B3C   ; C  ;11  ;35.4 (45.5) ;1.18 (21.6) ;-91.2    ;31/-      ;SE=101 AG=101 FDD=KS3EM2 FDD=KS3ET2 (1:32:157, 1:42:260)
Radio-S100-1 ;BXP_3  ;RRU449944B144B3C   ; D  ;11  ;31.0 (44.9) ;1.20 (20.9) ;-92.4    ;31/-      ;SE=101 AG=101 FDD=KS3EM2 FDD=KS3ET2 (1:32:157, 1:42:260)
Radio-S210-1 ;BXP_4  ;RRU227922B822B20C* ; A  ;11  ;33.2 (45.2) ;1.14 (23.9) ;-99.7    ;6/-       ;SE=210* AG=210 FDD=KS3EE1 NIOT=KS3EN1 (1:61:191, 1:161:191)
Radio-S210-1 ;BXP_4  ;RRU227922B822B20C* ; B  ;11  ;13.6 (41.3) ;1.21 (20.6) ;-99.9    ;6/-       ;SE=210* AG=210 FDD=KS3EE1 NIOT=KS3EN1 (1:61:191, 1:161:191)
Radio-S211-1 ;BXP_2  ;RRU227922B822B20C* ; A  ;11  ;52.3 (47.2) ;1.33 (17.0) ;-100.2   ;0/-       ;SE=211* AG=211 FDD=KS3EE2 NIOT=KS3EN2 (1:62:139, 1:162:139)
Radio-S211-1 ;BXP_2  ;RRU227922B822B20C* ; B  ;11  ;39.2 (45.9) ;1.34 (16.8) ;-99.8    ;0/-       ;SE=211* AG=211 FDD=KS3EE2 NIOT=KS3EN2 (1:62:139, 1:162:139)
-------------------------------------------------------------------------------------------------------------------------------------

KS3ET> mfar

251125-13:42:59+0100 19.31.7.220 25.0h MSRBS_NODE_MODEL_25.Q1_198665.224.73_bf81 stopfile=/tmp/2558188
.....
Last MO: 17687. Loaded 17687 MOs. Total: 17688 MOs.
..............................................
get /rop/A20251125.1100-1115_KS3ET.xml.gz /ericsson/log/amos/moshell_logfiles/t20251125_37258710_65084/logs_moshell/pmfiles/19.31.7.220/rop/A20251125.1100-1115_KS3ET.xml.gz ... OK
get /rop/A20251125.1115-1130_KS3ET.xml.gz /ericsson/log/amos/moshell_logfiles/t20251125_37258710_65084/logs_moshell/pmfiles/19.31.7.220/rop/A20251125.1115-1130_KS3ET.xml.gz ... OK
get /rop/A20251125.1130-1145_KS3ET.xml.gz /ericsson/log/amos/moshell_logfiles/t20251125_37258710_65084/logs_moshell/pmfiles/19.31.7.220/rop/A20251125.1130-1145_KS3ET.xml.gz ... OK

Using hardcoded thresholds: 3, 4.5, and 16.5
================================================================================================================================
SC     SE  Tx/Rx BrPair  RfPort1 - RfPort2               HW       Serial      Cell (State)   Samples   Med  Mean  SDev Pol Res Issue
================================================================================================================================
KS3EE1 210   2/2 0 (1,2) Radio-S210-1(A) Radio-S210-1(B) RRU2279  TU8U013ARJ  FDD=KS3EE1 (1)   86234  -0.5  -0.2   6.5  NA  OK Passed
KS3EE2 211   2/2 0 (1,2) Radio-S211-1(A) Radio-S211-1(B) RRU2279  TU8U01M3YE  FDD=KS3EE2 (1)   18553  -0.5  -0.3   7.0  NA  OK Passed
KS3EM1 100   2/2 0 (1,2) Radio-S100-1(A) Radio-S100-1(B) RRU4499  E23E179263  FDD=KS3EM1 (1)   26989   0.5   0.6   6.9  NA  OK Passed
KS3EM2 101   2/2 0 (1,2) Radio-S100-1(C) Radio-S100-1(D) RRU4499  E23E179263  FDD=KS3EM2 (1)   37201  -0.5  -0.2   6.5  NA  OK Passed
KS3ET1 100   2/2 0 (1,2) Radio-S100-1(A) Radio-S100-1(B) RRU4499  E23E179263  FDD=KS3ET1 (1)  125782  -0.5   0.2   7.2  NA  OK Passed
KS3ET2 101   2/2 0 (1,2) Radio-S100-1(C) Radio-S100-1(D) RRU4499  E23E179263  FDD=KS3ET2 (1)  276689  -0.5  -0.7   7.4  NA  OK Passed
================================================================================================================================
Total: 6 SectorCarriers, 6 RfBranch Pairs (6 OK, 0 OKW, 0 NOK, 0 NT)
......
Last MO: 17687. Loaded 17687 MOs. Total: 17688 MOs.

No NRSectorCarrier MOs are defined on the node.

KS3ET> mfitr

251125-13:43:16+0100 19.31.7.220 25.0h MSRBS_NODE_MODEL_25.Q1_198665.224.73_bf81 stopfile=/tmp/2558188
.........
Last MO: 17687. Loaded 17687 MOs. Total: 17688 MOs.
.......
2025-11-25 13:43
================================================================================================================================
CELL       SC     FRU          BOARD             PUSCH  PUCCH       A      B      C      D  DELTA
================================================================================================================================
FDD=KS3EE1 KS3EE1 Radio-S210-1 RRU227922B822B20C -119.0 -118.0 -118.1 -118.8                  0.7
FDD=KS3EE2 KS3EE2 Radio-S211-1 RRU227922B822B20C -118.2 -116.8 -117.5 -117.0                  0.5
FDD=KS3EM1 KS3EM1 Radio-S100-1 RRU449944B144B3C  -120.1 -120.1 -119.8 -119.8                    0
FDD=KS3EM2 KS3EM2 Radio-S100-1 RRU449944B144B3C  -120.3 -120.3               -119.9 -120.2    0.3
FDD=KS3ET1 KS3ET1 Radio-S100-1 RRU449944B144B3C  -117.9 -117.4 -118.0 -117.7                  0.3
FDD=KS3ET2 KS3ET2 Radio-S100-1 RRU449944B144B3C  -116.1 -116.2               -115.3 -117.0    1.7
================================================================================================================================
Bye...
Output has been logged to file /mta_fs/UserFiles/37258710/amosbatch/SDIR/KS3ET.log
