Logging to file /mta_fs/UserFiles/37258710/amosbatch/SDIR/KS3FT.log
                        __  __  ____   _____
                  /\   |  \/  |/ __ \ / ____|
                 /  \  | \  / | |  | | (___  
                / /\ \ | |\/| | |  | |\___ \ 
               / ____ \| |  | | |__| |____) |
              /_/    \_\_|  |_|\____/|_____/
              OSS Framework for MoShell-25.0h 
  Copyright (c) Ericsson AB 2001-2025 - All Rights Reserved
              
           
[1;31mWARNING: [0mthe AMOS version currently running is more than 29 weeks old and is unsupported.
Please upgrade as soon as possible to the latest released version, available from your local Ericsson support.

$amosrb_pid = 2908704

Checking ip contact...OK

HELP MENU            : h
BASIC MO COMMANDS    : m
OTHER MO COMMANDS    : n
OTHER COMMANDS       : o
PM COMMANDS          : p
QUIT                 : q

KS3FT> lt all

251125-15:24:44+0100 19.31.4.218 25.0h  stopfile=/tmp/2908602
Looking up temporary_amos account... OK.
Trying temporary_amos_t20251125_37258710_65084_131's password from amos lookupAccount ... OK

$ssh_pid = 2909072

Connected to 19.31.4.218 (SubNetwork=BBMM_rckomc_R,MeContext=KS3FT,ManagedElement=KS3FT)

Checking MOM version...MSRBS_NODE_MODEL_25.Q1_198665.224.73_bf81
Parsing MOM (cached): /ericsson/log/amos/moshell_logfiles/t20251125_37258710_65084/logs_moshell/tempfiles/scp-4-amos_20251125-152438_2908540/MSRBS_NODE_MODEL_25.Q1_198665.224.73_bf81.xml.cache.gz ......................................................................................................................................................................................................................Done.
Using paramfile /opt/ericsson/amos/moshell/commonjars/pm/PARAM_MSRBSG2_25.Q1.txt
Parsing file /opt/ericsson/amos/moshell/commonjars/pm/PARAM_MSRBSG2_25.Q1.txt ......................................................................................Done.
Using imomdfile /opt/ericsson/amos/moshell/commonjars/pm/IMOMD_MSRBS_22.Q4.txt
Using imomfile /opt/ericsson/amos/moshell/commonjars/pm/IMOM_MSRBS_25.Q1.txt
Connected to 19.31.4.218 (SubNetwork=BBMM_rckomc_R,MeContext=KS3FT,ManagedElement=KS3FT)

Last MO: 18862. Loaded 18862 MOs. Total: 18863 MOs.

KS3FT> st cell

251125-15:25:04+0100 19.31.4.218 25.0h MSRBS_NODE_MODEL_25.Q1_198665.224.73_bf81 stopfile=/tmp/2908602
===================================================================================
Proxy  Adm State     Op. State     MO
===================================================================================
   43  1 (UNLOCKED)  1 (ENABLED)   ENodeBFunction=1,EUtranCellFDD=KS3FE1
  170  1 (UNLOCKED)  1 (ENABLED)   ENodeBFunction=1,EUtranCellFDD=KS3FE2
  484  1 (UNLOCKED)  1 (ENABLED)   ENodeBFunction=1,EUtranCellFDD=KS3FM1
  583  1 (UNLOCKED)  1 (ENABLED)   ENodeBFunction=1,EUtranCellFDD=KS3FM2
  844  1 (UNLOCKED)  1 (ENABLED)   ENodeBFunction=1,EUtranCellFDD=KS3FT1
  957  1 (UNLOCKED)  1 (ENABLED)   ENodeBFunction=1,EUtranCellFDD=KS3FT2
 2233  1 (UNLOCKED)  1 (ENABLED)   ENodeBFunction=1,NbIotCell=KS3FN1
 2234  1 (UNLOCKED)  1 (ENABLED)   ENodeBFunction=1,NbIotCell=KS3FN2
===================================================================================
Total: 8 MOs

KS3FT> st radio

251125-15:25:05+0100 19.31.4.218 25.0h MSRBS_NODE_MODEL_25.Q1_198665.224.73_bf81 stopfile=/tmp/2908602
===================================================================================
Proxy  Adm State     Op. State     MO
===================================================================================
 3173  1 (UNLOCKED)  1 (ENABLED)   Equipment=1,FieldReplaceableUnit=Radio-S100-1
 3196  1 (UNLOCKED)  1 (ENABLED)   Equipment=1,FieldReplaceableUnit=Radio-S210-1
 3213  1 (UNLOCKED)  1 (ENABLED)   Equipment=1,FieldReplaceableUnit=Radio-S211-1
18856  1 (UNLOCKED)  1 (ENABLED)   Transport=1,Synchronization=1,RadioEquipmentClock=1,RadioEquipmentClockReference=NTP1
18857  1 (UNLOCKED)  1 (ENABLED)   Transport=1,Synchronization=1,RadioEquipmentClock=1,RadioEquipmentClockReference=PTP8275_2
===================================================================================
Total: 5 MOs

KS3FT> sdir

251125-15:25:05+0100 19.31.4.218 25.0h MSRBS_NODE_MODEL_25.Q1_198665.224.73_bf81 stopfile=/tmp/2908602
INFO: Using amos lookupAccount credentials for the export login
...........................
get /rop/A20251125.1330-1345_KS3FT.xml.gz /ericsson/log/amos/moshell_logfiles/t20251125_37258710_65084/logs_moshell/pmfiles/19.31.4.218/rop/A20251125.1330-1345_KS3FT.xml.gz ... OK
get /rop/A20251125.1345-1400_KS3FT.xml.gz /ericsson/log/amos/moshell_logfiles/t20251125_37258710_65084/logs_moshell/pmfiles/19.31.4.218/rop/A20251125.1345-1400_KS3FT.xml.gz ... OK
get /rop/A20251125.1400-1415_KS3FT.xml.gz /ericsson/log/amos/moshell_logfiles/t20251125_37258710_65084/logs_moshell/pmfiles/19.31.4.218/rop/A20251125.1400-1415_KS3FT.xml.gz ... OK
...Checking available boards on node...

Collecting RCS board data ...
..................................................................................
.
...............................................................................................................................................................................................................................................................
......
Collecting TN data...
.....................................................................................................................................................................................................................................................
Collecting RF data...
.
Collecting Alarms...
Executing action Log.export()
...
Log=AlarmLog                    actionId=21792
........
Executing action LogM.exportAvailabilityLog()
..LogM=1,exportAvailabilityLog    actionId=21793
........Parsing alarmLog.........Done.
Parsing availabilityLog........Done.
...........

Total: 3 CPRI links (3 OK, 0 OKW, 0 NOK, 0 NT)

+--------+                      +--------------------+
|        | A        O101     D1 |    Radio-S210-1    |
|        |-----------1----------| RRU227922B822B20C* |
|        |         OK-83m       |       BXP_3        |
|        |                      +--------------------+
|        |                                     |A  |B
|        |                  SE=210* AG=210 FDD=KS3FE1
|        |                                NIOT=KS3FN1
|        |
|        |                      +--------------------+
|        | B        O101     D1 |    Radio-S211-1    |
|        |-----------2----------| RRU227922B822B20C* |
|        |         OK-80m       |       BXP_4        |
|  BB-1  |                      +--------------------+
| BB6630 |                                     |A  |B
| 000100 |                  SE=211* AG=211 FDD=KS3FE2
|        |                                NIOT=KS3FN2
|        |
|        |                      +------------------+
|        | D        O101     D2 |   Radio-S100-1   |
|        |-----------3----------| RRU449944B144B3C |
|        |         OK-83m       |      BXP_2       |
|        |                      +------------------+
|        |                           |A  |B  |C  |D
|        |                    SE=100 AG=100  |   |
|        |            FDD=KS3FM1 FDD=KS3FT1  |   |
|        |                            SE=101 AG=101
|        |                    FDD=KS3FM2 FDD=KS3FT2
|        |
+--------+

=====================================================================================================================================
ID RiL    Type Res MO1-MO2                  BOARD1-BOARD2             AlmIDs Cells (States)                                        Issue (Failed checks)
=====================================================================================================================================
 1 S210-1 O101 OK  BB-1(A) Radio-S210-1(D1) BB6630 RRU227922B822B20C*        FDD=KS3FE1 NIOT=KS3FN1 (1,1)                          Passed
 2 S211-1 O101 OK  BB-1(B) Radio-S211-1(D1) BB6630 RRU227922B822B20C*        FDD=KS3FE2 NIOT=KS3FN2 (1,1)                          Passed
 3 S100-1 O101 OK  BB-1(D) Radio-S100-1(D2) BB6630 RRU449944B144B3C          FDD=KS3FM1 FDD=KS3FM2 FDD=KS3FT1 FDD=KS3FT2 (1,1,1,1) Passed
-------------------------------------------------------------------------------------------------------------------------------------

Node: RadioNode L   CXP9024418/16_R8D21 (RCG123.3-3)   G2   LTE-FDD,LTE-IoT 

=====================================================================================================================================
FRU          ;LNH    ;BOARD              ;ST ;FAULT ;OPER ;MAINT ;STAT ;PRODUCTNUMBER   ;REV     ;SERIAL        ;DATE     ;PMTEMP ; TEMP ; UPT ;VOLT ;SW                   ;
=====================================================================================================================================
BB-1         ;000100 ;BB6630             ; 1 ;  OFF ;  ON ;  OFF ;  ON ;KDU137848/11    ;R3D     ;E96A00JAZZ    ;20210917 ;4 (OK) ;      ;30.8 ;48   ;                     ;
Radio-S100-1 ;BXP_2  ;RRU449944B144B3C   ; 1 ;  OFF ;  ON ;  OFF ; N/A ;KRC161787/1     ;R2G     ;TU8U01Q6PZ    ;20220901 ;4 (OK) ; 25.0 ;30.8 ;51.5 ;CXP9013268%15_R101KB ; (Radio449944B144B3C)
Radio-S210-1 ;BXP_3  ;RRU227922B822B20C* ; 1 ;  OFF ;  ON ;  OFF ; N/A ;KRC161864/1     ;R1E     ;TU8U01Q3MM    ;20220830 ;4 (OK) ; 25.5 ;30.8 ;52.9 ;CXP9013268%15_R101KB ; (Radio227922B822B20C)
Radio-S211-1 ;BXP_4  ;RRU227922B822B20C* ; 1 ;  OFF ;  ON ;  OFF ; N/A ;KRC161864/1     ;R1E     ;TU8U01Q44B    ;20220831 ;4 (OK) ; 26.5 ;30.8 ;52.3 ;CXP9013268%15_R101KB ; (Radio227922B822B20C)
-------------------------------------------------------------------------------------------------------------------------------------

=====================================================================================================================================
AntennaNearUnit                                     ;ST  ;TYPE   ;PRODUCTNR  ;REV             ;UNIQUEID             ;RfPort
=====================================================================================================================================
AntennaUnitGroup=210,AntennaNearUnit=RET_1800_2100  ; 1  ;S-RET  ;RETINSIDE  ;RF11CIPT_VER.C  ;HWM1011H50186029yyR  ;FieldReplaceableUnit=Radio-S210-1,RfPort=R
AntennaUnitGroup=210,AntennaNearUnit=RET_800_900    ; 1  ;S-RET  ;RETINSIDE  ;RF11CIPT_VER.C  ;HWM1011H5018427960r  ;FieldReplaceableUnit=Radio-S210-1,RfPort=R
AntennaUnitGroup=211,AntennaNearUnit=RET_1800_2100  ; 1  ;S-RET  ;RETINSIDE  ;RF11CIPT_VER.C  ;HWM1011H5019C219yyR  ;FieldReplaceableUnit=Radio-S211-1,RfPort=R
AntennaUnitGroup=211,AntennaNearUnit=RET_800_900    ; 1  ;S-RET  ;RETINSIDE  ;RF11CIPT_VER.C  ;HWM1011H5019A03580r  ;FieldReplaceableUnit=Radio-S211-1,RfPort=R
-------------------------------------------------------------------------------------------------------------------------------------

=====================================================================================================================================
XPBOARD  ;ST ;FAULT ;OPER ;PRODUCTNUMBER ;REV ;SERIAL/NAME ;DATE     ; TEMP ;MO
=====================================================================================================================================
FAN      ; 1 ;N/A   ;N/A  ;BKV106217/1   ;N/A ;N/A         ;N/A      ;      ;SupportUnit=1 (FAN  BB-1)
-------------------------------------------------------------------------------------------------------------------------------------

=====================================================================================================================================
ID ;T ;RiL    ;BPBP ;BOARD1             ;LNH1 ;PORT ;R ;LINK ;RATE  ; BER ;BOARD2             ;LNH2 ;PORT ;R ;LINK ;RATE  ; BER ;LENGTH ;MO1 - MO2
=====================================================================================================================================
 1 ;O ;S210-1 ;1111 ;BB6630             ;000100 ; 1 ;M ;Up   ;10.1G ;   0 ;RRU227922B822B20C* ;BXP_3  ; 0 ;S ;Up   ;10.1G ;   0 ;   83m ;Fru=BB-1(A) Fru=Radio-S210-1(D1)
 2 ;O ;S211-1 ;1111 ;BB6630             ;000100 ; 2 ;M ;Up   ;10.1G ;   0 ;RRU227922B822B20C* ;BXP_4  ; 0 ;S ;Up   ;10.1G ;   0 ;   80m ;Fru=BB-1(B) Fru=Radio-S211-1(D1)
 3 ;O ;S100-1 ;1111 ;BB6630             ;000100 ; 4 ;M ;Up   ;10.1G ;   0 ;RRU449944B144B3C   ;BXP_2  ; 1 ;S ;Up   ;10.1G ;   0 ;   83m ;Fru=BB-1(D) Fru=Radio-S100-1(D2)
-------------------------------------------------------------------------------------------------------------------------------------

=====================================================================================================================================
ID ;LINK ;RiL    ;VENDOR1  ;VENDORPROD1      ;REV1 ;SERIAL1         ;DATE1    ;ERICSSONPROD1  ;VENDOR2  ;VENDORPROD2      ;REV2 ;SERIAL2         ;DATE2    ;ERICSSONPROD2  ;TT ;WL1     ;WL2    
=====================================================================================================================================
 1 ;Up   ;S210-1 ;ERICSSON ;SPP10ELRIDFSEN   ;10   ;CT72925170      ;20220811 ;RDH10265/2 R1A ;ERICSSON ;SPP10ELRIDFSEN   ;10   ;CT72929249      ;20220812 ;RDH10265/2 R1A ;0  ;1310.00 ;1310.00
 2 ;Up   ;S211-1 ;ERICSSON ;SPP10ELRIDFSEN   ;10   ;CT72931198      ;20220812 ;RDH10265/2 R1A ;ERICSSON ;SPP10ELRIDFSEN   ;10   ;CT72931210      ;20220812 ;RDH10265/2 R1A ;0  ;1310.00 ;1310.00
 3 ;Up   ;S100-1 ;ERICSSON ;SPP10ELRIDFSEN   ;10   ;CT72882507      ;20220805 ;RDH10265/2 R1A ;ERICSSON ;SPP10ELRIDFSEN   ;10   ;CT72923961      ;20220811 ;RDH10265/2 R1A ;0  ;1310.00 ;1310.00
-------------------------------------------------------------------------------------------------------------------------------------

=====================================================================================================================================
ID ;LINK ;RiL    ;WL1     ;TEMP1 ;TXbs1 ;TXdBm1 ;RXdBm1 ;BER1   ;WL2     ;TEMP2 ;TXbs2 ;TXdBm2 ;RXdBm2 ;BER2   ;DlLoss ;UlLoss ;LENGTH ;TT
=====================================================================================================================================
 1 ;Up   ;S210-1 ;1310.00 ;60C   ;35%   ;-1.58  ;-2.29  ;   0   ;1310.00 ;29C   ;39%   ;-2.11  ;-2.09  ;   0   ;  0.51 ;  0.18 ;   83m ; 0
 2 ;Up   ;S211-1 ;1310.00 ;58C   ;43%   ;-2.10  ;-3.29  ;   0   ;1310.00 ;31C   ;41%   ;-3.14  ;-2.48  ;   0   ;  0.38 ;  0.15 ;   80m ; 0
 3 ;Up   ;S100-1 ;1310.00 ;61C   ;43%   ;-2.15  ;-1.25  ;   0   ;1310.00 ;26C   ;46%   ;-2.34  ;-2.35  ;   0   ;   0.2 ; -1.09 ;   83m ; 0
-------------------------------------------------------------------------------------------------------------------------------------

=====================================================================================================================================
ID ;RiL    ;BOARD              ;SFPLNH  ;PORT ;VENDOR   ;VENDORPROD       ;REV  ;SERIAL          ;DATE     ;ERICSSONPROD   ;WL      ;TEMP  ;TXbs  ;TXdBm  ;RXdBm  ; BER
=====================================================================================================================================
 1 ;S210-1 ;BB6630             ;000100   ;  1 ;ERICSSON ;SPP10ELRIDFSEN   ;10   ;CT72925170      ;20220811 ;RDH10265/2 R1A ;1310.00 ;60C   ;35%   ;-1.58  ;-2.29  ;   0
 2 ;S211-1 ;BB6630             ;000100   ;  2 ;ERICSSON ;SPP10ELRIDFSEN   ;10   ;CT72931198      ;20220812 ;RDH10265/2 R1A ;1310.00 ;58C   ;43%   ;-2.10  ;-3.29  ;   0
 3 ;S100-1 ;BB6630             ;000100   ;  4 ;ERICSSON ;SPP10ELRIDFSEN   ;10   ;CT72882507      ;20220805 ;RDH10265/2 R1A ;1310.00 ;61C   ;43%   ;-2.15  ;-1.25  ;   0
 3 ;S100-1 ;RRU449944B144B3C   ;BXP_2    ;  1 ;ERICSSON ;SPP10ELRIDFSEN   ;10   ;CT72923961      ;20220811 ;RDH10265/2 R1A ;1310.00 ;26C   ;46%   ;-2.34  ;-2.35  ;   0
 1 ;S210-1 ;RRU227922B822B20C* ;BXP_3    ;  0 ;ERICSSON ;SPP10ELRIDFSEN   ;10   ;CT72929249      ;20220812 ;RDH10265/2 R1A ;1310.00 ;29C   ;39%   ;-2.11  ;-2.09  ;   0
 2 ;S211-1 ;RRU227922B822B20C* ;BXP_4    ;  0 ;ERICSSON ;SPP10ELRIDFSEN   ;10   ;CT72931210      ;20220812 ;RDH10265/2 R1A ;1310.00 ;31C   ;41%   ;-3.14  ;-2.48  ;   0
-------------------------------------------------------------------------------------------------------------------------------------
TN ;       ;BB6630             ;000100   ;  A ;DELTA    ;LCP-2488B4MDRME1 ;A    ;2126060A0300868 ;20210623 ;RDH10247/4 R2A ;0       ;48C   ;32%   ;0.48   ;-7.57  ;NZ/0
TN ;       ;BB6630             ;000100   ;  B ;ERICSSON ;SPP10ELRIDFSEN   ;10   ;CT72847012      ;20220725 ;RDH10265/2 R1A ;0       ;55C   ;39%   ;-2.13  ;-2.22  ; 0/0
-------------------------------------------------------------------------------------------------------------------------------------

=====================================================================================================================================
BOARD  ;LNH    ;PORT ;T ;S ;OpMode   ;AutoNeg ;MacAddress        ;VlanIds        ;LOS ;BER
=====================================================================================================================================
BB6630 ;000100 ;TN_A ;O ;1 ;1G_FULL  ;true    ;58:45:4C:F2:9D:8B ;3901,3908,3910 ;0   ;NZ/0
BB6630 ;000100 ;TN_B ;O ;1 ;10G_FULL ;false   ;58:45:4C:F2:9D:8C ;3901,3910      ;0   ;0/0
-------------------------------------------------------------------------------------------------------------------------------------

radioClockState : RNT_TIME_LOCKED
-------------------------------------------------------------------------------------
Prio  ;ST  ;syncRefType    ;refStatus  ;opQualLevel  ;SyncReference
-------------------------------------------------------------------------------------
  *1  ; 1  ;PTP_TIME       ;NO_FAULT   ;PRTC         ;Ptp=1,BoundaryOrdinaryClock=1 (G_8275_2 Router=45G_Traffic,InterfaceIPv4=LTE,AddressIPv4=LTE:SLAVE)
   2  ; 1  ;NTP_FREQUENCY  ;NO_FAULT   ;PRC          ;Ntp=1,NtpFrequencySync=NTP1 (10.31.0.54:32751 Router=45G_Traffic,InterfaceIPv4=LTE,AddressIPv4=LTE)
-------------------------------------------------------------------------------------
nodeGroupRole   : SYNC_PROVIDER (syncNodePriority=1, selectionMode=NODE_PRIORITY)
-------------------------------------------------------------------------------------
DU  ;Port  ;sharedUnitRef (RiPortA - RiPortB)  ;remoteNodePriority  ;CandidateStatus
-------------------------------------------------------------------------------------
1   ;B     ;Fru=Radio-S211-1 (1 - 2)           ;3                   ;OK_NOT_ACTIVE
1   ;A     ;Fru=Radio-S210-1 (1 - 2)           ;3                   ;OK_NOT_ACTIVE
-------------------------------------------------------------------------------------

=====================================================================================================================================
FRU          ;LNH    ;BOARD              ;RF  ;BP  ;TX (W/dBm)  ;VSWR (RL)   ;RX (dBm) ;UEs/gUEs  ;Sector/AntennaGroup/Cells (State:CellIds:PCIs)
=====================================================================================================================================
Radio-S100-1 ;BXP_2  ;RRU449944B144B3C   ; A  ;11  ;23.1 (43.6) ;1.15 (23.3) ;-93.6    ;35/-      ;SE=100 AG=100 FDD=KS3FM1 FDD=KS3FT1 (1:31:33, 1:41:263)
Radio-S100-1 ;BXP_2  ;RRU449944B144B3C   ; B  ;11  ;24.6 (43.9) ;1.08 (28.4) ;-94.4    ;35/-      ;SE=100 AG=100 FDD=KS3FM1 FDD=KS3FT1 (1:31:33, 1:41:263)
Radio-S100-1 ;BXP_2  ;RRU449944B144B3C   ; C  ;11  ;58.7 (47.7) ;1.12 (24.9) ;-90.6    ;44/-      ;SE=101 AG=101 FDD=KS3FM2 FDD=KS3FT2 (1:32:31, 1:42:29)
Radio-S100-1 ;BXP_2  ;RRU449944B144B3C   ; D  ;11  ;54.1 (47.3) ;1.16 (22.8) ;-91.6    ;44/-      ;SE=101 AG=101 FDD=KS3FM2 FDD=KS3FT2 (1:32:31, 1:42:29)
Radio-S210-1 ;BXP_3  ;RRU227922B822B20C* ; A  ;11  ;19.6 (42.9) ;1.14 (23.9) ;-97.5    ;9/-       ;SE=210* AG=210 FDD=KS3FE1 NIOT=KS3FN1 (1:61:397, 1:161:397)
Radio-S210-1 ;BXP_3  ;RRU227922B822B20C* ; B  ;11  ;18.8 (42.7) ;1.19 (21.4) ;-98.5    ;9/-       ;SE=210* AG=210 FDD=KS3FE1 NIOT=KS3FN1 (1:61:397, 1:161:397)
Radio-S211-1 ;BXP_4  ;RRU227922B822B20C* ; A  ;11  ;35.0 (45.4) ;1.12 (24.9) ;-94.1    ;16/-      ;SE=211* AG=211 FDD=KS3FE2 NIOT=KS3FN2 (1:62:454, 1:162:454)
Radio-S211-1 ;BXP_4  ;RRU227922B822B20C* ; B  ;11  ;34.5 (45.4) ;1.11 (25.3) ;-94.4    ;16/-      ;SE=211* AG=211 FDD=KS3FE2 NIOT=KS3FN2 (1:62:454, 1:162:454)
-------------------------------------------------------------------------------------------------------------------------------------

KS3FT> mfar

251125-15:27:27+0100 19.31.4.218 25.0h MSRBS_NODE_MODEL_25.Q1_198665.224.73_bf81 stopfile=/tmp/2908602
.....
Last MO: 18867. Loaded 18867 MOs. Total: 18868 MOs.
...........................................
get /rop/A20251125.1245-1300_KS3FT.xml.gz /ericsson/log/amos/moshell_logfiles/t20251125_37258710_65084/logs_moshell/pmfiles/19.31.4.218/rop/A20251125.1245-1300_KS3FT.xml.gz ... OK
get /rop/A20251125.1300-1315_KS3FT.xml.gz /ericsson/log/amos/moshell_logfiles/t20251125_37258710_65084/logs_moshell/pmfiles/19.31.4.218/rop/A20251125.1300-1315_KS3FT.xml.gz ... OK
get /rop/A20251125.1315-1330_KS3FT.xml.gz /ericsson/log/amos/moshell_logfiles/t20251125_37258710_65084/logs_moshell/pmfiles/19.31.4.218/rop/A20251125.1315-1330_KS3FT.xml.gz ... OK

Using hardcoded thresholds: 3, 4.5, and 16.5
================================================================================================================================
SC     SE  Tx/Rx BrPair  RfPort1 - RfPort2               HW       Serial      Cell (State)   Samples   Med  Mean  SDev Pol Res Issue
================================================================================================================================
KS3FE1 210   2/2 0 (1,2) Radio-S210-1(A) Radio-S210-1(B) RRU2279  TU8U01Q3MM  FDD=KS3FE1 (1)  176574   0.5  -0.1   6.4  NA  OK Passed
KS3FE2 211   2/2 0 (1,2) Radio-S211-1(A) Radio-S211-1(B) RRU2279  TU8U01Q44B  FDD=KS3FE2 (1)  260603   0.5  -0.0   6.4  NA  OK Passed
KS3FM1 100   2/2 0 (1,2) Radio-S100-1(A) Radio-S100-1(B) RRU4499  TU8U01Q6PZ  FDD=KS3FM1 (1)   24244   0.5   0.1   6.9  NA  OK Passed
KS3FM2 101   2/2 0 (1,2) Radio-S100-1(C) Radio-S100-1(D) RRU4499  TU8U01Q6PZ  FDD=KS3FM2 (1)  201227   0.5   0.3   6.6  NA  OK Passed
KS3FT1 100   2/2 0 (1,2) Radio-S100-1(A) Radio-S100-1(B) RRU4499  TU8U01Q6PZ  FDD=KS3FT1 (1)  349514  -0.5  -0.9   6.8  NA  OK Passed
KS3FT2 101   2/2 0 (1,2) Radio-S100-1(C) Radio-S100-1(D) RRU4499  TU8U01Q6PZ  FDD=KS3FT2 (1)  286316  -0.5   0.0   6.1  NA  OK Passed
================================================================================================================================
Total: 6 SectorCarriers, 6 RfBranch Pairs (6 OK, 0 OKW, 0 NOK, 0 NT)
......
Last MO: 18867. Loaded 18867 MOs. Total: 18868 MOs.

No NRSectorCarrier MOs are defined on the node.

KS3FT> mfitr

251125-15:27:46+0100 19.31.4.218 25.0h MSRBS_NODE_MODEL_25.Q1_198665.224.73_bf81 stopfile=/tmp/2908602
.........
Last MO: 18867. Loaded 18867 MOs. Total: 18868 MOs.
.......
2025-11-25 15:28
================================================================================================================================
CELL       SC     FRU          BOARD             PUSCH  PUCCH       A      B      C      D  DELTA
================================================================================================================================
FDD=KS3FE1 KS3FE1 Radio-S210-1 RRU227922B822B20C -117.4 -113.3 -116.6 -116.4                  0.2
FDD=KS3FE2 KS3FE2 Radio-S211-1 RRU227922B822B20C -114.0 -110.1 -114.3 -114.1                  0.2
FDD=KS3FM1 KS3FM1 Radio-S100-1 RRU449944B144B3C  -118.6 -119.2 -118.5 -118.4                  0.1
FDD=KS3FM2 KS3FM2 Radio-S100-1 RRU449944B144B3C  -117.4 -117.4               -117.5 -117.4    0.1
FDD=KS3FT1 KS3FT1 Radio-S100-1 RRU449944B144B3C  -117.7 -118.2 -118.4 -118.2                  0.2
FDD=KS3FT2 KS3FT2 Radio-S100-1 RRU449944B144B3C  -112.1 -113.8               -114.1 -114.5    0.4
================================================================================================================================
Bye...
Output has been logged to file /mta_fs/UserFiles/37258710/amosbatch/SDIR/KS3FT.log
