Logging to file /mta_fs/UserFiles/37258710/amosbatch/SDIR/KS4CE.log
                        __  __  ____   _____
                  /\   |  \/  |/ __ \ / ____|
                 /  \  | \  / | |  | | (___  
                / /\ \ | |\/| | |  | |\___ \ 
               / ____ \| |  | | |__| |____) |
              /_/    \_\_|  |_|\____/|_____/
              OSS Framework for MoShell-25.0h 
  Copyright (c) Ericsson AB 2001-2025 - All Rights Reserved
              
           
[1;31mWARNING: [0mthe AMOS version currently running is more than 29 weeks old and is unsupported.
Please upgrade as soon as possible to the latest released version, available from your local Ericsson support.

$amosrb_pid = 1711666

Checking ip contact...OK

HELP MENU            : h
BASIC MO COMMANDS    : m
OTHER MO COMMANDS    : n
OTHER COMMANDS       : o
PM COMMANDS          : p
QUIT                 : q

KS4CE> lt all

251125-09:27:02+0100 19.31.7.208 25.0h  stopfile=/tmp/1711585
Looking up temporary_amos account... OK.
Trying temporary_amos_t20251125_37258710_65084_131's password from amos lookupAccount ... OK

$ssh_pid = 1712369

Connected to 19.31.7.208 (SubNetwork=BBMM_rckomc_R,MeContext=KS4CE,ManagedElement=KS4CE)

Checking MOM version...MSRBS_NODE_MODEL_25.Q1_198665.224.73_bf81
Parsing MOM (cached): /ericsson/log/amos/moshell_logfiles/t20251125_37258710_65084/logs_moshell/tempfiles/scp-4-amos_20251125-092656_1711524/MSRBS_NODE_MODEL_25.Q1_198665.224.73_bf81.xml.cache.gz ......................................................................................................................................................................................................................Done.
Using paramfile /opt/ericsson/amos/moshell/commonjars/pm/PARAM_MSRBSG2_25.Q1.txt
Parsing file /opt/ericsson/amos/moshell/commonjars/pm/PARAM_MSRBSG2_25.Q1.txt ......................................................................................Done.
Using imomdfile /opt/ericsson/amos/moshell/commonjars/pm/IMOMD_MSRBS_22.Q4.txt
Using imomfile /opt/ericsson/amos/moshell/commonjars/pm/IMOM_MSRBS_25.Q1.txt
Connected to 19.31.7.208 (SubNetwork=BBMM_rckomc_R,MeContext=KS4CE,ManagedElement=KS4CE)

Last MO: 19943. Loaded 19943 MOs. Total: 19944 MOs.

KS4CE> st cell

251125-09:27:23+0100 19.31.7.208 25.0h MSRBS_NODE_MODEL_25.Q1_198665.224.73_bf81 stopfile=/tmp/1711585
===================================================================================
Proxy  Adm State     Op. State     MO
===================================================================================
   43  1 (UNLOCKED)  1 (ENABLED)   ENodeBFunction=1,EUtranCellFDD=KS4CE1
  169  1 (UNLOCKED)  1 (ENABLED)   ENodeBFunction=1,EUtranCellFDD=KS4CE2
  270  1 (UNLOCKED)  1 (ENABLED)   ENodeBFunction=1,EUtranCellFDD=KS4CE3
  379  1 (UNLOCKED)  1 (ENABLED)   ENodeBFunction=1,EUtranCellFDD=KS4CJ1
  498  1 (UNLOCKED)  1 (ENABLED)   ENodeBFunction=1,EUtranCellFDD=KS4CJ2
  594  1 (UNLOCKED)  1 (ENABLED)   ENodeBFunction=1,EUtranCellFDD=KS4CJ3
  685  1 (UNLOCKED)  1 (ENABLED)   ENodeBFunction=1,EUtranCellFDD=KS4CM1
  814  1 (UNLOCKED)  1 (ENABLED)   ENodeBFunction=1,EUtranCellFDD=KS4CM2
  913  1 (UNLOCKED)  1 (ENABLED)   ENodeBFunction=1,EUtranCellFDD=KS4CM3
 1017  1 (UNLOCKED)  1 (ENABLED)   ENodeBFunction=1,EUtranCellFDD=KS4CT1
 1148  1 (UNLOCKED)  1 (ENABLED)   ENodeBFunction=1,EUtranCellFDD=KS4CT2
 1249  1 (UNLOCKED)  1 (ENABLED)   ENodeBFunction=1,EUtranCellFDD=KS4CT3
 1805  1 (UNLOCKED)  1 (ENABLED)   ENodeBFunction=1,NbIotCell=KS4CN1
 1806  1 (UNLOCKED)  1 (ENABLED)   ENodeBFunction=1,NbIotCell=KS4CN2
 1807  1 (UNLOCKED)  1 (ENABLED)   ENodeBFunction=1,NbIotCell=KS4CN3
 2787                1 (ENABLED)   GNBCUCPFunction=1,EUtraNetwork=1,ExternalENodeBFunction=auto222_1_2_210525,ExternalEUtranCell=2221-210525-71
 2788                1 (ENABLED)   GNBCUCPFunction=1,EUtraNetwork=1,ExternalENodeBFunction=auto222_1_2_210525,ExternalEUtranCell=2221-210525-72
 2789                1 (ENABLED)   GNBCUCPFunction=1,EUtraNetwork=1,ExternalENodeBFunction=auto222_1_2_210525,ExternalEUtranCell=2221-210525-73
 3137  1 (UNLOCKED)  1 (ENABLED)   GNBDUFunction=1,NRCellDU=KS4CG1
 3139  1 (UNLOCKED)  1 (ENABLED)   GNBDUFunction=1,NRCellDU=KS4CG2
 3141  1 (UNLOCKED)  1 (ENABLED)   GNBDUFunction=1,NRCellDU=KS4CG3
===================================================================================
Total: 21 MOs

INFO: NRCellDU status needs to be printed with command "stz" or "hget ,nrcell state" due to dependency to cellState/serviceState attributes.

KS4CE> st radio

251125-09:27:24+0100 19.31.7.208 25.0h MSRBS_NODE_MODEL_25.Q1_198665.224.73_bf81 stopfile=/tmp/1711585
===================================================================================
Proxy  Adm State     Op. State     MO
===================================================================================
 2602  1 (UNLOCKED)  1 (ENABLED)   Equipment=1,FieldReplaceableUnit=Radio-S100-1
 2625  1 (UNLOCKED)  1 (ENABLED)   Equipment=1,FieldReplaceableUnit=Radio-S102-1
 2648  1 (UNLOCKED)  1 (ENABLED)   Equipment=1,FieldReplaceableUnit=Radio-S220-1
 2675  1 (UNLOCKED)  1 (ENABLED)   Equipment=1,FieldReplaceableUnit=Radio-S221-1
 2702  1 (UNLOCKED)  1 (ENABLED)   Equipment=1,FieldReplaceableUnit=Radio-S222-1
19935  1 (UNLOCKED)  1 (ENABLED)   Transport=1,Synchronization=1,RadioEquipmentClock=1,RadioEquipmentClockReference=NTP1
19936  1 (UNLOCKED)  1 (ENABLED)   Transport=1,Synchronization=1,RadioEquipmentClock=1,RadioEquipmentClockReference=PTP8275_2
===================================================================================
Total: 7 MOs

KS4CE> sdir

251125-09:27:24+0100 19.31.7.208 25.0h MSRBS_NODE_MODEL_25.Q1_198665.224.73_bf81 stopfile=/tmp/1711585
INFO: Using amos lookupAccount credentials for the export login
.....................
get /rop/A20251125.0730-0745_KS4CE.xml.gz /ericsson/log/amos/moshell_logfiles/t20251125_37258710_65084/logs_moshell/pmfiles/19.31.7.208/rop/A20251125.0730-0745_KS4CE.xml.gz ... OK
get /rop/A20251125.0745-0800_KS4CE.xml.gz /ericsson/log/amos/moshell_logfiles/t20251125_37258710_65084/logs_moshell/pmfiles/19.31.7.208/rop/A20251125.0745-0800_KS4CE.xml.gz ... OK
get /rop/A20251125.0800-0815_KS4CE.xml.gz /ericsson/log/amos/moshell_logfiles/t20251125_37258710_65084/logs_moshell/pmfiles/19.31.7.208/rop/A20251125.0800-0815_KS4CE.xml.gz ... OK
....Checking available boards on node...

Collecting RCS board data ...
......................................................................................
.............................
...............................................................................................................................................................................................................................................................................................................................................................................
.....
Collecting TN data...
.....................................................................................................................
Getting MO data from node (96 MOs). Please wait...
0%                                             ~50%                                           ~100%
.....................................................................................................................................
Collecting RF data...
.....
Collecting Alarms...
Executing action Log.export()
...
Log=AlarmLog                    actionId=9204
............
Executing action LogM.exportAvailabilityLog()
..LogM=1,exportAvailabilityLog    actionId=9205
............Parsing alarmLog...........Done.
Parsing availabilityLog........Done.
.............

Total: 5 CPRI links (5 OK, 0 OKW, 0 NOK, 0 NT)
.
+--------+                      +----------------------------+
|        | A        O101     D1 |        Radio-S220-1        |
|        |-----------1----------| RRU247924B824B2024B28BM01* |
|        |         OK-70m       |           BXP_5            |
|        |                      +----------------------------+
|        |                                     |A  |B  |C  |D
|        |                          SE=220* AG=220 FDD=KS4CE1
|        |                  FDD=KS4CJ1 NIOT=KS4CN1 NRC=KS4CG1
|        |
|        |                      +----------------------------+
|        | B        O101     D1 |        Radio-S221-1        |
|        |-----------2----------| RRU247924B824B2024B28BM01* |
|        |         OK-70m       |           BXP_6            |
|        |                      +----------------------------+
|        |                                     |A  |B  |C  |D
|        |                          SE=221* AG=221 FDD=KS4CE2
|        |                  FDD=KS4CJ2 NIOT=KS4CN2 NRC=KS4CG2
|        |
|        |                      +----------------------------+
|        | C        O101     D1 |        Radio-S222-1        |
|        |-----------3----------| RRU247924B824B2024B28BM01* |
|        |         OK-70m       |           BXP_2            |
|        |                      +----------------------------+
|  BB-1  |                                     |A  |B  |C  |D
| BB6630 |                          SE=222* AG=222 FDD=KS4CE3
| 000100 |                  FDD=KS4CJ3 NIOT=KS4CN3 NRC=KS4CG3
|        |
|        |                      +------------------+
|        | D        O101     D2 |   Radio-S100-1   |
|        |-----------4----------| RRU449944B144B3C |
|        |         OK-70m       |      BXP_3       |
|        |                      +------------------+
|        |                           |A  |B  |C  |D
|        |                    SE=100 AG=100  |   |
|        |            FDD=KS4CM1 FDD=KS4CT1  |   |
|        |                            SE=101 AG=101
|        |                    FDD=KS4CM2 FDD=KS4CT2
|        |
|        |                      +------------------+
|        | E        O101     D2 |   Radio-S102-1   |
|        |-----------5----------| RRU449944B144B3C |
|        |         OK-70m       |      BXP_4       |
|        |                      +------------------+
|        |                           |A  |B  |C  |D
|        |                    SE=102 AG=102  |   |
|        |            FDD=KS4CM3 FDD=KS4CT3  |   |
|        |
+--------+

=====================================================================================================================================
ID RiL    Type Res MO1-MO2                  BOARD1-BOARD2                     AlmIDs Cells (States)                                         Issue (Failed checks)
=====================================================================================================================================
 1 S220-1 O101 OK  BB-1(A) Radio-S220-1(D1) BB6630 RRU247924B824B2024B28BM01*        FDD=KS4CE1 FDD=KS4CJ1 NIOT=KS4CN1 NRC=KS4CG1 (1,1,1,1) Passed
 2 S221-1 O101 OK  BB-1(B) Radio-S221-1(D1) BB6630 RRU247924B824B2024B28BM01*        FDD=KS4CE2 FDD=KS4CJ2 NIOT=KS4CN2 NRC=KS4CG2 (1,1,1,1) Passed
 3 S222-1 O101 OK  BB-1(C) Radio-S222-1(D1) BB6630 RRU247924B824B2024B28BM01*        FDD=KS4CE3 FDD=KS4CJ3 NIOT=KS4CN3 NRC=KS4CG3 (1,1,1,1) Passed
 4 S100-1 O101 OK  BB-1(D) Radio-S100-1(D2) BB6630 RRU449944B144B3C                  FDD=KS4CM1 FDD=KS4CM2 FDD=KS4CT1 FDD=KS4CT2 (1,1,1,1)  Passed
 5 S102-1 O101 OK  BB-1(E) Radio-S102-1(D2) BB6630 RRU449944B144B3C                  FDD=KS4CM3 FDD=KS4CT3 (1,1)                            Passed
-------------------------------------------------------------------------------------------------------------------------------------

Node: RadioNode LN   CXP9024418/16_R8D21 (RCG123.3-3)   G2   LTE-FDD,LTE-IoT NR-LB-FDD-ESS-NSA

=====================================================================================================================================
FRU          ;LNH    ;BOARD                      ;ST ;FAULT ;OPER ;MAINT ;STAT ;PRODUCTNUMBER   ;REV     ;SERIAL        ;DATE     ;PMTEMP ; TEMP ; UPT ;VOLT ;SW                   ;
=====================================================================================================================================
BB-1         ;000100 ;BB6630                     ; 1 ;  OFF ;  ON ;  OFF ;  ON ;KDU137848/11    ;R3D     ;E96A00LA9N    ;20211123 ;3 (OK) ;      ;3.81 ;48   ;                     ;
Radio-S100-1 ;BXP_3  ;RRU449944B144B3C           ; 1 ;  OFF ;  ON ;  OFF ; N/A ;KRC161787/1     ;R2G     ;E55H704576    ;20220824 ;4 (OK) ; 30.5 ;3.81 ;53.9 ;CXP9013268%15_R101KB ; (Radio449944B144B3C)
Radio-S102-1 ;BXP_4  ;RRU449944B144B3C           ; 1 ;  OFF ;  ON ;  OFF ; N/A ;KRC161787/1     ;R2G     ;E55H704562    ;20220824 ;4 (OK) ; 22.5 ;3.81 ;54.6 ;CXP9013268%15_R101KB ; (Radio449944B144B3C)
Radio-S220-1 ;BXP_5  ;RRU247924B824B2024B28BM01* ; 1 ;  OFF ;  ON ;  OFF ; N/A ;KRC161832/1     ;R2H     ;TU8U02DM6V    ;20240212 ;4 (OK) ; 24.6 ;3.81 ;54.3 ;CXP9013268%15_R101KB ; (Radio247924B824B2024B28BM01)
Radio-S221-1 ;BXP_6  ;RRU247924B824B2024B28BM01* ; 1 ;  OFF ;  ON ;  OFF ; N/A ;KRC161832/1     ;R2H     ;TU8U02DLHQ    ;20240212 ;4 (OK) ; 34.0 ;3.81 ;54.7 ;CXP9013268%15_R101KB ; (Radio247924B824B2024B28BM01)
Radio-S222-1 ;BXP_2  ;RRU247924B824B2024B28BM01* ; 1 ;  OFF ;  ON ;  OFF ; N/A ;KRC161832/1     ;R2H     ;TU8U02DM5W    ;20240212 ;4 (OK) ; 27.8 ;3.81 ;54.3 ;CXP9013268%15_R101KB ; (Radio247924B824B2024B28BM01)
-------------------------------------------------------------------------------------------------------------------------------------

=====================================================================================================================================
AntennaNearUnit                                     ;ST  ;TYPE   ;PRODUCTNR  ;REV       ;UNIQUEID         ;RfPort
=====================================================================================================================================
AntennaUnitGroup=220,AntennaNearUnit=RET_1800-2100  ; 1  ;S-RET  ;86010165   ;HW_V_A01  ;KAD241225200-Y1  ;FieldReplaceableUnit=Radio-S220-1,RfPort=R
AntennaUnitGroup=220,AntennaNearUnit=RET_700        ; 1  ;S-RET  ;86010165   ;HW_V_A01  ;KAD241225200-R2  ;FieldReplaceableUnit=Radio-S220-1,RfPort=R
AntennaUnitGroup=220,AntennaNearUnit=RET_800-900    ; 1  ;S-RET  ;86010165   ;HW_V_A01  ;KAD241225200-R1  ;FieldReplaceableUnit=Radio-S220-1,RfPort=R
AntennaUnitGroup=221,AntennaNearUnit=RET_1800-2100  ; 1  ;S-RET  ;86010165   ;HW_V_A01  ;KAD241225219-Y1  ;FieldReplaceableUnit=Radio-S221-1,RfPort=R
AntennaUnitGroup=221,AntennaNearUnit=RET_700        ; 1  ;S-RET  ;86010165   ;HW_V_A01  ;KAD241225219-R2  ;FieldReplaceableUnit=Radio-S221-1,RfPort=R
AntennaUnitGroup=221,AntennaNearUnit=RET_800-900    ; 1  ;S-RET  ;86010165   ;HW_V_A01  ;KAD241225219-R1  ;FieldReplaceableUnit=Radio-S221-1,RfPort=R
AntennaUnitGroup=222,AntennaNearUnit=RET_1800-2100  ; 1  ;S-RET  ;86010165   ;HW_V_A01  ;KAD241225224-Y1  ;FieldReplaceableUnit=Radio-S222-1,RfPort=R
AntennaUnitGroup=222,AntennaNearUnit=RET_700        ; 1  ;S-RET  ;86010165   ;HW_V_A01  ;KAD241225224-R2  ;FieldReplaceableUnit=Radio-S222-1,RfPort=R
AntennaUnitGroup=222,AntennaNearUnit=RET_800-900    ; 1  ;S-RET  ;86010165   ;HW_V_A01  ;KAD241225224-R1  ;FieldReplaceableUnit=Radio-S222-1,RfPort=R
-------------------------------------------------------------------------------------------------------------------------------------

=====================================================================================================================================
XPBOARD  ;ST ;FAULT ;OPER ;PRODUCTNUMBER ;REV ;SERIAL/NAME ;DATE     ; TEMP ;MO
=====================================================================================================================================
FAN      ; 1 ;N/A   ;N/A  ;BKV106217/1   ;N/A ;N/A         ;N/A      ;      ;SupportUnit=1 (FAN  BB-1)
-------------------------------------------------------------------------------------------------------------------------------------

=====================================================================================================================================
ID ;T ;RiL    ;BPBP ;BOARD1                     ;LNH1 ;PORT ;R ;LINK ;RATE  ; BER ;BOARD2                     ;LNH2 ;PORT ;R ;LINK ;RATE  ; BER ;LENGTH ;MO1 - MO2
=====================================================================================================================================
 1 ;O ;S220-1 ;1111 ;BB6630                     ;000100 ; 1 ;M ;Up   ;10.1G ;   0 ;RRU247924B824B2024B28BM01* ;BXP_5  ; 0 ;S ;Up   ;10.1G ;   0 ;   70m ;Fru=BB-1(A) Fru=Radio-S220-1(D1)
 2 ;O ;S221-1 ;1111 ;BB6630                     ;000100 ; 2 ;M ;Up   ;10.1G ;   0 ;RRU247924B824B2024B28BM01* ;BXP_6  ; 0 ;S ;Up   ;10.1G ;   0 ;   70m ;Fru=BB-1(B) Fru=Radio-S221-1(D1)
 3 ;O ;S222-1 ;1111 ;BB6630                     ;000100 ; 3 ;M ;Up   ;10.1G ;   0 ;RRU247924B824B2024B28BM01* ;BXP_2  ; 0 ;S ;Up   ;10.1G ;   0 ;   70m ;Fru=BB-1(C) Fru=Radio-S222-1(D1)
 4 ;O ;S100-1 ;1111 ;BB6630                     ;000100 ; 4 ;M ;Up   ;10.1G ;   0 ;RRU449944B144B3C           ;BXP_3  ; 1 ;S ;Up   ;10.1G ;   0 ;   70m ;Fru=BB-1(D) Fru=Radio-S100-1(D2)
 5 ;O ;S102-1 ;1111 ;BB6630                     ;000100 ; 5 ;M ;Up   ;10.1G ;   0 ;RRU449944B144B3C           ;BXP_4  ; 1 ;S ;Up   ;10.1G ;   0 ;   70m ;Fru=BB-1(E) Fru=Radio-S102-1(D2)
-------------------------------------------------------------------------------------------------------------------------------------

=====================================================================================================================================
ID ;LINK ;RiL    ;VENDOR1  ;VENDORPROD1     ;REV1 ;SERIAL1        ;DATE1    ;ERICSSONPROD1  ;VENDOR2  ;VENDORPROD2     ;REV2 ;SERIAL2        ;DATE2    ;ERICSSONPROD2  ;TT ;WL1     ;WL2    
=====================================================================================================================================
 1 ;Up   ;S220-1 ;ERICSSON ;EOLP-1396-02-IY ;1.0  ;PMA8215530     ;20211120 ;RDH10265/2 R1A ;ERICSSON ;EOLP-1396-02-IY ;1.0  ;DZ8Q10183V     ;20240127 ;RDH10265/2 R1A ;0  ;1310.00 ;1310.00
 2 ;Up   ;S221-1 ;ERICSSON ;EOLP-1396-02-IY ;1.0  ;PMA8215036     ;20211119 ;RDH10265/2 R1A ;ERICSSON ;EOLP-1396-02-IY ;1.0  ;DZ8Q10183P     ;20240127 ;RDH10265/2 R1A ;0  ;1310.00 ;1310.00
 3 ;Up   ;S222-1 ;ERICSSON ;EOLP-1396-02-IY ;1.0  ;PMA8215508     ;20211120 ;RDH10265/2 R1A ;ERICSSON ;EOLP-1396-02-IY ;1.0  ;DZ8Q10183N     ;20240127 ;RDH10265/2 R1A ;0  ;1310.00 ;1310.00
 4 ;Up   ;S100-1 ;ERICSSON ;EOLP-1396-02-IY ;1.0  ;PMA8215016     ;20211119 ;RDH10265/2 R1A ;ERICSSON ;EOLP-1396-02-IY ;1.0  ;PMA8204840     ;20211120 ;RDH10265/2 R1A ;0  ;1310.00 ;1310.00
 5 ;Up   ;S102-1 ;ERICSSON ;EOLP-1396-02-IY ;1.0  ;PMA8215597     ;20211120 ;RDH10265/2 R1A ;ERICSSON ;EOLP-1396-02-IY ;1.0  ;PMA8215521     ;20211120 ;RDH10265/2 R1A ;0  ;1310.00 ;1310.00
-------------------------------------------------------------------------------------------------------------------------------------

=====================================================================================================================================
ID ;LINK ;RiL    ;WL1     ;TEMP1 ;TXbs1 ;TXdBm1 ;RXdBm1 ;BER1   ;WL2     ;TEMP2 ;TXbs2 ;TXdBm2 ;RXdBm2 ;BER2   ;DlLoss ;UlLoss ;LENGTH ;TT
=====================================================================================================================================
 1 ;Up   ;S220-1 ;1310.00 ;39C   ;41%   ;-2.31  ;-2.56  ;   0   ;1310.00 ;24C   ;37%   ;-2.52  ;-2.34  ;   0   ;  0.03 ;  0.04 ;   70m ; 0
 2 ;Up   ;S221-1 ;1310.00 ;40C   ;41%   ;-2.74  ;-3.52  ;   0   ;1310.00 ;25C   ;38%   ;-2.61  ;-2.50  ;   0   ; -0.24 ;  0.91 ;   70m ; 0
 3 ;Up   ;S222-1 ;1310.00 ;40C   ;40%   ;-2.88  ;-3.01  ;   0   ;1310.00 ;25C   ;37%   ;-2.66  ;-3.32  ;   0   ;  0.44 ;  0.35 ;   70m ; 0
 4 ;Up   ;S100-1 ;1310.00 ;38C   ;40%   ;-1.90  ;-1.57  ;   0   ;1310.00 ;25C   ;37%   ;-1.66  ;-2.43  ;   0   ;  0.53 ; -0.09 ;   70m ; 0
 5 ;Up   ;S102-1 ;1310.00 ;39C   ;41%   ;-2.69  ;-2.91  ;   0   ;1310.00 ;24C   ;37%   ;-2.37  ;-2.43  ;   0   ; -0.26 ;  0.54 ;   70m ; 0
-------------------------------------------------------------------------------------------------------------------------------------

=====================================================================================================================================
ID ;RiL    ;BOARD                      ;SFPLNH  ;PORT ;VENDOR   ;VENDORPROD      ;REV  ;SERIAL         ;DATE     ;ERICSSONPROD   ;WL      ;TEMP  ;TXbs  ;TXdBm  ;RXdBm  ; BER
=====================================================================================================================================
 1 ;S220-1 ;BB6630                     ;000100   ;  1 ;ERICSSON ;EOLP-1396-02-IY ;1.0  ;PMA8215530     ;20211120 ;RDH10265/2 R1A ;1310.00 ;39C   ;41%   ;-2.31  ;-2.56  ;   0
 2 ;S221-1 ;BB6630                     ;000100   ;  2 ;ERICSSON ;EOLP-1396-02-IY ;1.0  ;PMA8215036     ;20211119 ;RDH10265/2 R1A ;1310.00 ;40C   ;41%   ;-2.74  ;-3.52  ;   0
 3 ;S222-1 ;BB6630                     ;000100   ;  3 ;ERICSSON ;EOLP-1396-02-IY ;1.0  ;PMA8215508     ;20211120 ;RDH10265/2 R1A ;1310.00 ;40C   ;40%   ;-2.88  ;-3.01  ;   0
 4 ;S100-1 ;BB6630                     ;000100   ;  4 ;ERICSSON ;EOLP-1396-02-IY ;1.0  ;PMA8215016     ;20211119 ;RDH10265/2 R1A ;1310.00 ;38C   ;40%   ;-1.90  ;-1.57  ;   0
 5 ;S102-1 ;BB6630                     ;000100   ;  5 ;ERICSSON ;EOLP-1396-02-IY ;1.0  ;PMA8215597     ;20211120 ;RDH10265/2 R1A ;1310.00 ;39C   ;41%   ;-2.69  ;-2.91  ;   0
 3 ;S222-1 ;RRU247924B824B2024B28BM01* ;BXP_2    ;  0 ;ERICSSON ;EOLP-1396-02-IY ;1.0  ;DZ8Q10183N     ;20240127 ;RDH10265/2 R1A ;1310.00 ;25C   ;37%   ;-2.66  ;-3.32  ;   0
 4 ;S100-1 ;RRU449944B144B3C           ;BXP_3    ;  1 ;ERICSSON ;EOLP-1396-02-IY ;1.0  ;PMA8204840     ;20211120 ;RDH10265/2 R1A ;1310.00 ;25C   ;37%   ;-1.66  ;-2.43  ;   0
 5 ;S102-1 ;RRU449944B144B3C           ;BXP_4    ;  1 ;ERICSSON ;EOLP-1396-02-IY ;1.0  ;PMA8215521     ;20211120 ;RDH10265/2 R1A ;1310.00 ;24C   ;37%   ;-2.37  ;-2.43  ;   0
 1 ;S220-1 ;RRU247924B824B2024B28BM01* ;BXP_5    ;  0 ;ERICSSON ;EOLP-1396-02-IY ;1.0  ;DZ8Q10183V     ;20240127 ;RDH10265/2 R1A ;1310.00 ;24C   ;37%   ;-2.52  ;-2.34  ;   0
 2 ;S221-1 ;RRU247924B824B2024B28BM01* ;BXP_6    ;  0 ;ERICSSON ;EOLP-1396-02-IY ;1.0  ;DZ8Q10183P     ;20240127 ;RDH10265/2 R1A ;1310.00 ;25C   ;38%   ;-2.61  ;-2.50  ;   0
-------------------------------------------------------------------------------------------------------------------------------------
TN ;       ;BB6630                     ;000100   ;  A ;WTD      ;RTXM192-406-C25 ;3.0  ;HW224000022761 ;20220930 ;RDH10247/2 R2A ;0       ;36C   ;19%   ;-5.30  ;-5.75  ;NZ/0
TN ;       ;BB6630                     ;000100   ;  B ;ERICSSON ;EOLP-1396-02-IY ;1.0  ;PMA8215555     ;20211120 ;RDH10265/2 R1A ;0       ;38C   ;38%   ;-2.47  ;-1.46  ; 0/0
-------------------------------------------------------------------------------------------------------------------------------------

=====================================================================================================================================
BOARD  ;LNH    ;PORT ;T ;S ;OpMode         ;AutoNeg ;MacAddress        ;VlanIds             ;LOS ;BER
=====================================================================================================================================
BB6630 ;000100 ;TN_A ;O ;1 ;1G_FULL        ;true    ;7C:72:6E:37:4A:EA ;3901,3902,3908,3910 ;0   ;NZ/0
BB6630 ;000100 ;TN_B ;O ;1 ;10G_FULL       ;false   ;7C:72:6E:37:4A:EB ;3901,3902           ;0   ;0/0
BB6630 ;000100 ;TN_C ;E ;1 ;1G_FULL_MASTER ;true    ;7C:72:6E:37:4A:EC ;3910                ;0   ;0/0
-------------------------------------------------------------------------------------------------------------------------------------

radioClockState : RNT_TIME_LOCKED
-------------------------------------------------------------------------------------
Prio  ;ST  ;syncRefType    ;refStatus  ;opQualLevel  ;SyncReference
-------------------------------------------------------------------------------------
  *1  ; 1  ;PTP_TIME       ;NO_FAULT   ;PRTC         ;Ptp=1,BoundaryOrdinaryClock=1 (G_8275_2 Router=45G_Traffic,InterfaceIPv4=LTE,AddressIPv4=LTE:SLAVE)
   2  ; 1  ;NTP_FREQUENCY  ;NO_FAULT   ;PRC          ;Ntp=1,NtpFrequencySync=NTP1 (10.31.0.54:32751 Router=45G_Traffic,InterfaceIPv4=LTE,AddressIPv4=LTE)
-------------------------------------------------------------------------------------
nodeGroupRole   : SYNC_PROVIDER (syncNodePriority=1, selectionMode=NODE_PRIORITY)
-------------------------------------------------------------------------------------
DU  ;Port  ;sharedUnitRef (RiPortA - RiPortB)  ;remoteNodePriority  ;CandidateStatus
-------------------------------------------------------------------------------------
1   ;C     ;Fru=Radio-S222-1 (1 - 2)           ;3                   ;OK_NOT_ACTIVE
1   ;B     ;Fru=Radio-S221-1 (1 - 2)           ;3                   ;OK_NOT_ACTIVE
1   ;A     ;Fru=Radio-S220-1 (1 - 2)           ;3                   ;OK_NOT_ACTIVE
-------------------------------------------------------------------------------------

=====================================================================================================================================
FRU          ;LNH    ;BOARD                      ;RF  ;BP  ;TX (W/dBm)  ;VSWR (RL)   ;RX (dBm) ;UEs/gUEs  ;Sector/AntennaGroup/Cells (State:CellIds:PCIs)
=====================================================================================================================================
Radio-S100-1 ;BXP_3  ;RRU449944B144B3C           ; A  ;11  ;35.5 (45.5) ;1.20 (20.9) ;-95.0    ;25/-      ;SE=100 AG=100 FDD=KS4CM1 FDD=KS4CT1 (1:31:447, 1:41:446)
Radio-S100-1 ;BXP_3  ;RRU449944B144B3C           ; B  ;11  ;11.2 (40.5) ;1.21 (20.5) ;-94.7    ;25/-      ;SE=100 AG=100 FDD=KS4CM1 FDD=KS4CT1 (1:31:447, 1:41:446)
Radio-S100-1 ;BXP_3  ;RRU449944B144B3C           ; C  ;11  ;41.8 (46.2) ;1.23 (19.7) ;-95.4    ;20/-      ;SE=101 AG=101 FDD=KS4CM2 FDD=KS4CT2 (1:32:385, 1:42:373)
Radio-S100-1 ;BXP_3  ;RRU449944B144B3C           ; D  ;11  ;-           ;1.13 (24.2) ;-95.7    ;20/-      ;SE=101 AG=101 FDD=KS4CM2 FDD=KS4CT2 (1:32:385, 1:42:373)
Radio-S102-1 ;BXP_4  ;RRU449944B144B3C           ; A  ;11  ;40.4 (46.1) ;1.14 (23.8) ;-96.2    ;2/-       ;SE=102 AG=102 FDD=KS4CM3 FDD=KS4CT3 (1:33:321, 1:43:283)
Radio-S102-1 ;BXP_4  ;RRU449944B144B3C           ; B  ;11  ;-           ;1.13 (24.5) ;-96.3    ;2/-       ;SE=102 AG=102 FDD=KS4CM3 FDD=KS4CT3 (1:33:321, 1:43:283)
Radio-S102-1 ;BXP_4  ;RRU449944B144B3C           ; C  ;11  ;-           ;-           ;         ;          ;
Radio-S102-1 ;BXP_4  ;RRU449944B144B3C           ; D  ;11  ;-           ;-           ;         ;          ;
Radio-S220-1 ;BXP_5  ;RRU247924B824B2024B28BM01* ; A  ;11  ;28.8 (44.6) ;1.20 (20.9) ;-89.5    ;5/5       ;SE=220* AG=220 FDD=KS4CE1 FDD=KS4CJ1 NIOT=KS4CN1 NRC=KS4CG1 (1:61:89, 1:71:333, 1:161:89, 1:561:368)
Radio-S220-1 ;BXP_5  ;RRU247924B824B2024B28BM01* ; B  ;11  ;17.4 (42.4) ;1.17 (22.2) ;-94.0    ;5/5       ;SE=220* AG=220 FDD=KS4CE1 FDD=KS4CJ1 NIOT=KS4CN1 NRC=KS4CG1 (1:61:89, 1:71:333, 1:161:89, 1:561:368)
Radio-S220-1 ;BXP_5  ;RRU247924B824B2024B28BM01* ; C  ;11  ;15.1 (41.8) ;1.28 (18.2) ;-91.1    ;5/5       ;SE=220* AG=220 FDD=KS4CE1 FDD=KS4CJ1 NIOT=KS4CN1 NRC=KS4CG1 (1:61:89, 1:71:333, 1:161:89, 1:561:368)
Radio-S220-1 ;BXP_5  ;RRU247924B824B2024B28BM01* ; D  ;11  ;15.1 (41.8) ;1.22 (20.0) ;-93.7    ;5/5       ;SE=220* AG=220 FDD=KS4CE1 FDD=KS4CJ1 NIOT=KS4CN1 NRC=KS4CG1 (1:61:89, 1:71:333, 1:161:89, 1:561:368)
Radio-S221-1 ;BXP_6  ;RRU247924B824B2024B28BM01* ; A  ;11  ;21.6 (43.4) ;1.15 (23.3) ;-93.0    ;0/3       ;SE=221* AG=221 FDD=KS4CE2 FDD=KS4CJ2 NIOT=KS4CN2 NRC=KS4CG2 (1:62:211, 1:72:198, 1:162:211, 1:562:408)
Radio-S221-1 ;BXP_6  ;RRU247924B824B2024B28BM01* ; B  ;11  ;12.7 (41.0) ;1.13 (24.5) ;-93.7    ;0/3       ;SE=221* AG=221 FDD=KS4CE2 FDD=KS4CJ2 NIOT=KS4CN2 NRC=KS4CG2 (1:62:211, 1:72:198, 1:162:211, 1:562:408)
Radio-S221-1 ;BXP_6  ;RRU247924B824B2024B28BM01* ; C  ;11  ;9.8 (39.9)  ;1.19 (21.1) ;-93.3    ;0/3       ;SE=221* AG=221 FDD=KS4CE2 FDD=KS4CJ2 NIOT=KS4CN2 NRC=KS4CG2 (1:62:211, 1:72:198, 1:162:211, 1:562:408)
Radio-S221-1 ;BXP_6  ;RRU247924B824B2024B28BM01* ; D  ;11  ;9.8 (39.9)  ;1.08 (28.3) ;-93.8    ;0/3       ;SE=221* AG=221 FDD=KS4CE2 FDD=KS4CJ2 NIOT=KS4CN2 NRC=KS4CG2 (1:62:211, 1:72:198, 1:162:211, 1:562:408)
Radio-S222-1 ;BXP_2  ;RRU247924B824B2024B28BM01* ; A  ;11  ;28.3 (44.5) ;1.15 (23.0) ;-97.0    ;0/-       ;SE=222* AG=222 FDD=KS4CE3 FDD=KS4CJ3 NIOT=KS4CN3 NRC=KS4CG3 (1:63:242, 1:73:399, 1:163:242, 1:563:470)
Radio-S222-1 ;BXP_2  ;RRU247924B824B2024B28BM01* ; B  ;11  ;19.2 (42.8) ;1.10 (26.8) ;-98.8    ;0/-       ;SE=222* AG=222 FDD=KS4CE3 FDD=KS4CJ3 NIOT=KS4CN3 NRC=KS4CG3 (1:63:242, 1:73:399, 1:163:242, 1:563:470)
Radio-S222-1 ;BXP_2  ;RRU247924B824B2024B28BM01* ; C  ;11  ;7.4 (38.7)  ;1.15 (23.0) ;-98.1    ;0/-       ;SE=222* AG=222 FDD=KS4CE3 FDD=KS4CJ3 NIOT=KS4CN3 NRC=KS4CG3 (1:63:242, 1:73:399, 1:163:242, 1:563:470)
Radio-S222-1 ;BXP_2  ;RRU247924B824B2024B28BM01* ; D  ;11  ;7.4 (38.7)  ;1.06 (30.1) ;-98.9    ;0/-       ;SE=222* AG=222 FDD=KS4CE3 FDD=KS4CJ3 NIOT=KS4CN3 NRC=KS4CG3 (1:63:242, 1:73:399, 1:163:242, 1:563:470)
-------------------------------------------------------------------------------------------------------------------------------------

KS4CE> mfar

251125-09:30:22+0100 19.31.7.208 25.0h MSRBS_NODE_MODEL_25.Q1_198665.224.73_bf81 stopfile=/tmp/1711585
.........
Last MO: 19940. Loaded 19940 MOs. Total: 19941 MOs.
....................................................
get /rop/A20251125.0700-0715_KS4CE.xml.gz /ericsson/log/amos/moshell_logfiles/t20251125_37258710_65084/logs_moshell/pmfiles/19.31.7.208/rop/A20251125.0700-0715_KS4CE.xml.gz ... OK
get /rop/A20251125.0715-0730_KS4CE.xml.gz /ericsson/log/amos/moshell_logfiles/t20251125_37258710_65084/logs_moshell/pmfiles/19.31.7.208/rop/A20251125.0715-0730_KS4CE.xml.gz ... OK
get /rop/A20251125.0815-0830_KS4CE.xml.gz /ericsson/log/amos/moshell_logfiles/t20251125_37258710_65084/logs_moshell/pmfiles/19.31.7.208/rop/A20251125.0815-0830_KS4CE.xml.gz ... OK

Using hardcoded thresholds: 3, 4.5, and 16.5
================================================================================================================================
SC     SE  Tx/Rx BrPair  RfPort1 - RfPort2               HW       Serial      Cell (State)   Samples   Med  Mean  SDev Pol Res Issue
================================================================================================================================
KS4CE1 220   2/4 0 (1,2) Radio-S220-1(A) Radio-S220-1(B) RRU2479  TU8U02DM6V  FDD=KS4CE1 (1)   26061  -0.5  -0.2   7.0  NA  OK Passed
KS4CE1 220   2/4 1 (2,3) Radio-S220-1(B) Radio-S220-1(C) RRU2479  TU8U02DM6V  FDD=KS4CE1 (1)   26061   0.5   0.6   6.8  NA  OK Passed
KS4CE1 220   2/4 2 (3,4) Radio-S220-1(C) Radio-S220-1(D) RRU2479  TU8U02DM6V  FDD=KS4CE1 (1)   26061   0.5  -0.1   6.7  NA  OK Passed
KS4CE2 221   2/4 0 (1,2) Radio-S221-1(A) Radio-S221-1(B) RRU2479  TU8U02DLHQ  FDD=KS4CE2 (1)    2548   0.5   0.0   5.4  NA  NT Not enough data
KS4CE2 221   2/4 1 (2,3) Radio-S221-1(B) Radio-S221-1(C) RRU2479  TU8U02DLHQ  FDD=KS4CE2 (1)    2548  -1.5  -1.4   6.2  NA  NT Not enough data
KS4CE2 221   2/4 2 (3,4) Radio-S221-1(C) Radio-S221-1(D) RRU2479  TU8U02DLHQ  FDD=KS4CE2 (1)    2548   0.5   0.6   6.0  NA  NT Not enough data
KS4CE3 222   2/4 0 (1,2) Radio-S222-1(A) Radio-S222-1(B) RRU2479  TU8U02DM5W  FDD=KS4CE3 (1)    1412   2.5   2.4   5.9  NA  NT Not enough data
KS4CE3 222   2/4 1 (2,3) Radio-S222-1(B) Radio-S222-1(C) RRU2479  TU8U02DM5W  FDD=KS4CE3 (1)    1412  -3.5  -3.5   5.9  NA  NT Not enough data
KS4CE3 222   2/4 2 (3,4) Radio-S222-1(C) Radio-S222-1(D) RRU2479  TU8U02DM5W  FDD=KS4CE3 (1)    1412   6.5   4.9   6.9  NA  NT Not enough data
KS4CJ1 220   2/4 0 (1,2) Radio-S220-1(A) Radio-S220-1(B) RRU2479  TU8U02DM6V  FDD=KS4CJ1 (1)   31715  -0.5  -0.3   7.1  NA  OK Passed
KS4CJ1 220   2/4 1 (2,3) Radio-S220-1(B) Radio-S220-1(C) RRU2479  TU8U02DM6V  FDD=KS4CJ1 (1)   31715   0.5   0.5   7.1  NA  OK Passed
KS4CJ1 220   2/4 2 (3,4) Radio-S220-1(C) Radio-S220-1(D) RRU2479  TU8U02DM6V  FDD=KS4CJ1 (1)   31715  -0.5  -0.1   7.1  NA  OK Passed
KS4CJ2 221   2/4 0 (1,2) Radio-S221-1(A) Radio-S221-1(B) RRU2479  TU8U02DLHQ  FDD=KS4CJ2 (1)     233   3.5   3.9   7.0  NA  NT Not enough data
KS4CJ2 221   2/4 1 (2,3) Radio-S221-1(B) Radio-S221-1(C) RRU2479  TU8U02DLHQ  FDD=KS4CJ2 (1)     233  -1.5  -2.3   7.9  NA  NT Not enough data
KS4CJ2 221   2/4 2 (3,4) Radio-S221-1(C) Radio-S221-1(D) RRU2479  TU8U02DLHQ  FDD=KS4CJ2 (1)     233   3.5   3.9   7.0  NA  NT Not enough data
KS4CJ3 222   2/4 0 (1,2) Radio-S222-1(A) Radio-S222-1(B) RRU2479  TU8U02DM5W  FDD=KS4CJ3 (1)     232  -2.5  -1.8   5.8  NA  NT Not enough data
KS4CJ3 222   2/4 1 (2,3) Radio-S222-1(B) Radio-S222-1(C) RRU2479  TU8U02DM5W  FDD=KS4CJ3 (1)     232   3.5   2.8   5.0  NA  NT Not enough data
KS4CJ3 222   2/4 2 (3,4) Radio-S222-1(C) Radio-S222-1(D) RRU2479  TU8U02DM5W  FDD=KS4CJ3 (1)     232  -2.5  -1.8   4.5  NA  NT Not enough data
KS4CM1 100   2/2 0 (1,2) Radio-S100-1(A) Radio-S100-1(B) RRU4499  E55H704576  FDD=KS4CM1 (1)   36861  -0.5  -0.4   6.3  NA  OK Passed
KS4CM2 101   2/2 0 (1,2) Radio-S100-1(C) Radio-S100-1(D) RRU4499  E55H704576  FDD=KS4CM2 (1)    4104   0.5   0.1   7.0  NA  OK Passed
KS4CM3 102   2/2 0 (1,2) Radio-S102-1(A) Radio-S102-1(B) RRU4499  E55H704562  FDD=KS4CM3 (1)     937   0.5   0.4   6.4  NA  NT Not enough data
KS4CT1 100   2/2 0 (1,2) Radio-S100-1(A) Radio-S100-1(B) RRU4499  E55H704576  FDD=KS4CT1 (1)  139410  -0.5  -0.6   7.6  NA  OK Passed
KS4CT2 101   2/2 0 (1,2) Radio-S100-1(C) Radio-S100-1(D) RRU4499  E55H704576  FDD=KS4CT2 (1)   44201  -0.5   1.8  10.3  NA  OK Passed
KS4CT3 102   2/2 0 (1,2) Radio-S102-1(A) Radio-S102-1(B) RRU4499  E55H704562  FDD=KS4CT3 (1)    3678  -3.5  -3.8   7.2  NA OKW Possible RF Loss or PIM at Radio-S102-1(B)
================================================================================================================================
Total: 12 SectorCarriers, 24 RfBranch Pairs (10 OK, 1 OKW, 0 NOK, 13 NT)
..........
Last MO: 19940. Loaded 19940 MOs. Total: 19941 MOs.
..................................

Using hardcoded thresholds: 3, 4.5, and 16.5
================================================================================================================================
SC     SE  Tx/Rx BrPair  RfPort1 - RfPort2               HW       Serial      Cell (State)  Samples   Med  Mean  SDev Pol Res Issue
================================================================================================================================
KS4CG1 220   2/4 0 (1,2) Radio-S220-1(A) Radio-S220-1(B) RRU2479  TU8U02DM6V  DU=KS4CG1 (1)  115467  -0.5  -0.3   7.6  NA  OK Passed
KS4CG1 220   2/4 1 (2,3) Radio-S220-1(B) Radio-S220-1(C) RRU2479  TU8U02DM6V  DU=KS4CG1 (1)  115472   0.5   0.5   7.5  NA  OK Passed
KS4CG1 220   2/4 2 (3,4) Radio-S220-1(C) Radio-S220-1(D) RRU2479  TU8U02DM6V  DU=KS4CG1 (1)  115468  -0.5  -0.2   7.5  NA  OK Passed
KS4CG2 221   2/4 0 (1,2) Radio-S221-1(A) Radio-S221-1(B) RRU2479  TU8U02DLHQ  DU=KS4CG2 (1)   23612   0.5   0.5   7.0  NA  OK Passed
KS4CG2 221   2/4 1 (2,3) Radio-S221-1(B) Radio-S221-1(C) RRU2479  TU8U02DLHQ  DU=KS4CG2 (1)   23609   0.5   0.6   6.6  NA  OK Passed
KS4CG2 221   2/4 2 (3,4) Radio-S221-1(C) Radio-S221-1(D) RRU2479  TU8U02DLHQ  DU=KS4CG2 (1)   23609  -0.5  -0.1   6.2  NA  OK Passed
KS4CG3 222   2/4 0 (1,2) Radio-S222-1(A) Radio-S222-1(B) RRU2479  TU8U02DM5W  DU=KS4CG3 (1)    5520  -0.5   0.1   7.3  NA  OK Passed
KS4CG3 222   2/4 1 (2,3) Radio-S222-1(B) Radio-S222-1(C) RRU2479  TU8U02DM5W  DU=KS4CG3 (1)    5519   0.5   0.8   6.9  NA  OK Passed
KS4CG3 222   2/4 2 (3,4) Radio-S222-1(C) Radio-S222-1(D) RRU2479  TU8U02DM5W  DU=KS4CG3 (1)    5519  -0.5  -0.8   6.9  NA  OK Passed
================================================================================================================================
Total: 3 NRSectorCarriers, 9 RfBranch Pairs (9 OK, 0 OKW, 0 NOK, 0 NT)

KS4CE> mfitr

251125-09:30:52+0100 19.31.7.208 25.0h MSRBS_NODE_MODEL_25.Q1_198665.224.73_bf81 stopfile=/tmp/1711585
...................
Last MO: 19940. Loaded 19940 MOs. Total: 19941 MOs.
..............
2025-11-25 09:31
================================================================================================================================
CELL       SC     FRU          BOARD                     PUSCH  PUCCH       A      B      C      D  DELTA
================================================================================================================================
FDD=KS4CE1 KS4CE1 Radio-S220-1 RRU247924B824B2024B28BM01 -115.3 -112.7 -117.2 -119.2 -118.9 -119.0      2
FDD=KS4CE2 KS4CE2 Radio-S221-1 RRU247924B824B2024B28BM01 -120.3 -119.5 -120.2 -120.3 -120.2 -120.1    0.2
FDD=KS4CE3 KS4CE3 Radio-S222-1 RRU247924B824B2024B28BM01 -119.5 -118.5 -119.8 -119.7 -119.8 -119.8    0.1
FDD=KS4CJ1 KS4CJ1 Radio-S220-1 RRU247924B824B2024B28BM01 -119.2 -120.3 -113.2 -118.2 -113.7 -118.7    5.5
FDD=KS4CJ2 KS4CJ2 Radio-S221-1 RRU247924B824B2024B28BM01 -116.4 -120.3 -117.0 -120.0 -117.3 -120.2    3.2
FDD=KS4CJ3 KS4CJ3 Radio-S222-1 RRU247924B824B2024B28BM01 -117.1 -119.7 -116.4 -119.8 -117.8 -120.3    3.9
FDD=KS4CM1 KS4CM1 Radio-S100-1 RRU449944B144B3C          -119.0 -119.2 -119.5 -119.5                    0
FDD=KS4CM2 KS4CM2 Radio-S100-1 RRU449944B144B3C          -120.0 -119.5               -119.5 -119.8    0.3
FDD=KS4CM3 KS4CM3 Radio-S102-1 RRU449944B144B3C          -117.3 -119.5 -117.7 -118.2                  0.5
FDD=KS4CT1 KS4CT1 Radio-S100-1 RRU449944B144B3C          -116.9 -116.0 -117.3 -116.9                  0.4
FDD=KS4CT2 KS4CT2 Radio-S100-1 RRU449944B144B3C          -118.1 -117.9               -118.8 -119.0    0.2
FDD=KS4CT3 KS4CT3 Radio-S102-1 RRU449944B144B3C          -119.6 -119.8 -119.7 -119.9                  0.2
================================================================================================================================
Bye...
Output has been logged to file /mta_fs/UserFiles/37258710/amosbatch/SDIR/KS4CE.log
