Logging to file /mta_fs/UserFiles/37258710/amosbatch/SDIR/KS65E.log
                        __  __  ____   _____
                  /\   |  \/  |/ __ \ / ____|
                 /  \  | \  / | |  | | (___  
                / /\ \ | |\/| | |  | |\___ \ 
               / ____ \| |  | | |__| |____) |
              /_/    \_\_|  |_|\____/|_____/
              OSS Framework for MoShell-25.0h 
  Copyright (c) Ericsson AB 2001-2025 - All Rights Reserved
              
           
[1;31mWARNING: [0mthe AMOS version currently running is more than 29 weeks old and is unsupported.
Please upgrade as soon as possible to the latest released version, available from your local Ericsson support.

$amosrb_pid = 2927780

Checking ip contact...OK

HELP MENU            : h
BASIC MO COMMANDS    : m
OTHER MO COMMANDS    : n
OTHER COMMANDS       : o
PM COMMANDS          : p
QUIT                 : q

KS65E> lt all

251125-15:30:52+0100 19.31.4.222 25.0h  stopfile=/tmp/2927531
Looking up temporary_amos account... OK.
Trying temporary_amos_t20251125_37258710_65084_131's password from amos lookupAccount ... OK

$ssh_pid = 2929034

Connected to 19.31.4.222 (SubNetwork=BBMM_rckomc_R,MeContext=KS65E,ManagedElement=KS65E)

Checking MOM version...MSRBS_NODE_MODEL_25.Q1_198665.224.73_bf81
Parsing MOM (cached): /ericsson/log/amos/moshell_logfiles/t20251125_37258710_65084/logs_moshell/tempfiles/scp-4-amos_20251125-153044_2927471/MSRBS_NODE_MODEL_25.Q1_198665.224.73_bf81.xml.cache.gz ......................................................................................................................................................................................................................Done.
Using paramfile /opt/ericsson/amos/moshell/commonjars/pm/PARAM_MSRBSG2_25.Q1.txt
Parsing file /opt/ericsson/amos/moshell/commonjars/pm/PARAM_MSRBSG2_25.Q1.txt ......................................................................................Done.
Using imomdfile /opt/ericsson/amos/moshell/commonjars/pm/IMOMD_MSRBS_22.Q4.txt
Using imomfile /opt/ericsson/amos/moshell/commonjars/pm/IMOM_MSRBS_25.Q1.txt
Connected to 19.31.4.222 (SubNetwork=BBMM_rckomc_R,MeContext=KS65E,ManagedElement=KS65E)

Last MO: 18980. Loaded 18980 MOs. Total: 18981 MOs.

KS65E> st cell

251125-15:31:12+0100 19.31.4.222 25.0h MSRBS_NODE_MODEL_25.Q1_198665.224.73_bf81 stopfile=/tmp/2927531
===================================================================================
Proxy  Adm State     Op. State     MO
===================================================================================
   43  1 (UNLOCKED)  1 (ENABLED)   ENodeBFunction=1,EUtranCellFDD=KS65E1
  180  1 (UNLOCKED)  1 (ENABLED)   ENodeBFunction=1,EUtranCellFDD=KS65E2
  374  1 (UNLOCKED)  1 (ENABLED)   ENodeBFunction=1,EUtranCellFDD=KS65E3
  483  1 (UNLOCKED)  1 (ENABLED)   ENodeBFunction=1,EUtranCellFDD=KS65M1
  631  1 (UNLOCKED)  1 (ENABLED)   ENodeBFunction=1,EUtranCellFDD=KS65M2
  853  1 (UNLOCKED)  1 (ENABLED)   ENodeBFunction=1,EUtranCellFDD=KS65M3
  978  1 (UNLOCKED)  1 (ENABLED)   ENodeBFunction=1,EUtranCellFDD=KS65T1
 1112  1 (UNLOCKED)  1 (ENABLED)   ENodeBFunction=1,EUtranCellFDD=KS65T2
 1328  1 (UNLOCKED)  1 (ENABLED)   ENodeBFunction=1,EUtranCellFDD=KS65T3
 2224  1 (UNLOCKED)  1 (ENABLED)   ENodeBFunction=1,NbIotCell=KS65N1
 2225  1 (UNLOCKED)  1 (ENABLED)   ENodeBFunction=1,NbIotCell=KS65N2
 2226  1 (UNLOCKED)  1 (ENABLED)   ENodeBFunction=1,NbIotCell=KS65N3
===================================================================================
Total: 12 MOs

KS65E> st radio

251125-15:31:13+0100 19.31.4.222 25.0h MSRBS_NODE_MODEL_25.Q1_198665.224.73_bf81 stopfile=/tmp/2927531
===================================================================================
Proxy  Adm State     Op. State     MO
===================================================================================
 3297  1 (UNLOCKED)  1 (ENABLED)   Equipment=1,FieldReplaceableUnit=Radio-S100-1
 3320  1 (UNLOCKED)  1 (ENABLED)   Equipment=1,FieldReplaceableUnit=Radio-S102-1
 3343  1 (UNLOCKED)  1 (ENABLED)   Equipment=1,FieldReplaceableUnit=Radio-S210-1
 3360  1 (UNLOCKED)  1 (ENABLED)   Equipment=1,FieldReplaceableUnit=Radio-S211-1
 3377  1 (UNLOCKED)  1 (ENABLED)   Equipment=1,FieldReplaceableUnit=Radio-S212-1
18970  1 (UNLOCKED)  1 (ENABLED)   Transport=1,Synchronization=1,RadioEquipmentClock=1,RadioEquipmentClockReference=NTP1
18971  1 (UNLOCKED)  1 (ENABLED)   Transport=1,Synchronization=1,RadioEquipmentClock=1,RadioEquipmentClockReference=PTP
===================================================================================
Total: 7 MOs

KS65E> sdir

251125-15:31:13+0100 19.31.4.222 25.0h MSRBS_NODE_MODEL_25.Q1_198665.224.73_bf81 stopfile=/tmp/2927531
INFO: Using amos lookupAccount credentials for the export login
......................
get /rop/A20251125.1345-1400_KS65E.xml.gz /ericsson/log/amos/moshell_logfiles/t20251125_37258710_65084/logs_moshell/pmfiles/19.31.4.222/rop/A20251125.1345-1400_KS65E.xml.gz ... OK
get /rop/A20251125.1400-1415_KS65E.xml.gz /ericsson/log/amos/moshell_logfiles/t20251125_37258710_65084/logs_moshell/pmfiles/19.31.4.222/rop/A20251125.1400-1415_KS65E.xml.gz ... OK
get /rop/A20251125.1415-1430_KS65E.xml.gz /ericsson/log/amos/moshell_logfiles/t20251125_37258710_65084/logs_moshell/pmfiles/19.31.4.222/rop/A20251125.1415-1430_KS65E.xml.gz ... OK
....Checking available boards on node...

Collecting RCS board data ...
.....................................................................................
..........................
...........................................................................................................................................................................................................................................................................................
....
Collecting TN data...
.......................................................................................................................................................................
Getting MO data from node (84 MOs). Please wait...
0%                                             ~50%                                           ~100%
...................................................................................................................................
Collecting RF data...
....
Collecting Alarms...
.Executing action Log.export()
...
Log=AlarmLog                    actionId=56554
............
Executing action LogM.exportAvailabilityLog()
..LogM=1,exportAvailabilityLog    actionId=56555
............Parsing alarmLog.........Done.
Parsing availabilityLog........Done.
...........

Total: 5 CPRI links (5 OK, 0 OKW, 0 NOK, 0 NT)
.
+--------+                      +--------------------+
|        | A        O101     D1 |    Radio-S210-1    |
|        |-----------1----------| RRU227922B822B20C* |
|        |         OK-22m       |       BXP_2        |
|        |                      +--------------------+
|        |                                     |A  |B
|        |                  SE=210* AG=210 FDD=KS65E1
|        |                                NIOT=KS65N1
|        |
|        |                      +--------------------+
|        | B        O101     D1 |    Radio-S211-1    |
|        |-----------2----------| RRU227922B822B20C* |
|        |         OK-21m       |       BXP_3        |
|        |                      +--------------------+
|        |                                     |A  |B
|        |                  SE=211* AG=211 FDD=KS65E2
|        |                                NIOT=KS65N2
|        |
|        |                      +--------------------+
|        | C        O101     D1 |    Radio-S212-1    |
|        |-----------3----------| RRU227922B822B20C* |
|        |         OK-21m       |       BXP_4        |
|        |                      +--------------------+
|        |                                     |A  |B
|  BB-1  |                  SE=212* AG=212 FDD=KS65E3
| BB6630 |                                NIOT=KS65N3
| 000100 |
|        |                      +------------------+
|        | D        O101     D2 |   Radio-S100-1   |
|        |-----------4----------| RRU449944B144B3C |
|        |         OK-58m       |      BXP_5       |
|        |                      +------------------+
|        |                           |A  |B  |C  |D
|        |                    SE=100 AG=100  |   |
|        |            FDD=KS65M1 FDD=KS65T1  |   |
|        |                            SE=101 AG=101
|        |                    FDD=KS65M2 FDD=KS65T2
|        |
|        |                      +------------------+
|        | E        O101     D2 |   Radio-S102-1   |
|        |-----------5----------| RRU449944B144B3C |
|        |         OK-58m       |      BXP_6       |
|        |                      +------------------+
|        |                           |A  |B  |C  |D
|        |                    SE=102 AG=102  |   |
|        |            FDD=KS65M3 FDD=KS65T3  |   |
|        |
+--------+

=====================================================================================================================================
ID RiL    Type Res MO1-MO2                  BOARD1-BOARD2             AlmIDs Cells (States)                                        Issue (Failed checks)
=====================================================================================================================================
 1 S210-1 O101 OK  BB-1(A) Radio-S210-1(D1) BB6630 RRU227922B822B20C*        FDD=KS65E1 NIOT=KS65N1 (1,1)                          Passed
 2 S211-1 O101 OK  BB-1(B) Radio-S211-1(D1) BB6630 RRU227922B822B20C*        FDD=KS65E2 NIOT=KS65N2 (1,1)                          Passed
 3 S212-1 O101 OK  BB-1(C) Radio-S212-1(D1) BB6630 RRU227922B822B20C*        FDD=KS65E3 NIOT=KS65N3 (1,1)                          Passed
 4 S100-1 O101 OK  BB-1(D) Radio-S100-1(D2) BB6630 RRU449944B144B3C          FDD=KS65M1 FDD=KS65M2 FDD=KS65T1 FDD=KS65T2 (1,1,1,1) Passed
 5 S102-1 O101 OK  BB-1(E) Radio-S102-1(D2) BB6630 RRU449944B144B3C          FDD=KS65M3 FDD=KS65T3 (1,1)                           Passed
-------------------------------------------------------------------------------------------------------------------------------------

=====================================================================================================================================
AlmID IDs RiLs Status     Alarm
=====================================================================================================================================
-------------------------------------------------------------------------------------------------------------------------------------

Node: RadioNode L   CXP9024418/16_R8D21 (RCG123.3-3)   G2   LTE-FDD,LTE-IoT 

=====================================================================================================================================
FRU          ;LNH    ;BOARD              ;ST ;FAULT ;OPER ;MAINT ;STAT ;PRODUCTNUMBER   ;REV     ;SERIAL        ;DATE     ;PMTEMP ; TEMP ; UPT ;VOLT ;SW                   ;
=====================================================================================================================================
BB-1         ;000100 ;BB6630             ; 1 ;  OFF ;  ON ;  OFF ;  ON ;KDU137848/11    ;R3D     ;E96A00Q8L4    ;20220330 ;3 (OK) ;      ;2.75 ;48   ;                     ;
Radio-S100-1 ;BXP_5  ;RRU449944B144B3C   ; 1 ;  OFF ;  ON ;  OFF ; N/A ;KRC161787/1     ;R2G     ;TU8U01M0RP    ;20220626 ;4 (OK) ; 28.7 ;3.28 ;53.7 ;CXP9013268%15_R101KB ; (Radio449944B144B3C)
Radio-S102-1 ;BXP_6  ;RRU449944B144B3C   ; 1 ;  OFF ;  ON ;  OFF ; N/A ;KRC161787/1     ;R2G     ;TU8U01M0KD    ;20220626 ;4 (OK) ; 27.2 ;3.28 ;54.4 ;CXP9013268%15_R101KB ; (Radio449944B144B3C)
Radio-S210-1 ;BXP_2  ;RRU227922B822B20C* ; 1 ;  OFF ;  ON ;  OFF ; N/A ;KRC161864/1     ;R1E     ;TU8U01LF9C    ;20220615 ;4 (OK) ; 31.5 ;3.28 ;55.2 ;CXP9013268%15_R101KB ; (Radio227922B822B20C)
Radio-S211-1 ;BXP_3  ;RRU227922B822B20C* ; 1 ;  OFF ;  ON ;  OFF ; N/A ;KRC161864/1     ;R1E     ;TU8U01LF9D    ;20220615 ;4 (OK) ; 36.0 ;3.28 ;55.5 ;CXP9013268%15_R101KB ; (Radio227922B822B20C)
Radio-S212-1 ;BXP_4  ;RRU227922B822B20C* ; 1 ;  OFF ;  ON ;  OFF ; N/A ;KRC161864/1     ;R1E     ;TU8U01LF9F    ;20220615 ;4 (OK) ; 37.0 ;3.28 ;55.8 ;CXP9013268%15_R101KB ; (Radio227922B822B20C)
-------------------------------------------------------------------------------------------------------------------------------------

=====================================================================================================================================
AntennaNearUnit                                     ;ST  ;TYPE   ;PRODUCTNR     ;REV       ;UNIQUEID             ;RfPort
=====================================================================================================================================
AntennaUnitGroup=210,AntennaNearUnit=RET_1800_2100  ; 1  ;S-RET  ;86010165      ;HW_V_A01  ;KAD241384797-Y1      ;FieldReplaceableUnit=Radio-S210-1,RfPort=R
AntennaUnitGroup=210,AntennaNearUnit=RET_2600       ; 1  ;S-RET  ;86010165      ;HW_V_A01  ;KAD241384797-Y2      ;FieldReplaceableUnit=Radio-S210-1,RfPort=R
AntennaUnitGroup=210,AntennaNearUnit=RET_800_900    ; 1  ;S-RET  ;86010165      ;HW_V_A01  ;KAD241384797-R1      ;FieldReplaceableUnit=Radio-S210-1,RfPort=R
AntennaUnitGroup=210,AntennaNearUnit=TMA_800_900    ; 1  ;TMA    ;KRY112228/11  ;R1B       ;ERT405---X617D13355  ;FieldReplaceableUnit=Radio-S210-1,RfPort=R
AntennaUnitGroup=211,AntennaNearUnit=RET_1800_2100  ; 1  ;S-RET  ;86010165      ;HW_V_A01  ;KAD241225122-Y1      ;FieldReplaceableUnit=Radio-S211-1,RfPort=R
AntennaUnitGroup=211,AntennaNearUnit=RET_2600       ; 1  ;S-RET  ;86010165      ;HW_V_A01  ;KAD241225122-Y2      ;FieldReplaceableUnit=Radio-S211-1,RfPort=R
AntennaUnitGroup=211,AntennaNearUnit=RET_800_900    ; 1  ;S-RET  ;86010165      ;HW_V_A01  ;KAD241225122-R1      ;FieldReplaceableUnit=Radio-S211-1,RfPort=R
AntennaUnitGroup=211,AntennaNearUnit=TMA_800_900    ; 1  ;TMA    ;KRY112228/11  ;R1B       ;ERT405---X617D13356  ;FieldReplaceableUnit=Radio-S211-1,RfPort=R
AntennaUnitGroup=212,AntennaNearUnit=RET_1800_2100  ; 1  ;S-RET  ;86010165      ;HW_V_A01  ;KAD241422850-Y1      ;FieldReplaceableUnit=Radio-S212-1,RfPort=R
AntennaUnitGroup=212,AntennaNearUnit=RET_2600       ; 1  ;S-RET  ;86010165      ;HW_V_A01  ;KAD241422850-Y2      ;FieldReplaceableUnit=Radio-S212-1,RfPort=R
AntennaUnitGroup=212,AntennaNearUnit=RET_800_900    ; 1  ;S-RET  ;86010165      ;HW_V_A01  ;KAD241422850-R1      ;FieldReplaceableUnit=Radio-S212-1,RfPort=R
AntennaUnitGroup=212,AntennaNearUnit=TMA_800_900    ; 1  ;TMA    ;KRY112228/11  ;R1B       ;ERT405---X617D13367  ;FieldReplaceableUnit=Radio-S212-1,RfPort=R
-------------------------------------------------------------------------------------------------------------------------------------

=====================================================================================================================================
XPBOARD  ;ST ;FAULT ;OPER ;PRODUCTNUMBER ;REV ;SERIAL/NAME ;DATE     ; TEMP ;MO
=====================================================================================================================================
FAN      ; 1 ;N/A   ;N/A  ;BKV106217/1   ;N/A ;N/A         ;N/A      ;      ;SupportUnit=1 (FAN  BB-1)
-------------------------------------------------------------------------------------------------------------------------------------

=====================================================================================================================================
ID ;T ;RiL    ;BPBP ;BOARD1             ;LNH1 ;PORT ;R ;LINK ;RATE  ; BER ;BOARD2             ;LNH2 ;PORT ;R ;LINK ;RATE  ; BER ;LENGTH ;MO1 - MO2
=====================================================================================================================================
 1 ;O ;S210-1 ;1111 ;BB6630             ;000100 ; 1 ;M ;Up   ;10.1G ;   0 ;RRU227922B822B20C* ;BXP_2  ; 0 ;S ;Up   ;10.1G ;   0 ;   22m ;Fru=BB-1(A) Fru=Radio-S210-1(D1)
 2 ;O ;S211-1 ;1111 ;BB6630             ;000100 ; 2 ;M ;Up   ;10.1G ;   0 ;RRU227922B822B20C* ;BXP_3  ; 0 ;S ;Up   ;10.1G ;   0 ;   21m ;Fru=BB-1(B) Fru=Radio-S211-1(D1)
 3 ;O ;S212-1 ;1111 ;BB6630             ;000100 ; 3 ;M ;Up   ;10.1G ;   0 ;RRU227922B822B20C* ;BXP_4  ; 0 ;S ;Up   ;10.1G ;   0 ;   21m ;Fru=BB-1(C) Fru=Radio-S212-1(D1)
 4 ;O ;S100-1 ;1111 ;BB6630             ;000100 ; 4 ;M ;Up   ;10.1G ;   0 ;RRU449944B144B3C   ;BXP_5  ; 1 ;S ;Up   ;10.1G ;   0 ;   58m ;Fru=BB-1(D) Fru=Radio-S100-1(D2)
 5 ;O ;S102-1 ;1111 ;BB6630             ;000100 ; 5 ;M ;Up   ;10.1G ;   0 ;RRU449944B144B3C   ;BXP_6  ; 1 ;S ;Up   ;10.1G ;   0 ;   58m ;Fru=BB-1(E) Fru=Radio-S102-1(D2)
-------------------------------------------------------------------------------------------------------------------------------------

=====================================================================================================================================
ID ;LINK ;RiL    ;VENDOR1  ;VENDORPROD1      ;REV1 ;SERIAL1         ;DATE1    ;ERICSSONPROD1  ;VENDOR2  ;VENDORPROD2      ;REV2 ;SERIAL2         ;DATE2    ;ERICSSONPROD2  ;TT ;WL1     ;WL2    
=====================================================================================================================================
 1 ;Up   ;S210-1 ;ERICSSON ;LCP-10G3B4HDRME4 ;A    ;2224094A2451707 ;20220607 ;RDH10265/2 R1A ;ERICSSON ;LCP-10G3B4HDRME4 ;A    ;2224094A2451702 ;20220607 ;RDH10265/2 R1A ;0  ;1310.00 ;1310.00
 2 ;Up   ;S211-1 ;ERICSSON ;LCP-10G3B4HDRME4 ;A    ;2224094A2451708 ;20220607 ;RDH10265/2 R1A ;ERICSSON ;LCP-10G3B4HDRME4 ;A    ;2224094A2451697 ;20220607 ;RDH10265/2 R1A ;0  ;1310.00 ;1310.00
 3 ;Up   ;S212-1 ;ERICSSON ;LCP-10G3B4HDRME4 ;A    ;2224094A2451706 ;20220607 ;RDH10265/2 R1A ;ERICSSON ;LCP-10G3B4HDRME4 ;A    ;2224094A2451694 ;20220607 ;RDH10265/2 R1A ;0  ;1310.00 ;1310.00
 4 ;Up   ;S100-1 ;ERICSSON ;LCP-10G3B4HDRME4 ;A    ;2224094A2451709 ;20220607 ;RDH10265/2 R1A ;ERICSSON ;LCP-10G3B4HDRME4 ;A    ;2224094A2451703 ;20220607 ;RDH10265/2 R1A ;0  ;1310.00 ;1310.00
 5 ;Up   ;S102-1 ;ERICSSON ;LCP-10G3B4HDRME4 ;A    ;2224094A2451711 ;20220607 ;RDH10265/2 R1A ;ERICSSON ;LCP-10G3B4HDRME4 ;A    ;2224094A2451704 ;20220607 ;RDH10265/2 R1A ;0  ;1310.00 ;1310.00
-------------------------------------------------------------------------------------------------------------------------------------

=====================================================================================================================================
ID ;LINK ;RiL    ;WL1     ;TEMP1 ;TXbs1 ;TXdBm1 ;RXdBm1 ;BER1   ;WL2     ;TEMP2 ;TXbs2 ;TXdBm2 ;RXdBm2 ;BER2   ;DlLoss ;UlLoss ;LENGTH ;TT
=====================================================================================================================================
 1 ;Up   ;S210-1 ;1310.00 ;43C   ;39%   ;-3.30  ;-3.12  ;   0   ;1310.00 ;24C   ;37%   ;-3.24  ;-3.72  ;   0   ;  0.42 ; -0.12 ;   22m ; 0
 2 ;Up   ;S211-1 ;1310.00 ;45C   ;38%   ;-3.26  ;-3.22  ;   0   ;1310.00 ;29C   ;33%   ;-3.30  ;-4.09  ;   0   ;  0.83 ; -0.08 ;   21m ; 0
 3 ;Up   ;S212-1 ;1310.00 ;44C   ;35%   ;-3.33  ;-4.65  ;   0   ;1310.00 ;26C   ;24%   ;-3.37  ;-3.79  ;   0   ;  0.46 ;  1.28 ;   21m ; 0
 4 ;Up   ;S100-1 ;1310.00 ;44C   ;38%   ;-3.25  ;-2.95  ;   0   ;1310.00 ;24C   ;29%   ;-3.23  ;-3.27  ;   0   ;  0.02 ; -0.28 ;   58m ; 0
 5 ;Up   ;S102-1 ;1310.00 ;42C   ;35%   ;-3.21  ;-3.52  ;   0   ;1310.00 ;25C   ;35%   ;-3.26  ;-3.20  ;   0   ; -0.01 ;  0.26 ;   58m ; 0
-------------------------------------------------------------------------------------------------------------------------------------

=====================================================================================================================================
ID ;RiL    ;BOARD              ;SFPLNH  ;PORT ;VENDOR   ;VENDORPROD       ;REV  ;SERIAL          ;DATE     ;ERICSSONPROD   ;WL      ;TEMP  ;TXbs  ;TXdBm  ;RXdBm  ; BER
=====================================================================================================================================
 1 ;S210-1 ;BB6630             ;000100   ;  1 ;ERICSSON ;LCP-10G3B4HDRME4 ;A    ;2224094A2451707 ;20220607 ;RDH10265/2 R1A ;1310.00 ;43C   ;39%   ;-3.30  ;-3.12  ;   0
 2 ;S211-1 ;BB6630             ;000100   ;  2 ;ERICSSON ;LCP-10G3B4HDRME4 ;A    ;2224094A2451708 ;20220607 ;RDH10265/2 R1A ;1310.00 ;45C   ;38%   ;-3.26  ;-3.22  ;   0
 3 ;S212-1 ;BB6630             ;000100   ;  3 ;ERICSSON ;LCP-10G3B4HDRME4 ;A    ;2224094A2451706 ;20220607 ;RDH10265/2 R1A ;1310.00 ;44C   ;35%   ;-3.33  ;-4.65  ;   0
 4 ;S100-1 ;BB6630             ;000100   ;  4 ;ERICSSON ;LCP-10G3B4HDRME4 ;A    ;2224094A2451709 ;20220607 ;RDH10265/2 R1A ;1310.00 ;44C   ;38%   ;-3.25  ;-2.95  ;   0
 5 ;S102-1 ;BB6630             ;000100   ;  5 ;ERICSSON ;LCP-10G3B4HDRME4 ;A    ;2224094A2451711 ;20220607 ;RDH10265/2 R1A ;1310.00 ;42C   ;35%   ;-3.21  ;-3.52  ;   0
 1 ;S210-1 ;RRU227922B822B20C* ;BXP_2    ;  0 ;ERICSSON ;LCP-10G3B4HDRME4 ;A    ;2224094A2451702 ;20220607 ;RDH10265/2 R1A ;1310.00 ;24C   ;37%   ;-3.24  ;-3.72  ;   0
 2 ;S211-1 ;RRU227922B822B20C* ;BXP_3    ;  0 ;ERICSSON ;LCP-10G3B4HDRME4 ;A    ;2224094A2451697 ;20220607 ;RDH10265/2 R1A ;1310.00 ;29C   ;33%   ;-3.30  ;-4.09  ;   0
 3 ;S212-1 ;RRU227922B822B20C* ;BXP_4    ;  0 ;ERICSSON ;LCP-10G3B4HDRME4 ;A    ;2224094A2451694 ;20220607 ;RDH10265/2 R1A ;1310.00 ;26C   ;24%   ;-3.37  ;-3.79  ;   0
 4 ;S100-1 ;RRU449944B144B3C   ;BXP_5    ;  1 ;ERICSSON ;LCP-10G3B4HDRME4 ;A    ;2224094A2451703 ;20220607 ;RDH10265/2 R1A ;1310.00 ;24C   ;29%   ;-3.23  ;-3.27  ;   0
 5 ;S102-1 ;RRU449944B144B3C   ;BXP_6    ;  1 ;ERICSSON ;LCP-10G3B4HDRME4 ;A    ;2224094A2451704 ;20220607 ;RDH10265/2 R1A ;1310.00 ;25C   ;35%   ;-3.26  ;-3.20  ;   0
-------------------------------------------------------------------------------------------------------------------------------------
TN ;       ;BB6630             ;000100   ;  A ;WTD      ;RTXM192-406-C25  ;3.0  ;HC220800560755  ;20220218 ;RDH10247/2 R2A ;0       ;39C   ;20%   ;-5.64  ;-9.24  ; 0/0
TN ;       ;BB6630             ;000100   ;  B ;ERICSSON ;LCP-10G3B4HDRME4 ;A    ;2224094A2452949 ;20220608 ;RDH10265/2 R1A ;0       ;40C   ;37%   ;-3.32  ;-3.39  ; 0/0
-------------------------------------------------------------------------------------------------------------------------------------

=====================================================================================================================================
BOARD  ;LNH    ;PORT   ;T ;S ;OpMode    ;AutoNeg ;MacAddress        ;VlanIds        ;LOS ;BER
=====================================================================================================================================
BB6630 ;000100 ;IDL_A1 ;E ;1 ;10G_FULL  ;false   ;F8:97:A9:05:CC:67 ;3908           ;0   ;0/0
BB6630 ;000100 ;TN_A   ;O ;1 ;1G_FULL   ;true    ;F8:97:A9:05:CC:63 ;3901,3908,3910 ;0   ;0/0
BB6630 ;000100 ;TN_B   ;O ;1 ;10G_FULL  ;false   ;F8:97:A9:05:CC:64 ;3901,3908,3910 ;0   ;0/0
BB6630 ;000100 ;TN_C   ;E ;1 ;100M_FULL ;false   ;F8:97:A9:05:CC:65 ;3910           ;0   ;0/0
-------------------------------------------------------------------------------------------------------------------------------------

radioClockState : RNT_TIME_LOCKED
-------------------------------------------------------------------------------------
Prio  ;ST  ;syncRefType    ;refStatus  ;opQualLevel  ;SyncReference
-------------------------------------------------------------------------------------
  *1  ; 1  ;PTP_TIME       ;NO_FAULT   ;PRTC         ;Ptp=1,BoundaryOrdinaryClock=PTP (G_8275_1 EthernetPort=TN_A:SLAVE EthernetPort=TN_B:MASTER)
   2  ; 1  ;NTP_FREQUENCY  ;NO_FAULT   ;PRC          ;Ntp=1,NtpFrequencySync=NTP1 (10.31.0.54:32751 Router=45G_Traffic,InterfaceIPv4=LTE,AddressIPv4=LTE)
-------------------------------------------------------------------------------------
-------------------------------------------------------------------------------------
Prio  ;ST  ;assistRefStatus  ;recQualLevel  ;AssistingReference
-------------------------------------------------------------------------------------
   1  ; 1  ;NO_FAULT         ;PRC           ;Synchronization=1,SyncEthInput=SyncE (SFP_OPTICAL EthernetPort=TN_A)
-------------------------------------------------------------------------------------
nodeGroupRole   : SYNC_PROVIDER (syncNodePriority=1, selectionMode=NODE_PRIORITY)
-------------------------------------------------------------------------------------
DU  ;Port  ;sharedUnitRef (RiPortA - RiPortB)  ;remoteNodePriority  ;CandidateStatus
-------------------------------------------------------------------------------------
1   ;C     ;Fru=Radio-S212-1 (1 - 2)           ;3                   ;OK_NOT_ACTIVE
1   ;B     ;Fru=Radio-S211-1 (1 - 2)           ;3                   ;OK_NOT_ACTIVE
1   ;A     ;Fru=Radio-S210-1 (1 - 2)           ;3                   ;OK_NOT_ACTIVE
-------------------------------------------------------------------------------------

=====================================================================================================================================
FRU          ;LNH    ;BOARD              ;RF  ;BP  ;TX (W/dBm)  ;VSWR (RL)   ;RX (dBm) ;UEs/gUEs  ;Sector/AntennaGroup/Cells (State:CellIds:PCIs)
=====================================================================================================================================
Radio-S100-1 ;BXP_5  ;RRU449944B144B3C   ; A  ;11  ;38.6 (45.9) ;1.20 (20.8) ;-88.1    ;83/-      ;SE=100 AG=100 FDD=KS65M1 FDD=KS65T1 (1:31:140, 1:41:183)
Radio-S100-1 ;BXP_5  ;RRU449944B144B3C   ; B  ;11  ;39.0 (45.9) ;1.14 (23.8) ;-88.1    ;83/-      ;SE=100 AG=100 FDD=KS65M1 FDD=KS65T1 (1:31:140, 1:41:183)
Radio-S100-1 ;BXP_5  ;RRU449944B144B3C   ; C  ;11  ;30.0 (44.8) ;1.15 (23.2) ;-91.2    ;33/-      ;SE=101 AG=101 FDD=KS65M2 FDD=KS65T2 (1:32:52, 1:42:84)
Radio-S100-1 ;BXP_5  ;RRU449944B144B3C   ; D  ;11  ;31.8 (45.0) ;1.11 (25.7) ;-91.4    ;33/-      ;SE=101 AG=101 FDD=KS65M2 FDD=KS65T2 (1:32:52, 1:42:84)
Radio-S102-1 ;BXP_6  ;RRU449944B144B3C   ; A  ;11  ;40.9 (46.1) ;1.20 (21.0) ;-90.9    ;84/-      ;SE=102 AG=102 FDD=KS65M3 FDD=KS65T3 (1:33:20, 1:43:85)
Radio-S102-1 ;BXP_6  ;RRU449944B144B3C   ; B  ;11  ;36.8 (45.7) ;1.19 (21.1) ;-91.1    ;84/-      ;SE=102 AG=102 FDD=KS65M3 FDD=KS65T3 (1:33:20, 1:43:85)
Radio-S102-1 ;BXP_6  ;RRU449944B144B3C   ; C  ;11  ;-           ;-           ;         ;          ;
Radio-S102-1 ;BXP_6  ;RRU449944B144B3C   ; D  ;11  ;-           ;-           ;         ;          ;
Radio-S210-1 ;BXP_2  ;RRU227922B822B20C* ; A  ;11  ;29.8 (44.7) ;1.22 (20.1) ;-90.2    ;13/-      ;SE=210* AG=210 FDD=KS65E1 NIOT=KS65N1 (1:61:225, 1:161:225)
Radio-S210-1 ;BXP_2  ;RRU227922B822B20C* ; B  ;11  ;25.7 (44.1) ;1.24 (19.4) ;-90.0    ;13/-      ;SE=210* AG=210 FDD=KS65E1 NIOT=KS65N1 (1:61:225, 1:161:225)
Radio-S211-1 ;BXP_3  ;RRU227922B822B20C* ; A  ;11  ;41.8 (46.2) ;1.25 (19.1) ;-88.9    ;6/-       ;SE=211* AG=211 FDD=KS65E2 NIOT=KS65N2 (1:62:304, 1:162:304)
Radio-S211-1 ;BXP_3  ;RRU227922B822B20C* ; B  ;11  ;43.6 (46.4) ;1.14 (23.5) ;-89.6    ;6/-       ;SE=211* AG=211 FDD=KS65E2 NIOT=KS65N2 (1:62:304, 1:162:304)
Radio-S212-1 ;BXP_4  ;RRU227922B822B20C* ; A  ;11  ;22.3 (43.5) ;1.21 (20.4) ;-89.1    ;10/-      ;SE=212* AG=212 FDD=KS65E3 NIOT=KS65N3 (1:63:449, 1:163:449)
Radio-S212-1 ;BXP_4  ;RRU227922B822B20C* ; B  ;11  ;22.7 (43.6) ;1.13 (24.2) ;-89.0    ;10/-      ;SE=212* AG=212 FDD=KS65E3 NIOT=KS65N3 (1:63:449, 1:163:449)
-------------------------------------------------------------------------------------------------------------------------------------

KS65E> mfar

251125-15:34:12+0100 19.31.4.222 25.0h MSRBS_NODE_MODEL_25.Q1_198665.224.73_bf81 stopfile=/tmp/2927531
........
Last MO: 18982. Loaded 18982 MOs. Total: 18983 MOs.
...............................................
get /rop/A20251125.1300-1315_KS65E.xml.gz /ericsson/log/amos/moshell_logfiles/t20251125_37258710_65084/logs_moshell/pmfiles/19.31.4.222/rop/A20251125.1300-1315_KS65E.xml.gz ... OK
get /rop/A20251125.1315-1330_KS65E.xml.gz /ericsson/log/amos/moshell_logfiles/t20251125_37258710_65084/logs_moshell/pmfiles/19.31.4.222/rop/A20251125.1315-1330_KS65E.xml.gz ... OK
get /rop/A20251125.1330-1345_KS65E.xml.gz /ericsson/log/amos/moshell_logfiles/t20251125_37258710_65084/logs_moshell/pmfiles/19.31.4.222/rop/A20251125.1330-1345_KS65E.xml.gz ... OK

Using hardcoded thresholds: 3, 4.5, and 16.5
================================================================================================================================
SC     SE  Tx/Rx BrPair  RfPort1 - RfPort2               HW       Serial      Cell (State)   Samples   Med  Mean  SDev Pol Res Issue
================================================================================================================================
KS65E1 210   2/2 0 (1,2) Radio-S210-1(A) Radio-S210-1(B) RRU2279  TU8U01LF9C  FDD=KS65E1 (1)  141338  -0.5  -0.4   6.8  NA  OK Passed
KS65E2 211   2/2 0 (1,2) Radio-S211-1(A) Radio-S211-1(B) RRU2279  TU8U01LF9D  FDD=KS65E2 (1)   96839  -0.5  -0.6   7.1  NA  OK Passed
KS65E3 212   2/2 0 (1,2) Radio-S212-1(A) Radio-S212-1(B) RRU2279  TU8U01LF9F  FDD=KS65E3 (1)  109676   0.5   0.8   7.4  NA  OK Passed
KS65M1 100   2/2 0 (1,2) Radio-S100-1(A) Radio-S100-1(B) RRU4499  TU8U01M0RP  FDD=KS65M1 (1)  226721  -0.5  -0.6   7.0  NA  OK Passed
KS65M2 101   2/2 0 (1,2) Radio-S100-1(C) Radio-S100-1(D) RRU4499  TU8U01M0RP  FDD=KS65M2 (1)  113450  -0.5  -1.0   7.2  NA  OK Passed
KS65M3 102   2/2 0 (1,2) Radio-S102-1(A) Radio-S102-1(B) RRU4499  TU8U01M0KD  FDD=KS65M3 (1)  208577  -0.5  -0.6   6.6  NA  OK Passed
KS65T1 100   2/2 0 (1,2) Radio-S100-1(A) Radio-S100-1(B) RRU4499  TU8U01M0RP  FDD=KS65T1 (1)  254421   0.5   0.0   6.7  NA  OK Passed
KS65T2 101   2/2 0 (1,2) Radio-S100-1(C) Radio-S100-1(D) RRU4499  TU8U01M0RP  FDD=KS65T2 (1)  180555   0.5  -0.0   7.2  NA  OK Passed
KS65T3 102   2/2 0 (1,2) Radio-S102-1(A) Radio-S102-1(B) RRU4499  TU8U01M0KD  FDD=KS65T3 (1)  253049  -0.5  -0.0   7.4  NA  OK Passed
================================================================================================================================
Total: 9 SectorCarriers, 9 RfBranch Pairs (9 OK, 0 OKW, 0 NOK, 0 NT)
.........
Last MO: 18982. Loaded 18982 MOs. Total: 18983 MOs.

No NRSectorCarrier MOs are defined on the node.

KS65E> mfitr

251125-15:34:32+0100 19.31.4.222 25.0h MSRBS_NODE_MODEL_25.Q1_198665.224.73_bf81 stopfile=/tmp/2927531
..............
Last MO: 18982. Loaded 18982 MOs. Total: 18983 MOs.
...........
2025-11-25 15:35
================================================================================================================================
CELL       SC     FRU          BOARD             PUSCH  PUCCH       A      B      C      D  DELTA
================================================================================================================================
FDD=KS65E1 KS65E1 Radio-S210-1 RRU227922B822B20C -115.4 -116.2 -117.3 -117.0                  0.3
FDD=KS65E2 KS65E2 Radio-S211-1 RRU227922B822B20C -112.5 -112.6 -110.9 -111.0                  0.1
FDD=KS65E3 KS65E3 Radio-S212-1 RRU227922B822B20C -110.5 -114.9 -110.0 -111.5                  1.5
FDD=KS65M1 KS65M1 Radio-S100-1 RRU449944B144B3C  -115.0 -115.7 -115.2 -114.7                  0.5
FDD=KS65M2 KS65M2 Radio-S100-1 RRU449944B144B3C  -115.1 -115.5               -115.0 -116.0      1
FDD=KS65M3 KS65M3 Radio-S102-1 RRU449944B144B3C  -116.6 -117.1 -116.2 -115.6                  0.6
FDD=KS65T1 KS65T1 Radio-S100-1 RRU449944B144B3C  -112.7 -114.0 -113.9 -113.8                  0.1
FDD=KS65T2 KS65T2 Radio-S100-1 RRU449944B144B3C  -113.3 -113.1               -113.9 -114.1    0.2
FDD=KS65T3 KS65T3 Radio-S102-1 RRU449944B144B3C  -112.4 -115.1 -114.2 -114.0                  0.2
================================================================================================================================
Bye...
Output has been logged to file /mta_fs/UserFiles/37258710/amosbatch/SDIR/KS65E.log
