Logging to file /mta_fs/UserFiles/37258710/amosbatch/SDIR/RC1FT.log
                        __  __  ____   _____
                  /\   |  \/  |/ __ \ / ____|
                 /  \  | \  / | |  | | (___  
                / /\ \ | |\/| | |  | |\___ \ 
               / ____ \| |  | | |__| |____) |
              /_/    \_\_|  |_|\____/|_____/
              OSS Framework for MoShell-25.0h 
  Copyright (c) Ericsson AB 2001-2025 - All Rights Reserved
              
           
[1;31mWARNING: [0mthe AMOS version currently running is more than 29 weeks old and is unsupported.
Please upgrade as soon as possible to the latest released version, available from your local Ericsson support.

$amosrb_pid = 2874400

Checking ip contact...OK

HELP MENU            : h
BASIC MO COMMANDS    : m
OTHER MO COMMANDS    : n
OTHER COMMANDS       : o
PM COMMANDS          : p
QUIT                 : q

RC1FT> lt all

251125-15:13:35+0100 19.31.15.225 25.0h  stopfile=/tmp/2874318
Looking up temporary_amos account... OK.
Trying temporary_amos_t20251125_37258710_65084_131's password from amos lookupAccount ... OK

$ssh_pid = 2875108

Connected to 19.31.15.225 (SubNetwork=BBMM_rckomc_R,MeContext=RC1FT,ManagedElement=RC1FT)

Checking MOM version...MSRBS_NODE_MODEL_25.Q1_693.28324.131_62ac
Parsing MOM (cached): /ericsson/log/amos/moshell_logfiles/t20251125_37258710_65084/logs_moshell/tempfiles/scp-4-amos_20251125-151328_2874255/MSRBS_NODE_MODEL_25.Q1_693.28324.131_62ac.xml.cache.gz ..................................................................................................................................................................................................................................Done.
Using paramfile /opt/ericsson/amos/moshell/commonjars/pm/PARAM_MSRBS_25.Q1.txt
Parsing file /opt/ericsson/amos/moshell/commonjars/pm/PARAM_MSRBS_25.Q1.txt .......................................................................................Done.
Using imomdfile /opt/ericsson/amos/moshell/commonjars/pm/IMOMD_MSRBS_22.Q4.txt
Using imomfile /opt/ericsson/amos/moshell/commonjars/pm/IMOM_MSRBS_25.Q1.txt
Connected to 19.31.15.225 (SubNetwork=BBMM_rckomc_R,MeContext=RC1FT,ManagedElement=RC1FT)

Last MO: 19673. Loaded 19673 MOs. Total: 19674 MOs.

RC1FT> st cell

251125-15:13:50+0100 19.31.15.225 25.0h MSRBS_NODE_MODEL_25.Q1_693.28324.131_62ac stopfile=/tmp/2874318
===================================================================================
Proxy  Adm State     Op. State     MO
===================================================================================
   43  1 (UNLOCKED)  1 (ENABLED)   ENodeBFunction=1,EUtranCellFDD=RC1FE1
  190  1 (UNLOCKED)  1 (ENABLED)   ENodeBFunction=1,EUtranCellFDD=RC1FE2
  309  1 (UNLOCKED)  1 (ENABLED)   ENodeBFunction=1,EUtranCellFDD=RC1FE3
  405  1 (UNLOCKED)  1 (ENABLED)   ENodeBFunction=1,EUtranCellFDD=RC1FM1
  504  1 (UNLOCKED)  1 (ENABLED)   ENodeBFunction=1,EUtranCellFDD=RC1FM2
  603  1 (UNLOCKED)  1 (ENABLED)   ENodeBFunction=1,EUtranCellFDD=RC1FM3
  700  1 (UNLOCKED)  1 (ENABLED)   ENodeBFunction=1,EUtranCellFDD=RC1FT1
  809  1 (UNLOCKED)  1 (ENABLED)   ENodeBFunction=1,EUtranCellFDD=RC1FT2
  915  1 (UNLOCKED)  1 (ENABLED)   ENodeBFunction=1,EUtranCellFDD=RC1FT3
 1325  1 (UNLOCKED)  1 (ENABLED)   ENodeBFunction=1,NbIotCell=RC1FN1
 1326  1 (UNLOCKED)  1 (ENABLED)   ENodeBFunction=1,NbIotCell=RC1FN2
 1327  1 (UNLOCKED)  1 (ENABLED)   ENodeBFunction=1,NbIotCell=RC1FN3
 2575  1 (UNLOCKED)  1 (ENABLED)   GNBDUFunction=1,NRCellDU=RC1FV1
 2577  1 (UNLOCKED)  1 (ENABLED)   GNBDUFunction=1,NRCellDU=RC1FV2
 2579  1 (UNLOCKED)  1 (ENABLED)   GNBDUFunction=1,NRCellDU=RC1FV3
===================================================================================
Total: 15 MOs

INFO: NRCellDU status needs to be printed with command "stz" or "hget ,nrcell state" due to dependency to cellState/serviceState attributes.

RC1FT> st radio

251125-15:13:50+0100 19.31.15.225 25.0h MSRBS_NODE_MODEL_25.Q1_693.28324.131_62ac stopfile=/tmp/2874318
===================================================================================
Proxy  Adm State     Op. State     MO
===================================================================================
 2058  1 (UNLOCKED)  1 (ENABLED)   Equipment=1,FieldReplaceableUnit=Radio-S100-1
 2081  1 (UNLOCKED)  1 (ENABLED)   Equipment=1,FieldReplaceableUnit=Radio-S102-1
 2104  1 (UNLOCKED)  1 (ENABLED)   Equipment=1,FieldReplaceableUnit=Radio-S210-1
 2121  1 (UNLOCKED)  1 (ENABLED)   Equipment=1,FieldReplaceableUnit=Radio-S211-1
 2138  1 (UNLOCKED)  1 (ENABLED)   Equipment=1,FieldReplaceableUnit=Radio-S212-1
19666  1 (UNLOCKED)  1 (ENABLED)   Transport=1,Synchronization=1,RadioEquipmentClock=1,RadioEquipmentClockReference=NTP1
19667  1 (UNLOCKED)  1 (ENABLED)   Transport=1,Synchronization=1,RadioEquipmentClock=1,RadioEquipmentClockReference=PTP
===================================================================================
Total: 7 MOs

RC1FT> sdir

251125-15:13:50+0100 19.31.15.225 25.0h MSRBS_NODE_MODEL_25.Q1_693.28324.131_62ac stopfile=/tmp/2874318
INFO: Using amos lookupAccount credentials for the export login
......................
get /rop/A20251125.1315-1330_RC1FT.xml.gz /ericsson/log/amos/moshell_logfiles/t20251125_37258710_65084/logs_moshell/pmfiles/19.31.15.225/rop/A20251125.1315-1330_RC1FT.xml.gz ... OK
get /rop/A20251125.1330-1345_RC1FT.xml.gz /ericsson/log/amos/moshell_logfiles/t20251125_37258710_65084/logs_moshell/pmfiles/19.31.15.225/rop/A20251125.1330-1345_RC1FT.xml.gz ... OK
get /rop/A20251125.1345-1400_RC1FT.xml.gz /ericsson/log/amos/moshell_logfiles/t20251125_37258710_65084/logs_moshell/pmfiles/19.31.15.225/rop/A20251125.1345-1400_RC1FT.xml.gz ... OK
....Checking available boards on node...

Collecting RCS board data ...
.................................................................................................................................................................
.................................
..........................................................................................................................................................................................................................................................................................................................................................
get /rop/A20251125.1400-1415_RC1FT.xml.gz /ericsson/log/amos/moshell_logfiles/t20251125_37258710_65084/logs_moshell/pmfiles/19.31.15.225/rop/A20251125.1400-1415_RC1FT.xml.gz ... OK
.......
Collecting TN data...
.........................................................................................................................................................................
Getting MO data from node (81 MOs). Please wait...
0%                                             ~50%                                           ~100%
....................................................................................................................................
Collecting RF data...
.........
Collecting Alarms...
..Executing action Log.export()
...
Log=AlarmLog                    actionId=37186
...............
Executing action LogM.exportAvailabilityLog()
..LogM=1,exportAvailabilityLog    actionId=37187
.....Parsing alarmLog..........Done.
Parsing availabilityLog........Done.
............

Total: 8 CPRI links (8 OK, 0 OKW, 0 NOK, 0 NT)
.
+--------+                      +--------------------+
|        | A        O101     D1 |    Radio-S210-1    |
|        |-----------1----------| RRU227922B822B20C* |
|        |         OK-57m       |       BXP_5        |
|        |                      +--------------------+
|        |                                     |A  |B
|        |                  SE=210* AG=210 FDD=RC1FE1
|        |                                NIOT=RC1FN1
|        |
|        |                      +--------------------+
|        | B        O101     D1 |    Radio-S211-1    |
|        |-----------2----------| RRU227922B822B20C* |
|        |         OK-54m       |       BXP_6        |
|        |                      +--------------------+
|        |                                     |A  |B
|        |                  SE=211* AG=211 FDD=RC1FE2
|        |                                NIOT=RC1FN2
|        |
|        |                      +--------------------+
|        | C        O101     D1 |    Radio-S212-1    |
|        |-----------3----------| RRU227922B822B20C* |
|        |         OK-54m       |       BXP_4        |
|        |                      +--------------------+
|        |                                     |A  |B
|        |                  SE=212* AG=212 FDD=RC1FE3
|        |                                NIOT=RC1FN3
|        |
|        |                      +------------------+
|        | D        O101     D2 |   Radio-S100-1   |
|        |-----------4----------| RRU449944B144B3C |
|        |         OK-81m       |      BXP_3       |
|        |                      +------------------+
|        |                           |A  |B  |C  |D
|        |                    SE=100 AG=100  |   |
|        |            FDD=RC1FM1 FDD=RC1FT1  |   |
|        |                            SE=101 AG=101
|  BB-1  |                    FDD=RC1FM2 FDD=RC1FT2
| BB6648 |
| 000100 |
|        |
|        |                      +------------------+
|        | E        O101     D2 |   Radio-S102-1   |
|        |-----------5----------| RRU449944B144B3C |
|        |         OK-81m       |      BXP_2       |
|        |                      +------------------+
|        |                           |A  |B  |C  |D
|        |                    SE=102 AG=102  |   |
|        |            FDD=RC1FM3 FDD=RC1FT3  |   |
|        |
|        |                      +-------------+
|        | K        O257     D1 | AAS-S160-1  |
|        |-----------6----------| AIR3278B78K |
|        |         OK-82m       |  fru_2048   |
|        |                      +-------------+
|        |                                  |A
|        |                   SE=160 NRC=RC1FV1
|        |
|        |                      +-------------+
|        | L        O257     D1 | AAS-S161-1  |
|        |-----------7----------| AIR3278B78K |
|        |         OK-82m       |  fru_2049   |
|        |                      +-------------+
|        |                                  |A
|        |                   SE=161 NRC=RC1FV2
|        |
|        |                      +-------------+
|        | M        O257     D1 | AAS-S162-1  |
|        |-----------8----------| AIR3278B78K |
|        |         OK-82m       |  fru_2050   |
|        |                      +-------------+
|        |                                  |A
+--------+                   SE=162 NRC=RC1FV3

=====================================================================================================================================
ID RiL    Type Res MO1-MO2                  BOARD1-BOARD2             AlmIDs Cells (States)                                        Issue (Failed checks)
=====================================================================================================================================
 1 S210-1 O101 OK  BB-1(A) Radio-S210-1(D1) BB6648 RRU227922B822B20C*        FDD=RC1FE1 NIOT=RC1FN1 (1,1)                          Passed
 2 S211-1 O101 OK  BB-1(B) Radio-S211-1(D1) BB6648 RRU227922B822B20C*        FDD=RC1FE2 NIOT=RC1FN2 (1,1)                          Passed
 3 S212-1 O101 OK  BB-1(C) Radio-S212-1(D1) BB6648 RRU227922B822B20C*        FDD=RC1FE3 NIOT=RC1FN3 (1,1)                          Passed
 4 S100-1 O101 OK  BB-1(D) Radio-S100-1(D2) BB6648 RRU449944B144B3C          FDD=RC1FM1 FDD=RC1FM2 FDD=RC1FT1 FDD=RC1FT2 (1,1,1,1) Passed
 5 S102-1 O101 OK  BB-1(E) Radio-S102-1(D2) BB6648 RRU449944B144B3C          FDD=RC1FM3 FDD=RC1FT3 (1,1)                           Passed
 6 S160-1 O257 OK  BB-1(K) AAS-S160-1(D1)   BB6648 AIR3278B78K               NRC=RC1FV1 (1)                                        Passed
 7 S161-1 O257 OK  BB-1(L) AAS-S161-1(D1)   BB6648 AIR3278B78K               NRC=RC1FV2 (1)                                        Passed
 8 S162-1 O257 OK  BB-1(M) AAS-S162-1(D1)   BB6648 AIR3278B78K               NRC=RC1FV3 (1)                                        Passed
-------------------------------------------------------------------------------------------------------------------------------------

Node: RadioNode LN   CXP2010174/2_R27J08 (25.Q1)   G3.0   LTE-FDD,LTE-IoT NR-MB-TDD-NSA

=====================================================================================================================================
FRU          ;LNH      ;BOARD              ;ST ;FAULT ;OPER ;MAINT ;STAT ;PRODUCTNUMBER   ;REV     ;SERIAL        ;DATE     ;PMTEMP ; TEMP ; UPT ;VOLT ;SW                   ;
=====================================================================================================================================
BB-1         ;000100   ;BB6648             ; 1 ;  OFF ;  ON ;  OFF ;  ON ;KDU1370015/11   ;R3H/A   ;E96A00U1CP    ;20220906 ;4 (OK) ;      ;23.6 ;51   ;                     ;
Radio-S100-1 ;BXP_3    ;RRU449944B144B3C   ; 1 ;  OFF ;  ON ;  OFF ; N/A ;KRC161787/1     ;R2E     ;TU8U01HNBW    ;20220424 ;4 (OK) ; 21.0 ;23.6 ;52.0 ;CXP9013268%15_R101LX ; (Radio449944B144B3C)
Radio-S102-1 ;BXP_2    ;RRU449944B144B3C   ; 1 ;  OFF ;  ON ;  OFF ; N/A ;KRC161787/1     ;R2E     ;TU8U01HN52    ;20220424 ;4 (OK) ; 20.1 ;23.6 ;52.5 ;CXP9013268%15_R101LX ; (Radio449944B144B3C)
Radio-S210-1 ;BXP_5    ;RRU227922B822B20C* ; 1 ;  OFF ;  ON ;  OFF ; N/A ;KRC161864/1     ;R1E     ;TU8U01J1BG    ;20220502 ;4 (OK) ; 24.5 ;23.6 ;51.7 ;CXP9013268%15_R101LX ; (Radio227922B822B20C)
Radio-S211-1 ;BXP_6    ;RRU227922B822B20C* ; 1 ;  OFF ;  ON ;  OFF ; N/A ;KRC161864/1     ;R1E     ;TU8U01J68Z    ;20220505 ;4 (OK) ; 25.5 ;23.6 ;51.9 ;CXP9013268%15_R101LX ; (Radio227922B822B20C)
Radio-S212-1 ;BXP_4    ;RRU227922B822B20C* ; 1 ;  OFF ;  ON ;  OFF ; N/A ;KRC161864/1     ;R1E     ;TU8U01J671    ;20220505 ;4 (OK) ; 29.5 ;23.6 ;52.8 ;CXP9013268%15_R101LX ; (Radio227922B822B20C)
AAS-S160-1   ;fru_2048 ;AIR3278B78K        ; 1 ;  OFF ;  ON ;  OFF ; N/A ;KRD901266/11    ;R2C     ;E96A202B0M    ;20220511 ;4 (OK) ; 24.3 ;23.6 ;51.9 ;CXP2030038%1_R140L31 ;
AAS-S161-1   ;fru_2049 ;AIR3278B78K        ; 1 ;  OFF ;  ON ;  OFF ; N/A ;KRD901266/11    ;R2C     ;E96A202B08    ;20220511 ;4 (OK) ; 21.0 ;23.6 ;52.0 ;CXP2030038%1_R140L31 ;
AAS-S162-1   ;fru_2050 ;AIR3278B78K        ; 1 ;  OFF ;  ON ;  OFF ; N/A ;KRD901266/11    ;R2C     ;E96A202B0C    ;20220511 ;4 (OK) ; 20.3 ;23.6 ;51.6 ;CXP2030038%1_R140L31 ;
-------------------------------------------------------------------------------------------------------------------------------------

=====================================================================================================================================
AntennaNearUnit                                     ;ST  ;TYPE   ;PRODUCTNR  ;REV             ;UNIQUEID             ;RfPort
=====================================================================================================================================
AntennaUnitGroup=210,AntennaNearUnit=RET_1800_2100  ; 1  ;S-RET  ;RETINSIDE  ;RF11CIPT_VER.D  ;HWM1359H600G3443yyR  ;FieldReplaceableUnit=Radio-S210-1,RfPort=R
AntennaUnitGroup=210,AntennaNearUnit=RET_800_900    ; 1  ;S-RET  ;RETINSIDE  ;RF11CIPT_VER.D  ;HWM1359H600G174560r  ;FieldReplaceableUnit=Radio-S210-1,RfPort=R
AntennaUnitGroup=211,AntennaNearUnit=RET_1800_2100  ; 1  ;S-RET  ;RETINSIDE  ;RF11CIPT_VER.D  ;HWM1359H600BW492yyR  ;FieldReplaceableUnit=Radio-S211-1,RfPort=R
AntennaUnitGroup=211,AntennaNearUnit=RET_800_900    ; 1  ;S-RET  ;RETINSIDE  ;RF11CIPT_VER.D  ;HWM1359H600BU68580r  ;FieldReplaceableUnit=Radio-S211-1,RfPort=R
AntennaUnitGroup=212,AntennaNearUnit=RET_1800_2100  ; 1  ;S-RET  ;RETINSIDE  ;RF11CIPT_VER.D  ;HWM1359H6006W335yyR  ;FieldReplaceableUnit=Radio-S212-1,RfPort=R
AntennaUnitGroup=212,AntennaNearUnit=RET_800_900    ; 1  ;S-RET  ;RETINSIDE  ;RF11CIPT_VER.D  ;HWM1359H6006U85110r  ;FieldReplaceableUnit=Radio-S212-1,RfPort=R
-------------------------------------------------------------------------------------------------------------------------------------

=====================================================================================================================================
XPBOARD  ;ST ;FAULT ;OPER ;PRODUCTNUMBER ;REV ;SERIAL/NAME ;DATE     ; TEMP ;MO
=====================================================================================================================================
FAN08    ; 1 ;N/A   ;N/A  ;BKV106236/1   ;R2F ;DD111J4957  ;20220201 ; 65.0 ;SupportUnit=1 (FAN  BB-1)
-------------------------------------------------------------------------------------------------------------------------------------

=====================================================================================================================================
ID ;T ;RiL    ;BPBP ;BOARD1             ;LNH1 ;PORT ;R ;LINK ;RATE  ; BER ;BOARD2             ;LNH2   ;PORT ;R ;LINK ;RATE  ; BER ;LENGTH ;MO1 - MO2
=====================================================================================================================================
 1 ;O ;S210-1 ;1111 ;BB6648             ;000100 ; 1 ;M ;Up   ;10.1G ;   0 ;RRU227922B822B20C* ;BXP_5    ; 0 ;S ;Up   ;10.1G ;   0 ;   57m ;Fru=BB-1(A) Fru=Radio-S210-1(D1)
 2 ;O ;S211-1 ;1111 ;BB6648             ;000100 ; 2 ;M ;Up   ;10.1G ;   0 ;RRU227922B822B20C* ;BXP_6    ; 0 ;S ;Up   ;10.1G ;   0 ;   54m ;Fru=BB-1(B) Fru=Radio-S211-1(D1)
 3 ;O ;S212-1 ;1111 ;BB6648             ;000100 ; 3 ;M ;Up   ;10.1G ;   0 ;RRU227922B822B20C* ;BXP_4    ; 0 ;S ;Up   ;10.1G ;   0 ;   54m ;Fru=BB-1(C) Fru=Radio-S212-1(D1)
 4 ;O ;S100-1 ;1111 ;BB6648             ;000100 ; 4 ;M ;Up   ;10.1G ;   0 ;RRU449944B144B3C   ;BXP_3    ; 1 ;S ;Up   ;10.1G ;   0 ;   81m ;Fru=BB-1(D) Fru=Radio-S100-1(D2)
 5 ;O ;S102-1 ;1111 ;BB6648             ;000100 ; 5 ;M ;Up   ;10.1G ;   0 ;RRU449944B144B3C   ;BXP_2    ; 1 ;S ;Up   ;10.1G ;   0 ;   81m ;Fru=BB-1(E) Fru=Radio-S102-1(D2)
 6 ;O ;S160-1 ;1111 ;BB6648             ;000100 ;10 ;M ;Up   ;25.7G ; 0/0 ;AIR3278B78K        ;fru_2048 ; 0 ;S ;Up   ;25.7G ; 0/0 ;   82m ;Fru=BB-1(K) Fru=AAS-S160-1(D1)
 7 ;O ;S161-1 ;1111 ;BB6648             ;000100 ;11 ;M ;Up   ;25.7G ; 0/0 ;AIR3278B78K        ;fru_2049 ; 0 ;S ;Up   ;25.7G ; 0/0 ;   82m ;Fru=BB-1(L) Fru=AAS-S161-1(D1)
 8 ;O ;S162-1 ;1111 ;BB6648             ;000100 ;12 ;M ;Up   ;25.7G ; 0/0 ;AIR3278B78K        ;fru_2050 ; 0 ;S ;Up   ;25.7G ; 0/0 ;   82m ;Fru=BB-1(M) Fru=AAS-S162-1(D1)
-------------------------------------------------------------------------------------------------------------------------------------

=====================================================================================================================================
ID ;LINK ;RiL    ;VENDOR1  ;VENDORPROD1     ;REV1 ;SERIAL1    ;DATE1    ;ERICSSONPROD1  ;VENDOR2  ;VENDORPROD2     ;REV2 ;SERIAL2    ;DATE2    ;ERICSSONPROD2  ;TT ;WL1     ;WL2    
=====================================================================================================================================
 1 ;Up   ;S210-1 ;ERICSSON ;SPP10ELRIDFREN  ;10   ;M4O2010336 ;20220323 ;RDH10265/2 R1A ;ERICSSON ;SPP10ELRIDFREN  ;10   ;M4M2010039 ;20220321 ;RDH10265/2 R1A ;0  ;1310.00 ;1310.00
 2 ;Up   ;S211-1 ;ERICSSON ;SPP10ELRIDFREN  ;10   ;M4J2010919 ;20220318 ;RDH10265/2 R1A ;ERICSSON ;SPP10ELRIDFREN  ;10   ;M4J2006612 ;20220318 ;RDH10265/2 R1A ;0  ;1310.00 ;1310.00
 3 ;Up   ;S212-1 ;ERICSSON ;SPP10ELRIDFREN  ;10   ;M4O2010200 ;20220323 ;RDH10265/2 R1A ;ERICSSON ;SPP10ELRIDFREN  ;10   ;M4J2012166 ;20220318 ;RDH10265/2 R1A ;0  ;1310.00 ;1310.00
 4 ;Up   ;S100-1 ;ERICSSON ;SPP10ELRIDFREN  ;10   ;M4J2007047 ;20220318 ;RDH10265/2 R1A ;ERICSSON ;SPP10ELRIDFREN  ;10   ;M4J2007197 ;20220318 ;RDH10265/2 R1A ;0  ;1310.00 ;1310.00
 5 ;Up   ;S102-1 ;ERICSSON ;SPP10ELRIDFREN  ;10   ;M4J2008492 ;20220318 ;RDH10265/2 R1A ;ERICSSON ;SPP10ELRIDFREN  ;10   ;M4J2010318 ;20220318 ;RDH10265/2 R1A ;0  ;1310.00 ;1310.00
 6 ;Up   ;S160-1 ;ERICSSON ;EOLP-1325G-3H-9 ;1.0  ;DZ8N300A20 ;20220326 ;RDH10275/2 R1A ;ERICSSON ;EOLP-1325G-3H-9 ;1.0  ;DZ8N300A1Q ;20220326 ;RDH10275/2 R1A ;0  ;1310.00 ;1310.00
 7 ;Up   ;S161-1 ;ERICSSON ;EOLP-1325G-3H-9 ;1.0  ;DZ8N300A06 ;20220326 ;RDH10275/2 R1A ;ERICSSON ;EOLP-1325G-3H-9 ;1.0  ;DZ8N300A1X ;20220326 ;RDH10275/2 R1A ;0  ;1310.00 ;1310.00
 8 ;Up   ;S162-1 ;ERICSSON ;EOLP-1325G-3H-9 ;1.0  ;DZ8N300A0E ;20220326 ;RDH10275/2 R1A ;ERICSSON ;EOLP-1325G-3H-9 ;1.0  ;DZ8N300A1A ;20220326 ;RDH10275/2 R1A ;0  ;1310.00 ;1310.00
-------------------------------------------------------------------------------------------------------------------------------------

=====================================================================================================================================
ID ;LINK ;RiL    ;WL1     ;TEMP1 ;TXbs1 ;TXdBm1 ;RXdBm1 ;BER1   ;WL2     ;TEMP2 ;TXbs2 ;TXdBm2 ;RXdBm2 ;BER2   ;DlLoss ;UlLoss ;LENGTH ;TT
=====================================================================================================================================
 1 ;Up   ;S210-1 ;1310.00 ;57C   ;50%   ;-1.01  ;-3.17  ;   0   ;1310.00 ;22C   ;41%   ;-2.64  ;-4.53  ;   0   ;  3.52 ;  0.53 ;   57m ; 0
 2 ;Up   ;S211-1 ;1310.00 ;58C   ;45%   ;-0.66  ;-2.55  ;   0   ;1310.00 ;23C   ;37%   ;-1.05  ;-3.33  ;   0   ;  2.67 ;   1.5 ;   54m ; 0
 3 ;Up   ;S212-1 ;1310.00 ;56C   ;40%   ;-0.47  ;-0.90  ;   0   ;1310.00 ;27C   ;38%   ;-1.43  ;-2.08  ;   0   ;  1.61 ; -0.53 ;   54m ; 0
 4 ;Up   ;S100-1 ;1310.00 ;57C   ;48%   ;-2.08  ;-3.22  ;   0   ;1310.00 ;19C   ;39%   ;-1.69  ;-2.36  ;   0   ;  0.28 ;  1.53 ;   81m ; 0
 5 ;Up   ;S102-1 ;1310.00 ;56C   ;48%   ;-3.58  ;-3.18  ;   0   ;1310.00 ;19C   ;38%   ;-2.20  ;-2.34  ;   0   ; -1.24 ;  0.98 ;   81m ; 0
 6 ;Up   ;S160-1 ;1310.00 ;60C   ;55%   ;-0.59  ;-1.05  ; 0/0   ;1310.00 ;30C   ;40%   ;-0.39  ;-1.67  ; 0/0   ;  1.08 ;  0.66 ;   82m ; 0
 7 ;Up   ;S161-1 ;1310.00 ;59C   ;49%   ;-1.05  ;-2.32  ; 0/0   ;1310.00 ;25C   ;39%   ;-1.11  ;-1.27  ; 0/0   ;  0.22 ;  1.21 ;   82m ; 0
 8 ;Up   ;S162-1 ;1310.00 ;59C   ;51%   ;-1.44  ;-1.30  ; 0/0   ;1310.00 ;25C   ;36%   ;-0.84  ;-2.26  ; 0/0   ;  0.82 ;  0.46 ;   82m ; 0
-------------------------------------------------------------------------------------------------------------------------------------

=====================================================================================================================================
ID ;RiL    ;BOARD              ;SFPLNH  ;PORT ;VENDOR   ;VENDORPROD      ;REV  ;SERIAL     ;DATE     ;ERICSSONPROD   ;WL      ;TEMP  ;TXbs  ;TXdBm  ;RXdBm  ; BER
=====================================================================================================================================
 1 ;S210-1 ;BB6648             ;000100   ;  1 ;ERICSSON ;SPP10ELRIDFREN  ;10   ;M4O2010336 ;20220323 ;RDH10265/2 R1A ;1310.00 ;57C   ;50%   ;-1.01  ;-3.17  ;   0
 2 ;S211-1 ;BB6648             ;000100   ;  2 ;ERICSSON ;SPP10ELRIDFREN  ;10   ;M4J2010919 ;20220318 ;RDH10265/2 R1A ;1310.00 ;58C   ;45%   ;-0.66  ;-2.55  ;   0
 3 ;S212-1 ;BB6648             ;000100   ;  3 ;ERICSSON ;SPP10ELRIDFREN  ;10   ;M4O2010200 ;20220323 ;RDH10265/2 R1A ;1310.00 ;56C   ;40%   ;-0.47  ;-0.90  ;   0
 4 ;S100-1 ;BB6648             ;000100   ;  4 ;ERICSSON ;SPP10ELRIDFREN  ;10   ;M4J2007047 ;20220318 ;RDH10265/2 R1A ;1310.00 ;57C   ;48%   ;-2.08  ;-3.22  ;   0
 5 ;S102-1 ;BB6648             ;000100   ;  5 ;ERICSSON ;SPP10ELRIDFREN  ;10   ;M4J2008492 ;20220318 ;RDH10265/2 R1A ;1310.00 ;56C   ;48%   ;-3.58  ;-3.18  ;   0
 6 ;S160-1 ;BB6648             ;000100   ; 10 ;ERICSSON ;EOLP-1325G-3H-9 ;1.0  ;DZ8N300A20 ;20220326 ;RDH10275/2 R1A ;1310.00 ;60C   ;55%   ;-0.59  ;-1.05  ; 0/0
 7 ;S161-1 ;BB6648             ;000100   ; 11 ;ERICSSON ;EOLP-1325G-3H-9 ;1.0  ;DZ8N300A06 ;20220326 ;RDH10275/2 R1A ;1310.00 ;59C   ;49%   ;-1.05  ;-2.32  ; 0/0
 8 ;S162-1 ;BB6648             ;000100   ; 12 ;ERICSSON ;EOLP-1325G-3H-9 ;1.0  ;DZ8N300A0E ;20220326 ;RDH10275/2 R1A ;1310.00 ;59C   ;51%   ;-1.44  ;-1.30  ; 0/0
 5 ;S102-1 ;RRU449944B144B3C   ;BXP_2    ;  1 ;ERICSSON ;SPP10ELRIDFREN  ;10   ;M4J2010318 ;20220318 ;RDH10265/2 R1A ;1310.00 ;19C   ;38%   ;-2.20  ;-2.34  ;   0
 4 ;S100-1 ;RRU449944B144B3C   ;BXP_3    ;  1 ;ERICSSON ;SPP10ELRIDFREN  ;10   ;M4J2007197 ;20220318 ;RDH10265/2 R1A ;1310.00 ;19C   ;39%   ;-1.69  ;-2.36  ;   0
 3 ;S212-1 ;RRU227922B822B20C* ;BXP_4    ;  0 ;ERICSSON ;SPP10ELRIDFREN  ;10   ;M4J2012166 ;20220318 ;RDH10265/2 R1A ;1310.00 ;27C   ;38%   ;-1.43  ;-2.08  ;   0
 1 ;S210-1 ;RRU227922B822B20C* ;BXP_5    ;  0 ;ERICSSON ;SPP10ELRIDFREN  ;10   ;M4M2010039 ;20220321 ;RDH10265/2 R1A ;1310.00 ;22C   ;41%   ;-2.64  ;-4.53  ;   0
 2 ;S211-1 ;RRU227922B822B20C* ;BXP_6    ;  0 ;ERICSSON ;SPP10ELRIDFREN  ;10   ;M4J2006612 ;20220318 ;RDH10265/2 R1A ;1310.00 ;23C   ;37%   ;-1.05  ;-3.33  ;   0
 6 ;S160-1 ;AIR3278B78K        ;fru_2048 ;  0 ;ERICSSON ;EOLP-1325G-3H-9 ;1.0  ;DZ8N300A1Q ;20220326 ;RDH10275/2 R1A ;1310.00 ;30C   ;40%   ;-0.39  ;-1.67  ; 0/0
 7 ;S161-1 ;AIR3278B78K        ;fru_2049 ;  0 ;ERICSSON ;EOLP-1325G-3H-9 ;1.0  ;DZ8N300A1X ;20220326 ;RDH10275/2 R1A ;1310.00 ;25C   ;39%   ;-1.11  ;-1.27  ; 0/0
 8 ;S162-1 ;AIR3278B78K        ;fru_2050 ;  0 ;ERICSSON ;EOLP-1325G-3H-9 ;1.0  ;DZ8N300A1A ;20220326 ;RDH10275/2 R1A ;1310.00 ;25C   ;36%   ;-0.84  ;-2.26  ; 0/0
-------------------------------------------------------------------------------------------------------------------------------------
TN ;       ;BB6648             ;000100   ; IB ;ERICSSON ;EOLP-1396-02-IY ;1.0  ;PMA8207608 ;20211120 ;RDH10265/2 R1A ;1310    ;58C   ;47%   ;-2.28  ;-10.18 ;NZ/0
TN ;       ;BB6648             ;000100   ; IC ;ERICSSON ;EOLP-1396-02-IY ;1.0  ;PMAN136896 ;20211122 ;RDH10265/2 R1A ;1310    ;53C   ;45%   ;-2.47  ;-2.37  ; 0/0
-------------------------------------------------------------------------------------------------------------------------------------

=====================================================================================================================================
BOARD       ;LNH    ;PORT     ;T ;S ;OpMode   ;AutoNeg ;MacAddress        ;VlanIds        ;LOS ;BER
=====================================================================================================================================
AIR3278B78K ;fru_2048 ;0        ;E ;1 ;ANY      ;true    ;F8:97:A9:67:55:74 ;               ;    ;0/0
AIR3278B78K ;fru_2049 ;0        ;E ;1 ;ANY      ;true    ;F8:97:A9:67:56:54 ;               ;    ;0/0
AIR3278B78K ;fru_2050 ;0        ;E ;1 ;ANY      ;true    ;F8:97:A9:67:55:54 ;               ;    ;0/0
BB6648      ;000100 ;10       ;E ;1 ;ANY      ;true    ;E0:47:35:81:F6:77 ;               ;    ;0/0
BB6648      ;000100 ;11       ;E ;1 ;ANY      ;true    ;E0:47:35:81:F6:78 ;               ;    ;0/0
BB6648      ;000100 ;12       ;E ;1 ;ANY      ;true    ;E0:47:35:81:F6:79 ;               ;    ;0/0
BB6648      ;000100 ;TN_IDL_B ;O ;1 ;10G_FULL ;false   ;E0:47:35:81:F6:7E ;3901,3908,3910 ;0   ;NZ/0
BB6648      ;000100 ;TN_IDL_C ;O ;1 ;10G_FULL ;false   ;E0:47:35:81:F6:7F ;3901,3910      ;0   ;0/0
-------------------------------------------------------------------------------------------------------------------------------------

radioClockState : RNT_TIME_LOCKED
-------------------------------------------------------------------------------------
Prio  ;ST  ;syncRefType    ;refStatus  ;opQualLevel  ;SyncReference
-------------------------------------------------------------------------------------
  *1  ; 1  ;PTP_TIME       ;NO_FAULT   ;PRTC         ;Ptp=1,BoundaryOrdinaryClock=PTP (G_8275_1 EthernetPort=TN_IDL_B:SLAVE EthernetPort=TN_IDL_C:MASTER)
   2  ; 1  ;NTP_FREQUENCY  ;NO_FAULT   ;PRC          ;Ntp=1,NtpFrequencySync=NTP1 (10.31.0.54:32751 Router=45G_Traffic,InterfaceIPv4=LTE,AddressIPv4=LTE)
-------------------------------------------------------------------------------------
-------------------------------------------------------------------------------------
Prio  ;ST  ;assistRefStatus  ;recQualLevel  ;AssistingReference
-------------------------------------------------------------------------------------
   1  ; 1  ;NO_FAULT         ;PRC           ;Synchronization=1,SyncEthInput=SyncE (SFP_OPTICAL EthernetPort=TN_IDL_B)
-------------------------------------------------------------------------------------
nodeGroupRole   : SYNC_PROVIDER (syncNodePriority=1, selectionMode=NODE_PRIORITY)
-------------------------------------------------------------------------------------
DU  ;Port  ;sharedUnitRef (RiPortA - RiPortB)  ;remoteNodePriority  ;CandidateStatus
-------------------------------------------------------------------------------------
1   ;B     ;Fru=Radio-S211-1 (1 - 2)           ;3                   ;OK_NOT_ACTIVE
1   ;A     ;Fru=Radio-S210-1 (1 - 2)           ;3                   ;OK_NOT_ACTIVE
1   ;C     ;Fru=Radio-S212-1 (1 - 2)           ;3                   ;OK_NOT_ACTIVE
-------------------------------------------------------------------------------------

=====================================================================================================================================
FRU          ;LNH      ;BOARD              ;RF  ;BP  ;TX (W/dBm)  ;VSWR (RL)   ;RX (dBm) ;UEs/gUEs  ;Sector/AntennaGroup/Cells (State:CellIds:PCIs)
=====================================================================================================================================
Radio-S100-1 ;BXP_3    ;RRU449944B144B3C   ; A  ;11  ;30.0 (44.8) ;1.18 (21.8) ;-95.5    ;6/-       ;SE=100 AG=100 FDD=RC1FM1 FDD=RC1FT1 (1:31:252, 1:41:128)
Radio-S100-1 ;BXP_3    ;RRU449944B144B3C   ; B  ;11  ;-           ;1.13 (24.6) ;-95.3    ;6/-       ;SE=100 AG=100 FDD=RC1FM1 FDD=RC1FT1 (1:31:252, 1:41:128)
Radio-S100-1 ;BXP_3    ;RRU449944B144B3C   ; C  ;11  ;47.5 (46.8) ;1.15 (23.2) ;-95.8    ;10/-      ;SE=101 AG=101 FDD=RC1FM2 FDD=RC1FT2 (1:32:285, 1:42:373)
Radio-S100-1 ;BXP_3    ;RRU449944B144B3C   ; D  ;11  ;-           ;1.29 (17.9) ;-95.0    ;10/-      ;SE=101 AG=101 FDD=RC1FM2 FDD=RC1FT2 (1:32:285, 1:42:373)
Radio-S102-1 ;BXP_2    ;RRU449944B144B3C   ; A  ;11  ;22.8 (43.6) ;1.11 (25.8) ;-94.4    ;1/-       ;SE=102 AG=102 FDD=RC1FM3 FDD=RC1FT3 (1:33:377, 1:43:126)
Radio-S102-1 ;BXP_2    ;RRU449944B144B3C   ; B  ;11  ;-           ;1.09 (27.2) ;-96.0    ;1/-       ;SE=102 AG=102 FDD=RC1FM3 FDD=RC1FT3 (1:33:377, 1:43:126)
Radio-S102-1 ;BXP_2    ;RRU449944B144B3C   ; C  ;11  ;-           ;-           ;         ;          ;
Radio-S102-1 ;BXP_2    ;RRU449944B144B3C   ; D  ;11  ;-           ;-           ;         ;          ;
AAS-S160-1   ;fru_2048 ;AIR3278B78K        ; A  ;11  ;-           ;-           ;         ;-/15      ;SE=160 NRC=RC1FV1 (1:571:450)
AAS-S161-1   ;fru_2049 ;AIR3278B78K        ; A  ;11  ;-           ;-           ;         ;-/2       ;SE=161 NRC=RC1FV2 (1:572:506)
AAS-S162-1   ;fru_2050 ;AIR3278B78K        ; A  ;11  ;-           ;-           ;         ;-/-       ;SE=162 NRC=RC1FV3 (1:573:402)
Radio-S210-1 ;BXP_5    ;RRU227922B822B20C* ; A  ;11  ;14.9 (41.7) ;1.13 (24.6) ;-98.7    ;0/-       ;SE=210* AG=210 FDD=RC1FE1 NIOT=RC1FN1 (1:61:378, 1:161:378)
Radio-S210-1 ;BXP_5    ;RRU227922B822B20C* ; B  ;11  ;15.0 (41.8) ;1.12 (24.7) ;-98.7    ;0/-       ;SE=210* AG=210 FDD=RC1FE1 NIOT=RC1FN1 (1:61:378, 1:161:378)
Radio-S211-1 ;BXP_6    ;RRU227922B822B20C* ; A  ;11  ;19.1 (42.8) ;1.24 (19.4) ;-101.1   ;2/-       ;SE=211* AG=211 FDD=RC1FE2 NIOT=RC1FN2 (1:62:435, 1:162:435)
Radio-S211-1 ;BXP_6    ;RRU227922B822B20C* ; B  ;11  ;10.2 (40.1) ;1.13 (24.4) ;-101.1   ;2/-       ;SE=211* AG=211 FDD=RC1FE2 NIOT=RC1FN2 (1:62:435, 1:162:435)
Radio-S212-1 ;BXP_4    ;RRU227922B822B20C* ; A  ;11  ;9.9 (39.9)  ;1.15 (23.2) ;-100.6   ;0/-       ;SE=212* AG=212 FDD=RC1FE3 NIOT=RC1FN3 (1:63:29, 1:163:29)
Radio-S212-1 ;BXP_4    ;RRU227922B822B20C* ; B  ;11  ;8.9 (39.5)  ;1.14 (23.5) ;-100.7   ;0/-       ;SE=212* AG=212 FDD=RC1FE3 NIOT=RC1FN3 (1:63:29, 1:163:29)
-------------------------------------------------------------------------------------------------------------------------------------

RC1FT> mfar

251125-15:17:10+0100 19.31.15.225 25.0h MSRBS_NODE_MODEL_25.Q1_693.28324.131_62ac stopfile=/tmp/2874318
........
Last MO: 19674. Loaded 19674 MOs. Total: 19675 MOs.
.................................................
get /rop/A20251125.1245-1300_RC1FT.xml.gz /ericsson/log/amos/moshell_logfiles/t20251125_37258710_65084/logs_moshell/pmfiles/19.31.15.225/rop/A20251125.1245-1300_RC1FT.xml.gz ... OK
get /rop/A20251125.1300-1315_RC1FT.xml.gz /ericsson/log/amos/moshell_logfiles/t20251125_37258710_65084/logs_moshell/pmfiles/19.31.15.225/rop/A20251125.1300-1315_RC1FT.xml.gz ... OK

Using hardcoded thresholds: 3, 4.5, and 16.5
================================================================================================================================
SC     SE  Tx/Rx BrPair  RfPort1 - RfPort2               HW       Serial      Cell (State)   Samples   Med  Mean  SDev Pol Res Issue
================================================================================================================================
RC1FE1 210   2/2 0 (1,2) Radio-S210-1(A) Radio-S210-1(B) RRU2279  TU8U01J1BG  FDD=RC1FE1 (1)   36178  -0.5  -0.5   7.1  NA  OK Passed
RC1FE2 211   2/2 0 (1,2) Radio-S211-1(A) Radio-S211-1(B) RRU2279  TU8U01J68Z  FDD=RC1FE2 (1)   18540   0.5  -0.2   7.2  NA  OK Passed
RC1FE3 212   2/2 0 (1,2) Radio-S212-1(A) Radio-S212-1(B) RRU2279  TU8U01J671  FDD=RC1FE3 (1)    4100   2.5   2.5   3.9  NA  OK Passed
RC1FM1 100   2/2 0 (1,2) Radio-S100-1(A) Radio-S100-1(B) RRU4499  TU8U01HNBW  FDD=RC1FM1 (1)   33629   0.5   0.0   3.3  NA  OK Passed
RC1FM2 101   2/2 0 (1,2) Radio-S100-1(C) Radio-S100-1(D) RRU4499  TU8U01HNBW  FDD=RC1FM2 (1)   10581   2.5   3.1   6.4  NA OKW Possible RF Loss or PIM at Radio-S100-1(C)
RC1FM3 102   2/2 0 (1,2) Radio-S102-1(A) Radio-S102-1(B) RRU4499  TU8U01HN52  FDD=RC1FM3 (1)    4107   2.5   2.4   8.1  NA  OK Passed
RC1FT1 100   2/2 0 (1,2) Radio-S100-1(A) Radio-S100-1(B) RRU4499  TU8U01HNBW  FDD=RC1FT1 (1)    8364  -1.5  -0.9   6.6  NA  OK Passed
RC1FT2 101   2/2 0 (1,2) Radio-S100-1(C) Radio-S100-1(D) RRU4499  TU8U01HNBW  FDD=RC1FT2 (1)   43432  -0.5  -0.5   6.4  NA  OK Passed
RC1FT3 102   2/2 0 (1,2) Radio-S102-1(A) Radio-S102-1(B) RRU4499  TU8U01HN52  FDD=RC1FT3 (1)    9911  -2.5  -1.7   4.3  NA  OK Passed
================================================================================================================================
Total: 9 SectorCarriers, 9 RfBranch Pairs (8 OK, 1 OKW, 0 NOK, 0 NT)
.........
Last MO: 19674. Loaded 19674 MOs. Total: 19675 MOs.
......................................

Using hardcoded thresholds: 3, 4.5, and 16.5
================================================================================================================================
SC     SE  Tx/Rx BrPair  RfPort1 - RfPort2               HW       Serial      Cell (State)  Samples   Med  Mean  SDev Pol Res Issue
================================================================================================================================
RC1FV1 160 32/32 0 (1,2) AAS-S160-1                      AIR3278  E96A202B0M  DU=RC1FV1 (1)       0     0     0     0   ?  NT Not supported on AAS.
RC1FV1 160 32/32 1 (2,3) AAS-S160-1                      AIR3278  E96A202B0M  DU=RC1FV1 (1)       0     0     0     0   ?  NT Not supported on AAS.
RC1FV1 160 32/32 2 (3,4) AAS-S160-1                      AIR3278  E96A202B0M  DU=RC1FV1 (1)       0     0     0     0   ?  NT Not supported on AAS.
RC1FV1 160 32/32 3 (4,5) AAS-S160-1                      AIR3278  E96A202B0M  DU=RC1FV1 (1)       0     0     0     0   ?  NT Not supported on AAS.
RC1FV1 160 32/32 4 (5,6) AAS-S160-1                      AIR3278  E96A202B0M  DU=RC1FV1 (1)       0     0     0     0   ?  NT Not supported on AAS.
RC1FV1 160 32/32 5 (6,7) AAS-S160-1                      AIR3278  E96A202B0M  DU=RC1FV1 (1)       0     0     0     0   ?  NT Not supported on AAS.
RC1FV1 160 32/32 6 (7,8) AAS-S160-1                      AIR3278  E96A202B0M  DU=RC1FV1 (1)       0     0     0     0   ?  NT Not supported on AAS.
RC1FV2 161 32/32 0 (1,2) AAS-S161-1                      AIR3278  E96A202B08  DU=RC1FV2 (1)       0     0     0     0   ?  NT Not supported on AAS.
RC1FV2 161 32/32 1 (2,3) AAS-S161-1                      AIR3278  E96A202B08  DU=RC1FV2 (1)       0     0     0     0   ?  NT Not supported on AAS.
RC1FV2 161 32/32 2 (3,4) AAS-S161-1                      AIR3278  E96A202B08  DU=RC1FV2 (1)       0     0     0     0   ?  NT Not supported on AAS.
RC1FV2 161 32/32 3 (4,5) AAS-S161-1                      AIR3278  E96A202B08  DU=RC1FV2 (1)       0     0     0     0   ?  NT Not supported on AAS.
RC1FV2 161 32/32 4 (5,6) AAS-S161-1                      AIR3278  E96A202B08  DU=RC1FV2 (1)       0     0     0     0   ?  NT Not supported on AAS.
RC1FV2 161 32/32 5 (6,7) AAS-S161-1                      AIR3278  E96A202B08  DU=RC1FV2 (1)       0     0     0     0   ?  NT Not supported on AAS.
RC1FV2 161 32/32 6 (7,8) AAS-S161-1                      AIR3278  E96A202B08  DU=RC1FV2 (1)       0     0     0     0   ?  NT Not supported on AAS.
RC1FV3 162 32/32 0 (1,2) AAS-S162-1                      AIR3278  E96A202B0C  DU=RC1FV3 (1)       0     0     0     0   ?  NT Not supported on AAS.
RC1FV3 162 32/32 1 (2,3) AAS-S162-1                      AIR3278  E96A202B0C  DU=RC1FV3 (1)       0     0     0     0   ?  NT Not supported on AAS.
RC1FV3 162 32/32 2 (3,4) AAS-S162-1                      AIR3278  E96A202B0C  DU=RC1FV3 (1)       0     0     0     0   ?  NT Not supported on AAS.
RC1FV3 162 32/32 3 (4,5) AAS-S162-1                      AIR3278  E96A202B0C  DU=RC1FV3 (1)       0     0     0     0   ?  NT Not supported on AAS.
RC1FV3 162 32/32 4 (5,6) AAS-S162-1                      AIR3278  E96A202B0C  DU=RC1FV3 (1)       0     0     0     0   ?  NT Not supported on AAS.
RC1FV3 162 32/32 5 (6,7) AAS-S162-1                      AIR3278  E96A202B0C  DU=RC1FV3 (1)       0     0     0     0   ?  NT Not supported on AAS.
RC1FV3 162 32/32 6 (7,8) AAS-S162-1                      AIR3278  E96A202B0C  DU=RC1FV3 (1)       0     0     0     0   ?  NT Not supported on AAS.
================================================================================================================================
Total: 3 NRSectorCarriers, 21 RfBranch Pairs (0 OK, 0 OKW, 0 NOK, 21 NT)

RC1FT> mfitr

251125-15:17:35+0100 19.31.15.225 25.0h MSRBS_NODE_MODEL_25.Q1_693.28324.131_62ac stopfile=/tmp/2874318
..............
Last MO: 19674. Loaded 19674 MOs. Total: 19675 MOs.
..........
2025-11-25 15:18
================================================================================================================================
CELL       SC     FRU          BOARD             PUSCH  PUCCH       A      B      C      D  DELTA
================================================================================================================================
FDD=RC1FE1 RC1FE1 Radio-S210-1 RRU227922B822B20C -116.5 -116.0 -116.3 -116.7                  0.4
FDD=RC1FE2 RC1FE2 Radio-S211-1 RRU227922B822B20C -119.4 -118.7 -119.1 -119.1                    0
FDD=RC1FE3 RC1FE3 Radio-S212-1 RRU227922B822B20C -118.3 -117.4 -118.0 -118.0                    0
FDD=RC1FM1 RC1FM1 Radio-S100-1 RRU449944B144B3C  -119.1 -119.1 -119.0 -119.1                  0.1
FDD=RC1FM2 RC1FM2 Radio-S100-1 RRU449944B144B3C  -119.4 -119.4               -119.3 -119.2    0.1
FDD=RC1FM3 RC1FM3 Radio-S102-1 RRU449944B144B3C  -119.2 -118.5 -119.1 -119.2                  0.1
FDD=RC1FT1 RC1FT1 Radio-S100-1 RRU449944B144B3C  -118.3 -117.4 -118.5 -118.4                  0.1
FDD=RC1FT2 RC1FT2 Radio-S100-1 RRU449944B144B3C  -118.7 -117.2               -118.5 -119.0    0.5
FDD=RC1FT3 RC1FT3 Radio-S102-1 RRU449944B144B3C  -118.7 -117.5 -118.7 -118.8                  0.1
================================================================================================================================
Bye...
Output has been logged to file /mta_fs/UserFiles/37258710/amosbatch/SDIR/RC1FT.log
