Logging to file /mta_fs/UserFiles/37258710/amosbatch/SDIR/RC37L.log
                        __  __  ____   _____
                  /\   |  \/  |/ __ \ / ____|
                 /  \  | \  / | |  | | (___  
                / /\ \ | |\/| | |  | |\___ \ 
               / ____ \| |  | | |__| |____) |
              /_/    \_\_|  |_|\____/|_____/
              OSS Framework for MoShell-25.0h 
  Copyright (c) Ericsson AB 2001-2025 - All Rights Reserved
              
           
[1;31mWARNING: [0mthe AMOS version currently running is more than 29 weeks old and is unsupported.
Please upgrade as soon as possible to the latest released version, available from your local Ericsson support.

$amosrb_pid = 2173736

Checking ip contact...OK

HELP MENU            : h
BASIC MO COMMANDS    : m
OTHER MO COMMANDS    : n
OTHER COMMANDS       : o
PM COMMANDS          : p
QUIT                 : q

RC37L> lt all

251125-11:41:08+0100 19.31.15.220 25.0h  stopfile=/tmp/2173546
Looking up temporary_amos account... OK.
Trying temporary_amos_t20251125_37258710_65084_131's password from amos lookupAccount ... OK

$ssh_pid = 2174083

Connected to 19.31.15.220 (SubNetwork=BBMM_rckomc_R,MeContext=RC37L,ManagedElement=RC37L)

Checking MOM version...MSRBS_NODE_MODEL_25.Q1_693.28324.131_62ac
Parsing MOM (cached): /ericsson/log/amos/moshell_logfiles/t20251125_37258710_65084/logs_moshell/tempfiles/scp-4-amos_20251125-114101_2173479/MSRBS_NODE_MODEL_25.Q1_693.28324.131_62ac.xml.cache.gz ..................................................................................................................................................................................................................................Done.
Using paramfile /opt/ericsson/amos/moshell/commonjars/pm/PARAM_MSRBS_25.Q1.txt
Parsing file /opt/ericsson/amos/moshell/commonjars/pm/PARAM_MSRBS_25.Q1.txt .......................................................................................Done.
Using imomdfile /opt/ericsson/amos/moshell/commonjars/pm/IMOMD_MSRBS_22.Q4.txt
Using imomfile /opt/ericsson/amos/moshell/commonjars/pm/IMOM_MSRBS_25.Q1.txt
Connected to 19.31.15.220 (SubNetwork=BBMM_rckomc_R,MeContext=RC37L,ManagedElement=RC37L)

Last MO: 17550. Loaded 17550 MOs. Total: 17551 MOs.

RC37L> st cell

251125-11:41:21+0100 19.31.15.220 25.0h MSRBS_NODE_MODEL_25.Q1_693.28324.131_62ac stopfile=/tmp/2173546
===================================================================================
Proxy  Adm State     Op. State     MO
===================================================================================
   57  1 (UNLOCKED)  1 (ENABLED)   ENodeBFunction=1,EUtranCellFDD=RC37F1
  128  1 (UNLOCKED)  1 (ENABLED)   ENodeBFunction=1,EUtranCellFDD=RC37F2
  199  1 (UNLOCKED)  1 (ENABLED)   ENodeBFunction=1,EUtranCellFDD=RC37F3
  270  1 (UNLOCKED)  1 (ENABLED)   ENodeBFunction=1,EUtranCellFDD=RC37L1
  384  1 (UNLOCKED)  1 (ENABLED)   ENodeBFunction=1,EUtranCellFDD=RC37L2
  488  1 (UNLOCKED)  1 (ENABLED)   ENodeBFunction=1,EUtranCellFDD=RC37L3
===================================================================================
Total: 6 MOs

RC37L> st radio

251125-11:41:22+0100 19.31.15.220 25.0h MSRBS_NODE_MODEL_25.Q1_693.28324.131_62ac stopfile=/tmp/2173546
===================================================================================
Proxy  Adm State     Op. State     MO
===================================================================================
 1670  1 (UNLOCKED)  1 (ENABLED)   Equipment=1,FieldReplaceableUnit=Radio-S190-1
 1685  1 (UNLOCKED)  1 (ENABLED)   Equipment=1,FieldReplaceableUnit=Radio-S191-1
 1700  1 (UNLOCKED)  1 (ENABLED)   Equipment=1,FieldReplaceableUnit=Radio-S192-1
 1715  1 (UNLOCKED)  1 (ENABLED)   Equipment=1,FieldReplaceableUnit=Radio-S20-1
 1728  1 (UNLOCKED)  1 (ENABLED)   Equipment=1,FieldReplaceableUnit=Radio-S21-1
 1741  1 (UNLOCKED)  1 (ENABLED)   Equipment=1,FieldReplaceableUnit=Radio-S22-1
 1754  1 (UNLOCKED)  1 (ENABLED)   Equipment=1,FieldReplaceableUnit=Radio-S220-1
 1781  1 (UNLOCKED)  1 (ENABLED)   Equipment=1,FieldReplaceableUnit=Radio-S221-1
 1808  1 (UNLOCKED)  1 (ENABLED)   Equipment=1,FieldReplaceableUnit=Radio-S222-1
17544  1 (UNLOCKED)  1 (ENABLED)   Transport=1,Synchronization=1,RadioEquipmentClock=1,RadioEquipmentClockReference=NTP1
17545  1 (UNLOCKED)  1 (ENABLED)   Transport=1,Synchronization=1,RadioEquipmentClock=1,RadioEquipmentClockReference=PTP
===================================================================================
Total: 11 MOs

RC37L> sdir

251125-11:41:22+0100 19.31.15.220 25.0h MSRBS_NODE_MODEL_25.Q1_693.28324.131_62ac stopfile=/tmp/2173546
INFO: Using amos lookupAccount credentials for the export login
................................
get /rop/A20251125.0945-1000_RC37L.xml.gz /ericsson/log/amos/moshell_logfiles/t20251125_37258710_65084/logs_moshell/pmfiles/19.31.15.220/rop/A20251125.0945-1000_RC37L.xml.gz ... OK
get /rop/A20251125.1000-1015_RC37L.xml.gz /ericsson/log/amos/moshell_logfiles/t20251125_37258710_65084/logs_moshell/pmfiles/19.31.15.220/rop/A20251125.1000-1015_RC37L.xml.gz ... OK
get /rop/A20251125.1015-1030_RC37L.xml.gz /ericsson/log/amos/moshell_logfiles/t20251125_37258710_65084/logs_moshell/pmfiles/19.31.15.220/rop/A20251125.1015-1030_RC37L.xml.gz ... OK
.....Checking available boards on node...

Collecting RCS board data ...
..........................................................................................................................
...............................
...................................................................................................................................................................................................................................................................................................................
..........
Collecting TN data...
...................................................................................................................................................
Getting MO data from node (83 MOs). Please wait...
0%                                             ~50%                                           ~100%
...................................................................................................................................
Collecting RF data...
.....
Collecting Alarms...
Executing action Log.export()
...
Log=AlarmLog                    actionId=40667
........
Executing action LogM.exportAvailabilityLog()
..LogM=1,exportAvailabilityLog    actionId=40668
.....Parsing alarmLog.....Done.
Parsing availabilityLog....Done.
...

Total: 9 CPRI links (9 OK, 0 OKW, 0 NOK, 0 NT)
.
+--------+                      +----------------------------+
|        | A        O101     D2 |        Radio-S220-1        |
|        |-----------1----------| RRU247924B824B2024B28BM01* |
|        |         OK-57m       |           BXP_7            |
|        |                      +----------------------------+
|        |                                     |A  |B  |C  |D
|        |                         SE=220* AG=220 GT=RC37D1/0
|        |                            GT=RC37D1/1 GT=RC37D1/2
|        |
|        |                      +----------------------------+
|        | B        O101     D2 |        Radio-S221-1        |
|        |-----------2----------| RRU247924B824B2024B28BM01* |
|        |         OK-57m       |           BXP_5            |
|        |                      +----------------------------+
|        |                                     |A  |B  |C  |D
|        |             SE=221* AG=221 GT=RC37D2/0 GT=RC37D2/1
|        |
|        |                      +----------------------------+
|        | C        O101     D2 |        Radio-S222-1        |
|        |-----------3----------| RRU247924B824B2024B28BM01* |
|        |         OK-57m       |           BXP_3            |
|        |                      +----------------------------+
|        |                                     |A  |B  |C  |D
|        |             SE=222* AG=222 GT=RC37D3/0 GT=RC37D3/1
|        |
|        |                      +---------------+
|  BB-1  | D        O101     D1 | Radio-S190-1  |
| BB6631 |-----------4----------|   RRU4415B7   |
| 000100 |         OK-61m       |     BXP_8     |
|        |                      +---------------+
|        |                        |A  |B  |C  |D
|        |              SE=190 AG=190 FDD=RC37L1
|        |
|        |                      +---------------+
|        | E        O101     D1 | Radio-S191-1  |
|        |-----------5----------|   RRU4415B7   |
|        |         OK-56m       |     BXP_6     |
|        |                      +---------------+
|        |                        |A  |B  |C  |D
|        |              SE=191 AG=191 FDD=RC37L2
|        |
|        |                      +---------------+
|        | F        O101     D1 | Radio-S192-1  |
|        |-----------6----------|   RRU4415B7   |
|        |         OK-56m       |     BXP_4     |
|        |                      +---------------+
|        |                        |A  |B  |C  |D
|        |              SE=192 AG=192 FDD=RC37L3
|        |
|        |                      +-------------+           +-------------+           +-------------+
|        | G        O101     D1 | Radio-S20-1 | D2 O101 D1| Radio-S21-1 | D2 O101 D1| Radio-S22-1 |
|        |-----------7----------| RRU2012B32A |-----9-----| RRU2012B32A |-----8-----| RRU2012B32A |
|        |         OK-56m       |    BXP_2    |   OK-10m  |    BXP_9    |   OK-9m   |   BXP_10    |
|        |                      +-------------+           +-------------+           +-------------+
|        |                              |A  |B                    |A  |B                    |A  |B
+--------+              SE=20 AG=20 FDD=RC37F1    SE=21 AG=21 FDD=RC37F2    SE=22 AG=22 FDD=RC37F3

=====================================================================================================================================
ID RiL    Type Res MO1-MO2                         BOARD1-BOARD2                     AlmIDs Cells (States)                              Issue (Failed checks)
=====================================================================================================================================
 1 S220-1 O101 OK  BB-1(A) Radio-S220-1(D2)        BB6631 RRU247924B824B2024B28BM01*        GT=RC37D1/0 GT=RC37D1/1 GT=RC37D1/2 (1,1,1) Passed
 2 S221-1 O101 OK  BB-1(B) Radio-S221-1(D2)        BB6631 RRU247924B824B2024B28BM01*        GT=RC37D2/0 GT=RC37D2/1 (1,1)               Passed
 3 S222-1 O101 OK  BB-1(C) Radio-S222-1(D2)        BB6631 RRU247924B824B2024B28BM01*        GT=RC37D3/0 GT=RC37D3/1 (1,1)               Passed
 4 S190-1 O101 OK  BB-1(D) Radio-S190-1(D1)        BB6631 RRU4415B7                         FDD=RC37L1 (1)                              Passed
 5 S191-1 O101 OK  BB-1(E) Radio-S191-1(D1)        BB6631 RRU4415B7                         FDD=RC37L2 (1)                              Passed
 6 S192-1 O101 OK  BB-1(F) Radio-S192-1(D1)        BB6631 RRU4415B7                         FDD=RC37L3 (1)                              Passed
 7 S20-1  O101 OK  BB-1(G) Radio-S20-1(D1)         BB6631 RRU2012B32A                       FDD=RC37F1 (1)                              Passed
 8 S22-1  O101 OK  Radio-S21-1(D2) Radio-S22-1(D1) RRU2012B32A RRU2012B32A                  FDD=RC37F3 (1)                              Passed
 9 S21-1  O101 OK  Radio-S20-1(D2) Radio-S21-1(D1) RRU2012B32A RRU2012B32A                  FDD=RC37F2 (1)                              Passed
-------------------------------------------------------------------------------------------------------------------------------------

Node: RadioNode GL   CXP2010174/2_R27J08 (25.Q1)   G3.1   GSM LTE-FDD 

=====================================================================================================================================
FRU          ;LNH    ;BOARD                      ;ST ;FAULT ;OPER ;MAINT ;STAT ;PRODUCTNUMBER   ;REV     ;SERIAL        ;DATE     ;PMTEMP ; TEMP ; UPT ;VOLT ;SW                   ;
=====================================================================================================================================
BB-1         ;000100 ;BB6631                     ; 1 ;  OFF ;  ON ;  OFF ;  ON ;KDU1370071/11   ;R2A     ;E96A00WQG3    ;20221206 ;3 (OK) ;      ;7.33 ;51   ;                     ;
Radio-S190-1 ;BXP_8  ;RRU4415B7                  ; 1 ;  OFF ;  ON ;  OFF ; N/A ;KRC161495/1     ;R5J     ;TU8U01Q78Q    ;20220901 ;4 (OK) ; 36.5 ;7.18 ;48.9 ;CXP9013268%15_R101LX ; (Radio4415B7)
Radio-S191-1 ;BXP_6  ;RRU4415B7                  ; 1 ;  OFF ;  ON ;  OFF ; N/A ;KRC161495/1     ;R5J     ;TU8U01Q78J    ;20220901 ;4 (OK) ; 30.0 ;7.18 ;50.9 ;CXP9013268%15_R101LX ; (Radio4415B7)
Radio-S192-1 ;BXP_4  ;RRU4415B7                  ; 1 ;  OFF ;  ON ;  OFF ; N/A ;KRC161495/1     ;R5J     ;TU8U01Q78K    ;20220901 ;4 (OK) ; 29.0 ;7.18 ;51.1 ;CXP9013268%15_R101LX ; (Radio4415B7)
Radio-S20-1  ;BXP_2  ;RRU2012B32A                ; 1 ;  OFF ;  ON ;  OFF ; N/A ;KRC161604/1     ;R2C     ;TU8U01VAHZ    ;20221212 ;4 (OK) ; 30.0 ;7.18 ;50.4 ;CXP9013268%15_R101LX ; (Radio2012B32A)
Radio-S21-1  ;BXP_9  ;RRU2012B32A                ; 1 ;  OFF ;  ON ;  OFF ; N/A ;KRC161604/1     ;R2C     ;TU8U01VAHQ    ;20221212 ;4 (OK) ; 26.3 ;7.18 ;50.8 ;CXP9013268%15_R101LX ; (Radio2012B32A)
Radio-S22-1  ;BXP_10 ;RRU2012B32A                ; 1 ;  OFF ;  ON ;  OFF ; N/A ;KRC161604/1     ;R2C     ;TU8U01VAHN    ;20221212 ;4 (OK) ; 28.8 ;7.18 ;51.5 ;CXP9013268%15_R101LX ; (Radio2012B32A)
Radio-S220-1 ;BXP_7  ;RRU247924B824B2024B28BM01* ; 1 ;  OFF ;  ON ;  OFF ; N/A ;KRC161832/1     ;R2F     ;TU8U020Q08    ;20230330 ;4 (OK) ; 35.5 ;7.18 ;50.4 ;CXP9013268%15_R101LX ; (Radio247924B824B2024B28BM01)
Radio-S221-1 ;BXP_5  ;RRU247924B824B2024B28BM01* ; 1 ;  OFF ;  ON ;  OFF ; N/A ;KRC161832/1     ;R2F     ;TU8U029MAP    ;20231106 ;4 (OK) ; 31.8 ;7.18 ;50.6 ;CXP9013268%15_R101LX ; (Radio247924B824B2024B28BM01)
Radio-S222-1 ;BXP_3  ;RRU247924B824B2024B28BM01* ; 1 ;  OFF ;  ON ;  OFF ; N/A ;KRC161832/1     ;R2F     ;TU8U029LV8    ;20231106 ;4 (OK) ; 28.6 ;7.18 ;50.5 ;CXP9013268%15_R101LX ; (Radio247924B824B2024B28BM01)
-------------------------------------------------------------------------------------------------------------------------------------

=====================================================================================================================================
XPBOARD  ;ST ;FAULT ;OPER ;PRODUCTNUMBER ;REV ;SERIAL/NAME ;DATE     ; TEMP ;MO
=====================================================================================================================================
FAN08    ; 1 ;N/A   ;N/A  ;BKV106236/1   ;R2G ;CE5100R367  ;20220623 ; 42.0 ;SupportUnit=1 (FAN  BB-1)
-------------------------------------------------------------------------------------------------------------------------------------

=====================================================================================================================================
ID ;T ;RiL    ;BPBP ;BOARD1                     ;LNH1 ;PORT ;R ;LINK ;RATE  ; BER ;BOARD2                     ;LNH2 ;PORT ;R ;LINK ;RATE  ; BER ;LENGTH ;MO1 - MO2
=====================================================================================================================================
 1 ;O ;S220-1 ;1111 ;BB6631                     ;000100 ; 1 ;M ;Up   ;10.1G ;   0 ;RRU247924B824B2024B28BM01* ;BXP_7  ; 1 ;S ;Up   ;10.1G ;   0 ;   57m ;Fru=BB-1(A) Fru=Radio-S220-1(D2)
 2 ;O ;S221-1 ;1111 ;BB6631                     ;000100 ; 2 ;M ;Up   ;10.1G ;   0 ;RRU247924B824B2024B28BM01* ;BXP_5  ; 1 ;S ;Up   ;10.1G ;   0 ;   57m ;Fru=BB-1(B) Fru=Radio-S221-1(D2)
 3 ;O ;S222-1 ;1111 ;BB6631                     ;000100 ; 3 ;M ;Up   ;10.1G ;   0 ;RRU247924B824B2024B28BM01* ;BXP_3  ; 1 ;S ;Up   ;10.1G ;   0 ;   57m ;Fru=BB-1(C) Fru=Radio-S222-1(D2)
 4 ;O ;S190-1 ;1111 ;BB6631                     ;000100 ; 4 ;M ;Up   ;10.1G ;   0 ;RRU4415B7                  ;BXP_8  ; 0 ;S ;Up   ;10.1G ;   0 ;   61m ;Fru=BB-1(D) Fru=Radio-S190-1(D1)
 5 ;O ;S191-1 ;1111 ;BB6631                     ;000100 ; 5 ;M ;Up   ;10.1G ;   0 ;RRU4415B7                  ;BXP_6  ; 0 ;S ;Up   ;10.1G ;   0 ;   56m ;Fru=BB-1(E) Fru=Radio-S191-1(D1)
 6 ;O ;S192-1 ;1111 ;BB6631                     ;000100 ; 6 ;M ;Up   ;10.1G ;   0 ;RRU4415B7                  ;BXP_4  ; 0 ;S ;Up   ;10.1G ;   0 ;   56m ;Fru=BB-1(F) Fru=Radio-S192-1(D1)
 7 ;O ; S20-1 ;1111 ;BB6631                     ;000100 ; 7 ;M ;Up   ;10.1G ;   0 ;RRU2012B32A                ;BXP_2  ; 0 ;S ;Up   ;10.1G ;   0 ;   56m ;Fru=BB-1(G) Fru=Radio-S20-1(D1)
 8 ;O ; S22-1 ;1111 ;RRU2012B32A                ;BXP_9  ; 1 ;M ;Up   ;10.1G ;   0 ;RRU2012B32A                ;BXP_10 ; 0 ;S ;Up   ;10.1G ;   0 ;    9m ;Fru=Radio-S21-1(D2) Fru=Radio-S22-1(D1)
 9 ;O ; S21-1 ;1111 ;RRU2012B32A                ;BXP_2  ; 1 ;M ;Up   ;10.1G ;   0 ;RRU2012B32A                ;BXP_9  ; 0 ;S ;Up   ;10.1G ;   0 ;   10m ;Fru=Radio-S20-1(D2) Fru=Radio-S21-1(D1)
-------------------------------------------------------------------------------------------------------------------------------------

=====================================================================================================================================
ID ;LINK ;RiL    ;VENDOR1  ;VENDORPROD1     ;REV1 ;SERIAL1        ;DATE1    ;ERICSSONPROD1      ;VENDOR2  ;VENDORPROD2     ;REV2 ;SERIAL2        ;DATE2    ;ERICSSONPROD2      ;TT ;WL1     ;WL2    
=====================================================================================================================================
 1 ;Up   ;S220-1 ;ERICSSON ;EOLP-1396-02-I9 ;1.0  ;PM5T401353     ;20210717 ;RDH10265/2 R1A     ;ERICSSON ;RTXM228-702-C22 ;1.0  ;CU823K09TV     ;20231012 ;RDH10265/2 R1A     ;0  ;1310.00 ;1310.00
 2 ;Up   ;S221-1 ;ERICSSON ;EOLP-1396-02-I9 ;1.0  ;PM5T401386     ;20210717 ;RDH10265/2 R1A     ;ERICSSON ;RTXM228-702-C22 ;1.0  ;CU823K09TS     ;20231012 ;RDH10265/2 R1A     ;0  ;1310.00 ;1310.00
 3 ;Up   ;S222-1 ;ERICSSON ;EOLP-1396-02-I9 ;1.0  ;PM5T401325     ;20210717 ;RDH10265/2 R1A     ;ERICSSON ;RTXM228-702-C22 ;1.0  ;CU823K09SL     ;20231012 ;RDH10265/2 R1A     ;0  ;1310.00 ;1310.00
 4 ;Up   ;S190-1 ;ERICSSON ;EOLP-1396-02-I9 ;1.0  ;PM5T401376     ;20210717 ;RDH10265/2 R1A     ;ERICSSON ;EOLP-1396-02-I9 ;1.0  ;PM5T401339     ;20210717 ;RDH10265/2 R1A     ;0  ;1310.00 ;1310.00
 5 ;Up   ;S191-1 ;ERICSSON ;EOLP-1396-02-I9 ;1.0  ;PM5T401390     ;20210717 ;RDH10265/2 R1A     ;ERICSSON ;EOLP-1396-02-I9 ;1.0  ;PM5T401384     ;20210717 ;RDH10265/2 R1A     ;0  ;1310.00 ;1310.00
 6 ;Up   ;S192-1 ;ERICSSON ;EOLP-1396-02-I9 ;1.0  ;PM5T401359     ;20210717 ;RDH10265/2 R1A     ;ERICSSON ;EOLP-1396-02-I9 ;1.0  ;PM5T401371     ;20210717 ;RDH10265/2 R1A     ;0  ;1310.00 ;1310.00
 7 ;Up   ; S20-1 ;ERICSSON ;EOLP-1396-02-I9 ;1.0  ;PM5T401327     ;20210717 ;RDH10265/2 R1A     ;ERICSSON ;EOLP-1396-02-I9 ;1.0  ;PM5T401355     ;20210717 ;RDH10265/2 R1A     ;0  ;1310.00 ;1310.00
 8 ;Up   ; S22-1 ;ERICSSON ;EOLP-1396-02-I9 ;1.0  ;PM5T401312     ;20210717 ;RDH10265/2 R1A     ;ERICSSON ;EOLP-1396-02-I9 ;1.0  ;PM5T401375     ;20210717 ;RDH10265/2 R1A     ;0  ;1310.00 ;1310.00
 9 ;Up   ; S21-1 ;ERICSSON ;EOLP-1396-02-I9 ;1.0  ;PM5T401385     ;20210717 ;RDH10265/2 R1A     ;ERICSSON ;EOLP-1396-02-I9 ;1.0  ;PM5T401329     ;20210717 ;RDH10265/2 R1A     ;0  ;1310.00 ;1310.00
-------------------------------------------------------------------------------------------------------------------------------------

=====================================================================================================================================
ID ;LINK ;RiL    ;WL1     ;TEMP1 ;TXbs1 ;TXdBm1 ;RXdBm1 ;BER1   ;WL2     ;TEMP2 ;TXbs2 ;TXdBm2 ;RXdBm2 ;BER2   ;DlLoss ;UlLoss ;LENGTH ;TT
=====================================================================================================================================
 1 ;Up   ;S220-1 ;1310.00 ;40C   ;45%   ;-1.45  ;-0.69  ;   0   ;1310.00 ;30C   ;55%   ;-0.37  ;-2.43  ;   0   ;  0.98 ;  0.32 ;   57m ; 0
 2 ;Up   ;S221-1 ;1310.00 ;41C   ;48%   ;-1.45  ;-2.10  ;   0   ;1310.00 ;29C   ;54%   ;-1.44  ;-1.54  ;   0   ;  0.09 ;  0.66 ;   57m ; 0
 3 ;Up   ;S222-1 ;1310.00 ;40C   ;44%   ;-1.77  ;-0.87  ;   0   ;1310.00 ;27C   ;54%   ;-0.98  ;-1.54  ;   0   ; -0.23 ; -0.11 ;   57m ; 0
 4 ;Up   ;S190-1 ;1310.00 ;40C   ;45%   ;-1.50  ;-2.13  ;   0   ;1310.00 ;32C   ;45%   ;-2.18  ;-1.61  ;   0   ;  0.11 ; -0.05 ;   61m ; 0
 5 ;Up   ;S191-1 ;1310.00 ;41C   ;46%   ;-2.53  ;-1.95  ;   0   ;1310.00 ;27C   ;43%   ;-1.86  ;-2.28  ;   0   ; -0.25 ;  0.09 ;   56m ; 0
 6 ;Up   ;S192-1 ;1310.00 ;42C   ;46%   ;-1.24  ;-1.57  ;   0   ;1310.00 ;25C   ;43%   ;-1.40  ;-1.67  ;   0   ;  0.43 ;  0.17 ;   56m ; 0
 7 ;Up   ; S20-1 ;1310.00 ;41C   ;46%   ;-1.43  ;-1.71  ;   0   ;1310.00 ;30C   ;45%   ;-1.80  ;-1.91  ;   0   ;  0.48 ; -0.09 ;   56m ; 0
 8 ;Up   ; S22-1 ;1310.00 ;25C   ;43%   ;-1.52  ;-1.74  ;   0   ;1310.00 ;27C   ;42%   ;-2.08  ;-1.84  ;   0   ;  0.32 ; -0.34 ;    9m ; 0
 9 ;Up   ; S21-1 ;1310.00 ;28C   ;43%   ;-1.49  ;-1.94  ;   0   ;1310.00 ;26C   ;42%   ;-1.67  ;-1.61  ;   0   ;  0.12 ;  0.27 ;   10m ; 0
-------------------------------------------------------------------------------------------------------------------------------------

=====================================================================================================================================
ID ;RiL    ;BOARD                      ;SFPLNH  ;PORT ;VENDOR   ;VENDORPROD      ;REV  ;SERIAL         ;DATE     ;ERICSSONPROD       ;WL      ;TEMP  ;TXbs  ;TXdBm  ;RXdBm  ; BER
=====================================================================================================================================
 1 ;S220-1 ;BB6631                     ;000100   ;  1 ;ERICSSON ;EOLP-1396-02-I9 ;1.0  ;PM5T401353     ;20210717 ;RDH10265/2 R1A     ;1310.00 ;40C   ;45%   ;-1.45  ;-0.69  ;   0
 2 ;S221-1 ;BB6631                     ;000100   ;  2 ;ERICSSON ;EOLP-1396-02-I9 ;1.0  ;PM5T401386     ;20210717 ;RDH10265/2 R1A     ;1310.00 ;41C   ;48%   ;-1.45  ;-2.10  ;   0
 3 ;S222-1 ;BB6631                     ;000100   ;  3 ;ERICSSON ;EOLP-1396-02-I9 ;1.0  ;PM5T401325     ;20210717 ;RDH10265/2 R1A     ;1310.00 ;40C   ;44%   ;-1.77  ;-0.87  ;   0
 4 ;S190-1 ;BB6631                     ;000100   ;  4 ;ERICSSON ;EOLP-1396-02-I9 ;1.0  ;PM5T401376     ;20210717 ;RDH10265/2 R1A     ;1310.00 ;40C   ;45%   ;-1.50  ;-2.13  ;   0
 5 ;S191-1 ;BB6631                     ;000100   ;  5 ;ERICSSON ;EOLP-1396-02-I9 ;1.0  ;PM5T401390     ;20210717 ;RDH10265/2 R1A     ;1310.00 ;41C   ;46%   ;-2.53  ;-1.95  ;   0
 6 ;S192-1 ;BB6631                     ;000100   ;  6 ;ERICSSON ;EOLP-1396-02-I9 ;1.0  ;PM5T401359     ;20210717 ;RDH10265/2 R1A     ;1310.00 ;42C   ;46%   ;-1.24  ;-1.57  ;   0
 7 ; S20-1 ;BB6631                     ;000100   ;  7 ;ERICSSON ;EOLP-1396-02-I9 ;1.0  ;PM5T401327     ;20210717 ;RDH10265/2 R1A     ;1310.00 ;41C   ;46%   ;-1.43  ;-1.71  ;   0
 8 ; S22-1 ;RRU2012B32A                ;BXP_10   ;  0 ;ERICSSON ;EOLP-1396-02-I9 ;1.0  ;PM5T401375     ;20210717 ;RDH10265/2 R1A     ;1310.00 ;27C   ;42%   ;-2.08  ;-1.84  ;   0
 7 ; S20-1 ;RRU2012B32A                ;BXP_2    ;  0 ;ERICSSON ;EOLP-1396-02-I9 ;1.0  ;PM5T401355     ;20210717 ;RDH10265/2 R1A     ;1310.00 ;30C   ;45%   ;-1.80  ;-1.91  ;   0
 9 ; S21-1 ;RRU2012B32A                ;BXP_2    ;  1 ;ERICSSON ;EOLP-1396-02-I9 ;1.0  ;PM5T401385     ;20210717 ;RDH10265/2 R1A     ;1310.00 ;28C   ;43%   ;-1.49  ;-1.94  ;   0
 3 ;S222-1 ;RRU247924B824B2024B28BM01* ;BXP_3    ;  1 ;ERICSSON ;RTXM228-702-C22 ;1.0  ;CU823K09SL     ;20231012 ;RDH10265/2 R1A     ;1310.00 ;27C   ;54%   ;-0.98  ;-1.54  ;   0
 6 ;S192-1 ;RRU4415B7                  ;BXP_4    ;  0 ;ERICSSON ;EOLP-1396-02-I9 ;1.0  ;PM5T401371     ;20210717 ;RDH10265/2 R1A     ;1310.00 ;25C   ;43%   ;-1.40  ;-1.67  ;   0
 2 ;S221-1 ;RRU247924B824B2024B28BM01* ;BXP_5    ;  1 ;ERICSSON ;RTXM228-702-C22 ;1.0  ;CU823K09TS     ;20231012 ;RDH10265/2 R1A     ;1310.00 ;29C   ;54%   ;-1.44  ;-1.54  ;   0
 5 ;S191-1 ;RRU4415B7                  ;BXP_6    ;  0 ;ERICSSON ;EOLP-1396-02-I9 ;1.0  ;PM5T401384     ;20210717 ;RDH10265/2 R1A     ;1310.00 ;27C   ;43%   ;-1.86  ;-2.28  ;   0
 1 ;S220-1 ;RRU247924B824B2024B28BM01* ;BXP_7    ;  1 ;ERICSSON ;RTXM228-702-C22 ;1.0  ;CU823K09TV     ;20231012 ;RDH10265/2 R1A     ;1310.00 ;30C   ;55%   ;-0.37  ;-2.43  ;   0
 4 ;S190-1 ;RRU4415B7                  ;BXP_8    ;  0 ;ERICSSON ;EOLP-1396-02-I9 ;1.0  ;PM5T401339     ;20210717 ;RDH10265/2 R1A     ;1310.00 ;32C   ;45%   ;-2.18  ;-1.61  ;   0
 9 ; S21-1 ;RRU2012B32A                ;BXP_9    ;  0 ;ERICSSON ;EOLP-1396-02-I9 ;1.0  ;PM5T401329     ;20210717 ;RDH10265/2 R1A     ;1310.00 ;26C   ;42%   ;-1.67  ;-1.61  ;   0
 8 ; S22-1 ;RRU2012B32A                ;BXP_9    ;  1 ;ERICSSON ;EOLP-1396-02-I9 ;1.0  ;PM5T401312     ;20210717 ;RDH10265/2 R1A     ;1310.00 ;25C   ;43%   ;-1.52  ;-1.74  ;   0
-------------------------------------------------------------------------------------------------------------------------------------
TN ;       ;BB6631                     ;000100   ;IA2 ;ERICSSON ;NDAAF9-E201     ;E    ;APF22462014LDP ;20221117 ;RPM777053/1000 R1B ;NA      ;NA    ;NA    ;NA     ;NA     ; 0/0
-------------------------------------------------------------------------------------------------------------------------------------

=====================================================================================================================================
BOARD  ;LNH    ;PORT       ;T ;S ;OpMode   ;AutoNeg ;MacAddress        ;VlanIds        ;LOS ;BER
=====================================================================================================================================
BB6631 ;000100 ;TN_IDL_A_1 ;E ;1 ;10G_FULL ;false   ;F8:97:A9:C8:C8:6F ;3901,3908,3910 ;0   ;0/0
BB6631 ;000100 ;TN_IDL_A_2 ;O ;1 ;10G_FULL ;false   ;F8:97:A9:C8:C8:70 ;3908           ;0   ;0/0
-------------------------------------------------------------------------------------------------------------------------------------

radioClockState : RNT_TIME_LOCKED
-------------------------------------------------------------------------------------
Prio  ;ST  ;syncRefType    ;refStatus  ;opQualLevel  ;SyncReference
-------------------------------------------------------------------------------------
   1  ; 1  ;PTP_TIME       ;NO_FAULT   ;PRTC         ;Ptp=1,BoundaryOrdinaryClock=PTP (G_8275_1 EthernetPort=TN_IDL_A_1:SLAVE)
   2  ; 1  ;NTP_FREQUENCY  ;NO_FAULT   ;PRC          ;Ntp=1,NtpFrequencySync=NTP1 (10.31.0.54:32751 Router=45G_Traffic,InterfaceIPv4=LTE,AddressIPv4=LTE)
-------------------------------------------------------------------------------------
-------------------------------------------------------------------------------------
Prio  ;ST  ;assistRefStatus  ;recQualLevel  ;AssistingReference
-------------------------------------------------------------------------------------
   1  ; 0  ;UNKNOWN          ;PRTC          ;Synchronization=1,SyncEthInput=SyncE (SFP_DAC EthernetPort=TN_IDL_A_1)
-------------------------------------------------------------------------------------
nodeGroupRole   : SYNC_RECEIVER (syncNodePriority=3, selectionMode=NODE_PRIORITY)
-------------------------------------------------------------------------------------
DU  ;Port  ;sharedUnitRef (RiPortA - RiPortB)  ;remoteNodePriority  ;CandidateStatus
-------------------------------------------------------------------------------------
1   ;A     ;Fru=Radio-S220-1 (2 - 1)           ;1                   ;OK_NOT_ACTIVE
1   ;B     ;Fru=Radio-S221-1 (2 - 1)           ;1                   ;OK_NOT_ACTIVE
1   ;C     ;Fru=Radio-S222-1 (2 - 1)           ;1                   ;OK_ACTIVE
-------------------------------------------------------------------------------------

=====================================================================================================================================
FRU          ;LNH    ;BOARD                      ;RF  ;BP  ;TX (W/dBm)  ;VSWR (RL)   ;RX (dBm) ;UEs/gUEs  ;Sector/AntennaGroup/Cells (State:CellIds:PCIs)
=====================================================================================================================================
Radio-S190-1 ;BXP_8  ;RRU4415B7                  ; A  ;11  ;12.0 (40.8) ;1.17 (22.2) ;-87.0    ;51/-      ;SE=190 AG=190 FDD=RC37L1 (1:21:482)
Radio-S190-1 ;BXP_8  ;RRU4415B7                  ; B  ;11  ;12.6 (41.0) ;1.19 (21.4) ;-86.7    ;51/-      ;SE=190 AG=190 FDD=RC37L1 (1:21:482)
Radio-S190-1 ;BXP_8  ;RRU4415B7                  ; C  ;11  ;10.2 (40.1) ;1.16 (22.5) ;-87.7    ;51/-      ;SE=190 AG=190 FDD=RC37L1 (1:21:482)
Radio-S190-1 ;BXP_8  ;RRU4415B7                  ; D  ;11  ;9.8 (39.9)  ;1.05 (31.7) ;-86.9    ;51/-      ;SE=190 AG=190 FDD=RC37L1 (1:21:482)
Radio-S191-1 ;BXP_6  ;RRU4415B7                  ; A  ;11  ;22.4 (43.5) ;1.09 (26.9) ;-99.4    ;4/-       ;SE=191 AG=191 FDD=RC37L2 (1:22:82)
Radio-S191-1 ;BXP_6  ;RRU4415B7                  ; B  ;11  ;-           ;1.07 (29.3) ;-99.3    ;4/-       ;SE=191 AG=191 FDD=RC37L2 (1:22:82)
Radio-S191-1 ;BXP_6  ;RRU4415B7                  ; C  ;11  ;17.0 (42.3) ;1.07 (29.6) ;-99.3    ;4/-       ;SE=191 AG=191 FDD=RC37L2 (1:22:82)
Radio-S191-1 ;BXP_6  ;RRU4415B7                  ; D  ;11  ;-           ;1.16 (22.4) ;-99.5    ;4/-       ;SE=191 AG=191 FDD=RC37L2 (1:22:82)
Radio-S192-1 ;BXP_4  ;RRU4415B7                  ; A  ;11  ;21.9 (43.4) ;1.12 (25.2) ;-98.9    ;8/-       ;SE=192 AG=192 FDD=RC37L3 (1:23:481)
Radio-S192-1 ;BXP_4  ;RRU4415B7                  ; B  ;11  ;-           ;1.13 (24.1) ;-98.6    ;8/-       ;SE=192 AG=192 FDD=RC37L3 (1:23:481)
Radio-S192-1 ;BXP_4  ;RRU4415B7                  ; C  ;11  ;17.0 (42.3) ;1.11 (25.5) ;-98.2    ;8/-       ;SE=192 AG=192 FDD=RC37L3 (1:23:481)
Radio-S192-1 ;BXP_4  ;RRU4415B7                  ; D  ;11  ;-           ;1.21 (20.6) ;-98.9    ;8/-       ;SE=192 AG=192 FDD=RC37L3 (1:23:481)
Radio-S20-1  ;BXP_2  ;RRU2012B32A                ; A  ;11  ;12.9 (41.1) ;1.05 (32.6) ;         ;0/-       ;SE=20 AG=20 FDD=RC37F1 (1:81:436)
Radio-S20-1  ;BXP_2  ;RRU2012B32A                ; B  ;11  ;11.5 (40.6) ;1.05 (31.8) ;         ;0/-       ;SE=20 AG=20 FDD=RC37F1 (1:81:436)
Radio-S21-1  ;BXP_9  ;RRU2012B32A                ; A  ;11  ;19.5 (42.9) ;1.02 (40.0) ;         ;0/-       ;SE=21 AG=21 FDD=RC37F2 (1:82:437)
Radio-S21-1  ;BXP_9  ;RRU2012B32A                ; B  ;11  ;-           ;1.07 (28.9) ;         ;0/-       ;SE=21 AG=21 FDD=RC37F2 (1:82:437)
Radio-S22-1  ;BXP_10 ;RRU2012B32A                ; A  ;11  ;12.3 (40.9) ;1.07 (29.9) ;         ;0/-       ;SE=22 AG=22 FDD=RC37F3 (1:83:435)
Radio-S22-1  ;BXP_10 ;RRU2012B32A                ; B  ;11  ;10.5 (40.2) ;1.15 (23.4) ;         ;0/-       ;SE=22 AG=22 FDD=RC37F3 (1:83:435)
Radio-S220-1 ;BXP_7  ;RRU247924B824B2024B28BM01* ; A  ;11  ;23.6 (43.7) ;1.14 (23.9) ;-88.9    ;-/-       ;SE=220* AG=220 GT=RC37D1/0 GT=RC37D1/1 GT=RC37D1/2 (1, 1, 1)
Radio-S220-1 ;BXP_7  ;RRU247924B824B2024B28BM01* ; B  ;11  ;26.4 (44.2) ;1.22 (20.2) ;-90.2    ;-/-       ;SE=220* AG=220 GT=RC37D1/0 GT=RC37D1/1 GT=RC37D1/2 (1, 1, 1)
Radio-S220-1 ;BXP_7  ;RRU247924B824B2024B28BM01* ; C  ;11  ;8.3 (39.2)  ;1.06 (31.0) ;-90.2    ;-/-       ;SE=220* AG=220 GT=RC37D1/0 GT=RC37D1/1 GT=RC37D1/2 (1, 1, 1)
Radio-S220-1 ;BXP_7  ;RRU247924B824B2024B28BM01* ; D  ;11  ;8.5 (39.3)  ;1.16 (22.4) ;-90.9    ;-/-       ;SE=220* AG=220 GT=RC37D1/0 GT=RC37D1/1 GT=RC37D1/2 (1, 1, 1)
Radio-S221-1 ;BXP_5  ;RRU247924B824B2024B28BM01* ; A  ;11  ;21.6 (43.4) ;1.11 (25.9) ;-98.1    ;-/-       ;SE=221* AG=221 GT=RC37D2/0 GT=RC37D2/1 (1, 1)
Radio-S221-1 ;BXP_5  ;RRU247924B824B2024B28BM01* ; B  ;11  ;11.4 (40.6) ;1.23 (19.7) ;-98.0    ;-/-       ;SE=221* AG=221 GT=RC37D2/0 GT=RC37D2/1 (1, 1)
Radio-S221-1 ;BXP_5  ;RRU247924B824B2024B28BM01* ; C  ;11  ;7.6 (38.8)  ;1.05 (32.8) ;-101.0   ;-/-       ;SE=221* AG=221 GT=RC37D2/0 GT=RC37D2/1 (1, 1)
Radio-S221-1 ;BXP_5  ;RRU247924B824B2024B28BM01* ; D  ;11  ;7.6 (38.8)  ;1.14 (23.9) ;-100.7   ;-/-       ;SE=221* AG=221 GT=RC37D2/0 GT=RC37D2/1 (1, 1)
Radio-S222-1 ;BXP_3  ;RRU247924B824B2024B28BM01* ; A  ;11  ;29.1 (44.6) ;1.10 (26.6) ;-93.1    ;-/-       ;SE=222* AG=222 GT=RC37D3/0 GT=RC37D3/1 (1, 1)
Radio-S222-1 ;BXP_3  ;RRU247924B824B2024B28BM01* ; B  ;11  ;28.0 (44.5) ;1.17 (22.1) ;-90.0    ;-/-       ;SE=222* AG=222 GT=RC37D3/0 GT=RC37D3/1 (1, 1)
Radio-S222-1 ;BXP_3  ;RRU247924B824B2024B28BM01* ; C  ;11  ;12.3 (40.9) ;1.13 (24.5) ;-94.8    ;-/-       ;SE=222* AG=222 GT=RC37D3/0 GT=RC37D3/1 (1, 1)
Radio-S222-1 ;BXP_3  ;RRU247924B824B2024B28BM01* ; D  ;11  ;12.6 (41.0) ;1.09 (27.1) ;-91.7    ;-/-       ;SE=222* AG=222 GT=RC37D3/0 GT=RC37D3/1 (1, 1)
-------------------------------------------------------------------------------------------------------------------------------------

RC37L> mfar

251125-11:44:31+0100 19.31.15.220 25.0h MSRBS_NODE_MODEL_25.Q1_693.28324.131_62ac stopfile=/tmp/2173546
.........
Last MO: 17554. Loaded 17554 MOs. Total: 17555 MOs.
.....................................................
get /rop/A20251125.0900-0915_RC37L.xml.gz /ericsson/log/amos/moshell_logfiles/t20251125_37258710_65084/logs_moshell/pmfiles/19.31.15.220/rop/A20251125.0900-0915_RC37L.xml.gz ... OK
get /rop/A20251125.0915-0930_RC37L.xml.gz /ericsson/log/amos/moshell_logfiles/t20251125_37258710_65084/logs_moshell/pmfiles/19.31.15.220/rop/A20251125.0915-0930_RC37L.xml.gz ... OK
get /rop/A20251125.0930-0945_RC37L.xml.gz /ericsson/log/amos/moshell_logfiles/t20251125_37258710_65084/logs_moshell/pmfiles/19.31.15.220/rop/A20251125.0930-0945_RC37L.xml.gz ... OK

Using hardcoded thresholds: 3, 4.5, and 16.5
================================================================================================================================
SC     SE  Tx/Rx BrPair  RfPort1 - RfPort2               HW       Serial      Cell (State)   Samples   Med  Mean  SDev Pol Res Issue
================================================================================================================================
RC37F1  20   2/0 0 (1,2) Radio-S20-1(A) Radio-S20-1(B)   RRU2012  TU8U01VAHZ  FDD=RC37F1 (1)       0     0     0     0  NA  NT No data
RC37F2  21   2/0 0 (1,2) Radio-S21-1(A) Radio-S21-1(B)   RRU2012  TU8U01VAHQ  FDD=RC37F2 (1)       0     0     0     0  NA  NT No data
RC37F3  22   2/0 0 (1,2) Radio-S22-1(A) Radio-S22-1(B)   RRU2012  TU8U01VAHN  FDD=RC37F3 (1)       0     0     0     0  NA  NT No data
RC37L1 190   4/4 0 (1,2) Radio-S190-1(A) Radio-S190-1(B) RRU4415  TU8U01Q78Q  FDD=RC37L1 (1)  985793   0.5   0.7   6.1   S  OK Passed
RC37L1 190   4/4 1 (2,3) Radio-S190-1(B) Radio-S190-1(C) RRU4415  TU8U01Q78Q  FDD=RC37L1 (1)  985793   0.5   0.1   6.0   S  OK Passed
RC37L1 190   4/4 2 (3,4) Radio-S190-1(C) Radio-S190-1(D) RRU4415  TU8U01Q78Q  FDD=RC37L1 (1)  985793   0.5   0.6   6.0   S  OK Passed
RC37L2 191   4/4 0 (1,2) Radio-S191-1(A) Radio-S191-1(B) RRU4415  TU8U01Q78J  FDD=RC37L2 (1)   14253  -1.5  -1.8   6.6   S  OK Passed
RC37L2 191   4/4 1 (2,3) Radio-S191-1(B) Radio-S191-1(C) RRU4415  TU8U01Q78J  FDD=RC37L2 (1)   14253   1.5   1.7   6.7   S  OK Passed
RC37L2 191   4/4 2 (3,4) Radio-S191-1(C) Radio-S191-1(D) RRU4415  TU8U01Q78J  FDD=RC37L2 (1)   14253  -0.5  -0.2   6.7   S  OK Passed
RC37L3 192   4/4 0 (1,2) Radio-S192-1(A) Radio-S192-1(B) RRU4415  TU8U01Q78K  FDD=RC37L3 (1)  121192  -0.5  -0.6   6.0   S  OK Passed
RC37L3 192   4/4 1 (2,3) Radio-S192-1(B) Radio-S192-1(C) RRU4415  TU8U01Q78K  FDD=RC37L3 (1)  121192   0.5  -0.1   6.2   S  OK Passed
RC37L3 192   4/4 2 (3,4) Radio-S192-1(C) Radio-S192-1(D) RRU4415  TU8U01Q78K  FDD=RC37L3 (1)  121192  -1.5  -1.2   6.4   S  OK Passed
================================================================================================================================
Total: 6 SectorCarriers, 12 RfBranch Pairs (9 OK, 0 OKW, 0 NOK, 3 NT)
.........
Last MO: 17554. Loaded 17554 MOs. Total: 17555 MOs.

No NRSectorCarrier MOs are defined on the node.

RC37L> mfitr

251125-11:44:46+0100 19.31.15.220 25.0h MSRBS_NODE_MODEL_25.Q1_693.28324.131_62ac stopfile=/tmp/2173546
................
Last MO: 17554. Loaded 17554 MOs. Total: 17555 MOs.
............
2025-11-25 11:45
================================================================================================================================
CELL       SC     FRU          BOARD     PUSCH  PUCCH       A      B      C      D  DELTA
================================================================================================================================
FDD=RC37L1 RC37L1 Radio-S190-1 RRU4415B7 -105.4 -109.3 -106.2 -106.0 -106.9 -106.3    0.9
FDD=RC37L2 RC37L2 Radio-S191-1 RRU4415B7 -118.3 -118.5 -117.9 -117.8 -117.8 -118.0    0.2
FDD=RC37L3 RC37L3 Radio-S192-1 RRU4415B7 -118.0 -118.2 -117.7 -117.6 -117.2 -117.5    0.5
================================================================================================================================
Bye...
Output has been logged to file /mta_fs/UserFiles/37258710/amosbatch/SDIR/RC37L.log
