Logging to file /mta_fs/UserFiles/37258710/amosbatch/SDIR/RC3CT.log
                        __  __  ____   _____
                  /\   |  \/  |/ __ \ / ____|
                 /  \  | \  / | |  | | (___  
                / /\ \ | |\/| | |  | |\___ \ 
               / ____ \| |  | | |__| |____) |
              /_/    \_\_|  |_|\____/|_____/
              OSS Framework for MoShell-25.0h 
  Copyright (c) Ericsson AB 2001-2025 - All Rights Reserved
              
           
[1;31mWARNING: [0mthe AMOS version currently running is more than 29 weeks old and is unsupported.
Please upgrade as soon as possible to the latest released version, available from your local Ericsson support.

$amosrb_pid = 3311811

Checking ip contact...OK

HELP MENU            : h
BASIC MO COMMANDS    : m
OTHER MO COMMANDS    : n
OTHER COMMANDS       : o
PM COMMANDS          : p
QUIT                 : q

RC3CT> lt all

251125-17:32:02+0100 19.31.14.236 25.0h  stopfile=/tmp/3311657
Looking up temporary_amos account... OK.
Trying temporary_amos_t20251125_37258710_65084_131's password from amos lookupAccount ... OK

$ssh_pid = 3312280

Connected to 19.31.14.236 (SubNetwork=BBMM_rckomc_R,MeContext=RC3CT,ManagedElement=RC3CT)

Checking MOM version...MSRBS_NODE_MODEL_25.Q1_198665.224.73_bf81
Parsing MOM (cached): /ericsson/log/amos/moshell_logfiles/t20251125_37258710_65084/logs_moshell/tempfiles/scp-4-amos_20251125-173155_3311599/MSRBS_NODE_MODEL_25.Q1_198665.224.73_bf81.xml.cache.gz ......................................................................................................................................................................................................................Done.
Using paramfile /opt/ericsson/amos/moshell/commonjars/pm/PARAM_MSRBSG2_25.Q1.txt
Parsing file /opt/ericsson/amos/moshell/commonjars/pm/PARAM_MSRBSG2_25.Q1.txt ......................................................................................Done.
Using imomdfile /opt/ericsson/amos/moshell/commonjars/pm/IMOMD_MSRBS_22.Q4.txt
Using imomfile /opt/ericsson/amos/moshell/commonjars/pm/IMOM_MSRBS_25.Q1.txt
Connected to 19.31.14.236 (SubNetwork=BBMM_rckomc_R,MeContext=RC3CT,ManagedElement=RC3CT)

Last MO: 17576. Loaded 17576 MOs. Total: 17577 MOs.

RC3CT> st cell

251125-17:32:21+0100 19.31.14.236 25.0h MSRBS_NODE_MODEL_25.Q1_198665.224.73_bf81 stopfile=/tmp/3311657
===================================================================================
Proxy  Adm State     Op. State     MO
===================================================================================
   43  1 (UNLOCKED)  1 (ENABLED)   ENodeBFunction=1,EUtranCellFDD=RC3CM1
  159  1 (UNLOCKED)  1 (ENABLED)   ENodeBFunction=1,EUtranCellFDD=RC3CM2
  298  1 (UNLOCKED)  1 (ENABLED)   ENodeBFunction=1,EUtranCellFDD=RC3CT1
  456  1 (UNLOCKED)  1 (ENABLED)   ENodeBFunction=1,EUtranCellFDD=RC3CT2
===================================================================================
Total: 4 MOs

RC3CT> st radio

251125-17:32:22+0100 19.31.14.236 25.0h MSRBS_NODE_MODEL_25.Q1_198665.224.73_bf81 stopfile=/tmp/3311657
===================================================================================
Proxy  Adm State     Op. State     MO
===================================================================================
 2060  1 (UNLOCKED)  1 (ENABLED)   Equipment=1,FieldReplaceableUnit=Radio-S100-1
17568  1 (UNLOCKED)  1 (ENABLED)   Transport=1,Synchronization=1,RadioEquipmentClock=1,RadioEquipmentClockReference=NTP1
17569  1 (UNLOCKED)  1 (ENABLED)   Transport=1,Synchronization=1,RadioEquipmentClock=1,RadioEquipmentClockReference=PTP
===================================================================================
Total: 3 MOs

RC3CT> sdir

251125-17:32:22+0100 19.31.14.236 25.0h MSRBS_NODE_MODEL_25.Q1_198665.224.73_bf81 stopfile=/tmp/3311657
INFO: Using amos lookupAccount credentials for the export login
..............................
get /rop/A20251125.1545-1600_RC3CT.xml.gz /ericsson/log/amos/moshell_logfiles/t20251125_37258710_65084/logs_moshell/pmfiles/19.31.14.236/rop/A20251125.1545-1600_RC3CT.xml.gz ... OK
get /rop/A20251125.1600-1615_RC3CT.xml.gz /ericsson/log/amos/moshell_logfiles/t20251125_37258710_65084/logs_moshell/pmfiles/19.31.14.236/rop/A20251125.1600-1615_RC3CT.xml.gz ... OK
get /rop/A20251125.1615-1630_RC3CT.xml.gz /ericsson/log/amos/moshell_logfiles/t20251125_37258710_65084/logs_moshell/pmfiles/19.31.14.236/rop/A20251125.1615-1630_RC3CT.xml.gz ... OK
...Checking available boards on node...

Collecting RCS board data ...
.................................................................................
.
...............................................................

Collecting TN data...
...............................................................................................................................................................................................................................................................................................
Collecting RF data...

Collecting Alarms...
Executing action Log.export()
...
Log=AlarmLog                    actionId=27960
........
Executing action LogM.exportAvailabilityLog()
..LogM=1,exportAvailabilityLog    actionId=27961
.....Parsing alarmLog.......Done.
Parsing availabilityLog.....Done.
......

Total: 1 CPRI links (1 OK, 0 OKW, 0 NOK, 0 NT)

+--------+                      +------------------+
|        | D        O101     D1 |   Radio-S100-1   |
|        |-----------1----------| RRU449944B144B3C |
|        |         OK-7m        |      BXP_2       |
|  BB-1  |                      +------------------+
| BB6630 |                           |A  |B  |C  |D
| 000100 |                    SE=100 AG=100  |   |
|        |            FDD=RC3CM1 FDD=RC3CT1  |   |
|        |                            SE=101 AG=101
|        |                    FDD=RC3CM2 FDD=RC3CT2
|        |
+--------+

=====================================================================================================================================
ID RiL    Type Res MO1-MO2                  BOARD1-BOARD2           AlmIDs Cells (States)                                        Issue (Failed checks)
=====================================================================================================================================
 1 S100-1 O101 OK  BB-1(D) Radio-S100-1(D1) BB6630 RRU449944B144B3C        FDD=RC3CM1 FDD=RC3CM2 FDD=RC3CT1 FDD=RC3CT2 (1,1,1,1) Passed
-------------------------------------------------------------------------------------------------------------------------------------

Node: RadioNode L   CXP9024418/16_R8D21 (RCG123.3-3)   G2   LTE-FDD 

=====================================================================================================================================
FRU          ;LNH    ;BOARD            ;ST ;FAULT ;OPER ;MAINT ;STAT ;PRODUCTNUMBER   ;REV     ;SERIAL        ;DATE     ;PMTEMP ; TEMP ; UPT ;VOLT ;SW                   ;
=====================================================================================================================================
BB-1         ;000100 ;BB6630           ; 1 ;  OFF ;  ON ;  OFF ;  ON ;KDU137848/11    ;R3D     ;E96A00HPZU    ;20210901 ;3 (OK) ;      ; 132 ;48   ;                     ;
Radio-S100-1 ;BXP_2  ;RRU449944B144B3C ; 1 ;  OFF ;  ON ;  OFF ; N/A ;KRC161787/1     ;R2D     ;E55D698755    ;20210911 ;4 (OK) ; 29.6 ; 132 ;55.1 ;CXP9013268%15_R101KB ; (Radio449944B144B3C)
-------------------------------------------------------------------------------------------------------------------------------------

=====================================================================================================================================
XPBOARD  ;ST ;FAULT ;OPER ;PRODUCTNUMBER ;REV ;SERIAL/NAME ;DATE     ; TEMP ;MO
=====================================================================================================================================
FAN      ; 1 ;N/A   ;N/A  ;BKV106217/1   ;N/A ;N/A         ;N/A      ;      ;SupportUnit=1 (FAN  BB-1)
-------------------------------------------------------------------------------------------------------------------------------------

=====================================================================================================================================
ID ;T ;RiL    ;BPBP ;BOARD1           ;LNH1 ;PORT ;R ;LINK ;RATE  ; BER ;BOARD2           ;LNH2 ;PORT ;R ;LINK ;RATE  ; BER ;LENGTH ;MO1 - MO2
=====================================================================================================================================
 1 ;O ;S100-1 ;1111 ;BB6630           ;000100 ; 4 ;M ;Up   ;10.1G ;   0 ;RRU449944B144B3C ;BXP_2  ; 0 ;S ;Up   ;10.1G ;   0 ;    7m ;Fru=BB-1(D) Fru=Radio-S100-1(D1)
-------------------------------------------------------------------------------------------------------------------------------------

=====================================================================================================================================
ID ;LINK ;RiL    ;VENDOR1  ;VENDORPROD1      ;REV1 ;SERIAL1         ;DATE1    ;ERICSSONPROD1  ;VENDOR2  ;VENDORPROD2      ;REV2 ;SERIAL2         ;DATE2    ;ERICSSONPROD2  ;TT ;WL1     ;WL2    
=====================================================================================================================================
 1 ;Up   ;S100-1 ;ERICSSON ;LCP-10G3B4HDRME4 ;A    ;2138094A2405151 ;20210922 ;RDH10265/2 R1A ;ERICSSON ;LCP-10G3B4HDRME4 ;A    ;2138094A2405148 ;20210922 ;RDH10265/2 R1A ;0  ;1310.00 ;1310.00
-------------------------------------------------------------------------------------------------------------------------------------

=====================================================================================================================================
ID ;LINK ;RiL    ;WL1     ;TEMP1 ;TXbs1 ;TXdBm1 ;RXdBm1 ;BER1   ;WL2     ;TEMP2 ;TXbs2 ;TXdBm2 ;RXdBm2 ;BER2   ;DlLoss ;UlLoss ;LENGTH ;TT
=====================================================================================================================================
 1 ;Up   ;S100-1 ;1310.00 ;38C   ;39%   ;-2.23  ;-4.45  ;   0   ;1310.00 ;24C   ;36%   ;-2.79  ;-1.67  ;   0   ; -0.56 ;  1.66 ;    7m ; 0
-------------------------------------------------------------------------------------------------------------------------------------

=====================================================================================================================================
ID ;RiL    ;BOARD            ;SFPLNH  ;PORT ;VENDOR   ;VENDORPROD       ;REV  ;SERIAL          ;DATE     ;ERICSSONPROD   ;WL      ;TEMP  ;TXbs  ;TXdBm  ;RXdBm  ; BER
=====================================================================================================================================
 1 ;S100-1 ;BB6630           ;000100   ;  4 ;ERICSSON ;LCP-10G3B4HDRME4 ;A    ;2138094A2405151 ;20210922 ;RDH10265/2 R1A ;1310.00 ;38C   ;39%   ;-2.23  ;-4.45  ;   0
 1 ;S100-1 ;RRU449944B144B3C ;BXP_2    ;  0 ;ERICSSON ;LCP-10G3B4HDRME4 ;A    ;2138094A2405148 ;20210922 ;RDH10265/2 R1A ;1310.00 ;24C   ;36%   ;-2.79  ;-1.67  ;   0
-------------------------------------------------------------------------------------------------------------------------------------
TN ;       ;BB6630           ;000100   ;  A ;WTD      ;RTXM192-406-C25  ;3.0  ;HC213200440916  ;20210806 ;RDH10247/2 R2A ;0       ;36C   ;19%   ;-5.30  ;-8.86  ; 0/0
TN ;       ;BB6630           ;000100   ;  B ;ERICSSON ;LCP-10G3B4HDRME4 ;A    ;2138094A2405145 ;20210922 ;RDH10265/2 R1A ;0       ;33C   ;40%   ;-2.70  ;-5.16  ; 0/0
-------------------------------------------------------------------------------------------------------------------------------------

=====================================================================================================================================
BOARD  ;LNH    ;PORT   ;T ;S ;OpMode    ;AutoNeg ;MacAddress        ;VlanIds   ;LOS ;BER
=====================================================================================================================================
BB6630 ;000100 ;IDL_A1 ;E ;1 ;10G_FULL  ;false   ;F0:B1:07:E0:DF:8E ;3908      ;0   ;0/0
BB6630 ;000100 ;TN_A   ;O ;1 ;1G_FULL   ;true    ;F0:B1:07:E0:DF:8A ;3908,3910 ;0   ;0/0
BB6630 ;000100 ;TN_B   ;O ;1 ;1G_FULL   ;true    ;F0:B1:07:E0:DF:8B ;3908,3910 ;0   ;0/0
BB6630 ;000100 ;TN_C   ;E ;1 ;100M_FULL ;false   ;F0:B1:07:E0:DF:8C ;3910      ;0   ;0/0
-------------------------------------------------------------------------------------------------------------------------------------

radioClockState : RNT_TIME_LOCKED
-------------------------------------------------------------------------------------
Prio  ;ST  ;syncRefType    ;refStatus  ;opQualLevel  ;SyncReference
-------------------------------------------------------------------------------------
  *1  ; 1  ;PTP_TIME       ;NO_FAULT   ;PRTC         ;Ptp=1,BoundaryOrdinaryClock=PTP (G_8275_1 EthernetPort=TN_A:SLAVE EthernetPort=TN_B:MASTER)
   2  ; 1  ;NTP_FREQUENCY  ;NO_FAULT   ;PRC          ;Ntp=1,NtpFrequencySync=NTP1 (10.31.0.54:32751 Router=LTE,InterfaceIPv4=1,AddressIPv4=1)
-------------------------------------------------------------------------------------
-------------------------------------------------------------------------------------
Prio  ;ST  ;assistRefStatus  ;recQualLevel  ;AssistingReference
-------------------------------------------------------------------------------------
   1  ; 1  ;NO_FAULT         ;PRC           ;Synchronization=1,SyncEthInput=SyncE (SFP_OPTICAL EthernetPort=TN_A)
-------------------------------------------------------------------------------------

=====================================================================================================================================
FRU          ;LNH    ;BOARD            ;RF  ;BP  ;TX (W/dBm)  ;VSWR (RL)   ;RX (dBm) ;UEs/gUEs  ;Sector/AntennaGroup/Cells (State:CellIds:PCIs)
=====================================================================================================================================
Radio-S100-1 ;BXP_2  ;RRU449944B144B3C ; A  ;11  ;12.9 (41.1) ;1.25 (19.2) ;-91.0    ;10/-      ;SE=100 AG=100 FDD=RC3CM1 FDD=RC3CT1 (1:31:43, 1:41:65)
Radio-S100-1 ;BXP_2  ;RRU449944B144B3C ; B  ;11  ;-           ;1.10 (26.4) ;-91.6    ;10/-      ;SE=100 AG=100 FDD=RC3CM1 FDD=RC3CT1 (1:31:43, 1:41:65)
Radio-S100-1 ;BXP_2  ;RRU449944B144B3C ; C  ;11  ;16.5 (42.2) ;1.11 (25.3) ;-87.6    ;31/-      ;SE=101 AG=101 FDD=RC3CM2 FDD=RC3CT2 (1:32:442, 1:42:77)
Radio-S100-1 ;BXP_2  ;RRU449944B144B3C ; D  ;11  ;4.7 (36.7)  ;1.18 (21.6) ;-86.8    ;31/-      ;SE=101 AG=101 FDD=RC3CM2 FDD=RC3CT2 (1:32:442, 1:42:77)
-------------------------------------------------------------------------------------------------------------------------------------

RC3CT> mfar

251125-17:34:15+0100 19.31.14.236 25.0h MSRBS_NODE_MODEL_25.Q1_198665.224.73_bf81 stopfile=/tmp/3311657
...
Last MO: 17587. Loaded 17587 MOs. Total: 17588 MOs.
...........................................
get /rop/A20251125.1500-1515_RC3CT.xml.gz /ericsson/log/amos/moshell_logfiles/t20251125_37258710_65084/logs_moshell/pmfiles/19.31.14.236/rop/A20251125.1500-1515_RC3CT.xml.gz ... OK
get /rop/A20251125.1515-1530_RC3CT.xml.gz /ericsson/log/amos/moshell_logfiles/t20251125_37258710_65084/logs_moshell/pmfiles/19.31.14.236/rop/A20251125.1515-1530_RC3CT.xml.gz ... OK
get /rop/A20251125.1530-1545_RC3CT.xml.gz /ericsson/log/amos/moshell_logfiles/t20251125_37258710_65084/logs_moshell/pmfiles/19.31.14.236/rop/A20251125.1530-1545_RC3CT.xml.gz ... OK

Using hardcoded thresholds: 3, 4.5, and 16.5
================================================================================================================================
SC     SE  Tx/Rx BrPair  RfPort1 - RfPort2               HW       Serial      Cell (State)   Samples   Med  Mean  SDev Pol Res Issue
================================================================================================================================
RC3CM1 100   2/2 0 (1,2) Radio-S100-1(A) Radio-S100-1(B) RRU4499  E55D698755  FDD=RC3CM1 (1)    5573  -0.5  -0.4   7.0  NA  OK Passed
RC3CM2 101   2/2 0 (1,2) Radio-S100-1(C) Radio-S100-1(D) RRU4499  E55D698755  FDD=RC3CM2 (1)   41416  -2.5  -2.3   6.7  NA  OK Passed
RC3CT1 100   2/2 0 (1,2) Radio-S100-1(A) Radio-S100-1(B) RRU4499  E55D698755  FDD=RC3CT1 (1)  271651  -0.5  -0.6   7.2  NA  OK Passed
RC3CT2 101   2/2 0 (1,2) Radio-S100-1(C) Radio-S100-1(D) RRU4499  E55D698755  FDD=RC3CT2 (1)  571867   0.5   0.8   7.1  NA  OK Passed
================================================================================================================================
Total: 4 SectorCarriers, 4 RfBranch Pairs (4 OK, 0 OKW, 0 NOK, 0 NT)
....
Last MO: 17587. Loaded 17587 MOs. Total: 17588 MOs.

No NRSectorCarrier MOs are defined on the node.

RC3CT> mfitr

251125-17:34:32+0100 19.31.14.236 25.0h MSRBS_NODE_MODEL_25.Q1_198665.224.73_bf81 stopfile=/tmp/3311657
......
Last MO: 17587. Loaded 17587 MOs. Total: 17588 MOs.
......
2025-11-25 17:35
================================================================================================================================
CELL       SC     FRU          BOARD            PUSCH  PUCCH       A      B      C      D  DELTA
================================================================================================================================
FDD=RC3CM1 RC3CM1 Radio-S100-1 RRU449944B144B3C -117.6 -118.1 -116.5 -117.0                  0.5
FDD=RC3CM2 RC3CM2 Radio-S100-1 RRU449944B144B3C -115.4 -117.6               -117.6 -117.6      0
FDD=RC3CT1 RC3CT1 Radio-S100-1 RRU449944B144B3C -112.5 -115.0 -112.8 -112.6                  0.2
FDD=RC3CT2 RC3CT2 Radio-S100-1 RRU449944B144B3C -107.7 -114.9               -110.0 -109.9    0.1
================================================================================================================================
Bye...
Output has been logged to file /mta_fs/UserFiles/37258710/amosbatch/SDIR/RC3CT.log
