Logging to file /mta_fs/UserFiles/37258710/amosbatch/SDIR/RC3CE.log
                        __  __  ____   _____
                  /\   |  \/  |/ __ \ / ____|
                 /  \  | \  / | |  | | (___  
                / /\ \ | |\/| | |  | |\___ \ 
               / ____ \| |  | | |__| |____) |
              /_/    \_\_|  |_|\____/|_____/
              OSS Framework for MoShell-25.0h 
  Copyright (c) Ericsson AB 2001-2025 - All Rights Reserved
              
           
[1;31mWARNING: [0mthe AMOS version currently running is more than 29 weeks old and is unsupported.
Please upgrade as soon as possible to the latest released version, available from your local Ericsson support.

$amosrb_pid = 3319613

Checking ip contact...OK

HELP MENU            : h
BASIC MO COMMANDS    : m
OTHER MO COMMANDS    : n
OTHER COMMANDS       : o
PM COMMANDS          : p
QUIT                 : q

RC3CE> lt all

251125-17:34:35+0100 19.31.14.235 25.0h  stopfile=/tmp/3319511
Looking up temporary_amos account... OK.
Trying temporary_amos_t20251125_37258710_65084_131's password from amos lookupAccount ... OK

$ssh_pid = 3319964

Connected to 19.31.14.235 (SubNetwork=BBMM_rckomc_R,MeContext=RC3CE,ManagedElement=RC3CE)

Checking MOM version...MSRBS_NODE_MODEL_25.Q1_198665.224.73_bf81
Parsing MOM (cached): /ericsson/log/amos/moshell_logfiles/t20251125_37258710_65084/logs_moshell/tempfiles/scp-4-amos_20251125-173428_3319454/MSRBS_NODE_MODEL_25.Q1_198665.224.73_bf81.xml.cache.gz ......................................................................................................................................................................................................................Done.
Using paramfile /opt/ericsson/amos/moshell/commonjars/pm/PARAM_MSRBSG2_25.Q1.txt
Parsing file /opt/ericsson/amos/moshell/commonjars/pm/PARAM_MSRBSG2_25.Q1.txt ......................................................................................Done.
Using imomdfile /opt/ericsson/amos/moshell/commonjars/pm/IMOMD_MSRBS_22.Q4.txt
Using imomfile /opt/ericsson/amos/moshell/commonjars/pm/IMOM_MSRBS_25.Q1.txt
Connected to 19.31.14.235 (SubNetwork=BBMM_rckomc_R,MeContext=RC3CE,ManagedElement=RC3CE)

Last MO: 16953. Loaded 16953 MOs. Total: 16954 MOs.

RC3CE> st cell

251125-17:34:53+0100 19.31.14.235 25.0h MSRBS_NODE_MODEL_25.Q1_198665.224.73_bf81 stopfile=/tmp/3319511
===================================================================================
Proxy  Adm State     Op. State     MO
===================================================================================
   43  1 (UNLOCKED)  1 (ENABLED)   ENodeBFunction=1,EUtranCellFDD=RC3CE1
  148  1 (UNLOCKED)  1 (ENABLED)   ENodeBFunction=1,EUtranCellFDD=RC3CE2
  281  1 (UNLOCKED)  1 (ENABLED)   ENodeBFunction=1,EUtranCellFDD=RC3CL1
  383  1 (UNLOCKED)  1 (ENABLED)   ENodeBFunction=1,EUtranCellFDD=RC3CL2
  901  1 (UNLOCKED)  1 (ENABLED)   ENodeBFunction=1,NbIotCell=RC3CN1
  902  1 (UNLOCKED)  1 (ENABLED)   ENodeBFunction=1,NbIotCell=RC3CN2
===================================================================================
Total: 6 MOs

RC3CE> st radio

251125-17:34:53+0100 19.31.14.235 25.0h MSRBS_NODE_MODEL_25.Q1_198665.224.73_bf81 stopfile=/tmp/3319511
===================================================================================
Proxy  Adm State     Op. State     MO
===================================================================================
 1463  1 (UNLOCKED)  1 (ENABLED)   Equipment=1,FieldReplaceableUnit=Radio-S1-1
 1475  1 (UNLOCKED)  1 (ENABLED)   Equipment=1,FieldReplaceableUnit=Radio-S180-1
 1490  1 (UNLOCKED)  1 (ENABLED)   Equipment=1,FieldReplaceableUnit=Radio-S2-1
16948  1 (UNLOCKED)  1 (ENABLED)   Transport=1,Synchronization=1,RadioEquipmentClock=1,RadioEquipmentClockReference=NTP1
16949  1 (UNLOCKED)  1 (ENABLED)   Transport=1,Synchronization=1,RadioEquipmentClock=1,RadioEquipmentClockReference=PTP
===================================================================================
Total: 5 MOs

RC3CE> sdir

251125-17:34:54+0100 19.31.14.235 25.0h MSRBS_NODE_MODEL_25.Q1_198665.224.73_bf81 stopfile=/tmp/3319511
INFO: Using amos lookupAccount credentials for the export login
...............................
get /rop/A20251125.1545-1600_RC3CE.xml.gz /ericsson/log/amos/moshell_logfiles/t20251125_37258710_65084/logs_moshell/pmfiles/19.31.14.235/rop/A20251125.1545-1600_RC3CE.xml.gz ... OK
get /rop/A20251125.1600-1615_RC3CE.xml.gz /ericsson/log/amos/moshell_logfiles/t20251125_37258710_65084/logs_moshell/pmfiles/19.31.14.235/rop/A20251125.1600-1615_RC3CE.xml.gz ... OK
get /rop/A20251125.1615-1630_RC3CE.xml.gz /ericsson/log/amos/moshell_logfiles/t20251125_37258710_65084/logs_moshell/pmfiles/19.31.14.235/rop/A20251125.1615-1630_RC3CE.xml.gz ... OK
...Checking available boards on node...

Collecting RCS board data ...
...........................................................................
.
...........................................................................................................................................................................................................................................................
....
Collecting TN data...
.......................................................................................................................................................................................................................................................................
Collecting RF data...
.
Collecting Alarms...
Executing action Log.export()
...
Log=AlarmLog                    actionId=27945
........
Executing action LogM.exportAvailabilityLog()
..LogM=1,exportAvailabilityLog    actionId=27946
.....Parsing alarmLog......Done.
Parsing availabilityLog.....Done.
......

Total: 3 CPRI links (3 OK, 0 OKW, 0 NOK, 0 NT)

+--------+                      +------------+
|        | A        O98      D1 | Radio-S1-1 |
|        |-----------1----------| RRU2217B20 |
|        |         OK-6m        |   BXP_3    |
|        |                      +------------+
|        |                             |A  |B
|        |               SE=1 AG=1 FDD=RC3CE1
|        |                        NIOT=RC3CN1
|        |
|        |                      +------------+
|        | B        O98      D1 | Radio-S2-1 |
|        |-----------2----------| RRU2217B20 |
|        |         OK-6m        |   BXP_4    |
|  BB-1  |                      +------------+
| BB6620 |                             |A  |B
| 000100 |               SE=2 AG=2 FDD=RC3CE2
|        |                        NIOT=RC3CN2
|        |
|        |                      +---------------+
|        | D        O101     D1 | Radio-S180-1  |
|        |-----------3----------|   RRU4415B7   |
|        |         OK-6m        |     BXP_2     |
|        |                      +---------------+
|        |                        |A  |B  |C  |D
|        |                 SE=180 AG=180  |   |
|        |                    FDD=RC3CL1  |   |
|        |                         SE=181 AG=181
|        |                            FDD=RC3CL2
|        |
+--------+

=====================================================================================================================================
ID RiL    Type Res MO1-MO2                  BOARD1-BOARD2     AlmIDs Cells (States)               Issue (Failed checks)
=====================================================================================================================================
 1 S1-1   O98  OK  BB-1(A) Radio-S1-1(D1)   BB6620 RRU2217B20        FDD=RC3CE1 NIOT=RC3CN1 (1,1) Passed
 2 S2-1   O98  OK  BB-1(B) Radio-S2-1(D1)   BB6620 RRU2217B20        FDD=RC3CE2 NIOT=RC3CN2 (1,1) Passed
 3 S180-1 O101 OK  BB-1(D) Radio-S180-1(D1) BB6620 RRU4415B7         FDD=RC3CL1 FDD=RC3CL2 (1,1)  Passed
-------------------------------------------------------------------------------------------------------------------------------------

Node: RadioNode L   CXP9024418/16_R8D21 (RCG123.3-3)   G2   LTE-FDD,LTE-IoT 

=====================================================================================================================================
FRU          ;LNH    ;BOARD      ;ST ;FAULT ;OPER ;MAINT ;STAT ;PRODUCTNUMBER   ;REV     ;SERIAL        ;DATE     ;PMTEMP ; TEMP ; UPT ;VOLT ;SW                   ;
=====================================================================================================================================
BB-1         ;000100 ;BB6620     ; 1 ;  OFF ;  ON ;  OFF ;  ON ;KDU137847/11    ;R3D     ;E96A00HEWM    ;20210825 ;3 (OK) ;      ; 132 ;48   ;                     ;
Radio-S1-1   ;BXP_3  ;RRU2217B20 ; 1 ;  OFF ;  ON ;  OFF ; N/A ;KRC161549/1     ;R1S     ;TU8U017TJB    ;20211122 ;4 (OK) ; 29.8 ; 132 ;55.8 ;CXP9013268%9_R96JB   ; (Radio2217B20)
Radio-S180-1 ;BXP_2  ;RRU4415B7  ; 1 ;  OFF ;  ON ;  OFF ; N/A ;KRC161495/1     ;R5F     ;B070565477    ;20210909 ;4 (OK) ; 28.0 ; 132 ;55.4 ;CXP9013268%15_R101KB ; (Radio4415B7)
Radio-S2-1   ;BXP_4  ;RRU2217B20 ; 1 ;  OFF ;  ON ;  OFF ; N/A ;KRC161549/1     ;R1S     ;TU8U017TFT    ;20211122 ;4 (OK) ; 29.1 ; 132 ;55.8 ;CXP9013268%9_R96JB   ; (Radio2217B20)
-------------------------------------------------------------------------------------------------------------------------------------

=====================================================================================================================================
AntennaNearUnit                                      ;ST  ;TYPE   ;PRODUCTNR     ;REV          ;UNIQUEID          ;RfPort
=====================================================================================================================================
AntennaUnitGroup=1,AntennaNearUnit=Ret_Lte1800_2100  ; 1  ;S-RET  ;86010165      ;HW_V_A01     ;KAD240406099B-Y4  ;FieldReplaceableUnit=Radio-S1-1,RfPort=R
AntennaUnitGroup=1,AntennaNearUnit=Ret_Lte2600       ; 1  ;S-RET  ;86010165      ;HW_V_A01     ;KAD240406099B-Y5  ;FieldReplaceableUnit=Radio-S1-1,RfPort=R
AntennaUnitGroup=1,AntennaNearUnit=Ret_Lte800        ; 1  ;S-RET  ;86010165      ;HW_V_A01     ;KAD240406099B-R2  ;FieldReplaceableUnit=Radio-S1-1,RfPort=R
AntennaUnitGroup=1,AntennaNearUnit=TMA               ; 1  ;TMA    ;78210430V43   ;HW_V_A00/01  ;KAXKL1610175      ;FieldReplaceableUnit=Radio-S1-1,RfPort=A
AntennaUnitGroup=180,AntennaNearUnit=TMA             ; 1  ;TMA    ;KRY112501/12  ;R1A          ;ERT203BU9         ;FieldReplaceableUnit=Radio-S180-1,RfPort=A
AntennaUnitGroup=181,AntennaNearUnit=TMA             ; 1  ;TMA    ;KRY112501/12  ;R1A          ;ERT203BU9         ;FieldReplaceableUnit=Radio-S180-1,RfPort=C
AntennaUnitGroup=2,AntennaNearUnit=Ret_Lte1800_2100  ; 1  ;S-RET  ;86010165      ;HW_V_A01     ;KAD240405881B-Y4  ;FieldReplaceableUnit=Radio-S2-1,RfPort=A
AntennaUnitGroup=2,AntennaNearUnit=Ret_Lte2600       ; 1  ;S-RET  ;86010165      ;HW_V_A01     ;KAD240405881B-Y5  ;FieldReplaceableUnit=Radio-S2-1,RfPort=A
AntennaUnitGroup=2,AntennaNearUnit=Ret_Lte800        ; 1  ;S-RET  ;86010165      ;HW_V_A01     ;KAD240405881B-R2  ;FieldReplaceableUnit=Radio-S2-1,RfPort=A
AntennaUnitGroup=2,AntennaNearUnit=TMA               ; 1  ;TMA    ;78210430V43   ;HW_V_A00/01  ;KAXKL1610191      ;FieldReplaceableUnit=Radio-S2-1,RfPort=A
-------------------------------------------------------------------------------------------------------------------------------------

=====================================================================================================================================
XPBOARD  ;ST ;FAULT ;OPER ;PRODUCTNUMBER ;REV ;SERIAL/NAME ;DATE     ; TEMP ;MO
=====================================================================================================================================
FAN      ; 1 ;N/A   ;N/A  ;BKV106217/1   ;N/A ;N/A         ;N/A      ;      ;SupportUnit=1 (FAN  BB-1)
-------------------------------------------------------------------------------------------------------------------------------------

=====================================================================================================================================
ID ;T ;RiL    ;BPBP ;BOARD1     ;LNH1 ;PORT ;R ;LINK ;RATE  ; BER ;BOARD2     ;LNH2 ;PORT ;R ;LINK ;RATE  ; BER ;LENGTH ;MO1 - MO2
=====================================================================================================================================
 1 ;O ;  S1-1 ;1111 ;BB6620     ;000100 ; 1 ;M ;Up   ;9.8G  ;   0 ;RRU2217B20 ;BXP_3  ; 0 ;S ;Up   ;9.8G  ;   0 ;    6m ;Fru=BB-1(A) Fru=Radio-S1-1(D1)
 2 ;O ;  S2-1 ;1111 ;BB6620     ;000100 ; 2 ;M ;Up   ;9.8G  ;   0 ;RRU2217B20 ;BXP_4  ; 0 ;S ;Up   ;9.8G  ;   0 ;    6m ;Fru=BB-1(B) Fru=Radio-S2-1(D1)
 3 ;O ;S180-1 ;1111 ;BB6620     ;000100 ; 4 ;M ;Up   ;10.1G ;   0 ;RRU4415B7  ;BXP_2  ; 0 ;S ;Up   ;10.1G ;   0 ;    6m ;Fru=BB-1(D) Fru=Radio-S180-1(D1)
-------------------------------------------------------------------------------------------------------------------------------------

=====================================================================================================================================
ID ;LINK ;RiL    ;VENDOR1  ;VENDORPROD1      ;REV1 ;SERIAL1         ;DATE1    ;ERICSSONPROD1  ;VENDOR2  ;VENDORPROD2      ;REV2 ;SERIAL2         ;DATE2    ;ERICSSONPROD2  ;TT ;WL1     ;WL2    
=====================================================================================================================================
 1 ;Up   ;  S1-1 ;ERICSSON ;LCP-10G3B4HDRME4 ;A    ;2138094A2405140 ;20210922 ;RDH10265/2 R1A ;ERICSSON ;LCP-10G3B4HDRME4 ;A    ;2138094A2405152 ;20210922 ;RDH10265/2 R1A ;0  ;1310.00 ;1310.00
 2 ;Up   ;  S2-1 ;ERICSSON ;LCP-10G3B4HDRME4 ;A    ;2138094A2405150 ;20210922 ;RDH10265/2 R1A ;ERICSSON ;LCP-10G3B4HDRME4 ;A    ;2138094A2405143 ;20210922 ;RDH10265/2 R1A ;0  ;1310.00 ;1310.00
 3 ;Up   ;S180-1 ;ERICSSON ;LCP-10G3B4HDRME4 ;A    ;2138094A2405147 ;20210922 ;RDH10265/2 R1A ;ERICSSON ;LCP-10G3B4HDRME4 ;A    ;2138094A2405141 ;20210922 ;RDH10265/2 R1A ;0  ;1310.00 ;1310.00
-------------------------------------------------------------------------------------------------------------------------------------

=====================================================================================================================================
ID ;LINK ;RiL    ;WL1     ;TEMP1 ;TXbs1 ;TXdBm1 ;RXdBm1 ;BER1   ;WL2     ;TEMP2 ;TXbs2 ;TXdBm2 ;RXdBm2 ;BER2   ;DlLoss ;UlLoss ;LENGTH ;TT
=====================================================================================================================================
 1 ;Up   ;  S1-1 ;1310.00 ;32C   ;38%   ;-2.46  ;-3.12  ;   0   ;1310.00 ;28C   ;46%   ;-2.78  ;-5.61  ;   0   ;  3.15 ;  0.34 ;    6m ; 0
 2 ;Up   ;  S2-1 ;1310.00 ;35C   ;38%   ;-2.70  ;-1.46  ;   0   ;1310.00 ;30C   ;55%   ;-2.76  ;-2.98  ;   0   ;  0.28 ;  -1.3 ;    6m ; 0
 3 ;Up   ;S180-1 ;1310.00 ;33C   ;40%   ;-2.51  ;-4.23  ;   0   ;1310.00 ;22C   ;38%   ;-2.77  ;-1.56  ;   0   ; -0.95 ;  1.46 ;    6m ; 0
-------------------------------------------------------------------------------------------------------------------------------------

=====================================================================================================================================
ID ;RiL    ;BOARD      ;SFPLNH  ;PORT ;VENDOR   ;VENDORPROD       ;REV  ;SERIAL          ;DATE     ;ERICSSONPROD   ;WL      ;TEMP  ;TXbs  ;TXdBm  ;RXdBm  ; BER
=====================================================================================================================================
 1 ;  S1-1 ;BB6620     ;000100   ;  1 ;ERICSSON ;LCP-10G3B4HDRME4 ;A    ;2138094A2405140 ;20210922 ;RDH10265/2 R1A ;1310.00 ;32C   ;38%   ;-2.46  ;-3.12  ;   0
 2 ;  S2-1 ;BB6620     ;000100   ;  2 ;ERICSSON ;LCP-10G3B4HDRME4 ;A    ;2138094A2405150 ;20210922 ;RDH10265/2 R1A ;1310.00 ;35C   ;38%   ;-2.70  ;-1.46  ;   0
 3 ;S180-1 ;BB6620     ;000100   ;  4 ;ERICSSON ;LCP-10G3B4HDRME4 ;A    ;2138094A2405147 ;20210922 ;RDH10265/2 R1A ;1310.00 ;33C   ;40%   ;-2.51  ;-4.23  ;   0
 3 ;S180-1 ;RRU4415B7  ;BXP_2    ;  0 ;ERICSSON ;LCP-10G3B4HDRME4 ;A    ;2138094A2405141 ;20210922 ;RDH10265/2 R1A ;1310.00 ;22C   ;38%   ;-2.77  ;-1.56  ;   0
 1 ;  S1-1 ;RRU2217B20 ;BXP_3    ;  0 ;ERICSSON ;LCP-10G3B4HDRME4 ;A    ;2138094A2405152 ;20210922 ;RDH10265/2 R1A ;1310.00 ;28C   ;46%   ;-2.78  ;-5.61  ;   0
 2 ;  S2-1 ;RRU2217B20 ;BXP_4    ;  0 ;ERICSSON ;LCP-10G3B4HDRME4 ;A    ;2138094A2405143 ;20210922 ;RDH10265/2 R1A ;1310.00 ;30C   ;55%   ;-2.76  ;-2.98  ;   0
-------------------------------------------------------------------------------------------------------------------------------------
TN ;       ;BB6620     ;000100   ;  A ;WTD      ;RTXM192-406-C25  ;3.0  ;HC213200813126  ;20210811 ;RDH10247/2 R2A ;0       ;34C   ;19%   ;-5.44  ;-3.17  ; 0/0
-------------------------------------------------------------------------------------------------------------------------------------

=====================================================================================================================================
BOARD  ;LNH    ;PORT   ;T ;S ;OpMode   ;AutoNeg ;MacAddress        ;VlanIds   ;LOS ;BER
=====================================================================================================================================
BB6620 ;000100 ;IDL_A1 ;E ;1 ;10G_FULL ;false   ;58:45:4C:77:4E:5A ;3908      ;0   ;0/0
BB6620 ;000100 ;TN_A   ;O ;1 ;1G_FULL  ;true    ;58:45:4C:77:4E:56 ;3908,3910 ;0   ;0/0
-------------------------------------------------------------------------------------------------------------------------------------

radioClockState : RNT_TIME_LOCKED
-------------------------------------------------------------------------------------
Prio  ;ST  ;syncRefType    ;refStatus  ;opQualLevel  ;SyncReference
-------------------------------------------------------------------------------------
  *1  ; 1  ;PTP_TIME       ;NO_FAULT   ;PRTC         ;Ptp=1,BoundaryOrdinaryClock=PTP (G_8275_1 EthernetPort=TN_A:SLAVE)
   2  ; 1  ;NTP_FREQUENCY  ;NO_FAULT   ;PRC          ;Ntp=1,NtpFrequencySync=NTP1 (10.31.0.54:32751 Router=LTE,InterfaceIPv4=1,AddressIPv4=1)
-------------------------------------------------------------------------------------
-------------------------------------------------------------------------------------
Prio  ;ST  ;assistRefStatus  ;recQualLevel  ;AssistingReference
-------------------------------------------------------------------------------------
   1  ; 1  ;NO_FAULT         ;PRTC          ;Synchronization=1,SyncEthInput=SyncE (SFP_OPTICAL EthernetPort=TN_A)
-------------------------------------------------------------------------------------

=====================================================================================================================================
FRU          ;LNH    ;BOARD      ;RF  ;BP  ;TX (W/dBm)  ;VSWR (RL)   ;RX (dBm) ;UEs/gUEs  ;Sector/AntennaGroup/Cells (State:CellIds:PCIs)
=====================================================================================================================================
Radio-S1-1   ;BXP_3  ;RRU2217B20 ; A  ;11  ;-           ;1.23 (19.9) ;         ;0/-       ;SE=1 AG=1 FDD=RC3CE1 NIOT=RC3CN1 (1:61:109, 1:161:109)
Radio-S1-1   ;BXP_3  ;RRU2217B20 ; B  ;11  ;-           ;1.26 (18.8) ;         ;0/-       ;SE=1 AG=1 FDD=RC3CE1 NIOT=RC3CN1 (1:61:109, 1:161:109)
Radio-S2-1   ;BXP_4  ;RRU2217B20 ; A  ;11  ;-           ;1.15 (23.4) ;         ;1/-       ;SE=2 AG=2 FDD=RC3CE2 NIOT=RC3CN2 (1:62:369, 1:162:369)
Radio-S2-1   ;BXP_4  ;RRU2217B20 ; B  ;11  ;-           ;1.15 (23.2) ;         ;1/-       ;SE=2 AG=2 FDD=RC3CE2 NIOT=RC3CN2 (1:62:369, 1:162:369)
Radio-S180-1 ;BXP_2  ;RRU4415B7  ; A  ;11  ;6.6 (38.2)  ;1.22 (20.0) ;-98.7    ;0/-       ;SE=180 AG=180 FDD=RC3CL1 (1:21:65)
Radio-S180-1 ;BXP_2  ;RRU4415B7  ; B  ;11  ;-           ;1.11 (25.7) ;-99.0    ;0/-       ;SE=180 AG=180 FDD=RC3CL1 (1:21:65)
Radio-S180-1 ;BXP_2  ;RRU4415B7  ; C  ;11  ;8.3 (39.2)  ;1.24 (19.5) ;-100.4   ;1/-       ;SE=181 AG=181 FDD=RC3CL2 (1:22:69)
Radio-S180-1 ;BXP_2  ;RRU4415B7  ; D  ;11  ;-           ;1.22 (20.0) ;-99.8    ;1/-       ;SE=181 AG=181 FDD=RC3CL2 (1:22:69)
-------------------------------------------------------------------------------------------------------------------------------------

RC3CE> mfar

251125-17:37:02+0100 19.31.14.235 25.0h MSRBS_NODE_MODEL_25.Q1_198665.224.73_bf81 stopfile=/tmp/3319511
.....
Last MO: 16950. Loaded 16950 MOs. Total: 16951 MOs.
............................................
get /rop/A20251125.1500-1515_RC3CE.xml.gz /ericsson/log/amos/moshell_logfiles/t20251125_37258710_65084/logs_moshell/pmfiles/19.31.14.235/rop/A20251125.1500-1515_RC3CE.xml.gz ... OK
get /rop/A20251125.1515-1530_RC3CE.xml.gz /ericsson/log/amos/moshell_logfiles/t20251125_37258710_65084/logs_moshell/pmfiles/19.31.14.235/rop/A20251125.1515-1530_RC3CE.xml.gz ... OK
get /rop/A20251125.1530-1545_RC3CE.xml.gz /ericsson/log/amos/moshell_logfiles/t20251125_37258710_65084/logs_moshell/pmfiles/19.31.14.235/rop/A20251125.1530-1545_RC3CE.xml.gz ... OK

Using hardcoded thresholds: 3, 4.5, and 16.5
================================================================================================================================
SC     SE  Tx/Rx BrPair  RfPort1 - RfPort2               HW       Serial      Cell (State)   Samples   Med  Mean  SDev Pol Res Issue
================================================================================================================================
RC3CE1   1   2/2 0 (1,2) Radio-S1-1(A) Radio-S1-1(B)     RRU2217  TU8U017TJB  FDD=RC3CE1 (1)    3339   2.5   2.5   7.5  NA  OK Passed
RC3CE2   2   2/2 0 (1,2) Radio-S2-1(A) Radio-S2-1(B)     RRU2217  TU8U017TFT  FDD=RC3CE2 (1)   30505   0.5  -0.1   5.4  NA  OK Passed
RC3CL1 180   2/2 0 (1,2) Radio-S180-1(A) Radio-S180-1(B) RRU4415  B070565477  FDD=RC3CL1 (1)   30509   6.5   5.4   9.4  NA NOK RF Loss or PIM at Radio-S180-1(A)
RC3CL2 181   2/2 0 (1,2) Radio-S180-1(C) Radio-S180-1(D) RRU4415  B070565477  FDD=RC3CL2 (1)   14533  -1.5  -0.9   7.1  NA  OK Passed
================================================================================================================================
Total: 4 SectorCarriers, 4 RfBranch Pairs (3 OK, 0 OKW, 1 NOK, 0 NT)
.....
Last MO: 16950. Loaded 16950 MOs. Total: 16951 MOs.

No NRSectorCarrier MOs are defined on the node.

RC3CE> mfitr

251125-17:37:18+0100 19.31.14.235 25.0h MSRBS_NODE_MODEL_25.Q1_198665.224.73_bf81 stopfile=/tmp/3319511
........
Last MO: 16950. Loaded 16950 MOs. Total: 16951 MOs.
.......
2025-11-25 17:37
================================================================================================================================
CELL       SC     FRU          BOARD      PUSCH  PUCCH       A      B      C      D  DELTA
================================================================================================================================
FDD=RC3CE1 RC3CE1 Radio-S1-1   RRU2217B20 -113.4 -113.7 -111.9 -112.1                  0.2
FDD=RC3CE2 RC3CE2 Radio-S2-1   RRU2217B20 -110.3 -112.4 -112.3 -111.6                  0.7
FDD=RC3CL1 RC3CL1 Radio-S180-1 RRU4415B7  -115.9 -119.7 -115.5 -116.8                  1.3
FDD=RC3CL2 RC3CL2 Radio-S180-1 RRU4415B7  -118.1 -119.6               -118.5 -118.0    0.5
================================================================================================================================
Bye...
Output has been logged to file /mta_fs/UserFiles/37258710/amosbatch/SDIR/RC3CE.log
