Logging to file /mta_fs/UserFiles/37258710/amosbatch/SDIR/RC55E.log
                        __  __  ____   _____
                  /\   |  \/  |/ __ \ / ____|
                 /  \  | \  / | |  | | (___  
                / /\ \ | |\/| | |  | |\___ \ 
               / ____ \| |  | | |__| |____) |
              /_/    \_\_|  |_|\____/|_____/
              OSS Framework for MoShell-25.0h 
  Copyright (c) Ericsson AB 2001-2025 - All Rights Reserved
              
           
[1;31mWARNING: [0mthe AMOS version currently running is more than 29 weeks old and is unsupported.
Please upgrade as soon as possible to the latest released version, available from your local Ericsson support.

$amosrb_pid = 1633371

Checking ip contact...OK

HELP MENU            : h
BASIC MO COMMANDS    : m
OTHER MO COMMANDS    : n
OTHER COMMANDS       : o
PM COMMANDS          : p
QUIT                 : q

RC55E> lt all

251125-09:03:25+0100 19.31.12.101 25.0h  stopfile=/tmp/1633092
Looking up temporary_amos account... OK.
Trying temporary_amos_t20251125_37258710_65084_131's password from amos lookupAccount ... OK

$ssh_pid = 1633754

Connected to 19.31.12.101 (SubNetwork=BBMM_rckomc_R,MeContext=RC55E,ManagedElement=RC55E)

Checking MOM version...MSRBS_NODE_MODEL_25.Q1_198665.224.73_bf81
Parsing MOM (cached): /ericsson/log/amos/moshell_logfiles/t20251125_37258710_65084/logs_moshell/tempfiles/scp-4-amos_20251125-090318_1633032/MSRBS_NODE_MODEL_25.Q1_198665.224.73_bf81.xml.cache.gz ......................................................................................................................................................................................................................Done.
Using paramfile /opt/ericsson/amos/moshell/commonjars/pm/PARAM_MSRBSG2_25.Q1.txt
Parsing file /opt/ericsson/amos/moshell/commonjars/pm/PARAM_MSRBSG2_25.Q1.txt ......................................................................................Done.
Using imomdfile /opt/ericsson/amos/moshell/commonjars/pm/IMOMD_MSRBS_22.Q4.txt
Using imomfile /opt/ericsson/amos/moshell/commonjars/pm/IMOM_MSRBS_25.Q1.txt
Connected to 19.31.12.101 (SubNetwork=BBMM_rckomc_R,MeContext=RC55E,ManagedElement=RC55E)

Last MO: 18304. Loaded 18304 MOs. Total: 18305 MOs.

RC55E> st cell

251125-09:03:45+0100 19.31.12.101 25.0h MSRBS_NODE_MODEL_25.Q1_198665.224.73_bf81 stopfile=/tmp/1633092
===================================================================================
Proxy  Adm State     Op. State     MO
===================================================================================
   43  1 (UNLOCKED)  1 (ENABLED)   ENodeBFunction=1,EUtranCellFDD=RC55E1
  154  1 (UNLOCKED)  1 (ENABLED)   ENodeBFunction=1,EUtranCellFDD=RC55E2
  345  1 (UNLOCKED)  1 (ENABLED)   ENodeBFunction=1,EUtranCellFDD=RC55E3
  542  1 (UNLOCKED)  1 (ENABLED)   ENodeBFunction=1,EUtranCellFDD=RC55L1
  641  1 (UNLOCKED)  1 (ENABLED)   ENodeBFunction=1,EUtranCellFDD=RC55L2
  759  1 (UNLOCKED)  1 (ENABLED)   ENodeBFunction=1,EUtranCellFDD=RC55L3
 1820  1 (UNLOCKED)  1 (ENABLED)   ENodeBFunction=1,NbIotCell=RC55N1
 1821  1 (UNLOCKED)  1 (ENABLED)   ENodeBFunction=1,NbIotCell=RC55N2
 1822  1 (UNLOCKED)  1 (ENABLED)   ENodeBFunction=1,NbIotCell=RC55N3
===================================================================================
Total: 9 MOs

RC55E> st radio

251125-09:03:45+0100 19.31.12.101 25.0h MSRBS_NODE_MODEL_25.Q1_198665.224.73_bf81 stopfile=/tmp/1633092
===================================================================================
Proxy  Adm State     Op. State     MO
===================================================================================
 2588  1 (UNLOCKED)  1 (ENABLED)   Equipment=1,FieldReplaceableUnit=Radio-S1-1
 2600  1 (UNLOCKED)  1 (ENABLED)   Equipment=1,FieldReplaceableUnit=Radio-S180-1
 2615  1 (UNLOCKED)  1 (ENABLED)   Equipment=1,FieldReplaceableUnit=Radio-S182-1
 2630  1 (UNLOCKED)  1 (ENABLED)   Equipment=1,FieldReplaceableUnit=Radio-S2-1
 2642  1 (UNLOCKED)  1 (ENABLED)   Equipment=1,FieldReplaceableUnit=Radio-S3-1
18299  1 (UNLOCKED)  1 (ENABLED)   Transport=1,Synchronization=1,RadioEquipmentClock=1,RadioEquipmentClockReference=PTP8275_2
18300  1 (UNLOCKED)  1 (ENABLED)   Transport=1,Synchronization=1,RadioEquipmentClock=1,RadioEquipmentClockReference=SyncE
===================================================================================
Total: 7 MOs

RC55E> sdir

251125-09:03:46+0100 19.31.12.101 25.0h MSRBS_NODE_MODEL_25.Q1_198665.224.73_bf81 stopfile=/tmp/1633092
INFO: Using amos lookupAccount credentials for the export login
..............................
get /rop/A20251125.0715-0730_RC55E.xml.gz /ericsson/log/amos/moshell_logfiles/t20251125_37258710_65084/logs_moshell/pmfiles/19.31.12.101/rop/A20251125.0715-0730_RC55E.xml.gz ... OK
get /rop/A20251125.0730-0745_RC55E.xml.gz /ericsson/log/amos/moshell_logfiles/t20251125_37258710_65084/logs_moshell/pmfiles/19.31.12.101/rop/A20251125.0730-0745_RC55E.xml.gz ... OK
get /rop/A20251125.0745-0800_RC55E.xml.gz /ericsson/log/amos/moshell_logfiles/t20251125_37258710_65084/logs_moshell/pmfiles/19.31.12.101/rop/A20251125.0745-0800_RC55E.xml.gz ... OK
....Checking available boards on node...

Collecting RCS board data ...
..................................................................................
..........................
.......................................................................................................................................................................................................................................................................
.....
Collecting TN data...
.........................................................................................................................
Getting MO data from node (61 MOs). Please wait...
0%                                             ~50%                                           ~100%
................................................................................................................................
Collecting RF data...
..
Collecting Alarms...
..Executing action Log.export()
...
Log=AlarmLog                    actionId=29608
.....
Executing action LogM.exportAvailabilityLog()
..LogM=1,exportAvailabilityLog    actionId=29609
.....Parsing alarmLog.....Done.
Parsing availabilityLog....Done.
...

Total: 5 CPRI links (5 OK, 0 OKW, 0 NOK, 0 NT)
.
+--------+                      +------------+
|        | A        O98      D1 | Radio-S1-1 |
|        |-----------1----------| RRU2217B20 |
|        |         OK-11m       |   BXP_4    |
|        |                      +------------+
|        |                             |A  |B
|        |               SE=1 AG=1 FDD=RC55E1
|        |                        NIOT=RC55N1
|        |
|        |                      +------------+
|        | B        O98      D1 | Radio-S2-1 |
|        |-----------2----------| RRU2217B20 |
|        |         OK-11m       |   BXP_5    |
|        |                      +------------+
|        |                             |A  |B
|        |               SE=2 AG=2 FDD=RC55E2
|        |                        NIOT=RC55N2
|        |
|        |                      +------------+
|        | C        O98      D1 | Radio-S3-1 |
|        |-----------3----------| RRU2217B20 |
|        |         OK-11m       |   BXP_6    |
|        |                      +------------+
|        |                             |A  |B
|  BB-1  |               SE=3 AG=3 FDD=RC55E3
| BB6630 |                        NIOT=RC55N3
| 000100 |
|        |                      +---------------+
|        | D        O101     D1 | Radio-S180-1  |
|        |-----------4----------|   RRU4415B7   |
|        |         OK-11m       |     BXP_2     |
|        |                      +---------------+
|        |                        |A  |B  |C  |D
|        |                 SE=180 AG=180  |   |
|        |                    FDD=RC55L1  |   |
|        |                         SE=181 AG=181
|        |                            FDD=RC55L2
|        |
|        |                      +---------------+
|        | E        O101     D1 | Radio-S182-1  |
|        |-----------5----------|  RRU4415B7*   |
|        |         OK-12m       |     BXP_3     |
|        |                      +---------------+
|        |                        |A  |B  |C  |D
|        |                SE=182* AG=182  |   |
|        |                    FDD=RC55L3  |   |
|        |
+--------+

=====================================================================================================================================
ID RiL    Type Res MO1-MO2                  BOARD1-BOARD2     AlmIDs Cells (States)               Issue (Failed checks)
=====================================================================================================================================
 1 S1-1   O98  OK  BB-1(A) Radio-S1-1(D1)   BB6630 RRU2217B20        FDD=RC55E1 NIOT=RC55N1 (1,1) Passed
 2 S2-1   O98  OK  BB-1(B) Radio-S2-1(D1)   BB6630 RRU2217B20        FDD=RC55E2 NIOT=RC55N2 (1,1) Passed
 3 S3-1   O98  OK  BB-1(C) Radio-S3-1(D1)   BB6630 RRU2217B20        FDD=RC55E3 NIOT=RC55N3 (1,1) Passed
 4 S180-1 O101 OK  BB-1(D) Radio-S180-1(D1) BB6630 RRU4415B7         FDD=RC55L1 FDD=RC55L2 (1,1)  Passed
 5 S182-1 O101 OK  BB-1(E) Radio-S182-1(D1) BB6630 RRU4415B7*        FDD=RC55L3 (1)               Passed
-------------------------------------------------------------------------------------------------------------------------------------

Node: RadioNode L   CXP9024418/16_R8D21 (RCG123.3-3)   G2   LTE-FDD,LTE-IoT 

=====================================================================================================================================
FRU          ;LNH    ;BOARD      ;ST ;FAULT ;OPER ;MAINT ;STAT ;PRODUCTNUMBER   ;REV     ;SERIAL        ;DATE     ;PMTEMP ; TEMP ; UPT ;VOLT ;SW                   ;
=====================================================================================================================================
BB-1         ;000100 ;BB6630     ; 1 ;  OFF ;  ON ;  OFF ;  ON ;KDU137848/11    ;R3E     ;E96A00NERR    ;20220215 ;3 (OK) ;      ; 132 ;48   ;                     ;
Radio-S1-1   ;BXP_4  ;RRU2217B20 ; 1 ;  OFF ;  ON ;  OFF ; N/A ;KRC161549/1     ;R1S     ;TU8U01D80K    ;20220215 ;4 (OK) ; 39.5 ; 132 ;54.5 ;CXP9013268%9_R96JB   ; (Radio2217B20)
Radio-S180-1 ;BXP_2  ;RRU4415B7  ; 1 ;  OFF ;  ON ;  OFF ; N/A ;KRC161495/1     ;R5FE    ;DH80209604    ;20240204 ;4 (OK) ; 34.5 ; 132 ;53.8 ;CXP9013268%15_R101KB ; (Radio4415B7)
Radio-S182-1 ;BXP_3  ;RRU4415B7* ; 1 ;  OFF ;  ON ;  OFF ; N/A ;KRC161495/1     ;R5J     ;E55K584768    ;20230311 ;4 (OK) ; 38.0 ; 132 ;53.7 ;CXP9013268%15_R101KB ; (Radio4415B7)
Radio-S2-1   ;BXP_5  ;RRU2217B20 ; 1 ;  OFF ;  ON ;  OFF ; N/A ;KRC161549/1     ;R1L     ;E23A067057    ;20190326 ;4 (OK) ; 35.3 ; 132 ;54.9 ;CXP9013268%9_R96JB   ; (Radio2217B20)
Radio-S3-1   ;BXP_6  ;RRU2217B20 ; 1 ;  OFF ;  ON ;  OFF ; N/A ;KRC161549/1     ;R1S     ;TU8U01D80B    ;20220215 ;4 (OK) ; 41.2 ; 132 ;54.4 ;CXP9013268%9_R96JB   ; (Radio2217B20)
-------------------------------------------------------------------------------------------------------------------------------------

=====================================================================================================================================
AntennaNearUnit                              ;ST  ;TYPE   ;PRODUCTNR  ;REV             ;UNIQUEID             ;RfPort
=====================================================================================================================================
AntennaUnitGroup=2,AntennaNearUnit=RET_1800  ; 1  ;S-RET  ;RETINSIDE  ;RF11CIPT_VER.D  ;HWM1359GB019L9987yL  ;FieldReplaceableUnit=Radio-S2-1,RfPort=R
AntennaUnitGroup=2,AntennaNearUnit=RET_2600  ; 1  ;S-RET  ;RETINSIDE  ;RF11CIPT_VER.D  ;HWM1359GB019M935yyR  ;FieldReplaceableUnit=Radio-S2-1,RfPort=R
AntennaUnitGroup=2,AntennaNearUnit=RET_800   ; 1  ;S-RET  ;RETINSIDE  ;RF11CIPT_VER.D  ;HWM1359GB019K58730r  ;FieldReplaceableUnit=Radio-S2-1,RfPort=R
AntennaUnitGroup=3,AntennaNearUnit=RET_1800  ; 1  ;S-RET  ;RETINSIDE  ;RF11CIPT_VER.D  ;HWM1359GB01925574yL  ;FieldReplaceableUnit=Radio-S3-1,RfPort=R
AntennaUnitGroup=3,AntennaNearUnit=RET_2600  ; 1  ;S-RET  ;RETINSIDE  ;RF11CIPT_VER.D  ;HWM1359GB0193865yyR  ;FieldReplaceableUnit=Radio-S3-1,RfPort=R
AntennaUnitGroup=3,AntennaNearUnit=RET_800   ; 1  ;S-RET  ;RETINSIDE  ;RF11CIPT_VER.D  ;HWM1359GB019163540r  ;FieldReplaceableUnit=Radio-S3-1,RfPort=R
-------------------------------------------------------------------------------------------------------------------------------------

=====================================================================================================================================
XPBOARD  ;ST ;FAULT ;OPER ;PRODUCTNUMBER ;REV ;SERIAL/NAME ;DATE     ; TEMP ;MO
=====================================================================================================================================
FAN      ; 1 ;N/A   ;N/A  ;BKV106217/1   ;N/A ;N/A         ;N/A      ;      ;SupportUnit=1 (FAN  BB-1)
-------------------------------------------------------------------------------------------------------------------------------------

=====================================================================================================================================
ID ;T ;RiL    ;BPBP ;BOARD1     ;LNH1 ;PORT ;R ;LINK ;RATE  ; BER ;BOARD2     ;LNH2 ;PORT ;R ;LINK ;RATE  ; BER ;LENGTH ;MO1 - MO2
=====================================================================================================================================
 1 ;O ;  S1-1 ;1111 ;BB6630     ;000100 ; 1 ;M ;Up   ;9.8G  ;   0 ;RRU2217B20 ;BXP_4  ; 0 ;S ;Up   ;9.8G  ;   0 ;   11m ;Fru=BB-1(A) Fru=Radio-S1-1(D1)
 2 ;O ;  S2-1 ;1111 ;BB6630     ;000100 ; 2 ;M ;Up   ;9.8G  ;   0 ;RRU2217B20 ;BXP_5  ; 0 ;S ;Up   ;9.8G  ;   0 ;   11m ;Fru=BB-1(B) Fru=Radio-S2-1(D1)
 3 ;O ;  S3-1 ;1111 ;BB6630     ;000100 ; 3 ;M ;Up   ;9.8G  ;   0 ;RRU2217B20 ;BXP_6  ; 0 ;S ;Up   ;9.8G  ;   0 ;   11m ;Fru=BB-1(C) Fru=Radio-S3-1(D1)
 4 ;O ;S180-1 ;1111 ;BB6630     ;000100 ; 4 ;M ;Up   ;10.1G ;   0 ;RRU4415B7  ;BXP_2  ; 0 ;S ;Up   ;10.1G ;   0 ;   11m ;Fru=BB-1(D) Fru=Radio-S180-1(D1)
 5 ;O ;S182-1 ;1111 ;BB6630     ;000100 ; 5 ;M ;Up   ;10.1G ;   0 ;RRU4415B7* ;BXP_3  ; 0 ;S ;Up   ;10.1G ;   0 ;   12m ;Fru=BB-1(E) Fru=Radio-S182-1(D1)
-------------------------------------------------------------------------------------------------------------------------------------

=====================================================================================================================================
ID ;LINK ;RiL    ;VENDOR1  ;VENDORPROD1      ;REV1 ;SERIAL1         ;DATE1    ;ERICSSONPROD1  ;VENDOR2  ;VENDORPROD2      ;REV2 ;SERIAL2         ;DATE2    ;ERICSSONPROD2  ;TT ;WL1     ;WL2    
=====================================================================================================================================
 1 ;Up   ;  S1-1 ;ERICSSON ;SPP10ELRIDFREN   ;10   ;M3B2005454      ;20220210 ;RDH10265/2 R1A ;ERICSSON ;EOLP-1396-02-IY  ;1.0  ;DZ8Q400DQC      ;20240415 ;RDH10265/2 R1A ;0  ;1310.00 ;1310.00
 2 ;Up   ;  S2-1 ;ERICSSON ;SPP10ELRIDFREN   ;10   ;M4M2011547      ;20220321 ;RDH10265/2 R1A ;ERICSSON ;LCP-10G3B4HDRME4 ;A    ;2208094A2451280 ;20220222 ;RDH10265/2 R1A ;0  ;1310.00 ;1310.00
 3 ;Up   ;  S3-1 ;ERICSSON ;SPP10ELRIDFREN   ;10   ;M592002156      ;20220408 ;RDH10265/2 R1A ;ERICSSON ;LCP-10G3B4HDRME4 ;A    ;2208094A2451208 ;20220222 ;RDH10265/2 R1A ;0  ;1310.00 ;1310.00
 4 ;Up   ;S180-1 ;ERICSSON ;SPP10ELRIDFREN   ;10   ;M4M2011029      ;20220321 ;RDH10265/2 R1A ;ERICSSON ;RTXM228-702-C22  ;1.0  ;HN230700052546  ;20230217 ;RDH10265/2 R1A ;0  ;1310.00 ;1310.00
 5 ;Up   ;S182-1 ;ERICSSON ;RTXM228-702-C22  ;1.0  ;CU823K09SN      ;20231012 ;RDH10265/2 R1A ;ERICSSON ;LCP-10G3B4HDRME4 ;A    ;2208094A2451273 ;20220222 ;RDH10265/2 R1A ;0  ;1310.00 ;1310.00
-------------------------------------------------------------------------------------------------------------------------------------

=====================================================================================================================================
ID ;LINK ;RiL    ;WL1     ;TEMP1 ;TXbs1 ;TXdBm1 ;RXdBm1 ;BER1   ;WL2     ;TEMP2 ;TXbs2 ;TXdBm2 ;RXdBm2 ;BER2   ;DlLoss ;UlLoss ;LENGTH ;TT
=====================================================================================================================================
 1 ;Up   ;  S1-1 ;1310.00 ;43C   ;45%   ;-1.90  ;-2.78  ;   0   ;1310.00 ;41C   ;40%   ;-2.79  ;-2.53  ;   0   ;  0.63 ; -0.01 ;   11m ; 0
 2 ;Up   ;  S2-1 ;1310.00 ;43C   ;45%   ;-2.13  ;-3.43  ;   0   ;1310.00 ;30C   ;38%   ;-3.22  ;-0.90  ;   0   ; -1.23 ;  0.21 ;   11m ; 0
 3 ;Up   ;  S3-1 ;1310.00 ;44C   ;41%   ;-1.06  ;-3.74  ;   0   ;1310.00 ;33C   ;38%   ;-3.28  ;-2.53  ;   0   ;  1.47 ;  0.46 ;   11m ; 0
 4 ;Up   ;S180-1 ;1310.00 ;45C   ;44%   ;-3.10  ;-2.31  ;   0   ;1310.00 ;36C   ;55%   ;-1.50  ;-2.27  ;   0   ; -0.83 ;  0.81 ;   11m ; 0
 5 ;Up   ;S182-1 ;1310.00 ;44C   ;55%   ;-0.38  ;-3.66  ;   0   ;1310.00 ;28C   ;38%   ;-3.33  ;-1.30  ;   0   ;  0.92 ;  0.33 ;   12m ; 0
-------------------------------------------------------------------------------------------------------------------------------------

=====================================================================================================================================
ID ;RiL    ;BOARD      ;SFPLNH  ;PORT ;VENDOR   ;VENDORPROD       ;REV  ;SERIAL          ;DATE     ;ERICSSONPROD   ;WL      ;TEMP  ;TXbs  ;TXdBm  ;RXdBm  ; BER
=====================================================================================================================================
 1 ;  S1-1 ;BB6630     ;000100   ;  1 ;ERICSSON ;SPP10ELRIDFREN   ;10   ;M3B2005454      ;20220210 ;RDH10265/2 R1A ;1310.00 ;43C   ;45%   ;-1.90  ;-2.78  ;   0
 2 ;  S2-1 ;BB6630     ;000100   ;  2 ;ERICSSON ;SPP10ELRIDFREN   ;10   ;M4M2011547      ;20220321 ;RDH10265/2 R1A ;1310.00 ;43C   ;45%   ;-2.13  ;-3.43  ;   0
 3 ;  S3-1 ;BB6630     ;000100   ;  3 ;ERICSSON ;SPP10ELRIDFREN   ;10   ;M592002156      ;20220408 ;RDH10265/2 R1A ;1310.00 ;44C   ;41%   ;-1.06  ;-3.74  ;   0
 4 ;S180-1 ;BB6630     ;000100   ;  4 ;ERICSSON ;SPP10ELRIDFREN   ;10   ;M4M2011029      ;20220321 ;RDH10265/2 R1A ;1310.00 ;45C   ;44%   ;-3.10  ;-2.31  ;   0
 5 ;S182-1 ;BB6630     ;000100   ;  5 ;ERICSSON ;RTXM228-702-C22  ;1.0  ;CU823K09SN      ;20231012 ;RDH10265/2 R1A ;1310.00 ;44C   ;55%   ;-0.38  ;-3.66  ;   0
 4 ;S180-1 ;RRU4415B7  ;BXP_2    ;  0 ;ERICSSON ;RTXM228-702-C22  ;1.0  ;HN230700052546  ;20230217 ;RDH10265/2 R1A ;1310.00 ;36C   ;55%   ;-1.50  ;-2.27  ;   0
 5 ;S182-1 ;RRU4415B7* ;BXP_3    ;  0 ;ERICSSON ;LCP-10G3B4HDRME4 ;A    ;2208094A2451273 ;20220222 ;RDH10265/2 R1A ;1310.00 ;28C   ;38%   ;-3.33  ;-1.30  ;   0
 1 ;  S1-1 ;RRU2217B20 ;BXP_4    ;  0 ;ERICSSON ;EOLP-1396-02-IY  ;1.0  ;DZ8Q400DQC      ;20240415 ;RDH10265/2 R1A ;1310.00 ;41C   ;40%   ;-2.79  ;-2.53  ;   0
 2 ;  S2-1 ;RRU2217B20 ;BXP_5    ;  0 ;ERICSSON ;LCP-10G3B4HDRME4 ;A    ;2208094A2451280 ;20220222 ;RDH10265/2 R1A ;1310.00 ;30C   ;38%   ;-3.22  ;-0.90  ;   0
 3 ;  S3-1 ;RRU2217B20 ;BXP_6    ;  0 ;ERICSSON ;LCP-10G3B4HDRME4 ;A    ;2208094A2451208 ;20220222 ;RDH10265/2 R1A ;1310.00 ;33C   ;38%   ;-3.28  ;-2.53  ;   0
-------------------------------------------------------------------------------------------------------------------------------------
TN ;       ;BB6630     ;000100   ;  A ;ERICSSON ;SPP10ELRIDFREN   ;10   ;M5D2007078      ;20220412 ;RDH10265/2 R1A ;0       ;39C   ;43%   ;-1.78  ;-4.11  ;NZ/0
-------------------------------------------------------------------------------------------------------------------------------------

=====================================================================================================================================
BOARD  ;LNH    ;PORT   ;T ;S ;OpMode   ;AutoNeg ;MacAddress        ;VlanIds   ;LOS ;BER
=====================================================================================================================================
BB6630 ;000100 ;IDL_A1 ;E ;1 ;10G_FULL ;false   ;7C:72:6E:73:2D:58 ;3908      ;0   ;0/0
BB6630 ;000100 ;TN_A   ;O ;1 ;10G_FULL ;false   ;7C:72:6E:73:2D:54 ;3908,3910 ;0   ;NZ/0
-------------------------------------------------------------------------------------------------------------------------------------

Last MO: 18302. Loaded 18302 MOs. Total: 18303 MOs.
radioClockState : RNT_TIME_LOCKED
-------------------------------------------------------------------------------------
Prio  ;ST  ;syncRefType  ;refStatus  ;opQualLevel  ;SyncReference
-------------------------------------------------------------------------------------
   1  ; 1  ;PTP_TIME     ;NO_FAULT   ;PRTC         ;Ptp=1,BoundaryOrdinaryClock=1 (G_8275_2 Router=45G_Traffic,InterfaceIPv4=LTE,AddressIPv4=LTE:SLAVE)
   2  ; 1  ;SYNC_E       ;NO_FAULT   ;PRTC         ;Synchronization=1,SyncEthInput=SyncE (SFP_OPTICAL EthernetPort=TN_A)
-------------------------------------------------------------------------------------
nodeGroupRole   : SYNC_RECEIVER (syncNodePriority=3, selectionMode=NODE_PRIORITY)
-------------------------------------------------------------------------------------
DU  ;Port  ;sharedUnitRef (RiPortA - RiPortB)  ;remoteNodePriority  ;CandidateStatus
-------------------------------------------------------------------------------------
1   ;E     ;Fru=Radio-S182-1 (1 - 2)           ;1                   ;OK_ACTIVE
-------------------------------------------------------------------------------------

=====================================================================================================================================
FRU          ;LNH    ;BOARD      ;RF  ;BP  ;TX (W/dBm)  ;VSWR (RL)   ;RX (dBm) ;UEs/gUEs  ;Sector/AntennaGroup/Cells (State:CellIds:PCIs)
=====================================================================================================================================
Radio-S1-1   ;BXP_4  ;RRU2217B20 ; A  ;11  ;-           ;1.22 (20.1) ;         ;1/-       ;SE=1 AG=1 FDD=RC55E1 NIOT=RC55N1 (1:61:268, 1:161:268)
Radio-S1-1   ;BXP_4  ;RRU2217B20 ; B  ;11  ;-           ;1.18 (21.8) ;         ;1/-       ;SE=1 AG=1 FDD=RC55E1 NIOT=RC55N1 (1:61:268, 1:161:268)
Radio-S2-1   ;BXP_5  ;RRU2217B20 ; A  ;11  ;-           ;1.20 (21.0) ;         ;0/-       ;SE=2 AG=2 FDD=RC55E2 NIOT=RC55N2 (1:62:267, 1:162:267)
Radio-S2-1   ;BXP_5  ;RRU2217B20 ; B  ;11  ;-           ;1.26 (18.8) ;         ;0/-       ;SE=2 AG=2 FDD=RC55E2 NIOT=RC55N2 (1:62:267, 1:162:267)
Radio-S3-1   ;BXP_6  ;RRU2217B20 ; A  ;11  ;-           ;1.19 (21.3) ;         ;1/-       ;SE=3 AG=3 FDD=RC55E3 NIOT=RC55N3 (1:63:102, 1:163:102)
Radio-S3-1   ;BXP_6  ;RRU2217B20 ; B  ;11  ;-           ;1.32 (17.3) ;         ;1/-       ;SE=3 AG=3 FDD=RC55E3 NIOT=RC55N3 (1:63:102, 1:163:102)
Radio-S180-1 ;BXP_2  ;RRU4415B7  ; A  ;11  ;20.4 (43.1) ;1.30 (17.8) ;-97.7    ;1/-       ;SE=180 AG=180 FDD=RC55L1 (1:21:489)
Radio-S180-1 ;BXP_2  ;RRU4415B7  ; B  ;11  ;-           ;1.10 (26.5) ;-98.2    ;1/-       ;SE=180 AG=180 FDD=RC55L1 (1:21:489)
Radio-S180-1 ;BXP_2  ;RRU4415B7  ; C  ;11  ;22.4 (43.5) ;1.17 (22.0) ;-93.3    ;11/-      ;SE=181 AG=181 FDD=RC55L2 (1:22:474)
Radio-S180-1 ;BXP_2  ;RRU4415B7  ; D  ;11  ;22.4 (43.5) ;1.12 (24.7) ;-94.9    ;11/-      ;SE=181 AG=181 FDD=RC55L2 (1:22:474)
Radio-S182-1 ;BXP_3  ;RRU4415B7* ; A  ;11  ;26.9 (44.3) ;1.02 (38.7) ;-91.6    ;35/-      ;SE=182* AG=182 FDD=RC55L3 (1:23:490)
Radio-S182-1 ;BXP_3  ;RRU4415B7* ; B  ;11  ;23.4 (43.7) ;1.07 (29.2) ;-90.0    ;35/-      ;SE=182* AG=182 FDD=RC55L3 (1:23:490)
Radio-S182-1 ;BXP_3  ;RRU4415B7* ; C  ;11  ;-           ;-           ;         ;          ;
Radio-S182-1 ;BXP_3  ;RRU4415B7* ; D  ;11  ;-           ;-           ;         ;          ;
-------------------------------------------------------------------------------------------------------------------------------------

RC55E> mfar

251125-09:06:20+0100 19.31.12.101 25.0h MSRBS_NODE_MODEL_25.Q1_198665.224.73_bf81 stopfile=/tmp/1633092
......
Last MO: 18315. Loaded 18315 MOs. Total: 18316 MOs.
...............................................
get /rop/A20251125.0630-0645_RC55E.xml.gz /ericsson/log/amos/moshell_logfiles/t20251125_37258710_65084/logs_moshell/pmfiles/19.31.12.101/rop/A20251125.0630-0645_RC55E.xml.gz ... OK
get /rop/A20251125.0645-0700_RC55E.xml.gz /ericsson/log/amos/moshell_logfiles/t20251125_37258710_65084/logs_moshell/pmfiles/19.31.12.101/rop/A20251125.0645-0700_RC55E.xml.gz ... OK
get /rop/A20251125.0700-0715_RC55E.xml.gz /ericsson/log/amos/moshell_logfiles/t20251125_37258710_65084/logs_moshell/pmfiles/19.31.12.101/rop/A20251125.0700-0715_RC55E.xml.gz ... OK

Using hardcoded thresholds: 3, 4.5, and 16.5
================================================================================================================================
SC     SE  Tx/Rx BrPair  RfPort1 - RfPort2               HW       Serial      Cell (State)   Samples   Med  Mean  SDev Pol Res Issue
================================================================================================================================
RC55E1   1   2/2 0 (1,2) Radio-S1-1(A) Radio-S1-1(B)     RRU2217  TU8U01D80K  FDD=RC55E1 (1)   29228   6.5   4.6   7.5  NA NOK RF Loss or PIM at Radio-S1-1(A)
RC55E2   2   2/2 0 (1,2) Radio-S2-1(A) Radio-S2-1(B)     RRU2217  E23A067057  FDD=RC55E2 (1)   16165  -0.5   0.1   7.4  NA  OK Passed
RC55E3   3   2/2 0 (1,2) Radio-S3-1(A) Radio-S3-1(B)     RRU2217  TU8U01D80B  FDD=RC55E3 (1)   23071  -0.5  -0.1   7.1  NA  OK Passed
RC55L1 180   2/2 0 (1,2) Radio-S180-1(A) Radio-S180-1(B) RRU4415  DH80209604  FDD=RC55L1 (1)   53570  -1.5  -1.3   5.6  NA  OK Passed
RC55L2 181   2/2 0 (1,2) Radio-S180-1(C) Radio-S180-1(D) RRU4415  DH80209604  FDD=RC55L2 (1)  127924  -0.5  -0.5   7.5  NA  OK Passed
RC55L3 182   2/2 0 (1,2) Radio-S182-1(A) Radio-S182-1(B) RRU4415  E55K584768  FDD=RC55L3 (1)  245378   0.5   0.1   7.0  NA  OK Passed
================================================================================================================================
Total: 6 SectorCarriers, 6 RfBranch Pairs (5 OK, 0 OKW, 1 NOK, 0 NT)
.......
Last MO: 18315. Loaded 18315 MOs. Total: 18316 MOs.

No NRSectorCarrier MOs are defined on the node.

RC55E> mfitr

251125-09:06:38+0100 19.31.12.101 25.0h MSRBS_NODE_MODEL_25.Q1_198665.224.73_bf81 stopfile=/tmp/1633092
...........
Last MO: 18315. Loaded 18315 MOs. Total: 18316 MOs.
........
2025-11-25 09:07
================================================================================================================================
CELL       SC     FRU          BOARD      PUSCH  PUCCH       A      B      C      D  DELTA
================================================================================================================================
FDD=RC55E1 RC55E1 Radio-S1-1   RRU2217B20 -116.2 -115.6 -116.6 -116.9                  0.3
FDD=RC55E2 RC55E2 Radio-S2-1   RRU2217B20 -113.6 -112.9 -115.1 -113.7                  1.4
FDD=RC55E3 RC55E3 Radio-S3-1   RRU2217B20 -112.3 -110.7 -112.6 -112.9                  0.3
FDD=RC55L1 RC55L1 Radio-S180-1 RRU4415B7  -116.7 -117.5 -116.9 -116.8                  0.1
FDD=RC55L2 RC55L2 Radio-S180-1 RRU4415B7  -114.4 -117.2               -113.8 -113.5    0.3
FDD=RC55L3 RC55L3 Radio-S182-1 RRU4415B7  -115.5 -117.7 -114.1 -114.3                  0.2
================================================================================================================================
Bye...
Output has been logged to file /mta_fs/UserFiles/37258710/amosbatch/SDIR/RC55E.log
