Logging to file /mta_fs/UserFiles/37258710/amosbatch/SDIR/RC58L.log
                        __  __  ____   _____
                  /\   |  \/  |/ __ \ / ____|
                 /  \  | \  / | |  | | (___  
                / /\ \ | |\/| | |  | |\___ \ 
               / ____ \| |  | | |__| |____) |
              /_/    \_\_|  |_|\____/|_____/
              OSS Framework for MoShell-25.0h 
  Copyright (c) Ericsson AB 2001-2025 - All Rights Reserved
              
           
[1;31mWARNING: [0mthe AMOS version currently running is more than 29 weeks old and is unsupported.
Please upgrade as soon as possible to the latest released version, available from your local Ericsson support.

$amosrb_pid = 1645865

Checking ip contact...OK

HELP MENU            : h
BASIC MO COMMANDS    : m
OTHER MO COMMANDS    : n
OTHER COMMANDS       : o
PM COMMANDS          : p
QUIT                 : q

RC58L> lt all

251125-09:07:22+0100 19.31.15.197 25.0h  stopfile=/tmp/1645630
Looking up temporary_amos account... OK.
Trying temporary_amos_t20251125_37258710_65084_131's password from amos lookupAccount ... OK

$ssh_pid = 1646988

Connected to 19.31.15.197 (SubNetwork=BBMM_rckomc_R,MeContext=RC58L,ManagedElement=RC58L)

Checking MOM version...MSRBS_NODE_MODEL_25.Q1_198665.224.73_bf81
Parsing MOM (cached): /ericsson/log/amos/moshell_logfiles/t20251125_37258710_65084/logs_moshell/tempfiles/scp-4-amos_20251125-090715_1645574/MSRBS_NODE_MODEL_25.Q1_198665.224.73_bf81.xml.cache.gz ......................................................................................................................................................................................................................Done.
Using paramfile /opt/ericsson/amos/moshell/commonjars/pm/PARAM_MSRBSG2_25.Q1.txt
Parsing file /opt/ericsson/amos/moshell/commonjars/pm/PARAM_MSRBSG2_25.Q1.txt ......................................................................................Done.
Using imomdfile /opt/ericsson/amos/moshell/commonjars/pm/IMOMD_MSRBS_22.Q4.txt
Using imomfile /opt/ericsson/amos/moshell/commonjars/pm/IMOM_MSRBS_25.Q1.txt
Connected to 19.31.15.197 (SubNetwork=BBMM_rckomc_R,MeContext=RC58L,ManagedElement=RC58L)

Last MO: 16588. Loaded 16588 MOs. Total: 16589 MOs.

RC58L> st cell

251125-09:07:40+0100 19.31.15.197 25.0h MSRBS_NODE_MODEL_25.Q1_198665.224.73_bf81 stopfile=/tmp/1645630
===================================================================================
Proxy  Adm State     Op. State     MO
===================================================================================
   56  1 (UNLOCKED)  1 (ENABLED)   ENodeBFunction=1,EUtranCellFDD=RC58L1
  153  1 (UNLOCKED)  1 (ENABLED)   ENodeBFunction=1,EUtranCellFDD=RC58L2
  246  1 (UNLOCKED)  1 (ENABLED)   ENodeBFunction=1,EUtranCellFDD=RC58L3
===================================================================================
Total: 3 MOs

RC58L> st radio

251125-09:07:41+0100 19.31.15.197 25.0h MSRBS_NODE_MODEL_25.Q1_198665.224.73_bf81 stopfile=/tmp/1645630
===================================================================================
Proxy  Adm State     Op. State     MO
===================================================================================
 1075  1 (UNLOCKED)  1 (ENABLED)   Equipment=1,FieldReplaceableUnit=Radio-S180-1
 1090  1 (UNLOCKED)  1 (ENABLED)   Equipment=1,FieldReplaceableUnit=Radio-S182-1
 1105  1 (UNLOCKED)  1 (ENABLED)   Equipment=1,FieldReplaceableUnit=Radio-S210-1
 1132  1 (UNLOCKED)  1 (ENABLED)   Equipment=1,FieldReplaceableUnit=Radio-S211-1
 1159  1 (UNLOCKED)  1 (ENABLED)   Equipment=1,FieldReplaceableUnit=Radio-S212-1
16582  1 (UNLOCKED)  1 (ENABLED)   Transport=1,Synchronization=1,RadioEquipmentClock=1,RadioEquipmentClockReference=NTP1
16583  1 (UNLOCKED)  1 (ENABLED)   Transport=1,Synchronization=1,RadioEquipmentClock=1,RadioEquipmentClockReference=PTP
===================================================================================
Total: 7 MOs

RC58L> sdir

251125-09:07:41+0100 19.31.15.197 25.0h MSRBS_NODE_MODEL_25.Q1_198665.224.73_bf81 stopfile=/tmp/1645630
INFO: Using amos lookupAccount credentials for the export login
...............................
get /rop/A20251125.0715-0730_RC58L.xml.gz /ericsson/log/amos/moshell_logfiles/t20251125_37258710_65084/logs_moshell/pmfiles/19.31.15.197/rop/A20251125.0715-0730_RC58L.xml.gz ... OK
get /rop/A20251125.0730-0745_RC58L.xml.gz /ericsson/log/amos/moshell_logfiles/t20251125_37258710_65084/logs_moshell/pmfiles/19.31.15.197/rop/A20251125.0730-0745_RC58L.xml.gz ... OK
get /rop/A20251125.0745-0800_RC58L.xml.gz /ericsson/log/amos/moshell_logfiles/t20251125_37258710_65084/logs_moshell/pmfiles/19.31.15.197/rop/A20251125.0745-0800_RC58L.xml.gz ... OK
....Checking available boards on node...

Collecting RCS board data ...
...................................................................................
.............................
.............................................................................................................................................................................................................................................................................................................
...........
Collecting TN data...
.................................................................................................................................................
Getting MO data from node (51 MOs). Please wait...
0%                                             ~50%                                           ~100%
..............................................................................................................................
Collecting RF data...
....
Collecting Alarms...
Executing action Log.export()
...
Log=AlarmLog                    actionId=16046
.....
Executing action LogM.exportAvailabilityLog()
..LogM=1,exportAvailabilityLog    actionId=16047
.....Parsing alarmLog...Done.
Parsing availabilityLog...Done.
.

Total: 5 CPRI links (4 OK, 0 OKW, 1 NOK, 0 NT)
.
+--------+                      +----------------------------+
|        | A        O101     D2 |        Radio-S210-1        |
|        |-----------1----------| RRU247924B824B2024B28BM01* |
|        |         OK-62m       |           BXP_4            |
|        |                      +----------------------------+
|        |                                     |A  |B  |C  |D
|        |             SE=210* AG=210 GT=RC58D1/0 GT=RC58D1/1
|        |
|        |                      +----------------------------+
|        | B        O101     D2 |        Radio-S211-1        |
|        |-----------2----------| RRU247924B824B2024B28BM01* |
|        |        NOK-62m       |           BXP_2            |
|        |                      +----------------------------+
|        |                                     |A  |B  |C  |D
|        |             SE=211* AG=211 GT=RC58D2/0 GT=RC58D2/1
|        |
|        |                      +----------------------------+
|        | C        O101     D2 |        Radio-S212-1        |
|        |-----------3----------| RRU247924B824B2024B28BM01* |
|        |         OK-63m       |           BXP_3            |
|        |                      +----------------------------+
|        |                                     |A  |B  |C  |D
|  BB-1  |             SE=212* AG=212 GT=RC58D3/0 GT=RC58D3/1
| BB6630 |
| 000100 |                      +---------------+
|        | D        O101     D1 | Radio-S180-1  |
|        |-----------4----------|   RRU4415B7   |
|        |         OK-62m       |     BXP_5     |
|        |                      +---------------+
|        |                        |A  |B  |C  |D
|        |                 SE=180 AG=180  |   |
|        |                    FDD=RC58L1  |   |
|        |                         SE=181 AG=181
|        |                            FDD=RC58L2
|        |
|        |                      +---------------+
|        | E        O101     D1 | Radio-S182-1  |
|        |-----------5----------|   RRU4415B7   |
|        |         OK-57m       |     BXP_6     |
|        |                      +---------------+
|        |                        |A  |B  |C  |D
|        |                 SE=182 AG=182  |   |
|        |                    FDD=RC58L3  |   |
|        |
+--------+

=====================================================================================================================================
ID RiL    Type Res MO1-MO2                  BOARD1-BOARD2                     AlmIDs Cells (States)                Issue (Failed checks)
=====================================================================================================================================
 1 S210-1 O101 OK  BB-1(A) Radio-S210-1(D2) BB6630 RRU247924B824B2024B28BM01*        GT=RC58D1/0 GT=RC58D1/1 (1,1) Passed
 2 S211-1 O101 NOK BB-1(B) Radio-S211-1(D2) BB6630 RRU247924B824B2024B28BM01*        GT=RC58D2/0 GT=RC58D2/1 (1,1) Fiber Loss DL  (DlLoss-UlLoss=6.68)
 3 S212-1 O101 OK  BB-1(C) Radio-S212-1(D2) BB6630 RRU247924B824B2024B28BM01*        GT=RC58D3/0 GT=RC58D3/1 (1,1) Passed
 4 S180-1 O101 OK  BB-1(D) Radio-S180-1(D1) BB6630 RRU4415B7                         FDD=RC58L1 FDD=RC58L2 (1,1)   Passed
 5 S182-1 O101 OK  BB-1(E) Radio-S182-1(D1) BB6630 RRU4415B7                         FDD=RC58L3 (1)                Passed
-------------------------------------------------------------------------------------------------------------------------------------

=====================================================================================================================================
IDs  RiLs   Issue and Recommended Actions.
=====================================================================================================================================
2    S211-1 Fiber Issue - Far End Reports Excessive Optical Power Loss.
-------------------------------------------------------------------------------------------------------------------------------------
 1) Troubleshoot to determine where optical power is being lost or Bit Errors are detected.  Start at the  port fiber connection reporting the loss and work back to the transmitter on the other end. (i.e. dirty, damaged or bent fiber, improperly mated connection)
 2) Refer to and follow  Ericsson CPI "Handling SFP Modules and Optical Cables" for proper handling, Cleaning, inspection and testing of  fiber and optical interfaces.
Note: Always check for any AlmID information and troubleshoot alarm(s) accordingly.
*************************************************************************************************************************************

Node: RadioNode GL   CXP9024418/16_R8D21 (RCG123.3-3)   G2   GSM LTE-FDD 

=====================================================================================================================================
FRU          ;LNH    ;BOARD                      ;ST ;FAULT ;OPER ;MAINT ;STAT ;PRODUCTNUMBER   ;REV     ;SERIAL        ;DATE     ;PMTEMP ; TEMP ; UPT ;VOLT ;SW                   ;
=====================================================================================================================================
BB-1         ;000100 ;BB6630                     ; 1 ;  OFF ;  ON ;  OFF ;  ON ;KDU137848/11    ;R3D     ;E96A00Q9K6    ;20220331 ;3 (OK) ;      ;22.1 ;48   ;                     ;
Radio-S180-1 ;BXP_5  ;RRU4415B7                  ; 1 ;  OFF ;  ON ;  OFF ; N/A ;KRC161495/1     ;R5F     ;TU8U01KA21    ;20220523 ;4 (OK) ; 35.0 ;22.1 ;52.5 ;CXP9013268%15_R101KB ; (Radio4415B7)
Radio-S182-1 ;BXP_6  ;RRU4415B7                  ; 1 ;  OFF ;  ON ;  OFF ; N/A ;KRC161495/1     ;R5F     ;TU8U01K9UK    ;20220523 ;4 (OK) ; 30.3 ;22.1 ;52.5 ;CXP9013268%15_R101KB ; (Radio4415B7)
Radio-S210-1 ;BXP_4  ;RRU247924B824B2024B28BM01* ; 1 ;  OFF ;  ON ;  OFF ; N/A ;KRC161832/1     ;R2J     ;TU8U02SN0L    ;20241024 ;4 (OK) ; 31.4 ;22.1 ;51.7 ;CXP9013268%15_R101KB ; (Radio247924B824B2024B28BM01)
Radio-S211-1 ;BXP_2  ;RRU247924B824B2024B28BM01* ; 1 ;  OFF ;  ON ;  OFF ; N/A ;KRC161832/1     ;R2J     ;TU8U02SMUA    ;20241024 ;4 (OK) ; 34.1 ;22.1 ;51.5 ;CXP9013268%15_R101KB ; (Radio247924B824B2024B28BM01)
Radio-S212-1 ;BXP_3  ;RRU247924B824B2024B28BM01* ; 1 ;  OFF ;  ON ;  OFF ; N/A ;KRC161832/1     ;R2J     ;TU8U02SM9W    ;20241024 ;4 (OK) ; 26.1 ;22.1 ;51.7 ;CXP9013268%15_R101KB ; (Radio247924B824B2024B28BM01)
-------------------------------------------------------------------------------------------------------------------------------------

=====================================================================================================================================
XPBOARD  ;ST ;FAULT ;OPER ;PRODUCTNUMBER ;REV ;SERIAL/NAME ;DATE     ; TEMP ;MO
=====================================================================================================================================
FAN      ; 1 ;N/A   ;N/A  ;BKV106217/1   ;N/A ;N/A         ;N/A      ;      ;SupportUnit=1 (FAN  BB-1)
-------------------------------------------------------------------------------------------------------------------------------------

=====================================================================================================================================
ID ;T ;RiL    ;BPBP ;BOARD1                     ;LNH1 ;PORT ;R ;LINK ;RATE  ; BER ;BOARD2                     ;LNH2 ;PORT ;R ;LINK ;RATE  ; BER ;LENGTH ;MO1 - MO2
=====================================================================================================================================
 1 ;O ;S210-1 ;1111 ;BB6630                     ;000100 ; 1 ;M ;Up   ;10.1G ;   0 ;RRU247924B824B2024B28BM01* ;BXP_4  ; 1 ;S ;Up   ;10.1G ;   0 ;   62m ;Fru=BB-1(A) Fru=Radio-S210-1(D2)
 2 ;O ;S211-1 ;1111 ;BB6630                     ;000100 ; 2 ;M ;Up   ;10.1G ;   0 ;RRU247924B824B2024B28BM01* ;BXP_2  ; 1 ;S ;Up   ;10.1G ;   0 ;   62m ;Fru=BB-1(B) Fru=Radio-S211-1(D2)
 3 ;O ;S212-1 ;1111 ;BB6630                     ;000100 ; 3 ;M ;Up   ;10.1G ;   0 ;RRU247924B824B2024B28BM01* ;BXP_3  ; 1 ;S ;Up   ;10.1G ;   0 ;   63m ;Fru=BB-1(C) Fru=Radio-S212-1(D2)
 4 ;O ;S180-1 ;1111 ;BB6630                     ;000100 ; 4 ;M ;Up   ;10.1G ;   0 ;RRU4415B7                  ;BXP_5  ; 0 ;S ;Up   ;10.1G ;   0 ;   62m ;Fru=BB-1(D) Fru=Radio-S180-1(D1)
 5 ;O ;S182-1 ;1111 ;BB6630                     ;000100 ; 5 ;M ;Up   ;10.1G ;   0 ;RRU4415B7                  ;BXP_6  ; 0 ;S ;Up   ;10.1G ;   0 ;   57m ;Fru=BB-1(E) Fru=Radio-S182-1(D1)
-------------------------------------------------------------------------------------------------------------------------------------

=====================================================================================================================================
ID ;LINK ;RiL    ;VENDOR1  ;VENDORPROD1    ;REV1 ;SERIAL1    ;DATE1    ;ERICSSONPROD1  ;VENDOR2  ;VENDORPROD2    ;REV2 ;SERIAL2    ;DATE2    ;ERICSSONPROD2  ;TT ;WL1     ;WL2    
=====================================================================================================================================
 1 ;Up   ;S210-1 ;ERICSSON ;SPP10ELRIDFSEN ;10   ;CT72700695 ;20220617 ;RDH10265/2 R1A ;ERICSSON ;SPP10ELRIDFTEN ;0101 ;CT74589793 ;20240929 ;RDH10265/2 R1A ;0  ;1310.00 ;1310.00
 2 ;Up   ;S211-1 ;ERICSSON ;SPP10ELRIDFSEN ;10   ;CT72711404 ;20220617 ;RDH10265/2 R1A ;ERICSSON ;SPP10ELRIDFTEN ;0101 ;CT74551178 ;20240920 ;RDH10265/2 R1A ;0  ;1310.00 ;1310.00
 3 ;Up   ;S212-1 ;ERICSSON ;SPP10ELRIDFSEN ;10   ;CT72693245 ;20220616 ;RDH10265/2 R1A ;ERICSSON ;SPP10ELRIDFTEN ;0101 ;CT74606935 ;20241007 ;RDH10265/2 R1A ;0  ;1310.00 ;1310.00
 4 ;Up   ;S180-1 ;ERICSSON ;SPP10ELRIDFSEN ;10   ;CT72678395 ;20220615 ;RDH10265/2 R1A ;ERICSSON ;SPP10ELRIDFSEN ;10   ;CT72710617 ;20220617 ;RDH10265/2 R1A ;0  ;1310.00 ;1310.00
 5 ;Up   ;S182-1 ;ERICSSON ;SPP10ELRIDFSEN ;10   ;CT72702379 ;20220617 ;RDH10265/2 R1A ;ERICSSON ;SPP10ELRIDFSEN ;10   ;CT72730342 ;20220621 ;RDH10265/2 R1A ;0  ;1310.00 ;1310.00
-------------------------------------------------------------------------------------------------------------------------------------

=====================================================================================================================================
ID ;LINK ;RiL    ;WL1     ;TEMP1 ;TXbs1 ;TXdBm1 ;RXdBm1 ;BER1   ;WL2     ;TEMP2 ;TXbs2 ;TXdBm2 ;RXdBm2 ;BER2   ;DlLoss ;UlLoss ;LENGTH ;TT
=====================================================================================================================================
 1 ;Up   ;S210-1 ;1310.00 ;47C   ;40%   ;-2.12  ;-3.22  ;   0   ;1310.00 ;34C   ;42%   ;-2.81  ;-2.43  ;   0   ;  0.31 ;  0.41 ;   62m ; 0
 2 ;Up   ;S211-1 ;1310.00 ;45C   ;37%   ;-1.93  ;-2.64  ;   0   ;1310.00 ;36C   ;44%   ;-2.77  ;-8.48  ;   0   ;  6.55 ; -0.13 ;   62m ; 0
 3 ;Up   ;S212-1 ;1310.00 ;49C   ;41%   ;-2.02  ;-3.18  ;   0   ;1310.00 ;30C   ;43%   ;-3.25  ;-2.30  ;   0   ;  0.28 ; -0.07 ;   63m ; 0
 4 ;Up   ;S180-1 ;1310.00 ;46C   ;36%   ;-1.88  ;-3.17  ;   0   ;1310.00 ;34C   ;32%   ;-1.98  ;-3.39  ;   0   ;  1.51 ;  1.19 ;   62m ; 0
 5 ;Up   ;S182-1 ;1310.00 ;48C   ;47%   ;-1.83  ;-3.90  ;   0   ;1310.00 ;34C   ;30%   ;-2.02  ;-1.99  ;   0   ;  0.16 ;  1.88 ;   57m ; 0
-------------------------------------------------------------------------------------------------------------------------------------

=====================================================================================================================================
ID ;RiL    ;BOARD                      ;SFPLNH  ;PORT ;VENDOR   ;VENDORPROD     ;REV  ;SERIAL     ;DATE     ;ERICSSONPROD   ;WL      ;TEMP  ;TXbs  ;TXdBm  ;RXdBm  ; BER
=====================================================================================================================================
 1 ;S210-1 ;BB6630                     ;000100   ;  1 ;ERICSSON ;SPP10ELRIDFSEN ;10   ;CT72700695 ;20220617 ;RDH10265/2 R1A ;1310.00 ;47C   ;40%   ;-2.12  ;-3.22  ;   0
 2 ;S211-1 ;BB6630                     ;000100   ;  2 ;ERICSSON ;SPP10ELRIDFSEN ;10   ;CT72711404 ;20220617 ;RDH10265/2 R1A ;1310.00 ;45C   ;37%   ;-1.93  ;-2.64  ;   0
 3 ;S212-1 ;BB6630                     ;000100   ;  3 ;ERICSSON ;SPP10ELRIDFSEN ;10   ;CT72693245 ;20220616 ;RDH10265/2 R1A ;1310.00 ;49C   ;41%   ;-2.02  ;-3.18  ;   0
 4 ;S180-1 ;BB6630                     ;000100   ;  4 ;ERICSSON ;SPP10ELRIDFSEN ;10   ;CT72678395 ;20220615 ;RDH10265/2 R1A ;1310.00 ;46C   ;36%   ;-1.88  ;-3.17  ;   0
 5 ;S182-1 ;BB6630                     ;000100   ;  5 ;ERICSSON ;SPP10ELRIDFSEN ;10   ;CT72702379 ;20220617 ;RDH10265/2 R1A ;1310.00 ;48C   ;47%   ;-1.83  ;-3.90  ;   0
 2 ;S211-1 ;RRU247924B824B2024B28BM01* ;BXP_2    ;  1 ;ERICSSON ;SPP10ELRIDFTEN ;0101 ;CT74551178 ;20240920 ;RDH10265/2 R1A ;1310.00 ;36C   ;44%   ;-2.77  ;-8.48  ;   0
 3 ;S212-1 ;RRU247924B824B2024B28BM01* ;BXP_3    ;  1 ;ERICSSON ;SPP10ELRIDFTEN ;0101 ;CT74606935 ;20241007 ;RDH10265/2 R1A ;1310.00 ;30C   ;43%   ;-3.25  ;-2.30  ;   0
 1 ;S210-1 ;RRU247924B824B2024B28BM01* ;BXP_4    ;  1 ;ERICSSON ;SPP10ELRIDFTEN ;0101 ;CT74589793 ;20240929 ;RDH10265/2 R1A ;1310.00 ;34C   ;42%   ;-2.81  ;-2.43  ;   0
 4 ;S180-1 ;RRU4415B7                  ;BXP_5    ;  0 ;ERICSSON ;SPP10ELRIDFSEN ;10   ;CT72710617 ;20220617 ;RDH10265/2 R1A ;1310.00 ;34C   ;32%   ;-1.98  ;-3.39  ;   0
 5 ;S182-1 ;RRU4415B7                  ;BXP_6    ;  0 ;ERICSSON ;SPP10ELRIDFSEN ;10   ;CT72730342 ;20220621 ;RDH10265/2 R1A ;1310.00 ;34C   ;30%   ;-2.02  ;-1.99  ;   0
-------------------------------------------------------------------------------------------------------------------------------------
TN ;       ;BB6630                     ;000100   ;  A ;ERICSSON ;SPP10ELRIDFSEN ;10   ;CT72701557 ;20220617 ;RDH10265/2 R1A ;0       ;40C   ;34%   ;-1.94  ;-5.03  ; 0/0
-------------------------------------------------------------------------------------------------------------------------------------

=====================================================================================================================================
BOARD  ;LNH    ;PORT   ;T ;S ;OpMode   ;AutoNeg ;MacAddress        ;VlanIds        ;LOS ;BER
=====================================================================================================================================
BB6630 ;000100 ;IDL_A1 ;E ;1 ;10G_FULL ;false   ;F8:97:A9:05:CC:E7 ;3908           ;0   ;0/0
BB6630 ;000100 ;TN_A   ;O ;1 ;10G_FULL ;false   ;F8:97:A9:05:CC:E3 ;3901,3908,3910 ;0   ;0/0
-------------------------------------------------------------------------------------------------------------------------------------

radioClockState : RNT_TIME_LOCKED
-------------------------------------------------------------------------------------
Prio  ;ST  ;syncRefType    ;refStatus  ;opQualLevel  ;SyncReference
-------------------------------------------------------------------------------------
   1  ; 1  ;PTP_TIME       ;NO_FAULT   ;PRTC         ;Ptp=1,BoundaryOrdinaryClock=PTP (G_8275_1 EthernetPort=TN_A:SLAVE)
   2  ; 1  ;NTP_FREQUENCY  ;NO_FAULT   ;PRC          ;Ntp=1,NtpFrequencySync=NTP1 (10.31.0.54:32751 Router=45G_Traffic,InterfaceIPv4=LTE,AddressIPv4=LTE)
-------------------------------------------------------------------------------------
-------------------------------------------------------------------------------------
Prio  ;ST  ;assistRefStatus  ;recQualLevel  ;AssistingReference
-------------------------------------------------------------------------------------
   1  ; 0  ;UNKNOWN          ;PRTC          ;Synchronization=1,SyncEthInput=SyncE (SFP_OPTICAL EthernetPort=TN_A)
-------------------------------------------------------------------------------------
nodeGroupRole   : SYNC_RECEIVER (syncNodePriority=3, selectionMode=NODE_PRIORITY)
-------------------------------------------------------------------------------------
DU  ;Port  ;sharedUnitRef (RiPortA - RiPortB)  ;remoteNodePriority  ;CandidateStatus
-------------------------------------------------------------------------------------
1   ;A     ;Fru=Radio-S210-1 (2 - 1)           ;1                   ;OK_NOT_ACTIVE
1   ;C     ;Fru=Radio-S212-1 (2 - 1)           ;1                   ;OK_NOT_ACTIVE
1   ;B     ;Fru=Radio-S211-1 (2 - 1)           ;1                   ;OK_ACTIVE
-------------------------------------------------------------------------------------

=====================================================================================================================================
FRU          ;LNH    ;BOARD                      ;RF  ;BP  ;TX (W/dBm)  ;VSWR (RL)   ;RX (dBm) ;UEs/gUEs  ;Sector/AntennaGroup/Cells (State:CellIds:PCIs)
=====================================================================================================================================
Radio-S180-1 ;BXP_5  ;RRU4415B7                  ; A  ;11  ;11.2 (40.5) ;1.13 (24.3) ;-98.4    ;14/-      ;SE=180 AG=180 FDD=RC58L1 (1:21:314)
Radio-S180-1 ;BXP_5  ;RRU4415B7                  ; B  ;11  ;11.7 (40.7) ;1.11 (25.5) ;-97.0    ;14/-      ;SE=180 AG=180 FDD=RC58L1 (1:21:314)
Radio-S180-1 ;BXP_5  ;RRU4415B7                  ; C  ;11  ;15.8 (42.0) ;1.02 (39.1) ;-99.0    ;6/-       ;SE=181 AG=181 FDD=RC58L2 (1:22:208)
Radio-S180-1 ;BXP_5  ;RRU4415B7                  ; D  ;11  ;-           ;1.09 (27.5) ;-99.3    ;6/-       ;SE=181 AG=181 FDD=RC58L2 (1:22:208)
Radio-S182-1 ;BXP_6  ;RRU4415B7                  ; A  ;11  ;22.4 (43.5) ;1.16 (22.4) ;-99.5    ;0/-       ;SE=182 AG=182 FDD=RC58L3 (1:23:169)
Radio-S182-1 ;BXP_6  ;RRU4415B7                  ; B  ;11  ;-           ;1.21 (20.3) ;-99.5    ;0/-       ;SE=182 AG=182 FDD=RC58L3 (1:23:169)
Radio-S182-1 ;BXP_6  ;RRU4415B7                  ; C  ;11  ;-           ;-           ;         ;          ;
Radio-S182-1 ;BXP_6  ;RRU4415B7                  ; D  ;11  ;-           ;-           ;         ;          ;
Radio-S210-1 ;BXP_4  ;RRU247924B824B2024B28BM01* ; A  ;11  ;14.2 (41.5) ;1.21 (20.4) ;-86.3    ;-/-       ;SE=210* AG=210 GT=RC58D1/0 GT=RC58D1/1 (1, 1)
Radio-S210-1 ;BXP_4  ;RRU247924B824B2024B28BM01* ; B  ;11  ;15.0 (41.8) ;1.21 (20.6) ;-89.0    ;-/-       ;SE=210* AG=210 GT=RC58D1/0 GT=RC58D1/1 (1, 1)
Radio-S210-1 ;BXP_4  ;RRU247924B824B2024B28BM01* ; C  ;11  ;9.1 (39.6)  ;1.15 (23.2) ;-87.7    ;-/-       ;SE=210* AG=210 GT=RC58D1/0 GT=RC58D1/1 (1, 1)
Radio-S210-1 ;BXP_4  ;RRU247924B824B2024B28BM01* ; D  ;11  ;8.9 (39.5)  ;1.15 (23.3) ;-89.4    ;-/-       ;SE=210* AG=210 GT=RC58D1/0 GT=RC58D1/1 (1, 1)
Radio-S211-1 ;BXP_2  ;RRU247924B824B2024B28BM01* ; A  ;11  ;17.2 (42.4) ;1.22 (20.2) ;-93.8    ;-/-       ;SE=211* AG=211 GT=RC58D2/0 GT=RC58D2/1 (1, 1)
Radio-S211-1 ;BXP_2  ;RRU247924B824B2024B28BM01* ; B  ;11  ;6.9 (38.4)  ;1.30 (17.8) ;-92.2    ;-/-       ;SE=211* AG=211 GT=RC58D2/0 GT=RC58D2/1 (1, 1)
Radio-S211-1 ;BXP_2  ;RRU247924B824B2024B28BM01* ; C  ;11  ;7.1 (38.5)  ;1.08 (28.3) ;-94.9    ;-/-       ;SE=211* AG=211 GT=RC58D2/0 GT=RC58D2/1 (1, 1)
Radio-S211-1 ;BXP_2  ;RRU247924B824B2024B28BM01* ; D  ;11  ;7.1 (38.5)  ;1.17 (22.0) ;-93.2    ;-/-       ;SE=211* AG=211 GT=RC58D2/0 GT=RC58D2/1 (1, 1)
Radio-S212-1 ;BXP_3  ;RRU247924B824B2024B28BM01* ; A  ;11  ;16.5 (42.2) ;1.21 (20.5) ;-96.6    ;-/-       ;SE=212* AG=212 GT=RC58D3/0 GT=RC58D3/1 (1, 1)
Radio-S212-1 ;BXP_3  ;RRU247924B824B2024B28BM01* ; B  ;11  ;11.0 (40.4) ;1.31 (17.5) ;-96.4    ;-/-       ;SE=212* AG=212 GT=RC58D3/0 GT=RC58D3/1 (1, 1)
Radio-S212-1 ;BXP_3  ;RRU247924B824B2024B28BM01* ; C  ;11  ;14.1 (41.5) ;1.23 (19.9) ;-96.3    ;-/-       ;SE=212* AG=212 GT=RC58D3/0 GT=RC58D3/1 (1, 1)
Radio-S212-1 ;BXP_3  ;RRU247924B824B2024B28BM01* ; D  ;11  ;13.8 (41.4) ;1.13 (24.5) ;-96.1    ;-/-       ;SE=212* AG=212 GT=RC58D3/0 GT=RC58D3/1 (1, 1)
-------------------------------------------------------------------------------------------------------------------------------------

RC58L> mfar

251125-09:10:02+0100 19.31.15.197 25.0h MSRBS_NODE_MODEL_25.Q1_198665.224.73_bf81 stopfile=/tmp/1645630
......
Last MO: 16594. Loaded 16594 MOs. Total: 16595 MOs.
...........................................
get /rop/A20251125.0630-0645_RC58L.xml.gz /ericsson/log/amos/moshell_logfiles/t20251125_37258710_65084/logs_moshell/pmfiles/19.31.15.197/rop/A20251125.0630-0645_RC58L.xml.gz ... OK
get /rop/A20251125.0645-0700_RC58L.xml.gz /ericsson/log/amos/moshell_logfiles/t20251125_37258710_65084/logs_moshell/pmfiles/19.31.15.197/rop/A20251125.0645-0700_RC58L.xml.gz ... OK
get /rop/A20251125.0700-0715_RC58L.xml.gz /ericsson/log/amos/moshell_logfiles/t20251125_37258710_65084/logs_moshell/pmfiles/19.31.15.197/rop/A20251125.0700-0715_RC58L.xml.gz ... OK

Using hardcoded thresholds: 3, 4.5, and 16.5
================================================================================================================================
SC     SE  Tx/Rx BrPair  RfPort1 - RfPort2               HW       Serial      Cell (State)   Samples   Med  Mean  SDev Pol Res Issue
================================================================================================================================
RC58L1 180   2/2 0 (1,2) Radio-S180-1(A) Radio-S180-1(B) RRU4415  TU8U01KA21  FDD=RC58L1 (1)  383587   4.5   2.9   5.1  NA  OK Passed
RC58L2 181   2/2 0 (1,2) Radio-S180-1(C) Radio-S180-1(D) RRU4415  TU8U01KA21  FDD=RC58L2 (1)  249307   0.5   1.1   7.4  NA  OK Passed
RC58L3 182   2/2 0 (1,2) Radio-S182-1(A) Radio-S182-1(B) RRU4415  TU8U01K9UK  FDD=RC58L3 (1)  316972   1.5   1.2   5.9  NA  OK Passed
================================================================================================================================
Total: 3 SectorCarriers, 3 RfBranch Pairs (3 OK, 0 OKW, 0 NOK, 0 NT)
......
Last MO: 16594. Loaded 16594 MOs. Total: 16595 MOs.

No NRSectorCarrier MOs are defined on the node.

RC58L> mfitr

251125-09:10:17+0100 19.31.15.197 25.0h MSRBS_NODE_MODEL_25.Q1_198665.224.73_bf81 stopfile=/tmp/1645630
..........
Last MO: 16594. Loaded 16594 MOs. Total: 16595 MOs.
........
2025-11-25 09:10
================================================================================================================================
CELL       SC     FRU          BOARD     PUSCH  PUCCH       A      B      C      D  DELTA
================================================================================================================================
FDD=RC58L1 RC58L1 Radio-S180-1 RRU4415B7 -118.8 -119.0 -118.8 -119.0                  0.2
FDD=RC58L2 RC58L2 Radio-S180-1 RRU4415B7 -116.7 -118.3               -118.6 -118.5    0.1
FDD=RC58L3 RC58L3 Radio-S182-1 RRU4415B7 -118.4 -118.5 -118.6 -118.7                  0.1
================================================================================================================================
Bye...
Output has been logged to file /mta_fs/UserFiles/37258710/amosbatch/SDIR/RC58L.log
