Logging to file /mta_fs/UserFiles/37258710/amosbatch/SDIR/RC68L.log
                        __  __  ____   _____
                  /\   |  \/  |/ __ \ / ____|
                 /  \  | \  / | |  | | (___  
                / /\ \ | |\/| | |  | |\___ \ 
               / ____ \| |  | | |__| |____) |
              /_/    \_\_|  |_|\____/|_____/
              OSS Framework for MoShell-25.0h 
  Copyright (c) Ericsson AB 2001-2025 - All Rights Reserved
              
           
[1;31mWARNING: [0mthe AMOS version currently running is more than 29 weeks old and is unsupported.
Please upgrade as soon as possible to the latest released version, available from your local Ericsson support.

$amosrb_pid = 2773694

Checking ip contact...OK

HELP MENU            : h
BASIC MO COMMANDS    : m
OTHER MO COMMANDS    : n
OTHER COMMANDS       : o
PM COMMANDS          : p
QUIT                 : q

RC68L> lt all

251125-14:44:03+0100 19.31.16.211 25.0h  stopfile=/tmp/2773610
Looking up temporary_amos account... OK.
Trying temporary_amos_t20251125_37258710_65084_131's password from amos lookupAccount ... OK

$ssh_pid = 2774408

Connected to 19.31.16.211 (SubNetwork=BBMM_rckomc_R,MeContext=RC68L,ManagedElement=RC68L)

Checking MOM version...MSRBS_NODE_MODEL_25.Q1_198665.224.73_bf81
Parsing MOM (cached): /ericsson/log/amos/moshell_logfiles/t20251125_37258710_65084/logs_moshell/tempfiles/scp-4-amos_20251125-144356_2773546/MSRBS_NODE_MODEL_25.Q1_198665.224.73_bf81.xml.cache.gz ......................................................................................................................................................................................................................Done.
Using paramfile /opt/ericsson/amos/moshell/commonjars/pm/PARAM_MSRBSG2_25.Q1.txt
Parsing file /opt/ericsson/amos/moshell/commonjars/pm/PARAM_MSRBSG2_25.Q1.txt ......................................................................................Done.
Using imomdfile /opt/ericsson/amos/moshell/commonjars/pm/IMOMD_MSRBS_22.Q4.txt
Using imomfile /opt/ericsson/amos/moshell/commonjars/pm/IMOM_MSRBS_25.Q1.txt
Connected to 19.31.16.211 (SubNetwork=BBMM_rckomc_R,MeContext=RC68L,ManagedElement=RC68L)

Last MO: 17049. Loaded 17049 MOs. Total: 17050 MOs.

RC68L> st cell

251125-14:44:23+0100 19.31.16.211 25.0h MSRBS_NODE_MODEL_25.Q1_198665.224.73_bf81 stopfile=/tmp/2773610
===================================================================================
Proxy  Adm State     Op. State     MO
===================================================================================
   56  1 (UNLOCKED)  1 (ENABLED)   ENodeBFunction=1,EUtranCellFDD=RC68L1
  188  1 (UNLOCKED)  1 (ENABLED)   ENodeBFunction=1,EUtranCellFDD=RC68L2
  301  1 (UNLOCKED)  1 (ENABLED)   ENodeBFunction=1,EUtranCellFDD=RC68L3
===================================================================================
Total: 3 MOs

RC68L> st radio

251125-14:44:23+0100 19.31.16.211 25.0h MSRBS_NODE_MODEL_25.Q1_198665.224.73_bf81 stopfile=/tmp/2773610
===================================================================================
Proxy  Adm State     Op. State     MO
===================================================================================
 1532  1 (UNLOCKED)  1 (ENABLED)   Equipment=1,FieldReplaceableUnit=Radio-S180-1
 1547  1 (UNLOCKED)  1 (ENABLED)   Equipment=1,FieldReplaceableUnit=Radio-S182-1
 1562  1 (UNLOCKED)  1 (ENABLED)   Equipment=1,FieldReplaceableUnit=Radio-S210-1
 1579  1 (UNLOCKED)  1 (ENABLED)   Equipment=1,FieldReplaceableUnit=Radio-S211-1
 1596  1 (UNLOCKED)  1 (ENABLED)   Equipment=1,FieldReplaceableUnit=Radio-S212-1
17043  1 (UNLOCKED)  1 (ENABLED)   Transport=1,Synchronization=1,RadioEquipmentClock=1,RadioEquipmentClockReference=NTP1
17044  1 (UNLOCKED)  1 (ENABLED)   Transport=1,Synchronization=1,RadioEquipmentClock=1,RadioEquipmentClockReference=PTP
===================================================================================
Total: 7 MOs

RC68L> sdir

251125-14:44:24+0100 19.31.16.211 25.0h MSRBS_NODE_MODEL_25.Q1_198665.224.73_bf81 stopfile=/tmp/2773610
INFO: Using amos lookupAccount credentials for the export login
...............................
get /rop/A20251125.1245-1300_RC68L.xml.gz /ericsson/log/amos/moshell_logfiles/t20251125_37258710_65084/logs_moshell/pmfiles/19.31.16.211/rop/A20251125.1245-1300_RC68L.xml.gz ... OK
get /rop/A20251125.1300-1315_RC68L.xml.gz /ericsson/log/amos/moshell_logfiles/t20251125_37258710_65084/logs_moshell/pmfiles/19.31.16.211/rop/A20251125.1300-1315_RC68L.xml.gz ... OK
get /rop/A20251125.1315-1330_RC68L.xml.gz /ericsson/log/amos/moshell_logfiles/t20251125_37258710_65084/logs_moshell/pmfiles/19.31.16.211/rop/A20251125.1315-1330_RC68L.xml.gz ... OK
....Checking available boards on node...

Collecting RCS board data ...
...................................................................................
..........................
...........................................................................................................................................................................................................................................................................................................
get /rop/A20251125.1330-1345_RC68L.xml.gz /ericsson/log/amos/moshell_logfiles/t20251125_37258710_65084/logs_moshell/pmfiles/19.31.16.211/rop/A20251125.1330-1345_RC68L.xml.gz ... OK
...........
Collecting TN data...
...............................................................................................................................................................................................................................................................................
Collecting RF data...
...
Collecting Alarms...
Executing action Log.export()
...
Log=AlarmLog                    actionId=49590
........
Executing action LogM.exportAvailabilityLog()
..LogM=1,exportAvailabilityLog    actionId=49591
.....Parsing alarmLog.......Done.
Parsing availabilityLog....Done.
......

Total: 5 CPRI links (5 OK, 0 OKW, 0 NOK, 0 NT)
.
+--------+                      +--------------------+
|        | A        O101     D2 |    Radio-S210-1    |
|        |-----------1----------| RRU227922B822B20C* |
|        |         OK-57m       |       BXP_3        |
|        |                      +--------------------+
|        |                                     |A  |B
|        |                 SE=210* AG=210 GT=RC68D1/0
|        |                                GT=RC68D1/1
|        |
|        |                      +--------------------+
|        | B        O101     D2 |    Radio-S211-1    |
|        |-----------2----------| RRU227922B822B20C* |
|        |         OK-58m       |       BXP_4        |
|        |                      +--------------------+
|        |                                     |A  |B
|        |                 SE=211* AG=211 GT=RC68D2/0
|        |                                GT=RC68D2/1
|        |
|        |                      +--------------------+
|        | C        O101     D2 |    Radio-S212-1    |
|        |-----------3----------| RRU227922B822B20C* |
|        |         OK-58m       |       BXP_2        |
|        |                      +--------------------+
|        |                                     |A  |B
|  BB-1  |                 SE=212* AG=212 GT=RC68D3/0
| BB6630 |                                GT=RC68D3/1
| 000100 |
|        |                      +---------------+
|        | D        O101     D1 | Radio-S180-1  |
|        |-----------4----------|   RRU4415B7   |
|        |         OK-57m       |     BXP_5     |
|        |                      +---------------+
|        |                        |A  |B  |C  |D
|        |                 SE=180 AG=180  |   |
|        |                    FDD=RC68L1  |   |
|        |                         SE=181 AG=181
|        |                            FDD=RC68L2
|        |
|        |                      +---------------+
|        | E        O101     D1 | Radio-S182-1  |
|        |-----------5----------|   RRU4415B7   |
|        |         OK-58m       |     BXP_6     |
|        |                      +---------------+
|        |                        |A  |B  |C  |D
|        |                 SE=182 AG=182  |   |
|        |                    FDD=RC68L3  |   |
|        |
+--------+

=====================================================================================================================================
ID RiL    Type Res MO1-MO2                  BOARD1-BOARD2             AlmIDs Cells (States)                Issue (Failed checks)
=====================================================================================================================================
 1 S210-1 O101 OK  BB-1(A) Radio-S210-1(D2) BB6630 RRU227922B822B20C*        GT=RC68D1/0 GT=RC68D1/1 (1,1) Passed
 2 S211-1 O101 OK  BB-1(B) Radio-S211-1(D2) BB6630 RRU227922B822B20C*        GT=RC68D2/0 GT=RC68D2/1 (1,1) Passed
 3 S212-1 O101 OK  BB-1(C) Radio-S212-1(D2) BB6630 RRU227922B822B20C*        GT=RC68D3/0 GT=RC68D3/1 (1,1) Passed
 4 S180-1 O101 OK  BB-1(D) Radio-S180-1(D1) BB6630 RRU4415B7                 FDD=RC68L1 FDD=RC68L2 (1,1)   Passed
 5 S182-1 O101 OK  BB-1(E) Radio-S182-1(D1) BB6630 RRU4415B7                 FDD=RC68L3 (1)                Passed
-------------------------------------------------------------------------------------------------------------------------------------

Node: RadioNode GL   CXP9024418/16_R8D21 (RCG123.3-3)   G2   GSM LTE-FDD 

=====================================================================================================================================
FRU          ;LNH    ;BOARD              ;ST ;FAULT ;OPER ;MAINT ;STAT ;PRODUCTNUMBER   ;REV     ;SERIAL        ;DATE     ;PMTEMP ; TEMP ; UPT ;VOLT ;SW                   ;
=====================================================================================================================================
BB-1         ;000100 ;BB6630             ; 1 ;  OFF ;  ON ;  OFF ;  ON ;KDU137848/11    ;R3E     ;E96A00T5ER    ;20220805 ;3 (OK) ;      ; 131 ;48   ;                     ;
Radio-S180-1 ;BXP_5  ;RRU4415B7          ; 1 ;  OFF ;  ON ;  OFF ; N/A ;KRC161495/1     ;R5F     ;TU8U01K7NQ    ;20220521 ;4 (OK) ; 35.5 ; 131 ;53.8 ;CXP9013268%15_R101KB ; (Radio4415B7)
Radio-S182-1 ;BXP_6  ;RRU4415B7          ; 1 ;  OFF ;  ON ;  OFF ; N/A ;KRC161495/1     ;R5F     ;TU8U01K7SR    ;20220521 ;4 (OK) ; 28.8 ; 131 ;54.1 ;CXP9013268%15_R101KB ; (Radio4415B7)
Radio-S210-1 ;BXP_3  ;RRU227922B822B20C* ; 1 ;  OFF ;  ON ;  OFF ; N/A ;KRC161864/1     ;R1E     ;TU8U01Q3DS    ;20220830 ;4 (OK) ; 37.5 ; 131 ;53.3 ;CXP9013268%15_R101KB ; (Radio227922B822B20C)
Radio-S211-1 ;BXP_4  ;RRU227922B822B20C* ; 1 ;  OFF ;  ON ;  OFF ; N/A ;KRC161864/1     ;R1E     ;TU8U01HL9B    ;20220423 ;4 (OK) ; 35.0 ; 131 ;53.2 ;CXP9013268%15_R101KB ; (Radio227922B822B20C)
Radio-S212-1 ;BXP_2  ;RRU227922B822B20C* ; 1 ;  OFF ;  ON ;  OFF ; N/A ;KRC161864/1     ;R1E     ;TU8U01Q3CS    ;20220830 ;4 (OK) ; 35.5 ; 131 ;53.0 ;CXP9013268%15_R101KB ; (Radio227922B822B20C)
-------------------------------------------------------------------------------------------------------------------------------------

=====================================================================================================================================
XPBOARD  ;ST ;FAULT ;OPER ;PRODUCTNUMBER ;REV ;SERIAL/NAME ;DATE     ; TEMP ;MO
=====================================================================================================================================
FAN      ; 1 ;N/A   ;N/A  ;BKV106217/1   ;N/A ;N/A         ;N/A      ;      ;SupportUnit=1 (FAN  BB-1)
-------------------------------------------------------------------------------------------------------------------------------------

=====================================================================================================================================
ID ;T ;RiL    ;BPBP ;BOARD1             ;LNH1 ;PORT ;R ;LINK ;RATE  ; BER ;BOARD2             ;LNH2 ;PORT ;R ;LINK ;RATE  ; BER ;LENGTH ;MO1 - MO2
=====================================================================================================================================
 1 ;O ;S210-1 ;1111 ;BB6630             ;000100 ; 1 ;M ;Up   ;10.1G ;   0 ;RRU227922B822B20C* ;BXP_3  ; 1 ;S ;Up   ;10.1G ;   0 ;   57m ;Fru=BB-1(A) Fru=Radio-S210-1(D2)
 2 ;O ;S211-1 ;1111 ;BB6630             ;000100 ; 2 ;M ;Up   ;10.1G ;   0 ;RRU227922B822B20C* ;BXP_4  ; 1 ;S ;Up   ;10.1G ;   0 ;   58m ;Fru=BB-1(B) Fru=Radio-S211-1(D2)
 3 ;O ;S212-1 ;1111 ;BB6630             ;000100 ; 3 ;M ;Up   ;10.1G ;   0 ;RRU227922B822B20C* ;BXP_2  ; 1 ;S ;Up   ;10.1G ;   0 ;   58m ;Fru=BB-1(C) Fru=Radio-S212-1(D2)
 4 ;O ;S180-1 ;1111 ;BB6630             ;000100 ; 4 ;M ;Up   ;10.1G ;   0 ;RRU4415B7          ;BXP_5  ; 0 ;S ;Up   ;10.1G ;   0 ;   57m ;Fru=BB-1(D) Fru=Radio-S180-1(D1)
 5 ;O ;S182-1 ;1111 ;BB6630             ;000100 ; 5 ;M ;Up   ;10.1G ;   0 ;RRU4415B7          ;BXP_6  ; 0 ;S ;Up   ;10.1G ;   0 ;   58m ;Fru=BB-1(E) Fru=Radio-S182-1(D1)
-------------------------------------------------------------------------------------------------------------------------------------

=====================================================================================================================================
ID ;LINK ;RiL    ;VENDOR1  ;VENDORPROD1    ;REV1 ;SERIAL1    ;DATE1    ;ERICSSONPROD1  ;VENDOR2  ;VENDORPROD2    ;REV2 ;SERIAL2    ;DATE2    ;ERICSSONPROD2  ;TT ;WL1     ;WL2    
=====================================================================================================================================
 1 ;Up   ;S210-1 ;ERICSSON ;SPP10ELRIDFSEN ;10   ;CT72936703 ;20220812 ;RDH10265/2 R1A ;ERICSSON ;SPP10ELRIDFSEN ;10   ;CT72932528 ;20220812 ;RDH10265/2 R1A ;0  ;1310.00 ;1310.00
 2 ;Up   ;S211-1 ;ERICSSON ;SPP10ELRIDFSEN ;10   ;CT72936701 ;20220812 ;RDH10265/2 R1A ;ERICSSON ;SPP10ELRIDFSEN ;10   ;CT72929354 ;20220812 ;RDH10265/2 R1A ;0  ;1310.00 ;1310.00
 3 ;Up   ;S212-1 ;ERICSSON ;SPP10ELRIDFSEN ;10   ;CT72925755 ;20220811 ;RDH10265/2 R1A ;ERICSSON ;SPP10ELRIDFSEN ;10   ;CT72936262 ;20220812 ;RDH10265/2 R1A ;0  ;1310.00 ;1310.00
 4 ;Up   ;S180-1 ;ERICSSON ;SPP10ELRIDFSEN ;10   ;CT72926733 ;20220811 ;RDH10265/2 R1A ;ERICSSON ;SPP10ELRIDFSEN ;10   ;CT72926821 ;20220811 ;RDH10265/2 R1A ;0  ;1310.00 ;1310.00
 5 ;Up   ;S182-1 ;ERICSSON ;SPP10ELRIDFSEN ;10   ;CT72936743 ;20220812 ;RDH10265/2 R1A ;ERICSSON ;SPP10ELRIDFSEN ;10   ;CT72908916 ;20220809 ;RDH10265/2 R1A ;0  ;1310.00 ;1310.00
-------------------------------------------------------------------------------------------------------------------------------------

=====================================================================================================================================
ID ;LINK ;RiL    ;WL1     ;TEMP1 ;TXbs1 ;TXdBm1 ;RXdBm1 ;BER1   ;WL2     ;TEMP2 ;TXbs2 ;TXdBm2 ;RXdBm2 ;BER2   ;DlLoss ;UlLoss ;LENGTH ;TT
=====================================================================================================================================
 1 ;Up   ;S210-1 ;1310.00 ;50C   ;37%   ;-1.89  ;-2.41  ;   0   ;1310.00 ;43C   ;39%   ;-2.12  ;-2.60  ;   0   ;  0.71 ;  0.29 ;   57m ; 0
 2 ;Up   ;S211-1 ;1310.00 ;52C   ;39%   ;-1.83  ;-3.97  ;   0   ;1310.00 ;34C   ;36%   ;-2.13  ;-2.17  ;   0   ;  0.34 ;  1.84 ;   58m ; 0
 3 ;Up   ;S212-1 ;1310.00 ;49C   ;37%   ;-1.80  ;-3.10  ;   0   ;1310.00 ;37C   ;45%   ;-2.06  ;-3.04  ;   0   ;  1.24 ;  1.04 ;   58m ; 0
 4 ;Up   ;S180-1 ;1310.00 ;52C   ;50%   ;-2.10  ;-1.00  ;   0   ;1310.00 ;40C   ;41%   ;-2.03  ;-1.56  ;   0   ; -0.54 ; -1.03 ;   57m ; 0
 5 ;Up   ;S182-1 ;1310.00 ;53C   ;38%   ;-1.73  ;-2.73  ;   0   ;1310.00 ;32C   ;34%   ;-2.05  ;-1.61  ;   0   ; -0.12 ;  0.68 ;   58m ; 0
-------------------------------------------------------------------------------------------------------------------------------------

=====================================================================================================================================
ID ;RiL    ;BOARD              ;SFPLNH  ;PORT ;VENDOR   ;VENDORPROD     ;REV  ;SERIAL     ;DATE     ;ERICSSONPROD   ;WL      ;TEMP  ;TXbs  ;TXdBm  ;RXdBm  ; BER
=====================================================================================================================================
 1 ;S210-1 ;BB6630             ;000100   ;  1 ;ERICSSON ;SPP10ELRIDFSEN ;10   ;CT72936703 ;20220812 ;RDH10265/2 R1A ;1310.00 ;50C   ;37%   ;-1.89  ;-2.41  ;   0
 2 ;S211-1 ;BB6630             ;000100   ;  2 ;ERICSSON ;SPP10ELRIDFSEN ;10   ;CT72936701 ;20220812 ;RDH10265/2 R1A ;1310.00 ;52C   ;39%   ;-1.83  ;-3.97  ;   0
 3 ;S212-1 ;BB6630             ;000100   ;  3 ;ERICSSON ;SPP10ELRIDFSEN ;10   ;CT72925755 ;20220811 ;RDH10265/2 R1A ;1310.00 ;49C   ;37%   ;-1.80  ;-3.10  ;   0
 4 ;S180-1 ;BB6630             ;000100   ;  4 ;ERICSSON ;SPP10ELRIDFSEN ;10   ;CT72926733 ;20220811 ;RDH10265/2 R1A ;1310.00 ;52C   ;50%   ;-2.10  ;-1.00  ;   0
 5 ;S182-1 ;BB6630             ;000100   ;  5 ;ERICSSON ;SPP10ELRIDFSEN ;10   ;CT72936743 ;20220812 ;RDH10265/2 R1A ;1310.00 ;53C   ;38%   ;-1.73  ;-2.73  ;   0
 3 ;S212-1 ;RRU227922B822B20C* ;BXP_2    ;  1 ;ERICSSON ;SPP10ELRIDFSEN ;10   ;CT72936262 ;20220812 ;RDH10265/2 R1A ;1310.00 ;37C   ;45%   ;-2.06  ;-3.04  ;   0
 1 ;S210-1 ;RRU227922B822B20C* ;BXP_3    ;  1 ;ERICSSON ;SPP10ELRIDFSEN ;10   ;CT72932528 ;20220812 ;RDH10265/2 R1A ;1310.00 ;43C   ;39%   ;-2.12  ;-2.60  ;   0
 2 ;S211-1 ;RRU227922B822B20C* ;BXP_4    ;  1 ;ERICSSON ;SPP10ELRIDFSEN ;10   ;CT72929354 ;20220812 ;RDH10265/2 R1A ;1310.00 ;34C   ;36%   ;-2.13  ;-2.17  ;   0
 4 ;S180-1 ;RRU4415B7          ;BXP_5    ;  0 ;ERICSSON ;SPP10ELRIDFSEN ;10   ;CT72926821 ;20220811 ;RDH10265/2 R1A ;1310.00 ;40C   ;41%   ;-2.03  ;-1.56  ;   0
 5 ;S182-1 ;RRU4415B7          ;BXP_6    ;  0 ;ERICSSON ;SPP10ELRIDFSEN ;10   ;CT72908916 ;20220809 ;RDH10265/2 R1A ;1310.00 ;32C   ;34%   ;-2.05  ;-1.61  ;   0
-------------------------------------------------------------------------------------------------------------------------------------
TN ;       ;BB6630             ;000100   ;  A ;ERICSSON ;SPP10ELRIDFSEN ;10   ;CT72931528 ;20220812 ;RDH10265/2 R1A ;0       ;42C   ;45%   ;-2.73  ;-1.69  ;NZ/0
-------------------------------------------------------------------------------------------------------------------------------------

=====================================================================================================================================
BOARD  ;LNH    ;PORT   ;T ;S ;OpMode   ;AutoNeg ;MacAddress        ;VlanIds        ;LOS ;BER
=====================================================================================================================================
BB6630 ;000100 ;IDL_A1 ;E ;1 ;10G_FULL ;false   ;F8:97:A9:11:5D:D6 ;3908           ;0   ;0/0
BB6630 ;000100 ;TN_A   ;O ;1 ;10G_FULL ;false   ;F8:97:A9:11:5D:D2 ;3901,3908,3910 ;0   ;NZ/0
-------------------------------------------------------------------------------------------------------------------------------------

radioClockState : RNT_TIME_LOCKED
-------------------------------------------------------------------------------------
Prio  ;ST  ;syncRefType    ;refStatus  ;opQualLevel  ;SyncReference
-------------------------------------------------------------------------------------
   1  ; 1  ;PTP_TIME       ;NO_FAULT   ;PRTC         ;Ptp=1,BoundaryOrdinaryClock=PTP (G_8275_1 EthernetPort=TN_A:SLAVE)
   2  ; 1  ;NTP_FREQUENCY  ;NO_FAULT   ;PRC          ;Ntp=1,NtpFrequencySync=NTP1 (10.31.0.54:32751 Router=45G_Traffic,InterfaceIPv4=LTE,AddressIPv4=LTE)
-------------------------------------------------------------------------------------
-------------------------------------------------------------------------------------
Prio  ;ST  ;assistRefStatus  ;recQualLevel  ;AssistingReference
-------------------------------------------------------------------------------------
   1  ; 0  ;UNKNOWN          ;PRTC          ;Synchronization=1,SyncEthInput=SyncE (SFP_OPTICAL EthernetPort=TN_A)
-------------------------------------------------------------------------------------
nodeGroupRole   : SYNC_RECEIVER (syncNodePriority=3, selectionMode=NODE_PRIORITY)
-------------------------------------------------------------------------------------
DU  ;Port  ;sharedUnitRef (RiPortA - RiPortB)  ;remoteNodePriority  ;CandidateStatus
-------------------------------------------------------------------------------------
1   ;B     ;Fru=Radio-S211-1 (2 - 1)           ;1                   ;OK_NOT_ACTIVE
1   ;A     ;Fru=Radio-S210-1 (2 - 1)           ;1                   ;OK_NOT_ACTIVE
1   ;C     ;Fru=Radio-S212-1 (2 - 1)           ;1                   ;OK_ACTIVE
-------------------------------------------------------------------------------------

=====================================================================================================================================
FRU          ;LNH    ;BOARD              ;RF  ;BP  ;TX (W/dBm)  ;VSWR (RL)   ;RX (dBm) ;UEs/gUEs  ;Sector/AntennaGroup/Cells (State:CellIds:PCIs)
=====================================================================================================================================
Radio-S180-1 ;BXP_5  ;RRU4415B7          ; A  ;11  ;11.7 (40.7) ;1.26 (18.8) ;-87.3    ;11/-      ;SE=180 AG=180 FDD=RC68L1 (1:21:440)
Radio-S180-1 ;BXP_5  ;RRU4415B7          ; B  ;11  ;11.5 (40.6) ;1.25 (19.1) ;-87.9    ;11/-      ;SE=180 AG=180 FDD=RC68L1 (1:21:440)
Radio-S180-1 ;BXP_5  ;RRU4415B7          ; C  ;11  ;28.8 (44.6) ;1.24 (19.5) ;-98.9    ;0/-       ;SE=181 AG=181 FDD=RC68L2 (1:22:389)
Radio-S180-1 ;BXP_5  ;RRU4415B7          ; D  ;11  ;-           ;1.15 (23.0) ;-99.2    ;0/-       ;SE=181 AG=181 FDD=RC68L2 (1:22:389)
Radio-S182-1 ;BXP_6  ;RRU4415B7          ; A  ;11  ;20.4 (43.1) ;1.16 (22.7) ;-99.8    ;0/-       ;SE=182 AG=182 FDD=RC68L3 (1:23:360)
Radio-S182-1 ;BXP_6  ;RRU4415B7          ; B  ;11  ;-           ;1.20 (20.7) ;-99.8    ;0/-       ;SE=182 AG=182 FDD=RC68L3 (1:23:360)
Radio-S182-1 ;BXP_6  ;RRU4415B7          ; C  ;11  ;-           ;-           ;         ;          ;
Radio-S182-1 ;BXP_6  ;RRU4415B7          ; D  ;11  ;-           ;-           ;         ;          ;
Radio-S210-1 ;BXP_3  ;RRU227922B822B20C* ; A  ;11  ;28.4 (44.5) ;1.26 (18.7) ;-95.2    ;-/-       ;SE=210* AG=210 GT=RC68D1/0 GT=RC68D1/1 (1, 1)
Radio-S210-1 ;BXP_3  ;RRU227922B822B20C* ; B  ;11  ;28.0 (44.5) ;1.24 (19.4) ;-94.6    ;-/-       ;SE=210* AG=210 GT=RC68D1/0 GT=RC68D1/1 (1, 1)
Radio-S211-1 ;BXP_4  ;RRU227922B822B20C* ; A  ;11  ;39.9 (46.0) ;1.24 (19.3) ;-98.8    ;-/-       ;SE=211* AG=211 GT=RC68D2/0 GT=RC68D2/1 (1, 1)
Radio-S211-1 ;BXP_4  ;RRU227922B822B20C* ; B  ;11  ;40.5 (46.1) ;1.24 (19.4) ;-98.5    ;-/-       ;SE=211* AG=211 GT=RC68D2/0 GT=RC68D2/1 (1, 1)
Radio-S212-1 ;BXP_2  ;RRU227922B822B20C* ; A  ;11  ;21.1 (43.2) ;1.17 (22.3) ;-99.1    ;-/-       ;SE=212* AG=212 GT=RC68D3/0 GT=RC68D3/1 (1, 1)
Radio-S212-1 ;BXP_2  ;RRU227922B822B20C* ; B  ;11  ;21.3 (43.3) ;1.17 (21.9) ;-96.7    ;-/-       ;SE=212* AG=212 GT=RC68D3/0 GT=RC68D3/1 (1, 1)
-------------------------------------------------------------------------------------------------------------------------------------

RC68L> mfar

251125-14:46:58+0100 19.31.16.211 25.0h MSRBS_NODE_MODEL_25.Q1_198665.224.73_bf81 stopfile=/tmp/2773610
.....
Last MO: 17048. Loaded 17048 MOs. Total: 17049 MOs.
..........................................
get /rop/A20251125.1215-1230_RC68L.xml.gz /ericsson/log/amos/moshell_logfiles/t20251125_37258710_65084/logs_moshell/pmfiles/19.31.16.211/rop/A20251125.1215-1230_RC68L.xml.gz ... OK
get /rop/A20251125.1230-1245_RC68L.xml.gz /ericsson/log/amos/moshell_logfiles/t20251125_37258710_65084/logs_moshell/pmfiles/19.31.16.211/rop/A20251125.1230-1245_RC68L.xml.gz ... OK

Using hardcoded thresholds: 3, 4.5, and 16.5
================================================================================================================================
SC     SE  Tx/Rx BrPair  RfPort1 - RfPort2               HW       Serial      Cell (State)   Samples   Med  Mean  SDev Pol Res Issue
================================================================================================================================
RC68L1 180   2/2 0 (1,2) Radio-S180-1(A) Radio-S180-1(B) RRU4415  TU8U01K7NQ  FDD=RC68L1 (1)  342038   0.5  -0.1   5.4  NA  OK Passed
RC68L2 181   2/2 0 (1,2) Radio-S180-1(C) Radio-S180-1(D) RRU4415  TU8U01K7NQ  FDD=RC68L2 (1)   56993  -0.5  -0.6   7.4  NA  OK Passed
RC68L3 182   2/2 0 (1,2) Radio-S182-1(A) Radio-S182-1(B) RRU4415  TU8U01K7SR  FDD=RC68L3 (1)   69111  -2.5  -2.1   5.0  NA  OK Passed
================================================================================================================================
Total: 3 SectorCarriers, 3 RfBranch Pairs (3 OK, 0 OKW, 0 NOK, 0 NT)
.....
Last MO: 17048. Loaded 17048 MOs. Total: 17049 MOs.

No NRSectorCarrier MOs are defined on the node.

RC68L> mfitr

251125-14:47:14+0100 19.31.16.211 25.0h MSRBS_NODE_MODEL_25.Q1_198665.224.73_bf81 stopfile=/tmp/2773610
.........
Last MO: 17048. Loaded 17048 MOs. Total: 17049 MOs.
.......
2025-11-25 14:47
================================================================================================================================
CELL       SC     FRU          BOARD     PUSCH  PUCCH       A      B      C      D  DELTA
================================================================================================================================
FDD=RC68L1 RC68L1 Radio-S180-1 RRU4415B7 -106.2 -104.5 -106.5 -106.9                  0.4
FDD=RC68L2 RC68L2 Radio-S180-1 RRU4415B7 -117.8 -118.2               -117.2 -118.1    0.9
FDD=RC68L3 RC68L3 Radio-S182-1 RRU4415B7 -118.9 -119.2 -118.7 -118.9                  0.2
================================================================================================================================
Bye...
Output has been logged to file /mta_fs/UserFiles/37258710/amosbatch/SDIR/RC68L.log
