Logging to file /mta_fs/UserFiles/37258710/amosbatch/SDIR/RL09E.log
                        __  __  ____   _____
                  /\   |  \/  |/ __ \ / ____|
                 /  \  | \  / | |  | | (___  
                / /\ \ | |\/| | |  | |\___ \ 
               / ____ \| |  | | |__| |____) |
              /_/    \_\_|  |_|\____/|_____/
              OSS Framework for MoShell-25.0h 
  Copyright (c) Ericsson AB 2001-2025 - All Rights Reserved
              
           
[1;31mWARNING: [0mthe AMOS version currently running is more than 29 weeks old and is unsupported.
Please upgrade as soon as possible to the latest released version, available from your local Ericsson support.

$amosrb_pid = 452196

Checking ip contact...OK

HELP MENU            : h
BASIC MO COMMANDS    : m
OTHER MO COMMANDS    : n
OTHER COMMANDS       : o
PM COMMANDS          : p
QUIT                 : q

RL09E> lt all

251125-08:02:10+0100 19.31.13.114 25.0h  stopfile=/tmp/450859
Looking up temporary_amos account... OK.
Trying temporary_amos_t20251125_37258710_65084_131's password from amos lookupAccount ... OK

$ssh_pid = 458829

Connected to 19.31.13.114 (SubNetwork=BBMM_rckomc_R,MeContext=RL09E,ManagedElement=RL09E)

Checking MOM version...MSRBS_NODE_MODEL_25.Q1_693.28324.131_62ac
Parsing MOM (cached): /ericsson/log/amos/moshell_logfiles/t20251125_37258710_65084/logs_moshell/tempfiles/scp-4-amos_20251125-080157_450587/MSRBS_NODE_MODEL_25.Q1_693.28324.131_62ac.xml.cache.gz ..................................................................................................................................................................................................................................Done.
Using paramfile /opt/ericsson/amos/moshell/commonjars/pm/PARAM_MSRBS_25.Q1.txt
Parsing file /opt/ericsson/amos/moshell/commonjars/pm/PARAM_MSRBS_25.Q1.txt .......................................................................................Done.
Using imomdfile /opt/ericsson/amos/moshell/commonjars/pm/IMOMD_MSRBS_22.Q4.txt
Using imomfile /opt/ericsson/amos/moshell/commonjars/pm/IMOM_MSRBS_25.Q1.txt
Connected to 19.31.13.114 (SubNetwork=BBMM_rckomc_R,MeContext=RL09E,ManagedElement=RL09E)

Last MO: 19272. Loaded 19272 MOs. Total: 19273 MOs.

RL09E> st cell

251125-08:02:29+0100 19.31.13.114 25.0h MSRBS_NODE_MODEL_25.Q1_693.28324.131_62ac stopfile=/tmp/450859
===================================================================================
Proxy  Adm State     Op. State     MO
===================================================================================
   43  1 (UNLOCKED)  1 (ENABLED)   ENodeBFunction=1,EUtranCellFDD=RL09E1
  169  1 (UNLOCKED)  1 (ENABLED)   ENodeBFunction=1,EUtranCellFDD=RL09E2
  332  1 (UNLOCKED)  1 (ENABLED)   ENodeBFunction=1,EUtranCellFDD=RL09E3
  888  1 (UNLOCKED)  1 (ENABLED)   ENodeBFunction=1,NbIotCell=RL09N1
  889  1 (UNLOCKED)  1 (ENABLED)   ENodeBFunction=1,NbIotCell=RL09N2
  890  1 (UNLOCKED)  1 (ENABLED)   ENodeBFunction=1,NbIotCell=RL09N3
 2208  1 (UNLOCKED)  1 (ENABLED)   GNBDUFunction=1,NRCellDU=RL09G1
 2210  1 (UNLOCKED)  1 (ENABLED)   GNBDUFunction=1,NRCellDU=RL09G2
 2212  1 (UNLOCKED)  1 (ENABLED)   GNBDUFunction=1,NRCellDU=RL09G3
===================================================================================
Total: 9 MOs

INFO: NRCellDU status needs to be printed with command "stz" or "hget ,nrcell state" due to dependency to cellState/serviceState attributes.

RL09E> st radio

251125-08:02:30+0100 19.31.13.114 25.0h MSRBS_NODE_MODEL_25.Q1_693.28324.131_62ac stopfile=/tmp/450859
===================================================================================
Proxy  Adm State     Op. State     MO
===================================================================================
 1801  1 (UNLOCKED)  1 (ENABLED)   Equipment=1,FieldReplaceableUnit=Radio-S220-1
 1828  1 (UNLOCKED)  1 (ENABLED)   Equipment=1,FieldReplaceableUnit=Radio-S221-1
 1855  1 (UNLOCKED)  1 (ENABLED)   Equipment=1,FieldReplaceableUnit=Radio-S222-1
19267  1 (UNLOCKED)  1 (ENABLED)   Transport=1,Synchronization=1,RadioEquipmentClock=1,RadioEquipmentClockReference=NTP1
19268  1 (UNLOCKED)  1 (ENABLED)   Transport=1,Synchronization=1,RadioEquipmentClock=1,RadioEquipmentClockReference=PTP
===================================================================================
Total: 5 MOs

RL09E> sdir

251125-08:02:31+0100 19.31.13.114 25.0h MSRBS_NODE_MODEL_25.Q1_693.28324.131_62ac stopfile=/tmp/450859
INFO: Using amos lookupAccount credentials for the export login
...............................
get /rop/A20251125.0615-0630_RL09E.xml.gz /ericsson/log/amos/moshell_logfiles/t20251125_37258710_65084/logs_moshell/pmfiles/19.31.13.114/rop/A20251125.0615-0630_RL09E.xml.gz ... OK
get /rop/A20251125.0630-0645_RL09E.xml.gz /ericsson/log/amos/moshell_logfiles/t20251125_37258710_65084/logs_moshell/pmfiles/19.31.13.114/rop/A20251125.0630-0645_RL09E.xml.gz ... OK
get /rop/A20251125.0645-0700_RL09E.xml.gz /ericsson/log/amos/moshell_logfiles/t20251125_37258710_65084/logs_moshell/pmfiles/19.31.13.114/rop/A20251125.0645-0700_RL09E.xml.gz ... OK
...Checking available boards on node...

Collecting RCS board data ...
.......................................................................................................................
.
...............................................................................................................................................................................................................................................................................................................................
......
Collecting TN data...
.........................................................................................................................................................................................................................................................................
Collecting RF data...
..
Collecting Alarms...
Executing action Log.export()
...
Log=AlarmLog                    actionId=50033
............
Executing action LogM.exportAvailabilityLog()
..LogM=1,exportAvailabilityLog    actionId=50034
.....Parsing alarmLog.....Done.
Parsing availabilityLog...Done.
...

Total: 3 CPRI links (3 OK, 0 OKW, 0 NOK, 0 NT)

+--------+                      +----------------------------+
|        | A        O101     D1 |        Radio-S220-1        |
|        |-----------1----------| RRU247924B824B2024B28BM01* |
|        |         OK-57m       |           BXP_4            |
|        |                      +----------------------------+
|        |                                     |A  |B  |C  |D
|        |                          SE=220* AG=220 FDD=RL09E1
|        |                             NIOT=RL09N1 NRC=RL09G1
|        |
|        |                      +----------------------------+
|        | B        O101     D1 |        Radio-S221-1        |
|        |-----------2----------| RRU247924B824B2024B28BM01* |
|  BB-1  |         OK-57m       |           BXP_2            |
| BB6631 |                      +----------------------------+
| 000100 |                                     |A  |B  |C  |D
|        |                          SE=221* AG=221 FDD=RL09E2
|        |                             NIOT=RL09N2 NRC=RL09G2
|        |
|        |                      +----------------------------+
|        | C        O101     D1 |        Radio-S222-1        |
|        |-----------3----------| RRU247924B824B2024B28BM01* |
|        |         OK-57m       |           BXP_3            |
|        |                      +----------------------------+
|        |                                     |A  |B  |C  |D
|        |                          SE=222* AG=222 FDD=RL09E3
|        |                             NIOT=RL09N3 NRC=RL09G3
+--------+

=====================================================================================================================================
ID RiL    Type Res MO1-MO2                  BOARD1-BOARD2                     AlmIDs Cells (States)                            Issue (Failed checks)
=====================================================================================================================================
 1 S220-1 O101 OK  BB-1(A) Radio-S220-1(D1) BB6631 RRU247924B824B2024B28BM01*        FDD=RL09E1 NIOT=RL09N1 NRC=RL09G1 (1,1,1) Passed
 2 S221-1 O101 OK  BB-1(B) Radio-S221-1(D1) BB6631 RRU247924B824B2024B28BM01*        FDD=RL09E2 NIOT=RL09N2 NRC=RL09G2 (1,1,1) Passed
 3 S222-1 O101 OK  BB-1(C) Radio-S222-1(D1) BB6631 RRU247924B824B2024B28BM01*        FDD=RL09E3 NIOT=RL09N3 NRC=RL09G3 (1,1,1) Passed
-------------------------------------------------------------------------------------------------------------------------------------

Node: RadioNode LN   CXP2010174/2_R27J08 (25.Q1)   G3.1   LTE-FDD,LTE-IoT NR-LB-FDD-NSA

=====================================================================================================================================
FRU          ;LNH    ;BOARD                      ;ST ;FAULT ;OPER ;MAINT ;STAT ;PRODUCTNUMBER   ;REV     ;SERIAL        ;DATE     ;PMTEMP ; TEMP ; UPT ;VOLT ;SW                   ;
=====================================================================================================================================
BB-1         ;000100 ;BB6631                     ; 1 ;  OFF ;  ON ;  OFF ;  ON ;KDU1370071/11   ;R3H     ;E96A01BKTK    ;20250107 ;3 (OK) ;      ; 131 ;53   ;                     ;
Radio-S220-1 ;BXP_4  ;RRU247924B824B2024B28BM01* ; 1 ;  OFF ;  ON ;  OFF ; N/A ;KRC161832/1     ;R2J     ;TU8U02VKE3    ;20250115 ;4 (OK) ; 27.5 ; 131 ;54.3 ;CXP9013268%15_R101LX ; (Radio247924B824B2024B28BM01)
Radio-S221-1 ;BXP_2  ;RRU247924B824B2024B28BM01* ; 1 ;  OFF ;  ON ;  OFF ; N/A ;KRC161832/1     ;R2J     ;TU8U02VH49    ;20250114 ;4 (OK) ; 30.9 ; 131 ;54.1 ;CXP9013268%15_R101LX ; (Radio247924B824B2024B28BM01)
Radio-S222-1 ;BXP_3  ;RRU247924B824B2024B28BM01* ; 1 ;  OFF ;  ON ;  OFF ; N/A ;KRC161832/1     ;R2J     ;TU8U02VDFD    ;20250110 ;4 (OK) ; 27.6 ; 131 ;53.9 ;CXP9013268%15_R101LX ; (Radio247924B824B2024B28BM01)
-------------------------------------------------------------------------------------------------------------------------------------

=====================================================================================================================================
AntennaNearUnit                                     ;ST  ;TYPE   ;PRODUCTNR       ;REV                ;UNIQUEID             ;RfPort
=====================================================================================================================================
AntennaUnitGroup=220,AntennaNearUnit=RET_700_800_1  ; 1  ;S-RET  ;AIMM20M22S0v03  ;WD83MANWRCU_VER.A  ;HWN4386Q902T5075Lr1  ;FieldReplaceableUnit=Radio-S220-1,RfPort=R
AntennaUnitGroup=220,AntennaNearUnit=RET_700_800_2  ; 1  ;S-RET  ;AIMM20M22S0v03  ;WD83MANWRCU_VER.A  ;HWN4386Q902T6034Rr2  ;FieldReplaceableUnit=Radio-S220-1,RfPort=R
AntennaUnitGroup=221,AntennaNearUnit=RET_700_800_1  ; 1  ;S-RET  ;AIMM20M22S0v03  ;WD83MANWRCU_VER.A  ;HWN4386Q902UL025Lr1  ;FieldReplaceableUnit=Radio-S221-1,RfPort=R
AntennaUnitGroup=221,AntennaNearUnit=RET_700_800_2  ; 1  ;S-RET  ;AIMM20M22S0v03  ;WD83MANWRCU_VER.A  ;HWN4386Q902UM053Rr2  ;FieldReplaceableUnit=Radio-S221-1,RfPort=R
AntennaUnitGroup=222,AntennaNearUnit=RET_700_800_1  ; 1  ;S-RET  ;AIMM20M22S0v03  ;WD83MANWRCU_VER.A  ;HWN4386Q902F8011Lr1  ;FieldReplaceableUnit=Radio-S222-1,RfPort=R
AntennaUnitGroup=222,AntennaNearUnit=RET_700_800_2  ; 1  ;S-RET  ;AIMM20M22S0v03  ;WD83MANWRCU_VER.A  ;HWN4386Q902F9035Rr2  ;FieldReplaceableUnit=Radio-S222-1,RfPort=R
-------------------------------------------------------------------------------------------------------------------------------------

=====================================================================================================================================
XPBOARD  ;ST ;FAULT ;OPER ;PRODUCTNUMBER ;REV ;SERIAL/NAME ;DATE     ; TEMP ;MO
=====================================================================================================================================
FAN08    ; 1 ;N/A   ;N/A  ;BKV106236/1   ;R2H ;DD14019192  ;20241126 ; 40.9 ;SupportUnit=1 (FAN  BB-1)
-------------------------------------------------------------------------------------------------------------------------------------

=====================================================================================================================================
ID ;T ;RiL    ;BPBP ;BOARD1                     ;LNH1 ;PORT ;R ;LINK ;RATE  ; BER ;BOARD2                     ;LNH2 ;PORT ;R ;LINK ;RATE  ; BER ;LENGTH ;MO1 - MO2
=====================================================================================================================================
 1 ;O ;S220-1 ;1111 ;BB6631                     ;000100 ; 1 ;M ;Up   ;10.1G ;   0 ;RRU247924B824B2024B28BM01* ;BXP_4  ; 0 ;S ;Up   ;10.1G ;   0 ;   57m ;Fru=BB-1(A) Fru=Radio-S220-1(D1)
 2 ;O ;S221-1 ;1111 ;BB6631                     ;000100 ; 2 ;M ;Up   ;10.1G ;   0 ;RRU247924B824B2024B28BM01* ;BXP_2  ; 0 ;S ;Up   ;10.1G ;   0 ;   57m ;Fru=BB-1(B) Fru=Radio-S221-1(D1)
 3 ;O ;S222-1 ;1111 ;BB6631                     ;000100 ; 3 ;M ;Up   ;10.1G ;   0 ;RRU247924B824B2024B28BM01* ;BXP_3  ; 0 ;S ;Up   ;10.1G ;   0 ;   57m ;Fru=BB-1(C) Fru=Radio-S222-1(D1)
-------------------------------------------------------------------------------------------------------------------------------------

=====================================================================================================================================
ID ;LINK ;RiL    ;VENDOR1  ;VENDORPROD1      ;REV1 ;SERIAL1    ;DATE1    ;ERICSSONPROD1  ;VENDOR2  ;VENDORPROD2      ;REV2 ;SERIAL2    ;DATE2    ;ERICSSONPROD2  ;TT ;WL1     ;WL2    
=====================================================================================================================================
 1 ;Up   ;S220-1 ;ERICSSON ;RTXM228-702-C22  ;1.0  ;CU824M1988 ;20241216 ;RDH10265/2 R1A ;ERICSSON ;RTXM228-702-C22  ;1.0  ;CU824M197K ;20241216 ;RDH10265/2 R1A ;0  ;1310.00 ;1310.00
 2 ;Up   ;S221-1 ;ERICSSON ;RTXM228-702-C22  ;1.0  ;CU824M198B ;20241216 ;RDH10265/2 R1A ;ERICSSON ;RTXM228-702-C22  ;1.0  ;CU824M197L ;20241216 ;RDH10265/2 R1A ;0  ;1310.00 ;1310.00
 3 ;Up   ;S222-1 ;ERICSSON ;RTXM228-702-C22  ;1.0  ;CU824M1989 ;20241216 ;RDH10265/2 R1A ;ERICSSON ;RTXM228-702-C22  ;1.0  ;CU824M197M ;20241216 ;RDH10265/2 R1A ;0  ;1310.00 ;1310.00
-------------------------------------------------------------------------------------------------------------------------------------

=====================================================================================================================================
ID ;LINK ;RiL    ;WL1     ;TEMP1 ;TXbs1 ;TXdBm1 ;RXdBm1 ;BER1   ;WL2     ;TEMP2 ;TXbs2 ;TXdBm2 ;RXdBm2 ;BER2   ;DlLoss ;UlLoss ;LENGTH ;TT
=====================================================================================================================================
 1 ;Up   ;S220-1 ;1310.00 ;38C   ;57%   ;-1.91  ;-1.17  ;   0   ;1310.00 ;28C   ;51%   ;-1.15  ;-2.38  ;   0   ;  0.47 ;  0.02 ;   57m ; 0
 2 ;Up   ;S221-1 ;1310.00 ;42C   ;57%   ;-0.93  ;-2.05  ;   0   ;1310.00 ;28C   ;53%   ;-0.46  ;-2.26  ;   0   ;  1.33 ;  1.59 ;   57m ; 0
 3 ;Up   ;S222-1 ;1310.00 ;40C   ;56%   ;-0.93  ;-1.16  ;   0   ;1310.00 ;29C   ;51%   ;-0.52  ;-1.54  ;   0   ;  0.61 ;  0.64 ;   57m ; 0
-------------------------------------------------------------------------------------------------------------------------------------

=====================================================================================================================================
ID ;RiL    ;BOARD                      ;SFPLNH  ;PORT ;VENDOR   ;VENDORPROD       ;REV  ;SERIAL     ;DATE     ;ERICSSONPROD   ;WL      ;TEMP  ;TXbs  ;TXdBm  ;RXdBm  ; BER
=====================================================================================================================================
 1 ;S220-1 ;BB6631                     ;000100   ;  1 ;ERICSSON ;RTXM228-702-C22  ;1.0  ;CU824M1988 ;20241216 ;RDH10265/2 R1A ;1310.00 ;38C   ;57%   ;-1.91  ;-1.17  ;   0
 2 ;S221-1 ;BB6631                     ;000100   ;  2 ;ERICSSON ;RTXM228-702-C22  ;1.0  ;CU824M198B ;20241216 ;RDH10265/2 R1A ;1310.00 ;42C   ;57%   ;-0.93  ;-2.05  ;   0
 3 ;S222-1 ;BB6631                     ;000100   ;  3 ;ERICSSON ;RTXM228-702-C22  ;1.0  ;CU824M1989 ;20241216 ;RDH10265/2 R1A ;1310.00 ;40C   ;56%   ;-0.93  ;-1.16  ;   0
 2 ;S221-1 ;RRU247924B824B2024B28BM01* ;BXP_2    ;  0 ;ERICSSON ;RTXM228-702-C22  ;1.0  ;CU824M197L ;20241216 ;RDH10265/2 R1A ;1310.00 ;28C   ;53%   ;-0.46  ;-2.26  ;   0
 3 ;S222-1 ;RRU247924B824B2024B28BM01* ;BXP_3    ;  0 ;ERICSSON ;RTXM228-702-C22  ;1.0  ;CU824M197M ;20241216 ;RDH10265/2 R1A ;1310.00 ;29C   ;51%   ;-0.52  ;-1.54  ;   0
 1 ;S220-1 ;RRU247924B824B2024B28BM01* ;BXP_4    ;  0 ;ERICSSON ;RTXM228-702-C22  ;1.0  ;CU824M197K ;20241216 ;RDH10265/2 R1A ;1310.00 ;28C   ;51%   ;-1.15  ;-2.38  ;   0
-------------------------------------------------------------------------------------------------------------------------------------
TN ;       ;BB6631                     ;000100   ; IB ;ERICSSON ;EOLS-1324-10-DIY ;1.0  ;DZ8QC00JKK ;20241213 ;RDH10247/2 R2A ;1310    ;39C   ;20%   ;-5.85  ;-10.27 ;NZ/0
-------------------------------------------------------------------------------------------------------------------------------------

=====================================================================================================================================
BOARD  ;LNH    ;PORT     ;T ;S ;OpMode         ;AutoNeg ;MacAddress        ;VlanIds   ;LOS ;BER
=====================================================================================================================================
BB6631 ;000100 ;TN_E     ;E ;1 ;1G_FULL_MASTER ;true    ;F4:3C:96:AA:74:BE ;3910      ;0   ;0/0
BB6631 ;000100 ;TN_IDL_B ;O ;1 ;1G_FULL        ;true    ;F4:3C:96:AA:74:BB ;3908,3910 ;0   ;NZ/0
-------------------------------------------------------------------------------------------------------------------------------------

radioClockState : RNT_TIME_LOCKED
-------------------------------------------------------------------------------------
Prio  ;ST  ;syncRefType    ;refStatus  ;opQualLevel  ;SyncReference
-------------------------------------------------------------------------------------
  *1  ; 1  ;PTP_TIME       ;NO_FAULT   ;PRTC         ;Ptp=1,BoundaryOrdinaryClock=PTP (G_8275_1 EthernetPort=TN_IDL_B:SLAVE)
   2  ; 1  ;NTP_FREQUENCY  ;NO_FAULT   ;PRC          ;Ntp=1,NtpFrequencySync=NTP1 (10.31.0.54:32751 Router=45G_Traffic,InterfaceIPv4=LTE,AddressIPv4=LTE)
-------------------------------------------------------------------------------------
-------------------------------------------------------------------------------------
Prio  ;ST  ;assistRefStatus  ;recQualLevel  ;AssistingReference
-------------------------------------------------------------------------------------
   1  ; 1  ;NO_FAULT         ;PRC           ;Synchronization=1,SyncEthInput=SyncE (SFP_OPTICAL EthernetPort=TN_IDL_B)
-------------------------------------------------------------------------------------

=====================================================================================================================================
FRU          ;LNH    ;BOARD                      ;RF  ;BP  ;TX (W/dBm)  ;VSWR (RL)   ;RX (dBm) ;UEs/gUEs  ;Sector/AntennaGroup/Cells (State:CellIds:PCIs)
=====================================================================================================================================
Radio-S220-1 ;BXP_4  ;RRU247924B824B2024B28BM01* ; A  ;11  ;28.2 (44.5) ;1.12 (25.2) ;-96.9    ;5/-       ;SE=220* AG=220 FDD=RL09E1 NIOT=RL09N1 NRC=RL09G1 (1:61:394, 1:161:394, 1:561:897)
Radio-S220-1 ;BXP_4  ;RRU247924B824B2024B28BM01* ; B  ;11  ;26.3 (44.2) ;1.10 (26.2) ;-97.1    ;5/-       ;SE=220* AG=220 FDD=RL09E1 NIOT=RL09N1 NRC=RL09G1 (1:61:394, 1:161:394, 1:561:897)
Radio-S220-1 ;BXP_4  ;RRU247924B824B2024B28BM01* ; C  ;11  ;15.8 (42.0) ;1.11 (25.6) ;-96.8    ;5/-       ;SE=220* AG=220 FDD=RL09E1 NIOT=RL09N1 NRC=RL09G1 (1:61:394, 1:161:394, 1:561:897)
Radio-S220-1 ;BXP_4  ;RRU247924B824B2024B28BM01* ; D  ;11  ;16.2 (42.1) ;1.08 (28.1) ;-97.0    ;5/-       ;SE=220* AG=220 FDD=RL09E1 NIOT=RL09N1 NRC=RL09G1 (1:61:394, 1:161:394, 1:561:897)
Radio-S221-1 ;BXP_2  ;RRU247924B824B2024B28BM01* ; A  ;11  ;5.8 (37.6)  ;1.19 (21.2) ;-95.8    ;13/-      ;SE=221* AG=221 FDD=RL09E2 NIOT=RL09N2 NRC=RL09G2 (1:62:482, 1:162:482, 1:562:906)
Radio-S221-1 ;BXP_2  ;RRU247924B824B2024B28BM01* ; B  ;11  ;5.8 (37.6)  ;1.23 (19.6) ;-96.1    ;13/-      ;SE=221* AG=221 FDD=RL09E2 NIOT=RL09N2 NRC=RL09G2 (1:62:482, 1:162:482, 1:562:906)
Radio-S221-1 ;BXP_2  ;RRU247924B824B2024B28BM01* ; C  ;11  ;13.5 (41.3) ;1.23 (19.8) ;-95.4    ;13/-      ;SE=221* AG=221 FDD=RL09E2 NIOT=RL09N2 NRC=RL09G2 (1:62:482, 1:162:482, 1:562:906)
Radio-S221-1 ;BXP_2  ;RRU247924B824B2024B28BM01* ; D  ;11  ;13.8 (41.4) ;1.21 (20.6) ;-96.1    ;13/-      ;SE=221* AG=221 FDD=RL09E2 NIOT=RL09N2 NRC=RL09G2 (1:62:482, 1:162:482, 1:562:906)
Radio-S222-1 ;BXP_3  ;RRU247924B824B2024B28BM01* ; A  ;11  ;9.3 (39.7)  ;1.08 (28.1) ;-94.2    ;7/1       ;SE=222* AG=222 FDD=RL09E3 NIOT=RL09N3 NRC=RL09G3 (1:63:487, 1:163:487, 1:563:399)
Radio-S222-1 ;BXP_3  ;RRU247924B824B2024B28BM01* ; B  ;11  ;10.2 (40.1) ;1.06 (30.9) ;-95.7    ;7/1       ;SE=222* AG=222 FDD=RL09E3 NIOT=RL09N3 NRC=RL09G3 (1:63:487, 1:163:487, 1:563:399)
Radio-S222-1 ;BXP_3  ;RRU247924B824B2024B28BM01* ; C  ;11  ;15.8 (42.0) ;1.05 (32.1) ;-94.1    ;7/1       ;SE=222* AG=222 FDD=RL09E3 NIOT=RL09N3 NRC=RL09G3 (1:63:487, 1:163:487, 1:563:399)
Radio-S222-1 ;BXP_3  ;RRU247924B824B2024B28BM01* ; D  ;11  ;16.2 (42.1) ;1.02 (40.0) ;-96.1    ;7/1       ;SE=222* AG=222 FDD=RL09E3 NIOT=RL09N3 NRC=RL09G3 (1:63:487, 1:163:487, 1:563:399)
-------------------------------------------------------------------------------------------------------------------------------------

RL09E> mfar

251125-08:05:12+0100 19.31.13.114 25.0h MSRBS_NODE_MODEL_25.Q1_693.28324.131_62ac stopfile=/tmp/450859
.....
Last MO: 19285. Loaded 19285 MOs. Total: 19286 MOs.
..........................................
get /rop/A20251125.0530-0545_RL09E.xml.gz /ericsson/log/amos/moshell_logfiles/t20251125_37258710_65084/logs_moshell/pmfiles/19.31.13.114/rop/A20251125.0530-0545_RL09E.xml.gz ... OK
get /rop/A20251125.0545-0600_RL09E.xml.gz /ericsson/log/amos/moshell_logfiles/t20251125_37258710_65084/logs_moshell/pmfiles/19.31.13.114/rop/A20251125.0545-0600_RL09E.xml.gz ... OK
get /rop/A20251125.0600-0615_RL09E.xml.gz /ericsson/log/amos/moshell_logfiles/t20251125_37258710_65084/logs_moshell/pmfiles/19.31.13.114/rop/A20251125.0600-0615_RL09E.xml.gz ... OK

Using hardcoded thresholds: 3, 4.5, and 16.5
================================================================================================================================
SC     SE  Tx/Rx BrPair  RfPort1 - RfPort2               HW       Serial      Cell (State)   Samples   Med  Mean  SDev Pol Res Issue
================================================================================================================================
RL09E1 220   2/4 0 (1,2) Radio-S220-1(A) Radio-S220-1(B) RRU2479  TU8U02VKE3  FDD=RL09E1 (1)  138203  -0.5  -0.3   6.6  NA  OK Passed
RL09E1 220   2/4 1 (2,3) Radio-S220-1(B) Radio-S220-1(C) RRU2479  TU8U02VKE3  FDD=RL09E1 (1)  138203   0.5   0.1   6.5  NA  OK Passed
RL09E1 220   2/4 2 (3,4) Radio-S220-1(C) Radio-S220-1(D) RRU2479  TU8U02VKE3  FDD=RL09E1 (1)  138203   0.5   0.1   6.6  NA  OK Passed
RL09E2 221   2/4 0 (1,2) Radio-S221-1(A) Radio-S221-1(B) RRU2479  TU8U02VH49  FDD=RL09E2 (1)  247285  -1.5  -1.4   6.8  NA  OK Passed
RL09E2 221   2/4 1 (2,3) Radio-S221-1(B) Radio-S221-1(C) RRU2479  TU8U02VH49  FDD=RL09E2 (1)  247285   1.5   1.6   7.0  NA  OK Passed
RL09E2 221   2/4 2 (3,4) Radio-S221-1(C) Radio-S221-1(D) RRU2479  TU8U02VH49  FDD=RL09E2 (1)  247285  -1.5  -1.7   7.1  NA  OK Passed
RL09E3 222   2/4 0 (1,2) Radio-S222-1(A) Radio-S222-1(B) RRU2479  TU8U02VDFD  FDD=RL09E3 (1)  190142   0.5   0.2   6.5  NA  OK Passed
RL09E3 222   2/4 1 (2,3) Radio-S222-1(B) Radio-S222-1(C) RRU2479  TU8U02VDFD  FDD=RL09E3 (1)  190142  -0.5  -0.6   6.5  NA  OK Passed
RL09E3 222   2/4 2 (3,4) Radio-S222-1(C) Radio-S222-1(D) RRU2479  TU8U02VDFD  FDD=RL09E3 (1)  190142   0.5   0.4   6.5  NA  OK Passed
================================================================================================================================
Total: 3 SectorCarriers, 9 RfBranch Pairs (9 OK, 0 OKW, 0 NOK, 0 NT)
......
Last MO: 19285. Loaded 19285 MOs. Total: 19286 MOs.
..........................................

Using hardcoded thresholds: 3, 4.5, and 16.5
================================================================================================================================
SC     SE  Tx/Rx BrPair  RfPort1 - RfPort2               HW       Serial      Cell (State)  Samples   Med  Mean  SDev Pol Res Issue
================================================================================================================================
RL09G1 220   2/4 0 (1,2) Radio-S220-1(A) Radio-S220-1(B) RRU2479  TU8U02VKE3  DU=RL09G1 (1)    7628  -0.5  -0.0   7.6  NA  OK Passed
RL09G1 220   2/4 1 (2,3) Radio-S220-1(B) Radio-S220-1(C) RRU2479  TU8U02VKE3  DU=RL09G1 (1)    7628   0.5   0.3   7.6  NA  OK Passed
RL09G1 220   2/4 2 (3,4) Radio-S220-1(C) Radio-S220-1(D) RRU2479  TU8U02VKE3  DU=RL09G1 (1)    7626  -0.5  -0.4   7.5  NA  OK Passed
RL09G2 221   2/4 0 (1,2) Radio-S221-1(A) Radio-S221-1(B) RRU2479  TU8U02VH49  DU=RL09G2 (1)   54950  -2.5  -2.6   7.1  NA  OK Passed
RL09G2 221   2/4 1 (2,3) Radio-S221-1(B) Radio-S221-1(C) RRU2479  TU8U02VH49  DU=RL09G2 (1)   54950   3.5   3.4   7.3  NA OKW Possible RF Loss or PIM at Radio-S221-1(B)
RL09G2 221   2/4 2 (3,4) Radio-S221-1(C) Radio-S221-1(D) RRU2479  TU8U02VH49  DU=RL09G2 (1)   54950  -2.5  -2.7   7.1  NA  OK Passed
RL09G3 222   2/4 0 (1,2) Radio-S222-1(A) Radio-S222-1(B) RRU2479  TU8U02VDFD  DU=RL09G3 (1)   47495   0.5   0.2   6.6  NA  OK Passed
RL09G3 222   2/4 1 (2,3) Radio-S222-1(B) Radio-S222-1(C) RRU2479  TU8U02VDFD  DU=RL09G3 (1)   47495  -0.5  -1.2   6.7  NA  OK Passed
RL09G3 222   2/4 2 (3,4) Radio-S222-1(C) Radio-S222-1(D) RRU2479  TU8U02VDFD  DU=RL09G3 (1)   47496   0.5   0.8   6.7  NA  OK Passed
================================================================================================================================
Total: 3 NRSectorCarriers, 9 RfBranch Pairs (8 OK, 1 OKW, 0 NOK, 0 NT)

RL09E> mfitr

251125-08:05:44+0100 19.31.13.114 25.0h MSRBS_NODE_MODEL_25.Q1_693.28324.131_62ac stopfile=/tmp/450859
..........
Last MO: 19285. Loaded 19285 MOs. Total: 19286 MOs.
........
2025-11-25 08:06
================================================================================================================================
CELL       SC     FRU          BOARD                     PUSCH  PUCCH       A      B      C      D  DELTA
================================================================================================================================
FDD=RL09E1 RL09E1 Radio-S220-1 RRU247924B824B2024B28BM01 -118.8 -117.6 -119.0 -119.0 -119.1 -119.0    0.1
FDD=RL09E2 RL09E2 Radio-S221-1 RRU247924B824B2024B28BM01 -117.0 -114.6 -116.9 -116.2 -116.8 -116.5    0.7
FDD=RL09E3 RL09E3 Radio-S222-1 RRU247924B824B2024B28BM01 -117.5 -113.5 -115.6 -114.4 -115.6 -115.3    1.2
================================================================================================================================
Bye...
Output has been logged to file /mta_fs/UserFiles/37258710/amosbatch/SDIR/RL09E.log
