Logging to file /mta_fs/UserFiles/37258710/amosbatch/SDIR/RL27L.log
                        __  __  ____   _____
                  /\   |  \/  |/ __ \ / ____|
                 /  \  | \  / | |  | | (___  
                / /\ \ | |\/| | |  | |\___ \ 
               / ____ \| |  | | |__| |____) |
              /_/    \_\_|  |_|\____/|_____/
              OSS Framework for MoShell-25.0h 
  Copyright (c) Ericsson AB 2001-2025 - All Rights Reserved
              
           
[1;31mWARNING: [0mthe AMOS version currently running is more than 29 weeks old and is unsupported.
Please upgrade as soon as possible to the latest released version, available from your local Ericsson support.

$amosrb_pid = 2612929

Checking ip contact...OK

HELP MENU            : h
BASIC MO COMMANDS    : m
OTHER MO COMMANDS    : n
OTHER COMMANDS       : o
PM COMMANDS          : p
QUIT                 : q

RL27L> lt all

251125-13:54:58+0100 19.31.13.193 25.0h  stopfile=/tmp/2612832
Looking up temporary_amos account... OK.
Trying temporary_amos_t20251125_37258710_65084_131's password from amos lookupAccount ... OK

$ssh_pid = 2613370

Connected to 19.31.13.193 (SubNetwork=BBMM_rckomc_R,MeContext=RL27L,ManagedElement=RL27L)

Checking MOM version...MSRBS_NODE_MODEL_25.Q1_693.28324.131_62ac
Parsing MOM (cached): /ericsson/log/amos/moshell_logfiles/t20251125_37258710_65084/logs_moshell/tempfiles/scp-4-amos_20251125-135452_2612773/MSRBS_NODE_MODEL_25.Q1_693.28324.131_62ac.xml.cache.gz ..................................................................................................................................................................................................................................Done.
Using paramfile /opt/ericsson/amos/moshell/commonjars/pm/PARAM_MSRBS_25.Q1.txt
Parsing file /opt/ericsson/amos/moshell/commonjars/pm/PARAM_MSRBS_25.Q1.txt .......................................................................................Done.
Using imomdfile /opt/ericsson/amos/moshell/commonjars/pm/IMOMD_MSRBS_22.Q4.txt
Using imomfile /opt/ericsson/amos/moshell/commonjars/pm/IMOM_MSRBS_25.Q1.txt
Connected to 19.31.13.193 (SubNetwork=BBMM_rckomc_R,MeContext=RL27L,ManagedElement=RL27L)

Last MO: 16744. Loaded 16744 MOs. Total: 16745 MOs.

RL27L> st cell

251125-13:55:11+0100 19.31.13.193 25.0h MSRBS_NODE_MODEL_25.Q1_693.28324.131_62ac stopfile=/tmp/2612832
===================================================================================
Proxy  Adm State     Op. State     MO
===================================================================================
   52  1 (UNLOCKED)  1 (ENABLED)   ENodeBFunction=1,EUtranCellFDD=RL27L1
  153  1 (UNLOCKED)  1 (ENABLED)   ENodeBFunction=1,EUtranCellFDD=RL27L2
===================================================================================
Total: 2 MOs

RL27L> st radio

251125-13:55:12+0100 19.31.13.193 25.0h MSRBS_NODE_MODEL_25.Q1_693.28324.131_62ac stopfile=/tmp/2612832
===================================================================================
Proxy  Adm State     Op. State     MO
===================================================================================
 1023  1 (UNLOCKED)  1 (ENABLED)   Equipment=1,FieldReplaceableUnit=Radio-S10-1
 1035  1 (UNLOCKED)  1 (ENABLED)   Equipment=1,FieldReplaceableUnit=Radio-S11-1
 1047  1 (UNLOCKED)  1 (ENABLED)   Equipment=1,FieldReplaceableUnit=Radio-S180-1
16738  1 (UNLOCKED)  1 (ENABLED)   Transport=1,Synchronization=1,RadioEquipmentClock=1,RadioEquipmentClockReference=NTP1
16739  1 (UNLOCKED)  1 (ENABLED)   Transport=1,Synchronization=1,RadioEquipmentClock=1,RadioEquipmentClockReference=PTP
===================================================================================
Total: 5 MOs

RL27L> sdir

251125-13:55:12+0100 19.31.13.193 25.0h MSRBS_NODE_MODEL_25.Q1_693.28324.131_62ac stopfile=/tmp/2612832
INFO: Using amos lookupAccount credentials for the export login
...............................
get /rop/A20251125.1200-1215_RL27L.xml.gz /ericsson/log/amos/moshell_logfiles/t20251125_37258710_65084/logs_moshell/pmfiles/19.31.13.193/rop/A20251125.1200-1215_RL27L.xml.gz ... OK
get /rop/A20251125.1215-1230_RL27L.xml.gz /ericsson/log/amos/moshell_logfiles/t20251125_37258710_65084/logs_moshell/pmfiles/19.31.13.193/rop/A20251125.1215-1230_RL27L.xml.gz ... OK
get /rop/A20251125.1230-1245_RL27L.xml.gz /ericsson/log/amos/moshell_logfiles/t20251125_37258710_65084/logs_moshell/pmfiles/19.31.13.193/rop/A20251125.1230-1245_RL27L.xml.gz ... OK
...Checking available boards on node...

Collecting RCS board data ...
........................................................................................................................
.
.............................................................................................................................................................................................................................................................
.........
Collecting TN data...
........................................................................................................................................................................................................................................................................
Collecting RF data...

Collecting Alarms...
Executing action Log.export()
...
Log=AlarmLog                    actionId=47749
.....
Executing action LogM.exportAvailabilityLog()
..LogM=1,exportAvailabilityLog    actionId=47750
.....Parsing alarmLog.....Done.
Parsing availabilityLog.....Done.
....

Total: 3 CPRI links (3 OK, 0 OKW, 0 NOK, 0 NT)

+--------+                      +-------------+
|        | A        O98      D1 | Radio-S10-1 |
|        |-----------1----------|  RRU2219B8  |
|        |         OK-57m       |    BXP_4    |
|        |                      +-------------+
|        |                              |A  |B
|        |             SE=10 AG=10 GT=RL27D1/0
|        |                         GT=RL27D1/8
|        |
|        |                      +-------------+
|        | B        O98      D1 | Radio-S11-1 |
|        |-----------2----------|  RRU2219B8  |
|        |         OK-57m       |    BXP_3    |
|  BB-1  |                      +-------------+
| BB6631 |                              |A  |B
| 000100 |             SE=11 AG=11 GT=RL27D2/0
|        |                         GT=RL27D2/1
|        |
|        |                      +---------------+
|        | D        O101     D1 | Radio-S180-1  |
|        |-----------3----------|   RRU4415B7   |
|        |         OK-56m       |     BXP_2     |
|        |                      +---------------+
|        |                        |A  |B  |C  |D
|        |                 SE=180 AG=180  |   |
|        |                    FDD=RL27L1  |   |
|        |                         SE=181 AG=181
|        |                            FDD=RL27L2
|        |
+--------+

=====================================================================================================================================
ID RiL    Type Res MO1-MO2                  BOARD1-BOARD2    AlmIDs Cells (States)                Issue (Failed checks)
=====================================================================================================================================
 1 S10-1  O98  OK  BB-1(A) Radio-S10-1(D1)  BB6631 RRU2219B8        GT=RL27D1/0 GT=RL27D1/8 (1,1) Passed
 2 S11-1  O98  OK  BB-1(B) Radio-S11-1(D1)  BB6631 RRU2219B8        GT=RL27D2/0 GT=RL27D2/1 (1,D) Passed
 3 S180-1 O101 OK  BB-1(D) Radio-S180-1(D1) BB6631 RRU4415B7        FDD=RL27L1 FDD=RL27L2 (1,1)   Passed
-------------------------------------------------------------------------------------------------------------------------------------

Node: RadioNode GL   CXP2010174/2_R27J08 (25.Q1)   G3.1   GSM LTE-FDD 

=====================================================================================================================================
FRU          ;LNH    ;BOARD     ;ST ;FAULT ;OPER ;MAINT ;STAT ;PRODUCTNUMBER   ;REV     ;SERIAL        ;DATE     ;PMTEMP ; TEMP ; UPT ;VOLT ;SW                   ;
=====================================================================================================================================
BB-1         ;000100 ;BB6631    ; 1 ;  OFF ;  ON ;  OFF ;  ON ;KDU1370071/11   ;R2A     ;E96A00YDK9    ;20230222 ;3 (OK) ;      ;21.9 ;54   ;                     ;
Radio-S10-1  ;BXP_4  ;RRU2219B8 ; 1 ;  OFF ;  ON ;  OFF ; N/A ;KRC161670/1     ;R1E     ;B071037947    ;20221025 ;4 (OK) ; 37.8 ;78.6 ;54.3 ;CXP9013268%9_R96JB   ; (Radio2219B8)
Radio-S11-1  ;BXP_3  ;RRU2219B8 ; 1 ;  OFF ;  ON ;  OFF ; N/A ;KRC161670/1     ;R1E     ;B071037951    ;20221025 ;4 (OK) ; 36.8 ;78.6 ;54.2 ;CXP9013268%9_R96JB   ; (Radio2219B8)
Radio-S180-1 ;BXP_2  ;RRU4415B7 ; 1 ;  OFF ;  ON ;  OFF ; N/A ;KRC161495/1     ;R5J     ;TU8U01YT0D    ;20230228 ;4 (OK) ; 35.5 ;78.6 ;53.7 ;CXP9013268%15_R101LX ; (Radio4415B7)
-------------------------------------------------------------------------------------------------------------------------------------

=====================================================================================================================================
XPBOARD  ;ST ;FAULT ;OPER ;PRODUCTNUMBER ;REV ;SERIAL/NAME ;DATE     ; TEMP ;MO
=====================================================================================================================================
FAN08    ; 1 ;N/A   ;N/A  ;BKV106236/1   ;R2G ;CE5100RLAU  ;20220801 ; 27.0 ;SupportUnit=1 (FAN  BB-1)
-------------------------------------------------------------------------------------------------------------------------------------

=====================================================================================================================================
ID ;T ;RiL    ;BPBP ;BOARD1    ;LNH1 ;PORT ;R ;LINK ;RATE  ; BER ;BOARD2    ;LNH2 ;PORT ;R ;LINK ;RATE  ; BER ;LENGTH ;MO1 - MO2
=====================================================================================================================================
 1 ;O ; S10-1 ;1111 ;BB6631    ;000100 ; 1 ;M ;Up   ;9.8G  ;   0 ;RRU2219B8 ;BXP_4  ; 0 ;S ;Up   ;9.8G  ;   0 ;   57m ;Fru=BB-1(A) Fru=Radio-S10-1(D1)
 2 ;O ; S11-1 ;1111 ;BB6631    ;000100 ; 2 ;M ;Up   ;9.8G  ;   0 ;RRU2219B8 ;BXP_3  ; 0 ;S ;Up   ;9.8G  ;   0 ;   57m ;Fru=BB-1(B) Fru=Radio-S11-1(D1)
 3 ;O ;S180-1 ;1111 ;BB6631    ;000100 ; 4 ;M ;Up   ;10.1G ;   0 ;RRU4415B7 ;BXP_2  ; 0 ;S ;Up   ;10.1G ;   0 ;   56m ;Fru=BB-1(D) Fru=Radio-S180-1(D1)
-------------------------------------------------------------------------------------------------------------------------------------

=====================================================================================================================================
ID ;LINK ;RiL    ;VENDOR1  ;VENDORPROD1     ;REV1 ;SERIAL1      ;DATE1    ;ERICSSONPROD1      ;VENDOR2  ;VENDORPROD2     ;REV2 ;SERIAL2      ;DATE2    ;ERICSSONPROD2      ;TT ;WL1     ;WL2    
=====================================================================================================================================
 1 ;Up   ; S10-1 ;ERICSSON ;EOLP-1396-02-IY ;1.0  ;DZ8P201Q9U   ;20230214 ;RDH10265/2 R1A     ;ERICSSON ;EOLP-1396-02-IY ;1.0  ;DZ8P201Q9V   ;20230214 ;RDH10265/2 R1A     ;0  ;1310.00 ;1310.00
 2 ;Up   ; S11-1 ;ERICSSON ;EOLP-1396-02-IY ;1.0  ;DZ8P201QAU   ;20230214 ;RDH10265/2 R1A     ;ERICSSON ;EOLP-1396-02-IY ;1.0  ;DZ8P201QAW   ;20230214 ;RDH10265/2 R1A     ;0  ;1310.00 ;1310.00
 3 ;Up   ;S180-1 ;ERICSSON ;EOLP-1396-02-IY ;1.0  ;DZ8P201QB1   ;20230214 ;RDH10265/2 R1A     ;ERICSSON ;EOLP-1396-02-IY ;1.0  ;DZ8P201QAR   ;20230214 ;RDH10265/2 R1A     ;0  ;1310.00 ;1310.00
-------------------------------------------------------------------------------------------------------------------------------------

=====================================================================================================================================
ID ;LINK ;RiL    ;WL1     ;TEMP1 ;TXbs1 ;TXdBm1 ;RXdBm1 ;BER1   ;WL2     ;TEMP2 ;TXbs2 ;TXdBm2 ;RXdBm2 ;BER2   ;DlLoss ;UlLoss ;LENGTH ;TT
=====================================================================================================================================
 1 ;Up   ; S10-1 ;1310.00 ;31C   ;38%   ;-3.54  ;-3.02  ;   0   ;1310.00 ;37C   ;40%   ;-3.06  ;-3.43  ;   0   ; -0.11 ; -0.04 ;   57m ; 0
 2 ;Up   ; S11-1 ;1310.00 ;28C   ;38%   ;-2.87  ;-3.32  ;   0   ;1310.00 ;35C   ;39%   ;-3.51  ;-2.37  ;   0   ;  -0.5 ; -0.19 ;   57m ; 0
 3 ;Up   ;S180-1 ;1310.00 ;28C   ;38%   ;-3.70  ;-2.91  ;   0   ;1310.00 ;28C   ;40%   ;-3.21  ;-3.69  ;   0   ; -0.01 ;  -0.3 ;   56m ; 0
-------------------------------------------------------------------------------------------------------------------------------------

=====================================================================================================================================
ID ;RiL    ;BOARD     ;SFPLNH  ;PORT ;VENDOR   ;VENDORPROD      ;REV  ;SERIAL       ;DATE     ;ERICSSONPROD       ;WL      ;TEMP  ;TXbs  ;TXdBm  ;RXdBm  ; BER
=====================================================================================================================================
 1 ; S10-1 ;BB6631    ;000100   ;  1 ;ERICSSON ;EOLP-1396-02-IY ;1.0  ;DZ8P201Q9U   ;20230214 ;RDH10265/2 R1A     ;1310.00 ;31C   ;38%   ;-3.54  ;-3.02  ;   0
 2 ; S11-1 ;BB6631    ;000100   ;  2 ;ERICSSON ;EOLP-1396-02-IY ;1.0  ;DZ8P201QAU   ;20230214 ;RDH10265/2 R1A     ;1310.00 ;28C   ;38%   ;-2.87  ;-3.32  ;   0
 3 ;S180-1 ;BB6631    ;000100   ;  4 ;ERICSSON ;EOLP-1396-02-IY ;1.0  ;DZ8P201QB1   ;20230214 ;RDH10265/2 R1A     ;1310.00 ;28C   ;38%   ;-3.70  ;-2.91  ;   0
 3 ;S180-1 ;RRU4415B7 ;BXP_2    ;  0 ;ERICSSON ;EOLP-1396-02-IY ;1.0  ;DZ8P201QAR   ;20230214 ;RDH10265/2 R1A     ;1310.00 ;28C   ;40%   ;-3.21  ;-3.69  ;   0
 2 ; S11-1 ;RRU2219B8 ;BXP_3    ;  0 ;ERICSSON ;EOLP-1396-02-IY ;1.0  ;DZ8P201QAW   ;20230214 ;RDH10265/2 R1A     ;1310.00 ;35C   ;39%   ;-3.51  ;-2.37  ;   0
 1 ; S10-1 ;RRU2219B8 ;BXP_4    ;  0 ;ERICSSON ;EOLP-1396-02-IY ;1.0  ;DZ8P201Q9V   ;20230214 ;RDH10265/2 R1A     ;1310.00 ;37C   ;40%   ;-3.06  ;-3.43  ;   0
-------------------------------------------------------------------------------------------------------------------------------------
TN ;       ;BB6631    ;000100   ;IA2 ;ERICSSON ;42020201934     ;A0   ;202246600366 ;20221107 ;RPM777053/1000 R1B ;NA      ;NA    ;NA    ;NA     ;NA     ; 0/0
-------------------------------------------------------------------------------------------------------------------------------------

=====================================================================================================================================
BOARD  ;LNH    ;PORT       ;T ;S ;OpMode   ;AutoNeg ;MacAddress        ;VlanIds        ;LOS ;BER
=====================================================================================================================================
BB6631 ;000100 ;TN_IDL_A_1 ;E ;1 ;10G_FULL ;false   ;E0:47:35:DE:58:8D ;3901,3908,3910 ;0   ;NZ/0
BB6631 ;000100 ;TN_IDL_A_2 ;O ;1 ;10G_FULL ;false   ;E0:47:35:DE:58:8E ;3908           ;0   ;0/0
-------------------------------------------------------------------------------------------------------------------------------------

radioClockState : RNT_TIME_LOCKED
-------------------------------------------------------------------------------------
Prio  ;ST  ;syncRefType    ;refStatus  ;opQualLevel  ;SyncReference
-------------------------------------------------------------------------------------
  *1  ; 1  ;PTP_TIME       ;NO_FAULT   ;PRTC         ;Ptp=1,BoundaryOrdinaryClock=PTP (G_8275_1 EthernetPort=TN_IDL_A_1:SLAVE)
   2  ; 1  ;NTP_FREQUENCY  ;NO_FAULT   ;PRC          ;Ntp=1,NtpFrequencySync=NTP1 (10.31.0.54:32751 Router=45G_Traffic,InterfaceIPv4=LTE,AddressIPv4=LTE)
-------------------------------------------------------------------------------------
-------------------------------------------------------------------------------------
Prio  ;ST  ;assistRefStatus  ;recQualLevel  ;AssistingReference
-------------------------------------------------------------------------------------
   1  ; 1  ;NO_FAULT         ;PRTC          ;Synchronization=1,SyncEthInput=SyncE (SFP_DAC EthernetPort=TN_IDL_A_1)
-------------------------------------------------------------------------------------

=====================================================================================================================================
FRU          ;LNH    ;BOARD     ;RF  ;BP  ;TX (W/dBm)  ;VSWR (RL)   ;RX (dBm) ;UEs/gUEs  ;Sector/AntennaGroup/Cells (State:CellIds:PCIs)
=====================================================================================================================================
Radio-S10-1  ;BXP_4  ;RRU2219B8 ; A  ;11  ;-           ;1.13 (24.3) ;         ;-/-       ;SE=10 AG=10 GT=RL27D1/0 GT=RL27D1/8 (1, 1)
Radio-S10-1  ;BXP_4  ;RRU2219B8 ; B  ;11  ;-           ;1.15 (23.2) ;         ;-/-       ;SE=10 AG=10 GT=RL27D1/0 GT=RL27D1/8 (1, 1)
Radio-S11-1  ;BXP_3  ;RRU2219B8 ; A  ;11  ;-           ;1.14 (23.7) ;         ;-/-       ;SE=11 AG=11 GT=RL27D2/0 GT=RL27D2/1 (1, D)
Radio-S11-1  ;BXP_3  ;RRU2219B8 ; B  ;11  ;-           ;1.11 (25.7) ;         ;-/-       ;SE=11 AG=11 GT=RL27D2/0 GT=RL27D2/1 (1, D)
Radio-S180-1 ;BXP_2  ;RRU4415B7 ; A  ;11  ;19.1 (42.8) ;1.09 (27.2) ;-97.0    ;1/-       ;SE=180 AG=180 FDD=RL27L1 (1:21:380)
Radio-S180-1 ;BXP_2  ;RRU4415B7 ; B  ;11  ;-           ;1.05 (31.6) ;-97.4    ;1/-       ;SE=180 AG=180 FDD=RL27L1 (1:21:380)
Radio-S180-1 ;BXP_2  ;RRU4415B7 ; C  ;11  ;21.9 (43.4) ;1.09 (27.0) ;-99.8    ;0/-       ;SE=181 AG=181 FDD=RL27L2 (1:22:101)
Radio-S180-1 ;BXP_2  ;RRU4415B7 ; D  ;11  ;-           ;1.04 (34.6) ;-100.0   ;0/-       ;SE=181 AG=181 FDD=RL27L2 (1:22:101)
-------------------------------------------------------------------------------------------------------------------------------------

RL27L> mfar

251125-13:57:18+0100 19.31.13.193 25.0h MSRBS_NODE_MODEL_25.Q1_693.28324.131_62ac stopfile=/tmp/2612832
....
Last MO: 16749. Loaded 16749 MOs. Total: 16750 MOs.
........................................
get /rop/A20251125.1115-1130_RL27L.xml.gz /ericsson/log/amos/moshell_logfiles/t20251125_37258710_65084/logs_moshell/pmfiles/19.31.13.193/rop/A20251125.1115-1130_RL27L.xml.gz ... OK
get /rop/A20251125.1130-1145_RL27L.xml.gz /ericsson/log/amos/moshell_logfiles/t20251125_37258710_65084/logs_moshell/pmfiles/19.31.13.193/rop/A20251125.1130-1145_RL27L.xml.gz ... OK
get /rop/A20251125.1145-1200_RL27L.xml.gz /ericsson/log/amos/moshell_logfiles/t20251125_37258710_65084/logs_moshell/pmfiles/19.31.13.193/rop/A20251125.1145-1200_RL27L.xml.gz ... OK

Using hardcoded thresholds: 3, 4.5, and 16.5
================================================================================================================================
SC     SE  Tx/Rx BrPair  RfPort1 - RfPort2               HW       Serial      Cell (State)   Samples   Med  Mean  SDev Pol Res Issue
================================================================================================================================
RL27L1 180   2/2 0 (1,2) Radio-S180-1(A) Radio-S180-1(B) RRU4415  TU8U01YT0D  FDD=RL27L1 (1)   51926  -1.5  -1.3   6.8  NA  OK Passed
RL27L2 181   2/2 0 (1,2) Radio-S180-1(C) Radio-S180-1(D) RRU4415  TU8U01YT0D  FDD=RL27L2 (1)  127609 -13.5 -11.1   7.0  NA NOK RF Loss or PIM at Radio-S180-1(D)
================================================================================================================================
Total: 2 SectorCarriers, 2 RfBranch Pairs (1 OK, 0 OKW, 1 NOK, 0 NT)
....
Last MO: 16749. Loaded 16749 MOs. Total: 16750 MOs.

No NRSectorCarrier MOs are defined on the node.

RL27L> mfitr

251125-13:57:33+0100 19.31.13.193 25.0h MSRBS_NODE_MODEL_25.Q1_693.28324.131_62ac stopfile=/tmp/2612832
......
Last MO: 16749. Loaded 16749 MOs. Total: 16750 MOs.
......
2025-11-25 13:58
================================================================================================================================
CELL       SC     FRU          BOARD     PUSCH  PUCCH       A      B      C      D  DELTA
================================================================================================================================
FDD=RL27L1 RL27L1 Radio-S180-1 RRU4415B7 -115.6 -116.3 -117.0 -116.9                  0.1
FDD=RL27L2 RL27L2 Radio-S180-1 RRU4415B7 -118.9 -119.1               -119.0 -119.0      0
================================================================================================================================
Bye...
Output has been logged to file /mta_fs/UserFiles/37258710/amosbatch/SDIR/RL27L.log
