Logging to file /mta_fs/UserFiles/37258710/amosbatch/SDIR/RL29T.log
                        __  __  ____   _____
                  /\   |  \/  |/ __ \ / ____|
                 /  \  | \  / | |  | | (___  
                / /\ \ | |\/| | |  | |\___ \ 
               / ____ \| |  | | |__| |____) |
              /_/    \_\_|  |_|\____/|_____/
              OSS Framework for MoShell-25.0h 
  Copyright (c) Ericsson AB 2001-2025 - All Rights Reserved
              
           
[1;31mWARNING: [0mthe AMOS version currently running is more than 29 weeks old and is unsupported.
Please upgrade as soon as possible to the latest released version, available from your local Ericsson support.

$amosrb_pid = 2624077

Checking ip contact...OK

HELP MENU            : h
BASIC MO COMMANDS    : m
OTHER MO COMMANDS    : n
OTHER COMMANDS       : o
PM COMMANDS          : p
QUIT                 : q

RL29T> lt all

251125-13:58:32+0100 19.31.13.196 25.0h  stopfile=/tmp/2623993
Looking up temporary_amos account... OK.
Trying temporary_amos_t20251125_37258710_65084_131's password from amos lookupAccount ... OK

$ssh_pid = 2624864

Connected to 19.31.13.196 (SubNetwork=BBMM_rckomc_R,MeContext=RL29T,ManagedElement=RL29T)

Checking MOM version...MSRBS_NODE_MODEL_25.Q1_693.28324.131_62ac
Parsing MOM (cached): /ericsson/log/amos/moshell_logfiles/t20251125_37258710_65084/logs_moshell/tempfiles/scp-4-amos_20251125-135825_2623931/MSRBS_NODE_MODEL_25.Q1_693.28324.131_62ac.xml.cache.gz ..................................................................................................................................................................................................................................Done.
Using paramfile /opt/ericsson/amos/moshell/commonjars/pm/PARAM_MSRBS_25.Q1.txt
Parsing file /opt/ericsson/amos/moshell/commonjars/pm/PARAM_MSRBS_25.Q1.txt .......................................................................................Done.
Using imomdfile /opt/ericsson/amos/moshell/commonjars/pm/IMOMD_MSRBS_22.Q4.txt
Using imomfile /opt/ericsson/amos/moshell/commonjars/pm/IMOM_MSRBS_25.Q1.txt
Connected to 19.31.13.196 (SubNetwork=BBMM_rckomc_R,MeContext=RL29T,ManagedElement=RL29T)

Last MO: 18252. Loaded 18252 MOs. Total: 18253 MOs.

RL29T> st cell

251125-13:58:46+0100 19.31.13.196 25.0h MSRBS_NODE_MODEL_25.Q1_693.28324.131_62ac stopfile=/tmp/2623993
===================================================================================
Proxy  Adm State     Op. State     MO
===================================================================================
   43  1 (UNLOCKED)  1 (ENABLED)   ENodeBFunction=1,EUtranCellFDD=RL29E1
  249  1 (UNLOCKED)  1 (ENABLED)   ENodeBFunction=1,EUtranCellFDD=RL29E2
  407  1 (UNLOCKED)  1 (ENABLED)   ENodeBFunction=1,EUtranCellFDD=RL29M1
  531  1 (UNLOCKED)  1 (ENABLED)   ENodeBFunction=1,EUtranCellFDD=RL29M2
  646  1 (UNLOCKED)  1 (ENABLED)   ENodeBFunction=1,EUtranCellFDD=RL29T1
  798  1 (UNLOCKED)  1 (ENABLED)   ENodeBFunction=1,EUtranCellFDD=RL29T2
 1449  1 (UNLOCKED)  1 (ENABLED)   ENodeBFunction=1,NbIotCell=RL29N1
 1450  1 (UNLOCKED)  1 (ENABLED)   ENodeBFunction=1,NbIotCell=RL29N2
===================================================================================
Total: 8 MOs

RL29T> st radio

251125-13:58:46+0100 19.31.13.196 25.0h MSRBS_NODE_MODEL_25.Q1_693.28324.131_62ac stopfile=/tmp/2623993
===================================================================================
Proxy  Adm State     Op. State     MO
===================================================================================
 2430  1 (UNLOCKED)  1 (ENABLED)   Equipment=1,FieldReplaceableUnit=Radio-S100-1
 2453  1 (UNLOCKED)  1 (ENABLED)   Equipment=1,FieldReplaceableUnit=Radio-S210-1
 2470  1 (UNLOCKED)  1 (ENABLED)   Equipment=1,FieldReplaceableUnit=Radio-S211-1
18243  1 (UNLOCKED)  1 (ENABLED)   Transport=1,Synchronization=1,RadioEquipmentClock=1,RadioEquipmentClockReference=NTP1
18244  1 (UNLOCKED)  1 (ENABLED)   Transport=1,Synchronization=1,RadioEquipmentClock=1,RadioEquipmentClockReference=PTP
===================================================================================
Total: 5 MOs

RL29T> sdir

251125-13:58:47+0100 19.31.13.196 25.0h MSRBS_NODE_MODEL_25.Q1_693.28324.131_62ac stopfile=/tmp/2623993
INFO: Using amos lookupAccount credentials for the export login
..............................
get /rop/A20251125.1200-1215_RL29T.xml.gz /ericsson/log/amos/moshell_logfiles/t20251125_37258710_65084/logs_moshell/pmfiles/19.31.13.196/rop/A20251125.1200-1215_RL29T.xml.gz ... OK
get /rop/A20251125.1215-1230_RL29T.xml.gz /ericsson/log/amos/moshell_logfiles/t20251125_37258710_65084/logs_moshell/pmfiles/19.31.13.196/rop/A20251125.1215-1230_RL29T.xml.gz ... OK
get /rop/A20251125.1230-1245_RL29T.xml.gz /ericsson/log/amos/moshell_logfiles/t20251125_37258710_65084/logs_moshell/pmfiles/19.31.13.196/rop/A20251125.1230-1245_RL29T.xml.gz ... OK
...Checking available boards on node...

Collecting RCS board data ...
.........................................................................................................................
.
............................................................................................................................................................................................................................................................................................
......
Collecting TN data...
..........................................................................................................................................................................................................................................................................................................
Collecting RF data...
.
Collecting Alarms...
Executing action Log.export()
...
Log=AlarmLog                    actionId=50256
...................
Executing action LogM.exportAvailabilityLog()
..LogM=1,exportAvailabilityLog    actionId=50257
.....Parsing alarmLog..........Done.
Parsing availabilityLog.......Done.
...........

Total: 3 CPRI links (3 OK, 0 OKW, 0 NOK, 0 NT)

+--------+                      +--------------------+
|        | A        O101     D1 |    Radio-S210-1    |
|        |-----------1----------| RRU227922B822B20C* |
|        |         OK-56m       |       BXP_4        |
|        |                      +--------------------+
|        |                                     |A  |B
|        |                  SE=210* AG=210 FDD=RL29E1
|        |                                NIOT=RL29N1
|        |
|        |                      +--------------------+
|        | B        O101     D1 |    Radio-S211-1    |
|        |-----------2----------| RRU227922B822B20C* |
|        |         OK-56m       |       BXP_3        |
|  BB-1  |                      +--------------------+
| BB6631 |                                     |A  |B
| 000100 |                  SE=211* AG=211 FDD=RL29E2
|        |                                NIOT=RL29N2
|        |
|        |                      +------------------+
|        | D        O101     D2 |   Radio-S100-1   |
|        |-----------3----------| RRU449944B144B3C |
|        |         OK-56m       |      BXP_2       |
|        |                      +------------------+
|        |                           |A  |B  |C  |D
|        |                    SE=100 AG=100  |   |
|        |            FDD=RL29M1 FDD=RL29T1  |   |
|        |                            SE=101 AG=101
|        |                    FDD=RL29M2 FDD=RL29T2
|        |
+--------+

=====================================================================================================================================
ID RiL    Type Res MO1-MO2                  BOARD1-BOARD2             AlmIDs Cells (States)                                        Issue (Failed checks)
=====================================================================================================================================
 1 S210-1 O101 OK  BB-1(A) Radio-S210-1(D1) BB6631 RRU227922B822B20C*        FDD=RL29E1 NIOT=RL29N1 (1,1)                          Passed
 2 S211-1 O101 OK  BB-1(B) Radio-S211-1(D1) BB6631 RRU227922B822B20C*        FDD=RL29E2 NIOT=RL29N2 (1,1)                          Passed
 3 S100-1 O101 OK  BB-1(D) Radio-S100-1(D2) BB6631 RRU449944B144B3C          FDD=RL29M1 FDD=RL29M2 FDD=RL29T1 FDD=RL29T2 (1,1,1,1) Passed
-------------------------------------------------------------------------------------------------------------------------------------

Node: RadioNode L   CXP2010174/2_R27J08 (25.Q1)   G3.1   LTE-FDD,LTE-IoT 

=====================================================================================================================================
FRU          ;LNH    ;BOARD              ;ST ;FAULT ;OPER ;MAINT ;STAT ;PRODUCTNUMBER   ;REV     ;SERIAL        ;DATE     ;PMTEMP ; TEMP ; UPT ;VOLT ;SW                   ;
=====================================================================================================================================
BB-1         ;000100 ;BB6631             ; 1 ;  OFF ;  ON ;  OFF ;  ON ;KDU1370071/11   ;R2A     ;E96A00YQRS    ;20230309 ;3 (OK) ;      ; 131 ;53   ;                     ;
Radio-S100-1 ;BXP_2  ;RRU449944B144B3C   ; 1 ;  OFF ;  ON ;  OFF ; N/A ;KRC161787/1     ;R2F     ;E23E506228    ;20230224 ;4 (OK) ; 39.2 ; 131 ;51.6 ;CXP9013268%15_R101LX ; (Radio449944B144B3C)
Radio-S210-1 ;BXP_4  ;RRU227922B822B20C* ; 1 ;  OFF ;  ON ;  OFF ; N/A ;KRC161864/1     ;R1F     ;TU8U01ZAWP    ;20230308 ;4 (OK) ; 42.0 ; 131 ;52.9 ;CXP9013268%15_R101LX ; (Radio227922B822B20C)
Radio-S211-1 ;BXP_3  ;RRU227922B822B20C* ; 1 ;  OFF ;  ON ;  OFF ; N/A ;KRC161864/1     ;R1F     ;TU8U01Z90F    ;20230308 ;4 (OK) ; 49.0 ; 131 ;52.5 ;CXP9013268%15_R101LX ; (Radio227922B822B20C)
-------------------------------------------------------------------------------------------------------------------------------------

=====================================================================================================================================
AntennaNearUnit                                     ;ST  ;TYPE   ;PRODUCTNR     ;REV                ;UNIQUEID             ;RfPort
=====================================================================================================================================
AntennaUnitGroup=210,AntennaNearUnit=RET_1800_2100  ; 1  ;S-RET  ;AIMM20M11v01  ;WD82MANBRCU_VER.D  ;HWM1805K6012H108Ly1  ;FieldReplaceableUnit=Radio-S210-1,RfPort=R
AntennaUnitGroup=210,AntennaNearUnit=RET_2600       ; 1  ;S-RET  ;AIMM20M11v01  ;WD82MANBRCU_VER.D  ;HWM1805K6012J189Ry2  ;FieldReplaceableUnit=Radio-S210-1,RfPort=R
AntennaUnitGroup=210,AntennaNearUnit=RET_800_900    ; 1  ;S-RET  ;AIMM20M11v01  ;WD82MANBRCU_VER.D  ;HWM1805K6012G1159r1  ;FieldReplaceableUnit=Radio-S210-1,RfPort=R
AntennaUnitGroup=211,AntennaNearUnit=RET_1800_2100  ; 1  ;S-RET  ;AIMM20M11v01  ;WD82MANBRCU_VER.D  ;HWM1805K900RV155Ly1  ;FieldReplaceableUnit=Radio-S211-1,RfPort=R
AntennaUnitGroup=211,AntennaNearUnit=RET_2600       ; 1  ;S-RET  ;AIMM20M11v01  ;WD82MANBRCU_VER.D  ;HWM1805K900RW124Ry2  ;FieldReplaceableUnit=Radio-S211-1,RfPort=R
AntennaUnitGroup=211,AntennaNearUnit=RET_800_900    ; 1  ;S-RET  ;AIMM20M11v01  ;WD82MANBRCU_VER.D  ;HWM1805K900RU1207r1  ;FieldReplaceableUnit=Radio-S211-1,RfPort=R
-------------------------------------------------------------------------------------------------------------------------------------

=====================================================================================================================================
XPBOARD  ;ST ;FAULT ;OPER ;PRODUCTNUMBER ;REV ;SERIAL/NAME ;DATE     ; TEMP ;MO
=====================================================================================================================================
FAN08    ; 1 ;N/A   ;N/A  ;BKV106236/1   ;R2G ;CE5100SJXV  ;20221013 ; 36.4 ;SupportUnit=1 (FAN  BB-1)
-------------------------------------------------------------------------------------------------------------------------------------

=====================================================================================================================================
ID ;T ;RiL    ;BPBP ;BOARD1             ;LNH1 ;PORT ;R ;LINK ;RATE  ; BER ;BOARD2             ;LNH2 ;PORT ;R ;LINK ;RATE  ; BER ;LENGTH ;MO1 - MO2
=====================================================================================================================================
 1 ;O ;S210-1 ;1111 ;BB6631             ;000100 ; 1 ;M ;Up   ;10.1G ;   0 ;RRU227922B822B20C* ;BXP_4  ; 0 ;S ;Up   ;10.1G ;   0 ;   56m ;Fru=BB-1(A) Fru=Radio-S210-1(D1)
 2 ;O ;S211-1 ;1111 ;BB6631             ;000100 ; 2 ;M ;Up   ;10.1G ;   0 ;RRU227922B822B20C* ;BXP_3  ; 0 ;S ;Up   ;10.1G ;   0 ;   56m ;Fru=BB-1(B) Fru=Radio-S211-1(D1)
 3 ;O ;S100-1 ;1111 ;BB6631             ;000100 ; 4 ;M ;Up   ;10.1G ;   0 ;RRU449944B144B3C   ;BXP_2  ; 1 ;S ;Up   ;10.1G ;   0 ;   56m ;Fru=BB-1(D) Fru=Radio-S100-1(D2)
-------------------------------------------------------------------------------------------------------------------------------------

=====================================================================================================================================
ID ;LINK ;RiL    ;VENDOR1  ;VENDORPROD1     ;REV1 ;SERIAL1        ;DATE1    ;ERICSSONPROD1      ;VENDOR2  ;VENDORPROD2     ;REV2 ;SERIAL2        ;DATE2    ;ERICSSONPROD2      ;TT ;WL1     ;WL2    
=====================================================================================================================================
 1 ;Up   ;S210-1 ;ERICSSON ;RTXM228-702-C22 ;1.0  ;HM230800034208 ;20230221 ;RDH10265/2 R1A     ;ERICSSON ;RTXM228-702-C22 ;1.0  ;HM230800034202 ;20230221 ;RDH10265/2 R1A     ;0  ;1310.00 ;1310.00
 2 ;Up   ;S211-1 ;ERICSSON ;RTXM228-702-C22 ;1.0  ;HM230800034203 ;20230221 ;RDH10265/2 R1A     ;ERICSSON ;RTXM228-702-C22 ;1.0  ;HM230800034211 ;20230221 ;RDH10265/2 R1A     ;0  ;1310.00 ;1310.00
 3 ;Up   ;S100-1 ;ERICSSON ;RTXM228-702-C22 ;1.0  ;HM230800034206 ;20230221 ;RDH10265/2 R1A     ;ERICSSON ;RTXM228-702-C22 ;1.0  ;HM230800034205 ;20230221 ;RDH10265/2 R1A     ;0  ;1310.00 ;1310.00
-------------------------------------------------------------------------------------------------------------------------------------

=====================================================================================================================================
ID ;LINK ;RiL    ;WL1     ;TEMP1 ;TXbs1 ;TXdBm1 ;RXdBm1 ;BER1   ;WL2     ;TEMP2 ;TXbs2 ;TXdBm2 ;RXdBm2 ;BER2   ;DlLoss ;UlLoss ;LENGTH ;TT
=====================================================================================================================================
 1 ;Up   ;S210-1 ;1310.00 ;41C   ;55%   ;-1.80  ;-2.04  ;   0   ;1310.00 ;43C   ;57%   ;-1.73  ;-1.97  ;   0   ;  0.17 ;  0.31 ;   56m ; 0
 2 ;Up   ;S211-1 ;1310.00 ;46C   ;56%   ;-1.15  ;-0.97  ;   0   ;1310.00 ;43C   ;59%   ;-0.63  ;-0.54  ;   0   ; -0.61 ;  0.34 ;   56m ; 0
 3 ;Up   ;S100-1 ;1310.00 ;38C   ;56%   ;-1.05  ;-2.41  ;   0   ;1310.00 ;38C   ;55%   ;-2.60  ;-1.20  ;   0   ;  0.15 ; -0.19 ;   56m ; 0
-------------------------------------------------------------------------------------------------------------------------------------

=====================================================================================================================================
ID ;RiL    ;BOARD              ;SFPLNH  ;PORT ;VENDOR   ;VENDORPROD      ;REV  ;SERIAL         ;DATE     ;ERICSSONPROD       ;WL      ;TEMP  ;TXbs  ;TXdBm  ;RXdBm  ; BER
=====================================================================================================================================
 1 ;S210-1 ;BB6631             ;000100   ;  1 ;ERICSSON ;RTXM228-702-C22 ;1.0  ;HM230800034208 ;20230221 ;RDH10265/2 R1A     ;1310.00 ;41C   ;55%   ;-1.80  ;-2.04  ;   0
 2 ;S211-1 ;BB6631             ;000100   ;  2 ;ERICSSON ;RTXM228-702-C22 ;1.0  ;HM230800034203 ;20230221 ;RDH10265/2 R1A     ;1310.00 ;46C   ;56%   ;-1.15  ;-0.97  ;   0
 3 ;S100-1 ;BB6631             ;000100   ;  4 ;ERICSSON ;RTXM228-702-C22 ;1.0  ;HM230800034206 ;20230221 ;RDH10265/2 R1A     ;1310.00 ;38C   ;56%   ;-1.05  ;-2.41  ;   0
 3 ;S100-1 ;RRU449944B144B3C   ;BXP_2    ;  1 ;ERICSSON ;RTXM228-702-C22 ;1.0  ;HM230800034205 ;20230221 ;RDH10265/2 R1A     ;1310.00 ;38C   ;55%   ;-2.60  ;-1.20  ;   0
 2 ;S211-1 ;RRU227922B822B20C* ;BXP_3    ;  0 ;ERICSSON ;RTXM228-702-C22 ;1.0  ;HM230800034211 ;20230221 ;RDH10265/2 R1A     ;1310.00 ;43C   ;59%   ;-0.63  ;-0.54  ;   0
 1 ;S210-1 ;RRU227922B822B20C* ;BXP_4    ;  0 ;ERICSSON ;RTXM228-702-C22 ;1.0  ;HM230800034202 ;20230221 ;RDH10265/2 R1A     ;1310.00 ;43C   ;57%   ;-1.73  ;-1.97  ;   0
-------------------------------------------------------------------------------------------------------------------------------------
TN ;       ;BB6631             ;000100   ; IB ;ERICSSON ;RTXM228-702-C22 ;1.0  ;HM230800030098 ;20230221 ;RDH10265/2 R1A     ;1310    ;38C   ;51%   ;-1.25  ;-11.55 ; 0/0
TN ;       ;BB6631             ;000100   ;IA2 ;ERICSSON ;42020201934     ;A0   ;202246600178   ;20221107 ;RPM777053/1000 R1B ;NA      ;NA    ;NA    ;NA     ;NA     ; 0/0
-------------------------------------------------------------------------------------------------------------------------------------

=====================================================================================================================================
BOARD  ;LNH    ;PORT       ;T ;S ;OpMode   ;AutoNeg ;MacAddress        ;VlanIds        ;LOS ;BER
=====================================================================================================================================
BB6631 ;000100 ;TN_IDL_A_1 ;E ;1 ;10G_FULL ;false   ;E0:47:35:DF:EF:20 ;3901,3908,3910 ;0   ;0/0
BB6631 ;000100 ;TN_IDL_A_2 ;O ;1 ;10G_FULL ;false   ;E0:47:35:DF:EF:21 ;3908           ;0   ;0/0
BB6631 ;000100 ;TN_IDL_B   ;O ;1 ;1G_FULL  ;true    ;E0:47:35:DF:EF:24 ;3901,3908,3910 ;0   ;0/0
-------------------------------------------------------------------------------------------------------------------------------------

radioClockState : RNT_TIME_LOCKED
-------------------------------------------------------------------------------------
Prio  ;ST  ;syncRefType    ;refStatus  ;opQualLevel  ;SyncReference
-------------------------------------------------------------------------------------
  *1  ; 1  ;PTP_TIME       ;NO_FAULT   ;PRTC         ;Ptp=1,BoundaryOrdinaryClock=PTP (G_8275_1 EthernetPort=TN_IDL_B:SLAVE EthernetPort=TN_IDL_A_1:MASTER)
   2  ; 1  ;NTP_FREQUENCY  ;NO_FAULT   ;PRC          ;Ntp=1,NtpFrequencySync=NTP1 (10.31.0.54:32751 Router=45G_Traffic,InterfaceIPv4=LTE,AddressIPv4=LTE)
-------------------------------------------------------------------------------------
-------------------------------------------------------------------------------------
Prio  ;ST  ;assistRefStatus  ;recQualLevel  ;AssistingReference
-------------------------------------------------------------------------------------
   1  ; 1  ;NO_FAULT         ;PRC           ;Synchronization=1,SyncEthInput=SyncE (SFP_OPTICAL EthernetPort=TN_IDL_B)
-------------------------------------------------------------------------------------
nodeGroupRole   : SYNC_PROVIDER (syncNodePriority=1, selectionMode=NODE_PRIORITY)
-------------------------------------------------------------------------------------
DU  ;Port  ;sharedUnitRef (RiPortA - RiPortB)  ;remoteNodePriority  ;CandidateStatus
-------------------------------------------------------------------------------------
1   ;A     ;Fru=Radio-S210-1 (1 - 2)           ;3                   ;OK_NOT_ACTIVE
1   ;B     ;Fru=Radio-S211-1 (1 - 2)           ;3                   ;OK_NOT_ACTIVE
-------------------------------------------------------------------------------------

=====================================================================================================================================
FRU          ;LNH    ;BOARD              ;RF  ;BP  ;TX (W/dBm)  ;VSWR (RL)   ;RX (dBm) ;UEs/gUEs  ;Sector/AntennaGroup/Cells (State:CellIds:PCIs)
=====================================================================================================================================
Radio-S100-1 ;BXP_2  ;RRU449944B144B3C   ; A  ;11  ;37.7 (45.8) ;1.13 (24.1) ;-94.0    ;11/-      ;SE=100 AG=100 FDD=RL29M1 FDD=RL29T1 (1:31:197, 1:41:267)
Radio-S100-1 ;BXP_2  ;RRU449944B144B3C   ; B  ;11  ;-           ;1.13 (24.3) ;-94.0    ;11/-      ;SE=100 AG=100 FDD=RL29M1 FDD=RL29T1 (1:31:197, 1:41:267)
Radio-S100-1 ;BXP_2  ;RRU449944B144B3C   ; C  ;11  ;31.7 (45.0) ;1.09 (27.4) ;-90.6    ;25/-      ;SE=101 AG=101 FDD=RL29M2 FDD=RL29T2 (1:32:223, 1:42:20)
Radio-S100-1 ;BXP_2  ;RRU449944B144B3C   ; D  ;11  ;12.3 (40.9) ;1.14 (23.8) ;-90.0    ;25/-      ;SE=101 AG=101 FDD=RL29M2 FDD=RL29T2 (1:32:223, 1:42:20)
Radio-S210-1 ;BXP_4  ;RRU227922B822B20C* ; A  ;11  ;28.2 (44.5) ;1.17 (22.0) ;-100.0   ;10/-      ;SE=210* AG=210 FDD=RL29E1 NIOT=RL29N1 (1:61:303, 1:161:303)
Radio-S210-1 ;BXP_4  ;RRU227922B822B20C* ; B  ;11  ;16.2 (42.1) ;1.14 (23.9) ;-99.5    ;10/-      ;SE=210* AG=210 FDD=RL29E1 NIOT=RL29N1 (1:61:303, 1:161:303)
Radio-S211-1 ;BXP_3  ;RRU227922B822B20C* ; A  ;11  ;19.1 (42.8) ;1.23 (19.7) ;-95.8    ;2/-       ;SE=211* AG=211 FDD=RL29E2 NIOT=RL29N2 (1:62:83, 1:162:83)
Radio-S211-1 ;BXP_3  ;RRU227922B822B20C* ; B  ;11  ;19.6 (42.9) ;1.18 (21.6) ;-97.1    ;2/-       ;SE=211* AG=211 FDD=RL29E2 NIOT=RL29N2 (1:62:83, 1:162:83)
-------------------------------------------------------------------------------------------------------------------------------------

RL29T> mfar

251125-14:00:54+0100 19.31.13.196 25.0h MSRBS_NODE_MODEL_25.Q1_693.28324.131_62ac stopfile=/tmp/2623993
.....
Last MO: 18244. Loaded 18244 MOs. Total: 18245 MOs.
..............................................
get /rop/A20251125.1130-1145_RL29T.xml.gz /ericsson/log/amos/moshell_logfiles/t20251125_37258710_65084/logs_moshell/pmfiles/19.31.13.196/rop/A20251125.1130-1145_RL29T.xml.gz ... OK
get /rop/A20251125.1145-1200_RL29T.xml.gz /ericsson/log/amos/moshell_logfiles/t20251125_37258710_65084/logs_moshell/pmfiles/19.31.13.196/rop/A20251125.1145-1200_RL29T.xml.gz ... OK
get /rop/A20251125.1245-1300_RL29T.xml.gz /ericsson/log/amos/moshell_logfiles/t20251125_37258710_65084/logs_moshell/pmfiles/19.31.13.196/rop/A20251125.1245-1300_RL29T.xml.gz ... OK

Using hardcoded thresholds: 3, 4.5, and 16.5
================================================================================================================================
SC     SE  Tx/Rx BrPair  RfPort1 - RfPort2               HW       Serial      Cell (State)   Samples   Med  Mean  SDev Pol Res Issue
================================================================================================================================
RL29E1 210   2/2 0 (1,2) Radio-S210-1(A) Radio-S210-1(B) RRU2279  TU8U01ZAWP  FDD=RL29E1 (1)   90129  -0.5  -0.2   6.4  NA  OK Passed
RL29E2 211   2/2 0 (1,2) Radio-S211-1(A) Radio-S211-1(B) RRU2279  TU8U01Z90F  FDD=RL29E2 (1)   90105  -0.5  -0.8   6.9  NA  OK Passed
RL29M1 100   2/2 0 (1,2) Radio-S100-1(A) Radio-S100-1(B) RRU4499  E23E506228  FDD=RL29M1 (1)   26391   0.5   0.6   6.6  NA  OK Passed
RL29M2 101   2/2 0 (1,2) Radio-S100-1(C) Radio-S100-1(D) RRU4499  E23E506228  FDD=RL29M2 (1)   54525   0.5   0.1   6.7  NA  OK Passed
RL29T1 100   2/2 0 (1,2) Radio-S100-1(A) Radio-S100-1(B) RRU4499  E23E506228  FDD=RL29T1 (1)  230317  -0.5  -0.9   6.3  NA  OK Passed
RL29T2 101   2/2 0 (1,2) Radio-S100-1(C) Radio-S100-1(D) RRU4499  E23E506228  FDD=RL29T2 (1)  233272   0.5   0.1   7.3  NA  OK Passed
================================================================================================================================
Total: 6 SectorCarriers, 6 RfBranch Pairs (6 OK, 0 OKW, 0 NOK, 0 NT)
......
Last MO: 18244. Loaded 18244 MOs. Total: 18245 MOs.

No NRSectorCarrier MOs are defined on the node.

RL29T> mfitr

251125-14:01:11+0100 19.31.13.196 25.0h MSRBS_NODE_MODEL_25.Q1_693.28324.131_62ac stopfile=/tmp/2623993
.........
Last MO: 18244. Loaded 18244 MOs. Total: 18245 MOs.
.......
2025-11-25 14:01
================================================================================================================================
CELL       SC     FRU          BOARD             PUSCH  PUCCH       A      B      C      D  DELTA
================================================================================================================================
FDD=RL29E1 RL29E1 Radio-S210-1 RRU227922B822B20C -118.3 -117.0 -118.9 -119.0                  0.1
FDD=RL29E2 RL29E2 Radio-S211-1 RRU227922B822B20C -115.4 -113.8 -113.4 -114.3                  0.9
FDD=RL29M1 RL29M1 Radio-S100-1 RRU449944B144B3C  -119.6 -119.2 -119.8 -119.7                  0.1
FDD=RL29M2 RL29M2 Radio-S100-1 RRU449944B144B3C  -119.2 -119.0               -119.2 -119.0    0.2
FDD=RL29T1 RL29T1 Radio-S100-1 RRU449944B144B3C  -117.5 -118.8 -117.2 -118.5                  1.3
FDD=RL29T2 RL29T2 Radio-S100-1 RRU449944B144B3C  -111.1 -117.2               -112.6 -112.1    0.5
================================================================================================================================
Bye...
Output has been logged to file /mta_fs/UserFiles/37258710/amosbatch/SDIR/RL29T.log
