Logging to file /mta_fs/UserFiles/37258710/amosbatch/SDIR/RL3FL.log
                        __  __  ____   _____
                  /\   |  \/  |/ __ \ / ____|
                 /  \  | \  / | |  | | (___  
                / /\ \ | |\/| | |  | |\___ \ 
               / ____ \| |  | | |__| |____) |
              /_/    \_\_|  |_|\____/|_____/
              OSS Framework for MoShell-25.0h 
  Copyright (c) Ericsson AB 2001-2025 - All Rights Reserved
              
           
[1;31mWARNING: [0mthe AMOS version currently running is more than 29 weeks old and is unsupported.
Please upgrade as soon as possible to the latest released version, available from your local Ericsson support.

$amosrb_pid = 1925230

Checking ip contact...OK

HELP MENU            : h
BASIC MO COMMANDS    : m
OTHER MO COMMANDS    : n
OTHER COMMANDS       : o
PM COMMANDS          : p
QUIT                 : q

RL3FL> lt all

251125-10:25:55+0100 19.31.15.192 25.0h  stopfile=/tmp/1924783
Looking up temporary_amos account... OK.
Trying temporary_amos_t20251125_37258710_65084_131's password from amos lookupAccount ... OK

$ssh_pid = 1926183

Connected to 19.31.15.192 (SubNetwork=BBMM_rckomc_R,MeContext=RL3FL,ManagedElement=RL3FL)

Checking MOM version...MSRBS_NODE_MODEL_25.Q1_693.28324.131_62ac
Parsing MOM (cached): /ericsson/log/amos/moshell_logfiles/t20251125_37258710_65084/logs_moshell/tempfiles/scp-4-amos_20251125-102548_1924719/MSRBS_NODE_MODEL_25.Q1_693.28324.131_62ac.xml.cache.gz ..................................................................................................................................................................................................................................Done.
Using paramfile /opt/ericsson/amos/moshell/commonjars/pm/PARAM_MSRBS_25.Q1.txt
Parsing file /opt/ericsson/amos/moshell/commonjars/pm/PARAM_MSRBS_25.Q1.txt .......................................................................................Done.
Using imomdfile /opt/ericsson/amos/moshell/commonjars/pm/IMOMD_MSRBS_22.Q4.txt
Using imomfile /opt/ericsson/amos/moshell/commonjars/pm/IMOM_MSRBS_25.Q1.txt
Connected to 19.31.15.192 (SubNetwork=BBMM_rckomc_R,MeContext=RL3FL,ManagedElement=RL3FL)

Last MO: 16779. Loaded 16779 MOs. Total: 16780 MOs.

RL3FL> st cell

251125-10:26:08+0100 19.31.15.192 25.0h MSRBS_NODE_MODEL_25.Q1_693.28324.131_62ac stopfile=/tmp/1924783
===================================================================================
Proxy  Adm State     Op. State     MO
===================================================================================
   56  1 (UNLOCKED)  1 (ENABLED)   ENodeBFunction=1,EUtranCellFDD=RL3FL1
  144  1 (UNLOCKED)  1 (ENABLED)   ENodeBFunction=1,EUtranCellFDD=RL3FL2
  232  1 (UNLOCKED)  1 (ENABLED)   ENodeBFunction=1,EUtranCellFDD=RL3FL3
===================================================================================
Total: 3 MOs

RL3FL> st radio

251125-10:26:08+0100 19.31.15.192 25.0h MSRBS_NODE_MODEL_25.Q1_693.28324.131_62ac stopfile=/tmp/1924783
===================================================================================
Proxy  Adm State     Op. State     MO
===================================================================================
 1017  1 (UNLOCKED)  1 (ENABLED)   Equipment=1,FieldReplaceableUnit=Radio-S180-1
 1032  1 (UNLOCKED)  1 (ENABLED)   Equipment=1,FieldReplaceableUnit=Radio-S182-1
 1047  1 (UNLOCKED)  1 (ENABLED)   Equipment=1,FieldReplaceableUnit=Radio-S210-1
 1064  1 (UNLOCKED)  1 (ENABLED)   Equipment=1,FieldReplaceableUnit=Radio-S211-1
 1081  1 (UNLOCKED)  1 (ENABLED)   Equipment=1,FieldReplaceableUnit=Radio-S212-1
16773  1 (UNLOCKED)  1 (ENABLED)   Transport=1,Synchronization=1,RadioEquipmentClock=1,RadioEquipmentClockReference=NTP1
16774  1 (UNLOCKED)  1 (ENABLED)   Transport=1,Synchronization=1,RadioEquipmentClock=1,RadioEquipmentClockReference=PTP
===================================================================================
Total: 7 MOs

RL3FL> sdir

251125-10:26:09+0100 19.31.15.192 25.0h MSRBS_NODE_MODEL_25.Q1_693.28324.131_62ac stopfile=/tmp/1924783
INFO: Using amos lookupAccount credentials for the export login
...............................
get /rop/A20251125.0830-0845_RL3FL.xml.gz /ericsson/log/amos/moshell_logfiles/t20251125_37258710_65084/logs_moshell/pmfiles/19.31.15.192/rop/A20251125.0830-0845_RL3FL.xml.gz ... OK
get /rop/A20251125.0845-0900_RL3FL.xml.gz /ericsson/log/amos/moshell_logfiles/t20251125_37258710_65084/logs_moshell/pmfiles/19.31.15.192/rop/A20251125.0845-0900_RL3FL.xml.gz ... OK
get /rop/A20251125.0900-0915_RL3FL.xml.gz /ericsson/log/amos/moshell_logfiles/t20251125_37258710_65084/logs_moshell/pmfiles/19.31.15.192/rop/A20251125.0900-0915_RL3FL.xml.gz ... OK
....Checking available boards on node...

Collecting RCS board data ...
........................................................................................................................
..........................
..............................................................................................................................................................................................................................................................................................................
...........
Collecting TN data...
................................................................................................................................................................................................................................................................................
Collecting RF data...
...
Collecting Alarms...
Executing action Log.export()
...
Log=AlarmLog                    actionId=6789
.....
Executing action LogM.exportAvailabilityLog()
..LogM=1,exportAvailabilityLog    actionId=6790
.....Parsing alarmLog...Done.
Parsing availabilityLog....Done.
..

Total: 5 CPRI links (5 OK, 0 OKW, 0 NOK, 0 NT)
.
+--------+                      +--------------------+
|        | A        O101     D2 |    Radio-S210-1    |
|        |-----------1----------| RRU227922B822B20C* |
|        |         OK-76m       |       BXP_6        |
|        |                      +--------------------+
|        |                                     |A  |B
|        |                 SE=210* AG=210 GT=RL3FD1/0
|        |                                GT=RL3FD1/1
|        |
|        |                      +--------------------+
|        | B        O101     D2 |    Radio-S211-1    |
|        |-----------2----------| RRU227922B822B20C* |
|        |         OK-76m       |       BXP_5        |
|        |                      +--------------------+
|        |                                     |A  |B
|        |                 SE=211* AG=211 GT=RL3FD2/0
|        |                                GT=RL3FD2/1
|        |
|        |                      +--------------------+
|        | C        O101     D2 |    Radio-S212-1    |
|        |-----------3----------| RRU227922B822B20C* |
|        |         OK-76m       |       BXP_4        |
|        |                      +--------------------+
|        |                                     |A  |B
|  BB-1  |                 SE=212* AG=212 GT=RL3FD3/0
| BB6631 |                                GT=RL3FD3/8
| 000100 |
|        |                      +---------------+
|        | D        O101     D1 | Radio-S180-1  |
|        |-----------4----------|   RRU4415B7   |
|        |         OK-76m       |     BXP_2     |
|        |                      +---------------+
|        |                        |A  |B  |C  |D
|        |                 SE=180 AG=180  |   |
|        |                    FDD=RL3FL1  |   |
|        |                         SE=181 AG=181
|        |                            FDD=RL3FL2
|        |
|        |                      +---------------+
|        | E        O101     D1 | Radio-S182-1  |
|        |-----------5----------|   RRU4415B7   |
|        |         OK-76m       |     BXP_3     |
|        |                      +---------------+
|        |                        |A  |B  |C  |D
|        |                 SE=182 AG=182  |   |
|        |                    FDD=RL3FL3  |   |
|        |
+--------+

=====================================================================================================================================
ID RiL    Type Res MO1-MO2                  BOARD1-BOARD2             AlmIDs Cells (States)                Issue (Failed checks)
=====================================================================================================================================
 1 S210-1 O101 OK  BB-1(A) Radio-S210-1(D2) BB6631 RRU227922B822B20C*        GT=RL3FD1/0 GT=RL3FD1/1 (1,1) Passed
 2 S211-1 O101 OK  BB-1(B) Radio-S211-1(D2) BB6631 RRU227922B822B20C*        GT=RL3FD2/0 GT=RL3FD2/1 (1,1) Passed
 3 S212-1 O101 OK  BB-1(C) Radio-S212-1(D2) BB6631 RRU227922B822B20C*        GT=RL3FD3/0 GT=RL3FD3/8 (1,1) Passed
 4 S180-1 O101 OK  BB-1(D) Radio-S180-1(D1) BB6631 RRU4415B7                 FDD=RL3FL1 FDD=RL3FL2 (1,1)   Passed
 5 S182-1 O101 OK  BB-1(E) Radio-S182-1(D1) BB6631 RRU4415B7                 FDD=RL3FL3 (1)                Passed
-------------------------------------------------------------------------------------------------------------------------------------

Node: RadioNode GL   CXP2010174/2_R27J08 (25.Q1)   G3.1   GSM LTE-FDD 

=====================================================================================================================================
FRU          ;LNH    ;BOARD              ;ST ;FAULT ;OPER ;MAINT ;STAT ;PRODUCTNUMBER   ;REV     ;SERIAL        ;DATE     ;PMTEMP ; TEMP ; UPT ;VOLT ;SW                   ;
=====================================================================================================================================
BB-1         ;000100 ;BB6631             ; 1 ;  OFF ;  ON ;  OFF ;  ON ;KDU1370071/11   ;R3F     ;E23E935632    ;20231018 ;3 (OK) ;      ;77.9 ;52   ;                     ;
Radio-S180-1 ;BXP_2  ;RRU4415B7          ; 1 ;  OFF ;  ON ;  OFF ; N/A ;KRC161495/1     ;R5J     ;TU8U029V83    ;20231109 ;4 (OK) ; 28.5 ;77.8 ;52.7 ;CXP9013268%15_R101LX ; (Radio4415B7)
Radio-S182-1 ;BXP_3  ;RRU4415B7          ; 1 ;  OFF ;  ON ;  OFF ; N/A ;KRC161495/1     ;R5J     ;TU8U029E1K    ;20231030 ;4 (OK) ; 24.8 ;77.8 ;53.0 ;CXP9013268%15_R101LX ; (Radio4415B7)
Radio-S210-1 ;BXP_6  ;RRU227922B822B20C* ; 1 ;  OFF ;  ON ;  OFF ; N/A ;KRC161864/1     ;R1F     ;TU8U028C1Y    ;20231010 ;4 (OK) ; 30.5 ;77.8 ;53.0 ;CXP9013268%15_R101LX ; (Radio227922B822B20C)
Radio-S211-1 ;BXP_5  ;RRU227922B822B20C* ; 1 ;  OFF ;  ON ;  OFF ; N/A ;KRC161864/1     ;R1F     ;TU8U028BTX    ;20231010 ;4 (OK) ; 34.5 ;77.8 ;52.9 ;CXP9013268%15_R101LX ; (Radio227922B822B20C)
Radio-S212-1 ;BXP_4  ;RRU227922B822B20C* ; 1 ;  OFF ;  ON ;  OFF ; N/A ;KRC161864/1     ;R1F     ;TU8U028C39    ;20231010 ;4 (OK) ; 28.5 ;77.8 ;53.0 ;CXP9013268%15_R101LX ; (Radio227922B822B20C)
-------------------------------------------------------------------------------------------------------------------------------------

=====================================================================================================================================
XPBOARD  ;ST ;FAULT ;OPER ;PRODUCTNUMBER ;REV ;SERIAL/NAME ;DATE     ; TEMP ;MO
=====================================================================================================================================
FAN08    ; 1 ;N/A   ;N/A  ;BKV106236/1   ;R2F ;DD138A5660  ;20221210 ; 37.0 ;SupportUnit=1 (FAN  BB-1)
-------------------------------------------------------------------------------------------------------------------------------------

=====================================================================================================================================
ID ;T ;RiL    ;BPBP ;BOARD1             ;LNH1 ;PORT ;R ;LINK ;RATE  ; BER ;BOARD2             ;LNH2 ;PORT ;R ;LINK ;RATE  ; BER ;LENGTH ;MO1 - MO2
=====================================================================================================================================
 1 ;O ;S210-1 ;1111 ;BB6631             ;000100 ; 1 ;M ;Up   ;10.1G ;   0 ;RRU227922B822B20C* ;BXP_6  ; 1 ;S ;Up   ;10.1G ;   0 ;   76m ;Fru=BB-1(A) Fru=Radio-S210-1(D2)
 2 ;O ;S211-1 ;1111 ;BB6631             ;000100 ; 2 ;M ;Up   ;10.1G ;   0 ;RRU227922B822B20C* ;BXP_5  ; 1 ;S ;Up   ;10.1G ;   0 ;   76m ;Fru=BB-1(B) Fru=Radio-S211-1(D2)
 3 ;O ;S212-1 ;1111 ;BB6631             ;000100 ; 3 ;M ;Up   ;10.1G ;   0 ;RRU227922B822B20C* ;BXP_4  ; 1 ;S ;Up   ;10.1G ;   0 ;   76m ;Fru=BB-1(C) Fru=Radio-S212-1(D2)
 4 ;O ;S180-1 ;1111 ;BB6631             ;000100 ; 4 ;M ;Up   ;10.1G ;   0 ;RRU4415B7          ;BXP_2  ; 0 ;S ;Up   ;10.1G ;   0 ;   76m ;Fru=BB-1(D) Fru=Radio-S180-1(D1)
 5 ;O ;S182-1 ;1111 ;BB6631             ;000100 ; 5 ;M ;Up   ;10.1G ;   0 ;RRU4415B7          ;BXP_3  ; 0 ;S ;Up   ;10.1G ;   0 ;   76m ;Fru=BB-1(E) Fru=Radio-S182-1(D1)
-------------------------------------------------------------------------------------------------------------------------------------

=====================================================================================================================================
ID ;LINK ;RiL    ;VENDOR1  ;VENDORPROD1     ;REV1 ;SERIAL1      ;DATE1    ;ERICSSONPROD1      ;VENDOR2  ;VENDORPROD2     ;REV2 ;SERIAL2      ;DATE2    ;ERICSSONPROD2      ;TT ;WL1     ;WL2    
=====================================================================================================================================
 1 ;Up   ;S210-1 ;ERICSSON ;RTXM228-702-C22 ;1.0  ;CU823J277Y   ;20231007 ;RDH10265/2 R1A     ;ERICSSON ;RTXM228-702-C22 ;1.0  ;CU823J2779   ;20231007 ;RDH10265/2 R1A     ;0  ;1310.00 ;1310.00
 2 ;Up   ;S211-1 ;ERICSSON ;RTXM228-702-C22 ;1.0  ;CU823J281Q   ;20231007 ;RDH10265/2 R1A     ;ERICSSON ;RTXM228-702-C22 ;1.0  ;CU823J276Z   ;20231007 ;RDH10265/2 R1A     ;0  ;1310.00 ;1310.00
 3 ;Up   ;S212-1 ;ERICSSON ;RTXM228-702-C22 ;1.0  ;CU823J2817   ;20231007 ;RDH10265/2 R1A     ;ERICSSON ;RTXM228-702-C22 ;1.0  ;CU823J276Y   ;20231007 ;RDH10265/2 R1A     ;0  ;1310.00 ;1310.00
 4 ;Up   ;S180-1 ;ERICSSON ;RTXM228-702-C22 ;1.0  ;CU823J280V   ;20231007 ;RDH10265/2 R1A     ;ERICSSON ;RTXM228-702-C22 ;1.0  ;CU823J2823   ;20231007 ;RDH10265/2 R1A     ;0  ;1310.00 ;1310.00
 5 ;Up   ;S182-1 ;ERICSSON ;RTXM228-702-C22 ;1.0  ;CU823J281H   ;20231007 ;RDH10265/2 R1A     ;ERICSSON ;RTXM228-702-C22 ;1.0  ;CU823J277H   ;20231007 ;RDH10265/2 R1A     ;0  ;1310.00 ;1310.00
-------------------------------------------------------------------------------------------------------------------------------------

=====================================================================================================================================
ID ;LINK ;RiL    ;WL1     ;TEMP1 ;TXbs1 ;TXdBm1 ;RXdBm1 ;BER1   ;WL2     ;TEMP2 ;TXbs2 ;TXdBm2 ;RXdBm2 ;BER2   ;DlLoss ;UlLoss ;LENGTH ;TT
=====================================================================================================================================
 1 ;Up   ;S210-1 ;1310.00 ;39C   ;55%   ;-1.44  ;-0.90  ;   0   ;1310.00 ;30C   ;54%   ;-1.88  ;-0.62  ;   0   ; -0.82 ; -0.98 ;   76m ; 0
 2 ;Up   ;S211-1 ;1310.00 ;39C   ;54%   ;-2.35  ;-1.35  ;   0   ;1310.00 ;33C   ;54%   ;-1.45  ;-1.86  ;   0   ; -0.49 ;  -0.1 ;   76m ; 0
 3 ;Up   ;S212-1 ;1310.00 ;39C   ;54%   ;-1.63  ;-1.55  ;   0   ;1310.00 ;28C   ;51%   ;-1.46  ;-1.78  ;   0   ;  0.15 ;  0.09 ;   76m ; 0
 4 ;Up   ;S180-1 ;1310.00 ;34C   ;54%   ;-1.84  ;-0.90  ;   0   ;1310.00 ;35C   ;55%   ;-1.15  ;-0.81  ;   0   ; -1.03 ; -0.25 ;   76m ; 0
 5 ;Up   ;S182-1 ;1310.00 ;36C   ;55%   ;-0.75  ;-1.25  ;   0   ;1310.00 ;30C   ;52%   ;-1.69  ;-1.15  ;   0   ;   0.4 ; -0.44 ;   76m ; 0
-------------------------------------------------------------------------------------------------------------------------------------

=====================================================================================================================================
ID ;RiL    ;BOARD              ;SFPLNH  ;PORT ;VENDOR   ;VENDORPROD      ;REV  ;SERIAL       ;DATE     ;ERICSSONPROD       ;WL      ;TEMP  ;TXbs  ;TXdBm  ;RXdBm  ; BER
=====================================================================================================================================
 1 ;S210-1 ;BB6631             ;000100   ;  1 ;ERICSSON ;RTXM228-702-C22 ;1.0  ;CU823J277Y   ;20231007 ;RDH10265/2 R1A     ;1310.00 ;39C   ;55%   ;-1.44  ;-0.90  ;   0
 2 ;S211-1 ;BB6631             ;000100   ;  2 ;ERICSSON ;RTXM228-702-C22 ;1.0  ;CU823J281Q   ;20231007 ;RDH10265/2 R1A     ;1310.00 ;39C   ;54%   ;-2.35  ;-1.35  ;   0
 3 ;S212-1 ;BB6631             ;000100   ;  3 ;ERICSSON ;RTXM228-702-C22 ;1.0  ;CU823J2817   ;20231007 ;RDH10265/2 R1A     ;1310.00 ;39C   ;54%   ;-1.63  ;-1.55  ;   0
 4 ;S180-1 ;BB6631             ;000100   ;  4 ;ERICSSON ;RTXM228-702-C22 ;1.0  ;CU823J280V   ;20231007 ;RDH10265/2 R1A     ;1310.00 ;34C   ;54%   ;-1.84  ;-0.90  ;   0
 5 ;S182-1 ;BB6631             ;000100   ;  5 ;ERICSSON ;RTXM228-702-C22 ;1.0  ;CU823J281H   ;20231007 ;RDH10265/2 R1A     ;1310.00 ;36C   ;55%   ;-0.75  ;-1.25  ;   0
 4 ;S180-1 ;RRU4415B7          ;BXP_2    ;  0 ;ERICSSON ;RTXM228-702-C22 ;1.0  ;CU823J2823   ;20231007 ;RDH10265/2 R1A     ;1310.00 ;35C   ;55%   ;-1.15  ;-0.81  ;   0
 5 ;S182-1 ;RRU4415B7          ;BXP_3    ;  0 ;ERICSSON ;RTXM228-702-C22 ;1.0  ;CU823J277H   ;20231007 ;RDH10265/2 R1A     ;1310.00 ;30C   ;52%   ;-1.69  ;-1.15  ;   0
 3 ;S212-1 ;RRU227922B822B20C* ;BXP_4    ;  1 ;ERICSSON ;RTXM228-702-C22 ;1.0  ;CU823J276Y   ;20231007 ;RDH10265/2 R1A     ;1310.00 ;28C   ;51%   ;-1.46  ;-1.78  ;   0
 2 ;S211-1 ;RRU227922B822B20C* ;BXP_5    ;  1 ;ERICSSON ;RTXM228-702-C22 ;1.0  ;CU823J276Z   ;20231007 ;RDH10265/2 R1A     ;1310.00 ;33C   ;54%   ;-1.45  ;-1.86  ;   0
 1 ;S210-1 ;RRU227922B822B20C* ;BXP_6    ;  1 ;ERICSSON ;RTXM228-702-C22 ;1.0  ;CU823J2779   ;20231007 ;RDH10265/2 R1A     ;1310.00 ;30C   ;54%   ;-1.88  ;-0.62  ;   0
-------------------------------------------------------------------------------------------------------------------------------------
TN ;       ;BB6631             ;000100   ;IA2 ;ERICSSON ;42020201934     ;A0   ;202332400206 ;20230807 ;RPM777053/1000 R1B ;NA      ;NA    ;NA    ;NA     ;NA     ; 0/0
-------------------------------------------------------------------------------------------------------------------------------------

=====================================================================================================================================
BOARD  ;LNH    ;PORT       ;T ;S ;OpMode   ;AutoNeg ;MacAddress        ;VlanIds        ;LOS ;BER
=====================================================================================================================================
BB6631 ;000100 ;TN_IDL_A_1 ;E ;1 ;10G_FULL ;false   ;F4:3C:96:07:2E:10 ;3901,3908,3910 ;0   ;0/0
BB6631 ;000100 ;TN_IDL_A_2 ;O ;1 ;10G_FULL ;false   ;F4:3C:96:07:2E:11 ;3908           ;0   ;0/0
-------------------------------------------------------------------------------------------------------------------------------------

radioClockState : RNT_TIME_LOCKED
-------------------------------------------------------------------------------------
Prio  ;ST  ;syncRefType    ;refStatus  ;opQualLevel  ;SyncReference
-------------------------------------------------------------------------------------
   1  ; 1  ;PTP_TIME       ;NO_FAULT   ;PRTC         ;Ptp=1,BoundaryOrdinaryClock=PTP (G_8275_1 EthernetPort=TN_IDL_A_1:SLAVE)
   2  ; 1  ;NTP_FREQUENCY  ;NO_FAULT   ;PRC          ;Ntp=1,NtpFrequencySync=NTP1 (10.31.0.54:32751 Router=45G_Traffic,InterfaceIPv4=LTE,AddressIPv4=LTE)
-------------------------------------------------------------------------------------
-------------------------------------------------------------------------------------
Prio  ;ST  ;assistRefStatus  ;recQualLevel  ;AssistingReference
-------------------------------------------------------------------------------------
   1  ; 0  ;UNKNOWN          ;PRTC          ;Synchronization=1,SyncEthInput=SyncE (SFP_DAC EthernetPort=TN_IDL_A_1)
-------------------------------------------------------------------------------------
nodeGroupRole   : SYNC_RECEIVER (syncNodePriority=3, selectionMode=NODE_PRIORITY)
-------------------------------------------------------------------------------------
DU  ;Port  ;sharedUnitRef (RiPortA - RiPortB)  ;remoteNodePriority  ;CandidateStatus
-------------------------------------------------------------------------------------
1   ;A     ;Fru=Radio-S210-1 (2 - 1)           ;1                   ;OK_NOT_ACTIVE
1   ;B     ;Fru=Radio-S211-1 (2 - 1)           ;1                   ;OK_NOT_ACTIVE
1   ;C     ;Fru=Radio-S212-1 (2 - 1)           ;1                   ;OK_ACTIVE
-------------------------------------------------------------------------------------

=====================================================================================================================================
FRU          ;LNH    ;BOARD              ;RF  ;BP  ;TX (W/dBm)  ;VSWR (RL)   ;RX (dBm) ;UEs/gUEs  ;Sector/AntennaGroup/Cells (State:CellIds:PCIs)
=====================================================================================================================================
Radio-S180-1 ;BXP_2  ;RRU4415B7          ; A  ;11  ;20.4 (43.1) ;1.12 (24.8) ;-99.6    ;0/-       ;SE=180 AG=180 FDD=RL3FL1 (1:21:74)
Radio-S180-1 ;BXP_2  ;RRU4415B7          ; B  ;11  ;-           ;1.24 (19.5) ;-99.2    ;0/-       ;SE=180 AG=180 FDD=RL3FL1 (1:21:74)
Radio-S180-1 ;BXP_2  ;RRU4415B7          ; C  ;11  ;22.9 (43.6) ;1.22 (20.2) ;-99.8    ;4/-       ;SE=181 AG=181 FDD=RL3FL2 (1:22:138)
Radio-S180-1 ;BXP_2  ;RRU4415B7          ; D  ;11  ;-           ;1.24 (19.4) ;-99.7    ;4/-       ;SE=181 AG=181 FDD=RL3FL2 (1:22:138)
Radio-S182-1 ;BXP_3  ;RRU4415B7          ; A  ;11  ;18.2 (42.6) ;1.30 (17.6) ;-100.2   ;0/-       ;SE=182 AG=182 FDD=RL3FL3 (1:23:168)
Radio-S182-1 ;BXP_3  ;RRU4415B7          ; B  ;11  ;-           ;1.28 (18.1) ;-100.2   ;0/-       ;SE=182 AG=182 FDD=RL3FL3 (1:23:168)
Radio-S182-1 ;BXP_3  ;RRU4415B7          ; C  ;11  ;-           ;-           ;         ;          ;
Radio-S182-1 ;BXP_3  ;RRU4415B7          ; D  ;11  ;-           ;-           ;         ;          ;
Radio-S210-1 ;BXP_6  ;RRU227922B822B20C* ; A  ;11  ;24.6 (43.9) ;1.27 (18.5) ;-101.8   ;-/-       ;SE=210* AG=210 GT=RL3FD1/0 GT=RL3FD1/1 (1, 1)
Radio-S210-1 ;BXP_6  ;RRU227922B822B20C* ; B  ;11  ;16.0 (42.0) ;1.22 (20.2) ;-100.7   ;-/-       ;SE=210* AG=210 GT=RL3FD1/0 GT=RL3FD1/1 (1, 1)
Radio-S211-1 ;BXP_5  ;RRU227922B822B20C* ; A  ;11  ;21.7 (43.4) ;1.24 (19.4) ;-87.0    ;-/-       ;SE=211* AG=211 GT=RL3FD2/0 GT=RL3FD2/1 (1, 1)
Radio-S211-1 ;BXP_5  ;RRU227922B822B20C* ; B  ;11  ;20.2 (43.0) ;1.20 (20.9) ;-87.9    ;-/-       ;SE=211* AG=211 GT=RL3FD2/0 GT=RL3FD2/1 (1, 1)
Radio-S212-1 ;BXP_4  ;RRU227922B822B20C* ; A  ;11  ;23.4 (43.7) ;1.32 (17.2) ;-95.0    ;-/-       ;SE=212* AG=212 GT=RL3FD3/0 GT=RL3FD3/8 (1, 1)
Radio-S212-1 ;BXP_4  ;RRU227922B822B20C* ; B  ;11  ;23.2 (43.7) ;1.27 (18.5) ;-95.1    ;-/-       ;SE=212* AG=212 GT=RL3FD3/0 GT=RL3FD3/8 (1, 1)
-------------------------------------------------------------------------------------------------------------------------------------

RL3FL> mfar

251125-10:28:24+0100 19.31.15.192 25.0h MSRBS_NODE_MODEL_25.Q1_693.28324.131_62ac stopfile=/tmp/1924783
.....
Last MO: 16781. Loaded 16781 MOs. Total: 16782 MOs.
..........................................
get /rop/A20251125.0745-0800_RL3FL.xml.gz /ericsson/log/amos/moshell_logfiles/t20251125_37258710_65084/logs_moshell/pmfiles/19.31.15.192/rop/A20251125.0745-0800_RL3FL.xml.gz ... OK
get /rop/A20251125.0800-0815_RL3FL.xml.gz /ericsson/log/amos/moshell_logfiles/t20251125_37258710_65084/logs_moshell/pmfiles/19.31.15.192/rop/A20251125.0800-0815_RL3FL.xml.gz ... OK
get /rop/A20251125.0815-0830_RL3FL.xml.gz /ericsson/log/amos/moshell_logfiles/t20251125_37258710_65084/logs_moshell/pmfiles/19.31.15.192/rop/A20251125.0815-0830_RL3FL.xml.gz ... OK

Using hardcoded thresholds: 3, 4.5, and 16.5
================================================================================================================================
SC     SE  Tx/Rx BrPair  RfPort1 - RfPort2               HW       Serial      Cell (State)   Samples   Med  Mean  SDev Pol Res Issue
================================================================================================================================
RL3FL1 180   2/2 0 (1,2) Radio-S180-1(A) Radio-S180-1(B) RRU4415  TU8U029V83  FDD=RL3FL1 (1)    9345   0.5   0.1   6.5  NA  OK Passed
RL3FL2 181   2/2 0 (1,2) Radio-S180-1(C) Radio-S180-1(D) RRU4415  TU8U029V83  FDD=RL3FL2 (1)  358526   4.5   4.3   4.6  NA OKW Possible RF Loss or PIM at Radio-S180-1(C)
RL3FL3 182   2/2 0 (1,2) Radio-S182-1(A) Radio-S182-1(B) RRU4415  TU8U029E1K  FDD=RL3FL3 (1)    6548  -0.5  -0.4   6.7  NA  OK Passed
================================================================================================================================
Total: 3 SectorCarriers, 3 RfBranch Pairs (2 OK, 1 OKW, 0 NOK, 0 NT)
.....
Last MO: 16781. Loaded 16781 MOs. Total: 16782 MOs.

No NRSectorCarrier MOs are defined on the node.

RL3FL> mfitr

251125-10:28:38+0100 19.31.15.192 25.0h MSRBS_NODE_MODEL_25.Q1_693.28324.131_62ac stopfile=/tmp/1924783
.........
Last MO: 16781. Loaded 16781 MOs. Total: 16782 MOs.
.......
2025-11-25 10:29
================================================================================================================================
CELL       SC     FRU          BOARD     PUSCH  PUCCH       A      B      C      D  DELTA
================================================================================================================================
FDD=RL3FL1 RL3FL1 Radio-S180-1 RRU4415B7 -119.0 -118.3 -119.1 -118.9                  0.2
FDD=RL3FL2 RL3FL2 Radio-S180-1 RRU4415B7 -119.3 -119.4               -119.2 -119.1    0.1
FDD=RL3FL3 RL3FL3 Radio-S182-1 RRU4415B7 -119.5 -119.5 -119.1 -119.2                  0.1
================================================================================================================================
Bye...
Output has been logged to file /mta_fs/UserFiles/37258710/amosbatch/SDIR/RL3FL.log
