Logging to file /mta_fs/UserFiles/37258710/amosbatch/SDIR/RL48T.log
                        __  __  ____   _____
                  /\   |  \/  |/ __ \ / ____|
                 /  \  | \  / | |  | | (___  
                / /\ \ | |\/| | |  | |\___ \ 
               / ____ \| |  | | |__| |____) |
              /_/    \_\_|  |_|\____/|_____/
              OSS Framework for MoShell-25.0h 
  Copyright (c) Ericsson AB 2001-2025 - All Rights Reserved
              
           
[1;31mWARNING: [0mthe AMOS version currently running is more than 29 weeks old and is unsupported.
Please upgrade as soon as possible to the latest released version, available from your local Ericsson support.

$amosrb_pid = 1982991

Checking ip contact...OK

HELP MENU            : h
BASIC MO COMMANDS    : m
OTHER MO COMMANDS    : n
OTHER COMMANDS       : o
PM COMMANDS          : p
QUIT                 : q

RL48T> lt all

251125-10:43:23+0100 19.31.12.128 25.0h  stopfile=/tmp/1982888
Looking up temporary_amos account... OK.
Trying temporary_amos_t20251125_37258710_65084_131's password from amos lookupAccount ... OK

$ssh_pid = 1984005

Connected to 19.31.12.128 (SubNetwork=BBMM_rckomc_R,MeContext=RL48T,ManagedElement=RL48T)

Checking MOM version...MSRBS_NODE_MODEL_25.Q1_693.28324.131_62ac
Parsing MOM (cached): /ericsson/log/amos/moshell_logfiles/t20251125_37258710_65084/logs_moshell/tempfiles/scp-4-amos_20251125-104317_1982832/MSRBS_NODE_MODEL_25.Q1_693.28324.131_62ac.xml.cache.gz ..................................................................................................................................................................................................................................Done.
Using paramfile /opt/ericsson/amos/moshell/commonjars/pm/PARAM_MSRBS_25.Q1.txt
Parsing file /opt/ericsson/amos/moshell/commonjars/pm/PARAM_MSRBS_25.Q1.txt .......................................................................................Done.
Using imomdfile /opt/ericsson/amos/moshell/commonjars/pm/IMOMD_MSRBS_22.Q4.txt
Using imomfile /opt/ericsson/amos/moshell/commonjars/pm/IMOM_MSRBS_25.Q1.txt
Connected to 19.31.12.128 (SubNetwork=BBMM_rckomc_R,MeContext=RL48T,ManagedElement=RL48T)

Last MO: 17982. Loaded 17982 MOs. Total: 17983 MOs.

RL48T> st cell

251125-10:43:37+0100 19.31.12.128 25.0h MSRBS_NODE_MODEL_25.Q1_693.28324.131_62ac stopfile=/tmp/1982888
===================================================================================
Proxy  Adm State     Op. State     MO
===================================================================================
   43  1 (UNLOCKED)  1 (ENABLED)   ENodeBFunction=1,EUtranCellFDD=RL48M1
  140  1 (UNLOCKED)  1 (ENABLED)   ENodeBFunction=1,EUtranCellFDD=RL48M2
  271  1 (UNLOCKED)  1 (ENABLED)   ENodeBFunction=1,EUtranCellFDD=RL48M3
  384  1 (UNLOCKED)  1 (ENABLED)   ENodeBFunction=1,EUtranCellFDD=RL48T1
  498  1 (UNLOCKED)  1 (ENABLED)   ENodeBFunction=1,EUtranCellFDD=RL48T2
  643  1 (UNLOCKED)  1 (ENABLED)   ENodeBFunction=1,EUtranCellFDD=RL48T3
===================================================================================
Total: 6 MOs

RL48T> st radio

251125-10:43:37+0100 19.31.12.128 25.0h MSRBS_NODE_MODEL_25.Q1_693.28324.131_62ac stopfile=/tmp/1982888
===================================================================================
Proxy  Adm State     Op. State     MO
===================================================================================
 2183  1 (UNLOCKED)  1 (ENABLED)   Equipment=1,FieldReplaceableUnit=Radio-S100-1
 2206  1 (UNLOCKED)  1 (ENABLED)   Equipment=1,FieldReplaceableUnit=Radio-S102-1
17974  1 (UNLOCKED)  1 (ENABLED)   Transport=1,Synchronization=1,RadioEquipmentClock=1,RadioEquipmentClockReference=NTP1
17975  1 (UNLOCKED)  1 (ENABLED)   Transport=1,Synchronization=1,RadioEquipmentClock=1,RadioEquipmentClockReference=PTP
===================================================================================
Total: 4 MOs

RL48T> sdir

251125-10:43:38+0100 19.31.12.128 25.0h MSRBS_NODE_MODEL_25.Q1_693.28324.131_62ac stopfile=/tmp/1982888
INFO: Using amos lookupAccount credentials for the export login
...............................
get /rop/A20251125.0845-0900_RL48T.xml.gz /ericsson/log/amos/moshell_logfiles/t20251125_37258710_65084/logs_moshell/pmfiles/19.31.12.128/rop/A20251125.0845-0900_RL48T.xml.gz ... OK
get /rop/A20251125.0900-0915_RL48T.xml.gz /ericsson/log/amos/moshell_logfiles/t20251125_37258710_65084/logs_moshell/pmfiles/19.31.12.128/rop/A20251125.0900-0915_RL48T.xml.gz ... OK
get /rop/A20251125.0915-0930_RL48T.xml.gz /ericsson/log/amos/moshell_logfiles/t20251125_37258710_65084/logs_moshell/pmfiles/19.31.12.128/rop/A20251125.0915-0930_RL48T.xml.gz ... OK
...Checking available boards on node...

Collecting RCS board data ...
.......................................................................................................................
.
.......................................................................................................................................................................................................................................................................................
........
Collecting TN data...
.................................................................................................................................................................................................................................................................................................
Collecting RF data...
.
Collecting Alarms...
Executing action Log.export()
...
Log=AlarmLog                    actionId=49404
........
Executing action LogM.exportAvailabilityLog()
..LogM=1,exportAvailabilityLog    actionId=49405
.....Parsing alarmLog.....Done.
Parsing availabilityLog....Done.
...

Total: 2 CPRI links (2 OK, 0 OKW, 0 NOK, 0 NT)

+--------+                      +------------------+
|        | D        O101     D1 |   Radio-S100-1   |
|        |-----------1----------| RRU449944B144B3C |
|        |         OK-20m       |      BXP_3       |
|        |                      +------------------+
|        |                           |A  |B  |C  |D
|        |                    SE=100 AG=100  |   |
|        |            FDD=RL48M1 FDD=RL48T1  |   |
|        |                            SE=101 AG=101
|        |                    FDD=RL48M2 FDD=RL48T2
|  BB-1  |
| BB6631 |
| 000100 |
|        |                      +------------------+
|        | E        O101     D1 |   Radio-S102-1   |
|        |-----------2----------| RRU449944B144B3C |
|        |         OK-21m       |      BXP_2       |
|        |                      +------------------+
|        |                           |A  |B  |C  |D
|        |                    SE=102 AG=102  |   |
|        |            FDD=RL48M3 FDD=RL48T3  |   |
|        |
+--------+

=====================================================================================================================================
ID RiL    Type Res MO1-MO2                  BOARD1-BOARD2           AlmIDs Cells (States)                                        Issue (Failed checks)
=====================================================================================================================================
 1 S100-1 O101 OK  BB-1(D) Radio-S100-1(D1) BB6631 RRU449944B144B3C        FDD=RL48M1 FDD=RL48M2 FDD=RL48T1 FDD=RL48T2 (1,1,1,1) Passed
 2 S102-1 O101 OK  BB-1(E) Radio-S102-1(D1) BB6631 RRU449944B144B3C        FDD=RL48M3 FDD=RL48T3 (1,1)                           Passed
-------------------------------------------------------------------------------------------------------------------------------------

Node: RadioNode L   CXP2010174/2_R27J08 (25.Q1)   G3.1   LTE-FDD 

=====================================================================================================================================
FRU          ;LNH    ;BOARD            ;ST ;FAULT ;OPER ;MAINT ;STAT ;PRODUCTNUMBER   ;REV     ;SERIAL        ;DATE     ;PMTEMP ; TEMP ; UPT ;VOLT ;SW                   ;
=====================================================================================================================================
BB-1         ;000100 ;BB6631           ; 1 ;  OFF ;  ON ;  OFF ;  ON ;KDU1370071/11   ;R3F     ;E96A0133LT    ;20231030 ;3 (OK) ;      ; 131 ;54   ;                     ;
Radio-S100-1 ;BXP_3  ;RRU449944B144B3C ; 1 ;  OFF ;  ON ;  OFF ; N/A ;KRC161787/1     ;R2F     ;E23E533689    ;20230317 ;4 (OK) ; 33.5 ; 131 ;55.3 ;CXP9013268%15_R101LX ; (Radio449944B144B3C)
Radio-S102-1 ;BXP_2  ;RRU449944B144B3C ; 1 ;  OFF ;  ON ;  OFF ; N/A ;KRC161787/1     ;R2F     ;E23E533690    ;20230317 ;4 (OK) ; 30.1 ; 131 ;55.5 ;CXP9013268%15_R101LX ; (Radio449944B144B3C)
-------------------------------------------------------------------------------------------------------------------------------------

=====================================================================================================================================
AntennaNearUnit                                     ;ST  ;TYPE   ;PRODUCTNR  ;REV             ;UNIQUEID             ;RfPort
=====================================================================================================================================
AntennaUnitGroup=102,AntennaNearUnit=RET_1800_2100  ; 1  ;S-RET  ;RETINSIDE  ;RF11CLPT_VER.D  ;HWM1086H101PE4266bL  ;FieldReplaceableUnit=Radio-S102-1,RfPort=R
-------------------------------------------------------------------------------------------------------------------------------------

=====================================================================================================================================
XPBOARD  ;ST ;FAULT ;OPER ;PRODUCTNUMBER ;REV ;SERIAL/NAME ;DATE     ; TEMP ;MO
=====================================================================================================================================
FAN08    ; 1 ;N/A   ;N/A  ;BKV106236/1   ;R2F ;DD13891319  ;20221128 ; 42.0 ;SupportUnit=1 (FAN  BB-1)
-------------------------------------------------------------------------------------------------------------------------------------

=====================================================================================================================================
ID ;T ;RiL    ;BPBP ;BOARD1           ;LNH1 ;PORT ;R ;LINK ;RATE  ; BER ;BOARD2           ;LNH2 ;PORT ;R ;LINK ;RATE  ; BER ;LENGTH ;MO1 - MO2
=====================================================================================================================================
 1 ;O ;S100-1 ;1111 ;BB6631           ;000100 ; 4 ;M ;Up   ;10.1G ;   0 ;RRU449944B144B3C ;BXP_3  ; 0 ;S ;Up   ;10.1G ;   0 ;   20m ;Fru=BB-1(D) Fru=Radio-S100-1(D1)
 2 ;O ;S102-1 ;1111 ;BB6631           ;000100 ; 5 ;M ;Up   ;10.1G ;   0 ;RRU449944B144B3C ;BXP_2  ; 0 ;S ;Up   ;10.1G ;   0 ;   21m ;Fru=BB-1(E) Fru=Radio-S102-1(D1)
-------------------------------------------------------------------------------------------------------------------------------------

=====================================================================================================================================
ID ;LINK ;RiL    ;VENDOR1  ;VENDORPROD1     ;REV1 ;SERIAL1      ;DATE1    ;ERICSSONPROD1      ;VENDOR2  ;VENDORPROD2     ;REV2 ;SERIAL2      ;DATE2    ;ERICSSONPROD2      ;TT ;WL1     ;WL2    
=====================================================================================================================================
 1 ;Up   ;S100-1 ;ERICSSON ;RTXM228-702-C22 ;1.0  ;CU823M1G19   ;20231223 ;RDH10265/2 R1A     ;ERICSSON ;RTXM228-702-C22 ;1.0  ;CU823M1G11   ;20231223 ;RDH10265/2 R1A     ;0  ;1310.00 ;1310.00
 2 ;Up   ;S102-1 ;ERICSSON ;RTXM228-702-C22 ;1.0  ;CU823M1G1B   ;20231223 ;RDH10265/2 R1A     ;ERICSSON ;RTXM228-702-C22 ;1.0  ;CU823M1CNY   ;20231222 ;RDH10265/2 R1A     ;0  ;1310.00 ;1310.00
-------------------------------------------------------------------------------------------------------------------------------------

=====================================================================================================================================
ID ;LINK ;RiL    ;WL1     ;TEMP1 ;TXbs1 ;TXdBm1 ;RXdBm1 ;BER1   ;WL2     ;TEMP2 ;TXbs2 ;TXdBm2 ;RXdBm2 ;BER2   ;DlLoss ;UlLoss ;LENGTH ;TT
=====================================================================================================================================
 1 ;Up   ;S100-1 ;1310.00 ;42C   ;57%   ;-1.45  ;-0.24  ;   0   ;1310.00 ;31C   ;53%   ;-0.36  ;-1.92  ;   0   ;  0.47 ; -0.12 ;   20m ; 0
 2 ;Up   ;S102-1 ;1310.00 ;41C   ;57%   ;-0.77  ;-1.76  ;   0   ;1310.00 ;27C   ;53%   ;-1.24  ;-0.68  ;   0   ; -0.09 ;  0.52 ;   21m ; 0
-------------------------------------------------------------------------------------------------------------------------------------

=====================================================================================================================================
ID ;RiL    ;BOARD            ;SFPLNH  ;PORT ;VENDOR   ;VENDORPROD      ;REV  ;SERIAL       ;DATE     ;ERICSSONPROD       ;WL      ;TEMP  ;TXbs  ;TXdBm  ;RXdBm  ; BER
=====================================================================================================================================
 1 ;S100-1 ;BB6631           ;000100   ;  4 ;ERICSSON ;RTXM228-702-C22 ;1.0  ;CU823M1G19   ;20231223 ;RDH10265/2 R1A     ;1310.00 ;42C   ;57%   ;-1.45  ;-0.24  ;   0
 2 ;S102-1 ;BB6631           ;000100   ;  5 ;ERICSSON ;RTXM228-702-C22 ;1.0  ;CU823M1G1B   ;20231223 ;RDH10265/2 R1A     ;1310.00 ;41C   ;57%   ;-0.77  ;-1.76  ;   0
 2 ;S102-1 ;RRU449944B144B3C ;BXP_2    ;  0 ;ERICSSON ;RTXM228-702-C22 ;1.0  ;CU823M1CNY   ;20231222 ;RDH10265/2 R1A     ;1310.00 ;27C   ;53%   ;-1.24  ;-0.68  ;   0
 1 ;S100-1 ;RRU449944B144B3C ;BXP_3    ;  0 ;ERICSSON ;RTXM228-702-C22 ;1.0  ;CU823M1G11   ;20231223 ;RDH10265/2 R1A     ;1310.00 ;31C   ;53%   ;-0.36  ;-1.92  ;   0
-------------------------------------------------------------------------------------------------------------------------------------
TN ;       ;BB6631           ;000100   ; IB ;ERICSSON ;RTXM228-702-C22 ;1.0  ;CU823M1G0G   ;20231223 ;RDH10265/2 R1A     ;1310    ;38C   ;56%   ;-0.80  ;-10.86 ;NZ/0
TN ;       ;BB6631           ;000100   ;IA2 ;ERICSSON ;42020201934     ;A0   ;202340400706 ;20231002 ;RPM777053/1000 R1B ;NA      ;NA    ;NA    ;NA     ;NA     ; 0/0
-------------------------------------------------------------------------------------------------------------------------------------

=====================================================================================================================================
BOARD  ;LNH    ;PORT       ;T ;S ;OpMode         ;AutoNeg ;MacAddress        ;VlanIds   ;LOS ;BER
=====================================================================================================================================
BB6631 ;000100 ;TN_E       ;E ;1 ;1G_FULL_MASTER ;true    ;58:70:7F:8D:90:AB ;3910      ;0   ;0/0
BB6631 ;000100 ;TN_IDL_A_1 ;E ;1 ;10G_FULL       ;false   ;58:70:7F:8D:90:A4 ;3908,3910 ;0   ;0/0
BB6631 ;000100 ;TN_IDL_A_2 ;O ;1 ;10G_FULL       ;false   ;58:70:7F:8D:90:A5 ;3908      ;0   ;0/0
BB6631 ;000100 ;TN_IDL_B   ;O ;1 ;1G_FULL        ;true    ;58:70:7F:8D:90:A8 ;3908,3910 ;0   ;NZ/0
-------------------------------------------------------------------------------------------------------------------------------------

radioClockState : RNT_TIME_LOCKED
-------------------------------------------------------------------------------------
Prio  ;ST  ;syncRefType    ;refStatus  ;opQualLevel  ;SyncReference
-------------------------------------------------------------------------------------
  *1  ; 1  ;PTP_TIME       ;NO_FAULT   ;PRTC         ;Ptp=1,BoundaryOrdinaryClock=PTP (G_8275_1 EthernetPort=TN_IDL_B:SLAVE EthernetPort=TN_IDL_A_1:MASTER)
   2  ; 1  ;NTP_FREQUENCY  ;NO_FAULT   ;PRC          ;Ntp=1,NtpFrequencySync=NTP1 (10.31.0.54:32751 Router=45G_Traffic,InterfaceIPv4=LTE,AddressIPv4=LTE)
-------------------------------------------------------------------------------------
-------------------------------------------------------------------------------------
Prio  ;ST  ;assistRefStatus  ;recQualLevel  ;AssistingReference
-------------------------------------------------------------------------------------
   1  ; 1  ;NO_FAULT         ;PRC           ;Synchronization=1,SyncEthInput=SyncE (SFP_OPTICAL EthernetPort=TN_IDL_B)
-------------------------------------------------------------------------------------

=====================================================================================================================================
FRU          ;LNH    ;BOARD            ;RF  ;BP  ;TX (W/dBm)  ;VSWR (RL)   ;RX (dBm) ;UEs/gUEs  ;Sector/AntennaGroup/Cells (State:CellIds:PCIs)
=====================================================================================================================================
Radio-S100-1 ;BXP_3  ;RRU449944B144B3C ; A  ;11  ;21.8 (43.4) ;1.10 (26.1) ;-90.1    ;17/-      ;SE=100 AG=100 FDD=RL48M1 FDD=RL48T1 (1:31:379, 1:41:136)
Radio-S100-1 ;BXP_3  ;RRU449944B144B3C ; B  ;11  ;11.5 (40.6) ;1.16 (22.4) ;-89.7    ;17/-      ;SE=100 AG=100 FDD=RL48M1 FDD=RL48T1 (1:31:379, 1:41:136)
Radio-S100-1 ;BXP_3  ;RRU449944B144B3C ; C  ;11  ;15.5 (41.9) ;1.10 (26.1) ;-88.2    ;35/-      ;SE=101 AG=101 FDD=RL48M2 FDD=RL48T2 (1:32:277, 1:42:215)
Radio-S100-1 ;BXP_3  ;RRU449944B144B3C ; D  ;11  ;16.3 (42.1) ;1.11 (25.5) ;-87.3    ;35/-      ;SE=101 AG=101 FDD=RL48M2 FDD=RL48T2 (1:32:277, 1:42:215)
Radio-S102-1 ;BXP_2  ;RRU449944B144B3C ; A  ;11  ;13.9 (41.4) ;1.14 (23.6) ;-85.8    ;18/-      ;SE=102 AG=102 FDD=RL48M3 FDD=RL48T3 (1:33:380, 1:43:16)
Radio-S102-1 ;BXP_2  ;RRU449944B144B3C ; B  ;11  ;4.3 (36.3)  ;1.12 (24.7) ;-86.5    ;18/-      ;SE=102 AG=102 FDD=RL48M3 FDD=RL48T3 (1:33:380, 1:43:16)
Radio-S102-1 ;BXP_2  ;RRU449944B144B3C ; C  ;11  ;-           ;-           ;         ;          ;
Radio-S102-1 ;BXP_2  ;RRU449944B144B3C ; D  ;11  ;-           ;-           ;         ;          ;
-------------------------------------------------------------------------------------------------------------------------------------

RL48T> mfar

251125-10:45:34+0100 19.31.12.128 25.0h MSRBS_NODE_MODEL_25.Q1_693.28324.131_62ac stopfile=/tmp/1982888
.....
Last MO: 17995. Loaded 17995 MOs. Total: 17996 MOs.
...............................................
get /rop/A20251125.0815-0830_RL48T.xml.gz /ericsson/log/amos/moshell_logfiles/t20251125_37258710_65084/logs_moshell/pmfiles/19.31.12.128/rop/A20251125.0815-0830_RL48T.xml.gz ... OK
get /rop/A20251125.0830-0845_RL48T.xml.gz /ericsson/log/amos/moshell_logfiles/t20251125_37258710_65084/logs_moshell/pmfiles/19.31.12.128/rop/A20251125.0830-0845_RL48T.xml.gz ... OK
get /rop/A20251125.0930-0945_RL48T.xml.gz /ericsson/log/amos/moshell_logfiles/t20251125_37258710_65084/logs_moshell/pmfiles/19.31.12.128/rop/A20251125.0930-0945_RL48T.xml.gz ... OK

Using hardcoded thresholds: 3, 4.5, and 16.5
================================================================================================================================
SC     SE  Tx/Rx BrPair  RfPort1 - RfPort2               HW       Serial      Cell (State)   Samples   Med  Mean  SDev Pol Res Issue
================================================================================================================================
RL48M1 100   2/2 0 (1,2) Radio-S100-1(A) Radio-S100-1(B) RRU4499  E23E533689  FDD=RL48M1 (1)    7400  -2.5  -2.0   6.3  NA  OK Passed
RL48M2 101   2/2 0 (1,2) Radio-S100-1(C) Radio-S100-1(D) RRU4499  E23E533689  FDD=RL48M2 (1)  113857  -0.5  -0.1   6.6  NA  OK Passed
RL48M3 102   2/2 0 (1,2) Radio-S102-1(A) Radio-S102-1(B) RRU4499  E23E533690  FDD=RL48M3 (1)   21948  -0.5  -0.3   6.1  NA  OK Passed
RL48T1 100   2/2 0 (1,2) Radio-S100-1(A) Radio-S100-1(B) RRU4499  E23E533689  FDD=RL48T1 (1)  317676  -1.5  -0.6   7.2  NA  OK Passed
RL48T2 101   2/2 0 (1,2) Radio-S100-1(C) Radio-S100-1(D) RRU4499  E23E533689  FDD=RL48T2 (1)  408678  -1.5  -1.8   6.9  NA  OK Passed
RL48T3 102   2/2 0 (1,2) Radio-S102-1(A) Radio-S102-1(B) RRU4499  E23E533690  FDD=RL48T3 (1)  242525  -1.5  -1.1   7.0  NA  OK Passed
================================================================================================================================
Total: 6 SectorCarriers, 6 RfBranch Pairs (6 OK, 0 OKW, 0 NOK, 0 NT)
.....
Last MO: 17995. Loaded 17995 MOs. Total: 17996 MOs.

No NRSectorCarrier MOs are defined on the node.

RL48T> mfitr

251125-10:45:50+0100 19.31.12.128 25.0h MSRBS_NODE_MODEL_25.Q1_693.28324.131_62ac stopfile=/tmp/1982888
........
Last MO: 17995. Loaded 17995 MOs. Total: 17996 MOs.
.......
2025-11-25 10:46
================================================================================================================================
CELL       SC     FRU          BOARD            PUSCH  PUCCH       A      B      C      D  DELTA
================================================================================================================================
FDD=RL48M1 RL48M1 Radio-S100-1 RRU449944B144B3C -118.5 -118.6 -118.7 -118.8                  0.1
FDD=RL48M2 RL48M2 Radio-S100-1 RRU449944B144B3C -115.5 -116.3               -117.4 -117.3    0.1
FDD=RL48M3 RL48M3 Radio-S102-1 RRU449944B144B3C -116.6 -117.8 -117.0 -116.9                  0.1
FDD=RL48T1 RL48T1 Radio-S100-1 RRU449944B144B3C -116.6 -117.7 -115.9 -115.8                  0.1
FDD=RL48T2 RL48T2 Radio-S100-1 RRU449944B144B3C -110.1 -113.2               -111.8 -110.6    1.2
FDD=RL48T3 RL48T3 Radio-S102-1 RRU449944B144B3C -108.0 -114.1 -107.0 -109.0                    2
================================================================================================================================
Bye...
Output has been logged to file /mta_fs/UserFiles/37258710/amosbatch/SDIR/RL48T.log
