Logging to file /mta_fs/UserFiles/37258710/amosbatch/SDIR/RL49L.log
                        __  __  ____   _____
                  /\   |  \/  |/ __ \ / ____|
                 /  \  | \  / | |  | | (___  
                / /\ \ | |\/| | |  | |\___ \ 
               / ____ \| |  | | |__| |____) |
              /_/    \_\_|  |_|\____/|_____/
              OSS Framework for MoShell-25.0h 
  Copyright (c) Ericsson AB 2001-2025 - All Rights Reserved
              
           
[1;31mWARNING: [0mthe AMOS version currently running is more than 29 weeks old and is unsupported.
Please upgrade as soon as possible to the latest released version, available from your local Ericsson support.

$amosrb_pid = 2837042

Checking ip contact...OK

HELP MENU            : h
BASIC MO COMMANDS    : m
OTHER MO COMMANDS    : n
OTHER COMMANDS       : o
PM COMMANDS          : p
QUIT                 : q

RL49L> lt all

251125-15:02:43+0100 19.31.12.239 25.0h  stopfile=/tmp/2836895
Looking up temporary_amos account... OK.
Trying temporary_amos_t20251125_37258710_65084_131's password from amos lookupAccount ... OK

$ssh_pid = 2837431

Connected to 19.31.12.239 (SubNetwork=BBMM_rckomc_R,MeContext=RL49L,ManagedElement=RL49L)

Checking MOM version...MSRBS_NODE_MODEL_25.Q1_198665.224.73_bf81
Parsing MOM (cached): /ericsson/log/amos/moshell_logfiles/t20251125_37258710_65084/logs_moshell/tempfiles/scp-4-amos_20251125-150236_2836835/MSRBS_NODE_MODEL_25.Q1_198665.224.73_bf81.xml.cache.gz ......................................................................................................................................................................................................................Done.
Using paramfile /opt/ericsson/amos/moshell/commonjars/pm/PARAM_MSRBSG2_25.Q1.txt
Parsing file /opt/ericsson/amos/moshell/commonjars/pm/PARAM_MSRBSG2_25.Q1.txt ......................................................................................Done.
Using imomdfile /opt/ericsson/amos/moshell/commonjars/pm/IMOMD_MSRBS_22.Q4.txt
Using imomfile /opt/ericsson/amos/moshell/commonjars/pm/IMOM_MSRBS_25.Q1.txt
Connected to 19.31.12.239 (SubNetwork=BBMM_rckomc_R,MeContext=RL49L,ManagedElement=RL49L)

Last MO: 18505. Loaded 18505 MOs. Total: 18506 MOs.

RL49L> st cell

251125-15:03:05+0100 19.31.12.239 25.0h MSRBS_NODE_MODEL_25.Q1_198665.224.73_bf81 stopfile=/tmp/2836895
===================================================================================
Proxy  Adm State     Op. State     MO
===================================================================================
   60  1 (UNLOCKED)  1 (ENABLED)   ENodeBFunction=1,EUtranCellFDD=RL49L1
  213  1 (UNLOCKED)  1 (ENABLED)   ENodeBFunction=1,EUtranCellFDD=RL49L2
  461  1 (UNLOCKED)  1 (ENABLED)   ENodeBFunction=1,EUtranCellFDD=RL49L3
  666  1 (UNLOCKED)  1 (ENABLED)   ENodeBFunction=1,EUtranCellFDD=RL49L4
===================================================================================
Total: 4 MOs

RL49L> st radio

251125-15:03:06+0100 19.31.12.239 25.0h MSRBS_NODE_MODEL_25.Q1_198665.224.73_bf81 stopfile=/tmp/2836895
===================================================================================
Proxy  Adm State     Op. State     MO
===================================================================================
 2745  1 (UNLOCKED)  1 (ENABLED)   Equipment=1,FieldReplaceableUnit=Radio-S11-1
 2757  1 (UNLOCKED)  1 (ENABLED)   Equipment=1,FieldReplaceableUnit=Radio-S180-1
 2772  1 (UNLOCKED)  1 (ENABLED)   Equipment=1,FieldReplaceableUnit=Radio-S182-1
 2787  1 (UNLOCKED)  1 (ENABLED)   Equipment=1,FieldReplaceableUnit=Radio-S210-1
 2804  1 (UNLOCKED)  1 (ENABLED)   Equipment=1,FieldReplaceableUnit=Radio-S212-1
 2821  1 (UNLOCKED)  1 (ENABLED)   Equipment=1,FieldReplaceableUnit=Radio-S213-1
18499  1 (UNLOCKED)  1 (ENABLED)   Transport=1,Synchronization=1,RadioEquipmentClock=1,RadioEquipmentClockReference=NTP1
18500  1 (UNLOCKED)  1 (ENABLED)   Transport=1,Synchronization=1,RadioEquipmentClock=1,RadioEquipmentClockReference=PTP
===================================================================================
Total: 8 MOs

RL49L> sdir

251125-15:03:06+0100 19.31.12.239 25.0h MSRBS_NODE_MODEL_25.Q1_198665.224.73_bf81 stopfile=/tmp/2836895
INFO: Using amos lookupAccount credentials for the export login
...............................
get /rop/A20251125.1315-1330_RL49L.xml.gz /ericsson/log/amos/moshell_logfiles/t20251125_37258710_65084/logs_moshell/pmfiles/19.31.12.239/rop/A20251125.1315-1330_RL49L.xml.gz ... OK
get /rop/A20251125.1330-1345_RL49L.xml.gz /ericsson/log/amos/moshell_logfiles/t20251125_37258710_65084/logs_moshell/pmfiles/19.31.12.239/rop/A20251125.1330-1345_RL49L.xml.gz ... OK
get /rop/A20251125.1345-1400_RL49L.xml.gz /ericsson/log/amos/moshell_logfiles/t20251125_37258710_65084/logs_moshell/pmfiles/19.31.12.239/rop/A20251125.1345-1400_RL49L.xml.gz ... OK
....Checking available boards on node...

Collecting RCS board data ...
...................................................................................
..............................
........................................................................................................................................................................................................................................................
....
Collecting TN data...
.................................................................................................................................................
Getting MO data from node (79 MOs). Please wait...
0%                                             ~50%                                           ~100%
.............................................................................................................................
Collecting RF data...
...
Collecting Alarms...
Executing action Log.export()
...
Log=AlarmLog                    actionId=28828
........
Executing action LogM.exportAvailabilityLog()
..LogM=1,exportAvailabilityLog    actionId=28829
.....Parsing alarmLog.......Done.
Parsing availabilityLog.....Done.
.......

Total: 6 CPRI links (6 OK, 0 OKW, 0 NOK, 0 NT)
.
+--------+                      +--------------------+
|        | A        O101     D2 |    Radio-S210-1    |
|        |-----------1----------| RRU227922B822B20C* |
|        |         OK-11m       |       BXP_4        |
|        |                      +--------------------+
|        |                                     |A  |B
|        |                 SE=210* AG=210 GT=RL49D1/0
|        |                                GT=RL49D1/1
|        |
|        |                      +--------------------+
|        | B        O101     D2 |    Radio-S212-1    |
|        |-----------2----------| RRU227922B822B20C* |
|        |         OK-12m       |       BXP_5        |
|        |                      +--------------------+
|        |                                     |A  |B
|        |                 SE=212* AG=212 GT=RL49D3/0
|        |                                GT=RL49D3/1
|        |
|        |                      +--------------------+
|        | C        O101     D2 |    Radio-S213-1    |
|        |-----------3----------| RRU227922B822B20C* |
|        |         OK-12m       |       BXP_6        |
|        |                      +--------------------+
|        |                                     |A  |B
|        |                 SE=213* AG=213 GT=RL49D4/0
|        |                                GT=RL49D4/1
|        |
|        |                      +---------------+
|        | D        O101     D1 | Radio-S180-1  |
|  BB-1  |-----------4----------|   RRU4415B7   |
| BB6630 |         OK-11m       |     BXP_2     |
| 000100 |                      +---------------+
|        |                        |A  |B  |C  |D
|        |                 SE=180 AG=180  |   |
|        |                    FDD=RL49L1  |   |
|        |                         SE=181 AG=181
|        |                            FDD=RL49L2
|        |
|        |                      +---------------+
|        | E        O101     D1 | Radio-S182-1  |
|        |-----------5----------|   RRU4415B7   |
|        |         OK-11m       |     BXP_3     |
|        |                      +---------------+
|        |                        |A  |B  |C  |D
|        |                 SE=182 AG=182  |   |
|        |                    FDD=RL49L3  |   |
|        |                         SE=183 AG=183
|        |                            FDD=RL49L4
|        |
|        |                      +-------------+
|        | F        O98      D1 | Radio-S11-1 |
|        |-----------6----------|  RRU2219B8  |
|        |         OK-11m       |    BXP_7    |
|        |                      +-------------+
|        |                              |A  |B
|        |             SE=11 AG=11 GT=RL49D2/0
+--------+                         GT=RL49D2/1

=====================================================================================================================================
ID RiL    Type Res MO1-MO2                  BOARD1-BOARD2             AlmIDs Cells (States)                Issue (Failed checks)
=====================================================================================================================================
 1 S210-1 O101 OK  BB-1(A) Radio-S210-1(D2) BB6630 RRU227922B822B20C*        GT=RL49D1/0 GT=RL49D1/1 (1,1) Passed
 2 S212-1 O101 OK  BB-1(B) Radio-S212-1(D2) BB6630 RRU227922B822B20C*        GT=RL49D3/0 GT=RL49D3/1 (1,1) Passed
 3 S213-1 O101 OK  BB-1(C) Radio-S213-1(D2) BB6630 RRU227922B822B20C*        GT=RL49D4/0 GT=RL49D4/1 (1,1) Passed
 4 S180-1 O101 OK  BB-1(D) Radio-S180-1(D1) BB6630 RRU4415B7                 FDD=RL49L1 FDD=RL49L2 (1,1)   Passed
 5 S182-1 O101 OK  BB-1(E) Radio-S182-1(D1) BB6630 RRU4415B7                 FDD=RL49L3 FDD=RL49L4 (1,1)   Passed
 6 S11-1  O98  OK  BB-1(F) Radio-S11-1(D1)  BB6630 RRU2219B8                 GT=RL49D2/0 GT=RL49D2/1 (1,1) Passed
-------------------------------------------------------------------------------------------------------------------------------------

Node: RadioNode GL   CXP9024418/16_R8D21 (RCG123.3-3)   G2   GSM LTE-FDD 

=====================================================================================================================================
FRU          ;LNH    ;BOARD              ;ST ;FAULT ;OPER ;MAINT ;STAT ;PRODUCTNUMBER   ;REV     ;SERIAL        ;DATE     ;PMTEMP ; TEMP ; UPT ;VOLT ;SW                   ;
=====================================================================================================================================
BB-1         ;000100 ;BB6630             ; 1 ;  OFF ;  ON ;  OFF ;  ON ;KDU137848/11    ;R3E     ;E96A00UDQT    ;20220916 ;3 (OK) ;      ;25.4 ;48   ;                     ;
Radio-S11-1  ;BXP_7  ;RRU2219B8          ; 1 ;  OFF ;  ON ;  OFF ; N/A ;KRC161670/1     ;R1E     ;TU8U01RV0J    ;20220930 ;4 (OK) ; 31.0 ;25.2 ;55.2 ;CXP9013268%9_R96JB   ; (Radio2219B8)
Radio-S180-1 ;BXP_2  ;RRU4415B7          ; 1 ;  OFF ;  ON ;  OFF ; N/A ;KRC161495/1     ;R5J     ;TU8U01S0Z3    ;20221003 ;4 (OK) ; 32.0 ;25.2 ;54.8 ;CXP9013268%15_R101KB ; (Radio4415B7)
Radio-S182-1 ;BXP_3  ;RRU4415B7          ; 1 ;  OFF ;  ON ;  OFF ; N/A ;KRC161495/1     ;R5J     ;TU8U01S0Z7    ;20221003 ;4 (OK) ; 38.5 ;25.2 ;54.6 ;CXP9013268%15_R101KB ; (Radio4415B7)
Radio-S210-1 ;BXP_4  ;RRU227922B822B20C* ; 1 ;  OFF ;  ON ;  OFF ; N/A ;KRC161864/1     ;R1E     ;TU8U01RQR3    ;20220928 ;4 (OK) ; 32.0 ;25.2 ;55.3 ;CXP9013268%15_R101LX ; (Radio227922B822B20C)
Radio-S212-1 ;BXP_5  ;RRU227922B822B20C* ; 1 ;  OFF ;  ON ;  OFF ; N/A ;KRC161864/1     ;R1E     ;TU8U01RQGD    ;20220928 ;4 (OK) ; 36.0 ;25.2 ;55.0 ;CXP9013268%15_R101LX ; (Radio227922B822B20C)
Radio-S213-1 ;BXP_6  ;RRU227922B822B20C* ; 1 ;  OFF ;  ON ;  OFF ; N/A ;KRC161864/1     ;R1E     ;TU8U01RQJB    ;20220928 ;4 (OK) ; 38.5 ;25.2 ;55.0 ;CXP9013268%15_R101LX ; (Radio227922B822B20C)
-------------------------------------------------------------------------------------------------------------------------------------

=====================================================================================================================================
AntennaNearUnit                                     ;ST  ;TYPE   ;PRODUCTNR   ;REV                    ;UNIQUEID          ;RfPort
=====================================================================================================================================
AntennaUnitGroup=11,AntennaNearUnit=RET_1800_2100   ; 1  ;S-RET  ;6600000017  ;HW_V_A00_FW_V03.00.03  ;KAD240674150C-Y1  ;FieldReplaceableUnit=Radio-S11-1,RfPort=R
AntennaUnitGroup=11,AntennaNearUnit=RET_2600        ; 1  ;S-RET  ;6600000017  ;HW_V_A00_FW_V03.00.03  ;KAD240674150C-Y3  ;FieldReplaceableUnit=Radio-S11-1,RfPort=R
AntennaUnitGroup=11,AntennaNearUnit=RET_900         ; 1  ;S-RET  ;6600000017  ;HW_V_A00_FW_V03.00.03  ;KAD240674150C-R1  ;FieldReplaceableUnit=Radio-S11-1,RfPort=R
AntennaUnitGroup=210,AntennaNearUnit=RET_1800_2100  ; 1  ;S-RET  ;6600000017  ;HW_V_A00_FW_V03.00.03  ;KAD240674149C-Y1  ;FieldReplaceableUnit=Radio-S210-1,RfPort=R
AntennaUnitGroup=210,AntennaNearUnit=RET_2600       ; 1  ;S-RET  ;6600000017  ;HW_V_A00_FW_V03.00.03  ;KAD240674149C-Y3  ;FieldReplaceableUnit=Radio-S210-1,RfPort=R
AntennaUnitGroup=210,AntennaNearUnit=RET_800_900    ; 1  ;S-RET  ;6600000017  ;HW_V_A00_FW_V03.00.03  ;KAD240674149C-R1  ;FieldReplaceableUnit=Radio-S210-1,RfPort=R
AntennaUnitGroup=212,AntennaNearUnit=RET_1800_2100  ; 1  ;S-RET  ;6600000017  ;HW_V_A00_FW_V03.00.03  ;KAD240674141C-Y1  ;FieldReplaceableUnit=Radio-S212-1,RfPort=R
AntennaUnitGroup=212,AntennaNearUnit=RET_2600       ; 1  ;S-RET  ;6600000017  ;HW_V_A00_FW_V03.00.03  ;KAD240674141C-Y3  ;FieldReplaceableUnit=Radio-S212-1,RfPort=R
AntennaUnitGroup=212,AntennaNearUnit=RET_800_900    ; 1  ;S-RET  ;6600000017  ;HW_V_A00_FW_V03.00.03  ;KAD240674141C-R1  ;FieldReplaceableUnit=Radio-S212-1,RfPort=R
AntennaUnitGroup=213,AntennaNearUnit=RET_1800_2100  ; 1  ;S-RET  ;6600000017  ;HW_V_A00_FW_V03.00.03  ;KAD240704945C-Y1  ;FieldReplaceableUnit=Radio-S213-1,RfPort=R
AntennaUnitGroup=213,AntennaNearUnit=RET_2600       ; 1  ;S-RET  ;6600000017  ;HW_V_A00_FW_V03.00.03  ;KAD240704945C-Y3  ;FieldReplaceableUnit=Radio-S213-1,RfPort=R
AntennaUnitGroup=213,AntennaNearUnit=RET_800_900    ; 1  ;S-RET  ;6600000017  ;HW_V_A00_FW_V03.00.03  ;KAD240704945C-R1  ;FieldReplaceableUnit=Radio-S213-1,RfPort=R
-------------------------------------------------------------------------------------------------------------------------------------

=====================================================================================================================================
XPBOARD  ;ST ;FAULT ;OPER ;PRODUCTNUMBER ;REV ;SERIAL/NAME ;DATE     ; TEMP ;MO
=====================================================================================================================================
FAN      ; 1 ;N/A   ;N/A  ;BKV106217/1   ;N/A ;N/A         ;N/A      ;      ;SupportUnit=1 (FAN  BB-1)
-------------------------------------------------------------------------------------------------------------------------------------

=====================================================================================================================================
ID ;T ;RiL    ;BPBP ;BOARD1             ;LNH1 ;PORT ;R ;LINK ;RATE  ; BER ;BOARD2             ;LNH2 ;PORT ;R ;LINK ;RATE  ; BER ;LENGTH ;MO1 - MO2
=====================================================================================================================================
 1 ;O ;S210-1 ;1111 ;BB6630             ;000100 ; 1 ;M ;Up   ;10.1G ;   0 ;RRU227922B822B20C* ;BXP_4  ; 1 ;S ;Up   ;10.1G ;   0 ;   11m ;Fru=BB-1(A) Fru=Radio-S210-1(D2)
 2 ;O ;S212-1 ;1111 ;BB6630             ;000100 ; 2 ;M ;Up   ;10.1G ;   0 ;RRU227922B822B20C* ;BXP_5  ; 1 ;S ;Up   ;10.1G ;   0 ;   12m ;Fru=BB-1(B) Fru=Radio-S212-1(D2)
 3 ;O ;S213-1 ;1111 ;BB6630             ;000100 ; 3 ;M ;Up   ;10.1G ;   0 ;RRU227922B822B20C* ;BXP_6  ; 1 ;S ;Up   ;10.1G ;   0 ;   12m ;Fru=BB-1(C) Fru=Radio-S213-1(D2)
 4 ;O ;S180-1 ;1111 ;BB6630             ;000100 ; 4 ;M ;Up   ;10.1G ;   0 ;RRU4415B7          ;BXP_2  ; 0 ;S ;Up   ;10.1G ;   0 ;   11m ;Fru=BB-1(D) Fru=Radio-S180-1(D1)
 5 ;O ;S182-1 ;1111 ;BB6630             ;000100 ; 5 ;M ;Up   ;10.1G ;   0 ;RRU4415B7          ;BXP_3  ; 0 ;S ;Up   ;10.1G ;   0 ;   11m ;Fru=BB-1(E) Fru=Radio-S182-1(D1)
 6 ;O ; S11-1 ;1111 ;BB6630             ;000100 ; 6 ;M ;Up   ;9.8G  ;   0 ;RRU2219B8          ;BXP_7  ; 0 ;S ;Up   ;9.8G  ;   0 ;   11m ;Fru=BB-1(F) Fru=Radio-S11-1(D1)
-------------------------------------------------------------------------------------------------------------------------------------

=====================================================================================================================================
ID ;LINK ;RiL    ;VENDOR1  ;VENDORPROD1     ;REV1 ;SERIAL1    ;DATE1    ;ERICSSONPROD1  ;VENDOR2  ;VENDORPROD2     ;REV2 ;SERIAL2    ;DATE2    ;ERICSSONPROD2  ;TT ;WL1     ;WL2    
=====================================================================================================================================
 1 ;Up   ;S210-1 ;ERICSSON ;EOLP-1396-02-IY ;1.0  ;PMBG259278 ;20220225 ;RDH10265/2 R1A ;ERICSSON ;EOLP-1396-02-IY ;1.0  ;PMBG259299 ;20220225 ;RDH10265/2 R1A ;0  ;1310.00 ;1310.00
 2 ;Up   ;S212-1 ;ERICSSON ;EOLP-1396-02-IY ;1.0  ;PMBG259206 ;20220225 ;RDH10265/2 R1A ;ERICSSON ;EOLP-1396-02-IY ;1.0  ;PMBG259277 ;20220225 ;RDH10265/2 R1A ;0  ;1310.00 ;1310.00
 3 ;Up   ;S213-1 ;ERICSSON ;EOLP-1396-02-IY ;1.0  ;PMBG259276 ;20220225 ;RDH10265/2 R1A ;ERICSSON ;EOLP-1396-02-IY ;1.0  ;PMBG259290 ;20220225 ;RDH10265/2 R1A ;0  ;1310.00 ;1310.00
 4 ;Up   ;S180-1 ;ERICSSON ;EOLP-1396-02-IY ;1.0  ;PMBG259209 ;20220225 ;RDH10265/2 R1A ;ERICSSON ;EOLP-1396-02-IY ;1.0  ;PMBG259294 ;20220225 ;RDH10265/2 R1A ;0  ;1310.00 ;1310.00
 5 ;Up   ;S182-1 ;ERICSSON ;EOLP-1396-02-IY ;1.0  ;PMBG259265 ;20220225 ;RDH10265/2 R1A ;ERICSSON ;EOLP-1396-02-IY ;1.0  ;PMBG259210 ;20220225 ;RDH10265/2 R1A ;0  ;1310.00 ;1310.00
 6 ;Up   ; S11-1 ;ERICSSON ;EOLP-1396-02-IY ;1.0  ;PMBG259271 ;20220225 ;RDH10265/2 R1A ;ERICSSON ;EOLP-1396-02-IY ;1.0  ;PMBG259298 ;20220225 ;RDH10265/2 R1A ;0  ;1310.00 ;1310.00
-------------------------------------------------------------------------------------------------------------------------------------

=====================================================================================================================================
ID ;LINK ;RiL    ;WL1     ;TEMP1 ;TXbs1 ;TXdBm1 ;RXdBm1 ;BER1   ;WL2     ;TEMP2 ;TXbs2 ;TXdBm2 ;RXdBm2 ;BER2   ;DlLoss ;UlLoss ;LENGTH ;TT
=====================================================================================================================================
 1 ;Up   ;S210-1 ;1310.00 ;40C   ;40%   ;-2.47  ;-3.12  ;   0   ;1310.00 ;26C   ;38%   ;-3.32  ;-2.91  ;   0   ;  0.44 ;  -0.2 ;   11m ; 0
 2 ;Up   ;S212-1 ;1310.00 ;40C   ;43%   ;-2.71  ;-2.66  ;   0   ;1310.00 ;31C   ;39%   ;-2.72  ;-2.63  ;   0   ; -0.08 ; -0.06 ;   12m ; 0
 3 ;Up   ;S213-1 ;1310.00 ;47C   ;41%   ;-2.92  ;-2.94  ;   0   ;1310.00 ;32C   ;39%   ;-3.04  ;-2.31  ;   0   ; -0.61 ;  -0.1 ;   12m ; 0
 4 ;Up   ;S180-1 ;1310.00 ;43C   ;43%   ;-2.25  ;-2.63  ;   0   ;1310.00 ;32C   ;40%   ;-2.35  ;-4.28  ;   0   ;  2.03 ;  0.28 ;   11m ; 0
 5 ;Up   ;S182-1 ;1310.00 ;40C   ;41%   ;-2.88  ;-2.18  ;   0   ;1310.00 ;35C   ;39%   ;-2.31  ;-2.28  ;   0   ;  -0.6 ; -0.13 ;   11m ; 0
 6 ;Up   ; S11-1 ;1310.00 ;40C   ;41%   ;-2.49  ;-3.20  ;   0   ;1310.00 ;32C   ;40%   ;-2.98  ;-2.31  ;   0   ; -0.18 ;  0.22 ;   11m ; 0
-------------------------------------------------------------------------------------------------------------------------------------

=====================================================================================================================================
ID ;RiL    ;BOARD              ;SFPLNH  ;PORT ;VENDOR   ;VENDORPROD      ;REV  ;SERIAL     ;DATE     ;ERICSSONPROD   ;WL      ;TEMP  ;TXbs  ;TXdBm  ;RXdBm  ; BER
=====================================================================================================================================
 1 ;S210-1 ;BB6630             ;000100   ;  1 ;ERICSSON ;EOLP-1396-02-IY ;1.0  ;PMBG259278 ;20220225 ;RDH10265/2 R1A ;1310.00 ;40C   ;40%   ;-2.47  ;-3.12  ;   0
 2 ;S212-1 ;BB6630             ;000100   ;  2 ;ERICSSON ;EOLP-1396-02-IY ;1.0  ;PMBG259206 ;20220225 ;RDH10265/2 R1A ;1310.00 ;40C   ;43%   ;-2.71  ;-2.66  ;   0
 3 ;S213-1 ;BB6630             ;000100   ;  3 ;ERICSSON ;EOLP-1396-02-IY ;1.0  ;PMBG259276 ;20220225 ;RDH10265/2 R1A ;1310.00 ;47C   ;41%   ;-2.92  ;-2.94  ;   0
 4 ;S180-1 ;BB6630             ;000100   ;  4 ;ERICSSON ;EOLP-1396-02-IY ;1.0  ;PMBG259209 ;20220225 ;RDH10265/2 R1A ;1310.00 ;43C   ;43%   ;-2.25  ;-2.63  ;   0
 5 ;S182-1 ;BB6630             ;000100   ;  5 ;ERICSSON ;EOLP-1396-02-IY ;1.0  ;PMBG259265 ;20220225 ;RDH10265/2 R1A ;1310.00 ;40C   ;41%   ;-2.88  ;-2.18  ;   0
 6 ; S11-1 ;BB6630             ;000100   ;  6 ;ERICSSON ;EOLP-1396-02-IY ;1.0  ;PMBG259271 ;20220225 ;RDH10265/2 R1A ;1310.00 ;40C   ;41%   ;-2.49  ;-3.20  ;   0
 4 ;S180-1 ;RRU4415B7          ;BXP_2    ;  0 ;ERICSSON ;EOLP-1396-02-IY ;1.0  ;PMBG259294 ;20220225 ;RDH10265/2 R1A ;1310.00 ;32C   ;40%   ;-2.35  ;-4.28  ;   0
 5 ;S182-1 ;RRU4415B7          ;BXP_3    ;  0 ;ERICSSON ;EOLP-1396-02-IY ;1.0  ;PMBG259210 ;20220225 ;RDH10265/2 R1A ;1310.00 ;35C   ;39%   ;-2.31  ;-2.28  ;   0
 1 ;S210-1 ;RRU227922B822B20C* ;BXP_4    ;  1 ;ERICSSON ;EOLP-1396-02-IY ;1.0  ;PMBG259299 ;20220225 ;RDH10265/2 R1A ;1310.00 ;26C   ;38%   ;-3.32  ;-2.91  ;   0
 2 ;S212-1 ;RRU227922B822B20C* ;BXP_5    ;  1 ;ERICSSON ;EOLP-1396-02-IY ;1.0  ;PMBG259277 ;20220225 ;RDH10265/2 R1A ;1310.00 ;31C   ;39%   ;-2.72  ;-2.63  ;   0
 3 ;S213-1 ;RRU227922B822B20C* ;BXP_6    ;  1 ;ERICSSON ;EOLP-1396-02-IY ;1.0  ;PMBG259290 ;20220225 ;RDH10265/2 R1A ;1310.00 ;32C   ;39%   ;-3.04  ;-2.31  ;   0
 6 ; S11-1 ;RRU2219B8          ;BXP_7    ;  0 ;ERICSSON ;EOLP-1396-02-IY ;1.0  ;PMBG259298 ;20220225 ;RDH10265/2 R1A ;1310.00 ;32C   ;40%   ;-2.98  ;-2.31  ;   0
-------------------------------------------------------------------------------------------------------------------------------------
TN ;       ;BB6630             ;000100   ;  A ;ERICSSON ;EOLP-1396-02-IY ;1.0  ;PMBG259270 ;20220225 ;RDH10265/2 R1A ;0       ;38C   ;40%   ;-2.42  ;-2.03  ;NZ/0
-------------------------------------------------------------------------------------------------------------------------------------

=====================================================================================================================================
BOARD  ;LNH    ;PORT   ;T ;S ;OpMode   ;AutoNeg ;MacAddress        ;VlanIds        ;LOS ;BER
=====================================================================================================================================
BB6630 ;000100 ;IDL_A1 ;E ;1 ;10G_FULL ;false   ;F8:97:A9:BB:F0:28 ;3908           ;0   ;0/0
BB6630 ;000100 ;TN_A   ;O ;1 ;10G_FULL ;false   ;F8:97:A9:BB:F0:24 ;3901,3908,3910 ;0   ;NZ/0
-------------------------------------------------------------------------------------------------------------------------------------

radioClockState : RNT_TIME_LOCKED
-------------------------------------------------------------------------------------
Prio  ;ST  ;syncRefType    ;refStatus  ;opQualLevel  ;SyncReference
-------------------------------------------------------------------------------------
   1  ; 1  ;PTP_TIME       ;NO_FAULT   ;PRTC         ;Ptp=1,BoundaryOrdinaryClock=PTP (G_8275_1 EthernetPort=TN_A:SLAVE)
   2  ; 1  ;NTP_FREQUENCY  ;NO_FAULT   ;PRC          ;Ntp=1,NtpFrequencySync=NTP1 (10.31.0.54:32751 Router=45G_Traffic,InterfaceIPv4=LTE,AddressIPv4=LTE)
-------------------------------------------------------------------------------------
-------------------------------------------------------------------------------------
Prio  ;ST  ;assistRefStatus  ;recQualLevel  ;AssistingReference
-------------------------------------------------------------------------------------
   1  ; 0  ;UNKNOWN          ;PRTC          ;Synchronization=1,SyncEthInput=SyncE (SFP_OPTICAL EthernetPort=TN_A)
-------------------------------------------------------------------------------------
nodeGroupRole   : SYNC_RECEIVER (syncNodePriority=3, selectionMode=NODE_PRIORITY)
-------------------------------------------------------------------------------------
DU  ;Port  ;sharedUnitRef (RiPortA - RiPortB)  ;remoteNodePriority  ;CandidateStatus
-------------------------------------------------------------------------------------
1   ;A     ;Fru=Radio-S210-1 (2 - 1)           ;1                   ;OK_NOT_ACTIVE
1   ;B     ;Fru=Radio-S212-1 (2 - 1)           ;1                   ;OK_NOT_ACTIVE
1   ;C     ;Fru=Radio-S213-1 (2 - 1)           ;1                   ;OK_ACTIVE
-------------------------------------------------------------------------------------

=====================================================================================================================================
FRU          ;LNH    ;BOARD              ;RF  ;BP  ;TX (W/dBm)  ;VSWR (RL)   ;RX (dBm) ;UEs/gUEs  ;Sector/AntennaGroup/Cells (State:CellIds:PCIs)
=====================================================================================================================================
Radio-S11-1  ;BXP_7  ;RRU2219B8          ; A  ;11  ;-           ;1.25 (19.0) ;         ;-/-       ;SE=11 AG=11 GT=RL49D2/0 GT=RL49D2/1 (1, 1)
Radio-S11-1  ;BXP_7  ;RRU2219B8          ; B  ;11  ;-           ;1.25 (19.1) ;         ;-/-       ;SE=11 AG=11 GT=RL49D2/0 GT=RL49D2/1 (1, 1)
Radio-S180-1 ;BXP_2  ;RRU4415B7          ; A  ;11  ;5.9 (37.7)  ;1.23 (19.6) ;-97.5    ;5/-       ;SE=180 AG=180 FDD=RL49L1 (1:21:464)
Radio-S180-1 ;BXP_2  ;RRU4415B7          ; B  ;11  ;5.9 (37.7)  ;1.20 (20.9) ;-97.0    ;5/-       ;SE=180 AG=180 FDD=RL49L1 (1:21:464)
Radio-S180-1 ;BXP_2  ;RRU4415B7          ; C  ;11  ;5.1 (37.1)  ;1.33 (17.0) ;-93.6    ;4/-       ;SE=181 AG=181 FDD=RL49L2 (1:22:312)
Radio-S180-1 ;BXP_2  ;RRU4415B7          ; D  ;11  ;5.1 (37.1)  ;1.17 (22.1) ;-93.6    ;4/-       ;SE=181 AG=181 FDD=RL49L2 (1:22:312)
Radio-S182-1 ;BXP_3  ;RRU4415B7          ; A  ;11  ;17.0 (42.3) ;1.17 (22.2) ;-92.4    ;19/-      ;SE=182 AG=182 FDD=RL49L3 (1:23:198)
Radio-S182-1 ;BXP_3  ;RRU4415B7          ; B  ;11  ;13.8 (41.4) ;1.07 (29.7) ;-93.3    ;19/-      ;SE=182 AG=182 FDD=RL49L3 (1:23:198)
Radio-S182-1 ;BXP_3  ;RRU4415B7          ; C  ;11  ;22.9 (43.6) ;1.12 (25.1) ;-94.7    ;13/-      ;SE=183 AG=183 FDD=RL49L4 (1:24:381)
Radio-S182-1 ;BXP_3  ;RRU4415B7          ; D  ;11  ;20.9 (43.2) ;1.14 (23.7) ;-96.4    ;13/-      ;SE=183 AG=183 FDD=RL49L4 (1:24:381)
Radio-S210-1 ;BXP_4  ;RRU227922B822B20C* ; A  ;11  ;23.1 (43.6) ;1.29 (18.0) ;-94.5    ;-/-       ;SE=210* AG=210 GT=RL49D1/0 GT=RL49D1/1 (1, 1)
Radio-S210-1 ;BXP_4  ;RRU227922B822B20C* ; B  ;11  ;16.6 (42.2) ;1.20 (21.0) ;-95.9    ;-/-       ;SE=210* AG=210 GT=RL49D1/0 GT=RL49D1/1 (1, 1)
Radio-S212-1 ;BXP_5  ;RRU227922B822B20C* ; A  ;11  ;17.0 (42.3) ;1.22 (20.2) ;-90.5    ;-/-       ;SE=212* AG=212 GT=RL49D3/0 GT=RL49D3/1 (1, 1)
Radio-S212-1 ;BXP_5  ;RRU227922B822B20C* ; B  ;11  ;14.6 (41.7) ;1.14 (23.7) ;-89.7    ;-/-       ;SE=212* AG=212 GT=RL49D3/0 GT=RL49D3/1 (1, 1)
Radio-S213-1 ;BXP_6  ;RRU227922B822B20C* ; A  ;11  ;21.3 (43.3) ;1.20 (20.8) ;-92.3    ;-/-       ;SE=213* AG=213 GT=RL49D4/0 GT=RL49D4/1 (1, 1)
Radio-S213-1 ;BXP_6  ;RRU227922B822B20C* ; B  ;11  ;19.5 (42.9) ;1.21 (20.4) ;-93.2    ;-/-       ;SE=213* AG=213 GT=RL49D4/0 GT=RL49D4/1 (1, 1)
-------------------------------------------------------------------------------------------------------------------------------------

RL49L> mfar

251125-15:05:54+0100 19.31.12.239 25.0h MSRBS_NODE_MODEL_25.Q1_198665.224.73_bf81 stopfile=/tmp/2836895
......
Last MO: 18504. Loaded 18504 MOs. Total: 18505 MOs.
.............................................
get /rop/A20251125.1230-1245_RL49L.xml.gz /ericsson/log/amos/moshell_logfiles/t20251125_37258710_65084/logs_moshell/pmfiles/19.31.12.239/rop/A20251125.1230-1245_RL49L.xml.gz ... OK
get /rop/A20251125.1245-1300_RL49L.xml.gz /ericsson/log/amos/moshell_logfiles/t20251125_37258710_65084/logs_moshell/pmfiles/19.31.12.239/rop/A20251125.1245-1300_RL49L.xml.gz ... OK
get /rop/A20251125.1300-1315_RL49L.xml.gz /ericsson/log/amos/moshell_logfiles/t20251125_37258710_65084/logs_moshell/pmfiles/19.31.12.239/rop/A20251125.1300-1315_RL49L.xml.gz ... OK

Using hardcoded thresholds: 3, 4.5, and 16.5
================================================================================================================================
SC     SE  Tx/Rx BrPair  RfPort1 - RfPort2               HW       Serial      Cell (State)   Samples   Med  Mean  SDev Pol Res Issue
================================================================================================================================
RL49L1 180   2/2 0 (1,2) Radio-S180-1(A) Radio-S180-1(B) RRU4415  TU8U01S0Z3  FDD=RL49L1 (1)  108019  -0.5  -0.1   6.0  NA  OK Passed
RL49L2 181   2/2 0 (1,2) Radio-S180-1(C) Radio-S180-1(D) RRU4415  TU8U01S0Z3  FDD=RL49L2 (1)  226355   1.5   1.3   6.3  NA  OK Passed
RL49L3 182   2/2 0 (1,2) Radio-S182-1(A) Radio-S182-1(B) RRU4415  TU8U01S0Z7  FDD=RL49L3 (1)  468542   0.5   0.4   6.0  NA  OK Passed
RL49L4 183   2/2 0 (1,2) Radio-S182-1(C) Radio-S182-1(D) RRU4415  TU8U01S0Z7  FDD=RL49L4 (1)  426024   0.5   0.5   6.8  NA  OK Passed
================================================================================================================================
Total: 4 SectorCarriers, 4 RfBranch Pairs (4 OK, 0 OKW, 0 NOK, 0 NT)
......
Last MO: 18504. Loaded 18504 MOs. Total: 18505 MOs.

No NRSectorCarrier MOs are defined on the node.

RL49L> mfitr

251125-15:06:13+0100 19.31.12.239 25.0h MSRBS_NODE_MODEL_25.Q1_198665.224.73_bf81 stopfile=/tmp/2836895
...........
Last MO: 18504. Loaded 18504 MOs. Total: 18505 MOs.
........
2025-11-25 15:06
================================================================================================================================
CELL       SC     FRU          BOARD     PUSCH  PUCCH       A      B      C      D  DELTA
================================================================================================================================
FDD=RL49L1 RL49L1 Radio-S180-1 RRU4415B7 -116.8 -117.9 -116.2 -115.7                  0.5
FDD=RL49L2 RL49L2 Radio-S180-1 RRU4415B7 -111.9 -116.2               -113.5 -112.0    1.5
FDD=RL49L3 RL49L3 Radio-S182-1 RRU4415B7 -114.3 -116.6 -115.8 -116.2                  0.4
FDD=RL49L4 RL49L4 Radio-S182-1 RRU4415B7 -116.0 -117.2               -115.8 -116.1    0.3
================================================================================================================================
Bye...
Output has been logged to file /mta_fs/UserFiles/37258710/amosbatch/SDIR/RL49L.log
