Logging to file /mta_fs/UserFiles/37258710/amosbatch/SDIR/RL4AL.log
                        __  __  ____   _____
                  /\   |  \/  |/ __ \ / ____|
                 /  \  | \  / | |  | | (___  
                / /\ \ | |\/| | |  | |\___ \ 
               / ____ \| |  | | |__| |____) |
              /_/    \_\_|  |_|\____/|_____/
              OSS Framework for MoShell-25.0h 
  Copyright (c) Ericsson AB 2001-2025 - All Rights Reserved
              
           
[1;31mWARNING: [0mthe AMOS version currently running is more than 29 weeks old and is unsupported.
Please upgrade as soon as possible to the latest released version, available from your local Ericsson support.

$amosrb_pid = 4016919

Checking ip contact...OK

HELP MENU            : h
BASIC MO COMMANDS    : m
OTHER MO COMMANDS    : n
OTHER COMMANDS       : o
PM COMMANDS          : p
QUIT                 : q

RL4AL> lt all

251125-07:32:23+0100 19.31.18.253 25.0h  stopfile=/tmp/4016453
Looking up temporary_amos account... OK.
Trying temporary_amos_t20251125_37258710_65084_131's password from amos lookupAccount ... OK

$ssh_pid = 4019982

Connected to 19.31.18.253 (SubNetwork=BBMM_rckomc_R,MeContext=RL4AL,ManagedElement=RL4AL)

Checking MOM version...MSRBS_NODE_MODEL_25.Q1_693.28324.131_62ac
Parsing MOM (cached): /ericsson/log/amos/moshell_logfiles/t20251125_37258710_65084/logs_moshell/tempfiles/scp-4-amos_20251125-073215_4016347/MSRBS_NODE_MODEL_25.Q1_693.28324.131_62ac.xml.cache.gz ..................................................................................................................................................................................................................................Done.
Using paramfile /opt/ericsson/amos/moshell/commonjars/pm/PARAM_MSRBS_25.Q1.txt
Parsing file /opt/ericsson/amos/moshell/commonjars/pm/PARAM_MSRBS_25.Q1.txt .......................................................................................Done.
Using imomdfile /opt/ericsson/amos/moshell/commonjars/pm/IMOMD_MSRBS_22.Q4.txt
Using imomfile /opt/ericsson/amos/moshell/commonjars/pm/IMOM_MSRBS_25.Q1.txt
Connected to 19.31.18.253 (SubNetwork=BBMM_rckomc_R,MeContext=RL4AL,ManagedElement=RL4AL)

Last MO: 17316. Loaded 17316 MOs. Total: 17317 MOs.

RL4AL> st cell

251125-07:32:37+0100 19.31.18.253 25.0h MSRBS_NODE_MODEL_25.Q1_693.28324.131_62ac stopfile=/tmp/4016453
===================================================================================
Proxy  Adm State     Op. State     MO
===================================================================================
   57  1 (UNLOCKED)  1 (ENABLED)   ENodeBFunction=1,EUtranCellFDD=RL4AF1
  126  1 (UNLOCKED)  1 (ENABLED)   ENodeBFunction=1,EUtranCellFDD=RL4AF2
  195  1 (UNLOCKED)  1 (ENABLED)   ENodeBFunction=1,EUtranCellFDD=RL4AF3
  264  1 (UNLOCKED)  1 (ENABLED)   ENodeBFunction=1,EUtranCellFDD=RL4AL1
  368  1 (UNLOCKED)  1 (ENABLED)   ENodeBFunction=1,EUtranCellFDD=RL4AL2
  467  1 (UNLOCKED)  1 (ENABLED)   ENodeBFunction=1,EUtranCellFDD=RL4AL3
===================================================================================
Total: 6 MOs

RL4AL> st radio

251125-07:32:38+0100 19.31.18.253 25.0h MSRBS_NODE_MODEL_25.Q1_693.28324.131_62ac stopfile=/tmp/4016453
===================================================================================
Proxy  Adm State     Op. State     MO
===================================================================================
 1455  1 (UNLOCKED)  1 (ENABLED)   Equipment=1,FieldReplaceableUnit=Radio-S180-1
 1470  1 (UNLOCKED)  1 (ENABLED)   Equipment=1,FieldReplaceableUnit=Radio-S182-1
 1485  1 (UNLOCKED)  1 (ENABLED)   Equipment=1,FieldReplaceableUnit=Radio-S20-1
 1498  1 (UNLOCKED)  1 (ENABLED)   Equipment=1,FieldReplaceableUnit=Radio-S21-1
 1511  1 (UNLOCKED)  1 (ENABLED)   Equipment=1,FieldReplaceableUnit=Radio-S22-1
 1524  1 (UNLOCKED)  1 (ENABLED)   Equipment=1,FieldReplaceableUnit=Radio-S220-1
 1551  1 (UNLOCKED)  1 (ENABLED)   Equipment=1,FieldReplaceableUnit=Radio-S221-1
 1578  1 (UNLOCKED)  1 (ENABLED)   Equipment=1,FieldReplaceableUnit=Radio-S222-1
17310  1 (UNLOCKED)  1 (ENABLED)   Transport=1,Synchronization=1,RadioEquipmentClock=1,RadioEquipmentClockReference=NTP1
17311  1 (UNLOCKED)  1 (ENABLED)   Transport=1,Synchronization=1,RadioEquipmentClock=1,RadioEquipmentClockReference=PTP
===================================================================================
Total: 10 MOs

RL4AL> sdir

251125-07:32:38+0100 19.31.18.253 25.0h MSRBS_NODE_MODEL_25.Q1_693.28324.131_62ac stopfile=/tmp/4016453
INFO: Using amos lookupAccount credentials for the export login
................................
get /rop/A20251125.0545-0600_RL4AL.xml.gz /ericsson/log/amos/moshell_logfiles/t20251125_37258710_65084/logs_moshell/pmfiles/19.31.18.253/rop/A20251125.0545-0600_RL4AL.xml.gz ... OK
get /rop/A20251125.0600-0615_RL4AL.xml.gz /ericsson/log/amos/moshell_logfiles/t20251125_37258710_65084/logs_moshell/pmfiles/19.31.18.253/rop/A20251125.0600-0615_RL4AL.xml.gz ... OK
get /rop/A20251125.0615-0630_RL4AL.xml.gz /ericsson/log/amos/moshell_logfiles/t20251125_37258710_65084/logs_moshell/pmfiles/19.31.18.253/rop/A20251125.0615-0630_RL4AL.xml.gz ... OK
.....Checking available boards on node...

Collecting RCS board data ...
.........................................................................................................................
........................................
...............................................................................................................................................................................................................................................................................................
.........
Collecting TN data...
...................................................................................................................................................
Getting MO data from node (75 MOs). Please wait...
0%                                             ~50%                                           ~100%
................................................................................................................................
Collecting RF data...
.....
Collecting Alarms...
Executing action Log.export()
...
Log=AlarmLog                    actionId=15514
.....
Executing action LogM.exportAvailabilityLog()
..LogM=1,exportAvailabilityLog    actionId=15515
.....Parsing alarmLog...Done.
Parsing availabilityLog...Done.


Total: 8 CPRI links (8 OK, 0 OKW, 0 NOK, 0 NT)
.
+--------+                      +----------------------------+
|        | A        O101     D2 |        Radio-S220-1        |
|        |-----------1----------| RRU247924B824B2024B28BM01* |
|        |         OK-54m       |           BXP_7            |
|        |                      +----------------------------+
|        |                                     |A  |B  |C  |D
|        |             SE=220* AG=220 GT=RL4AD1/0 GT=RL4AD1/1
|        |
|        |                      +----------------------------+
|        | B        O101     D2 |        Radio-S221-1        |
|        |-----------2----------| RRU247924B824B2024B28BM01* |
|        |         OK-57m       |           BXP_6            |
|        |                      +----------------------------+
|        |                                     |A  |B  |C  |D
|        |             SE=221* AG=221 GT=RL4AD2/0 GT=RL4AD2/1
|        |
|        |                      +----------------------------+
|        | C        O101     D2 |        Radio-S222-1        |
|        |-----------3----------| RRU247924B824B2024B28BM01* |
|        |         OK-57m       |           BXP_4            |
|        |                      +----------------------------+
|        |                                     |A  |B  |C  |D
|        |             SE=222* AG=222 GT=RL4AD3/0 GT=RL4AD3/1
|        |
|        |                      +---------------+
|        | D        O101     D1 | Radio-S180-1  |
|  BB-1  |-----------4----------|   RRU4415B7   |
| BB6631 |         OK-56m       |     BXP_5     |
| 000100 |                      +---------------+
|        |                        |A  |B  |C  |D
|        |                 SE=180 AG=180  |   |
|        |                    FDD=RL4AL1  |   |
|        |                         SE=181 AG=181
|        |                            FDD=RL4AL2
|        |
|        |                      +---------------+
|        | E        O101     D1 | Radio-S182-1  |
|        |-----------5----------|   RRU4415B7   |
|        |         OK-56m       |     BXP_3     |
|        |                      +---------------+
|        |                        |A  |B  |C  |D
|        |                 SE=182 AG=182  |   |
|        |                    FDD=RL4AL3  |   |
|        |
|        |                      +-------------+           +-------------+           +-------------+
|        | G        O101     D1 | Radio-S20-1 | D2 O101 D1| Radio-S21-1 | D2 O101 D1| Radio-S22-1 |
|        |-----------6----------| RRU2012B32A |-----7-----| RRU2012B32A |-----8-----| RRU2012B32A |
|        |         OK-56m       |    BXP_2    |   OK-10m  |    BXP_8    |   OK-9m   |    BXP_9    |
|        |                      +-------------+           +-------------+           +-------------+
|        |                              |A  |B                    |A  |B                    |A  |B
+--------+              SE=20 AG=20 FDD=RL4AF1    SE=21 AG=21 FDD=RL4AF2    SE=22 AG=22 FDD=RL4AF3

=====================================================================================================================================
ID RiL    Type Res MO1-MO2                         BOARD1-BOARD2                     AlmIDs Cells (States)                Issue (Failed checks)
=====================================================================================================================================
 1 S220-1 O101 OK  BB-1(A) Radio-S220-1(D2)        BB6631 RRU247924B824B2024B28BM01*        GT=RL4AD1/0 GT=RL4AD1/1 (1,1) Passed
 2 S221-1 O101 OK  BB-1(B) Radio-S221-1(D2)        BB6631 RRU247924B824B2024B28BM01*        GT=RL4AD2/0 GT=RL4AD2/1 (1,1) Passed
 3 S222-1 O101 OK  BB-1(C) Radio-S222-1(D2)        BB6631 RRU247924B824B2024B28BM01*        GT=RL4AD3/0 GT=RL4AD3/1 (1,1) Passed
 4 S180-1 O101 OK  BB-1(D) Radio-S180-1(D1)        BB6631 RRU4415B7                         FDD=RL4AL1 FDD=RL4AL2 (1,1)   Passed
 5 S182-1 O101 OK  BB-1(E) Radio-S182-1(D1)        BB6631 RRU4415B7                         FDD=RL4AL3 (1)                Passed
 6 S20-1  O101 OK  BB-1(G) Radio-S20-1(D1)         BB6631 RRU2012B32A                       FDD=RL4AF1 (1)                Passed
 7 S21-1  O101 OK  Radio-S20-1(D2) Radio-S21-1(D1) RRU2012B32A RRU2012B32A                  FDD=RL4AF2 (1)                Passed
 8 S22-1  O101 OK  Radio-S21-1(D2) Radio-S22-1(D1) RRU2012B32A RRU2012B32A                  FDD=RL4AF3 (1)                Passed
-------------------------------------------------------------------------------------------------------------------------------------

Node: RadioNode GL   CXP2010174/2_R27J08 (25.Q1)   G3.1   GSM LTE-FDD 

=====================================================================================================================================
FRU          ;LNH    ;BOARD                      ;ST ;FAULT ;OPER ;MAINT ;STAT ;PRODUCTNUMBER   ;REV     ;SERIAL        ;DATE     ;PMTEMP ; TEMP ; UPT ;VOLT ;SW                   ;
=====================================================================================================================================
BB-1         ;000100 ;BB6631                     ; 1 ;  OFF ;  ON ;  OFF ;  ON ;KDU1370071/11   ;R3F     ;E96A0135GY    ;20231106 ;3 (OK) ;      ;19.0 ;52   ;                     ;
Radio-S180-1 ;BXP_5  ;RRU4415B7                  ; 1 ;  OFF ;  ON ;  OFF ; N/A ;KRC161495/1     ;R5FE    ;DH80202932    ;20231108 ;4 (OK) ; 27.0 ;91.8 ;52.0 ;CXP9013268%15_R101LX ; (Radio4415B7)
Radio-S182-1 ;BXP_3  ;RRU4415B7                  ; 1 ;  OFF ;  ON ;  OFF ; N/A ;KRC161495/1     ;R5FE    ;DH80202940    ;20231108 ;4 (OK) ; 32.0 ;89.8 ;52.7 ;CXP9013268%15_R101LX ; (Radio4415B7)
Radio-S20-1  ;BXP_2  ;RRU2012B32A                ; 1 ;  OFF ;  ON ;  OFF ; N/A ;KRC161604/1     ;R2C     ;TU8U01DTQ7    ;20220222 ;4 (OK) ; 20.5 ;91.8 ;50.6 ;CXP9013268%15_R101LX ; (Radio2012B32A)
Radio-S21-1  ;BXP_8  ;RRU2012B32A                ; 1 ;  OFF ;  ON ;  OFF ; N/A ;KRC161604/1     ;R2C     ;TU8U024BUZ    ;20230620 ;4 (OK) ; 20.5 ;91.8 ;51.6 ;CXP9013268%15_R101LX ; (Radio2012B32A)
Radio-S22-1  ;BXP_9  ;RRU2012B32A                ; 1 ;  OFF ;  ON ;  OFF ; N/A ;KRC161604/1     ;R2C     ;TU8U02APK2    ;20231129 ;4 (OK) ; 24.8 ;74.9 ;50.7 ;CXP9013268%15_R101LX ; (Radio2012B32A)
Radio-S220-1 ;BXP_7  ;RRU247924B824B2024B28BM01* ; 1 ;  OFF ;  ON ;  OFF ; N/A ;KRC161832/1     ;R2F     ;TU8U029KB1    ;20231103 ;4 (OK) ; 30.8 ;91.7 ;51.8 ;CXP9013268%15_R101LX ; (Radio247924B824B2024B28BM01)
Radio-S221-1 ;BXP_6  ;RRU247924B824B2024B28BM01* ; 1 ;  OFF ;  ON ;  OFF ; N/A ;KRC161832/1     ;R2F     ;TU8U029K9R    ;20231103 ;4 (OK) ; 26.2 ;91.7 ;52.4 ;CXP9013268%15_R101LX ; (Radio247924B824B2024B28BM01)
Radio-S222-1 ;BXP_4  ;RRU247924B824B2024B28BM01* ; 1 ;  OFF ;  ON ;  OFF ; N/A ;KRC161832/1     ;R2F     ;TU8U029JQG    ;20231103 ;4 (OK) ; 21.0 ;91.7 ;52.4 ;CXP9013268%15_R101LX ; (Radio247924B824B2024B28BM01)
-------------------------------------------------------------------------------------------------------------------------------------

=====================================================================================================================================
XPBOARD  ;ST ;FAULT ;OPER ;PRODUCTNUMBER ;REV ;SERIAL/NAME ;DATE     ; TEMP ;MO
=====================================================================================================================================
FAN08    ; 1 ;N/A   ;N/A  ;BKV106236/1   ;R2F ;DD13852363  ;20220918 ; 41.0 ;SupportUnit=1 (FAN  BB-1)
-------------------------------------------------------------------------------------------------------------------------------------

=====================================================================================================================================
ID ;T ;RiL    ;BPBP ;BOARD1                     ;LNH1 ;PORT ;R ;LINK ;RATE  ; BER ;BOARD2                     ;LNH2 ;PORT ;R ;LINK ;RATE  ; BER ;LENGTH ;MO1 - MO2
=====================================================================================================================================
 1 ;O ;S220-1 ;1111 ;BB6631                     ;000100 ; 1 ;M ;Up   ;10.1G ;   0 ;RRU247924B824B2024B28BM01* ;BXP_7  ; 1 ;S ;Up   ;10.1G ;   0 ;   54m ;Fru=BB-1(A) Fru=Radio-S220-1(D2)
 2 ;O ;S221-1 ;1111 ;BB6631                     ;000100 ; 2 ;M ;Up   ;10.1G ;   0 ;RRU247924B824B2024B28BM01* ;BXP_6  ; 1 ;S ;Up   ;10.1G ;   0 ;   57m ;Fru=BB-1(B) Fru=Radio-S221-1(D2)
 3 ;O ;S222-1 ;1111 ;BB6631                     ;000100 ; 3 ;M ;Up   ;10.1G ;   0 ;RRU247924B824B2024B28BM01* ;BXP_4  ; 1 ;S ;Up   ;10.1G ;   0 ;   57m ;Fru=BB-1(C) Fru=Radio-S222-1(D2)
 4 ;O ;S180-1 ;1111 ;BB6631                     ;000100 ; 4 ;M ;Up   ;10.1G ;   0 ;RRU4415B7                  ;BXP_5  ; 0 ;S ;Up   ;10.1G ;   0 ;   56m ;Fru=BB-1(D) Fru=Radio-S180-1(D1)
 5 ;O ;S182-1 ;1111 ;BB6631                     ;000100 ; 5 ;M ;Up   ;10.1G ;   0 ;RRU4415B7                  ;BXP_3  ; 0 ;S ;Up   ;10.1G ;   0 ;   56m ;Fru=BB-1(E) Fru=Radio-S182-1(D1)
 6 ;O ; S20-1 ;1111 ;BB6631                     ;000100 ; 7 ;M ;Up   ;10.1G ;   0 ;RRU2012B32A                ;BXP_2  ; 0 ;S ;Up   ;10.1G ;   0 ;   56m ;Fru=BB-1(G) Fru=Radio-S20-1(D1)
 7 ;O ; S21-1 ;1111 ;RRU2012B32A                ;BXP_2  ; 1 ;M ;Up   ;10.1G ;   0 ;RRU2012B32A                ;BXP_8  ; 0 ;S ;Up   ;10.1G ;   0 ;   10m ;Fru=Radio-S20-1(D2) Fru=Radio-S21-1(D1)
 8 ;O ; S22-1 ;1111 ;RRU2012B32A                ;BXP_8  ; 1 ;M ;Up   ;10.1G ;   0 ;RRU2012B32A                ;BXP_9  ; 0 ;S ;Up   ;10.1G ;   0 ;    9m ;Fru=Radio-S21-1(D2) Fru=Radio-S22-1(D1)
-------------------------------------------------------------------------------------------------------------------------------------

=====================================================================================================================================
ID ;LINK ;RiL    ;VENDOR1  ;VENDORPROD1     ;REV1 ;SERIAL1      ;DATE1    ;ERICSSONPROD1      ;VENDOR2  ;VENDORPROD2     ;REV2 ;SERIAL2      ;DATE2    ;ERICSSONPROD2      ;TT ;WL1     ;WL2    
=====================================================================================================================================
 1 ;Up   ;S220-1 ;ERICSSON ;RTXM228-702-C22 ;1.0  ;CU823K084J   ;20231012 ;RDH10265/2 R1A     ;ERICSSON ;RTXM228-702-C22 ;1.0  ;CU823K0849   ;20231012 ;RDH10265/2 R1A     ;0  ;1310.00 ;1310.00
 2 ;Up   ;S221-1 ;ERICSSON ;RTXM228-702-C22 ;1.0  ;CU823K083W   ;20231012 ;RDH10265/2 R1A     ;ERICSSON ;RTXM228-702-C22 ;1.0  ;CU823K083T   ;20231012 ;RDH10265/2 R1A     ;0  ;1310.00 ;1310.00
 3 ;Up   ;S222-1 ;ERICSSON ;RTXM228-702-C22 ;1.0  ;CU823K0846   ;20231012 ;RDH10265/2 R1A     ;ERICSSON ;RTXM228-702-C22 ;1.0  ;CU823K084D   ;20231012 ;RDH10265/2 R1A     ;0  ;1310.00 ;1310.00
 4 ;Up   ;S180-1 ;ERICSSON ;RTXM228-702-C22 ;1.0  ;CU823K0841   ;20231012 ;RDH10265/2 R1A     ;ERICSSON ;RTXM228-702-C22 ;1.0  ;CU823K083J   ;20231012 ;RDH10265/2 R1A     ;0  ;1310.00 ;1310.00
 5 ;Up   ;S182-1 ;ERICSSON ;RTXM228-702-C22 ;1.0  ;CU823K0842   ;20231012 ;RDH10265/2 R1A     ;ERICSSON ;RTXM228-702-C22 ;1.0  ;CU823K083U   ;20231012 ;RDH10265/2 R1A     ;0  ;1310.00 ;1310.00
 6 ;Up   ; S20-1 ;ERICSSON ;RTXM228-702-C22 ;1.0  ;CU823K083X   ;20231012 ;RDH10265/2 R1A     ;ERICSSON ;RTXM228-702-C22 ;1.0  ;CU823K083K   ;20231012 ;RDH10265/2 R1A     ;0  ;1310.00 ;1310.00
 7 ;Up   ; S21-1 ;ERICSSON ;RTXM228-702-C22 ;1.0  ;CU823K083H   ;20231012 ;RDH10265/2 R1A     ;ERICSSON ;RTXM228-702-C22 ;1.0  ;CU823K083P   ;20231012 ;RDH10265/2 R1A     ;0  ;1310.00 ;1310.00
 8 ;Up   ; S22-1 ;ERICSSON ;RTXM228-702-C22 ;1.0  ;CU823K083Q   ;20231012 ;RDH10265/2 R1A     ;ERICSSON ;RTXM228-402-C23 ;1.0  ;CU823H1KFH   ;20230831 ;RDH10265/3 R1A     ;0  ;1310.00 ;1310.00
-------------------------------------------------------------------------------------------------------------------------------------

=====================================================================================================================================
ID ;LINK ;RiL    ;WL1     ;TEMP1 ;TXbs1 ;TXdBm1 ;RXdBm1 ;BER1   ;WL2     ;TEMP2 ;TXbs2 ;TXdBm2 ;RXdBm2 ;BER2   ;DlLoss ;UlLoss ;LENGTH ;TT
=====================================================================================================================================
 1 ;Up   ;S220-1 ;1310.00 ;41C   ;56%   ;-1.51  ;-1.51  ;   0   ;1310.00 ;28C   ;52%   ;-1.91  ;-1.51  ;   0   ;     0 ;  -0.4 ;   54m ; 0
 2 ;Up   ;S221-1 ;1310.00 ;38C   ;56%   ;-0.82  ;-2.00  ;   0   ;1310.00 ;27C   ;52%   ;-1.31  ;-0.44  ;   0   ; -0.38 ;  0.69 ;   57m ; 0
 3 ;Up   ;S222-1 ;1310.00 ;42C   ;56%   ;-1.27  ;-0.93  ;   0   ;1310.00 ;21C   ;51%   ;-1.39  ;-1.43  ;   0   ;  0.16 ; -0.46 ;   57m ; 0
 4 ;Up   ;S180-1 ;1310.00 ;37C   ;55%   ;-2.10  ;-2.30  ;   0   ;1310.00 ;28C   ;51%   ;-1.69  ;-2.25  ;   0   ;  0.15 ;  0.61 ;   56m ; 0
 5 ;Up   ;S182-1 ;1310.00 ;36C   ;56%   ;-1.76  ;-0.61  ;   0   ;1310.00 ;27C   ;52%   ;-0.70  ;-2.13  ;   0   ;  0.37 ; -0.09 ;   56m ; 0
 6 ;Up   ; S20-1 ;1310.00 ;38C   ;56%   ;-0.97  ;-1.69  ;   0   ;1310.00 ;22C   ;51%   ;-1.45  ;-1.31  ;   0   ;  0.34 ;  0.24 ;   56m ; 0
 7 ;Up   ; S21-1 ;1310.00 ;21C   ;51%   ;-1.97  ;-2.26  ;   0   ;1310.00 ;26C   ;52%   ;-1.44  ;-3.80  ;   0   ;  1.83 ;  0.82 ;   10m ; 0
 8 ;Up   ; S22-1 ;1310.00 ;21C   ;50%   ;-1.05  ;-3.67  ;   0   ;1310.00 ;23C   ;28%   ;-2.36  ;-0.77  ;   0   ; -0.28 ;  1.31 ;    9m ; 0
-------------------------------------------------------------------------------------------------------------------------------------

=====================================================================================================================================
ID ;RiL    ;BOARD                      ;SFPLNH  ;PORT ;VENDOR   ;VENDORPROD      ;REV  ;SERIAL       ;DATE     ;ERICSSONPROD       ;WL      ;TEMP  ;TXbs  ;TXdBm  ;RXdBm  ; BER
=====================================================================================================================================
 1 ;S220-1 ;BB6631                     ;000100   ;  1 ;ERICSSON ;RTXM228-702-C22 ;1.0  ;CU823K084J   ;20231012 ;RDH10265/2 R1A     ;1310.00 ;41C   ;56%   ;-1.51  ;-1.51  ;   0
 2 ;S221-1 ;BB6631                     ;000100   ;  2 ;ERICSSON ;RTXM228-702-C22 ;1.0  ;CU823K083W   ;20231012 ;RDH10265/2 R1A     ;1310.00 ;38C   ;56%   ;-0.82  ;-2.00  ;   0
 3 ;S222-1 ;BB6631                     ;000100   ;  3 ;ERICSSON ;RTXM228-702-C22 ;1.0  ;CU823K0846   ;20231012 ;RDH10265/2 R1A     ;1310.00 ;42C   ;56%   ;-1.27  ;-0.93  ;   0
 4 ;S180-1 ;BB6631                     ;000100   ;  4 ;ERICSSON ;RTXM228-702-C22 ;1.0  ;CU823K0841   ;20231012 ;RDH10265/2 R1A     ;1310.00 ;37C   ;55%   ;-2.10  ;-2.30  ;   0
 5 ;S182-1 ;BB6631                     ;000100   ;  5 ;ERICSSON ;RTXM228-702-C22 ;1.0  ;CU823K0842   ;20231012 ;RDH10265/2 R1A     ;1310.00 ;36C   ;56%   ;-1.76  ;-0.61  ;   0
 6 ; S20-1 ;BB6631                     ;000100   ;  7 ;ERICSSON ;RTXM228-702-C22 ;1.0  ;CU823K083X   ;20231012 ;RDH10265/2 R1A     ;1310.00 ;38C   ;56%   ;-0.97  ;-1.69  ;   0
 6 ; S20-1 ;RRU2012B32A                ;BXP_2    ;  0 ;ERICSSON ;RTXM228-702-C22 ;1.0  ;CU823K083K   ;20231012 ;RDH10265/2 R1A     ;1310.00 ;22C   ;51%   ;-1.45  ;-1.31  ;   0
 7 ; S21-1 ;RRU2012B32A                ;BXP_2    ;  1 ;ERICSSON ;RTXM228-702-C22 ;1.0  ;CU823K083H   ;20231012 ;RDH10265/2 R1A     ;1310.00 ;21C   ;51%   ;-1.97  ;-2.26  ;   0
 5 ;S182-1 ;RRU4415B7                  ;BXP_3    ;  0 ;ERICSSON ;RTXM228-702-C22 ;1.0  ;CU823K083U   ;20231012 ;RDH10265/2 R1A     ;1310.00 ;27C   ;52%   ;-0.70  ;-2.13  ;   0
 3 ;S222-1 ;RRU247924B824B2024B28BM01* ;BXP_4    ;  1 ;ERICSSON ;RTXM228-702-C22 ;1.0  ;CU823K084D   ;20231012 ;RDH10265/2 R1A     ;1310.00 ;21C   ;51%   ;-1.39  ;-1.43  ;   0
 4 ;S180-1 ;RRU4415B7                  ;BXP_5    ;  0 ;ERICSSON ;RTXM228-702-C22 ;1.0  ;CU823K083J   ;20231012 ;RDH10265/2 R1A     ;1310.00 ;28C   ;51%   ;-1.69  ;-2.25  ;   0
 2 ;S221-1 ;RRU247924B824B2024B28BM01* ;BXP_6    ;  1 ;ERICSSON ;RTXM228-702-C22 ;1.0  ;CU823K083T   ;20231012 ;RDH10265/2 R1A     ;1310.00 ;27C   ;52%   ;-1.31  ;-0.44  ;   0
 1 ;S220-1 ;RRU247924B824B2024B28BM01* ;BXP_7    ;  1 ;ERICSSON ;RTXM228-702-C22 ;1.0  ;CU823K0849   ;20231012 ;RDH10265/2 R1A     ;1310.00 ;28C   ;52%   ;-1.91  ;-1.51  ;   0
 7 ; S21-1 ;RRU2012B32A                ;BXP_8    ;  0 ;ERICSSON ;RTXM228-702-C22 ;1.0  ;CU823K083P   ;20231012 ;RDH10265/2 R1A     ;1310.00 ;26C   ;52%   ;-1.44  ;-3.80  ;   0
 8 ; S22-1 ;RRU2012B32A                ;BXP_8    ;  1 ;ERICSSON ;RTXM228-702-C22 ;1.0  ;CU823K083Q   ;20231012 ;RDH10265/2 R1A     ;1310.00 ;21C   ;50%   ;-1.05  ;-3.67  ;   0
 8 ; S22-1 ;RRU2012B32A                ;BXP_9    ;  0 ;ERICSSON ;RTXM228-402-C23 ;1.0  ;CU823H1KFH   ;20230831 ;RDH10265/3 R1A     ;1310.00 ;23C   ;28%   ;-2.36  ;-0.77  ;   0
-------------------------------------------------------------------------------------------------------------------------------------
TN ;       ;BB6631                     ;000100   ;IA2 ;ERICSSON ;42020201934     ;A0   ;202332400052 ;20230807 ;RPM777053/1000 R1B ;NA      ;NA    ;NA    ;NA     ;NA     ; 0/0
-------------------------------------------------------------------------------------------------------------------------------------

=====================================================================================================================================
BOARD  ;LNH    ;PORT       ;T ;S ;OpMode   ;AutoNeg ;MacAddress        ;VlanIds        ;LOS ;BER
=====================================================================================================================================
BB6631 ;000100 ;TN_IDL_A_1 ;E ;1 ;10G_FULL ;false   ;58:70:7F:8D:B8:CF ;3901,3908,3910 ;0   ;0/0
BB6631 ;000100 ;TN_IDL_A_2 ;O ;1 ;10G_FULL ;false   ;58:70:7F:8D:B8:D0 ;3908           ;0   ;0/0
-------------------------------------------------------------------------------------------------------------------------------------

radioClockState : RNT_TIME_LOCKED
-------------------------------------------------------------------------------------
Prio  ;ST  ;syncRefType    ;refStatus  ;opQualLevel  ;SyncReference
-------------------------------------------------------------------------------------
   1  ; 1  ;PTP_TIME       ;NO_FAULT   ;PRTC         ;Ptp=1,BoundaryOrdinaryClock=PTP (G_8275_1 EthernetPort=TN_IDL_A_1:SLAVE)
   2  ; 1  ;NTP_FREQUENCY  ;NO_FAULT   ;PRC          ;Ntp=1,NtpFrequencySync=NTP1 (10.31.0.54:32751 Router=45G_Traffic,InterfaceIPv4=LTE,AddressIPv4=LTE)
-------------------------------------------------------------------------------------
-------------------------------------------------------------------------------------
Prio  ;ST  ;assistRefStatus  ;recQualLevel  ;AssistingReference
-------------------------------------------------------------------------------------
   1  ; 0  ;UNKNOWN          ;PRTC          ;Synchronization=1,SyncEthInput=SyncE (SFP_DAC EthernetPort=TN_IDL_A_1)
-------------------------------------------------------------------------------------
nodeGroupRole   : SYNC_RECEIVER (syncNodePriority=3, selectionMode=NODE_PRIORITY)
-------------------------------------------------------------------------------------
DU  ;Port  ;sharedUnitRef (RiPortA - RiPortB)  ;remoteNodePriority  ;CandidateStatus
-------------------------------------------------------------------------------------
1   ;A     ;Fru=Radio-S220-1 (2 - 1)           ;1                   ;OK_NOT_ACTIVE
1   ;B     ;Fru=Radio-S221-1 (2 - 1)           ;1                   ;OK_NOT_ACTIVE
1   ;C     ;Fru=Radio-S222-1 (2 - 1)           ;1                   ;OK_ACTIVE
-------------------------------------------------------------------------------------

=====================================================================================================================================
FRU          ;LNH    ;BOARD                      ;RF  ;BP  ;TX (W/dBm)  ;VSWR (RL)   ;RX (dBm) ;UEs/gUEs  ;Sector/AntennaGroup/Cells (State:CellIds:PCIs)
=====================================================================================================================================
Radio-S180-1 ;BXP_5  ;RRU4415B7                  ; A  ;11  ;20.4 (43.1) ;1.19 (21.1) ;-100.4   ;2/-       ;SE=180 AG=180 FDD=RL4AL1 (1:21:256)
Radio-S180-1 ;BXP_5  ;RRU4415B7                  ; B  ;11  ;-           ;1.16 (22.8) ;-100.1   ;2/-       ;SE=180 AG=180 FDD=RL4AL1 (1:21:256)
Radio-S180-1 ;BXP_5  ;RRU4415B7                  ; C  ;11  ;21.4 (43.3) ;1.09 (27.3) ;-100.0   ;3/-       ;SE=181 AG=181 FDD=RL4AL2 (1:22:186)
Radio-S180-1 ;BXP_5  ;RRU4415B7                  ; D  ;11  ;-           ;1.08 (27.9) ;-100.2   ;3/-       ;SE=181 AG=181 FDD=RL4AL2 (1:22:186)
Radio-S182-1 ;BXP_3  ;RRU4415B7                  ; A  ;11  ;13.2 (41.2) ;1.08 (28.6) ;-99.0    ;11/-      ;SE=182 AG=182 FDD=RL4AL3 (1:23:199)
Radio-S182-1 ;BXP_3  ;RRU4415B7                  ; B  ;11  ;12.9 (41.1) ;1.07 (29.5) ;-98.6    ;11/-      ;SE=182 AG=182 FDD=RL4AL3 (1:23:199)
Radio-S182-1 ;BXP_3  ;RRU4415B7                  ; C  ;11  ;-           ;-           ;         ;          ;
Radio-S182-1 ;BXP_3  ;RRU4415B7                  ; D  ;11  ;-           ;-           ;         ;          ;
Radio-S20-1  ;BXP_2  ;RRU2012B32A                ; A  ;11  ;19.5 (42.9) ;1.12 (25.1) ;         ;0/-       ;SE=20 AG=20 FDD=RL4AF1 (1:81:483)
Radio-S20-1  ;BXP_2  ;RRU2012B32A                ; B  ;11  ;-           ;1.14 (23.9) ;         ;0/-       ;SE=20 AG=20 FDD=RL4AF1 (1:81:483)
Radio-S21-1  ;BXP_8  ;RRU2012B32A                ; A  ;11  ;20.0 (43.0) ;1.08 (28.6) ;         ;0/-       ;SE=21 AG=21 FDD=RL4AF2 (1:82:51)
Radio-S21-1  ;BXP_8  ;RRU2012B32A                ; B  ;11  ;-           ;1.16 (22.8) ;         ;0/-       ;SE=21 AG=21 FDD=RL4AF2 (1:82:51)
Radio-S22-1  ;BXP_9  ;RRU2012B32A                ; A  ;11  ;20.0 (43.0) ;1.07 (29.2) ;         ;0/-       ;SE=22 AG=22 FDD=RL4AF3 (1:83:361)
Radio-S22-1  ;BXP_9  ;RRU2012B32A                ; B  ;11  ;-           ;1.02 (39.7) ;         ;0/-       ;SE=22 AG=22 FDD=RL4AF3 (1:83:361)
Radio-S220-1 ;BXP_7  ;RRU247924B824B2024B28BM01* ; A  ;11  ;18.1 (42.6) ;1.28 (18.3) ;-97.6    ;-/-       ;SE=220* AG=220 GT=RL4AD1/0 GT=RL4AD1/1 (1, 1)
Radio-S220-1 ;BXP_7  ;RRU247924B824B2024B28BM01* ; B  ;11  ;12.0 (40.8) ;1.11 (25.7) ;-97.7    ;-/-       ;SE=220* AG=220 GT=RL4AD1/0 GT=RL4AD1/1 (1, 1)
Radio-S220-1 ;BXP_7  ;RRU247924B824B2024B28BM01* ; C  ;11  ;19.1 (42.8) ;1.05 (32.1) ;-97.7    ;-/-       ;SE=220* AG=220 GT=RL4AD1/0 GT=RL4AD1/1 (1, 1)
Radio-S220-1 ;BXP_7  ;RRU247924B824B2024B28BM01* ; D  ;11  ;19.5 (42.9) ;1.09 (27.5) ;-97.4    ;-/-       ;SE=220* AG=220 GT=RL4AD1/0 GT=RL4AD1/1 (1, 1)
Radio-S221-1 ;BXP_6  ;RRU247924B824B2024B28BM01* ; A  ;11  ;18.1 (42.6) ;1.26 (18.9) ;-98.6    ;-/-       ;SE=221* AG=221 GT=RL4AD2/0 GT=RL4AD2/1 (1, 1)
Radio-S221-1 ;BXP_6  ;RRU247924B824B2024B28BM01* ; B  ;11  ;18.6 (42.7) ;1.13 (24.4) ;-99.1    ;-/-       ;SE=221* AG=221 GT=RL4AD2/0 GT=RL4AD2/1 (1, 1)
Radio-S221-1 ;BXP_6  ;RRU247924B824B2024B28BM01* ; C  ;11  ;16.2 (42.1) ;1.18 (21.7) ;-98.6    ;-/-       ;SE=221* AG=221 GT=RL4AD2/0 GT=RL4AD2/1 (1, 1)
Radio-S221-1 ;BXP_6  ;RRU247924B824B2024B28BM01* ; D  ;11  ;16.2 (42.1) ;1.10 (26.1) ;-98.9    ;-/-       ;SE=221* AG=221 GT=RL4AD2/0 GT=RL4AD2/1 (1, 1)
Radio-S222-1 ;BXP_4  ;RRU247924B824B2024B28BM01* ; A  ;11  ;13.5 (41.3) ;1.16 (22.4) ;-97.1    ;-/-       ;SE=222* AG=222 GT=RL4AD3/0 GT=RL4AD3/1 (1, 1)
Radio-S222-1 ;BXP_4  ;RRU247924B824B2024B28BM01* ; B  ;11  ;28.7 (44.6) ;1.20 (21.0) ;-96.7    ;-/-       ;SE=222* AG=222 GT=RL4AD3/0 GT=RL4AD3/1 (1, 1)
Radio-S222-1 ;BXP_4  ;RRU247924B824B2024B28BM01* ; C  ;11  ;13.5 (41.3) ;1.13 (24.2) ;-97.2    ;-/-       ;SE=222* AG=222 GT=RL4AD3/0 GT=RL4AD3/1 (1, 1)
Radio-S222-1 ;BXP_4  ;RRU247924B824B2024B28BM01* ; D  ;11  ;14.1 (41.5) ;1.11 (25.4) ;-96.6    ;-/-       ;SE=222* AG=222 GT=RL4AD3/0 GT=RL4AD3/1 (1, 1)
-------------------------------------------------------------------------------------------------------------------------------------

RL4AL> mfar

251125-07:35:44+0100 19.31.18.253 25.0h MSRBS_NODE_MODEL_25.Q1_693.28324.131_62ac stopfile=/tmp/4016453
........
Last MO: 17315. Loaded 17315 MOs. Total: 17316 MOs.
...................................................
get /rop/A20251125.0500-0515_RL4AL.xml.gz /ericsson/log/amos/moshell_logfiles/t20251125_37258710_65084/logs_moshell/pmfiles/19.31.18.253/rop/A20251125.0500-0515_RL4AL.xml.gz ... OK
get /rop/A20251125.0515-0530_RL4AL.xml.gz /ericsson/log/amos/moshell_logfiles/t20251125_37258710_65084/logs_moshell/pmfiles/19.31.18.253/rop/A20251125.0515-0530_RL4AL.xml.gz ... OK
get /rop/A20251125.0530-0545_RL4AL.xml.gz /ericsson/log/amos/moshell_logfiles/t20251125_37258710_65084/logs_moshell/pmfiles/19.31.18.253/rop/A20251125.0530-0545_RL4AL.xml.gz ... OK

Using hardcoded thresholds: 3, 4.5, and 16.5
================================================================================================================================
SC     SE  Tx/Rx BrPair  RfPort1 - RfPort2               HW       Serial      Cell (State)   Samples   Med  Mean  SDev Pol Res Issue
================================================================================================================================
RL4AF1  20   2/0 0 (1,2) Radio-S20-1(A) Radio-S20-1(B)   RRU2012  TU8U01DTQ7  FDD=RL4AF1 (1)       0     0     0     0  NA  NT No data
RL4AF2  21   2/0 0 (1,2) Radio-S21-1(A) Radio-S21-1(B)   RRU2012  TU8U024BUZ  FDD=RL4AF2 (1)       0     0     0     0  NA  NT No data
RL4AF3  22   2/0 0 (1,2) Radio-S22-1(A) Radio-S22-1(B)   RRU2012  TU8U02APK2  FDD=RL4AF3 (1)       0     0     0     0  NA  NT No data
RL4AL1 180   2/2 0 (1,2) Radio-S180-1(A) Radio-S180-1(B) RRU4415  DH80202932  FDD=RL4AL1 (1)   28749  -2.5  -1.6   7.7  NA  OK Passed
RL4AL2 181   2/2 0 (1,2) Radio-S180-1(C) Radio-S180-1(D) RRU4415  DH80202932  FDD=RL4AL2 (1)   24769  -4.5  -4.4   7.6  NA OKW Possible RF Loss or PIM at Radio-S180-1(D)
RL4AL3 182   2/2 0 (1,2) Radio-S182-1(A) Radio-S182-1(B) RRU4415  DH80202940  FDD=RL4AL3 (1)  146013  14.5   9.1   8.7  NA NOK RF Loss or PIM at Radio-S182-1(A)
================================================================================================================================
Total: 6 SectorCarriers, 6 RfBranch Pairs (1 OK, 1 OKW, 1 NOK, 3 NT)
.........
Last MO: 17315. Loaded 17315 MOs. Total: 17316 MOs.

No NRSectorCarrier MOs are defined on the node.

RL4AL> mfitr

251125-07:36:01+0100 19.31.18.253 25.0h MSRBS_NODE_MODEL_25.Q1_693.28324.131_62ac stopfile=/tmp/4016453
..............
Last MO: 17315. Loaded 17315 MOs. Total: 17316 MOs.
.........
2025-11-25 07:36
================================================================================================================================
CELL       SC     FRU          BOARD     PUSCH  PUCCH       A      B      C      D  DELTA
================================================================================================================================
FDD=RL4AL1 RL4AL1 Radio-S180-1 RRU4415B7 -119.4 -119.5 -119.6 -119.4                  0.2
FDD=RL4AL2 RL4AL2 Radio-S180-1 RRU4415B7 -119.1 -119.4               -119.4 -119.3    0.1
FDD=RL4AL3 RL4AL3 Radio-S182-1 RRU4415B7 -118.2 -118.8 -119.0 -118.7                  0.3
================================================================================================================================
Bye...
Output has been logged to file /mta_fs/UserFiles/37258710/amosbatch/SDIR/RL4AL.log
