Logging to file /mta_fs/UserFiles/37258710/amosbatch/SDIR/RL56L.log
                        __  __  ____   _____
                  /\   |  \/  |/ __ \ / ____|
                 /  \  | \  / | |  | | (___  
                / /\ \ | |\/| | |  | |\___ \ 
               / ____ \| |  | | |__| |____) |
              /_/    \_\_|  |_|\____/|_____/
              OSS Framework for MoShell-25.0h 
  Copyright (c) Ericsson AB 2001-2025 - All Rights Reserved
              
           
[1;31mWARNING: [0mthe AMOS version currently running is more than 29 weeks old and is unsupported.
Please upgrade as soon as possible to the latest released version, available from your local Ericsson support.

$amosrb_pid = 2431767

Checking ip contact...OK

HELP MENU            : h
BASIC MO COMMANDS    : m
OTHER MO COMMANDS    : n
OTHER COMMANDS       : o
PM COMMANDS          : p
QUIT                 : q

RL56L> lt all

251125-13:01:34+0100 19.31.12.194 25.0h  stopfile=/tmp/2431658
Looking up temporary_amos account... OK.
Trying temporary_amos_t20251125_37258710_65084_131's password from amos lookupAccount ... OK

$ssh_pid = 2432181

Connected to 19.31.12.194 (SubNetwork=BBMM_rckomc_R,MeContext=RL56L,ManagedElement=RL56L)

Checking MOM version...MSRBS_NODE_MODEL_25.Q1_198665.224.73_bf81
Parsing MOM (cached): /ericsson/log/amos/moshell_logfiles/t20251125_37258710_65084/logs_moshell/tempfiles/scp-4-amos_20251125-130128_2431590/MSRBS_NODE_MODEL_25.Q1_198665.224.73_bf81.xml.cache.gz ......................................................................................................................................................................................................................Done.
Using paramfile /opt/ericsson/amos/moshell/commonjars/pm/PARAM_MSRBSG2_25.Q1.txt
Parsing file /opt/ericsson/amos/moshell/commonjars/pm/PARAM_MSRBSG2_25.Q1.txt ......................................................................................Done.
Using imomdfile /opt/ericsson/amos/moshell/commonjars/pm/IMOMD_MSRBS_22.Q4.txt
Using imomfile /opt/ericsson/amos/moshell/commonjars/pm/IMOM_MSRBS_25.Q1.txt
Connected to 19.31.12.194 (SubNetwork=BBMM_rckomc_R,MeContext=RL56L,ManagedElement=RL56L)

Last MO: 16524. Loaded 16524 MOs. Total: 16525 MOs.

RL56L> st cell

251125-13:01:53+0100 19.31.12.194 25.0h MSRBS_NODE_MODEL_25.Q1_198665.224.73_bf81 stopfile=/tmp/2431658
===================================================================================
Proxy  Adm State     Op. State     MO
===================================================================================
   54  1 (UNLOCKED)  1 (ENABLED)   ENodeBFunction=1,EUtranCellFDD=RL56L1
  149  1 (UNLOCKED)  1 (ENABLED)   ENodeBFunction=1,EUtranCellFDD=RL56L2
  246  1 (UNLOCKED)  1 (ENABLED)   ENodeBFunction=1,EUtranCellFDD=RL56L3
===================================================================================
Total: 3 MOs

RL56L> st radio

251125-13:01:54+0100 19.31.12.194 25.0h MSRBS_NODE_MODEL_25.Q1_198665.224.73_bf81 stopfile=/tmp/2431658
===================================================================================
Proxy  Adm State     Op. State     MO
===================================================================================
 1017  1 (UNLOCKED)  1 (ENABLED)   Equipment=1,FieldReplaceableUnit=Radio-S180-1
 1032  1 (UNLOCKED)  1 (ENABLED)   Equipment=1,FieldReplaceableUnit=Radio-S182-1
 1047  1 (UNLOCKED)  1 (ENABLED)   Equipment=1,FieldReplaceableUnit=Radio-S210-1
 1064  1 (UNLOCKED)  1 (ENABLED)   Equipment=1,FieldReplaceableUnit=Radio-S211-1
 1081  1 (UNLOCKED)  1 (ENABLED)   Equipment=1,FieldReplaceableUnit=Radio-S212-1
16518  1 (UNLOCKED)  1 (ENABLED)   Transport=1,Synchronization=1,RadioEquipmentClock=1,RadioEquipmentClockReference=NTP1
16519  1 (UNLOCKED)  1 (ENABLED)   Transport=1,Synchronization=1,RadioEquipmentClock=1,RadioEquipmentClockReference=PTP
===================================================================================
Total: 7 MOs

RL56L> sdir

251125-13:01:54+0100 19.31.12.194 25.0h MSRBS_NODE_MODEL_25.Q1_198665.224.73_bf81 stopfile=/tmp/2431658
INFO: Using amos lookupAccount credentials for the export login
...............................
get /rop/A20251125.1115-1130_RL56L.xml.gz /ericsson/log/amos/moshell_logfiles/t20251125_37258710_65084/logs_moshell/pmfiles/19.31.12.194/rop/A20251125.1115-1130_RL56L.xml.gz ... OK
get /rop/A20251125.1130-1145_RL56L.xml.gz /ericsson/log/amos/moshell_logfiles/t20251125_37258710_65084/logs_moshell/pmfiles/19.31.12.194/rop/A20251125.1130-1145_RL56L.xml.gz ... OK
get /rop/A20251125.1145-1200_RL56L.xml.gz /ericsson/log/amos/moshell_logfiles/t20251125_37258710_65084/logs_moshell/pmfiles/19.31.12.194/rop/A20251125.1145-1200_RL56L.xml.gz ... OK
....Checking available boards on node...

Collecting RCS board data ...
...................................................................................
..........................
...........................................................................................................................................................................................................................................................................................................
...........
Collecting TN data...
...............................................................................................................................................................................................................................................................................
Collecting RF data...
...
Collecting Alarms...
Executing action Log.export()
...
Log=AlarmLog                    actionId=51178
.....
Executing action LogM.exportAvailabilityLog()
..LogM=1,exportAvailabilityLog    actionId=51179
.....Parsing alarmLog....Done.
Parsing availabilityLog.....Done.
....

Total: 5 CPRI links (5 OK, 0 OKW, 0 NOK, 0 NT)
.
+--------+                      +--------------------+
|        | A        O101     D2 |    Radio-S210-1    |
|        |-----------1----------| RRU227922B822B20C* |
|        |         OK-38m       |       BXP_3        |
|        |                      +--------------------+
|        |                                     |A  |B
|        |                 SE=210* AG=210 GT=RL56D1/0
|        |                                GT=RL56D1/8
|        |
|        |                      +--------------------+
|        | B        O101     D2 |    Radio-S211-1    |
|        |-----------2----------| RRU227922B822B20C* |
|        |         OK-38m       |       BXP_2        |
|        |                      +--------------------+
|        |                                     |A  |B
|        |                 SE=211* AG=211 GT=RL56D2/0
|        |                                GT=RL56D2/1
|        |
|        |                      +--------------------+
|        | C        O101     D2 |    Radio-S212-1    |
|        |-----------3----------| RRU227922B822B20C* |
|        |         OK-38m       |       BXP_4        |
|        |                      +--------------------+
|        |                                     |A  |B
|  BB-1  |                 SE=212* AG=212 GT=RL56D3/0
| BB6630 |                                GT=RL56D3/1
| 000100 |
|        |                      +---------------+
|        | D        O101     D1 | Radio-S180-1  |
|        |-----------4----------|   RRU4415B7   |
|        |         OK-38m       |     BXP_5     |
|        |                      +---------------+
|        |                        |A  |B  |C  |D
|        |                 SE=180 AG=180  |   |
|        |                    FDD=RL56L1  |   |
|        |                         SE=181 AG=181
|        |                            FDD=RL56L2
|        |
|        |                      +---------------+
|        | E        O101     D1 | Radio-S182-1  |
|        |-----------5----------|   RRU4415B7   |
|        |         OK-38m       |     BXP_6     |
|        |                      +---------------+
|        |                        |A  |B  |C  |D
|        |                 SE=182 AG=182  |   |
|        |                    FDD=RL56L3  |   |
|        |
+--------+

=====================================================================================================================================
ID RiL    Type Res MO1-MO2                  BOARD1-BOARD2             AlmIDs Cells (States)                Issue (Failed checks)
=====================================================================================================================================
 1 S210-1 O101 OK  BB-1(A) Radio-S210-1(D2) BB6630 RRU227922B822B20C*        GT=RL56D1/0 GT=RL56D1/8 (1,1) Passed
 2 S211-1 O101 OK  BB-1(B) Radio-S211-1(D2) BB6630 RRU227922B822B20C*        GT=RL56D2/0 GT=RL56D2/1 (1,1) Passed
 3 S212-1 O101 OK  BB-1(C) Radio-S212-1(D2) BB6630 RRU227922B822B20C*        GT=RL56D3/0 GT=RL56D3/1 (1,1) Passed
 4 S180-1 O101 OK  BB-1(D) Radio-S180-1(D1) BB6630 RRU4415B7                 FDD=RL56L1 FDD=RL56L2 (1,1)   Passed
 5 S182-1 O101 OK  BB-1(E) Radio-S182-1(D1) BB6630 RRU4415B7                 FDD=RL56L3 (1)                Passed
-------------------------------------------------------------------------------------------------------------------------------------

Node: RadioNode GL   CXP9024418/16_R8D21 (RCG123.3-3)   G2   GSM LTE-FDD 

=====================================================================================================================================
FRU          ;LNH    ;BOARD              ;ST ;FAULT ;OPER ;MAINT ;STAT ;PRODUCTNUMBER   ;REV     ;SERIAL        ;DATE     ;PMTEMP ; TEMP ; UPT ;VOLT ;SW                   ;
=====================================================================================================================================
BB-1         ;000100 ;BB6630             ; 1 ;  OFF ;  ON ;  OFF ;  ON ;KDU137848/11    ;R3E     ;E96A00NU5A    ;20220225 ;3 (OK) ;      ; 131 ;48   ;                     ;
Radio-S180-1 ;BXP_5  ;RRU4415B7          ; 1 ;  OFF ;  ON ;  OFF ; N/A ;KRC161495/1     ;R5J     ;TU8U01MK99    ;20220711 ;4 (OK) ; 29.0 ; 131 ;53.3 ;CXP9013268%15_R101KB ; (Radio4415B7)
Radio-S182-1 ;BXP_6  ;RRU4415B7          ; 1 ;  OFF ;  ON ;  OFF ; N/A ;KRC161495/1     ;R5FC    ;TU8U00TBQA    ;20210418 ;4 (OK) ; 27.8 ; 131 ;52.6 ;CXP9013268%15_R101KB ; (Radio4415B7)
Radio-S210-1 ;BXP_3  ;RRU227922B822B20C* ; 1 ;  OFF ;  ON ;  OFF ; N/A ;KRC161864/1     ;R1E     ;TU8U01PNNT    ;20220822 ;4 (OK) ; 31.0 ; 131 ;53.2 ;CXP9013268%15_R101KB ; (Radio227922B822B20C)
Radio-S211-1 ;BXP_2  ;RRU227922B822B20C* ; 1 ;  OFF ;  ON ;  OFF ; N/A ;KRC161864/1     ;R1E     ;TU8U01J0FL    ;20220502 ;4 (OK) ; 33.0 ; 131 ;53.1 ;CXP9013268%15_R101KB ; (Radio227922B822B20C)
Radio-S212-1 ;BXP_4  ;RRU227922B822B20C* ; 1 ;  OFF ;  ON ;  OFF ; N/A ;KRC161864/1     ;R1E     ;TU8U01J0FR    ;20220502 ;4 (OK) ; 30.5 ; 131 ;53.4 ;CXP9013268%15_R101KB ; (Radio227922B822B20C)
-------------------------------------------------------------------------------------------------------------------------------------

=====================================================================================================================================
XPBOARD  ;ST ;FAULT ;OPER ;PRODUCTNUMBER ;REV ;SERIAL/NAME ;DATE     ; TEMP ;MO
=====================================================================================================================================
FAN      ; 1 ;N/A   ;N/A  ;BKV106217/1   ;N/A ;N/A         ;N/A      ;      ;SupportUnit=1 (FAN  BB-1)
-------------------------------------------------------------------------------------------------------------------------------------

=====================================================================================================================================
ID ;T ;RiL    ;BPBP ;BOARD1             ;LNH1 ;PORT ;R ;LINK ;RATE  ; BER ;BOARD2             ;LNH2 ;PORT ;R ;LINK ;RATE  ; BER ;LENGTH ;MO1 - MO2
=====================================================================================================================================
 1 ;O ;S210-1 ;1111 ;BB6630             ;000100 ; 1 ;M ;Up   ;10.1G ;   0 ;RRU227922B822B20C* ;BXP_3  ; 1 ;S ;Up   ;10.1G ;   0 ;   38m ;Fru=BB-1(A) Fru=Radio-S210-1(D2)
 2 ;O ;S211-1 ;1111 ;BB6630             ;000100 ; 2 ;M ;Up   ;10.1G ;   0 ;RRU227922B822B20C* ;BXP_2  ; 1 ;S ;Up   ;10.1G ;   0 ;   38m ;Fru=BB-1(B) Fru=Radio-S211-1(D2)
 3 ;O ;S212-1 ;1111 ;BB6630             ;000100 ; 3 ;M ;Up   ;10.1G ;   0 ;RRU227922B822B20C* ;BXP_4  ; 1 ;S ;Up   ;10.1G ;   0 ;   38m ;Fru=BB-1(C) Fru=Radio-S212-1(D2)
 4 ;O ;S180-1 ;1111 ;BB6630             ;000100 ; 4 ;M ;Up   ;10.1G ;   0 ;RRU4415B7          ;BXP_5  ; 0 ;S ;Up   ;10.1G ;   0 ;   38m ;Fru=BB-1(D) Fru=Radio-S180-1(D1)
 5 ;O ;S182-1 ;1111 ;BB6630             ;000100 ; 5 ;M ;Up   ;10.1G ;   0 ;RRU4415B7          ;BXP_6  ; 0 ;S ;Up   ;10.1G ;   0 ;   38m ;Fru=BB-1(E) Fru=Radio-S182-1(D1)
-------------------------------------------------------------------------------------------------------------------------------------

=====================================================================================================================================
ID ;LINK ;RiL    ;VENDOR1  ;VENDORPROD1     ;REV1 ;SERIAL1    ;DATE1    ;ERICSSONPROD1  ;VENDOR2  ;VENDORPROD2     ;REV2 ;SERIAL2    ;DATE2    ;ERICSSONPROD2  ;TT ;WL1     ;WL2    
=====================================================================================================================================
 1 ;Up   ;S210-1 ;ERICSSON ;SPP10ELRIDFSEN  ;10   ;CT72963962 ;20220824 ;RDH10265/2 R1A ;ERICSSON ;SPP10ELRIDFSEN  ;10   ;CT72971753 ;20220826 ;RDH10265/2 R1A ;0  ;1310.00 ;1310.00
 2 ;Up   ;S211-1 ;ERICSSON ;SPP10ELRIDFSEN  ;10   ;CT72975370 ;20220826 ;RDH10265/2 R1A ;ERICSSON ;SPP10ELRIDFSEN  ;10   ;CT72969803 ;20220826 ;RDH10265/2 R1A ;0  ;1310.00 ;1310.00
 3 ;Up   ;S212-1 ;ERICSSON ;EOLP-1396-02-I9 ;1.0  ;PM1M157897 ;20210410 ;RDH10265/2 R1A ;ERICSSON ;SPP10ELRIDFSEN  ;10   ;CT72975674 ;20220826 ;RDH10265/2 R1A ;0  ;1310.00 ;1310.00
 4 ;Up   ;S180-1 ;ERICSSON ;SPP10ELRIDFSEN  ;10   ;CT72963924 ;20220824 ;RDH10265/2 R1A ;ERICSSON ;SPP10ELRIDFSEN  ;10   ;CT72976909 ;20220826 ;RDH10265/2 R1A ;0  ;1310.00 ;1310.00
 5 ;Up   ;S182-1 ;ERICSSON ;SPP10ELRIDFSEN  ;10   ;CT72964726 ;20220824 ;RDH10265/2 R1A ;ERICSSON ;SPP10ELRIDFREN  ;10   ;L7M2008893 ;20210621 ;RDH10265/2 R1A ;0  ;1310.00 ;1310.00
-------------------------------------------------------------------------------------------------------------------------------------

=====================================================================================================================================
ID ;LINK ;RiL    ;WL1     ;TEMP1 ;TXbs1 ;TXdBm1 ;RXdBm1 ;BER1   ;WL2     ;TEMP2 ;TXbs2 ;TXdBm2 ;RXdBm2 ;BER2   ;DlLoss ;UlLoss ;LENGTH ;TT
=====================================================================================================================================
 1 ;Up   ;S210-1 ;1310.00 ;53C   ;45%   ;-2.34  ;-1.81  ;   0   ;1310.00 ;32C   ;30%   ;-2.13  ;-1.52  ;   0   ; -0.82 ; -0.32 ;   38m ; 0
 2 ;Up   ;S211-1 ;1310.00 ;51C   ;48%   ;-2.43  ;-2.41  ;   0   ;1310.00 ;33C   ;35%   ;-2.07  ;-2.07  ;   0   ; -0.36 ;  0.34 ;   38m ; 0
 3 ;Up   ;S212-1 ;1310.00 ;44C   ;46%   ;-1.78  ;-0.99  ;   0   ;1310.00 ;31C   ;43%   ;-2.03  ;-2.68  ;   0   ;   0.9 ; -1.04 ;   38m ; 0
 4 ;Up   ;S180-1 ;1310.00 ;48C   ;36%   ;-2.08  ;-1.23  ;   0   ;1310.00 ;36C   ;39%   ;-2.11  ;-3.03  ;   0   ;  0.95 ; -0.88 ;   38m ; 0
 5 ;Up   ;S182-1 ;1310.00 ;53C   ;44%   ;-2.01  ;-1.40  ;   0   ;1310.00 ;26C   ;39%   ;-0.81  ;-2.23  ;   0   ;  0.22 ;  0.59 ;   38m ; 0
-------------------------------------------------------------------------------------------------------------------------------------

=====================================================================================================================================
ID ;RiL    ;BOARD              ;SFPLNH  ;PORT ;VENDOR   ;VENDORPROD      ;REV  ;SERIAL     ;DATE     ;ERICSSONPROD   ;WL      ;TEMP  ;TXbs  ;TXdBm  ;RXdBm  ; BER
=====================================================================================================================================
 1 ;S210-1 ;BB6630             ;000100   ;  1 ;ERICSSON ;SPP10ELRIDFSEN  ;10   ;CT72963962 ;20220824 ;RDH10265/2 R1A ;1310.00 ;53C   ;45%   ;-2.34  ;-1.81  ;   0
 2 ;S211-1 ;BB6630             ;000100   ;  2 ;ERICSSON ;SPP10ELRIDFSEN  ;10   ;CT72975370 ;20220826 ;RDH10265/2 R1A ;1310.00 ;51C   ;48%   ;-2.43  ;-2.41  ;   0
 3 ;S212-1 ;BB6630             ;000100   ;  3 ;ERICSSON ;EOLP-1396-02-I9 ;1.0  ;PM1M157897 ;20210410 ;RDH10265/2 R1A ;1310.00 ;44C   ;46%   ;-1.78  ;-0.99  ;   0
 4 ;S180-1 ;BB6630             ;000100   ;  4 ;ERICSSON ;SPP10ELRIDFSEN  ;10   ;CT72963924 ;20220824 ;RDH10265/2 R1A ;1310.00 ;48C   ;36%   ;-2.08  ;-1.23  ;   0
 5 ;S182-1 ;BB6630             ;000100   ;  5 ;ERICSSON ;SPP10ELRIDFSEN  ;10   ;CT72964726 ;20220824 ;RDH10265/2 R1A ;1310.00 ;53C   ;44%   ;-2.01  ;-1.40  ;   0
 2 ;S211-1 ;RRU227922B822B20C* ;BXP_2    ;  1 ;ERICSSON ;SPP10ELRIDFSEN  ;10   ;CT72969803 ;20220826 ;RDH10265/2 R1A ;1310.00 ;33C   ;35%   ;-2.07  ;-2.07  ;   0
 1 ;S210-1 ;RRU227922B822B20C* ;BXP_3    ;  1 ;ERICSSON ;SPP10ELRIDFSEN  ;10   ;CT72971753 ;20220826 ;RDH10265/2 R1A ;1310.00 ;32C   ;30%   ;-2.13  ;-1.52  ;   0
 3 ;S212-1 ;RRU227922B822B20C* ;BXP_4    ;  1 ;ERICSSON ;SPP10ELRIDFSEN  ;10   ;CT72975674 ;20220826 ;RDH10265/2 R1A ;1310.00 ;31C   ;43%   ;-2.03  ;-2.68  ;   0
 4 ;S180-1 ;RRU4415B7          ;BXP_5    ;  0 ;ERICSSON ;SPP10ELRIDFSEN  ;10   ;CT72976909 ;20220826 ;RDH10265/2 R1A ;1310.00 ;36C   ;39%   ;-2.11  ;-3.03  ;   0
 5 ;S182-1 ;RRU4415B7          ;BXP_6    ;  0 ;ERICSSON ;SPP10ELRIDFREN  ;10   ;L7M2008893 ;20210621 ;RDH10265/2 R1A ;1310.00 ;26C   ;39%   ;-0.81  ;-2.23  ;   0
-------------------------------------------------------------------------------------------------------------------------------------
TN ;       ;BB6630             ;000100   ;  A ;ERICSSON ;SPP10ELRIDFSEN  ;10   ;CT72969926 ;20220826 ;RDH10265/2 R1A ;0       ;45C   ;45%   ;-2.90  ;-2.45  ;NZ/0
-------------------------------------------------------------------------------------------------------------------------------------

=====================================================================================================================================
BOARD  ;LNH    ;PORT   ;T ;S ;OpMode   ;AutoNeg ;MacAddress        ;VlanIds        ;LOS ;BER
=====================================================================================================================================
BB6630 ;000100 ;IDL_A1 ;E ;1 ;10G_FULL ;false   ;7C:72:6E:75:03:95 ;3908           ;0   ;0/0
BB6630 ;000100 ;TN_A   ;O ;1 ;10G_FULL ;false   ;7C:72:6E:75:03:91 ;3901,3908,3910 ;0   ;NZ/0
-------------------------------------------------------------------------------------------------------------------------------------

radioClockState : RNT_TIME_LOCKED
-------------------------------------------------------------------------------------
Prio  ;ST  ;syncRefType    ;refStatus  ;opQualLevel  ;SyncReference
-------------------------------------------------------------------------------------
   1  ; 1  ;PTP_TIME       ;NO_FAULT   ;PRTC         ;Ptp=1,BoundaryOrdinaryClock=PTP (G_8275_1 EthernetPort=TN_A:SLAVE)
   2  ; 1  ;NTP_FREQUENCY  ;NO_FAULT   ;PRC          ;Ntp=1,NtpFrequencySync=NTP1 (10.31.0.54:32751 Router=45G_Traffic,InterfaceIPv4=LTE,AddressIPv4=LTE)
-------------------------------------------------------------------------------------
-------------------------------------------------------------------------------------
Prio  ;ST  ;assistRefStatus  ;recQualLevel  ;AssistingReference
-------------------------------------------------------------------------------------
   1  ; 0  ;UNKNOWN          ;PRTC          ;Synchronization=1,SyncEthInput=SyncE (SFP_OPTICAL EthernetPort=TN_A)
-------------------------------------------------------------------------------------
nodeGroupRole   : SYNC_RECEIVER (syncNodePriority=3, selectionMode=NODE_PRIORITY)
-------------------------------------------------------------------------------------
DU  ;Port  ;sharedUnitRef (RiPortA - RiPortB)  ;remoteNodePriority  ;CandidateStatus
-------------------------------------------------------------------------------------
1   ;C     ;Fru=Radio-S212-1 (2 - 1)           ;1                   ;OK_NOT_ACTIVE
1   ;A     ;Fru=Radio-S210-1 (2 - 1)           ;1                   ;OK_NOT_ACTIVE
1   ;B     ;Fru=Radio-S211-1 (2 - 1)           ;1                   ;OK_ACTIVE
-------------------------------------------------------------------------------------

=====================================================================================================================================
FRU          ;LNH    ;BOARD              ;RF  ;BP  ;TX (W/dBm)  ;VSWR (RL)   ;RX (dBm) ;UEs/gUEs  ;Sector/AntennaGroup/Cells (State:CellIds:PCIs)
=====================================================================================================================================
Radio-S180-1 ;BXP_5  ;RRU4415B7          ; A  ;11  ;12.6 (41.0) ;1.12 (24.7) ;-98.6    ;1/-       ;SE=180 AG=180 FDD=RL56L1 (1:21:340)
Radio-S180-1 ;BXP_5  ;RRU4415B7          ; B  ;11  ;-           ;1.18 (21.7) ;-98.5    ;1/-       ;SE=180 AG=180 FDD=RL56L1 (1:21:340)
Radio-S180-1 ;BXP_5  ;RRU4415B7          ; C  ;11  ;8.3 (39.2)  ;1.13 (24.5) ;-98.0    ;3/-       ;SE=181 AG=181 FDD=RL56L2 (1:22:323)
Radio-S180-1 ;BXP_5  ;RRU4415B7          ; D  ;11  ;6.6 (38.2)  ;1.16 (22.4) ;-97.7    ;3/-       ;SE=181 AG=181 FDD=RL56L2 (1:22:323)
Radio-S182-1 ;BXP_6  ;RRU4415B7          ; A  ;11  ;12.3 (40.9) ;1.08 (28.1) ;-99.0    ;0/-       ;SE=182 AG=182 FDD=RL56L3 (1:23:175)
Radio-S182-1 ;BXP_6  ;RRU4415B7          ; B  ;11  ;-           ;1.05 (31.5) ;-99.8    ;0/-       ;SE=182 AG=182 FDD=RL56L3 (1:23:175)
Radio-S182-1 ;BXP_6  ;RRU4415B7          ; C  ;11  ;-           ;-           ;         ;          ;
Radio-S182-1 ;BXP_6  ;RRU4415B7          ; D  ;11  ;-           ;-           ;         ;          ;
Radio-S210-1 ;BXP_3  ;RRU227922B822B20C* ; A  ;11  ;15.4 (41.9) ;1.19 (21.4) ;-87.7    ;-/-       ;SE=210* AG=210 GT=RL56D1/0 GT=RL56D1/8 (1, 1)
Radio-S210-1 ;BXP_3  ;RRU227922B822B20C* ; B  ;11  ;7.5 (38.7)  ;1.11 (26.0) ;-91.4    ;-/-       ;SE=210* AG=210 GT=RL56D1/0 GT=RL56D1/8 (1, 1)
Radio-S211-1 ;BXP_2  ;RRU227922B822B20C* ; A  ;11  ;17.0 (42.3) ;1.16 (22.4) ;-91.4    ;-/-       ;SE=211* AG=211 GT=RL56D2/0 GT=RL56D2/1 (1, 1)
Radio-S211-1 ;BXP_2  ;RRU227922B822B20C* ; B  ;11  ;17.5 (42.4) ;1.14 (23.7) ;-91.9    ;-/-       ;SE=211* AG=211 GT=RL56D2/0 GT=RL56D2/1 (1, 1)
Radio-S212-1 ;BXP_4  ;RRU227922B822B20C* ; A  ;11  ;23.3 (43.7) ;1.16 (22.6) ;-95.2    ;-/-       ;SE=212* AG=212 GT=RL56D3/0 GT=RL56D3/1 (1, 1)
Radio-S212-1 ;BXP_4  ;RRU227922B822B20C* ; B  ;11  ;14.7 (41.7) ;1.07 (29.1) ;-95.2    ;-/-       ;SE=212* AG=212 GT=RL56D3/0 GT=RL56D3/1 (1, 1)
-------------------------------------------------------------------------------------------------------------------------------------

RL56L> mfar

251125-13:04:18+0100 19.31.12.194 25.0h MSRBS_NODE_MODEL_25.Q1_198665.224.73_bf81 stopfile=/tmp/2431658
.....
Last MO: 16520. Loaded 16520 MOs. Total: 16521 MOs.
..........................................
get /rop/A20251125.1030-1045_RL56L.xml.gz /ericsson/log/amos/moshell_logfiles/t20251125_37258710_65084/logs_moshell/pmfiles/19.31.12.194/rop/A20251125.1030-1045_RL56L.xml.gz ... OK
get /rop/A20251125.1045-1100_RL56L.xml.gz /ericsson/log/amos/moshell_logfiles/t20251125_37258710_65084/logs_moshell/pmfiles/19.31.12.194/rop/A20251125.1045-1100_RL56L.xml.gz ... OK
get /rop/A20251125.1100-1115_RL56L.xml.gz /ericsson/log/amos/moshell_logfiles/t20251125_37258710_65084/logs_moshell/pmfiles/19.31.12.194/rop/A20251125.1100-1115_RL56L.xml.gz ... OK

Using hardcoded thresholds: 3, 4.5, and 16.5
================================================================================================================================
SC     SE  Tx/Rx BrPair  RfPort1 - RfPort2               HW       Serial      Cell (State)   Samples   Med  Mean  SDev Pol Res Issue
================================================================================================================================
RL56L1 180   2/2 0 (1,2) Radio-S180-1(A) Radio-S180-1(B) RRU4415  TU8U01MK99  FDD=RL56L1 (1)   44908   0.5   0.2   6.9  NA  OK Passed
RL56L2 181   2/2 0 (1,2) Radio-S180-1(C) Radio-S180-1(D) RRU4415  TU8U01MK99  FDD=RL56L2 (1)  112625  -0.5  -0.3   7.4  NA  OK Passed
RL56L3 182   2/2 0 (1,2) Radio-S182-1(A) Radio-S182-1(B) RRU4415  TU8U00TBQA  FDD=RL56L3 (1)    1982  -3.5  -4.0   7.3  NA  NT Not enough data
================================================================================================================================
Total: 3 SectorCarriers, 3 RfBranch Pairs (2 OK, 0 OKW, 0 NOK, 1 NT)
.....
Last MO: 16520. Loaded 16520 MOs. Total: 16521 MOs.

No NRSectorCarrier MOs are defined on the node.

RL56L> mfitr

251125-13:04:34+0100 19.31.12.194 25.0h MSRBS_NODE_MODEL_25.Q1_198665.224.73_bf81 stopfile=/tmp/2431658
.........
Last MO: 16520. Loaded 16520 MOs. Total: 16521 MOs.
.......
2025-11-25 13:05
================================================================================================================================
CELL       SC     FRU          BOARD     PUSCH  PUCCH       A      B      C      D  DELTA
================================================================================================================================
FDD=RL56L1 RL56L1 Radio-S180-1 RRU4415B7 -117.8 -118.2 -118.3 -118.1                  0.2
FDD=RL56L2 RL56L2 Radio-S180-1 RRU4415B7 -117.2 -118.1               -118.0 -118.1    0.1
FDD=RL56L3 RL56L3 Radio-S182-1 RRU4415B7 -118.4 -118.5 -118.3 -118.9                  0.6
================================================================================================================================
Bye...
Output has been logged to file /mta_fs/UserFiles/37258710/amosbatch/SDIR/RL56L.log
