Logging to file /mta_fs/UserFiles/37258710/amosbatch/SDIR/RL62E.log
                        __  __  ____   _____
                  /\   |  \/  |/ __ \ / ____|
                 /  \  | \  / | |  | | (___  
                / /\ \ | |\/| | |  | |\___ \ 
               / ____ \| |  | | |__| |____) |
              /_/    \_\_|  |_|\____/|_____/
              OSS Framework for MoShell-25.0h 
  Copyright (c) Ericsson AB 2001-2025 - All Rights Reserved
              
           
[1;31mWARNING: [0mthe AMOS version currently running is more than 29 weeks old and is unsupported.
Please upgrade as soon as possible to the latest released version, available from your local Ericsson support.

$amosrb_pid = 2048366

Checking ip contact...OK

HELP MENU            : h
BASIC MO COMMANDS    : m
OTHER MO COMMANDS    : n
OTHER COMMANDS       : o
PM COMMANDS          : p
QUIT                 : q

RL62E> lt all

251125-11:03:06+0100 19.31.14.144 25.0h  stopfile=/tmp/2048236
Looking up temporary_amos account... OK.
Trying temporary_amos_t20251125_37258710_65084_131's password from amos lookupAccount ... OK

$ssh_pid = 2048658

Connected to 19.31.14.144 (SubNetwork=BBMM_rckomc_R,MeContext=RL62E,ManagedElement=RL62E)

Checking MOM version...MSRBS_NODE_MODEL_25.Q1_693.28324.131_62ac
Parsing MOM (cached): /ericsson/log/amos/moshell_logfiles/t20251125_37258710_65084/logs_moshell/tempfiles/scp-4-amos_20251125-110259_2048166/MSRBS_NODE_MODEL_25.Q1_693.28324.131_62ac.xml.cache.gz ..................................................................................................................................................................................................................................Done.
Using paramfile /opt/ericsson/amos/moshell/commonjars/pm/PARAM_MSRBS_25.Q1.txt
Parsing file /opt/ericsson/amos/moshell/commonjars/pm/PARAM_MSRBS_25.Q1.txt .......................................................................................Done.
Using imomdfile /opt/ericsson/amos/moshell/commonjars/pm/IMOMD_MSRBS_22.Q4.txt
Using imomfile /opt/ericsson/amos/moshell/commonjars/pm/IMOM_MSRBS_25.Q1.txt
Connected to 19.31.14.144 (SubNetwork=BBMM_rckomc_R,MeContext=RL62E,ManagedElement=RL62E)

Last MO: 20096. Loaded 20096 MOs. Total: 20097 MOs.

RL62E> st cell

251125-11:03:20+0100 19.31.14.144 25.0h MSRBS_NODE_MODEL_25.Q1_693.28324.131_62ac stopfile=/tmp/2048236
===================================================================================
Proxy  Adm State     Op. State     MO
===================================================================================
   43  1 (UNLOCKED)  1 (ENABLED)   ENodeBFunction=1,EUtranCellFDD=RL62M1
  166  1 (UNLOCKED)  1 (ENABLED)   ENodeBFunction=1,EUtranCellFDD=RL62M2
  417  1 (UNLOCKED)  1 (ENABLED)   ENodeBFunction=1,EUtranCellFDD=RL62M3
  834  1 (UNLOCKED)  1 (ENABLED)   ENodeBFunction=1,EUtranCellFDD=RL62T1
  976  1 (UNLOCKED)  1 (ENABLED)   ENodeBFunction=1,EUtranCellFDD=RL62T2
 1227  1 (UNLOCKED)  1 (ENABLED)   ENodeBFunction=1,EUtranCellFDD=RL62T3
===================================================================================
Total: 6 MOs

RL62E> st radio

251125-11:03:21+0100 19.31.14.144 25.0h MSRBS_NODE_MODEL_25.Q1_693.28324.131_62ac stopfile=/tmp/2048236
===================================================================================
Proxy  Adm State     Op. State     MO
===================================================================================
 4079  1 (UNLOCKED)  1 (ENABLED)   Equipment=1,FieldReplaceableUnit=Radio-S100-1
 4102  1 (UNLOCKED)  1 (ENABLED)   Equipment=1,FieldReplaceableUnit=Radio-S102-1
 4125  1 (UNLOCKED)  1 (ENABLED)   Equipment=1,FieldReplaceableUnit=Radio-S182-NGS
20089  1 (UNLOCKED)  1 (ENABLED)   Transport=1,Synchronization=1,RadioEquipmentClock=1,RadioEquipmentClockReference=NTP1
20090  1 (UNLOCKED)  1 (ENABLED)   Transport=1,Synchronization=1,RadioEquipmentClock=1,RadioEquipmentClockReference=PTP8275_2
===================================================================================
Total: 5 MOs

RL62E> sdir

251125-11:03:21+0100 19.31.14.144 25.0h MSRBS_NODE_MODEL_25.Q1_693.28324.131_62ac stopfile=/tmp/2048236
INFO: Using amos lookupAccount credentials for the export login
..........................
get /rop/A20251125.0915-0930_RL62E.xml.gz /ericsson/log/amos/moshell_logfiles/t20251125_37258710_65084/logs_moshell/pmfiles/19.31.14.144/rop/A20251125.0915-0930_RL62E.xml.gz ... OK
get /rop/A20251125.0930-0945_RL62E.xml.gz /ericsson/log/amos/moshell_logfiles/t20251125_37258710_65084/logs_moshell/pmfiles/19.31.14.144/rop/A20251125.0930-0945_RL62E.xml.gz ... OK
get /rop/A20251125.0945-1000_RL62E.xml.gz /ericsson/log/amos/moshell_logfiles/t20251125_37258710_65084/logs_moshell/pmfiles/19.31.14.144/rop/A20251125.0945-1000_RL62E.xml.gz ... OK
...Checking available boards on node...

Collecting RCS board data ...
.......................................................................................................................
.
........................................................................................................................................................................................................................................................................................
.........
Collecting TN data...
.........................................................................................................................................................................................................................................................
Collecting RF data...
..
Collecting Alarms...
..Executing action Log.export()
...
Log=AlarmLog                    actionId=49447
............
Executing action LogM.exportAvailabilityLog()
..LogM=1,exportAvailabilityLog    actionId=49448
.....Parsing alarmLog.......Done.
Parsing availabilityLog....Done.
.....

Total: 3 CPRI links (3 OK, 0 OKW, 0 NOK, 0 NT)

+--------+                      +------------------+           +----------------+
|        | D        O101     D1 |   Radio-S100-1   | D2 O101 D2| Radio-S182-NGS |
|        |-----------1----------| RRU449944B144B3C |-----3-----|   RRU4415B7*   |
|        |         OK-21m       |      BXP_3       |   OK-11m  |     BXP_4      |
|        |                      +------------------+           +----------------+
|        |                           |A  |B  |C  |D               |A  |B  |C  |D
|        |                    SE=100 AG=100  |   |
|        |            FDD=RL62M1 FDD=RL62T1  |   |
|        |                            SE=101 AG=101
|        |                    FDD=RL62M2 FDD=RL62T2
|  BB-1  |
| BB6631 |
| 000100 |
|        |                      +------------------+
|        | E        O101     D1 |   Radio-S102-1   |
|        |-----------2----------| RRU449944B144B3C |
|        |         OK-21m       |      BXP_2       |
|        |                      +------------------+
|        |                           |A  |B  |C  |D
|        |                    SE=102 AG=102  |   |
|        |            FDD=RL62M3 FDD=RL62T3  |   |
|        |
+--------+

=====================================================================================================================================
ID RiL    Type Res MO1-MO2                             BOARD1-BOARD2               AlmIDs Cells (States)                                        Issue (Failed checks)
=====================================================================================================================================
 1 S100-1 O101 OK  BB-1(D) Radio-S100-1(D1)            BB6631 RRU449944B144B3C            FDD=RL62M1 FDD=RL62M2 FDD=RL62T1 FDD=RL62T2 (1,1,1,1) Passed
 2 S102-1 O101 OK  BB-1(E) Radio-S102-1(D1)            BB6631 RRU449944B144B3C            FDD=RL62M3 FDD=RL62T3 (1,1)                           Passed
 3 NGS_1  O101 OK  Radio-S100-1(D2) Radio-S182-NGS(D2) RRU449944B144B3C RRU4415B7*                                                              Passed
-------------------------------------------------------------------------------------------------------------------------------------

Node: RadioNode L   CXP2010174/2_R27J08 (25.Q1)   G3.1   LTE-FDD 

=====================================================================================================================================
FRU            ;LNH    ;BOARD            ;ST ;FAULT ;OPER ;MAINT ;STAT ;PRODUCTNUMBER   ;REV     ;SERIAL        ;DATE     ;PMTEMP ; TEMP ; UPT ;VOLT ;SW                   ;
=====================================================================================================================================
BB-1           ;000100 ;BB6631           ; 1 ;  OFF ;  ON ;  OFF ;  ON ;KDU1370071/11   ;R3F     ;E23E975923    ;20231103 ;3 (OK) ;      ; 131 ;54   ;                     ;
Radio-S100-1   ;BXP_3  ;RRU449944B144B3C ; 1 ;  OFF ;  ON ;  OFF ; N/A ;KRC161787/1     ;R2F     ;E23E545089    ;20230325 ;4 (OK) ; 32.0 ; 131 ;55.3 ;CXP9013268%15_R101LX ; (Radio449944B144B3C)
Radio-S102-1   ;BXP_2  ;RRU449944B144B3C ; 1 ;  OFF ;  ON ;  OFF ; N/A ;KRC161787/1     ;R2F     ;E23E538952    ;20230320 ;4 (OK) ; 29.2 ; 131 ;55.7 ;CXP9013268%15_R101LX ; (Radio449944B144B3C)
Radio-S182-NGS ;BXP_4  ;RRU4415B7*       ; 1 ;  OFF ;  ON ;  OFF ; N/A ;KRC161495/1     ;R5FE    ;DH80205988    ;20231221 ;4 (OK) ; 31.0 ; 131 ;55.2 ;CXP9013268%15_R101LX ; (Radio4415B7)
-------------------------------------------------------------------------------------------------------------------------------------

=====================================================================================================================================
XPBOARD  ;ST ;FAULT ;OPER ;PRODUCTNUMBER ;REV ;SERIAL/NAME ;DATE     ; TEMP ;MO
=====================================================================================================================================
FAN08    ; 1 ;N/A   ;N/A  ;BKV106236/1   ;R2F ;DD138A7584  ;20221211 ; 43.0 ;SupportUnit=1 (FAN  BB-1)
-------------------------------------------------------------------------------------------------------------------------------------

=====================================================================================================================================
ID ;T ;RiL    ;BPBP ;BOARD1           ;LNH1 ;PORT ;R ;LINK ;RATE  ; BER ;BOARD2           ;LNH2 ;PORT ;R ;LINK ;RATE  ; BER ;LENGTH ;MO1 - MO2
=====================================================================================================================================
 1 ;O ;S100-1 ;1111 ;BB6631           ;000100 ; 4 ;M ;Up   ;10.1G ;   0 ;RRU449944B144B3C ;BXP_3  ; 0 ;S ;Up   ;10.1G ;   0 ;   21m ;Fru=BB-1(D) Fru=Radio-S100-1(D1)
 2 ;O ;S102-1 ;1111 ;BB6631           ;000100 ; 5 ;M ;Up   ;10.1G ;   0 ;RRU449944B144B3C ;BXP_2  ; 0 ;S ;Up   ;10.1G ;   0 ;   21m ;Fru=BB-1(E) Fru=Radio-S102-1(D1)
 3 ;O ; NGS_1 ;1111 ;RRU449944B144B3C ;BXP_3  ; 1 ;M ;Up   ;10.1G ;   0 ;RRU4415B7*       ;BXP_4  ; 1 ;S ;Up   ;10.1G ;   0 ;   11m ;Fru=Radio-S100-1(D2) Fru=Radio-S182-NGS(D2)
-------------------------------------------------------------------------------------------------------------------------------------

=====================================================================================================================================
ID ;LINK ;RiL    ;VENDOR1  ;VENDORPROD1     ;REV1 ;SERIAL1        ;DATE1    ;ERICSSONPROD1      ;VENDOR2  ;VENDORPROD2     ;REV2 ;SERIAL2        ;DATE2    ;ERICSSONPROD2      ;TT ;WL1     ;WL2    
=====================================================================================================================================
 1 ;Up   ;S100-1 ;ERICSSON ;RTXM228-702-C22 ;1.0  ;CU823M1D5K     ;20231222 ;RDH10265/2 R1A     ;ERICSSON ;SPP10ELRIDFREN  ;10   ;M4M2011845     ;20220321 ;RDH10265/2 R1A     ;0  ;1310.00 ;1310.00
 2 ;Up   ;S102-1 ;ERICSSON ;RTXM228-702-C22 ;1.0  ;CU823M1D6J     ;20231222 ;RDH10265/2 R1A     ;ERICSSON ;SPP10ELRIDFREN  ;10   ;M4N2009677     ;20220322 ;RDH10265/2 R1A     ;0  ;1310.00 ;1310.00
 3 ;Up   ; NGS_1 ;ERICSSON ;RTXM228-702-C22 ;1.0  ;CU823M1D5H     ;20231222 ;RDH10265/2 R1A     ;ERICSSON ;RTXM228-702-C22 ;1.0  ;CU823M1D52     ;20231222 ;RDH10265/2 R1A     ;0  ;1310.00 ;1310.00
-------------------------------------------------------------------------------------------------------------------------------------

=====================================================================================================================================
ID ;LINK ;RiL    ;WL1     ;TEMP1 ;TXbs1 ;TXdBm1 ;RXdBm1 ;BER1   ;WL2     ;TEMP2 ;TXbs2 ;TXdBm2 ;RXdBm2 ;BER2   ;DlLoss ;UlLoss ;LENGTH ;TT
=====================================================================================================================================
 1 ;Up   ;S100-1 ;1310.00 ;42C   ;56%   ;-2.42  ;-2.27  ;   0   ;1310.00 ;27C   ;31%   ;-1.61  ;-2.63  ;   0   ;  0.21 ;  0.66 ;   21m ; 0
 2 ;Up   ;S102-1 ;1310.00 ;44C   ;56%   ;-2.66  ;-1.41  ;   0   ;1310.00 ;28C   ;31%   ;-1.34  ;-2.92  ;   0   ;  0.26 ;  0.07 ;   21m ; 0
 3 ;Up   ; NGS_1 ;1310.00 ;28C   ;53%   ;-1.08  ;-1.74  ;   0   ;1310.00 ;28C   ;52%   ;-0.70  ;-1.42  ;   0   ;  0.34 ;  1.04 ;   11m ; 0
-------------------------------------------------------------------------------------------------------------------------------------

=====================================================================================================================================
ID ;RiL    ;BOARD            ;SFPLNH  ;PORT ;VENDOR   ;VENDORPROD      ;REV  ;SERIAL         ;DATE     ;ERICSSONPROD       ;WL      ;TEMP  ;TXbs  ;TXdBm  ;RXdBm  ; BER
=====================================================================================================================================
 1 ;S100-1 ;BB6631           ;000100   ;  4 ;ERICSSON ;RTXM228-702-C22 ;1.0  ;CU823M1D5K     ;20231222 ;RDH10265/2 R1A     ;1310.00 ;42C   ;56%   ;-2.42  ;-2.27  ;   0
 2 ;S102-1 ;BB6631           ;000100   ;  5 ;ERICSSON ;RTXM228-702-C22 ;1.0  ;CU823M1D6J     ;20231222 ;RDH10265/2 R1A     ;1310.00 ;44C   ;56%   ;-2.66  ;-1.41  ;   0
 2 ;S102-1 ;RRU449944B144B3C ;BXP_2    ;  0 ;ERICSSON ;SPP10ELRIDFREN  ;10   ;M4N2009677     ;20220322 ;RDH10265/2 R1A     ;1310.00 ;28C   ;31%   ;-1.34  ;-2.92  ;   0
 1 ;S100-1 ;RRU449944B144B3C ;BXP_3    ;  0 ;ERICSSON ;SPP10ELRIDFREN  ;10   ;M4M2011845     ;20220321 ;RDH10265/2 R1A     ;1310.00 ;27C   ;31%   ;-1.61  ;-2.63  ;   0
 3 ; NGS_1 ;RRU449944B144B3C ;BXP_3    ;  1 ;ERICSSON ;RTXM228-702-C22 ;1.0  ;CU823M1D5H     ;20231222 ;RDH10265/2 R1A     ;1310.00 ;28C   ;53%   ;-1.08  ;-1.74  ;   0
 3 ; NGS_1 ;RRU4415B7*       ;BXP_4    ;  1 ;ERICSSON ;RTXM228-702-C22 ;1.0  ;CU823M1D52     ;20231222 ;RDH10265/2 R1A     ;1310.00 ;28C   ;52%   ;-0.70  ;-1.42  ;   0
-------------------------------------------------------------------------------------------------------------------------------------
TN ;       ;BB6631           ;000100   ; IB ;WTD      ;RTXM192-406-C25 ;3.0  ;HW230201621003 ;20230116 ;RDH10247/2 R2A     ;1310    ;37C   ;19%   ;-5.80  ;-7.62  ;NZ/0
TN ;       ;BB6631           ;000100   ;IA2 ;ERICSSON ;42020201934     ;A0   ;202340400688   ;20231002 ;RPM777053/1000 R1B ;NA      ;NA    ;NA    ;NA     ;NA     ; 0/0
-------------------------------------------------------------------------------------------------------------------------------------

=====================================================================================================================================
BOARD  ;LNH    ;PORT       ;T ;S ;OpMode        ;AutoNeg ;MacAddress        ;VlanIds   ;LOS ;BER
=====================================================================================================================================
BB6631 ;000100 ;TN_E       ;E ;1 ;1G_FULL_SLAVE ;true    ;F4:3C:96:09:9D:84 ;3910      ;0   ;0/0
BB6631 ;000100 ;TN_IDL_A_1 ;E ;1 ;10G_FULL      ;false   ;F4:3C:96:09:9D:7D ;3908,3910 ;0   ;0/0
BB6631 ;000100 ;TN_IDL_A_2 ;O ;1 ;10G_FULL      ;false   ;F4:3C:96:09:9D:7E ;3908      ;0   ;0/0
BB6631 ;000100 ;TN_IDL_B   ;O ;1 ;1G_FULL       ;true    ;F4:3C:96:09:9D:81 ;3908,3910 ;0   ;NZ/0
-------------------------------------------------------------------------------------------------------------------------------------

radioClockState : RNT_TIME_LOCKED
-------------------------------------------------------------------------------------
Prio  ;ST  ;syncRefType    ;refStatus  ;opQualLevel  ;SyncReference
-------------------------------------------------------------------------------------
  *1  ; 1  ;PTP_TIME       ;NO_FAULT   ;PRTC         ;Ptp=1,BoundaryOrdinaryClock=1 (G_8275_2 Router=45G_Traffic,InterfaceIPv4=LTE,AddressIPv4=LTE:SLAVE)
   2  ; 1  ;NTP_FREQUENCY  ;NO_FAULT   ;PRC          ;Ntp=1,NtpFrequencySync=NTP1 (10.31.0.54:32751 Router=45G_Traffic,InterfaceIPv4=LTE,AddressIPv4=LTE)
-------------------------------------------------------------------------------------
nodeGroupRole   : SYNC_PROVIDER (syncNodePriority=1, selectionMode=NODE_PRIORITY)
-------------------------------------------------------------------------------------
DU  ;Port  ;sharedUnitRef (RiPortA - RiPortB)  ;remoteNodePriority  ;CandidateStatus
-------------------------------------------------------------------------------------
1   ;D     ;Fru=Radio-S182-NGS (2 - 1)         ;3                   ;OK_NOT_ACTIVE
-------------------------------------------------------------------------------------

=====================================================================================================================================
FRU            ;LNH    ;BOARD            ;RF  ;BP  ;TX (W/dBm)  ;VSWR (RL)   ;RX (dBm) ;UEs/gUEs  ;Sector/AntennaGroup/Cells (State:CellIds:PCIs)
=====================================================================================================================================
Radio-S182-NGS ;BXP_4  ;RRU4415B7*       ; A  ;11  ;10.7 (40.3) ;1.10 (26.1) ;-95.0    ;          ;
Radio-S182-NGS ;BXP_4  ;RRU4415B7*       ; B  ;11  ;10.0 (40.0) ;1.10 (26.2) ;-95.5    ;          ;
Radio-S182-NGS ;BXP_4  ;RRU4415B7*       ; C  ;11  ;-           ;-           ;         ;          ;
Radio-S182-NGS ;BXP_4  ;RRU4415B7*       ; D  ;11  ;-           ;-           ;         ;          ;
Radio-S100-1   ;BXP_3  ;RRU449944B144B3C ; A  ;11  ;18.7 (42.7) ;1.09 (27.5) ;-91.8    ;36/-      ;SE=100 AG=100 FDD=RL62M1 FDD=RL62T1 (1:31:39, 1:41:323)
Radio-S100-1   ;BXP_3  ;RRU449944B144B3C ; B  ;11  ;20.2 (43.1) ;1.08 (28.7) ;-90.2    ;36/-      ;SE=100 AG=100 FDD=RL62M1 FDD=RL62T1 (1:31:39, 1:41:323)
Radio-S100-1   ;BXP_3  ;RRU449944B144B3C ; C  ;11  ;18.5 (42.7) ;1.05 (33.1) ;-86.8    ;45/-      ;SE=101 AG=101 FDD=RL62M2 FDD=RL62T2 (1:32:245, 1:42:421)
Radio-S100-1   ;BXP_3  ;RRU449944B144B3C ; D  ;11  ;18.7 (42.7) ;1.05 (33.1) ;-86.9    ;45/-      ;SE=101 AG=101 FDD=RL62M2 FDD=RL62T2 (1:32:245, 1:42:421)
Radio-S102-1   ;BXP_2  ;RRU449944B144B3C ; A  ;11  ;39.4 (46.0) ;1.05 (32.4) ;-83.6    ;64/-      ;SE=102 AG=102 FDD=RL62M3 FDD=RL62T3 (1:33:138, 1:43:229)
Radio-S102-1   ;BXP_2  ;RRU449944B144B3C ; B  ;11  ;39.3 (45.9) ;1.06 (31.0) ;-83.3    ;64/-      ;SE=102 AG=102 FDD=RL62M3 FDD=RL62T3 (1:33:138, 1:43:229)
Radio-S102-1   ;BXP_2  ;RRU449944B144B3C ; C  ;11  ;-           ;-           ;         ;          ;
Radio-S102-1   ;BXP_2  ;RRU449944B144B3C ; D  ;11  ;-           ;-           ;         ;          ;
-------------------------------------------------------------------------------------------------------------------------------------

RL62E> mfar

251125-11:05:32+0100 19.31.14.144 25.0h MSRBS_NODE_MODEL_25.Q1_693.28324.131_62ac stopfile=/tmp/2048236
.....
Last MO: 20096. Loaded 20096 MOs. Total: 20097 MOs.
..........................................
get /rop/A20251125.0830-0845_RL62E.xml.gz /ericsson/log/amos/moshell_logfiles/t20251125_37258710_65084/logs_moshell/pmfiles/19.31.14.144/rop/A20251125.0830-0845_RL62E.xml.gz ... OK
get /rop/A20251125.0845-0900_RL62E.xml.gz /ericsson/log/amos/moshell_logfiles/t20251125_37258710_65084/logs_moshell/pmfiles/19.31.14.144/rop/A20251125.0845-0900_RL62E.xml.gz ... OK
get /rop/A20251125.0900-0915_RL62E.xml.gz /ericsson/log/amos/moshell_logfiles/t20251125_37258710_65084/logs_moshell/pmfiles/19.31.14.144/rop/A20251125.0900-0915_RL62E.xml.gz ... OK

Using hardcoded thresholds: 3, 4.5, and 16.5
================================================================================================================================
SC     SE  Tx/Rx BrPair  RfPort1 - RfPort2               HW       Serial      Cell (State)   Samples   Med  Mean  SDev Pol Res Issue
================================================================================================================================
RL62M1 100   2/2 0 (1,2) Radio-S100-1(A) Radio-S100-1(B) RRU4499  E23E545089  FDD=RL62M1 (1)   51390  -0.5  -0.9   6.3  NA  OK Passed
RL62M2 101   2/2 0 (1,2) Radio-S100-1(C) Radio-S100-1(D) RRU4499  E23E545089  FDD=RL62M2 (1)  155018   0.5   0.2   6.5  NA  OK Passed
RL62M3 102   2/2 0 (1,2) Radio-S102-1(A) Radio-S102-1(B) RRU4499  E23E538952  FDD=RL62M3 (1)  363287   1.5   1.3   7.5  NA  OK Passed
RL62T1 100   2/2 0 (1,2) Radio-S100-1(A) Radio-S100-1(B) RRU4499  E23E545089  FDD=RL62T1 (1)  394814  -0.5  -0.2   6.7  NA  OK Passed
RL62T2 101   2/2 0 (1,2) Radio-S100-1(C) Radio-S100-1(D) RRU4499  E23E545089  FDD=RL62T2 (1)  432010  -0.5  -1.1   6.9  NA  OK Passed
RL62T3 102   2/2 0 (1,2) Radio-S102-1(A) Radio-S102-1(B) RRU4499  E23E538952  FDD=RL62T3 (1)  448781  -0.5  -0.0   7.1  NA  OK Passed
================================================================================================================================
Total: 6 SectorCarriers, 6 RfBranch Pairs (6 OK, 0 OKW, 0 NOK, 0 NT)
.....
Last MO: 20096. Loaded 20096 MOs. Total: 20097 MOs.

No NRSectorCarrier MOs are defined on the node.

RL62E> mfitr

251125-11:05:52+0100 19.31.14.144 25.0h MSRBS_NODE_MODEL_25.Q1_693.28324.131_62ac stopfile=/tmp/2048236
.........
Last MO: 20096. Loaded 20096 MOs. Total: 20097 MOs.
.......
2025-11-25 11:06
================================================================================================================================
CELL       SC     FRU          BOARD            PUSCH  PUCCH       A      B      C      D  DELTA
================================================================================================================================
FDD=RL62M1 RL62M1 Radio-S100-1 RRU449944B144B3C -117.5 -118.2 -114.7 -115.8                  1.1
FDD=RL62M2 RL62M2 Radio-S100-1 RRU449944B144B3C -116.4 -117.2               -116.3 -116.5    0.2
FDD=RL62M3 RL62M3 Radio-S102-1 RRU449944B144B3C -112.9 -115.2 -112.8 -112.4                  0.4
FDD=RL62T1 RL62T1 Radio-S100-1 RRU449944B144B3C -113.0 -117.0 -114.1 -111.7                  2.4
FDD=RL62T2 RL62T2 Radio-S100-1 RRU449944B144B3C -111.8 -114.2               -111.5 -111.8    0.3
FDD=RL62T3 RL62T3 Radio-S102-1 RRU449944B144B3C -108.0 -113.0 -100.9 -103.5                  2.6
================================================================================================================================
Bye...
Output has been logged to file /mta_fs/UserFiles/37258710/amosbatch/SDIR/RL62E.log
