Logging to file /mta_fs/UserFiles/37258710/amosbatch/SDIR/RL69T.log
                        __  __  ____   _____
                  /\   |  \/  |/ __ \ / ____|
                 /  \  | \  / | |  | | (___  
                / /\ \ | |\/| | |  | |\___ \ 
               / ____ \| |  | | |__| |____) |
              /_/    \_\_|  |_|\____/|_____/
              OSS Framework for MoShell-25.0h 
  Copyright (c) Ericsson AB 2001-2025 - All Rights Reserved
              
           
[1;31mWARNING: [0mthe AMOS version currently running is more than 29 weeks old and is unsupported.
Please upgrade as soon as possible to the latest released version, available from your local Ericsson support.

$amosrb_pid = 2022834

Checking ip contact...OK

HELP MENU            : h
BASIC MO COMMANDS    : m
OTHER MO COMMANDS    : n
OTHER COMMANDS       : o
PM COMMANDS          : p
QUIT                 : q

RL69T> lt all

251125-10:55:19+0100 19.31.14.136 25.0h  stopfile=/tmp/2022735
Looking up temporary_amos account... OK.
Trying temporary_amos_t20251125_37258710_65084_131's password from amos lookupAccount ... OK

$ssh_pid = 2023687

Connected to 19.31.14.136 (SubNetwork=BBMM_rckomc_R,MeContext=RL69T,ManagedElement=RL69T)

Checking MOM version...MSRBS_NODE_MODEL_25.Q1_693.28324.131_62ac
Parsing MOM (cached): /ericsson/log/amos/moshell_logfiles/t20251125_37258710_65084/logs_moshell/tempfiles/scp-4-amos_20251125-105512_2022675/MSRBS_NODE_MODEL_25.Q1_693.28324.131_62ac.xml.cache.gz ..................................................................................................................................................................................................................................Done.
Using paramfile /opt/ericsson/amos/moshell/commonjars/pm/PARAM_MSRBS_25.Q1.txt
Parsing file /opt/ericsson/amos/moshell/commonjars/pm/PARAM_MSRBS_25.Q1.txt .......................................................................................Done.
Using imomdfile /opt/ericsson/amos/moshell/commonjars/pm/IMOMD_MSRBS_22.Q4.txt
Using imomfile /opt/ericsson/amos/moshell/commonjars/pm/IMOM_MSRBS_25.Q1.txt
Connected to 19.31.14.136 (SubNetwork=BBMM_rckomc_R,MeContext=RL69T,ManagedElement=RL69T)

Last MO: 20662. Loaded 20662 MOs. Total: 20663 MOs.

RL69T> st cell

251125-10:55:34+0100 19.31.14.136 25.0h MSRBS_NODE_MODEL_25.Q1_693.28324.131_62ac stopfile=/tmp/2022735
===================================================================================
Proxy  Adm State     Op. State     MO
===================================================================================
   43  1 (UNLOCKED)  1 (ENABLED)   ENodeBFunction=1,EUtranCellFDD=RL69E1
  172  1 (UNLOCKED)  1 (ENABLED)   ENodeBFunction=1,EUtranCellFDD=RL69E2
  487  1 (UNLOCKED)  1 (ENABLED)   ENodeBFunction=1,EUtranCellFDD=RL69E3
  597  1 (UNLOCKED)  1 (ENABLED)   ENodeBFunction=1,EUtranCellFDD=RL69M1
  752  1 (UNLOCKED)  1 (ENABLED)   ENodeBFunction=1,EUtranCellFDD=RL69M2
 1101  1 (UNLOCKED)  1 (ENABLED)   ENodeBFunction=1,EUtranCellFDD=RL69M3
 1230  1 (UNLOCKED)  1 (ENABLED)   ENodeBFunction=1,EUtranCellFDD=RL69T1
 1394  1 (UNLOCKED)  1 (ENABLED)   ENodeBFunction=1,EUtranCellFDD=RL69T2
 1763  1 (UNLOCKED)  1 (ENABLED)   ENodeBFunction=1,EUtranCellFDD=RL69T3
 3406  1 (UNLOCKED)  1 (ENABLED)   ENodeBFunction=1,NbIotCell=RL69N1
 3407  1 (UNLOCKED)  1 (ENABLED)   ENodeBFunction=1,NbIotCell=RL69N2
 3408  1 (UNLOCKED)  1 (ENABLED)   ENodeBFunction=1,NbIotCell=RL69N3
===================================================================================
Total: 12 MOs

RL69T> st radio

251125-10:55:34+0100 19.31.14.136 25.0h MSRBS_NODE_MODEL_25.Q1_693.28324.131_62ac stopfile=/tmp/2022735
===================================================================================
Proxy  Adm State     Op. State     MO
===================================================================================
 4490  1 (UNLOCKED)  1 (ENABLED)   Equipment=1,FieldReplaceableUnit=Radio-S100-1
 4513  1 (UNLOCKED)  1 (ENABLED)   Equipment=1,FieldReplaceableUnit=Radio-S101-1
 4536  1 (UNLOCKED)  1 (ENABLED)   Equipment=1,FieldReplaceableUnit=Radio-S210-1
 4553  1 (UNLOCKED)  1 (ENABLED)   Equipment=1,FieldReplaceableUnit=Radio-S211-1
 4570  1 (UNLOCKED)  1 (ENABLED)   Equipment=1,FieldReplaceableUnit=Radio-S212-1
20652  1 (UNLOCKED)  1 (ENABLED)   Transport=1,Synchronization=1,RadioEquipmentClock=1,RadioEquipmentClockReference=NTP1
20653  1 (UNLOCKED)  1 (ENABLED)   Transport=1,Synchronization=1,RadioEquipmentClock=1,RadioEquipmentClockReference=PTP
===================================================================================
Total: 7 MOs

RL69T> sdir

251125-10:55:34+0100 19.31.14.136 25.0h MSRBS_NODE_MODEL_25.Q1_693.28324.131_62ac stopfile=/tmp/2022735
INFO: Using amos lookupAccount credentials for the export login
......................
get /rop/A20251125.0900-0915_RL69T.xml.gz /ericsson/log/amos/moshell_logfiles/t20251125_37258710_65084/logs_moshell/pmfiles/19.31.14.136/rop/A20251125.0900-0915_RL69T.xml.gz ... OK
get /rop/A20251125.0915-0930_RL69T.xml.gz /ericsson/log/amos/moshell_logfiles/t20251125_37258710_65084/logs_moshell/pmfiles/19.31.14.136/rop/A20251125.0915-0930_RL69T.xml.gz ... OK
get /rop/A20251125.0930-0945_RL69T.xml.gz /ericsson/log/amos/moshell_logfiles/t20251125_37258710_65084/logs_moshell/pmfiles/19.31.14.136/rop/A20251125.0930-0945_RL69T.xml.gz ... OK
....Checking available boards on node...

Collecting RCS board data ...
.........................................................................................................................
..........................
............................................................................................................................................................................................................................................................................................................
.....
Collecting TN data...
..........................................................................................................................................................................
Getting MO data from node (75 MOs). Please wait...
0%                                             ~50%                                           ~100%
....................................................................................................................................
Collecting RF data...
....
Collecting Alarms...
Executing action Log.export()
...
Log=AlarmLog                    actionId=49439
...............
Executing action LogM.exportAvailabilityLog()
..LogM=1,exportAvailabilityLog    actionId=49440
.....Parsing alarmLog.........Done.
Parsing availabilityLog.....Done.
........

Total: 5 CPRI links (5 OK, 0 OKW, 0 NOK, 0 NT)
.
+--------+                      +--------------------+
|        | A        O101     D1 |    Radio-S210-1    |
|        |-----------1----------| RRU227922B822B20C* |
|        |         OK-20m       |       BXP_6        |
|        |                      +--------------------+
|        |                                     |A  |B
|        |                  SE=210* AG=210 FDD=RL69E1
|        |                                NIOT=RL69N1
|        |
|        |                      +--------------------+
|        | B        O101     D1 |    Radio-S211-1    |
|        |-----------2----------| RRU227922B822B20C* |
|        |         OK-20m       |       BXP_5        |
|        |                      +--------------------+
|        |                                     |A  |B
|        |                  SE=211* AG=211 FDD=RL69E2
|        |                                NIOT=RL69N2
|        |
|        |                      +--------------------+
|        | C        O101     D1 |    Radio-S212-1    |
|        |-----------3----------| RRU227922B822B20C* |
|        |         OK-20m       |       BXP_3        |
|        |                      +--------------------+
|        |                                     |A  |B
|  BB-1  |                  SE=212* AG=212 FDD=RL69E3
| BB6631 |                                NIOT=RL69N3
| 000100 |
|        |                      +------------------+
|        | D        O101     D2 |   Radio-S100-1   |
|        |-----------4----------| RRU449944B144B3C |
|        |         OK-21m       |      BXP_4       |
|        |                      +------------------+
|        |                           |A  |B  |C  |D
|        |                    SE=100 AG=100  |   |
|        |            FDD=RL69M1 FDD=RL69T1  |   |
|        |                            SE=102 AG=102
|        |                    FDD=RL69M3 FDD=RL69T3
|        |
|        |                      +------------------+
|        | E        O101     D2 |   Radio-S101-1   |
|        |-----------5----------| RRU449944B144B3C |
|        |         OK-21m       |      BXP_2       |
|        |                      +------------------+
|        |                           |A  |B  |C  |D
|        |                    SE=101 AG=101  |   |
|        |            FDD=RL69M2 FDD=RL69T2  |   |
|        |
+--------+

=====================================================================================================================================
ID RiL    Type Res MO1-MO2                  BOARD1-BOARD2             AlmIDs Cells (States)                                        Issue (Failed checks)
=====================================================================================================================================
 1 S210-1 O101 OK  BB-1(A) Radio-S210-1(D1) BB6631 RRU227922B822B20C*        FDD=RL69E1 NIOT=RL69N1 (1,1)                          Passed
 2 S211-1 O101 OK  BB-1(B) Radio-S211-1(D1) BB6631 RRU227922B822B20C*        FDD=RL69E2 NIOT=RL69N2 (1,1)                          Passed
 3 S212-1 O101 OK  BB-1(C) Radio-S212-1(D1) BB6631 RRU227922B822B20C*        FDD=RL69E3 NIOT=RL69N3 (1,1)                          Passed
 4 S100-1 O101 OK  BB-1(D) Radio-S100-1(D2) BB6631 RRU449944B144B3C          FDD=RL69M1 FDD=RL69M3 FDD=RL69T1 FDD=RL69T3 (1,1,1,1) Passed
 5 S101-1 O101 OK  BB-1(E) Radio-S101-1(D2) BB6631 RRU449944B144B3C          FDD=RL69M2 FDD=RL69T2 (1,1)                           Passed
-------------------------------------------------------------------------------------------------------------------------------------

Node: RadioNode L   CXP2010174/2_R27J08 (25.Q1)   G3.1   LTE-FDD,LTE-IoT 

=====================================================================================================================================
FRU          ;LNH    ;BOARD              ;ST ;FAULT ;OPER ;MAINT ;STAT ;PRODUCTNUMBER   ;REV     ;SERIAL        ;DATE     ;PMTEMP ; TEMP ; UPT ;VOLT ;SW                   ;
=====================================================================================================================================
BB-1         ;000100 ;BB6631             ; 1 ;  OFF ;  ON ;  OFF ;  ON ;KDU1370071/11   ;R3E     ;E23F107949    ;20231217 ;3 (OK) ;      ; 131 ;54   ;                     ;
Radio-S100-1 ;BXP_4  ;RRU449944B144B3C   ; 1 ;  OFF ;  ON ;  OFF ; N/A ;KRC161787/1     ;R2F     ;E23E545339    ;20230325 ;4 (OK) ; 26.9 ; 131 ;55.4 ;CXP9013268%15_R101LX ; (Radio449944B144B3C)
Radio-S101-1 ;BXP_2  ;RRU449944B144B3C   ; 1 ;  OFF ;  ON ;  OFF ; N/A ;KRC161787/1     ;R2F     ;E23E545340    ;20230325 ;4 (OK) ; 31.2 ; 131 ;54.8 ;CXP9013268%15_R101LX ; (Radio449944B144B3C)
Radio-S210-1 ;BXP_6  ;RRU227922B822B20C* ; 1 ;  OFF ;  ON ;  OFF ; N/A ;KRC161864/1     ;R1F     ;TU8U02CGLJ    ;20240119 ;4 (OK) ; 27.5 ; 131 ;55.3 ;CXP9013268%15_R101LX ; (Radio227922B822B20C)
Radio-S211-1 ;BXP_5  ;RRU227922B822B20C* ; 1 ;  OFF ;  ON ;  OFF ; N/A ;KRC161864/1     ;R1F     ;TU8U02AWC1    ;20231202 ;4 (OK) ; 35.0 ; 131 ;55.0 ;CXP9013268%15_R101LX ; (Radio227922B822B20C)
Radio-S212-1 ;BXP_3  ;RRU227922B822B20C* ; 1 ;  OFF ;  ON ;  OFF ; N/A ;KRC161864/1     ;R1F     ;TU8U02CGM2    ;20240119 ;4 (OK) ; 31.5 ; 131 ;55.6 ;CXP9013268%15_R101LX ; (Radio227922B822B20C)
-------------------------------------------------------------------------------------------------------------------------------------

=====================================================================================================================================
AntennaNearUnit                                     ;ST  ;TYPE   ;PRODUCTNR  ;REV       ;UNIQUEID          ;RfPort
=====================================================================================================================================
AntennaUnitGroup=210,AntennaNearUnit=RET_1800_2100  ; 1  ;S-RET  ;86010165   ;HW_V_A01  ;KAD241242293A-Y2  ;FieldReplaceableUnit=Radio-S210-1,RfPort=R
AntennaUnitGroup=210,AntennaNearUnit=RET_2600       ; 1  ;S-RET  ;86010165   ;HW_V_A01  ;KAD241242293A-Y1  ;FieldReplaceableUnit=Radio-S210-1,RfPort=R
AntennaUnitGroup=210,AntennaNearUnit=RET_800_900    ; 1  ;S-RET  ;86010165   ;HW_V_A01  ;KAD241242293A-R1  ;FieldReplaceableUnit=Radio-S210-1,RfPort=R
AntennaUnitGroup=211,AntennaNearUnit=RET_1800_2100  ; 1  ;S-RET  ;86010165   ;HW_V_A01  ;KAD241224427A-Y2  ;FieldReplaceableUnit=Radio-S211-1,RfPort=R
AntennaUnitGroup=211,AntennaNearUnit=RET_2600       ; 1  ;S-RET  ;86010165   ;HW_V_A01  ;KAD241224427A-Y1  ;FieldReplaceableUnit=Radio-S211-1,RfPort=R
AntennaUnitGroup=211,AntennaNearUnit=RET_800_900    ; 1  ;S-RET  ;86010165   ;HW_V_A01  ;KAD241224427A-R1  ;FieldReplaceableUnit=Radio-S211-1,RfPort=R
AntennaUnitGroup=212,AntennaNearUnit=RET_1800_2100  ; 1  ;S-RET  ;86010165   ;HW_V_A01  ;KAD241704239A-Y2  ;FieldReplaceableUnit=Radio-S212-1,RfPort=R
AntennaUnitGroup=212,AntennaNearUnit=RET_2600       ; 1  ;S-RET  ;86010165   ;HW_V_A01  ;KAD241704239A-Y1  ;FieldReplaceableUnit=Radio-S212-1,RfPort=R
AntennaUnitGroup=212,AntennaNearUnit=RET_800_900    ; 1  ;S-RET  ;86010165   ;HW_V_A01  ;KAD241704239A-R1  ;FieldReplaceableUnit=Radio-S212-1,RfPort=R
-------------------------------------------------------------------------------------------------------------------------------------

=====================================================================================================================================
XPBOARD  ;ST ;FAULT ;OPER ;PRODUCTNUMBER ;REV ;SERIAL/NAME ;DATE     ; TEMP ;MO
=====================================================================================================================================
FAN08    ; 1 ;N/A   ;N/A  ;BKV106236/1   ;R2F ;DD138E8564  ;20230215 ; 44.0 ;SupportUnit=1 (FAN  BB-1)
-------------------------------------------------------------------------------------------------------------------------------------

=====================================================================================================================================
ID ;T ;RiL    ;BPBP ;BOARD1             ;LNH1 ;PORT ;R ;LINK ;RATE  ; BER ;BOARD2             ;LNH2 ;PORT ;R ;LINK ;RATE  ; BER ;LENGTH ;MO1 - MO2
=====================================================================================================================================
 1 ;O ;S210-1 ;1111 ;BB6631             ;000100 ; 1 ;M ;Up   ;10.1G ;   0 ;RRU227922B822B20C* ;BXP_6  ; 0 ;S ;Up   ;10.1G ;   0 ;   20m ;Fru=BB-1(A) Fru=Radio-S210-1(D1)
 2 ;O ;S211-1 ;1111 ;BB6631             ;000100 ; 2 ;M ;Up   ;10.1G ;   0 ;RRU227922B822B20C* ;BXP_5  ; 0 ;S ;Up   ;10.1G ;   0 ;   20m ;Fru=BB-1(B) Fru=Radio-S211-1(D1)
 3 ;O ;S212-1 ;1111 ;BB6631             ;000100 ; 3 ;M ;Up   ;10.1G ;   0 ;RRU227922B822B20C* ;BXP_3  ; 0 ;S ;Up   ;10.1G ;   0 ;   20m ;Fru=BB-1(C) Fru=Radio-S212-1(D1)
 4 ;O ;S100-1 ;1111 ;BB6631             ;000100 ; 4 ;M ;Up   ;10.1G ;   0 ;RRU449944B144B3C   ;BXP_4  ; 1 ;S ;Up   ;10.1G ;   0 ;   21m ;Fru=BB-1(D) Fru=Radio-S100-1(D2)
 5 ;O ;S101-1 ;1111 ;BB6631             ;000100 ; 5 ;M ;Up   ;10.1G ;   0 ;RRU449944B144B3C   ;BXP_2  ; 1 ;S ;Up   ;10.1G ;   0 ;   21m ;Fru=BB-1(E) Fru=Radio-S101-1(D2)
-------------------------------------------------------------------------------------------------------------------------------------

=====================================================================================================================================
ID ;LINK ;RiL    ;VENDOR1  ;VENDORPROD1     ;REV1 ;SERIAL1        ;DATE1    ;ERICSSONPROD1      ;VENDOR2  ;VENDORPROD2     ;REV2 ;SERIAL2        ;DATE2    ;ERICSSONPROD2      ;TT ;WL1     ;WL2    
=====================================================================================================================================
 1 ;Up   ;S210-1 ;ERICSSON ;SPP10ELRIDFSEN  ;10   ;CT73961048     ;20231009 ;RDH10265/2 R1A     ;ERICSSON ;SPP10ELRIDFSEN  ;10   ;CT73916481     ;20230928 ;RDH10265/2 R1A     ;0  ;1310.00 ;1310.00
 2 ;Up   ;S211-1 ;ERICSSON ;SPP10ELRIDFSEN  ;10   ;CT73908464     ;20230927 ;RDH10265/2 R1A     ;ERICSSON ;SPP10ELRIDFSEN  ;10   ;CT73996780     ;20231016 ;RDH10265/2 R1A     ;0  ;1310.00 ;1310.00
 3 ;Up   ;S212-1 ;ERICSSON ;SPP10ELRIDFSEN  ;10   ;CT73978326     ;20231010 ;RDH10265/2 R1A     ;ERICSSON ;SPP10ELRIDFSEN  ;10   ;CT73957621     ;20231008 ;RDH10265/2 R1A     ;0  ;1310.00 ;1310.00
 4 ;Up   ;S100-1 ;ERICSSON ;SPP10ELRIDFSEN  ;10   ;CT73908940     ;20230927 ;RDH10265/2 R1A     ;ERICSSON ;SPP10ELRIDFSEN  ;10   ;CT73978349     ;20231010 ;RDH10265/2 R1A     ;0  ;1310.00 ;1310.00
 5 ;Up   ;S101-1 ;ERICSSON ;SPP10ELRIDFSEN  ;10   ;CT73977644     ;20231010 ;RDH10265/2 R1A     ;ERICSSON ;SPP10ELRIDFSEN  ;10   ;CT73982572     ;20231012 ;RDH10265/2 R1A     ;0  ;1310.00 ;1310.00
-------------------------------------------------------------------------------------------------------------------------------------

=====================================================================================================================================
ID ;LINK ;RiL    ;WL1     ;TEMP1 ;TXbs1 ;TXdBm1 ;RXdBm1 ;BER1   ;WL2     ;TEMP2 ;TXbs2 ;TXdBm2 ;RXdBm2 ;BER2   ;DlLoss ;UlLoss ;LENGTH ;TT
=====================================================================================================================================
 1 ;Up   ;S210-1 ;1310.00 ;49C   ;43%   ;-1.93  ;-5.10  ;   0   ;1310.00 ;30C   ;42%   ;-3.72  ;-3.33  ;   0   ;   1.4 ;  1.38 ;   20m ; 0
 2 ;Up   ;S211-1 ;1310.00 ;49C   ;46%   ;-3.46  ;-3.51  ;   0   ;1310.00 ;35C   ;42%   ;-2.14  ;-3.23  ;   0   ; -0.23 ;  1.37 ;   20m ; 0
 3 ;Up   ;S212-1 ;1310.00 ;47C   ;46%   ;-2.01  ;-2.97  ;   0   ;1310.00 ;33C   ;39%   ;-2.03  ;-4.50  ;   0   ;  2.49 ;  0.94 ;   20m ; 0
 4 ;Up   ;S100-1 ;1310.00 ;48C   ;45%   ;-3.37  ;-4.19  ;   0   ;1310.00 ;31C   ;42%   ;-4.23  ;-4.53  ;   0   ;  1.16 ; -0.04 ;   21m ; 0
 5 ;Up   ;S101-1 ;1310.00 ;47C   ;49%   ;-1.81  ;-2.39  ;   0   ;1310.00 ;32C   ;43%   ;-2.56  ;-1.15  ;   0   ; -0.66 ; -0.17 ;   21m ; 0
-------------------------------------------------------------------------------------------------------------------------------------

=====================================================================================================================================
ID ;RiL    ;BOARD              ;SFPLNH  ;PORT ;VENDOR   ;VENDORPROD      ;REV  ;SERIAL         ;DATE     ;ERICSSONPROD       ;WL      ;TEMP  ;TXbs  ;TXdBm  ;RXdBm  ; BER
=====================================================================================================================================
 1 ;S210-1 ;BB6631             ;000100   ;  1 ;ERICSSON ;SPP10ELRIDFSEN  ;10   ;CT73961048     ;20231009 ;RDH10265/2 R1A     ;1310.00 ;49C   ;43%   ;-1.93  ;-5.10  ;   0
 2 ;S211-1 ;BB6631             ;000100   ;  2 ;ERICSSON ;SPP10ELRIDFSEN  ;10   ;CT73908464     ;20230927 ;RDH10265/2 R1A     ;1310.00 ;49C   ;46%   ;-3.46  ;-3.51  ;   0
 3 ;S212-1 ;BB6631             ;000100   ;  3 ;ERICSSON ;SPP10ELRIDFSEN  ;10   ;CT73978326     ;20231010 ;RDH10265/2 R1A     ;1310.00 ;47C   ;46%   ;-2.01  ;-2.97  ;   0
 4 ;S100-1 ;BB6631             ;000100   ;  4 ;ERICSSON ;SPP10ELRIDFSEN  ;10   ;CT73908940     ;20230927 ;RDH10265/2 R1A     ;1310.00 ;48C   ;45%   ;-3.37  ;-4.19  ;   0
 5 ;S101-1 ;BB6631             ;000100   ;  5 ;ERICSSON ;SPP10ELRIDFSEN  ;10   ;CT73977644     ;20231010 ;RDH10265/2 R1A     ;1310.00 ;47C   ;49%   ;-1.81  ;-2.39  ;   0
 5 ;S101-1 ;RRU449944B144B3C   ;BXP_2    ;  1 ;ERICSSON ;SPP10ELRIDFSEN  ;10   ;CT73982572     ;20231012 ;RDH10265/2 R1A     ;1310.00 ;32C   ;43%   ;-2.56  ;-1.15  ;   0
 3 ;S212-1 ;RRU227922B822B20C* ;BXP_3    ;  0 ;ERICSSON ;SPP10ELRIDFSEN  ;10   ;CT73957621     ;20231008 ;RDH10265/2 R1A     ;1310.00 ;33C   ;39%   ;-2.03  ;-4.50  ;   0
 4 ;S100-1 ;RRU449944B144B3C   ;BXP_4    ;  1 ;ERICSSON ;SPP10ELRIDFSEN  ;10   ;CT73978349     ;20231010 ;RDH10265/2 R1A     ;1310.00 ;31C   ;42%   ;-4.23  ;-4.53  ;   0
 2 ;S211-1 ;RRU227922B822B20C* ;BXP_5    ;  0 ;ERICSSON ;SPP10ELRIDFSEN  ;10   ;CT73996780     ;20231016 ;RDH10265/2 R1A     ;1310.00 ;35C   ;42%   ;-2.14  ;-3.23  ;   0
 1 ;S210-1 ;RRU227922B822B20C* ;BXP_6    ;  0 ;ERICSSON ;SPP10ELRIDFSEN  ;10   ;CT73916481     ;20230928 ;RDH10265/2 R1A     ;1310.00 ;30C   ;42%   ;-3.72  ;-3.33  ;   0
-------------------------------------------------------------------------------------------------------------------------------------
TN ;       ;BB6631             ;000100   ; IB ;WTD      ;RTXM192-406-C25 ;3.0  ;HW230201620962 ;20230116 ;RDH10247/2 R2A     ;1310    ;41C   ;19%   ;-5.69  ;-6.27  ; 0/0
TN ;       ;BB6631             ;000100   ;IA2 ;ERICSSON ;NDAAF9-E201     ;E    ;APF23502012JCD ;20231222 ;RPM777053/1000 R1B ;NA      ;NA    ;NA    ;NA     ;NA     ; 0/0
-------------------------------------------------------------------------------------------------------------------------------------

=====================================================================================================================================
BOARD  ;LNH    ;PORT       ;T ;S ;OpMode         ;AutoNeg ;MacAddress        ;VlanIds        ;LOS ;BER
=====================================================================================================================================
BB6631 ;000100 ;TN_E       ;E ;1 ;1G_FULL_MASTER ;true    ;F4:3C:96:0C:48:0B ;3910           ;0   ;0/0
BB6631 ;000100 ;TN_IDL_A_1 ;E ;1 ;10G_FULL       ;false   ;F4:3C:96:0C:48:04 ;3901,3908,3910 ;0   ;0/0
BB6631 ;000100 ;TN_IDL_A_2 ;O ;1 ;10G_FULL       ;false   ;F4:3C:96:0C:48:05 ;3908           ;0   ;0/0
BB6631 ;000100 ;TN_IDL_B   ;O ;1 ;1G_FULL        ;true    ;F4:3C:96:0C:48:08 ;3901,3908,3910 ;0   ;0/0
-------------------------------------------------------------------------------------------------------------------------------------

radioClockState : RNT_TIME_LOCKED
-------------------------------------------------------------------------------------
Prio  ;ST  ;syncRefType    ;refStatus  ;opQualLevel  ;SyncReference
-------------------------------------------------------------------------------------
  *1  ; 1  ;PTP_TIME       ;NO_FAULT   ;PRTC         ;Ptp=1,BoundaryOrdinaryClock=PTP (G_8275_1 EthernetPort=TN_IDL_B:SLAVE EthernetPort=TN_IDL_A_1:MASTER)
   2  ; 1  ;NTP_FREQUENCY  ;NO_FAULT   ;PRC          ;Ntp=1,NtpFrequencySync=NTP1 (10.31.0.54:32751 Router=45G_Traffic,InterfaceIPv4=LTE,AddressIPv4=LTE)
-------------------------------------------------------------------------------------
-------------------------------------------------------------------------------------
Prio  ;ST  ;assistRefStatus  ;recQualLevel  ;AssistingReference
-------------------------------------------------------------------------------------
   1  ; 1  ;NO_FAULT         ;PRC           ;Synchronization=1,SyncEthInput=SyncE (SFP_OPTICAL EthernetPort=TN_IDL_B)
-------------------------------------------------------------------------------------
nodeGroupRole   : SYNC_PROVIDER (syncNodePriority=1, selectionMode=NODE_PRIORITY)
-------------------------------------------------------------------------------------
DU  ;Port  ;sharedUnitRef (RiPortA - RiPortB)  ;remoteNodePriority  ;CandidateStatus
-------------------------------------------------------------------------------------
1   ;A     ;Fru=Radio-S210-1 (1 - 2)           ;3                   ;OK_NOT_ACTIVE
1   ;B     ;Fru=Radio-S211-1 (1 - 2)           ;3                   ;OK_NOT_ACTIVE
1   ;C     ;Fru=Radio-S212-1 (1 - 2)           ;3                   ;OK_NOT_ACTIVE
-------------------------------------------------------------------------------------

=====================================================================================================================================
FRU          ;LNH    ;BOARD              ;RF  ;BP  ;TX (W/dBm)  ;VSWR (RL)   ;RX (dBm) ;UEs/gUEs  ;Sector/AntennaGroup/Cells (State:CellIds:PCIs)
=====================================================================================================================================
Radio-S100-1 ;BXP_4  ;RRU449944B144B3C   ; A  ;11  ;24.9 (44.0) ;1.05 (32.9) ;-92.5    ;19/-      ;SE=100 AG=100 FDD=RL69M1 FDD=RL69T1 (1:31:318, 1:41:58)
Radio-S100-1 ;BXP_4  ;RRU449944B144B3C   ; B  ;11  ;-           ;1.09 (27.5) ;-92.3    ;19/-      ;SE=100 AG=100 FDD=RL69M1 FDD=RL69T1 (1:31:318, 1:41:58)
Radio-S100-1 ;BXP_4  ;RRU449944B144B3C   ; C  ;11  ;30.4 (44.8) ;1.12 (24.8) ;-86.6    ;39/-      ;SE=102 AG=102 FDD=RL69M3 FDD=RL69T3 (1:33:347, 1:43:43)
Radio-S100-1 ;BXP_4  ;RRU449944B144B3C   ; D  ;11  ;8.7 (39.4)  ;1.12 (24.8) ;-90.9    ;39/-      ;SE=102 AG=102 FDD=RL69M3 FDD=RL69T3 (1:33:347, 1:43:43)
Radio-S101-1 ;BXP_2  ;RRU449944B144B3C   ; A  ;11  ;22.8 (43.6) ;1.08 (28.8) ;-90.0    ;55/-      ;SE=101 AG=101 FDD=RL69M2 FDD=RL69T2 (1:32:381, 1:42:172)
Radio-S101-1 ;BXP_2  ;RRU449944B144B3C   ; B  ;11  ;21.0 (43.2) ;1.11 (25.9) ;-89.9    ;55/-      ;SE=101 AG=101 FDD=RL69M2 FDD=RL69T2 (1:32:381, 1:42:172)
Radio-S101-1 ;BXP_2  ;RRU449944B144B3C   ; C  ;11  ;-           ;-           ;         ;          ;
Radio-S101-1 ;BXP_2  ;RRU449944B144B3C   ; D  ;11  ;-           ;-           ;         ;          ;
Radio-S210-1 ;BXP_6  ;RRU227922B822B20C* ; A  ;11  ;8.8 (39.4)  ;1.27 (18.5) ;-90.6    ;1/-       ;SE=210* AG=210 FDD=RL69E1 NIOT=RL69N1 (1:61:78, 1:161:78)
Radio-S210-1 ;BXP_6  ;RRU227922B822B20C* ; B  ;11  ;5.8 (37.7)  ;1.27 (18.5) ;-90.7    ;1/-       ;SE=210* AG=210 FDD=RL69E1 NIOT=RL69N1 (1:61:78, 1:161:78)
Radio-S211-1 ;BXP_5  ;RRU227922B822B20C* ; A  ;11  ;15.7 (42.0) ;1.27 (18.5) ;-89.6    ;3/-       ;SE=211* AG=211 FDD=RL69E2 NIOT=RL69N2 (1:62:178, 1:162:178)
Radio-S211-1 ;BXP_5  ;RRU227922B822B20C* ; B  ;11  ;15.0 (41.8) ;1.24 (19.3) ;-87.4    ;3/-       ;SE=211* AG=211 FDD=RL69E2 NIOT=RL69N2 (1:62:178, 1:162:178)
Radio-S212-1 ;BXP_3  ;RRU227922B822B20C* ; A  ;11  ;13.0 (41.1) ;1.10 (26.4) ;-84.0    ;0/-       ;SE=212* AG=212 FDD=RL69E3 NIOT=RL69N3 (1:63:58, 1:163:58)
Radio-S212-1 ;BXP_3  ;RRU227922B822B20C* ; B  ;11  ;6.7 (38.3)  ;1.17 (22.1) ;-91.3    ;0/-       ;SE=212* AG=212 FDD=RL69E3 NIOT=RL69N3 (1:63:58, 1:163:58)
-------------------------------------------------------------------------------------------------------------------------------------

RL69T> mfar

251125-10:58:16+0100 19.31.14.136 25.0h MSRBS_NODE_MODEL_25.Q1_693.28324.131_62ac stopfile=/tmp/2022735
........
Last MO: 20665. Loaded 20665 MOs. Total: 20666 MOs.
..............................................
get /rop/A20251125.0815-0830_RL69T.xml.gz /ericsson/log/amos/moshell_logfiles/t20251125_37258710_65084/logs_moshell/pmfiles/19.31.14.136/rop/A20251125.0815-0830_RL69T.xml.gz ... OK
get /rop/A20251125.0830-0845_RL69T.xml.gz /ericsson/log/amos/moshell_logfiles/t20251125_37258710_65084/logs_moshell/pmfiles/19.31.14.136/rop/A20251125.0830-0845_RL69T.xml.gz ... OK
get /rop/A20251125.0845-0900_RL69T.xml.gz /ericsson/log/amos/moshell_logfiles/t20251125_37258710_65084/logs_moshell/pmfiles/19.31.14.136/rop/A20251125.0845-0900_RL69T.xml.gz ... OK

Using hardcoded thresholds: 3, 4.5, and 16.5
================================================================================================================================
SC     SE  Tx/Rx BrPair  RfPort1 - RfPort2               HW       Serial      Cell (State)   Samples   Med  Mean  SDev Pol Res Issue
================================================================================================================================
RL69E1 210   2/2 0 (1,2) Radio-S210-1(A) Radio-S210-1(B) RRU2279  TU8U02CGLJ  FDD=RL69E1 (1)    5459  -2.5  -2.2   7.8  NA  OK Passed
RL69E2 211   2/2 0 (1,2) Radio-S211-1(A) Radio-S211-1(B) RRU2279  TU8U02AWC1  FDD=RL69E2 (1)   55900  -1.5  -2.0   7.8  NA  OK Passed
RL69E3 212   2/2 0 (1,2) Radio-S212-1(A) Radio-S212-1(B) RRU2279  TU8U02CGM2  FDD=RL69E3 (1)    7511   2.5   1.9   7.6  NA  OK Passed
RL69M1 100   2/2 0 (1,2) Radio-S100-1(A) Radio-S100-1(B) RRU4499  E23E545339  FDD=RL69M1 (1)   62386   0.5  -0.2   7.2  NA  OK Passed
RL69M2 101   2/2 0 (1,2) Radio-S101-1(A) Radio-S101-1(B) RRU4499  E23E545340  FDD=RL69M2 (1)   68992   0.5   0.2   7.0  NA  OK Passed
RL69M3 102   2/2 0 (1,2) Radio-S100-1(C) Radio-S100-1(D) RRU4499  E23E545339  FDD=RL69M3 (1)   60923   0.5   0.5   7.4  NA  OK Passed
RL69T1 100   2/2 0 (1,2) Radio-S100-1(A) Radio-S100-1(B) RRU4499  E23E545339  FDD=RL69T1 (1)   75733  -0.5  -0.3   6.7  NA  OK Passed
RL69T2 101   2/2 0 (1,2) Radio-S101-1(A) Radio-S101-1(B) RRU4499  E23E545340  FDD=RL69T2 (1)  219587   0.5   0.6   7.1  NA  OK Passed
RL69T3 102   2/2 0 (1,2) Radio-S100-1(C) Radio-S100-1(D) RRU4499  E23E545339  FDD=RL69T3 (1)  147985  -0.5   0.1   7.1  NA  OK Passed
================================================================================================================================
Total: 9 SectorCarriers, 9 RfBranch Pairs (9 OK, 0 OKW, 0 NOK, 0 NT)
........
Last MO: 20665. Loaded 20665 MOs. Total: 20666 MOs.

No NRSectorCarrier MOs are defined on the node.

RL69T> mfitr

251125-10:58:37+0100 19.31.14.136 25.0h MSRBS_NODE_MODEL_25.Q1_693.28324.131_62ac stopfile=/tmp/2022735
.............
Last MO: 20665. Loaded 20665 MOs. Total: 20666 MOs.
..........
2025-11-25 10:59
================================================================================================================================
CELL       SC     FRU          BOARD             PUSCH  PUCCH       A      B      C      D  DELTA
================================================================================================================================
FDD=RL69E1 RL69E1 Radio-S210-1 RRU227922B822B20C -113.7 -112.7 -108.1 -107.1                    1
FDD=RL69E2 RL69E2 Radio-S211-1 RRU227922B822B20C -107.1 -105.8 -115.1 -110.1                    5
FDD=RL69E3 RL69E3 Radio-S212-1 RRU227922B822B20C -104.9 -101.3 -102.7 -111.6                  8.9
FDD=RL69M1 RL69M1 Radio-S100-1 RRU449944B144B3C  -118.7 -118.7 -119.0 -119.2                  0.2
FDD=RL69M2 RL69M2 Radio-S101-1 RRU449944B144B3C  -115.9 -116.9 -115.7 -115.5                  0.2
FDD=RL69M3 RL69M3 Radio-S100-1 RRU449944B144B3C  -112.8 -109.2               -114.3 -116.6    2.3
FDD=RL69T1 RL69T1 Radio-S100-1 RRU449944B144B3C  -114.7 -116.5 -116.5 -116.5                    0
FDD=RL69T2 RL69T2 Radio-S101-1 RRU449944B144B3C  -110.6 -114.6 -111.0 -111.6                  0.6
FDD=RL69T3 RL69T3 Radio-S100-1 RRU449944B144B3C  -113.8 -110.0               -113.6 -116.5    2.9
================================================================================================================================
Bye...
Output has been logged to file /mta_fs/UserFiles/37258710/amosbatch/SDIR/RL69T.log
