Logging to file /mta_fs/UserFiles/37258710/amosbatch/SDIR/RL6CE.log
                        __  __  ____   _____
                  /\   |  \/  |/ __ \ / ____|
                 /  \  | \  / | |  | | (___  
                / /\ \ | |\/| | |  | |\___ \ 
               / ____ \| |  | | |__| |____) |
              /_/    \_\_|  |_|\____/|_____/
              OSS Framework for MoShell-25.0h 
  Copyright (c) Ericsson AB 2001-2025 - All Rights Reserved
              
           
[1;31mWARNING: [0mthe AMOS version currently running is more than 29 weeks old and is unsupported.
Please upgrade as soon as possible to the latest released version, available from your local Ericsson support.

$amosrb_pid = 2608715

Checking ip contact...OK

HELP MENU            : h
BASIC MO COMMANDS    : m
OTHER MO COMMANDS    : n
OTHER COMMANDS       : o
PM COMMANDS          : p
QUIT                 : q

RL6CE> lt all

251125-13:54:18+0100 19.31.13.190 25.0h  stopfile=/tmp/2608595
Looking up temporary_amos account... OK.
Trying temporary_amos_t20251125_37258710_65084_131's password from amos lookupAccount ... OK

$ssh_pid = 2609712

Connected to 19.31.13.190 (SubNetwork=BBMM_rckomc_R,MeContext=RL6CE,ManagedElement=RL6CE)

Checking MOM version...MSRBS_NODE_MODEL_25.Q1_693.28324.131_62ac
Parsing MOM (cached): /ericsson/log/amos/moshell_logfiles/t20251125_37258710_65084/logs_moshell/tempfiles/scp-4-amos_20251125-135411_2608532/MSRBS_NODE_MODEL_25.Q1_693.28324.131_62ac.xml.cache.gz ..................................................................................................................................................................................................................................Done.
Using paramfile /opt/ericsson/amos/moshell/commonjars/pm/PARAM_MSRBS_25.Q1.txt
Parsing file /opt/ericsson/amos/moshell/commonjars/pm/PARAM_MSRBS_25.Q1.txt .......................................................................................Done.
Using imomdfile /opt/ericsson/amos/moshell/commonjars/pm/IMOMD_MSRBS_22.Q4.txt
Using imomfile /opt/ericsson/amos/moshell/commonjars/pm/IMOM_MSRBS_25.Q1.txt
Connected to 19.31.13.190 (SubNetwork=BBMM_rckomc_R,MeContext=RL6CE,ManagedElement=RL6CE)

Last MO: 18229. Loaded 18229 MOs. Total: 18230 MOs.

RL6CE> st cell

251125-13:54:32+0100 19.31.13.190 25.0h MSRBS_NODE_MODEL_25.Q1_693.28324.131_62ac stopfile=/tmp/2608595
===================================================================================
Proxy  Adm State     Op. State     MO
===================================================================================
   43  1 (UNLOCKED)  1 (ENABLED)   ENodeBFunction=1,EUtranCellFDD=RL6CE1
  140  1 (UNLOCKED)  1 (ENABLED)   ENodeBFunction=1,EUtranCellFDD=RL6CE2
  250  1 (UNLOCKED)  1 (ENABLED)   ENodeBFunction=1,EUtranCellFDD=RL6CE3
  370  1 (UNLOCKED)  1 (ENABLED)   ENodeBFunction=1,EUtranCellFDD=RL6CM1
  496  1 (UNLOCKED)  1 (ENABLED)   ENodeBFunction=1,EUtranCellFDD=RL6CM2
  593  1 (UNLOCKED)  1 (ENABLED)   ENodeBFunction=1,EUtranCellFDD=RL6CM3
  687  1 (UNLOCKED)  1 (ENABLED)   ENodeBFunction=1,EUtranCellFDD=RL6CT1
  820  1 (UNLOCKED)  1 (ENABLED)   ENodeBFunction=1,EUtranCellFDD=RL6CT2
  929  1 (UNLOCKED)  1 (ENABLED)   ENodeBFunction=1,EUtranCellFDD=RL6CT3
 1414  1 (UNLOCKED)  1 (ENABLED)   ENodeBFunction=1,NbIotCell=RL6CN1
 1415  1 (UNLOCKED)  1 (ENABLED)   ENodeBFunction=1,NbIotCell=RL6CN2
 1416  1 (UNLOCKED)  1 (ENABLED)   ENodeBFunction=1,NbIotCell=RL6CN3
===================================================================================
Total: 12 MOs

RL6CE> st radio

251125-13:54:32+0100 19.31.13.190 25.0h MSRBS_NODE_MODEL_25.Q1_693.28324.131_62ac stopfile=/tmp/2608595
===================================================================================
Proxy  Adm State     Op. State     MO
===================================================================================
 2381  1 (UNLOCKED)  1 (ENABLED)   Equipment=1,FieldReplaceableUnit=Radio-S1-1
 2393  1 (UNLOCKED)  1 (ENABLED)   Equipment=1,FieldReplaceableUnit=Radio-S100-1
 2416  1 (UNLOCKED)  1 (ENABLED)   Equipment=1,FieldReplaceableUnit=Radio-S102-1
 2439  1 (UNLOCKED)  1 (ENABLED)   Equipment=1,FieldReplaceableUnit=Radio-S2-1
 2451  1 (UNLOCKED)  1 (ENABLED)   Equipment=1,FieldReplaceableUnit=Radio-S3-1
18220  1 (UNLOCKED)  1 (ENABLED)   Transport=1,Synchronization=1,RadioEquipmentClock=1,RadioEquipmentClockReference=NTP1
18221  1 (UNLOCKED)  1 (ENABLED)   Transport=1,Synchronization=1,RadioEquipmentClock=1,RadioEquipmentClockReference=PTP
===================================================================================
Total: 7 MOs

RL6CE> sdir

251125-13:54:33+0100 19.31.13.190 25.0h MSRBS_NODE_MODEL_25.Q1_693.28324.131_62ac stopfile=/tmp/2608595
INFO: Using amos lookupAccount credentials for the export login
.........................
get /rop/A20251125.1200-1215_RL6CE.xml.gz /ericsson/log/amos/moshell_logfiles/t20251125_37258710_65084/logs_moshell/pmfiles/19.31.13.190/rop/A20251125.1200-1215_RL6CE.xml.gz ... OK
get /rop/A20251125.1215-1230_RL6CE.xml.gz /ericsson/log/amos/moshell_logfiles/t20251125_37258710_65084/logs_moshell/pmfiles/19.31.13.190/rop/A20251125.1215-1230_RL6CE.xml.gz ... OK
get /rop/A20251125.1230-1245_RL6CE.xml.gz /ericsson/log/amos/moshell_logfiles/t20251125_37258710_65084/logs_moshell/pmfiles/19.31.13.190/rop/A20251125.1230-1245_RL6CE.xml.gz ... OK
....Checking available boards on node...

Collecting RCS board data ...
...........................................................................................................................
..........................
........................................................................................................................................................................................................................................................................................
....
Collecting TN data...
................................................................................................................................................................
Getting MO data from node (78 MOs). Please wait...
0%                                             ~50%                                           ~100%
.................................................................................................................................
Collecting RF data...
...
Collecting Alarms...
Executing action Log.export()
...
Log=AlarmLog                    actionId=47682
............
Executing action LogM.exportAvailabilityLog()
..LogM=1,exportAvailabilityLog    actionId=47683
.....Parsing alarmLog....Done.
Parsing availabilityLog........Done.
......

Total: 5 CPRI links (5 OK, 0 OKW, 0 NOK, 0 NT)
.
+--------+                      +------------+
|        | A        O98      D1 | Radio-S1-1 |
|        |-----------1----------| RRU2217B20 |
|        |         OK-6m        |   BXP_4    |
|        |                      +------------+
|        |                             |A  |B
|        |               SE=1 AG=1 FDD=RL6CE1
|        |                        NIOT=RL6CN1
|        |
|        |                      +------------+
|        | B        O98      D1 | Radio-S2-1 |
|        |-----------2----------| RRU2217B20 |
|        |         OK-6m        |   BXP_3    |
|        |                      +------------+
|        |                             |A  |B
|        |               SE=2 AG=2 FDD=RL6CE2
|        |                        NIOT=RL6CN2
|        |
|        |                      +------------+
|        | C        O98      D1 | Radio-S3-1 |
|        |-----------3----------| RRU2217B20 |
|        |         OK-6m        |   BXP_2    |
|        |                      +------------+
|        |                             |A  |B
|  BB-1  |               SE=3 AG=3 FDD=RL6CE3
| BB6631 |                        NIOT=RL6CN3
| 000100 |
|        |                      +------------------+
|        | D        O101     D2 |   Radio-S100-1   |
|        |-----------4----------| RRU449944B144B3C |
|        |         OK-51m       |      BXP_6       |
|        |                      +------------------+
|        |                           |A  |B  |C  |D
|        |                    SE=100 AG=100  |   |
|        |            FDD=RL6CM1 FDD=RL6CT1  |   |
|        |                            SE=101 AG=101
|        |                    FDD=RL6CM2 FDD=RL6CT2
|        |
|        |                      +------------------+
|        | E        O101     D2 |   Radio-S102-1   |
|        |-----------5----------| RRU449944B144B3C |
|        |         OK-51m       |      BXP_5       |
|        |                      +------------------+
|        |                           |A  |B  |C  |D
|        |                    SE=102 AG=102  |   |
|        |            FDD=RL6CM3 FDD=RL6CT3  |   |
|        |
+--------+

=====================================================================================================================================
ID RiL    Type Res MO1-MO2                  BOARD1-BOARD2           AlmIDs Cells (States)                                        Issue (Failed checks)
=====================================================================================================================================
 1 S1-1   O98  OK  BB-1(A) Radio-S1-1(D1)   BB6631 RRU2217B20              FDD=RL6CE1 NIOT=RL6CN1 (1,1)                          Passed
 2 S2-1   O98  OK  BB-1(B) Radio-S2-1(D1)   BB6631 RRU2217B20              FDD=RL6CE2 NIOT=RL6CN2 (1,1)                          Passed
 3 S3-1   O98  OK  BB-1(C) Radio-S3-1(D1)   BB6631 RRU2217B20              FDD=RL6CE3 NIOT=RL6CN3 (1,1)                          Passed
 4 S100-1 O101 OK  BB-1(D) Radio-S100-1(D2) BB6631 RRU449944B144B3C        FDD=RL6CM1 FDD=RL6CM2 FDD=RL6CT1 FDD=RL6CT2 (1,1,1,1) Passed
 5 S102-1 O101 OK  BB-1(E) Radio-S102-1(D2) BB6631 RRU449944B144B3C        FDD=RL6CM3 FDD=RL6CT3 (1,1)                           Passed
-------------------------------------------------------------------------------------------------------------------------------------

Node: RadioNode L   CXP2010174/2_R27J08 (25.Q1)   G3.1   LTE-FDD,LTE-IoT 

=====================================================================================================================================
FRU          ;LNH    ;BOARD            ;ST ;FAULT ;OPER ;MAINT ;STAT ;PRODUCTNUMBER   ;REV     ;SERIAL        ;DATE     ;PMTEMP ; TEMP ; UPT ;VOLT ;SW                   ;
=====================================================================================================================================
BB-1         ;000100 ;BB6631           ; 1 ;  OFF ;  ON ;  OFF ;  ON ;KDU1370071/11   ;R2A     ;E96A00YDVL    ;20230222 ;3 (OK) ;      ;86.1 ;55   ;                     ;
Radio-S1-1   ;BXP_4  ;RRU2217B20       ; 1 ;  OFF ;  ON ;  OFF ; N/A ;KRC161549/1     ;R1S     ;TU8U01YRPK    ;20230227 ;4 (OK) ; 39.5 ;19.0 ;55.8 ;CXP9013268%9_R96JB   ; (Radio2217B20)
Radio-S100-1 ;BXP_6  ;RRU449944B144B3C ; 1 ;  OFF ;  ON ;  OFF ; N/A ;KRC161787/1     ;R2F     ;E23E482375    ;20230209 ;4 (OK) ; 34.8 ;86.0 ;54.6 ;CXP9013268%15_R101LX ; (Radio449944B144B3C)
Radio-S102-1 ;BXP_5  ;RRU449944B144B3C ; 1 ;  OFF ;  ON ;  OFF ; N/A ;KRC161787/1     ;R2F     ;E23E482373    ;20230209 ;4 (OK) ; 27.7 ;86.0 ;54.6 ;CXP9013268%15_R101LX ; (Radio449944B144B3C)
Radio-S2-1   ;BXP_3  ;RRU2217B20       ; 1 ;  OFF ;  ON ;  OFF ; N/A ;KRC161549/1     ;R1S     ;TU8U01YRP5    ;20230227 ;4 (OK) ; 46.9 ;34.2 ;55.8 ;CXP9013268%9_R96JB   ; (Radio2217B20)
Radio-S3-1   ;BXP_2  ;RRU2217B20       ; 1 ;  OFF ;  ON ;  OFF ; N/A ;KRC161549/1     ;R1S     ;TU8U01YRBX    ;20230227 ;4 (OK) ; 47.5 ;34.2 ;55.9 ;CXP9013268%9_R96JB   ; (Radio2217B20)
-------------------------------------------------------------------------------------------------------------------------------------

=====================================================================================================================================
AntennaNearUnit                                   ;ST  ;TYPE   ;PRODUCTNR     ;REV                ;UNIQUEID             ;RfPort
=====================================================================================================================================
AntennaUnitGroup=1,AntennaNearUnit=RET_1800_2100  ; 1  ;S-RET  ;AIMM20D11     ;WD81MANGRCU_VER.C  ;HWM1869FC01AR486bbR  ;FieldReplaceableUnit=Radio-S1-1,RfPort=R
AntennaUnitGroup=1,AntennaNearUnit=RET_800        ; 1  ;S-RET  ;AIMM20D11     ;WD81MANGRCU_VER.C  ;HWM1716FB002H61860r  ;FieldReplaceableUnit=Radio-S1-1,RfPort=R
AntennaUnitGroup=1,AntennaNearUnit=RET_900        ; 1  ;S-RET  ;AIMM20D11     ;WD81MANGRCU_VER.C  ;HWM1716FB002J9351rr  ;FieldReplaceableUnit=Radio-S1-1,RfPort=R
AntennaUnitGroup=1,AntennaNearUnit=TMA_B20        ; 1  ;TMA    ;78210430V43   ;HW_V_R1B           ;KADK6P058645         ;FieldReplaceableUnit=Radio-S1-1,RfPort=A
AntennaUnitGroup=2,AntennaNearUnit=RET_1800_2100  ; 1  ;S-RET  ;AIMM20D11     ;WD81MANGRCU_VER.C  ;HWM1869G103CR459bbR  ;FieldReplaceableUnit=Radio-S2-1,RfPort=R
AntennaUnitGroup=2,AntennaNearUnit=RET_800        ; 1  ;S-RET  ;AIMM20D11     ;WD81MANGRCU_VER.C  ;HWM1716FB001Y01670r  ;FieldReplaceableUnit=Radio-S2-1,RfPort=R
AntennaUnitGroup=2,AntennaNearUnit=RET_900        ; 1  ;S-RET  ;AIMM20D11     ;WD81MANGRCU_VER.C  ;HWM1716FB00204609rr  ;FieldReplaceableUnit=Radio-S2-1,RfPort=R
AntennaUnitGroup=2,AntennaNearUnit=TMA_B20        ; 1  ;TMA    ;78210430V43   ;HW_V_R1B           ;KADK6P058591         ;FieldReplaceableUnit=Radio-S2-1,RfPort=A
AntennaUnitGroup=3,AntennaNearUnit=RET_1800_2100  ; 1  ;S-RET  ;AIMM20D11     ;WD81MANGRCU_VER.C  ;HWM1869FC0170049bbR  ;FieldReplaceableUnit=Radio-S3-1,RfPort=R
AntennaUnitGroup=3,AntennaNearUnit=RET_800        ; 1  ;S-RET  ;AIMM20D11     ;WD81MANGRCU_VER.C  ;HWM1716FB001Q20150r  ;FieldReplaceableUnit=Radio-S3-1,RfPort=R
AntennaUnitGroup=3,AntennaNearUnit=RET_900        ; 1  ;S-RET  ;AIMM20D11     ;WD81MANGRCU_VER.C  ;HWM1716FB001R4617rr  ;FieldReplaceableUnit=Radio-S3-1,RfPort=R
AntennaUnitGroup=3,AntennaNearUnit=TMA_B20        ; 1  ;TMA    ;KRY112451/11  ;R1A                ;ERT203X61            ;FieldReplaceableUnit=Radio-S3-1,RfPort=A
-------------------------------------------------------------------------------------------------------------------------------------

=====================================================================================================================================
XPBOARD  ;ST ;FAULT ;OPER ;PRODUCTNUMBER ;REV ;SERIAL/NAME ;DATE     ; TEMP ;MO
=====================================================================================================================================
FAN08    ; 1 ;N/A   ;N/A  ;BKV106236/1   ;R2G ;CE5100RLA4  ;20220801 ; 40.0 ;SupportUnit=1 (FAN  BB-1)
-------------------------------------------------------------------------------------------------------------------------------------

=====================================================================================================================================
ID ;T ;RiL    ;BPBP ;BOARD1           ;LNH1 ;PORT ;R ;LINK ;RATE  ; BER ;BOARD2           ;LNH2 ;PORT ;R ;LINK ;RATE  ; BER ;LENGTH ;MO1 - MO2
=====================================================================================================================================
 1 ;O ;  S1-1 ;1111 ;BB6631           ;000100 ; 1 ;M ;Up   ;9.8G  ;   0 ;RRU2217B20       ;BXP_4  ; 0 ;S ;Up   ;9.8G  ;   0 ;    6m ;Fru=BB-1(A) Fru=Radio-S1-1(D1)
 2 ;O ;  S2-1 ;1111 ;BB6631           ;000100 ; 2 ;M ;Up   ;9.8G  ;   0 ;RRU2217B20       ;BXP_3  ; 0 ;S ;Up   ;9.8G  ;   0 ;    6m ;Fru=BB-1(B) Fru=Radio-S2-1(D1)
 3 ;O ;  S3-1 ;1111 ;BB6631           ;000100 ; 3 ;M ;Up   ;9.8G  ;   0 ;RRU2217B20       ;BXP_2  ; 0 ;S ;Up   ;9.8G  ;   0 ;    6m ;Fru=BB-1(C) Fru=Radio-S3-1(D1)
 4 ;O ;S100-1 ;1111 ;BB6631           ;000100 ; 4 ;M ;Up   ;10.1G ;   0 ;RRU449944B144B3C ;BXP_6  ; 1 ;S ;Up   ;10.1G ;   0 ;   51m ;Fru=BB-1(D) Fru=Radio-S100-1(D2)
 5 ;O ;S102-1 ;1111 ;BB6631           ;000100 ; 5 ;M ;Up   ;10.1G ;   0 ;RRU449944B144B3C ;BXP_5  ; 1 ;S ;Up   ;10.1G ;   0 ;   51m ;Fru=BB-1(E) Fru=Radio-S102-1(D2)
-------------------------------------------------------------------------------------------------------------------------------------

=====================================================================================================================================
ID ;LINK ;RiL    ;VENDOR1  ;VENDORPROD1     ;REV1 ;SERIAL1      ;DATE1    ;ERICSSONPROD1      ;VENDOR2  ;VENDORPROD2     ;REV2 ;SERIAL2      ;DATE2    ;ERICSSONPROD2      ;TT ;WL1     ;WL2    
=====================================================================================================================================
 1 ;Up   ;  S1-1 ;ERICSSON ;EOLP-1396-02-IY ;1.0  ;DZ8P201QGJ   ;20230214 ;RDH10265/2 R1A     ;ERICSSON ;EOLP-1396-02-IY ;1.0  ;DZ8P201QFN   ;20230214 ;RDH10265/2 R1A     ;0  ;1310.00 ;1310.00
 2 ;Up   ;  S2-1 ;ERICSSON ;EOLP-1396-02-IY ;1.0  ;DZ8P201QHG   ;20230214 ;RDH10265/2 R1A     ;ERICSSON ;EOLP-1396-02-IY ;1.0  ;DZ8P201QH4   ;20230214 ;RDH10265/2 R1A     ;0  ;1310.00 ;1310.00
 3 ;Up   ;  S3-1 ;ERICSSON ;EOLP-1396-02-IY ;1.0  ;DZ8P201QFW   ;20230214 ;RDH10265/2 R1A     ;ERICSSON ;EOLP-1396-02-IY ;1.0  ;DZ8P201QHF   ;20230214 ;RDH10265/2 R1A     ;0  ;1310.00 ;1310.00
 4 ;Up   ;S100-1 ;ERICSSON ;EOLP-1396-02-IY ;1.0  ;DZ8P201QHL   ;20230214 ;RDH10265/2 R1A     ;ERICSSON ;EOLP-1396-02-IY ;1.0  ;DZ8P201QH0   ;20230214 ;RDH10265/2 R1A     ;0  ;1310.00 ;1310.00
 5 ;Up   ;S102-1 ;ERICSSON ;EOLP-1396-02-IY ;1.0  ;DZ8P201QGB   ;20230214 ;RDH10265/2 R1A     ;ERICSSON ;EOLP-1396-02-IY ;1.0  ;DZ8P201QG4   ;20230214 ;RDH10265/2 R1A     ;0  ;1310.00 ;1310.00
-------------------------------------------------------------------------------------------------------------------------------------

=====================================================================================================================================
ID ;LINK ;RiL    ;WL1     ;TEMP1 ;TXbs1 ;TXdBm1 ;RXdBm1 ;BER1   ;WL2     ;TEMP2 ;TXbs2 ;TXdBm2 ;RXdBm2 ;BER2   ;DlLoss ;UlLoss ;LENGTH ;TT
=====================================================================================================================================
 1 ;Up   ;  S1-1 ;1310.00 ;40C   ;41%   ;-3.18  ;-2.56  ;   0   ;1310.00 ;36C   ;40%   ;-2.43  ;-3.20  ;   0   ;  0.02 ;  0.13 ;    6m ; 0
 2 ;Up   ;  S2-1 ;1310.00 ;40C   ;40%   ;-2.96  ;-3.09  ;   0   ;1310.00 ;45C   ;41%   ;-2.70  ;-2.49  ;   0   ; -0.47 ;  0.39 ;    6m ; 0
 3 ;Up   ;  S3-1 ;1310.00 ;39C   ;40%   ;-2.37  ;-3.48  ;   0   ;1310.00 ;42C   ;40%   ;-2.88  ;-2.46  ;   0   ;  0.09 ;   0.6 ;    6m ; 0
 4 ;Up   ;S100-1 ;1310.00 ;39C   ;40%   ;-2.87  ;-3.65  ;   0   ;1310.00 ;28C   ;38%   ;-3.12  ;-2.43  ;   0   ; -0.44 ;  0.53 ;   51m ; 0
 5 ;Up   ;S102-1 ;1310.00 ;42C   ;40%   ;-2.92  ;-2.40  ;   0   ;1310.00 ;23C   ;37%   ;-2.71  ;-2.94  ;   0   ;  0.02 ; -0.31 ;   51m ; 0
-------------------------------------------------------------------------------------------------------------------------------------

=====================================================================================================================================
ID ;RiL    ;BOARD            ;SFPLNH  ;PORT ;VENDOR   ;VENDORPROD      ;REV  ;SERIAL       ;DATE     ;ERICSSONPROD       ;WL      ;TEMP  ;TXbs  ;TXdBm  ;RXdBm  ; BER
=====================================================================================================================================
 1 ;  S1-1 ;BB6631           ;000100   ;  1 ;ERICSSON ;EOLP-1396-02-IY ;1.0  ;DZ8P201QGJ   ;20230214 ;RDH10265/2 R1A     ;1310.00 ;40C   ;41%   ;-3.18  ;-2.56  ;   0
 2 ;  S2-1 ;BB6631           ;000100   ;  2 ;ERICSSON ;EOLP-1396-02-IY ;1.0  ;DZ8P201QHG   ;20230214 ;RDH10265/2 R1A     ;1310.00 ;40C   ;40%   ;-2.96  ;-3.09  ;   0
 3 ;  S3-1 ;BB6631           ;000100   ;  3 ;ERICSSON ;EOLP-1396-02-IY ;1.0  ;DZ8P201QFW   ;20230214 ;RDH10265/2 R1A     ;1310.00 ;39C   ;40%   ;-2.37  ;-3.48  ;   0
 4 ;S100-1 ;BB6631           ;000100   ;  4 ;ERICSSON ;EOLP-1396-02-IY ;1.0  ;DZ8P201QHL   ;20230214 ;RDH10265/2 R1A     ;1310.00 ;39C   ;40%   ;-2.87  ;-3.65  ;   0
 5 ;S102-1 ;BB6631           ;000100   ;  5 ;ERICSSON ;EOLP-1396-02-IY ;1.0  ;DZ8P201QGB   ;20230214 ;RDH10265/2 R1A     ;1310.00 ;42C   ;40%   ;-2.92  ;-2.40  ;   0
 3 ;  S3-1 ;RRU2217B20       ;BXP_2    ;  0 ;ERICSSON ;EOLP-1396-02-IY ;1.0  ;DZ8P201QHF   ;20230214 ;RDH10265/2 R1A     ;1310.00 ;42C   ;40%   ;-2.88  ;-2.46  ;   0
 2 ;  S2-1 ;RRU2217B20       ;BXP_3    ;  0 ;ERICSSON ;EOLP-1396-02-IY ;1.0  ;DZ8P201QH4   ;20230214 ;RDH10265/2 R1A     ;1310.00 ;45C   ;41%   ;-2.70  ;-2.49  ;   0
 1 ;  S1-1 ;RRU2217B20       ;BXP_4    ;  0 ;ERICSSON ;EOLP-1396-02-IY ;1.0  ;DZ8P201QFN   ;20230214 ;RDH10265/2 R1A     ;1310.00 ;36C   ;40%   ;-2.43  ;-3.20  ;   0
 5 ;S102-1 ;RRU449944B144B3C ;BXP_5    ;  1 ;ERICSSON ;EOLP-1396-02-IY ;1.0  ;DZ8P201QG4   ;20230214 ;RDH10265/2 R1A     ;1310.00 ;23C   ;37%   ;-2.71  ;-2.94  ;   0
 4 ;S100-1 ;RRU449944B144B3C ;BXP_6    ;  1 ;ERICSSON ;EOLP-1396-02-IY ;1.0  ;DZ8P201QH0   ;20230214 ;RDH10265/2 R1A     ;1310.00 ;28C   ;38%   ;-3.12  ;-2.43  ;   0
-------------------------------------------------------------------------------------------------------------------------------------
TN ;       ;BB6631           ;000100   ; IB ;ERICSSON ;EOLP-1396-02-IY ;1.0  ;DZ8P201QG3   ;20230214 ;RDH10265/2 R1A     ;1310    ;38C   ;40%   ;-2.48  ;-11.55 ; 0/0
TN ;       ;BB6631           ;000100   ;IA1 ;ERICSSON ;42020201934     ;A0   ;202246600652 ;20221107 ;RPM777053/1000 R1B ;NA      ;NA    ;NA    ;NA     ;NA     ; 0/0
-------------------------------------------------------------------------------------------------------------------------------------

=====================================================================================================================================
BOARD  ;LNH    ;PORT       ;T ;S ;OpMode        ;AutoNeg ;MacAddress        ;VlanIds        ;LOS ;BER
=====================================================================================================================================
BB6631 ;000100 ;TN_E       ;E ;1 ;1G_FULL_SLAVE ;true    ;E0:47:35:DE:4C:D4 ;3910           ;0   ;0/0
BB6631 ;000100 ;TN_IDL_A_1 ;O ;1 ;10G_FULL      ;false   ;E0:47:35:DE:4C:CD ;3901,3908,3910 ;0   ;0/0
BB6631 ;000100 ;TN_IDL_B   ;O ;1 ;1G_FULL       ;true    ;E0:47:35:DE:4C:D1 ;3901,3908,3910 ;0   ;0/0
-------------------------------------------------------------------------------------------------------------------------------------

radioClockState : RNT_TIME_LOCKED
-------------------------------------------------------------------------------------
Prio  ;ST  ;syncRefType    ;refStatus  ;opQualLevel  ;SyncReference
-------------------------------------------------------------------------------------
  *1  ; 1  ;PTP_TIME       ;NO_FAULT   ;PRTC         ;Ptp=1,BoundaryOrdinaryClock=PTP (G_8275_1 EthernetPort=TN_IDL_B:SLAVE EthernetPort=TN_IDL_A_1:MASTER)
   2  ; 1  ;NTP_FREQUENCY  ;NO_FAULT   ;PRC          ;Ntp=1,NtpFrequencySync=NTP1 (10.31.0.54:32751 Router=45G_Traffic,InterfaceIPv4=LTE,AddressIPv4=LTE)
-------------------------------------------------------------------------------------
-------------------------------------------------------------------------------------
Prio  ;ST  ;assistRefStatus  ;recQualLevel  ;AssistingReference
-------------------------------------------------------------------------------------
   1  ; 0  ;NO_FAULT         ;PRC           ;Synchronization=1,SyncEthInput=SyncE (SFP_OPTICAL EthernetPort=TN_IDL_B)
-------------------------------------------------------------------------------------

=====================================================================================================================================
FRU          ;LNH    ;BOARD            ;RF  ;BP  ;TX (W/dBm)  ;VSWR (RL)   ;RX (dBm) ;UEs/gUEs  ;Sector/AntennaGroup/Cells (State:CellIds:PCIs)
=====================================================================================================================================
Radio-S1-1   ;BXP_4  ;RRU2217B20       ; A  ;11  ;-           ;1.15 (22.9) ;         ;0/-       ;SE=1 AG=1 FDD=RL6CE1 NIOT=RL6CN1 (1:61:446, 1:161:446)
Radio-S1-1   ;BXP_4  ;RRU2217B20       ; B  ;11  ;-           ;1.21 (20.3) ;         ;0/-       ;SE=1 AG=1 FDD=RL6CE1 NIOT=RL6CN1 (1:61:446, 1:161:446)
Radio-S2-1   ;BXP_3  ;RRU2217B20       ; A  ;11  ;-           ;1.14 (23.9) ;         ;5/-       ;SE=2 AG=2 FDD=RL6CE2 NIOT=RL6CN2 (1:62:341, 1:162:341)
Radio-S2-1   ;BXP_3  ;RRU2217B20       ; B  ;11  ;-           ;1.32 (17.3) ;         ;5/-       ;SE=2 AG=2 FDD=RL6CE2 NIOT=RL6CN2 (1:62:341, 1:162:341)
Radio-S3-1   ;BXP_2  ;RRU2217B20       ; A  ;11  ;-           ;1.20 (21.0) ;         ;13/-      ;SE=3 AG=3 FDD=RL6CE3 NIOT=RL6CN3 (1:63:29, 1:163:29)
Radio-S3-1   ;BXP_2  ;RRU2217B20       ; B  ;11  ;-           ;1.14 (23.8) ;         ;13/-      ;SE=3 AG=3 FDD=RL6CE3 NIOT=RL6CN3 (1:63:29, 1:163:29)
Radio-S100-1 ;BXP_6  ;RRU449944B144B3C ; A  ;11  ;22.0 (43.4) ;1.05 (31.6) ;-92.9    ;27/-      ;SE=100 AG=100 FDD=RL6CM1 FDD=RL6CT1 (1:31:449, 1:41:100)
Radio-S100-1 ;BXP_6  ;RRU449944B144B3C ; B  ;11  ;8.9 (39.5)  ;1.12 (25.1) ;-93.2    ;27/-      ;SE=100 AG=100 FDD=RL6CM1 FDD=RL6CT1 (1:31:449, 1:41:100)
Radio-S100-1 ;BXP_6  ;RRU449944B144B3C ; C  ;11  ;27.9 (44.5) ;1.13 (24.2) ;-92.4    ;60/-      ;SE=101 AG=101 FDD=RL6CM2 FDD=RL6CT2 (1:32:213, 1:42:218)
Radio-S100-1 ;BXP_6  ;RRU449944B144B3C ; D  ;11  ;29.4 (44.7) ;1.18 (21.6) ;-92.9    ;60/-      ;SE=101 AG=101 FDD=RL6CM2 FDD=RL6CT2 (1:32:213, 1:42:218)
Radio-S102-1 ;BXP_5  ;RRU449944B144B3C ; A  ;11  ;28.6 (44.6) ;1.06 (31.0) ;-93.5    ;34/-      ;SE=102 AG=102 FDD=RL6CM3 FDD=RL6CT3 (1:33:206, 1:43:217)
Radio-S102-1 ;BXP_5  ;RRU449944B144B3C ; B  ;11  ;26.1 (44.2) ;1.14 (23.9) ;-94.2    ;34/-      ;SE=102 AG=102 FDD=RL6CM3 FDD=RL6CT3 (1:33:206, 1:43:217)
Radio-S102-1 ;BXP_5  ;RRU449944B144B3C ; C  ;11  ;-           ;-           ;         ;          ;
Radio-S102-1 ;BXP_5  ;RRU449944B144B3C ; D  ;11  ;-           ;-           ;         ;          ;
-------------------------------------------------------------------------------------------------------------------------------------

RL6CE> mfar

251125-13:57:04+0100 19.31.13.190 25.0h MSRBS_NODE_MODEL_25.Q1_693.28324.131_62ac stopfile=/tmp/2608595
........
Last MO: 18230. Loaded 18230 MOs. Total: 18231 MOs.
.................................................
get /rop/A20251125.1115-1130_RL6CE.xml.gz /ericsson/log/amos/moshell_logfiles/t20251125_37258710_65084/logs_moshell/pmfiles/19.31.13.190/rop/A20251125.1115-1130_RL6CE.xml.gz ... OK
get /rop/A20251125.1130-1145_RL6CE.xml.gz /ericsson/log/amos/moshell_logfiles/t20251125_37258710_65084/logs_moshell/pmfiles/19.31.13.190/rop/A20251125.1130-1145_RL6CE.xml.gz ... OK
get /rop/A20251125.1145-1200_RL6CE.xml.gz /ericsson/log/amos/moshell_logfiles/t20251125_37258710_65084/logs_moshell/pmfiles/19.31.13.190/rop/A20251125.1145-1200_RL6CE.xml.gz ... OK

Using hardcoded thresholds: 3, 4.5, and 16.5
================================================================================================================================
SC     SE  Tx/Rx BrPair  RfPort1 - RfPort2               HW       Serial      Cell (State)   Samples   Med  Mean  SDev Pol Res Issue
================================================================================================================================
RL6CE1   1   2/2 0 (1,2) Radio-S1-1(A) Radio-S1-1(B)     RRU2217  TU8U01YRPK  FDD=RL6CE1 (1)    3154  -0.5  -0.7   7.2  NA  OK Passed
RL6CE2   2   2/2 0 (1,2) Radio-S2-1(A) Radio-S2-1(B)     RRU2217  TU8U01YRP5  FDD=RL6CE2 (1)   64162  -2.5  -2.1   7.0  NA  OK Passed
RL6CE3   3   2/2 0 (1,2) Radio-S3-1(A) Radio-S3-1(B)     RRU2217  TU8U01YRBX  FDD=RL6CE3 (1)  123576  -0.5  -0.2   7.0  NA  OK Passed
RL6CM1 100   2/2 0 (1,2) Radio-S100-1(A) Radio-S100-1(B) RRU4499  E23E482375  FDD=RL6CM1 (1)   49793  -1.5  -1.9   7.0  NA  OK Passed
RL6CM2 101   2/2 0 (1,2) Radio-S100-1(C) Radio-S100-1(D) RRU4499  E23E482375  FDD=RL6CM2 (1)  140515   0.5   0.8   7.2  NA  OK Passed
RL6CM3 102   2/2 0 (1,2) Radio-S102-1(A) Radio-S102-1(B) RRU4499  E23E482373  FDD=RL6CM3 (1)   27444  -1.5  -1.8   7.5  NA  OK Passed
RL6CT1 100   2/2 0 (1,2) Radio-S100-1(A) Radio-S100-1(B) RRU4499  E23E482375  FDD=RL6CT1 (1)  126634   0.5   0.1   7.3  NA  OK Passed
RL6CT2 101   2/2 0 (1,2) Radio-S100-1(C) Radio-S100-1(D) RRU4499  E23E482375  FDD=RL6CT2 (1)  212044  -0.5  -0.5   7.1  NA  OK Passed
RL6CT3 102   2/2 0 (1,2) Radio-S102-1(A) Radio-S102-1(B) RRU4499  E23E482373  FDD=RL6CT3 (1)  181351  -0.5  -0.3   7.0  NA  OK Passed
================================================================================================================================
Total: 9 SectorCarriers, 9 RfBranch Pairs (9 OK, 0 OKW, 0 NOK, 0 NT)
........
Last MO: 18230. Loaded 18230 MOs. Total: 18231 MOs.

No NRSectorCarrier MOs are defined on the node.

RL6CE> mfitr

251125-13:57:21+0100 19.31.13.190 25.0h MSRBS_NODE_MODEL_25.Q1_693.28324.131_62ac stopfile=/tmp/2608595
.............
Last MO: 18230. Loaded 18230 MOs. Total: 18231 MOs.
..........
2025-11-25 13:58
================================================================================================================================
CELL       SC     FRU          BOARD            PUSCH  PUCCH       A      B      C      D  DELTA
================================================================================================================================
FDD=RL6CE1 RL6CE1 Radio-S1-1   RRU2217B20       -116.6 -115.6 -116.8 -116.4                  0.4
FDD=RL6CE2 RL6CE2 Radio-S2-1   RRU2217B20       -114.9 -113.1 -116.1 -114.0                  2.1
FDD=RL6CE3 RL6CE3 Radio-S3-1   RRU2217B20       -115.4 -112.5 -115.3 -114.5                  0.8
FDD=RL6CM1 RL6CM1 Radio-S100-1 RRU449944B144B3C -117.6 -118.4 -115.9 -116.6                  0.7
FDD=RL6CM2 RL6CM2 Radio-S100-1 RRU449944B144B3C -118.3 -118.6               -117.7 -118.5    0.8
FDD=RL6CM3 RL6CM3 Radio-S102-1 RRU449944B144B3C -118.5 -119.0 -117.2 -117.6                  0.4
FDD=RL6CT1 RL6CT1 Radio-S100-1 RRU449944B144B3C -114.8 -117.1 -115.4 -116.2                  0.8
FDD=RL6CT2 RL6CT2 Radio-S100-1 RRU449944B144B3C -115.4 -116.2               -116.2 -116.8    0.6
FDD=RL6CT3 RL6CT3 Radio-S102-1 RRU449944B144B3C -116.1 -117.4 -117.6 -116.6                    1
================================================================================================================================
Bye...
Output has been logged to file /mta_fs/UserFiles/37258710/amosbatch/SDIR/RL6CE.log
