Logging to file /mta_fs/UserFiles/37258710/amosbatch/SDIR/RL71L.log
                        __  __  ____   _____
                  /\   |  \/  |/ __ \ / ____|
                 /  \  | \  / | |  | | (___  
                / /\ \ | |\/| | |  | |\___ \ 
               / ____ \| |  | | |__| |____) |
              /_/    \_\_|  |_|\____/|_____/
              OSS Framework for MoShell-25.0h 
  Copyright (c) Ericsson AB 2001-2025 - All Rights Reserved
              
           
[1;31mWARNING: [0mthe AMOS version currently running is more than 29 weeks old and is unsupported.
Please upgrade as soon as possible to the latest released version, available from your local Ericsson support.

$amosrb_pid = 2659742

Checking ip contact...OK

HELP MENU            : h
BASIC MO COMMANDS    : m
OTHER MO COMMANDS    : n
OTHER COMMANDS       : o
PM COMMANDS          : p
QUIT                 : q

RL71L> lt all

251125-14:09:14+0100 19.31.14.187 25.0h  stopfile=/tmp/2659642
Looking up temporary_amos account... OK.
Trying temporary_amos_t20251125_37258710_65084_131's password from amos lookupAccount ... OK

$ssh_pid = 2660063

Connected to 19.31.14.187 (SubNetwork=BBMM_rckomc_R,MeContext=RL71L,ManagedElement=RL71L)

Checking MOM version...MSRBS_NODE_MODEL_25.Q1_198665.224.73_bf81
Parsing MOM (cached): /ericsson/log/amos/moshell_logfiles/t20251125_37258710_65084/logs_moshell/tempfiles/scp-4-amos_20251125-140907_2659583/MSRBS_NODE_MODEL_25.Q1_198665.224.73_bf81.xml.cache.gz ......................................................................................................................................................................................................................Done.
Using paramfile /opt/ericsson/amos/moshell/commonjars/pm/PARAM_MSRBSG2_25.Q1.txt
Parsing file /opt/ericsson/amos/moshell/commonjars/pm/PARAM_MSRBSG2_25.Q1.txt ......................................................................................Done.
Using imomdfile /opt/ericsson/amos/moshell/commonjars/pm/IMOMD_MSRBS_22.Q4.txt
Using imomfile /opt/ericsson/amos/moshell/commonjars/pm/IMOM_MSRBS_25.Q1.txt
Connected to 19.31.14.187 (SubNetwork=BBMM_rckomc_R,MeContext=RL71L,ManagedElement=RL71L)

Last MO: 17637. Loaded 17637 MOs. Total: 17638 MOs.

RL71L> st cell

251125-14:09:33+0100 19.31.14.187 25.0h MSRBS_NODE_MODEL_25.Q1_198665.224.73_bf81 stopfile=/tmp/2659642
===================================================================================
Proxy  Adm State     Op. State     MO
===================================================================================
   43  1 (UNLOCKED)  1 (ENABLED)   ENodeBFunction=1,EUtranCellFDD=RL71E1
  192  1 (UNLOCKED)  1 (ENABLED)   ENodeBFunction=1,EUtranCellFDD=RL71E3
  334  1 (UNLOCKED)  1 (ENABLED)   ENodeBFunction=1,EUtranCellFDD=RL71L1
  478  1 (UNLOCKED)  1 (ENABLED)   ENodeBFunction=1,EUtranCellFDD=RL71L2
  615  1 (UNLOCKED)  1 (ENABLED)   ENodeBFunction=1,EUtranCellFDD=RL71L3
 1359  1 (UNLOCKED)  1 (ENABLED)   ENodeBFunction=1,NbIotCell=RL71N1
 1360  1 (UNLOCKED)  1 (ENABLED)   ENodeBFunction=1,NbIotCell=RL71N3
===================================================================================
Total: 7 MOs

RL71L> st radio

251125-14:09:33+0100 19.31.14.187 25.0h MSRBS_NODE_MODEL_25.Q1_198665.224.73_bf81 stopfile=/tmp/2659642
===================================================================================
Proxy  Adm State     Op. State     MO
===================================================================================
 2065  1 (UNLOCKED)  1 (ENABLED)   Equipment=1,FieldReplaceableUnit=Radio-S1-1
 2077  1 (UNLOCKED)  1 (ENABLED)   Equipment=1,FieldReplaceableUnit=Radio-S180-1
 2092  1 (UNLOCKED)  1 (ENABLED)   Equipment=1,FieldReplaceableUnit=Radio-S182-1
 2107  1 (UNLOCKED)  1 (ENABLED)   Equipment=1,FieldReplaceableUnit=Radio-S2-1
17632  1 (UNLOCKED)  1 (ENABLED)   Transport=1,Synchronization=1,RadioEquipmentClock=1,RadioEquipmentClockReference=NTP1
17633  1 (UNLOCKED)  1 (ENABLED)   Transport=1,Synchronization=1,RadioEquipmentClock=1,RadioEquipmentClockReference=PTP
===================================================================================
Total: 6 MOs

RL71L> sdir

251125-14:09:34+0100 19.31.14.187 25.0h MSRBS_NODE_MODEL_25.Q1_198665.224.73_bf81 stopfile=/tmp/2659642
INFO: Using amos lookupAccount credentials for the export login
...............................
get /rop/A20251125.1215-1230_RL71L.xml.gz /ericsson/log/amos/moshell_logfiles/t20251125_37258710_65084/logs_moshell/pmfiles/19.31.14.187/rop/A20251125.1215-1230_RL71L.xml.gz ... OK
get /rop/A20251125.1230-1245_RL71L.xml.gz /ericsson/log/amos/moshell_logfiles/t20251125_37258710_65084/logs_moshell/pmfiles/19.31.14.187/rop/A20251125.1230-1245_RL71L.xml.gz ... OK
get /rop/A20251125.1245-1300_RL71L.xml.gz /ericsson/log/amos/moshell_logfiles/t20251125_37258710_65084/logs_moshell/pmfiles/19.31.14.187/rop/A20251125.1245-1300_RL71L.xml.gz ... OK
....Checking available boards on node...

Collecting RCS board data ...
............................................................................
......................
.............................................................................................................................................................................................................................................................
.....
Collecting TN data...
.................................................................................................................................................
Getting MO data from node (56 MOs). Please wait...
0%                                             ~50%                                           ~100%
..............................................................................................................................
Collecting RF data...
.
Collecting Alarms...
Executing action Log.export()
...
Log=AlarmLog                    actionId=50464
........
Executing action LogM.exportAvailabilityLog()
..LogM=1,exportAvailabilityLog    actionId=50465
.....Parsing alarmLog.....Done.
Parsing availabilityLog.....Done.
....

Total: 4 CPRI links (4 OK, 0 OKW, 0 NOK, 0 NT)

+--------+                      +------------+
|        | A        O98      D1 | Radio-S1-1 |
|        |-----------1----------| RRU2217B20 |
|        |         OK-52m       |   BXP_2    |
|        |                      +------------+
|        |                             |A  |B
|        |               SE=1 AG=1 FDD=RL71E1
|        |                        NIOT=RL71N1
|        |
|        |                      +------------+
|        | C        O98      D1 | Radio-S2-1 |
|        |-----------2----------| RRU2217B20 |
|        |         OK-37m       |   BXP_3    |
|        |                      +------------+
|        |                             |A  |B
|        |               SE=2 AG=2 FDD=RL71E3
|        |                        NIOT=RL71N3
|        |
|        |                      +---------------+
|  BB-1  | D        O101     D1 | Radio-S180-1  |
| BB6620 |-----------3----------|   RRU4415B7   |
| 000100 |         OK-52m       |     BXP_4     |
|        |                      +---------------+
|        |                        |A  |B  |C  |D
|        |                 SE=180 AG=180  |   |
|        |                    FDD=RL71L1  |   |
|        |                         SE=181 AG=181
|        |                            FDD=RL71L2
|        |
|        |                      +---------------+
|        | E        O101     D1 | Radio-S182-1  |
|        |-----------4----------|   RRU4415B7   |
|        |         OK-37m       |     BXP_5     |
|        |                      +---------------+
|        |                        |A  |B  |C  |D
|        |                 SE=182 AG=182  |   |
|        |                    FDD=RL71L3  |   |
|        |
+--------+

=====================================================================================================================================
ID RiL    Type Res MO1-MO2                  BOARD1-BOARD2     AlmIDs Cells (States)               Issue (Failed checks)
=====================================================================================================================================
 1 S1-1   O98  OK  BB-1(A) Radio-S1-1(D1)   BB6620 RRU2217B20        FDD=RL71E1 NIOT=RL71N1 (1,1) Passed
 2 S2-1   O98  OK  BB-1(C) Radio-S2-1(D1)   BB6620 RRU2217B20        FDD=RL71E3 NIOT=RL71N3 (1,1) Passed
 3 S180-1 O101 OK  BB-1(D) Radio-S180-1(D1) BB6620 RRU4415B7         FDD=RL71L1 FDD=RL71L2 (1,1)  Passed
 4 S182-1 O101 OK  BB-1(E) Radio-S182-1(D1) BB6620 RRU4415B7         FDD=RL71L3 (1)               Passed
-------------------------------------------------------------------------------------------------------------------------------------

Node: RadioNode L   CXP9024418/16_R8D21 (RCG123.3-3)   G2   LTE-FDD,LTE-IoT 

=====================================================================================================================================
FRU          ;LNH    ;BOARD      ;ST ;FAULT ;OPER ;MAINT ;STAT ;PRODUCTNUMBER   ;REV     ;SERIAL        ;DATE     ;PMTEMP ; TEMP ; UPT ;VOLT ;SW                   ;
=====================================================================================================================================
BB-1         ;000100 ;BB6620     ; 1 ;  OFF ;  ON ;  OFF ;  ON ;KDU137847/11    ;R3D     ;E96A00QRWC    ;20220420 ;3 (OK) ;      ; 131 ;48   ;                     ;
Radio-S1-1   ;BXP_2  ;RRU2217B20 ; 1 ;  OFF ;  ON ;  OFF ; N/A ;KRC161549/1     ;R1S     ;TU8U01FU5A    ;20220321 ;4 (OK) ; 35.2 ; 131 ;55.5 ;CXP9013268%9_R96JB   ; (Radio2217B20)
Radio-S180-1 ;BXP_4  ;RRU4415B7  ; 1 ;  OFF ;  ON ;  OFF ; N/A ;KRC161495/1     ;R5FC    ;TU8U01GQB8    ;20220405 ;4 (OK) ; 38.0 ; 131 ;54.6 ;CXP9013268%15_R101KB ; (Radio4415B7)
Radio-S182-1 ;BXP_5  ;RRU4415B7  ; 1 ;  OFF ;  ON ;  OFF ; N/A ;KRC161495/1     ;R5FC    ;TU8U01GQUC    ;20220405 ;4 (OK) ; 32.5 ; 131 ;54.4 ;CXP9013268%15_R101KB ; (Radio4415B7)
Radio-S2-1   ;BXP_3  ;RRU2217B20 ; 1 ;  OFF ;  ON ;  OFF ; N/A ;KRC161549/1     ;R1S     ;TU8U01FU5C    ;20220321 ;4 (OK) ; 36.7 ; 131 ;55.3 ;CXP9013268%9_R96JB   ; (Radio2217B20)
-------------------------------------------------------------------------------------------------------------------------------------

=====================================================================================================================================
AntennaNearUnit                                     ;ST  ;TYPE   ;PRODUCTNR     ;REV                ;UNIQUEID             ;RfPort
=====================================================================================================================================
AntennaUnitGroup=1,AntennaNearUnit=RET_1800_2100    ; 1  ;S-RET  ;AIMM20M22v01  ;WD82MANGRCU_VER.C  ;HWM3288LA00DM099Lb1  ;FieldReplaceableUnit=Radio-S1-1,RfPort=R
AntennaUnitGroup=1,AntennaNearUnit=RET_2600         ; 1  ;S-RET  ;AIMM20M22v01  ;WD82MANGRCU_VER.C  ;HWM3288LA00DQ01CLy2  ;FieldReplaceableUnit=Radio-S1-1,RfPort=R
AntennaUnitGroup=1,AntennaNearUnit=RET_800          ; 1  ;S-RET  ;AIMM20M22v01  ;WD82MANGRCU_VER.C  ;HWM3288LA00DT037Lr1  ;FieldReplaceableUnit=Radio-S1-1,RfPort=R
AntennaUnitGroup=181,AntennaNearUnit=RET_1800_2100  ; 1  ;S-RET  ;AIMM20M22v01  ;WD82MANGRCU_VER.C  ;HWM3288LA00EU060Lb1  ;FieldReplaceableUnit=Radio-S180-1,RfPort=R
AntennaUnitGroup=181,AntennaNearUnit=RET_2600       ; 1  ;S-RET  ;AIMM20M22v01  ;WD82MANGRCU_VER.C  ;HWM3288LA00EX08CLy2  ;FieldReplaceableUnit=Radio-S180-1,RfPort=R
AntennaUnitGroup=2,AntennaNearUnit=RET_1800_2100    ; 1  ;S-RET  ;AIMM20M22v01  ;WD82MANGRCU_VER.C  ;HWM3288LB000A076Lb1  ;FieldReplaceableUnit=Radio-S2-1,RfPort=R
AntennaUnitGroup=2,AntennaNearUnit=RET_2600         ; 1  ;S-RET  ;AIMM20M22v01  ;WD82MANGRCU_VER.C  ;HWM3288LB000D05CLy2  ;FieldReplaceableUnit=Radio-S2-1,RfPort=R
AntennaUnitGroup=2,AntennaNearUnit=RET_800          ; 1  ;S-RET  ;AIMM20M22v01  ;WD82MANGRCU_VER.C  ;HWM3288LB000G082Lr1  ;FieldReplaceableUnit=Radio-S2-1,RfPort=R
-------------------------------------------------------------------------------------------------------------------------------------

=====================================================================================================================================
XPBOARD  ;ST ;FAULT ;OPER ;PRODUCTNUMBER ;REV ;SERIAL/NAME ;DATE     ; TEMP ;MO
=====================================================================================================================================
FAN      ; 1 ;N/A   ;N/A  ;BKV106217/1   ;N/A ;N/A         ;N/A      ;      ;SupportUnit=1 (FAN  BB-1)
-------------------------------------------------------------------------------------------------------------------------------------

=====================================================================================================================================
ID ;T ;RiL    ;BPBP ;BOARD1     ;LNH1 ;PORT ;R ;LINK ;RATE  ; BER ;BOARD2     ;LNH2 ;PORT ;R ;LINK ;RATE  ; BER ;LENGTH ;MO1 - MO2
=====================================================================================================================================
 1 ;O ;  S1-1 ;1111 ;BB6620     ;000100 ; 1 ;M ;Up   ;9.8G  ;   0 ;RRU2217B20 ;BXP_2  ; 0 ;S ;Up   ;9.8G  ;   0 ;   52m ;Fru=BB-1(A) Fru=Radio-S1-1(D1)
 2 ;O ;  S2-1 ;1111 ;BB6620     ;000100 ; 3 ;M ;Up   ;9.8G  ;   0 ;RRU2217B20 ;BXP_3  ; 0 ;S ;Up   ;9.8G  ;   0 ;   37m ;Fru=BB-1(C) Fru=Radio-S2-1(D1)
 3 ;O ;S180-1 ;1111 ;BB6620     ;000100 ; 4 ;M ;Up   ;10.1G ;   0 ;RRU4415B7  ;BXP_4  ; 0 ;S ;Up   ;10.1G ;   0 ;   52m ;Fru=BB-1(D) Fru=Radio-S180-1(D1)
 4 ;O ;S182-1 ;1111 ;BB6620     ;000100 ; 5 ;M ;Up   ;10.1G ;   0 ;RRU4415B7  ;BXP_5  ; 0 ;S ;Up   ;10.1G ;   0 ;   37m ;Fru=BB-1(E) Fru=Radio-S182-1(D1)
-------------------------------------------------------------------------------------------------------------------------------------

=====================================================================================================================================
ID ;LINK ;RiL    ;VENDOR1  ;VENDORPROD1      ;REV1 ;SERIAL1         ;DATE1    ;ERICSSONPROD1  ;VENDOR2  ;VENDORPROD2      ;REV2 ;SERIAL2         ;DATE2    ;ERICSSONPROD2  ;TT ;WL1     ;WL2    
=====================================================================================================================================
 1 ;Up   ;  S1-1 ;ERICSSON ;LCP-10G3B4HDRME4 ;A    ;2208094A2451861 ;20220223 ;RDH10265/2 R1A ;ERICSSON ;LCP-10G3B4HDRME4 ;A    ;2208094A2451868 ;20220223 ;RDH10265/2 R1A ;0  ;1310.00 ;1310.00
 2 ;Up   ;  S2-1 ;ERICSSON ;LCP-10G3B4HDRME4 ;A    ;2208094A2451859 ;20220223 ;RDH10265/2 R1A ;ERICSSON ;LCP-10G3B4HDRME4 ;A    ;2208094A2451869 ;20220223 ;RDH10265/2 R1A ;0  ;1310.00 ;1310.00
 3 ;Up   ;S180-1 ;ERICSSON ;LCP-10G3B4HDRME4 ;A    ;2208094A2451870 ;20220223 ;RDH10265/2 R1A ;ERICSSON ;LCP-10G3B4HDRME4 ;A    ;2208094A2451863 ;20220223 ;RDH10265/2 R1A ;0  ;1310.00 ;1310.00
 4 ;Up   ;S182-1 ;ERICSSON ;LCP-10G3B4HDRME4 ;A    ;2208094A2451867 ;20220223 ;RDH10265/2 R1A ;ERICSSON ;LCP-10G3B4HDRME4 ;A    ;2208094A2451871 ;20220223 ;RDH10265/2 R1A ;0  ;1310.00 ;1310.00
-------------------------------------------------------------------------------------------------------------------------------------

=====================================================================================================================================
ID ;LINK ;RiL    ;WL1     ;TEMP1 ;TXbs1 ;TXdBm1 ;RXdBm1 ;BER1   ;WL2     ;TEMP2 ;TXbs2 ;TXdBm2 ;RXdBm2 ;BER2   ;DlLoss ;UlLoss ;LENGTH ;TT
=====================================================================================================================================
 1 ;Up   ;  S1-1 ;1310.00 ;33C   ;40%   ;-3.31  ;-3.35  ;   0   ;1310.00 ;29C   ;41%   ;-3.23  ;-3.44  ;   0   ;  0.13 ;  0.12 ;   52m ; 0
 2 ;Up   ;  S2-1 ;1310.00 ;33C   ;37%   ;-3.27  ;-2.72  ;   0   ;1310.00 ;30C   ;42%   ;-3.26  ;-2.41  ;   0   ; -0.86 ; -0.54 ;   37m ; 0
 3 ;Up   ;S180-1 ;1310.00 ;36C   ;45%   ;-3.27  ;-3.52  ;   0   ;1310.00 ;29C   ;36%   ;-3.27  ;-4.13  ;   0   ;  0.86 ;  0.25 ;   52m ; 0
 4 ;Up   ;S182-1 ;1310.00 ;35C   ;35%   ;-3.22  ;-3.55  ;   0   ;1310.00 ;22C   ;35%   ;-3.19  ;-3.64  ;   0   ;  0.42 ;  0.36 ;   37m ; 0
-------------------------------------------------------------------------------------------------------------------------------------

=====================================================================================================================================
ID ;RiL    ;BOARD      ;SFPLNH  ;PORT ;VENDOR   ;VENDORPROD       ;REV  ;SERIAL          ;DATE     ;ERICSSONPROD   ;WL      ;TEMP  ;TXbs  ;TXdBm  ;RXdBm  ; BER
=====================================================================================================================================
 1 ;  S1-1 ;BB6620     ;000100   ;  1 ;ERICSSON ;LCP-10G3B4HDRME4 ;A    ;2208094A2451861 ;20220223 ;RDH10265/2 R1A ;1310.00 ;33C   ;40%   ;-3.31  ;-3.35  ;   0
 2 ;  S2-1 ;BB6620     ;000100   ;  3 ;ERICSSON ;LCP-10G3B4HDRME4 ;A    ;2208094A2451859 ;20220223 ;RDH10265/2 R1A ;1310.00 ;33C   ;37%   ;-3.27  ;-2.72  ;   0
 3 ;S180-1 ;BB6620     ;000100   ;  4 ;ERICSSON ;LCP-10G3B4HDRME4 ;A    ;2208094A2451870 ;20220223 ;RDH10265/2 R1A ;1310.00 ;36C   ;45%   ;-3.27  ;-3.52  ;   0
 4 ;S182-1 ;BB6620     ;000100   ;  5 ;ERICSSON ;LCP-10G3B4HDRME4 ;A    ;2208094A2451867 ;20220223 ;RDH10265/2 R1A ;1310.00 ;35C   ;35%   ;-3.22  ;-3.55  ;   0
 1 ;  S1-1 ;RRU2217B20 ;BXP_2    ;  0 ;ERICSSON ;LCP-10G3B4HDRME4 ;A    ;2208094A2451868 ;20220223 ;RDH10265/2 R1A ;1310.00 ;29C   ;41%   ;-3.23  ;-3.44  ;   0
 2 ;  S2-1 ;RRU2217B20 ;BXP_3    ;  0 ;ERICSSON ;LCP-10G3B4HDRME4 ;A    ;2208094A2451869 ;20220223 ;RDH10265/2 R1A ;1310.00 ;30C   ;42%   ;-3.26  ;-2.41  ;   0
 3 ;S180-1 ;RRU4415B7  ;BXP_4    ;  0 ;ERICSSON ;LCP-10G3B4HDRME4 ;A    ;2208094A2451863 ;20220223 ;RDH10265/2 R1A ;1310.00 ;29C   ;36%   ;-3.27  ;-4.13  ;   0
 4 ;S182-1 ;RRU4415B7  ;BXP_5    ;  0 ;ERICSSON ;LCP-10G3B4HDRME4 ;A    ;2208094A2451871 ;20220223 ;RDH10265/2 R1A ;1310.00 ;22C   ;35%   ;-3.19  ;-3.64  ;   0
-------------------------------------------------------------------------------------------------------------------------------------
TN ;       ;BB6620     ;000100   ;  A ;ERICSSON ;LCP-10G3B4HDRME4 ;A    ;2208094A2451857 ;20220223 ;RDH10265/2 R1A ;0       ;33C   ;36%   ;-3.25  ;-4.47  ; 0/0
-------------------------------------------------------------------------------------------------------------------------------------

=====================================================================================================================================
BOARD  ;LNH    ;PORT   ;T ;S ;OpMode   ;AutoNeg ;MacAddress        ;VlanIds   ;LOS ;BER
=====================================================================================================================================
BB6620 ;000100 ;IDL_A1 ;E ;1 ;10G_FULL ;false   ;F8:97:A9:08:02:FD ;3908      ;0   ;0/0
BB6620 ;000100 ;TN_A   ;O ;1 ;1G_FULL  ;true    ;F8:97:A9:08:02:F9 ;3908,3910 ;0   ;0/0
-------------------------------------------------------------------------------------------------------------------------------------

radioClockState : RNT_TIME_LOCKED
-------------------------------------------------------------------------------------
Prio  ;ST  ;syncRefType    ;refStatus  ;opQualLevel  ;SyncReference
-------------------------------------------------------------------------------------
  *1  ; 1  ;PTP_TIME       ;NO_FAULT   ;PRTC         ;Ptp=1,BoundaryOrdinaryClock=PTP (G_8275_1 EthernetPort=TN_A:SLAVE)
   2  ; 1  ;NTP_FREQUENCY  ;NO_FAULT   ;PRC          ;Ntp=1,NtpFrequencySync=NTP1 (10.31.0.54:32751 Router=45G_Traffic,InterfaceIPv4=LTE,AddressIPv4=LTE)
-------------------------------------------------------------------------------------
-------------------------------------------------------------------------------------
Prio  ;ST  ;assistRefStatus  ;recQualLevel  ;AssistingReference
-------------------------------------------------------------------------------------
   1  ; 1  ;NO_FAULT         ;PRTC          ;Synchronization=1,SyncEthInput=SyncE (SFP_OPTICAL EthernetPort=TN_A)
-------------------------------------------------------------------------------------

=====================================================================================================================================
FRU          ;LNH    ;BOARD      ;RF  ;BP  ;TX (W/dBm)  ;VSWR (RL)   ;RX (dBm) ;UEs/gUEs  ;Sector/AntennaGroup/Cells (State:CellIds:PCIs)
=====================================================================================================================================
Radio-S1-1   ;BXP_2  ;RRU2217B20 ; A  ;11  ;-           ;1.10 (26.8) ;         ;2/-       ;SE=1 AG=1 FDD=RL71E1 NIOT=RL71N1 (1:61:187, 1:161:187)
Radio-S1-1   ;BXP_2  ;RRU2217B20 ; B  ;11  ;-           ;1.16 (22.7) ;         ;2/-       ;SE=1 AG=1 FDD=RL71E1 NIOT=RL71N1 (1:61:187, 1:161:187)
Radio-S2-1   ;BXP_3  ;RRU2217B20 ; A  ;11  ;-           ;1.12 (24.9) ;         ;5/-       ;SE=2 AG=2 FDD=RL71E3 NIOT=RL71N3 (1:63:435, 1:163:435)
Radio-S2-1   ;BXP_3  ;RRU2217B20 ; B  ;11  ;-           ;1.11 (25.3) ;         ;5/-       ;SE=2 AG=2 FDD=RL71E3 NIOT=RL71N3 (1:63:435, 1:163:435)
Radio-S180-1 ;BXP_4  ;RRU4415B7  ; A  ;11  ;11.7 (40.7) ;1.15 (23.3) ;-95.3    ;11/-      ;SE=180 AG=180 FDD=RL71L1 (1:21:472)
Radio-S180-1 ;BXP_4  ;RRU4415B7  ; B  ;11  ;12.6 (41.0) ;1.13 (24.1) ;-95.2    ;11/-      ;SE=180 AG=180 FDD=RL71L1 (1:21:472)
Radio-S180-1 ;BXP_4  ;RRU4415B7  ; C  ;11  ;8.3 (39.2)  ;1.22 (20.0) ;-96.2    ;0/-       ;SE=181 AG=181 FDD=RL71L2 (1:22:376)
Radio-S180-1 ;BXP_4  ;RRU4415B7  ; D  ;11  ;-           ;1.22 (20.1) ;-96.9    ;0/-       ;SE=181 AG=181 FDD=RL71L2 (1:22:376)
Radio-S182-1 ;BXP_5  ;RRU4415B7  ; A  ;11  ;27.5 (44.4) ;1.13 (24.3) ;-92.8    ;24/-      ;SE=182 AG=182 FDD=RL71L3 (1:23:85)
Radio-S182-1 ;BXP_5  ;RRU4415B7  ; B  ;11  ;26.9 (44.3) ;1.13 (24.5) ;-93.9    ;24/-      ;SE=182 AG=182 FDD=RL71L3 (1:23:85)
Radio-S182-1 ;BXP_5  ;RRU4415B7  ; C  ;11  ;-           ;-           ;         ;          ;
Radio-S182-1 ;BXP_5  ;RRU4415B7  ; D  ;11  ;-           ;-           ;         ;          ;
-------------------------------------------------------------------------------------------------------------------------------------

RL71L> mfar

251125-14:11:55+0100 19.31.14.187 25.0h MSRBS_NODE_MODEL_25.Q1_198665.224.73_bf81 stopfile=/tmp/2659642
.....
Last MO: 17630. Loaded 17630 MOs. Total: 17631 MOs.
..............................................
get /rop/A20251125.1130-1145_RL71L.xml.gz /ericsson/log/amos/moshell_logfiles/t20251125_37258710_65084/logs_moshell/pmfiles/19.31.14.187/rop/A20251125.1130-1145_RL71L.xml.gz ... OK
get /rop/A20251125.1145-1200_RL71L.xml.gz /ericsson/log/amos/moshell_logfiles/t20251125_37258710_65084/logs_moshell/pmfiles/19.31.14.187/rop/A20251125.1145-1200_RL71L.xml.gz ... OK
get /rop/A20251125.1200-1215_RL71L.xml.gz /ericsson/log/amos/moshell_logfiles/t20251125_37258710_65084/logs_moshell/pmfiles/19.31.14.187/rop/A20251125.1200-1215_RL71L.xml.gz ... OK

Using hardcoded thresholds: 3, 4.5, and 16.5
================================================================================================================================
SC     SE  Tx/Rx BrPair  RfPort1 - RfPort2               HW       Serial      Cell (State)   Samples   Med  Mean  SDev Pol Res Issue
================================================================================================================================
RL71E1   1   2/2 0 (1,2) Radio-S1-1(A) Radio-S1-1(B)     RRU2217  TU8U01FU5A  FDD=RL71E1 (1)   65639   4.5   4.4   6.7  NA OKW Possible RF Loss or PIM at Radio-S1-1(A)
RL71E3   2   2/2 0 (1,2) Radio-S2-1(A) Radio-S2-1(B)     RRU2217  TU8U01FU5C  FDD=RL71E3 (1)  131145   1.5   1.2   6.2  NA  OK Passed
RL71L1 180   2/2 0 (1,2) Radio-S180-1(A) Radio-S180-1(B) RRU4415  TU8U01GQB8  FDD=RL71L1 (1)  253603   0.5   0.8   5.9  NA  OK Passed
RL71L2 181   2/2 0 (1,2) Radio-S180-1(C) Radio-S180-1(D) RRU4415  TU8U01GQB8  FDD=RL71L2 (1)   16092   0.5   0.1   6.7  NA  OK Passed
RL71L3 182   2/2 0 (1,2) Radio-S182-1(A) Radio-S182-1(B) RRU4415  TU8U01GQUC  FDD=RL71L3 (1)  393118   1.5   0.9   6.0  NA  OK Passed
================================================================================================================================
Total: 5 SectorCarriers, 5 RfBranch Pairs (4 OK, 1 OKW, 0 NOK, 0 NT)
......
Last MO: 17630. Loaded 17630 MOs. Total: 17631 MOs.

No NRSectorCarrier MOs are defined on the node.

RL71L> mfitr

251125-14:12:12+0100 19.31.14.187 25.0h MSRBS_NODE_MODEL_25.Q1_198665.224.73_bf81 stopfile=/tmp/2659642
.........
Last MO: 17630. Loaded 17630 MOs. Total: 17631 MOs.
........
2025-11-25 14:12
================================================================================================================================
CELL       SC     FRU          BOARD      PUSCH  PUCCH       A      B      C      D  DELTA
================================================================================================================================
FDD=RL71E1 RL71E1 Radio-S1-1   RRU2217B20 -114.6 -114.7 -114.3 -114.0                  0.3
FDD=RL71E3 RL71E3 Radio-S2-1   RRU2217B20 -115.2 -114.6 -113.1 -114.6                  1.5
FDD=RL71L1 RL71L1 Radio-S180-1 RRU4415B7  -116.0 -117.8 -115.7 -115.8                  0.1
FDD=RL71L2 RL71L2 Radio-S180-1 RRU4415B7  -114.9 -117.1               -114.5 -113.8    0.7
FDD=RL71L3 RL71L3 Radio-S182-1 RRU4415B7  -116.8 -117.8 -116.8 -117.0                  0.2
================================================================================================================================
Bye...
Output has been logged to file /mta_fs/UserFiles/37258710/amosbatch/SDIR/RL71L.log
