Logging to file /mta_fs/UserFiles/37258710/amosbatch/SDIR/RL8FL.log
                        __  __  ____   _____
                  /\   |  \/  |/ __ \ / ____|
                 /  \  | \  / | |  | | (___  
                / /\ \ | |\/| | |  | |\___ \ 
               / ____ \| |  | | |__| |____) |
              /_/    \_\_|  |_|\____/|_____/
              OSS Framework for MoShell-25.0h 
  Copyright (c) Ericsson AB 2001-2025 - All Rights Reserved
              
           
[1;31mWARNING: [0mthe AMOS version currently running is more than 29 weeks old and is unsupported.
Please upgrade as soon as possible to the latest released version, available from your local Ericsson support.

$amosrb_pid = 1714424

Checking ip contact...OK

HELP MENU            : h
BASIC MO COMMANDS    : m
OTHER MO COMMANDS    : n
OTHER COMMANDS       : o
PM COMMANDS          : p
QUIT                 : q

RL8FL> lt all

251125-09:27:46+0100 19.31.14.128 25.0h  stopfile=/tmp/1714329
Looking up temporary_amos account... OK.
Trying temporary_amos_t20251125_37258710_65084_131's password from amos lookupAccount ... OK

$ssh_pid = 1714931

Connected to 19.31.14.128 (SubNetwork=BBMM_rckomc_R,MeContext=RL8FL,ManagedElement=RL8FL)

Checking MOM version...MSRBS_NODE_MODEL_25.Q1_693.28324.131_62ac
Parsing MOM (cached): /ericsson/log/amos/moshell_logfiles/t20251125_37258710_65084/logs_moshell/tempfiles/scp-4-amos_20251125-092739_1714268/MSRBS_NODE_MODEL_25.Q1_693.28324.131_62ac.xml.cache.gz ..................................................................................................................................................................................................................................Done.
Using paramfile /opt/ericsson/amos/moshell/commonjars/pm/PARAM_MSRBS_25.Q1.txt
Parsing file /opt/ericsson/amos/moshell/commonjars/pm/PARAM_MSRBS_25.Q1.txt .......................................................................................Done.
Using imomdfile /opt/ericsson/amos/moshell/commonjars/pm/IMOMD_MSRBS_22.Q4.txt
Using imomfile /opt/ericsson/amos/moshell/commonjars/pm/IMOM_MSRBS_25.Q1.txt
Connected to 19.31.14.128 (SubNetwork=BBMM_rckomc_R,MeContext=RL8FL,ManagedElement=RL8FL)

Last MO: 17266. Loaded 17266 MOs. Total: 17267 MOs.

RL8FL> st cell

251125-09:27:59+0100 19.31.14.128 25.0h MSRBS_NODE_MODEL_25.Q1_693.28324.131_62ac stopfile=/tmp/1714329
===================================================================================
Proxy  Adm State     Op. State     MO
===================================================================================
   58  1 (UNLOCKED)  1 (ENABLED)   ENodeBFunction=1,EUtranCellFDD=RL8FL1
  156  1 (UNLOCKED)  1 (ENABLED)   ENodeBFunction=1,EUtranCellFDD=RL8FL2
  257  1 (UNLOCKED)  1 (ENABLED)   ENodeBFunction=1,EUtranCellFDD=RL8FL3
===================================================================================
Total: 3 MOs

RL8FL> st radio

251125-09:27:59+0100 19.31.14.128 25.0h MSRBS_NODE_MODEL_25.Q1_693.28324.131_62ac stopfile=/tmp/1714329
===================================================================================
Proxy  Adm State     Op. State     MO
===================================================================================
 1391  1 (UNLOCKED)  1 (ENABLED)   Equipment=1,FieldReplaceableUnit=Radio-S180-1
 1406  1 (UNLOCKED)  1 (ENABLED)   Equipment=1,FieldReplaceableUnit=Radio-S181-1
 1421  1 (UNLOCKED)  1 (ENABLED)   Equipment=1,FieldReplaceableUnit=Radio-S220-1
 1448  1 (UNLOCKED)  1 (ENABLED)   Equipment=1,FieldReplaceableUnit=Radio-S221-1
 1475  1 (UNLOCKED)  1 (ENABLED)   Equipment=1,FieldReplaceableUnit=Radio-S222-1
17260  1 (UNLOCKED)  1 (ENABLED)   Transport=1,Synchronization=1,RadioEquipmentClock=1,RadioEquipmentClockReference=NTP1
17261  1 (UNLOCKED)  1 (ENABLED)   Transport=1,Synchronization=1,RadioEquipmentClock=1,RadioEquipmentClockReference=PTP
===================================================================================
Total: 7 MOs

RL8FL> sdir

251125-09:28:00+0100 19.31.14.128 25.0h MSRBS_NODE_MODEL_25.Q1_693.28324.131_62ac stopfile=/tmp/1714329
INFO: Using amos lookupAccount credentials for the export login
...............................
get /rop/A20251125.0730-0745_RL8FL.xml.gz /ericsson/log/amos/moshell_logfiles/t20251125_37258710_65084/logs_moshell/pmfiles/19.31.14.128/rop/A20251125.0730-0745_RL8FL.xml.gz ... OK
get /rop/A20251125.0745-0800_RL8FL.xml.gz /ericsson/log/amos/moshell_logfiles/t20251125_37258710_65084/logs_moshell/pmfiles/19.31.14.128/rop/A20251125.0745-0800_RL8FL.xml.gz ... OK
get /rop/A20251125.0800-0815_RL8FL.xml.gz /ericsson/log/amos/moshell_logfiles/t20251125_37258710_65084/logs_moshell/pmfiles/19.31.14.128/rop/A20251125.0800-0815_RL8FL.xml.gz ... OK
....Checking available boards on node...

Collecting RCS board data ...
........................................................................................................................
.............................
................................................................................................................................................................................................................................................................................................................
...........
Collecting TN data...
...................................................................................................................................................
Getting MO data from node (51 MOs). Please wait...
0%                                             ~50%                                           ~100%
...............................................................................................................................
Collecting RF data...
....
Collecting Alarms...
Executing action Log.export()
...
Log=AlarmLog                    actionId=60181
.....
Executing action LogM.exportAvailabilityLog()
..LogM=1,exportAvailabilityLog    actionId=60182
.....Parsing alarmLog....Done.
Parsing availabilityLog...Done.
.

Total: 5 CPRI links (5 OK, 0 OKW, 0 NOK, 0 NT)
.
+--------+                      +----------------------------+
|        | A        O101     D2 |        Radio-S220-1        |
|        |-----------1----------| RRU247924B824B2024B28BM01* |
|        |         OK-57m       |           BXP_3            |
|        |                      +----------------------------+
|        |                                     |A  |B  |C  |D
|        |                 SE=220* AG=220 GT=RL8FD1/0  |   |
|        |                    GT=RL8FD1/1 GT=RL8FD1/2  |   |
|        |
|        |                      +----------------------------+
|        | B        O101     D2 |        Radio-S221-1        |
|        |-----------2----------| RRU247924B824B2024B28BM01* |
|        |         OK-62m       |           BXP_5            |
|        |                      +----------------------------+
|        |                                     |A  |B  |C  |D
|        |             SE=221* AG=221 GT=RL8FD2/0 GT=RL8FD2/1
|        |
|        |                      +----------------------------+
|        | C        O101     D2 |        Radio-S222-1        |
|        |-----------3----------| RRU247924B824B2024B28BM01* |
|        |         OK-62m       |           BXP_6            |
|  BB-1  |                      +----------------------------+
| BB6631 |                                     |A  |B  |C  |D
| 000100 |                         SE=222* AG=222 GT=RL8FD3/0
|        |                            GT=RL8FD3/1 GT=RL8FD3/2
|        |
|        |                      +---------------+
|        | D        O101     D1 | Radio-S180-1  |
|        |-----------4----------|   RRU4415B7   |
|        |         OK-57m       |     BXP_2     |
|        |                      +---------------+
|        |                        |A  |B  |C  |D
|        |      SE=180 AG=180 FDD=RL8FL1  |   |
|        |
|        |                      +---------------+
|        | E        O101     D1 | Radio-S181-1  |
|        |-----------5----------|   RRU4415B7   |
|        |         OK-62m       |     BXP_4     |
|        |                      +---------------+
|        |                        |A  |B  |C  |D
|        |                 SE=181 AG=181  |   |
|        |                    FDD=RL8FL2  |   |
|        |                         SE=182 AG=182
|        |                            FDD=RL8FL3
|        |
+--------+

=====================================================================================================================================
ID RiL    Type Res MO1-MO2                  BOARD1-BOARD2                     AlmIDs Cells (States)                              Issue (Failed checks)
=====================================================================================================================================
 1 S220-1 O101 OK  BB-1(A) Radio-S220-1(D2) BB6631 RRU247924B824B2024B28BM01*        GT=RL8FD1/0 GT=RL8FD1/1 GT=RL8FD1/2 (1,1,1) Passed
 2 S221-1 O101 OK  BB-1(B) Radio-S221-1(D2) BB6631 RRU247924B824B2024B28BM01*        GT=RL8FD2/0 GT=RL8FD2/1 (1,1)               Passed
 3 S222-1 O101 OK  BB-1(C) Radio-S222-1(D2) BB6631 RRU247924B824B2024B28BM01*        GT=RL8FD3/0 GT=RL8FD3/1 GT=RL8FD3/2 (1,1,1) Passed
 4 S180-1 O101 OK  BB-1(D) Radio-S180-1(D1) BB6631 RRU4415B7                         FDD=RL8FL1 (1)                              Passed
 5 S181-1 O101 OK  BB-1(E) Radio-S181-1(D1) BB6631 RRU4415B7                         FDD=RL8FL2 FDD=RL8FL3 (1,1)                 Passed
-------------------------------------------------------------------------------------------------------------------------------------

Node: RadioNode GL   CXP2010174/2_R27J08 (25.Q1)   G3.1   GSM LTE-FDD 

=====================================================================================================================================
FRU          ;LNH    ;BOARD                      ;ST ;FAULT ;OPER ;MAINT ;STAT ;PRODUCTNUMBER   ;REV     ;SERIAL        ;DATE     ;PMTEMP ; TEMP ; UPT ;VOLT ;SW                   ;
=====================================================================================================================================
BB-1         ;000100 ;BB6631                     ; 1 ;  OFF ;  ON ;  OFF ; OFF ;KDU1370071/11   ;R3E     ;E96A013X4E    ;20240201 ;3 (OK) ;      ;0.49 ;52   ;                     ;
Radio-S180-1 ;BXP_2  ;RRU4415B7                  ; 1 ;  OFF ;  ON ;  OFF ; N/A ;KRC161495/1     ;R5FE    ;DH80209336    ;20240131 ;4 (OK) ; 23.0 ;93.5 ;52.7 ;CXP9013268%15_R101LX ; (Radio4415B7)
Radio-S181-1 ;BXP_4  ;RRU4415B7                  ; 1 ;  OFF ;  ON ;  OFF ; N/A ;KRC161495/1     ;R5FE    ;DH80209342    ;20240131 ;4 (OK) ; 31.0 ;93.5 ;52.8 ;CXP9013268%15_R101LX ; (Radio4415B7)
Radio-S220-1 ;BXP_3  ;RRU247924B824B2024B28BM01* ; 1 ;  OFF ;  ON ;  OFF ; N/A ;KRC161832/1     ;R2H     ;TU8U02DKL4    ;20240210 ;4 (OK) ; 25.0 ;93.5 ;52.7 ;CXP9013268%15_R101LX ; (Radio247924B824B2024B28BM01)
Radio-S221-1 ;BXP_5  ;RRU247924B824B2024B28BM01* ; 1 ;  OFF ;  ON ;  OFF ; N/A ;KRC161832/1     ;R2G     ;TU8U0251RH    ;20230706 ;4 (OK) ; 29.5 ;93.5 ;52.7 ;CXP9013268%15_R101LX ; (Radio247924B824B2024B28BM01)
Radio-S222-1 ;BXP_6  ;RRU247924B824B2024B28BM01* ; 1 ;  OFF ;  ON ;  OFF ; N/A ;KRC161832/1     ;R2H     ;TU8U02DK4Z    ;20240209 ;4 (OK) ; 24.8 ;93.5 ;52.9 ;CXP9013268%15_R101LX ; (Radio247924B824B2024B28BM01)
-------------------------------------------------------------------------------------------------------------------------------------

=====================================================================================================================================
XPBOARD  ;ST ;FAULT ;OPER ;PRODUCTNUMBER ;REV ;SERIAL/NAME ;DATE     ; TEMP ;MO
=====================================================================================================================================
FAN08    ; 1 ;N/A   ;N/A  ;BKV106236/1   ;R2F ;DD138B0187  ;20221213 ; 41.0 ;SupportUnit=1 (FAN  BB-1)
-------------------------------------------------------------------------------------------------------------------------------------

=====================================================================================================================================
ID ;T ;RiL    ;BPBP ;BOARD1                     ;LNH1 ;PORT ;R ;LINK ;RATE  ; BER ;BOARD2                     ;LNH2 ;PORT ;R ;LINK ;RATE  ; BER ;LENGTH ;MO1 - MO2
=====================================================================================================================================
 1 ;O ;S220-1 ;1111 ;BB6631                     ;000100 ; 1 ;M ;Up   ;10.1G ;   0 ;RRU247924B824B2024B28BM01* ;BXP_3  ; 1 ;S ;Up   ;10.1G ;   0 ;   57m ;Fru=BB-1(A) Fru=Radio-S220-1(D2)
 2 ;O ;S221-1 ;1111 ;BB6631                     ;000100 ; 2 ;M ;Up   ;10.1G ;   0 ;RRU247924B824B2024B28BM01* ;BXP_5  ; 1 ;S ;Up   ;10.1G ;   0 ;   62m ;Fru=BB-1(B) Fru=Radio-S221-1(D2)
 3 ;O ;S222-1 ;1111 ;BB6631                     ;000100 ; 3 ;M ;Up   ;10.1G ;   0 ;RRU247924B824B2024B28BM01* ;BXP_6  ; 1 ;S ;Up   ;10.1G ;   0 ;   62m ;Fru=BB-1(C) Fru=Radio-S222-1(D2)
 4 ;O ;S180-1 ;1111 ;BB6631                     ;000100 ; 4 ;M ;Up   ;10.1G ;   0 ;RRU4415B7                  ;BXP_2  ; 0 ;S ;Up   ;10.1G ;   0 ;   57m ;Fru=BB-1(D) Fru=Radio-S180-1(D1)
 5 ;O ;S181-1 ;1111 ;BB6631                     ;000100 ; 5 ;M ;Up   ;10.1G ;   0 ;RRU4415B7                  ;BXP_4  ; 0 ;S ;Up   ;10.1G ;   0 ;   62m ;Fru=BB-1(E) Fru=Radio-S181-1(D1)
-------------------------------------------------------------------------------------------------------------------------------------

=====================================================================================================================================
ID ;LINK ;RiL    ;VENDOR1  ;VENDORPROD1     ;REV1 ;SERIAL1      ;DATE1    ;ERICSSONPROD1      ;VENDOR2  ;VENDORPROD2     ;REV2 ;SERIAL2      ;DATE2    ;ERICSSONPROD2      ;TT ;WL1     ;WL2    
=====================================================================================================================================
 1 ;Up   ;S220-1 ;ERICSSON ;EOLP-1396-02-IY ;1.0  ;DZ8Q101M77   ;20240130 ;RDH10265/2 R1A     ;ERICSSON ;EOLP-1396-02-IY ;1.0  ;DZ8Q101M9F   ;20240130 ;RDH10265/2 R1A     ;0  ;1310.00 ;1310.00
 2 ;Up   ;S221-1 ;ERICSSON ;EOLP-1396-02-IY ;1.0  ;DZ8Q101M72   ;20240130 ;RDH10265/2 R1A     ;ERICSSON ;EOLP-1396-02-IY ;1.0  ;DZ8Q101L17   ;20240130 ;RDH10265/2 R1A     ;0  ;1310.00 ;1310.00
 3 ;Up   ;S222-1 ;ERICSSON ;EOLP-1396-02-IY ;1.0  ;DZ8Q101M9S   ;20240130 ;RDH10265/2 R1A     ;ERICSSON ;EOLP-1396-02-IY ;1.0  ;DZ8Q101M74   ;20240130 ;RDH10265/2 R1A     ;0  ;1310.00 ;1310.00
 4 ;Up   ;S180-1 ;ERICSSON ;EOLP-1396-02-IY ;1.0  ;DZ8Q101M8B   ;20240130 ;RDH10265/2 R1A     ;ERICSSON ;EOLP-1396-02-IY ;1.0  ;DZ8Q101M8Z   ;20240130 ;RDH10265/2 R1A     ;0  ;1310.00 ;1310.00
 5 ;Up   ;S181-1 ;ERICSSON ;EOLP-1396-02-IY ;1.0  ;DZ8Q101LBJ   ;20240130 ;RDH10265/2 R1A     ;ERICSSON ;EOLP-1396-02-IY ;1.0  ;DZ8Q101M99   ;20240130 ;RDH10265/2 R1A     ;0  ;1310.00 ;1310.00
-------------------------------------------------------------------------------------------------------------------------------------

=====================================================================================================================================
ID ;LINK ;RiL    ;WL1     ;TEMP1 ;TXbs1 ;TXdBm1 ;RXdBm1 ;BER1   ;WL2     ;TEMP2 ;TXbs2 ;TXdBm2 ;RXdBm2 ;BER2   ;DlLoss ;UlLoss ;LENGTH ;TT
=====================================================================================================================================
 1 ;Up   ;S220-1 ;1310.00 ;35C   ;40%   ;-2.39  ;-2.63  ;   0   ;1310.00 ;25C   ;37%   ;-2.37  ;-3.21  ;   0   ;  0.82 ;  0.26 ;   57m ; 0
 2 ;Up   ;S221-1 ;1310.00 ;40C   ;38%   ;-2.25  ;-3.69  ;   0   ;1310.00 ;31C   ;38%   ;-3.58  ;-3.48  ;   0   ;  1.23 ;  0.11 ;   62m ; 0
 3 ;Up   ;S222-1 ;1310.00 ;37C   ;40%   ;-2.49  ;-2.56  ;   0   ;1310.00 ;23C   ;37%   ;-2.55  ;-2.84  ;   0   ;  0.35 ;  0.01 ;   62m ; 0
 4 ;Up   ;S180-1 ;1310.00 ;36C   ;39%   ;-2.95  ;-2.37  ;   0   ;1310.00 ;23C   ;36%   ;-2.53  ;-3.95  ;   0   ;     1 ; -0.16 ;   57m ; 0
 5 ;Up   ;S181-1 ;1310.00 ;39C   ;37%   ;-3.38  ;-2.56  ;   0   ;1310.00 ;31C   ;38%   ;-2.53  ;-4.05  ;   0   ;  0.67 ;  0.03 ;   62m ; 0
-------------------------------------------------------------------------------------------------------------------------------------

=====================================================================================================================================
ID ;RiL    ;BOARD                      ;SFPLNH  ;PORT ;VENDOR   ;VENDORPROD      ;REV  ;SERIAL       ;DATE     ;ERICSSONPROD       ;WL      ;TEMP  ;TXbs  ;TXdBm  ;RXdBm  ; BER
=====================================================================================================================================
 1 ;S220-1 ;BB6631                     ;000100   ;  1 ;ERICSSON ;EOLP-1396-02-IY ;1.0  ;DZ8Q101M77   ;20240130 ;RDH10265/2 R1A     ;1310.00 ;35C   ;40%   ;-2.39  ;-2.63  ;   0
 2 ;S221-1 ;BB6631                     ;000100   ;  2 ;ERICSSON ;EOLP-1396-02-IY ;1.0  ;DZ8Q101M72   ;20240130 ;RDH10265/2 R1A     ;1310.00 ;40C   ;38%   ;-2.25  ;-3.69  ;   0
 3 ;S222-1 ;BB6631                     ;000100   ;  3 ;ERICSSON ;EOLP-1396-02-IY ;1.0  ;DZ8Q101M9S   ;20240130 ;RDH10265/2 R1A     ;1310.00 ;37C   ;40%   ;-2.49  ;-2.56  ;   0
 4 ;S180-1 ;BB6631                     ;000100   ;  4 ;ERICSSON ;EOLP-1396-02-IY ;1.0  ;DZ8Q101M8B   ;20240130 ;RDH10265/2 R1A     ;1310.00 ;36C   ;39%   ;-2.95  ;-2.37  ;   0
 5 ;S181-1 ;BB6631                     ;000100   ;  5 ;ERICSSON ;EOLP-1396-02-IY ;1.0  ;DZ8Q101LBJ   ;20240130 ;RDH10265/2 R1A     ;1310.00 ;39C   ;37%   ;-3.38  ;-2.56  ;   0
 4 ;S180-1 ;RRU4415B7                  ;BXP_2    ;  0 ;ERICSSON ;EOLP-1396-02-IY ;1.0  ;DZ8Q101M8Z   ;20240130 ;RDH10265/2 R1A     ;1310.00 ;23C   ;36%   ;-2.53  ;-3.95  ;   0
 1 ;S220-1 ;RRU247924B824B2024B28BM01* ;BXP_3    ;  1 ;ERICSSON ;EOLP-1396-02-IY ;1.0  ;DZ8Q101M9F   ;20240130 ;RDH10265/2 R1A     ;1310.00 ;25C   ;37%   ;-2.37  ;-3.21  ;   0
 5 ;S181-1 ;RRU4415B7                  ;BXP_4    ;  0 ;ERICSSON ;EOLP-1396-02-IY ;1.0  ;DZ8Q101M99   ;20240130 ;RDH10265/2 R1A     ;1310.00 ;31C   ;38%   ;-2.53  ;-4.05  ;   0
 2 ;S221-1 ;RRU247924B824B2024B28BM01* ;BXP_5    ;  1 ;ERICSSON ;EOLP-1396-02-IY ;1.0  ;DZ8Q101L17   ;20240130 ;RDH10265/2 R1A     ;1310.00 ;31C   ;38%   ;-3.58  ;-3.48  ;   0
 3 ;S222-1 ;RRU247924B824B2024B28BM01* ;BXP_6    ;  1 ;ERICSSON ;EOLP-1396-02-IY ;1.0  ;DZ8Q101M74   ;20240130 ;RDH10265/2 R1A     ;1310.00 ;23C   ;37%   ;-2.55  ;-2.84  ;   0
-------------------------------------------------------------------------------------------------------------------------------------
TN ;       ;BB6631                     ;000100   ;IA2 ;ERICSSON ;42020201934     ;A0   ;202340400899 ;20231002 ;RPM777053/1000 R1B ;NA      ;NA    ;NA    ;NA     ;NA     ; 0/0
-------------------------------------------------------------------------------------------------------------------------------------

=====================================================================================================================================
BOARD  ;LNH    ;PORT       ;T ;S ;OpMode   ;AutoNeg ;MacAddress        ;VlanIds        ;LOS ;BER
=====================================================================================================================================
BB6631 ;000100 ;TN_IDL_A_1 ;E ;1 ;10G_FULL ;false   ;58:70:7F:8F:99:98 ;3901,3908,3910 ;0   ;0/0
BB6631 ;000100 ;TN_IDL_A_2 ;O ;1 ;10G_FULL ;false   ;58:70:7F:8F:99:99 ;3908           ;0   ;0/0
-------------------------------------------------------------------------------------------------------------------------------------

radioClockState : RNT_TIME_LOCKED
-------------------------------------------------------------------------------------
Prio  ;ST  ;syncRefType    ;refStatus  ;opQualLevel  ;SyncReference
-------------------------------------------------------------------------------------
   1  ; 1  ;PTP_TIME       ;NO_FAULT   ;PRTC         ;Ptp=1,BoundaryOrdinaryClock=PTP (G_8275_1 EthernetPort=TN_IDL_A_1:SLAVE)
   2  ; 1  ;NTP_FREQUENCY  ;NO_FAULT   ;PRC          ;Ntp=1,NtpFrequencySync=NTP1 (10.31.0.54:32751 Router=45G_Traffic,InterfaceIPv4=LTE,AddressIPv4=LTE)
-------------------------------------------------------------------------------------
-------------------------------------------------------------------------------------
Prio  ;ST  ;assistRefStatus  ;recQualLevel  ;AssistingReference
-------------------------------------------------------------------------------------
   1  ; 0  ;UNKNOWN          ;PRTC          ;Synchronization=1,SyncEthInput=SyncE (SFP_DAC EthernetPort=TN_IDL_A_1)
-------------------------------------------------------------------------------------
nodeGroupRole   : SYNC_RECEIVER (syncNodePriority=3, selectionMode=NODE_PRIORITY)
-------------------------------------------------------------------------------------
DU  ;Port  ;sharedUnitRef (RiPortA - RiPortB)  ;remoteNodePriority  ;CandidateStatus
-------------------------------------------------------------------------------------
1   ;A     ;Fru=Radio-S220-1 (2 - 1)           ;1                   ;OK_NOT_ACTIVE
1   ;C     ;Fru=Radio-S222-1 (2 - 1)           ;1                   ;OK_NOT_ACTIVE
1   ;B     ;Fru=Radio-S221-1 (2 - 1)           ;1                   ;OK_ACTIVE
-------------------------------------------------------------------------------------

=====================================================================================================================================
FRU          ;LNH    ;BOARD                      ;RF  ;BP  ;TX (W/dBm)  ;VSWR (RL)   ;RX (dBm) ;UEs/gUEs  ;Sector/AntennaGroup/Cells (State:CellIds:PCIs)
=====================================================================================================================================
Radio-S180-1 ;BXP_2  ;RRU4415B7                  ; A  ;11  ;14.8 (41.7) ;1.05 (32.2) ;-100.2   ;0/-       ;SE=180 AG=180 FDD=RL8FL1 (1:21:133)
Radio-S180-1 ;BXP_2  ;RRU4415B7                  ; B  ;11  ;-           ;1.21 (20.4) ;-100.1   ;0/-       ;SE=180 AG=180 FDD=RL8FL1 (1:21:133)
Radio-S180-1 ;BXP_2  ;RRU4415B7                  ; C  ;11  ;-           ;-           ;         ;          ;
Radio-S180-1 ;BXP_2  ;RRU4415B7                  ; D  ;11  ;-           ;-           ;         ;          ;
Radio-S181-1 ;BXP_4  ;RRU4415B7                  ; A  ;11  ;14.5 (41.6) ;1.23 (19.9) ;-99.2    ;0/-       ;SE=181 AG=181 FDD=RL8FL2 (1:22:136)
Radio-S181-1 ;BXP_4  ;RRU4415B7                  ; B  ;11  ;-           ;1.29 (18.0) ;-95.7    ;0/-       ;SE=181 AG=181 FDD=RL8FL2 (1:22:136)
Radio-S181-1 ;BXP_4  ;RRU4415B7                  ; C  ;11  ;10.7 (40.3) ;1.28 (18.1) ;-99.9    ;5/-       ;SE=182 AG=182 FDD=RL8FL3 (1:23:274)
Radio-S181-1 ;BXP_4  ;RRU4415B7                  ; D  ;11  ;-           ;1.28 (18.2) ;-99.9    ;5/-       ;SE=182 AG=182 FDD=RL8FL3 (1:23:274)
Radio-S220-1 ;BXP_3  ;RRU247924B824B2024B28BM01* ; A  ;11  ;23.0 (43.6) ;1.26 (18.8) ;-100.5   ;-/-       ;SE=220* AG=220 GT=RL8FD1/0 GT=RL8FD1/1 GT=RL8FD1/2 (1, 1, 1)
Radio-S220-1 ;BXP_3  ;RRU247924B824B2024B28BM01* ; B  ;11  ;17.8 (42.5) ;1.30 (17.6) ;-97.9    ;-/-       ;SE=220* AG=220 GT=RL8FD1/0 GT=RL8FD1/1 GT=RL8FD1/2 (1, 1, 1)
Radio-S220-1 ;BXP_3  ;RRU247924B824B2024B28BM01* ; C  ;11  ;-           ;-           ;         ;          ;
Radio-S220-1 ;BXP_3  ;RRU247924B824B2024B28BM01* ; D  ;11  ;-           ;-           ;         ;          ;
Radio-S221-1 ;BXP_5  ;RRU247924B824B2024B28BM01* ; A  ;11  ;13.1 (41.2) ;1.15 (23.0) ;-84.2    ;-/-       ;SE=221* AG=221 GT=RL8FD2/0 GT=RL8FD2/1 (1, 1)
Radio-S221-1 ;BXP_5  ;RRU247924B824B2024B28BM01* ; B  ;11  ;14.8 (41.7) ;1.12 (25.1) ;-85.4    ;-/-       ;SE=221* AG=221 GT=RL8FD2/0 GT=RL8FD2/1 (1, 1)
Radio-S221-1 ;BXP_5  ;RRU247924B824B2024B28BM01* ; C  ;11  ;7.9 (39.0)  ;1.22 (20.2) ;-80.2    ;-/-       ;SE=221* AG=221 GT=RL8FD2/0 GT=RL8FD2/1 (1, 1)
Radio-S221-1 ;BXP_5  ;RRU247924B824B2024B28BM01* ; D  ;11  ;7.9 (39.0)  ;1.10 (26.1) ;-77.0    ;-/-       ;SE=221* AG=221 GT=RL8FD2/0 GT=RL8FD2/1 (1, 1)
Radio-S222-1 ;BXP_6  ;RRU247924B824B2024B28BM01* ; A  ;11  ;18.7 (42.7) ;1.24 (19.5) ;-81.3    ;-/-       ;SE=222* AG=222 GT=RL8FD3/0 GT=RL8FD3/1 GT=RL8FD3/2 (1, 1, 1)
Radio-S222-1 ;BXP_6  ;RRU247924B824B2024B28BM01* ; B  ;11  ;14.1 (41.5) ;1.23 (19.9) ;-84.9    ;-/-       ;SE=222* AG=222 GT=RL8FD3/0 GT=RL8FD3/1 GT=RL8FD3/2 (1, 1, 1)
Radio-S222-1 ;BXP_6  ;RRU247924B824B2024B28BM01* ; C  ;11  ;2.6 (34.1)  ;1.22 (20.2) ;-82.5    ;-/-       ;SE=222* AG=222 GT=RL8FD3/0 GT=RL8FD3/1 GT=RL8FD3/2 (1, 1, 1)
Radio-S222-1 ;BXP_6  ;RRU247924B824B2024B28BM01* ; D  ;11  ;2.6 (34.1)  ;1.16 (22.6) ;-84.9    ;-/-       ;SE=222* AG=222 GT=RL8FD3/0 GT=RL8FD3/1 GT=RL8FD3/2 (1, 1, 1)
-------------------------------------------------------------------------------------------------------------------------------------

RL8FL> mfar

251125-09:30:24+0100 19.31.14.128 25.0h MSRBS_NODE_MODEL_25.Q1_693.28324.131_62ac stopfile=/tmp/1714329
.....
Last MO: 17264. Loaded 17264 MOs. Total: 17265 MOs.
...........................................
get /rop/A20251125.0700-0715_RL8FL.xml.gz /ericsson/log/amos/moshell_logfiles/t20251125_37258710_65084/logs_moshell/pmfiles/19.31.14.128/rop/A20251125.0700-0715_RL8FL.xml.gz ... OK
get /rop/A20251125.0715-0730_RL8FL.xml.gz /ericsson/log/amos/moshell_logfiles/t20251125_37258710_65084/logs_moshell/pmfiles/19.31.14.128/rop/A20251125.0715-0730_RL8FL.xml.gz ... OK
get /rop/A20251125.0815-0830_RL8FL.xml.gz /ericsson/log/amos/moshell_logfiles/t20251125_37258710_65084/logs_moshell/pmfiles/19.31.14.128/rop/A20251125.0815-0830_RL8FL.xml.gz ... OK

Using hardcoded thresholds: 3, 4.5, and 16.5
================================================================================================================================
SC     SE  Tx/Rx BrPair  RfPort1 - RfPort2               HW       Serial      Cell (State)   Samples   Med  Mean  SDev Pol Res Issue
================================================================================================================================
RL8FL1 180   2/2 0 (1,2) Radio-S180-1(A) Radio-S180-1(B) RRU4415  DH80209336  FDD=RL8FL1 (1)   13655   0.5   0.1   6.0  NA  OK Passed
RL8FL2 181   2/2 0 (1,2) Radio-S181-1(A) Radio-S181-1(B) RRU4415  DH80209342  FDD=RL8FL2 (1)    6768   0.5   0.7   7.1  NA  OK Passed
RL8FL3 182   2/2 0 (1,2) Radio-S181-1(C) Radio-S181-1(D) RRU4415  DH80209342  FDD=RL8FL3 (1)  125729   0.5   0.0   6.3  NA  OK Passed
================================================================================================================================
Total: 3 SectorCarriers, 3 RfBranch Pairs (3 OK, 0 OKW, 0 NOK, 0 NT)
......
Last MO: 17264. Loaded 17264 MOs. Total: 17265 MOs.

No NRSectorCarrier MOs are defined on the node.

RL8FL> mfitr

251125-09:30:39+0100 19.31.14.128 25.0h MSRBS_NODE_MODEL_25.Q1_693.28324.131_62ac stopfile=/tmp/1714329
..........
Last MO: 17264. Loaded 17264 MOs. Total: 17265 MOs.
........
2025-11-25 09:31
================================================================================================================================
CELL       SC     FRU          BOARD     PUSCH  PUCCH       A      B      C      D  DELTA
================================================================================================================================
FDD=RL8FL1 RL8FL1 Radio-S180-1 RRU4415B7 -119.5 -119.5 -119.3 -119.1                  0.2
FDD=RL8FL2 RL8FL2 Radio-S181-1 RRU4415B7 -118.4 -115.1 -119.1 -118.4                  0.7
FDD=RL8FL3 RL8FL3 Radio-S181-1 RRU4415B7 -119.1 -118.8               -118.9 -118.9      0
================================================================================================================================
Bye...
Output has been logged to file /mta_fs/UserFiles/37258710/amosbatch/SDIR/RL8FL.log
