Logging to file /mta_fs/UserFiles/37258710/amosbatch/SDIR/RLA5E.log
                        __  __  ____   _____
                  /\   |  \/  |/ __ \ / ____|
                 /  \  | \  / | |  | | (___  
                / /\ \ | |\/| | |  | |\___ \ 
               / ____ \| |  | | |__| |____) |
              /_/    \_\_|  |_|\____/|_____/
              OSS Framework for MoShell-25.0h 
  Copyright (c) Ericsson AB 2001-2025 - All Rights Reserved
              
           
[1;31mWARNING: [0mthe AMOS version currently running is more than 29 weeks old and is unsupported.
Please upgrade as soon as possible to the latest released version, available from your local Ericsson support.

$amosrb_pid = 2213286

Checking ip contact...OK

HELP MENU            : h
BASIC MO COMMANDS    : m
OTHER MO COMMANDS    : n
OTHER COMMANDS       : o
PM COMMANDS          : p
QUIT                 : q

RLA5E> lt all

251125-11:54:08+0100 19.31.14.159 25.0h  stopfile=/tmp/2213188
Looking up temporary_amos account... OK.
Trying temporary_amos_t20251125_37258710_65084_131's password from amos lookupAccount ... OK

$ssh_pid = 2214044

Connected to 19.31.14.159 (SubNetwork=BBMM_rckomc_R,MeContext=RLA5E,ManagedElement=RLA5E)

Checking MOM version...MSRBS_NODE_MODEL_25.Q1_693.28324.131_62ac
Parsing MOM (cached): /ericsson/log/amos/moshell_logfiles/t20251125_37258710_65084/logs_moshell/tempfiles/scp-4-amos_20251125-115402_2213132/MSRBS_NODE_MODEL_25.Q1_693.28324.131_62ac.xml.cache.gz ..................................................................................................................................................................................................................................Done.
Using paramfile /opt/ericsson/amos/moshell/commonjars/pm/PARAM_MSRBS_25.Q1.txt
Parsing file /opt/ericsson/amos/moshell/commonjars/pm/PARAM_MSRBS_25.Q1.txt .......................................................................................Done.
Using imomdfile /opt/ericsson/amos/moshell/commonjars/pm/IMOMD_MSRBS_22.Q4.txt
Using imomfile /opt/ericsson/amos/moshell/commonjars/pm/IMOM_MSRBS_25.Q1.txt
Connected to 19.31.14.159 (SubNetwork=BBMM_rckomc_R,MeContext=RLA5E,ManagedElement=RLA5E)

Last MO: 20245. Loaded 20245 MOs. Total: 20246 MOs.

RLA5E> st cell

251125-11:54:23+0100 19.31.14.159 25.0h MSRBS_NODE_MODEL_25.Q1_693.28324.131_62ac stopfile=/tmp/2213188
===================================================================================
Proxy  Adm State     Op. State     MO
===================================================================================
   44  1 (UNLOCKED)  1 (ENABLED)   ENodeBFunction=1,EUtranCellFDD=RLA5E1
  204  1 (UNLOCKED)  1 (ENABLED)   ENodeBFunction=1,EUtranCellFDD=RLA5E2
  335  1 (UNLOCKED)  1 (ENABLED)   ENodeBFunction=1,EUtranCellFDD=RLA5J1
  464  1 (UNLOCKED)  1 (ENABLED)   ENodeBFunction=1,EUtranCellFDD=RLA5J2
  569  1 (UNLOCKED)  1 (ENABLED)   ENodeBFunction=1,EUtranCellFDD=RLA5M1
  663  1 (UNLOCKED)  1 (ENABLED)   ENodeBFunction=1,EUtranCellFDD=RLA5M2
  760  1 (UNLOCKED)  1 (ENABLED)   ENodeBFunction=1,EUtranCellFDD=RLA5T1
  865  1 (UNLOCKED)  1 (ENABLED)   ENodeBFunction=1,EUtranCellFDD=RLA5T2
 1726  1 (UNLOCKED)  1 (ENABLED)   ENodeBFunction=1,NbIotCell=RLA5N1
 1727  1 (UNLOCKED)  1 (ENABLED)   ENodeBFunction=1,NbIotCell=RLA5N2
 2649                1 (ENABLED)   GNBCUCPFunction=1,EUtraNetwork=1,ExternalENodeBFunction=auto222_1_2_650770,ExternalEUtranCell=2221-650770-71
 2650                1 (ENABLED)   GNBCUCPFunction=1,EUtraNetwork=1,ExternalENodeBFunction=auto222_1_2_650770,ExternalEUtranCell=2221-650770-72
 2993  1 (UNLOCKED)  1 (ENABLED)   GNBDUFunction=1,NRCellDU=RLA5G1
 2995  1 (UNLOCKED)  1 (ENABLED)   GNBDUFunction=1,NRCellDU=RLA5G2
===================================================================================
Total: 14 MOs

INFO: NRCellDU status needs to be printed with command "stz" or "hget ,nrcell state" due to dependency to cellState/serviceState attributes.

RLA5E> st radio

251125-11:54:24+0100 19.31.14.159 25.0h MSRBS_NODE_MODEL_25.Q1_693.28324.131_62ac stopfile=/tmp/2213188
===================================================================================
Proxy  Adm State     Op. State     MO
===================================================================================
 2482  1 (UNLOCKED)  1 (ENABLED)   Equipment=1,FieldReplaceableUnit=Radio-S100-1
 2505  1 (UNLOCKED)  1 (ENABLED)   Equipment=1,FieldReplaceableUnit=Radio-S220-1
 2532  1 (UNLOCKED)  1 (ENABLED)   Equipment=1,FieldReplaceableUnit=Radio-S221-1
20236  1 (UNLOCKED)  1 (ENABLED)   Transport=1,Synchronization=1,RadioEquipmentClock=1,RadioEquipmentClockReference=NTP1
20237  1 (UNLOCKED)  1 (ENABLED)   Transport=1,Synchronization=1,RadioEquipmentClock=1,RadioEquipmentClockReference=PTP8275_2
===================================================================================
Total: 5 MOs

RLA5E> sdir

251125-11:54:24+0100 19.31.14.159 25.0h MSRBS_NODE_MODEL_25.Q1_693.28324.131_62ac stopfile=/tmp/2213188
INFO: Using amos lookupAccount credentials for the export login
........................
get /rop/A20251125.1000-1015_RLA5E.xml.gz /ericsson/log/amos/moshell_logfiles/t20251125_37258710_65084/logs_moshell/pmfiles/19.31.14.159/rop/A20251125.1000-1015_RLA5E.xml.gz ... OK
get /rop/A20251125.1015-1030_RLA5E.xml.gz /ericsson/log/amos/moshell_logfiles/t20251125_37258710_65084/logs_moshell/pmfiles/19.31.14.159/rop/A20251125.1015-1030_RLA5E.xml.gz ... OK
get /rop/A20251125.1030-1045_RLA5E.xml.gz /ericsson/log/amos/moshell_logfiles/t20251125_37258710_65084/logs_moshell/pmfiles/19.31.14.159/rop/A20251125.1030-1045_RLA5E.xml.gz ... OK
...Checking available boards on node...

Collecting RCS board data ...
.........................................................................................................................
.
.......................................................................................................................................................................................................................................................................................................................
....
Collecting TN data...
........................................................................................................................
Getting MO data from node (72 MOs). Please wait...
0%                                             ~50%                                           ~100%
.................................................................................................................................
Collecting RF data...
..
Collecting Alarms...
Executing action Log.export()
...
Log=AlarmLog                    actionId=50151
............
Executing action LogM.exportAvailabilityLog()
..LogM=1,exportAvailabilityLog    actionId=50152
.....Parsing alarmLog.......Done.
Parsing availabilityLog.....Done.
.......

Total: 3 CPRI links (3 OK, 0 OKW, 0 NOK, 0 NT)

+--------+                      +----------------------------+
|        | A        O101     D1 |        Radio-S220-1        |
|        |-----------1----------| RRU247924B824B2024B28BM01* |
|        |         OK-41m       |           BXP_4            |
|        |                      +----------------------------+
|        |                                     |A  |B  |C  |D
|        |                          SE=220* AG=220 FDD=RLA5E1
|        |                  FDD=RLA5J1 NIOT=RLA5N1 NRC=RLA5G1
|        |
|        |                      +----------------------------+
|        | B        O101     D1 |        Radio-S221-1        |
|        |-----------2----------| RRU247924B824B2024B28BM01* |
|        |         OK-41m       |           BXP_3            |
|  BB-1  |                      +----------------------------+
| BB6631 |                                     |A  |B  |C  |D
| 000100 |                          SE=221* AG=221 FDD=RLA5E2
|        |                  FDD=RLA5J2 NIOT=RLA5N2 NRC=RLA5G2
|        |
|        |                      +------------------+
|        | D        O101     D2 |   Radio-S100-1   |
|        |-----------3----------| RRU449944B144B3C |
|        |         OK-41m       |      BXP_2       |
|        |                      +------------------+
|        |                           |A  |B  |C  |D
|        |                    SE=100 AG=100  |   |
|        |            FDD=RLA5M1 FDD=RLA5T1  |   |
|        |                            SE=101 AG=101
|        |                    FDD=RLA5M2 FDD=RLA5T2
|        |
+--------+

=====================================================================================================================================
ID RiL    Type Res MO1-MO2                  BOARD1-BOARD2                     AlmIDs Cells (States)                                         Issue (Failed checks)
=====================================================================================================================================
 1 S220-1 O101 OK  BB-1(A) Radio-S220-1(D1) BB6631 RRU247924B824B2024B28BM01*        FDD=RLA5E1 FDD=RLA5J1 NIOT=RLA5N1 NRC=RLA5G1 (1,1,1,1) Passed
 2 S221-1 O101 OK  BB-1(B) Radio-S221-1(D1) BB6631 RRU247924B824B2024B28BM01*        FDD=RLA5E2 FDD=RLA5J2 NIOT=RLA5N2 NRC=RLA5G2 (1,1,1,1) Passed
 3 S100-1 O101 OK  BB-1(D) Radio-S100-1(D2) BB6631 RRU449944B144B3C                  FDD=RLA5M1 FDD=RLA5M2 FDD=RLA5T1 FDD=RLA5T2 (1,1,1,1)  Passed
-------------------------------------------------------------------------------------------------------------------------------------

Node: RadioNode LN   CXP2010174/2_R27J08 (25.Q1)   G3.1   LTE-FDD,LTE-IoT NR-LB-FDD-ESS-NSA

=====================================================================================================================================
FRU          ;LNH    ;BOARD                      ;ST ;FAULT ;OPER ;MAINT ;STAT ;PRODUCTNUMBER   ;REV     ;SERIAL        ;DATE     ;PMTEMP ; TEMP ; UPT ;VOLT ;SW                   ;
=====================================================================================================================================
BB-1         ;000100 ;BB6631                     ; 1 ;  OFF ;  ON ;  OFF ;  ON ;KDU1370071/11   ;R3C     ;E96A012DQG    ;20230907 ;3 (OK) ;      ; 131 ;54   ;                     ;
Radio-S100-1 ;BXP_2  ;RRU449944B144B3C           ; 1 ;  OFF ;  ON ;  OFF ; N/A ;KRC161787/1     ;R2F     ;TU8U023G1C    ;20230530 ;4 (OK) ; 25.5 ; 131 ;54.5 ;CXP9013268%15_R101LX ; (Radio449944B144B3C)
Radio-S220-1 ;BXP_4  ;RRU247924B824B2024B28BM01* ; 1 ;  OFF ;  ON ;  OFF ; N/A ;KRC161832/1     ;R2G     ;E55K635351    ;20230317 ;4 (OK) ; 27.8 ; 131 ;54.5 ;CXP9013268%15_R101LX ; (Radio247924B824B2024B28BM01)
Radio-S221-1 ;BXP_3  ;RRU247924B824B2024B28BM01* ; 1 ;  OFF ;  ON ;  OFF ; N/A ;KRC161832/1     ;R2G     ;E55K635343    ;20230317 ;4 (OK) ; 23.3 ; 131 ;54.9 ;CXP9013268%15_R101LX ; (Radio247924B824B2024B28BM01)
-------------------------------------------------------------------------------------------------------------------------------------

=====================================================================================================================================
AntennaNearUnit                                     ;ST  ;TYPE   ;PRODUCTNR  ;REV       ;UNIQUEID         ;RfPort
=====================================================================================================================================
AntennaUnitGroup=220,AntennaNearUnit=RET_1500       ; 1  ;S-RET  ;86010165   ;HW_V_A01  ;KAD241242242-B1  ;FieldReplaceableUnit=Radio-S220-1,RfPort=R
AntennaUnitGroup=220,AntennaNearUnit=RET_1800_2100  ; 1  ;S-RET  ;86010165   ;HW_V_A01  ;KAD241242242-Y2  ;FieldReplaceableUnit=Radio-S220-1,RfPort=R
AntennaUnitGroup=220,AntennaNearUnit=RET_2600       ; 1  ;S-RET  ;86010165   ;HW_V_A01  ;KAD241242242-Y1  ;FieldReplaceableUnit=Radio-S220-1,RfPort=R
AntennaUnitGroup=220,AntennaNearUnit=RET_700NR      ; 1  ;S-RET  ;86010165   ;HW_V_A01  ;KAD241242242-R1  ;FieldReplaceableUnit=Radio-S220-1,RfPort=R
AntennaUnitGroup=220,AntennaNearUnit=RET_800_900    ; 1  ;S-RET  ;86010165   ;HW_V_A01  ;KAD241242242-R2  ;FieldReplaceableUnit=Radio-S220-1,RfPort=R
AntennaUnitGroup=221,AntennaNearUnit=RET_1500       ; 1  ;S-RET  ;86010165   ;HW_V_A01  ;KAD241242223-B1  ;FieldReplaceableUnit=Radio-S221-1,RfPort=R
AntennaUnitGroup=221,AntennaNearUnit=RET_1800_2100  ; 1  ;S-RET  ;86010165   ;HW_V_A01  ;KAD241242223-Y2  ;FieldReplaceableUnit=Radio-S221-1,RfPort=R
AntennaUnitGroup=221,AntennaNearUnit=RET_2600       ; 1  ;S-RET  ;86010165   ;HW_V_A01  ;KAD241242223-Y1  ;FieldReplaceableUnit=Radio-S221-1,RfPort=R
AntennaUnitGroup=221,AntennaNearUnit=RET_700NR      ; 1  ;S-RET  ;86010165   ;HW_V_A01  ;KAD241242223-R1  ;FieldReplaceableUnit=Radio-S221-1,RfPort=R
AntennaUnitGroup=221,AntennaNearUnit=RET_800_900    ; 1  ;S-RET  ;86010165   ;HW_V_A01  ;KAD241242223-R2  ;FieldReplaceableUnit=Radio-S221-1,RfPort=R
-------------------------------------------------------------------------------------------------------------------------------------

=====================================================================================================================================
XPBOARD  ;ST ;FAULT ;OPER ;PRODUCTNUMBER ;REV ;SERIAL/NAME ;DATE     ; TEMP ;MO
=====================================================================================================================================
FAN08    ; 1 ;N/A   ;N/A  ;BKV106236/1   ;R2F ;DD13828844  ;20220826 ; 41.0 ;SupportUnit=1 (FAN  BB-1)
-------------------------------------------------------------------------------------------------------------------------------------

=====================================================================================================================================
ID ;T ;RiL    ;BPBP ;BOARD1                     ;LNH1 ;PORT ;R ;LINK ;RATE  ; BER ;BOARD2                     ;LNH2 ;PORT ;R ;LINK ;RATE  ; BER ;LENGTH ;MO1 - MO2
=====================================================================================================================================
 1 ;O ;S220-1 ;1111 ;BB6631                     ;000100 ; 1 ;M ;Up   ;10.1G ;   0 ;RRU247924B824B2024B28BM01* ;BXP_4  ; 0 ;S ;Up   ;10.1G ;   0 ;   41m ;Fru=BB-1(A) Fru=Radio-S220-1(D1)
 2 ;O ;S221-1 ;1111 ;BB6631                     ;000100 ; 2 ;M ;Up   ;10.1G ;   0 ;RRU247924B824B2024B28BM01* ;BXP_3  ; 0 ;S ;Up   ;10.1G ;   0 ;   41m ;Fru=BB-1(B) Fru=Radio-S221-1(D1)
 3 ;O ;S100-1 ;1111 ;BB6631                     ;000100 ; 4 ;M ;Up   ;10.1G ;   0 ;RRU449944B144B3C           ;BXP_2  ; 1 ;S ;Up   ;10.1G ;   0 ;   41m ;Fru=BB-1(D) Fru=Radio-S100-1(D2)
-------------------------------------------------------------------------------------------------------------------------------------

=====================================================================================================================================
ID ;LINK ;RiL    ;VENDOR1  ;VENDORPROD1    ;REV1 ;SERIAL1      ;DATE1    ;ERICSSONPROD1      ;VENDOR2  ;VENDORPROD2    ;REV2 ;SERIAL2      ;DATE2    ;ERICSSONPROD2      ;TT ;WL1     ;WL2    
=====================================================================================================================================
 1 ;Up   ;S220-1 ;ERICSSON ;SPP10ELRIDFSEN ;10   ;CT73821775   ;20230908 ;RDH10265/2 R1A     ;ERICSSON ;SPP10ELRIDFSEN ;10   ;CT73820132   ;20230908 ;RDH10265/2 R1A     ;0  ;1310.00 ;1310.00
 2 ;Up   ;S221-1 ;ERICSSON ;SPP10ELRIDFSEN ;10   ;CT73822302   ;20230908 ;RDH10265/2 R1A     ;ERICSSON ;SPP10ELRIDFSEN ;10   ;CT73824473   ;20230908 ;RDH10265/2 R1A     ;0  ;1310.00 ;1310.00
 3 ;Up   ;S100-1 ;ERICSSON ;SPP10ELRIDFSEN ;10   ;CT73820152   ;20230908 ;RDH10265/2 R1A     ;ERICSSON ;SPP10ELRIDFSEN ;10   ;CT73828146   ;20230911 ;RDH10265/2 R1A     ;0  ;1310.00 ;1310.00
-------------------------------------------------------------------------------------------------------------------------------------

=====================================================================================================================================
ID ;LINK ;RiL    ;WL1     ;TEMP1 ;TXbs1 ;TXdBm1 ;RXdBm1 ;BER1   ;WL2     ;TEMP2 ;TXbs2 ;TXdBm2 ;RXdBm2 ;BER2   ;DlLoss ;UlLoss ;LENGTH ;TT
=====================================================================================================================================
 1 ;Up   ;S220-1 ;1310.00 ;42C   ;42%   ;-1.88  ;-2.81  ;   0   ;1310.00 ;29C   ;38%   ;-1.95  ;-1.81  ;   0   ; -0.07 ;  0.86 ;   41m ; 0
 2 ;Up   ;S221-1 ;1310.00 ;44C   ;44%   ;-2.54  ;-2.87  ;   0   ;1310.00 ;25C   ;33%   ;-1.97  ;-3.50  ;   0   ;  0.96 ;   0.9 ;   41m ; 0
 3 ;Up   ;S100-1 ;1310.00 ;41C   ;41%   ;-2.09  ;-2.04  ;   0   ;1310.00 ;26C   ;42%   ;-2.77  ;-3.27  ;   0   ;  1.18 ; -0.73 ;   41m ; 0
-------------------------------------------------------------------------------------------------------------------------------------

=====================================================================================================================================
ID ;RiL    ;BOARD                      ;SFPLNH  ;PORT ;VENDOR   ;VENDORPROD     ;REV  ;SERIAL       ;DATE     ;ERICSSONPROD       ;WL      ;TEMP  ;TXbs  ;TXdBm  ;RXdBm  ; BER
=====================================================================================================================================
 1 ;S220-1 ;BB6631                     ;000100   ;  1 ;ERICSSON ;SPP10ELRIDFSEN ;10   ;CT73821775   ;20230908 ;RDH10265/2 R1A     ;1310.00 ;42C   ;42%   ;-1.88  ;-2.81  ;   0
 2 ;S221-1 ;BB6631                     ;000100   ;  2 ;ERICSSON ;SPP10ELRIDFSEN ;10   ;CT73822302   ;20230908 ;RDH10265/2 R1A     ;1310.00 ;44C   ;44%   ;-2.54  ;-2.87  ;   0
 3 ;S100-1 ;BB6631                     ;000100   ;  4 ;ERICSSON ;SPP10ELRIDFSEN ;10   ;CT73820152   ;20230908 ;RDH10265/2 R1A     ;1310.00 ;41C   ;41%   ;-2.09  ;-2.04  ;   0
 3 ;S100-1 ;RRU449944B144B3C           ;BXP_2    ;  1 ;ERICSSON ;SPP10ELRIDFSEN ;10   ;CT73828146   ;20230911 ;RDH10265/2 R1A     ;1310.00 ;26C   ;42%   ;-2.77  ;-3.27  ;   0
 2 ;S221-1 ;RRU247924B824B2024B28BM01* ;BXP_3    ;  0 ;ERICSSON ;SPP10ELRIDFSEN ;10   ;CT73824473   ;20230908 ;RDH10265/2 R1A     ;1310.00 ;25C   ;33%   ;-1.97  ;-3.50  ;   0
 1 ;S220-1 ;RRU247924B824B2024B28BM01* ;BXP_4    ;  0 ;ERICSSON ;SPP10ELRIDFSEN ;10   ;CT73820132   ;20230908 ;RDH10265/2 R1A     ;1310.00 ;29C   ;38%   ;-1.95  ;-1.81  ;   0
-------------------------------------------------------------------------------------------------------------------------------------
TN ;       ;BB6631                     ;000100   ; IB ;ERICSSON ;SPP10ELRIDFSEN ;10   ;CT73823533   ;20230908 ;RDH10265/2 R1A     ;1310    ;42C   ;40%   ;-2.04  ;-11.49 ; 0/0
TN ;       ;BB6631                     ;000100   ;IA2 ;ERICSSON ;42020201934    ;A0   ;202332400808 ;20230807 ;RPM777053/1000 R1B ;NA      ;NA    ;NA    ;NA     ;NA     ; 0/0
-------------------------------------------------------------------------------------------------------------------------------------

=====================================================================================================================================
BOARD  ;LNH    ;PORT       ;T ;S ;OpMode        ;AutoNeg ;MacAddress        ;VlanIds        ;LOS ;BER
=====================================================================================================================================
BB6631 ;000100 ;TN_E       ;E ;1 ;1G_FULL_SLAVE ;true    ;58:70:7F:8A:BB:52 ;3910           ;0   ;0/0
BB6631 ;000100 ;TN_IDL_A_1 ;E ;1 ;10G_FULL      ;false   ;58:70:7F:8A:BB:4B ;3901,3908,3910 ;0   ;0/0
BB6631 ;000100 ;TN_IDL_A_2 ;O ;1 ;10G_FULL      ;false   ;58:70:7F:8A:BB:4C ;3908           ;0   ;0/0
BB6631 ;000100 ;TN_IDL_B   ;O ;1 ;1G_FULL       ;true    ;58:70:7F:8A:BB:4F ;3901,3908,3910 ;0   ;0/0
-------------------------------------------------------------------------------------------------------------------------------------

radioClockState : RNT_TIME_LOCKED
-------------------------------------------------------------------------------------
Prio  ;ST  ;syncRefType    ;refStatus  ;opQualLevel  ;SyncReference
-------------------------------------------------------------------------------------
  *1  ; 1  ;PTP_TIME       ;NO_FAULT   ;PRTC         ;Ptp=1,BoundaryOrdinaryClock=1 (G_8275_2 Router=45G_Traffic,InterfaceIPv4=LTE,AddressIPv4=LTE:SLAVE)
   2  ; 1  ;NTP_FREQUENCY  ;NO_FAULT   ;PRC          ;Ntp=1,NtpFrequencySync=NTP1 (10.31.0.54:32751 Router=45G_Traffic,InterfaceIPv4=LTE,AddressIPv4=LTE)
-------------------------------------------------------------------------------------
nodeGroupRole   : SYNC_PROVIDER (syncNodePriority=1, selectionMode=NODE_PRIORITY)
-------------------------------------------------------------------------------------
DU  ;Port  ;sharedUnitRef (RiPortA - RiPortB)  ;remoteNodePriority  ;CandidateStatus
-------------------------------------------------------------------------------------
1   ;A     ;Fru=Radio-S220-1 (1 - 2)           ;3                   ;OK_NOT_ACTIVE
1   ;B     ;Fru=Radio-S221-1 (1 - 2)           ;3                   ;OK_NOT_ACTIVE
-------------------------------------------------------------------------------------

=====================================================================================================================================
FRU          ;LNH    ;BOARD                      ;RF  ;BP  ;TX (W/dBm)  ;VSWR (RL)   ;RX (dBm) ;UEs/gUEs  ;Sector/AntennaGroup/Cells (State:CellIds:PCIs)
=====================================================================================================================================
Radio-S100-1 ;BXP_2  ;RRU449944B144B3C           ; A  ;11  ;18.5 (42.7) ;1.16 (22.5) ;-91.6    ;36/-      ;SE=100 AG=100 FDD=RLA5M1 FDD=RLA5T1 (1:31:113, 1:41:181)
Radio-S100-1 ;BXP_2  ;RRU449944B144B3C           ; B  ;11  ;19.5 (42.9) ;1.11 (25.3) ;-95.2    ;36/-      ;SE=100 AG=100 FDD=RLA5M1 FDD=RLA5T1 (1:31:113, 1:41:181)
Radio-S100-1 ;BXP_2  ;RRU449944B144B3C           ; C  ;11  ;35.0 (45.4) ;1.14 (23.8) ;-95.8    ;5/-       ;SE=101 AG=101 FDD=RLA5M2 FDD=RLA5T2 (1:32:488, 1:42:26)
Radio-S100-1 ;BXP_2  ;RRU449944B144B3C           ; D  ;11  ;-           ;1.18 (21.5) ;-95.4    ;5/-       ;SE=101 AG=101 FDD=RLA5M2 FDD=RLA5T2 (1:32:488, 1:42:26)
Radio-S220-1 ;BXP_4  ;RRU247924B824B2024B28BM01* ; A  ;11  ;16.3 (42.1) ;1.22 (20.1) ;-96.3    ;15/5      ;SE=220* AG=220 FDD=RLA5E1 FDD=RLA5J1 NIOT=RLA5N1 NRC=RLA5G1 (1:61:135, 1:71:306, 1:161:135, 1:561:427)
Radio-S220-1 ;BXP_4  ;RRU247924B824B2024B28BM01* ; B  ;11  ;15.9 (42.0) ;1.24 (19.4) ;-95.6    ;15/5      ;SE=220* AG=220 FDD=RLA5E1 FDD=RLA5J1 NIOT=RLA5N1 NRC=RLA5G1 (1:61:135, 1:71:306, 1:161:135, 1:561:427)
Radio-S220-1 ;BXP_4  ;RRU247924B824B2024B28BM01* ; C  ;11  ;7.8 (38.9)  ;1.17 (22.2) ;-100.2   ;15/5      ;SE=220* AG=220 FDD=RLA5E1 FDD=RLA5J1 NIOT=RLA5N1 NRC=RLA5G1 (1:61:135, 1:71:306, 1:161:135, 1:561:427)
Radio-S220-1 ;BXP_4  ;RRU247924B824B2024B28BM01* ; D  ;11  ;7.8 (38.9)  ;1.15 (23.2) ;-99.8    ;15/5      ;SE=220* AG=220 FDD=RLA5E1 FDD=RLA5J1 NIOT=RLA5N1 NRC=RLA5G1 (1:61:135, 1:71:306, 1:161:135, 1:561:427)
Radio-S221-1 ;BXP_3  ;RRU247924B824B2024B28BM01* ; A  ;11  ;18.2 (42.6) ;1.25 (19.2) ;-97.6    ;4/-       ;SE=221* AG=221 FDD=RLA5E2 FDD=RLA5J2 NIOT=RLA5N2 NRC=RLA5G2 (1:62:296, 1:72:441, 1:162:296, 1:562:434)
Radio-S221-1 ;BXP_3  ;RRU247924B824B2024B28BM01* ; B  ;11  ;9.0 (39.6)  ;1.26 (18.7) ;-97.6    ;4/-       ;SE=221* AG=221 FDD=RLA5E2 FDD=RLA5J2 NIOT=RLA5N2 NRC=RLA5G2 (1:62:296, 1:72:441, 1:162:296, 1:562:434)
Radio-S221-1 ;BXP_3  ;RRU247924B824B2024B28BM01* ; C  ;11  ;7.6 (38.8)  ;1.17 (22.1) ;-101.3   ;4/-       ;SE=221* AG=221 FDD=RLA5E2 FDD=RLA5J2 NIOT=RLA5N2 NRC=RLA5G2 (1:62:296, 1:72:441, 1:162:296, 1:562:434)
Radio-S221-1 ;BXP_3  ;RRU247924B824B2024B28BM01* ; D  ;11  ;7.6 (38.8)  ;1.14 (23.7) ;-100.1   ;4/-       ;SE=221* AG=221 FDD=RLA5E2 FDD=RLA5J2 NIOT=RLA5N2 NRC=RLA5G2 (1:62:296, 1:72:441, 1:162:296, 1:562:434)
-------------------------------------------------------------------------------------------------------------------------------------

RLA5E> mfar

251125-11:56:46+0100 19.31.14.159 25.0h MSRBS_NODE_MODEL_25.Q1_693.28324.131_62ac stopfile=/tmp/2213188
.......
Last MO: 20247. Loaded 20247 MOs. Total: 20248 MOs.
............................................
get /rop/A20251125.0915-0930_RLA5E.xml.gz /ericsson/log/amos/moshell_logfiles/t20251125_37258710_65084/logs_moshell/pmfiles/19.31.14.159/rop/A20251125.0915-0930_RLA5E.xml.gz ... OK
get /rop/A20251125.0930-0945_RLA5E.xml.gz /ericsson/log/amos/moshell_logfiles/t20251125_37258710_65084/logs_moshell/pmfiles/19.31.14.159/rop/A20251125.0930-0945_RLA5E.xml.gz ... OK
get /rop/A20251125.0945-1000_RLA5E.xml.gz /ericsson/log/amos/moshell_logfiles/t20251125_37258710_65084/logs_moshell/pmfiles/19.31.14.159/rop/A20251125.0945-1000_RLA5E.xml.gz ... OK

Using hardcoded thresholds: 3, 4.5, and 16.5
================================================================================================================================
SC     SE  Tx/Rx BrPair  RfPort1 - RfPort2               HW       Serial      Cell (State)   Samples   Med  Mean  SDev Pol Res Issue
================================================================================================================================
RLA5E1 220   2/2 0 (1,2) Radio-S220-1(A) Radio-S220-1(B) RRU2479  E55K635351  FDD=RLA5E1 (1)  172755   2.5   1.9   7.4  NA  OK Passed
RLA5E2 221   2/2 0 (1,2) Radio-S221-1(A) Radio-S221-1(B) RRU2479  E55K635343  FDD=RLA5E2 (1)   56289   4.5   4.9   7.1  NA NOK RF Loss or PIM at Radio-S221-1(A)
RLA5J1 220   2/4 0 (1,2) Radio-S220-1(A) Radio-S220-1(B) RRU2479  E55K635351  FDD=RLA5J1 (1)   49710   3.5   4.5  11.0  NA OKW Possible RF Loss or PIM at Radio-S220-1(A)
RLA5J1 220   2/4 1 (2,3) Radio-S220-1(B) Radio-S220-1(C) RRU2479  E55K635351  FDD=RLA5J1 (1)   49710  -3.5  -3.2   9.1  NA OKW Possible RF Loss or PIM at Radio-S220-1(C)
RLA5J1 220   2/4 2 (3,4) Radio-S220-1(C) Radio-S220-1(D) RRU2479  E55K635351  FDD=RLA5J1 (1)   49710   2.5   3.4   8.1  NA OKW Possible RF Loss or PIM at Radio-S220-1(C)
RLA5J2 221   2/4 0 (1,2) Radio-S221-1(A) Radio-S221-1(B) RRU2479  E55K635343  FDD=RLA5J2 (1)    3635   0.5   0.3   7.5  NA  OK Passed
RLA5J2 221   2/4 1 (2,3) Radio-S221-1(B) Radio-S221-1(C) RRU2479  E55K635343  FDD=RLA5J2 (1)    3635  -0.5  -0.7   7.2  NA  OK Passed
RLA5J2 221   2/4 2 (3,4) Radio-S221-1(C) Radio-S221-1(D) RRU2479  E55K635343  FDD=RLA5J2 (1)    3635   0.5  -0.3   6.3  NA  OK Passed
RLA5M1 100   2/2 0 (1,2) Radio-S100-1(A) Radio-S100-1(B) RRU4499  TU8U023G1C  FDD=RLA5M1 (1)   36042  -0.5  -0.6   6.3  NA  OK Passed
RLA5M2 101   2/2 0 (1,2) Radio-S100-1(C) Radio-S100-1(D) RRU4499  TU8U023G1C  FDD=RLA5M2 (1)    7112  -0.5  -0.6   7.0  NA  OK Passed
RLA5T1 100   2/2 0 (1,2) Radio-S100-1(A) Radio-S100-1(B) RRU4499  TU8U023G1C  FDD=RLA5T1 (1)  226147  -1.5  -2.2   7.9  NA  OK Passed
RLA5T2 101   2/2 0 (1,2) Radio-S100-1(C) Radio-S100-1(D) RRU4499  TU8U023G1C  FDD=RLA5T2 (1)   32627   1.5   1.3   6.7  NA  OK Passed
================================================================================================================================
Total: 8 SectorCarriers, 12 RfBranch Pairs (8 OK, 3 OKW, 1 NOK, 0 NT)
.......
Last MO: 20247. Loaded 20247 MOs. Total: 20248 MOs.
...................................

Using hardcoded thresholds: 3, 4.5, and 16.5
================================================================================================================================
SC     SE  Tx/Rx BrPair  RfPort1 - RfPort2               HW       Serial      Cell (State)  Samples   Med  Mean  SDev Pol Res Issue
================================================================================================================================
RLA5G1 220   2/4 0 (1,2) Radio-S220-1(A) Radio-S220-1(B) RRU2479  E55K635351  DU=RLA5G1 (1)   96877   0.5   0.2   7.8  NA  OK Passed
RLA5G1 220   2/4 1 (2,3) Radio-S220-1(B) Radio-S220-1(C) RRU2479  E55K635351  DU=RLA5G1 (1)   96880   0.5   0.4   7.6  NA  OK Passed
RLA5G1 220   2/4 2 (3,4) Radio-S220-1(C) Radio-S220-1(D) RRU2479  E55K635351  DU=RLA5G1 (1)   96881  -0.5  -0.3   7.4  NA  OK Passed
RLA5G2 221   2/4 0 (1,2) Radio-S221-1(A) Radio-S221-1(B) RRU2479  E55K635343  DU=RLA5G2 (1)   25148   1.5   1.9   8.0  NA  OK Passed
RLA5G2 221   2/4 1 (2,3) Radio-S221-1(B) Radio-S221-1(C) RRU2479  E55K635343  DU=RLA5G2 (1)   25148  -2.5  -2.8   8.2  NA  OK Passed
RLA5G2 221   2/4 2 (3,4) Radio-S221-1(C) Radio-S221-1(D) RRU2479  E55K635343  DU=RLA5G2 (1)   25148   0.5   1.2   8.4  NA  OK Passed
================================================================================================================================
Total: 2 NRSectorCarriers, 6 RfBranch Pairs (6 OK, 0 OKW, 0 NOK, 0 NT)

RLA5E> mfitr

251125-11:57:13+0100 19.31.14.159 25.0h MSRBS_NODE_MODEL_25.Q1_693.28324.131_62ac stopfile=/tmp/2213188
............
Last MO: 20247. Loaded 20247 MOs. Total: 20248 MOs.
.........
2025-11-25 11:57
================================================================================================================================
CELL       SC     FRU          BOARD                     PUSCH  PUCCH       A      B      C      D  DELTA
================================================================================================================================
FDD=RLA5E1 RLA5E1 Radio-S220-1 RRU247924B824B2024B28BM01 -117.6 -115.6 -116.9 -117.4                  0.5
FDD=RLA5E2 RLA5E2 Radio-S221-1 RRU247924B824B2024B28BM01 -119.1 -118.1 -119.1 -119.3                  0.2
FDD=RLA5J1 RLA5J1 Radio-S220-1 RRU247924B824B2024B28BM01 -119.5 -118.8 -118.8 -116.0 -118.3 -116.9    2.8
FDD=RLA5J2 RLA5J2 Radio-S221-1 RRU247924B824B2024B28BM01 -120.1 -119.7 -119.9 -120.0 -120.0 -119.9    0.1
FDD=RLA5M1 RLA5M1 Radio-S100-1 RRU449944B144B3C          -119.4 -119.5 -119.5 -119.7                  0.2
FDD=RLA5M2 RLA5M2 Radio-S100-1 RRU449944B144B3C          -119.4 -119.4               -119.6 -119.6      0
FDD=RLA5T1 RLA5T1 Radio-S100-1 RRU449944B144B3C          -115.1 -119.1 -115.1 -119.2                  4.1
FDD=RLA5T2 RLA5T2 Radio-S100-1 RRU449944B144B3C          -119.0 -118.5               -118.9 -119.2    0.3
================================================================================================================================
Bye...
Output has been logged to file /mta_fs/UserFiles/37258710/amosbatch/SDIR/RLA5E.log
