Logging to file /mta_fs/UserFiles/37258710/amosbatch/SDIR/RLB4L.log
                        __  __  ____   _____
                  /\   |  \/  |/ __ \ / ____|
                 /  \  | \  / | |  | | (___  
                / /\ \ | |\/| | |  | |\___ \ 
               / ____ \| |  | | |__| |____) |
              /_/    \_\_|  |_|\____/|_____/
              OSS Framework for MoShell-25.0h 
  Copyright (c) Ericsson AB 2001-2025 - All Rights Reserved
              
           
[1;31mWARNING: [0mthe AMOS version currently running is more than 29 weeks old and is unsupported.
Please upgrade as soon as possible to the latest released version, available from your local Ericsson support.

$amosrb_pid = 2598524

Checking ip contact...OK

HELP MENU            : h
BASIC MO COMMANDS    : m
OTHER MO COMMANDS    : n
OTHER COMMANDS       : o
PM COMMANDS          : p
QUIT                 : q

RLB4L> lt all

251125-13:51:08+0100 19.31.14.185 25.0h  stopfile=/tmp/2598285
Looking up temporary_amos account... OK.
Trying temporary_amos_t20251125_37258710_65084_131's password from amos lookupAccount ... OK

$ssh_pid = 2599678

Connected to 19.31.14.185 (SubNetwork=BBMM_rckomc_R,MeContext=RLB4L,ManagedElement=RLB4L)

Checking MOM version...MSRBS_NODE_MODEL_25.Q1_693.28324.131_62ac
Parsing MOM (cached): /ericsson/log/amos/moshell_logfiles/t20251125_37258710_65084/logs_moshell/tempfiles/scp-4-amos_20251125-135101_2598082/MSRBS_NODE_MODEL_25.Q1_693.28324.131_62ac.xml.cache.gz ..................................................................................................................................................................................................................................Done.
Using paramfile /opt/ericsson/amos/moshell/commonjars/pm/PARAM_MSRBS_25.Q1.txt
Parsing file /opt/ericsson/amos/moshell/commonjars/pm/PARAM_MSRBS_25.Q1.txt .......................................................................................Done.
Using imomdfile /opt/ericsson/amos/moshell/commonjars/pm/IMOMD_MSRBS_22.Q4.txt
Using imomfile /opt/ericsson/amos/moshell/commonjars/pm/IMOM_MSRBS_25.Q1.txt
Connected to 19.31.14.185 (SubNetwork=BBMM_rckomc_R,MeContext=RLB4L,ManagedElement=RLB4L)

Last MO: 19306. Loaded 19306 MOs. Total: 19307 MOs.

RLB4L> st cell

251125-13:51:23+0100 19.31.14.185 25.0h MSRBS_NODE_MODEL_25.Q1_693.28324.131_62ac stopfile=/tmp/2598285
===================================================================================
Proxy  Adm State     Op. State     MO
===================================================================================
   43  1 (UNLOCKED)  1 (ENABLED)   ENodeBFunction=1,EUtranCellFDD=RLB4E1
  171  1 (UNLOCKED)  1 (ENABLED)   ENodeBFunction=1,EUtranCellFDD=RLB4E4
  322  1 (UNLOCKED)  1 (ENABLED)   ENodeBFunction=1,EUtranCellFDD=RLB4L1
  476  1 (UNLOCKED)  1 (ENABLED)   ENodeBFunction=1,EUtranCellFDD=RLB4L2
  620  1 (UNLOCKED)  1 (ENABLED)   ENodeBFunction=1,EUtranCellFDD=RLB4L3
  734  1 (UNLOCKED)  1 (ENABLED)   ENodeBFunction=1,EUtranCellFDD=RLB4L4
  871  1 (UNLOCKED)  1 (ENABLED)   ENodeBFunction=1,EUtranCellFDD=RLB4M1
  987  1 (UNLOCKED)  1 (ENABLED)   ENodeBFunction=1,EUtranCellFDD=RLB4M2
 1116  1 (UNLOCKED)  1 (ENABLED)   ENodeBFunction=1,EUtranCellFDD=RLB4M3
 1245  1 (UNLOCKED)  1 (ENABLED)   ENodeBFunction=1,EUtranCellFDD=RLB4M4
 1395  1 (UNLOCKED)  1 (ENABLED)   ENodeBFunction=1,EUtranCellFDD=RLB4T1
 1520  1 (UNLOCKED)  1 (ENABLED)   ENodeBFunction=1,EUtranCellFDD=RLB4T2
 1682  1 (UNLOCKED)  1 (ENABLED)   ENodeBFunction=1,EUtranCellFDD=RLB4T3
 1832  1 (UNLOCKED)  1 (ENABLED)   ENodeBFunction=1,EUtranCellFDD=RLB4T4
 2575  1 (UNLOCKED)  1 (ENABLED)   ENodeBFunction=1,NbIotCell=RLB4N1
 2576  1 (UNLOCKED)  1 (ENABLED)   ENodeBFunction=1,NbIotCell=RLB4N4
===================================================================================
Total: 16 MOs

RLB4L> st radio

251125-13:51:24+0100 19.31.14.185 25.0h MSRBS_NODE_MODEL_25.Q1_693.28324.131_62ac stopfile=/tmp/2598285
===================================================================================
Proxy  Adm State     Op. State     MO
===================================================================================
 3401  1 (UNLOCKED)  1 (ENABLED)   Equipment=1,FieldReplaceableUnit=Radio-S1-1
 3413  1 (UNLOCKED)  1 (ENABLED)   Equipment=1,FieldReplaceableUnit=Radio-S100-1
 3436  1 (UNLOCKED)  1 (ENABLED)   Equipment=1,FieldReplaceableUnit=Radio-S102-1
 3459  1 (UNLOCKED)  1 (ENABLED)   Equipment=1,FieldReplaceableUnit=Radio-S180-1
 3474  1 (UNLOCKED)  1 (ENABLED)   Equipment=1,FieldReplaceableUnit=Radio-S182-1
 3489  1 (UNLOCKED)  1 (ENABLED)   Equipment=1,FieldReplaceableUnit=Radio-S4-1
19302  1 (UNLOCKED)  1 (ENABLED)   Transport=1,Synchronization=1,RadioEquipmentClock=1,RadioEquipmentClockReference=NTP1
19303  1 (UNLOCKED)  1 (ENABLED)   Transport=1,Synchronization=1,RadioEquipmentClock=1,RadioEquipmentClockReference=PTP
===================================================================================
Total: 8 MOs

RLB4L> sdir

251125-13:51:24+0100 19.31.14.185 25.0h MSRBS_NODE_MODEL_25.Q1_693.28324.131_62ac stopfile=/tmp/2598285
INFO: Using amos lookupAccount credentials for the export login
....................
get /rop/A20251125.1200-1215_RLB4L.xml.gz /ericsson/log/amos/moshell_logfiles/t20251125_37258710_65084/logs_moshell/pmfiles/19.31.14.185/rop/A20251125.1200-1215_RLB4L.xml.gz ... OK
get /rop/A20251125.1215-1230_RLB4L.xml.gz /ericsson/log/amos/moshell_logfiles/t20251125_37258710_65084/logs_moshell/pmfiles/19.31.14.185/rop/A20251125.1215-1230_RLB4L.xml.gz ... OK
get /rop/A20251125.1230-1245_RLB4L.xml.gz /ericsson/log/amos/moshell_logfiles/t20251125_37258710_65084/logs_moshell/pmfiles/19.31.14.185/rop/A20251125.1230-1245_RLB4L.xml.gz ... OK
....Checking available boards on node...

Collecting RCS board data ...
........................................................................................................................
................................
........................................................................................................................................................................................................................................................................................................................................................................................
............
Collecting TN data...
........................................................................................................................................
Getting MO data from node (91 MOs). Please wait...
0%                                             ~50%                                           ~100%
...................................................................................................................................
Collecting RF data...
....
Collecting Alarms...
Executing action Log.export()
...
Log=AlarmLog                    actionId=50939
...................
Executing action LogM.exportAvailabilityLog()
..LogM=1,exportAvailabilityLog    actionId=50940
.....Parsing alarmLog.........Done.
Parsing availabilityLog.....Done.
.........

Total: 6 CPRI links (6 OK, 0 OKW, 0 NOK, 0 NT)
.
+--------+                      +------------+
|        | A        O98      D1 | Radio-S1-1 |
|        |-----------1----------| RRU2217B20 |
|        |         OK-37m       |   BXP_6    |
|        |                      +------------+
|        |                             |A  |B
|        |               SE=1 AG=1 FDD=RLB4E1
|        |                        NIOT=RLB4N1
|        |
|        |                      +------------+
|        | B        O98      D1 | Radio-S4-1 |
|        |-----------2----------| RRU2217B20 |
|        |         OK-36m       |   BXP_5    |
|        |                      +------------+
|        |                             |A  |B
|        |               SE=4 AG=4 FDD=RLB4E4
|        |                        NIOT=RLB4N4
|        |
|        |                      +------------------+
|        | D        O101     D1 |   Radio-S100-1   |
|        |-----------3----------| RRU449944B144B3C |
|        |         OK-36m       |      BXP_4       |
|        |                      +------------------+
|        |                           |A  |B  |C  |D
|        |                    SE=100 AG=100  |   |
|        |            FDD=RLB4M1 FDD=RLB4T1  |   |
|        |                            SE=101 AG=101
|        |                    FDD=RLB4M2 FDD=RLB4T2
|        |
|        |                      +------------------+
|        | E        O101     D1 |   Radio-S102-1   |
|  BB-1  |-----------4----------| RRU449944B144B3C |
| BB6631 |         OK-36m       |      BXP_7       |
| 000100 |                      +------------------+
|        |                           |A  |B  |C  |D
|        |                    SE=102 AG=102  |   |
|        |            FDD=RLB4M3 FDD=RLB4T3  |   |
|        |                            SE=103 AG=103
|        |                    FDD=RLB4M4 FDD=RLB4T4
|        |
|        |                      +---------------+
|        | G        O101     D1 | Radio-S180-1  |
|        |-----------5----------|   RRU4415B7   |
|        |         OK-36m       |     BXP_3     |
|        |                      +---------------+
|        |                        |A  |B  |C  |D
|        |                 SE=180 AG=180  |   |
|        |                    FDD=RLB4L1  |   |
|        |                         SE=181 AG=181
|        |                            FDD=RLB4L2
|        |
|        |                      +---------------+
|        | H        O101     D1 | Radio-S182-1  |
|        |-----------6----------|   RRU4415B7   |
|        |         OK-36m       |     BXP_2     |
|        |                      +---------------+
|        |                        |A  |B  |C  |D
|        |                 SE=182 AG=182  |   |
|        |                    FDD=RLB4L3  |   |
|        |                         SE=183 AG=183
|        |                            FDD=RLB4L4
|        |
+--------+

=====================================================================================================================================
ID RiL    Type Res MO1-MO2                  BOARD1-BOARD2           AlmIDs Cells (States)                                        Issue (Failed checks)
=====================================================================================================================================
 1 S1-1   O98  OK  BB-1(A) Radio-S1-1(D1)   BB6631 RRU2217B20              FDD=RLB4E1 NIOT=RLB4N1 (1,1)                          Passed
 2 S4-1   O98  OK  BB-1(B) Radio-S4-1(D1)   BB6631 RRU2217B20              FDD=RLB4E4 NIOT=RLB4N4 (1,1)                          Passed
 3 S100-1 O101 OK  BB-1(D) Radio-S100-1(D1) BB6631 RRU449944B144B3C        FDD=RLB4M1 FDD=RLB4M2 FDD=RLB4T1 FDD=RLB4T2 (1,1,1,1) Passed
 4 S102-1 O101 OK  BB-1(E) Radio-S102-1(D1) BB6631 RRU449944B144B3C        FDD=RLB4M3 FDD=RLB4M4 FDD=RLB4T3 FDD=RLB4T4 (1,1,1,1) Passed
 5 S180-1 O101 OK  BB-1(G) Radio-S180-1(D1) BB6631 RRU4415B7               FDD=RLB4L1 FDD=RLB4L2 (1,1)                           Passed
 6 S182-1 O101 OK  BB-1(H) Radio-S182-1(D1) BB6631 RRU4415B7               FDD=RLB4L3 FDD=RLB4L4 (1,1)                           Passed
-------------------------------------------------------------------------------------------------------------------------------------

Node: RadioNode L   CXP2010174/2_R27J08 (25.Q1)   G3.1   LTE-FDD,LTE-IoT 

=====================================================================================================================================
FRU          ;LNH    ;BOARD            ;ST ;FAULT ;OPER ;MAINT ;STAT ;PRODUCTNUMBER   ;REV     ;SERIAL        ;DATE     ;PMTEMP ; TEMP ; UPT ;VOLT ;SW                   ;
=====================================================================================================================================
BB-1         ;000100 ;BB6631           ; 1 ;  OFF ;  ON ;  OFF ;  ON ;KDU1370071/11   ;R2A     ;E96A00YJKQ    ;20230227 ;3 (OK) ;      ; 131 ;53   ;                     ;
Radio-S1-1   ;BXP_6  ;RRU2217B20       ; 1 ;  OFF ;  ON ;  OFF ; N/A ;KRC161549/1     ;R1S     ;TU8U01YEX7    ;20230222 ;4 (OK) ; 30.5 ; 131 ;54.2 ;CXP9013268%9_R96JB   ; (Radio2217B20)
Radio-S100-1 ;BXP_4  ;RRU449944B144B3C ; 1 ;  OFF ;  ON ;  OFF ; N/A ;KRC161787/1     ;R2F     ;E23E518196    ;20230303 ;4 (OK) ; 31.4 ; 131 ;53.7 ;CXP9013268%15_R101LX ; (Radio449944B144B3C)
Radio-S102-1 ;BXP_7  ;RRU449944B144B3C ; 1 ;  OFF ;  ON ;  OFF ; N/A ;KRC161787/1     ;R2F     ;E23E506251    ;20230224 ;4 (OK) ; 31.3 ; 131 ;53.7 ;CXP9013268%15_R101LX ; (Radio449944B144B3C)
Radio-S180-1 ;BXP_3  ;RRU4415B7        ; 1 ;  OFF ;  ON ;  OFF ; N/A ;KRC161495/1     ;R5J     ;TU8U01Z4FN    ;20230306 ;4 (OK) ; 31.9 ; 131 ;53.5 ;CXP9013268%15_R101LX ; (Radio4415B7)
Radio-S182-1 ;BXP_2  ;RRU4415B7        ; 1 ;  OFF ;  ON ;  OFF ; N/A ;KRC161495/1     ;R5J     ;TU8U01Z4FT    ;20230306 ;4 (OK) ; 31.7 ; 131 ;53.4 ;CXP9013268%15_R101LX ; (Radio4415B7)
Radio-S4-1   ;BXP_5  ;RRU2217B20       ; 1 ;  OFF ;  ON ;  OFF ; N/A ;KRC161549/1     ;R1S     ;TU8U01YEXB    ;20230222 ;4 (OK) ; 29.3 ; 131 ;54.4 ;CXP9013268%9_R96JB   ; (Radio2217B20)
-------------------------------------------------------------------------------------------------------------------------------------

=====================================================================================================================================
XPBOARD  ;ST ;FAULT ;OPER ;PRODUCTNUMBER ;REV ;SERIAL/NAME ;DATE     ; TEMP ;MO
=====================================================================================================================================
FAN08    ; 1 ;N/A   ;N/A  ;BKV106236/1   ;R2G ;CE5100RM9K  ;20220801 ; 32.0 ;SupportUnit=1 (FAN  BB-1)
-------------------------------------------------------------------------------------------------------------------------------------

=====================================================================================================================================
ID ;T ;RiL    ;BPBP ;BOARD1           ;LNH1 ;PORT ;R ;LINK ;RATE  ; BER ;BOARD2           ;LNH2 ;PORT ;R ;LINK ;RATE  ; BER ;LENGTH ;MO1 - MO2
=====================================================================================================================================
 1 ;O ;  S1-1 ;1111 ;BB6631           ;000100 ; 1 ;M ;Up   ;9.8G  ;   0 ;RRU2217B20       ;BXP_6  ; 0 ;S ;Up   ;9.8G  ;   0 ;   37m ;Fru=BB-1(A) Fru=Radio-S1-1(D1)
 2 ;O ;  S4-1 ;1111 ;BB6631           ;000100 ; 2 ;M ;Up   ;9.8G  ;   0 ;RRU2217B20       ;BXP_5  ; 0 ;S ;Up   ;9.8G  ;   0 ;   36m ;Fru=BB-1(B) Fru=Radio-S4-1(D1)
 3 ;O ;S100-1 ;1111 ;BB6631           ;000100 ; 4 ;M ;Up   ;10.1G ;   0 ;RRU449944B144B3C ;BXP_4  ; 0 ;S ;Up   ;10.1G ;   0 ;   36m ;Fru=BB-1(D) Fru=Radio-S100-1(D1)
 4 ;O ;S102-1 ;1111 ;BB6631           ;000100 ; 5 ;M ;Up   ;10.1G ;   0 ;RRU449944B144B3C ;BXP_7  ; 0 ;S ;Up   ;10.1G ;   0 ;   36m ;Fru=BB-1(E) Fru=Radio-S102-1(D1)
 5 ;O ;S180-1 ;1111 ;BB6631           ;000100 ; 7 ;M ;Up   ;10.1G ;   0 ;RRU4415B7        ;BXP_3  ; 0 ;S ;Up   ;10.1G ;   0 ;   36m ;Fru=BB-1(G) Fru=Radio-S180-1(D1)
 6 ;O ;S182-1 ;1111 ;BB6631           ;000100 ; 8 ;M ;Up   ;10.1G ;   0 ;RRU4415B7        ;BXP_2  ; 0 ;S ;Up   ;10.1G ;   0 ;   36m ;Fru=BB-1(H) Fru=Radio-S182-1(D1)
-------------------------------------------------------------------------------------------------------------------------------------

=====================================================================================================================================
ID ;LINK ;RiL    ;VENDOR1  ;VENDORPROD1     ;REV1 ;SERIAL1        ;DATE1    ;ERICSSONPROD1  ;VENDOR2  ;VENDORPROD2     ;REV2 ;SERIAL2        ;DATE2    ;ERICSSONPROD2  ;TT ;WL1     ;WL2    
=====================================================================================================================================
 1 ;Up   ;  S1-1 ;ERICSSON ;RTXM228-702-C22 ;1.0  ;HN230700071199 ;20230217 ;RDH10265/2 R1A ;ERICSSON ;RTXM228-702-C22 ;1.0  ;HN230700071197 ;20230217 ;RDH10265/2 R1A ;0  ;1310.00 ;1310.00
 2 ;Up   ;  S4-1 ;ERICSSON ;RTXM228-702-C22 ;1.0  ;HN230700071178 ;20230217 ;RDH10265/2 R1A ;ERICSSON ;RTXM228-702-C22 ;1.0  ;HN230700071198 ;20230217 ;RDH10265/2 R1A ;0  ;1310.00 ;1310.00
 3 ;Up   ;S100-1 ;ERICSSON ;RTXM228-702-C22 ;1.0  ;HN230700071183 ;20230217 ;RDH10265/2 R1A ;ERICSSON ;RTXM228-702-C22 ;1.0  ;HN230700071196 ;20230217 ;RDH10265/2 R1A ;0  ;1310.00 ;1310.00
 4 ;Up   ;S102-1 ;ERICSSON ;RTXM228-702-C22 ;1.0  ;HN230700071184 ;20230217 ;RDH10265/2 R1A ;ERICSSON ;RTXM228-702-C22 ;1.0  ;HN230700071195 ;20230217 ;RDH10265/2 R1A ;0  ;1310.00 ;1310.00
 5 ;Up   ;S180-1 ;ERICSSON ;RTXM228-702-C22 ;1.0  ;HN230700071158 ;20230217 ;RDH10265/2 R1A ;ERICSSON ;RTXM228-702-C22 ;1.0  ;HN230700071181 ;20230217 ;RDH10265/2 R1A ;0  ;1310.00 ;1310.00
 6 ;Up   ;S182-1 ;ERICSSON ;RTXM228-702-C22 ;1.0  ;HN230700071200 ;20230217 ;RDH10265/2 R1A ;ERICSSON ;RTXM228-702-C22 ;1.0  ;HN230700071182 ;20230217 ;RDH10265/2 R1A ;0  ;1310.00 ;1310.00
-------------------------------------------------------------------------------------------------------------------------------------

=====================================================================================================================================
ID ;LINK ;RiL    ;WL1     ;TEMP1 ;TXbs1 ;TXdBm1 ;RXdBm1 ;BER1   ;WL2     ;TEMP2 ;TXbs2 ;TXdBm2 ;RXdBm2 ;BER2   ;DlLoss ;UlLoss ;LENGTH ;TT
=====================================================================================================================================
 1 ;Up   ;  S1-1 ;1310.00 ;36C   ;55%   ;-1.00  ;-1.61  ;   0   ;1310.00 ;34C   ;53%   ;-1.25  ;-1.51  ;   0   ;  0.51 ;  0.36 ;   37m ; 0
 2 ;Up   ;  S4-1 ;1310.00 ;33C   ;55%   ;-0.90  ;-0.97  ;   0   ;1310.00 ;32C   ;54%   ;-1.19  ;-1.37  ;   0   ;  0.47 ; -0.22 ;   36m ; 0
 3 ;Up   ;S100-1 ;1310.00 ;37C   ;54%   ;-1.20  ;-2.13  ;   0   ;1310.00 ;31C   ;52%   ;-1.44  ;-1.09  ;   0   ; -0.11 ;  0.69 ;   36m ; 0
 4 ;Up   ;S102-1 ;1310.00 ;37C   ;53%   ;-1.10  ;-2.68  ;   0   ;1310.00 ;33C   ;52%   ;-1.84  ;-1.67  ;   0   ;  0.57 ;  0.84 ;   36m ; 0
 5 ;Up   ;S180-1 ;1310.00 ;34C   ;55%   ;-0.78  ;-0.28  ;   0   ;1310.00 ;30C   ;54%   ;-0.58  ;-0.74  ;   0   ; -0.04 ;  -0.3 ;   36m ; 0
 6 ;Up   ;S182-1 ;1310.00 ;34C   ;56%   ;-1.12  ;-1.65  ;   0   ;1310.00 ;34C   ;52%   ;-0.92  ;-1.20  ;   0   ;  0.08 ;  0.73 ;   36m ; 0
-------------------------------------------------------------------------------------------------------------------------------------

=====================================================================================================================================
ID ;RiL    ;BOARD            ;SFPLNH  ;PORT ;VENDOR   ;VENDORPROD      ;REV  ;SERIAL         ;DATE     ;ERICSSONPROD   ;WL      ;TEMP  ;TXbs  ;TXdBm  ;RXdBm  ; BER
=====================================================================================================================================
 1 ;  S1-1 ;BB6631           ;000100   ;  1 ;ERICSSON ;RTXM228-702-C22 ;1.0  ;HN230700071199 ;20230217 ;RDH10265/2 R1A ;1310.00 ;36C   ;55%   ;-1.00  ;-1.61  ;   0
 2 ;  S4-1 ;BB6631           ;000100   ;  2 ;ERICSSON ;RTXM228-702-C22 ;1.0  ;HN230700071178 ;20230217 ;RDH10265/2 R1A ;1310.00 ;33C   ;55%   ;-0.90  ;-0.97  ;   0
 3 ;S100-1 ;BB6631           ;000100   ;  4 ;ERICSSON ;RTXM228-702-C22 ;1.0  ;HN230700071183 ;20230217 ;RDH10265/2 R1A ;1310.00 ;37C   ;54%   ;-1.20  ;-2.13  ;   0
 4 ;S102-1 ;BB6631           ;000100   ;  5 ;ERICSSON ;RTXM228-702-C22 ;1.0  ;HN230700071184 ;20230217 ;RDH10265/2 R1A ;1310.00 ;37C   ;53%   ;-1.10  ;-2.68  ;   0
 5 ;S180-1 ;BB6631           ;000100   ;  7 ;ERICSSON ;RTXM228-702-C22 ;1.0  ;HN230700071158 ;20230217 ;RDH10265/2 R1A ;1310.00 ;34C   ;55%   ;-0.78  ;-0.28  ;   0
 6 ;S182-1 ;BB6631           ;000100   ;  8 ;ERICSSON ;RTXM228-702-C22 ;1.0  ;HN230700071200 ;20230217 ;RDH10265/2 R1A ;1310.00 ;34C   ;56%   ;-1.12  ;-1.65  ;   0
 6 ;S182-1 ;RRU4415B7        ;BXP_2    ;  0 ;ERICSSON ;RTXM228-702-C22 ;1.0  ;HN230700071182 ;20230217 ;RDH10265/2 R1A ;1310.00 ;34C   ;52%   ;-0.92  ;-1.20  ;   0
 5 ;S180-1 ;RRU4415B7        ;BXP_3    ;  0 ;ERICSSON ;RTXM228-702-C22 ;1.0  ;HN230700071181 ;20230217 ;RDH10265/2 R1A ;1310.00 ;30C   ;54%   ;-0.58  ;-0.74  ;   0
 3 ;S100-1 ;RRU449944B144B3C ;BXP_4    ;  0 ;ERICSSON ;RTXM228-702-C22 ;1.0  ;HN230700071196 ;20230217 ;RDH10265/2 R1A ;1310.00 ;31C   ;52%   ;-1.44  ;-1.09  ;   0
 2 ;  S4-1 ;RRU2217B20       ;BXP_5    ;  0 ;ERICSSON ;RTXM228-702-C22 ;1.0  ;HN230700071198 ;20230217 ;RDH10265/2 R1A ;1310.00 ;32C   ;54%   ;-1.19  ;-1.37  ;   0
 1 ;  S1-1 ;RRU2217B20       ;BXP_6    ;  0 ;ERICSSON ;RTXM228-702-C22 ;1.0  ;HN230700071197 ;20230217 ;RDH10265/2 R1A ;1310.00 ;34C   ;53%   ;-1.25  ;-1.51  ;   0
 4 ;S102-1 ;RRU449944B144B3C ;BXP_7    ;  0 ;ERICSSON ;RTXM228-702-C22 ;1.0  ;HN230700071195 ;20230217 ;RDH10265/2 R1A ;1310.00 ;33C   ;52%   ;-1.84  ;-1.67  ;   0
-------------------------------------------------------------------------------------------------------------------------------------
TN ;       ;BB6631           ;000100   ; IB ;WTD      ;RTXM192-406-C25 ;3.0  ;HW224300662951 ;20221025 ;RDH10247/2 R2A ;1310    ;30C   ;18%   ;-5.61  ;-7.77  ;NZ/0
-------------------------------------------------------------------------------------------------------------------------------------

=====================================================================================================================================
BOARD  ;LNH    ;PORT     ;T ;S ;OpMode  ;AutoNeg ;MacAddress        ;VlanIds   ;LOS ;BER
=====================================================================================================================================
BB6631 ;000100 ;TN_IDL_B ;O ;1 ;1G_FULL ;true    ;E0:47:35:DD:B2:7F ;3908,3910 ;0   ;NZ/0
-------------------------------------------------------------------------------------------------------------------------------------

radioClockState : RNT_TIME_LOCKED
-------------------------------------------------------------------------------------
Prio  ;ST  ;syncRefType    ;refStatus  ;opQualLevel  ;SyncReference
-------------------------------------------------------------------------------------
  *1  ; 1  ;PTP_TIME       ;NO_FAULT   ;PRTC         ;Ptp=1,BoundaryOrdinaryClock=PTP (G_8275_1 EthernetPort=TN_IDL_B:SLAVE)
   2  ; 1  ;NTP_FREQUENCY  ;NO_FAULT   ;PRC          ;Ntp=1,NtpFrequencySync=NTP1 (10.31.0.54:32751 Router=45G_Traffic,InterfaceIPv4=LTE,AddressIPv4=LTE)
-------------------------------------------------------------------------------------
-------------------------------------------------------------------------------------
Prio  ;ST  ;assistRefStatus  ;recQualLevel  ;AssistingReference
-------------------------------------------------------------------------------------
   1  ; 1  ;NO_FAULT         ;PRC           ;Synchronization=1,SyncEthInput=SyncE (SFP_OPTICAL EthernetPort=TN_IDL_B)
-------------------------------------------------------------------------------------

=====================================================================================================================================
FRU          ;LNH    ;BOARD            ;RF  ;BP  ;TX (W/dBm)  ;VSWR (RL)   ;RX (dBm) ;UEs/gUEs  ;Sector/AntennaGroup/Cells (State:CellIds:PCIs)
=====================================================================================================================================
Radio-S1-1   ;BXP_6  ;RRU2217B20       ; A  ;11  ;-           ;1.13 (24.2) ;         ;3/-       ;SE=1 AG=1 FDD=RLB4E1 NIOT=RLB4N1 (1:61:347, 1:161:347)
Radio-S1-1   ;BXP_6  ;RRU2217B20       ; B  ;11  ;-           ;1.13 (24.1) ;         ;3/-       ;SE=1 AG=1 FDD=RLB4E1 NIOT=RLB4N1 (1:61:347, 1:161:347)
Radio-S4-1   ;BXP_5  ;RRU2217B20       ; A  ;11  ;-           ;1.20 (21.0) ;         ;0/-       ;SE=4 AG=4 FDD=RLB4E4 NIOT=RLB4N4 (1:64:5, 1:164:5)
Radio-S4-1   ;BXP_5  ;RRU2217B20       ; B  ;11  ;-           ;1.12 (24.8) ;         ;0/-       ;SE=4 AG=4 FDD=RLB4E4 NIOT=RLB4N4 (1:64:5, 1:164:5)
Radio-S100-1 ;BXP_4  ;RRU449944B144B3C ; A  ;11  ;34.9 (45.4) ;1.59 (12.8) ;-89.3    ;1/-       ;SE=100 AG=100 FDD=RLB4M1 FDD=RLB4T1 (1:31:12, 1:41:85)
Radio-S100-1 ;BXP_4  ;RRU449944B144B3C ; B  ;11  ;-           ;1.10 (26.1) ;-79.0    ;1/-       ;SE=100 AG=100 FDD=RLB4M1 FDD=RLB4T1 (1:31:12, 1:41:85)
Radio-S100-1 ;BXP_4  ;RRU449944B144B3C ; C  ;11  ;8.8 (39.4)  ;1.13 (24.5) ;-81.4    ;14/-      ;SE=101 AG=101 FDD=RLB4M2 FDD=RLB4T2 (1:32:20, 1:42:86)
Radio-S100-1 ;BXP_4  ;RRU449944B144B3C ; D  ;11  ;9.4 (39.7)  ;1.52 (13.7) ;-91.8    ;14/-      ;SE=101 AG=101 FDD=RLB4M2 FDD=RLB4T2 (1:32:20, 1:42:86)
Radio-S102-1 ;BXP_7  ;RRU449944B144B3C ; A  ;11  ;10.8 (40.3) ;1.17 (22.1) ;-81.4    ;14/-      ;SE=102 AG=102 FDD=RLB4M3 FDD=RLB4T3 (1:33:100, 1:43:84)
Radio-S102-1 ;BXP_7  ;RRU449944B144B3C ; B  ;11  ;6.5 (38.1)  ;1.16 (22.6) ;-81.1    ;14/-      ;SE=102 AG=102 FDD=RLB4M3 FDD=RLB4T3 (1:33:100, 1:43:84)
Radio-S102-1 ;BXP_7  ;RRU449944B144B3C ; C  ;11  ;23.0 (43.6) ;1.10 (26.4) ;-69.0    ;10/-      ;SE=103 AG=103 FDD=RLB4M4 FDD=RLB4T4 (1:34:241, 1:44:29)
Radio-S102-1 ;BXP_7  ;RRU449944B144B3C ; D  ;11  ;5.4 (37.3)  ;1.07 (29.4) ;-69.6    ;10/-      ;SE=103 AG=103 FDD=RLB4M4 FDD=RLB4T4 (1:34:241, 1:44:29)
Radio-S180-1 ;BXP_3  ;RRU4415B7        ; A  ;11  ;12.0 (40.8) ;1.18 (21.6) ;-97.1    ;5/-       ;SE=180 AG=180 FDD=RLB4L1 (1:21:156)
Radio-S180-1 ;BXP_3  ;RRU4415B7        ; B  ;11  ;-           ;1.11 (25.9) ;-97.0    ;5/-       ;SE=180 AG=180 FDD=RLB4L1 (1:21:156)
Radio-S180-1 ;BXP_3  ;RRU4415B7        ; C  ;11  ;5.1 (37.1)  ;1.06 (31.2) ;-98.4    ;0/-       ;SE=181 AG=181 FDD=RLB4L2 (1:22:158)
Radio-S180-1 ;BXP_3  ;RRU4415B7        ; D  ;11  ;5.4 (37.3)  ;1.11 (25.9) ;-98.4    ;0/-       ;SE=181 AG=181 FDD=RLB4L2 (1:22:158)
Radio-S182-1 ;BXP_2  ;RRU4415B7        ; A  ;11  ;9.5 (39.8)  ;1.15 (23.4) ;-98.3    ;1/-       ;SE=182 AG=182 FDD=RLB4L3 (1:23:157)
Radio-S182-1 ;BXP_2  ;RRU4415B7        ; B  ;11  ;-           ;1.10 (26.7) ;-98.4    ;1/-       ;SE=182 AG=182 FDD=RLB4L3 (1:23:157)
Radio-S182-1 ;BXP_2  ;RRU4415B7        ; C  ;11  ;7.2 (38.6)  ;1.08 (27.9) ;-97.5    ;1/-       ;SE=183 AG=183 FDD=RLB4L4 (1:24:444)
Radio-S182-1 ;BXP_2  ;RRU4415B7        ; D  ;11  ;-           ;1.13 (24.3) ;-95.8    ;1/-       ;SE=183 AG=183 FDD=RLB4L4 (1:24:444)
-------------------------------------------------------------------------------------------------------------------------------------

RLB4L> mfar

251125-13:54:08+0100 19.31.14.185 25.0h MSRBS_NODE_MODEL_25.Q1_693.28324.131_62ac stopfile=/tmp/2598285
...........
Last MO: 19309. Loaded 19309 MOs. Total: 19310 MOs.
.........................................................
get /rop/A20251125.1115-1130_RLB4L.xml.gz /ericsson/log/amos/moshell_logfiles/t20251125_37258710_65084/logs_moshell/pmfiles/19.31.14.185/rop/A20251125.1115-1130_RLB4L.xml.gz ... OK
get /rop/A20251125.1130-1145_RLB4L.xml.gz /ericsson/log/amos/moshell_logfiles/t20251125_37258710_65084/logs_moshell/pmfiles/19.31.14.185/rop/A20251125.1130-1145_RLB4L.xml.gz ... OK
get /rop/A20251125.1145-1200_RLB4L.xml.gz /ericsson/log/amos/moshell_logfiles/t20251125_37258710_65084/logs_moshell/pmfiles/19.31.14.185/rop/A20251125.1145-1200_RLB4L.xml.gz ... OK

Using hardcoded thresholds: 3, 4.5, and 16.5
================================================================================================================================
SC     SE  Tx/Rx BrPair  RfPort1 - RfPort2               HW       Serial      Cell (State)   Samples   Med  Mean  SDev Pol Res Issue
================================================================================================================================
RLB4E1   1   2/2 0 (1,2) Radio-S1-1(A) Radio-S1-1(B)     RRU2217  TU8U01YEX7  FDD=RLB4E1 (1)   10447   0.5   0.7   5.9  NA  OK Passed
RLB4E4   4   2/2 0 (1,2) Radio-S4-1(A) Radio-S4-1(B)     RRU2217  TU8U01YEXB  FDD=RLB4E4 (1)   14589  -2.5  -1.9   6.7  NA  OK Passed
RLB4L1 180   2/2 0 (1,2) Radio-S180-1(A) Radio-S180-1(B) RRU4415  TU8U01Z4FN  FDD=RLB4L1 (1)   24872   1.5   1.3   7.5  NA  OK Passed
RLB4L2 181   2/2 0 (1,2) Radio-S180-1(C) Radio-S180-1(D) RRU4415  TU8U01Z4FN  FDD=RLB4L2 (1)    9309  -0.5   0.1   7.4  NA  OK Passed
RLB4L3 182   2/2 0 (1,2) Radio-S182-1(A) Radio-S182-1(B) RRU4415  TU8U01Z4FT  FDD=RLB4L3 (1)    8429  -0.5  -0.7   5.2  NA  OK Passed
RLB4L4 183   2/2 0 (1,2) Radio-S182-1(C) Radio-S182-1(D) RRU4415  TU8U01Z4FT  FDD=RLB4L4 (1)    9106  -1.5  -1.2   6.9  NA  OK Passed
RLB4M1 100   2/2 0 (1,2) Radio-S100-1(A) Radio-S100-1(B) RRU4499  E23E518196  FDD=RLB4M1 (1)     242   6.5   5.3   7.5  NA  NT Not enough data
RLB4M2 101   2/2 0 (1,2) Radio-S100-1(C) Radio-S100-1(D) RRU4499  E23E518196  FDD=RLB4M2 (1)    7898 -21.5 -20.7   6.2  NA NOK Disconnected feeder at Radio-S100-1(D)
RLB4M3 102   2/2 0 (1,2) Radio-S102-1(A) Radio-S102-1(B) RRU4499  E23E506251  FDD=RLB4M3 (1)    2205   0.5   0.2   7.1  NA  NT Not enough data
RLB4M4 103   2/2 0 (1,2) Radio-S102-1(C) Radio-S102-1(D) RRU4499  E23E506251  FDD=RLB4M4 (1)   12535  -1.5  -1.8   6.6  NA  OK Passed
RLB4T1 100   2/2 0 (1,2) Radio-S100-1(A) Radio-S100-1(B) RRU4499  E23E518196  FDD=RLB4T1 (1)     417   3.5   3.3   7.0  NA  NT Not enough data
RLB4T2 101   2/2 0 (1,2) Radio-S100-1(C) Radio-S100-1(D) RRU4499  E23E518196  FDD=RLB4T2 (1)  142285 -12.5 -11.9   7.8  NA NOK RF Loss or PIM at Radio-S100-1(D)
RLB4T3 102   2/2 0 (1,2) Radio-S102-1(A) Radio-S102-1(B) RRU4499  E23E506251  FDD=RLB4T3 (1)   80737  -0.5  -0.1   6.4  NA  OK Passed
RLB4T4 103   2/2 0 (1,2) Radio-S102-1(C) Radio-S102-1(D) RRU4499  E23E506251  FDD=RLB4T4 (1)   49210   0.5   0.7   7.2  NA  OK Passed
================================================================================================================================
Total: 14 SectorCarriers, 14 RfBranch Pairs (9 OK, 0 OKW, 1 NOK, 3 NT)
...........
Last MO: 19309. Loaded 19309 MOs. Total: 19310 MOs.

No NRSectorCarrier MOs are defined on the node.

RLB4L> mfitr

251125-13:54:28+0100 19.31.14.185 25.0h MSRBS_NODE_MODEL_25.Q1_693.28324.131_62ac stopfile=/tmp/2598285
..................
Last MO: 19309. Loaded 19309 MOs. Total: 19310 MOs.
.............
2025-11-25 13:55
================================================================================================================================
CELL       SC     FRU          BOARD            PUSCH  PUCCH       A      B      C      D  DELTA
================================================================================================================================
FDD=RLB4E1 RLB4E1 Radio-S1-1   RRU2217B20       -108.0 -107.7 -111.1 -110.1                    1
FDD=RLB4E4 RLB4E4 Radio-S4-1   RRU2217B20       -115.9 -116.1 -116.1 -116.3                  0.2
FDD=RLB4L1 RLB4L1 Radio-S180-1 RRU4415B7        -116.6 -117.6 -117.3 -117.3                    0
FDD=RLB4L2 RLB4L2 Radio-S180-1 RRU4415B7        -116.8 -118.0               -117.7 -117.4    0.3
FDD=RLB4L3 RLB4L3 Radio-S182-1 RRU4415B7        -118.2 -118.3 -117.9 -118.1                  0.2
FDD=RLB4L4 RLB4L4 Radio-S182-1 RRU4415B7        -115.9 -118.0               -117.0 -116.9    0.1
FDD=RLB4M1 RLB4M1 Radio-S100-1 RRU449944B144B3C -106.6 -110.5 -114.4 -108.9                  5.5
FDD=RLB4M2 RLB4M2 Radio-S100-1 RRU449944B144B3C -109.2 -110.5               -108.5 -115.0    6.5
FDD=RLB4M3 RLB4M3 Radio-S102-1 RRU449944B144B3C -108.0 -105.1 -111.3 -107.4                  3.9
FDD=RLB4M4 RLB4M4 Radio-S102-1 RRU449944B144B3C -106.7 -106.9               -110.8 -110.7    0.1
FDD=RLB4T1 RLB4T1 Radio-S100-1 RRU449944B144B3C -101.2 -107.4 -110.7  -99.5                 11.2
FDD=RLB4T2 RLB4T2 Radio-S100-1 RRU449944B144B3C -105.0 -107.3               -102.6 -114.0   11.4
FDD=RLB4T3 RLB4T3 Radio-S102-1 RRU449944B144B3C -104.7 -107.5 -100.6 -102.2                  1.6
FDD=RLB4T4 RLB4T4 Radio-S102-1 RRU449944B144B3C -100.6 -105.9                -99.8  -98.3    1.5
================================================================================================================================
Bye...
Output has been logged to file /mta_fs/UserFiles/37258710/amosbatch/SDIR/RLB4L.log
