Logging to file /mta_fs/UserFiles/37258710/amosbatch/SDIR/RLB5L.log
                        __  __  ____   _____
                  /\   |  \/  |/ __ \ / ____|
                 /  \  | \  / | |  | | (___  
                / /\ \ | |\/| | |  | |\___ \ 
               / ____ \| |  | | |__| |____) |
              /_/    \_\_|  |_|\____/|_____/
              OSS Framework for MoShell-25.0h 
  Copyright (c) Ericsson AB 2001-2025 - All Rights Reserved
              
           
[1;31mWARNING: [0mthe AMOS version currently running is more than 29 weeks old and is unsupported.
Please upgrade as soon as possible to the latest released version, available from your local Ericsson support.

$amosrb_pid = 2470052

Checking ip contact...OK

HELP MENU            : h
BASIC MO COMMANDS    : m
OTHER MO COMMANDS    : n
OTHER COMMANDS       : o
PM COMMANDS          : p
QUIT                 : q

RLB5L> lt all

251125-13:13:34+0100 19.31.14.179 25.0h  stopfile=/tmp/2469951
Looking up temporary_amos account... OK.
Trying temporary_amos_t20251125_37258710_65084_131's password from amos lookupAccount ... OK

$ssh_pid = 2470412

Connected to 19.31.14.179 (SubNetwork=BBMM_rckomc_R,MeContext=RLB5L,ManagedElement=RLB5L)

Checking MOM version...MSRBS_NODE_MODEL_25.Q1_198665.224.73_bf81
Parsing MOM (cached): /ericsson/log/amos/moshell_logfiles/t20251125_37258710_65084/logs_moshell/tempfiles/scp-4-amos_20251125-131327_2469891/MSRBS_NODE_MODEL_25.Q1_198665.224.73_bf81.xml.cache.gz ......................................................................................................................................................................................................................Done.
Using paramfile /opt/ericsson/amos/moshell/commonjars/pm/PARAM_MSRBSG2_25.Q1.txt
Parsing file /opt/ericsson/amos/moshell/commonjars/pm/PARAM_MSRBSG2_25.Q1.txt ......................................................................................Done.
Using imomdfile /opt/ericsson/amos/moshell/commonjars/pm/IMOMD_MSRBS_22.Q4.txt
Using imomfile /opt/ericsson/amos/moshell/commonjars/pm/IMOM_MSRBS_25.Q1.txt
Connected to 19.31.14.179 (SubNetwork=BBMM_rckomc_R,MeContext=RLB5L,ManagedElement=RLB5L)

Last MO: 18373. Loaded 18373 MOs. Total: 18374 MOs.

RLB5L> st cell

251125-13:13:54+0100 19.31.14.179 25.0h MSRBS_NODE_MODEL_25.Q1_198665.224.73_bf81 stopfile=/tmp/2469951
===================================================================================
Proxy  Adm State     Op. State     MO
===================================================================================
   43  1 (UNLOCKED)  1 (ENABLED)   ENodeBFunction=1,EUtranCellFDD=RLB5E1
  199  1 (UNLOCKED)  1 (ENABLED)   ENodeBFunction=1,EUtranCellFDD=RLB5E2
  497  1 (UNLOCKED)  1 (ENABLED)   ENodeBFunction=1,EUtranCellFDD=RLB5L1
  612  1 (UNLOCKED)  1 (ENABLED)   ENodeBFunction=1,EUtranCellFDD=RLB5L2
 1802  1 (UNLOCKED)  1 (ENABLED)   ENodeBFunction=1,NbIotCell=RLB5N1
 1803  1 (UNLOCKED)  1 (ENABLED)   ENodeBFunction=1,NbIotCell=RLB5N2
===================================================================================
Total: 6 MOs

RLB5L> st radio

251125-13:13:54+0100 19.31.14.179 25.0h MSRBS_NODE_MODEL_25.Q1_198665.224.73_bf81 stopfile=/tmp/2469951
===================================================================================
Proxy  Adm State     Op. State     MO
===================================================================================
 2684  1 (UNLOCKED)  1 (ENABLED)   Equipment=1,FieldReplaceableUnit=Radio-S1-1
 2696  1 (UNLOCKED)  1 (ENABLED)   Equipment=1,FieldReplaceableUnit=Radio-S180-1
 2711  1 (UNLOCKED)  1 (ENABLED)   Equipment=1,FieldReplaceableUnit=Radio-S2-1
18368  1 (UNLOCKED)  1 (ENABLED)   Transport=1,Synchronization=1,RadioEquipmentClock=1,RadioEquipmentClockReference=NTP1
18369  1 (UNLOCKED)  1 (ENABLED)   Transport=1,Synchronization=1,RadioEquipmentClock=1,RadioEquipmentClockReference=PTP
===================================================================================
Total: 5 MOs

RLB5L> sdir

251125-13:13:54+0100 19.31.14.179 25.0h MSRBS_NODE_MODEL_25.Q1_198665.224.73_bf81 stopfile=/tmp/2469951
INFO: Using amos lookupAccount credentials for the export login
...............................
get /rop/A20251125.1115-1130_RLB5L.xml.gz /ericsson/log/amos/moshell_logfiles/t20251125_37258710_65084/logs_moshell/pmfiles/19.31.14.179/rop/A20251125.1115-1130_RLB5L.xml.gz ... OK
get /rop/A20251125.1130-1145_RLB5L.xml.gz /ericsson/log/amos/moshell_logfiles/t20251125_37258710_65084/logs_moshell/pmfiles/19.31.14.179/rop/A20251125.1130-1145_RLB5L.xml.gz ... OK
get /rop/A20251125.1145-1200_RLB5L.xml.gz /ericsson/log/amos/moshell_logfiles/t20251125_37258710_65084/logs_moshell/pmfiles/19.31.14.179/rop/A20251125.1145-1200_RLB5L.xml.gz ... OK
...Checking available boards on node...

Collecting RCS board data ...
.................................................................................
.
...........................................................................................................................................................................................................................................
get /rop/A20251125.1200-1215_RLB5L.xml.gz /ericsson/log/amos/moshell_logfiles/t20251125_37258710_65084/logs_moshell/pmfiles/19.31.14.179/rop/A20251125.1200-1215_RLB5L.xml.gz ... OK
....
Collecting TN data...
...............................................................................................................................................................................................................................................................................
Collecting RF data...

Collecting Alarms...
Executing action Log.export()
...
Log=AlarmLog                    actionId=50937
............
Executing action LogM.exportAvailabilityLog()
..LogM=1,exportAvailabilityLog    actionId=50938
.....Parsing alarmLog...........Done.
Parsing availabilityLog....Done.
...........

Total: 3 CPRI links (3 OK, 0 OKW, 0 NOK, 0 NT)

+--------+                      +------------+
|        | A        O98      D1 | Radio-S1-1 |
|        |-----------1----------| RRU2217B20 |
|        |         OK-41m       |   BXP_2    |
|        |                      +------------+
|        |                             |A  |B
|        |               SE=1 AG=1 FDD=RLB5E1
|        |                        NIOT=RLB5N1
|        |
|        |                      +------------+
|        | B        O98      D1 | Radio-S2-1 |
|        |-----------2----------| RRU2217B20 |
|        |         OK-41m       |   BXP_3    |
|  BB-1  |                      +------------+
| BB6630 |                             |A  |B
| 000100 |               SE=2 AG=2 FDD=RLB5E2
|        |                        NIOT=RLB5N2
|        |
|        |                      +---------------+
|        | D        O101     D1 | Radio-S180-1  |
|        |-----------3----------|  RRU4415B7*   |
|        |         OK-42m       |     BXP_4     |
|        |                      +---------------+
|        |                        |A  |B  |C  |D
|        |                SE=180* AG=180  |   |
|        |                    FDD=RLB5L1  |   |
|        |                        SE=181* AG=181
|        |                            FDD=RLB5L2
|        |
+--------+

=====================================================================================================================================
ID RiL    Type Res MO1-MO2                  BOARD1-BOARD2     AlmIDs Cells (States)               Issue (Failed checks)
=====================================================================================================================================
 1 S1-1   O98  OK  BB-1(A) Radio-S1-1(D1)   BB6630 RRU2217B20        FDD=RLB5E1 NIOT=RLB5N1 (1,1) Passed
 2 S2-1   O98  OK  BB-1(B) Radio-S2-1(D1)   BB6630 RRU2217B20        FDD=RLB5E2 NIOT=RLB5N2 (1,1) Passed
 3 S180-1 O101 OK  BB-1(D) Radio-S180-1(D1) BB6630 RRU4415B7*        FDD=RLB5L1 FDD=RLB5L2 (1,1)  Passed
-------------------------------------------------------------------------------------------------------------------------------------

Node: RadioNode L   CXP9024418/16_R8D21 (RCG123.3-3)   G2   LTE-FDD,LTE-IoT 

=====================================================================================================================================
FRU          ;LNH    ;BOARD      ;ST ;FAULT ;OPER ;MAINT ;STAT ;PRODUCTNUMBER   ;REV     ;SERIAL        ;DATE     ;PMTEMP ; TEMP ; UPT ;VOLT ;SW                   ;
=====================================================================================================================================
BB-1         ;000100 ;BB6630     ; 1 ;  OFF ;  ON ;  OFF ;  ON ;KDU137848/11    ;R3D     ;E96A00PP0P    ;20220318 ;3 (OK) ;      ; 131 ;48   ;                     ;
Radio-S1-1   ;BXP_2  ;RRU2217B20 ; 1 ;  OFF ;  ON ;  OFF ; N/A ;KRC161549/1     ;R1S     ;TU8U01D5YY    ;20220214 ;4 (OK) ; 34.4 ; 131 ;55.7 ;CXP9013268%9_R96JB   ; (Radio2217B20)
Radio-S180-1 ;BXP_4  ;RRU4415B7* ; 1 ;  OFF ;  ON ;  OFF ; N/A ;KRC161495/1     ;R5FC    ;TU8U01CYYB    ;20220211 ;4 (OK) ; 35.5 ; 131 ;54.9 ;CXP9013268%15_R101KB ; (Radio4415B7)
Radio-S2-1   ;BXP_3  ;RRU2217B20 ; 1 ;  OFF ;  ON ;  OFF ; N/A ;KRC161549/1     ;R1S     ;TU8U01D5Z5    ;20220214 ;4 (OK) ; 32.3 ; 131 ;55.5 ;CXP9013268%9_R96JB   ; (Radio2217B20)
-------------------------------------------------------------------------------------------------------------------------------------

=====================================================================================================================================
AntennaNearUnit                              ;ST  ;TYPE   ;PRODUCTNR  ;REV       ;UNIQUEID          ;RfPort
=====================================================================================================================================
AntennaUnitGroup=1,AntennaNearUnit=RET_1800  ; 1  ;S-RET  ;86010165   ;HW_V_A01  ;KAD240573089B-Y5  ;FieldReplaceableUnit=Radio-S1-1,RfPort=R
AntennaUnitGroup=1,AntennaNearUnit=RET_2100  ; 1  ;S-RET  ;86010165   ;HW_V_A01  ;KAD240573089B-Y4  ;FieldReplaceableUnit=Radio-S1-1,RfPort=R
AntennaUnitGroup=1,AntennaNearUnit=RET_2600  ; 1  ;S-RET  ;86010165   ;HW_V_A01  ;KAD240573089B-Y6  ;FieldReplaceableUnit=Radio-S1-1,RfPort=R
AntennaUnitGroup=1,AntennaNearUnit=RET_800   ; 1  ;S-RET  ;86010165   ;HW_V_A01  ;KAD240573089B-R2  ;FieldReplaceableUnit=Radio-S1-1,RfPort=R
AntennaUnitGroup=2,AntennaNearUnit=RET_1800  ; 1  ;S-RET  ;86010165   ;HW_V_A01  ;KAD240609360B-Y5  ;FieldReplaceableUnit=Radio-S2-1,RfPort=R
AntennaUnitGroup=2,AntennaNearUnit=RET_2100  ; 1  ;S-RET  ;86010165   ;HW_V_A01  ;KAD240609360B-Y4  ;FieldReplaceableUnit=Radio-S2-1,RfPort=R
AntennaUnitGroup=2,AntennaNearUnit=RET_2600  ; 1  ;S-RET  ;86010165   ;HW_V_A01  ;KAD240609360B-Y6  ;FieldReplaceableUnit=Radio-S2-1,RfPort=R
AntennaUnitGroup=2,AntennaNearUnit=RET_800   ; 1  ;S-RET  ;86010165   ;HW_V_A01  ;KAD240609360B-R2  ;FieldReplaceableUnit=Radio-S2-1,RfPort=R
-------------------------------------------------------------------------------------------------------------------------------------

=====================================================================================================================================
XPBOARD  ;ST ;FAULT ;OPER ;PRODUCTNUMBER ;REV ;SERIAL/NAME ;DATE     ; TEMP ;MO
=====================================================================================================================================
FAN      ; 1 ;N/A   ;N/A  ;BKV106217/1   ;N/A ;N/A         ;N/A      ;      ;SupportUnit=1 (FAN  BB-1)
-------------------------------------------------------------------------------------------------------------------------------------

=====================================================================================================================================
ID ;T ;RiL    ;BPBP ;BOARD1     ;LNH1 ;PORT ;R ;LINK ;RATE  ; BER ;BOARD2     ;LNH2 ;PORT ;R ;LINK ;RATE  ; BER ;LENGTH ;MO1 - MO2
=====================================================================================================================================
 1 ;O ;  S1-1 ;1111 ;BB6630     ;000100 ; 1 ;M ;Up   ;9.8G  ;   0 ;RRU2217B20 ;BXP_2  ; 0 ;S ;Up   ;9.8G  ;   0 ;   41m ;Fru=BB-1(A) Fru=Radio-S1-1(D1)
 2 ;O ;  S2-1 ;1111 ;BB6630     ;000100 ; 2 ;M ;Up   ;9.8G  ;   0 ;RRU2217B20 ;BXP_3  ; 0 ;S ;Up   ;9.8G  ;   0 ;   41m ;Fru=BB-1(B) Fru=Radio-S2-1(D1)
 3 ;O ;S180-1 ;1111 ;BB6630     ;000100 ; 4 ;M ;Up   ;10.1G ;   0 ;RRU4415B7* ;BXP_4  ; 0 ;S ;Up   ;10.1G ;   0 ;   42m ;Fru=BB-1(D) Fru=Radio-S180-1(D1)
-------------------------------------------------------------------------------------------------------------------------------------

=====================================================================================================================================
ID ;LINK ;RiL    ;VENDOR1  ;VENDORPROD1      ;REV1 ;SERIAL1         ;DATE1    ;ERICSSONPROD1  ;VENDOR2  ;VENDORPROD2      ;REV2 ;SERIAL2         ;DATE2    ;ERICSSONPROD2  ;TT ;WL1     ;WL2    
=====================================================================================================================================
 1 ;Up   ;  S1-1 ;ERICSSON ;EOLP-1396-02-IY  ;1.0  ;PMBB085013      ;20220114 ;RDH10265/2 R1A ;ERICSSON ;LCP-10G3B4HDRME4 ;A    ;2245094A2451809 ;20221104 ;RDH10265/2 R1A ;0  ;1310.00 ;1310.00
 2 ;Up   ;  S2-1 ;ERICSSON ;EOLP-1396-02-IY  ;1.0  ;PMBB085027      ;20220114 ;RDH10265/2 R1A ;ERICSSON ;RTXM228-702-C22  ;1.0  ;HN230700071822  ;20230217 ;RDH10265/2 R1A ;0  ;1310.00 ;1310.00
 3 ;Up   ;S180-1 ;ERICSSON ;EOLP-1396-02-IY  ;1.0  ;PMBB085038      ;20220114 ;RDH10265/2 R1A ;ERICSSON ;LCP-10G3B4HDRME4 ;A    ;2245094A2451812 ;20221104 ;RDH10265/2 R1A ;0  ;1310.00 ;1310.00
-------------------------------------------------------------------------------------------------------------------------------------

=====================================================================================================================================
ID ;LINK ;RiL    ;WL1     ;TEMP1 ;TXbs1 ;TXdBm1 ;RXdBm1 ;BER1   ;WL2     ;TEMP2 ;TXbs2 ;TXdBm2 ;RXdBm2 ;BER2   ;DlLoss ;UlLoss ;LENGTH ;TT
=====================================================================================================================================
 1 ;Up   ;  S1-1 ;1310.00 ;36C   ;40%   ;-2.08  ;-3.35  ;   0   ;1310.00 ;28C   ;43%   ;-3.20  ;-2.79  ;   0   ;  0.71 ;  0.15 ;   41m ; 0
 2 ;Up   ;  S2-1 ;1310.00 ;39C   ;39%   ;-2.37  ;-1.81  ;   0   ;1310.00 ;31C   ;53%   ;-1.71  ;-2.88  ;   0   ;  0.51 ;   0.1 ;   41m ; 0
 3 ;Up   ;S180-1 ;1310.00 ;40C   ;39%   ;-3.60  ;-2.53  ;   0   ;1310.00 ;27C   ;40%   ;-3.18  ;-3.81  ;   0   ;  0.21 ; -0.65 ;   42m ; 0
-------------------------------------------------------------------------------------------------------------------------------------

=====================================================================================================================================
ID ;RiL    ;BOARD      ;SFPLNH  ;PORT ;VENDOR   ;VENDORPROD       ;REV  ;SERIAL          ;DATE     ;ERICSSONPROD   ;WL      ;TEMP  ;TXbs  ;TXdBm  ;RXdBm  ; BER
=====================================================================================================================================
 1 ;  S1-1 ;BB6630     ;000100   ;  1 ;ERICSSON ;EOLP-1396-02-IY  ;1.0  ;PMBB085013      ;20220114 ;RDH10265/2 R1A ;1310.00 ;36C   ;40%   ;-2.08  ;-3.35  ;   0
 2 ;  S2-1 ;BB6630     ;000100   ;  2 ;ERICSSON ;EOLP-1396-02-IY  ;1.0  ;PMBB085027      ;20220114 ;RDH10265/2 R1A ;1310.00 ;39C   ;39%   ;-2.37  ;-1.81  ;   0
 3 ;S180-1 ;BB6630     ;000100   ;  4 ;ERICSSON ;EOLP-1396-02-IY  ;1.0  ;PMBB085038      ;20220114 ;RDH10265/2 R1A ;1310.00 ;40C   ;39%   ;-3.60  ;-2.53  ;   0
 1 ;  S1-1 ;RRU2217B20 ;BXP_2    ;  0 ;ERICSSON ;LCP-10G3B4HDRME4 ;A    ;2245094A2451809 ;20221104 ;RDH10265/2 R1A ;1310.00 ;28C   ;43%   ;-3.20  ;-2.79  ;   0
 2 ;  S2-1 ;RRU2217B20 ;BXP_3    ;  0 ;ERICSSON ;RTXM228-702-C22  ;1.0  ;HN230700071822  ;20230217 ;RDH10265/2 R1A ;1310.00 ;31C   ;53%   ;-1.71  ;-2.88  ;   0
 3 ;S180-1 ;RRU4415B7* ;BXP_4    ;  0 ;ERICSSON ;LCP-10G3B4HDRME4 ;A    ;2245094A2451812 ;20221104 ;RDH10265/2 R1A ;1310.00 ;27C   ;40%   ;-3.18  ;-3.81  ;   0
-------------------------------------------------------------------------------------------------------------------------------------
TN ;       ;BB6630     ;000100   ;  A ;ERICSSON ;EOLP-1396-02-IY  ;1.0  ;PMBB085077      ;20220114 ;RDH10265/2 R1A ;0       ;34C   ;39%   ;-3.05  ;-3.39  ; 0/0
-------------------------------------------------------------------------------------------------------------------------------------

=====================================================================================================================================
BOARD  ;LNH    ;PORT   ;T ;S ;OpMode   ;AutoNeg ;MacAddress        ;VlanIds   ;LOS ;BER
=====================================================================================================================================
BB6630 ;000100 ;IDL_A1 ;E ;1 ;10G_FULL ;false   ;7C:72:6E:79:1D:15 ;3908      ;0   ;0/0
BB6630 ;000100 ;TN_A   ;O ;1 ;10G_FULL ;false   ;7C:72:6E:79:1D:11 ;3908,3910 ;0   ;0/0
-------------------------------------------------------------------------------------------------------------------------------------

radioClockState : RNT_TIME_LOCKED
-------------------------------------------------------------------------------------
Prio  ;ST  ;syncRefType    ;refStatus  ;opQualLevel  ;SyncReference
-------------------------------------------------------------------------------------
   1  ; 1  ;PTP_TIME       ;NO_FAULT   ;PRTC         ;Ptp=1,BoundaryOrdinaryClock=PTP (G_8275_1 EthernetPort=TN_A:SLAVE)
   2  ; 1  ;NTP_FREQUENCY  ;NO_FAULT   ;PRC          ;Ntp=1,NtpFrequencySync=NTP1 (10.31.0.54:32751 Router=45G_Traffic,InterfaceIPv4=LTE,AddressIPv4=LTE)
-------------------------------------------------------------------------------------
-------------------------------------------------------------------------------------
Prio  ;ST  ;assistRefStatus  ;recQualLevel  ;AssistingReference
-------------------------------------------------------------------------------------
   1  ; 0  ;UNKNOWN          ;PRTC          ;Synchronization=1,SyncEthInput=SyncE (SFP_OPTICAL EthernetPort=TN_A)
-------------------------------------------------------------------------------------
nodeGroupRole   : SYNC_RECEIVER (syncNodePriority=3, selectionMode=NODE_PRIORITY)
-------------------------------------------------------------------------------------
DU  ;Port  ;sharedUnitRef (RiPortA - RiPortB)  ;remoteNodePriority  ;CandidateStatus
-------------------------------------------------------------------------------------
1   ;D     ;Fru=Radio-S180-1 (1 - 2)           ;1                   ;OK_ACTIVE
-------------------------------------------------------------------------------------

=====================================================================================================================================
FRU          ;LNH    ;BOARD      ;RF  ;BP  ;TX (W/dBm)  ;VSWR (RL)   ;RX (dBm) ;UEs/gUEs  ;Sector/AntennaGroup/Cells (State:CellIds:PCIs)
=====================================================================================================================================
Radio-S1-1   ;BXP_2  ;RRU2217B20 ; A  ;11  ;-           ;1.30 (17.8) ;         ;1/-       ;SE=1 AG=1 FDD=RLB5E1 NIOT=RLB5N1 (1:61:328, 1:161:328)
Radio-S1-1   ;BXP_2  ;RRU2217B20 ; B  ;11  ;-           ;1.26 (18.8) ;         ;1/-       ;SE=1 AG=1 FDD=RLB5E1 NIOT=RLB5N1 (1:61:328, 1:161:328)
Radio-S2-1   ;BXP_3  ;RRU2217B20 ; A  ;11  ;-           ;1.14 (23.5) ;         ;6/-       ;SE=2 AG=2 FDD=RLB5E2 NIOT=RLB5N2 (1:62:28, 1:162:28)
Radio-S2-1   ;BXP_3  ;RRU2217B20 ; B  ;11  ;-           ;1.21 (20.3) ;         ;6/-       ;SE=2 AG=2 FDD=RLB5E2 NIOT=RLB5N2 (1:62:28, 1:162:28)
Radio-S180-1 ;BXP_4  ;RRU4415B7* ; A  ;11  ;4.2 (36.2)  ;1.11 (25.4) ;-97.3    ;13/-      ;SE=180* AG=180 FDD=RLB5L1 (1:21:278)
Radio-S180-1 ;BXP_4  ;RRU4415B7* ; B  ;11  ;4.0 (36.0)  ;1.13 (24.4) ;-97.3    ;13/-      ;SE=180* AG=180 FDD=RLB5L1 (1:21:278)
Radio-S180-1 ;BXP_4  ;RRU4415B7* ; C  ;11  ;9.1 (39.6)  ;1.16 (22.5) ;-96.6    ;8/-       ;SE=181* AG=181 FDD=RLB5L2 (1:22:287)
Radio-S180-1 ;BXP_4  ;RRU4415B7* ; D  ;11  ;8.9 (39.5)  ;1.28 (18.2) ;-96.5    ;8/-       ;SE=181* AG=181 FDD=RLB5L2 (1:22:287)
-------------------------------------------------------------------------------------------------------------------------------------

RLB5L> mfar

251125-13:16:09+0100 19.31.14.179 25.0h MSRBS_NODE_MODEL_25.Q1_198665.224.73_bf81 stopfile=/tmp/2469951
.....
Last MO: 18377. Loaded 18377 MOs. Total: 18378 MOs.
............................................
get /rop/A20251125.1045-1100_RLB5L.xml.gz /ericsson/log/amos/moshell_logfiles/t20251125_37258710_65084/logs_moshell/pmfiles/19.31.14.179/rop/A20251125.1045-1100_RLB5L.xml.gz ... OK
get /rop/A20251125.1100-1115_RLB5L.xml.gz /ericsson/log/amos/moshell_logfiles/t20251125_37258710_65084/logs_moshell/pmfiles/19.31.14.179/rop/A20251125.1100-1115_RLB5L.xml.gz ... OK

Using hardcoded thresholds: 3, 4.5, and 16.5
================================================================================================================================
SC     SE  Tx/Rx BrPair  RfPort1 - RfPort2               HW       Serial      Cell (State)   Samples   Med  Mean  SDev Pol Res Issue
================================================================================================================================
RLB5E1   1   2/2 0 (1,2) Radio-S1-1(A) Radio-S1-1(B)     RRU2217  TU8U01D5YY  FDD=RLB5E1 (1)  135568   0.5   0.2   6.4  NA  OK Passed
RLB5E2   2   2/2 0 (1,2) Radio-S2-1(A) Radio-S2-1(B)     RRU2217  TU8U01D5Z5  FDD=RLB5E2 (1)  104237  -0.5  -0.3   6.8  NA  OK Passed
RLB5L1 180   2/2 0 (1,2) Radio-S180-1(A) Radio-S180-1(B) RRU4415  TU8U01CYYB  FDD=RLB5L1 (1)  158783   0.5   0.3   6.9  NA  OK Passed
RLB5L2 181   2/2 0 (1,2) Radio-S180-1(C) Radio-S180-1(D) RRU4415  TU8U01CYYB  FDD=RLB5L2 (1)   64255   0.5   0.2   6.1  NA  OK Passed
================================================================================================================================
Total: 4 SectorCarriers, 4 RfBranch Pairs (4 OK, 0 OKW, 0 NOK, 0 NT)
.....
Last MO: 18377. Loaded 18377 MOs. Total: 18378 MOs.

No NRSectorCarrier MOs are defined on the node.

RLB5L> mfitr

251125-13:16:26+0100 19.31.14.179 25.0h MSRBS_NODE_MODEL_25.Q1_198665.224.73_bf81 stopfile=/tmp/2469951
........
Last MO: 18377. Loaded 18377 MOs. Total: 18378 MOs.
.......
2025-11-25 13:17
================================================================================================================================
CELL       SC     FRU          BOARD      PUSCH  PUCCH       A      B      C      D  DELTA
================================================================================================================================
FDD=RLB5E1 RLB5E1 Radio-S1-1   RRU2217B20 -115.2 -113.6 -116.4 -116.8                  0.4
FDD=RLB5E2 RLB5E2 Radio-S2-1   RRU2217B20 -114.3 -112.5 -112.7 -112.3                  0.4
FDD=RLB5L1 RLB5L1 Radio-S180-1 RRU4415B7  -116.8 -118.5 -117.4 -117.4                    0
FDD=RLB5L2 RLB5L2 Radio-S180-1 RRU4415B7  -116.3 -118.2               -117.6 -117.1    0.5
================================================================================================================================
Bye...
Output has been logged to file /mta_fs/UserFiles/37258710/amosbatch/SDIR/RLB5L.log
