Logging to file /mta_fs/UserFiles/37258710/amosbatch/SDIR/RLB8L.log
                        __  __  ____   _____
                  /\   |  \/  |/ __ \ / ____|
                 /  \  | \  / | |  | | (___  
                / /\ \ | |\/| | |  | |\___ \ 
               / ____ \| |  | | |__| |____) |
              /_/    \_\_|  |_|\____/|_____/
              OSS Framework for MoShell-25.0h 
  Copyright (c) Ericsson AB 2001-2025 - All Rights Reserved
              
           
[1;31mWARNING: [0mthe AMOS version currently running is more than 29 weeks old and is unsupported.
Please upgrade as soon as possible to the latest released version, available from your local Ericsson support.

$amosrb_pid = 2887521

Checking ip contact...OK

HELP MENU            : h
BASIC MO COMMANDS    : m
OTHER MO COMMANDS    : n
OTHER COMMANDS       : o
PM COMMANDS          : p
QUIT                 : q

RLB8L> lt all

251125-15:17:49+0100 19.31.14.207 25.0h  stopfile=/tmp/2887331
Looking up temporary_amos account... OK.
Trying temporary_amos_t20251125_37258710_65084_131's password from amos lookupAccount ... OK

$ssh_pid = 2888269

Connected to 19.31.14.207 (SubNetwork=BBMM_rckomc_R,MeContext=RLB8L,ManagedElement=RLB8L)

Checking MOM version...MSRBS_NODE_MODEL_25.Q1_198665.224.73_bf81
Parsing MOM (cached): /ericsson/log/amos/moshell_logfiles/t20251125_37258710_65084/logs_moshell/tempfiles/scp-4-amos_20251125-151742_2887271/MSRBS_NODE_MODEL_25.Q1_198665.224.73_bf81.xml.cache.gz ......................................................................................................................................................................................................................Done.
Using paramfile /opt/ericsson/amos/moshell/commonjars/pm/PARAM_MSRBSG2_25.Q1.txt
Parsing file /opt/ericsson/amos/moshell/commonjars/pm/PARAM_MSRBSG2_25.Q1.txt ......................................................................................Done.
Using imomdfile /opt/ericsson/amos/moshell/commonjars/pm/IMOMD_MSRBS_22.Q4.txt
Using imomfile /opt/ericsson/amos/moshell/commonjars/pm/IMOM_MSRBS_25.Q1.txt
Connected to 19.31.14.207 (SubNetwork=BBMM_rckomc_R,MeContext=RLB8L,ManagedElement=RLB8L)

Last MO: 18971. Loaded 18971 MOs. Total: 18972 MOs.

RLB8L> st cell

251125-15:18:10+0100 19.31.14.207 25.0h MSRBS_NODE_MODEL_25.Q1_198665.224.73_bf81 stopfile=/tmp/2887331
===================================================================================
Proxy  Adm State     Op. State     MO
===================================================================================
   43  1 (UNLOCKED)  1 (ENABLED)   ENodeBFunction=1,EUtranCellFDD=RLB8E1
  195  1 (UNLOCKED)  1 (ENABLED)   ENodeBFunction=1,EUtranCellFDD=RLB8E2
  320  1 (UNLOCKED)  1 (ENABLED)   ENodeBFunction=1,EUtranCellFDD=RLB8E3
  502  1 (UNLOCKED)  1 (ENABLED)   ENodeBFunction=1,EUtranCellFDD=RLB8L1
  664  1 (UNLOCKED)  1 (ENABLED)   ENodeBFunction=1,EUtranCellFDD=RLB8L2
  786  1 (UNLOCKED)  1 (ENABLED)   ENodeBFunction=1,EUtranCellFDD=RLB8L3
 2342  1 (UNLOCKED)  1 (ENABLED)   ENodeBFunction=1,NbIotCell=RLB8N1
 2343  1 (UNLOCKED)  1 (ENABLED)   ENodeBFunction=1,NbIotCell=RLB8N2
 2344  1 (UNLOCKED)  1 (ENABLED)   ENodeBFunction=1,NbIotCell=RLB8N3
===================================================================================
Total: 9 MOs

RLB8L> st radio

251125-15:18:11+0100 19.31.14.207 25.0h MSRBS_NODE_MODEL_25.Q1_198665.224.73_bf81 stopfile=/tmp/2887331
===================================================================================
Proxy  Adm State     Op. State     MO
===================================================================================
 3162  1 (UNLOCKED)  1 (ENABLED)   Equipment=1,FieldReplaceableUnit=Radio-S1-1
 3174  1 (UNLOCKED)  1 (ENABLED)   Equipment=1,FieldReplaceableUnit=Radio-S180-1
 3189  1 (UNLOCKED)  1 (ENABLED)   Equipment=1,FieldReplaceableUnit=Radio-S182-1
 3204  1 (UNLOCKED)  1 (ENABLED)   Equipment=1,FieldReplaceableUnit=Radio-S2-1
 3216  1 (UNLOCKED)  1 (ENABLED)   Equipment=1,FieldReplaceableUnit=Radio-S3-1
18966  1 (UNLOCKED)  1 (ENABLED)   Transport=1,Synchronization=1,RadioEquipmentClock=1,RadioEquipmentClockReference=NTP1
18967  1 (UNLOCKED)  1 (ENABLED)   Transport=1,Synchronization=1,RadioEquipmentClock=1,RadioEquipmentClockReference=PTP
===================================================================================
Total: 7 MOs

RLB8L> sdir

251125-15:18:11+0100 19.31.14.207 25.0h MSRBS_NODE_MODEL_25.Q1_198665.224.73_bf81 stopfile=/tmp/2887331
INFO: Using amos lookupAccount credentials for the export login
..............................
get /rop/A20251125.1330-1345_RLB8L.xml.gz /ericsson/log/amos/moshell_logfiles/t20251125_37258710_65084/logs_moshell/pmfiles/19.31.14.207/rop/A20251125.1330-1345_RLB8L.xml.gz ... OK
get /rop/A20251125.1345-1400_RLB8L.xml.gz /ericsson/log/amos/moshell_logfiles/t20251125_37258710_65084/logs_moshell/pmfiles/19.31.14.207/rop/A20251125.1345-1400_RLB8L.xml.gz ... OK
get /rop/A20251125.1400-1415_RLB8L.xml.gz /ericsson/log/amos/moshell_logfiles/t20251125_37258710_65084/logs_moshell/pmfiles/19.31.14.207/rop/A20251125.1400-1415_RLB8L.xml.gz ... OK
....Checking available boards on node...

Collecting RCS board data ...
.............................................................................
..........................
.............................................................................................................................................................................................................................................................................................
.....
Collecting TN data...
.......................................................................................................................................
Getting MO data from node (66 MOs). Please wait...
0%                                             ~50%                                           ~100%
................................................................................................................................
Collecting RF data...
..
Collecting Alarms...
Executing action Log.export()
...
Log=AlarmLog                    actionId=65322
............
Executing action LogM.exportAvailabilityLog()
..LogM=1,exportAvailabilityLog    actionId=65323
............Parsing alarmLog.......Done.
Parsing availabilityLog........Done.
.........

Total: 5 CPRI links (5 OK, 0 OKW, 0 NOK, 0 NT)
.
+--------+                      +------------+
|        | A        O98      D1 | Radio-S1-1 |
|        |-----------1----------| RRU2217B20 |
|        |         OK-82m       |   BXP_2    |
|        |                      +------------+
|        |                             |A  |B
|        |               SE=1 AG=1 FDD=RLB8E1
|        |                        NIOT=RLB8N1
|        |
|        |                      +------------+
|        | B        O98      D1 | Radio-S2-1 |
|        |-----------2----------| RRU2217B20 |
|        |         OK-82m       |   BXP_3    |
|        |                      +------------+
|        |                             |A  |B
|        |               SE=2 AG=2 FDD=RLB8E2
|        |                        NIOT=RLB8N2
|        |
|        |                      +------------+
|        | C        O98      D1 | Radio-S3-1 |
|        |-----------3----------| RRU2217B20 |
|        |         OK-82m       |   BXP_4    |
|        |                      +------------+
|        |                             |A  |B
|  BB-1  |               SE=3 AG=3 FDD=RLB8E3
| BB6620 |                        NIOT=RLB8N3
| 000100 |
|        |                      +---------------+
|        | D        O101     D1 | Radio-S180-1  |
|        |-----------4----------|   RRU4415B7   |
|        |         OK-52m       |     BXP_5     |
|        |                      +---------------+
|        |                        |A  |B  |C  |D
|        |                 SE=180 AG=180  |   |
|        |                    FDD=RLB8L1  |   |
|        |                         SE=181 AG=181
|        |                            FDD=RLB8L2
|        |
|        |                      +---------------+
|        | E        O101     D1 | Radio-S182-1  |
|        |-----------5----------|   RRU4415B7   |
|        |         OK-62m       |     BXP_6     |
|        |                      +---------------+
|        |                        |A  |B  |C  |D
|        |                 SE=182 AG=182  |   |
|        |                    FDD=RLB8L3  |   |
|        |
+--------+

=====================================================================================================================================
ID RiL    Type Res MO1-MO2                  BOARD1-BOARD2     AlmIDs Cells (States)               Issue (Failed checks)
=====================================================================================================================================
 1 S1-1   O98  OK  BB-1(A) Radio-S1-1(D1)   BB6620 RRU2217B20        FDD=RLB8E1 NIOT=RLB8N1 (1,1) Passed
 2 S2-1   O98  OK  BB-1(B) Radio-S2-1(D1)   BB6620 RRU2217B20        FDD=RLB8E2 NIOT=RLB8N2 (1,1) Passed
 3 S3-1   O98  OK  BB-1(C) Radio-S3-1(D1)   BB6620 RRU2217B20        FDD=RLB8E3 NIOT=RLB8N3 (1,1) Passed
 4 S180-1 O101 OK  BB-1(D) Radio-S180-1(D1) BB6620 RRU4415B7         FDD=RLB8L1 FDD=RLB8L2 (1,1)  Passed
 5 S182-1 O101 OK  BB-1(E) Radio-S182-1(D1) BB6620 RRU4415B7         FDD=RLB8L3 (1)               Passed
-------------------------------------------------------------------------------------------------------------------------------------

Node: RadioNode L   CXP9024418/16_R8D21 (RCG123.3-3)   G2   LTE-FDD,LTE-IoT 

=====================================================================================================================================
FRU          ;LNH    ;BOARD      ;ST ;FAULT ;OPER ;MAINT ;STAT ;PRODUCTNUMBER   ;REV     ;SERIAL        ;DATE     ;PMTEMP ; TEMP ; UPT ;VOLT ;SW                   ;
=====================================================================================================================================
BB-1         ;000100 ;BB6620     ; 1 ;  OFF ;  ON ;  OFF ;  ON ;KDU137847/11    ;R3D     ;E96A00QRK9    ;20220420 ;3 (OK) ;      ;18.7 ;48   ;                     ;
Radio-S1-1   ;BXP_2  ;RRU2217B20 ; 1 ;  OFF ;  ON ;  OFF ; N/A ;KRC161549/1     ;R1N     ;E557708221    ;20200725 ;4 (OK) ; 34.9 ;18.8 ;52.5 ;CXP9013268%9_R96JB   ; (Radio2217B20)
Radio-S180-1 ;BXP_5  ;RRU4415B7  ; 1 ;  OFF ;  ON ;  OFF ; N/A ;KRC161495/1     ;R5FC    ;TU8U00G0UD    ;20200919 ;4 (OK) ; 41.5 ;18.8 ;52.6 ;CXP9013268%15_R101KB ; (Radio4415B7)
Radio-S182-1 ;BXP_6  ;RRU4415B7  ; 1 ;  OFF ;  ON ;  OFF ; N/A ;KRC161495/1     ;R5FC    ;TU8U011RQV    ;20210810 ;4 (OK) ; 34.8 ;18.8 ;52.4 ;CXP9013268%15_R101KB ; (Radio4415B7)
Radio-S2-1   ;BXP_3  ;RRU2217B20 ; 1 ;  OFF ;  ON ;  OFF ; N/A ;KRC161549/1     ;R1S     ;TU8U01PEYH    ;20220818 ;4 (OK) ; 28.6 ;18.8 ;53.9 ;CXP9013268%9_R96JB   ; (Radio2217B20)
Radio-S3-1   ;BXP_4  ;RRU2217B20 ; 1 ;  OFF ;  ON ;  OFF ; N/A ;KRC161549/1     ;R1S     ;TU8U01PEYZ    ;20220818 ;4 (OK) ; 33.2 ;18.8 ;53.7 ;CXP9013268%9_R96JB   ; (Radio2217B20)
-------------------------------------------------------------------------------------------------------------------------------------

=====================================================================================================================================
AntennaNearUnit                                   ;ST  ;TYPE   ;PRODUCTNR  ;REV       ;UNIQUEID          ;RfPort
=====================================================================================================================================
AntennaUnitGroup=1,AntennaNearUnit=RET_1800_2100  ; 1  ;S-RET  ;86010165   ;HW_V_A01  ;KAI0N3997441B-Y4  ;FieldReplaceableUnit=Radio-S1-1,RfPort=R
AntennaUnitGroup=1,AntennaNearUnit=RET_2600       ; 1  ;S-RET  ;86010165   ;HW_V_A01  ;KAI0N3997441B-Y5  ;FieldReplaceableUnit=Radio-S1-1,RfPort=R
AntennaUnitGroup=1,AntennaNearUnit=RET_800        ; 1  ;S-RET  ;86010165   ;HW_V_A01  ;KAI0N3997441B-R2  ;FieldReplaceableUnit=Radio-S1-1,RfPort=R
AntennaUnitGroup=2,AntennaNearUnit=RET_1800_2100  ; 1  ;S-RET  ;86010165   ;HW_V_A01  ;KAI0N3997446B-Y4  ;FieldReplaceableUnit=Radio-S2-1,RfPort=R
AntennaUnitGroup=2,AntennaNearUnit=RET_2600       ; 1  ;S-RET  ;86010165   ;HW_V_A01  ;KAI0N3997446B-Y5  ;FieldReplaceableUnit=Radio-S2-1,RfPort=R
AntennaUnitGroup=2,AntennaNearUnit=RET_800        ; 1  ;S-RET  ;86010165   ;HW_V_A01  ;KAI0N3997446B-R2  ;FieldReplaceableUnit=Radio-S2-1,RfPort=R
AntennaUnitGroup=3,AntennaNearUnit=RET_1800_2100  ; 1  ;S-RET  ;86010165   ;HW_V_A01  ;KAI0N3997797B-Y4  ;FieldReplaceableUnit=Radio-S3-1,RfPort=R
AntennaUnitGroup=3,AntennaNearUnit=RET_2600       ; 1  ;S-RET  ;86010165   ;HW_V_A01  ;KAI0N3997797B-Y5  ;FieldReplaceableUnit=Radio-S3-1,RfPort=R
AntennaUnitGroup=3,AntennaNearUnit=RET_800        ; 1  ;S-RET  ;86010165   ;HW_V_A01  ;KAI0N3997797B-R2  ;FieldReplaceableUnit=Radio-S3-1,RfPort=R
-------------------------------------------------------------------------------------------------------------------------------------

=====================================================================================================================================
XPBOARD  ;ST ;FAULT ;OPER ;PRODUCTNUMBER ;REV ;SERIAL/NAME ;DATE     ; TEMP ;MO
=====================================================================================================================================
FAN      ; 1 ;N/A   ;N/A  ;BKV106217/1   ;N/A ;N/A         ;N/A      ;      ;SupportUnit=1 (FAN  BB-1)
-------------------------------------------------------------------------------------------------------------------------------------

=====================================================================================================================================
ID ;T ;RiL    ;BPBP ;BOARD1     ;LNH1 ;PORT ;R ;LINK ;RATE  ; BER ;BOARD2     ;LNH2 ;PORT ;R ;LINK ;RATE  ; BER ;LENGTH ;MO1 - MO2
=====================================================================================================================================
 1 ;O ;  S1-1 ;1111 ;BB6620     ;000100 ; 1 ;M ;Up   ;9.8G  ;   0 ;RRU2217B20 ;BXP_2  ; 0 ;S ;Up   ;9.8G  ;   0 ;   82m ;Fru=BB-1(A) Fru=Radio-S1-1(D1)
 2 ;O ;  S2-1 ;1111 ;BB6620     ;000100 ; 2 ;M ;Up   ;9.8G  ;   0 ;RRU2217B20 ;BXP_3  ; 0 ;S ;Up   ;9.8G  ;   0 ;   82m ;Fru=BB-1(B) Fru=Radio-S2-1(D1)
 3 ;O ;  S3-1 ;1111 ;BB6620     ;000100 ; 3 ;M ;Up   ;9.8G  ;   0 ;RRU2217B20 ;BXP_4  ; 0 ;S ;Up   ;9.8G  ;   0 ;   82m ;Fru=BB-1(C) Fru=Radio-S3-1(D1)
 4 ;O ;S180-1 ;1111 ;BB6620     ;000100 ; 4 ;M ;Up   ;10.1G ;   0 ;RRU4415B7  ;BXP_5  ; 0 ;S ;Up   ;10.1G ;   0 ;   52m ;Fru=BB-1(D) Fru=Radio-S180-1(D1)
 5 ;O ;S182-1 ;1111 ;BB6620     ;000100 ; 5 ;M ;Up   ;10.1G ;   0 ;RRU4415B7  ;BXP_6  ; 0 ;S ;Up   ;10.1G ;   0 ;   62m ;Fru=BB-1(E) Fru=Radio-S182-1(D1)
-------------------------------------------------------------------------------------------------------------------------------------

=====================================================================================================================================
ID ;LINK ;RiL    ;VENDOR1  ;VENDORPROD1    ;REV1 ;SERIAL1    ;DATE1    ;ERICSSONPROD1  ;VENDOR2  ;VENDORPROD2    ;REV2 ;SERIAL2    ;DATE2    ;ERICSSONPROD2  ;TT ;WL1     ;WL2    
=====================================================================================================================================
 1 ;Up   ;  S1-1 ;ERICSSON ;SPP10ELRIDFSEN ;10   ;CT72898651 ;20220808 ;RDH10265/2 R1A ;ERICSSON ;SPP10ELRIDFSEN ;10   ;CT72909746 ;20220809 ;RDH10265/2 R1A ;0  ;1310.00 ;1310.00
 2 ;Up   ;  S2-1 ;ERICSSON ;SPP10ELRIDFSEN ;10   ;CT72907424 ;20220809 ;RDH10265/2 R1A ;ERICSSON ;SPP10ELRIDFSEN ;10   ;CT72901839 ;20220808 ;RDH10265/2 R1A ;0  ;1310.00 ;1310.00
 3 ;Up   ;  S3-1 ;ERICSSON ;SPP10ELRIDFSEN ;10   ;CT72915903 ;20220810 ;RDH10265/2 R1A ;ERICSSON ;SPP10ELRIDFSEN ;10   ;CT72900225 ;20220808 ;RDH10265/2 R1A ;0  ;1310.00 ;1310.00
 4 ;Up   ;S180-1 ;ERICSSON ;SPP10ELRIDFSEN ;10   ;CT72909908 ;20220809 ;RDH10265/2 R1A ;ERICSSON ;SPP10ELRIDFSEN ;10   ;CT72900504 ;20220808 ;RDH10265/2 R1A ;0  ;1310.00 ;1310.00
 5 ;Up   ;S182-1 ;ERICSSON ;SPP10ELRIDFSEN ;10   ;CT72907340 ;20220809 ;RDH10265/2 R1A ;ERICSSON ;SPP10ELRIDFSEN ;10   ;CT72898599 ;20220808 ;RDH10265/2 R1A ;0  ;1310.00 ;1310.00
-------------------------------------------------------------------------------------------------------------------------------------

=====================================================================================================================================
ID ;LINK ;RiL    ;WL1     ;TEMP1 ;TXbs1 ;TXdBm1 ;RXdBm1 ;BER1   ;WL2     ;TEMP2 ;TXbs2 ;TXdBm2 ;RXdBm2 ;BER2   ;DlLoss ;UlLoss ;LENGTH ;TT
=====================================================================================================================================
 1 ;Up   ;  S1-1 ;1310.00 ;51C   ;49%   ;-2.04  ;-2.40  ;   0   ;1310.00 ;44C   ;30%   ;-2.01  ;-2.18  ;   0   ;  0.14 ;  0.39 ;   82m ; 0
 2 ;Up   ;  S2-1 ;1310.00 ;45C   ;34%   ;-2.01  ;-2.68  ;   0   ;1310.00 ;40C   ;43%   ;-2.07  ;-2.46  ;   0   ;  0.45 ;  0.61 ;   82m ; 0
 3 ;Up   ;  S3-1 ;1310.00 ;48C   ;42%   ;-2.28  ;-3.03  ;   0   ;1310.00 ;37C   ;30%   ;-2.25  ;-2.01  ;   0   ; -0.27 ;  0.78 ;   82m ; 0
 4 ;Up   ;S180-1 ;1310.00 ;48C   ;48%   ;-2.14  ;-2.49  ;   0   ;1310.00 ;47C   ;37%   ;-2.02  ;-1.82  ;   0   ; -0.32 ;  0.47 ;   52m ; 0
 5 ;Up   ;S182-1 ;1310.00 ;46C   ;32%   ;-1.88  ;-2.49  ;   0   ;1310.00 ;34C   ;34%   ;-2.06  ;-2.10  ;   0   ;  0.22 ;  0.43 ;   62m ; 0
-------------------------------------------------------------------------------------------------------------------------------------

=====================================================================================================================================
ID ;RiL    ;BOARD      ;SFPLNH  ;PORT ;VENDOR   ;VENDORPROD     ;REV  ;SERIAL     ;DATE     ;ERICSSONPROD   ;WL      ;TEMP  ;TXbs  ;TXdBm  ;RXdBm  ; BER
=====================================================================================================================================
 1 ;  S1-1 ;BB6620     ;000100   ;  1 ;ERICSSON ;SPP10ELRIDFSEN ;10   ;CT72898651 ;20220808 ;RDH10265/2 R1A ;1310.00 ;51C   ;49%   ;-2.04  ;-2.40  ;   0
 2 ;  S2-1 ;BB6620     ;000100   ;  2 ;ERICSSON ;SPP10ELRIDFSEN ;10   ;CT72907424 ;20220809 ;RDH10265/2 R1A ;1310.00 ;45C   ;34%   ;-2.01  ;-2.68  ;   0
 3 ;  S3-1 ;BB6620     ;000100   ;  3 ;ERICSSON ;SPP10ELRIDFSEN ;10   ;CT72915903 ;20220810 ;RDH10265/2 R1A ;1310.00 ;48C   ;42%   ;-2.28  ;-3.03  ;   0
 4 ;S180-1 ;BB6620     ;000100   ;  4 ;ERICSSON ;SPP10ELRIDFSEN ;10   ;CT72909908 ;20220809 ;RDH10265/2 R1A ;1310.00 ;48C   ;48%   ;-2.14  ;-2.49  ;   0
 5 ;S182-1 ;BB6620     ;000100   ;  5 ;ERICSSON ;SPP10ELRIDFSEN ;10   ;CT72907340 ;20220809 ;RDH10265/2 R1A ;1310.00 ;46C   ;32%   ;-1.88  ;-2.49  ;   0
 1 ;  S1-1 ;RRU2217B20 ;BXP_2    ;  0 ;ERICSSON ;SPP10ELRIDFSEN ;10   ;CT72909746 ;20220809 ;RDH10265/2 R1A ;1310.00 ;44C   ;30%   ;-2.01  ;-2.18  ;   0
 2 ;  S2-1 ;RRU2217B20 ;BXP_3    ;  0 ;ERICSSON ;SPP10ELRIDFSEN ;10   ;CT72901839 ;20220808 ;RDH10265/2 R1A ;1310.00 ;40C   ;43%   ;-2.07  ;-2.46  ;   0
 3 ;  S3-1 ;RRU2217B20 ;BXP_4    ;  0 ;ERICSSON ;SPP10ELRIDFSEN ;10   ;CT72900225 ;20220808 ;RDH10265/2 R1A ;1310.00 ;37C   ;30%   ;-2.25  ;-2.01  ;   0
 4 ;S180-1 ;RRU4415B7  ;BXP_5    ;  0 ;ERICSSON ;SPP10ELRIDFSEN ;10   ;CT72900504 ;20220808 ;RDH10265/2 R1A ;1310.00 ;47C   ;37%   ;-2.02  ;-1.82  ;   0
 5 ;S182-1 ;RRU4415B7  ;BXP_6    ;  0 ;ERICSSON ;SPP10ELRIDFSEN ;10   ;CT72898599 ;20220808 ;RDH10265/2 R1A ;1310.00 ;34C   ;34%   ;-2.06  ;-2.10  ;   0
-------------------------------------------------------------------------------------------------------------------------------------
TN ;       ;BB6620     ;000100   ;  A ;ERICSSON ;SPP10ELRIDFSEN ;10   ;CT72907182 ;20220809 ;RDH10265/2 R1A ;0       ;47C   ;43%   ;-2.18  ;-2.58  ; 0/0
-------------------------------------------------------------------------------------------------------------------------------------

=====================================================================================================================================
BOARD  ;LNH    ;PORT   ;T ;S ;OpMode   ;AutoNeg ;MacAddress        ;VlanIds   ;LOS ;BER
=====================================================================================================================================
BB6620 ;000100 ;IDL_A1 ;E ;1 ;10G_FULL ;false   ;F8:97:A9:07:F6:91 ;3908      ;0   ;0/0
BB6620 ;000100 ;TN_A   ;O ;1 ;1G_FULL  ;true    ;F8:97:A9:07:F6:8D ;3908,3910 ;0   ;0/0
-------------------------------------------------------------------------------------------------------------------------------------

radioClockState : RNT_TIME_LOCKED
-------------------------------------------------------------------------------------
Prio  ;ST  ;syncRefType    ;refStatus  ;opQualLevel  ;SyncReference
-------------------------------------------------------------------------------------
  *1  ; 1  ;PTP_TIME       ;NO_FAULT   ;PRTC         ;Ptp=1,BoundaryOrdinaryClock=PTP (G_8275_1 EthernetPort=TN_A:SLAVE)
   2  ; 1  ;NTP_FREQUENCY  ;NO_FAULT   ;PRC          ;Ntp=1,NtpFrequencySync=NTP1 (10.31.0.54:32751 Router=45G_Traffic,InterfaceIPv4=LTE,AddressIPv4=LTE)
-------------------------------------------------------------------------------------
-------------------------------------------------------------------------------------
Prio  ;ST  ;assistRefStatus  ;recQualLevel  ;AssistingReference
-------------------------------------------------------------------------------------
   1  ; 1  ;NO_FAULT         ;PRTC          ;Synchronization=1,SyncEthInput=SyncE (SFP_OPTICAL EthernetPort=TN_A)
-------------------------------------------------------------------------------------

=====================================================================================================================================
FRU          ;LNH    ;BOARD      ;RF  ;BP  ;TX (W/dBm)  ;VSWR (RL)   ;RX (dBm) ;UEs/gUEs  ;Sector/AntennaGroup/Cells (State:CellIds:PCIs)
=====================================================================================================================================
Radio-S1-1   ;BXP_2  ;RRU2217B20 ; A  ;11  ;-           ;1.18 (21.7) ;         ;0/-       ;SE=1 AG=1 FDD=RLB8E1 NIOT=RLB8N1 (1:61:82, 1:161:82)
Radio-S1-1   ;BXP_2  ;RRU2217B20 ; B  ;11  ;-           ;1.21 (20.6) ;         ;0/-       ;SE=1 AG=1 FDD=RLB8E1 NIOT=RLB8N1 (1:61:82, 1:161:82)
Radio-S2-1   ;BXP_3  ;RRU2217B20 ; A  ;11  ;-           ;1.19 (21.4) ;         ;0/-       ;SE=2 AG=2 FDD=RLB8E2 NIOT=RLB8N2 (1:62:280, 1:162:280)
Radio-S2-1   ;BXP_3  ;RRU2217B20 ; B  ;11  ;-           ;1.19 (21.4) ;         ;0/-       ;SE=2 AG=2 FDD=RLB8E2 NIOT=RLB8N2 (1:62:280, 1:162:280)
Radio-S3-1   ;BXP_4  ;RRU2217B20 ; A  ;11  ;-           ;1.27 (18.4) ;         ;3/-       ;SE=3 AG=3 FDD=RLB8E3 NIOT=RLB8N3 (1:63:279, 1:163:279)
Radio-S3-1   ;BXP_4  ;RRU2217B20 ; B  ;11  ;-           ;1.30 (17.8) ;         ;3/-       ;SE=3 AG=3 FDD=RLB8E3 NIOT=RLB8N3 (1:63:279, 1:163:279)
Radio-S180-1 ;BXP_5  ;RRU4415B7  ; A  ;11  ;12.0 (40.8) ;1.06 (31.0) ;-94.5    ;10/-      ;SE=180 AG=180 FDD=RLB8L1 (1:21:384)
Radio-S180-1 ;BXP_5  ;RRU4415B7  ; B  ;11  ;12.3 (40.9) ;1.03 (36.1) ;-94.7    ;10/-      ;SE=180 AG=180 FDD=RLB8L1 (1:21:384)
Radio-S180-1 ;BXP_5  ;RRU4415B7  ; C  ;11  ;25.1 (44.0) ;1.12 (24.8) ;-93.4    ;8/-       ;SE=181 AG=181 FDD=RLB8L2 (1:22:256)
Radio-S180-1 ;BXP_5  ;RRU4415B7  ; D  ;11  ;25.1 (44.0) ;1.11 (25.9) ;-94.5    ;8/-       ;SE=181 AG=181 FDD=RLB8L2 (1:22:256)
Radio-S182-1 ;BXP_6  ;RRU4415B7  ; A  ;11  ;8.5 (39.3)  ;1.12 (24.9) ;-93.1    ;10/-      ;SE=182 AG=182 FDD=RLB8L3 (1:23:255)
Radio-S182-1 ;BXP_6  ;RRU4415B7  ; B  ;11  ;8.9 (39.5)  ;1.14 (23.9) ;-94.1    ;10/-      ;SE=182 AG=182 FDD=RLB8L3 (1:23:255)
Radio-S182-1 ;BXP_6  ;RRU4415B7  ; C  ;11  ;-           ;-           ;         ;          ;
Radio-S182-1 ;BXP_6  ;RRU4415B7  ; D  ;11  ;-           ;-           ;         ;          ;
-------------------------------------------------------------------------------------------------------------------------------------

RLB8L> mfar

251125-15:20:45+0100 19.31.14.207 25.0h MSRBS_NODE_MODEL_25.Q1_198665.224.73_bf81 stopfile=/tmp/2887331
......
Last MO: 18966. Loaded 18966 MOs. Total: 18967 MOs.
...............................................
get /rop/A20251125.1245-1300_RLB8L.xml.gz /ericsson/log/amos/moshell_logfiles/t20251125_37258710_65084/logs_moshell/pmfiles/19.31.14.207/rop/A20251125.1245-1300_RLB8L.xml.gz ... OK
get /rop/A20251125.1300-1315_RLB8L.xml.gz /ericsson/log/amos/moshell_logfiles/t20251125_37258710_65084/logs_moshell/pmfiles/19.31.14.207/rop/A20251125.1300-1315_RLB8L.xml.gz ... OK
get /rop/A20251125.1315-1330_RLB8L.xml.gz /ericsson/log/amos/moshell_logfiles/t20251125_37258710_65084/logs_moshell/pmfiles/19.31.14.207/rop/A20251125.1315-1330_RLB8L.xml.gz ... OK

Using hardcoded thresholds: 3, 4.5, and 16.5
================================================================================================================================
SC     SE  Tx/Rx BrPair  RfPort1 - RfPort2               HW       Serial      Cell (State)   Samples   Med  Mean  SDev Pol Res Issue
================================================================================================================================
RLB8E1   1   2/2 0 (1,2) Radio-S1-1(A) Radio-S1-1(B)     RRU2217  E557708221  FDD=RLB8E1 (1)   33645   1.5   1.1   7.2  NA  OK Passed
RLB8E2   2   2/2 0 (1,2) Radio-S2-1(A) Radio-S2-1(B)     RRU2217  TU8U01PEYH  FDD=RLB8E2 (1)    4777   1.5   1.5   7.0  NA  OK Passed
RLB8E3   3   2/2 0 (1,2) Radio-S3-1(A) Radio-S3-1(B)     RRU2217  TU8U01PEYZ  FDD=RLB8E3 (1)   50709   2.5   1.3   5.8  NA  OK Passed
RLB8L1 180   2/2 0 (1,2) Radio-S180-1(A) Radio-S180-1(B) RRU4415  TU8U00G0UD  FDD=RLB8L1 (1)   98688   0.5   0.8   7.1  NA  OK Passed
RLB8L2 181   2/2 0 (1,2) Radio-S180-1(C) Radio-S180-1(D) RRU4415  TU8U00G0UD  FDD=RLB8L2 (1)  157667   0.5  -1.2   6.1  NA  OK Passed
RLB8L3 182   2/2 0 (1,2) Radio-S182-1(A) Radio-S182-1(B) RRU4415  TU8U011RQV  FDD=RLB8L3 (1)  194659   0.5   0.8   6.7  NA  OK Passed
================================================================================================================================
Total: 6 SectorCarriers, 6 RfBranch Pairs (6 OK, 0 OKW, 0 NOK, 0 NT)
.......
Last MO: 18966. Loaded 18966 MOs. Total: 18967 MOs.

No NRSectorCarrier MOs are defined on the node.

RLB8L> mfitr

251125-15:21:04+0100 19.31.14.207 25.0h MSRBS_NODE_MODEL_25.Q1_198665.224.73_bf81 stopfile=/tmp/2887331
...........
Last MO: 18966. Loaded 18966 MOs. Total: 18967 MOs.
........
2025-11-25 15:21
================================================================================================================================
CELL       SC     FRU          BOARD      PUSCH  PUCCH       A      B      C      D  DELTA
================================================================================================================================
FDD=RLB8E1 RLB8E1 Radio-S1-1   RRU2217B20 -108.2 -107.5 -112.6 -113.0                  0.4
FDD=RLB8E2 RLB8E2 Radio-S2-1   RRU2217B20 -115.5 -114.9 -116.8 -116.6                  0.2
FDD=RLB8E3 RLB8E3 Radio-S3-1   RRU2217B20 -112.6 -113.7 -108.6 -108.1                  0.5
FDD=RLB8L1 RLB8L1 Radio-S180-1 RRU4415B7  -115.0 -117.1 -115.9 -116.3                  0.4
FDD=RLB8L2 RLB8L2 Radio-S180-1 RRU4415B7  -115.7 -117.3               -117.0 -117.3    0.3
FDD=RLB8L3 RLB8L3 Radio-S182-1 RRU4415B7  -114.5 -115.7 -115.5 -115.2                  0.3
================================================================================================================================
Bye...
Output has been logged to file /mta_fs/UserFiles/37258710/amosbatch/SDIR/RLB8L.log
