Logging to file /mta_fs/UserFiles/37258710/amosbatch/SDIR/RLD2E.log
                        __  __  ____   _____
                  /\   |  \/  |/ __ \ / ____|
                 /  \  | \  / | |  | | (___  
                / /\ \ | |\/| | |  | |\___ \ 
               / ____ \| |  | | |__| |____) |
              /_/    \_\_|  |_|\____/|_____/
              OSS Framework for MoShell-25.0h 
  Copyright (c) Ericsson AB 2001-2025 - All Rights Reserved
              
           
[1;31mWARNING: [0mthe AMOS version currently running is more than 29 weeks old and is unsupported.
Please upgrade as soon as possible to the latest released version, available from your local Ericsson support.

$amosrb_pid = 2722404

Checking ip contact...OK

HELP MENU            : h
BASIC MO COMMANDS    : m
OTHER MO COMMANDS    : n
OTHER COMMANDS       : o
PM COMMANDS          : p
QUIT                 : q

RLD2E> lt all

251125-14:28:30+0100 19.31.14.193 25.0h  stopfile=/tmp/2722283
Looking up temporary_amos account... OK.
Trying temporary_amos_t20251125_37258710_65084_131's password from amos lookupAccount ... OK

$ssh_pid = 2723193

Connected to 19.31.14.193 (SubNetwork=BBMM_rckomc_R,MeContext=RLD2E,ManagedElement=RLD2E)

Checking MOM version...MSRBS_NODE_MODEL_25.Q1_198665.224.73_bf81
Parsing MOM (cached): /ericsson/log/amos/moshell_logfiles/t20251125_37258710_65084/logs_moshell/tempfiles/scp-4-amos_20251125-142824_2722207/MSRBS_NODE_MODEL_25.Q1_198665.224.73_bf81.xml.cache.gz ......................................................................................................................................................................................................................Done.
Using paramfile /opt/ericsson/amos/moshell/commonjars/pm/PARAM_MSRBSG2_25.Q1.txt
Parsing file /opt/ericsson/amos/moshell/commonjars/pm/PARAM_MSRBSG2_25.Q1.txt ......................................................................................Done.
Using imomdfile /opt/ericsson/amos/moshell/commonjars/pm/IMOMD_MSRBS_22.Q4.txt
Using imomfile /opt/ericsson/amos/moshell/commonjars/pm/IMOM_MSRBS_25.Q1.txt
Connected to 19.31.14.193 (SubNetwork=BBMM_rckomc_R,MeContext=RLD2E,ManagedElement=RLD2E)

Last MO: 18570. Loaded 18570 MOs. Total: 18571 MOs.

RLD2E> st cell

251125-14:28:51+0100 19.31.14.193 25.0h MSRBS_NODE_MODEL_25.Q1_198665.224.73_bf81 stopfile=/tmp/2722283
===================================================================================
Proxy  Adm State     Op. State     MO
===================================================================================
   43  1 (UNLOCKED)  1 (ENABLED)   ENodeBFunction=1,EUtranCellFDD=RLD2E1
  196  1 (UNLOCKED)  1 (ENABLED)   ENodeBFunction=1,EUtranCellFDD=RLD2E2
  316  1 (UNLOCKED)  1 (ENABLED)   ENodeBFunction=1,EUtranCellFDD=RLD2E3
  498  1 (UNLOCKED)  1 (ENABLED)   ENodeBFunction=1,EUtranCellFDD=RLD2L1
  637  1 (UNLOCKED)  1 (ENABLED)   ENodeBFunction=1,EUtranCellFDD=RLD2L2
  744  1 (UNLOCKED)  1 (ENABLED)   ENodeBFunction=1,EUtranCellFDD=RLD2L3
 1992  1 (UNLOCKED)  1 (ENABLED)   ENodeBFunction=1,NbIotCell=RLD2N1
 1993  1 (UNLOCKED)  1 (ENABLED)   ENodeBFunction=1,NbIotCell=RLD2N2
 1994  1 (UNLOCKED)  1 (ENABLED)   ENodeBFunction=1,NbIotCell=RLD2N3
===================================================================================
Total: 9 MOs

RLD2E> st radio

251125-14:28:52+0100 19.31.14.193 25.0h MSRBS_NODE_MODEL_25.Q1_198665.224.73_bf81 stopfile=/tmp/2722283
===================================================================================
Proxy  Adm State     Op. State     MO
===================================================================================
 2885  1 (UNLOCKED)  1 (ENABLED)   Equipment=1,FieldReplaceableUnit=Radio-S1-1
 2897  1 (UNLOCKED)  1 (ENABLED)   Equipment=1,FieldReplaceableUnit=Radio-S180-1
 2912  1 (UNLOCKED)  1 (ENABLED)   Equipment=1,FieldReplaceableUnit=Radio-S182-1
 2927  1 (UNLOCKED)  1 (ENABLED)   Equipment=1,FieldReplaceableUnit=Radio-S2-1
 2939  1 (UNLOCKED)  1 (ENABLED)   Equipment=1,FieldReplaceableUnit=Radio-S3-1
18565  1 (UNLOCKED)  1 (ENABLED)   Transport=1,Synchronization=1,RadioEquipmentClock=1,RadioEquipmentClockReference=NTP1
18566  1 (UNLOCKED)  1 (ENABLED)   Transport=1,Synchronization=1,RadioEquipmentClock=1,RadioEquipmentClockReference=PTP
===================================================================================
Total: 7 MOs

RLD2E> sdir

251125-14:28:52+0100 19.31.14.193 25.0h MSRBS_NODE_MODEL_25.Q1_198665.224.73_bf81 stopfile=/tmp/2722283
INFO: Using amos lookupAccount credentials for the export login
...............................
get /rop/A20251125.1230-1245_RLD2E.xml.gz /ericsson/log/amos/moshell_logfiles/t20251125_37258710_65084/logs_moshell/pmfiles/19.31.14.193/rop/A20251125.1230-1245_RLD2E.xml.gz ... OK
get /rop/A20251125.1245-1300_RLD2E.xml.gz /ericsson/log/amos/moshell_logfiles/t20251125_37258710_65084/logs_moshell/pmfiles/19.31.14.193/rop/A20251125.1245-1300_RLD2E.xml.gz ... OK
get /rop/A20251125.1300-1315_RLD2E.xml.gz /ericsson/log/amos/moshell_logfiles/t20251125_37258710_65084/logs_moshell/pmfiles/19.31.14.193/rop/A20251125.1300-1315_RLD2E.xml.gz ... OK
....Checking available boards on node...

Collecting RCS board data ...
.............................................................................
..........................
.............................................................................................................................................................................................................................................................................................
get /rop/A20251125.1315-1330_RLD2E.xml.gz /ericsson/log/amos/moshell_logfiles/t20251125_37258710_65084/logs_moshell/pmfiles/19.31.14.193/rop/A20251125.1315-1330_RLD2E.xml.gz ... OK
.....
Collecting TN data...
.......................................................................................................................................
Getting MO data from node (66 MOs). Please wait...
0%                                             ~50%                                           ~100%
................................................................................................................................
Collecting RF data...
..
Collecting Alarms...
.Executing action Log.export()
...
Log=AlarmLog                    actionId=51056
............
Executing action LogM.exportAvailabilityLog()
..LogM=1,exportAvailabilityLog    actionId=51057
........Parsing alarmLog...........Done.
Parsing availabilityLog.......Done.
.............

Total: 5 CPRI links (5 OK, 0 OKW, 0 NOK, 0 NT)
.
+--------+                      +------------+
|        | A        O98      D1 | Radio-S1-1 |
|        |-----------1----------| RRU2217B20 |
|        |         OK-42m       |   BXP_6    |
|        |                      +------------+
|        |                             |A  |B
|        |               SE=1 AG=1 FDD=RLD2E1
|        |                        NIOT=RLD2N1
|        |
|        |                      +------------+
|        | B        O98      D1 | Radio-S2-1 |
|        |-----------2----------| RRU2217B20 |
|        |         OK-52m       |   BXP_5    |
|        |                      +------------+
|        |                             |A  |B
|        |               SE=2 AG=2 FDD=RLD2E2
|        |                        NIOT=RLD2N2
|        |
|        |                      +------------+
|        | C        O98      D1 | Radio-S3-1 |
|        |-----------3----------| RRU2217B20 |
|        |         OK-42m       |   BXP_4    |
|        |                      +------------+
|        |                             |A  |B
|  BB-1  |               SE=3 AG=3 FDD=RLD2E3
| BB6620 |                        NIOT=RLD2N3
| 000100 |
|        |                      +---------------+
|        | D        O101     D1 | Radio-S180-1  |
|        |-----------4----------|   RRU4415B7   |
|        |         OK-43m       |     BXP_2     |
|        |                      +---------------+
|        |                        |A  |B  |C  |D
|        |                 SE=180 AG=180  |   |
|        |                    FDD=RLD2L1  |   |
|        |                         SE=181 AG=181
|        |                            FDD=RLD2L2
|        |
|        |                      +---------------+
|        | E        O101     D1 | Radio-S182-1  |
|        |-----------5----------|   RRU4415B7   |
|        |         OK-43m       |     BXP_3     |
|        |                      +---------------+
|        |                        |A  |B  |C  |D
|        |                 SE=182 AG=182  |   |
|        |                    FDD=RLD2L3  |   |
|        |
+--------+

=====================================================================================================================================
ID RiL    Type Res MO1-MO2                  BOARD1-BOARD2     AlmIDs Cells (States)               Issue (Failed checks)
=====================================================================================================================================
 1 S1-1   O98  OK  BB-1(A) Radio-S1-1(D1)   BB6620 RRU2217B20        FDD=RLD2E1 NIOT=RLD2N1 (1,1) Passed
 2 S2-1   O98  OK  BB-1(B) Radio-S2-1(D1)   BB6620 RRU2217B20        FDD=RLD2E2 NIOT=RLD2N2 (1,1) Passed
 3 S3-1   O98  OK  BB-1(C) Radio-S3-1(D1)   BB6620 RRU2217B20        FDD=RLD2E3 NIOT=RLD2N3 (1,1) Passed
 4 S180-1 O101 OK  BB-1(D) Radio-S180-1(D1) BB6620 RRU4415B7         FDD=RLD2L1 FDD=RLD2L2 (1,1)  Passed
 5 S182-1 O101 OK  BB-1(E) Radio-S182-1(D1) BB6620 RRU4415B7         FDD=RLD2L3 (1)               Passed
-------------------------------------------------------------------------------------------------------------------------------------

Node: RadioNode L   CXP9024418/16_R8D21 (RCG123.3-3)   G2   LTE-FDD,LTE-IoT 

=====================================================================================================================================
FRU          ;LNH    ;BOARD      ;ST ;FAULT ;OPER ;MAINT ;STAT ;PRODUCTNUMBER   ;REV     ;SERIAL        ;DATE     ;PMTEMP ; TEMP ; UPT ;VOLT ;SW                   ;
=====================================================================================================================================
BB-1         ;000100 ;BB6620     ; 1 ;  OFF ;  ON ;  OFF ;  ON ;KDU137847/11    ;R3E     ;E96A00NSVS    ;20220224 ;3 (OK) ;      ; 131 ;48   ;                     ;
Radio-S1-1   ;BXP_6  ;RRU2217B20 ; 1 ;  OFF ;  ON ;  OFF ; N/A ;KRC161549/1     ;R1S     ;TU8U017CSJ    ;20211116 ;4 (OK) ; 28.1 ; 131 ;55.1 ;CXP9013268%9_R96JB   ; (Radio2217B20)
Radio-S180-1 ;BXP_2  ;RRU4415B7  ; 1 ;  OFF ;  ON ;  OFF ; N/A ;KRC161495/1     ;R5F     ;B070569924    ;20210911 ;4 (OK) ; 32.5 ; 131 ;54.2 ;CXP9013268%15_R101KB ; (Radio4415B7)
Radio-S182-1 ;BXP_3  ;RRU4415B7  ; 1 ;  OFF ;  ON ;  OFF ; N/A ;KRC161495/1     ;R5F     ;B070782664    ;20220204 ;4 (OK) ; 29.0 ; 131 ;54.1 ;CXP9013268%15_R101KB ; (Radio4415B7)
Radio-S2-1   ;BXP_5  ;RRU2217B20 ; 1 ;  OFF ;  ON ;  OFF ; N/A ;KRC161549/1     ;R1T     ;TU8U02JLAQ    ;20240521 ;4 (OK) ; 28.3 ; 131 ;54.8 ;CXP9013268%9_R96JB   ; (Radio2217B20)
Radio-S3-1   ;BXP_4  ;RRU2217B20 ; 1 ;  OFF ;  ON ;  OFF ; N/A ;KRC161549/1     ;R1S     ;TU8U01EQJ7    ;20220304 ;4 (OK) ; 28.6 ; 131 ;55.1 ;CXP9013268%9_R96JB   ; (Radio2217B20)
-------------------------------------------------------------------------------------------------------------------------------------

=====================================================================================================================================
AntennaNearUnit                                   ;ST  ;TYPE   ;PRODUCTNR  ;REV       ;UNIQUEID          ;RfPort
=====================================================================================================================================
AntennaUnitGroup=1,AntennaNearUnit=RET_1800_2100  ; 1  ;S-RET  ;86010165   ;HW_V_R1C  ;KAD243555411B-Y5  ;FieldReplaceableUnit=Radio-S1-1,RfPort=R
AntennaUnitGroup=1,AntennaNearUnit=RET_2600       ; 1  ;S-RET  ;86010165   ;HW_V_R1C  ;KAD243555411B-Y6  ;FieldReplaceableUnit=Radio-S1-1,RfPort=R
AntennaUnitGroup=1,AntennaNearUnit=RET_800        ; 1  ;S-RET  ;86010165   ;HW_V_R1C  ;KAD243555411B-R2  ;FieldReplaceableUnit=Radio-S1-1,RfPort=R
AntennaUnitGroup=2,AntennaNearUnit=RET_1800_2100  ; 0  ;S-RET  ;           ;          ;                  ;FieldReplaceableUnit=Radio-S2-1,RfPort=R
AntennaUnitGroup=2,AntennaNearUnit=RET_2600       ; 0  ;S-RET  ;           ;          ;                  ;FieldReplaceableUnit=Radio-S2-1,RfPort=R
AntennaUnitGroup=2,AntennaNearUnit=RET_800        ; 0  ;S-RET  ;           ;          ;                  ;FieldReplaceableUnit=Radio-S2-1,RfPort=R
AntennaUnitGroup=3,AntennaNearUnit=RET_1800_2100  ; 1  ;S-RET  ;86010165   ;HW_V_A01  ;KAD241224331-Y5   ;FieldReplaceableUnit=Radio-S3-1,RfPort=R
AntennaUnitGroup=3,AntennaNearUnit=RET_2600       ; 1  ;S-RET  ;86010165   ;HW_V_A01  ;KAD241224331-Y6   ;FieldReplaceableUnit=Radio-S3-1,RfPort=R
AntennaUnitGroup=3,AntennaNearUnit=RET_800        ; 1  ;S-RET  ;86010165   ;HW_V_A01  ;KAD241224331-R2   ;FieldReplaceableUnit=Radio-S3-1,RfPort=R
-------------------------------------------------------------------------------------------------------------------------------------

=====================================================================================================================================
XPBOARD  ;ST ;FAULT ;OPER ;PRODUCTNUMBER ;REV ;SERIAL/NAME ;DATE     ; TEMP ;MO
=====================================================================================================================================
FAN      ; 1 ;N/A   ;N/A  ;BKV106217/1   ;N/A ;N/A         ;N/A      ;      ;SupportUnit=1 (FAN  BB-1)
-------------------------------------------------------------------------------------------------------------------------------------

=====================================================================================================================================
ID ;T ;RiL    ;BPBP ;BOARD1     ;LNH1 ;PORT ;R ;LINK ;RATE  ; BER ;BOARD2     ;LNH2 ;PORT ;R ;LINK ;RATE  ; BER ;LENGTH ;MO1 - MO2
=====================================================================================================================================
 1 ;O ;  S1-1 ;1111 ;BB6620     ;000100 ; 1 ;M ;Up   ;9.8G  ;   0 ;RRU2217B20 ;BXP_6  ; 0 ;S ;Up   ;9.8G  ;   0 ;   42m ;Fru=BB-1(A) Fru=Radio-S1-1(D1)
 2 ;O ;  S2-1 ;1111 ;BB6620     ;000100 ; 2 ;M ;Up   ;9.8G  ;   0 ;RRU2217B20 ;BXP_5  ; 0 ;S ;Up   ;9.8G  ;   0 ;   52m ;Fru=BB-1(B) Fru=Radio-S2-1(D1)
 3 ;O ;  S3-1 ;1111 ;BB6620     ;000100 ; 3 ;M ;Up   ;9.8G  ;   0 ;RRU2217B20 ;BXP_4  ; 0 ;S ;Up   ;9.8G  ;   0 ;   42m ;Fru=BB-1(C) Fru=Radio-S3-1(D1)
 4 ;O ;S180-1 ;1111 ;BB6620     ;000100 ; 4 ;M ;Up   ;10.1G ;   0 ;RRU4415B7  ;BXP_2  ; 0 ;S ;Up   ;10.1G ;   0 ;   43m ;Fru=BB-1(D) Fru=Radio-S180-1(D1)
 5 ;O ;S182-1 ;1111 ;BB6620     ;000100 ; 5 ;M ;Up   ;10.1G ;   0 ;RRU4415B7  ;BXP_3  ; 0 ;S ;Up   ;10.1G ;   0 ;   43m ;Fru=BB-1(E) Fru=Radio-S182-1(D1)
-------------------------------------------------------------------------------------------------------------------------------------

=====================================================================================================================================
ID ;LINK ;RiL    ;VENDOR1  ;VENDORPROD1    ;REV1 ;SERIAL1    ;DATE1    ;ERICSSONPROD1  ;VENDOR2  ;VENDORPROD2    ;REV2 ;SERIAL2    ;DATE2    ;ERICSSONPROD2  ;TT ;WL1     ;WL2    
=====================================================================================================================================
 1 ;Up   ;  S1-1 ;ERICSSON ;SPP10ELRIDFSEN ;10   ;CT72732050 ;20220621 ;RDH10265/2 R1A ;ERICSSON ;SPP10ELRIDFSEN ;10   ;CT72631096 ;20220608 ;RDH10265/2 R1A ;0  ;1310.00 ;1310.00
 2 ;Up   ;  S2-1 ;ERICSSON ;SPP10ELRIDFREN ;10   ;M4Q2011769 ;20220325 ;RDH10265/2 R1A ;ERICSSON ;SPP10ELRIDFSEN ;10   ;CT72824212 ;20220719 ;RDH10265/2 R1A ;0  ;1310.00 ;1310.00
 3 ;Up   ;  S3-1 ;ERICSSON ;SPP10ELRIDFSEN ;10   ;CT72784235 ;20220706 ;RDH10265/2 R1A ;ERICSSON ;SPP10ELRIDFSEN ;10   ;CT72938463 ;20220812 ;RDH10265/2 R1A ;0  ;1310.00 ;1310.00
 4 ;Up   ;S180-1 ;ERICSSON ;SPP10ELRIDFSEN ;10   ;CT72794226 ;20220708 ;RDH10265/2 R1A ;ERICSSON ;SPP10ELRIDFSEN ;10   ;CT72929971 ;20220812 ;RDH10265/2 R1A ;0  ;1310.00 ;1310.00
 5 ;Up   ;S182-1 ;ERICSSON ;SPP10ELRIDFSEN ;10   ;CT72823650 ;20220719 ;RDH10265/2 R1A ;ERICSSON ;SPP10ELRIDFSEN ;10   ;CT72626572 ;20220602 ;RDH10265/2 R1A ;0  ;1310.00 ;1310.00
-------------------------------------------------------------------------------------------------------------------------------------

=====================================================================================================================================
ID ;LINK ;RiL    ;WL1     ;TEMP1 ;TXbs1 ;TXdBm1 ;RXdBm1 ;BER1   ;WL2     ;TEMP2 ;TXbs2 ;TXdBm2 ;RXdBm2 ;BER2   ;DlLoss ;UlLoss ;LENGTH ;TT
=====================================================================================================================================
 1 ;Up   ;  S1-1 ;1310.00 ;50C   ;39%   ;-1.66  ;-2.70  ;   0   ;1310.00 ;35C   ;40%   ;-2.09  ;-3.29  ;   0   ;  1.63 ;  0.61 ;   42m ; 0
 2 ;Up   ;  S2-1 ;1310.00 ;43C   ;45%   ;-2.26  ;-3.09  ;   0   ;1310.00 ;34C   ;42%   ;-2.01  ;-1.97  ;   0   ; -0.29 ;  1.08 ;   52m ; 0
 3 ;Up   ;  S3-1 ;1310.00 ;51C   ;46%   ;-2.03  ;-3.64  ;   0   ;1310.00 ;36C   ;37%   ;-2.14  ;-2.08  ;   0   ;  0.05 ;   1.5 ;   42m ; 0
 4 ;Up   ;S180-1 ;1310.00 ;48C   ;43%   ;-2.07  ;-3.98  ;   0   ;1310.00 ;38C   ;33%   ;-2.15  ;-1.78  ;   0   ; -0.29 ;  1.83 ;   43m ; 0
 5 ;Up   ;S182-1 ;1310.00 ;46C   ;35%   ;-2.10  ;-2.78  ;   0   ;1310.00 ;30C   ;42%   ;-3.12  ;-2.74  ;   0   ;  0.64 ; -0.34 ;   43m ; 0
-------------------------------------------------------------------------------------------------------------------------------------

=====================================================================================================================================
ID ;RiL    ;BOARD      ;SFPLNH  ;PORT ;VENDOR   ;VENDORPROD     ;REV  ;SERIAL     ;DATE     ;ERICSSONPROD   ;WL      ;TEMP  ;TXbs  ;TXdBm  ;RXdBm  ; BER
=====================================================================================================================================
 1 ;  S1-1 ;BB6620     ;000100   ;  1 ;ERICSSON ;SPP10ELRIDFSEN ;10   ;CT72732050 ;20220621 ;RDH10265/2 R1A ;1310.00 ;50C   ;39%   ;-1.66  ;-2.70  ;   0
 2 ;  S2-1 ;BB6620     ;000100   ;  2 ;ERICSSON ;SPP10ELRIDFREN ;10   ;M4Q2011769 ;20220325 ;RDH10265/2 R1A ;1310.00 ;43C   ;45%   ;-2.26  ;-3.09  ;   0
 3 ;  S3-1 ;BB6620     ;000100   ;  3 ;ERICSSON ;SPP10ELRIDFSEN ;10   ;CT72784235 ;20220706 ;RDH10265/2 R1A ;1310.00 ;51C   ;46%   ;-2.03  ;-3.64  ;   0
 4 ;S180-1 ;BB6620     ;000100   ;  4 ;ERICSSON ;SPP10ELRIDFSEN ;10   ;CT72794226 ;20220708 ;RDH10265/2 R1A ;1310.00 ;48C   ;43%   ;-2.07  ;-3.98  ;   0
 5 ;S182-1 ;BB6620     ;000100   ;  5 ;ERICSSON ;SPP10ELRIDFSEN ;10   ;CT72823650 ;20220719 ;RDH10265/2 R1A ;1310.00 ;46C   ;35%   ;-2.10  ;-2.78  ;   0
 4 ;S180-1 ;RRU4415B7  ;BXP_2    ;  0 ;ERICSSON ;SPP10ELRIDFSEN ;10   ;CT72929971 ;20220812 ;RDH10265/2 R1A ;1310.00 ;38C   ;33%   ;-2.15  ;-1.78  ;   0
 5 ;S182-1 ;RRU4415B7  ;BXP_3    ;  0 ;ERICSSON ;SPP10ELRIDFSEN ;10   ;CT72626572 ;20220602 ;RDH10265/2 R1A ;1310.00 ;30C   ;42%   ;-3.12  ;-2.74  ;   0
 3 ;  S3-1 ;RRU2217B20 ;BXP_4    ;  0 ;ERICSSON ;SPP10ELRIDFSEN ;10   ;CT72938463 ;20220812 ;RDH10265/2 R1A ;1310.00 ;36C   ;37%   ;-2.14  ;-2.08  ;   0
 2 ;  S2-1 ;RRU2217B20 ;BXP_5    ;  0 ;ERICSSON ;SPP10ELRIDFSEN ;10   ;CT72824212 ;20220719 ;RDH10265/2 R1A ;1310.00 ;34C   ;42%   ;-2.01  ;-1.97  ;   0
 1 ;  S1-1 ;RRU2217B20 ;BXP_6    ;  0 ;ERICSSON ;SPP10ELRIDFSEN ;10   ;CT72631096 ;20220608 ;RDH10265/2 R1A ;1310.00 ;35C   ;40%   ;-2.09  ;-3.29  ;   0
-------------------------------------------------------------------------------------------------------------------------------------
TN ;       ;BB6620     ;000100   ;  A ;ERICSSON ;SPP10ELRIDFREN ;10   ;M3I2005766 ;20220217 ;RDH10265/2 R1A ;0       ;37C   ;47%   ;-2.34  ;-2.78  ; 0/0
-------------------------------------------------------------------------------------------------------------------------------------

=====================================================================================================================================
BOARD  ;LNH    ;PORT   ;T ;S ;OpMode   ;AutoNeg ;MacAddress        ;VlanIds   ;LOS ;BER
=====================================================================================================================================
BB6620 ;000100 ;IDL_A1 ;E ;1 ;10G_FULL ;false   ;7C:72:6E:74:D7:43 ;3908      ;0   ;0/0
BB6620 ;000100 ;TN_A   ;O ;1 ;1G_FULL  ;true    ;7C:72:6E:74:D7:3F ;3908,3910 ;0   ;0/0
-------------------------------------------------------------------------------------------------------------------------------------

radioClockState : RNT_TIME_LOCKED
-------------------------------------------------------------------------------------
Prio  ;ST  ;syncRefType    ;refStatus  ;opQualLevel  ;SyncReference
-------------------------------------------------------------------------------------
  *1  ; 1  ;PTP_TIME       ;NO_FAULT   ;PRTC         ;Ptp=1,BoundaryOrdinaryClock=PTP (G_8275_1 EthernetPort=TN_A:SLAVE)
   2  ; 1  ;NTP_FREQUENCY  ;NO_FAULT   ;PRC          ;Ntp=1,NtpFrequencySync=NTP1 (10.31.0.54:32751 Router=45G_Traffic,InterfaceIPv4=LTE,AddressIPv4=LTE)
-------------------------------------------------------------------------------------
-------------------------------------------------------------------------------------
Prio  ;ST  ;assistRefStatus  ;recQualLevel  ;AssistingReference
-------------------------------------------------------------------------------------
   1  ; 1  ;NO_FAULT         ;PRTC          ;Synchronization=1,SyncEthInput=SyncE (SFP_OPTICAL EthernetPort=TN_A)
-------------------------------------------------------------------------------------

=====================================================================================================================================
FRU          ;LNH    ;BOARD      ;RF  ;BP  ;TX (W/dBm)  ;VSWR (RL)   ;RX (dBm) ;UEs/gUEs  ;Sector/AntennaGroup/Cells (State:CellIds:PCIs)
=====================================================================================================================================
Radio-S1-1   ;BXP_6  ;RRU2217B20 ; A  ;11  ;-           ;1.33 (16.9) ;         ;1/-       ;SE=1 AG=1 FDD=RLD2E1 NIOT=RLD2N1 (1:61:450, 1:161:450)
Radio-S1-1   ;BXP_6  ;RRU2217B20 ; B  ;11  ;-           ;1.38 (16.0) ;         ;1/-       ;SE=1 AG=1 FDD=RLD2E1 NIOT=RLD2N1 (1:61:450, 1:161:450)
Radio-S2-1   ;BXP_5  ;RRU2217B20 ; A  ;11  ;-           ;1.23 (19.9) ;         ;0/-       ;SE=2 AG=2 FDD=RLD2E2 NIOT=RLD2N2 (1:62:452, 1:162:452)
Radio-S2-1   ;BXP_5  ;RRU2217B20 ; B  ;11  ;-           ;1.20 (21.0) ;         ;0/-       ;SE=2 AG=2 FDD=RLD2E2 NIOT=RLD2N2 (1:62:452, 1:162:452)
Radio-S3-1   ;BXP_4  ;RRU2217B20 ; A  ;11  ;-           ;1.24 (19.5) ;         ;3/-       ;SE=3 AG=3 FDD=RLD2E3 NIOT=RLD2N3 (1:63:451, 1:163:451)
Radio-S3-1   ;BXP_4  ;RRU2217B20 ; B  ;11  ;-           ;1.31 (17.5) ;         ;3/-       ;SE=3 AG=3 FDD=RLD2E3 NIOT=RLD2N3 (1:63:451, 1:163:451)
Radio-S180-1 ;BXP_2  ;RRU4415B7  ; A  ;11  ;11.7 (40.7) ;1.21 (20.5) ;-96.5    ;11/-      ;SE=180 AG=180 FDD=RLD2L1 (1:21:57)
Radio-S180-1 ;BXP_2  ;RRU4415B7  ; B  ;11  ;9.8 (39.9)  ;1.17 (22.3) ;-96.7    ;11/-      ;SE=180 AG=180 FDD=RLD2L1 (1:21:57)
Radio-S180-1 ;BXP_2  ;RRU4415B7  ; C  ;11  ;5.0 (37.0)  ;1.20 (20.8) ;-99.4    ;0/-       ;SE=181 AG=181 FDD=RLD2L2 (1:22:476)
Radio-S180-1 ;BXP_2  ;RRU4415B7  ; D  ;11  ;5.0 (37.0)  ;1.16 (22.6) ;-99.7    ;0/-       ;SE=181 AG=181 FDD=RLD2L2 (1:22:476)
Radio-S182-1 ;BXP_3  ;RRU4415B7  ; A  ;11  ;5.8 (37.6)  ;1.09 (27.1) ;-94.4    ;6/-       ;SE=182 AG=182 FDD=RLD2L3 (1:23:350)
Radio-S182-1 ;BXP_3  ;RRU4415B7  ; B  ;11  ;6.9 (38.4)  ;1.25 (19.0) ;-94.4    ;6/-       ;SE=182 AG=182 FDD=RLD2L3 (1:23:350)
Radio-S182-1 ;BXP_3  ;RRU4415B7  ; C  ;11  ;-           ;-           ;         ;          ;
Radio-S182-1 ;BXP_3  ;RRU4415B7  ; D  ;11  ;-           ;-           ;         ;          ;
-------------------------------------------------------------------------------------------------------------------------------------

RLD2E> mfar

251125-14:31:33+0100 19.31.14.193 25.0h MSRBS_NODE_MODEL_25.Q1_198665.224.73_bf81 stopfile=/tmp/2722283
......
Last MO: 18570. Loaded 18570 MOs. Total: 18571 MOs.
...............................................
get /rop/A20251125.1200-1215_RLD2E.xml.gz /ericsson/log/amos/moshell_logfiles/t20251125_37258710_65084/logs_moshell/pmfiles/19.31.14.193/rop/A20251125.1200-1215_RLD2E.xml.gz ... OK
get /rop/A20251125.1215-1230_RLD2E.xml.gz /ericsson/log/amos/moshell_logfiles/t20251125_37258710_65084/logs_moshell/pmfiles/19.31.14.193/rop/A20251125.1215-1230_RLD2E.xml.gz ... OK

Using hardcoded thresholds: 3, 4.5, and 16.5
================================================================================================================================
SC     SE  Tx/Rx BrPair  RfPort1 - RfPort2               HW       Serial      Cell (State)   Samples   Med  Mean  SDev Pol Res Issue
================================================================================================================================
RLD2E1   1   2/2 0 (1,2) Radio-S1-1(A) Radio-S1-1(B)     RRU2217  TU8U017CSJ  FDD=RLD2E1 (1)   73713   0.5   0.8   6.7  NA  OK Passed
RLD2E2   2   2/2 0 (1,2) Radio-S2-1(A) Radio-S2-1(B)     RRU2217  TU8U02JLAQ  FDD=RLD2E2 (1)    2982   1.5   1.5   6.4  NA  NT Not enough data
RLD2E3   3   2/2 0 (1,2) Radio-S3-1(A) Radio-S3-1(B)     RRU2217  TU8U01EQJ7  FDD=RLD2E3 (1)   16982  -0.5  -0.1   7.2  NA  OK Passed
RLD2L1 180   2/2 0 (1,2) Radio-S180-1(A) Radio-S180-1(B) RRU4415  B070569924  FDD=RLD2L1 (1)  165313   0.5   0.0   6.8  NA  OK Passed
RLD2L2 181   2/2 0 (1,2) Radio-S180-1(C) Radio-S180-1(D) RRU4415  B070569924  FDD=RLD2L2 (1)    2196   0.5   1.1   8.7  NA  NT Not enough data
RLD2L3 182   2/2 0 (1,2) Radio-S182-1(A) Radio-S182-1(B) RRU4415  B070782664  FDD=RLD2L3 (1)   60015   1.5   1.1   7.1  NA  OK Passed
================================================================================================================================
Total: 6 SectorCarriers, 6 RfBranch Pairs (4 OK, 0 OKW, 0 NOK, 2 NT)
.......
Last MO: 18570. Loaded 18570 MOs. Total: 18571 MOs.

No NRSectorCarrier MOs are defined on the node.

RLD2E> mfitr

251125-14:31:51+0100 19.31.14.193 25.0h MSRBS_NODE_MODEL_25.Q1_198665.224.73_bf81 stopfile=/tmp/2722283
...........
Last MO: 18570. Loaded 18570 MOs. Total: 18571 MOs.
........
2025-11-25 14:32
================================================================================================================================
CELL       SC     FRU          BOARD      PUSCH  PUCCH       A      B      C      D  DELTA
================================================================================================================================
FDD=RLD2E1 RLD2E1 Radio-S1-1   RRU2217B20 -115.7 -114.9 -118.0 -117.3                  0.7
FDD=RLD2E2 RLD2E2 Radio-S2-1   RRU2217B20 -115.0 -115.3 -117.9 -118.0                  0.1
FDD=RLD2E3 RLD2E3 Radio-S3-1   RRU2217B20 -109.7 -110.7 -110.7 -110.7                    0
FDD=RLD2L1 RLD2L1 Radio-S180-1 RRU4415B7  -116.1 -114.0 -117.6 -117.5                  0.1
FDD=RLD2L2 RLD2L2 Radio-S180-1 RRU4415B7  -118.3 -116.3               -118.5 -118.8    0.3
FDD=RLD2L3 RLD2L3 Radio-S182-1 RRU4415B7  -112.0 -114.8 -110.4 -112.5                  2.1
================================================================================================================================
Bye...
Output has been logged to file /mta_fs/UserFiles/37258710/amosbatch/SDIR/RLD2E.log
