Logging to file /mta_fs/UserFiles/37258710/amosbatch/SDIR/RLD7L.log
                        __  __  ____   _____
                  /\   |  \/  |/ __ \ / ____|
                 /  \  | \  / | |  | | (___  
                / /\ \ | |\/| | |  | |\___ \ 
               / ____ \| |  | | |__| |____) |
              /_/    \_\_|  |_|\____/|_____/
              OSS Framework for MoShell-25.0h 
  Copyright (c) Ericsson AB 2001-2025 - All Rights Reserved
              
           
[1;31mWARNING: [0mthe AMOS version currently running is more than 29 weeks old and is unsupported.
Please upgrade as soon as possible to the latest released version, available from your local Ericsson support.

$amosrb_pid = 4140409

Checking ip contact...OK

HELP MENU            : h
BASIC MO COMMANDS    : m
OTHER MO COMMANDS    : n
OTHER COMMANDS       : o
PM COMMANDS          : p
QUIT                 : q

RLD7L> lt all

251125-07:40:06+0100 19.31.12.159 25.0h  stopfile=/tmp/4139965
Looking up temporary_amos account... OK.
Trying temporary_amos_t20251125_37258710_65084_131's password from amos lookupAccount ... OK

$ssh_pid = 4143104

Connected to 19.31.12.159 (SubNetwork=BBMM_rckomc_R,MeContext=RLD7L,ManagedElement=RLD7L)

Checking MOM version...MSRBS_NODE_MODEL_25.Q1_693.28324.131_62ac
Parsing MOM (cached): /ericsson/log/amos/moshell_logfiles/t20251125_37258710_65084/logs_moshell/tempfiles/scp-4-amos_20251125-073958_4139832/MSRBS_NODE_MODEL_25.Q1_693.28324.131_62ac.xml.cache.gz ..................................................................................................................................................................................................................................Done.
Using paramfile /opt/ericsson/amos/moshell/commonjars/pm/PARAM_MSRBS_25.Q1.txt
Parsing file /opt/ericsson/amos/moshell/commonjars/pm/PARAM_MSRBS_25.Q1.txt .......................................................................................Done.
Using imomdfile /opt/ericsson/amos/moshell/commonjars/pm/IMOMD_MSRBS_22.Q4.txt
Using imomfile /opt/ericsson/amos/moshell/commonjars/pm/IMOM_MSRBS_25.Q1.txt
Connected to 19.31.12.159 (SubNetwork=BBMM_rckomc_R,MeContext=RLD7L,ManagedElement=RLD7L)

Last MO: 17825. Loaded 17825 MOs. Total: 17826 MOs.

RLD7L> st cell

251125-07:40:20+0100 19.31.12.159 25.0h MSRBS_NODE_MODEL_25.Q1_693.28324.131_62ac stopfile=/tmp/4139965
===================================================================================
Proxy  Adm State     Op. State     MO
===================================================================================
   56  1 (UNLOCKED)  1 (ENABLED)   ENodeBFunction=1,EUtranCellFDD=RLD7L1
  161  1 (UNLOCKED)  1 (ENABLED)   ENodeBFunction=1,EUtranCellFDD=RLD7L2
  339  1 (UNLOCKED)  1 (ENABLED)   ENodeBFunction=1,EUtranCellFDD=RLD7L3
===================================================================================
Total: 3 MOs

RLD7L> st radio

251125-07:40:21+0100 19.31.12.159 25.0h MSRBS_NODE_MODEL_25.Q1_693.28324.131_62ac stopfile=/tmp/4139965
===================================================================================
Proxy  Adm State     Op. State     MO
===================================================================================
 1837  1 (UNLOCKED)  1 (ENABLED)   Equipment=1,FieldReplaceableUnit=Radio-S180-1
 1852  1 (UNLOCKED)  1 (ENABLED)   Equipment=1,FieldReplaceableUnit=Radio-S182-1
 1867  1 (UNLOCKED)  1 (ENABLED)   Equipment=1,FieldReplaceableUnit=Radio-S220-1
 1894  1 (UNLOCKED)  1 (ENABLED)   Equipment=1,FieldReplaceableUnit=Radio-S221-1
 1921  1 (UNLOCKED)  1 (ENABLED)   Equipment=1,FieldReplaceableUnit=Radio-S222-1
17819  1 (UNLOCKED)  1 (ENABLED)   Transport=1,Synchronization=1,RadioEquipmentClock=1,RadioEquipmentClockReference=NTP1
17820  1 (UNLOCKED)  1 (ENABLED)   Transport=1,Synchronization=1,RadioEquipmentClock=1,RadioEquipmentClockReference=PTP
===================================================================================
Total: 7 MOs

RLD7L> sdir

251125-07:40:21+0100 19.31.12.159 25.0h MSRBS_NODE_MODEL_25.Q1_693.28324.131_62ac stopfile=/tmp/4139965
INFO: Using amos lookupAccount credentials for the export login
...............................
get /rop/A20251125.0545-0600_RLD7L.xml.gz /ericsson/log/amos/moshell_logfiles/t20251125_37258710_65084/logs_moshell/pmfiles/19.31.12.159/rop/A20251125.0545-0600_RLD7L.xml.gz ... OK
get /rop/A20251125.0600-0615_RLD7L.xml.gz /ericsson/log/amos/moshell_logfiles/t20251125_37258710_65084/logs_moshell/pmfiles/19.31.12.159/rop/A20251125.0600-0615_RLD7L.xml.gz ... OK
get /rop/A20251125.0615-0630_RLD7L.xml.gz /ericsson/log/amos/moshell_logfiles/t20251125_37258710_65084/logs_moshell/pmfiles/19.31.12.159/rop/A20251125.0615-0630_RLD7L.xml.gz ... OK
....Checking available boards on node...

Collecting RCS board data ...
........................................................................................................................
.............................
................................................................................................................................................................................................................................................................................................................
...........
Collecting TN data...
...................................................................................................................................................
Getting MO data from node (51 MOs). Please wait...
0%                                             ~50%                                           ~100%
.............................................................................................................................
Collecting RF data...
....
Collecting Alarms...
.Executing action Log.export()
...
Log=AlarmLog                    actionId=50701
.....
Executing action LogM.exportAvailabilityLog()
..LogM=1,exportAvailabilityLog    actionId=50702
.....Parsing alarmLog...Done.
Parsing availabilityLog...Done.


Total: 5 CPRI links (5 OK, 0 OKW, 0 NOK, 0 NT)
.
+--------+                      +----------------------------+
|        | A        O101     D2 |        Radio-S220-1        |
|        |-----------1----------| RRU247924B824B2024B28BM01* |
|        |         OK-9m        |           BXP_2            |
|        |                      +----------------------------+
|        |                                     |A  |B  |C  |D
|        |             SE=220* AG=220 GT=RLD7D1/0 GT=RLD7D1/8
|        |
|        |                      +----------------------------+
|        | B        O101     D2 |        Radio-S221-1        |
|        |-----------2----------| RRU247924B824B2024B28BM01* |
|        |         OK-11m       |           BXP_4            |
|        |                      +----------------------------+
|        |                                     |A  |B  |C  |D
|        |             SE=221* AG=221 GT=RLD7D2/0 GT=RLD7D2/1
|        |
|        |                      +----------------------------+
|        | C        O101     D2 |        Radio-S222-1        |
|        |-----------3----------| RRU247924B824B2024B28BM01* |
|        |         OK-11m       |           BXP_5            |
|        |                      +----------------------------+
|        |                                     |A  |B  |C  |D
|  BB-1  |             SE=222* AG=222 GT=RLD7D3/0 GT=RLD7D3/8
| BB6631 |
| 000100 |                      +---------------+
|        | D        O101     D1 | Radio-S180-1  |
|        |-----------4----------|   RRU4415B7   |
|        |         OK-10m       |     BXP_3     |
|        |                      +---------------+
|        |                        |A  |B  |C  |D
|        |                 SE=180 AG=180  |   |
|        |                    FDD=RLD7L1  |   |
|        |                         SE=181 AG=181
|        |                            FDD=RLD7L2
|        |
|        |                      +---------------+
|        | E        O101     D1 | Radio-S182-1  |
|        |-----------5----------|   RRU4415B7   |
|        |         OK-10m       |     BXP_6     |
|        |                      +---------------+
|        |                        |A  |B  |C  |D
|        |                 SE=182 AG=182  |   |
|        |                    FDD=RLD7L3  |   |
|        |
+--------+

=====================================================================================================================================
ID RiL    Type Res MO1-MO2                  BOARD1-BOARD2                     AlmIDs Cells (States)                Issue (Failed checks)
=====================================================================================================================================
 1 S220-1 O101 OK  BB-1(A) Radio-S220-1(D2) BB6631 RRU247924B824B2024B28BM01*        GT=RLD7D1/0 GT=RLD7D1/8 (1,1) Passed
 2 S221-1 O101 OK  BB-1(B) Radio-S221-1(D2) BB6631 RRU247924B824B2024B28BM01*        GT=RLD7D2/0 GT=RLD7D2/1 (1,1) Passed
 3 S222-1 O101 OK  BB-1(C) Radio-S222-1(D2) BB6631 RRU247924B824B2024B28BM01*        GT=RLD7D3/0 GT=RLD7D3/8 (1,1) Passed
 4 S180-1 O101 OK  BB-1(D) Radio-S180-1(D1) BB6631 RRU4415B7                         FDD=RLD7L1 FDD=RLD7L2 (1,1)   Passed
 5 S182-1 O101 OK  BB-1(E) Radio-S182-1(D1) BB6631 RRU4415B7                         FDD=RLD7L3 (1)                Passed
-------------------------------------------------------------------------------------------------------------------------------------

Node: RadioNode GL   CXP2010174/2_R27J08 (25.Q1)   G3.1   GSM LTE-FDD 

=====================================================================================================================================
FRU          ;LNH    ;BOARD                      ;ST ;FAULT ;OPER ;MAINT ;STAT ;PRODUCTNUMBER   ;REV     ;SERIAL        ;DATE     ;PMTEMP ; TEMP ; UPT ;VOLT ;SW                   ;
=====================================================================================================================================
BB-1         ;000100 ;BB6631                     ; 1 ;  OFF ;  ON ;  OFF ;  ON ;KDU1370071/11   ;R3F     ;E23E917571    ;20231008 ;3 (OK) ;      ; 131 ;54   ;                     ;
Radio-S180-1 ;BXP_3  ;RRU4415B7                  ; 1 ;  OFF ;  ON ;  OFF ; N/A ;KRC161495/1     ;R5J     ;TU8U01QB7N    ;20220903 ;4 (OK) ; 31.0 ; 131 ;55.0 ;CXP9013268%15_R101LX ; (Radio4415B7)
Radio-S182-1 ;BXP_6  ;RRU4415B7                  ; 1 ;  OFF ;  ON ;  OFF ; N/A ;KRC161495/1     ;R5J     ;TU8U01QB8F    ;20220903 ;4 (OK) ; 31.0 ; 131 ;54.9 ;CXP9013268%15_R101LX ; (Radio4415B7)
Radio-S220-1 ;BXP_2  ;RRU247924B824B2024B28BM01* ; 1 ;  OFF ;  ON ;  OFF ; N/A ;KRC161832/1     ;R2J     ;TU8U02Z2QL    ;20250403 ;4 (OK) ; 31.6 ; 131 ;55.0 ;CXP9013268%15_R101LX ; (Radio247924B824B2024B28BM01)
Radio-S221-1 ;BXP_4  ;RRU247924B824B2024B28BM01* ; 1 ;  OFF ;  ON ;  OFF ; N/A ;KRC161832/1     ;R2J     ;TU8U02Z2QJ    ;20250403 ;4 (OK) ; 34.5 ; 131 ;55.1 ;CXP9013268%15_R101LX ; (Radio247924B824B2024B28BM01)
Radio-S222-1 ;BXP_5  ;RRU247924B824B2024B28BM01* ; 1 ;  OFF ;  ON ;  OFF ; N/A ;KRC161832/1     ;R2J     ;TU8U02Z2Q3    ;20250403 ;4 (OK) ; 36.0 ; 131 ;55.0 ;CXP9013268%15_R101LX ; (Radio247924B824B2024B28BM01)
-------------------------------------------------------------------------------------------------------------------------------------

=====================================================================================================================================
XPBOARD  ;ST ;FAULT ;OPER ;PRODUCTNUMBER ;REV ;SERIAL/NAME ;DATE     ; TEMP ;MO
=====================================================================================================================================
FAN08    ; 1 ;N/A   ;N/A  ;BKV106236/1   ;R2F ;DD138B2846  ;20221217 ; 39.4 ;SupportUnit=1 (FAN  BB-1)
-------------------------------------------------------------------------------------------------------------------------------------

=====================================================================================================================================
ID ;T ;RiL    ;BPBP ;BOARD1                     ;LNH1 ;PORT ;R ;LINK ;RATE  ; BER ;BOARD2                     ;LNH2 ;PORT ;R ;LINK ;RATE  ; BER ;LENGTH ;MO1 - MO2
=====================================================================================================================================
 1 ;O ;S220-1 ;1111 ;BB6631                     ;000100 ; 1 ;M ;Up   ;10.1G ;   0 ;RRU247924B824B2024B28BM01* ;BXP_2  ; 1 ;S ;Up   ;10.1G ;   0 ;    9m ;Fru=BB-1(A) Fru=Radio-S220-1(D2)
 2 ;O ;S221-1 ;1111 ;BB6631                     ;000100 ; 2 ;M ;Up   ;10.1G ;   0 ;RRU247924B824B2024B28BM01* ;BXP_4  ; 1 ;S ;Up   ;10.1G ;   0 ;   11m ;Fru=BB-1(B) Fru=Radio-S221-1(D2)
 3 ;O ;S222-1 ;1111 ;BB6631                     ;000100 ; 3 ;M ;Up   ;10.1G ;   0 ;RRU247924B824B2024B28BM01* ;BXP_5  ; 1 ;S ;Up   ;10.1G ;   0 ;   11m ;Fru=BB-1(C) Fru=Radio-S222-1(D2)
 4 ;O ;S180-1 ;1111 ;BB6631                     ;000100 ; 4 ;M ;Up   ;10.1G ;   0 ;RRU4415B7                  ;BXP_3  ; 0 ;S ;Up   ;10.1G ;   0 ;   10m ;Fru=BB-1(D) Fru=Radio-S180-1(D1)
 5 ;O ;S182-1 ;1111 ;BB6631                     ;000100 ; 5 ;M ;Up   ;10.1G ;   0 ;RRU4415B7                  ;BXP_6  ; 0 ;S ;Up   ;10.1G ;   0 ;   10m ;Fru=BB-1(E) Fru=Radio-S182-1(D1)
-------------------------------------------------------------------------------------------------------------------------------------

=====================================================================================================================================
ID ;LINK ;RiL    ;VENDOR1  ;VENDORPROD1      ;REV1 ;SERIAL1         ;DATE1    ;ERICSSONPROD1      ;VENDOR2  ;VENDORPROD2      ;REV2 ;SERIAL2         ;DATE2    ;ERICSSONPROD2      ;TT ;WL1     ;WL2    
=====================================================================================================================================
 1 ;Up   ;S220-1 ;ERICSSON ;LCP-10G3B4HDRME4 ;A    ;2245094A2451853 ;20221104 ;RDH10265/2 R1A     ;ERICSSON ;LCP-10G3B4HDRME4 ;A    ;2245094A2451854 ;20221104 ;RDH10265/2 R1A     ;0  ;1310.00 ;1310.00
 2 ;Up   ;S221-1 ;ERICSSON ;LCP-10G3B4HDRME4 ;A    ;2245094A2451883 ;20221104 ;RDH10265/2 R1A     ;ERICSSON ;LCP-10G3B4HDRME4 ;A    ;2245094A2451907 ;20221104 ;RDH10265/2 R1A     ;0  ;1310.00 ;1310.00
 3 ;Up   ;S222-1 ;ERICSSON ;LCP-10G3B4HDRME4 ;A    ;2245094A2451846 ;20221104 ;RDH10265/2 R1A     ;ERICSSON ;LCP-10G3B4HDRME4 ;A    ;2245094A2451851 ;20221104 ;RDH10265/2 R1A     ;0  ;1310.00 ;1310.00
 4 ;Up   ;S180-1 ;ERICSSON ;LCP-10G3B4HDRME4 ;A    ;2245094A2451849 ;20221104 ;RDH10265/2 R1A     ;ERICSSON ;LCP-10G3B4HDRME4 ;A    ;2245094A2451844 ;20221104 ;RDH10265/2 R1A     ;0  ;1310.00 ;1310.00
 5 ;Up   ;S182-1 ;ERICSSON ;LCP-10G3B4HDRME4 ;A    ;2245094A2451856 ;20221104 ;RDH10265/2 R1A     ;ERICSSON ;LCP-10G3B4HDRME4 ;A    ;2245094A2451909 ;20221104 ;RDH10265/2 R1A     ;0  ;1310.00 ;1310.00
-------------------------------------------------------------------------------------------------------------------------------------

=====================================================================================================================================
ID ;LINK ;RiL    ;WL1     ;TEMP1 ;TXbs1 ;TXdBm1 ;RXdBm1 ;BER1   ;WL2     ;TEMP2 ;TXbs2 ;TXdBm2 ;RXdBm2 ;BER2   ;DlLoss ;UlLoss ;LENGTH ;TT
=====================================================================================================================================
 1 ;Up   ;S220-1 ;1310.00 ;31C   ;35%   ;-3.27  ;-2.77  ;   0   ;1310.00 ;29C   ;52%   ;-3.24  ;-4.20  ;   0   ;  0.93 ; -0.47 ;    9m ; 0
 2 ;Up   ;S221-1 ;1310.00 ;33C   ;45%   ;-3.78  ;-2.00  ;   0   ;1310.00 ;29C   ;43%   ;-3.20  ;-3.75  ;   0   ; -0.03 ;  -1.2 ;   11m ; 0
 3 ;Up   ;S222-1 ;1310.00 ;31C   ;35%   ;-3.22  ;-3.58  ;   0   ;1310.00 ;29C   ;33%   ;-3.27  ;-3.21  ;   0   ; -0.01 ;  0.31 ;   11m ; 0
 4 ;Up   ;S180-1 ;1310.00 ;32C   ;44%   ;-3.54  ;-4.13  ;   0   ;1310.00 ;25C   ;38%   ;-3.19  ;-3.18  ;   0   ; -0.36 ;  0.94 ;   10m ; 0
 5 ;Up   ;S182-1 ;1310.00 ;31C   ;44%   ;-3.36  ;-3.54  ;   0   ;1310.00 ;25C   ;40%   ;-3.33  ;-3.37  ;   0   ;  0.01 ;  0.21 ;   10m ; 0
-------------------------------------------------------------------------------------------------------------------------------------

=====================================================================================================================================
ID ;RiL    ;BOARD                      ;SFPLNH  ;PORT ;VENDOR   ;VENDORPROD       ;REV  ;SERIAL          ;DATE     ;ERICSSONPROD       ;WL      ;TEMP  ;TXbs  ;TXdBm  ;RXdBm  ; BER
=====================================================================================================================================
 1 ;S220-1 ;BB6631                     ;000100   ;  1 ;ERICSSON ;LCP-10G3B4HDRME4 ;A    ;2245094A2451853 ;20221104 ;RDH10265/2 R1A     ;1310.00 ;31C   ;35%   ;-3.27  ;-2.77  ;   0
 2 ;S221-1 ;BB6631                     ;000100   ;  2 ;ERICSSON ;LCP-10G3B4HDRME4 ;A    ;2245094A2451883 ;20221104 ;RDH10265/2 R1A     ;1310.00 ;33C   ;45%   ;-3.78  ;-2.00  ;   0
 3 ;S222-1 ;BB6631                     ;000100   ;  3 ;ERICSSON ;LCP-10G3B4HDRME4 ;A    ;2245094A2451846 ;20221104 ;RDH10265/2 R1A     ;1310.00 ;31C   ;35%   ;-3.22  ;-3.58  ;   0
 4 ;S180-1 ;BB6631                     ;000100   ;  4 ;ERICSSON ;LCP-10G3B4HDRME4 ;A    ;2245094A2451849 ;20221104 ;RDH10265/2 R1A     ;1310.00 ;32C   ;44%   ;-3.54  ;-4.13  ;   0
 5 ;S182-1 ;BB6631                     ;000100   ;  5 ;ERICSSON ;LCP-10G3B4HDRME4 ;A    ;2245094A2451856 ;20221104 ;RDH10265/2 R1A     ;1310.00 ;31C   ;44%   ;-3.36  ;-3.54  ;   0
 1 ;S220-1 ;RRU247924B824B2024B28BM01* ;BXP_2    ;  1 ;ERICSSON ;LCP-10G3B4HDRME4 ;A    ;2245094A2451854 ;20221104 ;RDH10265/2 R1A     ;1310.00 ;29C   ;52%   ;-3.24  ;-4.20  ;   0
 4 ;S180-1 ;RRU4415B7                  ;BXP_3    ;  0 ;ERICSSON ;LCP-10G3B4HDRME4 ;A    ;2245094A2451844 ;20221104 ;RDH10265/2 R1A     ;1310.00 ;25C   ;38%   ;-3.19  ;-3.18  ;   0
 2 ;S221-1 ;RRU247924B824B2024B28BM01* ;BXP_4    ;  1 ;ERICSSON ;LCP-10G3B4HDRME4 ;A    ;2245094A2451907 ;20221104 ;RDH10265/2 R1A     ;1310.00 ;29C   ;43%   ;-3.20  ;-3.75  ;   0
 3 ;S222-1 ;RRU247924B824B2024B28BM01* ;BXP_5    ;  1 ;ERICSSON ;LCP-10G3B4HDRME4 ;A    ;2245094A2451851 ;20221104 ;RDH10265/2 R1A     ;1310.00 ;29C   ;33%   ;-3.27  ;-3.21  ;   0
 5 ;S182-1 ;RRU4415B7                  ;BXP_6    ;  0 ;ERICSSON ;LCP-10G3B4HDRME4 ;A    ;2245094A2451909 ;20221104 ;RDH10265/2 R1A     ;1310.00 ;25C   ;40%   ;-3.33  ;-3.37  ;   0
-------------------------------------------------------------------------------------------------------------------------------------
TN ;       ;BB6631                     ;000100   ;IA2 ;ERICSSON ;NDAAF9-E201      ;E    ;APF22432018ERY  ;20221029 ;RPM777053/1000 R1B ;NA      ;NA    ;NA    ;NA     ;NA     ; 0/0
-------------------------------------------------------------------------------------------------------------------------------------

=====================================================================================================================================
BOARD  ;LNH    ;PORT       ;T ;S ;OpMode   ;AutoNeg ;MacAddress        ;VlanIds        ;LOS ;BER
=====================================================================================================================================
BB6631 ;000100 ;TN_IDL_A_1 ;E ;1 ;10G_FULL ;false   ;F4:3C:96:07:28:70 ;3901,3908,3910 ;0   ;NZ/0
BB6631 ;000100 ;TN_IDL_A_2 ;O ;1 ;10G_FULL ;false   ;F4:3C:96:07:28:71 ;3908           ;0   ;0/0
-------------------------------------------------------------------------------------------------------------------------------------

radioClockState : RNT_TIME_LOCKED
-------------------------------------------------------------------------------------
Prio  ;ST  ;syncRefType    ;refStatus  ;opQualLevel  ;SyncReference
-------------------------------------------------------------------------------------
   1  ; 1  ;PTP_TIME       ;NO_FAULT   ;PRTC         ;Ptp=1,BoundaryOrdinaryClock=PTP (G_8275_1 EthernetPort=TN_IDL_A_1:SLAVE)
   2  ; 1  ;NTP_FREQUENCY  ;NO_FAULT   ;PRC          ;Ntp=1,NtpFrequencySync=NTP1 (10.31.0.54:32751 Router=45G_Traffic,InterfaceIPv4=LTE,AddressIPv4=LTE)
-------------------------------------------------------------------------------------
-------------------------------------------------------------------------------------
Prio  ;ST  ;assistRefStatus  ;recQualLevel  ;AssistingReference
-------------------------------------------------------------------------------------
   1  ; 0  ;UNKNOWN          ;PRTC          ;Synchronization=1,SyncEthInput=SyncE (SFP_DAC EthernetPort=TN_IDL_A_1)
-------------------------------------------------------------------------------------
nodeGroupRole   : SYNC_RECEIVER (syncNodePriority=3, selectionMode=NODE_PRIORITY)
-------------------------------------------------------------------------------------
DU  ;Port  ;sharedUnitRef (RiPortA - RiPortB)  ;remoteNodePriority  ;CandidateStatus
-------------------------------------------------------------------------------------
1   ;C     ;Fru=Radio-S222-1 (2 - 1)           ;1                   ;OK_NOT_ACTIVE
1   ;B     ;Fru=Radio-S221-1 (2 - 1)           ;1                   ;OK_NOT_ACTIVE
1   ;A     ;Fru=Radio-S220-1 (2 - 1)           ;1                   ;OK_ACTIVE
-------------------------------------------------------------------------------------

=====================================================================================================================================
FRU          ;LNH    ;BOARD                      ;RF  ;BP  ;TX (W/dBm)  ;VSWR (RL)   ;RX (dBm) ;UEs/gUEs  ;Sector/AntennaGroup/Cells (State:CellIds:PCIs)
=====================================================================================================================================
Radio-S180-1 ;BXP_3  ;RRU4415B7                  ; A  ;11  ;16.6 (42.2) ;1.09 (27.0) ;-100.0   ;0/-       ;SE=180 AG=180 FDD=RLD7L1 (1:21:99)
Radio-S180-1 ;BXP_3  ;RRU4415B7                  ; B  ;11  ;-           ;1.08 (28.2) ;-99.8    ;0/-       ;SE=180 AG=180 FDD=RLD7L1 (1:21:99)
Radio-S180-1 ;BXP_3  ;RRU4415B7                  ; C  ;11  ;10.0 (40.0) ;1.05 (31.9) ;-98.6    ;2/-       ;SE=181 AG=181 FDD=RLD7L2 (1:22:148)
Radio-S180-1 ;BXP_3  ;RRU4415B7                  ; D  ;11  ;-           ;1.05 (31.7) ;-98.2    ;2/-       ;SE=181 AG=181 FDD=RLD7L2 (1:22:148)
Radio-S182-1 ;BXP_6  ;RRU4415B7                  ; A  ;11  ;16.6 (42.2) ;1.09 (26.9) ;-98.1    ;3/-       ;SE=182 AG=182 FDD=RLD7L3 (1:23:181)
Radio-S182-1 ;BXP_6  ;RRU4415B7                  ; B  ;11  ;-           ;1.10 (26.1) ;-98.0    ;3/-       ;SE=182 AG=182 FDD=RLD7L3 (1:23:181)
Radio-S182-1 ;BXP_6  ;RRU4415B7                  ; C  ;11  ;-           ;-           ;         ;          ;
Radio-S182-1 ;BXP_6  ;RRU4415B7                  ; D  ;11  ;-           ;-           ;         ;          ;
Radio-S220-1 ;BXP_2  ;RRU247924B824B2024B28BM01* ; A  ;11  ;11.6 (40.6) ;1.20 (20.8) ;-98.9    ;-/-       ;SE=220* AG=220 GT=RLD7D1/0 GT=RLD7D1/8 (1, 1)
Radio-S220-1 ;BXP_2  ;RRU247924B824B2024B28BM01* ; B  ;11  ;15.1 (41.8) ;1.18 (21.6) ;-99.3    ;-/-       ;SE=220* AG=220 GT=RLD7D1/0 GT=RLD7D1/8 (1, 1)
Radio-S220-1 ;BXP_2  ;RRU247924B824B2024B28BM01* ; C  ;11  ;16.2 (42.1) ;1.11 (25.3) ;-99.3    ;-/-       ;SE=220* AG=220 GT=RLD7D1/0 GT=RLD7D1/8 (1, 1)
Radio-S220-1 ;BXP_2  ;RRU247924B824B2024B28BM01* ; D  ;11  ;16.2 (42.1) ;1.13 (24.1) ;-99.2    ;-/-       ;SE=220* AG=220 GT=RLD7D1/0 GT=RLD7D1/8 (1, 1)
Radio-S221-1 ;BXP_4  ;RRU247924B824B2024B28BM01* ; A  ;11  ;9.3 (39.7)  ;1.12 (24.7) ;-92.3    ;-/-       ;SE=221* AG=221 GT=RLD7D2/0 GT=RLD7D2/1 (1, 1)
Radio-S221-1 ;BXP_4  ;RRU247924B824B2024B28BM01* ; B  ;11  ;14.8 (41.7) ;1.12 (24.8) ;-95.3    ;-/-       ;SE=221* AG=221 GT=RLD7D2/0 GT=RLD7D2/1 (1, 1)
Radio-S221-1 ;BXP_4  ;RRU247924B824B2024B28BM01* ; C  ;11  ;13.5 (41.3) ;1.13 (24.3) ;-92.8    ;-/-       ;SE=221* AG=221 GT=RLD7D2/0 GT=RLD7D2/1 (1, 1)
Radio-S221-1 ;BXP_4  ;RRU247924B824B2024B28BM01* ; D  ;11  ;13.8 (41.4) ;1.18 (21.6) ;-95.6    ;-/-       ;SE=221* AG=221 GT=RLD7D2/0 GT=RLD7D2/1 (1, 1)
Radio-S222-1 ;BXP_5  ;RRU247924B824B2024B28BM01* ; A  ;11  ;8.8 (39.4)  ;1.08 (28.1) ;-96.6    ;-/-       ;SE=222* AG=222 GT=RLD7D3/0 GT=RLD7D3/8 (1, 1)
Radio-S222-1 ;BXP_5  ;RRU247924B824B2024B28BM01* ; B  ;11  ;18.0 (42.6) ;1.10 (26.1) ;-96.9    ;-/-       ;SE=222* AG=222 GT=RLD7D3/0 GT=RLD7D3/8 (1, 1)
Radio-S222-1 ;BXP_5  ;RRU247924B824B2024B28BM01* ; C  ;11  ;16.2 (42.1) ;1.18 (21.6) ;-97.0    ;-/-       ;SE=222* AG=222 GT=RLD7D3/0 GT=RLD7D3/8 (1, 1)
Radio-S222-1 ;BXP_5  ;RRU247924B824B2024B28BM01* ; D  ;11  ;16.2 (42.1) ;1.18 (21.6) ;-97.2    ;-/-       ;SE=222* AG=222 GT=RLD7D3/0 GT=RLD7D3/8 (1, 1)
-------------------------------------------------------------------------------------------------------------------------------------

RLD7L> mfar

251125-07:42:49+0100 19.31.12.159 25.0h MSRBS_NODE_MODEL_25.Q1_693.28324.131_62ac stopfile=/tmp/4139965
......
Last MO: 17846. Loaded 17846 MOs. Total: 17847 MOs.
...........................................
get /rop/A20251125.0500-0515_RLD7L.xml.gz /ericsson/log/amos/moshell_logfiles/t20251125_37258710_65084/logs_moshell/pmfiles/19.31.12.159/rop/A20251125.0500-0515_RLD7L.xml.gz ... OK
get /rop/A20251125.0515-0530_RLD7L.xml.gz /ericsson/log/amos/moshell_logfiles/t20251125_37258710_65084/logs_moshell/pmfiles/19.31.12.159/rop/A20251125.0515-0530_RLD7L.xml.gz ... OK
get /rop/A20251125.0530-0545_RLD7L.xml.gz /ericsson/log/amos/moshell_logfiles/t20251125_37258710_65084/logs_moshell/pmfiles/19.31.12.159/rop/A20251125.0530-0545_RLD7L.xml.gz ... OK

Using hardcoded thresholds: 3, 4.5, and 16.5
================================================================================================================================
SC     SE  Tx/Rx BrPair  RfPort1 - RfPort2               HW       Serial      Cell (State)   Samples   Med  Mean  SDev Pol Res Issue
================================================================================================================================
RLD7L1 180   2/2 0 (1,2) Radio-S180-1(A) Radio-S180-1(B) RRU4415  TU8U01QB7N  FDD=RLD7L1 (1)     446   5.5   2.9   7.3  NA  NT Not enough data
RLD7L2 181   2/2 0 (1,2) Radio-S180-1(C) Radio-S180-1(D) RRU4415  TU8U01QB7N  FDD=RLD7L2 (1)   38181   0.5   1.0   6.8  NA  OK Passed
RLD7L3 182   2/2 0 (1,2) Radio-S182-1(A) Radio-S182-1(B) RRU4415  TU8U01QB8F  FDD=RLD7L3 (1)   10588   0.5   0.2   6.7  NA  OK Passed
================================================================================================================================
Total: 3 SectorCarriers, 3 RfBranch Pairs (2 OK, 0 OKW, 0 NOK, 1 NT)
......
Last MO: 17846. Loaded 17846 MOs. Total: 17847 MOs.

No NRSectorCarrier MOs are defined on the node.

RLD7L> mfitr

251125-07:43:05+0100 19.31.12.159 25.0h MSRBS_NODE_MODEL_25.Q1_693.28324.131_62ac stopfile=/tmp/4139965
..........
Last MO: 17846. Loaded 17846 MOs. Total: 17847 MOs.
........
2025-11-25 07:43
================================================================================================================================
CELL       SC     FRU          BOARD     PUSCH  PUCCH       A      B      C      D  DELTA
================================================================================================================================
FDD=RLD7L1 RLD7L1 Radio-S180-1 RRU4415B7 -118.9 -119.1 -119.0 -118.9                  0.1
FDD=RLD7L2 RLD7L2 Radio-S180-1 RRU4415B7 -117.4 -117.9               -117.6 -116.9    0.7
FDD=RLD7L3 RLD7L3 Radio-S182-1 RRU4415B7 -116.9 -117.8 -117.1 -117.0                  0.1
================================================================================================================================
Bye...
Output has been logged to file /mta_fs/UserFiles/37258710/amosbatch/SDIR/RLD7L.log
