Logging to file /mta_fs/UserFiles/37258710/amosbatch/SDIR/RLD9E.log
                        __  __  ____   _____
                  /\   |  \/  |/ __ \ / ____|
                 /  \  | \  / | |  | | (___  
                / /\ \ | |\/| | |  | |\___ \ 
               / ____ \| |  | | |__| |____) |
              /_/    \_\_|  |_|\____/|_____/
              OSS Framework for MoShell-25.0h 
  Copyright (c) Ericsson AB 2001-2025 - All Rights Reserved
              
           
[1;31mWARNING: [0mthe AMOS version currently running is more than 29 weeks old and is unsupported.
Please upgrade as soon as possible to the latest released version, available from your local Ericsson support.

$amosrb_pid = 2295234

Checking ip contact...OK

HELP MENU            : h
BASIC MO COMMANDS    : m
OTHER MO COMMANDS    : n
OTHER COMMANDS       : o
PM COMMANDS          : p
QUIT                 : q

RLD9E> lt all

251125-12:19:01+0100 19.31.12.165 25.0h  stopfile=/tmp/2295152
Looking up temporary_amos account... OK.
Trying temporary_amos_t20251125_37258710_65084_131's password from amos lookupAccount ... OK

$ssh_pid = 2295619

Connected to 19.31.12.165 (SubNetwork=BBMM_rckomc_R,MeContext=RLD9E,ManagedElement=RLD9E)

Checking MOM version...MSRBS_NODE_MODEL_25.Q1_693.28324.131_62ac
Parsing MOM (cached): /ericsson/log/amos/moshell_logfiles/t20251125_37258710_65084/logs_moshell/tempfiles/scp-4-amos_20251125-121854_2295087/MSRBS_NODE_MODEL_25.Q1_693.28324.131_62ac.xml.cache.gz ..................................................................................................................................................................................................................................Done.
Using paramfile /opt/ericsson/amos/moshell/commonjars/pm/PARAM_MSRBS_25.Q1.txt
Parsing file /opt/ericsson/amos/moshell/commonjars/pm/PARAM_MSRBS_25.Q1.txt .......................................................................................Done.
Using imomdfile /opt/ericsson/amos/moshell/commonjars/pm/IMOMD_MSRBS_22.Q4.txt
Using imomfile /opt/ericsson/amos/moshell/commonjars/pm/IMOM_MSRBS_25.Q1.txt
Connected to 19.31.12.165 (SubNetwork=BBMM_rckomc_R,MeContext=RLD9E,ManagedElement=RLD9E)

Last MO: 16581. Loaded 16581 MOs. Total: 16582 MOs.

RLD9E> st cell

251125-12:19:13+0100 19.31.12.165 25.0h MSRBS_NODE_MODEL_25.Q1_693.28324.131_62ac stopfile=/tmp/2295152
===================================================================================
Proxy  Adm State     Op. State     MO
===================================================================================
   43  1 (UNLOCKED)  1 (ENABLED)   ENodeBFunction=1,EUtranCellFDD=RLD9E1
  144  1 (UNLOCKED)  1 (ENABLED)   ENodeBFunction=1,EUtranCellFDD=RLD9L1
  533  1 (UNLOCKED)  1 (ENABLED)   ENodeBFunction=1,NbIotCell=RLD9N1
===================================================================================
Total: 3 MOs

RLD9E> st radio

251125-12:19:14+0100 19.31.12.165 25.0h MSRBS_NODE_MODEL_25.Q1_693.28324.131_62ac stopfile=/tmp/2295152
===================================================================================
Proxy  Adm State     Op. State     MO
===================================================================================
  852  1 (UNLOCKED)  1 (ENABLED)   Equipment=1,FieldReplaceableUnit=Radio-S1-1
  864  1 (UNLOCKED)  1 (ENABLED)   Equipment=1,FieldReplaceableUnit=Radio-S180-1
16576  1 (UNLOCKED)  1 (ENABLED)   Transport=1,Synchronization=1,RadioEquipmentClock=1,RadioEquipmentClockReference=NTP1
16577  1 (UNLOCKED)  1 (ENABLED)   Transport=1,Synchronization=1,RadioEquipmentClock=1,RadioEquipmentClockReference=PTP
===================================================================================
Total: 4 MOs

RLD9E> sdir

251125-12:19:14+0100 19.31.12.165 25.0h MSRBS_NODE_MODEL_25.Q1_693.28324.131_62ac stopfile=/tmp/2295152
INFO: Using amos lookupAccount credentials for the export login
..............................
get /rop/A20251125.1030-1045_RLD9E.xml.gz /ericsson/log/amos/moshell_logfiles/t20251125_37258710_65084/logs_moshell/pmfiles/19.31.12.165/rop/A20251125.1030-1045_RLD9E.xml.gz ... OK
get /rop/A20251125.1045-1100_RLD9E.xml.gz /ericsson/log/amos/moshell_logfiles/t20251125_37258710_65084/logs_moshell/pmfiles/19.31.12.165/rop/A20251125.1045-1100_RLD9E.xml.gz ... OK
get /rop/A20251125.1100-1115_RLD9E.xml.gz /ericsson/log/amos/moshell_logfiles/t20251125_37258710_65084/logs_moshell/pmfiles/19.31.12.165/rop/A20251125.1100-1115_RLD9E.xml.gz ... OK
...Checking available boards on node...

Collecting RCS board data ...
..................................................................................................................
.
...........................................................................................................................................................................................................................................................................................
........
Collecting TN data...
......................................................................................................................................................................................................................................................................
Collecting RF data...

Collecting Alarms...
Executing action Log.export()
...
Log=AlarmLog                    actionId=50910
.....
Executing action LogM.exportAvailabilityLog()
..LogM=1,exportAvailabilityLog    actionId=50911
.....Parsing alarmLog....Done.
Parsing availabilityLog....Done.
...

Total: 2 CPRI links (2 OK, 0 OKW, 0 NOK, 0 NT)

+--------+                      +------------+
|        | A        O98      D1 | Radio-S1-1 |
|        |-----------1----------| RRU2217B20 |
|        |         OK-51m       |   BXP_2    |
|        |                      +------------+
|        |                             |A  |B
|        |               SE=1 AG=1 FDD=RLD9E1
|        |                        NIOT=RLD9N1
|  BB-1  |
| BB6621 |                      +---------------+
| 000100 | D        O101     D1 | Radio-S180-1  |
|        |-----------2----------|   RRU4415B7   |
|        |         OK-50m       |     BXP_3     |
|        |                      +---------------+
|        |                        |A  |B  |C  |D
|        |                 SE=180 AG=180  |   |
|        |                    FDD=RLD9L1  |   |
|        |
+--------+

=====================================================================================================================================
ID RiL    Type Res MO1-MO2                  BOARD1-BOARD2     AlmIDs Cells (States)               Issue (Failed checks)
=====================================================================================================================================
 1 S1-1   O98  OK  BB-1(A) Radio-S1-1(D1)   BB6621 RRU2217B20        FDD=RLD9E1 NIOT=RLD9N1 (1,1) Passed
 2 S180-1 O101 OK  BB-1(D) Radio-S180-1(D1) BB6621 RRU4415B7         FDD=RLD9L1 (1)               Passed
-------------------------------------------------------------------------------------------------------------------------------------

Node: RadioNode L   CXP2010174/2_R27J08 (25.Q1)   G3.1   LTE-FDD,LTE-IoT 

=====================================================================================================================================
FRU          ;LNH    ;BOARD      ;ST ;FAULT ;OPER ;MAINT ;STAT ;PRODUCTNUMBER   ;REV     ;SERIAL        ;DATE     ;PMTEMP ; TEMP ; UPT ;VOLT ;SW                   ;
=====================================================================================================================================
BB-1         ;000100 ;BB6621     ; 1 ;  OFF ;  ON ;  OFF ;  ON ;KDU1370070/11   ;R2B     ;E96A0101EE    ;20230427 ;3 (OK) ;      ; 131 ;55   ;                     ;
Radio-S1-1   ;BXP_2  ;RRU2217B20 ; 1 ;  OFF ;  ON ;  OFF ; N/A ;KRC161549/1     ;R1S     ;TU8U0206JS    ;20230322 ;4 (OK) ; 28.0 ; 131 ;55.5 ;CXP9013268%9_R96JB   ; (Radio2217B20)
Radio-S180-1 ;BXP_3  ;RRU4415B7  ; 1 ;  OFF ;  ON ;  OFF ; N/A ;KRC161495/1     ;R5J     ;TU8U026PCV    ;20230830 ;4 (OK) ; 25.5 ; 131 ;54.7 ;CXP9013268%15_R101LX ; (Radio4415B7)
-------------------------------------------------------------------------------------------------------------------------------------

=====================================================================================================================================
AntennaNearUnit                                   ;ST  ;TYPE   ;PRODUCTNR  ;REV       ;UNIQUEID          ;RfPort
=====================================================================================================================================
AntennaUnitGroup=1,AntennaNearUnit=RET_1800_2100  ; 1  ;S-RET  ;86010165   ;HW_V_A01  ;KAI0N4774568B-Y5  ;FieldReplaceableUnit=Radio-S1-1,RfPort=R
AntennaUnitGroup=1,AntennaNearUnit=RET_2600       ; 1  ;S-RET  ;86010165   ;HW_V_A01  ;KAI0N4774568B-Y4  ;FieldReplaceableUnit=Radio-S1-1,RfPort=R
AntennaUnitGroup=1,AntennaNearUnit=RET_800        ; 1  ;S-RET  ;86010165   ;HW_V_A01  ;KAI0N4774568B-R2  ;FieldReplaceableUnit=Radio-S1-1,RfPort=R
-------------------------------------------------------------------------------------------------------------------------------------

=====================================================================================================================================
XPBOARD  ;ST ;FAULT ;OPER ;PRODUCTNUMBER ;REV ;SERIAL/NAME ;DATE     ; TEMP ;MO
=====================================================================================================================================
FAN08    ; 1 ;N/A   ;N/A  ;BKV106236/1   ;R2F ;DD111Z5323  ;20220715 ; 43.0 ;SupportUnit=1 (FAN  BB-1)
-------------------------------------------------------------------------------------------------------------------------------------

=====================================================================================================================================
ID ;T ;RiL    ;BPBP ;BOARD1     ;LNH1 ;PORT ;R ;LINK ;RATE  ; BER ;BOARD2     ;LNH2 ;PORT ;R ;LINK ;RATE  ; BER ;LENGTH ;MO1 - MO2
=====================================================================================================================================
 1 ;O ;  S1-1 ;1111 ;BB6621     ;000100 ; 1 ;M ;Up   ;9.8G  ;   0 ;RRU2217B20 ;BXP_2  ; 0 ;S ;Up   ;9.8G  ;   0 ;   51m ;Fru=BB-1(A) Fru=Radio-S1-1(D1)
 2 ;O ;S180-1 ;1111 ;BB6621     ;000100 ; 4 ;M ;Up   ;10.1G ;   0 ;RRU4415B7  ;BXP_3  ; 0 ;S ;Up   ;10.1G ;   0 ;   50m ;Fru=BB-1(D) Fru=Radio-S180-1(D1)
-------------------------------------------------------------------------------------------------------------------------------------

=====================================================================================================================================
ID ;LINK ;RiL    ;VENDOR1  ;VENDORPROD1     ;REV1 ;SERIAL1      ;DATE1    ;ERICSSONPROD1      ;VENDOR2  ;VENDORPROD2     ;REV2 ;SERIAL2      ;DATE2    ;ERICSSONPROD2      ;TT ;WL1     ;WL2    
=====================================================================================================================================
 1 ;Up   ;  S1-1 ;ERICSSON ;RTXM228-702-C22 ;1.0  ;CU823H0BRY   ;20230807 ;RDH10265/2 R1A     ;ERICSSON ;RTXM228-702-C22 ;1.0  ;CU823H0BRR   ;20230807 ;RDH10265/2 R1A     ;0  ;1310.00 ;1310.00
 2 ;Up   ;S180-1 ;ERICSSON ;RTXM228-702-C22 ;1.0  ;CU823H0BSR   ;20230807 ;RDH10265/2 R1A     ;ERICSSON ;RTXM228-702-C22 ;1.0  ;CU823H0BSC   ;20230807 ;RDH10265/2 R1A     ;0  ;1310.00 ;1310.00
-------------------------------------------------------------------------------------------------------------------------------------

=====================================================================================================================================
ID ;LINK ;RiL    ;WL1     ;TEMP1 ;TXbs1 ;TXdBm1 ;RXdBm1 ;BER1   ;WL2     ;TEMP2 ;TXbs2 ;TXdBm2 ;RXdBm2 ;BER2   ;DlLoss ;UlLoss ;LENGTH ;TT
=====================================================================================================================================
 1 ;Up   ;  S1-1 ;1310.00 ;43C   ;56%   ;-0.81  ;-3.83  ;   0   ;1310.00 ;32C   ;53%   ;-2.08  ;-0.57  ;   0   ; -0.24 ;  1.75 ;   51m ; 0
 2 ;Up   ;S180-1 ;1310.00 ;37C   ;56%   ;-1.98  ;-1.90  ;   0   ;1310.00 ;29C   ;51%   ;-0.86  ;-1.61  ;   0   ; -0.37 ;  1.04 ;   50m ; 0
-------------------------------------------------------------------------------------------------------------------------------------

=====================================================================================================================================
ID ;RiL    ;BOARD      ;SFPLNH  ;PORT ;VENDOR   ;VENDORPROD      ;REV  ;SERIAL       ;DATE     ;ERICSSONPROD       ;WL      ;TEMP  ;TXbs  ;TXdBm  ;RXdBm  ; BER
=====================================================================================================================================
 1 ;  S1-1 ;BB6621     ;000100   ;  1 ;ERICSSON ;RTXM228-702-C22 ;1.0  ;CU823H0BRY   ;20230807 ;RDH10265/2 R1A     ;1310.00 ;43C   ;56%   ;-0.81  ;-3.83  ;   0
 2 ;S180-1 ;BB6621     ;000100   ;  4 ;ERICSSON ;RTXM228-702-C22 ;1.0  ;CU823H0BSR   ;20230807 ;RDH10265/2 R1A     ;1310.00 ;37C   ;56%   ;-1.98  ;-1.90  ;   0
 1 ;  S1-1 ;RRU2217B20 ;BXP_2    ;  0 ;ERICSSON ;RTXM228-702-C22 ;1.0  ;CU823H0BRR   ;20230807 ;RDH10265/2 R1A     ;1310.00 ;32C   ;53%   ;-2.08  ;-0.57  ;   0
 2 ;S180-1 ;RRU4415B7  ;BXP_3    ;  0 ;ERICSSON ;RTXM228-702-C22 ;1.0  ;CU823H0BSC   ;20230807 ;RDH10265/2 R1A     ;1310.00 ;29C   ;51%   ;-0.86  ;-1.61  ;   0
-------------------------------------------------------------------------------------------------------------------------------------
TN ;       ;BB6621     ;000100   ;IA2 ;ERICSSON ;42020201934     ;A0   ;202328700436 ;20230710 ;RPM777053/1000 R1B ;NA      ;NA    ;NA    ;NA     ;NA     ; 0/0
-------------------------------------------------------------------------------------------------------------------------------------

=====================================================================================================================================
BOARD  ;LNH    ;PORT       ;T ;S ;OpMode   ;AutoNeg ;MacAddress        ;VlanIds   ;LOS ;BER
=====================================================================================================================================
BB6621 ;000100 ;TN_IDL_A_1 ;E ;1 ;10G_FULL ;false   ;E0:47:35:E0:85:50 ;3908,3910 ;0   ;NZ/0
BB6621 ;000100 ;TN_IDL_A_2 ;O ;1 ;10G_FULL ;false   ;E0:47:35:E0:85:51 ;3908      ;0   ;0/0
-------------------------------------------------------------------------------------------------------------------------------------

radioClockState : RNT_TIME_LOCKED
-------------------------------------------------------------------------------------
Prio  ;ST  ;syncRefType    ;refStatus  ;opQualLevel  ;SyncReference
-------------------------------------------------------------------------------------
  *1  ; 1  ;PTP_TIME       ;NO_FAULT   ;PRTC         ;Ptp=1,BoundaryOrdinaryClock=PTP (G_8275_1 EthernetPort=TN_IDL_A_1:SLAVE)
   2  ; 1  ;NTP_FREQUENCY  ;NO_FAULT   ;PRC          ;Ntp=1,NtpFrequencySync=NTP1 (10.31.0.54:32751 Router=45G_Traffic,InterfaceIPv4=LTE,AddressIPv4=LTE)
-------------------------------------------------------------------------------------
-------------------------------------------------------------------------------------
Prio  ;ST  ;assistRefStatus  ;recQualLevel  ;AssistingReference
-------------------------------------------------------------------------------------
   1  ; 1  ;NO_FAULT         ;PRTC          ;Synchronization=1,SyncEthInput=SyncE (SFP_DAC EthernetPort=TN_IDL_A_1)
-------------------------------------------------------------------------------------

=====================================================================================================================================
FRU          ;LNH    ;BOARD      ;RF  ;BP  ;TX (W/dBm)  ;VSWR (RL)   ;RX (dBm) ;UEs/gUEs  ;Sector/AntennaGroup/Cells (State:CellIds:PCIs)
=====================================================================================================================================
Radio-S1-1   ;BXP_2  ;RRU2217B20 ; A  ;11  ;-           ;1.18 (21.6) ;         ;1/-       ;SE=1 AG=1 FDD=RLD9E1 NIOT=RLD9N1 (1:61:52, 1:161:52)
Radio-S1-1   ;BXP_2  ;RRU2217B20 ; B  ;11  ;-           ;1.15 (23.2) ;         ;1/-       ;SE=1 AG=1 FDD=RLD9E1 NIOT=RLD9N1 (1:61:52, 1:161:52)
Radio-S180-1 ;BXP_3  ;RRU4415B7  ; A  ;11  ;9.8 (39.9)  ;1.25 (19.1) ;-99.1    ;3/-       ;SE=180 AG=180 FDD=RLD9L1 (1:21:94)
Radio-S180-1 ;BXP_3  ;RRU4415B7  ; B  ;11  ;-           ;1.16 (22.5) ;-98.6    ;3/-       ;SE=180 AG=180 FDD=RLD9L1 (1:21:94)
Radio-S180-1 ;BXP_3  ;RRU4415B7  ; C  ;11  ;-           ;-           ;         ;          ;
Radio-S180-1 ;BXP_3  ;RRU4415B7  ; D  ;11  ;-           ;-           ;         ;          ;
-------------------------------------------------------------------------------------------------------------------------------------

RLD9E> mfar

251125-12:20:58+0100 19.31.12.165 25.0h MSRBS_NODE_MODEL_25.Q1_693.28324.131_62ac stopfile=/tmp/2295152
...
Last MO: 16581. Loaded 16581 MOs. Total: 16582 MOs.
........................................
get /rop/A20251125.0945-1000_RLD9E.xml.gz /ericsson/log/amos/moshell_logfiles/t20251125_37258710_65084/logs_moshell/pmfiles/19.31.12.165/rop/A20251125.0945-1000_RLD9E.xml.gz ... OK
get /rop/A20251125.1000-1015_RLD9E.xml.gz /ericsson/log/amos/moshell_logfiles/t20251125_37258710_65084/logs_moshell/pmfiles/19.31.12.165/rop/A20251125.1000-1015_RLD9E.xml.gz ... OK
get /rop/A20251125.1015-1030_RLD9E.xml.gz /ericsson/log/amos/moshell_logfiles/t20251125_37258710_65084/logs_moshell/pmfiles/19.31.12.165/rop/A20251125.1015-1030_RLD9E.xml.gz ... OK

Using hardcoded thresholds: 3, 4.5, and 16.5
================================================================================================================================
SC     SE  Tx/Rx BrPair  RfPort1 - RfPort2               HW       Serial      Cell (State)   Samples   Med  Mean  SDev Pol Res Issue
================================================================================================================================
RLD9E1   1   2/2 0 (1,2) Radio-S1-1(A) Radio-S1-1(B)     RRU2217  TU8U0206JS  FDD=RLD9E1 (1)   42120  -0.5  -0.2   5.5  NA  OK Passed
RLD9L1 180   2/2 0 (1,2) Radio-S180-1(A) Radio-S180-1(B) RRU4415  TU8U026PCV  FDD=RLD9L1 (1)   72887   4.5   4.3   3.7  NA OKW Possible RF Loss or PIM at Radio-S180-1(A)
================================================================================================================================
Total: 2 SectorCarriers, 2 RfBranch Pairs (1 OK, 1 OKW, 0 NOK, 0 NT)
...
Last MO: 16581. Loaded 16581 MOs. Total: 16582 MOs.

No NRSectorCarrier MOs are defined on the node.

RLD9E> mfitr

251125-12:21:12+0100 19.31.12.165 25.0h MSRBS_NODE_MODEL_25.Q1_693.28324.131_62ac stopfile=/tmp/2295152
.....
Last MO: 16581. Loaded 16581 MOs. Total: 16582 MOs.
......
2025-11-25 12:21
================================================================================================================================
CELL       SC     FRU          BOARD      PUSCH  PUCCH       A      B  DELTA
================================================================================================================================
FDD=RLD9E1 RLD9E1 Radio-S1-1   RRU2217B20 -117.3 -118.0 -118.2 -118.5    0.3
FDD=RLD9L1 RLD9L1 Radio-S180-1 RRU4415B7  -118.3 -118.5 -118.7 -118.6    0.1
================================================================================================================================
Bye...
Output has been logged to file /mta_fs/UserFiles/37258710/amosbatch/SDIR/RLD9E.log
