Logging to file /mta_fs/UserFiles/37258710/amosbatch/SDIR/RLE5E.log
                        __  __  ____   _____
                  /\   |  \/  |/ __ \ / ____|
                 /  \  | \  / | |  | | (___  
                / /\ \ | |\/| | |  | |\___ \ 
               / ____ \| |  | | |__| |____) |
              /_/    \_\_|  |_|\____/|_____/
              OSS Framework for MoShell-25.0h 
  Copyright (c) Ericsson AB 2001-2025 - All Rights Reserved
              
           
[1;31mWARNING: [0mthe AMOS version currently running is more than 29 weeks old and is unsupported.
Please upgrade as soon as possible to the latest released version, available from your local Ericsson support.

$amosrb_pid = 3383315

Checking ip contact...OK

HELP MENU            : h
BASIC MO COMMANDS    : m
OTHER MO COMMANDS    : n
OTHER COMMANDS       : o
PM COMMANDS          : p
QUIT                 : q

RLE5E> lt all

251125-17:54:15+0100 19.31.14.249 25.0h  stopfile=/tmp/3383194
Looking up temporary_amos account... OK.
Trying temporary_amos_t20251125_37258710_65084_131's password from amos lookupAccount ... OK

$ssh_pid = 3384155

Connected to 19.31.14.249 (SubNetwork=BBMM_rckomc_R,MeContext=RLE5E,ManagedElement=RLE5E)

Checking MOM version...MSRBS_NODE_MODEL_25.Q1_198665.224.73_bf81
Parsing MOM (cached): /ericsson/log/amos/moshell_logfiles/t20251125_37258710_65084/logs_moshell/tempfiles/scp-4-amos_20251125-175408_3383133/MSRBS_NODE_MODEL_25.Q1_198665.224.73_bf81.xml.cache.gz ......................................................................................................................................................................................................................Done.
Using paramfile /opt/ericsson/amos/moshell/commonjars/pm/PARAM_MSRBSG2_25.Q1.txt
Parsing file /opt/ericsson/amos/moshell/commonjars/pm/PARAM_MSRBSG2_25.Q1.txt ......................................................................................Done.
Using imomdfile /opt/ericsson/amos/moshell/commonjars/pm/IMOMD_MSRBS_22.Q4.txt
Using imomfile /opt/ericsson/amos/moshell/commonjars/pm/IMOM_MSRBS_25.Q1.txt
Connected to 19.31.14.249 (SubNetwork=BBMM_rckomc_R,MeContext=RLE5E,ManagedElement=RLE5E)

Last MO: 18943. Loaded 18943 MOs. Total: 18944 MOs.

RLE5E> st cell

251125-17:54:36+0100 19.31.14.249 25.0h MSRBS_NODE_MODEL_25.Q1_198665.224.73_bf81 stopfile=/tmp/3383194
===================================================================================
Proxy  Adm State     Op. State     MO
===================================================================================
   43  1 (UNLOCKED)  1 (ENABLED)   ENodeBFunction=1,EUtranCellFDD=RLE5E1
  152  1 (UNLOCKED)  1 (ENABLED)   ENodeBFunction=1,EUtranCellFDD=RLE5E2
  273  1 (UNLOCKED)  1 (ENABLED)   ENodeBFunction=1,EUtranCellFDD=RLE5E3
  610  1 (UNLOCKED)  1 (ENABLED)   ENodeBFunction=1,EUtranCellFDD=RLE5L1
  724  1 (UNLOCKED)  1 (ENABLED)   ENodeBFunction=1,EUtranCellFDD=RLE5L2
  839  1 (UNLOCKED)  1 (ENABLED)   ENodeBFunction=1,EUtranCellFDD=RLE5L3
 2300  1 (UNLOCKED)  1 (ENABLED)   ENodeBFunction=1,NbIotCell=RLE5N1
 2301  1 (UNLOCKED)  1 (ENABLED)   ENodeBFunction=1,NbIotCell=RLE5N2
 2302  1 (UNLOCKED)  1 (ENABLED)   ENodeBFunction=1,NbIotCell=RLE5N3
===================================================================================
Total: 9 MOs

RLE5E> st radio

251125-17:54:36+0100 19.31.14.249 25.0h MSRBS_NODE_MODEL_25.Q1_198665.224.73_bf81 stopfile=/tmp/3383194
===================================================================================
Proxy  Adm State     Op. State     MO
===================================================================================
 3204  1 (UNLOCKED)  1 (ENABLED)   Equipment=1,FieldReplaceableUnit=Radio-S1-1
 3216  1 (UNLOCKED)  1 (ENABLED)   Equipment=1,FieldReplaceableUnit=Radio-S180-1
 3231  1 (UNLOCKED)  1 (ENABLED)   Equipment=1,FieldReplaceableUnit=Radio-S182-1
 3246  1 (UNLOCKED)  1 (ENABLED)   Equipment=1,FieldReplaceableUnit=Radio-S2-1
 3258  1 (UNLOCKED)  1 (ENABLED)   Equipment=1,FieldReplaceableUnit=Radio-S3-1
18938  1 (UNLOCKED)  1 (ENABLED)   Transport=1,Synchronization=1,RadioEquipmentClock=1,RadioEquipmentClockReference=NTP1
18939  1 (UNLOCKED)  1 (ENABLED)   Transport=1,Synchronization=1,RadioEquipmentClock=1,RadioEquipmentClockReference=PTP
===================================================================================
Total: 7 MOs

RLE5E> sdir

251125-17:54:37+0100 19.31.14.249 25.0h MSRBS_NODE_MODEL_25.Q1_198665.224.73_bf81 stopfile=/tmp/3383194
INFO: Using amos lookupAccount credentials for the export login
.............................
get /rop/A20251125.1600-1615_RLE5E.xml.gz /ericsson/log/amos/moshell_logfiles/t20251125_37258710_65084/logs_moshell/pmfiles/19.31.14.249/rop/A20251125.1600-1615_RLE5E.xml.gz ... OK
get /rop/A20251125.1615-1630_RLE5E.xml.gz /ericsson/log/amos/moshell_logfiles/t20251125_37258710_65084/logs_moshell/pmfiles/19.31.14.249/rop/A20251125.1615-1630_RLE5E.xml.gz ... OK
get /rop/A20251125.1630-1645_RLE5E.xml.gz /ericsson/log/amos/moshell_logfiles/t20251125_37258710_65084/logs_moshell/pmfiles/19.31.14.249/rop/A20251125.1630-1645_RLE5E.xml.gz ... OK
....Checking available boards on node...

Collecting RCS board data ...
.............................................................................
..........................
............................................................................................................................................................................................................................................................................................
.....
Collecting TN data...
.......................................................................................................................................
Getting MO data from node (66 MOs). Please wait...
0%                                             ~50%                                           ~100%
................................................................................................................................
Collecting RF data...
..
Collecting Alarms...
Executing action Log.export()
...
Log=AlarmLog                    actionId=49503
............
Executing action LogM.exportAvailabilityLog()
..LogM=1,exportAvailabilityLog    actionId=49504
........Parsing alarmLog.........Done.
Parsing availabilityLog.......Done.
...........

Total: 5 CPRI links (3 OK, 0 OKW, 2 NOK, 0 NT)
.
+--------+                      +------------+
|        | A        O98      D1 | Radio-S1-1 |
|        |-----------1----------| RRU2217B20 |
|        |        NOK-71m       |   BXP_2    |
|        |                      +------------+
|        |                             |A  |B
|        |               SE=1 AG=1 FDD=RLE5E1
|        |                        NIOT=RLE5N1
|        |
|        |                      +------------+
|        | B        O98      D1 | Radio-S2-1 |
|        |-----------2----------| RRU2217B20 |
|        |        NOK-71m       |   BXP_3    |
|        |                      +------------+
|        |                             |A  |B
|        |               SE=2 AG=2 FDD=RLE5E2
|        |                        NIOT=RLE5N2
|        |
|        |                      +------------+
|        | C        O98      D1 | Radio-S3-1 |
|        |-----------3----------| RRU2217B20 |
|        |         OK-71m       |   BXP_4    |
|        |                      +------------+
|        |                             |A  |B
|  BB-1  |               SE=3 AG=3 FDD=RLE5E3
| BB6620 |                        NIOT=RLE5N3
| 000100 |
|        |                      +---------------+
|        | D        O101     D1 | Radio-S180-1  |
|        |-----------4----------|   RRU4415B7   |
|        |         OK-71m       |     BXP_5     |
|        |                      +---------------+
|        |                        |A  |B  |C  |D
|        |                 SE=180 AG=180  |   |
|        |                    FDD=RLE5L1  |   |
|        |                         SE=181 AG=181
|        |                            FDD=RLE5L2
|        |
|        |                      +---------------+
|        | E        O101     D1 | Radio-S182-1  |
|        |-----------5----------|   RRU4415B7   |
|        |         OK-72m       |     BXP_6     |
|        |                      +---------------+
|        |                        |A  |B  |C  |D
|        |                 SE=182 AG=182  |   |
|        |                    FDD=RLE5L3  |   |
|        |
+--------+

=====================================================================================================================================
ID RiL    Type Res MO1-MO2                  BOARD1-BOARD2     AlmIDs Cells (States)               Issue (Failed checks)
=====================================================================================================================================
 1 S1-1   O98  NOK BB-1(A) Radio-S1-1(D1)   BB6620 RRU2217B20        FDD=RLE5E1 NIOT=RLE5N1 (1,1) Fiber Loss DL  (DlLoss-UlLoss=6.28)
 2 S2-1   O98  NOK BB-1(B) Radio-S2-1(D1)   BB6620 RRU2217B20        FDD=RLE5E2 NIOT=RLE5N2 (1,1) Fiber Loss DL  (DlLoss-UlLoss=6.87)
 3 S3-1   O98  OK  BB-1(C) Radio-S3-1(D1)   BB6620 RRU2217B20        FDD=RLE5E3 NIOT=RLE5N3 (1,1) Passed
 4 S180-1 O101 OK  BB-1(D) Radio-S180-1(D1) BB6620 RRU4415B7         FDD=RLE5L1 FDD=RLE5L2 (1,1)  Passed
 5 S182-1 O101 OK  BB-1(E) Radio-S182-1(D1) BB6620 RRU4415B7         FDD=RLE5L3 (1)               Passed
-------------------------------------------------------------------------------------------------------------------------------------

=====================================================================================================================================
IDs  RiLs      Issue and Recommended Actions.
=====================================================================================================================================
1,2  S1-1,S2-1 Fiber Issue - Far End Reports Excessive Optical Power Loss.
-------------------------------------------------------------------------------------------------------------------------------------
 1) Troubleshoot to determine where optical power is being lost or Bit Errors are detected.  Start at the  port fiber connection reporting the loss and work back to the transmitter on the other end. (i.e. dirty, damaged or bent fiber, improperly mated connection)
 2) Refer to and follow  Ericsson CPI "Handling SFP Modules and Optical Cables" for proper handling, Cleaning, inspection and testing of  fiber and optical interfaces.
Note: Always check for any AlmID information and troubleshoot alarm(s) accordingly.
*************************************************************************************************************************************

Node: RadioNode L   CXP9024418/16_R8D21 (RCG123.3-3)   G2   LTE-FDD,LTE-IoT 

=====================================================================================================================================
FRU          ;LNH    ;BOARD      ;ST ;FAULT ;OPER ;MAINT ;STAT ;PRODUCTNUMBER   ;REV     ;SERIAL        ;DATE     ;PMTEMP ; TEMP ; UPT ;VOLT ;SW                   ;
=====================================================================================================================================
BB-1         ;000100 ;BB6620     ; 1 ;  OFF ;  ON ;  OFF ;  ON ;KDU137847/11    ;R3D     ;E96A00GX2Q    ;20210809 ;3 (OK) ;      ; 131 ;48   ;                     ;
Radio-S1-1   ;BXP_2  ;RRU2217B20 ; 1 ;  OFF ;  ON ;  OFF ; N/A ;KRC161549/1     ;R1S     ;TU8U014XZS    ;20211004 ;4 (OK) ; 30.2 ; 131 ;52.9 ;CXP9013268%9_R96JB   ; (Radio2217B20)
Radio-S180-1 ;BXP_5  ;RRU4415B7  ; 1 ;  OFF ;  ON ;  OFF ; N/A ;KRC161495/1     ;R5FC    ;TU8U011TD4    ;20210811 ;4 (OK) ; 25.5 ; 131 ;53.1 ;CXP9013268%15_R101KB ; (Radio4415B7)
Radio-S182-1 ;BXP_6  ;RRU4415B7  ; 1 ;  OFF ;  ON ;  OFF ; N/A ;KRC161495/1     ;R5FC    ;TU8U011TFR    ;20210811 ;4 (OK) ; 28.0 ; 131 ;52.8 ;CXP9013268%15_R101KB ; (Radio4415B7)
Radio-S2-1   ;BXP_3  ;RRU2217B20 ; 1 ;  OFF ;  ON ;  OFF ; N/A ;KRC161549/1     ;R1S     ;TU8U014XZU    ;20211004 ;4 (OK) ; 31.4 ; 131 ;52.6 ;CXP9013268%9_R96JB   ; (Radio2217B20)
Radio-S3-1   ;BXP_4  ;RRU2217B20 ; 1 ;  OFF ;  ON ;  OFF ; N/A ;KRC161549/1     ;R1S     ;TU8U014XZY    ;20211004 ;4 (OK) ; 34.0 ; 131 ;52.8 ;CXP9013268%9_R96JB   ; (Radio2217B20)
-------------------------------------------------------------------------------------------------------------------------------------

=====================================================================================================================================
AntennaNearUnit                                      ;ST  ;TYPE   ;PRODUCTNR  ;REV       ;UNIQUEID          ;RfPort
=====================================================================================================================================
AntennaUnitGroup=1,AntennaNearUnit=RetLte_1800_2100  ; 1  ;S-RET  ;86010165   ;HW_V_A01  ;KAD240925524B-Y4  ;FieldReplaceableUnit=Radio-S1-1,RfPort=R
AntennaUnitGroup=1,AntennaNearUnit=RetLte_2600       ; 1  ;S-RET  ;86010165   ;HW_V_A01  ;KAD240925524B-Y5  ;FieldReplaceableUnit=Radio-S1-1,RfPort=R
AntennaUnitGroup=1,AntennaNearUnit=RetLte_800        ; 1  ;S-RET  ;86010165   ;HW_V_A01  ;KAD240925524B-R2  ;FieldReplaceableUnit=Radio-S1-1,RfPort=R
AntennaUnitGroup=2,AntennaNearUnit=RetLte_1800_2100  ; 1  ;S-RET  ;86010165   ;HW_V_A01  ;KAD240925815B-Y4  ;FieldReplaceableUnit=Radio-S2-1,RfPort=R
AntennaUnitGroup=2,AntennaNearUnit=RetLte_2600       ; 1  ;S-RET  ;86010165   ;HW_V_A01  ;KAD240925815B-Y5  ;FieldReplaceableUnit=Radio-S2-1,RfPort=R
AntennaUnitGroup=2,AntennaNearUnit=RetLte_800        ; 1  ;S-RET  ;86010165   ;HW_V_A01  ;KAD240925815B-R2  ;FieldReplaceableUnit=Radio-S2-1,RfPort=R
AntennaUnitGroup=3,AntennaNearUnit=RetLte_1800_2100  ; 1  ;S-RET  ;86010165   ;HW_V_A01  ;KAD240925822B-Y4  ;FieldReplaceableUnit=Radio-S3-1,RfPort=R
AntennaUnitGroup=3,AntennaNearUnit=RetLte_2600       ; 1  ;S-RET  ;86010165   ;HW_V_A01  ;KAD240925822B-Y5  ;FieldReplaceableUnit=Radio-S3-1,RfPort=R
AntennaUnitGroup=3,AntennaNearUnit=RetLte_800        ; 1  ;S-RET  ;86010165   ;HW_V_A01  ;KAD240925822B-R2  ;FieldReplaceableUnit=Radio-S3-1,RfPort=R
-------------------------------------------------------------------------------------------------------------------------------------

=====================================================================================================================================
XPBOARD  ;ST ;FAULT ;OPER ;PRODUCTNUMBER ;REV ;SERIAL/NAME ;DATE     ; TEMP ;MO
=====================================================================================================================================
FAN      ; 1 ;N/A   ;N/A  ;BKV106217/1   ;N/A ;N/A         ;N/A      ;      ;SupportUnit=1 (FAN  BB-1)
-------------------------------------------------------------------------------------------------------------------------------------

=====================================================================================================================================
ID ;T ;RiL    ;BPBP ;BOARD1     ;LNH1 ;PORT ;R ;LINK ;RATE  ; BER ;BOARD2     ;LNH2 ;PORT ;R ;LINK ;RATE  ; BER ;LENGTH ;MO1 - MO2
=====================================================================================================================================
 1 ;O ;  S1-1 ;1111 ;BB6620     ;000100 ; 1 ;M ;Up   ;9.8G  ;   0 ;RRU2217B20 ;BXP_2  ; 0 ;S ;Up   ;9.8G  ;   0 ;   71m ;Fru=BB-1(A) Fru=Radio-S1-1(D1)
 2 ;O ;  S2-1 ;1111 ;BB6620     ;000100 ; 2 ;M ;Up   ;9.8G  ;   0 ;RRU2217B20 ;BXP_3  ; 0 ;S ;Up   ;9.8G  ;   0 ;   71m ;Fru=BB-1(B) Fru=Radio-S2-1(D1)
 3 ;O ;  S3-1 ;1111 ;BB6620     ;000100 ; 3 ;M ;Up   ;9.8G  ;   0 ;RRU2217B20 ;BXP_4  ; 0 ;S ;Up   ;9.8G  ;   0 ;   71m ;Fru=BB-1(C) Fru=Radio-S3-1(D1)
 4 ;O ;S180-1 ;1111 ;BB6620     ;000100 ; 4 ;M ;Up   ;10.1G ;   0 ;RRU4415B7  ;BXP_5  ; 0 ;S ;Up   ;10.1G ;   0 ;   71m ;Fru=BB-1(D) Fru=Radio-S180-1(D1)
 5 ;O ;S182-1 ;1111 ;BB6620     ;000100 ; 5 ;M ;Up   ;10.1G ;   0 ;RRU4415B7  ;BXP_6  ; 0 ;S ;Up   ;10.1G ;   0 ;   72m ;Fru=BB-1(E) Fru=Radio-S182-1(D1)
-------------------------------------------------------------------------------------------------------------------------------------

=====================================================================================================================================
ID ;LINK ;RiL    ;VENDOR1  ;VENDORPROD1    ;REV1 ;SERIAL1    ;DATE1    ;ERICSSONPROD1  ;VENDOR2  ;VENDORPROD2    ;REV2 ;SERIAL2    ;DATE2    ;ERICSSONPROD2  ;TT ;WL1     ;WL2    
=====================================================================================================================================
 1 ;Up   ;  S1-1 ;ERICSSON ;SPP10ELRIDFREN ;10   ;LA22010704 ;20210901 ;RDH10265/2 R1A ;ERICSSON ;SPP10ELRIDFREN ;10   ;L9S2011969 ;20210827 ;RDH10265/2 R1A ;0  ;1310.00 ;1310.00
 2 ;Up   ;  S2-1 ;ERICSSON ;SPP10ELRIDFREN ;10   ;LA22010857 ;20210901 ;RDH10265/2 R1A ;ERICSSON ;SPP10ELRIDFREN ;10   ;LA22010714 ;20210901 ;RDH10265/2 R1A ;0  ;1310.00 ;1310.00
 3 ;Up   ;  S3-1 ;ERICSSON ;SPP10ELRIDFREN ;10   ;L9S2011865 ;20210827 ;RDH10265/2 R1A ;ERICSSON ;SPP10ELRIDFREN ;10   ;L9S2012508 ;20210827 ;RDH10265/2 R1A ;0  ;1310.00 ;1310.00
 4 ;Up   ;S180-1 ;ERICSSON ;SPP10ELRIDFREN ;10   ;LA22010677 ;20210901 ;RDH10265/2 R1A ;ERICSSON ;SPP10ELRIDFREN ;10   ;L9S2012740 ;20210827 ;RDH10265/2 R1A ;0  ;1310.00 ;1310.00
 5 ;Up   ;S182-1 ;ERICSSON ;SPP10ELRIDFREN ;10   ;LA22009423 ;20210901 ;RDH10265/2 R1A ;ERICSSON ;SPP10ELRIDFREN ;10   ;L9S2013410 ;20210827 ;RDH10265/2 R1A ;0  ;1310.00 ;1310.00
-------------------------------------------------------------------------------------------------------------------------------------

=====================================================================================================================================
ID ;LINK ;RiL    ;WL1     ;TEMP1 ;TXbs1 ;TXdBm1 ;RXdBm1 ;BER1   ;WL2     ;TEMP2 ;TXbs2 ;TXdBm2 ;RXdBm2 ;BER2   ;DlLoss ;UlLoss ;LENGTH ;TT
=====================================================================================================================================
 1 ;Up   ;  S1-1 ;1310.00 ;43C   ;44%   ;-1.37  ;-3.75  ;   0   ;1310.00 ;26C   ;39%   ;-2.23  ;-9.17  ;   0   ;   7.8 ;  1.52 ;   71m ; 0
 2 ;Up   ;  S2-1 ;1310.00 ;44C   ;46%   ;-2.12  ;-1.55  ;   0   ;1310.00 ;29C   ;38%   ;-1.40  ;-9.14  ;   0   ;  7.02 ;  0.15 ;   71m ; 0
 3 ;Up   ;  S3-1 ;1310.00 ;45C   ;42%   ;-1.17  ;-3.07  ;   0   ;1310.00 ;31C   ;41%   ;-1.68  ;-2.05  ;   0   ;  0.88 ;  1.39 ;   71m ; 0
 4 ;Up   ;S180-1 ;1310.00 ;44C   ;42%   ;-1.51  ;-3.21  ;   0   ;1310.00 ;24C   ;39%   ;-1.86  ;-2.23  ;   0   ;  0.72 ;  1.35 ;   71m ; 0
 5 ;Up   ;S182-1 ;1310.00 ;44C   ;44%   ;-1.58  ;-4.85  ;   0   ;1310.00 ;27C   ;37%   ;-1.80  ;-3.10  ;   0   ;  1.52 ;  3.05 ;   72m ; 0
-------------------------------------------------------------------------------------------------------------------------------------

=====================================================================================================================================
ID ;RiL    ;BOARD      ;SFPLNH  ;PORT ;VENDOR   ;VENDORPROD     ;REV  ;SERIAL     ;DATE     ;ERICSSONPROD   ;WL      ;TEMP  ;TXbs  ;TXdBm  ;RXdBm  ; BER
=====================================================================================================================================
 1 ;  S1-1 ;BB6620     ;000100   ;  1 ;ERICSSON ;SPP10ELRIDFREN ;10   ;LA22010704 ;20210901 ;RDH10265/2 R1A ;1310.00 ;43C   ;44%   ;-1.37  ;-3.75  ;   0
 2 ;  S2-1 ;BB6620     ;000100   ;  2 ;ERICSSON ;SPP10ELRIDFREN ;10   ;LA22010857 ;20210901 ;RDH10265/2 R1A ;1310.00 ;44C   ;46%   ;-2.12  ;-1.55  ;   0
 3 ;  S3-1 ;BB6620     ;000100   ;  3 ;ERICSSON ;SPP10ELRIDFREN ;10   ;L9S2011865 ;20210827 ;RDH10265/2 R1A ;1310.00 ;45C   ;42%   ;-1.17  ;-3.07  ;   0
 4 ;S180-1 ;BB6620     ;000100   ;  4 ;ERICSSON ;SPP10ELRIDFREN ;10   ;LA22010677 ;20210901 ;RDH10265/2 R1A ;1310.00 ;44C   ;42%   ;-1.51  ;-3.21  ;   0
 5 ;S182-1 ;BB6620     ;000100   ;  5 ;ERICSSON ;SPP10ELRIDFREN ;10   ;LA22009423 ;20210901 ;RDH10265/2 R1A ;1310.00 ;44C   ;44%   ;-1.58  ;-4.85  ;   0
 1 ;  S1-1 ;RRU2217B20 ;BXP_2    ;  0 ;ERICSSON ;SPP10ELRIDFREN ;10   ;L9S2011969 ;20210827 ;RDH10265/2 R1A ;1310.00 ;26C   ;39%   ;-2.23  ;-9.17  ;   0
 2 ;  S2-1 ;RRU2217B20 ;BXP_3    ;  0 ;ERICSSON ;SPP10ELRIDFREN ;10   ;LA22010714 ;20210901 ;RDH10265/2 R1A ;1310.00 ;29C   ;38%   ;-1.40  ;-9.14  ;   0
 3 ;  S3-1 ;RRU2217B20 ;BXP_4    ;  0 ;ERICSSON ;SPP10ELRIDFREN ;10   ;L9S2012508 ;20210827 ;RDH10265/2 R1A ;1310.00 ;31C   ;41%   ;-1.68  ;-2.05  ;   0
 4 ;S180-1 ;RRU4415B7  ;BXP_5    ;  0 ;ERICSSON ;SPP10ELRIDFREN ;10   ;L9S2012740 ;20210827 ;RDH10265/2 R1A ;1310.00 ;24C   ;39%   ;-1.86  ;-2.23  ;   0
 5 ;S182-1 ;RRU4415B7  ;BXP_6    ;  0 ;ERICSSON ;SPP10ELRIDFREN ;10   ;L9S2013410 ;20210827 ;RDH10265/2 R1A ;1310.00 ;27C   ;37%   ;-1.80  ;-3.10  ;   0
-------------------------------------------------------------------------------------------------------------------------------------
TN ;       ;BB6620     ;000100   ;  A ;ERICSSON ;SPP10ELRIDFREN ;10   ;L9S2011954 ;20210827 ;RDH10265/2 R1A ;0       ;40C   ;41%   ;-0.82  ;-1.84  ; 0/0
-------------------------------------------------------------------------------------------------------------------------------------

=====================================================================================================================================
BOARD  ;LNH    ;PORT   ;T ;S ;OpMode   ;AutoNeg ;MacAddress        ;VlanIds   ;LOS ;BER
=====================================================================================================================================
BB6620 ;000100 ;IDL_A1 ;E ;1 ;10G_FULL ;false   ;58:45:4C:74:3B:10 ;3908      ;0   ;0/0
BB6620 ;000100 ;TN_A   ;O ;1 ;1G_FULL  ;true    ;58:45:4C:74:3B:0C ;3908,3910 ;0   ;0/0
-------------------------------------------------------------------------------------------------------------------------------------

radioClockState : RNT_TIME_LOCKED
-------------------------------------------------------------------------------------
Prio  ;ST  ;syncRefType    ;refStatus  ;opQualLevel  ;SyncReference
-------------------------------------------------------------------------------------
  *1  ; 1  ;PTP_TIME       ;NO_FAULT   ;PRTC         ;Ptp=1,BoundaryOrdinaryClock=PTP (G_8275_1 EthernetPort=TN_A:SLAVE)
   2  ; 1  ;NTP_FREQUENCY  ;NO_FAULT   ;PRC          ;Ntp=1,NtpFrequencySync=NTP1 (10.31.0.54:32751 Router=LTE,InterfaceIPv4=1,AddressIPv4=1)
-------------------------------------------------------------------------------------
-------------------------------------------------------------------------------------
Prio  ;ST  ;assistRefStatus  ;recQualLevel  ;AssistingReference
-------------------------------------------------------------------------------------
   1  ; 1  ;NO_FAULT         ;PRTC          ;Synchronization=1,SyncEthInput=SyncE (SFP_OPTICAL EthernetPort=TN_A)
-------------------------------------------------------------------------------------

=====================================================================================================================================
FRU          ;LNH    ;BOARD      ;RF  ;BP  ;TX (W/dBm)  ;VSWR (RL)   ;RX (dBm) ;UEs/gUEs  ;Sector/AntennaGroup/Cells (State:CellIds:PCIs)
=====================================================================================================================================
Radio-S1-1   ;BXP_2  ;RRU2217B20 ; A  ;11  ;-           ;1.12 (24.7) ;         ;0/-       ;SE=1 AG=1 FDD=RLE5E1 NIOT=RLE5N1 (1:61:62, 1:161:62)
Radio-S1-1   ;BXP_2  ;RRU2217B20 ; B  ;11  ;-           ;1.15 (23.4) ;         ;0/-       ;SE=1 AG=1 FDD=RLE5E1 NIOT=RLE5N1 (1:61:62, 1:161:62)
Radio-S2-1   ;BXP_3  ;RRU2217B20 ; A  ;11  ;-           ;1.32 (17.1) ;         ;2/-       ;SE=2 AG=2 FDD=RLE5E2 NIOT=RLE5N2 (1:62:60, 1:162:60)
Radio-S2-1   ;BXP_3  ;RRU2217B20 ; B  ;11  ;-           ;1.23 (19.6) ;         ;2/-       ;SE=2 AG=2 FDD=RLE5E2 NIOT=RLE5N2 (1:62:60, 1:162:60)
Radio-S3-1   ;BXP_4  ;RRU2217B20 ; A  ;11  ;-           ;1.39 (15.8) ;         ;14/-      ;SE=3 AG=3 FDD=RLE5E3 NIOT=RLE5N3 (1:63:465, 1:163:465)
Radio-S3-1   ;BXP_4  ;RRU2217B20 ; B  ;11  ;-           ;1.27 (18.5) ;         ;14/-      ;SE=3 AG=3 FDD=RLE5E3 NIOT=RLE5N3 (1:63:465, 1:163:465)
Radio-S180-1 ;BXP_5  ;RRU4415B7  ; A  ;11  ;8.1 (39.1)  ;1.15 (23.3) ;-98.5    ;0/-       ;SE=180 AG=180 FDD=RLE5L1 (1:21:187)
Radio-S180-1 ;BXP_5  ;RRU4415B7  ; B  ;11  ;-           ;1.16 (22.6) ;-99.0    ;0/-       ;SE=180 AG=180 FDD=RLE5L1 (1:21:187)
Radio-S180-1 ;BXP_5  ;RRU4415B7  ; C  ;11  ;10.7 (40.3) ;1.16 (22.8) ;-97.7    ;6/-       ;SE=181 AG=181 FDD=RLE5L2 (1:22:375)
Radio-S180-1 ;BXP_5  ;RRU4415B7  ; D  ;11  ;-           ;1.20 (20.8) ;-98.7    ;6/-       ;SE=181 AG=181 FDD=RLE5L2 (1:22:375)
Radio-S182-1 ;BXP_6  ;RRU4415B7  ; A  ;11  ;17.4 (42.4) ;1.11 (25.6) ;-93.5    ;15/-      ;SE=182 AG=182 FDD=RLE5L3 (1:23:186)
Radio-S182-1 ;BXP_6  ;RRU4415B7  ; B  ;11  ;17.0 (42.3) ;1.15 (23.4) ;-93.3    ;15/-      ;SE=182 AG=182 FDD=RLE5L3 (1:23:186)
Radio-S182-1 ;BXP_6  ;RRU4415B7  ; C  ;11  ;-           ;-           ;         ;          ;
Radio-S182-1 ;BXP_6  ;RRU4415B7  ; D  ;11  ;-           ;-           ;         ;          ;
-------------------------------------------------------------------------------------------------------------------------------------

RLE5E> mfar

251125-17:57:20+0100 19.31.14.249 25.0h MSRBS_NODE_MODEL_25.Q1_198665.224.73_bf81 stopfile=/tmp/3383194
......
Last MO: 18957. Loaded 18957 MOs. Total: 18958 MOs.
..............................................
get /rop/A20251125.1515-1530_RLE5E.xml.gz /ericsson/log/amos/moshell_logfiles/t20251125_37258710_65084/logs_moshell/pmfiles/19.31.14.249/rop/A20251125.1515-1530_RLE5E.xml.gz ... OK
get /rop/A20251125.1530-1545_RLE5E.xml.gz /ericsson/log/amos/moshell_logfiles/t20251125_37258710_65084/logs_moshell/pmfiles/19.31.14.249/rop/A20251125.1530-1545_RLE5E.xml.gz ... OK
get /rop/A20251125.1545-1600_RLE5E.xml.gz /ericsson/log/amos/moshell_logfiles/t20251125_37258710_65084/logs_moshell/pmfiles/19.31.14.249/rop/A20251125.1545-1600_RLE5E.xml.gz ... OK

Using hardcoded thresholds: 3, 4.5, and 16.5
================================================================================================================================
SC     SE  Tx/Rx BrPair  RfPort1 - RfPort2               HW       Serial      Cell (State)   Samples   Med  Mean  SDev Pol Res Issue
================================================================================================================================
RLE5E1   1   2/2 0 (1,2) Radio-S1-1(A) Radio-S1-1(B)     RRU2217  TU8U014XZS  FDD=RLE5E1 (1)    6928   0.5   0.5   6.0  NA  OK Passed
RLE5E2   2   2/2 0 (1,2) Radio-S2-1(A) Radio-S2-1(B)     RRU2217  TU8U014XZU  FDD=RLE5E2 (1)   16674  -0.5   0.1   5.5  NA  OK Passed
RLE5E3   3   2/2 0 (1,2) Radio-S3-1(A) Radio-S3-1(B)     RRU2217  TU8U014XZY  FDD=RLE5E3 (1)  218951  -0.5  -0.2   7.3  NA  OK Passed
RLE5L1 180   2/2 0 (1,2) Radio-S180-1(A) Radio-S180-1(B) RRU4415  TU8U011TD4  FDD=RLE5L1 (1)    4260  -0.5   0.1   6.7  NA  OK Passed
RLE5L2 181   2/2 0 (1,2) Radio-S180-1(C) Radio-S180-1(D) RRU4415  TU8U011TD4  FDD=RLE5L2 (1)  103247  -1.5  -2.1   7.0  NA  OK Passed
RLE5L3 182   2/2 0 (1,2) Radio-S182-1(A) Radio-S182-1(B) RRU4415  TU8U011TFR  FDD=RLE5L3 (1)  249087   0.5   0.9   6.8  NA  OK Passed
================================================================================================================================
Total: 6 SectorCarriers, 6 RfBranch Pairs (6 OK, 0 OKW, 0 NOK, 0 NT)
.......
Last MO: 18957. Loaded 18957 MOs. Total: 18958 MOs.

No NRSectorCarrier MOs are defined on the node.

RLE5E> mfitr

251125-17:57:39+0100 19.31.14.249 25.0h MSRBS_NODE_MODEL_25.Q1_198665.224.73_bf81 stopfile=/tmp/3383194
...........
Last MO: 18957. Loaded 18957 MOs. Total: 18958 MOs.
........
2025-11-25 17:58
================================================================================================================================
CELL       SC     FRU          BOARD      PUSCH  PUCCH       A      B      C      D  DELTA
================================================================================================================================
FDD=RLE5E1 RLE5E1 Radio-S1-1   RRU2217B20 -116.8 -116.4 -114.2 -115.9                  1.7
FDD=RLE5E2 RLE5E2 Radio-S2-1   RRU2217B20 -116.8 -116.7 -115.8 -115.1                  0.7
FDD=RLE5E3 RLE5E3 Radio-S3-1   RRU2217B20 -108.3 -108.4 -108.5 -104.9                  3.6
FDD=RLE5L1 RLE5L1 Radio-S180-1 RRU4415B7  -117.8 -118.4 -116.8 -117.4                  0.6
FDD=RLE5L2 RLE5L2 Radio-S180-1 RRU4415B7  -118.7 -118.8               -118.7 -118.9    0.2
FDD=RLE5L3 RLE5L3 Radio-S182-1 RRU4415B7  -113.8 -115.7 -114.4 -113.5                  0.9
================================================================================================================================
Bye...
Output has been logged to file /mta_fs/UserFiles/37258710/amosbatch/SDIR/RLE5E.log
