Logging to file /mta_fs/UserFiles/37258710/amosbatch/pippo/RLE7L.log
                        __  __  ____   _____
                  /\   |  \/  |/ __ \ / ____|
                 /  \  | \  / | |  | | (___  
                / /\ \ | |\/| | |  | |\___ \ 
               / ____ \| |  | | |__| |____) |
              /_/    \_\_|  |_|\____/|_____/
              OSS Framework for MoShell-25.0h 
  Copyright (c) Ericsson AB 2001-2025 - All Rights Reserved
              
           
[1;31mWARNING: [0mthe AMOS version currently running is more than 27 weeks old and is unsupported.
Please upgrade as soon as possible to the latest released version, available from your local Ericsson support.

$amosrb_pid = 3222811

Checking ip contact...OK

HELP MENU            : h
BASIC MO COMMANDS    : m
OTHER MO COMMANDS    : n
OTHER COMMANDS       : o
PM COMMANDS          : p
QUIT                 : q

RLE7L> lt all

251110-11:21:41+0100 19.31.12.133 25.0h  stopfile=/tmp/3222717
Looking up temporary_amos account... OK.
Trying temporary_amos_t20251110_37258710_2892_421's password from amos lookupAccount ... OK

$ssh_pid = 3223093

Connected to 19.31.12.133 (SubNetwork=BBMM_rckomc_R,MeContext=RLE7L,ManagedElement=RLE7L)

Checking MOM version...MSRBS_NODE_MODEL_25.Q1_693.28324.131_62ac
Parsing MOM (cached): /ericsson/log/amos/moshell_logfiles/t20251110_37258710_2892/logs_moshell/tempfiles/scp-4-amos_20251110-112134_3222661/MSRBS_NODE_MODEL_25.Q1_693.28324.131_62ac.xml.cache.gz ..................................................................................................................................................................................................................................Done.
Using paramfile /opt/ericsson/amos/moshell/commonjars/pm/PARAM_MSRBS_25.Q1.txt
Parsing file /opt/ericsson/amos/moshell/commonjars/pm/PARAM_MSRBS_25.Q1.txt .......................................................................................Done.
Using imomdfile /opt/ericsson/amos/moshell/commonjars/pm/IMOMD_MSRBS_22.Q4.txt
Using imomfile /opt/ericsson/amos/moshell/commonjars/pm/IMOM_MSRBS_25.Q1.txt
Connected to 19.31.12.133 (SubNetwork=BBMM_rckomc_R,MeContext=RLE7L,ManagedElement=RLE7L)

Last MO: 17109. Loaded 17109 MOs. Total: 17110 MOs.

RLE7L> st cell

251110-11:21:54+0100 19.31.12.133 25.0h MSRBS_NODE_MODEL_25.Q1_693.28324.131_62ac stopfile=/tmp/3222717
===================================================================================
Proxy  Adm State     Op. State     MO
===================================================================================
   43  1 (UNLOCKED)  1 (ENABLED)   ENodeBFunction=1,EUtranCellFDD=RLE7E1
  139  1 (UNLOCKED)  1 (ENABLED)   ENodeBFunction=1,EUtranCellFDD=RLE7E2
  240  1 (UNLOCKED)  1 (ENABLED)   ENodeBFunction=1,EUtranCellFDD=RLE7E3
  351  1 (UNLOCKED)  1 (ENABLED)   ENodeBFunction=1,EUtranCellFDD=RLE7L1
  439  1 (UNLOCKED)  1 (ENABLED)   ENodeBFunction=1,EUtranCellFDD=RLE7L2
  529  1 (UNLOCKED)  1 (ENABLED)   ENodeBFunction=1,EUtranCellFDD=RLE7L3
  941  1 (UNLOCKED)  1 (ENABLED)   ENodeBFunction=1,NbIotCell=RLE7N1
  942  1 (UNLOCKED)  1 (ENABLED)   ENodeBFunction=1,NbIotCell=RLE7N2
  943  1 (UNLOCKED)  1 (ENABLED)   ENodeBFunction=1,NbIotCell=RLE7N3
===================================================================================
Total: 9 MOs

RLE7L> st radio

251110-11:21:54+0100 19.31.12.133 25.0h MSRBS_NODE_MODEL_25.Q1_693.28324.131_62ac stopfile=/tmp/3222717
===================================================================================
Proxy  Adm State     Op. State     MO
===================================================================================
 1292  1 (UNLOCKED)  1 (ENABLED)   Equipment=1,FieldReplaceableUnit=Radio-S1-1
 1304  1 (UNLOCKED)  1 (ENABLED)   Equipment=1,FieldReplaceableUnit=Radio-S180-1
 1319  1 (UNLOCKED)  1 (ENABLED)   Equipment=1,FieldReplaceableUnit=Radio-S182-1
 1334  1 (UNLOCKED)  1 (ENABLED)   Equipment=1,FieldReplaceableUnit=Radio-S2-1
 1346  1 (UNLOCKED)  1 (ENABLED)   Equipment=1,FieldReplaceableUnit=Radio-S3-1
17104  1 (UNLOCKED)  1 (ENABLED)   Transport=1,Synchronization=1,RadioEquipmentClock=1,RadioEquipmentClockReference=NTP1
17105  1 (UNLOCKED)  1 (ENABLED)   Transport=1,Synchronization=1,RadioEquipmentClock=1,RadioEquipmentClockReference=PTP
===================================================================================
Total: 7 MOs

RLE7L> sdir

251110-11:21:55+0100 19.31.12.133 25.0h MSRBS_NODE_MODEL_25.Q1_693.28324.131_62ac stopfile=/tmp/3222717
INFO: Using amos lookupAccount credentials for the export login
...............................
get /rop/A20251110.0930-0945_RLE7L.xml.gz /ericsson/log/amos/moshell_logfiles/t20251110_37258710_2892/logs_moshell/pmfiles/19.31.12.133/rop/A20251110.0930-0945_RLE7L.xml.gz ... OK
get /rop/A20251110.0945-1000_RLE7L.xml.gz /ericsson/log/amos/moshell_logfiles/t20251110_37258710_2892/logs_moshell/pmfiles/19.31.12.133/rop/A20251110.0945-1000_RLE7L.xml.gz ... OK
get /rop/A20251110.1000-1015_RLE7L.xml.gz /ericsson/log/amos/moshell_logfiles/t20251110_37258710_2892/logs_moshell/pmfiles/19.31.12.133/rop/A20251110.1000-1015_RLE7L.xml.gz ... OK
....Checking available boards on node...

Collecting RCS board data ...
...................................................................................................................
..........................
................................................................................................................................................................................................................................................................................................
.....
Collecting TN data...
.........................................................................................................................................
Getting MO data from node (66 MOs). Please wait...
0%                                             ~50%                                           ~100%
.................................................................................................................................
Collecting RF data...
..
Collecting Alarms...
Executing action Log.export()
...
Log=AlarmLog                    actionId=20235
...............
Executing action LogM.exportAvailabilityLog()
..LogM=1,exportAvailabilityLog    actionId=20236
.....Parsing alarmLog....Done.
Parsing availabilityLog....Done.
..

Total: 5 CPRI links (5 OK, 0 OKW, 0 NOK, 0 NT)
.
+--------+                      +------------+
|        | A        O98      D1 | Radio-S1-1 |
|        |-----------1----------| RRU2217B20 |
|        |         OK-21m       |   BXP_4    |
|        |                      +------------+
|        |                             |A  |B
|        |               SE=1 AG=1 FDD=RLE7E1
|        |                        NIOT=RLE7N1
|        |
|        |                      +------------+
|        | B        O98      D1 | Radio-S2-1 |
|        |-----------2----------| RRU2217B20 |
|        |         OK-21m       |   BXP_3    |
|        |                      +------------+
|        |                             |A  |B
|        |               SE=2 AG=2 FDD=RLE7E2
|        |                        NIOT=RLE7N2
|        |
|        |                      +------------+
|        | C        O98      D1 | Radio-S3-1 |
|        |-----------3----------| RRU2217B20 |
|        |         OK-21m       |   BXP_2    |
|        |                      +------------+
|        |                             |A  |B
|  BB-1  |               SE=3 AG=3 FDD=RLE7E3
| BB6621 |                        NIOT=RLE7N3
| 000100 |
|        |                      +---------------+
|        | D        O101     D1 | Radio-S180-1  |
|        |-----------4----------|   RRU4415B7   |
|        |         OK-20m       |     BXP_5     |
|        |                      +---------------+
|        |                        |A  |B  |C  |D
|        |                 SE=180 AG=180  |   |
|        |                    FDD=RLE7L1  |   |
|        |                         SE=181 AG=181
|        |                            FDD=RLE7L2
|        |
|        |                      +---------------+
|        | E        O101     D1 | Radio-S182-1  |
|        |-----------5----------|   RRU4415B7   |
|        |         OK-20m       |     BXP_6     |
|        |                      +---------------+
|        |                        |A  |B  |C  |D
|        |                 SE=182 AG=182  |   |
|        |                    FDD=RLE7L3  |   |
|        |
+--------+

=====================================================================================================================================
ID RiL    Type Res MO1-MO2                  BOARD1-BOARD2     AlmIDs Cells (States)               Issue (Failed checks)
=====================================================================================================================================
 1 S1-1   O98  OK  BB-1(A) Radio-S1-1(D1)   BB6621 RRU2217B20        FDD=RLE7E1 NIOT=RLE7N1 (1,1) Passed
 2 S2-1   O98  OK  BB-1(B) Radio-S2-1(D1)   BB6621 RRU2217B20        FDD=RLE7E2 NIOT=RLE7N2 (1,1) Passed
 3 S3-1   O98  OK  BB-1(C) Radio-S3-1(D1)   BB6621 RRU2217B20        FDD=RLE7E3 NIOT=RLE7N3 (1,1) Passed
 4 S180-1 O101 OK  BB-1(D) Radio-S180-1(D1) BB6621 RRU4415B7         FDD=RLE7L1 FDD=RLE7L2 (1,1)  Passed
 5 S182-1 O101 OK  BB-1(E) Radio-S182-1(D1) BB6621 RRU4415B7         FDD=RLE7L3 (1)               Passed
-------------------------------------------------------------------------------------------------------------------------------------

Node: RadioNode L   CXP2010174/2_R27J08 (25.Q1)   G3.1   LTE-FDD,LTE-IoT 

=====================================================================================================================================
FRU          ;LNH    ;BOARD      ;ST ;FAULT ;OPER ;MAINT ;STAT ;PRODUCTNUMBER   ;REV     ;SERIAL        ;DATE     ;PMTEMP ; TEMP ; UPT ;VOLT ;SW                   ;
=====================================================================================================================================
BB-1         ;000100 ;BB6621     ; 1 ;  OFF ;  ON ;  OFF ;  ON ;KDU1370070/11   ;R2A     ;TD3X967179    ;20230412 ;3 (OK) ;      ;69.8 ;55   ;                     ;
Radio-S1-1   ;BXP_4  ;RRU2217B20 ; 1 ;  OFF ;  ON ;  OFF ; N/A ;KRC161549/1     ;R1S     ;TU8U02DGUV    ;20240209 ;4 (OK) ; 34.3 ;69.7 ;55.5 ;CXP9013268%9_R96JB   ; (Radio2217B20)
Radio-S180-1 ;BXP_5  ;RRU4415B7  ; 1 ;  OFF ;  ON ;  OFF ; N/A ;KRC161495/1     ;R5FE    ;DH80205614    ;20231219 ;4 (OK) ; 36.0 ;69.7 ;55.1 ;CXP9013268%15_R101LX ; (Radio4415B7)
Radio-S182-1 ;BXP_6  ;RRU4415B7  ; 1 ;  OFF ;  ON ;  OFF ; N/A ;KRC161495/1     ;R5FE    ;DH80205638    ;20231219 ;4 (OK) ; 34.2 ;69.7 ;55.2 ;CXP9013268%15_R101LX ; (Radio4415B7)
Radio-S2-1   ;BXP_3  ;RRU2217B20 ; 1 ;  OFF ;  ON ;  OFF ; N/A ;KRC161549/1     ;R1S     ;TU8U02DGWB    ;20240209 ;4 (OK) ; 38.6 ;69.7 ;55.4 ;CXP9013268%9_R96JB   ; (Radio2217B20)
Radio-S3-1   ;BXP_2  ;RRU2217B20 ; 1 ;  OFF ;  ON ;  OFF ; N/A ;KRC161549/1     ;R1S     ;TU8U02DGUY    ;20240209 ;4 (OK) ; 39.1 ;69.7 ;55.7 ;CXP9013268%9_R96JB   ; (Radio2217B20)
-------------------------------------------------------------------------------------------------------------------------------------

=====================================================================================================================================
AntennaNearUnit                                   ;ST  ;TYPE   ;PRODUCTNR  ;REV       ;UNIQUEID          ;RfPort
=====================================================================================================================================
AntennaUnitGroup=1,AntennaNearUnit=RET_1800_2100  ; 1  ;S-RET  ;86010165   ;HW_V_A01  ;KAI0N4890524B-Y1  ;FieldReplaceableUnit=Radio-S1-1,RfPort=R
AntennaUnitGroup=1,AntennaNearUnit=RET_2600       ; 1  ;S-RET  ;86010165   ;HW_V_A01  ;KAI0N4890524B-Y3  ;FieldReplaceableUnit=Radio-S1-1,RfPort=R
AntennaUnitGroup=1,AntennaNearUnit=RET_800        ; 1  ;S-RET  ;86010165   ;HW_V_A01  ;KAI0N4890524B-R1  ;FieldReplaceableUnit=Radio-S1-1,RfPort=R
AntennaUnitGroup=2,AntennaNearUnit=RET_1800_2100  ; 1  ;S-RET  ;86010165   ;HW_V_A01  ;KAI0N4927660B-Y1  ;FieldReplaceableUnit=Radio-S2-1,RfPort=R
AntennaUnitGroup=2,AntennaNearUnit=RET_2600       ; 1  ;S-RET  ;86010165   ;HW_V_A01  ;KAI0N4927660B-Y3  ;FieldReplaceableUnit=Radio-S2-1,RfPort=R
AntennaUnitGroup=2,AntennaNearUnit=RET_800        ; 1  ;S-RET  ;86010165   ;HW_V_A01  ;KAI0N4927660B-R1  ;FieldReplaceableUnit=Radio-S2-1,RfPort=R
AntennaUnitGroup=3,AntennaNearUnit=RET_1800_2100  ; 1  ;S-RET  ;86010165   ;HW_V_A01  ;KAI0N4890349B-Y1  ;FieldReplaceableUnit=Radio-S3-1,RfPort=R
AntennaUnitGroup=3,AntennaNearUnit=RET_2600       ; 1  ;S-RET  ;86010165   ;HW_V_A01  ;KAI0N4890349B-Y3  ;FieldReplaceableUnit=Radio-S3-1,RfPort=R
AntennaUnitGroup=3,AntennaNearUnit=RET_800        ; 1  ;S-RET  ;86010165   ;HW_V_A01  ;KAI0N4890349B-R1  ;FieldReplaceableUnit=Radio-S3-1,RfPort=R
-------------------------------------------------------------------------------------------------------------------------------------

=====================================================================================================================================
XPBOARD  ;ST ;FAULT ;OPER ;PRODUCTNUMBER ;REV ;SERIAL/NAME ;DATE     ; TEMP ;MO
=====================================================================================================================================
FAN08    ; 1 ;N/A   ;N/A  ;BKV106236/1   ;R2G ;CE5100TZ0Y  ;20230227 ; 38.0 ;SupportUnit=1 (FAN  BB-1)
-------------------------------------------------------------------------------------------------------------------------------------

=====================================================================================================================================
ID ;T ;RiL    ;BPBP ;BOARD1     ;LNH1 ;PORT ;R ;LINK ;RATE  ; BER ;BOARD2     ;LNH2 ;PORT ;R ;LINK ;RATE  ; BER ;LENGTH ;MO1 - MO2
=====================================================================================================================================
 1 ;O ;  S1-1 ;1111 ;BB6621     ;000100 ; 1 ;M ;Up   ;9.8G  ;   0 ;RRU2217B20 ;BXP_4  ; 0 ;S ;Up   ;9.8G  ;   0 ;   21m ;Fru=BB-1(A) Fru=Radio-S1-1(D1)
 2 ;O ;  S2-1 ;1111 ;BB6621     ;000100 ; 2 ;M ;Up   ;9.8G  ;   0 ;RRU2217B20 ;BXP_3  ; 0 ;S ;Up   ;9.8G  ;   0 ;   21m ;Fru=BB-1(B) Fru=Radio-S2-1(D1)
 3 ;O ;  S3-1 ;1111 ;BB6621     ;000100 ; 3 ;M ;Up   ;9.8G  ;   0 ;RRU2217B20 ;BXP_2  ; 0 ;S ;Up   ;9.8G  ;   0 ;   21m ;Fru=BB-1(C) Fru=Radio-S3-1(D1)
 4 ;O ;S180-1 ;1111 ;BB6621     ;000100 ; 4 ;M ;Up   ;10.1G ;   0 ;RRU4415B7  ;BXP_5  ; 0 ;S ;Up   ;10.1G ;   0 ;   20m ;Fru=BB-1(D) Fru=Radio-S180-1(D1)
 5 ;O ;S182-1 ;1111 ;BB6621     ;000100 ; 5 ;M ;Up   ;10.1G ;   0 ;RRU4415B7  ;BXP_6  ; 0 ;S ;Up   ;10.1G ;   0 ;   20m ;Fru=BB-1(E) Fru=Radio-S182-1(D1)
-------------------------------------------------------------------------------------------------------------------------------------

=====================================================================================================================================
ID ;LINK ;RiL    ;VENDOR1  ;VENDORPROD1     ;REV1 ;SERIAL1      ;DATE1    ;ERICSSONPROD1      ;VENDOR2  ;VENDORPROD2     ;REV2 ;SERIAL2      ;DATE2    ;ERICSSONPROD2      ;TT ;WL1     ;WL2    
=====================================================================================================================================
 1 ;Up   ;  S1-1 ;ERICSSON ;RTXM228-702-C22 ;1.0  ;CU823M1V5S   ;20231226 ;RDH10265/2 R1A     ;ERICSSON ;RTXM228-702-C22 ;1.0  ;CU823M1V63   ;20231226 ;RDH10265/2 R1A     ;0  ;1310.00 ;1310.00
 2 ;Up   ;  S2-1 ;ERICSSON ;RTXM228-702-C22 ;1.0  ;CU823M1V5C   ;20231226 ;RDH10265/2 R1A     ;ERICSSON ;RTXM228-702-C22 ;1.0  ;CU823M1V51   ;20231226 ;RDH10265/2 R1A     ;0  ;1310.00 ;1310.00
 3 ;Up   ;  S3-1 ;ERICSSON ;RTXM228-702-C22 ;1.0  ;CU823M1V66   ;20231226 ;RDH10265/2 R1A     ;ERICSSON ;RTXM228-702-C22 ;1.0  ;CU823M1FVQ   ;20231222 ;RDH10265/2 R1A     ;0  ;1310.00 ;1310.00
 4 ;Up   ;S180-1 ;ERICSSON ;RTXM228-702-C22 ;1.0  ;CU823M1FVZ   ;20231222 ;RDH10265/2 R1A     ;ERICSSON ;RTXM228-702-C22 ;1.0  ;CU823M1FVW   ;20231222 ;RDH10265/2 R1A     ;0  ;1310.00 ;1310.00
 5 ;Up   ;S182-1 ;ERICSSON ;RTXM228-702-C22 ;1.0  ;CU823M1FUY   ;20231222 ;RDH10265/2 R1A     ;ERICSSON ;RTXM228-702-C22 ;1.0  ;CU823M1V6R   ;20231226 ;RDH10265/2 R1A     ;0  ;1310.00 ;1310.00
-------------------------------------------------------------------------------------------------------------------------------------

=====================================================================================================================================
ID ;LINK ;RiL    ;WL1     ;TEMP1 ;TXbs1 ;TXdBm1 ;RXdBm1 ;BER1   ;WL2     ;TEMP2 ;TXbs2 ;TXdBm2 ;RXdBm2 ;BER2   ;DlLoss ;UlLoss ;LENGTH ;TT
=====================================================================================================================================
 1 ;Up   ;  S1-1 ;1310.00 ;40C   ;54%   ;-1.80  ;-1.11  ;   0   ;1310.00 ;43C   ;56%   ;-1.34  ;-0.57  ;   0   ; -1.23 ; -0.23 ;   21m ; 0
 2 ;Up   ;  S2-1 ;1310.00 ;39C   ;54%   ;-1.40  ;-2.05  ;   0   ;1310.00 ;43C   ;56%   ;-2.41  ;-1.67  ;   0   ;  0.27 ; -0.36 ;   21m ; 0
 3 ;Up   ;  S3-1 ;1310.00 ;38C   ;56%   ;-3.12  ;-1.86  ;   0   ;1310.00 ;45C   ;51%   ;-0.52  ;-2.57  ;   0   ; -0.55 ;  1.34 ;   21m ; 0
 4 ;Up   ;S180-1 ;1310.00 ;39C   ;56%   ;-1.70  ;-1.64  ;   0   ;1310.00 ;39C   ;55%   ;-2.99  ;-1.98  ;   0   ;  0.28 ; -1.35 ;   20m ; 0
 5 ;Up   ;S182-1 ;1310.00 ;39C   ;55%   ;-2.02  ;-0.60  ;   0   ;1310.00 ;35C   ;54%   ;-0.99  ;-2.01  ;   0   ; -0.01 ; -0.39 ;   20m ; 0
-------------------------------------------------------------------------------------------------------------------------------------

=====================================================================================================================================
ID ;RiL    ;BOARD      ;SFPLNH  ;PORT ;VENDOR   ;VENDORPROD      ;REV  ;SERIAL       ;DATE     ;ERICSSONPROD       ;WL      ;TEMP  ;TXbs  ;TXdBm  ;RXdBm  ; BER
=====================================================================================================================================
 1 ;  S1-1 ;BB6621     ;000100   ;  1 ;ERICSSON ;RTXM228-702-C22 ;1.0  ;CU823M1V5S   ;20231226 ;RDH10265/2 R1A     ;1310.00 ;40C   ;54%   ;-1.80  ;-1.11  ;   0
 2 ;  S2-1 ;BB6621     ;000100   ;  2 ;ERICSSON ;RTXM228-702-C22 ;1.0  ;CU823M1V5C   ;20231226 ;RDH10265/2 R1A     ;1310.00 ;39C   ;54%   ;-1.40  ;-2.05  ;   0
 3 ;  S3-1 ;BB6621     ;000100   ;  3 ;ERICSSON ;RTXM228-702-C22 ;1.0  ;CU823M1V66   ;20231226 ;RDH10265/2 R1A     ;1310.00 ;38C   ;56%   ;-3.12  ;-1.86  ;   0
 4 ;S180-1 ;BB6621     ;000100   ;  4 ;ERICSSON ;RTXM228-702-C22 ;1.0  ;CU823M1FVZ   ;20231222 ;RDH10265/2 R1A     ;1310.00 ;39C   ;56%   ;-1.70  ;-1.64  ;   0
 5 ;S182-1 ;BB6621     ;000100   ;  5 ;ERICSSON ;RTXM228-702-C22 ;1.0  ;CU823M1FUY   ;20231222 ;RDH10265/2 R1A     ;1310.00 ;39C   ;55%   ;-2.02  ;-0.60  ;   0
 3 ;  S3-1 ;RRU2217B20 ;BXP_2    ;  0 ;ERICSSON ;RTXM228-702-C22 ;1.0  ;CU823M1FVQ   ;20231222 ;RDH10265/2 R1A     ;1310.00 ;45C   ;51%   ;-0.52  ;-2.57  ;   0
 2 ;  S2-1 ;RRU2217B20 ;BXP_3    ;  0 ;ERICSSON ;RTXM228-702-C22 ;1.0  ;CU823M1V51   ;20231226 ;RDH10265/2 R1A     ;1310.00 ;43C   ;56%   ;-2.41  ;-1.67  ;   0
 1 ;  S1-1 ;RRU2217B20 ;BXP_4    ;  0 ;ERICSSON ;RTXM228-702-C22 ;1.0  ;CU823M1V63   ;20231226 ;RDH10265/2 R1A     ;1310.00 ;43C   ;56%   ;-1.34  ;-0.57  ;   0
 4 ;S180-1 ;RRU4415B7  ;BXP_5    ;  0 ;ERICSSON ;RTXM228-702-C22 ;1.0  ;CU823M1FVW   ;20231222 ;RDH10265/2 R1A     ;1310.00 ;39C   ;55%   ;-2.99  ;-1.98  ;   0
 5 ;S182-1 ;RRU4415B7  ;BXP_6    ;  0 ;ERICSSON ;RTXM228-702-C22 ;1.0  ;CU823M1V6R   ;20231226 ;RDH10265/2 R1A     ;1310.00 ;35C   ;54%   ;-0.99  ;-2.01  ;   0
-------------------------------------------------------------------------------------------------------------------------------------
TN ;       ;BB6621     ;000100   ;IA2 ;ERICSSON ;42020201934     ;A0   ;202340400663 ;20231002 ;RPM777053/1000 R1B ;NA      ;NA    ;NA    ;NA     ;NA     ; 0/0
-------------------------------------------------------------------------------------------------------------------------------------

=====================================================================================================================================
BOARD  ;LNH    ;PORT       ;T ;S ;OpMode   ;AutoNeg ;MacAddress        ;VlanIds   ;LOS ;BER
=====================================================================================================================================
BB6621 ;000100 ;TN_IDL_A_1 ;E ;1 ;10G_FULL ;false   ;E0:47:35:F5:91:7D ;3908,3910 ;0   ;NZ/0
BB6621 ;000100 ;TN_IDL_A_2 ;O ;1 ;10G_FULL ;false   ;E0:47:35:F5:91:7E ;3908      ;0   ;0/0
-------------------------------------------------------------------------------------------------------------------------------------

radioClockState : RNT_TIME_LOCKED
-------------------------------------------------------------------------------------
Prio  ;ST  ;syncRefType    ;refStatus  ;opQualLevel  ;SyncReference
-------------------------------------------------------------------------------------
  *1  ; 1  ;PTP_TIME       ;NO_FAULT   ;PRTC         ;Ptp=1,BoundaryOrdinaryClock=PTP (G_8275_1 EthernetPort=TN_IDL_A_1:SLAVE)
   2  ; 1  ;NTP_FREQUENCY  ;NO_FAULT   ;PRC          ;Ntp=1,NtpFrequencySync=NTP1 (10.31.0.54:32751 Router=45G_Traffic,InterfaceIPv4=LTE,AddressIPv4=LTE)
-------------------------------------------------------------------------------------
-------------------------------------------------------------------------------------
Prio  ;ST  ;assistRefStatus  ;recQualLevel  ;AssistingReference
-------------------------------------------------------------------------------------
   1  ; 1  ;NO_FAULT         ;PRTC          ;Synchronization=1,SyncEthInput=SyncE (SFP_DAC EthernetPort=TN_IDL_A_1)
-------------------------------------------------------------------------------------

=====================================================================================================================================
FRU          ;LNH    ;BOARD      ;RF  ;BP  ;TX (W/dBm)  ;VSWR (RL)   ;RX (dBm) ;UEs/gUEs  ;Sector/AntennaGroup/Cells (State:CellIds:PCIs)
=====================================================================================================================================
Radio-S1-1   ;BXP_4  ;RRU2217B20 ; A  ;11  ;-           ;1.15 (23.4) ;         ;0/-       ;SE=1 AG=1 FDD=RLE7E1 NIOT=RLE7N1 (1:61:355, 1:161:355)
Radio-S1-1   ;BXP_4  ;RRU2217B20 ; B  ;11  ;-           ;1.31 (17.5) ;         ;0/-       ;SE=1 AG=1 FDD=RLE7E1 NIOT=RLE7N1 (1:61:355, 1:161:355)
Radio-S2-1   ;BXP_3  ;RRU2217B20 ; A  ;11  ;-           ;1.15 (22.9) ;         ;0/-       ;SE=2 AG=2 FDD=RLE7E2 NIOT=RLE7N2 (1:62:137, 1:162:137)
Radio-S2-1   ;BXP_3  ;RRU2217B20 ; B  ;11  ;-           ;1.17 (22.3) ;         ;0/-       ;SE=2 AG=2 FDD=RLE7E2 NIOT=RLE7N2 (1:62:137, 1:162:137)
Radio-S3-1   ;BXP_2  ;RRU2217B20 ; A  ;11  ;-           ;1.21 (20.3) ;         ;2/-       ;SE=3 AG=3 FDD=RLE7E3 NIOT=RLE7N3 (1:63:367, 1:163:367)
Radio-S3-1   ;BXP_2  ;RRU2217B20 ; B  ;11  ;-           ;1.22 (20.0) ;         ;2/-       ;SE=3 AG=3 FDD=RLE7E3 NIOT=RLE7N3 (1:63:367, 1:163:367)
Radio-S180-1 ;BXP_5  ;RRU4415B7  ; A  ;11  ;10.2 (40.1) ;1.25 (19.2) ;-99.7    ;0/-       ;SE=180 AG=180 FDD=RLE7L1 (1:21:241)
Radio-S180-1 ;BXP_5  ;RRU4415B7  ; B  ;11  ;-           ;1.17 (22.1) ;-99.5    ;0/-       ;SE=180 AG=180 FDD=RLE7L1 (1:21:241)
Radio-S180-1 ;BXP_5  ;RRU4415B7  ; C  ;11  ;8.3 (39.2)  ;1.20 (20.8) ;-99.7    ;0/-       ;SE=181 AG=181 FDD=RLE7L2 (1:22:242)
Radio-S180-1 ;BXP_5  ;RRU4415B7  ; D  ;11  ;-           ;1.15 (23.0) ;-99.7    ;0/-       ;SE=181 AG=181 FDD=RLE7L2 (1:22:242)
Radio-S182-1 ;BXP_6  ;RRU4415B7  ; A  ;11  ;9.1 (39.6)  ;1.05 (32.8) ;-99.8    ;1/-       ;SE=182 AG=182 FDD=RLE7L3 (1:23:139)
Radio-S182-1 ;BXP_6  ;RRU4415B7  ; B  ;11  ;-           ;1.21 (20.3) ;-99.5    ;1/-       ;SE=182 AG=182 FDD=RLE7L3 (1:23:139)
Radio-S182-1 ;BXP_6  ;RRU4415B7  ; C  ;11  ;-           ;-           ;         ;          ;
Radio-S182-1 ;BXP_6  ;RRU4415B7  ; D  ;11  ;-           ;-           ;         ;          ;
-------------------------------------------------------------------------------------------------------------------------------------

RLE7L> mfar

251110-11:24:23+0100 19.31.12.133 25.0h MSRBS_NODE_MODEL_25.Q1_693.28324.131_62ac stopfile=/tmp/3222717
......
Last MO: 17109. Loaded 17109 MOs. Total: 17110 MOs.
................................................
get /rop/A20251110.0845-0900_RLE7L.xml.gz /ericsson/log/amos/moshell_logfiles/t20251110_37258710_2892/logs_moshell/pmfiles/19.31.12.133/rop/A20251110.0845-0900_RLE7L.xml.gz ... OK
get /rop/A20251110.0900-0915_RLE7L.xml.gz /ericsson/log/amos/moshell_logfiles/t20251110_37258710_2892/logs_moshell/pmfiles/19.31.12.133/rop/A20251110.0900-0915_RLE7L.xml.gz ... OK
get /rop/A20251110.0915-0930_RLE7L.xml.gz /ericsson/log/amos/moshell_logfiles/t20251110_37258710_2892/logs_moshell/pmfiles/19.31.12.133/rop/A20251110.0915-0930_RLE7L.xml.gz ... OK

Using hardcoded thresholds: 3, 4.5, and 16.5
================================================================================================================================
SC     SE  Tx/Rx BrPair  RfPort1 - RfPort2               HW       Serial      Cell (State)   Samples   Med  Mean  SDev Pol Res Issue
================================================================================================================================
RLE7E1   1   2/2 0 (1,2) Radio-S1-1(A) Radio-S1-1(B)     RRU2217  TU8U02DGUV  FDD=RLE7E1 (1)    1587  -0.5  -0.3   5.9  NA  NT Not enough data
RLE7E2   2   2/2 0 (1,2) Radio-S2-1(A) Radio-S2-1(B)     RRU2217  TU8U02DGWB  FDD=RLE7E2 (1)    2931   0.5   0.3   5.3  NA  NT Not enough data
RLE7E3   3   2/2 0 (1,2) Radio-S3-1(A) Radio-S3-1(B)     RRU2217  TU8U02DGUY  FDD=RLE7E3 (1)   62330   1.5   1.1   6.2  NA  OK Passed
RLE7L1 180   2/2 0 (1,2) Radio-S180-1(A) Radio-S180-1(B) RRU4415  DH80205614  FDD=RLE7L1 (1)     327   1.5   0.8   4.6  NA  NT Not enough data
RLE7L2 181   2/2 0 (1,2) Radio-S180-1(C) Radio-S180-1(D) RRU4415  DH80205614  FDD=RLE7L2 (1)      80   4.5   4.9   6.0  NA  NT Not enough data
RLE7L3 182   2/2 0 (1,2) Radio-S182-1(A) Radio-S182-1(B) RRU4415  DH80205638  FDD=RLE7L3 (1)    3189   0.5   1.0   7.0  NA  OK Passed
================================================================================================================================
Total: 6 SectorCarriers, 6 RfBranch Pairs (2 OK, 0 OKW, 0 NOK, 4 NT)
.......
Last MO: 17109. Loaded 17109 MOs. Total: 17110 MOs.

No NRSectorCarrier MOs are defined on the node.

RLE7L> mfitr

251110-11:24:38+0100 19.31.12.133 25.0h MSRBS_NODE_MODEL_25.Q1_693.28324.131_62ac stopfile=/tmp/3222717
...........
Last MO: 17109. Loaded 17109 MOs. Total: 17110 MOs.
........
2025-11-10 11:25
================================================================================================================================
CELL       SC     FRU          BOARD      PUSCH  PUCCH       A      B      C      D  DELTA
================================================================================================================================
FDD=RLE7E1 RLE7E1 Radio-S1-1   RRU2217B20 -119.1 -118.8 -118.8 -119.3                  0.5
FDD=RLE7E2 RLE7E2 Radio-S2-1   RRU2217B20 -119.4 -119.2 -119.3 -119.5                  0.2
FDD=RLE7E3 RLE7E3 Radio-S3-1   RRU2217B20 -117.8 -117.2 -118.3 -117.8                  0.5
FDD=RLE7L1 RLE7L1 Radio-S180-1 RRU4415B7  -118.5 -118.5 -118.8 -118.5                  0.3
FDD=RLE7L2 RLE7L2 Radio-S180-1 RRU4415B7  -118.5 -118.5               -118.7 -118.8    0.1
FDD=RLE7L3 RLE7L3 Radio-S182-1 RRU4415B7  -117.9 -118.5 -118.6 -116.5                  2.1
================================================================================================================================
Bye...
Output has been logged to file /mta_fs/UserFiles/37258710/amosbatch/pippo/RLE7L.log
