Logging to file /mta_fs/UserFiles/37258710/amosbatch/SDIR/SC0FT.log
                        __  __  ____   _____
                  /\   |  \/  |/ __ \ / ____|
                 /  \  | \  / | |  | | (___  
                / /\ \ | |\/| | |  | |\___ \ 
               / ____ \| |  | | |__| |____) |
              /_/    \_\_|  |_|\____/|_____/
              OSS Framework for MoShell-25.0h 
  Copyright (c) Ericsson AB 2001-2025 - All Rights Reserved
              
           
[1;31mWARNING: [0mthe AMOS version currently running is more than 29 weeks old and is unsupported.
Please upgrade as soon as possible to the latest released version, available from your local Ericsson support.

$amosrb_pid = 1833597

Checking ip contact...OK

HELP MENU            : h
BASIC MO COMMANDS    : m
OTHER MO COMMANDS    : n
OTHER COMMANDS       : o
PM COMMANDS          : p
QUIT                 : q

SC0FT> lt all

251125-10:01:46+0100 19.31.4.148 25.0h  stopfile=/tmp/1833456
Looking up temporary_amos account... OK.
Trying temporary_amos_t20251125_37258710_65084_131's password from amos lookupAccount ... OK

$ssh_pid = 1834507

Connected to 19.31.4.148 (SubNetwork=BBMM_rckomc_R,MeContext=SC0FT,ManagedElement=SC0FT)

Checking MOM version...MSRBS_NODE_MODEL_25.Q1_693.28324.131_62ac
Parsing MOM (cached): /ericsson/log/amos/moshell_logfiles/t20251125_37258710_65084/logs_moshell/tempfiles/scp-4-amos_20251125-100139_1833396/MSRBS_NODE_MODEL_25.Q1_693.28324.131_62ac.xml.cache.gz ..................................................................................................................................................................................................................................Done.
Using paramfile /opt/ericsson/amos/moshell/commonjars/pm/PARAM_MSRBS_25.Q1.txt
Parsing file /opt/ericsson/amos/moshell/commonjars/pm/PARAM_MSRBS_25.Q1.txt .......................................................................................Done.
Using imomdfile /opt/ericsson/amos/moshell/commonjars/pm/IMOMD_MSRBS_22.Q4.txt
Using imomfile /opt/ericsson/amos/moshell/commonjars/pm/IMOM_MSRBS_25.Q1.txt
Connected to 19.31.4.148 (SubNetwork=BBMM_rckomc_R,MeContext=SC0FT,ManagedElement=SC0FT)

Last MO: 17724. Loaded 17724 MOs. Total: 17725 MOs.

SC0FT> st cell

251125-10:01:59+0100 19.31.4.148 25.0h MSRBS_NODE_MODEL_25.Q1_693.28324.131_62ac stopfile=/tmp/1833456
===================================================================================
Proxy  Adm State     Op. State     MO
===================================================================================
   43  1 (UNLOCKED)  1 (ENABLED)   ENodeBFunction=1,EUtranCellFDD=SC0FM1
  127  1 (UNLOCKED)  1 (ENABLED)   ENodeBFunction=1,EUtranCellFDD=SC0FM2
  228  1 (UNLOCKED)  1 (ENABLED)   ENodeBFunction=1,EUtranCellFDD=SC0FM3
  344  1 (UNLOCKED)  1 (ENABLED)   ENodeBFunction=1,EUtranCellFDD=SC0FT1
  455  1 (UNLOCKED)  1 (ENABLED)   ENodeBFunction=1,EUtranCellFDD=SC0FT2
  578  1 (UNLOCKED)  1 (ENABLED)   ENodeBFunction=1,EUtranCellFDD=SC0FT3
===================================================================================
Total: 6 MOs

SC0FT> st radio

251125-10:02:00+0100 19.31.4.148 25.0h MSRBS_NODE_MODEL_25.Q1_693.28324.131_62ac stopfile=/tmp/1833456
===================================================================================
Proxy  Adm State     Op. State     MO
===================================================================================
 1970  1 (UNLOCKED)  1 (ENABLED)   Equipment=1,FieldReplaceableUnit=Radio-S100-1
 1993  1 (UNLOCKED)  1 (ENABLED)   Equipment=1,FieldReplaceableUnit=Radio-S102-1
17719  1 (UNLOCKED)  1 (ENABLED)   Transport=1,Synchronization=1,RadioEquipmentClock=1,RadioEquipmentClockReference=PTP
17720  1 (UNLOCKED)  1 (ENABLED)   Transport=1,Synchronization=1,RadioEquipmentClock=1,RadioEquipmentClockReference=SyncE
===================================================================================
Total: 4 MOs

SC0FT> sdir

251125-10:02:00+0100 19.31.4.148 25.0h MSRBS_NODE_MODEL_25.Q1_693.28324.131_62ac stopfile=/tmp/1833456
INFO: Using amos lookupAccount credentials for the export login
..............................
get /rop/A20251125.0815-0830_SC0FT.xml.gz /ericsson/log/amos/moshell_logfiles/t20251125_37258710_65084/logs_moshell/pmfiles/19.31.4.148/rop/A20251125.0815-0830_SC0FT.xml.gz ... OK
get /rop/A20251125.0830-0845_SC0FT.xml.gz /ericsson/log/amos/moshell_logfiles/t20251125_37258710_65084/logs_moshell/pmfiles/19.31.4.148/rop/A20251125.0830-0845_SC0FT.xml.gz ... OK
get /rop/A20251125.0845-0900_SC0FT.xml.gz /ericsson/log/amos/moshell_logfiles/t20251125_37258710_65084/logs_moshell/pmfiles/19.31.4.148/rop/A20251125.0845-0900_SC0FT.xml.gz ... OK
...Checking available boards on node...

Collecting RCS board data ...
......................................................................................................................
.
..............................................................................................................................................................................................................................................
....
Collecting TN data...
..................................................................................................................................................................................................................................................
Collecting RF data...
.
Collecting Alarms...
Executing action Log.export()
...
Log=AlarmLog                    actionId=50260
........
Executing action LogM.exportAvailabilityLog()
..LogM=1,exportAvailabilityLog    actionId=50261
.....Parsing alarmLog.....Done.
Parsing availabilityLog....Done.
....

Total: 2 CPRI links (2 OK, 0 OKW, 0 NOK, 0 NT)

+--------+                      +------------------+
|        | D        O101     D1 |   Radio-S100-1   |
|        |-----------1----------| RRU449944B144B3C |
|        |         OK-6m        |      BXP_2       |
|        |                      +------------------+
|        |                           |A  |B  |C  |D
|        |                    SE=100 AG=100  |   |
|        |            FDD=SC0FM1 FDD=SC0FT1  |   |
|        |                            SE=101 AG=101
|        |                    FDD=SC0FM2 FDD=SC0FT2
|  BB-1  |
| BB6631 |
| 000100 |
|        |                      +------------------+
|        | E        O101     D1 |   Radio-S102-1   |
|        |-----------2----------| RRU449944B144B3C |
|        |         OK-6m        |      BXP_3       |
|        |                      +------------------+
|        |                           |A  |B  |C  |D
|        |                    SE=102 AG=102  |   |
|        |            FDD=SC0FM3 FDD=SC0FT3  |   |
|        |
+--------+

=====================================================================================================================================
ID RiL    Type Res MO1-MO2                  BOARD1-BOARD2           AlmIDs Cells (States)                                        Issue (Failed checks)
=====================================================================================================================================
 1 S100-1 O101 OK  BB-1(D) Radio-S100-1(D1) BB6631 RRU449944B144B3C        FDD=SC0FM1 FDD=SC0FM2 FDD=SC0FT1 FDD=SC0FT2 (1,1,1,1) Passed
 2 S102-1 O101 OK  BB-1(E) Radio-S102-1(D1) BB6631 RRU449944B144B3C        FDD=SC0FM3 FDD=SC0FT3 (1,1)                           Passed
-------------------------------------------------------------------------------------------------------------------------------------

Node: RadioNode L   CXP2010174/2_R27J08 (25.Q1)   G3.1   LTE-FDD 

=====================================================================================================================================
FRU          ;LNH    ;BOARD            ;ST ;FAULT ;OPER ;MAINT ;STAT ;PRODUCTNUMBER   ;REV     ;SERIAL        ;DATE     ;PMTEMP ; TEMP ; UPT ;VOLT ;SW                   ;
=====================================================================================================================================
BB-1         ;000100 ;BB6631           ; 1 ;  OFF ;  ON ;  OFF ;  ON ;KDU1370071/11   ;R3E     ;E23F415253    ;20240414 ;3 (OK) ;      ; 131 ;54   ;                     ;
Radio-S100-1 ;BXP_2  ;RRU449944B144B3C ; 1 ;  OFF ;  ON ;  OFF ; N/A ;KRC161787/1     ;R3A     ;E23F454105    ;20240426 ;4 (OK) ; 31.5 ; 131 ;54.7 ;CXP9013268%15_R101LX ; (Radio449944B144B3C)
Radio-S102-1 ;BXP_3  ;RRU449944B144B3C ; 1 ;  OFF ;  ON ;  OFF ; N/A ;KRC161787/1     ;R3A     ;E23F454106    ;20240426 ;4 (OK) ; 29.5 ; 131 ;55.0 ;CXP9013268%15_R101LX ; (Radio449944B144B3C)
-------------------------------------------------------------------------------------------------------------------------------------

=====================================================================================================================================
AntennaNearUnit                                     ;ST  ;TYPE   ;PRODUCTNR  ;REV                ;UNIQUEID             ;RfPort
=====================================================================================================================================
AntennaUnitGroup=100,AntennaNearUnit=DTMA_1800      ; 1  ;TMA    ;MI-12732   ;D                  ;MDAS223600346_1.8    ;FieldReplaceableUnit=Radio-S100-1,RfPort=R
AntennaUnitGroup=100,AntennaNearUnit=DTMA_2100      ; 1  ;TMA    ;MI-12732   ;D                  ;MDAS223600346_2.1    ;FieldReplaceableUnit=Radio-S100-1,RfPort=R
AntennaUnitGroup=100,AntennaNearUnit=RET_1800_2100  ; 1  ;S-RET  ;AIMM20M22  ;WD81MANBRCU_VER.D  ;HWM1360FA05VW638yyR  ;FieldReplaceableUnit=Radio-S100-1,RfPort=R
AntennaUnitGroup=101,AntennaNearUnit=DTMA_1800      ; 1  ;TMA    ;MI-12732   ;D                  ;MDAS224500889_1.8    ;FieldReplaceableUnit=Radio-S100-1,RfPort=R
AntennaUnitGroup=101,AntennaNearUnit=DTMA_2100      ; 1  ;TMA    ;MI-12732   ;D                  ;MDAS224500889_2.1    ;FieldReplaceableUnit=Radio-S100-1,RfPort=R
AntennaUnitGroup=101,AntennaNearUnit=RET_1800_2100  ; 1  ;S-RET  ;AIMM20M22  ;WD81MANBRCU_VER.D  ;HWM1360FA05YP245yyR  ;FieldReplaceableUnit=Radio-S100-1,RfPort=R
AntennaUnitGroup=102,AntennaNearUnit=DTMA_1800      ; 1  ;TMA    ;MI-12732   ;D                  ;MDAS224500850_1.8    ;FieldReplaceableUnit=Radio-S102-1,RfPort=R
AntennaUnitGroup=102,AntennaNearUnit=DTMA_2100      ; 1  ;TMA    ;MI-12732   ;D                  ;MDAS224500850_2.1    ;FieldReplaceableUnit=Radio-S102-1,RfPort=R
AntennaUnitGroup=102,AntennaNearUnit=RET_1800_2100  ; 1  ;S-RET  ;AIMM20M22  ;WD81MANBRCU_VER.D  ;HWM1360FA03V4042yyR  ;FieldReplaceableUnit=Radio-S102-1,RfPort=R
-------------------------------------------------------------------------------------------------------------------------------------

=====================================================================================================================================
XPBOARD  ;ST ;FAULT ;OPER ;PRODUCTNUMBER ;REV ;SERIAL/NAME ;DATE     ; TEMP ;MO
=====================================================================================================================================
FAN08    ; 1 ;N/A   ;N/A  ;BKV106236/1   ;R2M ;CE5100X587  ;20240104 ; 35.0 ;SupportUnit=1 (FAN  BB-1)
-------------------------------------------------------------------------------------------------------------------------------------

=====================================================================================================================================
ID ;T ;RiL    ;BPBP ;BOARD1           ;LNH1 ;PORT ;R ;LINK ;RATE  ; BER ;BOARD2           ;LNH2 ;PORT ;R ;LINK ;RATE  ; BER ;LENGTH ;MO1 - MO2
=====================================================================================================================================
 1 ;O ;S100-1 ;1111 ;BB6631           ;000100 ; 4 ;M ;Up   ;10.1G ;   0 ;RRU449944B144B3C ;BXP_2  ; 0 ;S ;Up   ;10.1G ;   0 ;    6m ;Fru=BB-1(D) Fru=Radio-S100-1(D1)
 2 ;O ;S102-1 ;1111 ;BB6631           ;000100 ; 5 ;M ;Up   ;10.1G ;   0 ;RRU449944B144B3C ;BXP_3  ; 0 ;S ;Up   ;10.1G ;   0 ;    6m ;Fru=BB-1(E) Fru=Radio-S102-1(D1)
-------------------------------------------------------------------------------------------------------------------------------------

=====================================================================================================================================
ID ;LINK ;RiL    ;VENDOR1  ;VENDORPROD1     ;REV1 ;SERIAL1    ;DATE1    ;ERICSSONPROD1  ;VENDOR2  ;VENDORPROD2     ;REV2 ;SERIAL2    ;DATE2    ;ERICSSONPROD2  ;TT ;WL1     ;WL2    
=====================================================================================================================================
 1 ;Up   ;S100-1 ;ERICSSON ;SPP10ELRIDFSEN  ;10   ;CT74067050 ;20231228 ;RDH10265/2 R1A ;ERICSSON ;SPP10ELRIDFSEN  ;10   ;CT74066897 ;20231228 ;RDH10265/2 R1A ;0  ;1310.00 ;1310.00
 2 ;Up   ;S102-1 ;ERICSSON ;SPP10ELRIDFSEN  ;10   ;CT74084751 ;20240103 ;RDH10265/2 R1A ;ERICSSON ;SPP10ELRIDFSEN  ;10   ;CT74067319 ;20231228 ;RDH10265/2 R1A ;0  ;1310.00 ;1310.00
-------------------------------------------------------------------------------------------------------------------------------------

=====================================================================================================================================
ID ;LINK ;RiL    ;WL1     ;TEMP1 ;TXbs1 ;TXdBm1 ;RXdBm1 ;BER1   ;WL2     ;TEMP2 ;TXbs2 ;TXdBm2 ;RXdBm2 ;BER2   ;DlLoss ;UlLoss ;LENGTH ;TT
=====================================================================================================================================
 1 ;Up   ;S100-1 ;1310.00 ;36C   ;43%   ;-2.77  ;-4.61  ;   0   ;1310.00 ;27C   ;43%   ;-2.87  ;-3.22  ;   0   ;  0.45 ;  1.74 ;    6m ; 0
 2 ;Up   ;S102-1 ;1310.00 ;40C   ;48%   ;-2.09  ;-3.04  ;   0   ;1310.00 ;26C   ;44%   ;-1.96  ;-1.97  ;   0   ; -0.12 ;  1.08 ;    6m ; 0
-------------------------------------------------------------------------------------------------------------------------------------

=====================================================================================================================================
ID ;RiL    ;BOARD            ;SFPLNH  ;PORT ;VENDOR   ;VENDORPROD      ;REV  ;SERIAL     ;DATE     ;ERICSSONPROD   ;WL      ;TEMP  ;TXbs  ;TXdBm  ;RXdBm  ; BER
=====================================================================================================================================
 1 ;S100-1 ;BB6631           ;000100   ;  4 ;ERICSSON ;SPP10ELRIDFSEN  ;10   ;CT74067050 ;20231228 ;RDH10265/2 R1A ;1310.00 ;36C   ;43%   ;-2.77  ;-4.61  ;   0
 2 ;S102-1 ;BB6631           ;000100   ;  5 ;ERICSSON ;SPP10ELRIDFSEN  ;10   ;CT74084751 ;20240103 ;RDH10265/2 R1A ;1310.00 ;40C   ;48%   ;-2.09  ;-3.04  ;   0
 1 ;S100-1 ;RRU449944B144B3C ;BXP_2    ;  0 ;ERICSSON ;SPP10ELRIDFSEN  ;10   ;CT74066897 ;20231228 ;RDH10265/2 R1A ;1310.00 ;27C   ;43%   ;-2.87  ;-3.22  ;   0
 2 ;S102-1 ;RRU449944B144B3C ;BXP_3    ;  0 ;ERICSSON ;SPP10ELRIDFSEN  ;10   ;CT74067319 ;20231228 ;RDH10265/2 R1A ;1310.00 ;26C   ;44%   ;-1.96  ;-1.97  ;   0
-------------------------------------------------------------------------------------------------------------------------------------
TN ;       ;BB6631           ;000100   ; IB ;WTD      ;RTXM192-406-C25 ;3.0  ;CU824B1NY3 ;20240219 ;RDH10247/2 R2A ;1310    ;35C   ;19%   ;-5.30  ;-7.83  ;NZ/0
-------------------------------------------------------------------------------------------------------------------------------------

=====================================================================================================================================
BOARD  ;LNH    ;PORT     ;T ;S ;OpMode        ;AutoNeg ;MacAddress        ;VlanIds   ;LOS ;BER
=====================================================================================================================================
BB6631 ;000100 ;TN_E     ;E ;1 ;1G_FULL_SLAVE ;true    ;F4:3C:96:82:73:81 ;3910      ;0   ;0/0
BB6631 ;000100 ;TN_IDL_B ;O ;1 ;1G_FULL       ;true    ;F4:3C:96:82:73:7E ;3908,3910 ;0   ;NZ/0
-------------------------------------------------------------------------------------------------------------------------------------

radioClockState : RNT_TIME_LOCKED
-------------------------------------------------------------------------------------
Prio  ;ST  ;syncRefType  ;refStatus  ;opQualLevel  ;SyncReference
-------------------------------------------------------------------------------------
  *1  ; 1  ;PTP_TIME     ;NO_FAULT   ;PRTC         ;Ptp=1,BoundaryOrdinaryClock=PTP (G_8275_1 EthernetPort=TN_IDL_B:SLAVE)
   2  ; 1  ;SYNC_E       ;NO_FAULT   ;PRC          ;Synchronization=1,SyncEthInput=SyncE (SFP_OPTICAL EthernetPort=TN_IDL_B)
-------------------------------------------------------------------------------------

=====================================================================================================================================
FRU          ;LNH    ;BOARD            ;RF  ;BP  ;TX (W/dBm)  ;VSWR (RL)   ;RX (dBm) ;UEs/gUEs  ;Sector/AntennaGroup/Cells (State:CellIds:PCIs)
=====================================================================================================================================
Radio-S100-1 ;BXP_2  ;RRU449944B144B3C ; A  ;11  ;30.2 (44.8) ;1.29 (17.9) ;-97.5    ;4/-       ;SE=100 AG=100 FDD=SC0FM1 FDD=SC0FT1 (1:31:374, 1:41:35)
Radio-S100-1 ;BXP_2  ;RRU449944B144B3C ; B  ;11  ;10.0 (40.0) ;1.18 (21.7) ;-97.4    ;4/-       ;SE=100 AG=100 FDD=SC0FM1 FDD=SC0FT1 (1:31:374, 1:41:35)
Radio-S100-1 ;BXP_2  ;RRU449944B144B3C ; C  ;11  ;35.0 (45.4) ;1.14 (23.9) ;-96.0    ;17/-      ;SE=101 AG=101 FDD=SC0FM2 FDD=SC0FT2 (1:32:325, 1:42:493)
Radio-S100-1 ;BXP_2  ;RRU449944B144B3C ; D  ;11  ;12.6 (41.0) ;1.17 (22.1) ;-95.4    ;17/-      ;SE=101 AG=101 FDD=SC0FM2 FDD=SC0FT2 (1:32:325, 1:42:493)
Radio-S102-1 ;BXP_3  ;RRU449944B144B3C ; A  ;11  ;28.0 (44.5) ;1.19 (21.4) ;-92.0    ;30/-      ;SE=102 AG=102 FDD=SC0FM3 FDD=SC0FT3 (1:33:166, 1:43:323)
Radio-S102-1 ;BXP_3  ;RRU449944B144B3C ; B  ;11  ;8.7 (39.4)  ;1.14 (23.7) ;-91.7    ;30/-      ;SE=102 AG=102 FDD=SC0FM3 FDD=SC0FT3 (1:33:166, 1:43:323)
Radio-S102-1 ;BXP_3  ;RRU449944B144B3C ; C  ;11  ;-           ;-           ;         ;          ;
Radio-S102-1 ;BXP_3  ;RRU449944B144B3C ; D  ;11  ;-           ;-           ;         ;          ;
-------------------------------------------------------------------------------------------------------------------------------------

SC0FT> mfar

251125-10:03:57+0100 19.31.4.148 25.0h MSRBS_NODE_MODEL_25.Q1_693.28324.131_62ac stopfile=/tmp/1833456
.....
Last MO: 17730. Loaded 17730 MOs. Total: 17731 MOs.
................................................
get /rop/A20251125.0730-0745_SC0FT.xml.gz /ericsson/log/amos/moshell_logfiles/t20251125_37258710_65084/logs_moshell/pmfiles/19.31.4.148/rop/A20251125.0730-0745_SC0FT.xml.gz ... OK
get /rop/A20251125.0745-0800_SC0FT.xml.gz /ericsson/log/amos/moshell_logfiles/t20251125_37258710_65084/logs_moshell/pmfiles/19.31.4.148/rop/A20251125.0745-0800_SC0FT.xml.gz ... OK
get /rop/A20251125.0800-0815_SC0FT.xml.gz /ericsson/log/amos/moshell_logfiles/t20251125_37258710_65084/logs_moshell/pmfiles/19.31.4.148/rop/A20251125.0800-0815_SC0FT.xml.gz ... OK

Using hardcoded thresholds: 3, 4.5, and 16.5
================================================================================================================================
SC     SE  Tx/Rx BrPair  RfPort1 - RfPort2               HW       Serial      Cell (State)   Samples   Med  Mean  SDev Pol Res Issue
================================================================================================================================
SC0FM1 100   2/2 0 (1,2) Radio-S100-1(A) Radio-S100-1(B) RRU4499  E23F454105  FDD=SC0FM1 (1)   12702  -1.5  -1.5   6.8  NA  OK Passed
SC0FM2 101   2/2 0 (1,2) Radio-S100-1(C) Radio-S100-1(D) RRU4499  E23F454105  FDD=SC0FM2 (1)   16130  -3.5  -2.9   6.7  NA  OK Passed
SC0FM3 102   2/2 0 (1,2) Radio-S102-1(A) Radio-S102-1(B) RRU4499  E23F454106  FDD=SC0FM3 (1)   34556  -1.5  -1.6   6.4  NA  OK Passed
SC0FT1 100   2/2 0 (1,2) Radio-S100-1(A) Radio-S100-1(B) RRU4499  E23F454105  FDD=SC0FT1 (1)  101941  -0.5  -0.9   6.9  NA  OK Passed
SC0FT2 101   2/2 0 (1,2) Radio-S100-1(C) Radio-S100-1(D) RRU4499  E23F454105  FDD=SC0FT2 (1)  271975   0.5   1.1   7.4  NA  OK Passed
SC0FT3 102   2/2 0 (1,2) Radio-S102-1(A) Radio-S102-1(B) RRU4499  E23F454106  FDD=SC0FT3 (1)  484625   0.5   0.1   6.1  NA  OK Passed
================================================================================================================================
Total: 6 SectorCarriers, 6 RfBranch Pairs (6 OK, 0 OKW, 0 NOK, 0 NT)
......
Last MO: 17730. Loaded 17730 MOs. Total: 17731 MOs.

No NRSectorCarrier MOs are defined on the node.

SC0FT> mfitr

251125-10:04:14+0100 19.31.4.148 25.0h MSRBS_NODE_MODEL_25.Q1_693.28324.131_62ac stopfile=/tmp/1833456
.........
Last MO: 17730. Loaded 17730 MOs. Total: 17731 MOs.
........
2025-11-25 10:04
================================================================================================================================
CELL       SC     FRU          BOARD            PUSCH  PUCCH       A      B      C      D  DELTA
================================================================================================================================
FDD=SC0FM1 SC0FM1 Radio-S100-1 RRU449944B144B3C -120.2 -120.8 -121.4 -121.2                  0.2
FDD=SC0FM2 SC0FM2 Radio-S100-1 RRU449944B144B3C -120.5 -120.3               -121.3 -121.5    0.2
FDD=SC0FM3 SC0FM3 Radio-S102-1 RRU449944B144B3C -120.7 -120.7 -120.5 -120.4                  0.1
FDD=SC0FT1 SC0FT1 Radio-S100-1 RRU449944B144B3C -117.5 -119.2 -117.7 -117.6                  0.1
FDD=SC0FT2 SC0FT2 Radio-S100-1 RRU449944B144B3C -117.4 -119.1               -119.6 -119.1    0.5
FDD=SC0FT3 SC0FT3 Radio-S102-1 RRU449944B144B3C -117.1 -118.7 -117.5 -118.9                  1.4
================================================================================================================================
Bye...
Output has been logged to file /mta_fs/UserFiles/37258710/amosbatch/SDIR/SC0FT.log
