Logging to file /mta_fs/UserFiles/37258710/amosbatch/SDIR/SC12T.log
                        __  __  ____   _____
                  /\   |  \/  |/ __ \ / ____|
                 /  \  | \  / | |  | | (___  
                / /\ \ | |\/| | |  | |\___ \ 
               / ____ \| |  | | |__| |____) |
              /_/    \_\_|  |_|\____/|_____/
              OSS Framework for MoShell-25.0h 
  Copyright (c) Ericsson AB 2001-2025 - All Rights Reserved
              
           
[1;31mWARNING: [0mthe AMOS version currently running is more than 29 weeks old and is unsupported.
Please upgrade as soon as possible to the latest released version, available from your local Ericsson support.

$amosrb_pid = 1896995

Checking ip contact...OK

HELP MENU            : h
BASIC MO COMMANDS    : m
OTHER MO COMMANDS    : n
OTHER COMMANDS       : o
PM COMMANDS          : p
QUIT                 : q

SC12T> lt all

251125-10:18:17+0100 19.31.8.67 25.0h  stopfile=/tmp/1896888
Looking up temporary_amos account... OK.
Trying temporary_amos_t20251125_37258710_65084_131's password from amos lookupAccount ... OK

$ssh_pid = 1897647

Connected to 19.31.8.67 (SubNetwork=BBMM_rckomc_R,MeContext=SC12T,ManagedElement=SC12T)

Checking MOM version...MSRBS_NODE_MODEL_25.Q1_693.28324.131_62ac
Parsing MOM (cached): /ericsson/log/amos/moshell_logfiles/t20251125_37258710_65084/logs_moshell/tempfiles/scp-4-amos_20251125-101810_1896830/MSRBS_NODE_MODEL_25.Q1_693.28324.131_62ac.xml.cache.gz ..................................................................................................................................................................................................................................Done.
Using paramfile /opt/ericsson/amos/moshell/commonjars/pm/PARAM_MSRBS_25.Q1.txt
Parsing file /opt/ericsson/amos/moshell/commonjars/pm/PARAM_MSRBS_25.Q1.txt .......................................................................................Done.
Using imomdfile /opt/ericsson/amos/moshell/commonjars/pm/IMOMD_MSRBS_22.Q4.txt
Using imomfile /opt/ericsson/amos/moshell/commonjars/pm/IMOM_MSRBS_25.Q1.txt
Connected to 19.31.8.67 (SubNetwork=BBMM_rckomc_R,MeContext=SC12T,ManagedElement=SC12T)

Last MO: 17126. Loaded 17126 MOs. Total: 17127 MOs.

SC12T> st cell

251125-10:18:30+0100 19.31.8.67 25.0h MSRBS_NODE_MODEL_25.Q1_693.28324.131_62ac stopfile=/tmp/1896888
===================================================================================
Proxy  Adm State     Op. State     MO
===================================================================================
   43  1 (UNLOCKED)  1 (ENABLED)   ENodeBFunction=1,EUtranCellFDD=SC12M1
  126  1 (UNLOCKED)  1 (ENABLED)   ENodeBFunction=1,EUtranCellFDD=SC12M2
  208  1 (UNLOCKED)  1 (ENABLED)   ENodeBFunction=1,EUtranCellFDD=SC12M3
  300  1 (UNLOCKED)  1 (ENABLED)   ENodeBFunction=1,EUtranCellFDD=SC12T1
  388  1 (UNLOCKED)  1 (ENABLED)   ENodeBFunction=1,EUtranCellFDD=SC12T2
  473  1 (UNLOCKED)  1 (ENABLED)   ENodeBFunction=1,EUtranCellFDD=SC12T3
===================================================================================
Total: 6 MOs

SC12T> st radio

251125-10:18:30+0100 19.31.8.67 25.0h MSRBS_NODE_MODEL_25.Q1_693.28324.131_62ac stopfile=/tmp/1896888
===================================================================================
Proxy  Adm State     Op. State     MO
===================================================================================
 1411  1 (UNLOCKED)  1 (ENABLED)   Equipment=1,FieldReplaceableUnit=Radio-S100-1
 1434  1 (UNLOCKED)  1 (ENABLED)   Equipment=1,FieldReplaceableUnit=Radio-S101-1
17119  1 (UNLOCKED)  1 (ENABLED)   Transport=1,Synchronization=1,RadioEquipmentClock=1,RadioEquipmentClockReference=NTP1
17120  1 (UNLOCKED)  1 (ENABLED)   Transport=1,Synchronization=1,RadioEquipmentClock=1,RadioEquipmentClockReference=PTP8275_2
===================================================================================
Total: 4 MOs

SC12T> sdir

251125-10:18:30+0100 19.31.8.67 25.0h MSRBS_NODE_MODEL_25.Q1_693.28324.131_62ac stopfile=/tmp/1896888
INFO: Using amos lookupAccount credentials for the export login
..............................
get /rop/A20251125.0830-0845_SC12T.xml.gz /ericsson/log/amos/moshell_logfiles/t20251125_37258710_65084/logs_moshell/pmfiles/19.31.8.67/rop/A20251125.0830-0845_SC12T.xml.gz ... OK
get /rop/A20251125.0845-0900_SC12T.xml.gz /ericsson/log/amos/moshell_logfiles/t20251125_37258710_65084/logs_moshell/pmfiles/19.31.8.67/rop/A20251125.0845-0900_SC12T.xml.gz ... OK
get /rop/A20251125.0900-0915_SC12T.xml.gz /ericsson/log/amos/moshell_logfiles/t20251125_37258710_65084/logs_moshell/pmfiles/19.31.8.67/rop/A20251125.0900-0915_SC12T.xml.gz ... OK
...Checking available boards on node...

Collecting RCS board data ...
........................................................................................................................
.
.............................................................................

Collecting TN data...
....................................................................................................................................
Collecting RF data...
.
Collecting Alarms...
Executing action Log.export()
...
Log=AlarmLog                    actionId=45059
........
Executing action LogM.exportAvailabilityLog()
..LogM=1,exportAvailabilityLog    actionId=45060
.....Parsing alarmLog......Done.
Parsing availabilityLog.......Done.
.......

Total: 2 CPRI links (2 OK, 0 OKW, 0 NOK, 0 NT)

+--------+                      +------------------+
|        | D        O101     D1 |   Radio-S100-1   |
|        |-----------1----------| RRU449944B144B3C |
|        |         OK-56m       |      BXP_3       |
|        |                      +------------------+
|        |                           |A  |B  |C  |D
|        |                    SE=100 AG=100  |   |
|        |            FDD=SC12M1 FDD=SC12T1  |   |
|        |                            SE=102 AG=102
|        |                    FDD=SC12M3 FDD=SC12T3
|  BB-1  |
| BB6631 |
| 000100 |
|        |                      +------------------+
|        | E        O101     D1 |   Radio-S101-1   |
|        |-----------2----------| RRU449944B144B3C |
|        |         OK-56m       |      BXP_2       |
|        |                      +------------------+
|        |                           |A  |B  |C  |D
|        |                    SE=101 AG=101  |   |
|        |            FDD=SC12M2 FDD=SC12T2  |   |
|        |
+--------+

=====================================================================================================================================
ID RiL    Type Res MO1-MO2                  BOARD1-BOARD2           AlmIDs Cells (States)                                        Issue (Failed checks)
=====================================================================================================================================
 1 S100-1 O101 OK  BB-1(D) Radio-S100-1(D1) BB6631 RRU449944B144B3C        FDD=SC12M1 FDD=SC12M3 FDD=SC12T1 FDD=SC12T3 (1,1,1,1) Passed
 2 S101-1 O101 OK  BB-1(E) Radio-S101-1(D1) BB6631 RRU449944B144B3C        FDD=SC12M2 FDD=SC12T2 (1,1)                           Passed
-------------------------------------------------------------------------------------------------------------------------------------

=====================================================================================================================================
AlmID IDs RiLs Status     Alarm
=====================================================================================================================================
-------------------------------------------------------------------------------------------------------------------------------------

Node: RadioNode L   CXP2010174/2_R27J08 (25.Q1)   G3.1   LTE-FDD 

=====================================================================================================================================
FRU          ;LNH    ;BOARD            ;ST ;FAULT ;OPER ;MAINT ;STAT ;PRODUCTNUMBER   ;REV     ;SERIAL        ;DATE     ;PMTEMP ; TEMP ; UPT ;VOLT ;SW                   ;
=====================================================================================================================================
BB-1         ;000100 ;BB6631           ; 1 ;  OFF ;  ON ;  OFF ; OFF ;KDU1370071/11   ;R3E     ;E23F415174    ;20240414 ;3 (OK) ;      ;0.20 ;52   ;                     ;
Radio-S100-1 ;BXP_3  ;RRU449944B144B3C ; 1 ;  OFF ;  ON ;  OFF ; N/A ;KRC161787/1     ;R3A     ;E23F360418    ;20240327 ;4 (OK) ; 17.0 ;0.20 ;52.6 ;CXP9013268%15_R101LX ; (Radio449944B144B3C)
Radio-S101-1 ;BXP_2  ;RRU449944B144B3C ; 1 ;  OFF ;  ON ;  OFF ; N/A ;KRC161787/1     ;R3A     ;E23F360423    ;20240327 ;4 (OK) ; 16.0 ;0.20 ;53.0 ;CXP9013268%15_R101LX ; (Radio449944B144B3C)
-------------------------------------------------------------------------------------------------------------------------------------

=====================================================================================================================================
XPBOARD  ;ST ;FAULT ;OPER ;PRODUCTNUMBER ;REV ;SERIAL/NAME ;DATE     ; TEMP ;MO
=====================================================================================================================================
FAN08    ; 1 ;N/A   ;N/A  ;BKV106236/1   ;R2M ;CE5100X5KN  ;20240104 ; 41.0 ;SupportUnit=1 (FAN  BB-1)
-------------------------------------------------------------------------------------------------------------------------------------

=====================================================================================================================================
ID ;T ;RiL    ;BPBP ;BOARD1           ;LNH1 ;PORT ;R ;LINK ;RATE  ; BER ;BOARD2           ;LNH2 ;PORT ;R ;LINK ;RATE  ; BER ;LENGTH ;MO1 - MO2
=====================================================================================================================================
 1 ;O ;S100-1 ;1111 ;BB6631           ;000100 ; 4 ;M ;Up   ;10.1G ;   0 ;RRU449944B144B3C ;BXP_3  ; 0 ;S ;Up   ;10.1G ;   0 ;   56m ;Fru=BB-1(D) Fru=Radio-S100-1(D1)
 2 ;O ;S101-1 ;1111 ;BB6631           ;000100 ; 5 ;M ;Up   ;10.1G ;   0 ;RRU449944B144B3C ;BXP_2  ; 0 ;S ;Up   ;10.1G ;   0 ;   56m ;Fru=BB-1(E) Fru=Radio-S101-1(D1)
-------------------------------------------------------------------------------------------------------------------------------------

=====================================================================================================================================
ID ;LINK ;RiL    ;VENDOR1  ;VENDORPROD1     ;REV1 ;SERIAL1        ;DATE1    ;ERICSSONPROD1      ;VENDOR2  ;VENDORPROD2     ;REV2 ;SERIAL2        ;DATE2    ;ERICSSONPROD2      ;TT ;WL1     ;WL2    
=====================================================================================================================================
 1 ;Up   ;S100-1 ;ERICSSON ;SPP10ELRIDFSEN  ;10   ;CT74093299     ;20240103 ;RDH10265/2 R1A     ;ERICSSON ;SPP10ELRIDFSEN  ;10   ;CT74068943     ;20231228 ;RDH10265/2 R1A     ;0  ;1310.00 ;1310.00
 2 ;Up   ;S101-1 ;ERICSSON ;SPP10ELRIDFSEN  ;10   ;CT74033153     ;20231214 ;RDH10265/2 R1A     ;ERICSSON ;SPP10ELRIDFSEN  ;10   ;CT74067827     ;20231228 ;RDH10265/2 R1A     ;0  ;1310.00 ;1310.00
-------------------------------------------------------------------------------------------------------------------------------------

=====================================================================================================================================
ID ;LINK ;RiL    ;WL1     ;TEMP1 ;TXbs1 ;TXdBm1 ;RXdBm1 ;BER1   ;WL2     ;TEMP2 ;TXbs2 ;TXdBm2 ;RXdBm2 ;BER2   ;DlLoss ;UlLoss ;LENGTH ;TT
=====================================================================================================================================
 1 ;Up   ;S100-1 ;1310.00 ;44C   ;47%   ;-2.12  ;-3.39  ;   0   ;1310.00 ;13C   ;44%   ;-2.55  ;-1.84  ;   0   ; -0.28 ;  0.84 ;   56m ; 0
 2 ;Up   ;S101-1 ;1310.00 ;44C   ;41%   ;-2.20  ;-1.78  ;   0   ;1310.00 ;20C   ;42%   ;-1.67  ;-4.02  ;   0   ;  1.82 ;  0.11 ;   56m ; 0
-------------------------------------------------------------------------------------------------------------------------------------

=====================================================================================================================================
ID ;RiL    ;BOARD            ;SFPLNH  ;PORT ;VENDOR   ;VENDORPROD      ;REV  ;SERIAL         ;DATE     ;ERICSSONPROD       ;WL      ;TEMP  ;TXbs  ;TXdBm  ;RXdBm  ; BER
=====================================================================================================================================
 1 ;S100-1 ;BB6631           ;000100   ;  4 ;ERICSSON ;SPP10ELRIDFSEN  ;10   ;CT74093299     ;20240103 ;RDH10265/2 R1A     ;1310.00 ;44C   ;47%   ;-2.12  ;-3.39  ;   0
 2 ;S101-1 ;BB6631           ;000100   ;  5 ;ERICSSON ;SPP10ELRIDFSEN  ;10   ;CT74033153     ;20231214 ;RDH10265/2 R1A     ;1310.00 ;44C   ;41%   ;-2.20  ;-1.78  ;   0
 2 ;S101-1 ;RRU449944B144B3C ;BXP_2    ;  0 ;ERICSSON ;SPP10ELRIDFSEN  ;10   ;CT74067827     ;20231228 ;RDH10265/2 R1A     ;1310.00 ;20C   ;42%   ;-1.67  ;-4.02  ;   0
 1 ;S100-1 ;RRU449944B144B3C ;BXP_3    ;  0 ;ERICSSON ;SPP10ELRIDFSEN  ;10   ;CT74068943     ;20231228 ;RDH10265/2 R1A     ;1310.00 ;13C   ;44%   ;-2.55  ;-1.84  ;   0
-------------------------------------------------------------------------------------------------------------------------------------
TN ;       ;BB6631           ;000100   ; IB ;WTD      ;RTXM192-406-C25 ;3.0  ;CU824A1RVE     ;20240203 ;RDH10247/2 R2A     ;1310    ;38C   ;20%   ;-5.69  ;-5.38  ;NZ/0
TN ;       ;BB6631           ;000100   ;IA1 ;ERICSSON ;NDAAF9-E201     ;E    ;APF2413201177K ;20240330 ;RPM777053/1000 R1B ;NA      ;NA    ;NA    ;NA     ;NA     ; 0/0
-------------------------------------------------------------------------------------------------------------------------------------

=====================================================================================================================================
BOARD  ;LNH    ;PORT       ;T ;S ;OpMode   ;AutoNeg ;MacAddress        ;VlanIds        ;LOS ;BER
=====================================================================================================================================
BB6631 ;000100 ;TN_IDL_A_1 ;O ;1 ;10G_FULL ;false   ;F4:3C:96:82:78:7A ;3901,3908,3910 ;0   ;0/0
BB6631 ;000100 ;TN_IDL_B   ;O ;1 ;1G_FULL  ;true    ;F4:3C:96:82:78:7E ;3901,3908,3910 ;0   ;NZ/0
-------------------------------------------------------------------------------------------------------------------------------------

radioClockState : RNT_TIME_LOCKED
-------------------------------------------------------------------------------------
Prio  ;ST  ;syncRefType    ;refStatus  ;opQualLevel  ;SyncReference
-------------------------------------------------------------------------------------
  *1  ; 1  ;PTP_TIME       ;NO_FAULT   ;PRTC         ;Ptp=1,BoundaryOrdinaryClock=1 (G_8275_2 Router=45G_Traffic,InterfaceIPv4=LTE,AddressIPv4=LTE:SLAVE)
   2  ; 1  ;NTP_FREQUENCY  ;NO_FAULT   ;PRC          ;Ntp=1,NtpFrequencySync=NTP1 (10.31.0.54:32751 Router=45G_Traffic,InterfaceIPv4=LTE,AddressIPv4=LTE)
-------------------------------------------------------------------------------------

=====================================================================================================================================
FRU          ;LNH    ;BOARD            ;RF  ;BP  ;TX (W/dBm)  ;VSWR (RL)   ;RX (dBm) ;UEs/gUEs  ;Sector/AntennaGroup/Cells (State:CellIds:PCIs)
=====================================================================================================================================
Radio-S100-1 ;BXP_3  ;RRU449944B144B3C ; A  ;11  ;39.0 (45.9) ;1.15 (23.3) ;-95.6    ;8/-       ;SE=100 AG=100 FDD=SC12M1 FDD=SC12T1 (1:31:193, 1:41:134)
Radio-S100-1 ;BXP_3  ;RRU449944B144B3C ; B  ;11  ;-           ;1.22 (20.0) ;-95.5    ;8/-       ;SE=100 AG=100 FDD=SC12M1 FDD=SC12T1 (1:31:193, 1:41:134)
Radio-S100-1 ;BXP_3  ;RRU449944B144B3C ; C  ;11  ;38.2 (45.8) ;1.15 (23.0) ;-96.3    ;4/-       ;SE=102 AG=102 FDD=SC12M3 FDD=SC12T3 (1:33:152, 1:43:182)
Radio-S100-1 ;BXP_3  ;RRU449944B144B3C ; D  ;11  ;-           ;1.19 (21.1) ;-96.5    ;4/-       ;SE=102 AG=102 FDD=SC12M3 FDD=SC12T3 (1:33:152, 1:43:182)
Radio-S101-1 ;BXP_2  ;RRU449944B144B3C ; A  ;11  ;28.7 (44.6) ;1.16 (22.5) ;-95.2    ;30/-      ;SE=101 AG=101 FDD=SC12M2 FDD=SC12T2 (1:32:143, 1:42:180)
Radio-S101-1 ;BXP_2  ;RRU449944B144B3C ; B  ;11  ;7.6 (38.8)  ;1.08 (28.0) ;-95.0    ;30/-      ;SE=101 AG=101 FDD=SC12M2 FDD=SC12T2 (1:32:143, 1:42:180)
Radio-S101-1 ;BXP_2  ;RRU449944B144B3C ; C  ;11  ;-           ;-           ;         ;          ;
Radio-S101-1 ;BXP_2  ;RRU449944B144B3C ; D  ;11  ;-           ;-           ;         ;          ;
-------------------------------------------------------------------------------------------------------------------------------------

SC12T> mfar

251125-10:20:24+0100 19.31.8.67 25.0h MSRBS_NODE_MODEL_25.Q1_693.28324.131_62ac stopfile=/tmp/1896888
.....
Last MO: 17127. Loaded 17127 MOs. Total: 17128 MOs.
...............................................
get /rop/A20251125.0745-0800_SC12T.xml.gz /ericsson/log/amos/moshell_logfiles/t20251125_37258710_65084/logs_moshell/pmfiles/19.31.8.67/rop/A20251125.0745-0800_SC12T.xml.gz ... OK
get /rop/A20251125.0800-0815_SC12T.xml.gz /ericsson/log/amos/moshell_logfiles/t20251125_37258710_65084/logs_moshell/pmfiles/19.31.8.67/rop/A20251125.0800-0815_SC12T.xml.gz ... OK
get /rop/A20251125.0815-0830_SC12T.xml.gz /ericsson/log/amos/moshell_logfiles/t20251125_37258710_65084/logs_moshell/pmfiles/19.31.8.67/rop/A20251125.0815-0830_SC12T.xml.gz ... OK

Using hardcoded thresholds: 3, 4.5, and 16.5
================================================================================================================================
SC     SE  Tx/Rx BrPair  RfPort1 - RfPort2               HW       Serial      Cell (State)   Samples   Med  Mean  SDev Pol Res Issue
================================================================================================================================
SC12M1 100   2/2 0 (1,2) Radio-S100-1(A) Radio-S100-1(B) RRU4499  E23F360418  FDD=SC12M1 (1)   22355  -1.5  -1.7   7.2  NA  OK Passed
SC12M2 101   2/2 0 (1,2) Radio-S101-1(A) Radio-S101-1(B) RRU4499  E23F360423  FDD=SC12M2 (1)   27489  -0.5  -0.3   6.8  NA  OK Passed
SC12M3 102   2/2 0 (1,2) Radio-S100-1(C) Radio-S100-1(D) RRU4499  E23F360418  FDD=SC12M3 (1)   18270  -0.5  -0.3   7.0  NA  OK Passed
SC12T1 100   2/2 0 (1,2) Radio-S100-1(A) Radio-S100-1(B) RRU4499  E23F360418  FDD=SC12T1 (1)  229661   5.5   3.7  10.1  NA OKW Possible RF Loss or PIM at Radio-S100-1(A)
SC12T2 101   2/2 0 (1,2) Radio-S101-1(A) Radio-S101-1(B) RRU4499  E23F360423  FDD=SC12T2 (1)  323106   1.5   2.7   8.4  NA  OK Passed
SC12T3 102   2/2 0 (1,2) Radio-S100-1(C) Radio-S100-1(D) RRU4499  E23F360418  FDD=SC12T3 (1)  103271   0.5   0.4   6.3  NA  OK Passed
================================================================================================================================
Total: 6 SectorCarriers, 6 RfBranch Pairs (5 OK, 1 OKW, 0 NOK, 0 NT)
.....
Last MO: 17127. Loaded 17127 MOs. Total: 17128 MOs.

No NRSectorCarrier MOs are defined on the node.

SC12T> mfitr

251125-10:20:40+0100 19.31.8.67 25.0h MSRBS_NODE_MODEL_25.Q1_693.28324.131_62ac stopfile=/tmp/1896888
........
Last MO: 17127. Loaded 17127 MOs. Total: 17128 MOs.
.......
2025-11-25 10:21
================================================================================================================================
CELL       SC     FRU          BOARD            PUSCH  PUCCH       A      B      C      D  DELTA
================================================================================================================================
FDD=SC12M1 SC12M1 Radio-S100-1 RRU449944B144B3C -120.0 -120.1 -120.0 -120.1                  0.1
FDD=SC12M2 SC12M2 Radio-S101-1 RRU449944B144B3C -119.6 -119.9 -120.1 -119.8                  0.3
FDD=SC12M3 SC12M3 Radio-S100-1 RRU449944B144B3C -120.4 -120.1               -117.2 -117.0    0.2
FDD=SC12T1 SC12T1 Radio-S100-1 RRU449944B144B3C -119.4 -119.7 -119.6 -119.7                  0.1
FDD=SC12T2 SC12T2 Radio-S101-1 RRU449944B144B3C -119.5 -119.4 -119.6 -119.9                  0.3
FDD=SC12T3 SC12T3 Radio-S100-1 RRU449944B144B3C -118.5 -120.2               -120.0 -119.9    0.1
================================================================================================================================
Bye...
Output has been logged to file /mta_fs/UserFiles/37258710/amosbatch/SDIR/SC12T.log
