Logging to file /mta_fs/UserFiles/37258710/amosbatch/SDIR/SC2BE.log
                        __  __  ____   _____
                  /\   |  \/  |/ __ \ / ____|
                 /  \  | \  / | |  | | (___  
                / /\ \ | |\/| | |  | |\___ \ 
               / ____ \| |  | | |__| |____) |
              /_/    \_\_|  |_|\____/|_____/
              OSS Framework for MoShell-25.0h 
  Copyright (c) Ericsson AB 2001-2025 - All Rights Reserved
              
           
[1;31mWARNING: [0mthe AMOS version currently running is more than 29 weeks old and is unsupported.
Please upgrade as soon as possible to the latest released version, available from your local Ericsson support.

$amosrb_pid = 1666110

Checking ip contact...OK

HELP MENU            : h
BASIC MO COMMANDS    : m
OTHER MO COMMANDS    : n
OTHER COMMANDS       : o
PM COMMANDS          : p
QUIT                 : q

SC2BE> lt all

251125-09:13:00+0100 19.31.3.152 25.0h  stopfile=/tmp/1666008
Looking up temporary_amos account... OK.
Trying temporary_amos_t20251125_37258710_65084_131's password from amos lookupAccount ... OK

$ssh_pid = 1666592

Connected to 19.31.3.152 (SubNetwork=BBMM_rckomc_R,MeContext=SC2BE,ManagedElement=SC2BE)

Checking MOM version...MSRBS_NODE_MODEL_25.Q1_693.28324.131_62ac
Parsing MOM (cached): /ericsson/log/amos/moshell_logfiles/t20251125_37258710_65084/logs_moshell/tempfiles/scp-4-amos_20251125-091253_1665947/MSRBS_NODE_MODEL_25.Q1_693.28324.131_62ac.xml.cache.gz ..................................................................................................................................................................................................................................Done.
Using paramfile /opt/ericsson/amos/moshell/commonjars/pm/PARAM_MSRBS_25.Q1.txt
Parsing file /opt/ericsson/amos/moshell/commonjars/pm/PARAM_MSRBS_25.Q1.txt .......................................................................................Done.
Using imomdfile /opt/ericsson/amos/moshell/commonjars/pm/IMOMD_MSRBS_22.Q4.txt
Using imomfile /opt/ericsson/amos/moshell/commonjars/pm/IMOM_MSRBS_25.Q1.txt
Connected to 19.31.3.152 (SubNetwork=BBMM_rckomc_R,MeContext=SC2BE,ManagedElement=SC2BE)

Last MO: 17479. Loaded 17479 MOs. Total: 17480 MOs.

SC2BE> st cell

251125-09:13:13+0100 19.31.3.152 25.0h MSRBS_NODE_MODEL_25.Q1_693.28324.131_62ac stopfile=/tmp/1666008
===================================================================================
Proxy  Adm State     Op. State     MO
===================================================================================
   43  1 (UNLOCKED)  1 (ENABLED)   ENodeBFunction=1,EUtranCellFDD=SC2BE1
  173  1 (UNLOCKED)  1 (ENABLED)   ENodeBFunction=1,EUtranCellFDD=SC2BE2
  280  1 (UNLOCKED)  1 (ENABLED)   ENodeBFunction=1,EUtranCellFDD=SC2BM1
  403  1 (UNLOCKED)  1 (ENABLED)   ENodeBFunction=1,EUtranCellFDD=SC2BM2
  863  1 (UNLOCKED)  1 (ENABLED)   ENodeBFunction=1,NbIotCell=SC2BN1
  864  1 (UNLOCKED)  1 (ENABLED)   ENodeBFunction=1,NbIotCell=SC2BN2
===================================================================================
Total: 6 MOs

SC2BE> st radio

251125-09:13:14+0100 19.31.3.152 25.0h MSRBS_NODE_MODEL_25.Q1_693.28324.131_62ac stopfile=/tmp/1666008
===================================================================================
Proxy  Adm State     Op. State     MO
===================================================================================
 1669  1 (UNLOCKED)  1 (ENABLED)   Equipment=1,FieldReplaceableUnit=Radio-S100-1
 1692  1 (UNLOCKED)  1 (ENABLED)   Equipment=1,FieldReplaceableUnit=Radio-S210-1
 1709  1 (UNLOCKED)  1 (ENABLED)   Equipment=1,FieldReplaceableUnit=Radio-S211-1
17472  1 (UNLOCKED)  1 (ENABLED)   Transport=1,Synchronization=1,RadioEquipmentClock=1,RadioEquipmentClockReference=NTP1
17473  1 (UNLOCKED)  1 (ENABLED)   Transport=1,Synchronization=1,RadioEquipmentClock=1,RadioEquipmentClockReference=PTP8275_2
===================================================================================
Total: 5 MOs

SC2BE> sdir

251125-09:13:14+0100 19.31.3.152 25.0h MSRBS_NODE_MODEL_25.Q1_693.28324.131_62ac stopfile=/tmp/1666008
INFO: Using amos lookupAccount credentials for the export login
...............................
get /rop/A20251125.0715-0730_SC2BE.xml.gz /ericsson/log/amos/moshell_logfiles/t20251125_37258710_65084/logs_moshell/pmfiles/19.31.3.152/rop/A20251125.0715-0730_SC2BE.xml.gz ... OK
get /rop/A20251125.0730-0745_SC2BE.xml.gz /ericsson/log/amos/moshell_logfiles/t20251125_37258710_65084/logs_moshell/pmfiles/19.31.3.152/rop/A20251125.0730-0745_SC2BE.xml.gz ... OK
get /rop/A20251125.0745-0800_SC2BE.xml.gz /ericsson/log/amos/moshell_logfiles/t20251125_37258710_65084/logs_moshell/pmfiles/19.31.3.152/rop/A20251125.0745-0800_SC2BE.xml.gz ... OK
...Checking available boards on node...

Collecting RCS board data ...
........................................................................................................................
.
...................................................................................................................................................................................................................................................................................
......
Collecting TN data...
.....................................................................................................................................................................................................................................................
Collecting RF data...
.
Collecting Alarms...
Executing action Log.export()
...
Log=AlarmLog                    actionId=28479
........
Executing action LogM.exportAvailabilityLog()
..LogM=1,exportAvailabilityLog    actionId=28480
.....Parsing alarmLog.....Done.
Parsing availabilityLog....Done.
...

Total: 3 CPRI links (3 OK, 0 OKW, 0 NOK, 0 NT)

+--------+                      +--------------------+
|        | A        O101     D1 |    Radio-S210-1    |
|        |-----------1----------| RRU227922B822B20C* |
|        |         OK-36m       |       BXP_4        |
|        |                      +--------------------+
|        |                                     |A  |B
|        |                  SE=210* AG=210 FDD=SC2BE1
|        |                                NIOT=SC2BN1
|        |
|        |                      +--------------------+
|        | B        O101     D1 |    Radio-S211-1    |
|        |-----------2----------| RRU227922B822B20C* |
|        |         OK-36m       |       BXP_2        |
|  BB-1  |                      +--------------------+
| BB6631 |                                     |A  |B
| 000100 |                  SE=211* AG=211 FDD=SC2BE2
|        |                                NIOT=SC2BN2
|        |
|        |                      +------------------+
|        | D        O101     D2 |   Radio-S100-1   |
|        |-----------3----------| RRU449944B144B3C |
|        |         OK-58m       |      BXP_3       |
|        |                      +------------------+
|        |                           |A  |B  |C  |D
|        |                    SE=100 AG=100  |   |
|        |                       FDD=SC2BM1  |   |
|        |                            SE=101 AG=101
|        |                               FDD=SC2BM2
|        |
+--------+

=====================================================================================================================================
ID RiL    Type Res MO1-MO2                  BOARD1-BOARD2             AlmIDs Cells (States)               Issue (Failed checks)
=====================================================================================================================================
 1 S210-1 O101 OK  BB-1(A) Radio-S210-1(D1) BB6631 RRU227922B822B20C*        FDD=SC2BE1 NIOT=SC2BN1 (1,1) Passed
 2 S211-1 O101 OK  BB-1(B) Radio-S211-1(D1) BB6631 RRU227922B822B20C*        FDD=SC2BE2 NIOT=SC2BN2 (1,1) Passed
 3 S100-1 O101 OK  BB-1(D) Radio-S100-1(D2) BB6631 RRU449944B144B3C          FDD=SC2BM1 FDD=SC2BM2 (1,1)  Passed
-------------------------------------------------------------------------------------------------------------------------------------

Node: RadioNode L   CXP2010174/2_R27J08 (25.Q1)   G3.1   LTE-FDD,LTE-IoT 

=====================================================================================================================================
FRU          ;LNH    ;BOARD              ;ST ;FAULT ;OPER ;MAINT ;STAT ;PRODUCTNUMBER   ;REV     ;SERIAL        ;DATE     ;PMTEMP ; TEMP ; UPT ;VOLT ;SW                   ;
=====================================================================================================================================
BB-1         ;000100 ;BB6631             ; 1 ;  OFF ;  ON ;  OFF ;  ON ;KDU1370071/11   ;R3H     ;E96A0194Z3    ;20240923 ;3 (OK) ;      ;29.7 ;53   ;                     ;
Radio-S100-1 ;BXP_3  ;RRU449944B144B3C   ; 1 ;  OFF ;  ON ;  OFF ; N/A ;KRC161787/1     ;R3C     ;TU8U02SFVJ    ;20241021 ;4 (OK) ; 32.8 ;29.7 ;52.8 ;CXP9013268%15_R101LX ; (Radio449944B144B3C)
Radio-S210-1 ;BXP_4  ;RRU227922B822B20C* ; 1 ;  OFF ;  ON ;  OFF ; N/A ;KRC161864/1     ;R1H     ;TU8U02R1PV    ;20240919 ;4 (OK) ; 43.5 ;29.7 ;53.2 ;CXP9013268%15_R101LX ; (Radio227922B822B20C)
Radio-S211-1 ;BXP_2  ;RRU227922B822B20C* ; 1 ;  OFF ;  ON ;  OFF ; N/A ;KRC161864/1     ;R1H     ;TU8U02R1P9    ;20240919 ;4 (OK) ; 47.5 ;29.7 ;53.6 ;CXP9013268%15_R101LX ; (Radio227922B822B20C)
-------------------------------------------------------------------------------------------------------------------------------------

=====================================================================================================================================
AntennaNearUnit                                    ;ST  ;TYPE   ;PRODUCTNR     ;REV             ;UNIQUEID             ;RfPort
=====================================================================================================================================
AntennaUnitGroup=210,AntennaNearUnit=DTMA_800_900  ; 1  ;TMA    ;KRY112228/11  ;R1B             ;ERT405---X617D14749  ;FieldReplaceableUnit=Radio-S210-1,RfPort=R
AntennaUnitGroup=210,AntennaNearUnit=RET_2100      ; 1  ;S-RET  ;RETINSIDE     ;RF11CIPT_VER.C  ;HWM0946G1004W63560b  ;FieldReplaceableUnit=Radio-S210-1,RfPort=R
AntennaUnitGroup=210,AntennaNearUnit=RET_800_900   ; 1  ;S-RET  ;RETINSIDE     ;RF11CIPT_VER.C  ;HWM0946G1004V55300r  ;FieldReplaceableUnit=Radio-S210-1,RfPort=R
AntennaUnitGroup=211,AntennaNearUnit=DTMA_800_900  ; 1  ;TMA    ;KRY112228/11  ;R1B             ;ERT405---X617D14645  ;FieldReplaceableUnit=Radio-S211-1,RfPort=R
AntennaUnitGroup=211,AntennaNearUnit=RET_2100      ; 1  ;S-RET  ;RETINSIDE     ;RF11CIPT_VER.C  ;HWM0946G1003H39620b  ;FieldReplaceableUnit=Radio-S211-1,RfPort=R
AntennaUnitGroup=211,AntennaNearUnit=RET_800_900   ; 1  ;S-RET  ;RETINSIDE     ;RF11CIPT_VER.C  ;HWM0946G1003G47240r  ;FieldReplaceableUnit=Radio-S211-1,RfPort=R
-------------------------------------------------------------------------------------------------------------------------------------

=====================================================================================================================================
XPBOARD  ;ST ;FAULT ;OPER ;PRODUCTNUMBER ;REV ;SERIAL/NAME ;DATE     ; TEMP ;MO
=====================================================================================================================================
FAN08    ; 1 ;N/A   ;N/A  ;BKV106236/1   ;R2F ;DD139F2707  ;20240723 ; 39.0 ;SupportUnit=1 (FAN  BB-1)
-------------------------------------------------------------------------------------------------------------------------------------

=====================================================================================================================================
ID ;T ;RiL    ;BPBP ;BOARD1             ;LNH1 ;PORT ;R ;LINK ;RATE  ; BER ;BOARD2             ;LNH2 ;PORT ;R ;LINK ;RATE  ; BER ;LENGTH ;MO1 - MO2
=====================================================================================================================================
 1 ;O ;S210-1 ;1111 ;BB6631             ;000100 ; 1 ;M ;Up   ;10.1G ;   0 ;RRU227922B822B20C* ;BXP_4  ; 0 ;S ;Up   ;10.1G ;   0 ;   36m ;Fru=BB-1(A) Fru=Radio-S210-1(D1)
 2 ;O ;S211-1 ;1111 ;BB6631             ;000100 ; 2 ;M ;Up   ;10.1G ;   0 ;RRU227922B822B20C* ;BXP_2  ; 0 ;S ;Up   ;10.1G ;   0 ;   36m ;Fru=BB-1(B) Fru=Radio-S211-1(D1)
 3 ;O ;S100-1 ;1111 ;BB6631             ;000100 ; 4 ;M ;Up   ;10.1G ;   0 ;RRU449944B144B3C   ;BXP_3  ; 1 ;S ;Up   ;10.1G ;   0 ;   58m ;Fru=BB-1(D) Fru=Radio-S100-1(D2)
-------------------------------------------------------------------------------------------------------------------------------------

=====================================================================================================================================
ID ;LINK ;RiL    ;VENDOR1  ;VENDORPROD1     ;REV1 ;SERIAL1      ;DATE1    ;ERICSSONPROD1      ;VENDOR2  ;VENDORPROD2     ;REV2 ;SERIAL2      ;DATE2    ;ERICSSONPROD2      ;TT ;WL1     ;WL2    
=====================================================================================================================================
 1 ;Up   ;S210-1 ;ERICSSON ;SPP10ELRIDFTEN  ;0101 ;CT74603181   ;20241005 ;RDH10265/2 R1A     ;ERICSSON ;SPP10ELRIDFTEN  ;0101 ;CT74600048   ;20241005 ;RDH10265/2 R1A     ;0  ;1310.00 ;1310.00
 2 ;Up   ;S211-1 ;ERICSSON ;SPP10ELRIDFTEN  ;0101 ;CT74604930   ;20241005 ;RDH10265/2 R1A     ;ERICSSON ;SPP10ELRIDFTEN  ;0101 ;CT74559079   ;20240923 ;RDH10265/2 R1A     ;0  ;1310.00 ;1310.00
 3 ;Up   ;S100-1 ;ERICSSON ;SPP10ELRIDFTEN  ;0101 ;CT74606429   ;20241007 ;RDH10265/2 R1A     ;ERICSSON ;SPP10ELRIDFTEN  ;0101 ;CT74602220   ;20241005 ;RDH10265/2 R1A     ;0  ;1310.00 ;1310.00
-------------------------------------------------------------------------------------------------------------------------------------

=====================================================================================================================================
ID ;LINK ;RiL    ;WL1     ;TEMP1 ;TXbs1 ;TXdBm1 ;RXdBm1 ;BER1   ;WL2     ;TEMP2 ;TXbs2 ;TXdBm2 ;RXdBm2 ;BER2   ;DlLoss ;UlLoss ;LENGTH ;TT
=====================================================================================================================================
 1 ;Up   ;S210-1 ;1310.00 ;40C   ;44%   ;-3.20  ;-2.92  ;   0   ;1310.00 ;39C   ;44%   ;-2.64  ;-3.52  ;   0   ;  0.32 ;  0.28 ;   36m ; 0
 2 ;Up   ;S211-1 ;1310.00 ;35C   ;44%   ;-3.34  ;-4.31  ;   0   ;1310.00 ;40C   ;45%   ;-3.46  ;-3.34  ;   0   ;     0 ;  0.85 ;   36m ; 0
 3 ;Up   ;S100-1 ;1310.00 ;44C   ;44%   ;-3.63  ;-2.72  ;   0   ;1310.00 ;35C   ;40%   ;-2.08  ;-4.52  ;   0   ;  0.89 ;  0.64 ;   58m ; 0
-------------------------------------------------------------------------------------------------------------------------------------

=====================================================================================================================================
ID ;RiL    ;BOARD              ;SFPLNH  ;PORT ;VENDOR   ;VENDORPROD      ;REV  ;SERIAL       ;DATE     ;ERICSSONPROD       ;WL      ;TEMP  ;TXbs  ;TXdBm  ;RXdBm  ; BER
=====================================================================================================================================
 1 ;S210-1 ;BB6631             ;000100   ;  1 ;ERICSSON ;SPP10ELRIDFTEN  ;0101 ;CT74603181   ;20241005 ;RDH10265/2 R1A     ;1310.00 ;40C   ;44%   ;-3.20  ;-2.92  ;   0
 2 ;S211-1 ;BB6631             ;000100   ;  2 ;ERICSSON ;SPP10ELRIDFTEN  ;0101 ;CT74604930   ;20241005 ;RDH10265/2 R1A     ;1310.00 ;35C   ;44%   ;-3.34  ;-4.31  ;   0
 3 ;S100-1 ;BB6631             ;000100   ;  4 ;ERICSSON ;SPP10ELRIDFTEN  ;0101 ;CT74606429   ;20241007 ;RDH10265/2 R1A     ;1310.00 ;44C   ;44%   ;-3.63  ;-2.72  ;   0
 2 ;S211-1 ;RRU227922B822B20C* ;BXP_2    ;  0 ;ERICSSON ;SPP10ELRIDFTEN  ;0101 ;CT74559079   ;20240923 ;RDH10265/2 R1A     ;1310.00 ;40C   ;45%   ;-3.46  ;-3.34  ;   0
 3 ;S100-1 ;RRU449944B144B3C   ;BXP_3    ;  1 ;ERICSSON ;SPP10ELRIDFTEN  ;0101 ;CT74602220   ;20241005 ;RDH10265/2 R1A     ;1310.00 ;35C   ;40%   ;-2.08  ;-4.52  ;   0
 1 ;S210-1 ;RRU227922B822B20C* ;BXP_4    ;  0 ;ERICSSON ;SPP10ELRIDFTEN  ;0101 ;CT74600048   ;20241005 ;RDH10265/2 R1A     ;1310.00 ;39C   ;44%   ;-2.64  ;-3.52  ;   0
-------------------------------------------------------------------------------------------------------------------------------------
TN ;       ;BB6631             ;000100   ; IB ;WTD      ;RTXM192-406-C25 ;3.0  ;CU824K0HD6   ;20241010 ;RDH10247/2 R2A     ;1310    ;36C   ;19%   ;-5.33  ;-3.61  ;NZ/0
TN ;       ;BB6631             ;000100   ;IA1 ;ERICSSON ;42020201934     ;A0   ;202420400967 ;20240513 ;RPM777053/1000 R1B ;NA      ;NA    ;NA    ;NA     ;NA     ; 0/0
-------------------------------------------------------------------------------------------------------------------------------------

=====================================================================================================================================
BOARD  ;LNH    ;PORT       ;T ;S ;OpMode   ;AutoNeg ;MacAddress        ;VlanIds             ;LOS ;BER
=====================================================================================================================================
BB6631 ;000100 ;TN_IDL_A_1 ;O ;1 ;10G_FULL ;false   ;F4:3C:96:9E:1C:74 ;3901,3902           ;0   ;0/0
BB6631 ;000100 ;TN_IDL_B   ;O ;1 ;1G_FULL  ;true    ;F4:3C:96:9E:1C:78 ;3901,3902,3908,3910 ;0   ;NZ/0
-------------------------------------------------------------------------------------------------------------------------------------

radioClockState : RNT_TIME_LOCKED
-------------------------------------------------------------------------------------
Prio  ;ST  ;syncRefType    ;refStatus  ;opQualLevel  ;SyncReference
-------------------------------------------------------------------------------------
  *1  ; 1  ;PTP_TIME       ;NO_FAULT   ;PRTC         ;Ptp=1,BoundaryOrdinaryClock=1 (G_8275_2 Router=45G_Traffic,InterfaceIPv4=LTE,AddressIPv4=LTE:SLAVE)
   2  ; 1  ;NTP_FREQUENCY  ;NO_FAULT   ;PRC          ;Ntp=1,NtpFrequencySync=NTP1 (10.31.0.54:32751 Router=45G_Traffic,InterfaceIPv4=LTE,AddressIPv4=LTE)
-------------------------------------------------------------------------------------
nodeGroupRole   : SYNC_PROVIDER (syncNodePriority=1, selectionMode=NODE_PRIORITY)
-------------------------------------------------------------------------------------
DU  ;Port  ;sharedUnitRef (RiPortA - RiPortB)  ;remoteNodePriority  ;CandidateStatus
-------------------------------------------------------------------------------------
1   ;A     ;Fru=Radio-S210-1 (1 - 2)           ;3                   ;OK_NOT_ACTIVE
1   ;B     ;Fru=Radio-S211-1 (1 - 2)           ;3                   ;OK_NOT_ACTIVE
-------------------------------------------------------------------------------------

=====================================================================================================================================
FRU          ;LNH    ;BOARD              ;RF  ;BP  ;TX (W/dBm)  ;VSWR (RL)   ;RX (dBm) ;UEs/gUEs  ;Sector/AntennaGroup/Cells (State:CellIds:PCIs)
=====================================================================================================================================
Radio-S100-1 ;BXP_3  ;RRU449944B144B3C   ; A  ;11  ;10.0 (40.0) ;1.15 (23.3) ;-98.8    ;4/-       ;SE=100 AG=100 FDD=SC2BM1 (1:31:379)
Radio-S100-1 ;BXP_3  ;RRU449944B144B3C   ; B  ;11  ;10.0 (40.0) ;1.14 (23.8) ;-99.4    ;4/-       ;SE=100 AG=100 FDD=SC2BM1 (1:31:379)
Radio-S100-1 ;BXP_3  ;RRU449944B144B3C   ; C  ;11  ;32.4 (45.1) ;1.10 (26.8) ;-98.7    ;9/-       ;SE=101 AG=101 FDD=SC2BM2 (1:32:121)
Radio-S100-1 ;BXP_3  ;RRU449944B144B3C   ; D  ;11  ;33.1 (45.2) ;1.07 (29.2) ;-99.7    ;9/-       ;SE=101 AG=101 FDD=SC2BM2 (1:32:121)
Radio-S210-1 ;BXP_4  ;RRU227922B822B20C* ; A  ;11  ;23.1 (43.6) ;1.13 (24.5) ;-95.3    ;5/-       ;SE=210* AG=210 FDD=SC2BE1 NIOT=SC2BN1 (1:61:1, 1:161:1)
Radio-S210-1 ;BXP_4  ;RRU227922B822B20C* ; B  ;11  ;23.2 (43.7) ;1.08 (28.5) ;-95.8    ;5/-       ;SE=210* AG=210 FDD=SC2BE1 NIOT=SC2BN1 (1:61:1, 1:161:1)
Radio-S211-1 ;BXP_2  ;RRU227922B822B20C* ; A  ;11  ;39.7 (46.0) ;1.17 (22.3) ;-82.5    ;7/-       ;SE=211* AG=211 FDD=SC2BE2 NIOT=SC2BN2 (1:62:253, 1:162:253)
Radio-S211-1 ;BXP_2  ;RRU227922B822B20C* ; B  ;11  ;39.6 (46.0) ;1.16 (22.6) ;-81.3    ;7/-       ;SE=211* AG=211 FDD=SC2BE2 NIOT=SC2BN2 (1:62:253, 1:162:253)
-------------------------------------------------------------------------------------------------------------------------------------

SC2BE> mfar

251125-09:15:17+0100 19.31.3.152 25.0h MSRBS_NODE_MODEL_25.Q1_693.28324.131_62ac stopfile=/tmp/1666008
.....
Last MO: 17460. Loaded 17460 MOs. Total: 17461 MOs.
............................................
get /rop/A20251125.0645-0700_SC2BE.xml.gz /ericsson/log/amos/moshell_logfiles/t20251125_37258710_65084/logs_moshell/pmfiles/19.31.3.152/rop/A20251125.0645-0700_SC2BE.xml.gz ... OK
get /rop/A20251125.0700-0715_SC2BE.xml.gz /ericsson/log/amos/moshell_logfiles/t20251125_37258710_65084/logs_moshell/pmfiles/19.31.3.152/rop/A20251125.0700-0715_SC2BE.xml.gz ... OK
get /rop/A20251125.0800-0815_SC2BE.xml.gz /ericsson/log/amos/moshell_logfiles/t20251125_37258710_65084/logs_moshell/pmfiles/19.31.3.152/rop/A20251125.0800-0815_SC2BE.xml.gz ... OK

Using hardcoded thresholds: 3, 4.5, and 16.5
================================================================================================================================
SC     SE  Tx/Rx BrPair  RfPort1 - RfPort2               HW       Serial      Cell (State)   Samples   Med  Mean  SDev Pol Res Issue
================================================================================================================================
SC2BE1 210   2/2 0 (1,2) Radio-S210-1(A) Radio-S210-1(B) RRU2279  TU8U02R1PV  FDD=SC2BE1 (1)   75833   0.5   0.7   5.7  NA  OK Passed
SC2BE2 211   2/2 0 (1,2) Radio-S211-1(A) Radio-S211-1(B) RRU2279  TU8U02R1P9  FDD=SC2BE2 (1)  275325  -0.5   0.3   6.9  NA  OK Passed
SC2BM1 100   2/2 0 (1,2) Radio-S100-1(A) Radio-S100-1(B) RRU4499  TU8U02SFVJ  FDD=SC2BM1 (1)   72778  -1.5  -1.8   7.4  NA  OK Passed
SC2BM2 101   2/2 0 (1,2) Radio-S100-1(C) Radio-S100-1(D) RRU4499  TU8U02SFVJ  FDD=SC2BM2 (1)  199009  -1.5  -1.2   5.9  NA  OK Passed
================================================================================================================================
Total: 4 SectorCarriers, 4 RfBranch Pairs (4 OK, 0 OKW, 0 NOK, 0 NT)
.....
Last MO: 17460. Loaded 17460 MOs. Total: 17461 MOs.

No NRSectorCarrier MOs are defined on the node.

SC2BE> mfitr

251125-09:15:33+0100 19.31.3.152 25.0h MSRBS_NODE_MODEL_25.Q1_693.28324.131_62ac stopfile=/tmp/1666008
........
Last MO: 17460. Loaded 17460 MOs. Total: 17461 MOs.
.......
2025-11-25 09:16
================================================================================================================================
CELL       SC     FRU          BOARD             PUSCH  PUCCH       A      B      C      D  DELTA
================================================================================================================================
FDD=SC2BE1 SC2BE1 Radio-S210-1 RRU227922B822B20C -116.6 -116.5 -117.8 -116.2                  1.6
FDD=SC2BE2 SC2BE2 Radio-S211-1 RRU227922B822B20C -117.4 -116.1 -116.9 -117.1                  0.2
FDD=SC2BM1 SC2BM1 Radio-S100-1 RRU449944B144B3C  -119.3 -119.1 -118.8 -118.8                    0
FDD=SC2BM2 SC2BM2 Radio-S100-1 RRU449944B144B3C  -118.4 -118.8               -117.9 -119.0    1.1
================================================================================================================================
Bye...
Output has been logged to file /mta_fs/UserFiles/37258710/amosbatch/SDIR/SC2BE.log
