Logging to file /mta_fs/UserFiles/37258710/amosbatch/SDIR/SC3CL.log
                        __  __  ____   _____
                  /\   |  \/  |/ __ \ / ____|
                 /  \  | \  / | |  | | (___  
                / /\ \ | |\/| | |  | |\___ \ 
               / ____ \| |  | | |__| |____) |
              /_/    \_\_|  |_|\____/|_____/
              OSS Framework for MoShell-25.0h 
  Copyright (c) Ericsson AB 2001-2025 - All Rights Reserved
              
           
[1;31mWARNING: [0mthe AMOS version currently running is more than 29 weeks old and is unsupported.
Please upgrade as soon as possible to the latest released version, available from your local Ericsson support.

$amosrb_pid = 2860786

Checking ip contact...OK

HELP MENU            : h
BASIC MO COMMANDS    : m
OTHER MO COMMANDS    : n
OTHER COMMANDS       : o
PM COMMANDS          : p
QUIT                 : q

SC3CL> lt all

251125-15:09:41+0100 19.31.7.229 25.0h  stopfile=/tmp/2860709
Looking up temporary_amos account... OK.
Trying temporary_amos_t20251125_37258710_65084_131's password from amos lookupAccount ... OK

$ssh_pid = 2861455

Connected to 19.31.7.229 (SubNetwork=BBMM_rckomc_R,MeContext=SC3CL,ManagedElement=SC3CL)

Checking MOM version...MSRBS_NODE_MODEL_25.Q1_198665.224.73_bf81
Parsing MOM (cached): /ericsson/log/amos/moshell_logfiles/t20251125_37258710_65084/logs_moshell/tempfiles/scp-4-amos_20251125-150935_2860653/MSRBS_NODE_MODEL_25.Q1_198665.224.73_bf81.xml.cache.gz ......................................................................................................................................................................................................................Done.
Using paramfile /opt/ericsson/amos/moshell/commonjars/pm/PARAM_MSRBSG2_25.Q1.txt
Parsing file /opt/ericsson/amos/moshell/commonjars/pm/PARAM_MSRBSG2_25.Q1.txt ......................................................................................Done.
Using imomdfile /opt/ericsson/amos/moshell/commonjars/pm/IMOMD_MSRBS_22.Q4.txt
Using imomfile /opt/ericsson/amos/moshell/commonjars/pm/IMOM_MSRBS_25.Q1.txt
Connected to 19.31.7.229 (SubNetwork=BBMM_rckomc_R,MeContext=SC3CL,ManagedElement=SC3CL)

Last MO: 16726. Loaded 16726 MOs. Total: 16727 MOs.

SC3CL> st cell

251125-15:10:01+0100 19.31.7.229 25.0h MSRBS_NODE_MODEL_25.Q1_198665.224.73_bf81 stopfile=/tmp/2860709
===================================================================================
Proxy  Adm State     Op. State     MO
===================================================================================
   52  1 (UNLOCKED)  1 (ENABLED)   ENodeBFunction=1,EUtranCellFDD=SC3CL1
  175  1 (UNLOCKED)  1 (ENABLED)   ENodeBFunction=1,EUtranCellFDD=SC3CL2
===================================================================================
Total: 2 MOs

SC3CL> st radio

251125-15:10:02+0100 19.31.7.229 25.0h MSRBS_NODE_MODEL_25.Q1_198665.224.73_bf81 stopfile=/tmp/2860709
===================================================================================
Proxy  Adm State     Op. State     MO
===================================================================================
 1242  1 (UNLOCKED)  1 (ENABLED)   Equipment=1,FieldReplaceableUnit=Radio-S180-1
 1257  1 (UNLOCKED)  1 (ENABLED)   Equipment=1,FieldReplaceableUnit=Radio-S210-1
 1274  1 (UNLOCKED)  1 (ENABLED)   Equipment=1,FieldReplaceableUnit=Radio-S211-1
16720  1 (UNLOCKED)  1 (ENABLED)   Transport=1,Synchronization=1,RadioEquipmentClock=1,RadioEquipmentClockReference=PTP8275_2
16721  1 (UNLOCKED)  1 (ENABLED)   Transport=1,Synchronization=1,RadioEquipmentClock=1,RadioEquipmentClockReference=SyncE
===================================================================================
Total: 5 MOs

SC3CL> sdir

251125-15:10:02+0100 19.31.7.229 25.0h MSRBS_NODE_MODEL_25.Q1_198665.224.73_bf81 stopfile=/tmp/2860709
INFO: Using amos lookupAccount credentials for the export login
...............................
get /rop/A20251125.1315-1330_SC3CL.xml.gz /ericsson/log/amos/moshell_logfiles/t20251125_37258710_65084/logs_moshell/pmfiles/19.31.7.229/rop/A20251125.1315-1330_SC3CL.xml.gz ... OK
get /rop/A20251125.1330-1345_SC3CL.xml.gz /ericsson/log/amos/moshell_logfiles/t20251125_37258710_65084/logs_moshell/pmfiles/19.31.7.229/rop/A20251125.1330-1345_SC3CL.xml.gz ... OK
get /rop/A20251125.1345-1400_SC3CL.xml.gz /ericsson/log/amos/moshell_logfiles/t20251125_37258710_65084/logs_moshell/pmfiles/19.31.7.229/rop/A20251125.1345-1400_SC3CL.xml.gz ... OK
...Checking available boards on node...

Collecting RCS board data ...
.................................................................................
.
.........................................................................................................................................................................................................................................................................................
.........
Collecting TN data...
........................................................................................................................................................................................................................................................
Collecting RF data...
.
Collecting Alarms...
.Executing action Log.export()
...
Log=AlarmLog                    actionId=17760
........
Executing action LogM.exportAvailabilityLog()
..LogM=1,exportAvailabilityLog    actionId=17761
.....Parsing alarmLog......Done.
Parsing availabilityLog.....Done.
......

Total: 3 CPRI links (3 OK, 0 OKW, 0 NOK, 0 NT)

+--------+                      +--------------------+
|        | A        O101     D2 |    Radio-S210-1    |
|        |-----------1----------| RRU227922B822B20C* |
|        |         OK-22m       |       BXP_2        |
|        |                      +--------------------+
|        |                                     |A  |B
|        |                 SE=210* AG=210 GT=SC3CD1/0
|        |                                GT=SC3CD1/1
|        |
|        |                      +--------------------+
|        | B        O101     D2 |    Radio-S211-1    |
|        |-----------2----------| RRU227922B822B20C* |
|        |         OK-22m       |       BXP_3        |
|  BB-1  |                      +--------------------+
| BB6630 |                                     |A  |B
| 000100 |                 SE=211* AG=211 GT=SC3CD2/0
|        |                                GT=SC3CD2/1
|        |
|        |                      +---------------+
|        | D        O101     D1 | Radio-S180-1  |
|        |-----------3----------|   RRU4415B7   |
|        |         OK-11m       |     BXP_4     |
|        |                      +---------------+
|        |                        |A  |B  |C  |D
|        |                 SE=180 AG=180  |   |
|        |                    FDD=SC3CL1  |   |
|        |                         SE=181 AG=181
|        |                            FDD=SC3CL2
|        |
+--------+

=====================================================================================================================================
ID RiL    Type Res MO1-MO2                  BOARD1-BOARD2             AlmIDs Cells (States)                Issue (Failed checks)
=====================================================================================================================================
 1 S210-1 O101 OK  BB-1(A) Radio-S210-1(D2) BB6630 RRU227922B822B20C*        GT=SC3CD1/0 GT=SC3CD1/1 (D,D) Passed
 2 S211-1 O101 OK  BB-1(B) Radio-S211-1(D2) BB6630 RRU227922B822B20C*        GT=SC3CD2/0 GT=SC3CD2/1 (1,1) Passed
 3 S180-1 O101 OK  BB-1(D) Radio-S180-1(D1) BB6630 RRU4415B7                 FDD=SC3CL1 FDD=SC3CL2 (1,1)   Passed
-------------------------------------------------------------------------------------------------------------------------------------

Node: RadioNode GL   CXP9024418/16_R8D21 (RCG123.3-3)   G2   GSM LTE-FDD 

=====================================================================================================================================
FRU          ;LNH    ;BOARD              ;ST ;FAULT ;OPER ;MAINT ;STAT ;PRODUCTNUMBER   ;REV     ;SERIAL        ;DATE     ;PMTEMP ; TEMP ; UPT ;VOLT ;SW                   ;
=====================================================================================================================================
BB-1         ;000100 ;BB6630             ; 1 ;  OFF ;  ON ;  OFF ;  ON ;KDU137848/11    ;R3D     ;E96A00PVX9    ;20220323 ;3 (OK) ;      ;77.2 ;48   ;                     ;
Radio-S180-1 ;BXP_4  ;RRU4415B7          ; 1 ;  OFF ;  ON ;  OFF ; N/A ;KRC161495/1     ;R5FC    ;TU8U01HCTC    ;20220419 ;4 (OK) ; 39.0 ;4.21 ;52.7 ;CXP9013268%15_R101KB ; (Radio4415B7)
Radio-S210-1 ;BXP_2  ;RRU227922B822B20C* ; 1 ;  OFF ;  ON ;  OFF ; N/A ;KRC161864/1     ;R1E     ;TU8U01FBZN    ;20220314 ;4 (OK) ; 37.0 ;77.1 ;53.2 ;CXP9013268%15_R101KB ; (Radio227922B822B20C)
Radio-S211-1 ;BXP_3  ;RRU227922B822B20C* ; 1 ;  OFF ;  ON ;  OFF ; N/A ;KRC161864/1     ;R1E     ;TU8U01P0QN    ;20220809 ;4 (OK) ; 40.0 ;77.1 ;53.3 ;CXP9013268%15_R101KB ; (Radio227922B822B20C)
-------------------------------------------------------------------------------------------------------------------------------------

=====================================================================================================================================
AntennaNearUnit                                ;ST  ;TYPE   ;PRODUCTNR     ;REV  ;UNIQUEID   ;RfPort
=====================================================================================================================================
AntennaUnitGroup=180,AntennaNearUnit=TMA_2600  ; 1  ;TMA    ;KRY112501/12  ;R1A  ;ERT203BU9  ;FieldReplaceableUnit=Radio-S180-1,RfPort=A
AntennaUnitGroup=181,AntennaNearUnit=TMA_2600  ; 1  ;TMA    ;KRY112501/12  ;R1A  ;ERT203BU9  ;FieldReplaceableUnit=Radio-S180-1,RfPort=C
-------------------------------------------------------------------------------------------------------------------------------------

=====================================================================================================================================
XPBOARD  ;ST ;FAULT ;OPER ;PRODUCTNUMBER ;REV ;SERIAL/NAME ;DATE     ; TEMP ;MO
=====================================================================================================================================
FAN      ; 1 ;N/A   ;N/A  ;BKV106217/1   ;N/A ;N/A         ;N/A      ;      ;SupportUnit=1 (FAN  BB-1)
-------------------------------------------------------------------------------------------------------------------------------------

=====================================================================================================================================
ID ;T ;RiL    ;BPBP ;BOARD1             ;LNH1 ;PORT ;R ;LINK ;RATE  ; BER ;BOARD2             ;LNH2 ;PORT ;R ;LINK ;RATE  ; BER ;LENGTH ;MO1 - MO2
=====================================================================================================================================
 1 ;O ;S210-1 ;1111 ;BB6630             ;000100 ; 1 ;M ;Up   ;10.1G ;   0 ;RRU227922B822B20C* ;BXP_2  ; 1 ;S ;Up   ;10.1G ;   0 ;   22m ;Fru=BB-1(A) Fru=Radio-S210-1(D2)
 2 ;O ;S211-1 ;1111 ;BB6630             ;000100 ; 2 ;M ;Up   ;10.1G ;   0 ;RRU227922B822B20C* ;BXP_3  ; 1 ;S ;Up   ;10.1G ;   0 ;   22m ;Fru=BB-1(B) Fru=Radio-S211-1(D2)
 3 ;O ;S180-1 ;1111 ;BB6630             ;000100 ; 4 ;M ;Up   ;10.1G ;   0 ;RRU4415B7          ;BXP_4  ; 0 ;S ;Up   ;10.1G ;   0 ;   11m ;Fru=BB-1(D) Fru=Radio-S180-1(D1)
-------------------------------------------------------------------------------------------------------------------------------------

=====================================================================================================================================
ID ;LINK ;RiL    ;VENDOR1  ;VENDORPROD1    ;REV1 ;SERIAL1    ;DATE1    ;ERICSSONPROD1  ;VENDOR2  ;VENDORPROD2    ;REV2 ;SERIAL2    ;DATE2    ;ERICSSONPROD2  ;TT ;WL1     ;WL2    
=====================================================================================================================================
 1 ;Up   ;S210-1 ;ERICSSON ;SPP10ELRIDFREN ;10   ;M5G2020032 ;20220415 ;RDH10265/2 R1A ;ERICSSON ;SPP10ELRIDFREN ;10   ;M5J2005335 ;20220418 ;RDH10265/2 R1A ;0  ;1310.00 ;1310.00
 2 ;Up   ;S211-1 ;ERICSSON ;SPP10ELRIDFREN ;10   ;M5G2020106 ;20220415 ;RDH10265/2 R1A ;ERICSSON ;SPP10ELRIDFREN ;10   ;M5G2017729 ;20220415 ;RDH10265/2 R1A ;0  ;1310.00 ;1310.00
 3 ;Up   ;S180-1 ;ERICSSON ;SPP10ELRIDFREN ;10   ;M5G2020350 ;20220415 ;RDH10265/2 R1A ;ERICSSON ;SPP10ELRIDFREN ;10   ;M5J2004789 ;20220418 ;RDH10265/2 R1A ;0  ;1310.00 ;1310.00
-------------------------------------------------------------------------------------------------------------------------------------

=====================================================================================================================================
ID ;LINK ;RiL    ;WL1     ;TEMP1 ;TXbs1 ;TXdBm1 ;RXdBm1 ;BER1   ;WL2     ;TEMP2 ;TXbs2 ;TXdBm2 ;RXdBm2 ;BER2   ;DlLoss ;UlLoss ;LENGTH ;TT
=====================================================================================================================================
 1 ;Up   ;S210-1 ;1310.00 ;39C   ;41%   ;-1.16  ;-2.36  ;   0   ;1310.00 ;31C   ;33%   ;-1.01  ;-2.88  ;   0   ;  1.72 ;  1.35 ;   22m ; 0
 2 ;Up   ;S211-1 ;1310.00 ;36C   ;33%   ;-1.40  ;-2.39  ;   0   ;1310.00 ;33C   ;33%   ;-1.44  ;-3.21  ;   0   ;  1.81 ;  0.95 ;   22m ; 0
 3 ;Up   ;S180-1 ;1310.00 ;38C   ;41%   ;-2.17  ;-1.54  ;   0   ;1310.00 ;33C   ;40%   ;-1.26  ;-3.23  ;   0   ;  1.06 ;  0.28 ;   11m ; 0
-------------------------------------------------------------------------------------------------------------------------------------

=====================================================================================================================================
ID ;RiL    ;BOARD              ;SFPLNH  ;PORT ;VENDOR   ;VENDORPROD     ;REV  ;SERIAL     ;DATE     ;ERICSSONPROD   ;WL      ;TEMP  ;TXbs  ;TXdBm  ;RXdBm  ; BER
=====================================================================================================================================
 1 ;S210-1 ;BB6630             ;000100   ;  1 ;ERICSSON ;SPP10ELRIDFREN ;10   ;M5G2020032 ;20220415 ;RDH10265/2 R1A ;1310.00 ;39C   ;41%   ;-1.16  ;-2.36  ;   0
 2 ;S211-1 ;BB6630             ;000100   ;  2 ;ERICSSON ;SPP10ELRIDFREN ;10   ;M5G2020106 ;20220415 ;RDH10265/2 R1A ;1310.00 ;36C   ;33%   ;-1.40  ;-2.39  ;   0
 3 ;S180-1 ;BB6630             ;000100   ;  4 ;ERICSSON ;SPP10ELRIDFREN ;10   ;M5G2020350 ;20220415 ;RDH10265/2 R1A ;1310.00 ;38C   ;41%   ;-2.17  ;-1.54  ;   0
 1 ;S210-1 ;RRU227922B822B20C* ;BXP_2    ;  1 ;ERICSSON ;SPP10ELRIDFREN ;10   ;M5J2005335 ;20220418 ;RDH10265/2 R1A ;1310.00 ;31C   ;33%   ;-1.01  ;-2.88  ;   0
 2 ;S211-1 ;RRU227922B822B20C* ;BXP_3    ;  1 ;ERICSSON ;SPP10ELRIDFREN ;10   ;M5G2017729 ;20220415 ;RDH10265/2 R1A ;1310.00 ;33C   ;33%   ;-1.44  ;-3.21  ;   0
 3 ;S180-1 ;RRU4415B7          ;BXP_4    ;  0 ;ERICSSON ;SPP10ELRIDFREN ;10   ;M5J2004789 ;20220418 ;RDH10265/2 R1A ;1310.00 ;33C   ;40%   ;-1.26  ;-3.23  ;   0
-------------------------------------------------------------------------------------------------------------------------------------
TN ;       ;BB6630             ;000100   ;  A ;ERICSSON ;SPP10ELRIDFREN ;10   ;M5G2019234 ;20220415 ;RDH10265/2 R1A ;0       ;36C   ;41%   ;-1.87  ;-2.90  ;NZ/0
-------------------------------------------------------------------------------------------------------------------------------------

=====================================================================================================================================
BOARD  ;LNH    ;PORT   ;T ;S ;OpMode   ;AutoNeg ;MacAddress        ;VlanIds        ;LOS ;BER
=====================================================================================================================================
BB6630 ;000100 ;IDL_A1 ;E ;1 ;10G_FULL ;false   ;7C:72:6E:7A:E4:BB ;3908           ;0   ;0/0
BB6630 ;000100 ;TN_A   ;O ;1 ;10G_FULL ;false   ;7C:72:6E:7A:E4:B7 ;3901,3908,3910 ;0   ;NZ/0
-------------------------------------------------------------------------------------------------------------------------------------

Last MO: 16727. Loaded 16727 MOs. Total: 16728 MOs.
radioClockState : RNT_TIME_LOCKED
-------------------------------------------------------------------------------------
Prio  ;ST  ;syncRefType  ;refStatus  ;opQualLevel  ;SyncReference
-------------------------------------------------------------------------------------
   1  ; 1  ;PTP_TIME     ;NO_FAULT   ;PRTC         ;Ptp=1,BoundaryOrdinaryClock=1 (G_8275_2 Router=45G_Traffic,InterfaceIPv4=LTE,AddressIPv4=LTE:SLAVE)
   2  ; 1  ;SYNC_E       ;NO_FAULT   ;PRTC         ;Synchronization=1,SyncEthInput=SyncE (SFP_OPTICAL EthernetPort=TN_A)
-------------------------------------------------------------------------------------
nodeGroupRole   : SYNC_RECEIVER (syncNodePriority=3, selectionMode=NODE_PRIORITY)
-------------------------------------------------------------------------------------
DU  ;Port  ;sharedUnitRef (RiPortA - RiPortB)  ;remoteNodePriority  ;CandidateStatus
-------------------------------------------------------------------------------------
1   ;B     ;Fru=Radio-S211-1 (2 - 1)           ;1                   ;OK_NOT_ACTIVE
1   ;A     ;Fru=Radio-S210-1 (2 - 1)           ;1                   ;OK_ACTIVE
-------------------------------------------------------------------------------------

=====================================================================================================================================
FRU          ;LNH    ;BOARD              ;RF  ;BP  ;TX (W/dBm)  ;VSWR (RL)   ;RX (dBm) ;UEs/gUEs  ;Sector/AntennaGroup/Cells (State:CellIds:PCIs)
=====================================================================================================================================
Radio-S180-1 ;BXP_4  ;RRU4415B7          ; A  ;11  ;11.5 (40.6) ;1.20 (20.9) ;-100.2   ;4/-       ;SE=180 AG=180 FDD=SC3CL1 (1:21:359)
Radio-S180-1 ;BXP_4  ;RRU4415B7          ; B  ;11  ;14.1 (41.5) ;1.19 (21.1) ;-98.3    ;4/-       ;SE=180 AG=180 FDD=SC3CL1 (1:21:359)
Radio-S180-1 ;BXP_4  ;RRU4415B7          ; C  ;11  ;20.4 (43.1) ;1.18 (21.8) ;-100.8   ;0/-       ;SE=181 AG=181 FDD=SC3CL2 (1:22:464)
Radio-S180-1 ;BXP_4  ;RRU4415B7          ; D  ;11  ;-           ;1.23 (19.6) ;-101.0   ;0/-       ;SE=181 AG=181 FDD=SC3CL2 (1:22:464)
Radio-S210-1 ;BXP_2  ;RRU227922B822B20C* ; A  ;11  ;21.1 (43.2) ;1.18 (21.6) ;-103.6   ;-/-       ;SE=210* AG=210 GT=SC3CD1/0 GT=SC3CD1/1 (D, D)
Radio-S210-1 ;BXP_2  ;RRU227922B822B20C* ; B  ;11  ;21.1 (43.2) ;1.57 (13.1) ;-96.0    ;-/-       ;SE=210* AG=210 GT=SC3CD1/0 GT=SC3CD1/1 (D, D)
Radio-S211-1 ;BXP_3  ;RRU227922B822B20C* ; A  ;11  ;17.7 (42.5) ;1.32 (17.3) ;-89.0    ;-/-       ;SE=211* AG=211 GT=SC3CD2/0 GT=SC3CD2/1 (1, 1)
Radio-S211-1 ;BXP_3  ;RRU227922B822B20C* ; B  ;11  ;17.5 (42.4) ;1.21 (20.4) ;-90.9    ;-/-       ;SE=211* AG=211 GT=SC3CD2/0 GT=SC3CD2/1 (1, 1)
-------------------------------------------------------------------------------------------------------------------------------------

SC3CL> mfar

251125-15:12:18+0100 19.31.7.229 25.0h MSRBS_NODE_MODEL_25.Q1_198665.224.73_bf81 stopfile=/tmp/2860709
....
Last MO: 16734. Loaded 16734 MOs. Total: 16735 MOs.
........................................
get /rop/A20251125.1230-1245_SC3CL.xml.gz /ericsson/log/amos/moshell_logfiles/t20251125_37258710_65084/logs_moshell/pmfiles/19.31.7.229/rop/A20251125.1230-1245_SC3CL.xml.gz ... OK
get /rop/A20251125.1245-1300_SC3CL.xml.gz /ericsson/log/amos/moshell_logfiles/t20251125_37258710_65084/logs_moshell/pmfiles/19.31.7.229/rop/A20251125.1245-1300_SC3CL.xml.gz ... OK
get /rop/A20251125.1300-1315_SC3CL.xml.gz /ericsson/log/amos/moshell_logfiles/t20251125_37258710_65084/logs_moshell/pmfiles/19.31.7.229/rop/A20251125.1300-1315_SC3CL.xml.gz ... OK

Using hardcoded thresholds: 3, 4.5, and 16.5
================================================================================================================================
SC     SE  Tx/Rx BrPair  RfPort1 - RfPort2               HW       Serial      Cell (State)   Samples   Med  Mean  SDev Pol Res Issue
================================================================================================================================
SC3CL1 180   2/2 0 (1,2) Radio-S180-1(A) Radio-S180-1(B) RRU4415  TU8U01HCTC  FDD=SC3CL1 (1)  315927   1.5   1.3   4.6  NA  OK Passed
SC3CL2 181   2/2 0 (1,2) Radio-S180-1(C) Radio-S180-1(D) RRU4415  TU8U01HCTC  FDD=SC3CL2 (1)   29870   0.5   0.7   5.6  NA  OK Passed
================================================================================================================================
Total: 2 SectorCarriers, 2 RfBranch Pairs (2 OK, 0 OKW, 0 NOK, 0 NT)
....
Last MO: 16734. Loaded 16734 MOs. Total: 16735 MOs.

No NRSectorCarrier MOs are defined on the node.

SC3CL> mfitr

251125-15:12:33+0100 19.31.7.229 25.0h MSRBS_NODE_MODEL_25.Q1_198665.224.73_bf81 stopfile=/tmp/2860709
......
Last MO: 16734. Loaded 16734 MOs. Total: 16735 MOs.
......
2025-11-25 15:13
================================================================================================================================
CELL       SC     FRU          BOARD     PUSCH  PUCCH       A      B      C      D  DELTA
================================================================================================================================
FDD=SC3CL1 SC3CL1 Radio-S180-1 RRU4415B7 -118.5 -119.8 -119.9 -119.1                  0.8
FDD=SC3CL2 SC3CL2 Radio-S180-1 RRU4415B7 -120.0 -120.2               -119.7 -119.9    0.2
================================================================================================================================
Bye...
Output has been logged to file /mta_fs/UserFiles/37258710/amosbatch/SDIR/SC3CL.log
