Logging to file /mta_fs/UserFiles/37258710/amosbatch/SDIR/SC47T.log
                        __  __  ____   _____
                  /\   |  \/  |/ __ \ / ____|
                 /  \  | \  / | |  | | (___  
                / /\ \ | |\/| | |  | |\___ \ 
               / ____ \| |  | | |__| |____) |
              /_/    \_\_|  |_|\____/|_____/
              OSS Framework for MoShell-25.0h 
  Copyright (c) Ericsson AB 2001-2025 - All Rights Reserved
              
           
[1;31mWARNING: [0mthe AMOS version currently running is more than 29 weeks old and is unsupported.
Please upgrade as soon as possible to the latest released version, available from your local Ericsson support.

$amosrb_pid = 1889125

Checking ip contact...OK

HELP MENU            : h
BASIC MO COMMANDS    : m
OTHER MO COMMANDS    : n
OTHER COMMANDS       : o
PM COMMANDS          : p
QUIT                 : q

SC47T> lt all

251125-10:15:55+0100 19.31.6.207 25.0h  stopfile=/tmp/1888737
Looking up temporary_amos account... OK.
Trying temporary_amos_t20251125_37258710_65084_131's password from amos lookupAccount ... OK

$ssh_pid = 1889623

Connected to 19.31.6.207 (SubNetwork=BBMM_rckomc_R,MeContext=SC47T,ManagedElement=SC47T)

Checking MOM version...MSRBS_NODE_MODEL_25.Q1_693.28324.131_62ac
Parsing MOM (cached): /ericsson/log/amos/moshell_logfiles/t20251125_37258710_65084/logs_moshell/tempfiles/scp-4-amos_20251125-101548_1888670/MSRBS_NODE_MODEL_25.Q1_693.28324.131_62ac.xml.cache.gz ..................................................................................................................................................................................................................................Done.
Using paramfile /opt/ericsson/amos/moshell/commonjars/pm/PARAM_MSRBS_25.Q1.txt
Parsing file /opt/ericsson/amos/moshell/commonjars/pm/PARAM_MSRBS_25.Q1.txt .......................................................................................Done.
Using imomdfile /opt/ericsson/amos/moshell/commonjars/pm/IMOMD_MSRBS_22.Q4.txt
Using imomfile /opt/ericsson/amos/moshell/commonjars/pm/IMOM_MSRBS_25.Q1.txt
Connected to 19.31.6.207 (SubNetwork=BBMM_rckomc_R,MeContext=SC47T,ManagedElement=SC47T)

Last MO: 17599. Loaded 17599 MOs. Total: 17600 MOs.

SC47T> st cell

251125-10:16:08+0100 19.31.6.207 25.0h MSRBS_NODE_MODEL_25.Q1_693.28324.131_62ac stopfile=/tmp/1888737
===================================================================================
Proxy  Adm State     Op. State     MO
===================================================================================
   42  1 (UNLOCKED)  1 (ENABLED)   ENodeBFunction=1,EUtranCellFDD=SC47M1
  126  1 (UNLOCKED)  1 (ENABLED)   ENodeBFunction=1,EUtranCellFDD=SC47M2
  265  1 (UNLOCKED)  1 (ENABLED)   ENodeBFunction=1,EUtranCellFDD=SC47M3
  356  1 (UNLOCKED)  1 (ENABLED)   ENodeBFunction=1,EUtranCellFDD=SC47T1
  449  1 (UNLOCKED)  1 (ENABLED)   ENodeBFunction=1,EUtranCellFDD=SC47T2
  607  1 (UNLOCKED)  1 (ENABLED)   ENodeBFunction=1,EUtranCellFDD=SC47T3
===================================================================================
Total: 6 MOs

SC47T> st radio

251125-10:16:08+0100 19.31.6.207 25.0h MSRBS_NODE_MODEL_25.Q1_693.28324.131_62ac stopfile=/tmp/1888737
===================================================================================
Proxy  Adm State     Op. State     MO
===================================================================================
 1858  1 (UNLOCKED)  1 (ENABLED)   Equipment=1,FieldReplaceableUnit=Radio-S100-1
 1881  1 (UNLOCKED)  1 (ENABLED)   Equipment=1,FieldReplaceableUnit=Radio-S102-1
17592  1 (UNLOCKED)  1 (ENABLED)   Transport=1,Synchronization=1,RadioEquipmentClock=1,RadioEquipmentClockReference=NTP1
17593  1 (UNLOCKED)  1 (ENABLED)   Transport=1,Synchronization=1,RadioEquipmentClock=1,RadioEquipmentClockReference=PTP8275_2
===================================================================================
Total: 4 MOs

SC47T> sdir

251125-10:16:09+0100 19.31.6.207 25.0h MSRBS_NODE_MODEL_25.Q1_693.28324.131_62ac stopfile=/tmp/1888737
INFO: Using amos lookupAccount credentials for the export login
..............................
get /rop/A20251125.0830-0845_SC47T.xml.gz /ericsson/log/amos/moshell_logfiles/t20251125_37258710_65084/logs_moshell/pmfiles/19.31.6.207/rop/A20251125.0830-0845_SC47T.xml.gz ... OK
get /rop/A20251125.0845-0900_SC47T.xml.gz /ericsson/log/amos/moshell_logfiles/t20251125_37258710_65084/logs_moshell/pmfiles/19.31.6.207/rop/A20251125.0845-0900_SC47T.xml.gz ... OK
get /rop/A20251125.0900-0915_SC47T.xml.gz /ericsson/log/amos/moshell_logfiles/t20251125_37258710_65084/logs_moshell/pmfiles/19.31.6.207/rop/A20251125.0900-0915_SC47T.xml.gz ... OK
...Checking available boards on node...

Collecting RCS board data ...
........................................................................................................................
.
.....................................................................................................................................................................................................................................................................................................................
........
Collecting TN data...
......................................................................................................................................
Collecting RF data...
.
Collecting Alarms...
Executing action Log.export()
...
Log=AlarmLog                    actionId=49405
........
Executing action LogM.exportAvailabilityLog()
..LogM=1,exportAvailabilityLog    actionId=49406
.....Parsing alarmLog......Done.
Parsing availabilityLog.....Done.
.....

Total: 2 CPRI links (2 OK, 0 OKW, 0 NOK, 0 NT)

+--------+                      +------------------+
|        | D        O101     D1 |   Radio-S100-1   |
|        |-----------1----------| RRU449944B144B3C |
|        |         OK-21m       |      BXP_2       |
|        |                      +------------------+
|        |                           |A  |B  |C  |D
|        |                    SE=100 AG=100  |   |
|        |            FDD=SC47M1 FDD=SC47T1  |   |
|        |                            SE=101 AG=101
|        |                    FDD=SC47M2 FDD=SC47T2
|  BB-1  |
| BB6631 |
| 000100 |
|        |                      +------------------+
|        | E        O101     D1 |   Radio-S102-1   |
|        |-----------2----------| RRU449944B144B3C |
|        |         OK-21m       |      BXP_3       |
|        |                      +------------------+
|        |                           |A  |B  |C  |D
|        |                    SE=102 AG=102  |   |
|        |            FDD=SC47M3 FDD=SC47T3  |   |
|        |
+--------+

=====================================================================================================================================
ID RiL    Type Res MO1-MO2                  BOARD1-BOARD2           AlmIDs Cells (States)                                        Issue (Failed checks)
=====================================================================================================================================
 1 S100-1 O101 OK  BB-1(D) Radio-S100-1(D1) BB6631 RRU449944B144B3C        FDD=SC47M1 FDD=SC47M2 FDD=SC47T1 FDD=SC47T2 (1,1,1,1) Passed
 2 S102-1 O101 OK  BB-1(E) Radio-S102-1(D1) BB6631 RRU449944B144B3C        FDD=SC47M3 FDD=SC47T3 (1,1)                           Passed
-------------------------------------------------------------------------------------------------------------------------------------

Node: RadioNode L   CXP2010174/2_R27J08 (25.Q1)   G3.1   LTE-FDD 

=====================================================================================================================================
FRU          ;LNH    ;BOARD            ;ST ;FAULT ;OPER ;MAINT ;STAT ;PRODUCTNUMBER   ;REV     ;SERIAL        ;DATE     ;PMTEMP ; TEMP ; UPT ;VOLT ;SW                   ;
=====================================================================================================================================
BB-1         ;000100 ;BB6631           ; 1 ;  OFF ;  ON ;  OFF ;  ON ;KDU1370071/11   ;R3E     ;E23F415185    ;20240414 ;3 (OK) ;      ; 131 ;52   ;                     ;
Radio-S100-1 ;BXP_2  ;RRU449944B144B3C ; 1 ;  OFF ;  ON ;  OFF ; N/A ;KRC161787/1     ;R3A     ;E23F360415    ;20240327 ;4 (OK) ; 39.0 ; 131 ;52.1 ;CXP9013268%15_R101LX ; (Radio449944B144B3C)
Radio-S102-1 ;BXP_3  ;RRU449944B144B3C ; 1 ;  OFF ;  ON ;  OFF ; N/A ;KRC161787/1     ;R3A     ;E23F360457    ;20240327 ;4 (OK) ; 32.0 ; 131 ;52.5 ;CXP9013268%15_R101LX ; (Radio449944B144B3C)
-------------------------------------------------------------------------------------------------------------------------------------

=====================================================================================================================================
AntennaNearUnit                                      ;ST  ;TYPE   ;PRODUCTNR     ;REV  ;UNIQUEID             ;RfPort
=====================================================================================================================================
AntennaUnitGroup=100,AntennaNearUnit=DTMA_1800_2100  ; 1  ;TMA    ;KRY112227/12  ;R1A  ;ERT405---BU96147521  ;FieldReplaceableUnit=Radio-S100-1,RfPort=R
AntennaUnitGroup=101,AntennaNearUnit=DTMA_1800_2100  ; 1  ;TMA    ;KRY112227/12  ;R1A  ;ERT405---BU96106259  ;FieldReplaceableUnit=Radio-S100-1,RfPort=R
AntennaUnitGroup=102,AntennaNearUnit=DTMA_1800_2100  ; 1  ;TMA    ;KRY112227/12  ;R1A  ;ERT405---BU96121986  ;FieldReplaceableUnit=Radio-S102-1,RfPort=R
-------------------------------------------------------------------------------------------------------------------------------------

=====================================================================================================================================
XPBOARD  ;ST ;FAULT ;OPER ;PRODUCTNUMBER ;REV ;SERIAL/NAME ;DATE     ; TEMP ;MO
=====================================================================================================================================
FAN08    ; 1 ;N/A   ;N/A  ;BKV106236/1   ;R2M ;CE5100X51M  ;20240104 ; 40.0 ;SupportUnit=1 (FAN  BB-1)
-------------------------------------------------------------------------------------------------------------------------------------

=====================================================================================================================================
ID ;T ;RiL    ;BPBP ;BOARD1           ;LNH1 ;PORT ;R ;LINK ;RATE  ; BER ;BOARD2           ;LNH2 ;PORT ;R ;LINK ;RATE  ; BER ;LENGTH ;MO1 - MO2
=====================================================================================================================================
 1 ;O ;S100-1 ;1111 ;BB6631           ;000100 ; 4 ;M ;Up   ;10.1G ;   0 ;RRU449944B144B3C ;BXP_2  ; 0 ;S ;Up   ;10.1G ;   0 ;   21m ;Fru=BB-1(D) Fru=Radio-S100-1(D1)
 2 ;O ;S102-1 ;1111 ;BB6631           ;000100 ; 5 ;M ;Up   ;10.1G ;   0 ;RRU449944B144B3C ;BXP_3  ; 0 ;S ;Up   ;10.1G ;   0 ;   21m ;Fru=BB-1(E) Fru=Radio-S102-1(D1)
-------------------------------------------------------------------------------------------------------------------------------------

=====================================================================================================================================
ID ;LINK ;RiL    ;VENDOR1  ;VENDORPROD1     ;REV1 ;SERIAL1        ;DATE1    ;ERICSSONPROD1      ;VENDOR2  ;VENDORPROD2     ;REV2 ;SERIAL2        ;DATE2    ;ERICSSONPROD2      ;TT ;WL1     ;WL2    
=====================================================================================================================================
 1 ;Up   ;S100-1 ;ERICSSON ;RTXM228-702-C22 ;1.0  ;HN230700072758 ;20230217 ;RDH10265/2 R1A     ;ERICSSON ;SPP10ELRIDFSEN  ;10   ;CT74065300     ;20231228 ;RDH10265/2 R1A     ;0  ;1310.00 ;1310.00
 2 ;Up   ;S102-1 ;ERICSSON ;RTXM228-702-C22 ;1.0  ;HN230700072745 ;20230217 ;RDH10265/2 R1A     ;ERICSSON ;SPP10ELRIDFSEN  ;10   ;CT74064375     ;20231228 ;RDH10265/2 R1A     ;0  ;1310.00 ;1310.00
-------------------------------------------------------------------------------------------------------------------------------------

=====================================================================================================================================
ID ;LINK ;RiL    ;WL1     ;TEMP1 ;TXbs1 ;TXdBm1 ;RXdBm1 ;BER1   ;WL2     ;TEMP2 ;TXbs2 ;TXdBm2 ;RXdBm2 ;BER2   ;DlLoss ;UlLoss ;LENGTH ;TT
=====================================================================================================================================
 1 ;Up   ;S100-1 ;1310.00 ;42C   ;57%   ;-1.67  ;-3.59  ;   0   ;1310.00 ;35C   ;42%   ;-2.08  ;-3.68  ;   0   ;  2.01 ;  1.51 ;   21m ; 0
 2 ;Up   ;S102-1 ;1310.00 ;40C   ;56%   ;-1.28  ;-2.74  ;   0   ;1310.00 ;36C   ;44%   ;-3.19  ;-1.97  ;   0   ;  0.69 ; -0.45 ;   21m ; 0
-------------------------------------------------------------------------------------------------------------------------------------

=====================================================================================================================================
ID ;RiL    ;BOARD            ;SFPLNH  ;PORT ;VENDOR   ;VENDORPROD      ;REV  ;SERIAL         ;DATE     ;ERICSSONPROD       ;WL      ;TEMP  ;TXbs  ;TXdBm  ;RXdBm  ; BER
=====================================================================================================================================
 1 ;S100-1 ;BB6631           ;000100   ;  4 ;ERICSSON ;RTXM228-702-C22 ;1.0  ;HN230700072758 ;20230217 ;RDH10265/2 R1A     ;1310.00 ;42C   ;57%   ;-1.67  ;-3.59  ;   0
 2 ;S102-1 ;BB6631           ;000100   ;  5 ;ERICSSON ;RTXM228-702-C22 ;1.0  ;HN230700072745 ;20230217 ;RDH10265/2 R1A     ;1310.00 ;40C   ;56%   ;-1.28  ;-2.74  ;   0
 1 ;S100-1 ;RRU449944B144B3C ;BXP_2    ;  0 ;ERICSSON ;SPP10ELRIDFSEN  ;10   ;CT74065300     ;20231228 ;RDH10265/2 R1A     ;1310.00 ;35C   ;42%   ;-2.08  ;-3.68  ;   0
 2 ;S102-1 ;RRU449944B144B3C ;BXP_3    ;  0 ;ERICSSON ;SPP10ELRIDFSEN  ;10   ;CT74064375     ;20231228 ;RDH10265/2 R1A     ;1310.00 ;36C   ;44%   ;-3.19  ;-1.97  ;   0
-------------------------------------------------------------------------------------------------------------------------------------
TN ;       ;BB6631           ;000100   ; IB ;ERICSSON ;RTXM228-702-C22 ;1.0  ;HN230700072750 ;20230217 ;RDH10265/2 R1A     ;1310    ;42C   ;56%   ;-1.31  ;-1.88  ;NZ/0
TN ;       ;BB6631           ;000100   ;IA1 ;ERICSSON ;NDAAF9-E201     ;E    ;APF24132011778 ;20240330 ;RPM777053/1000 R1B ;NA      ;NA    ;NA    ;NA     ;NA     ; 0/0
-------------------------------------------------------------------------------------------------------------------------------------

=====================================================================================================================================
BOARD  ;LNH    ;PORT       ;T ;S ;OpMode   ;AutoNeg ;MacAddress        ;VlanIds        ;LOS ;BER
=====================================================================================================================================
BB6631 ;000100 ;TN_IDL_A_1 ;O ;1 ;10G_FULL ;false   ;F4:3C:96:82:79:9A ;3901,3908,3910 ;0   ;0/0
BB6631 ;000100 ;TN_IDL_B   ;O ;1 ;1G_FULL  ;true    ;F4:3C:96:82:79:9E ;3901,3908,3910 ;0   ;NZ/0
-------------------------------------------------------------------------------------------------------------------------------------

radioClockState : RNT_TIME_LOCKED
-------------------------------------------------------------------------------------
Prio  ;ST  ;syncRefType    ;refStatus  ;opQualLevel  ;SyncReference
-------------------------------------------------------------------------------------
  *1  ; 1  ;PTP_TIME       ;NO_FAULT   ;PRTC         ;Ptp=1,BoundaryOrdinaryClock=1 (G_8275_2 Router=45G_Traffic,InterfaceIPv4=LTE,AddressIPv4=LTE:SLAVE)
   2  ; 1  ;NTP_FREQUENCY  ;NO_FAULT   ;PRC          ;Ntp=1,NtpFrequencySync=NTP1 (10.31.0.54:32751 Router=45G_Traffic,InterfaceIPv4=LTE,AddressIPv4=LTE)
-------------------------------------------------------------------------------------

=====================================================================================================================================
FRU          ;LNH    ;BOARD            ;RF  ;BP  ;TX (W/dBm)  ;VSWR (RL)   ;RX (dBm) ;UEs/gUEs  ;Sector/AntennaGroup/Cells (State:CellIds:PCIs)
=====================================================================================================================================
Radio-S100-1 ;BXP_2  ;RRU449944B144B3C ; A  ;11  ;39.5 (46.0) ;1.14 (23.8) ;-95.7    ;8/-       ;SE=100 AG=100 FDD=SC47M1 FDD=SC47T1 (1:31:265, 1:41:316)
Radio-S100-1 ;BXP_2  ;RRU449944B144B3C ; B  ;11  ;-           ;1.15 (22.9) ;-95.4    ;8/-       ;SE=100 AG=100 FDD=SC47M1 FDD=SC47T1 (1:31:265, 1:41:316)
Radio-S100-1 ;BXP_2  ;RRU449944B144B3C ; C  ;11  ;50.7 (47.1) ;1.23 (19.8) ;-91.3    ;22/-      ;SE=101 AG=101 FDD=SC47M2 FDD=SC47T2 (1:32:155, 1:42:287)
Radio-S100-1 ;BXP_2  ;RRU449944B144B3C ; D  ;11  ;-           ;1.14 (23.8) ;-92.6    ;22/-      ;SE=101 AG=101 FDD=SC47M2 FDD=SC47T2 (1:32:155, 1:42:287)
Radio-S102-1 ;BXP_3  ;RRU449944B144B3C ; A  ;11  ;39.9 (46.0) ;1.11 (25.4) ;-89.8    ;2/-       ;SE=102 AG=102 FDD=SC47M3 FDD=SC47T3 (1:33:364, 1:43:285)
Radio-S102-1 ;BXP_3  ;RRU449944B144B3C ; B  ;11  ;-           ;1.07 (29.5) ;-95.7    ;2/-       ;SE=102 AG=102 FDD=SC47M3 FDD=SC47T3 (1:33:364, 1:43:285)
Radio-S102-1 ;BXP_3  ;RRU449944B144B3C ; C  ;11  ;-           ;-           ;         ;          ;
Radio-S102-1 ;BXP_3  ;RRU449944B144B3C ; D  ;11  ;-           ;-           ;         ;          ;
-------------------------------------------------------------------------------------------------------------------------------------

SC47T> mfar

251125-10:18:05+0100 19.31.6.207 25.0h MSRBS_NODE_MODEL_25.Q1_693.28324.131_62ac stopfile=/tmp/1888737
.....
Last MO: 17601. Loaded 17601 MOs. Total: 17602 MOs.
................................................
get /rop/A20251125.0745-0800_SC47T.xml.gz /ericsson/log/amos/moshell_logfiles/t20251125_37258710_65084/logs_moshell/pmfiles/19.31.6.207/rop/A20251125.0745-0800_SC47T.xml.gz ... OK
get /rop/A20251125.0800-0815_SC47T.xml.gz /ericsson/log/amos/moshell_logfiles/t20251125_37258710_65084/logs_moshell/pmfiles/19.31.6.207/rop/A20251125.0800-0815_SC47T.xml.gz ... OK
get /rop/A20251125.0815-0830_SC47T.xml.gz /ericsson/log/amos/moshell_logfiles/t20251125_37258710_65084/logs_moshell/pmfiles/19.31.6.207/rop/A20251125.0815-0830_SC47T.xml.gz ... OK

Using hardcoded thresholds: 3, 4.5, and 16.5
================================================================================================================================
SC     SE  Tx/Rx BrPair  RfPort1 - RfPort2               HW       Serial      Cell (State)   Samples   Med  Mean  SDev Pol Res Issue
================================================================================================================================
SC47M1 100   2/2 0 (1,2) Radio-S100-1(A) Radio-S100-1(B) RRU4499  E23F360415  FDD=SC47M1 (1)    7477   2.5   3.1   9.0  NA OKW Possible RF Loss or PIM at Radio-S100-1(A)
SC47M2 101   2/2 0 (1,2) Radio-S100-1(C) Radio-S100-1(D) RRU4499  E23F360415  FDD=SC47M2 (1)   86820  -3.5  -2.7   7.8  NA  OK Passed
SC47M3 102   2/2 0 (1,2) Radio-S102-1(A) Radio-S102-1(B) RRU4499  E23F360457  FDD=SC47M3 (1)    3622  -0.5  -0.4   6.5  NA  OK Passed
SC47T1 100   2/2 0 (1,2) Radio-S100-1(A) Radio-S100-1(B) RRU4499  E23F360415  FDD=SC47T1 (1)  192307   3.5   3.4   6.2  NA OKW Possible RF Loss or PIM at Radio-S100-1(A)
SC47T2 101   2/2 0 (1,2) Radio-S100-1(C) Radio-S100-1(D) RRU4499  E23F360415  FDD=SC47T2 (1)  330559   0.5   0.6   7.4  NA  OK Passed
SC47T3 102   2/2 0 (1,2) Radio-S102-1(A) Radio-S102-1(B) RRU4499  E23F360457  FDD=SC47T3 (1)   48184   3.5   3.5   6.8  NA OKW Possible RF Loss or PIM at Radio-S102-1(A)
================================================================================================================================
Total: 6 SectorCarriers, 6 RfBranch Pairs (3 OK, 3 OKW, 0 NOK, 0 NT)
......
Last MO: 17601. Loaded 17601 MOs. Total: 17602 MOs.

No NRSectorCarrier MOs are defined on the node.

SC47T> mfitr

251125-10:18:21+0100 19.31.6.207 25.0h MSRBS_NODE_MODEL_25.Q1_693.28324.131_62ac stopfile=/tmp/1888737
.........
Last MO: 17601. Loaded 17601 MOs. Total: 17602 MOs.
........
2025-11-25 10:18
================================================================================================================================
CELL       SC     FRU          BOARD            PUSCH  PUCCH       A      B      C      D  DELTA
================================================================================================================================
FDD=SC47M1 SC47M1 Radio-S100-1 RRU449944B144B3C -120.5 -120.5 -120.3 -120.5                  0.2
FDD=SC47M2 SC47M2 Radio-S100-1 RRU449944B144B3C -118.2 -118.6               -119.8 -119.2    0.6
FDD=SC47M3 SC47M3 Radio-S102-1 RRU449944B144B3C -120.5 -120.5 -120.4 -120.5                  0.1
FDD=SC47T1 SC47T1 Radio-S100-1 RRU449944B144B3C -118.4 -118.6 -118.5 -118.4                  0.1
FDD=SC47T2 SC47T2 Radio-S100-1 RRU449944B144B3C -114.0 -117.5               -116.9 -117.0    0.1
FDD=SC47T3 SC47T3 Radio-S102-1 RRU449944B144B3C -112.3 -118.7 -117.5 -119.7                  2.2
================================================================================================================================
Bye...
Output has been logged to file /mta_fs/UserFiles/37258710/amosbatch/SDIR/SC47T.log
