Logging to file /mta_fs/UserFiles/37258710/amosbatch/SDIR/SC6BT.log
                        __  __  ____   _____
                  /\   |  \/  |/ __ \ / ____|
                 /  \  | \  / | |  | | (___  
                / /\ \ | |\/| | |  | |\___ \ 
               / ____ \| |  | | |__| |____) |
              /_/    \_\_|  |_|\____/|_____/
              OSS Framework for MoShell-25.0h 
  Copyright (c) Ericsson AB 2001-2025 - All Rights Reserved
              
           
[1;31mWARNING: [0mthe AMOS version currently running is more than 29 weeks old and is unsupported.
Please upgrade as soon as possible to the latest released version, available from your local Ericsson support.

$amosrb_pid = 2994907

Checking ip contact...OK

HELP MENU            : h
BASIC MO COMMANDS    : m
OTHER MO COMMANDS    : n
OTHER COMMANDS       : o
PM COMMANDS          : p
QUIT                 : q

SC6BT> lt all

251125-15:51:42+0100 19.31.6.237 25.0h  stopfile=/tmp/2994780
Looking up temporary_amos account... OK.
Trying temporary_amos_t20251125_37258710_65084_131's password from amos lookupAccount ... OK

$ssh_pid = 2995395

Connected to 19.31.6.237 (SubNetwork=BBMM_rckomc_R,MeContext=SC6BT,ManagedElement=SC6BT)

Checking MOM version...MSRBS_NODE_MODEL_25.Q1_198665.224.73_bf81
Parsing MOM (cached): /ericsson/log/amos/moshell_logfiles/t20251125_37258710_65084/logs_moshell/tempfiles/scp-4-amos_20251125-155135_2994720/MSRBS_NODE_MODEL_25.Q1_198665.224.73_bf81.xml.cache.gz ......................................................................................................................................................................................................................Done.
Using paramfile /opt/ericsson/amos/moshell/commonjars/pm/PARAM_MSRBSG2_25.Q1.txt
Parsing file /opt/ericsson/amos/moshell/commonjars/pm/PARAM_MSRBSG2_25.Q1.txt ......................................................................................Done.
Using imomdfile /opt/ericsson/amos/moshell/commonjars/pm/IMOMD_MSRBS_22.Q4.txt
Using imomfile /opt/ericsson/amos/moshell/commonjars/pm/IMOM_MSRBS_25.Q1.txt
Connected to 19.31.6.237 (SubNetwork=BBMM_rckomc_R,MeContext=SC6BT,ManagedElement=SC6BT)

Last MO: 17928. Loaded 17928 MOs. Total: 17929 MOs.

SC6BT> st cell

251125-15:52:00+0100 19.31.6.237 25.0h MSRBS_NODE_MODEL_25.Q1_198665.224.73_bf81 stopfile=/tmp/2994780
===================================================================================
Proxy  Adm State     Op. State     MO
===================================================================================
   43  1 (UNLOCKED)  1 (ENABLED)   ENodeBFunction=1,EUtranCellFDD=SC6BE1
  173  1 (UNLOCKED)  1 (ENABLED)   ENodeBFunction=1,EUtranCellFDD=SC6BE2
  275  1 (UNLOCKED)  1 (ENABLED)   ENodeBFunction=1,EUtranCellFDD=SC6BE3
  391  1 (UNLOCKED)  1 (ENABLED)   ENodeBFunction=1,EUtranCellFDD=SC6BM1
  526  1 (UNLOCKED)  1 (ENABLED)   ENodeBFunction=1,EUtranCellFDD=SC6BM2
  628  1 (UNLOCKED)  1 (ENABLED)   ENodeBFunction=1,EUtranCellFDD=SC6BM3
  739  1 (UNLOCKED)  1 (ENABLED)   ENodeBFunction=1,EUtranCellFDD=SC6BT1
  867  1 (UNLOCKED)  1 (ENABLED)   ENodeBFunction=1,EUtranCellFDD=SC6BT2
  975  1 (UNLOCKED)  1 (ENABLED)   ENodeBFunction=1,EUtranCellFDD=SC6BT3
 1438  1 (UNLOCKED)  1 (ENABLED)   ENodeBFunction=1,NbIotCell=SC6BN1
 1439  1 (UNLOCKED)  1 (ENABLED)   ENodeBFunction=1,NbIotCell=SC6BN2
 1440  1 (UNLOCKED)  1 (ENABLED)   ENodeBFunction=1,NbIotCell=SC6BN3
===================================================================================
Total: 12 MOs

SC6BT> st radio

251125-15:52:01+0100 19.31.6.237 25.0h MSRBS_NODE_MODEL_25.Q1_198665.224.73_bf81 stopfile=/tmp/2994780
===================================================================================
Proxy  Adm State     Op. State     MO
===================================================================================
 2337  1 (UNLOCKED)  1 (ENABLED)   Equipment=1,FieldReplaceableUnit=Radio-S100-1
 2360  1 (UNLOCKED)  1 (ENABLED)   Equipment=1,FieldReplaceableUnit=Radio-S102-1
 2383  1 (UNLOCKED)  1 (ENABLED)   Equipment=1,FieldReplaceableUnit=Radio-S210-1
 2400  1 (UNLOCKED)  1 (ENABLED)   Equipment=1,FieldReplaceableUnit=Radio-S211-1
 2417  1 (UNLOCKED)  1 (ENABLED)   Equipment=1,FieldReplaceableUnit=Radio-S212-1
17920  1 (UNLOCKED)  1 (ENABLED)   Transport=1,Synchronization=1,RadioEquipmentClock=1,RadioEquipmentClockReference=NTP1
17921  1 (UNLOCKED)  1 (ENABLED)   Transport=1,Synchronization=1,RadioEquipmentClock=1,RadioEquipmentClockReference=PTP8275_2
===================================================================================
Total: 7 MOs

SC6BT> sdir

251125-15:52:01+0100 19.31.6.237 25.0h MSRBS_NODE_MODEL_25.Q1_198665.224.73_bf81 stopfile=/tmp/2994780
INFO: Using amos lookupAccount credentials for the export login
.........................
get /rop/A20251125.1400-1415_SC6BT.xml.gz /ericsson/log/amos/moshell_logfiles/t20251125_37258710_65084/logs_moshell/pmfiles/19.31.6.237/rop/A20251125.1400-1415_SC6BT.xml.gz ... OK
get /rop/A20251125.1415-1430_SC6BT.xml.gz /ericsson/log/amos/moshell_logfiles/t20251125_37258710_65084/logs_moshell/pmfiles/19.31.6.237/rop/A20251125.1415-1430_SC6BT.xml.gz ... OK
get /rop/A20251125.1430-1445_SC6BT.xml.gz /ericsson/log/amos/moshell_logfiles/t20251125_37258710_65084/logs_moshell/pmfiles/19.31.6.237/rop/A20251125.1430-1445_SC6BT.xml.gz ... OK
....Checking available boards on node...

Collecting RCS board data ...
.....................................................................................
..........................
.............................................................................................................................................................................................................................................................................
...
Collecting TN data...
.....................................................................................................................
Getting MO data from node (96 MOs). Please wait...
0%                                             ~50%                                           ~100%
...................................................................................................................................
Collecting RF data...
....
Collecting Alarms...
.Executing action Log.export()
...
Log=AlarmLog                    actionId=50719
............
Executing action LogM.exportAvailabilityLog()
..LogM=1,exportAvailabilityLog    actionId=50720
............Parsing alarmLog...........Done.
Parsing availabilityLog........Done.
.............

Total: 5 CPRI links (5 OK, 0 OKW, 0 NOK, 0 NT)
.
+--------+                      +--------------------+
|        | A        O101     D1 |    Radio-S210-1    |
|        |-----------1----------| RRU227922B822B20C* |
|        |         OK-11m       |       BXP_6        |
|        |                      +--------------------+
|        |                                     |A  |B
|        |                  SE=210* AG=210 FDD=SC6BE1
|        |                                NIOT=SC6BN1
|        |
|        |                      +--------------------+
|        | B        O101     D1 |    Radio-S211-1    |
|        |-----------2----------| RRU227922B822B20C* |
|        |         OK-12m       |       BXP_5        |
|        |                      +--------------------+
|        |                                     |A  |B
|        |                  SE=211* AG=211 FDD=SC6BE2
|        |                                NIOT=SC6BN2
|        |
|        |                      +--------------------+
|        | C        O101     D1 |    Radio-S212-1    |
|        |-----------3----------| RRU227922B822B20C* |
|        |         OK-12m       |       BXP_2        |
|        |                      +--------------------+
|        |                                     |A  |B
|  BB-1  |                  SE=212* AG=212 FDD=SC6BE3
| BB6630 |                                NIOT=SC6BN3
| 000100 |
|        |                      +------------------+
|        | D        O101     D2 |   Radio-S100-1   |
|        |-----------4----------| RRU449944B144B3C |
|        |         OK-12m       |      BXP_4       |
|        |                      +------------------+
|        |                           |A  |B  |C  |D
|        |                    SE=100 AG=100  |   |
|        |            FDD=SC6BM1 FDD=SC6BT1  |   |
|        |                            SE=101 AG=101
|        |                    FDD=SC6BM2 FDD=SC6BT2
|        |
|        |                      +------------------+
|        | E        O101     D2 |   Radio-S102-1   |
|        |-----------5----------| RRU449944B144B3C |
|        |         OK-12m       |      BXP_3       |
|        |                      +------------------+
|        |                           |A  |B  |C  |D
|        |                    SE=102 AG=102  |   |
|        |            FDD=SC6BM3 FDD=SC6BT3  |   |
|        |
+--------+

=====================================================================================================================================
ID RiL    Type Res MO1-MO2                  BOARD1-BOARD2             AlmIDs Cells (States)                                        Issue (Failed checks)
=====================================================================================================================================
 1 S210-1 O101 OK  BB-1(A) Radio-S210-1(D1) BB6630 RRU227922B822B20C*        FDD=SC6BE1 NIOT=SC6BN1 (1,1)                          Passed
 2 S211-1 O101 OK  BB-1(B) Radio-S211-1(D1) BB6630 RRU227922B822B20C*        FDD=SC6BE2 NIOT=SC6BN2 (1,1)                          Passed
 3 S212-1 O101 OK  BB-1(C) Radio-S212-1(D1) BB6630 RRU227922B822B20C*        FDD=SC6BE3 NIOT=SC6BN3 (1,1)                          Passed
 4 S100-1 O101 OK  BB-1(D) Radio-S100-1(D2) BB6630 RRU449944B144B3C          FDD=SC6BM1 FDD=SC6BM2 FDD=SC6BT1 FDD=SC6BT2 (D,1,D,1) Passed
 5 S102-1 O101 OK  BB-1(E) Radio-S102-1(D2) BB6630 RRU449944B144B3C          FDD=SC6BM3 FDD=SC6BT3 (1,1)                           Passed
-------------------------------------------------------------------------------------------------------------------------------------

Node: RadioNode L   CXP9024418/16_R8D21 (RCG123.3-3)   G2   LTE-FDD,LTE-IoT 

=====================================================================================================================================
FRU          ;LNH    ;BOARD              ;ST ;FAULT ;OPER ;MAINT ;STAT ;PRODUCTNUMBER   ;REV     ;SERIAL        ;DATE     ;PMTEMP ; TEMP ; UPT ;VOLT ;SW                   ;
=====================================================================================================================================
BB-1         ;000100 ;BB6630             ; 1 ;  OFF ;  ON ;  OFF ;  ON ;KDU137848/11    ;R2H/A   ;E23A693955    ;20190808 ;3 (OK) ;      ; 113 ;48   ;                     ;
Radio-S100-1 ;BXP_4  ;RRU449944B144B3C   ; 1 ;  OFF ;  ON ;  OFF ; N/A ;KRC161787/1     ;R2G     ;E55H027603    ;20220629 ;4 (OK) ; 36.3 ; 113 ;54.1 ;CXP9013268%15_R101KB ; (Radio449944B144B3C)
Radio-S102-1 ;BXP_3  ;RRU449944B144B3C   ; 1 ;  OFF ;  ON ;  OFF ; N/A ;KRC161787/1     ;R2G     ;E55H037568    ;20220630 ;4 (OK) ; 28.7 ; 113 ;53.8 ;CXP9013268%15_R101KB ; (Radio449944B144B3C)
Radio-S210-1 ;BXP_6  ;RRU227922B822B20C* ; 1 ;  OFF ;  ON ;  OFF ; N/A ;KRC161864/1     ;R1E     ;TU8U01JMAD    ;20220512 ;4 (OK) ; 37.4 ; 131 ;53.9 ;CXP9013268%15_R101KB ; (Radio227922B822B20C)
Radio-S211-1 ;BXP_5  ;RRU227922B822B20C* ; 1 ;  OFF ;  ON ;  OFF ; N/A ;KRC161864/1     ;R1E     ;TU8U01JMAH    ;20220512 ;4 (OK) ; 36.5 ; 131 ;54.1 ;CXP9013268%15_R101KB ; (Radio227922B822B20C)
Radio-S212-1 ;BXP_2  ;RRU227922B822B20C* ; 1 ;  OFF ;  ON ;  OFF ; N/A ;KRC161864/1     ;R1E     ;TU8U01JM8A    ;20220512 ;4 (OK) ; 38.0 ; 131 ;53.9 ;CXP9013268%15_R101KB ; (Radio227922B822B20C)
-------------------------------------------------------------------------------------------------------------------------------------

=====================================================================================================================================
AntennaNearUnit                                     ;ST  ;TYPE   ;PRODUCTNR     ;REV       ;UNIQUEID             ;RfPort
=====================================================================================================================================
AntennaUnitGroup=100,AntennaNearUnit=DTMA_1800      ; D  ;TMA    ;MI-15832      ;A         ;MDAS185101846_1.8    ;FieldReplaceableUnit=Radio-S100-1,RfPort=R
AntennaUnitGroup=100,AntennaNearUnit=DTMA_2100      ; 1  ;TMA    ;MI-15832      ;A         ;MDAS185101846_2.1    ;FieldReplaceableUnit=Radio-S100-1,RfPort=R
AntennaUnitGroup=101,AntennaNearUnit=DTMA_1800      ; 1  ;TMA    ;MI-15832      ;A         ;MDAS191200181_1.8    ;FieldReplaceableUnit=Radio-S100-1,RfPort=R
AntennaUnitGroup=101,AntennaNearUnit=DTMA_2100      ; 1  ;TMA    ;MI-15832      ;A         ;MDAS191200181_2.1    ;FieldReplaceableUnit=Radio-S100-1,RfPort=R
AntennaUnitGroup=102,AntennaNearUnit=DTMA_1800      ; 1  ;TMA    ;MI-15832      ;A         ;MDAS191401771_1.8    ;FieldReplaceableUnit=Radio-S102-1,RfPort=R
AntennaUnitGroup=102,AntennaNearUnit=DTMA_2100      ; 1  ;TMA    ;MI-15832      ;A         ;MDAS191401771_2.1    ;FieldReplaceableUnit=Radio-S102-1,RfPort=R
AntennaUnitGroup=210,AntennaNearUnit=DTMA_800_900   ; 1  ;TMA    ;KRY112228/11  ;R1A       ;ERT405---X617D11997  ;FieldReplaceableUnit=Radio-S210-1,RfPort=R
AntennaUnitGroup=210,AntennaNearUnit=RET_1800_2100  ; 1  ;S-RET  ;86010165      ;HW_V_A01  ;KAD241597886-Y1      ;FieldReplaceableUnit=Radio-S210-1,RfPort=R
AntennaUnitGroup=210,AntennaNearUnit=RET_2600       ; 1  ;S-RET  ;86010165      ;HW_V_A01  ;KAD241597886-Y3      ;FieldReplaceableUnit=Radio-S210-1,RfPort=R
AntennaUnitGroup=210,AntennaNearUnit=RET_800_900    ; 1  ;S-RET  ;86010165      ;HW_V_A01  ;KAD241597886-R1      ;FieldReplaceableUnit=Radio-S210-1,RfPort=R
AntennaUnitGroup=211,AntennaNearUnit=DTMA_800_900   ; 1  ;TMA    ;KRY112228/11  ;R1A       ;ERT405---X617D12057  ;FieldReplaceableUnit=Radio-S211-1,RfPort=R
AntennaUnitGroup=211,AntennaNearUnit=RET_1800_2100  ; 1  ;S-RET  ;86010165      ;HW_V_A01  ;KAD241872571-Y1      ;FieldReplaceableUnit=Radio-S211-1,RfPort=R
AntennaUnitGroup=211,AntennaNearUnit=RET_2600       ; 1  ;S-RET  ;86010165      ;HW_V_A01  ;KAD241872571-Y3      ;FieldReplaceableUnit=Radio-S211-1,RfPort=R
AntennaUnitGroup=211,AntennaNearUnit=RET_800_900    ; 1  ;S-RET  ;86010165      ;HW_V_A01  ;KAD241872571-R1      ;FieldReplaceableUnit=Radio-S211-1,RfPort=R
AntennaUnitGroup=212,AntennaNearUnit=DTMA_800_900   ; 1  ;TMA    ;KRY112228/11  ;R1A       ;ERT405---X617D12609  ;FieldReplaceableUnit=Radio-S212-1,RfPort=R
AntennaUnitGroup=212,AntennaNearUnit=RET_1800_2100  ; 1  ;S-RET  ;86010165      ;HW_V_A01  ;KAD241598009-Y1      ;FieldReplaceableUnit=Radio-S212-1,RfPort=R
AntennaUnitGroup=212,AntennaNearUnit=RET_2600       ; 1  ;S-RET  ;86010165      ;HW_V_A01  ;KAD241598009-Y3      ;FieldReplaceableUnit=Radio-S212-1,RfPort=R
AntennaUnitGroup=212,AntennaNearUnit=RET_800_900    ; 1  ;S-RET  ;86010165      ;HW_V_A01  ;KAD241598009-R1      ;FieldReplaceableUnit=Radio-S212-1,RfPort=R
-------------------------------------------------------------------------------------------------------------------------------------

=====================================================================================================================================
XPBOARD  ;ST ;FAULT ;OPER ;PRODUCTNUMBER ;REV ;SERIAL/NAME ;DATE     ; TEMP ;MO
=====================================================================================================================================
FAN      ; 1 ;N/A   ;N/A  ;BKV106217/1   ;N/A ;N/A         ;N/A      ;      ;SupportUnit=1 (FAN  BB-1)
-------------------------------------------------------------------------------------------------------------------------------------

=====================================================================================================================================
ID ;T ;RiL    ;BPBP ;BOARD1             ;LNH1 ;PORT ;R ;LINK ;RATE  ; BER ;BOARD2             ;LNH2 ;PORT ;R ;LINK ;RATE  ; BER ;LENGTH ;MO1 - MO2
=====================================================================================================================================
 1 ;O ;S210-1 ;1111 ;BB6630             ;000100 ; 1 ;M ;Up   ;10.1G ;   0 ;RRU227922B822B20C* ;BXP_6  ; 0 ;S ;Up   ;10.1G ;   0 ;   11m ;Fru=BB-1(A) Fru=Radio-S210-1(D1)
 2 ;O ;S211-1 ;1111 ;BB6630             ;000100 ; 2 ;M ;Up   ;10.1G ;   0 ;RRU227922B822B20C* ;BXP_5  ; 0 ;S ;Up   ;10.1G ;   0 ;   12m ;Fru=BB-1(B) Fru=Radio-S211-1(D1)
 3 ;O ;S212-1 ;1111 ;BB6630             ;000100 ; 3 ;M ;Up   ;10.1G ;   0 ;RRU227922B822B20C* ;BXP_2  ; 0 ;S ;Up   ;10.1G ;   0 ;   12m ;Fru=BB-1(C) Fru=Radio-S212-1(D1)
 4 ;O ;S100-1 ;1111 ;BB6630             ;000100 ; 4 ;M ;Up   ;10.1G ;   0 ;RRU449944B144B3C   ;BXP_4  ; 1 ;S ;Up   ;10.1G ;   0 ;   12m ;Fru=BB-1(D) Fru=Radio-S100-1(D2)
 5 ;O ;S102-1 ;1111 ;BB6630             ;000100 ; 5 ;M ;Up   ;10.1G ;   0 ;RRU449944B144B3C   ;BXP_3  ; 1 ;S ;Up   ;10.1G ;   0 ;   12m ;Fru=BB-1(E) Fru=Radio-S102-1(D2)
-------------------------------------------------------------------------------------------------------------------------------------

=====================================================================================================================================
ID ;LINK ;RiL    ;VENDOR1  ;VENDORPROD1     ;REV1 ;SERIAL1        ;DATE1    ;ERICSSONPROD1  ;VENDOR2  ;VENDORPROD2     ;REV2 ;SERIAL2        ;DATE2    ;ERICSSONPROD2  ;TT ;WL1     ;WL2    
=====================================================================================================================================
 1 ;Up   ;S210-1 ;ERICSSON ;SPP10ELRIDFREN  ;10   ;M3A2003363     ;20220209 ;RDH10265/2 R1A ;ERICSSON ;SPP10ELRIDFSEN  ;10   ;CT72660883     ;20220613 ;RDH10265/2 R1A ;0  ;1310.00 ;1310.00
 2 ;Up   ;S211-1 ;ERICSSON ;SPP10ELRIDFSEN  ;10   ;CT72688882     ;20220616 ;RDH10265/2 R1A ;ERICSSON ;SPP10ELRIDFSEN  ;10   ;CT72702113     ;20220617 ;RDH10265/2 R1A ;0  ;1310.00 ;1310.00
 3 ;Up   ;S212-1 ;ERICSSON ;SPP10ELRIDFSEN  ;10   ;CT72741343     ;20220622 ;RDH10265/2 R1A ;ERICSSON ;SPP10ELRIDFSEN  ;10   ;CT72711218     ;20220617 ;RDH10265/2 R1A ;0  ;1310.00 ;1310.00
 4 ;Up   ;S100-1 ;ERICSSON ;SPP10ELRIDFSEN  ;10   ;CT72735265     ;20220621 ;RDH10265/2 R1A ;ERICSSON ;SPP10ELRIDFSEN  ;10   ;CT72733930     ;20220621 ;RDH10265/2 R1A ;0  ;1310.00 ;1310.00
 5 ;Up   ;S102-1 ;ERICSSON ;SPP10ELRIDFSEN  ;10   ;CT72735450     ;20220621 ;RDH10265/2 R1A ;ERICSSON ;SPP10ELRIDFSEN  ;10   ;CT72740465     ;20220622 ;RDH10265/2 R1A ;0  ;1310.00 ;1310.00
-------------------------------------------------------------------------------------------------------------------------------------

=====================================================================================================================================
ID ;LINK ;RiL    ;WL1     ;TEMP1 ;TXbs1 ;TXdBm1 ;RXdBm1 ;BER1   ;WL2     ;TEMP2 ;TXbs2 ;TXdBm2 ;RXdBm2 ;BER2   ;DlLoss ;UlLoss ;LENGTH ;TT
=====================================================================================================================================
 1 ;Up   ;S210-1 ;1310.00 ;41C   ;40%   ;-1.23  ;-1.19  ;   0   ;1310.00 ;37C   ;37%   ;-2.16  ;-1.59  ;   0   ;  0.36 ; -0.97 ;   11m ; 0
 2 ;Up   ;S211-1 ;1310.00 ;45C   ;41%   ;-2.05  ;-3.30  ;   0   ;1310.00 ;39C   ;40%   ;-2.06  ;-5.36  ;   0   ;  3.31 ;  1.24 ;   12m ; 0
 3 ;Up   ;S212-1 ;1310.00 ;46C   ;34%   ;-1.90  ;-1.61  ;   0   ;1310.00 ;40C   ;48%   ;-2.13  ;-3.15  ;   0   ;  1.25 ; -0.52 ;   12m ; 0
 4 ;Up   ;S100-1 ;1310.00 ;46C   ;34%   ;-1.92  ;-3.96  ;   0   ;1310.00 ;38C   ;33%   ;-2.01  ;-3.43  ;   0   ;  1.51 ;  1.95 ;   12m ; 0
 5 ;Up   ;S102-1 ;1310.00 ;45C   ;35%   ;-2.00  ;-1.57  ;   0   ;1310.00 ;37C   ;34%   ;-1.95  ;-2.38  ;   0   ;  0.38 ; -0.38 ;   12m ; 0
-------------------------------------------------------------------------------------------------------------------------------------

=====================================================================================================================================
ID ;RiL    ;BOARD              ;SFPLNH  ;PORT ;VENDOR   ;VENDORPROD      ;REV  ;SERIAL         ;DATE     ;ERICSSONPROD   ;WL      ;TEMP  ;TXbs  ;TXdBm  ;RXdBm  ; BER
=====================================================================================================================================
 1 ;S210-1 ;BB6630             ;000100   ;  1 ;ERICSSON ;SPP10ELRIDFREN  ;10   ;M3A2003363     ;20220209 ;RDH10265/2 R1A ;1310.00 ;41C   ;40%   ;-1.23  ;-1.19  ;   0
 2 ;S211-1 ;BB6630             ;000100   ;  2 ;ERICSSON ;SPP10ELRIDFSEN  ;10   ;CT72688882     ;20220616 ;RDH10265/2 R1A ;1310.00 ;45C   ;41%   ;-2.05  ;-3.30  ;   0
 3 ;S212-1 ;BB6630             ;000100   ;  3 ;ERICSSON ;SPP10ELRIDFSEN  ;10   ;CT72741343     ;20220622 ;RDH10265/2 R1A ;1310.00 ;46C   ;34%   ;-1.90  ;-1.61  ;   0
 4 ;S100-1 ;BB6630             ;000100   ;  4 ;ERICSSON ;SPP10ELRIDFSEN  ;10   ;CT72735265     ;20220621 ;RDH10265/2 R1A ;1310.00 ;46C   ;34%   ;-1.92  ;-3.96  ;   0
 5 ;S102-1 ;BB6630             ;000100   ;  5 ;ERICSSON ;SPP10ELRIDFSEN  ;10   ;CT72735450     ;20220621 ;RDH10265/2 R1A ;1310.00 ;45C   ;35%   ;-2.00  ;-1.57  ;   0
 3 ;S212-1 ;RRU227922B822B20C* ;BXP_2    ;  0 ;ERICSSON ;SPP10ELRIDFSEN  ;10   ;CT72711218     ;20220617 ;RDH10265/2 R1A ;1310.00 ;40C   ;48%   ;-2.13  ;-3.15  ;   0
 5 ;S102-1 ;RRU449944B144B3C   ;BXP_3    ;  1 ;ERICSSON ;SPP10ELRIDFSEN  ;10   ;CT72740465     ;20220622 ;RDH10265/2 R1A ;1310.00 ;37C   ;34%   ;-1.95  ;-2.38  ;   0
 4 ;S100-1 ;RRU449944B144B3C   ;BXP_4    ;  1 ;ERICSSON ;SPP10ELRIDFSEN  ;10   ;CT72733930     ;20220621 ;RDH10265/2 R1A ;1310.00 ;38C   ;33%   ;-2.01  ;-3.43  ;   0
 2 ;S211-1 ;RRU227922B822B20C* ;BXP_5    ;  0 ;ERICSSON ;SPP10ELRIDFSEN  ;10   ;CT72702113     ;20220617 ;RDH10265/2 R1A ;1310.00 ;39C   ;40%   ;-2.06  ;-5.36  ;   0
 1 ;S210-1 ;RRU227922B822B20C* ;BXP_6    ;  0 ;ERICSSON ;SPP10ELRIDFSEN  ;10   ;CT72660883     ;20220613 ;RDH10265/2 R1A ;1310.00 ;37C   ;37%   ;-2.16  ;-1.59  ;   0
-------------------------------------------------------------------------------------------------------------------------------------
TN ;       ;BB6630             ;000100   ;  A ;WTD      ;RTXM192-406-C25 ;3.0  ;HC222100050656 ;20220517 ;RDH10247/2 R2A ;0       ;36C   ;19%   ;-5.51  ;-14.20 ;NZ/0
TN ;       ;BB6630             ;000100   ;  B ;ERICSSON ;SPP10ELRIDFSEN  ;10   ;CT72714058     ;20220617 ;RDH10265/2 R1A ;0       ;49C   ;46%   ;-2.47  ;-3.03  ; 0/0
-------------------------------------------------------------------------------------------------------------------------------------

=====================================================================================================================================
BOARD  ;LNH    ;PORT   ;T ;S ;OpMode   ;AutoNeg ;MacAddress        ;VlanIds        ;LOS ;BER
=====================================================================================================================================
BB6630 ;000100 ;IDL_A1 ;E ;1 ;10G_FULL ;false   ;78:D3:47:D9:00:32 ;3908           ;0   ;0/0
BB6630 ;000100 ;TN_A   ;O ;1 ;1G_FULL  ;true    ;78:D3:47:D9:00:2E ;3901,3908,3910 ;0   ;NZ/0
BB6630 ;000100 ;TN_B   ;O ;1 ;10G_FULL ;false   ;78:D3:47:D9:00:2F ;3901,3908,3910 ;0   ;0/0
-------------------------------------------------------------------------------------------------------------------------------------

radioClockState : RNT_TIME_LOCKED
-------------------------------------------------------------------------------------
Prio  ;ST  ;syncRefType    ;refStatus  ;opQualLevel  ;SyncReference
-------------------------------------------------------------------------------------
  *1  ; 1  ;PTP_TIME       ;NO_FAULT   ;PRTC         ;Ptp=1,BoundaryOrdinaryClock=1 (G_8275_2 Router=45G_Traffic,InterfaceIPv4=LTE,AddressIPv4=LTE:SLAVE)
   2  ; 1  ;NTP_FREQUENCY  ;NO_FAULT   ;PRC          ;Ntp=1,NtpFrequencySync=NTP1 (10.31.0.54:32751 Router=45G_Traffic,InterfaceIPv4=LTE,AddressIPv4=LTE)
-------------------------------------------------------------------------------------
nodeGroupRole   : SYNC_PROVIDER (syncNodePriority=1, selectionMode=NODE_PRIORITY)
-------------------------------------------------------------------------------------
DU  ;Port  ;sharedUnitRef (RiPortA - RiPortB)  ;remoteNodePriority  ;CandidateStatus
-------------------------------------------------------------------------------------
1   ;A     ;Fru=Radio-S210-1 (1 - 2)           ;3                   ;OK_NOT_ACTIVE
1   ;B     ;Fru=Radio-S211-1 (1 - 2)           ;3                   ;OK_NOT_ACTIVE
1   ;C     ;Fru=Radio-S212-1 (1 - 2)           ;3                   ;OK_NOT_ACTIVE
-------------------------------------------------------------------------------------

=====================================================================================================================================
FRU          ;LNH    ;BOARD              ;RF  ;BP  ;TX (W/dBm)  ;VSWR (RL)   ;RX (dBm) ;UEs/gUEs  ;Sector/AntennaGroup/Cells (State:CellIds:PCIs)
=====================================================================================================================================
Radio-S100-1 ;BXP_4  ;RRU449944B144B3C   ; A  ;11  ;24.5 (43.9) ;1.17 (21.9) ;-95.2    ;42/-      ;SE=100 AG=100 FDD=SC6BM1 FDD=SC6BT1 (D:31:17, D:41:488)
Radio-S100-1 ;BXP_4  ;RRU449944B144B3C   ; B  ;11  ;26.5 (44.2) ;1.16 (22.6) ;-91.8    ;42/-      ;SE=100 AG=100 FDD=SC6BM1 FDD=SC6BT1 (D:31:17, D:41:488)
Radio-S100-1 ;BXP_4  ;RRU449944B144B3C   ; C  ;11  ;77.8 (48.9) ;1.14 (23.7) ;-94.5    ;10/-      ;SE=101 AG=101 FDD=SC6BM2 FDD=SC6BT2 (1:32:187, 1:42:4)
Radio-S100-1 ;BXP_4  ;RRU449944B144B3C   ; D  ;11  ;-           ;1.11 (25.8) ;-93.5    ;10/-      ;SE=101 AG=101 FDD=SC6BM2 FDD=SC6BT2 (1:32:187, 1:42:4)
Radio-S102-1 ;BXP_3  ;RRU449944B144B3C   ; A  ;11  ;39.9 (46.0) ;1.20 (21.0) ;-96.6    ;4/-       ;SE=102 AG=102 FDD=SC6BM3 FDD=SC6BT3 (1:33:67, 1:43:404)
Radio-S102-1 ;BXP_3  ;RRU449944B144B3C   ; B  ;11  ;-           ;1.11 (26.0) ;-95.9    ;4/-       ;SE=102 AG=102 FDD=SC6BM3 FDD=SC6BT3 (1:33:67, 1:43:404)
Radio-S102-1 ;BXP_3  ;RRU449944B144B3C   ; C  ;11  ;-           ;-           ;         ;          ;
Radio-S102-1 ;BXP_3  ;RRU449944B144B3C   ; D  ;11  ;-           ;-           ;         ;          ;
Radio-S210-1 ;BXP_6  ;RRU227922B822B20C* ; A  ;11  ;23.3 (43.7) ;1.22 (20.0) ;-82.9    ;5/-       ;SE=210* AG=210 FDD=SC6BE1 NIOT=SC6BN1 (1:61:497, 1:161:497)
Radio-S210-1 ;BXP_6  ;RRU227922B822B20C* ; B  ;11  ;23.5 (43.7) ;1.20 (20.8) ;-82.2    ;5/-       ;SE=210* AG=210 FDD=SC6BE1 NIOT=SC6BN1 (1:61:497, 1:161:497)
Radio-S211-1 ;BXP_5  ;RRU227922B822B20C* ; A  ;11  ;60.6 (47.8) ;1.33 (17.0) ;-94.5    ;0/-       ;SE=211* AG=211 FDD=SC6BE2 NIOT=SC6BN2 (1:62:315, 1:162:315)
Radio-S211-1 ;BXP_5  ;RRU227922B822B20C* ; B  ;11  ;26.0 (44.1) ;1.14 (23.9) ;-91.9    ;0/-       ;SE=211* AG=211 FDD=SC6BE2 NIOT=SC6BN2 (1:62:315, 1:162:315)
Radio-S212-1 ;BXP_2  ;RRU227922B822B20C* ; A  ;11  ;34.4 (45.4) ;1.12 (24.9) ;-95.8    ;0/-       ;SE=212* AG=212 FDD=SC6BE3 NIOT=SC6BN3 (1:63:223, 1:163:223)
Radio-S212-1 ;BXP_2  ;RRU227922B822B20C* ; B  ;11  ;25.7 (44.1) ;1.17 (21.9) ;-96.3    ;0/-       ;SE=212* AG=212 FDD=SC6BE3 NIOT=SC6BN3 (1:63:223, 1:163:223)
-------------------------------------------------------------------------------------------------------------------------------------

SC6BT> mfar

251125-15:54:53+0100 19.31.6.237 25.0h MSRBS_NODE_MODEL_25.Q1_198665.224.73_bf81 stopfile=/tmp/2994780
.........
Last MO: 17940. Loaded 17940 MOs. Total: 17941 MOs.
..................................................
get /rop/A20251125.1315-1330_SC6BT.xml.gz /ericsson/log/amos/moshell_logfiles/t20251125_37258710_65084/logs_moshell/pmfiles/19.31.6.237/rop/A20251125.1315-1330_SC6BT.xml.gz ... OK
get /rop/A20251125.1330-1345_SC6BT.xml.gz /ericsson/log/amos/moshell_logfiles/t20251125_37258710_65084/logs_moshell/pmfiles/19.31.6.237/rop/A20251125.1330-1345_SC6BT.xml.gz ... OK
get /rop/A20251125.1345-1400_SC6BT.xml.gz /ericsson/log/amos/moshell_logfiles/t20251125_37258710_65084/logs_moshell/pmfiles/19.31.6.237/rop/A20251125.1345-1400_SC6BT.xml.gz ... OK

Using hardcoded thresholds: 3, 4.5, and 16.5
================================================================================================================================
SC     SE  Tx/Rx BrPair  RfPort1 - RfPort2               HW       Serial      Cell (State)   Samples   Med  Mean  SDev Pol Res Issue
================================================================================================================================
SC6BE1 210   2/2 0 (1,2) Radio-S210-1(A) Radio-S210-1(B) RRU2279  TU8U01JMAD  FDD=SC6BE1 (1)   89321   1.5   1.4   7.6  NA  OK Passed
SC6BE2 211   2/2 0 (1,2) Radio-S211-1(A) Radio-S211-1(B) RRU2279  TU8U01JMAH  FDD=SC6BE2 (1)     444   0.5   0.4   6.8  NA  NT Not enough data
SC6BE3 212   2/2 0 (1,2) Radio-S212-1(A) Radio-S212-1(B) RRU2279  TU8U01JM8A  FDD=SC6BE3 (1)    2121  -1.5  -2.5   7.7  NA  NT Not enough data
SC6BM1 100   2/2 0 (1,2) Radio-S100-1(A) Radio-S100-1(B) RRU4499  E55H027603  FDD=SC6BM1 (1)   73161   5.5   5.7   6.6  NA NOK RF Loss or PIM at Radio-S100-1(A)
SC6BM2 101   2/2 0 (1,2) Radio-S100-1(C) Radio-S100-1(D) RRU4499  E55H027603  FDD=SC6BM2 (1)    2089  -1.5  -1.7   8.3  NA  NT Not enough data
SC6BM3 102   2/2 0 (1,2) Radio-S102-1(A) Radio-S102-1(B) RRU4499  E55H037568  FDD=SC6BM3 (1)    6424  -1.5  -1.6   7.0  NA  OK Passed
SC6BT1 100   2/2 0 (1,2) Radio-S100-1(A) Radio-S100-1(B) RRU4499  E55H027603  FDD=SC6BT1 (1)  150898   4.5   5.0   7.2  NA NOK RF Loss or PIM at Radio-S100-1(A)
SC6BT2 101   2/2 0 (1,2) Radio-S100-1(C) Radio-S100-1(D) RRU4499  E55H027603  FDD=SC6BT2 (1)   30835   5.5   4.8   6.5  NA NOK RF Loss or PIM at Radio-S100-1(C)
SC6BT3 102   2/2 0 (1,2) Radio-S102-1(A) Radio-S102-1(B) RRU4499  E55H037568  FDD=SC6BT3 (1)   44378   1.5   0.4   7.1  NA  OK Passed
================================================================================================================================
Total: 9 SectorCarriers, 9 RfBranch Pairs (3 OK, 0 OKW, 3 NOK, 3 NT)
.........
Last MO: 17940. Loaded 17940 MOs. Total: 17941 MOs.

No NRSectorCarrier MOs are defined on the node.

SC6BT> mfitr

251125-15:55:11+0100 19.31.6.237 25.0h MSRBS_NODE_MODEL_25.Q1_198665.224.73_bf81 stopfile=/tmp/2994780
..............
Last MO: 17940. Loaded 17940 MOs. Total: 17941 MOs.
...........
2025-11-25 15:55
================================================================================================================================
CELL       SC     FRU          BOARD             PUSCH  PUCCH       A      B      C      D  DELTA
================================================================================================================================
FDD=SC6BE1 SC6BE1 Radio-S210-1 RRU227922B822B20C -116.9 -115.6 -116.5 -115.9                  0.6
FDD=SC6BE2 SC6BE2 Radio-S211-1 RRU227922B822B20C -119.1 -119.0 -119.0 -118.7                  0.3
FDD=SC6BE3 SC6BE3 Radio-S212-1 RRU227922B822B20C -117.9 -118.0 -118.4 -117.8                  0.6
FDD=SC6BM1 SC6BM1 Radio-S100-1 RRU449944B144B3C  -118.7 -118.6 -118.3 -120.1                  1.8
FDD=SC6BM2 SC6BM2 Radio-S100-1 RRU449944B144B3C  -120.4 -120.4               -120.7 -120.3    0.4
FDD=SC6BM3 SC6BM3 Radio-S102-1 RRU449944B144B3C  -120.8 -120.8 -120.6 -120.5                  0.1
FDD=SC6BT1 SC6BT1 Radio-S100-1 RRU449944B144B3C  -114.9 -115.2 -116.4 -117.3                  0.9
FDD=SC6BT2 SC6BT2 Radio-S100-1 RRU449944B144B3C  -118.3 -117.1               -118.7 -118.2    0.5
FDD=SC6BT3 SC6BT3 Radio-S102-1 RRU449944B144B3C  -118.4 -116.9 -119.5 -118.3                  1.2
================================================================================================================================
Bye...
Output has been logged to file /mta_fs/UserFiles/37258710/amosbatch/SDIR/SC6BT.log
