Logging to file /mta_fs/UserFiles/37258710/amosbatch/SDIR/VV17L.log
                        __  __  ____   _____
                  /\   |  \/  |/ __ \ / ____|
                 /  \  | \  / | |  | | (___  
                / /\ \ | |\/| | |  | |\___ \ 
               / ____ \| |  | | |__| |____) |
              /_/    \_\_|  |_|\____/|_____/
              OSS Framework for MoShell-25.0h 
  Copyright (c) Ericsson AB 2001-2025 - All Rights Reserved
              
           
[1;31mWARNING: [0mthe AMOS version currently running is more than 29 weeks old and is unsupported.
Please upgrade as soon as possible to the latest released version, available from your local Ericsson support.

$amosrb_pid = 2428757

Checking ip contact...OK

HELP MENU            : h
BASIC MO COMMANDS    : m
OTHER MO COMMANDS    : n
OTHER COMMANDS       : o
PM COMMANDS          : p
QUIT                 : q

VV17L> lt all

251125-13:00:44+0100 19.31.16.137 25.0h  stopfile=/tmp/2428417
Looking up temporary_amos account... OK.
Trying temporary_amos_t20251125_37258710_65084_131's password from amos lookupAccount ... OK

$ssh_pid = 2429722

Connected to 19.31.16.137 (SubNetwork=BBMM_rckomc_R,MeContext=VV17L,ManagedElement=VV17L)

Checking MOM version...MSRBS_NODE_MODEL_25.Q1_693.28324.131_62ac
Parsing MOM (cached): /ericsson/log/amos/moshell_logfiles/t20251125_37258710_65084/logs_moshell/tempfiles/scp-4-amos_20251125-130037_2428333/MSRBS_NODE_MODEL_25.Q1_693.28324.131_62ac.xml.cache.gz ..................................................................................................................................................................................................................................Done.
Using paramfile /opt/ericsson/amos/moshell/commonjars/pm/PARAM_MSRBS_25.Q1.txt
Parsing file /opt/ericsson/amos/moshell/commonjars/pm/PARAM_MSRBS_25.Q1.txt .......................................................................................Done.
Using imomdfile /opt/ericsson/amos/moshell/commonjars/pm/IMOMD_MSRBS_22.Q4.txt
Using imomfile /opt/ericsson/amos/moshell/commonjars/pm/IMOM_MSRBS_25.Q1.txt
Connected to 19.31.16.137 (SubNetwork=BBMM_rckomc_R,MeContext=VV17L,ManagedElement=VV17L)

Last MO: 16779. Loaded 16779 MOs. Total: 16780 MOs.

VV17L> st cell

251125-13:00:58+0100 19.31.16.137 25.0h MSRBS_NODE_MODEL_25.Q1_693.28324.131_62ac stopfile=/tmp/2428417
===================================================================================
Proxy  Adm State     Op. State     MO
===================================================================================
   56  1 (UNLOCKED)  1 (ENABLED)   ENodeBFunction=1,EUtranCellFDD=VV17L1
  144  1 (UNLOCKED)  1 (ENABLED)   ENodeBFunction=1,EUtranCellFDD=VV17L2
  240  1 (UNLOCKED)  1 (ENABLED)   ENodeBFunction=1,EUtranCellFDD=VV17L3
===================================================================================
Total: 3 MOs

VV17L> st radio

251125-13:00:58+0100 19.31.16.137 25.0h MSRBS_NODE_MODEL_25.Q1_693.28324.131_62ac stopfile=/tmp/2428417
===================================================================================
Proxy  Adm State     Op. State     MO
===================================================================================
  972  1 (UNLOCKED)  1 (ENABLED)   Equipment=1,FieldReplaceableUnit=Radio-S180-1
  987  1 (UNLOCKED)  1 (ENABLED)   Equipment=1,FieldReplaceableUnit=Radio-S182-1
 1002  1 (UNLOCKED)  1 (ENABLED)   Equipment=1,FieldReplaceableUnit=Radio-S220-1
 1029  1 (UNLOCKED)  1 (ENABLED)   Equipment=1,FieldReplaceableUnit=Radio-S221-1
 1056  1 (UNLOCKED)  1 (ENABLED)   Equipment=1,FieldReplaceableUnit=Radio-S222-1
16773  1 (UNLOCKED)  1 (ENABLED)   Transport=1,Synchronization=1,RadioEquipmentClock=1,RadioEquipmentClockReference=NTP1
16774  1 (UNLOCKED)  1 (ENABLED)   Transport=1,Synchronization=1,RadioEquipmentClock=1,RadioEquipmentClockReference=PTP
===================================================================================
Total: 7 MOs

VV17L> sdir

251125-13:00:58+0100 19.31.16.137 25.0h MSRBS_NODE_MODEL_25.Q1_693.28324.131_62ac stopfile=/tmp/2428417
INFO: Using amos lookupAccount credentials for the export login
...............................
get /rop/A20251125.1115-1130_VV17L.xml.gz /ericsson/log/amos/moshell_logfiles/t20251125_37258710_65084/logs_moshell/pmfiles/19.31.16.137/rop/A20251125.1115-1130_VV17L.xml.gz ... OK
get /rop/A20251125.1130-1145_VV17L.xml.gz /ericsson/log/amos/moshell_logfiles/t20251125_37258710_65084/logs_moshell/pmfiles/19.31.16.137/rop/A20251125.1130-1145_VV17L.xml.gz ... OK
get /rop/A20251125.1145-1200_VV17L.xml.gz /ericsson/log/amos/moshell_logfiles/t20251125_37258710_65084/logs_moshell/pmfiles/19.31.16.137/rop/A20251125.1145-1200_VV17L.xml.gz ... OK
....Checking available boards on node...

Collecting RCS board data ...
........................................................................................................................
.............................
................................................................................................................................................................................................................................................................................................................
...........
Collecting TN data...
...................................................................................................................................................
Getting MO data from node (51 MOs). Please wait...
0%                                             ~50%                                           ~100%
.............................................................................................................................
Collecting RF data...
....
Collecting Alarms...
Executing action Log.export()
...
Log=AlarmLog                    actionId=63422
.....
Executing action LogM.exportAvailabilityLog()
..LogM=1,exportAvailabilityLog    actionId=63423
.....Parsing alarmLog.....Done.
Parsing availabilityLog.....Done.
....

Total: 5 CPRI links (5 OK, 0 OKW, 0 NOK, 0 NT)
.
+--------+                      +----------------------------+
|        | A        O101     D2 |        Radio-S220-1        |
|        |-----------1----------| RRU247924B824B2024B28BM01* |
|        |         OK-56m       |           BXP_3            |
|        |                      +----------------------------+
|        |                                     |A  |B  |C  |D
|        |             SE=220* AG=220 GT=VV17D1/0 GT=VV17D1/8
|        |
|        |                      +----------------------------+
|        | B        O101     D2 |        Radio-S221-1        |
|        |-----------2----------| RRU247924B824B2024B28BM01* |
|        |         OK-56m       |           BXP_2            |
|        |                      +----------------------------+
|        |                                     |A  |B  |C  |D
|        |             SE=221* AG=221 GT=VV17D2/0 GT=VV17D2/1
|        |
|        |                      +----------------------------+
|        | C        O101     D2 |        Radio-S222-1        |
|        |-----------3----------| RRU247924B824B2024B28BM01* |
|        |         OK-56m       |           BXP_6            |
|        |                      +----------------------------+
|        |                                     |A  |B  |C  |D
|  BB-1  |             SE=222* AG=222 GT=VV17D3/0 GT=VV17D3/1
| BB6631 |
| 000100 |                      +---------------+
|        | D        O101     D1 | Radio-S180-1  |
|        |-----------4----------|   RRU4415B7   |
|        |         OK-56m       |     BXP_4     |
|        |                      +---------------+
|        |                        |A  |B  |C  |D
|        |                 SE=180 AG=180  |   |
|        |                    FDD=VV17L1  |   |
|        |                         SE=181 AG=181
|        |                            FDD=VV17L2
|        |
|        |                      +---------------+
|        | E        O101     D1 | Radio-S182-1  |
|        |-----------5----------|   RRU4415B7   |
|        |         OK-56m       |     BXP_5     |
|        |                      +---------------+
|        |                        |A  |B  |C  |D
|        |                 SE=182 AG=182  |   |
|        |                    FDD=VV17L3  |   |
|        |
+--------+

=====================================================================================================================================
ID RiL    Type Res MO1-MO2                  BOARD1-BOARD2                     AlmIDs Cells (States)                Issue (Failed checks)
=====================================================================================================================================
 1 S220-1 O101 OK  BB-1(A) Radio-S220-1(D2) BB6631 RRU247924B824B2024B28BM01*        GT=VV17D1/0 GT=VV17D1/8 (1,1) Passed
 2 S221-1 O101 OK  BB-1(B) Radio-S221-1(D2) BB6631 RRU247924B824B2024B28BM01*        GT=VV17D2/0 GT=VV17D2/1 (1,1) Passed
 3 S222-1 O101 OK  BB-1(C) Radio-S222-1(D2) BB6631 RRU247924B824B2024B28BM01*        GT=VV17D3/0 GT=VV17D3/1 (1,D) Passed
 4 S180-1 O101 OK  BB-1(D) Radio-S180-1(D1) BB6631 RRU4415B7                         FDD=VV17L1 FDD=VV17L2 (1,1)   Passed
 5 S182-1 O101 OK  BB-1(E) Radio-S182-1(D1) BB6631 RRU4415B7                         FDD=VV17L3 (1)                Passed
-------------------------------------------------------------------------------------------------------------------------------------

Node: RadioNode GL   CXP2010174/2_R27J08 (25.Q1)   G3.1   GSM LTE-FDD 

=====================================================================================================================================
FRU          ;LNH    ;BOARD                      ;ST ;FAULT ;OPER ;MAINT ;STAT ;PRODUCTNUMBER   ;REV     ;SERIAL        ;DATE     ;PMTEMP ; TEMP ; UPT ;VOLT ;SW                   ;
=====================================================================================================================================
BB-1         ;000100 ;BB6631                     ; 1 ;  OFF ;  ON ;  OFF ;  ON ;KDU1370071/11   ;R3C     ;E23E627984    ;20230513 ;3 (OK) ;      ;16.4 ;52   ;                     ;
Radio-S180-1 ;BXP_4  ;RRU4415B7                  ; 1 ;  OFF ;  ON ;  OFF ; N/A ;KRC161495/1     ;R5J     ;E55K583628    ;20230311 ;4 (OK) ; 25.5 ;16.4 ;53.0 ;CXP9013268%15_R101LX ; (Radio4415B7)
Radio-S182-1 ;BXP_5  ;RRU4415B7                  ; 1 ;  OFF ;  ON ;  OFF ; N/A ;KRC161495/1     ;R5J     ;E55K583617    ;20230311 ;4 (OK) ; 27.7 ;16.4 ;53.5 ;CXP9013268%15_R101LX ; (Radio4415B7)
Radio-S220-1 ;BXP_3  ;RRU247924B824B2024B28BM01* ; 1 ;  OFF ;  ON ;  OFF ; N/A ;KRC161832/1     ;R2G     ;E55K947359    ;20230415 ;4 (OK) ; 25.7 ;16.4 ;52.2 ;CXP9013268%15_R101LX ; (Radio247924B824B2024B28BM01)
Radio-S221-1 ;BXP_2  ;RRU247924B824B2024B28BM01* ; 1 ;  OFF ;  ON ;  OFF ; N/A ;KRC161832/1     ;R2G     ;E55K947367    ;20230415 ;4 (OK) ; 40.2 ;16.4 ;53.7 ;CXP9013268%15_R101LX ; (Radio247924B824B2024B28BM01)
Radio-S222-1 ;BXP_6  ;RRU247924B824B2024B28BM01* ; 1 ;  OFF ;  ON ;  OFF ; N/A ;KRC161832/1     ;R2G     ;E55K947363    ;20230415 ;4 (OK) ; 37.7 ;16.4 ;52.6 ;CXP9013268%15_R101LX ; (Radio247924B824B2024B28BM01)
-------------------------------------------------------------------------------------------------------------------------------------

=====================================================================================================================================
XPBOARD  ;ST ;FAULT ;OPER ;PRODUCTNUMBER ;REV ;SERIAL/NAME ;DATE     ; TEMP ;MO
=====================================================================================================================================
FAN08    ; 1 ;N/A   ;N/A  ;BKV106236/1   ;R2F ;DD13832005  ;20220829 ; 33.0 ;SupportUnit=1 (FAN  BB-1)
-------------------------------------------------------------------------------------------------------------------------------------

=====================================================================================================================================
ID ;T ;RiL    ;BPBP ;BOARD1                     ;LNH1 ;PORT ;R ;LINK ;RATE  ; BER ;BOARD2                     ;LNH2 ;PORT ;R ;LINK ;RATE  ; BER ;LENGTH ;MO1 - MO2
=====================================================================================================================================
 1 ;O ;S220-1 ;1111 ;BB6631                     ;000100 ; 1 ;M ;Up   ;10.1G ;   0 ;RRU247924B824B2024B28BM01* ;BXP_3  ; 1 ;S ;Up   ;10.1G ;   0 ;   56m ;Fru=BB-1(A) Fru=Radio-S220-1(D2)
 2 ;O ;S221-1 ;1111 ;BB6631                     ;000100 ; 2 ;M ;Up   ;10.1G ;   0 ;RRU247924B824B2024B28BM01* ;BXP_2  ; 1 ;S ;Up   ;10.1G ;   0 ;   56m ;Fru=BB-1(B) Fru=Radio-S221-1(D2)
 3 ;O ;S222-1 ;1111 ;BB6631                     ;000100 ; 3 ;M ;Up   ;10.1G ;   0 ;RRU247924B824B2024B28BM01* ;BXP_6  ; 1 ;S ;Up   ;10.1G ;   0 ;   56m ;Fru=BB-1(C) Fru=Radio-S222-1(D2)
 4 ;O ;S180-1 ;1111 ;BB6631                     ;000100 ; 4 ;M ;Up   ;10.1G ;   0 ;RRU4415B7                  ;BXP_4  ; 0 ;S ;Up   ;10.1G ;   0 ;   56m ;Fru=BB-1(D) Fru=Radio-S180-1(D1)
 5 ;O ;S182-1 ;1111 ;BB6631                     ;000100 ; 5 ;M ;Up   ;10.1G ;   0 ;RRU4415B7                  ;BXP_5  ; 0 ;S ;Up   ;10.1G ;   0 ;   56m ;Fru=BB-1(E) Fru=Radio-S182-1(D1)
-------------------------------------------------------------------------------------------------------------------------------------

=====================================================================================================================================
ID ;LINK ;RiL    ;VENDOR1  ;VENDORPROD1     ;REV1 ;SERIAL1        ;DATE1    ;ERICSSONPROD1      ;VENDOR2  ;VENDORPROD2     ;REV2 ;SERIAL2        ;DATE2    ;ERICSSONPROD2      ;TT ;WL1     ;WL2    
=====================================================================================================================================
 1 ;Up   ;S220-1 ;ERICSSON ;SPP10ELRIDFSEN  ;10   ;CT73617308     ;20230508 ;RDH10265/2 R1A     ;ERICSSON ;RTXM228-702-C22 ;1.0  ;HM231600100196 ;20230422 ;RDH10265/2 R1A     ;0  ;1310.00 ;1310.00
 2 ;Up   ;S221-1 ;ERICSSON ;SPP10ELRIDFSEN  ;10   ;CT73617449     ;20230508 ;RDH10265/2 R1A     ;ERICSSON ;RTXM228-702-C22 ;1.0  ;HM230800204323 ;20230228 ;RDH10265/2 R1A     ;0  ;1310.00 ;1310.00
 3 ;Up   ;S222-1 ;ERICSSON ;SPP10ELRIDFSEN  ;10   ;CT73618100     ;20230508 ;RDH10265/2 R1A     ;ERICSSON ;RTXM228-702-C22 ;1.0  ;HM231600100198 ;20230422 ;RDH10265/2 R1A     ;0  ;1310.00 ;1310.00
 4 ;Up   ;S180-1 ;ERICSSON ;SPP10ELRIDFSEN  ;10   ;CT73599658     ;20230423 ;RDH10265/2 R1A     ;ERICSSON ;RTXM228-702-C22 ;1.0  ;HM231600100191 ;20230422 ;RDH10265/2 R1A     ;0  ;1310.00 ;1310.00
 5 ;Up   ;S182-1 ;ERICSSON ;SPP10ELRIDFSEN  ;10   ;CT73618360     ;20230508 ;RDH10265/2 R1A     ;ERICSSON ;RTXM228-702-C22 ;1.0  ;HN231600010762 ;20230418 ;RDH10265/2 R1A     ;0  ;1310.00 ;1310.00
-------------------------------------------------------------------------------------------------------------------------------------

=====================================================================================================================================
ID ;LINK ;RiL    ;WL1     ;TEMP1 ;TXbs1 ;TXdBm1 ;RXdBm1 ;BER1   ;WL2     ;TEMP2 ;TXbs2 ;TXdBm2 ;RXdBm2 ;BER2   ;DlLoss ;UlLoss ;LENGTH ;TT
=====================================================================================================================================
 1 ;Up   ;S220-1 ;1310.00 ;34C   ;39%   ;-2.18  ;-2.19  ;   0   ;1310.00 ;28C   ;54%   ;-1.40  ;-2.91  ;   0   ;  0.73 ;  0.79 ;   56m ; 0
 2 ;Up   ;S221-1 ;1310.00 ;36C   ;43%   ;-3.02  ;-1.64  ;   0   ;1310.00 ;40C   ;56%   ;-0.71  ;-2.79  ;   0   ; -0.23 ;  0.93 ;   56m ; 0
 3 ;Up   ;S222-1 ;1310.00 ;29C   ;42%   ;-2.24  ;-1.52  ;   0   ;1310.00 ;34C   ;57%   ;-0.37  ;-2.81  ;   0   ;  0.57 ;  1.15 ;   56m ; 0
 4 ;Up   ;S180-1 ;1310.00 ;30C   ;45%   ;-2.08  ;-1.57  ;   0   ;1310.00 ;27C   ;52%   ;-1.71  ;-2.08  ;   0   ;     0 ; -0.14 ;   56m ; 0
 5 ;Up   ;S182-1 ;1310.00 ;34C   ;38%   ;-2.04  ;-2.18  ;   0   ;1310.00 ;35C   ;52%   ;-2.46  ;-2.39  ;   0   ;  0.35 ; -0.28 ;   56m ; 0
-------------------------------------------------------------------------------------------------------------------------------------

=====================================================================================================================================
ID ;RiL    ;BOARD                      ;SFPLNH  ;PORT ;VENDOR   ;VENDORPROD      ;REV  ;SERIAL         ;DATE     ;ERICSSONPROD       ;WL      ;TEMP  ;TXbs  ;TXdBm  ;RXdBm  ; BER
=====================================================================================================================================
 1 ;S220-1 ;BB6631                     ;000100   ;  1 ;ERICSSON ;SPP10ELRIDFSEN  ;10   ;CT73617308     ;20230508 ;RDH10265/2 R1A     ;1310.00 ;34C   ;39%   ;-2.18  ;-2.19  ;   0
 2 ;S221-1 ;BB6631                     ;000100   ;  2 ;ERICSSON ;SPP10ELRIDFSEN  ;10   ;CT73617449     ;20230508 ;RDH10265/2 R1A     ;1310.00 ;36C   ;43%   ;-3.02  ;-1.64  ;   0
 3 ;S222-1 ;BB6631                     ;000100   ;  3 ;ERICSSON ;SPP10ELRIDFSEN  ;10   ;CT73618100     ;20230508 ;RDH10265/2 R1A     ;1310.00 ;29C   ;42%   ;-2.24  ;-1.52  ;   0
 4 ;S180-1 ;BB6631                     ;000100   ;  4 ;ERICSSON ;SPP10ELRIDFSEN  ;10   ;CT73599658     ;20230423 ;RDH10265/2 R1A     ;1310.00 ;30C   ;45%   ;-2.08  ;-1.57  ;   0
 5 ;S182-1 ;BB6631                     ;000100   ;  5 ;ERICSSON ;SPP10ELRIDFSEN  ;10   ;CT73618360     ;20230508 ;RDH10265/2 R1A     ;1310.00 ;34C   ;38%   ;-2.04  ;-2.18  ;   0
 2 ;S221-1 ;RRU247924B824B2024B28BM01* ;BXP_2    ;  1 ;ERICSSON ;RTXM228-702-C22 ;1.0  ;HM230800204323 ;20230228 ;RDH10265/2 R1A     ;1310.00 ;40C   ;56%   ;-0.71  ;-2.79  ;   0
 1 ;S220-1 ;RRU247924B824B2024B28BM01* ;BXP_3    ;  1 ;ERICSSON ;RTXM228-702-C22 ;1.0  ;HM231600100196 ;20230422 ;RDH10265/2 R1A     ;1310.00 ;28C   ;54%   ;-1.40  ;-2.91  ;   0
 4 ;S180-1 ;RRU4415B7                  ;BXP_4    ;  0 ;ERICSSON ;RTXM228-702-C22 ;1.0  ;HM231600100191 ;20230422 ;RDH10265/2 R1A     ;1310.00 ;27C   ;52%   ;-1.71  ;-2.08  ;   0
 5 ;S182-1 ;RRU4415B7                  ;BXP_5    ;  0 ;ERICSSON ;RTXM228-702-C22 ;1.0  ;HN231600010762 ;20230418 ;RDH10265/2 R1A     ;1310.00 ;35C   ;52%   ;-2.46  ;-2.39  ;   0
 3 ;S222-1 ;RRU247924B824B2024B28BM01* ;BXP_6    ;  1 ;ERICSSON ;RTXM228-702-C22 ;1.0  ;HM231600100198 ;20230422 ;RDH10265/2 R1A     ;1310.00 ;34C   ;57%   ;-0.37  ;-2.81  ;   0
-------------------------------------------------------------------------------------------------------------------------------------
TN ;       ;BB6631                     ;000100   ;IA2 ;ERICSSON ;42020201934     ;A0   ;202301200805   ;20230101 ;RPM777053/1000 R1B ;NA      ;NA    ;NA    ;NA     ;NA     ; 0/0
-------------------------------------------------------------------------------------------------------------------------------------

=====================================================================================================================================
BOARD  ;LNH    ;PORT       ;T ;S ;OpMode   ;AutoNeg ;MacAddress        ;VlanIds        ;LOS ;BER
=====================================================================================================================================
BB6631 ;000100 ;TN_IDL_A_1 ;E ;1 ;10G_FULL ;false   ;58:70:7F:D2:D3:52 ;3901,3908,3910 ;0   ;NZ/0
BB6631 ;000100 ;TN_IDL_A_2 ;O ;1 ;10G_FULL ;false   ;58:70:7F:D2:D3:53 ;3908           ;0   ;0/0
-------------------------------------------------------------------------------------------------------------------------------------

radioClockState : RNT_TIME_LOCKED
-------------------------------------------------------------------------------------
Prio  ;ST  ;syncRefType    ;refStatus  ;opQualLevel  ;SyncReference
-------------------------------------------------------------------------------------
   1  ; 1  ;PTP_TIME       ;NO_FAULT   ;PRTC         ;Ptp=1,BoundaryOrdinaryClock=PTP (G_8275_1 EthernetPort=TN_IDL_A_1:SLAVE)
   2  ; 1  ;NTP_FREQUENCY  ;NO_FAULT   ;PRC          ;Ntp=1,NtpFrequencySync=NTP1 (10.31.0.54:32751 Router=45G_Traffic,InterfaceIPv4=LTE,AddressIPv4=LTE)
-------------------------------------------------------------------------------------
-------------------------------------------------------------------------------------
Prio  ;ST  ;assistRefStatus  ;recQualLevel  ;AssistingReference
-------------------------------------------------------------------------------------
   1  ; 0  ;UNKNOWN          ;PRTC          ;Synchronization=1,SyncEthInput=SyncE (SFP_DAC EthernetPort=TN_IDL_A_1)
-------------------------------------------------------------------------------------
nodeGroupRole   : SYNC_RECEIVER (syncNodePriority=3, selectionMode=NODE_PRIORITY)
-------------------------------------------------------------------------------------
DU  ;Port  ;sharedUnitRef (RiPortA - RiPortB)  ;remoteNodePriority  ;CandidateStatus
-------------------------------------------------------------------------------------
1   ;A     ;Fru=Radio-S220-1 (2 - 1)           ;1                   ;OK_NOT_ACTIVE
1   ;B     ;Fru=Radio-S221-1 (2 - 1)           ;1                   ;OK_NOT_ACTIVE
1   ;C     ;Fru=Radio-S222-1 (2 - 1)           ;1                   ;OK_ACTIVE
-------------------------------------------------------------------------------------

=====================================================================================================================================
FRU          ;LNH    ;BOARD                      ;RF  ;BP  ;TX (W/dBm)  ;VSWR (RL)   ;RX (dBm) ;UEs/gUEs  ;Sector/AntennaGroup/Cells (State:CellIds:PCIs)
=====================================================================================================================================
Radio-S180-1 ;BXP_4  ;RRU4415B7                  ; A  ;11  ;35.5 (45.5) ;1.07 (29.0) ;-100.1   ;0/-       ;SE=180 AG=180 FDD=VV17L1 (1:21:322)
Radio-S180-1 ;BXP_4  ;RRU4415B7                  ; B  ;11  ;-           ;1.13 (24.4) ;-100.1   ;0/-       ;SE=180 AG=180 FDD=VV17L1 (1:21:322)
Radio-S180-1 ;BXP_4  ;RRU4415B7                  ; C  ;11  ;20.4 (43.1) ;1.15 (23.4) ;-99.9    ;0/-       ;SE=181 AG=181 FDD=VV17L2 (1:22:94)
Radio-S180-1 ;BXP_4  ;RRU4415B7                  ; D  ;11  ;-           ;1.04 (34.9) ;-99.7    ;0/-       ;SE=181 AG=181 FDD=VV17L2 (1:22:94)
Radio-S182-1 ;BXP_5  ;RRU4415B7                  ; A  ;11  ;20.0 (43.0) ;1.16 (22.4) ;-100.1   ;1/-       ;SE=182 AG=182 FDD=VV17L3 (1:23:295)
Radio-S182-1 ;BXP_5  ;RRU4415B7                  ; B  ;11  ;-           ;1.14 (23.5) ;-99.9    ;1/-       ;SE=182 AG=182 FDD=VV17L3 (1:23:295)
Radio-S182-1 ;BXP_5  ;RRU4415B7                  ; C  ;11  ;-           ;-           ;         ;          ;
Radio-S182-1 ;BXP_5  ;RRU4415B7                  ; D  ;11  ;-           ;-           ;         ;          ;
Radio-S220-1 ;BXP_3  ;RRU247924B824B2024B28BM01* ; A  ;11  ;19.9 (43.0) ;1.14 (23.5) ;-92.8    ;-/-       ;SE=220* AG=220 GT=VV17D1/0 GT=VV17D1/8 (1, 1)
Radio-S220-1 ;BXP_3  ;RRU247924B824B2024B28BM01* ; B  ;11  ;10.9 (40.4) ;1.16 (22.4) ;-93.4    ;-/-       ;SE=220* AG=220 GT=VV17D1/0 GT=VV17D1/8 (1, 1)
Radio-S220-1 ;BXP_3  ;RRU247924B824B2024B28BM01* ; C  ;11  ;26.3 (44.2) ;1.22 (20.0) ;-93.2    ;-/-       ;SE=220* AG=220 GT=VV17D1/0 GT=VV17D1/8 (1, 1)
Radio-S220-1 ;BXP_3  ;RRU247924B824B2024B28BM01* ; D  ;11  ;25.7 (44.1) ;1.24 (19.5) ;-92.6    ;-/-       ;SE=220* AG=220 GT=VV17D1/0 GT=VV17D1/8 (1, 1)
Radio-S221-1 ;BXP_2  ;RRU247924B824B2024B28BM01* ; A  ;11  ;19.5 (42.9) ;1.16 (22.7) ;-97.0    ;-/-       ;SE=221* AG=221 GT=VV17D2/0 GT=VV17D2/1 (1, 1)
Radio-S221-1 ;BXP_2  ;RRU247924B824B2024B28BM01* ; B  ;11  ;17.5 (42.4) ;1.14 (23.9) ;-96.9    ;-/-       ;SE=221* AG=221 GT=VV17D2/0 GT=VV17D2/1 (1, 1)
Radio-S221-1 ;BXP_2  ;RRU247924B824B2024B28BM01* ; C  ;11  ;7.4 (38.7)  ;1.23 (19.7) ;-97.3    ;-/-       ;SE=221* AG=221 GT=VV17D2/0 GT=VV17D2/1 (1, 1)
Radio-S221-1 ;BXP_2  ;RRU247924B824B2024B28BM01* ; D  ;11  ;7.4 (38.7)  ;1.25 (19.0) ;-96.8    ;-/-       ;SE=221* AG=221 GT=VV17D2/0 GT=VV17D2/1 (1, 1)
Radio-S222-1 ;BXP_6  ;RRU247924B824B2024B28BM01* ; A  ;11  ;24.3 (43.9) ;1.12 (24.8) ;-97.8    ;-/-       ;SE=222* AG=222 GT=VV17D3/0 GT=VV17D3/1 (1, D)
Radio-S222-1 ;BXP_6  ;RRU247924B824B2024B28BM01* ; B  ;11  ;10.7 (40.3) ;1.15 (22.9) ;-97.8    ;-/-       ;SE=222* AG=222 GT=VV17D3/0 GT=VV17D3/1 (1, D)
Radio-S222-1 ;BXP_6  ;RRU247924B824B2024B28BM01* ; C  ;11  ;8.3 (39.2)  ;1.23 (19.6) ;-97.9    ;-/-       ;SE=222* AG=222 GT=VV17D3/0 GT=VV17D3/1 (1, D)
Radio-S222-1 ;BXP_6  ;RRU247924B824B2024B28BM01* ; D  ;11  ;8.3 (39.2)  ;1.27 (18.6) ;-98.0    ;-/-       ;SE=222* AG=222 GT=VV17D3/0 GT=VV17D3/1 (1, D)
-------------------------------------------------------------------------------------------------------------------------------------

VV17L> mfar

251125-13:03:21+0100 19.31.16.137 25.0h MSRBS_NODE_MODEL_25.Q1_693.28324.131_62ac stopfile=/tmp/2428417
......
Last MO: 16779. Loaded 16779 MOs. Total: 16780 MOs.
...........................................
get /rop/A20251125.1030-1045_VV17L.xml.gz /ericsson/log/amos/moshell_logfiles/t20251125_37258710_65084/logs_moshell/pmfiles/19.31.16.137/rop/A20251125.1030-1045_VV17L.xml.gz ... OK
get /rop/A20251125.1045-1100_VV17L.xml.gz /ericsson/log/amos/moshell_logfiles/t20251125_37258710_65084/logs_moshell/pmfiles/19.31.16.137/rop/A20251125.1045-1100_VV17L.xml.gz ... OK
get /rop/A20251125.1100-1115_VV17L.xml.gz /ericsson/log/amos/moshell_logfiles/t20251125_37258710_65084/logs_moshell/pmfiles/19.31.16.137/rop/A20251125.1100-1115_VV17L.xml.gz ... OK

Using hardcoded thresholds: 3, 4.5, and 16.5
================================================================================================================================
SC     SE  Tx/Rx BrPair  RfPort1 - RfPort2               HW       Serial      Cell (State)   Samples   Med  Mean  SDev Pol Res Issue
================================================================================================================================
VV17L1 180   2/2 0 (1,2) Radio-S180-1(A) Radio-S180-1(B) RRU4415  E55K583628  FDD=VV17L1 (1)    4992  -3.5  -3.6   7.3  NA OKW Possible RF Loss or PIM at Radio-S180-1(B)
VV17L2 181   2/2 0 (1,2) Radio-S180-1(C) Radio-S180-1(D) RRU4415  E55K583628  FDD=VV17L2 (1)    3038  -0.5  -0.4   6.3  NA  OK Passed
VV17L3 182   2/2 0 (1,2) Radio-S182-1(A) Radio-S182-1(B) RRU4415  E55K583617  FDD=VV17L3 (1)    9684  -3.5  -3.2   2.5  NA OKW Possible RF Loss or PIM at Radio-S182-1(B)
================================================================================================================================
Total: 3 SectorCarriers, 3 RfBranch Pairs (1 OK, 2 OKW, 0 NOK, 0 NT)
......
Last MO: 16779. Loaded 16779 MOs. Total: 16780 MOs.

No NRSectorCarrier MOs are defined on the node.

VV17L> mfitr

251125-13:03:35+0100 19.31.16.137 25.0h MSRBS_NODE_MODEL_25.Q1_693.28324.131_62ac stopfile=/tmp/2428417
..........
Last MO: 16779. Loaded 16779 MOs. Total: 16780 MOs.
........
2025-11-25 13:04
================================================================================================================================
CELL       SC     FRU          BOARD     PUSCH  PUCCH       A      B      C      D  DELTA
================================================================================================================================
FDD=VV17L1 VV17L1 Radio-S180-1 RRU4415B7 -119.4 -119.5 -119.3 -119.2                  0.1
FDD=VV17L2 VV17L2 Radio-S180-1 RRU4415B7 -118.9 -119.0               -118.8 -118.7    0.1
FDD=VV17L3 VV17L3 Radio-S182-1 RRU4415B7 -119.4 -119.4 -119.3 -119.1                  0.2
================================================================================================================================
Bye...
Output has been logged to file /mta_fs/UserFiles/37258710/amosbatch/SDIR/VV17L.log
