Logging to file /mta_fs/UserFiles/37258710/amosbatch/SDIR/VV27E.log
                        __  __  ____   _____
                  /\   |  \/  |/ __ \ / ____|
                 /  \  | \  / | |  | | (___  
                / /\ \ | |\/| | |  | |\___ \ 
               / ____ \| |  | | |__| |____) |
              /_/    \_\_|  |_|\____/|_____/
              OSS Framework for MoShell-25.0h 
  Copyright (c) Ericsson AB 2001-2025 - All Rights Reserved
              
           
[1;31mWARNING: [0mthe AMOS version currently running is more than 29 weeks old and is unsupported.
Please upgrade as soon as possible to the latest released version, available from your local Ericsson support.

$amosrb_pid = 2334448

Checking ip contact...OK

HELP MENU            : h
BASIC MO COMMANDS    : m
OTHER MO COMMANDS    : n
OTHER COMMANDS       : o
PM COMMANDS          : p
QUIT                 : q

VV27E> lt all

251125-12:30:56+0100 19.31.16.133 25.0h  stopfile=/tmp/2334356
Looking up temporary_amos account... OK.
Trying temporary_amos_t20251125_37258710_65084_131's password from amos lookupAccount ... OK

$ssh_pid = 2334777

Connected to 19.31.16.133 (SubNetwork=BBMM_rckomc_R,MeContext=VV27E,ManagedElement=VV27E)

Checking MOM version...MSRBS_NODE_MODEL_25.Q1_693.28324.131_62ac
Parsing MOM (cached): /ericsson/log/amos/moshell_logfiles/t20251125_37258710_65084/logs_moshell/tempfiles/scp-4-amos_20251125-123050_2334298/MSRBS_NODE_MODEL_25.Q1_693.28324.131_62ac.xml.cache.gz ..................................................................................................................................................................................................................................Done.
Using paramfile /opt/ericsson/amos/moshell/commonjars/pm/PARAM_MSRBS_25.Q1.txt
Parsing file /opt/ericsson/amos/moshell/commonjars/pm/PARAM_MSRBS_25.Q1.txt .......................................................................................Done.
Using imomdfile /opt/ericsson/amos/moshell/commonjars/pm/IMOMD_MSRBS_22.Q4.txt
Using imomfile /opt/ericsson/amos/moshell/commonjars/pm/IMOM_MSRBS_25.Q1.txt
Connected to 19.31.16.133 (SubNetwork=BBMM_rckomc_R,MeContext=VV27E,ManagedElement=VV27E)

Last MO: 22295. Loaded 22295 MOs. Total: 22296 MOs.

VV27E> st cell

251125-12:31:12+0100 19.31.16.133 25.0h MSRBS_NODE_MODEL_25.Q1_693.28324.131_62ac stopfile=/tmp/2334356
===================================================================================
Proxy  Adm State     Op. State     MO
===================================================================================
   43  1 (UNLOCKED)  1 (ENABLED)   ENodeBFunction=1,EUtranCellFDD=VV27E1
  336  1 (UNLOCKED)  1 (ENABLED)   ENodeBFunction=1,EUtranCellFDD=VV27E2
  528  1 (UNLOCKED)  1 (ENABLED)   ENodeBFunction=1,EUtranCellFDD=VV27E3
  633  1 (UNLOCKED)  1 (ENABLED)   ENodeBFunction=1,EUtranCellFDD=VV27M1
  855  1 (UNLOCKED)  1 (ENABLED)   ENodeBFunction=1,EUtranCellFDD=VV27M2
 1018  1 (UNLOCKED)  1 (ENABLED)   ENodeBFunction=1,EUtranCellFDD=VV27M3
 1115  1 (UNLOCKED)  1 (ENABLED)   ENodeBFunction=1,EUtranCellFDD=VV27T1
 1410  1 (UNLOCKED)  1 (ENABLED)   ENodeBFunction=1,EUtranCellFDD=VV27T2
 1573  1 (UNLOCKED)  1 (ENABLED)   ENodeBFunction=1,EUtranCellFDD=VV27T3
 2861  1 (UNLOCKED)  1 (ENABLED)   ENodeBFunction=1,NbIotCell=VV27N1
 2862  1 (UNLOCKED)  1 (ENABLED)   ENodeBFunction=1,NbIotCell=VV27N2
 2863  1 (UNLOCKED)  1 (ENABLED)   ENodeBFunction=1,NbIotCell=VV27N3
 4900  1 (UNLOCKED)  1 (ENABLED)   GNBDUFunction=1,NRCellDU=VV27G1
 4902  1 (UNLOCKED)  1 (ENABLED)   GNBDUFunction=1,NRCellDU=VV27G2
 4904  1 (UNLOCKED)  1 (ENABLED)   GNBDUFunction=1,NRCellDU=VV27G3
 4906  1 (UNLOCKED)  1 (ENABLED)   GNBDUFunction=1,NRCellDU=VV27V1
 4908  1 (UNLOCKED)  1 (ENABLED)   GNBDUFunction=1,NRCellDU=VV27V2
 4910  1 (UNLOCKED)  1 (ENABLED)   GNBDUFunction=1,NRCellDU=VV27V3
===================================================================================
Total: 18 MOs

INFO: NRCellDU status needs to be printed with command "stz" or "hget ,nrcell state" due to dependency to cellState/serviceState attributes.

VV27E> st radio

251125-12:31:13+0100 19.31.16.133 25.0h MSRBS_NODE_MODEL_25.Q1_693.28324.131_62ac stopfile=/tmp/2334356
===================================================================================
Proxy  Adm State     Op. State     MO
===================================================================================
 3949  1 (UNLOCKED)  1 (ENABLED)   Equipment=1,FieldReplaceableUnit=Radio-S110-1
 3972  1 (UNLOCKED)  1 (ENABLED)   Equipment=1,FieldReplaceableUnit=Radio-S111-1
 3995  1 (UNLOCKED)  1 (ENABLED)   Equipment=1,FieldReplaceableUnit=Radio-S112-1
 4018  1 (UNLOCKED)  1 (ENABLED)   Equipment=1,FieldReplaceableUnit=Radio-S220-1
 4045  1 (UNLOCKED)  1 (ENABLED)   Equipment=1,FieldReplaceableUnit=Radio-S221-1
 4072  1 (UNLOCKED)  1 (ENABLED)   Equipment=1,FieldReplaceableUnit=Radio-S222-1
22287  1 (UNLOCKED)  1 (ENABLED)   Transport=1,Synchronization=1,RadioEquipmentClock=1,RadioEquipmentClockReference=GPS
===================================================================================
Total: 7 MOs

VV27E> sdir

251125-12:31:13+0100 19.31.16.133 25.0h MSRBS_NODE_MODEL_25.Q1_693.28324.131_62ac stopfile=/tmp/2334356
INFO: Using amos lookupAccount credentials for the export login
...................
get /rop/A20251125.1045-1100_VV27E.xml.gz /ericsson/log/amos/moshell_logfiles/t20251125_37258710_65084/logs_moshell/pmfiles/19.31.16.133/rop/A20251125.1045-1100_VV27E.xml.gz ... OK
get /rop/A20251125.1100-1115_VV27E.xml.gz /ericsson/log/amos/moshell_logfiles/t20251125_37258710_65084/logs_moshell/pmfiles/19.31.16.133/rop/A20251125.1100-1115_VV27E.xml.gz ... OK
get /rop/A20251125.1115-1130_VV27E.xml.gz /ericsson/log/amos/moshell_logfiles/t20251125_37258710_65084/logs_moshell/pmfiles/19.31.16.133/rop/A20251125.1115-1130_VV27E.xml.gz ... OK
....Checking available boards on node...

Collecting RCS board data ...
..................................................................................................................................................................
............................
...........................................................................................................................................................................................................................................................................................................................................................................
....
Collecting TN data...
....
Getting MO data from node (121 MOs). Please wait...
0%                                             ~50%                                           ~100%
.....................................................................................................................................
Collecting RF data...
...........
Collecting Alarms...
.Executing action Log.export()
...
Log=AlarmLog                    actionId=44794
...................
Executing action LogM.exportAvailabilityLog()
..LogM=1,exportAvailabilityLog    actionId=44795
.....Parsing alarmLog.........Done.
Parsing availabilityLog........Done.
...........

Total: 9 CPRI links (9 OK, 0 OKW, 0 NOK, 0 NT)
.
+--------+                      +----------------------------+
|        | A        O101     D1 |        Radio-S220-1        |
|        |-----------1----------| RRU247924B824B2024B28BM01* |
|        |         OK-58m       |           BXP_6            |
|        |                      +----------------------------+
|        |                                     |A  |B  |C  |D
|        |                          SE=220* AG=220 FDD=VV27E1
|        |                             NIOT=VV27N1 NRC=VV27G1
|        |
|        |                      +----------------------------+
|        | B        O101     D1 |        Radio-S221-1        |
|        |-----------2----------| RRU247924B824B2024B28BM01* |
|        |         OK-58m       |           BXP_5            |
|        |                      +----------------------------+
|        |                                     |A  |B  |C  |D
|        |                          SE=221* AG=221 FDD=VV27E2
|        |                             NIOT=VV27N2 NRC=VV27G2
|        |
|        |                      +----------------------------+
|        | C        O101     D1 |        Radio-S222-1        |
|        |-----------3----------| RRU247924B824B2024B28BM01* |
|        |         OK-58m       |           BXP_4            |
|        |                      +----------------------------+
|        |                                     |A  |B  |C  |D
|        |                          SE=222* AG=222 FDD=VV27E3
|        |                             NIOT=VV27N3 NRC=VV27G3
|        |
|        |                      +------------------+
|        | D        O101     D2 |   Radio-S110-1   |
|        |-----------4----------| RRU449944B144B3C |
|        |         OK-58m       |      BXP_3       |
|        |                      +------------------+
|        |                           |A  |B  |C  |D
|        |                 SE=110 AG=110 FDD=VV27M1
|        |                               FDD=VV27T1
|  BB-1  |
| BB6648 |                      +------------------+
| 000100 | E        O101     D2 |   Radio-S111-1   |
|        |-----------5----------| RRU449944B144B3C |
|        |         OK-58m       |      BXP_2       |
|        |                      +------------------+
|        |                           |A  |B  |C  |D
|        |                 SE=111 AG=111 FDD=VV27M2
|        |                               FDD=VV27T2
|        |
|        |                      +------------------+
|        | F        O101     D2 |   Radio-S112-1   |
|        |-----------6----------| RRU449944B144B3C |
|        |         OK-58m       |      BXP_7       |
|        |                      +------------------+
|        |                           |A  |B  |C  |D
|        |                 SE=112 AG=112 FDD=VV27M3
|        |                               FDD=VV27T3
|        |
|        |                      +-------------+
|        | K        O257     D1 | AAS-S160-1  |
|        |-----------7----------| AIR3278B78K |
|        |         OK-56m       |  fru_2048   |
|        |                      +-------------+
|        |                                  |A
|        |                   SE=160 NRC=VV27V1
|        |
|        |                      +-------------+
|        | L        O257     D1 | AAS-S161-1  |
|        |-----------8----------| AIR3278B78K |
|        |         OK-56m       |  fru_2049   |
|        |                      +-------------+
|        |                                  |A
|        |                   SE=161 NRC=VV27V2
|        |
|        |                      +-------------+
|        | M        O257     D1 | AAS-S162-1  |
|        |-----------9----------| AIR3278B78K |
|        |         OK-56m       |  fru_2050   |
|        |                      +-------------+
|        |                                  |A
+--------+                   SE=162 NRC=VV27V3

=====================================================================================================================================
ID RiL    Type Res MO1-MO2                  BOARD1-BOARD2                     AlmIDs Cells (States)                            Issue (Failed checks)
=====================================================================================================================================
 1 S220-1 O101 OK  BB-1(A) Radio-S220-1(D1) BB6648 RRU247924B824B2024B28BM01*        FDD=VV27E1 NIOT=VV27N1 NRC=VV27G1 (1,1,1) Passed
 2 S221-1 O101 OK  BB-1(B) Radio-S221-1(D1) BB6648 RRU247924B824B2024B28BM01*        FDD=VV27E2 NIOT=VV27N2 NRC=VV27G2 (1,1,1) Passed
 3 S222-1 O101 OK  BB-1(C) Radio-S222-1(D1) BB6648 RRU247924B824B2024B28BM01*        FDD=VV27E3 NIOT=VV27N3 NRC=VV27G3 (1,1,1) Passed
 4 S110-1 O101 OK  BB-1(D) Radio-S110-1(D2) BB6648 RRU449944B144B3C                  FDD=VV27M1 FDD=VV27T1 (1,1)               Passed
 5 S111-1 O101 OK  BB-1(E) Radio-S111-1(D2) BB6648 RRU449944B144B3C                  FDD=VV27M2 FDD=VV27T2 (1,1)               Passed
 6 S112-1 O101 OK  BB-1(F) Radio-S112-1(D2) BB6648 RRU449944B144B3C                  FDD=VV27M3 FDD=VV27T3 (1,1)               Passed
 7 S160-1 O257 OK  BB-1(K) AAS-S160-1(D1)   BB6648 AIR3278B78K                       NRC=VV27V1 (1)                            Passed
 8 S161-1 O257 OK  BB-1(L) AAS-S161-1(D1)   BB6648 AIR3278B78K                       NRC=VV27V2 (1)                            Passed
 9 S162-1 O257 OK  BB-1(M) AAS-S162-1(D1)   BB6648 AIR3278B78K                       NRC=VV27V3 (1)                            Passed
-------------------------------------------------------------------------------------------------------------------------------------

Node: RadioNode LN   CXP2010174/2_R27J08 (25.Q1)   G3.0   LTE-FDD,LTE-IoT NR-LB-FDD,NR-MB-TDD-NSA

=====================================================================================================================================
FRU          ;LNH      ;BOARD                      ;ST ;FAULT ;OPER ;MAINT ;STAT ;PRODUCTNUMBER   ;REV     ;SERIAL        ;DATE     ;PMTEMP ; TEMP ; UPT ;VOLT ;SW                   ;
=====================================================================================================================================
BB-1         ;000100   ;BB6648                     ; 1 ;  OFF ;  ON ;  OFF ;  ON ;KDU1370015/11   ;R3G     ;E96A0108VC    ;20230511 ;4 (OK) ;      ;13.5 ;51   ;                     ;
Radio-S110-1 ;BXP_3    ;RRU449944B144B3C           ; 1 ;  OFF ;  ON ;  OFF ; N/A ;KRC161787/1     ;R2F     ;TU8U023G2H    ;20230530 ;4 (OK) ; 21.0 ;13.5 ;52.2 ;CXP9013268%15_R101LX ; (Radio449944B144B3C)
Radio-S111-1 ;BXP_2    ;RRU449944B144B3C           ; 1 ;  OFF ;  ON ;  OFF ; N/A ;KRC161787/1     ;R2F     ;TU8U023GAC    ;20230530 ;4 (OK) ; 21.4 ;13.5 ;52.2 ;CXP9013268%15_R101LX ; (Radio449944B144B3C)
Radio-S112-1 ;BXP_7    ;RRU449944B144B3C           ; 1 ;  OFF ;  ON ;  OFF ; N/A ;KRC161787/1     ;R2F     ;TU8U023GAB    ;20230530 ;4 (OK) ; 21.8 ;13.5 ;51.7 ;CXP9013268%15_R101LX ; (Radio449944B144B3C)
Radio-S220-1 ;BXP_6    ;RRU247924B824B2024B28BM01* ; 1 ;  OFF ;  ON ;  OFF ; N/A ;KRC161832/1     ;R2G     ;TU8U023JKE    ;20230531 ;4 (OK) ; 26.5 ;13.5 ;51.8 ;CXP9013268%15_R101LX ; (Radio247924B824B2024B28BM01)
Radio-S221-1 ;BXP_5    ;RRU247924B824B2024B28BM01* ; 1 ;  OFF ;  ON ;  OFF ; N/A ;KRC161832/1     ;R2G     ;TU8U023J4H    ;20230531 ;4 (OK) ; 30.0 ;13.5 ;51.9 ;CXP9013268%15_R101LX ; (Radio247924B824B2024B28BM01)
Radio-S222-1 ;BXP_4    ;RRU247924B824B2024B28BM01* ; 1 ;  OFF ;  ON ;  OFF ; N/A ;KRC161832/1     ;R2G     ;TU8U023JM6    ;20230531 ;4 (OK) ; 23.1 ;13.5 ;51.6 ;CXP9013268%15_R101LX ; (Radio247924B824B2024B28BM01)
AAS-S160-1   ;fru_2048 ;AIR3278B78K                ; 1 ;  OFF ;  ON ;  OFF ; N/A ;KRD901266/11    ;R2C     ;E96A204JS6    ;20230116 ;4 (OK) ; 20.3 ;13.5 ;51.5 ;CXP2030038%1_R140L31 ;
AAS-S161-1   ;fru_2049 ;AIR3278B78K                ; 1 ;  OFF ;  ON ;  OFF ; N/A ;KRD901266/11    ;R2C     ;E96A204JS1    ;20230116 ;4 (OK) ; 23.5 ;13.5 ;51.7 ;CXP2030038%1_R140L31 ;
AAS-S162-1   ;fru_2050 ;AIR3278B78K                ; 1 ;  OFF ;  ON ;  OFF ; N/A ;KRD901266/11    ;R2C     ;E96A204JS0    ;20230116 ;4 (OK) ; 23.0 ;13.5 ;51.5 ;CXP2030038%1_R140L31 ;
-------------------------------------------------------------------------------------------------------------------------------------

=====================================================================================================================================
AntennaNearUnit                                       ;ST  ;TYPE   ;PRODUCTNR       ;REV                ;UNIQUEID             ;RfPort
=====================================================================================================================================
AntennaUnitGroup=220,AntennaNearUnit=RET_1500         ; 1  ;S-RET  ;AIMM20M22S0v03  ;WD83MANWRCU_VER.A  ;HWN4355P20FWM06CRy3  ;FieldReplaceableUnit=Radio-S220-1,RfPort=R
AntennaUnitGroup=220,AntennaNearUnit=RET_1800_2100_1  ; 1  ;S-RET  ;AIMM20M22S0v03  ;WD83MANWRCU_VER.A  ;HWN4355P20FWJ079Ly1  ;FieldReplaceableUnit=Radio-S220-1,RfPort=R
AntennaUnitGroup=220,AntennaNearUnit=RET_1800_2100_2  ; 1  ;S-RET  ;AIMM20M22S0v03  ;WD83MANWRCU_VER.A  ;HWN4355P20FWG00CLy2  ;FieldReplaceableUnit=Radio-S220-1,RfPort=R
AntennaUnitGroup=220,AntennaNearUnit=RET_2600         ; 1  ;S-RET  ;AIMM20M22S0v03  ;WD83MANWRCU_VER.A  ;HWN4355P20FWK059Ry4  ;FieldReplaceableUnit=Radio-S220-1,RfPort=R
AntennaUnitGroup=220,AntennaNearUnit=RET_800          ; 1  ;S-RET  ;AIMM20M22S0v03  ;WD83MANWRCU_VER.A  ;HWN4355P20FWH043Lr1  ;FieldReplaceableUnit=Radio-S220-1,RfPort=R
AntennaUnitGroup=220,AntennaNearUnit=RET_900          ; 1  ;S-RET  ;AIMM20M22S0v03  ;WD83MANWRCU_VER.A  ;HWN4355P20FWL027Rr2  ;FieldReplaceableUnit=Radio-S220-1,RfPort=R
AntennaUnitGroup=221,AntennaNearUnit=RET_1500         ; 1  ;S-RET  ;AIMM20M22S0v03  ;WD83MANWRCU_VER.A  ;HWN4355P300LW02CRy3  ;FieldReplaceableUnit=Radio-S221-1,RfPort=R
AntennaUnitGroup=221,AntennaNearUnit=RET_1800_2100_1  ; 1  ;S-RET  ;AIMM20M22S0v03  ;WD83MANWRCU_VER.A  ;HWN4355P300LT011Ly1  ;FieldReplaceableUnit=Radio-S221-1,RfPort=R
AntennaUnitGroup=221,AntennaNearUnit=RET_1800_2100_2  ; 1  ;S-RET  ;AIMM20M22S0v03  ;WD83MANWRCU_VER.A  ;HWN4355P300LR03CLy2  ;FieldReplaceableUnit=Radio-S221-1,RfPort=R
AntennaUnitGroup=221,AntennaNearUnit=RET_2600         ; 1  ;S-RET  ;AIMM20M22S0v03  ;WD83MANWRCU_VER.A  ;HWN4355P300LU052Ry4  ;FieldReplaceableUnit=Radio-S221-1,RfPort=R
AntennaUnitGroup=221,AntennaNearUnit=RET_800          ; 1  ;S-RET  ;AIMM20M22S0v03  ;WD83MANWRCU_VER.A  ;HWN4355P300LS075Lr1  ;FieldReplaceableUnit=Radio-S221-1,RfPort=R
AntennaUnitGroup=221,AntennaNearUnit=RET_900          ; 1  ;S-RET  ;AIMM20M22S0v03  ;WD83MANWRCU_VER.A  ;HWN4355P300LV032Rr2  ;FieldReplaceableUnit=Radio-S221-1,RfPort=R
AntennaUnitGroup=222,AntennaNearUnit=RET_1500         ; 1  ;S-RET  ;AIMM20M22S0v03  ;WD83MANWRCU_VER.A  ;HWN4355P300M905CRy3  ;FieldReplaceableUnit=Radio-S222-1,RfPort=R
AntennaUnitGroup=222,AntennaNearUnit=RET_1800_2100_1  ; 1  ;S-RET  ;AIMM20M22S0v03  ;WD83MANWRCU_VER.A  ;HWN4355P300M6087Ly1  ;FieldReplaceableUnit=Radio-S222-1,RfPort=R
AntennaUnitGroup=222,AntennaNearUnit=RET_1800_2100_2  ; 1  ;S-RET  ;AIMM20M22S0v03  ;WD83MANWRCU_VER.A  ;HWN4355P300M408CLy2  ;FieldReplaceableUnit=Radio-S222-1,RfPort=R
AntennaUnitGroup=222,AntennaNearUnit=RET_2600         ; 1  ;S-RET  ;AIMM20M22S0v03  ;WD83MANWRCU_VER.A  ;HWN4355P300M7039Ry4  ;FieldReplaceableUnit=Radio-S222-1,RfPort=R
AntennaUnitGroup=222,AntennaNearUnit=RET_800          ; 1  ;S-RET  ;AIMM20M22S0v03  ;WD83MANWRCU_VER.A  ;HWN4355P300M5026Lr1  ;FieldReplaceableUnit=Radio-S222-1,RfPort=R
AntennaUnitGroup=222,AntennaNearUnit=RET_900          ; 1  ;S-RET  ;AIMM20M22S0v03  ;WD83MANWRCU_VER.A  ;HWN4355P300M8027Rr2  ;FieldReplaceableUnit=Radio-S222-1,RfPort=R
-------------------------------------------------------------------------------------------------------------------------------------

=====================================================================================================================================
XPBOARD  ;ST ;FAULT ;OPER ;PRODUCTNUMBER ;REV ;SERIAL/NAME ;DATE     ; TEMP ;MO
=====================================================================================================================================
FAN08    ; 1 ;N/A   ;N/A  ;BKV106236/1   ;R2F ;DD111Y5317  ;20220708 ; 51.5 ;SupportUnit=1 (FAN  BB-1)
GRU0401  ; 1 ;      ;     ;NCD90165/1    ;R1E ;EE70258904.2207 ;         ;      ;Synchronization=1,TimeSyncIO=GPS (6:Operational)
Unknown  ;   ;      ;     ;Unknown       ;Unknown ;Unknown     ;Unknown  ;      ;
-------------------------------------------------------------------------------------------------------------------------------------

=====================================================================================================================================
ID ;T ;RiL    ;BPBP ;BOARD1                     ;LNH1 ;PORT ;R ;LINK ;RATE  ; BER ;BOARD2                     ;LNH2   ;PORT ;R ;LINK ;RATE  ; BER ;LENGTH ;MO1 - MO2
=====================================================================================================================================
 1 ;O ;S220-1 ;1111 ;BB6648                     ;000100 ; 1 ;M ;Up   ;10.1G ;   0 ;RRU247924B824B2024B28BM01* ;BXP_6    ; 0 ;S ;Up   ;10.1G ;   0 ;   58m ;Fru=BB-1(A) Fru=Radio-S220-1(D1)
 2 ;O ;S221-1 ;1111 ;BB6648                     ;000100 ; 2 ;M ;Up   ;10.1G ;   0 ;RRU247924B824B2024B28BM01* ;BXP_5    ; 0 ;S ;Up   ;10.1G ;   0 ;   58m ;Fru=BB-1(B) Fru=Radio-S221-1(D1)
 3 ;O ;S222-1 ;1111 ;BB6648                     ;000100 ; 3 ;M ;Up   ;10.1G ;   0 ;RRU247924B824B2024B28BM01* ;BXP_4    ; 0 ;S ;Up   ;10.1G ;   0 ;   58m ;Fru=BB-1(C) Fru=Radio-S222-1(D1)
 4 ;O ;S110-1 ;1111 ;BB6648                     ;000100 ; 4 ;M ;Up   ;10.1G ;   0 ;RRU449944B144B3C           ;BXP_3    ; 1 ;S ;Up   ;10.1G ;   0 ;   58m ;Fru=BB-1(D) Fru=Radio-S110-1(D2)
 5 ;O ;S111-1 ;1111 ;BB6648                     ;000100 ; 5 ;M ;Up   ;10.1G ;   0 ;RRU449944B144B3C           ;BXP_2    ; 1 ;S ;Up   ;10.1G ;   0 ;   58m ;Fru=BB-1(E) Fru=Radio-S111-1(D2)
 6 ;O ;S112-1 ;1111 ;BB6648                     ;000100 ; 6 ;M ;Up   ;10.1G ;   0 ;RRU449944B144B3C           ;BXP_7    ; 1 ;S ;Up   ;10.1G ;   0 ;   58m ;Fru=BB-1(F) Fru=Radio-S112-1(D2)
 7 ;O ;S160-1 ;1111 ;BB6648                     ;000100 ;10 ;M ;Up   ;25.7G ; 0/0 ;AIR3278B78K                ;fru_2048 ; 0 ;S ;Up   ;25.7G ; 0/0 ;   56m ;Fru=BB-1(K) Fru=AAS-S160-1(D1)
 8 ;O ;S161-1 ;1111 ;BB6648                     ;000100 ;11 ;M ;Up   ;25.7G ; 0/0 ;AIR3278B78K                ;fru_2049 ; 0 ;S ;Up   ;25.7G ; 0/0 ;   56m ;Fru=BB-1(L) Fru=AAS-S161-1(D1)
 9 ;O ;S162-1 ;1111 ;BB6648                     ;000100 ;12 ;M ;Up   ;25.7G ; 0/0 ;AIR3278B78K                ;fru_2050 ; 0 ;S ;Up   ;25.7G ; 0/0 ;   56m ;Fru=BB-1(M) Fru=AAS-S162-1(D1)
-------------------------------------------------------------------------------------------------------------------------------------

=====================================================================================================================================
ID ;LINK ;RiL    ;VENDOR1  ;VENDORPROD1      ;REV1 ;SERIAL1        ;DATE1    ;ERICSSONPROD1      ;VENDOR2  ;VENDORPROD2      ;REV2 ;SERIAL2        ;DATE2    ;ERICSSONPROD2      ;TT ;WL1     ;WL2    
=====================================================================================================================================
 1 ;Up   ;S220-1 ;ERICSSON ;RTXM228-702-C22  ;1.0  ;CU823E0LFL     ;20230507 ;RDH10265/2 R1A     ;ERICSSON ;RTXM228-702-C22  ;1.0  ;HW231700023396 ;20230509 ;RDH10265/2 R1A     ;0  ;1310.00 ;1310.00
 2 ;Up   ;S221-1 ;ERICSSON ;RTXM228-702-C22  ;1.0  ;CU823E0LFZ     ;20230507 ;RDH10265/2 R1A     ;ERICSSON ;RTXM228-702-C22  ;1.0  ;HW231700023393 ;20230509 ;RDH10265/2 R1A     ;0  ;1310.00 ;1310.00
 3 ;Up   ;S222-1 ;ERICSSON ;RTXM228-702-C22  ;1.0  ;CU823E0LFR     ;20230507 ;RDH10265/2 R1A     ;ERICSSON ;RTXM228-702-C22  ;1.0  ;CU823E0LFS     ;20230507 ;RDH10265/2 R1A     ;0  ;1310.00 ;1310.00
 4 ;Up   ;S110-1 ;ERICSSON ;RTXM228-702-C22  ;1.0  ;CU823E0LF8     ;20230507 ;RDH10265/2 R1A     ;ERICSSON ;RTXM228-702-C22  ;1.0  ;HW231700023394 ;20230509 ;RDH10265/2 R1A     ;0  ;1310.00 ;1310.00
 5 ;Up   ;S111-1 ;ERICSSON ;RTXM228-702-C22  ;1.0  ;CU823E0LF1     ;20230507 ;RDH10265/2 R1A     ;ERICSSON ;RTXM228-702-C22  ;1.0  ;HW231700023400 ;20230509 ;RDH10265/2 R1A     ;0  ;1310.00 ;1310.00
 6 ;Up   ;S112-1 ;ERICSSON ;RTXM228-702-C22  ;1.0  ;CU823E0LGL     ;20230507 ;RDH10265/2 R1A     ;ERICSSON ;RTXM228-702-C22  ;1.0  ;CU823E0LFF     ;20230507 ;RDH10265/2 R1A     ;0  ;1310.00 ;1310.00
 7 ;Up   ;S160-1 ;ERICSSON ;RTXM330-205-C24A ;1.0  ;CU823B0SSJ     ;20230307 ;RDH10275/2 R1A     ;ERICSSON ;RTXM330-205-C24A ;1.0  ;CU823B0T6Q     ;20230307 ;RDH10275/2 R1A     ;0  ;1310.00 ;1310.00
 8 ;Up   ;S161-1 ;ERICSSON ;RTXM330-205-C24A ;1.0  ;CU823B0R29     ;20230307 ;RDH10275/2 R1A     ;ERICSSON ;RTXM330-205-C24A ;1.0  ;CU823B0RNH     ;20230308 ;RDH10275/2 R1A     ;0  ;1310.00 ;1310.00
 9 ;Up   ;S162-1 ;ERICSSON ;RTXM330-205-C24A ;1.0  ;CU823B0S0L     ;20230307 ;RDH10275/2 R1A     ;ERICSSON ;RTXM330-205-C24A ;1.0  ;CU823B0R15     ;20230307 ;RDH10275/2 R1A     ;0  ;1310.00 ;1310.00
-------------------------------------------------------------------------------------------------------------------------------------

=====================================================================================================================================
ID ;LINK ;RiL    ;WL1     ;TEMP1 ;TXbs1 ;TXdBm1 ;RXdBm1 ;BER1   ;WL2     ;TEMP2 ;TXbs2 ;TXdBm2 ;RXdBm2 ;BER2   ;DlLoss ;UlLoss ;LENGTH ;TT
=====================================================================================================================================
 1 ;Up   ;S220-1 ;1310.00 ;47C   ;58%   ;-1.86  ;-3.53  ;   0   ;1310.00 ;21C   ;51%   ;-2.48  ;-1.73  ;   0   ; -0.13 ;  1.05 ;   58m ; 0
 2 ;Up   ;S221-1 ;1310.00 ;46C   ;51%   ;-0.41  ;-2.72  ;   0   ;1310.00 ;29C   ;52%   ;-1.43  ;-1.23  ;   0   ;  0.82 ;  1.29 ;   58m ; 0
 3 ;Up   ;S222-1 ;1310.00 ;48C   ;59%   ;-1.04  ;-0.90  ;   0   ;1310.00 ;24C   ;52%   ;-0.89  ;-1.41  ;   0   ;  0.37 ;  0.01 ;   58m ; 0
 4 ;Up   ;S110-1 ;1310.00 ;47C   ;58%   ;-0.73  ;-0.57  ;   0   ;1310.00 ;22C   ;49%   ;-0.63  ;-1.24  ;   0   ;  0.51 ; -0.06 ;   58m ; 0
 5 ;Up   ;S111-1 ;1310.00 ;48C   ;58%   ;-0.33  ;-2.11  ;   0   ;1310.00 ;21C   ;50%   ;-1.38  ;-0.40  ;   0   ;  0.07 ;  0.73 ;   58m ; 0
 6 ;Up   ;S112-1 ;1310.00 ;47C   ;58%   ;-1.74  ;-0.74  ;   0   ;1310.00 ;22C   ;51%   ;-0.69  ;-2.08  ;   0   ;  0.34 ;  0.05 ;   58m ; 0
 7 ;Up   ;S160-1 ;1310.00 ;46C   ;31%   ;0.00   ;0.14   ; 0/0   ;1310.00 ;22C   ;27%   ;0.15   ;-2.37  ; 0/0   ;  2.37 ;  0.01 ;   56m ; 0
 8 ;Up   ;S161-1 ;1310.00 ;46C   ;31%   ;-0.84  ;0.50   ; 0/0   ;1310.00 ;26C   ;28%   ;-0.71  ;-0.82  ; 0/0   ; -0.02 ; -1.21 ;   56m ; 0
 9 ;Up   ;S162-1 ;1310.00 ;46C   ;31%   ;-0.95  ;0.24   ; 0/0   ;1310.00 ;25C   ;28%   ;0.46   ;-1.83  ; 0/0   ;  0.88 ;  0.22 ;   56m ; 0
-------------------------------------------------------------------------------------------------------------------------------------

=====================================================================================================================================
ID ;RiL    ;BOARD                      ;SFPLNH  ;PORT ;VENDOR   ;VENDORPROD       ;REV  ;SERIAL         ;DATE     ;ERICSSONPROD       ;WL      ;TEMP  ;TXbs  ;TXdBm  ;RXdBm  ; BER
=====================================================================================================================================
 1 ;S220-1 ;BB6648                     ;000100   ;  1 ;ERICSSON ;RTXM228-702-C22  ;1.0  ;CU823E0LFL     ;20230507 ;RDH10265/2 R1A     ;1310.00 ;47C   ;58%   ;-1.86  ;-3.53  ;   0
 2 ;S221-1 ;BB6648                     ;000100   ;  2 ;ERICSSON ;RTXM228-702-C22  ;1.0  ;CU823E0LFZ     ;20230507 ;RDH10265/2 R1A     ;1310.00 ;46C   ;51%   ;-0.41  ;-2.72  ;   0
 3 ;S222-1 ;BB6648                     ;000100   ;  3 ;ERICSSON ;RTXM228-702-C22  ;1.0  ;CU823E0LFR     ;20230507 ;RDH10265/2 R1A     ;1310.00 ;48C   ;59%   ;-1.04  ;-0.90  ;   0
 4 ;S110-1 ;BB6648                     ;000100   ;  4 ;ERICSSON ;RTXM228-702-C22  ;1.0  ;CU823E0LF8     ;20230507 ;RDH10265/2 R1A     ;1310.00 ;47C   ;58%   ;-0.73  ;-0.57  ;   0
 5 ;S111-1 ;BB6648                     ;000100   ;  5 ;ERICSSON ;RTXM228-702-C22  ;1.0  ;CU823E0LF1     ;20230507 ;RDH10265/2 R1A     ;1310.00 ;48C   ;58%   ;-0.33  ;-2.11  ;   0
 6 ;S112-1 ;BB6648                     ;000100   ;  6 ;ERICSSON ;RTXM228-702-C22  ;1.0  ;CU823E0LGL     ;20230507 ;RDH10265/2 R1A     ;1310.00 ;47C   ;58%   ;-1.74  ;-0.74  ;   0
 7 ;S160-1 ;BB6648                     ;000100   ; 10 ;ERICSSON ;RTXM330-205-C24A ;1.0  ;CU823B0SSJ     ;20230307 ;RDH10275/2 R1A     ;1310.00 ;46C   ;31%   ;0.00   ;0.14   ; 0/0
 8 ;S161-1 ;BB6648                     ;000100   ; 11 ;ERICSSON ;RTXM330-205-C24A ;1.0  ;CU823B0R29     ;20230307 ;RDH10275/2 R1A     ;1310.00 ;46C   ;31%   ;-0.84  ;0.50   ; 0/0
 9 ;S162-1 ;BB6648                     ;000100   ; 12 ;ERICSSON ;RTXM330-205-C24A ;1.0  ;CU823B0S0L     ;20230307 ;RDH10275/2 R1A     ;1310.00 ;46C   ;31%   ;-0.95  ;0.24   ; 0/0
 5 ;S111-1 ;RRU449944B144B3C           ;BXP_2    ;  1 ;ERICSSON ;RTXM228-702-C22  ;1.0  ;HW231700023400 ;20230509 ;RDH10265/2 R1A     ;1310.00 ;21C   ;50%   ;-1.38  ;-0.40  ;   0
 4 ;S110-1 ;RRU449944B144B3C           ;BXP_3    ;  1 ;ERICSSON ;RTXM228-702-C22  ;1.0  ;HW231700023394 ;20230509 ;RDH10265/2 R1A     ;1310.00 ;22C   ;49%   ;-0.63  ;-1.24  ;   0
 3 ;S222-1 ;RRU247924B824B2024B28BM01* ;BXP_4    ;  0 ;ERICSSON ;RTXM228-702-C22  ;1.0  ;CU823E0LFS     ;20230507 ;RDH10265/2 R1A     ;1310.00 ;24C   ;52%   ;-0.89  ;-1.41  ;   0
 2 ;S221-1 ;RRU247924B824B2024B28BM01* ;BXP_5    ;  0 ;ERICSSON ;RTXM228-702-C22  ;1.0  ;HW231700023393 ;20230509 ;RDH10265/2 R1A     ;1310.00 ;29C   ;52%   ;-1.43  ;-1.23  ;   0
 1 ;S220-1 ;RRU247924B824B2024B28BM01* ;BXP_6    ;  0 ;ERICSSON ;RTXM228-702-C22  ;1.0  ;HW231700023396 ;20230509 ;RDH10265/2 R1A     ;1310.00 ;21C   ;51%   ;-2.48  ;-1.73  ;   0
 6 ;S112-1 ;RRU449944B144B3C           ;BXP_7    ;  1 ;ERICSSON ;RTXM228-702-C22  ;1.0  ;CU823E0LFF     ;20230507 ;RDH10265/2 R1A     ;1310.00 ;22C   ;51%   ;-0.69  ;-2.08  ;   0
 7 ;S160-1 ;AIR3278B78K                ;fru_2048 ;  0 ;ERICSSON ;RTXM330-205-C24A ;1.0  ;CU823B0T6Q     ;20230307 ;RDH10275/2 R1A     ;1310.00 ;22C   ;27%   ;0.15   ;-2.37  ; 0/0
 8 ;S161-1 ;AIR3278B78K                ;fru_2049 ;  0 ;ERICSSON ;RTXM330-205-C24A ;1.0  ;CU823B0RNH     ;20230308 ;RDH10275/2 R1A     ;1310.00 ;26C   ;28%   ;-0.71  ;-0.82  ; 0/0
 9 ;S162-1 ;AIR3278B78K                ;fru_2050 ;  0 ;ERICSSON ;RTXM330-205-C24A ;1.0  ;CU823B0R15     ;20230307 ;RDH10275/2 R1A     ;1310.00 ;25C   ;28%   ;0.46   ;-1.83  ; 0/0
-------------------------------------------------------------------------------------------------------------------------------------
TN ;       ;BB6648                     ;000100   ; IB ;ERICSSON ;EOLP-1396-10-IY  ;1.0  ;DZ8P302Z1T     ;20230329 ;RDH10265/3 R1A     ;1310    ;42C   ;41%   ;-2.63  ;-5.72  ;NZ/0
TN ;       ;BB6648                     ;000100   ;IA2 ;ERICSSON ;NDAAF9-E201      ;E    ;APF23202013TJ9 ;20230515 ;RPM777053/1000 R1B ;NA      ;NA    ;NA    ;NA     ;NA     ; 0/0
-------------------------------------------------------------------------------------------------------------------------------------

=====================================================================================================================================
BOARD       ;LNH    ;PORT       ;T ;S ;OpMode   ;AutoNeg ;MacAddress        ;VlanIds        ;LOS ;BER
=====================================================================================================================================
AIR3278B78K ;fru_2048 ;0          ;E ;1 ;ANY      ;true    ;E0:47:35:76:04:98 ;               ;    ;0/0
AIR3278B78K ;fru_2049 ;0          ;E ;1 ;ANY      ;true    ;E0:47:35:76:03:D8 ;               ;    ;0/0
AIR3278B78K ;fru_2050 ;0          ;E ;1 ;ANY      ;true    ;E0:47:35:76:03:F8 ;               ;    ;0/0
BB6648      ;000100 ;10         ;E ;1 ;ANY      ;true    ;E0:47:35:E6:5C:84 ;               ;    ;0/0
BB6648      ;000100 ;11         ;E ;1 ;ANY      ;true    ;E0:47:35:E6:5C:85 ;               ;    ;0/0
BB6648      ;000100 ;12         ;E ;1 ;ANY      ;true    ;E0:47:35:E6:5C:86 ;               ;    ;0/0
BB6648      ;000100 ;TN_IDL_A_1 ;E ;1 ;10G_FULL ;false   ;E0:47:35:E6:5C:87 ;3901,3908,3910 ;0   ;0/0
BB6648      ;000100 ;TN_IDL_A_2 ;O ;1 ;10G_FULL ;false   ;E0:47:35:E6:5C:88 ;3908           ;0   ;0/0
BB6648      ;000100 ;TN_IDL_B   ;O ;1 ;1G_FULL  ;true    ;E0:47:35:E6:5C:8B ;3901,3908,3910 ;0   ;NZ/0
-------------------------------------------------------------------------------------------------------------------------------------

Last MO: 22294. Loaded 22294 MOs. Total: 22295 MOs.
radioClockState : RNT_TIME_LOCKED
-------------------------------------------------------------------------------------
Prio  ;ST  ;syncRefType    ;refStatus  ;opQualLevel  ;SyncReference
-------------------------------------------------------------------------------------
  *1  ; 1  ;GNSS_RECEIVER  ;NO_FAULT   ;GNSS         ;Synchronization=1,TimeSyncIO=GPS (FieldReplaceableUnit=BB-1,SyncPort=1)
-------------------------------------------------------------------------------------
nodeGroupRole   : SYNC_PROVIDER (syncNodePriority=1, selectionMode=NODE_PRIORITY)
-------------------------------------------------------------------------------------
DU  ;Port  ;sharedUnitRef (RiPortA - RiPortB)  ;remoteNodePriority  ;CandidateStatus
-------------------------------------------------------------------------------------
1   ;B     ;Fru=Radio-S221-1 (1 - 2)           ;3                   ;OK_NOT_ACTIVE
1   ;C     ;Fru=Radio-S222-1 (1 - 2)           ;3                   ;OK_NOT_ACTIVE
1   ;A     ;Fru=Radio-S220-1 (1 - 2)           ;3                   ;OK_NOT_ACTIVE
-------------------------------------------------------------------------------------

=====================================================================================================================================
FRU          ;LNH      ;BOARD                      ;RF  ;BP  ;TX (W/dBm)  ;VSWR (RL)   ;RX (dBm) ;UEs/gUEs  ;Sector/AntennaGroup/Cells (State:CellIds:PCIs)
=====================================================================================================================================
Radio-S110-1 ;BXP_3    ;RRU449944B144B3C           ; A  ;11  ;31.9 (45.0) ;1.20 (20.9) ;-94.0    ;26/-      ;SE=110 AG=110 FDD=VV27M1 FDD=VV27T1 (1:31:34, 1:41:79)
Radio-S110-1 ;BXP_3    ;RRU449944B144B3C           ; B  ;11  ;11.2 (40.5) ;1.09 (27.0) ;-93.7    ;26/-      ;SE=110 AG=110 FDD=VV27M1 FDD=VV27T1 (1:31:34, 1:41:79)
Radio-S110-1 ;BXP_3    ;RRU449944B144B3C           ; C  ;11  ;23.2 (43.6) ;1.16 (22.5) ;-92.8    ;26/-      ;SE=110 AG=110 FDD=VV27M1 FDD=VV27T1 (1:31:34, 1:41:79)
Radio-S110-1 ;BXP_3    ;RRU449944B144B3C           ; D  ;11  ;8.7 (39.4)  ;1.15 (23.2) ;-93.2    ;26/-      ;SE=110 AG=110 FDD=VV27M1 FDD=VV27T1 (1:31:34, 1:41:79)
Radio-S111-1 ;BXP_2    ;RRU449944B144B3C           ; A  ;11  ;37.0 (45.7) ;1.08 (27.8) ;-95.0    ;24/-      ;SE=111 AG=111 FDD=VV27M2 FDD=VV27T2 (1:32:454, 1:42:403)
Radio-S111-1 ;BXP_2    ;RRU449944B144B3C           ; B  ;11  ;21.4 (43.3) ;1.08 (27.8) ;-94.9    ;24/-      ;SE=111 AG=111 FDD=VV27M2 FDD=VV27T2 (1:32:454, 1:42:403)
Radio-S111-1 ;BXP_2    ;RRU449944B144B3C           ; C  ;11  ;38.2 (45.8) ;1.14 (23.5) ;-94.3    ;24/-      ;SE=111 AG=111 FDD=VV27M2 FDD=VV27T2 (1:32:454, 1:42:403)
Radio-S111-1 ;BXP_2    ;RRU449944B144B3C           ; D  ;11  ;19.1 (42.8) ;1.24 (19.3) ;-94.5    ;24/-      ;SE=111 AG=111 FDD=VV27M2 FDD=VV27T2 (1:32:454, 1:42:403)
Radio-S112-1 ;BXP_7    ;RRU449944B144B3C           ; A  ;11  ;43.9 (46.4) ;1.08 (28.8) ;-97.1    ;4/-       ;SE=112 AG=112 FDD=VV27M3 FDD=VV27T3 (1:33:274, 1:43:463)
Radio-S112-1 ;BXP_7    ;RRU449944B144B3C           ; B  ;11  ;-           ;1.13 (24.1) ;-97.0    ;4/-       ;SE=112 AG=112 FDD=VV27M3 FDD=VV27T3 (1:33:274, 1:43:463)
Radio-S112-1 ;BXP_7    ;RRU449944B144B3C           ; C  ;11  ;33.1 (45.2) ;1.08 (28.2) ;-96.5    ;4/-       ;SE=112 AG=112 FDD=VV27M3 FDD=VV27T3 (1:33:274, 1:43:463)
Radio-S112-1 ;BXP_7    ;RRU449944B144B3C           ; D  ;11  ;-           ;1.27 (18.6) ;-96.7    ;4/-       ;SE=112 AG=112 FDD=VV27M3 FDD=VV27T3 (1:33:274, 1:43:463)
AAS-S160-1   ;fru_2048 ;AIR3278B78K                ; A  ;11  ;-           ;-           ;         ;-/8       ;SE=160 NRC=VV27V1 (1:571:287)
AAS-S161-1   ;fru_2049 ;AIR3278B78K                ; A  ;11  ;-           ;-           ;         ;-/8       ;SE=161 NRC=VV27V2 (1:572:275)
AAS-S162-1   ;fru_2050 ;AIR3278B78K                ; A  ;11  ;-           ;-           ;         ;-/1       ;SE=162 NRC=VV27V3 (1:573:274)
Radio-S220-1 ;BXP_6    ;RRU247924B824B2024B28BM01* ; A  ;11  ;32.8 (45.2) ;1.17 (22.3) ;-94.4    ;8/16      ;SE=220* AG=220 FDD=VV27E1 NIOT=VV27N1 NRC=VV27G1 (1:61:28, 1:161:28, 1:561:239)
Radio-S220-1 ;BXP_6    ;RRU247924B824B2024B28BM01* ; B  ;11  ;25.0 (44.0) ;1.12 (25.1) ;-94.4    ;8/16      ;SE=220* AG=220 FDD=VV27E1 NIOT=VV27N1 NRC=VV27G1 (1:61:28, 1:161:28, 1:561:239)
Radio-S220-1 ;BXP_6    ;RRU247924B824B2024B28BM01* ; C  ;11  ;25.1 (44.0) ;1.14 (23.5) ;-96.8    ;8/16      ;SE=220* AG=220 FDD=VV27E1 NIOT=VV27N1 NRC=VV27G1 (1:61:28, 1:161:28, 1:561:239)
Radio-S220-1 ;BXP_6    ;RRU247924B824B2024B28BM01* ; D  ;11  ;24.0 (43.8) ;1.10 (26.2) ;-97.0    ;8/16      ;SE=220* AG=220 FDD=VV27E1 NIOT=VV27N1 NRC=VV27G1 (1:61:28, 1:161:28, 1:561:239)
Radio-S221-1 ;BXP_5    ;RRU247924B824B2024B28BM01* ; A  ;11  ;26.0 (44.1) ;1.23 (19.8) ;-97.3    ;3/2       ;SE=221* AG=221 FDD=VV27E2 NIOT=VV27N2 NRC=VV27G2 (1:62:492, 1:162:492, 1:562:282)
Radio-S221-1 ;BXP_5    ;RRU247924B824B2024B28BM01* ; B  ;11  ;31.8 (45.0) ;1.21 (20.6) ;-96.8    ;3/2       ;SE=221* AG=221 FDD=VV27E2 NIOT=VV27N2 NRC=VV27G2 (1:62:492, 1:162:492, 1:562:282)
Radio-S221-1 ;BXP_5    ;RRU247924B824B2024B28BM01* ; C  ;11  ;13.2 (41.2) ;1.08 (28.8) ;-100.6   ;3/2       ;SE=221* AG=221 FDD=VV27E2 NIOT=VV27N2 NRC=VV27G2 (1:62:492, 1:162:492, 1:562:282)
Radio-S221-1 ;BXP_5    ;RRU247924B824B2024B28BM01* ; D  ;11  ;12.9 (41.1) ;1.11 (26.0) ;-100.1   ;3/2       ;SE=221* AG=221 FDD=VV27E2 NIOT=VV27N2 NRC=VV27G2 (1:62:492, 1:162:492, 1:562:282)
Radio-S222-1 ;BXP_4    ;RRU247924B824B2024B28BM01* ; A  ;11  ;20.5 (43.1) ;1.20 (20.9) ;-99.0    ;0/1       ;SE=222* AG=222 FDD=VV27E3 NIOT=VV27N3 NRC=VV27G3 (1:63:143, 1:163:143, 1:563:259)
Radio-S222-1 ;BXP_4    ;RRU247924B824B2024B28BM01* ; B  ;11  ;11.4 (40.6) ;1.12 (24.9) ;-99.5    ;0/1       ;SE=222* AG=222 FDD=VV27E3 NIOT=VV27N3 NRC=VV27G3 (1:63:143, 1:163:143, 1:563:259)
Radio-S222-1 ;BXP_4    ;RRU247924B824B2024B28BM01* ; C  ;11  ;14.1 (41.5) ;1.17 (22.3) ;-101.7   ;0/1       ;SE=222* AG=222 FDD=VV27E3 NIOT=VV27N3 NRC=VV27G3 (1:63:143, 1:163:143, 1:563:259)
Radio-S222-1 ;BXP_4    ;RRU247924B824B2024B28BM01* ; D  ;11  ;14.1 (41.5) ;1.15 (22.9) ;-102.5   ;0/1       ;SE=222* AG=222 FDD=VV27E3 NIOT=VV27N3 NRC=VV27G3 (1:63:143, 1:163:143, 1:563:259)
-------------------------------------------------------------------------------------------------------------------------------------

VV27E> mfar

251125-12:35:22+0100 19.31.16.133 25.0h MSRBS_NODE_MODEL_25.Q1_693.28324.131_62ac stopfile=/tmp/2334356
..........
Last MO: 22306. Loaded 22306 MOs. Total: 22307 MOs.
................................................
get /rop/A20251125.1000-1015_VV27E.xml.gz /ericsson/log/amos/moshell_logfiles/t20251125_37258710_65084/logs_moshell/pmfiles/19.31.16.133/rop/A20251125.1000-1015_VV27E.xml.gz ... OK
get /rop/A20251125.1015-1030_VV27E.xml.gz /ericsson/log/amos/moshell_logfiles/t20251125_37258710_65084/logs_moshell/pmfiles/19.31.16.133/rop/A20251125.1015-1030_VV27E.xml.gz ... OK
get /rop/A20251125.1030-1045_VV27E.xml.gz /ericsson/log/amos/moshell_logfiles/t20251125_37258710_65084/logs_moshell/pmfiles/19.31.16.133/rop/A20251125.1030-1045_VV27E.xml.gz ... OK

Using hardcoded thresholds: 3, 4.5, and 16.5
================================================================================================================================
SC     SE  Tx/Rx BrPair  RfPort1 - RfPort2               HW       Serial      Cell (State)   Samples   Med  Mean  SDev Pol Res Issue
================================================================================================================================
VV27E1 220   2/2 0 (1,2) Radio-S220-1(A) Radio-S220-1(B) RRU2479  TU8U023JKE  FDD=VV27E1 (1)  149548   0.5   0.6   7.2  NA  OK Passed
VV27E2 221   2/2 0 (1,2) Radio-S221-1(A) Radio-S221-1(B) RRU2479  TU8U023J4H  FDD=VV27E2 (1)   69285  -1.5  -1.4   6.6  NA  OK Passed
VV27E3 222   2/2 0 (1,2) Radio-S222-1(A) Radio-S222-1(B) RRU2479  TU8U023JM6  FDD=VV27E3 (1)    4685   0.5   0.3   6.0  NA  OK Passed
VV27M1 110   4/4 0 (1,2) Radio-S110-1(A) Radio-S110-1(B) RRU4499  TU8U023G2H  FDD=VV27M1 (1)   46545  -0.5  -0.9   6.7   S  OK Passed
VV27M1 110   4/4 1 (2,3) Radio-S110-1(B) Radio-S110-1(C) RRU4499  TU8U023G2H  FDD=VV27M1 (1)   46545   1.5   1.6   6.8   S  OK Passed
VV27M1 110   4/4 2 (3,4) Radio-S110-1(C) Radio-S110-1(D) RRU4499  TU8U023G2H  FDD=VV27M1 (1)   46545  -1.5  -1.1   6.8   S  OK Passed
VV27M2 111   4/4 0 (1,2) Radio-S111-1(A) Radio-S111-1(B) RRU4499  TU8U023GAC  FDD=VV27M2 (1)   13734   0.5   0.4   7.1   S  OK Passed
VV27M2 111   4/4 1 (2,3) Radio-S111-1(B) Radio-S111-1(C) RRU4499  TU8U023GAC  FDD=VV27M2 (1)   13734  -0.5  -0.9   7.1   S  OK Passed
VV27M2 111   4/4 2 (3,4) Radio-S111-1(C) Radio-S111-1(D) RRU4499  TU8U023GAC  FDD=VV27M2 (1)   13734   0.5   0.7   7.1   S  OK Passed
VV27M3 112   4/4 0 (1,2) Radio-S112-1(A) Radio-S112-1(B) RRU4499  TU8U023GAB  FDD=VV27M3 (1)    2295   1.5   1.4   7.1   ?  NT Not enough data
VV27M3 112   4/4 1 (2,3) Radio-S112-1(B) Radio-S112-1(C) RRU4499  TU8U023GAB  FDD=VV27M3 (1)    2295  -0.5  -0.1   6.7   ?  NT Not enough data
VV27M3 112   4/4 2 (3,4) Radio-S112-1(C) Radio-S112-1(D) RRU4499  TU8U023GAB  FDD=VV27M3 (1)    2295   1.5   1.2   6.5   ?  NT Not enough data
VV27T1 110   4/4 0 (1,2) Radio-S110-1(A) Radio-S110-1(B) RRU4499  TU8U023G2H  FDD=VV27T1 (1)  168977  -2.5  -1.3   6.8   S  OK Passed
VV27T1 110   4/4 1 (2,3) Radio-S110-1(B) Radio-S110-1(C) RRU4499  TU8U023G2H  FDD=VV27T1 (1)  168977   4.5   3.2   7.2   S OKW Possible RF Loss or PIM at Radio-S110-1(B)
VV27T1 110   4/4 2 (3,4) Radio-S110-1(C) Radio-S110-1(D) RRU4499  TU8U023G2H  FDD=VV27T1 (1)  168977  -3.5  -2.4   7.1   S  OK Passed
VV27T2 111   4/4 0 (1,2) Radio-S111-1(A) Radio-S111-1(B) RRU4499  TU8U023GAC  FDD=VV27T2 (1)  131722  -1.5  -1.7   7.5   S  OK Passed
VV27T2 111   4/4 1 (2,3) Radio-S111-1(B) Radio-S111-1(C) RRU4499  TU8U023GAC  FDD=VV27T2 (1)  131722   1.5   1.4   7.3   S  OK Passed
VV27T2 111   4/4 2 (3,4) Radio-S111-1(C) Radio-S111-1(D) RRU4499  TU8U023GAC  FDD=VV27T2 (1)  131722  -1.5  -1.5   7.3   S  OK Passed
VV27T3 112   4/4 0 (1,2) Radio-S112-1(A) Radio-S112-1(B) RRU4499  TU8U023GAB  FDD=VV27T3 (1)   46067   2.5   2.5   3.3   S  OK Passed
VV27T3 112   4/4 1 (2,3) Radio-S112-1(B) Radio-S112-1(C) RRU4499  TU8U023GAB  FDD=VV27T3 (1)   46067   2.5   1.9   3.4   S  OK Passed
VV27T3 112   4/4 2 (3,4) Radio-S112-1(C) Radio-S112-1(D) RRU4499  TU8U023GAB  FDD=VV27T3 (1)   46067   1.5   1.1   3.3   S  OK Passed
================================================================================================================================
Total: 9 SectorCarriers, 21 RfBranch Pairs (17 OK, 1 OKW, 0 NOK, 3 NT)
............
Last MO: 22306. Loaded 22306 MOs. Total: 22307 MOs.
..........................................

Using hardcoded thresholds: 3, 4.5, and 16.5
================================================================================================================================
SC     SE  Tx/Rx BrPair  RfPort1 - RfPort2               HW       Serial      Cell (State)  Samples   Med  Mean  SDev Pol Res Issue
================================================================================================================================
VV27G1 220   2/4 0 (1,2) Radio-S220-1(A) Radio-S220-1(B) RRU2479  TU8U023JKE  DU=VV27G1 (1)  693467  -1.5  -1.6   8.3  NA  OK Passed
VV27G1 220   2/4 1 (2,3) Radio-S220-1(B) Radio-S220-1(C) RRU2479  TU8U023JKE  DU=VV27G1 (1)  693431   0.5   0.8   8.6  NA  OK Passed
VV27G1 220   2/4 2 (3,4) Radio-S220-1(C) Radio-S220-1(D) RRU2479  TU8U023JKE  DU=VV27G1 (1)  693374  -0.5  -1.0   7.8  NA  OK Passed
VV27G2 221   2/4 0 (1,2) Radio-S221-1(A) Radio-S221-1(B) RRU2479  TU8U023J4H  DU=VV27G2 (1)  232813   0.5   0.2   7.2  NA  OK Passed
VV27G2 221   2/4 1 (2,3) Radio-S221-1(B) Radio-S221-1(C) RRU2479  TU8U023J4H  DU=VV27G2 (1)  232807   0.5   0.4   7.1  NA  OK Passed
VV27G2 221   2/4 2 (3,4) Radio-S221-1(C) Radio-S221-1(D) RRU2479  TU8U023J4H  DU=VV27G2 (1)  232813  -0.5  -0.1   7.0  NA  OK Passed
VV27G3 222   2/4 0 (1,2) Radio-S222-1(A) Radio-S222-1(B) RRU2479  TU8U023JM6  DU=VV27G3 (1)    7129   0.5   0.7   8.1  NA  OK Passed
VV27G3 222   2/4 1 (2,3) Radio-S222-1(B) Radio-S222-1(C) RRU2479  TU8U023JM6  DU=VV27G3 (1)    7130   0.5   0.0   8.3  NA  OK Passed
VV27G3 222   2/4 2 (3,4) Radio-S222-1(C) Radio-S222-1(D) RRU2479  TU8U023JM6  DU=VV27G3 (1)    7129   0.5   0.5   8.1  NA  OK Passed
VV27V1 160 32/32 0 (1,2) AAS-S160-1                      AIR3278  E96A204JS6  DU=VV27V1 (1)       0     0     0     0   ?  NT Not supported on AAS.
VV27V1 160 32/32 1 (2,3) AAS-S160-1                      AIR3278  E96A204JS6  DU=VV27V1 (1)       0     0     0     0   ?  NT Not supported on AAS.
VV27V1 160 32/32 2 (3,4) AAS-S160-1                      AIR3278  E96A204JS6  DU=VV27V1 (1)       0     0     0     0   ?  NT Not supported on AAS.
VV27V1 160 32/32 3 (4,5) AAS-S160-1                      AIR3278  E96A204JS6  DU=VV27V1 (1)       0     0     0     0   ?  NT Not supported on AAS.
VV27V1 160 32/32 4 (5,6) AAS-S160-1                      AIR3278  E96A204JS6  DU=VV27V1 (1)       0     0     0     0   ?  NT Not supported on AAS.
VV27V1 160 32/32 5 (6,7) AAS-S160-1                      AIR3278  E96A204JS6  DU=VV27V1 (1)       0     0     0     0   ?  NT Not supported on AAS.
VV27V1 160 32/32 6 (7,8) AAS-S160-1                      AIR3278  E96A204JS6  DU=VV27V1 (1)       0     0     0     0   ?  NT Not supported on AAS.
VV27V2 161 32/32 0 (1,2) AAS-S161-1                      AIR3278  E96A204JS1  DU=VV27V2 (1)       0     0     0     0   ?  NT Not supported on AAS.
VV27V2 161 32/32 1 (2,3) AAS-S161-1                      AIR3278  E96A204JS1  DU=VV27V2 (1)       0     0     0     0   ?  NT Not supported on AAS.
VV27V2 161 32/32 2 (3,4) AAS-S161-1                      AIR3278  E96A204JS1  DU=VV27V2 (1)       0     0     0     0   ?  NT Not supported on AAS.
VV27V2 161 32/32 3 (4,5) AAS-S161-1                      AIR3278  E96A204JS1  DU=VV27V2 (1)       0     0     0     0   ?  NT Not supported on AAS.
VV27V2 161 32/32 4 (5,6) AAS-S161-1                      AIR3278  E96A204JS1  DU=VV27V2 (1)       0     0     0     0   ?  NT Not supported on AAS.
VV27V2 161 32/32 5 (6,7) AAS-S161-1                      AIR3278  E96A204JS1  DU=VV27V2 (1)       0     0     0     0   ?  NT Not supported on AAS.
VV27V2 161 32/32 6 (7,8) AAS-S161-1                      AIR3278  E96A204JS1  DU=VV27V2 (1)       0     0     0     0   ?  NT Not supported on AAS.
VV27V3 162 32/32 0 (1,2) AAS-S162-1                      AIR3278  E96A204JS0  DU=VV27V3 (1)       0     0     0     0   ?  NT Not supported on AAS.
VV27V3 162 32/32 1 (2,3) AAS-S162-1                      AIR3278  E96A204JS0  DU=VV27V3 (1)       0     0     0     0   ?  NT Not supported on AAS.
VV27V3 162 32/32 2 (3,4) AAS-S162-1                      AIR3278  E96A204JS0  DU=VV27V3 (1)       0     0     0     0   ?  NT Not supported on AAS.
VV27V3 162 32/32 3 (4,5) AAS-S162-1                      AIR3278  E96A204JS0  DU=VV27V3 (1)       0     0     0     0   ?  NT Not supported on AAS.
VV27V3 162 32/32 4 (5,6) AAS-S162-1                      AIR3278  E96A204JS0  DU=VV27V3 (1)       0     0     0     0   ?  NT Not supported on AAS.
VV27V3 162 32/32 5 (6,7) AAS-S162-1                      AIR3278  E96A204JS0  DU=VV27V3 (1)       0     0     0     0   ?  NT Not supported on AAS.
VV27V3 162 32/32 6 (7,8) AAS-S162-1                      AIR3278  E96A204JS0  DU=VV27V3 (1)       0     0     0     0   ?  NT Not supported on AAS.
================================================================================================================================
Total: 6 NRSectorCarriers, 30 RfBranch Pairs (9 OK, 0 OKW, 0 NOK, 21 NT)

VV27E> mfitr

251125-12:35:56+0100 19.31.16.133 25.0h MSRBS_NODE_MODEL_25.Q1_693.28324.131_62ac stopfile=/tmp/2334356
....................
Last MO: 22306. Loaded 22306 MOs. Total: 22307 MOs.
..............
2025-11-25 12:36
================================================================================================================================
CELL       SC     FRU          BOARD                     PUSCH  PUCCH       A      B      C      D  DELTA
================================================================================================================================
FDD=VV27E1 VV27E1 Radio-S220-1 RRU247924B824B2024B28BM01 -116.0 -113.2 -116.0 -116.0                    0
FDD=VV27E2 VV27E2 Radio-S221-1 RRU247924B824B2024B28BM01 -117.9 -116.0 -117.8 -118.1                  0.3
FDD=VV27E3 VV27E3 Radio-S222-1 RRU247924B824B2024B28BM01 -120.1 -119.8 -119.6 -120.0                  0.4
FDD=VV27M1 VV27M1 Radio-S110-1 RRU449944B144B3C          -116.5 -118.5 -118.3 -118.8 -117.8 -118.6      1
FDD=VV27M2 VV27M2 Radio-S111-1 RRU449944B144B3C          -117.1 -119.2 -119.0 -119.1 -119.3 -119.2    0.3
FDD=VV27M3 VV27M3 Radio-S112-1 RRU449944B144B3C          -120.4 -120.4 -120.0 -120.1 -119.9 -120.1    0.2
FDD=VV27T1 VV27T1 Radio-S110-1 RRU449944B144B3C          -116.2 -114.4 -115.7 -117.3 -114.2 -116.5    3.1
FDD=VV27T2 VV27T2 Radio-S111-1 RRU449944B144B3C          -117.6 -116.9 -116.9 -118.5 -115.8 -117.8    2.7
FDD=VV27T3 VV27T3 Radio-S112-1 RRU449944B144B3C          -120.1 -119.1 -119.2 -117.2 -118.1 -115.5    3.7
================================================================================================================================
Bye...
Output has been logged to file /mta_fs/UserFiles/37258710/amosbatch/SDIR/VV27E.log
