Logging to file /mta_fs/UserFiles/37258710/amosbatch/SDIR/VV29E.log
                        __  __  ____   _____
                  /\   |  \/  |/ __ \ / ____|
                 /  \  | \  / | |  | | (___  
                / /\ \ | |\/| | |  | |\___ \ 
               / ____ \| |  | | |__| |____) |
              /_/    \_\_|  |_|\____/|_____/
              OSS Framework for MoShell-25.0h 
  Copyright (c) Ericsson AB 2001-2025 - All Rights Reserved
              
           
[1;31mWARNING: [0mthe AMOS version currently running is more than 29 weeks old and is unsupported.
Please upgrade as soon as possible to the latest released version, available from your local Ericsson support.

$amosrb_pid = 2917170

Checking ip contact...OK

HELP MENU            : h
BASIC MO COMMANDS    : m
OTHER MO COMMANDS    : n
OTHER COMMANDS       : o
PM COMMANDS          : p
QUIT                 : q

VV29E> lt all

251125-15:27:11+0100 19.31.13.235 25.0h  stopfile=/tmp/2917090
Looking up temporary_amos account... OK.
Trying temporary_amos_t20251125_37258710_65084_131's password from amos lookupAccount ... OK

$ssh_pid = 2917604

Connected to 19.31.13.235 (SubNetwork=BBMM_rckomc_R,MeContext=VV29E,ManagedElement=VV29E)

Checking MOM version...MSRBS_NODE_MODEL_25.Q1_198665.224.73_bf81
Parsing MOM (cached): /ericsson/log/amos/moshell_logfiles/t20251125_37258710_65084/logs_moshell/tempfiles/scp-4-amos_20251125-152704_2917023/MSRBS_NODE_MODEL_25.Q1_198665.224.73_bf81.xml.cache.gz ......................................................................................................................................................................................................................Done.
Using paramfile /opt/ericsson/amos/moshell/commonjars/pm/PARAM_MSRBSG2_25.Q1.txt
Parsing file /opt/ericsson/amos/moshell/commonjars/pm/PARAM_MSRBSG2_25.Q1.txt ......................................................................................Done.
Using imomdfile /opt/ericsson/amos/moshell/commonjars/pm/IMOMD_MSRBS_22.Q4.txt
Using imomfile /opt/ericsson/amos/moshell/commonjars/pm/IMOM_MSRBS_25.Q1.txt
Connected to 19.31.13.235 (SubNetwork=BBMM_rckomc_R,MeContext=VV29E,ManagedElement=VV29E)

Last MO: 17127. Loaded 17127 MOs. Total: 17128 MOs.

VV29E> st cell

251125-15:27:29+0100 19.31.13.235 25.0h MSRBS_NODE_MODEL_25.Q1_198665.224.73_bf81 stopfile=/tmp/2917090
===================================================================================
Proxy  Adm State     Op. State     MO
===================================================================================
   43  1 (UNLOCKED)  1 (ENABLED)   ENodeBFunction=1,EUtranCellFDD=VV29E1
  132  1 (UNLOCKED)  1 (ENABLED)   ENodeBFunction=1,EUtranCellFDD=VV29E2
  237  1 (UNLOCKED)  1 (ENABLED)   ENodeBFunction=1,EUtranCellFDD=VV29M1
  328  1 (UNLOCKED)  1 (ENABLED)   ENodeBFunction=1,EUtranCellFDD=VV29M2
  425  1 (UNLOCKED)  1 (ENABLED)   ENodeBFunction=1,EUtranCellFDD=VV29T1
  529  1 (UNLOCKED)  1 (ENABLED)   ENodeBFunction=1,EUtranCellFDD=VV29T2
 1101  1 (UNLOCKED)  1 (ENABLED)   ENodeBFunction=1,NbIotCell=VV29N1
 1102  1 (UNLOCKED)  1 (ENABLED)   ENodeBFunction=1,NbIotCell=VV29N2
===================================================================================
Total: 8 MOs

VV29E> st radio

251125-15:27:29+0100 19.31.13.235 25.0h MSRBS_NODE_MODEL_25.Q1_198665.224.73_bf81 stopfile=/tmp/2917090
===================================================================================
Proxy  Adm State     Op. State     MO
===================================================================================
 1506  1 (UNLOCKED)  1 (ENABLED)   Equipment=1,FieldReplaceableUnit=Radio-S100-1
 1529  1 (UNLOCKED)  1 (ENABLED)   Equipment=1,FieldReplaceableUnit=Radio-S210-1
 1546  1 (UNLOCKED)  1 (ENABLED)   Equipment=1,FieldReplaceableUnit=Radio-S211-1
17118  1 (UNLOCKED)  1 (ENABLED)   Transport=1,Synchronization=1,RadioEquipmentClock=1,RadioEquipmentClockReference=NTP1
17119  1 (UNLOCKED)  1 (ENABLED)   Transport=1,Synchronization=1,RadioEquipmentClock=1,RadioEquipmentClockReference=PTP8275_2
===================================================================================
Total: 5 MOs

VV29E> sdir

251125-15:27:29+0100 19.31.13.235 25.0h MSRBS_NODE_MODEL_25.Q1_198665.224.73_bf81 stopfile=/tmp/2917090
INFO: Using amos lookupAccount credentials for the export login
...............................
get /rop/A20251125.1330-1345_VV29E.xml.gz /ericsson/log/amos/moshell_logfiles/t20251125_37258710_65084/logs_moshell/pmfiles/19.31.13.235/rop/A20251125.1330-1345_VV29E.xml.gz ... OK
get /rop/A20251125.1345-1400_VV29E.xml.gz /ericsson/log/amos/moshell_logfiles/t20251125_37258710_65084/logs_moshell/pmfiles/19.31.13.235/rop/A20251125.1345-1400_VV29E.xml.gz ... OK
get /rop/A20251125.1400-1415_VV29E.xml.gz /ericsson/log/amos/moshell_logfiles/t20251125_37258710_65084/logs_moshell/pmfiles/19.31.13.235/rop/A20251125.1400-1415_VV29E.xml.gz ... OK
...Checking available boards on node...

Collecting RCS board data ...
...................................................................................
.
............................................................................................................................................................................................................................................................
...
Collecting TN data...
.....................................................................................................................
Getting MO data from node (64 MOs). Please wait...
0%                                             ~50%                                           ~100%
................................................................................................................................
Collecting RF data...
.
Collecting Alarms...
Executing action Log.export()
...
Log=AlarmLog                    actionId=12568
............
Executing action LogM.exportAvailabilityLog()
..LogM=1,exportAvailabilityLog    actionId=12569
............Parsing alarmLog............Done.
Parsing availabilityLog........Done.
..............

Total: 3 CPRI links (3 OK, 0 OKW, 0 NOK, 0 NT)

+--------+                      +--------------------+
|        | A        O101     D1 |    Radio-S210-1    |
|        |-----------1----------| RRU227922B822B20C* |
|        |         OK-7m        |       BXP_2        |
|        |                      +--------------------+
|        |                                     |A  |B
|        |                  SE=210* AG=210 FDD=VV29E1
|        |                                NIOT=VV29N1
|        |
|        |                      +--------------------+
|        | B        O101     D1 |    Radio-S211-1    |
|        |-----------2----------| RRU227922B822B20C* |
|        |         OK-6m        |       BXP_3        |
|  BB-1  |                      +--------------------+
| BB6630 |                                     |A  |B
| 000100 |                  SE=211* AG=211 FDD=VV29E2
|        |                                NIOT=VV29N2
|        |
|        |                      +------------------+
|        | D        O101     D2 |   Radio-S100-1   |
|        |-----------3----------| RRU449944B144B3C |
|        |         OK-7m        |      BXP_4       |
|        |                      +------------------+
|        |                           |A  |B  |C  |D
|        |                    SE=100 AG=100  |   |
|        |            FDD=VV29M1 FDD=VV29T1  |   |
|        |                            SE=101 AG=101
|        |                    FDD=VV29M2 FDD=VV29T2
|        |
+--------+

=====================================================================================================================================
ID RiL    Type Res MO1-MO2                  BOARD1-BOARD2             AlmIDs Cells (States)                                        Issue (Failed checks)
=====================================================================================================================================
 1 S210-1 O101 OK  BB-1(A) Radio-S210-1(D1) BB6630 RRU227922B822B20C*        FDD=VV29E1 NIOT=VV29N1 (1,1)                          Passed
 2 S211-1 O101 OK  BB-1(B) Radio-S211-1(D1) BB6630 RRU227922B822B20C*        FDD=VV29E2 NIOT=VV29N2 (1,1)                          Passed
 3 S100-1 O101 OK  BB-1(D) Radio-S100-1(D2) BB6630 RRU449944B144B3C          FDD=VV29M1 FDD=VV29M2 FDD=VV29T1 FDD=VV29T2 (1,1,1,1) Passed
-------------------------------------------------------------------------------------------------------------------------------------

Node: RadioNode L   CXP9024418/16_R8D21 (RCG123.3-3)   G2   LTE-FDD,LTE-IoT 

=====================================================================================================================================
FRU          ;LNH    ;BOARD              ;ST ;FAULT ;OPER ;MAINT ;STAT ;PRODUCTNUMBER   ;REV     ;SERIAL        ;DATE     ;PMTEMP ; TEMP ; UPT ;VOLT ;SW                   ;
=====================================================================================================================================
BB-1         ;000100 ;BB6630             ; 1 ;  OFF ;  ON ;  OFF ;  ON ;KDU137848/11    ;R3E     ;E96A00SH9W    ;20220712 ;3 (OK) ;      ;7.05 ;48   ;                     ;
Radio-S100-1 ;BXP_4  ;RRU449944B144B3C   ; 1 ;  OFF ;  ON ;  OFF ; N/A ;KRC161787/1     ;R2G     ;E55H226960    ;20220723 ;4 (OK) ; 49.5 ;94.0 ;54.9 ;CXP9013268%15_R101KB ; (Radio449944B144B3C)
Radio-S210-1 ;BXP_2  ;RRU227922B822B20C* ; 1 ;  OFF ;  ON ;  OFF ; N/A ;KRC161864/1     ;R1E     ;TU8U01PA32    ;20220815 ;4 (OK) ; 55.5 ;48.0 ;54.9 ;CXP9013268%15_R101KB ; (Radio227922B822B20C)
Radio-S211-1 ;BXP_3  ;RRU227922B822B20C* ; 1 ;  OFF ;  ON ;  OFF ; N/A ;KRC161864/1     ;R1E     ;TU8U01PA6Y    ;20220816 ;4 (OK) ; 56.0 ;48.0 ;55.0 ;CXP9013268%15_R101KB ; (Radio227922B822B20C)
-------------------------------------------------------------------------------------------------------------------------------------

=====================================================================================================================================
AntennaNearUnit                                     ;ST  ;TYPE   ;PRODUCTNR     ;REV       ;UNIQUEID             ;RfPort
=====================================================================================================================================
AntennaUnitGroup=100,AntennaNearUnit=DTMA_1800      ; 1  ;TMA    ;MI-15832      ;A         ;MDAS191002304_1.8    ;FieldReplaceableUnit=Radio-S100-1,RfPort=R
AntennaUnitGroup=100,AntennaNearUnit=DTMA_2100      ; 1  ;TMA    ;MI-15832      ;A         ;MDAS191002304_2.1    ;FieldReplaceableUnit=Radio-S100-1,RfPort=R
AntennaUnitGroup=101,AntennaNearUnit=DTMA_1800      ; 1  ;TMA    ;MI-15832      ;A         ;MDAS185100367_1.8    ;FieldReplaceableUnit=Radio-S100-1,RfPort=R
AntennaUnitGroup=101,AntennaNearUnit=DTMA_2100      ; 1  ;TMA    ;MI-15832      ;A         ;MDAS185100367_2.1    ;FieldReplaceableUnit=Radio-S100-1,RfPort=R
AntennaUnitGroup=210,AntennaNearUnit=DTMA_800_900   ; 1  ;TMA    ;KRY112228/11  ;R1A       ;ERT405---X617D12295  ;FieldReplaceableUnit=Radio-S210-1,RfPort=R
AntennaUnitGroup=210,AntennaNearUnit=RET_1800_2100  ; 1  ;S-RET  ;86010165      ;HW_V_A01  ;KAD241224320A-Y1     ;FieldReplaceableUnit=Radio-S210-1,RfPort=R
AntennaUnitGroup=210,AntennaNearUnit=RET_2600       ; 1  ;S-RET  ;86010165      ;HW_V_A01  ;KAD241224320A-Y3     ;FieldReplaceableUnit=Radio-S210-1,RfPort=R
AntennaUnitGroup=210,AntennaNearUnit=RET_800_900    ; 1  ;S-RET  ;86010165      ;HW_V_A01  ;KAD241224320A-R1     ;FieldReplaceableUnit=Radio-S210-1,RfPort=R
AntennaUnitGroup=211,AntennaNearUnit=DTMA_800_900   ; 1  ;TMA    ;KRY112228/11  ;R1A       ;ERT405---X617D12910  ;FieldReplaceableUnit=Radio-S211-1,RfPort=R
AntennaUnitGroup=211,AntennaNearUnit=RET_1800_2100  ; 1  ;S-RET  ;86010165      ;HW_V_A01  ;KAD241225215A-Y1     ;FieldReplaceableUnit=Radio-S211-1,RfPort=R
AntennaUnitGroup=211,AntennaNearUnit=RET_2600       ; 1  ;S-RET  ;86010165      ;HW_V_A01  ;KAD241225215A-Y3     ;FieldReplaceableUnit=Radio-S211-1,RfPort=R
AntennaUnitGroup=211,AntennaNearUnit=RET_800_900    ; 1  ;S-RET  ;86010165      ;HW_V_A01  ;KAD241225215A-R1     ;FieldReplaceableUnit=Radio-S211-1,RfPort=R
-------------------------------------------------------------------------------------------------------------------------------------

=====================================================================================================================================
XPBOARD  ;ST ;FAULT ;OPER ;PRODUCTNUMBER ;REV ;SERIAL/NAME ;DATE     ; TEMP ;MO
=====================================================================================================================================
FAN      ; 1 ;N/A   ;N/A  ;BKV106217/1   ;N/A ;N/A         ;N/A      ;      ;SupportUnit=1 (FAN  BB-1)
-------------------------------------------------------------------------------------------------------------------------------------

=====================================================================================================================================
ID ;T ;RiL    ;BPBP ;BOARD1             ;LNH1 ;PORT ;R ;LINK ;RATE  ; BER ;BOARD2             ;LNH2 ;PORT ;R ;LINK ;RATE  ; BER ;LENGTH ;MO1 - MO2
=====================================================================================================================================
 1 ;O ;S210-1 ;1111 ;BB6630             ;000100 ; 1 ;M ;Up   ;10.1G ;   0 ;RRU227922B822B20C* ;BXP_2  ; 0 ;S ;Up   ;10.1G ;   0 ;    7m ;Fru=BB-1(A) Fru=Radio-S210-1(D1)
 2 ;O ;S211-1 ;1111 ;BB6630             ;000100 ; 2 ;M ;Up   ;10.1G ;   0 ;RRU227922B822B20C* ;BXP_3  ; 0 ;S ;Up   ;10.1G ;   0 ;    6m ;Fru=BB-1(B) Fru=Radio-S211-1(D1)
 3 ;O ;S100-1 ;1111 ;BB6630             ;000100 ; 4 ;M ;Up   ;10.1G ;   0 ;RRU449944B144B3C   ;BXP_4  ; 1 ;S ;Up   ;10.1G ;   0 ;    7m ;Fru=BB-1(D) Fru=Radio-S100-1(D2)
-------------------------------------------------------------------------------------------------------------------------------------

=====================================================================================================================================
ID ;LINK ;RiL    ;VENDOR1  ;VENDORPROD1      ;REV1 ;SERIAL1    ;DATE1    ;ERICSSONPROD1  ;VENDOR2  ;VENDORPROD2      ;REV2 ;SERIAL2    ;DATE2    ;ERICSSONPROD2  ;TT ;WL1     ;WL2    
=====================================================================================================================================
 1 ;Up   ;S210-1 ;ERICSSON ;SPP10ELRIDFSEN   ;10   ;CT72777890 ;20220704 ;RDH10265/2 R1A ;ERICSSON ;SPP10ELRIDFSEN   ;10   ;CT72836867 ;20220721 ;RDH10265/2 R1A ;0  ;1310.00 ;1310.00
 2 ;Up   ;S211-1 ;ERICSSON ;SPP10ELRIDFSEN   ;10   ;CT72744223 ;20220622 ;RDH10265/2 R1A ;ERICSSON ;SPP10ELRIDFSEN   ;10   ;CT72837018 ;20220721 ;RDH10265/2 R1A ;0  ;1310.00 ;1310.00
 3 ;Up   ;S100-1 ;ERICSSON ;SPP10ELRIDFSEN   ;10   ;CT72801008 ;20220712 ;RDH10265/2 R1A ;ERICSSON ;SPP10ELRIDFSEN   ;10   ;CT72824458 ;20220719 ;RDH10265/2 R1A ;0  ;1310.00 ;1310.00
-------------------------------------------------------------------------------------------------------------------------------------

=====================================================================================================================================
ID ;LINK ;RiL    ;WL1     ;TEMP1 ;TXbs1 ;TXdBm1 ;RXdBm1 ;BER1   ;WL2     ;TEMP2 ;TXbs2 ;TXdBm2 ;RXdBm2 ;BER2   ;DlLoss ;UlLoss ;LENGTH ;TT
=====================================================================================================================================
 1 ;Up   ;S210-1 ;1310.00 ;46C   ;35%   ;-1.94  ;-4.69  ;   0   ;1310.00 ;62C   ;40%   ;-1.61  ;-2.36  ;   0   ;  0.42 ;  3.08 ;    7m ; 0
 2 ;Up   ;S211-1 ;1310.00 ;49C   ;34%   ;-1.77  ;-2.51  ;   0   ;1310.00 ;57C   ;41%   ;-1.77  ;-2.77  ;   0   ;     1 ;  0.74 ;    6m ; 0
 3 ;Up   ;S100-1 ;1310.00 ;56C   ;51%   ;-2.05  ;-3.37  ;   0   ;1310.00 ;43C   ;47%   ;-2.87  ;-2.44  ;   0   ;  0.39 ;   0.5 ;    7m ; 0
-------------------------------------------------------------------------------------------------------------------------------------

=====================================================================================================================================
ID ;RiL    ;BOARD              ;SFPLNH  ;PORT ;VENDOR   ;VENDORPROD       ;REV  ;SERIAL     ;DATE     ;ERICSSONPROD   ;WL      ;TEMP  ;TXbs  ;TXdBm  ;RXdBm  ; BER
=====================================================================================================================================
 1 ;S210-1 ;BB6630             ;000100   ;  1 ;ERICSSON ;SPP10ELRIDFSEN   ;10   ;CT72777890 ;20220704 ;RDH10265/2 R1A ;1310.00 ;46C   ;35%   ;-1.94  ;-4.69  ;   0
 2 ;S211-1 ;BB6630             ;000100   ;  2 ;ERICSSON ;SPP10ELRIDFSEN   ;10   ;CT72744223 ;20220622 ;RDH10265/2 R1A ;1310.00 ;49C   ;34%   ;-1.77  ;-2.51  ;   0
 3 ;S100-1 ;BB6630             ;000100   ;  4 ;ERICSSON ;SPP10ELRIDFSEN   ;10   ;CT72801008 ;20220712 ;RDH10265/2 R1A ;1310.00 ;56C   ;51%   ;-2.05  ;-3.37  ;   0
 1 ;S210-1 ;RRU227922B822B20C* ;BXP_2    ;  0 ;ERICSSON ;SPP10ELRIDFSEN   ;10   ;CT72836867 ;20220721 ;RDH10265/2 R1A ;1310.00 ;62C   ;40%   ;-1.61  ;-2.36  ;   0
 2 ;S211-1 ;RRU227922B822B20C* ;BXP_3    ;  0 ;ERICSSON ;SPP10ELRIDFSEN   ;10   ;CT72837018 ;20220721 ;RDH10265/2 R1A ;1310.00 ;57C   ;41%   ;-1.77  ;-2.77  ;   0
 3 ;S100-1 ;RRU449944B144B3C   ;BXP_4    ;  1 ;ERICSSON ;SPP10ELRIDFSEN   ;10   ;CT72824458 ;20220719 ;RDH10265/2 R1A ;1310.00 ;43C   ;47%   ;-2.87  ;-2.44  ;   0
-------------------------------------------------------------------------------------------------------------------------------------
TN ;       ;BB6630             ;000100   ;  A ;ERICSSON ;EOLS-1324-10-DI9 ;1.0  ;SN5K359629 ;20220626 ;RDH10247/2 R2A ;0       ;38C   ;24%   ;-6.88  ;-7.10  ;NZ/0
TN ;       ;BB6630             ;000100   ;  B ;ERICSSON ;SPP10ELRIDFSEN   ;10   ;CT72830021 ;20220720 ;RDH10265/2 R1A ;0       ;50C   ;41%   ;-2.10  ;-3.68  ; 0/0
-------------------------------------------------------------------------------------------------------------------------------------

=====================================================================================================================================
BOARD  ;LNH    ;PORT   ;T ;S ;OpMode    ;AutoNeg ;MacAddress        ;VlanIds        ;LOS ;BER
=====================================================================================================================================
BB6630 ;000100 ;IDL_A1 ;E ;1 ;10G_FULL  ;false   ;F8:97:A9:0F:AC:01 ;3908           ;0   ;0/0
BB6630 ;000100 ;TN_A   ;O ;1 ;1G_FULL   ;true    ;F8:97:A9:0F:AB:FD ;3901,3908,3910 ;0   ;NZ/0
BB6630 ;000100 ;TN_B   ;O ;1 ;10G_FULL  ;false   ;F8:97:A9:0F:AB:FE ;3901,3908,3910 ;0   ;0/0
BB6630 ;000100 ;TN_C   ;E ;1 ;100M_FULL ;false   ;F8:97:A9:0F:AB:FF ;3910           ;0   ;0/0
-------------------------------------------------------------------------------------------------------------------------------------

radioClockState : RNT_TIME_LOCKED
-------------------------------------------------------------------------------------
Prio  ;ST  ;syncRefType    ;refStatus  ;opQualLevel  ;SyncReference
-------------------------------------------------------------------------------------
  *1  ; 1  ;PTP_TIME       ;NO_FAULT   ;PRTC         ;Ptp=1,BoundaryOrdinaryClock=1 (G_8275_2 Router=45G_Traffic,InterfaceIPv4=LTE,AddressIPv4=LTE:SLAVE)
   2  ; 1  ;NTP_FREQUENCY  ;NO_FAULT   ;PRC          ;Ntp=1,NtpFrequencySync=NTP1 (10.31.0.54:32751 Router=45G_Traffic,InterfaceIPv4=LTE,AddressIPv4=LTE)
-------------------------------------------------------------------------------------
nodeGroupRole   : SYNC_PROVIDER (syncNodePriority=1, selectionMode=NODE_PRIORITY)
-------------------------------------------------------------------------------------
DU  ;Port  ;sharedUnitRef (RiPortA - RiPortB)  ;remoteNodePriority  ;CandidateStatus
-------------------------------------------------------------------------------------
1   ;B     ;Fru=Radio-S211-1 (1 - 2)           ;3                   ;OK_NOT_ACTIVE
1   ;A     ;Fru=Radio-S210-1 (1 - 2)           ;3                   ;OK_NOT_ACTIVE
-------------------------------------------------------------------------------------

=====================================================================================================================================
FRU          ;LNH    ;BOARD              ;RF  ;BP  ;TX (W/dBm)  ;VSWR (RL)   ;RX (dBm) ;UEs/gUEs  ;Sector/AntennaGroup/Cells (State:CellIds:PCIs)
=====================================================================================================================================
Radio-S100-1 ;BXP_4  ;RRU449944B144B3C   ; A  ;11  ;41.3 (46.2) ;1.27 (18.4) ;-98.7    ;6/-       ;SE=100 AG=100 FDD=VV29M1 FDD=VV29T1 (1:31:152, 1:41:362)
Radio-S100-1 ;BXP_4  ;RRU449944B144B3C   ; B  ;11  ;-           ;1.03 (36.0) ;-98.3    ;6/-       ;SE=100 AG=100 FDD=VV29M1 FDD=VV29T1 (1:31:152, 1:41:362)
Radio-S100-1 ;BXP_4  ;RRU449944B144B3C   ; C  ;11  ;41.3 (46.2) ;1.21 (20.3) ;-99.6    ;4/-       ;SE=101 AG=101 FDD=VV29M2 FDD=VV29T2 (1:32:335, 1:42:382)
Radio-S100-1 ;BXP_4  ;RRU449944B144B3C   ; D  ;11  ;-           ;1.15 (23.4) ;-99.3    ;4/-       ;SE=101 AG=101 FDD=VV29M2 FDD=VV29T2 (1:32:335, 1:42:382)
Radio-S210-1 ;BXP_2  ;RRU227922B822B20C* ; A  ;11  ;25.5 (44.1) ;1.17 (21.9) ;-96.4    ;1/-       ;SE=210* AG=210 FDD=VV29E1 NIOT=VV29N1 (1:61:52, 1:161:52)
Radio-S210-1 ;BXP_2  ;RRU227922B822B20C* ; B  ;11  ;15.9 (42.0) ;1.16 (22.6) ;-96.8    ;1/-       ;SE=210* AG=210 FDD=VV29E1 NIOT=VV29N1 (1:61:52, 1:161:52)
Radio-S211-1 ;BXP_3  ;RRU227922B822B20C* ; A  ;11  ;24.9 (44.0) ;1.09 (27.3) ;-99.0    ;0/-       ;SE=211* AG=211 FDD=VV29E2 NIOT=VV29N2 (1:62:463, 1:162:463)
Radio-S211-1 ;BXP_3  ;RRU227922B822B20C* ; B  ;11  ;16.2 (42.1) ;1.11 (25.6) ;-98.7    ;0/-       ;SE=211* AG=211 FDD=VV29E2 NIOT=VV29N2 (1:62:463, 1:162:463)
-------------------------------------------------------------------------------------------------------------------------------------

VV29E> mfar

251125-15:29:49+0100 19.31.13.235 25.0h MSRBS_NODE_MODEL_25.Q1_198665.224.73_bf81 stopfile=/tmp/2917090
......
Last MO: 17125. Loaded 17125 MOs. Total: 17126 MOs.
................................................
get /rop/A20251125.1245-1300_VV29E.xml.gz /ericsson/log/amos/moshell_logfiles/t20251125_37258710_65084/logs_moshell/pmfiles/19.31.13.235/rop/A20251125.1245-1300_VV29E.xml.gz ... OK
get /rop/A20251125.1300-1315_VV29E.xml.gz /ericsson/log/amos/moshell_logfiles/t20251125_37258710_65084/logs_moshell/pmfiles/19.31.13.235/rop/A20251125.1300-1315_VV29E.xml.gz ... OK
get /rop/A20251125.1315-1330_VV29E.xml.gz /ericsson/log/amos/moshell_logfiles/t20251125_37258710_65084/logs_moshell/pmfiles/19.31.13.235/rop/A20251125.1315-1330_VV29E.xml.gz ... OK

Using hardcoded thresholds: 3, 4.5, and 16.5
================================================================================================================================
SC     SE  Tx/Rx BrPair  RfPort1 - RfPort2               HW       Serial      Cell (State)   Samples   Med  Mean  SDev Pol Res Issue
================================================================================================================================
VV29E1 210   2/2 0 (1,2) Radio-S210-1(A) Radio-S210-1(B) RRU2279  TU8U01PA32  FDD=VV29E1 (1)    1946  -2.5  -2.3   6.2  NA  NT Not enough data
VV29E2 211   2/2 0 (1,2) Radio-S211-1(A) Radio-S211-1(B) RRU2279  TU8U01PA6Y  FDD=VV29E2 (1)   17925  -2.5  -2.1   7.3  NA  OK Passed
VV29M1 100   2/2 0 (1,2) Radio-S100-1(A) Radio-S100-1(B) RRU4499  E55H226960  FDD=VV29M1 (1)     941  -2.5  -2.2   6.4  NA  NT Not enough data
VV29M2 101   2/2 0 (1,2) Radio-S100-1(C) Radio-S100-1(D) RRU4499  E55H226960  FDD=VV29M2 (1)     477  -7.5  -6.0   7.7  NA  NT Not enough data
VV29T1 100   2/2 0 (1,2) Radio-S100-1(A) Radio-S100-1(B) RRU4499  E55H226960  FDD=VV29T1 (1)   53848   0.5  -1.1   6.9  NA  OK Passed
VV29T2 101   2/2 0 (1,2) Radio-S100-1(C) Radio-S100-1(D) RRU4499  E55H226960  FDD=VV29T2 (1)   10458   5.5   5.0   6.1  NA NOK RF Loss or PIM at Radio-S100-1(C)
================================================================================================================================
Total: 6 SectorCarriers, 6 RfBranch Pairs (2 OK, 0 OKW, 1 NOK, 3 NT)
.......
Last MO: 17125. Loaded 17125 MOs. Total: 17126 MOs.

No NRSectorCarrier MOs are defined on the node.

VV29E> mfitr

251125-15:30:05+0100 19.31.13.235 25.0h MSRBS_NODE_MODEL_25.Q1_198665.224.73_bf81 stopfile=/tmp/2917090
..........
Last MO: 17125. Loaded 17125 MOs. Total: 17126 MOs.
........
2025-11-25 15:30
================================================================================================================================
CELL       SC     FRU          BOARD             PUSCH  PUCCH       A      B      C      D  DELTA
================================================================================================================================
FDD=VV29E1 VV29E1 Radio-S210-1 RRU227922B822B20C -120.5 -120.7 -120.6 -120.8                  0.2
FDD=VV29E2 VV29E2 Radio-S211-1 RRU227922B822B20C -120.4 -120.9 -120.7 -120.2                  0.5
FDD=VV29M1 VV29M1 Radio-S100-1 RRU449944B144B3C  -121.0 -121.0 -122.0 -121.7                  0.3
FDD=VV29M2 VV29M2 Radio-S100-1 RRU449944B144B3C  -121.0 -121.0               -122.7 -122.6    0.1
FDD=VV29T1 VV29T1 Radio-S100-1 RRU449944B144B3C  -120.9 -120.4 -121.1 -121.1                    0
FDD=VV29T2 VV29T2 Radio-S100-1 RRU449944B144B3C  -121.0 -119.8               -121.6 -121.4    0.2
================================================================================================================================
Bye...
Output has been logged to file /mta_fs/UserFiles/37258710/amosbatch/SDIR/VV29E.log
