Logging to file /mta_fs/UserFiles/37258710/amosbatch/SDIR/VV46F.log
                        __  __  ____   _____
                  /\   |  \/  |/ __ \ / ____|
                 /  \  | \  / | |  | | (___  
                / /\ \ | |\/| | |  | |\___ \ 
               / ____ \| |  | | |__| |____) |
              /_/    \_\_|  |_|\____/|_____/
              OSS Framework for MoShell-25.0h 
  Copyright (c) Ericsson AB 2001-2025 - All Rights Reserved
              
           
[1;31mWARNING: [0mthe AMOS version currently running is more than 29 weeks old and is unsupported.
Please upgrade as soon as possible to the latest released version, available from your local Ericsson support.

$amosrb_pid = 2187397

Checking ip contact...OK

HELP MENU            : h
BASIC MO COMMANDS    : m
OTHER MO COMMANDS    : n
OTHER COMMANDS       : o
PM COMMANDS          : p
QUIT                 : q

VV46F> lt all

251125-11:45:43+0100 19.31.8.90 25.0h  stopfile=/tmp/2187119
Looking up temporary_amos account... OK.
Trying temporary_amos_t20251125_37258710_65084_131's password from amos lookupAccount ... OK

$ssh_pid = 2188486

Connected to 19.31.8.90 (SubNetwork=BBMM_rckomc_R,MeContext=VV46F,ManagedElement=VV46F)

Checking MOM version...MSRBS_NODE_MODEL_25.Q1_693.28324.131_62ac
Parsing MOM (cached): /ericsson/log/amos/moshell_logfiles/t20251125_37258710_65084/logs_moshell/tempfiles/scp-4-amos_20251125-114536_2187051/MSRBS_NODE_MODEL_25.Q1_693.28324.131_62ac.xml.cache.gz ..................................................................................................................................................................................................................................Done.
Using paramfile /opt/ericsson/amos/moshell/commonjars/pm/PARAM_MSRBS_25.Q1.txt
Parsing file /opt/ericsson/amos/moshell/commonjars/pm/PARAM_MSRBS_25.Q1.txt .......................................................................................Done.
Using imomdfile /opt/ericsson/amos/moshell/commonjars/pm/IMOMD_MSRBS_22.Q4.txt
Using imomfile /opt/ericsson/amos/moshell/commonjars/pm/IMOM_MSRBS_25.Q1.txt
Connected to 19.31.8.90 (SubNetwork=BBMM_rckomc_R,MeContext=VV46F,ManagedElement=VV46F)

Last MO: 17143. Loaded 17143 MOs. Total: 17144 MOs.

VV46F> st cell

251125-11:45:57+0100 19.31.8.90 25.0h MSRBS_NODE_MODEL_25.Q1_693.28324.131_62ac stopfile=/tmp/2187119
===================================================================================
Proxy  Adm State     Op. State     MO
===================================================================================
   56  1 (UNLOCKED)  1 (ENABLED)   ENodeBFunction=1,EUtranCellFDD=VV46F1
  127  1 (UNLOCKED)  1 (ENABLED)   ENodeBFunction=1,EUtranCellFDD=VV46F2
  198  1 (UNLOCKED)  1 (ENABLED)   ENodeBFunction=1,EUtranCellFDD=VV46F3
  268  1 (UNLOCKED)  1 (ENABLED)   ENodeBFunction=1,EUtranCellFDD=VV46L1
  375  1 (UNLOCKED)  1 (ENABLED)   ENodeBFunction=1,EUtranCellFDD=VV46L2
  477  1 (UNLOCKED)  1 (ENABLED)   ENodeBFunction=1,EUtranCellFDD=VV46L3
===================================================================================
Total: 6 MOs

VV46F> st radio

251125-11:45:57+0100 19.31.8.90 25.0h MSRBS_NODE_MODEL_25.Q1_693.28324.131_62ac stopfile=/tmp/2187119
===================================================================================
Proxy  Adm State     Op. State     MO
===================================================================================
 1304  1 (UNLOCKED)  1 (ENABLED)   Equipment=1,FieldReplaceableUnit=Radio-S190-1
 1319  1 (UNLOCKED)  1 (ENABLED)   Equipment=1,FieldReplaceableUnit=Radio-S191-1
 1334  1 (UNLOCKED)  1 (ENABLED)   Equipment=1,FieldReplaceableUnit=Radio-S192-1
 1349  1 (UNLOCKED)  1 (ENABLED)   Equipment=1,FieldReplaceableUnit=Radio-S20-1
 1362  1 (UNLOCKED)  1 (ENABLED)   Equipment=1,FieldReplaceableUnit=Radio-S21-1
 1375  1 (UNLOCKED)  1 (ENABLED)   Equipment=1,FieldReplaceableUnit=Radio-S22-1
 1388  1 (UNLOCKED)  1 (ENABLED)   Equipment=1,FieldReplaceableUnit=Radio-S220-1
 1407  1 (UNLOCKED)  1 (ENABLED)   Equipment=1,FieldReplaceableUnit=Radio-S221-1
 1426  1 (UNLOCKED)  1 (ENABLED)   Equipment=1,FieldReplaceableUnit=Radio-S222-1
17137  1 (UNLOCKED)  1 (ENABLED)   Transport=1,Synchronization=1,RadioEquipmentClock=1,RadioEquipmentClockReference=NTP1
17138  1 (UNLOCKED)  1 (ENABLED)   Transport=1,Synchronization=1,RadioEquipmentClock=1,RadioEquipmentClockReference=PTP
===================================================================================
Total: 11 MOs

VV46F> sdir

251125-11:45:57+0100 19.31.8.90 25.0h MSRBS_NODE_MODEL_25.Q1_693.28324.131_62ac stopfile=/tmp/2187119
INFO: Using amos lookupAccount credentials for the export login
................................
get /rop/A20251125.1000-1015_VV46F.xml.gz /ericsson/log/amos/moshell_logfiles/t20251125_37258710_65084/logs_moshell/pmfiles/19.31.8.90/rop/A20251125.1000-1015_VV46F.xml.gz ... OK
get /rop/A20251125.1015-1030_VV46F.xml.gz /ericsson/log/amos/moshell_logfiles/t20251125_37258710_65084/logs_moshell/pmfiles/19.31.8.90/rop/A20251125.1015-1030_VV46F.xml.gz ... OK
get /rop/A20251125.1030-1045_VV46F.xml.gz /ericsson/log/amos/moshell_logfiles/t20251125_37258710_65084/logs_moshell/pmfiles/19.31.8.90/rop/A20251125.1030-1045_VV46F.xml.gz ... OK
.....Checking available boards on node...

Collecting RCS board data ...
.........................................................................................................................
.............................
.................................................................................................................................................................................................................................................................................................................
..........
Collecting TN data...
...................................................................................................................................................
Getting MO data from node (76 MOs). Please wait...
0%                                             ~50%                                           ~100%
..................................................................................................................................
Collecting RF data...
.....
Collecting Alarms...
Executing action Log.export()
...
Log=AlarmLog                    actionId=42317
............
Executing action LogM.exportAvailabilityLog()
..LogM=1,exportAvailabilityLog    actionId=42318
.....Parsing alarmLog.......Done.
Parsing availabilityLog......Done.
.......

Total: 9 CPRI links (9 OK, 0 OKW, 0 NOK, 0 NT)
.
+--------+                      +----------------------------+
|        | A        O101     D2 |        Radio-S220-1        |
|        |-----------1----------| RRU247924B824B2024B28BM01* |
|        |         OK-11m       |           BXP_4            |
|        |                      +----------------------------+
|        |                                     |A  |B  |C  |D
|        |                 SE=220* AG=220 GT=VV46D1/0  |   |
|        |                                GT=VV46D1/8  |   |
|        |
|        |                      +----------------------------+
|        | B        O101     D2 |        Radio-S221-1        |
|        |-----------2----------| RRU247924B824B2024B28BM01* |
|        |         OK-11m       |           BXP_9            |
|        |                      +----------------------------+
|        |                                     |A  |B  |C  |D
|        |                 SE=221* AG=221 GT=VV46D2/0  |   |
|        |                                GT=VV46D2/1  |   |
|        |
|        |                      +----------------------------+
|        | C        O101     D2 |        Radio-S222-1        |
|        |-----------3----------| RRU247924B824B2024B28BM01* |
|        |         OK-11m       |           BXP_3            |
|        |                      +----------------------------+
|        |                                     |A  |B  |C  |D
|        |                 SE=222* AG=222 GT=VV46D3/0  |   |
|        |                                GT=VV46D3/8  |   |
|  BB-1  |
| BB6631 |
| 000100 |
|        |
|        |                      +---------------+
|        | D        O101     D1 | Radio-S190-1  |
|        |-----------4----------|   RRU4415B7   |
|        |         OK-55m       |     BXP_8     |
|        |                      +---------------+
|        |                        |A  |B  |C  |D
|        |              SE=190 AG=190 FDD=VV46L1
|        |
|        |                      +---------------+
|        | E        O101     D1 | Radio-S191-1  |
|        |-----------5----------|   RRU4415B7   |
|        |         OK-55m       |     BXP_5     |
|        |                      +---------------+
|        |                        |A  |B  |C  |D
|        |              SE=191 AG=191 FDD=VV46L2
|        |
|        |                      +---------------+
|        | F        O101     D1 | Radio-S192-1  |
|        |-----------6----------|   RRU4415B7   |
|        |         OK-55m       |     BXP_6     |
|        |                      +---------------+
|        |                        |A  |B  |C  |D
|        |              SE=192 AG=192 FDD=VV46L3
|        |
|        |                      +-------------+           +-------------+           +-------------+
|        | G        O101     D1 | Radio-S20-1 | D2 O101 D1| Radio-S21-1 | D2 O101 D1| Radio-S22-1 |
|        |-----------7----------| RRU2012B32A |-----9-----| RRU2012B32A |-----8-----| RRU2012B32A |
|        |         OK-9m        |    BXP_2    |   OK-10m  |    BXP_7    |   OK-9m   |   BXP_10    |
|        |                      +-------------+           +-------------+           +-------------+
|        |                              |A  |B                    |A  |B                    |A  |B
+--------+              SE=20 AG=20 FDD=VV46F1    SE=21 AG=21 FDD=VV46F2    SE=22 AG=22 FDD=VV46F3

=====================================================================================================================================
ID RiL    Type Res MO1-MO2                         BOARD1-BOARD2                     AlmIDs Cells (States)                Issue (Failed checks)
=====================================================================================================================================
 1 S220-1 O101 OK  BB-1(A) Radio-S220-1(D2)        BB6631 RRU247924B824B2024B28BM01*        GT=VV46D1/0 GT=VV46D1/8 (1,1) Passed
 2 S221-1 O101 OK  BB-1(B) Radio-S221-1(D2)        BB6631 RRU247924B824B2024B28BM01*        GT=VV46D2/0 GT=VV46D2/1 (1,1) Passed
 3 S222-1 O101 OK  BB-1(C) Radio-S222-1(D2)        BB6631 RRU247924B824B2024B28BM01*        GT=VV46D3/0 GT=VV46D3/8 (1,1) Passed
 4 S190-1 O101 OK  BB-1(D) Radio-S190-1(D1)        BB6631 RRU4415B7                         FDD=VV46L1 (1)                Passed
 5 S191-1 O101 OK  BB-1(E) Radio-S191-1(D1)        BB6631 RRU4415B7                         FDD=VV46L2 (1)                Passed
 6 S192-1 O101 OK  BB-1(F) Radio-S192-1(D1)        BB6631 RRU4415B7                         FDD=VV46L3 (1)                Passed
 7 S20-1  O101 OK  BB-1(G) Radio-S20-1(D1)         BB6631 RRU2012B32A                       FDD=VV46F1 (1)                Passed
 8 S22-1  O101 OK  Radio-S21-1(D2) Radio-S22-1(D1) RRU2012B32A RRU2012B32A                  FDD=VV46F3 (1)                Passed
 9 S21-1  O101 OK  Radio-S20-1(D2) Radio-S21-1(D1) RRU2012B32A RRU2012B32A                  FDD=VV46F2 (1)                Passed
-------------------------------------------------------------------------------------------------------------------------------------

Node: RadioNode GL   CXP2010174/2_R27J08 (25.Q1)   G3.1   GSM LTE-FDD 

=====================================================================================================================================
FRU          ;LNH    ;BOARD                      ;ST ;FAULT ;OPER ;MAINT ;STAT ;PRODUCTNUMBER   ;REV     ;SERIAL        ;DATE     ;PMTEMP ; TEMP ; UPT ;VOLT ;SW                   ;
=====================================================================================================================================
BB-1         ;000100 ;BB6631                     ; 1 ;  OFF ;  ON ;  OFF ;  ON ;KDU1370071/11   ;R3C     ;E23E588892    ;20230418 ;3 (OK) ;      ;32.0 ;54   ;                     ;
Radio-S190-1 ;BXP_8  ;RRU4415B7                  ; 1 ;  OFF ;  ON ;  OFF ; N/A ;KRC161495/1     ;R5J     ;TU8U022KYP    ;20230511 ;4 (OK) ; 43.0 ;31.9 ;54.6 ;CXP9013268%15_R101LX ; (Radio4415B7)
Radio-S191-1 ;BXP_5  ;RRU4415B7                  ; 1 ;  OFF ;  ON ;  OFF ; N/A ;KRC161495/1     ;R5J     ;TU8U022LBY    ;20230511 ;4 (OK) ; 43.0 ;31.9 ;54.8 ;CXP9013268%15_R101LX ; (Radio4415B7)
Radio-S192-1 ;BXP_6  ;RRU4415B7                  ; 1 ;  OFF ;  ON ;  OFF ; N/A ;KRC161495/1     ;R5J     ;TU8U022LBV    ;20230511 ;4 (OK) ; 42.5 ;31.9 ;54.5 ;CXP9013268%15_R101LX ; (Radio4415B7)
Radio-S20-1  ;BXP_2  ;RRU2012B32A                ; 1 ;  OFF ;  ON ;  OFF ; N/A ;KRC161604/1     ;R2C     ;TU8U023MPL    ;20230602 ;4 (OK) ; 35.3 ;31.9 ;53.7 ;CXP9013268%15_R101LX ; (Radio2012B32A)
Radio-S21-1  ;BXP_7  ;RRU2012B32A                ; 1 ;  OFF ;  ON ;  OFF ; N/A ;KRC161604/1     ;R2C     ;TU8U023MPB    ;20230602 ;4 (OK) ; 36.0 ;31.9 ;53.8 ;CXP9013268%15_R101LX ; (Radio2012B32A)
Radio-S22-1  ;BXP_10 ;RRU2012B32A                ; 1 ;  OFF ;  ON ;  OFF ; N/A ;KRC161604/1     ;R2C     ;TU8U023MPC    ;20230602 ;4 (OK) ; 35.0 ;31.9 ;53.7 ;CXP9013268%15_R101LX ; (Radio2012B32A)
Radio-S220-1 ;BXP_4  ;RRU247924B824B2024B28BM01* ; 1 ;  OFF ;  ON ;  OFF ; N/A ;KRC161832/1     ;R2G     ;TU8U029W6M    ;20231113 ;4 (OK) ; 45.3 ;31.9 ;55.0 ;CXP9013268%15_R101LX ; (Radio247924B824B2024B28BM01)
Radio-S221-1 ;BXP_9  ;RRU247924B824B2024B28BM01* ; 1 ;  OFF ;  ON ;  OFF ; N/A ;KRC161832/1     ;R2G     ;TU8U029WHB    ;20231113 ;4 (OK) ; 44.8 ;31.9 ;54.8 ;CXP9013268%15_R101LX ; (Radio247924B824B2024B28BM01)
Radio-S222-1 ;BXP_3  ;RRU247924B824B2024B28BM01* ; 1 ;  OFF ;  ON ;  OFF ; N/A ;KRC161832/1     ;R2G     ;TU8U029WKA    ;20231113 ;4 (OK) ; 44.7 ;31.9 ;55.5 ;CXP9013268%15_R101LX ; (Radio247924B824B2024B28BM01)
-------------------------------------------------------------------------------------------------------------------------------------

=====================================================================================================================================
XPBOARD  ;ST ;FAULT ;OPER ;PRODUCTNUMBER ;REV ;SERIAL/NAME ;DATE     ; TEMP ;MO
=====================================================================================================================================
FAN08    ; 1 ;N/A   ;N/A  ;BKV106236/1   ;R2F ;DD111N6695  ;20220301 ; 40.0 ;SupportUnit=1 (FAN  BB-1)
-------------------------------------------------------------------------------------------------------------------------------------

=====================================================================================================================================
ID ;T ;RiL    ;BPBP ;BOARD1                     ;LNH1 ;PORT ;R ;LINK ;RATE  ; BER ;BOARD2                     ;LNH2 ;PORT ;R ;LINK ;RATE  ; BER ;LENGTH ;MO1 - MO2
=====================================================================================================================================
 1 ;O ;S220-1 ;1111 ;BB6631                     ;000100 ; 1 ;M ;Up   ;10.1G ;   0 ;RRU247924B824B2024B28BM01* ;BXP_4  ; 1 ;S ;Up   ;10.1G ;   0 ;   11m ;Fru=BB-1(A) Fru=Radio-S220-1(D2)
 2 ;O ;S221-1 ;1111 ;BB6631                     ;000100 ; 2 ;M ;Up   ;10.1G ;   0 ;RRU247924B824B2024B28BM01* ;BXP_9  ; 1 ;S ;Up   ;10.1G ;   0 ;   11m ;Fru=BB-1(B) Fru=Radio-S221-1(D2)
 3 ;O ;S222-1 ;1111 ;BB6631                     ;000100 ; 3 ;M ;Up   ;10.1G ;   0 ;RRU247924B824B2024B28BM01* ;BXP_3  ; 1 ;S ;Up   ;10.1G ;   0 ;   11m ;Fru=BB-1(C) Fru=Radio-S222-1(D2)
 4 ;O ;S190-1 ;1111 ;BB6631                     ;000100 ; 4 ;M ;Up   ;10.1G ;   0 ;RRU4415B7                  ;BXP_8  ; 0 ;S ;Up   ;10.1G ;   0 ;   55m ;Fru=BB-1(D) Fru=Radio-S190-1(D1)
 5 ;O ;S191-1 ;1111 ;BB6631                     ;000100 ; 5 ;M ;Up   ;10.1G ;   0 ;RRU4415B7                  ;BXP_5  ; 0 ;S ;Up   ;10.1G ;   0 ;   55m ;Fru=BB-1(E) Fru=Radio-S191-1(D1)
 6 ;O ;S192-1 ;1111 ;BB6631                     ;000100 ; 6 ;M ;Up   ;10.1G ;   0 ;RRU4415B7                  ;BXP_6  ; 0 ;S ;Up   ;10.1G ;   0 ;   55m ;Fru=BB-1(F) Fru=Radio-S192-1(D1)
 7 ;O ; S20-1 ;1111 ;BB6631                     ;000100 ; 7 ;M ;Up   ;10.1G ;   0 ;RRU2012B32A                ;BXP_2  ; 0 ;S ;Up   ;10.1G ;   0 ;    9m ;Fru=BB-1(G) Fru=Radio-S20-1(D1)
 8 ;O ; S22-1 ;1111 ;RRU2012B32A                ;BXP_7  ; 1 ;M ;Up   ;10.1G ;   0 ;RRU2012B32A                ;BXP_10 ; 0 ;S ;Up   ;10.1G ;   0 ;    9m ;Fru=Radio-S21-1(D2) Fru=Radio-S22-1(D1)
 9 ;O ; S21-1 ;1111 ;RRU2012B32A                ;BXP_2  ; 1 ;M ;Up   ;10.1G ;   0 ;RRU2012B32A                ;BXP_7  ; 0 ;S ;Up   ;10.1G ;   0 ;   10m ;Fru=Radio-S20-1(D2) Fru=Radio-S21-1(D1)
-------------------------------------------------------------------------------------------------------------------------------------

=====================================================================================================================================
ID ;LINK ;RiL    ;VENDOR1  ;VENDORPROD1     ;REV1 ;SERIAL1      ;DATE1    ;ERICSSONPROD1      ;VENDOR2  ;VENDORPROD2     ;REV2 ;SERIAL2      ;DATE2    ;ERICSSONPROD2      ;TT ;WL1     ;WL2    
=====================================================================================================================================
 1 ;Up   ;S220-1 ;ERICSSON ;SPP10ELRIDFSEN  ;10   ;CT73588782   ;20230421 ;RDH10265/2 R1A     ;ERICSSON ;RTXM228-702-C22 ;1.0  ;CU823K09U4   ;20231012 ;RDH10265/2 R1A     ;0  ;1310.00 ;1310.00
 2 ;Up   ;S221-1 ;ERICSSON ;SPP10ELRIDFSEN  ;10   ;CT73585463   ;20230420 ;RDH10265/2 R1A     ;ERICSSON ;RTXM228-702-C22 ;1.0  ;CU823K09U5   ;20231012 ;RDH10265/2 R1A     ;0  ;1310.00 ;1310.00
 3 ;Up   ;S222-1 ;ERICSSON ;SPP10ELRIDFSEN  ;10   ;CT73597901   ;20230423 ;RDH10265/2 R1A     ;ERICSSON ;RTXM228-702-C22 ;1.0  ;CU823K09T6   ;20231012 ;RDH10265/2 R1A     ;0  ;1310.00 ;1310.00
 4 ;Up   ;S190-1 ;ERICSSON ;SPP10ELRIDFSEN  ;10   ;CT73599253   ;20230423 ;RDH10265/2 R1A     ;ERICSSON ;SPP10ELRIDFSEN  ;10   ;CT73599742   ;20230423 ;RDH10265/2 R1A     ;0  ;1310.00 ;1310.00
 5 ;Up   ;S191-1 ;ERICSSON ;SPP10ELRIDFSEN  ;10   ;CT73599773   ;20230423 ;RDH10265/2 R1A     ;ERICSSON ;SPP10ELRIDFSEN  ;10   ;CT73599163   ;20230423 ;RDH10265/2 R1A     ;0  ;1310.00 ;1310.00
 6 ;Up   ;S192-1 ;ERICSSON ;SPP10ELRIDFSEN  ;10   ;CT73598739   ;20230423 ;RDH10265/2 R1A     ;ERICSSON ;SPP10ELRIDFSEN  ;10   ;CT73544915   ;20230411 ;RDH10265/2 R1A     ;0  ;1310.00 ;1310.00
 7 ;Up   ; S20-1 ;ERICSSON ;SPP10ELRIDFSEN  ;10   ;CT73598684   ;20230423 ;RDH10265/2 R1A     ;ERICSSON ;SPP10ELRIDFSEN  ;10   ;CT73498980   ;20230331 ;RDH10265/2 R1A     ;0  ;1310.00 ;1310.00
 8 ;Up   ; S22-1 ;ERICSSON ;SPP10ELRIDFSEN  ;10   ;CT73598450   ;20230423 ;RDH10265/2 R1A     ;ERICSSON ;SPP10ELRIDFSEN  ;10   ;CT73598268   ;20230423 ;RDH10265/2 R1A     ;0  ;1310.00 ;1310.00
 9 ;Up   ; S21-1 ;ERICSSON ;SPP10ELRIDFSEN  ;10   ;CT73597845   ;20230423 ;RDH10265/2 R1A     ;ERICSSON ;SPP10ELRIDFSEN  ;10   ;CT73598455   ;20230423 ;RDH10265/2 R1A     ;0  ;1310.00 ;1310.00
-------------------------------------------------------------------------------------------------------------------------------------

=====================================================================================================================================
ID ;LINK ;RiL    ;WL1     ;TEMP1 ;TXbs1 ;TXdBm1 ;RXdBm1 ;BER1   ;WL2     ;TEMP2 ;TXbs2 ;TXdBm2 ;RXdBm2 ;BER2   ;DlLoss ;UlLoss ;LENGTH ;TT
=====================================================================================================================================
 1 ;Up   ;S220-1 ;1310.00 ;42C   ;45%   ;-2.19  ;-1.66  ;   0   ;1310.00 ;41C   ;54%   ;-0.33  ;-2.65  ;   0   ;  0.46 ;  1.33 ;   11m ; 0
 2 ;Up   ;S221-1 ;1310.00 ;42C   ;48%   ;-1.99  ;-2.69  ;   0   ;1310.00 ;39C   ;56%   ;-1.08  ;-0.92  ;   0   ; -1.07 ;  1.61 ;   11m ; 0
 3 ;Up   ;S222-1 ;1310.00 ;41C   ;45%   ;-2.12  ;-2.62  ;   0   ;1310.00 ;38C   ;55%   ;-1.94  ;-2.84  ;   0   ;  0.72 ;  0.68 ;   11m ; 0
 4 ;Up   ;S190-1 ;1310.00 ;41C   ;49%   ;-2.24  ;-1.78  ;   0   ;1310.00 ;45C   ;47%   ;-2.28  ;-2.64  ;   0   ;   0.4 ;  -0.5 ;   55m ; 0
 5 ;Up   ;S191-1 ;1310.00 ;41C   ;45%   ;-2.11  ;-2.20  ;   0   ;1310.00 ;45C   ;43%   ;-2.20  ;-2.43  ;   0   ;  0.32 ;     0 ;   55m ; 0
 6 ;Up   ;S192-1 ;1310.00 ;42C   ;47%   ;-2.15  ;-2.13  ;   0   ;1310.00 ;48C   ;49%   ;-2.20  ;-2.62  ;   0   ;  0.47 ; -0.07 ;   55m ; 0
 7 ;Up   ; S20-1 ;1310.00 ;40C   ;45%   ;-3.43  ;-2.16  ;   0   ;1310.00 ;38C   ;44%   ;-2.10  ;-3.18  ;   0   ; -0.25 ;  0.06 ;    9m ; 0
 8 ;Up   ; S22-1 ;1310.00 ;38C   ;40%   ;-2.20  ;-2.80  ;   0   ;1310.00 ;38C   ;44%   ;-2.30  ;-2.87  ;   0   ;  0.67 ;   0.5 ;    9m ; 0
 9 ;Up   ; S21-1 ;1310.00 ;36C   ;44%   ;-2.76  ;-2.82  ;   0   ;1310.00 ;39C   ;43%   ;-2.15  ;-2.68  ;   0   ; -0.08 ;  0.67 ;   10m ; 0
-------------------------------------------------------------------------------------------------------------------------------------

=====================================================================================================================================
ID ;RiL    ;BOARD                      ;SFPLNH  ;PORT ;VENDOR   ;VENDORPROD      ;REV  ;SERIAL       ;DATE     ;ERICSSONPROD       ;WL      ;TEMP  ;TXbs  ;TXdBm  ;RXdBm  ; BER
=====================================================================================================================================
 1 ;S220-1 ;BB6631                     ;000100   ;  1 ;ERICSSON ;SPP10ELRIDFSEN  ;10   ;CT73588782   ;20230421 ;RDH10265/2 R1A     ;1310.00 ;42C   ;45%   ;-2.19  ;-1.66  ;   0
 2 ;S221-1 ;BB6631                     ;000100   ;  2 ;ERICSSON ;SPP10ELRIDFSEN  ;10   ;CT73585463   ;20230420 ;RDH10265/2 R1A     ;1310.00 ;42C   ;48%   ;-1.99  ;-2.69  ;   0
 3 ;S222-1 ;BB6631                     ;000100   ;  3 ;ERICSSON ;SPP10ELRIDFSEN  ;10   ;CT73597901   ;20230423 ;RDH10265/2 R1A     ;1310.00 ;41C   ;45%   ;-2.12  ;-2.62  ;   0
 4 ;S190-1 ;BB6631                     ;000100   ;  4 ;ERICSSON ;SPP10ELRIDFSEN  ;10   ;CT73599253   ;20230423 ;RDH10265/2 R1A     ;1310.00 ;41C   ;49%   ;-2.24  ;-1.78  ;   0
 5 ;S191-1 ;BB6631                     ;000100   ;  5 ;ERICSSON ;SPP10ELRIDFSEN  ;10   ;CT73599773   ;20230423 ;RDH10265/2 R1A     ;1310.00 ;41C   ;45%   ;-2.11  ;-2.20  ;   0
 6 ;S192-1 ;BB6631                     ;000100   ;  6 ;ERICSSON ;SPP10ELRIDFSEN  ;10   ;CT73598739   ;20230423 ;RDH10265/2 R1A     ;1310.00 ;42C   ;47%   ;-2.15  ;-2.13  ;   0
 7 ; S20-1 ;BB6631                     ;000100   ;  7 ;ERICSSON ;SPP10ELRIDFSEN  ;10   ;CT73598684   ;20230423 ;RDH10265/2 R1A     ;1310.00 ;40C   ;45%   ;-3.43  ;-2.16  ;   0
 8 ; S22-1 ;RRU2012B32A                ;BXP_10   ;  0 ;ERICSSON ;SPP10ELRIDFSEN  ;10   ;CT73598268   ;20230423 ;RDH10265/2 R1A     ;1310.00 ;38C   ;44%   ;-2.30  ;-2.87  ;   0
 7 ; S20-1 ;RRU2012B32A                ;BXP_2    ;  0 ;ERICSSON ;SPP10ELRIDFSEN  ;10   ;CT73498980   ;20230331 ;RDH10265/2 R1A     ;1310.00 ;38C   ;44%   ;-2.10  ;-3.18  ;   0
 9 ; S21-1 ;RRU2012B32A                ;BXP_2    ;  1 ;ERICSSON ;SPP10ELRIDFSEN  ;10   ;CT73597845   ;20230423 ;RDH10265/2 R1A     ;1310.00 ;36C   ;44%   ;-2.76  ;-2.82  ;   0
 3 ;S222-1 ;RRU247924B824B2024B28BM01* ;BXP_3    ;  1 ;ERICSSON ;RTXM228-702-C22 ;1.0  ;CU823K09T6   ;20231012 ;RDH10265/2 R1A     ;1310.00 ;38C   ;55%   ;-1.94  ;-2.84  ;   0
 1 ;S220-1 ;RRU247924B824B2024B28BM01* ;BXP_4    ;  1 ;ERICSSON ;RTXM228-702-C22 ;1.0  ;CU823K09U4   ;20231012 ;RDH10265/2 R1A     ;1310.00 ;41C   ;54%   ;-0.33  ;-2.65  ;   0
 5 ;S191-1 ;RRU4415B7                  ;BXP_5    ;  0 ;ERICSSON ;SPP10ELRIDFSEN  ;10   ;CT73599163   ;20230423 ;RDH10265/2 R1A     ;1310.00 ;45C   ;43%   ;-2.20  ;-2.43  ;   0
 6 ;S192-1 ;RRU4415B7                  ;BXP_6    ;  0 ;ERICSSON ;SPP10ELRIDFSEN  ;10   ;CT73544915   ;20230411 ;RDH10265/2 R1A     ;1310.00 ;48C   ;49%   ;-2.20  ;-2.62  ;   0
 9 ; S21-1 ;RRU2012B32A                ;BXP_7    ;  0 ;ERICSSON ;SPP10ELRIDFSEN  ;10   ;CT73598455   ;20230423 ;RDH10265/2 R1A     ;1310.00 ;39C   ;43%   ;-2.15  ;-2.68  ;   0
 8 ; S22-1 ;RRU2012B32A                ;BXP_7    ;  1 ;ERICSSON ;SPP10ELRIDFSEN  ;10   ;CT73598450   ;20230423 ;RDH10265/2 R1A     ;1310.00 ;38C   ;40%   ;-2.20  ;-2.80  ;   0
 4 ;S190-1 ;RRU4415B7                  ;BXP_8    ;  0 ;ERICSSON ;SPP10ELRIDFSEN  ;10   ;CT73599742   ;20230423 ;RDH10265/2 R1A     ;1310.00 ;45C   ;47%   ;-2.28  ;-2.64  ;   0
 2 ;S221-1 ;RRU247924B824B2024B28BM01* ;BXP_9    ;  1 ;ERICSSON ;RTXM228-702-C22 ;1.0  ;CU823K09U5   ;20231012 ;RDH10265/2 R1A     ;1310.00 ;39C   ;56%   ;-1.08  ;-0.92  ;   0
-------------------------------------------------------------------------------------------------------------------------------------
TN ;       ;BB6631                     ;000100   ;IA2 ;ERICSSON ;42020201934     ;A0   ;202301200787 ;20230101 ;RPM777053/1000 R1B ;NA      ;NA    ;NA    ;NA     ;NA     ; 0/0
-------------------------------------------------------------------------------------------------------------------------------------

=====================================================================================================================================
BOARD  ;LNH    ;PORT       ;T ;S ;OpMode   ;AutoNeg ;MacAddress        ;VlanIds        ;LOS ;BER
=====================================================================================================================================
BB6631 ;000100 ;TN_IDL_A_1 ;E ;1 ;10G_FULL ;false   ;58:70:7F:D1:06:91 ;3901,3908,3910 ;0   ;NZ/0
BB6631 ;000100 ;TN_IDL_A_2 ;O ;1 ;10G_FULL ;false   ;58:70:7F:D1:06:92 ;3908           ;0   ;0/0
-------------------------------------------------------------------------------------------------------------------------------------

radioClockState : RNT_TIME_LOCKED
-------------------------------------------------------------------------------------
Prio  ;ST  ;syncRefType    ;refStatus  ;opQualLevel  ;SyncReference
-------------------------------------------------------------------------------------
   1  ; 1  ;PTP_TIME       ;NO_FAULT   ;PRTC         ;Ptp=1,BoundaryOrdinaryClock=PTP (G_8275_1 EthernetPort=TN_IDL_A_1:SLAVE)
   2  ; 1  ;NTP_FREQUENCY  ;NO_FAULT   ;PRC          ;Ntp=1,NtpFrequencySync=NTP1 (10.31.0.54:32751 Router=45G_Traffic,InterfaceIPv4=LTE,AddressIPv4=LTE)
-------------------------------------------------------------------------------------
-------------------------------------------------------------------------------------
Prio  ;ST  ;assistRefStatus  ;recQualLevel  ;AssistingReference
-------------------------------------------------------------------------------------
   1  ; 0  ;UNKNOWN          ;PRTC          ;Synchronization=1,SyncEthInput=SyncE (SFP_DAC EthernetPort=TN_IDL_A_1)
-------------------------------------------------------------------------------------
nodeGroupRole   : SYNC_RECEIVER (syncNodePriority=3, selectionMode=NODE_PRIORITY)
-------------------------------------------------------------------------------------
DU  ;Port  ;sharedUnitRef (RiPortA - RiPortB)  ;remoteNodePriority  ;CandidateStatus
-------------------------------------------------------------------------------------
1   ;A     ;Fru=Radio-S220-1 (2 - 1)           ;1                   ;OK_NOT_ACTIVE
1   ;C     ;Fru=Radio-S222-1 (2 - 1)           ;1                   ;OK_NOT_ACTIVE
1   ;B     ;Fru=Radio-S221-1 (2 - 1)           ;1                   ;OK_ACTIVE
-------------------------------------------------------------------------------------

=====================================================================================================================================
FRU          ;LNH    ;BOARD                      ;RF  ;BP  ;TX (W/dBm)  ;VSWR (RL)   ;RX (dBm) ;UEs/gUEs  ;Sector/AntennaGroup/Cells (State:CellIds:PCIs)
=====================================================================================================================================
Radio-S190-1 ;BXP_8  ;RRU4415B7                  ; A  ;11  ;20.9 (43.2) ;1.09 (26.9) ;-99.8    ;0/-       ;SE=190 AG=190 FDD=VV46L1 (1:21:54)
Radio-S190-1 ;BXP_8  ;RRU4415B7                  ; B  ;11  ;-           ;1.05 (33.1) ;-99.7    ;0/-       ;SE=190 AG=190 FDD=VV46L1 (1:21:54)
Radio-S190-1 ;BXP_8  ;RRU4415B7                  ; C  ;11  ;14.8 (41.7) ;1.08 (27.9) ;-99.9    ;0/-       ;SE=190 AG=190 FDD=VV46L1 (1:21:54)
Radio-S190-1 ;BXP_8  ;RRU4415B7                  ; D  ;11  ;-           ;1.08 (28.6) ;-99.7    ;0/-       ;SE=190 AG=190 FDD=VV46L1 (1:21:54)
Radio-S191-1 ;BXP_5  ;RRU4415B7                  ; A  ;11  ;22.9 (43.6) ;1.18 (21.8) ;-99.5    ;1/-       ;SE=191 AG=191 FDD=VV46L2 (1:22:240)
Radio-S191-1 ;BXP_5  ;RRU4415B7                  ; B  ;11  ;-           ;1.23 (19.9) ;-99.5    ;1/-       ;SE=191 AG=191 FDD=VV46L2 (1:22:240)
Radio-S191-1 ;BXP_5  ;RRU4415B7                  ; C  ;11  ;17.4 (42.4) ;1.19 (21.1) ;-99.6    ;1/-       ;SE=191 AG=191 FDD=VV46L2 (1:22:240)
Radio-S191-1 ;BXP_5  ;RRU4415B7                  ; D  ;11  ;-           ;1.14 (23.8) ;-99.5    ;1/-       ;SE=191 AG=191 FDD=VV46L2 (1:22:240)
Radio-S192-1 ;BXP_6  ;RRU4415B7                  ; A  ;11  ;20.4 (43.1) ;1.02 (38.6) ;-99.6    ;0/-       ;SE=192 AG=192 FDD=VV46L3 (1:23:177)
Radio-S192-1 ;BXP_6  ;RRU4415B7                  ; B  ;11  ;-           ;1.11 (26.0) ;-99.6    ;0/-       ;SE=192 AG=192 FDD=VV46L3 (1:23:177)
Radio-S192-1 ;BXP_6  ;RRU4415B7                  ; C  ;11  ;15.1 (41.8) ;1.23 (19.7) ;-99.7    ;0/-       ;SE=192 AG=192 FDD=VV46L3 (1:23:177)
Radio-S192-1 ;BXP_6  ;RRU4415B7                  ; D  ;11  ;-           ;1.09 (27.7) ;-99.6    ;0/-       ;SE=192 AG=192 FDD=VV46L3 (1:23:177)
Radio-S20-1  ;BXP_2  ;RRU2012B32A                ; A  ;11  ;19.5 (42.9) ;1.14 (23.6) ;         ;0/-       ;SE=20 AG=20 FDD=VV46F1 (1:81:249)
Radio-S20-1  ;BXP_2  ;RRU2012B32A                ; B  ;11  ;-           ;1.22 (20.0) ;         ;0/-       ;SE=20 AG=20 FDD=VV46F1 (1:81:249)
Radio-S21-1  ;BXP_7  ;RRU2012B32A                ; A  ;11  ;19.5 (42.9) ;1.16 (22.8) ;         ;0/-       ;SE=21 AG=21 FDD=VV46F2 (1:82:149)
Radio-S21-1  ;BXP_7  ;RRU2012B32A                ; B  ;11  ;-           ;1.31 (17.5) ;         ;0/-       ;SE=21 AG=21 FDD=VV46F2 (1:82:149)
Radio-S22-1  ;BXP_10 ;RRU2012B32A                ; A  ;11  ;20.4 (43.1) ;1.07 (29.4) ;         ;0/-       ;SE=22 AG=22 FDD=VV46F3 (1:83:241)
Radio-S22-1  ;BXP_10 ;RRU2012B32A                ; B  ;11  ;-           ;1.32 (17.2) ;         ;0/-       ;SE=22 AG=22 FDD=VV46F3 (1:83:241)
Radio-S220-1 ;BXP_4  ;RRU247924B824B2024B28BM01* ; A  ;11  ;17.8 (42.5) ;1.22 (20.1) ;-96.1    ;-/-       ;SE=220* AG=220 GT=VV46D1/0 GT=VV46D1/8 (1, 1)
Radio-S220-1 ;BXP_4  ;RRU247924B824B2024B28BM01* ; B  ;11  ;16.7 (42.2) ;1.15 (22.9) ;-96.5    ;-/-       ;SE=220* AG=220 GT=VV46D1/0 GT=VV46D1/8 (1, 1)
Radio-S220-1 ;BXP_4  ;RRU247924B824B2024B28BM01* ; C  ;1   ;-           ;1.11 (25.8) ;         ;          ;
Radio-S220-1 ;BXP_4  ;RRU247924B824B2024B28BM01* ; D  ;1   ;-           ;1.02 (40.0) ;         ;          ;
Radio-S221-1 ;BXP_9  ;RRU247924B824B2024B28BM01* ; A  ;11  ;20.4 (43.1) ;1.27 (18.4) ;-94.9    ;-/-       ;SE=221* AG=221 GT=VV46D2/0 GT=VV46D2/1 (1, 1)
Radio-S221-1 ;BXP_9  ;RRU247924B824B2024B28BM01* ; B  ;11  ;11.5 (40.6) ;1.10 (26.7) ;-95.2    ;-/-       ;SE=221* AG=221 GT=VV46D2/0 GT=VV46D2/1 (1, 1)
Radio-S221-1 ;BXP_9  ;RRU247924B824B2024B28BM01* ; C  ;1   ;-           ;1.24 (19.4) ;         ;          ;
Radio-S221-1 ;BXP_9  ;RRU247924B824B2024B28BM01* ; D  ;1   ;-           ;1.05 (32.3) ;         ;          ;
Radio-S222-1 ;BXP_3  ;RRU247924B824B2024B28BM01* ; A  ;11  ;16.5 (42.2) ;1.16 (22.8) ;-90.4    ;-/-       ;SE=222* AG=222 GT=VV46D3/0 GT=VV46D3/8 (1, 1)
Radio-S222-1 ;BXP_3  ;RRU247924B824B2024B28BM01* ; B  ;11  ;6.7 (38.3)  ;1.07 (29.4) ;-87.6    ;-/-       ;SE=222* AG=222 GT=VV46D3/0 GT=VV46D3/8 (1, 1)
Radio-S222-1 ;BXP_3  ;RRU247924B824B2024B28BM01* ; C  ;1   ;-           ;1.09 (27.6) ;         ;          ;
Radio-S222-1 ;BXP_3  ;RRU247924B824B2024B28BM01* ; D  ;1   ;-           ;1.05 (32.5) ;         ;          ;
-------------------------------------------------------------------------------------------------------------------------------------

VV46F> mfar

251125-11:49:00+0100 19.31.8.90 25.0h MSRBS_NODE_MODEL_25.Q1_693.28324.131_62ac stopfile=/tmp/2187119
........
Last MO: 17145. Loaded 17145 MOs. Total: 17146 MOs.
....................................................
get /rop/A20251125.0915-0930_VV46F.xml.gz /ericsson/log/amos/moshell_logfiles/t20251125_37258710_65084/logs_moshell/pmfiles/19.31.8.90/rop/A20251125.0915-0930_VV46F.xml.gz ... OK
get /rop/A20251125.0930-0945_VV46F.xml.gz /ericsson/log/amos/moshell_logfiles/t20251125_37258710_65084/logs_moshell/pmfiles/19.31.8.90/rop/A20251125.0930-0945_VV46F.xml.gz ... OK
get /rop/A20251125.0945-1000_VV46F.xml.gz /ericsson/log/amos/moshell_logfiles/t20251125_37258710_65084/logs_moshell/pmfiles/19.31.8.90/rop/A20251125.0945-1000_VV46F.xml.gz ... OK

Using hardcoded thresholds: 3, 4.5, and 16.5
================================================================================================================================
SC     SE  Tx/Rx BrPair  RfPort1 - RfPort2               HW       Serial      Cell (State)   Samples   Med  Mean  SDev Pol Res Issue
================================================================================================================================
VV46F1  20   2/0 0 (1,2) Radio-S20-1(A) Radio-S20-1(B)   RRU2012  TU8U023MPL  FDD=VV46F1 (1)       0     0     0     0  NA  NT No data
VV46F2  21   2/0 0 (1,2) Radio-S21-1(A) Radio-S21-1(B)   RRU2012  TU8U023MPB  FDD=VV46F2 (1)       0     0     0     0  NA  NT No data
VV46F3  22   2/0 0 (1,2) Radio-S22-1(A) Radio-S22-1(B)   RRU2012  TU8U023MPC  FDD=VV46F3 (1)       0     0     0     0  NA  NT No data
VV46L1 190   4/4 0 (1,2) Radio-S190-1(A) Radio-S190-1(B) RRU4415  TU8U022KYP  FDD=VV46L1 (1)   23236   0.5   0.7   5.9   S  OK Passed
VV46L1 190   4/4 1 (2,3) Radio-S190-1(B) Radio-S190-1(C) RRU4415  TU8U022KYP  FDD=VV46L1 (1)   23236  -2.5  -3.2   6.2   S OKW Possible RF Loss or PIM at Radio-S190-1(C)
VV46L1 190   4/4 2 (3,4) Radio-S190-1(C) Radio-S190-1(D) RRU4415  TU8U022KYP  FDD=VV46L1 (1)   23236   3.5   3.8   6.1   S OKW Possible RF Loss or PIM at Radio-S190-1(C)
VV46L2 191   4/4 0 (1,2) Radio-S191-1(A) Radio-S191-1(B) RRU4415  TU8U022LBY  FDD=VV46L2 (1)   26106   0.5   0.2   6.1   ?  OK Passed
VV46L2 191   4/4 1 (2,3) Radio-S191-1(B) Radio-S191-1(C) RRU4415  TU8U022LBY  FDD=VV46L2 (1)   26106  -1.5  -2.2   6.6   ?  OK Passed
VV46L2 191   4/4 2 (3,4) Radio-S191-1(C) Radio-S191-1(D) RRU4415  TU8U022LBY  FDD=VV46L2 (1)   26106   0.5   0.2   7.6   ?  OK Passed
VV46L3 192   4/4 0 (1,2) Radio-S192-1(A) Radio-S192-1(B) RRU4415  TU8U022LBV  FDD=VV46L3 (1)    9417   0.5  -0.1   6.3   ?  OK Passed
VV46L3 192   4/4 1 (2,3) Radio-S192-1(B) Radio-S192-1(C) RRU4415  TU8U022LBV  FDD=VV46L3 (1)    9417   1.5   1.7   7.2   ?  OK Passed
VV46L3 192   4/4 2 (3,4) Radio-S192-1(C) Radio-S192-1(D) RRU4415  TU8U022LBV  FDD=VV46L3 (1)    9417  -1.5  -1.4   7.4   ?  OK Passed
================================================================================================================================
Total: 6 SectorCarriers, 12 RfBranch Pairs (7 OK, 2 OKW, 0 NOK, 3 NT)
.........
Last MO: 17145. Loaded 17145 MOs. Total: 17146 MOs.

No NRSectorCarrier MOs are defined on the node.

VV46F> mfitr

251125-11:49:16+0100 19.31.8.90 25.0h MSRBS_NODE_MODEL_25.Q1_693.28324.131_62ac stopfile=/tmp/2187119
...............
Last MO: 17145. Loaded 17145 MOs. Total: 17146 MOs.
...........
2025-11-25 11:49
================================================================================================================================
CELL       SC     FRU          BOARD     PUSCH  PUCCH       A      B      C      D  DELTA
================================================================================================================================
FDD=VV46L1 VV46L1 Radio-S190-1 RRU4415B7 -118.9 -119.0 -118.7 -118.5 -118.8 -118.6    0.3
FDD=VV46L2 VV46L2 Radio-S191-1 RRU4415B7 -118.5 -118.5 -118.5 -118.5 -118.5 -118.5      0
FDD=VV46L3 VV46L3 Radio-S192-1 RRU4415B7 -118.5 -118.4 -118.5 -118.6 -118.6 -118.6    0.1
================================================================================================================================
Bye...
Output has been logged to file /mta_fs/UserFiles/37258710/amosbatch/SDIR/VV46F.log
