Logging to file /mta_fs/UserFiles/37258710/amosbatch/SDIR/ZA13T.log
                        __  __  ____   _____
                  /\   |  \/  |/ __ \ / ____|
                 /  \  | \  / | |  | | (___  
                / /\ \ | |\/| | |  | |\___ \ 
               / ____ \| |  | | |__| |____) |
              /_/    \_\_|  |_|\____/|_____/
              OSS Framework for MoShell-25.0h 
  Copyright (c) Ericsson AB 2001-2025 - All Rights Reserved
              
           
[1;31mWARNING: [0mthe AMOS version currently running is more than 29 weeks old and is unsupported.
Please upgrade as soon as possible to the latest released version, available from your local Ericsson support.

$amosrb_pid = 2812275

Checking ip contact...OK

HELP MENU            : h
BASIC MO COMMANDS    : m
OTHER MO COMMANDS    : n
OTHER COMMANDS       : o
PM COMMANDS          : p
QUIT                 : q

ZA13T> lt all

251125-14:55:19+0100 19.31.8.173 25.0h  stopfile=/tmp/2812140
Looking up temporary_amos account... OK.
Trying temporary_amos_t20251125_37258710_65084_131's password from amos lookupAccount ... OK

$ssh_pid = 2813238

Connected to 19.31.8.173 (SubNetwork=BBMM_rckomc_R,MeContext=ZA13T,ManagedElement=ZA13T)

Checking MOM version...MSRBS_NODE_MODEL_25.Q1_693.28324.131_62ac
Parsing MOM (cached): /ericsson/log/amos/moshell_logfiles/t20251125_37258710_65084/logs_moshell/tempfiles/scp-4-amos_20251125-145512_2812083/MSRBS_NODE_MODEL_25.Q1_693.28324.131_62ac.xml.cache.gz ..................................................................................................................................................................................................................................Done.
Using paramfile /opt/ericsson/amos/moshell/commonjars/pm/PARAM_MSRBS_25.Q1.txt
Parsing file /opt/ericsson/amos/moshell/commonjars/pm/PARAM_MSRBS_25.Q1.txt .......................................................................................Done.
Using imomdfile /opt/ericsson/amos/moshell/commonjars/pm/IMOMD_MSRBS_22.Q4.txt
Using imomfile /opt/ericsson/amos/moshell/commonjars/pm/IMOM_MSRBS_25.Q1.txt
Connected to 19.31.8.173 (SubNetwork=BBMM_rckomc_R,MeContext=ZA13T,ManagedElement=ZA13T)

Last MO: 19578. Loaded 19578 MOs. Total: 19579 MOs.

ZA13T> st cell

251125-14:55:33+0100 19.31.8.173 25.0h MSRBS_NODE_MODEL_25.Q1_693.28324.131_62ac stopfile=/tmp/2812140
===================================================================================
Proxy  Adm State     Op. State     MO
===================================================================================
   43  1 (UNLOCKED)  1 (ENABLED)   ENodeBFunction=1,EUtranCellFDD=ZA13E1
  200  1 (UNLOCKED)  1 (ENABLED)   ENodeBFunction=1,EUtranCellFDD=ZA13E2
  401  1 (UNLOCKED)  1 (ENABLED)   ENodeBFunction=1,EUtranCellFDD=ZA13E3
  567  1 (UNLOCKED)  1 (ENABLED)   ENodeBFunction=1,EUtranCellFDD=ZA13M1
  736  1 (UNLOCKED)  1 (ENABLED)   ENodeBFunction=1,EUtranCellFDD=ZA13M2
  946  1 (UNLOCKED)  1 (ENABLED)   ENodeBFunction=1,EUtranCellFDD=ZA13M3
 1130  1 (UNLOCKED)  1 (ENABLED)   ENodeBFunction=1,EUtranCellFDD=ZA13T1
 1317  1 (UNLOCKED)  1 (ENABLED)   ENodeBFunction=1,EUtranCellFDD=ZA13T2
 1524  1 (UNLOCKED)  1 (ENABLED)   ENodeBFunction=1,EUtranCellFDD=ZA13T3
 2594  1 (UNLOCKED)  1 (ENABLED)   ENodeBFunction=1,NbIotCell=ZA13N1
 2595  1 (UNLOCKED)  1 (ENABLED)   ENodeBFunction=1,NbIotCell=ZA13N2
 2596  1 (UNLOCKED)  1 (ENABLED)   ENodeBFunction=1,NbIotCell=ZA13N3
===================================================================================
Total: 12 MOs

ZA13T> st radio

251125-14:55:33+0100 19.31.8.173 25.0h MSRBS_NODE_MODEL_25.Q1_693.28324.131_62ac stopfile=/tmp/2812140
===================================================================================
Proxy  Adm State     Op. State     MO
===================================================================================
 3585  1 (UNLOCKED)  1 (ENABLED)   Equipment=1,FieldReplaceableUnit=Radio-S100-1
 3608  1 (UNLOCKED)  1 (ENABLED)   Equipment=1,FieldReplaceableUnit=Radio-S102-1
 3631  1 (UNLOCKED)  1 (ENABLED)   Equipment=1,FieldReplaceableUnit=Radio-S210-1
 3648  1 (UNLOCKED)  1 (ENABLED)   Equipment=1,FieldReplaceableUnit=Radio-S211-1
 3665  1 (UNLOCKED)  1 (ENABLED)   Equipment=1,FieldReplaceableUnit=Radio-S212-1
19569  1 (UNLOCKED)  1 (ENABLED)   Transport=1,Synchronization=1,RadioEquipmentClock=1,RadioEquipmentClockReference=NTP1
19570  1 (UNLOCKED)  1 (ENABLED)   Transport=1,Synchronization=1,RadioEquipmentClock=1,RadioEquipmentClockReference=PTP8275_2
===================================================================================
Total: 7 MOs

ZA13T> sdir

251125-14:55:34+0100 19.31.8.173 25.0h MSRBS_NODE_MODEL_25.Q1_693.28324.131_62ac stopfile=/tmp/2812140
INFO: Using amos lookupAccount credentials for the export login
.......................
get /rop/A20251125.1300-1315_ZA13T.xml.gz /ericsson/log/amos/moshell_logfiles/t20251125_37258710_65084/logs_moshell/pmfiles/19.31.8.173/rop/A20251125.1300-1315_ZA13T.xml.gz ... OK
get /rop/A20251125.1315-1330_ZA13T.xml.gz /ericsson/log/amos/moshell_logfiles/t20251125_37258710_65084/logs_moshell/pmfiles/19.31.8.173/rop/A20251125.1315-1330_ZA13T.xml.gz ... OK
get /rop/A20251125.1330-1345_ZA13T.xml.gz /ericsson/log/amos/moshell_logfiles/t20251125_37258710_65084/logs_moshell/pmfiles/19.31.8.173/rop/A20251125.1330-1345_ZA13T.xml.gz ... OK
....Checking available boards on node...

Collecting RCS board data ...
..........................................................................................................................
..........................
...........................................................................................................................................................................................................................................................................
....
Collecting TN data...
........................................................................................................................
Getting MO data from node (77 MOs). Please wait...
0%                                             ~50%                                           ~100%
..................................................................................................................................
Collecting RF data...
....
Collecting Alarms...
.Executing action Log.export()
...
Log=AlarmLog                    actionId=6266
...............
Executing action LogM.exportAvailabilityLog()
..LogM=1,exportAvailabilityLog    actionId=6267
.....Parsing alarmLog...........Done.
Parsing availabilityLog......Done.
...........

Total: 5 CPRI links (5 OK, 0 OKW, 0 NOK, 0 NT)
.
+--------+                      +--------------------+
|        | A        O101     D1 |    Radio-S210-1    |
|        |-----------1----------| RRU227922B822B20C* |
|        |         OK-10m       |       BXP_4        |
|        |                      +--------------------+
|        |                                     |A  |B
|        |                  SE=210* AG=210 FDD=ZA13E1
|        |                                NIOT=ZA13N1
|        |
|        |                      +--------------------+
|        | B        O101     D1 |    Radio-S211-1    |
|        |-----------2----------| RRU227922B822B20C* |
|        |         OK-10m       |       BXP_3        |
|        |                      +--------------------+
|        |                                     |A  |B
|        |                  SE=211* AG=211 FDD=ZA13E2
|        |                                NIOT=ZA13N2
|        |
|        |                      +--------------------+
|        | C        O101     D1 |    Radio-S212-1    |
|        |-----------3----------| RRU227922B822B20C* |
|        |         OK-10m       |       BXP_2        |
|        |                      +--------------------+
|        |                                     |A  |B
|  BB-1  |                  SE=212* AG=212 FDD=ZA13E3
| BB6631 |                                NIOT=ZA13N3
| 000100 |
|        |                      +------------------+
|        | D        O101     D2 |   Radio-S100-1   |
|        |-----------4----------| RRU449944B144B3C |
|        |         OK-10m       |      BXP_6       |
|        |                      +------------------+
|        |                           |A  |B  |C  |D
|        |                    SE=100 AG=100  |   |
|        |            FDD=ZA13M1 FDD=ZA13T1  |   |
|        |                            SE=101 AG=101
|        |                    FDD=ZA13M2 FDD=ZA13T2
|        |
|        |                      +------------------+
|        | E        O101     D2 |   Radio-S102-1   |
|        |-----------5----------| RRU449944B144B3C |
|        |         OK-11m       |      BXP_5       |
|        |                      +------------------+
|        |                           |A  |B  |C  |D
|        |                    SE=102 AG=102  |   |
|        |            FDD=ZA13M3 FDD=ZA13T3  |   |
|        |
+--------+

=====================================================================================================================================
ID RiL    Type Res MO1-MO2                  BOARD1-BOARD2             AlmIDs Cells (States)                                        Issue (Failed checks)
=====================================================================================================================================
 1 S210-1 O101 OK  BB-1(A) Radio-S210-1(D1) BB6631 RRU227922B822B20C*        FDD=ZA13E1 NIOT=ZA13N1 (1,1)                          Passed
 2 S211-1 O101 OK  BB-1(B) Radio-S211-1(D1) BB6631 RRU227922B822B20C*        FDD=ZA13E2 NIOT=ZA13N2 (1,1)                          Passed
 3 S212-1 O101 OK  BB-1(C) Radio-S212-1(D1) BB6631 RRU227922B822B20C*        FDD=ZA13E3 NIOT=ZA13N3 (1,1)                          Passed
 4 S100-1 O101 OK  BB-1(D) Radio-S100-1(D2) BB6631 RRU449944B144B3C          FDD=ZA13M1 FDD=ZA13M2 FDD=ZA13T1 FDD=ZA13T2 (1,1,1,1) Passed
 5 S102-1 O101 OK  BB-1(E) Radio-S102-1(D2) BB6631 RRU449944B144B3C          FDD=ZA13M3 FDD=ZA13T3 (1,1)                           Passed
-------------------------------------------------------------------------------------------------------------------------------------

Node: RadioNode L   CXP2010174/2_R27J08 (25.Q1)   G3.1   LTE-FDD,LTE-IoT 

=====================================================================================================================================
FRU          ;LNH    ;BOARD              ;ST ;FAULT ;OPER ;MAINT ;STAT ;PRODUCTNUMBER   ;REV     ;SERIAL        ;DATE     ;PMTEMP ; TEMP ; UPT ;VOLT ;SW                   ;
=====================================================================================================================================
BB-1         ;000100 ;BB6631             ; 1 ;  OFF ;  ON ;  OFF ;  ON ;KDU1370071/11   ;R2A     ;E96A00VBTP    ;20221019 ;3 (OK) ;      ; 130 ;55   ;                     ;
Radio-S100-1 ;BXP_6  ;RRU449944B144B3C   ; 1 ;  OFF ;  ON ;  OFF ; N/A ;KRC161787/1     ;R2G     ;E55J488935    ;20221021 ;4 (OK) ; 42.7 ; 130 ;54.7 ;CXP9013268%15_R101LX ; (Radio449944B144B3C)
Radio-S102-1 ;BXP_5  ;RRU449944B144B3C   ; 1 ;  OFF ;  ON ;  OFF ; N/A ;KRC161787/1     ;R2G     ;E55J488874    ;20221021 ;4 (OK) ; 34.6 ; 130 ;55.6 ;CXP9013268%15_R101LX ; (Radio449944B144B3C)
Radio-S210-1 ;BXP_4  ;RRU227922B822B20C* ; 1 ;  OFF ;  ON ;  OFF ; N/A ;KRC161864/1     ;R1F     ;TU8U01T7K1    ;20221023 ;4 (OK) ; 38.5 ; 130 ;55.6 ;CXP9013268%15_R101LX ; (Radio227922B822B20C)
Radio-S211-1 ;BXP_3  ;RRU227922B822B20C* ; 1 ;  OFF ;  ON ;  OFF ; N/A ;KRC161864/1     ;R1F     ;TU8U01T7K2    ;20221023 ;4 (OK) ; 41.0 ; 130 ;55.0 ;CXP9013268%15_R101LX ; (Radio227922B822B20C)
Radio-S212-1 ;BXP_2  ;RRU227922B822B20C* ; 1 ;  OFF ;  ON ;  OFF ; N/A ;KRC161864/1     ;R1F     ;TU8U01T7JR    ;20221023 ;4 (OK) ; 41.5 ; 130 ;55.1 ;CXP9013268%15_R101LX ; (Radio227922B822B20C)
-------------------------------------------------------------------------------------------------------------------------------------

=====================================================================================================================================
AntennaNearUnit                                     ;ST  ;TYPE   ;PRODUCTNR  ;REV       ;UNIQUEID          ;RfPort
=====================================================================================================================================
AntennaUnitGroup=210,AntennaNearUnit=RET_1800_2100  ; 1  ;S-RET  ;86010165   ;HW_V_A01  ;KAD241079948A-Y1  ;FieldReplaceableUnit=Radio-S210-1,RfPort=R
AntennaUnitGroup=210,AntennaNearUnit=RET_2600       ; 1  ;S-RET  ;86010165   ;HW_V_A01  ;KAD241079948A-Y3  ;FieldReplaceableUnit=Radio-S210-1,RfPort=R
AntennaUnitGroup=210,AntennaNearUnit=RET_800_900    ; 1  ;S-RET  ;86010165   ;HW_V_A01  ;KAD241079948A-R1  ;FieldReplaceableUnit=Radio-S210-1,RfPort=R
AntennaUnitGroup=211,AntennaNearUnit=RET_1800_2100  ; 1  ;S-RET  ;86010165   ;HW_V_A01  ;KAD241079952A-Y1  ;FieldReplaceableUnit=Radio-S211-1,RfPort=R
AntennaUnitGroup=211,AntennaNearUnit=RET_2600       ; 1  ;S-RET  ;86010165   ;HW_V_A01  ;KAD241079952A-Y3  ;FieldReplaceableUnit=Radio-S211-1,RfPort=R
AntennaUnitGroup=211,AntennaNearUnit=RET_800_900    ; 1  ;S-RET  ;86010165   ;HW_V_A01  ;KAD241079952A-R1  ;FieldReplaceableUnit=Radio-S211-1,RfPort=R
AntennaUnitGroup=212,AntennaNearUnit=RET_1800       ; 1  ;S-RET  ;86010165   ;HW_V_A01  ;KAD241079962A-Y2  ;FieldReplaceableUnit=Radio-S212-1,RfPort=R
AntennaUnitGroup=212,AntennaNearUnit=RET_2100       ; 1  ;S-RET  ;86010165   ;HW_V_A01  ;KAD241079962A-Y1  ;FieldReplaceableUnit=Radio-S212-1,RfPort=R
AntennaUnitGroup=212,AntennaNearUnit=RET_2600       ; 1  ;S-RET  ;86010165   ;HW_V_A01  ;KAD241079962A-Y3  ;FieldReplaceableUnit=Radio-S212-1,RfPort=R
AntennaUnitGroup=212,AntennaNearUnit=RET_800_900    ; 1  ;S-RET  ;86010165   ;HW_V_A01  ;KAD241079962A-R1  ;FieldReplaceableUnit=Radio-S212-1,RfPort=R
-------------------------------------------------------------------------------------------------------------------------------------

=====================================================================================================================================
XPBOARD  ;ST ;FAULT ;OPER ;PRODUCTNUMBER ;REV ;SERIAL/NAME ;DATE     ; TEMP ;MO
=====================================================================================================================================
FAN08    ; 1 ;N/A   ;N/A  ;BKV106236/1   ;R2F ;DD111A6885  ;20211109 ; 43.7 ;SupportUnit=1 (FAN  BB-1)
-------------------------------------------------------------------------------------------------------------------------------------

=====================================================================================================================================
ID ;T ;RiL    ;BPBP ;BOARD1             ;LNH1 ;PORT ;R ;LINK ;RATE  ; BER ;BOARD2             ;LNH2 ;PORT ;R ;LINK ;RATE  ; BER ;LENGTH ;MO1 - MO2
=====================================================================================================================================
 1 ;O ;S210-1 ;1111 ;BB6631             ;000100 ; 1 ;M ;Up   ;10.1G ;   0 ;RRU227922B822B20C* ;BXP_4  ; 0 ;S ;Up   ;10.1G ;   0 ;   10m ;Fru=BB-1(A) Fru=Radio-S210-1(D1)
 2 ;O ;S211-1 ;1111 ;BB6631             ;000100 ; 2 ;M ;Up   ;10.1G ;   0 ;RRU227922B822B20C* ;BXP_3  ; 0 ;S ;Up   ;10.1G ;   0 ;   10m ;Fru=BB-1(B) Fru=Radio-S211-1(D1)
 3 ;O ;S212-1 ;1111 ;BB6631             ;000100 ; 3 ;M ;Up   ;10.1G ;   0 ;RRU227922B822B20C* ;BXP_2  ; 0 ;S ;Up   ;10.1G ;   0 ;   10m ;Fru=BB-1(C) Fru=Radio-S212-1(D1)
 4 ;O ;S100-1 ;1111 ;BB6631             ;000100 ; 4 ;M ;Up   ;10.1G ;   0 ;RRU449944B144B3C   ;BXP_6  ; 1 ;S ;Up   ;10.1G ;   0 ;   10m ;Fru=BB-1(D) Fru=Radio-S100-1(D2)
 5 ;O ;S102-1 ;1111 ;BB6631             ;000100 ; 5 ;M ;Up   ;10.1G ;   0 ;RRU449944B144B3C   ;BXP_5  ; 1 ;S ;Up   ;10.1G ;   0 ;   11m ;Fru=BB-1(E) Fru=Radio-S102-1(D2)
-------------------------------------------------------------------------------------------------------------------------------------

=====================================================================================================================================
ID ;LINK ;RiL    ;VENDOR1  ;VENDORPROD1     ;REV1 ;SERIAL1        ;DATE1    ;ERICSSONPROD1      ;VENDOR2  ;VENDORPROD2     ;REV2 ;SERIAL2        ;DATE2    ;ERICSSONPROD2      ;TT ;WL1     ;WL2    
=====================================================================================================================================
 1 ;Up   ;S210-1 ;ERICSSON ;EOLP-1396-02-IY ;1.0  ;PMCG079170     ;20220309 ;RDH10265/2 R1A     ;ERICSSON ;EOLP-1396-02-IY ;1.0  ;PMCG079156     ;20220309 ;RDH10265/2 R1A     ;0  ;1310.00 ;1310.00
 2 ;Up   ;S211-1 ;ERICSSON ;EOLP-1396-02-IY ;1.0  ;PMCG079195     ;20220309 ;RDH10265/2 R1A     ;ERICSSON ;EOLP-1396-02-IY ;1.0  ;PMCG079190     ;20220309 ;RDH10265/2 R1A     ;0  ;1310.00 ;1310.00
 3 ;Up   ;S212-1 ;ERICSSON ;EOLP-1396-02-IY ;1.0  ;PMCG079102     ;20220309 ;RDH10265/2 R1A     ;ERICSSON ;EOLP-1396-02-IY ;1.0  ;PMCG079144     ;20220309 ;RDH10265/2 R1A     ;0  ;1310.00 ;1310.00
 4 ;Up   ;S100-1 ;ERICSSON ;EOLP-1396-02-IY ;1.0  ;PMCG079160     ;20220309 ;RDH10265/2 R1A     ;ERICSSON ;EOLP-1396-02-IY ;1.0  ;PMCG079172     ;20220309 ;RDH10265/2 R1A     ;0  ;1310.00 ;1310.00
 5 ;Up   ;S102-1 ;ERICSSON ;EOLP-1396-02-IY ;1.0  ;PMCG079136     ;20220309 ;RDH10265/2 R1A     ;ERICSSON ;EOLP-1396-02-IY ;1.0  ;PMCG079159     ;20220309 ;RDH10265/2 R1A     ;0  ;1310.00 ;1310.00
-------------------------------------------------------------------------------------------------------------------------------------

=====================================================================================================================================
ID ;LINK ;RiL    ;WL1     ;TEMP1 ;TXbs1 ;TXdBm1 ;RXdBm1 ;BER1   ;WL2     ;TEMP2 ;TXbs2 ;TXdBm2 ;RXdBm2 ;BER2   ;DlLoss ;UlLoss ;LENGTH ;TT
=====================================================================================================================================
 1 ;Up   ;S210-1 ;1310.00 ;42C   ;41%   ;-2.10  ;-3.44  ;   0   ;1310.00 ;35C   ;39%   ;-3.25  ;-2.87  ;   0   ;  0.77 ;  0.19 ;   10m ; 0
 2 ;Up   ;S211-1 ;1310.00 ;40C   ;41%   ;-2.53  ;-2.73  ;   0   ;1310.00 ;34C   ;40%   ;-2.87  ;-2.67  ;   0   ;  0.14 ; -0.14 ;   10m ; 0
 3 ;Up   ;S212-1 ;1310.00 ;39C   ;41%   ;-2.13  ;-2.73  ;   0   ;1310.00 ;35C   ;41%   ;-2.61  ;-2.56  ;   0   ;  0.43 ;  0.12 ;   10m ; 0
 4 ;Up   ;S100-1 ;1310.00 ;38C   ;40%   ;-2.82  ;-3.02  ;   0   ;1310.00 ;39C   ;41%   ;-3.00  ;-2.77  ;   0   ; -0.05 ;  0.02 ;   10m ; 0
 5 ;Up   ;S102-1 ;1310.00 ;38C   ;41%   ;-2.45  ;-2.37  ;   0   ;1310.00 ;32C   ;40%   ;-2.53  ;-2.67  ;   0   ;  0.22 ; -0.16 ;   11m ; 0
-------------------------------------------------------------------------------------------------------------------------------------

=====================================================================================================================================
ID ;RiL    ;BOARD              ;SFPLNH  ;PORT ;VENDOR   ;VENDORPROD      ;REV  ;SERIAL         ;DATE     ;ERICSSONPROD       ;WL      ;TEMP  ;TXbs  ;TXdBm  ;RXdBm  ; BER
=====================================================================================================================================
 1 ;S210-1 ;BB6631             ;000100   ;  1 ;ERICSSON ;EOLP-1396-02-IY ;1.0  ;PMCG079170     ;20220309 ;RDH10265/2 R1A     ;1310.00 ;42C   ;41%   ;-2.10  ;-3.44  ;   0
 2 ;S211-1 ;BB6631             ;000100   ;  2 ;ERICSSON ;EOLP-1396-02-IY ;1.0  ;PMCG079195     ;20220309 ;RDH10265/2 R1A     ;1310.00 ;40C   ;41%   ;-2.53  ;-2.73  ;   0
 3 ;S212-1 ;BB6631             ;000100   ;  3 ;ERICSSON ;EOLP-1396-02-IY ;1.0  ;PMCG079102     ;20220309 ;RDH10265/2 R1A     ;1310.00 ;39C   ;41%   ;-2.13  ;-2.73  ;   0
 4 ;S100-1 ;BB6631             ;000100   ;  4 ;ERICSSON ;EOLP-1396-02-IY ;1.0  ;PMCG079160     ;20220309 ;RDH10265/2 R1A     ;1310.00 ;38C   ;40%   ;-2.82  ;-3.02  ;   0
 5 ;S102-1 ;BB6631             ;000100   ;  5 ;ERICSSON ;EOLP-1396-02-IY ;1.0  ;PMCG079136     ;20220309 ;RDH10265/2 R1A     ;1310.00 ;38C   ;41%   ;-2.45  ;-2.37  ;   0
 3 ;S212-1 ;RRU227922B822B20C* ;BXP_2    ;  0 ;ERICSSON ;EOLP-1396-02-IY ;1.0  ;PMCG079144     ;20220309 ;RDH10265/2 R1A     ;1310.00 ;35C   ;41%   ;-2.61  ;-2.56  ;   0
 2 ;S211-1 ;RRU227922B822B20C* ;BXP_3    ;  0 ;ERICSSON ;EOLP-1396-02-IY ;1.0  ;PMCG079190     ;20220309 ;RDH10265/2 R1A     ;1310.00 ;34C   ;40%   ;-2.87  ;-2.67  ;   0
 1 ;S210-1 ;RRU227922B822B20C* ;BXP_4    ;  0 ;ERICSSON ;EOLP-1396-02-IY ;1.0  ;PMCG079156     ;20220309 ;RDH10265/2 R1A     ;1310.00 ;35C   ;39%   ;-3.25  ;-2.87  ;   0
 5 ;S102-1 ;RRU449944B144B3C   ;BXP_5    ;  1 ;ERICSSON ;EOLP-1396-02-IY ;1.0  ;PMCG079159     ;20220309 ;RDH10265/2 R1A     ;1310.00 ;32C   ;40%   ;-2.53  ;-2.67  ;   0
 4 ;S100-1 ;RRU449944B144B3C   ;BXP_6    ;  1 ;ERICSSON ;EOLP-1396-02-IY ;1.0  ;PMCG079172     ;20220309 ;RDH10265/2 R1A     ;1310.00 ;39C   ;41%   ;-3.00  ;-2.77  ;   0
-------------------------------------------------------------------------------------------------------------------------------------
TN ;       ;BB6631             ;000100   ; IB ;WTD      ;RTXM192-406-C25 ;3.0  ;HC222000252175 ;20220512 ;RDH10247/2 R2A     ;1310    ;37C   ;19%   ;-5.64  ;-7.47  ;NZ/0
TN ;       ;BB6631             ;000100   ;IA2 ;ERICSSON ;2345836-5       ;A    ;2039000043     ;20200924 ;RPM777053/2000 R1A ;NA      ;NA    ;NA    ;NA     ;NA     ; 0/0
-------------------------------------------------------------------------------------------------------------------------------------

=====================================================================================================================================
BOARD  ;LNH    ;PORT       ;T ;S ;OpMode    ;AutoNeg ;MacAddress        ;VlanIds        ;LOS ;BER
=====================================================================================================================================
BB6631 ;000100 ;TN_E       ;E ;1 ;100M_FULL ;false   ;F8:97:A9:C0:6F:D9 ;3910           ;0   ;0/0
BB6631 ;000100 ;TN_IDL_A_1 ;E ;1 ;10G_FULL  ;false   ;F8:97:A9:C0:6F:D2 ;3901,3908,3910 ;0   ;0/0
BB6631 ;000100 ;TN_IDL_A_2 ;O ;1 ;10G_FULL  ;false   ;F8:97:A9:C0:6F:D3 ;3908           ;0   ;0/0
BB6631 ;000100 ;TN_IDL_B   ;O ;1 ;1G_FULL   ;true    ;F8:97:A9:C0:6F:D6 ;3901,3908,3910 ;0   ;NZ/0
-------------------------------------------------------------------------------------------------------------------------------------

radioClockState : RNT_TIME_LOCKED
-------------------------------------------------------------------------------------
Prio  ;ST  ;syncRefType    ;refStatus  ;opQualLevel  ;SyncReference
-------------------------------------------------------------------------------------
  *1  ; 1  ;PTP_TIME       ;NO_FAULT   ;PRTC         ;Ptp=1,BoundaryOrdinaryClock=1 (G_8275_2 Router=45G_Traffic,InterfaceIPv4=LTE,AddressIPv4=LTE:SLAVE)
   2  ; 1  ;NTP_FREQUENCY  ;NO_FAULT   ;PRC          ;Ntp=1,NtpFrequencySync=NTP1 (10.31.0.54:32751 Router=45G_Traffic,InterfaceIPv4=LTE,AddressIPv4=LTE)
-------------------------------------------------------------------------------------
nodeGroupRole   : SYNC_PROVIDER (syncNodePriority=1, selectionMode=NODE_PRIORITY)
-------------------------------------------------------------------------------------
DU  ;Port  ;sharedUnitRef (RiPortA - RiPortB)  ;remoteNodePriority  ;CandidateStatus
-------------------------------------------------------------------------------------
1   ;A     ;Fru=Radio-S210-1 (1 - 2)           ;3                   ;OK_NOT_ACTIVE
1   ;B     ;Fru=Radio-S211-1 (1 - 2)           ;3                   ;OK_NOT_ACTIVE
1   ;C     ;Fru=Radio-S212-1 (1 - 2)           ;3                   ;OK_NOT_ACTIVE
-------------------------------------------------------------------------------------

=====================================================================================================================================
FRU          ;LNH    ;BOARD              ;RF  ;BP  ;TX (W/dBm)  ;VSWR (RL)   ;RX (dBm) ;UEs/gUEs  ;Sector/AntennaGroup/Cells (State:CellIds:PCIs)
=====================================================================================================================================
Radio-S100-1 ;BXP_6  ;RRU449944B144B3C   ; A  ;11  ;35.8 (45.5) ;1.18 (21.8) ;-92.2    ;28/-      ;SE=100 AG=100 FDD=ZA13M1 FDD=ZA13T1 (1:31:283, 1:41:362)
Radio-S100-1 ;BXP_6  ;RRU449944B144B3C   ; B  ;11  ;13.8 (41.4) ;1.13 (24.0) ;-91.7    ;28/-      ;SE=100 AG=100 FDD=ZA13M1 FDD=ZA13T1 (1:31:283, 1:41:362)
Radio-S100-1 ;BXP_6  ;RRU449944B144B3C   ; C  ;11  ;29.5 (44.7) ;1.20 (20.8) ;-87.4    ;71/-      ;SE=101 AG=101 FDD=ZA13M2 FDD=ZA13T2 (1:32:304, 1:42:299)
Radio-S100-1 ;BXP_6  ;RRU449944B144B3C   ; D  ;11  ;28.5 (44.5) ;1.13 (24.5) ;-86.4    ;71/-      ;SE=101 AG=101 FDD=ZA13M2 FDD=ZA13T2 (1:32:304, 1:42:299)
Radio-S102-1 ;BXP_5  ;RRU449944B144B3C   ; A  ;11  ;29.3 (44.7) ;1.14 (23.8) ;-87.2    ;73/-      ;SE=102 AG=102 FDD=ZA13M3 FDD=ZA13T3 (1:33:27, 1:43:216)
Radio-S102-1 ;BXP_5  ;RRU449944B144B3C   ; B  ;11  ;28.7 (44.6) ;1.09 (27.0) ;-87.4    ;73/-      ;SE=102 AG=102 FDD=ZA13M3 FDD=ZA13T3 (1:33:27, 1:43:216)
Radio-S102-1 ;BXP_5  ;RRU449944B144B3C   ; C  ;11  ;-           ;-           ;         ;          ;
Radio-S102-1 ;BXP_5  ;RRU449944B144B3C   ; D  ;11  ;-           ;-           ;         ;          ;
Radio-S210-1 ;BXP_4  ;RRU227922B822B20C* ; A  ;11  ;23.5 (43.7) ;1.15 (23.1) ;-99.4    ;0/-       ;SE=210* AG=210 FDD=ZA13E1 NIOT=ZA13N1 (1:61:276, 1:161:276)
Radio-S210-1 ;BXP_4  ;RRU227922B822B20C* ; B  ;11  ;15.9 (42.0) ;1.15 (23.1) ;-99.6    ;0/-       ;SE=210* AG=210 FDD=ZA13E1 NIOT=ZA13N1 (1:61:276, 1:161:276)
Radio-S211-1 ;BXP_3  ;RRU227922B822B20C* ; A  ;11  ;22.0 (43.4) ;1.14 (23.9) ;-87.5    ;3/-       ;SE=211* AG=211 FDD=ZA13E2 NIOT=ZA13N2 (1:62:346, 1:162:346)
Radio-S211-1 ;BXP_3  ;RRU227922B822B20C* ; B  ;11  ;22.1 (43.4) ;1.04 (34.1) ;-89.6    ;3/-       ;SE=211* AG=211 FDD=ZA13E2 NIOT=ZA13N2 (1:62:346, 1:162:346)
Radio-S212-1 ;BXP_2  ;RRU227922B822B20C* ; A  ;11  ;18.6 (42.7) ;1.13 (24.1) ;-91.1    ;2/-       ;SE=212* AG=212 FDD=ZA13E3 NIOT=ZA13N3 (1:63:312, 1:163:312)
Radio-S212-1 ;BXP_2  ;RRU227922B822B20C* ; B  ;11  ;18.4 (42.6) ;1.13 (24.4) ;-91.3    ;2/-       ;SE=212* AG=212 FDD=ZA13E3 NIOT=ZA13N3 (1:63:312, 1:163:312)
-------------------------------------------------------------------------------------------------------------------------------------

ZA13T> mfar

251125-14:58:10+0100 19.31.8.173 25.0h MSRBS_NODE_MODEL_25.Q1_693.28324.131_62ac stopfile=/tmp/2812140
........
Last MO: 19569. Loaded 19569 MOs. Total: 19570 MOs.
...............................................
get /rop/A20251125.1215-1230_ZA13T.xml.gz /ericsson/log/amos/moshell_logfiles/t20251125_37258710_65084/logs_moshell/pmfiles/19.31.8.173/rop/A20251125.1215-1230_ZA13T.xml.gz ... OK
get /rop/A20251125.1230-1245_ZA13T.xml.gz /ericsson/log/amos/moshell_logfiles/t20251125_37258710_65084/logs_moshell/pmfiles/19.31.8.173/rop/A20251125.1230-1245_ZA13T.xml.gz ... OK
get /rop/A20251125.1245-1300_ZA13T.xml.gz /ericsson/log/amos/moshell_logfiles/t20251125_37258710_65084/logs_moshell/pmfiles/19.31.8.173/rop/A20251125.1245-1300_ZA13T.xml.gz ... OK

Using hardcoded thresholds: 3, 4.5, and 16.5
================================================================================================================================
SC     SE  Tx/Rx BrPair  RfPort1 - RfPort2               HW       Serial      Cell (State)   Samples   Med  Mean  SDev Pol Res Issue
================================================================================================================================
ZA13E1 210   2/2 0 (1,2) Radio-S210-1(A) Radio-S210-1(B) RRU2279  TU8U01T7K1  FDD=ZA13E1 (1)   11885  -0.5  -1.1   6.8  NA  OK Passed
ZA13E2 211   2/2 0 (1,2) Radio-S211-1(A) Radio-S211-1(B) RRU2279  TU8U01T7K2  FDD=ZA13E2 (1)   60966   0.5   0.9   7.5  NA  OK Passed
ZA13E3 212   2/2 0 (1,2) Radio-S212-1(A) Radio-S212-1(B) RRU2279  TU8U01T7JR  FDD=ZA13E3 (1)   86920   0.5   0.3   6.7  NA  OK Passed
ZA13M1 100   2/2 0 (1,2) Radio-S100-1(A) Radio-S100-1(B) RRU4499  E55J488935  FDD=ZA13M1 (1)   48511   0.5   0.4   7.2  NA  OK Passed
ZA13M2 101   2/2 0 (1,2) Radio-S100-1(C) Radio-S100-1(D) RRU4499  E55J488935  FDD=ZA13M2 (1)  153838   0.5   0.3   6.8  NA  OK Passed
ZA13M3 102   2/2 0 (1,2) Radio-S102-1(A) Radio-S102-1(B) RRU4499  E55J488874  FDD=ZA13M3 (1)   96448  -0.5  -0.0   6.8  NA  OK Passed
ZA13T1 100   2/2 0 (1,2) Radio-S100-1(A) Radio-S100-1(B) RRU4499  E55J488935  FDD=ZA13T1 (1)  165864   1.5   1.6   7.1  NA  OK Passed
ZA13T2 101   2/2 0 (1,2) Radio-S100-1(C) Radio-S100-1(D) RRU4499  E55J488935  FDD=ZA13T2 (1)  255325   0.5   0.5   7.2  NA  OK Passed
ZA13T3 102   2/2 0 (1,2) Radio-S102-1(A) Radio-S102-1(B) RRU4499  E55J488874  FDD=ZA13T3 (1)  238065  -0.5   0.0   7.2  NA  OK Passed
================================================================================================================================
Total: 9 SectorCarriers, 9 RfBranch Pairs (9 OK, 0 OKW, 0 NOK, 0 NT)
........
Last MO: 19569. Loaded 19569 MOs. Total: 19570 MOs.

No NRSectorCarrier MOs are defined on the node.

ZA13T> mfitr

251125-14:58:28+0100 19.31.8.173 25.0h MSRBS_NODE_MODEL_25.Q1_693.28324.131_62ac stopfile=/tmp/2812140
.............
Last MO: 19569. Loaded 19569 MOs. Total: 19570 MOs.
..........
2025-11-25 14:59
================================================================================================================================
CELL       SC     FRU          BOARD             PUSCH  PUCCH       A      B      C      D  DELTA
================================================================================================================================
FDD=ZA13E1 ZA13E1 Radio-S210-1 RRU227922B822B20C -116.6 -116.4 -117.3 -118.3                    1
FDD=ZA13E2 ZA13E2 Radio-S211-1 RRU227922B822B20C -113.0 -112.8 -111.3 -113.2                  1.9
FDD=ZA13E3 ZA13E3 Radio-S212-1 RRU227922B822B20C -112.8 -112.3 -113.6 -114.0                  0.4
FDD=ZA13M1 ZA13M1 Radio-S100-1 RRU449944B144B3C  -117.8 -118.8 -117.5 -117.2                  0.3
FDD=ZA13M2 ZA13M2 Radio-S100-1 RRU449944B144B3C  -116.6 -117.7               -117.2 -115.8    1.4
FDD=ZA13M3 ZA13M3 Radio-S102-1 RRU449944B144B3C  -117.5 -118.8 -117.6 -118.1                  0.5
FDD=ZA13T1 ZA13T1 Radio-S100-1 RRU449944B144B3C  -115.8 -116.8 -117.2 -117.7                  0.5
FDD=ZA13T2 ZA13T2 Radio-S100-1 RRU449944B144B3C  -112.2 -114.0               -111.8 -112.5    0.7
FDD=ZA13T3 ZA13T3 Radio-S102-1 RRU449944B144B3C  -113.7 -116.8 -113.6 -114.1                  0.5
================================================================================================================================
Bye...
Output has been logged to file /mta_fs/UserFiles/37258710/amosbatch/SDIR/ZA13T.log
