Logging to file /mta_fs/UserFiles/37258710/amosbatch/SDIR/ZA34L.log
                        __  __  ____   _____
                  /\   |  \/  |/ __ \ / ____|
                 /  \  | \  / | |  | | (___  
                / /\ \ | |\/| | |  | |\___ \ 
               / ____ \| |  | | |__| |____) |
              /_/    \_\_|  |_|\____/|_____/
              OSS Framework for MoShell-25.0h 
  Copyright (c) Ericsson AB 2001-2025 - All Rights Reserved
              
           
[1;31mWARNING: [0mthe AMOS version currently running is more than 29 weeks old and is unsupported.
Please upgrade as soon as possible to the latest released version, available from your local Ericsson support.

$amosrb_pid = 1021589

Checking ip contact...OK

HELP MENU            : h
BASIC MO COMMANDS    : m
OTHER MO COMMANDS    : n
OTHER COMMANDS       : o
PM COMMANDS          : p
QUIT                 : q

ZA34L> lt all

251125-08:23:43+0100 19.31.16.97 25.0h  stopfile=/tmp/1020794
Looking up temporary_amos account... OK.
Trying temporary_amos_t20251125_37258710_65084_131's password from amos lookupAccount ... OK

$ssh_pid = 1029063

Connected to 19.31.16.97 (SubNetwork=BBMM_rckomc_R,MeContext=ZA34L,ManagedElement=ZA34L)

Checking MOM version...MSRBS_NODE_MODEL_25.Q1_693.28324.131_62ac
Parsing MOM (cached): /ericsson/log/amos/moshell_logfiles/t20251125_37258710_65084/logs_moshell/tempfiles/scp-4-amos_20251125-082330_1020321/MSRBS_NODE_MODEL_25.Q1_693.28324.131_62ac.xml.cache.gz ..................................................................................................................................................................................................................................Done.
Using paramfile /opt/ericsson/amos/moshell/commonjars/pm/PARAM_MSRBS_25.Q1.txt
Parsing file /opt/ericsson/amos/moshell/commonjars/pm/PARAM_MSRBS_25.Q1.txt .......................................................................................Done.
Using imomdfile /opt/ericsson/amos/moshell/commonjars/pm/IMOMD_MSRBS_22.Q4.txt
Using imomfile /opt/ericsson/amos/moshell/commonjars/pm/IMOM_MSRBS_25.Q1.txt
Connected to 19.31.16.97 (SubNetwork=BBMM_rckomc_R,MeContext=ZA34L,ManagedElement=ZA34L)

Last MO: 16643. Loaded 16643 MOs. Total: 16644 MOs.

ZA34L> st cell

251125-08:24:01+0100 19.31.16.97 25.0h MSRBS_NODE_MODEL_25.Q1_693.28324.131_62ac stopfile=/tmp/1020794
===================================================================================
Proxy  Adm State     Op. State     MO
===================================================================================
   56  1 (UNLOCKED)  1 (ENABLED)   ENodeBFunction=1,EUtranCellFDD=ZA34L1
  157  1 (UNLOCKED)  1 (ENABLED)   ENodeBFunction=1,EUtranCellFDD=ZA34L3
===================================================================================
Total: 2 MOs

ZA34L> st radio

251125-08:24:01+0100 19.31.16.97 25.0h MSRBS_NODE_MODEL_25.Q1_693.28324.131_62ac stopfile=/tmp/1020794
===================================================================================
Proxy  Adm State     Op. State     MO
===================================================================================
  855  1 (UNLOCKED)  1 (ENABLED)   Equipment=1,FieldReplaceableUnit=Radio-S180-1
  870  1 (UNLOCKED)  1 (ENABLED)   Equipment=1,FieldReplaceableUnit=Radio-S220-1
  897  1 (UNLOCKED)  1 (ENABLED)   Equipment=1,FieldReplaceableUnit=Radio-S221-1
  924  1 (UNLOCKED)  1 (ENABLED)   Equipment=1,FieldReplaceableUnit=Radio-S222-1
16637  1 (UNLOCKED)  1 (ENABLED)   Transport=1,Synchronization=1,RadioEquipmentClock=1,RadioEquipmentClockReference=NTP1
16638  1 (UNLOCKED)  1 (ENABLED)   Transport=1,Synchronization=1,RadioEquipmentClock=1,RadioEquipmentClockReference=PTP
===================================================================================
Total: 6 MOs

ZA34L> sdir

251125-08:24:02+0100 19.31.16.97 25.0h MSRBS_NODE_MODEL_25.Q1_693.28324.131_62ac stopfile=/tmp/1020794
INFO: Using amos lookupAccount credentials for the export login
...............................
get /rop/A20251125.0630-0645_ZA34L.xml.gz /ericsson/log/amos/moshell_logfiles/t20251125_37258710_65084/logs_moshell/pmfiles/19.31.16.97/rop/A20251125.0630-0645_ZA34L.xml.gz ... OK
get /rop/A20251125.0645-0700_ZA34L.xml.gz /ericsson/log/amos/moshell_logfiles/t20251125_37258710_65084/logs_moshell/pmfiles/19.31.16.97/rop/A20251125.0645-0700_ZA34L.xml.gz ... OK
get /rop/A20251125.0700-0715_ZA34L.xml.gz /ericsson/log/amos/moshell_logfiles/t20251125_37258710_65084/logs_moshell/pmfiles/19.31.16.97/rop/A20251125.0700-0715_ZA34L.xml.gz ... OK
....Checking available boards on node...

Collecting RCS board data ...
.......................................................................................................................
........................
...................................................................................................................................................................................................................................................................................
..........
Collecting TN data...
............................................................................................................................................................................................................................................................................
Collecting RF data...
...
Collecting Alarms...
Executing action Log.export()
...
Log=AlarmLog                    actionId=10539
........
Executing action LogM.exportAvailabilityLog()
..LogM=1,exportAvailabilityLog    actionId=10540
.....Parsing alarmLog...Done.
Parsing availabilityLog...Done.
.

Total: 4 CPRI links (4 OK, 0 OKW, 0 NOK, 0 NT)

+--------+                      +----------------------------+
|        | A        O101     D2 |        Radio-S220-1        |
|        |-----------1----------| RRU247924B824B2024B28BM01* |
|        |         OK-36m       |           BXP_4            |
|        |                      +----------------------------+
|        |                                     |A  |B  |C  |D
|        |             SE=220* AG=220 GT=ZA34D1/0 GT=ZA34D1/1
|        |
|        |                      +----------------------------+
|        | B        O101     D2 |        Radio-S221-1        |
|        |-----------2----------| RRU247924B824B2024B28BM01* |
|        |         OK-36m       |           BXP_2            |
|        |                      +----------------------------+
|        |                                     |A  |B  |C  |D
|        |             SE=221* AG=221 GT=ZA34D2/0 GT=ZA34D2/1
|        |
|  BB-1  |                      +----------------------------+
| BB6631 | C        O101     D2 |        Radio-S222-1        |
| 000100 |-----------3----------| RRU247924B824B2024B28BM01* |
|        |         OK-36m       |           BXP_3            |
|        |                      +----------------------------+
|        |                                     |A  |B  |C  |D
|        |             SE=222* AG=222 GT=ZA34D3/0 GT=ZA34D3/1
|        |
|        |                      +---------------+
|        | D        O101     D1 | Radio-S180-1  |
|        |-----------4----------|   RRU4415B7   |
|        |         OK-35m       |     BXP_5     |
|        |                      +---------------+
|        |                        |A  |B  |C  |D
|        |                 SE=180 AG=180  |   |
|        |                    FDD=ZA34L1  |   |
|        |                         SE=182 AG=182
|        |                            FDD=ZA34L3
|        |
+--------+

=====================================================================================================================================
ID RiL    Type Res MO1-MO2                  BOARD1-BOARD2                     AlmIDs Cells (States)                Issue (Failed checks)
=====================================================================================================================================
 1 S220-1 O101 OK  BB-1(A) Radio-S220-1(D2) BB6631 RRU247924B824B2024B28BM01*        GT=ZA34D1/0 GT=ZA34D1/1 (1,1) Passed
 2 S221-1 O101 OK  BB-1(B) Radio-S221-1(D2) BB6631 RRU247924B824B2024B28BM01*        GT=ZA34D2/0 GT=ZA34D2/1 (1,1) Passed
 3 S222-1 O101 OK  BB-1(C) Radio-S222-1(D2) BB6631 RRU247924B824B2024B28BM01*        GT=ZA34D3/0 GT=ZA34D3/1 (1,1) Passed
 4 S180-1 O101 OK  BB-1(D) Radio-S180-1(D1) BB6631 RRU4415B7                         FDD=ZA34L1 FDD=ZA34L3 (1,1)   Passed
-------------------------------------------------------------------------------------------------------------------------------------

Node: RadioNode GL   CXP2010174/2_R27J08 (25.Q1)   G3.1   GSM LTE-FDD 

=====================================================================================================================================
FRU          ;LNH    ;BOARD                      ;ST ;FAULT ;OPER ;MAINT ;STAT ;PRODUCTNUMBER   ;REV     ;SERIAL        ;DATE     ;PMTEMP ; TEMP ; UPT ;VOLT ;SW                   ;
=====================================================================================================================================
BB-1         ;000100 ;BB6631                     ; 1 ;  OFF ;  ON ;  OFF ;  ON ;KDU1370071/11   ;R3H     ;E96A01593M    ;20240417 ;3 (OK) ;      ; 100 ;52   ;                     ;
Radio-S180-1 ;BXP_5  ;RRU4415B7                  ; 1 ;  OFF ;  ON ;  OFF ; N/A ;KRC161495/1     ;R5FE    ;DH80212912    ;20240302 ;4 (OK) ; 31.0 ; 100 ;52.7 ;CXP9013268%15_R101LX ; (Radio4415B7)
Radio-S220-1 ;BXP_4  ;RRU247924B824B2024B28BM01* ; 1 ;  OFF ;  ON ;  OFF ; N/A ;KRC161832/1     ;R2G     ;E55N513092    ;20240323 ;4 (OK) ; 32.9 ; 100 ;53.3 ;CXP9013268%15_R101LX ; (Radio247924B824B2024B28BM01)
Radio-S221-1 ;BXP_2  ;RRU247924B824B2024B28BM01* ; 1 ;  OFF ;  ON ;  OFF ; N/A ;KRC161832/1     ;R2G     ;E55N513072    ;20240323 ;4 (OK) ; 38.9 ; 100 ;53.5 ;CXP9013268%15_R101LX ; (Radio247924B824B2024B28BM01)
Radio-S222-1 ;BXP_3  ;RRU247924B824B2024B28BM01* ; 1 ;  OFF ;  ON ;  OFF ; N/A ;KRC161832/1     ;R2G     ;E55N513082    ;20240323 ;4 (OK) ; 38.5 ; 100 ;53.5 ;CXP9013268%15_R101LX ; (Radio247924B824B2024B28BM01)
-------------------------------------------------------------------------------------------------------------------------------------

=====================================================================================================================================
XPBOARD  ;ST ;FAULT ;OPER ;PRODUCTNUMBER ;REV ;SERIAL/NAME ;DATE     ; TEMP ;MO
=====================================================================================================================================
FAN08    ; 1 ;N/A   ;N/A  ;BKV106236/1   ;R2F ;DD13930274  ;20231220 ; 35.0 ;SupportUnit=1 (FAN  BB-1)
-------------------------------------------------------------------------------------------------------------------------------------

=====================================================================================================================================
ID ;T ;RiL    ;BPBP ;BOARD1                     ;LNH1 ;PORT ;R ;LINK ;RATE  ; BER ;BOARD2                     ;LNH2 ;PORT ;R ;LINK ;RATE  ; BER ;LENGTH ;MO1 - MO2
=====================================================================================================================================
 1 ;O ;S220-1 ;1111 ;BB6631                     ;000100 ; 1 ;M ;Up   ;10.1G ;   0 ;RRU247924B824B2024B28BM01* ;BXP_4  ; 1 ;S ;Up   ;10.1G ;   0 ;   36m ;Fru=BB-1(A) Fru=Radio-S220-1(D2)
 2 ;O ;S221-1 ;1111 ;BB6631                     ;000100 ; 2 ;M ;Up   ;10.1G ;   0 ;RRU247924B824B2024B28BM01* ;BXP_2  ; 1 ;S ;Up   ;10.1G ;   0 ;   36m ;Fru=BB-1(B) Fru=Radio-S221-1(D2)
 3 ;O ;S222-1 ;1111 ;BB6631                     ;000100 ; 3 ;M ;Up   ;10.1G ;   0 ;RRU247924B824B2024B28BM01* ;BXP_3  ; 1 ;S ;Up   ;10.1G ;   0 ;   36m ;Fru=BB-1(C) Fru=Radio-S222-1(D2)
 4 ;O ;S180-1 ;1111 ;BB6631                     ;000100 ; 4 ;M ;Up   ;10.1G ;   0 ;RRU4415B7                  ;BXP_5  ; 0 ;S ;Up   ;10.1G ;   0 ;   35m ;Fru=BB-1(D) Fru=Radio-S180-1(D1)
-------------------------------------------------------------------------------------------------------------------------------------

=====================================================================================================================================
ID ;LINK ;RiL    ;VENDOR1  ;VENDORPROD1     ;REV1 ;SERIAL1        ;DATE1    ;ERICSSONPROD1      ;VENDOR2  ;VENDORPROD2     ;REV2 ;SERIAL2        ;DATE2    ;ERICSSONPROD2      ;TT ;WL1     ;WL2    
=====================================================================================================================================
 1 ;Up   ;S220-1 ;ERICSSON ;EOLP-1396-02-IY ;1.0  ;DZ8Q200XA4     ;20240223 ;RDH10265/2 R1A     ;ERICSSON ;EOLP-1396-02-IY ;1.0  ;DZ8Q200X8X     ;20240223 ;RDH10265/2 R1A     ;0  ;1310.00 ;1310.00
 2 ;Up   ;S221-1 ;ERICSSON ;EOLP-1396-02-IY ;1.0  ;DZ8Q200XAM     ;20240223 ;RDH10265/2 R1A     ;ERICSSON ;EOLP-1396-02-IY ;1.0  ;DZ8Q200XAT     ;20240223 ;RDH10265/2 R1A     ;0  ;1310.00 ;1310.00
 3 ;Up   ;S222-1 ;ERICSSON ;EOLP-1396-02-IY ;1.0  ;DZ8Q200XAS     ;20240223 ;RDH10265/2 R1A     ;ERICSSON ;EOLP-1396-02-IY ;1.0  ;DZ8Q200XA5     ;20240223 ;RDH10265/2 R1A     ;0  ;1310.00 ;1310.00
 4 ;Up   ;S180-1 ;ERICSSON ;EOLP-1396-02-IY ;1.0  ;DZ8Q200X9N     ;20240223 ;RDH10265/2 R1A     ;ERICSSON ;EOLP-1396-02-IY ;1.0  ;DZ8Q200X8K     ;20240223 ;RDH10265/2 R1A     ;0  ;1310.00 ;1310.00
-------------------------------------------------------------------------------------------------------------------------------------

=====================================================================================================================================
ID ;LINK ;RiL    ;WL1     ;TEMP1 ;TXbs1 ;TXdBm1 ;RXdBm1 ;BER1   ;WL2     ;TEMP2 ;TXbs2 ;TXdBm2 ;RXdBm2 ;BER2   ;DlLoss ;UlLoss ;LENGTH ;TT
=====================================================================================================================================
 1 ;Up   ;S220-1 ;1310.00 ;33C   ;39%   ;-3.14  ;-2.94  ;   0   ;1310.00 ;32C   ;38%   ;-2.03  ;-3.69  ;   0   ;  0.55 ;  0.91 ;   36m ; 0
 2 ;Up   ;S221-1 ;1310.00 ;34C   ;38%   ;-2.82  ;-2.70  ;   0   ;1310.00 ;39C   ;40%   ;-2.42  ;-3.21  ;   0   ;  0.39 ;  0.28 ;   36m ; 0
 3 ;Up   ;S222-1 ;1310.00 ;34C   ;39%   ;-2.26  ;-2.50  ;   0   ;1310.00 ;37C   ;40%   ;-2.46  ;-3.02  ;   0   ;  0.76 ;  0.04 ;   36m ; 0
 4 ;Up   ;S180-1 ;1310.00 ;33C   ;37%   ;-3.35  ;-4.18  ;   0   ;1310.00 ;31C   ;38%   ;-3.59  ;-4.09  ;   0   ;  0.74 ;  0.59 ;   35m ; 0
-------------------------------------------------------------------------------------------------------------------------------------

=====================================================================================================================================
ID ;RiL    ;BOARD                      ;SFPLNH  ;PORT ;VENDOR   ;VENDORPROD      ;REV  ;SERIAL         ;DATE     ;ERICSSONPROD       ;WL      ;TEMP  ;TXbs  ;TXdBm  ;RXdBm  ; BER
=====================================================================================================================================
 1 ;S220-1 ;BB6631                     ;000100   ;  1 ;ERICSSON ;EOLP-1396-02-IY ;1.0  ;DZ8Q200XA4     ;20240223 ;RDH10265/2 R1A     ;1310.00 ;33C   ;39%   ;-3.14  ;-2.94  ;   0
 2 ;S221-1 ;BB6631                     ;000100   ;  2 ;ERICSSON ;EOLP-1396-02-IY ;1.0  ;DZ8Q200XAM     ;20240223 ;RDH10265/2 R1A     ;1310.00 ;34C   ;38%   ;-2.82  ;-2.70  ;   0
 3 ;S222-1 ;BB6631                     ;000100   ;  3 ;ERICSSON ;EOLP-1396-02-IY ;1.0  ;DZ8Q200XAS     ;20240223 ;RDH10265/2 R1A     ;1310.00 ;34C   ;39%   ;-2.26  ;-2.50  ;   0
 4 ;S180-1 ;BB6631                     ;000100   ;  4 ;ERICSSON ;EOLP-1396-02-IY ;1.0  ;DZ8Q200X9N     ;20240223 ;RDH10265/2 R1A     ;1310.00 ;33C   ;37%   ;-3.35  ;-4.18  ;   0
 2 ;S221-1 ;RRU247924B824B2024B28BM01* ;BXP_2    ;  1 ;ERICSSON ;EOLP-1396-02-IY ;1.0  ;DZ8Q200XAT     ;20240223 ;RDH10265/2 R1A     ;1310.00 ;39C   ;40%   ;-2.42  ;-3.21  ;   0
 3 ;S222-1 ;RRU247924B824B2024B28BM01* ;BXP_3    ;  1 ;ERICSSON ;EOLP-1396-02-IY ;1.0  ;DZ8Q200XA5     ;20240223 ;RDH10265/2 R1A     ;1310.00 ;37C   ;40%   ;-2.46  ;-3.02  ;   0
 1 ;S220-1 ;RRU247924B824B2024B28BM01* ;BXP_4    ;  1 ;ERICSSON ;EOLP-1396-02-IY ;1.0  ;DZ8Q200X8X     ;20240223 ;RDH10265/2 R1A     ;1310.00 ;32C   ;38%   ;-2.03  ;-3.69  ;   0
 4 ;S180-1 ;RRU4415B7                  ;BXP_5    ;  0 ;ERICSSON ;EOLP-1396-02-IY ;1.0  ;DZ8Q200X8K     ;20240223 ;RDH10265/2 R1A     ;1310.00 ;31C   ;38%   ;-3.59  ;-4.09  ;   0
-------------------------------------------------------------------------------------------------------------------------------------
TN ;       ;BB6631                     ;000100   ;IA2 ;ERICSSON ;NDAAF9-E201     ;E    ;APF24102015W9N ;20240310 ;RPM777053/1000 R1B ;NA      ;NA    ;NA    ;NA     ;NA     ; 0/0
-------------------------------------------------------------------------------------------------------------------------------------

=====================================================================================================================================
BOARD  ;LNH    ;PORT       ;T ;S ;OpMode   ;AutoNeg ;MacAddress        ;VlanIds        ;LOS ;BER
=====================================================================================================================================
BB6631 ;000100 ;TN_IDL_A_1 ;E ;1 ;10G_FULL ;false   ;E4:0D:3B:83:E5:BF ;3901,3908,3910 ;0   ;NZ/0
BB6631 ;000100 ;TN_IDL_A_2 ;O ;1 ;10G_FULL ;false   ;E4:0D:3B:83:E5:C0 ;3908           ;0   ;0/0
-------------------------------------------------------------------------------------------------------------------------------------

radioClockState : RNT_TIME_LOCKED
-------------------------------------------------------------------------------------
Prio  ;ST  ;syncRefType    ;refStatus  ;opQualLevel  ;SyncReference
-------------------------------------------------------------------------------------
   1  ; 1  ;PTP_TIME       ;NO_FAULT   ;PRTC         ;Ptp=1,BoundaryOrdinaryClock=PTP (G_8275_1 EthernetPort=TN_IDL_A_1:SLAVE)
   2  ; 1  ;NTP_FREQUENCY  ;NO_FAULT   ;PRC          ;Ntp=1,NtpFrequencySync=NTP1 (10.31.0.54:32751 Router=45G_Traffic,InterfaceIPv4=LTE,AddressIPv4=LTE)
-------------------------------------------------------------------------------------
-------------------------------------------------------------------------------------
Prio  ;ST  ;assistRefStatus  ;recQualLevel  ;AssistingReference
-------------------------------------------------------------------------------------
   1  ; 0  ;UNKNOWN          ;PRTC          ;Synchronization=1,SyncEthInput=SyncE (SFP_DAC EthernetPort=TN_IDL_A_1)
-------------------------------------------------------------------------------------
nodeGroupRole   : SYNC_RECEIVER (syncNodePriority=3, selectionMode=NODE_PRIORITY)
-------------------------------------------------------------------------------------
DU  ;Port  ;sharedUnitRef (RiPortA - RiPortB)  ;remoteNodePriority  ;CandidateStatus
-------------------------------------------------------------------------------------
1   ;A     ;Fru=Radio-S220-1 (2 - 1)           ;1                   ;OK_NOT_ACTIVE
1   ;C     ;Fru=Radio-S222-1 (2 - 1)           ;1                   ;OK_NOT_ACTIVE
1   ;B     ;Fru=Radio-S221-1 (2 - 1)           ;1                   ;OK_ACTIVE
-------------------------------------------------------------------------------------

=====================================================================================================================================
FRU          ;LNH    ;BOARD                      ;RF  ;BP  ;TX (W/dBm)  ;VSWR (RL)   ;RX (dBm) ;UEs/gUEs  ;Sector/AntennaGroup/Cells (State:CellIds:PCIs)
=====================================================================================================================================
Radio-S180-1 ;BXP_5  ;RRU4415B7                  ; A  ;11  ;20.4 (43.1) ;1.17 (22.0) ;-98.9    ;0/-       ;SE=180 AG=180 FDD=ZA34L1 (1:21:82)
Radio-S180-1 ;BXP_5  ;RRU4415B7                  ; B  ;11  ;-           ;1.07 (28.9) ;-98.8    ;0/-       ;SE=180 AG=180 FDD=ZA34L1 (1:21:82)
Radio-S180-1 ;BXP_5  ;RRU4415B7                  ; C  ;11  ;20.4 (43.1) ;1.21 (20.5) ;-99.1    ;0/-       ;SE=182 AG=182 FDD=ZA34L3 (1:23:84)
Radio-S180-1 ;BXP_5  ;RRU4415B7                  ; D  ;11  ;-           ;1.23 (19.8) ;-99.1    ;0/-       ;SE=182 AG=182 FDD=ZA34L3 (1:23:84)
Radio-S220-1 ;BXP_4  ;RRU247924B824B2024B28BM01* ; A  ;11  ;15.5 (41.9) ;1.23 (19.6) ;-90.3    ;-/-       ;SE=220* AG=220 GT=ZA34D1/0 GT=ZA34D1/1 (1, 1)
Radio-S220-1 ;BXP_4  ;RRU247924B824B2024B28BM01* ; B  ;11  ;19.1 (42.8) ;1.15 (23.1) ;-96.8    ;-/-       ;SE=220* AG=220 GT=ZA34D1/0 GT=ZA34D1/1 (1, 1)
Radio-S220-1 ;BXP_4  ;RRU247924B824B2024B28BM01* ; C  ;11  ;7.4 (38.7)  ;1.06 (31.4) ;-84.7    ;-/-       ;SE=220* AG=220 GT=ZA34D1/0 GT=ZA34D1/1 (1, 1)
Radio-S220-1 ;BXP_4  ;RRU247924B824B2024B28BM01* ; D  ;11  ;7.4 (38.7)  ;1.14 (23.9) ;-97.2    ;-/-       ;SE=220* AG=220 GT=ZA34D1/0 GT=ZA34D1/1 (1, 1)
Radio-S221-1 ;BXP_2  ;RRU247924B824B2024B28BM01* ; A  ;11  ;13.7 (41.4) ;1.11 (25.9) ;-95.9    ;-/-       ;SE=221* AG=221 GT=ZA34D2/0 GT=ZA34D2/1 (1, 1)
Radio-S221-1 ;BXP_2  ;RRU247924B824B2024B28BM01* ; B  ;11  ;13.5 (41.3) ;1.19 (21.4) ;-95.9    ;-/-       ;SE=221* AG=221 GT=ZA34D2/0 GT=ZA34D2/1 (1, 1)
Radio-S221-1 ;BXP_2  ;RRU247924B824B2024B28BM01* ; C  ;11  ;5.0 (37.0)  ;1.11 (26.0) ;-95.9    ;-/-       ;SE=221* AG=221 GT=ZA34D2/0 GT=ZA34D2/1 (1, 1)
Radio-S221-1 ;BXP_2  ;RRU247924B824B2024B28BM01* ; D  ;11  ;5.0 (37.0)  ;1.09 (27.2) ;-94.9    ;-/-       ;SE=221* AG=221 GT=ZA34D2/0 GT=ZA34D2/1 (1, 1)
Radio-S222-1 ;BXP_3  ;RRU247924B824B2024B28BM01* ; A  ;11  ;15.7 (42.0) ;1.18 (21.6) ;-93.4    ;-/-       ;SE=222* AG=222 GT=ZA34D3/0 GT=ZA34D3/1 (1, 1)
Radio-S222-1 ;BXP_3  ;RRU247924B824B2024B28BM01* ; B  ;11  ;18.2 (42.6) ;1.18 (21.5) ;-92.5    ;-/-       ;SE=222* AG=222 GT=ZA34D3/0 GT=ZA34D3/1 (1, 1)
Radio-S222-1 ;BXP_3  ;RRU247924B824B2024B28BM01* ; C  ;11  ;7.9 (39.0)  ;1.13 (24.6) ;-91.3    ;-/-       ;SE=222* AG=222 GT=ZA34D3/0 GT=ZA34D3/1 (1, 1)
Radio-S222-1 ;BXP_3  ;RRU247924B824B2024B28BM01* ; D  ;11  ;7.9 (39.0)  ;1.12 (25.0) ;-90.9    ;-/-       ;SE=222* AG=222 GT=ZA34D3/0 GT=ZA34D3/1 (1, 1)
-------------------------------------------------------------------------------------------------------------------------------------

ZA34L> mfar

251125-08:26:37+0100 19.31.16.97 25.0h MSRBS_NODE_MODEL_25.Q1_693.28324.131_62ac stopfile=/tmp/1020794
.....
Last MO: 16645. Loaded 16645 MOs. Total: 16646 MOs.
.........................................
get /rop/A20251125.0545-0600_ZA34L.xml.gz /ericsson/log/amos/moshell_logfiles/t20251125_37258710_65084/logs_moshell/pmfiles/19.31.16.97/rop/A20251125.0545-0600_ZA34L.xml.gz ... OK
get /rop/A20251125.0600-0615_ZA34L.xml.gz /ericsson/log/amos/moshell_logfiles/t20251125_37258710_65084/logs_moshell/pmfiles/19.31.16.97/rop/A20251125.0600-0615_ZA34L.xml.gz ... OK
get /rop/A20251125.0615-0630_ZA34L.xml.gz /ericsson/log/amos/moshell_logfiles/t20251125_37258710_65084/logs_moshell/pmfiles/19.31.16.97/rop/A20251125.0615-0630_ZA34L.xml.gz ... OK

Using hardcoded thresholds: 3, 4.5, and 16.5
================================================================================================================================
SC     SE  Tx/Rx BrPair  RfPort1 - RfPort2               HW       Serial      Cell (State)   Samples   Med  Mean  SDev Pol Res Issue
================================================================================================================================
ZA34L1 180   2/2 0 (1,2) Radio-S180-1(A) Radio-S180-1(B) RRU4415  DH80212912  FDD=ZA34L1 (1)    5796  -2.5  -2.1   6.1  NA  OK Passed
ZA34L3 182   2/2 0 (1,2) Radio-S180-1(C) Radio-S180-1(D) RRU4415  DH80212912  FDD=ZA34L3 (1)   52150  -0.5   0.1   6.5  NA  OK Passed
================================================================================================================================
Total: 2 SectorCarriers, 2 RfBranch Pairs (2 OK, 0 OKW, 0 NOK, 0 NT)
.....
Last MO: 16645. Loaded 16645 MOs. Total: 16646 MOs.

No NRSectorCarrier MOs are defined on the node.

ZA34L> mfitr

251125-08:26:57+0100 19.31.16.97 25.0h MSRBS_NODE_MODEL_25.Q1_693.28324.131_62ac stopfile=/tmp/1020794
.........
Last MO: 16645. Loaded 16645 MOs. Total: 16646 MOs.
........
2025-11-25 08:27
================================================================================================================================
CELL       SC     FRU          BOARD     PUSCH  PUCCH       A      B      C      D  DELTA
================================================================================================================================
FDD=ZA34L1 ZA34L1 Radio-S180-1 RRU4415B7 -117.9 -117.8 -118.0 -117.9                  0.1
FDD=ZA34L3 ZA34L3 Radio-S180-1 RRU4415B7 -118.4 -118.3               -118.1 -118.1      0
================================================================================================================================
Bye...
Output has been logged to file /mta_fs/UserFiles/37258710/amosbatch/SDIR/ZA34L.log
