Logging to file /mta_fs/UserFiles/37258710/amosbatch/SDIR/ZA39L.log
                        __  __  ____   _____
                  /\   |  \/  |/ __ \ / ____|
                 /  \  | \  / | |  | | (___  
                / /\ \ | |\/| | |  | |\___ \ 
               / ____ \| |  | | |__| |____) |
              /_/    \_\_|  |_|\____/|_____/
              OSS Framework for MoShell-25.0h 
  Copyright (c) Ericsson AB 2001-2025 - All Rights Reserved
              
           
[1;31mWARNING: [0mthe AMOS version currently running is more than 29 weeks old and is unsupported.
Please upgrade as soon as possible to the latest released version, available from your local Ericsson support.

$amosrb_pid = 2444785

Checking ip contact...OK

HELP MENU            : h
BASIC MO COMMANDS    : m
OTHER MO COMMANDS    : n
OTHER COMMANDS       : o
PM COMMANDS          : p
QUIT                 : q

ZA39L> lt all

251125-13:05:26+0100 19.31.16.139 25.0h  stopfile=/tmp/2444642
Looking up temporary_amos account... OK.
Trying temporary_amos_t20251125_37258710_65084_131's password from amos lookupAccount ... OK

$ssh_pid = 2445189

Connected to 19.31.16.139 (SubNetwork=BBMM_rckomc_R,MeContext=ZA39L,ManagedElement=ZA39L)

Checking MOM version...MSRBS_NODE_MODEL_25.Q1_693.28324.131_62ac
Parsing MOM (cached): /ericsson/log/amos/moshell_logfiles/t20251125_37258710_65084/logs_moshell/tempfiles/scp-4-amos_20251125-130519_2444466/MSRBS_NODE_MODEL_25.Q1_693.28324.131_62ac.xml.cache.gz ..................................................................................................................................................................................................................................Done.
Using paramfile /opt/ericsson/amos/moshell/commonjars/pm/PARAM_MSRBS_25.Q1.txt
Parsing file /opt/ericsson/amos/moshell/commonjars/pm/PARAM_MSRBS_25.Q1.txt .......................................................................................Done.
Using imomdfile /opt/ericsson/amos/moshell/commonjars/pm/IMOMD_MSRBS_22.Q4.txt
Using imomfile /opt/ericsson/amos/moshell/commonjars/pm/IMOM_MSRBS_25.Q1.txt
Connected to 19.31.16.139 (SubNetwork=BBMM_rckomc_R,MeContext=ZA39L,ManagedElement=ZA39L)

Last MO: 17102. Loaded 17102 MOs. Total: 17103 MOs.

ZA39L> st cell

251125-13:05:40+0100 19.31.16.139 25.0h MSRBS_NODE_MODEL_25.Q1_693.28324.131_62ac stopfile=/tmp/2444642
===================================================================================
Proxy  Adm State     Op. State     MO
===================================================================================
   52  1 (UNLOCKED)  1 (ENABLED)   ENodeBFunction=1,EUtranCellFDD=ZA39F1
  122  1 (UNLOCKED)  1 (ENABLED)   ENodeBFunction=1,EUtranCellFDD=ZA39F2
  192  1 (UNLOCKED)  1 (ENABLED)   ENodeBFunction=1,EUtranCellFDD=ZA39L1
  313  1 (UNLOCKED)  1 (ENABLED)   ENodeBFunction=1,EUtranCellFDD=ZA39L2
===================================================================================
Total: 4 MOs

ZA39L> st radio

251125-13:05:40+0100 19.31.16.139 25.0h MSRBS_NODE_MODEL_25.Q1_693.28324.131_62ac stopfile=/tmp/2444642
===================================================================================
Proxy  Adm State     Op. State     MO
===================================================================================
 1277  1 (UNLOCKED)  1 (ENABLED)   Equipment=1,FieldReplaceableUnit=Radio-S190-1
 1292  1 (UNLOCKED)  1 (ENABLED)   Equipment=1,FieldReplaceableUnit=Radio-S191-1
 1307  1 (UNLOCKED)  1 (ENABLED)   Equipment=1,FieldReplaceableUnit=Radio-S20-1
 1320  1 (UNLOCKED)  1 (ENABLED)   Equipment=1,FieldReplaceableUnit=Radio-S21-1
 1333  1 (UNLOCKED)  1 (ENABLED)   Equipment=1,FieldReplaceableUnit=Radio-S220-1
 1360  1 (UNLOCKED)  1 (ENABLED)   Equipment=1,FieldReplaceableUnit=Radio-S221-1
17096  1 (UNLOCKED)  1 (ENABLED)   Transport=1,Synchronization=1,RadioEquipmentClock=1,RadioEquipmentClockReference=PTP8275_2
17097  1 (UNLOCKED)  1 (ENABLED)   Transport=1,Synchronization=1,RadioEquipmentClock=1,RadioEquipmentClockReference=SyncE
===================================================================================
Total: 8 MOs

ZA39L> sdir

251125-13:05:41+0100 19.31.16.139 25.0h MSRBS_NODE_MODEL_25.Q1_693.28324.131_62ac stopfile=/tmp/2444642
INFO: Using amos lookupAccount credentials for the export login
...............................
get /rop/A20251125.1115-1130_ZA39L.xml.gz /ericsson/log/amos/moshell_logfiles/t20251125_37258710_65084/logs_moshell/pmfiles/19.31.16.139/rop/A20251125.1115-1130_ZA39L.xml.gz ... OK
get /rop/A20251125.1130-1145_ZA39L.xml.gz /ericsson/log/amos/moshell_logfiles/t20251125_37258710_65084/logs_moshell/pmfiles/19.31.16.139/rop/A20251125.1130-1145_ZA39L.xml.gz ... OK
get /rop/A20251125.1145-1200_ZA39L.xml.gz /ericsson/log/amos/moshell_logfiles/t20251125_37258710_65084/logs_moshell/pmfiles/19.31.16.139/rop/A20251125.1145-1200_ZA39L.xml.gz ... OK
....Checking available boards on node...

Collecting RCS board data ...
.........................................................................................................................
................................
...........................................................................................................................................................................................................................................................................................................................................
............
Collecting TN data...
...........................................................................................................................
Getting MO data from node (55 MOs). Please wait...
0%                                             ~50%                                           ~100%
...............................................................................................................................
Collecting RF data...
....
Collecting Alarms...
Executing action Log.export()
...
Log=AlarmLog                    actionId=7077
........
Executing action LogM.exportAvailabilityLog()
..LogM=1,exportAvailabilityLog    actionId=7078
.....Parsing alarmLog.......Done.
Parsing availabilityLog......Done.
........

Total: 6 CPRI links (6 OK, 0 OKW, 0 NOK, 0 NT)
.
+--------+                      +----------------------------+
|        | A        O101     D2 |        Radio-S220-1        |
|        |-----------1----------| RRU247924B824B2024B28BM01* |
|        |         OK-56m       |           BXP_6            |
|        |                      +----------------------------+
|        |                                     |A  |B  |C  |D
|        |             SE=220* AG=220 GT=ZA39D1/0 GT=ZA39D1/1
|        |
|        |                      +----------------------------+
|        | B        O101     D2 |        Radio-S221-1        |
|        |-----------2----------| RRU247924B824B2024B28BM01* |
|        |         OK-56m       |           BXP_4            |
|        |                      +----------------------------+
|        |                                     |A  |B  |C  |D
|        |             SE=221* AG=221 GT=ZA39D2/0 GT=ZA39D2/1
|        |
|        |                      +---------------+
|        | D        O101     D1 | Radio-S190-1  |
|  BB-1  |-----------3----------|   RRU4415B7   |
| BB6631 |         OK-56m       |     BXP_5     |
| 000100 |                      +---------------+
|        |                        |A  |B  |C  |D
|        |              SE=190 AG=190 FDD=ZA39L1
|        |
|        |                      +---------------+
|        | E        O101     D1 | Radio-S191-1  |
|        |-----------4----------|   RRU4415B7   |
|        |         OK-56m       |     BXP_3     |
|        |                      +---------------+
|        |                        |A  |B  |C  |D
|        |              SE=191 AG=191 FDD=ZA39L2
|        |
|        |                      +-------------+           +-------------+
|        | G        O101     D1 | Radio-S20-1 | D2 O101 D1| Radio-S21-1 |
|        |-----------5----------| RRU2012B32A |-----6-----| RRU2012B32A |
|        |         OK-23m       |    BXP_2    |   OK-10m  |    BXP_7    |
|        |                      +-------------+           +-------------+
|        |                              |A  |B                    |A  |B
+--------+              SE=20 AG=20 FDD=ZA39F1    SE=21 AG=21 FDD=ZA39F2

=====================================================================================================================================
ID RiL    Type Res MO1-MO2                         BOARD1-BOARD2                     AlmIDs Cells (States)                Issue (Failed checks)
=====================================================================================================================================
 1 S220-1 O101 OK  BB-1(A) Radio-S220-1(D2)        BB6631 RRU247924B824B2024B28BM01*        GT=ZA39D1/0 GT=ZA39D1/1 (1,1) Passed
 2 S221-1 O101 OK  BB-1(B) Radio-S221-1(D2)        BB6631 RRU247924B824B2024B28BM01*        GT=ZA39D2/0 GT=ZA39D2/1 (1,1) Passed
 3 S190-1 O101 OK  BB-1(D) Radio-S190-1(D1)        BB6631 RRU4415B7                         FDD=ZA39L1 (1)                Passed
 4 S191-1 O101 OK  BB-1(E) Radio-S191-1(D1)        BB6631 RRU4415B7                         FDD=ZA39L2 (1)                Passed
 5 S20-1  O101 OK  BB-1(G) Radio-S20-1(D1)         BB6631 RRU2012B32A                       FDD=ZA39F1 (1)                Passed
 6 S21-1  O101 OK  Radio-S20-1(D2) Radio-S21-1(D1) RRU2012B32A RRU2012B32A                  FDD=ZA39F2 (1)                Passed
-------------------------------------------------------------------------------------------------------------------------------------

Node: RadioNode GL   CXP2010174/2_R27J08 (25.Q1)   G3.1   GSM LTE-FDD 

=====================================================================================================================================
FRU          ;LNH    ;BOARD                      ;ST ;FAULT ;OPER ;MAINT ;STAT ;PRODUCTNUMBER   ;REV     ;SERIAL        ;DATE     ;PMTEMP ; TEMP ; UPT ;VOLT ;SW                   ;
=====================================================================================================================================
BB-1         ;000100 ;BB6631                     ; 1 ;  OFF ;  ON ;  OFF ;  ON ;KDU1370071/11   ;R2A     ;E96A00ZU2E    ;20230420 ;3 (OK) ;      ; 130 ;52   ;                     ;
Radio-S190-1 ;BXP_5  ;RRU4415B7                  ; 1 ;  OFF ;  ON ;  OFF ; N/A ;KRC161495/1     ;R5J     ;TU8U022WYR    ;20230516 ;4 (OK) ; 31.5 ; 130 ;53.2 ;CXP9013268%15_R101LX ; (Radio4415B7)
Radio-S191-1 ;BXP_3  ;RRU4415B7                  ; 1 ;  OFF ;  ON ;  OFF ; N/A ;KRC161495/1     ;R5J     ;TU8U022WYQ    ;20230516 ;4 (OK) ; 45.5 ; 130 ;51.2 ;CXP9013268%15_R101LX ; (Radio4415B7)
Radio-S20-1  ;BXP_2  ;RRU2012B32A                ; 1 ;  OFF ;  ON ;  OFF ; N/A ;KRC161604/1     ;R2C     ;TU8U023MHW    ;20230602 ;4 (OK) ; 33.3 ; 130 ;52.1 ;CXP9013268%15_R101LX ; (Radio2012B32A)
Radio-S21-1  ;BXP_7  ;RRU2012B32A                ; 1 ;  OFF ;  ON ;  OFF ; N/A ;KRC161604/1     ;R2C     ;TU8U023MJ0    ;20230602 ;4 (OK) ; 32.5 ; 130 ;52.1 ;CXP9013268%15_R101LX ; (Radio2012B32A)
Radio-S220-1 ;BXP_6  ;RRU247924B824B2024B28BM01* ; 1 ;  OFF ;  ON ;  OFF ; N/A ;KRC161832/1     ;R2F     ;TU8U022W56    ;20230516 ;4 (OK) ; 48.8 ; 130 ;52.1 ;CXP9013268%15_R101LX ; (Radio247924B824B2024B28BM01)
Radio-S221-1 ;BXP_4  ;RRU247924B824B2024B28BM01* ; 1 ;  OFF ;  ON ;  OFF ; N/A ;KRC161832/1     ;R2F     ;TU8U022X46    ;20230516 ;4 (OK) ; 42.0 ; 130 ;52.4 ;CXP9013268%15_R101LX ; (Radio247924B824B2024B28BM01)
-------------------------------------------------------------------------------------------------------------------------------------

=====================================================================================================================================
XPBOARD  ;ST ;FAULT ;OPER ;PRODUCTNUMBER ;REV ;SERIAL/NAME ;DATE     ; TEMP ;MO
=====================================================================================================================================
FAN08    ; 1 ;N/A   ;N/A  ;BKV106236/1   ;R2F ;DD111V6328  ;20220617 ; 37.0 ;SupportUnit=1 (FAN  BB-1)
-------------------------------------------------------------------------------------------------------------------------------------

=====================================================================================================================================
ID ;T ;RiL    ;BPBP ;BOARD1                     ;LNH1 ;PORT ;R ;LINK ;RATE  ; BER ;BOARD2                     ;LNH2 ;PORT ;R ;LINK ;RATE  ; BER ;LENGTH ;MO1 - MO2
=====================================================================================================================================
 1 ;O ;S220-1 ;1111 ;BB6631                     ;000100 ; 1 ;M ;Up   ;10.1G ;   0 ;RRU247924B824B2024B28BM01* ;BXP_6  ; 1 ;S ;Up   ;10.1G ;   0 ;   56m ;Fru=BB-1(A) Fru=Radio-S220-1(D2)
 2 ;O ;S221-1 ;1111 ;BB6631                     ;000100 ; 2 ;M ;Up   ;10.1G ;   0 ;RRU247924B824B2024B28BM01* ;BXP_4  ; 1 ;S ;Up   ;10.1G ;   0 ;   56m ;Fru=BB-1(B) Fru=Radio-S221-1(D2)
 3 ;O ;S190-1 ;1111 ;BB6631                     ;000100 ; 4 ;M ;Up   ;10.1G ;   0 ;RRU4415B7                  ;BXP_5  ; 0 ;S ;Up   ;10.1G ;   0 ;   56m ;Fru=BB-1(D) Fru=Radio-S190-1(D1)
 4 ;O ;S191-1 ;1111 ;BB6631                     ;000100 ; 5 ;M ;Up   ;10.1G ;   0 ;RRU4415B7                  ;BXP_3  ; 0 ;S ;Up   ;10.1G ;   0 ;   56m ;Fru=BB-1(E) Fru=Radio-S191-1(D1)
 5 ;O ; S20-1 ;1111 ;BB6631                     ;000100 ; 7 ;M ;Up   ;10.1G ;   0 ;RRU2012B32A                ;BXP_2  ; 0 ;S ;Up   ;10.1G ;   0 ;   23m ;Fru=BB-1(G) Fru=Radio-S20-1(D1)
 6 ;O ; S21-1 ;1111 ;RRU2012B32A                ;BXP_2  ; 1 ;M ;Up   ;10.1G ;   0 ;RRU2012B32A                ;BXP_7  ; 0 ;S ;Up   ;10.1G ;   0 ;   10m ;Fru=Radio-S20-1(D2) Fru=Radio-S21-1(D1)
-------------------------------------------------------------------------------------------------------------------------------------

=====================================================================================================================================
ID ;LINK ;RiL    ;VENDOR1  ;VENDORPROD1      ;REV1 ;SERIAL1         ;DATE1    ;ERICSSONPROD1      ;VENDOR2  ;VENDORPROD2      ;REV2 ;SERIAL2         ;DATE2    ;ERICSSONPROD2      ;TT ;WL1     ;WL2    
=====================================================================================================================================
 1 ;Up   ;S220-1 ;ERICSSON ;SPP10ELRIDFSEN   ;10   ;CT73596234      ;20230423 ;RDH10265/2 R1A     ;ERICSSON ;SPP10ELRIDFSEN   ;10   ;CT73596516      ;20230423 ;RDH10265/2 R1A     ;0  ;1310.00 ;1310.00
 2 ;Up   ;S221-1 ;ERICSSON ;SPP10ELRIDFSEN   ;10   ;CT73598931      ;20230423 ;RDH10265/2 R1A     ;ERICSSON ;SPP10ELRIDFSEN   ;10   ;CT73599048      ;20230423 ;RDH10265/2 R1A     ;0  ;1310.00 ;1310.00
 3 ;Up   ;S190-1 ;ERICSSON ;SPP10ELRIDFSEN   ;10   ;CT73598956      ;20230423 ;RDH10265/2 R1A     ;ERICSSON ;SPP10ELRIDFSEN   ;10   ;CT73598750      ;20230423 ;RDH10265/2 R1A     ;0  ;1310.00 ;1310.00
 4 ;Up   ;S191-1 ;ERICSSON ;SPP10ELRIDFSEN   ;10   ;CT73598758      ;20230423 ;RDH10265/2 R1A     ;ERICSSON ;SPP10ELRIDFSEN   ;10   ;CT73597051      ;20230423 ;RDH10265/2 R1A     ;0  ;1310.00 ;1310.00
 5 ;Up   ; S20-1 ;ERICSSON ;SPP10ELRIDFSEN   ;10   ;CT73599450      ;20230423 ;RDH10265/2 R1A     ;ERICSSON ;SPP10ELRIDFSEN   ;10   ;CT73598761      ;20230423 ;RDH10265/2 R1A     ;0  ;1310.00 ;1310.00
 6 ;Up   ; S21-1 ;ERICSSON ;LCP-10G3B4HDRME4 ;A    ;2213094A2456539 ;20220329 ;RDH10265/2 R1A     ;ERICSSON ;LCP-10G3B4HDRME4 ;A    ;2212094A2458966 ;20220324 ;RDH10265/2 R1A     ;0  ;1310.00 ;1310.00
-------------------------------------------------------------------------------------------------------------------------------------

=====================================================================================================================================
ID ;LINK ;RiL    ;WL1     ;TEMP1 ;TXbs1 ;TXdBm1 ;RXdBm1 ;BER1   ;WL2     ;TEMP2 ;TXbs2 ;TXdBm2 ;RXdBm2 ;BER2   ;DlLoss ;UlLoss ;LENGTH ;TT
=====================================================================================================================================
 1 ;Up   ;S220-1 ;1310.00 ;37C   ;45%   ;-2.13  ;-3.15  ;   0   ;1310.00 ;48C   ;44%   ;-3.03  ;-3.05  ;   0   ;  0.92 ;  0.12 ;   56m ; 0
 2 ;Up   ;S221-1 ;1310.00 ;38C   ;44%   ;-2.71  ;-3.33  ;   0   ;1310.00 ;41C   ;46%   ;-4.00  ;-2.84  ;   0   ;  0.13 ; -0.67 ;   56m ; 0
 3 ;Up   ;S190-1 ;1310.00 ;38C   ;49%   ;-2.25  ;-1.32  ;   0   ;1310.00 ;34C   ;40%   ;-2.01  ;-2.60  ;   0   ;  0.35 ; -0.69 ;   56m ; 0
 4 ;Up   ;S191-1 ;1310.00 ;33C   ;44%   ;-2.72  ;-3.15  ;   0   ;1310.00 ;44C   ;48%   ;-2.22  ;-5.06  ;   0   ;  2.34 ;  0.93 ;   56m ; 0
 5 ;Up   ; S20-1 ;1310.00 ;38C   ;45%   ;-3.62  ;-1.30  ;   0   ;1310.00 ;37C   ;47%   ;-2.20  ;-3.96  ;   0   ;  0.34 ;  -0.9 ;   23m ; 0
 6 ;Up   ; S21-1 ;1310.00 ;32C   ;44%   ;-3.57  ;-3.33  ;   0   ;1310.00 ;29C   ;38%   ;-3.24  ;-4.19  ;   0   ;  0.62 ;  0.09 ;   10m ; 0
-------------------------------------------------------------------------------------------------------------------------------------

=====================================================================================================================================
ID ;RiL    ;BOARD                      ;SFPLNH  ;PORT ;VENDOR   ;VENDORPROD       ;REV  ;SERIAL          ;DATE     ;ERICSSONPROD       ;WL      ;TEMP  ;TXbs  ;TXdBm  ;RXdBm  ; BER
=====================================================================================================================================
 1 ;S220-1 ;BB6631                     ;000100   ;  1 ;ERICSSON ;SPP10ELRIDFSEN   ;10   ;CT73596234      ;20230423 ;RDH10265/2 R1A     ;1310.00 ;37C   ;45%   ;-2.13  ;-3.15  ;   0
 2 ;S221-1 ;BB6631                     ;000100   ;  2 ;ERICSSON ;SPP10ELRIDFSEN   ;10   ;CT73598931      ;20230423 ;RDH10265/2 R1A     ;1310.00 ;38C   ;44%   ;-2.71  ;-3.33  ;   0
 3 ;S190-1 ;BB6631                     ;000100   ;  4 ;ERICSSON ;SPP10ELRIDFSEN   ;10   ;CT73598956      ;20230423 ;RDH10265/2 R1A     ;1310.00 ;38C   ;49%   ;-2.25  ;-1.32  ;   0
 4 ;S191-1 ;BB6631                     ;000100   ;  5 ;ERICSSON ;SPP10ELRIDFSEN   ;10   ;CT73598758      ;20230423 ;RDH10265/2 R1A     ;1310.00 ;33C   ;44%   ;-2.72  ;-3.15  ;   0
 5 ; S20-1 ;BB6631                     ;000100   ;  7 ;ERICSSON ;SPP10ELRIDFSEN   ;10   ;CT73599450      ;20230423 ;RDH10265/2 R1A     ;1310.00 ;38C   ;45%   ;-3.62  ;-1.30  ;   0
 5 ; S20-1 ;RRU2012B32A                ;BXP_2    ;  0 ;ERICSSON ;SPP10ELRIDFSEN   ;10   ;CT73598761      ;20230423 ;RDH10265/2 R1A     ;1310.00 ;37C   ;47%   ;-2.20  ;-3.96  ;   0
 6 ; S21-1 ;RRU2012B32A                ;BXP_2    ;  1 ;ERICSSON ;LCP-10G3B4HDRME4 ;A    ;2213094A2456539 ;20220329 ;RDH10265/2 R1A     ;1310.00 ;32C   ;44%   ;-3.57  ;-3.33  ;   0
 4 ;S191-1 ;RRU4415B7                  ;BXP_3    ;  0 ;ERICSSON ;SPP10ELRIDFSEN   ;10   ;CT73597051      ;20230423 ;RDH10265/2 R1A     ;1310.00 ;44C   ;48%   ;-2.22  ;-5.06  ;   0
 2 ;S221-1 ;RRU247924B824B2024B28BM01* ;BXP_4    ;  1 ;ERICSSON ;SPP10ELRIDFSEN   ;10   ;CT73599048      ;20230423 ;RDH10265/2 R1A     ;1310.00 ;41C   ;46%   ;-4.00  ;-2.84  ;   0
 3 ;S190-1 ;RRU4415B7                  ;BXP_5    ;  0 ;ERICSSON ;SPP10ELRIDFSEN   ;10   ;CT73598750      ;20230423 ;RDH10265/2 R1A     ;1310.00 ;34C   ;40%   ;-2.01  ;-2.60  ;   0
 1 ;S220-1 ;RRU247924B824B2024B28BM01* ;BXP_6    ;  1 ;ERICSSON ;SPP10ELRIDFSEN   ;10   ;CT73596516      ;20230423 ;RDH10265/2 R1A     ;1310.00 ;48C   ;44%   ;-3.03  ;-3.05  ;   0
 6 ; S21-1 ;RRU2012B32A                ;BXP_7    ;  0 ;ERICSSON ;LCP-10G3B4HDRME4 ;A    ;2212094A2458966 ;20220324 ;RDH10265/2 R1A     ;1310.00 ;29C   ;38%   ;-3.24  ;-4.19  ;   0
-------------------------------------------------------------------------------------------------------------------------------------
TN ;       ;BB6631                     ;000100   ;IA2 ;ERICSSON ;42020201934      ;A0   ;202301200666    ;20230101 ;RPM777053/1000 R1B ;NA      ;NA    ;NA    ;NA     ;NA     ; 0/0
-------------------------------------------------------------------------------------------------------------------------------------

=====================================================================================================================================
BOARD  ;LNH    ;PORT       ;T ;S ;OpMode   ;AutoNeg ;MacAddress        ;VlanIds        ;LOS ;BER
=====================================================================================================================================
BB6631 ;000100 ;TN_IDL_A_1 ;E ;1 ;10G_FULL ;false   ;E0:47:35:E4:58:C6 ;3901,3908,3910 ;0   ;0/0
BB6631 ;000100 ;TN_IDL_A_2 ;O ;1 ;10G_FULL ;false   ;E0:47:35:E4:58:C7 ;3908           ;0   ;0/0
-------------------------------------------------------------------------------------------------------------------------------------

Last MO: 17102. Loaded 17102 MOs. Total: 17103 MOs.
radioClockState : RNT_TIME_LOCKED
-------------------------------------------------------------------------------------
Prio  ;ST  ;syncRefType  ;refStatus  ;opQualLevel  ;SyncReference
-------------------------------------------------------------------------------------
   1  ; 1  ;PTP_TIME     ;NO_FAULT   ;PRTC         ;Ptp=1,BoundaryOrdinaryClock=1 (G_8275_2 Router=45G_Traffic,InterfaceIPv4=LTE,AddressIPv4=LTE:SLAVE)
   2  ; 1  ;SYNC_E       ;NO_FAULT   ;PRTC         ;Synchronization=1,SyncEthInput=SyncE (SFP_DAC EthernetPort=TN_IDL_A_1)
-------------------------------------------------------------------------------------
nodeGroupRole   : SYNC_RECEIVER (syncNodePriority=3, selectionMode=NODE_PRIORITY)
-------------------------------------------------------------------------------------
DU  ;Port  ;sharedUnitRef (RiPortA - RiPortB)  ;remoteNodePriority  ;CandidateStatus
-------------------------------------------------------------------------------------
1   ;A     ;Fru=Radio-S220-1 (2 - 1)           ;1                   ;OK_NOT_ACTIVE
1   ;B     ;Fru=Radio-S221-1 (2 - 1)           ;1                   ;OK_ACTIVE
-------------------------------------------------------------------------------------

=====================================================================================================================================
FRU          ;LNH    ;BOARD                      ;RF  ;BP  ;TX (W/dBm)  ;VSWR (RL)   ;RX (dBm) ;UEs/gUEs  ;Sector/AntennaGroup/Cells (State:CellIds:PCIs)
=====================================================================================================================================
Radio-S190-1 ;BXP_5  ;RRU4415B7                  ; A  ;11  ;21.4 (43.3) ;1.16 (22.8) ;-97.9    ;14/-      ;SE=190 AG=190 FDD=ZA39L1 (1:21:359)
Radio-S190-1 ;BXP_5  ;RRU4415B7                  ; B  ;11  ;-           ;1.10 (26.8) ;-97.2    ;14/-      ;SE=190 AG=190 FDD=ZA39L1 (1:21:359)
Radio-S190-1 ;BXP_5  ;RRU4415B7                  ; C  ;11  ;16.6 (42.2) ;1.25 (19.2) ;-97.9    ;14/-      ;SE=190 AG=190 FDD=ZA39L1 (1:21:359)
Radio-S190-1 ;BXP_5  ;RRU4415B7                  ; D  ;11  ;-           ;1.16 (22.6) ;-97.3    ;14/-      ;SE=190 AG=190 FDD=ZA39L1 (1:21:359)
Radio-S191-1 ;BXP_3  ;RRU4415B7                  ; A  ;11  ;14.5 (41.6) ;1.18 (21.5) ;-99.3    ;11/-      ;SE=191 AG=191 FDD=ZA39L2 (1:22:355)
Radio-S191-1 ;BXP_3  ;RRU4415B7                  ; B  ;11  ;14.8 (41.7) ;1.11 (25.6) ;-98.4    ;11/-      ;SE=191 AG=191 FDD=ZA39L2 (1:22:355)
Radio-S191-1 ;BXP_3  ;RRU4415B7                  ; C  ;11  ;11.5 (40.6) ;1.24 (19.5) ;-99.4    ;11/-      ;SE=191 AG=191 FDD=ZA39L2 (1:22:355)
Radio-S191-1 ;BXP_3  ;RRU4415B7                  ; D  ;11  ;13.5 (41.3) ;1.26 (18.9) ;-98.4    ;11/-      ;SE=191 AG=191 FDD=ZA39L2 (1:22:355)
Radio-S20-1  ;BXP_2  ;RRU2012B32A                ; A  ;11  ;11.2 (40.5) ;1.23 (19.8) ;         ;0/-       ;SE=20 AG=20 FDD=ZA39F1 (1:81:431)
Radio-S20-1  ;BXP_2  ;RRU2012B32A                ; B  ;11  ;11.5 (40.6) ;1.10 (26.6) ;         ;0/-       ;SE=20 AG=20 FDD=ZA39F1 (1:81:431)
Radio-S21-1  ;BXP_7  ;RRU2012B32A                ; A  ;11  ;22.4 (43.5) ;1.15 (23.3) ;         ;0/-       ;SE=21 AG=21 FDD=ZA39F2 (1:82:56)
Radio-S21-1  ;BXP_7  ;RRU2012B32A                ; B  ;11  ;-           ;1.24 (19.4) ;         ;0/-       ;SE=21 AG=21 FDD=ZA39F2 (1:82:56)
Radio-S220-1 ;BXP_6  ;RRU247924B824B2024B28BM01* ; A  ;11  ;24.6 (43.9) ;1.25 (19.1) ;-89.9    ;-/-       ;SE=220* AG=220 GT=ZA39D1/0 GT=ZA39D1/1 (1, 1)
Radio-S220-1 ;BXP_6  ;RRU247924B824B2024B28BM01* ; B  ;11  ;23.7 (43.7) ;1.28 (18.2) ;-91.2    ;-/-       ;SE=220* AG=220 GT=ZA39D1/0 GT=ZA39D1/1 (1, 1)
Radio-S220-1 ;BXP_6  ;RRU247924B824B2024B28BM01* ; C  ;11  ;21.9 (43.4) ;1.24 (19.5) ;-90.9    ;-/-       ;SE=220* AG=220 GT=ZA39D1/0 GT=ZA39D1/1 (1, 1)
Radio-S220-1 ;BXP_6  ;RRU247924B824B2024B28BM01* ; D  ;11  ;18.2 (42.6) ;1.17 (22.1) ;-90.3    ;-/-       ;SE=220* AG=220 GT=ZA39D1/0 GT=ZA39D1/1 (1, 1)
Radio-S221-1 ;BXP_4  ;RRU247924B824B2024B28BM01* ; A  ;11  ;23.3 (43.7) ;1.24 (19.4) ;-88.1    ;-/-       ;SE=221* AG=221 GT=ZA39D2/0 GT=ZA39D2/1 (1, 1)
Radio-S221-1 ;BXP_4  ;RRU247924B824B2024B28BM01* ; B  ;11  ;8.3 (39.2)  ;1.20 (21.0) ;-88.5    ;-/-       ;SE=221* AG=221 GT=ZA39D2/0 GT=ZA39D2/1 (1, 1)
Radio-S221-1 ;BXP_4  ;RRU247924B824B2024B28BM01* ; C  ;11  ;16.2 (42.1) ;1.14 (23.7) ;-88.0    ;-/-       ;SE=221* AG=221 GT=ZA39D2/0 GT=ZA39D2/1 (1, 1)
Radio-S221-1 ;BXP_4  ;RRU247924B824B2024B28BM01* ; D  ;11  ;16.6 (42.2) ;1.10 (26.6) ;-87.8    ;-/-       ;SE=221* AG=221 GT=ZA39D2/0 GT=ZA39D2/1 (1, 1)
-------------------------------------------------------------------------------------------------------------------------------------

ZA39L> mfar

251125-13:08:26+0100 19.31.16.139 25.0h MSRBS_NODE_MODEL_25.Q1_693.28324.131_62ac stopfile=/tmp/2444642
......
Last MO: 17096. Loaded 17096 MOs. Total: 17097 MOs.
..............................................
get /rop/A20251125.1030-1045_ZA39L.xml.gz /ericsson/log/amos/moshell_logfiles/t20251125_37258710_65084/logs_moshell/pmfiles/19.31.16.139/rop/A20251125.1030-1045_ZA39L.xml.gz ... OK
get /rop/A20251125.1045-1100_ZA39L.xml.gz /ericsson/log/amos/moshell_logfiles/t20251125_37258710_65084/logs_moshell/pmfiles/19.31.16.139/rop/A20251125.1045-1100_ZA39L.xml.gz ... OK
get /rop/A20251125.1100-1115_ZA39L.xml.gz /ericsson/log/amos/moshell_logfiles/t20251125_37258710_65084/logs_moshell/pmfiles/19.31.16.139/rop/A20251125.1100-1115_ZA39L.xml.gz ... OK

Using hardcoded thresholds: 3, 4.5, and 16.5
================================================================================================================================
SC     SE  Tx/Rx BrPair  RfPort1 - RfPort2               HW       Serial      Cell (State)   Samples   Med  Mean  SDev Pol Res Issue
================================================================================================================================
ZA39F1  20   2/0 0 (1,2) Radio-S20-1(A) Radio-S20-1(B)   RRU2012  TU8U023MHW  FDD=ZA39F1 (1)       0     0     0     0  NA  NT No data
ZA39F2  21   2/0 0 (1,2) Radio-S21-1(A) Radio-S21-1(B)   RRU2012  TU8U023MJ0  FDD=ZA39F2 (1)       0     0     0     0  NA  NT No data
ZA39L1 190   4/4 0 (1,2) Radio-S190-1(A) Radio-S190-1(B) RRU4415  TU8U022WYR  FDD=ZA39L1 (1)  365290   2.5   2.8   6.3   S  OK Passed
ZA39L1 190   4/4 1 (2,3) Radio-S190-1(B) Radio-S190-1(C) RRU4415  TU8U022WYR  FDD=ZA39L1 (1)  365290  -2.5  -2.9   6.3   S  OK Passed
ZA39L1 190   4/4 2 (3,4) Radio-S190-1(C) Radio-S190-1(D) RRU4415  TU8U022WYR  FDD=ZA39L1 (1)  365290   2.5   2.4   6.4   S  OK Passed
ZA39L2 191   4/4 0 (1,2) Radio-S191-1(A) Radio-S191-1(B) RRU4415  TU8U022WYQ  FDD=ZA39L2 (1)  623089   7.5   6.1   8.8   ? NOK RF Loss or PIM at Radio-S191-1(A)
ZA39L2 191   4/4 1 (2,3) Radio-S191-1(B) Radio-S191-1(C) RRU4415  TU8U022WYQ  FDD=ZA39L2 (1)  623089  -7.5  -5.9   8.7   ? NOK RF Loss or PIM at Radio-S191-1(C)
ZA39L2 191   4/4 2 (3,4) Radio-S191-1(C) Radio-S191-1(D) RRU4415  TU8U022WYQ  FDD=ZA39L2 (1)  623089   7.5   6.6   8.6   ? NOK RF Loss or PIM at Radio-S191-1(C)
================================================================================================================================
Total: 4 SectorCarriers, 8 RfBranch Pairs (3 OK, 0 OKW, 3 NOK, 2 NT)
.......
Last MO: 17096. Loaded 17096 MOs. Total: 17097 MOs.

No NRSectorCarrier MOs are defined on the node.

ZA39L> mfitr

251125-13:08:41+0100 19.31.16.139 25.0h MSRBS_NODE_MODEL_25.Q1_693.28324.131_62ac stopfile=/tmp/2444642
...........
Last MO: 17096. Loaded 17096 MOs. Total: 17097 MOs.
.........
2025-11-25 13:09
================================================================================================================================
CELL       SC     FRU          BOARD     PUSCH  PUCCH       A      B      C      D  DELTA
================================================================================================================================
FDD=ZA39L1 ZA39L1 Radio-S190-1 RRU4415B7 -119.0 -119.1 -119.0 -119.0 -119.2 -118.8    0.4
FDD=ZA39L2 ZA39L2 Radio-S191-1 RRU4415B7 -118.9 -119.0 -118.8 -118.9 -119.1 -119.1    0.3
================================================================================================================================
Bye...
Output has been logged to file /mta_fs/UserFiles/37258710/amosbatch/SDIR/ZA39L.log
