Logging to file /mta_fs/UserFiles/37258710/amosbatch/SDIR/ZA44L.log
                        __  __  ____   _____
                  /\   |  \/  |/ __ \ / ____|
                 /  \  | \  / | |  | | (___  
                / /\ \ | |\/| | |  | |\___ \ 
               / ____ \| |  | | |__| |____) |
              /_/    \_\_|  |_|\____/|_____/
              OSS Framework for MoShell-25.0h 
  Copyright (c) Ericsson AB 2001-2025 - All Rights Reserved
              
           
[1;31mWARNING: [0mthe AMOS version currently running is more than 29 weeks old and is unsupported.
Please upgrade as soon as possible to the latest released version, available from your local Ericsson support.

$amosrb_pid = 2016471

Checking ip contact...OK

HELP MENU            : h
BASIC MO COMMANDS    : m
OTHER MO COMMANDS    : n
OTHER COMMANDS       : o
PM COMMANDS          : p
QUIT                 : q

ZA44L> lt all

251125-10:53:24+0100 19.31.16.105 25.0h  stopfile=/tmp/2016359
Looking up temporary_amos account... OK.
Trying temporary_amos_t20251125_37258710_65084_131's password from amos lookupAccount ... OK

$ssh_pid = 2017063

Connected to 19.31.16.105 (SubNetwork=BBMM_rckomc_R,MeContext=ZA44L,ManagedElement=ZA44L)

Checking MOM version...MSRBS_NODE_MODEL_25.Q1_693.28324.131_62ac
Parsing MOM (cached): /ericsson/log/amos/moshell_logfiles/t20251125_37258710_65084/logs_moshell/tempfiles/scp-4-amos_20251125-105317_2016296/MSRBS_NODE_MODEL_25.Q1_693.28324.131_62ac.xml.cache.gz ..................................................................................................................................................................................................................................Done.
Using paramfile /opt/ericsson/amos/moshell/commonjars/pm/PARAM_MSRBS_25.Q1.txt
Parsing file /opt/ericsson/amos/moshell/commonjars/pm/PARAM_MSRBS_25.Q1.txt .......................................................................................Done.
Using imomdfile /opt/ericsson/amos/moshell/commonjars/pm/IMOMD_MSRBS_22.Q4.txt
Using imomfile /opt/ericsson/amos/moshell/commonjars/pm/IMOM_MSRBS_25.Q1.txt
Connected to 19.31.16.105 (SubNetwork=BBMM_rckomc_R,MeContext=ZA44L,ManagedElement=ZA44L)

Last MO: 17475. Loaded 17475 MOs. Total: 17476 MOs.

ZA44L> st cell

251125-10:53:37+0100 19.31.16.105 25.0h MSRBS_NODE_MODEL_25.Q1_693.28324.131_62ac stopfile=/tmp/2016359
===================================================================================
Proxy  Adm State     Op. State     MO
===================================================================================
   54  1 (UNLOCKED)  1 (ENABLED)   ENodeBFunction=1,EUtranCellFDD=ZA44L1
  179  1 (UNLOCKED)  1 (ENABLED)   ENodeBFunction=1,EUtranCellFDD=ZA44L3
  293  1 (UNLOCKED)  1 (ENABLED)   ENodeBFunction=1,EUtranCellFDD=ZA44L4
===================================================================================
Total: 3 MOs

ZA44L> st radio

251125-10:53:38+0100 19.31.16.105 25.0h MSRBS_NODE_MODEL_25.Q1_693.28324.131_62ac stopfile=/tmp/2016359
===================================================================================
Proxy  Adm State     Op. State     MO
===================================================================================
 1652  1 (UNLOCKED)  1 (ENABLED)   Equipment=1,FieldReplaceableUnit=Radio-S10-1
 1664  1 (UNLOCKED)  1 (ENABLED)   Equipment=1,FieldReplaceableUnit=Radio-S11-1
 1676  1 (UNLOCKED)  1 (ENABLED)   Equipment=1,FieldReplaceableUnit=Radio-S12-1
 1688  1 (UNLOCKED)  1 (ENABLED)   Equipment=1,FieldReplaceableUnit=Radio-S180-1
 1703  1 (UNLOCKED)  1 (ENABLED)   Equipment=1,FieldReplaceableUnit=Radio-S182-1
17469  1 (UNLOCKED)  1 (ENABLED)   Transport=1,Synchronization=1,RadioEquipmentClock=1,RadioEquipmentClockReference=PTP8275_2
17470  1 (UNLOCKED)  1 (ENABLED)   Transport=1,Synchronization=1,RadioEquipmentClock=1,RadioEquipmentClockReference=SyncE
===================================================================================
Total: 7 MOs

ZA44L> sdir

251125-10:53:38+0100 19.31.16.105 25.0h MSRBS_NODE_MODEL_25.Q1_693.28324.131_62ac stopfile=/tmp/2016359
INFO: Using amos lookupAccount credentials for the export login
...............................
get /rop/A20251125.0900-0915_ZA44L.xml.gz /ericsson/log/amos/moshell_logfiles/t20251125_37258710_65084/logs_moshell/pmfiles/19.31.16.105/rop/A20251125.0900-0915_ZA44L.xml.gz ... OK
get /rop/A20251125.0915-0930_ZA44L.xml.gz /ericsson/log/amos/moshell_logfiles/t20251125_37258710_65084/logs_moshell/pmfiles/19.31.16.105/rop/A20251125.0915-0930_ZA44L.xml.gz ... OK
get /rop/A20251125.0930-0945_ZA44L.xml.gz /ericsson/log/amos/moshell_logfiles/t20251125_37258710_65084/logs_moshell/pmfiles/19.31.16.105/rop/A20251125.0930-0945_ZA44L.xml.gz ... OK
....Checking available boards on node...

Collecting RCS board data ...
........................................................................................................................
..........................
.........................................................................................................................................................................................................................................
....
Collecting TN data...
...........................................................................................................................
Getting MO data from node (65 MOs). Please wait...
0%                                             ~50%                                           ~100%
..........................................................................................................................
Collecting RF data...
..
Collecting Alarms...
Executing action Log.export()
...
Log=AlarmLog                    actionId=44351
........
Executing action LogM.exportAvailabilityLog()
..LogM=1,exportAvailabilityLog    actionId=44352
.....Parsing alarmLog......Done.
Parsing availabilityLog.....Done.
.....

Total: 5 CPRI links (5 OK, 0 OKW, 0 NOK, 0 NT)
.
+--------+                      +-------------+
|        | A        O98      D1 | Radio-S10-1 |
|        |-----------1----------|  RRU2219B8  |
|        |         OK-21m       |    BXP_4    |
|        |                      +-------------+
|        |                              |A  |B
|        |             SE=10 AG=10 GT=ZA44D1/0
|        |                         GT=ZA44D1/1
|        |
|        |                      +-------------+
|        | B        O98      D1 | Radio-S11-1 |
|        |-----------2----------|  RRU2219B8  |
|        |         OK-21m       |    BXP_3    |
|        |                      +-------------+
|        |                              |A  |B
|        |             SE=11 AG=11 GT=ZA44D2/0
|        |                         GT=ZA44D2/1
|        |
|        |                      +-------------+
|        | C        O98      D1 | Radio-S12-1 |
|        |-----------3----------|  RRU2219B8  |
|        |         OK-71m       |    BXP_5    |
|        |                      +-------------+
|        |                              |A  |B
|  BB-1  |             SE=12 AG=12 GT=ZA44D3/0
| BB6631 |                         GT=ZA44D3/1
| 000100 |
|        |                      +---------------+
|        | D        O101     D1 | Radio-S180-1  |
|        |-----------4----------|   RRU4415B7   |
|        |         OK-20m       |     BXP_6     |
|        |                      +---------------+
|        |                        |A  |B  |C  |D
|        |                 SE=180 AG=180  |   |
|        |                    FDD=ZA44L1  |   |
|        |
|        |                      +---------------+
|        | E        O101     D1 | Radio-S182-1  |
|        |-----------5----------|  RRU4415B7*   |
|        |         OK-61m       |     BXP_2     |
|        |                      +---------------+
|        |                        |A  |B  |C  |D
|        |                SE=182* AG=182  |   |
|        |                    FDD=ZA44L3  |   |
|        |                        SE=183* AG=183
|        |                            FDD=ZA44L4
|        |
+--------+

=====================================================================================================================================
ID RiL    Type Res MO1-MO2                  BOARD1-BOARD2     AlmIDs Cells (States)                Issue (Failed checks)
=====================================================================================================================================
 1 S10-1  O98  OK  BB-1(A) Radio-S10-1(D1)  BB6631 RRU2219B8         GT=ZA44D1/0 GT=ZA44D1/1 (1,1) Passed
 2 S11-1  O98  OK  BB-1(B) Radio-S11-1(D1)  BB6631 RRU2219B8         GT=ZA44D2/0 GT=ZA44D2/1 (1,1) Passed
 3 S12-1  O98  OK  BB-1(C) Radio-S12-1(D1)  BB6631 RRU2219B8         GT=ZA44D3/0 GT=ZA44D3/1 (1,1) Passed
 4 S180-1 O101 OK  BB-1(D) Radio-S180-1(D1) BB6631 RRU4415B7         FDD=ZA44L1 (1)                Passed
 5 S182-1 O101 OK  BB-1(E) Radio-S182-1(D1) BB6631 RRU4415B7*        FDD=ZA44L3 FDD=ZA44L4 (1,1)   Passed
-------------------------------------------------------------------------------------------------------------------------------------

Node: RadioNode GL   CXP2010174/2_R27J08 (25.Q1)   G3.1   GSM LTE-FDD 

=====================================================================================================================================
FRU          ;LNH    ;BOARD      ;ST ;FAULT ;OPER ;MAINT ;STAT ;PRODUCTNUMBER   ;REV     ;SERIAL        ;DATE     ;PMTEMP ; TEMP ; UPT ;VOLT ;SW                   ;
=====================================================================================================================================
BB-1         ;000100 ;BB6631     ; 1 ;  OFF ;  ON ;  OFF ;  ON ;KDU1370071/11   ;R3E     ;E23F107976    ;20231217 ;3 (OK) ;      ;59.8 ;54   ;                     ;
Radio-S10-1  ;BXP_4  ;RRU2219B8  ; 1 ;  OFF ;  ON ;  OFF ; N/A ;KRC161670/1     ;R1E     ;TU8U02C7PX    ;20240115 ;4 (OK) ; 34.5 ; 130 ;55.5 ;CXP9013268%9_R96JB   ; (Radio2219B8)
Radio-S11-1  ;BXP_3  ;RRU2219B8  ; 1 ;  OFF ;  ON ;  OFF ; N/A ;KRC161670/1     ;R1E     ;TU8U02C7PK    ;20240115 ;4 (OK) ; 33.3 ; 130 ;55.6 ;CXP9013268%9_R96JB   ; (Radio2219B8)
Radio-S12-1  ;BXP_5  ;RRU2219B8  ; 1 ;  OFF ;  ON ;  OFF ; N/A ;KRC161670/1     ;R1E     ;TU8U02C7PG    ;20240115 ;4 (OK) ; 40.0 ; 130 ;55.2 ;CXP9013268%9_R96JB   ; (Radio2219B8)
Radio-S180-1 ;BXP_6  ;RRU4415B7  ; 1 ;  OFF ;  ON ;  OFF ; N/A ;KRC161495/1     ;R5FE    ;DH80205985    ;20231221 ;4 (OK) ; 39.8 ; 130 ;54.9 ;CXP9013268%15_R101LX ; (Radio4415B7)
Radio-S182-1 ;BXP_2  ;RRU4415B7* ; 1 ;  OFF ;  ON ;  OFF ; N/A ;KRC161495/1     ;R5FE    ;DH80205990    ;20231221 ;4 (OK) ; 55.0 ; 130 ;53.5 ;CXP9013268%15_R101LX ; (Radio4415B7)
-------------------------------------------------------------------------------------------------------------------------------------

=====================================================================================================================================
AntennaNearUnit                                     ;ST  ;TYPE   ;PRODUCTNR     ;REV                ;UNIQUEID             ;RfPort
=====================================================================================================================================
AntennaUnitGroup=10,AntennaNearUnit=RET_1800_2100   ; 1  ;S-RET  ;AIMM20M11v01  ;WD82MANBRCU_VER.D  ;HWM1883J5017U6358yL  ;FieldReplaceableUnit=Radio-S10-1,RfPort=R
AntennaUnitGroup=10,AntennaNearUnit=RET_2600        ; 1  ;S-RET  ;AIMM20M11v01  ;WD82MANBRCU_VER.D  ;HWM1883J5017W50yyyR  ;FieldReplaceableUnit=Radio-S10-1,RfPort=R
AntennaUnitGroup=10,AntennaNearUnit=RET_800         ; 1  ;S-RET  ;AIMM20D11v01  ;WD82MANHRCU_VER.B  ;HWM1716J4000768930r  ;FieldReplaceableUnit=Radio-S10-1,RfPort=R
AntennaUnitGroup=10,AntennaNearUnit=RET_900         ; 1  ;S-RET  ;AIMM20D11v01  ;WD82MANHRCU_VER.B  ;HWM1716J400083611rr  ;FieldReplaceableUnit=Radio-S10-1,RfPort=R
AntennaUnitGroup=11,AntennaNearUnit=RET_800         ; 1  ;S-RET  ;AIMM20D11v01  ;WD82MANHRCU_VER.B  ;HWM1716J4000B13550r  ;FieldReplaceableUnit=Radio-S11-1,RfPort=R
AntennaUnitGroup=11,AntennaNearUnit=RET_900         ; 1  ;S-RET  ;AIMM20D11v01  ;WD82MANHRCU_VER.B  ;HWM1716J4000C0139rr  ;FieldReplaceableUnit=Radio-S11-1,RfPort=R
AntennaUnitGroup=12,AntennaNearUnit=RET_1800_2100   ; 1  ;S-RET  ;AIMM20M11v01  ;WD82MANBRCU_VER.D  ;HWM1883J5019R3607yL  ;FieldReplaceableUnit=Radio-S12-1,RfPort=R
AntennaUnitGroup=12,AntennaNearUnit=RET_2600        ; 1  ;S-RET  ;AIMM20M11v01  ;WD82MANBRCU_VER.D  ;HWM1883J5019T89yyyR  ;FieldReplaceableUnit=Radio-S12-1,RfPort=R
AntennaUnitGroup=12,AntennaNearUnit=RET_800         ; 1  ;S-RET  ;AIMM20D11v01  ;WD82MANHRCU_VER.B  ;HWM1716J4000F57890r  ;FieldReplaceableUnit=Radio-S12-1,RfPort=R
AntennaUnitGroup=12,AntennaNearUnit=RET_900         ; 1  ;S-RET  ;AIMM20D11v01  ;WD82MANHRCU_VER.B  ;HWM1716J4000G4045rr  ;FieldReplaceableUnit=Radio-S12-1,RfPort=R
AntennaUnitGroup=182,AntennaNearUnit=RET_1800_2100  ; 1  ;S-RET  ;AIMM20M11v01  ;WD82MANBRCU_VER.D  ;HWM1883J5017A0119yL  ;FieldReplaceableUnit=Radio-S182-1,RfPort=R
AntennaUnitGroup=182,AntennaNearUnit=RET_2600       ; 1  ;S-RET  ;AIMM20M11v01  ;WD82MANBRCU_VER.D  ;HWM1883J5017C34yyyR  ;FieldReplaceableUnit=Radio-S182-1,RfPort=R
-------------------------------------------------------------------------------------------------------------------------------------

=====================================================================================================================================
XPBOARD  ;ST ;FAULT ;OPER ;PRODUCTNUMBER ;REV ;SERIAL/NAME ;DATE     ; TEMP ;MO
=====================================================================================================================================
FAN08    ; 1 ;N/A   ;N/A  ;BKV106236/1   ;R2F ;DD138E8556  ;20230215 ; 43.1 ;SupportUnit=1 (FAN  BB-1)
-------------------------------------------------------------------------------------------------------------------------------------

=====================================================================================================================================
ID ;T ;RiL    ;BPBP ;BOARD1     ;LNH1 ;PORT ;R ;LINK ;RATE  ; BER ;BOARD2     ;LNH2 ;PORT ;R ;LINK ;RATE  ; BER ;LENGTH ;MO1 - MO2
=====================================================================================================================================
 1 ;O ; S10-1 ;1111 ;BB6631     ;000100 ; 1 ;M ;Up   ;9.8G  ;   0 ;RRU2219B8  ;BXP_4  ; 0 ;S ;Up   ;9.8G  ;   0 ;   21m ;Fru=BB-1(A) Fru=Radio-S10-1(D1)
 2 ;O ; S11-1 ;1111 ;BB6631     ;000100 ; 2 ;M ;Up   ;9.8G  ;   0 ;RRU2219B8  ;BXP_3  ; 0 ;S ;Up   ;9.8G  ;   0 ;   21m ;Fru=BB-1(B) Fru=Radio-S11-1(D1)
 3 ;O ; S12-1 ;1111 ;BB6631     ;000100 ; 3 ;M ;Up   ;9.8G  ;   0 ;RRU2219B8  ;BXP_5  ; 0 ;S ;Up   ;9.8G  ;   0 ;   71m ;Fru=BB-1(C) Fru=Radio-S12-1(D1)
 4 ;O ;S180-1 ;1111 ;BB6631     ;000100 ; 4 ;M ;Up   ;10.1G ;   0 ;RRU4415B7  ;BXP_6  ; 0 ;S ;Up   ;10.1G ;   0 ;   20m ;Fru=BB-1(D) Fru=Radio-S180-1(D1)
 5 ;O ;S182-1 ;1111 ;BB6631     ;000100 ; 5 ;M ;Up   ;10.1G ;   0 ;RRU4415B7* ;BXP_2  ; 0 ;S ;Up   ;10.1G ;   0 ;   61m ;Fru=BB-1(E) Fru=Radio-S182-1(D1)
-------------------------------------------------------------------------------------------------------------------------------------

=====================================================================================================================================
ID ;LINK ;RiL    ;VENDOR1  ;VENDORPROD1     ;REV1 ;SERIAL1        ;DATE1    ;ERICSSONPROD1      ;VENDOR2  ;VENDORPROD2     ;REV2 ;SERIAL2        ;DATE2    ;ERICSSONPROD2      ;TT ;WL1     ;WL2    
=====================================================================================================================================
 1 ;Up   ; S10-1 ;ERICSSON ;RTXM228-702-C22 ;1.0  ;CU823M1VE5     ;20231226 ;RDH10265/2 R1A     ;ERICSSON ;RTXM228-702-C22 ;1.0  ;CU823M1UN9     ;20231226 ;RDH10265/2 R1A     ;0  ;1310.00 ;1310.00
 2 ;Up   ; S11-1 ;ERICSSON ;RTXM228-702-C22 ;1.0  ;CU823M1VFL     ;20231226 ;RDH10265/2 R1A     ;ERICSSON ;RTXM228-702-C22 ;1.0  ;CU823M1UNA     ;20231226 ;RDH10265/2 R1A     ;0  ;1310.00 ;1310.00
 3 ;Up   ; S12-1 ;ERICSSON ;RTXM228-702-C22 ;1.0  ;CU823M1VF2     ;20231226 ;RDH10265/2 R1A     ;ERICSSON ;RTXM228-702-C22 ;1.0  ;CU823M1UNP     ;20231226 ;RDH10265/2 R1A     ;0  ;1310.00 ;1310.00
 4 ;Up   ;S180-1 ;ERICSSON ;RTXM228-702-C22 ;1.0  ;CU823M1VES     ;20231226 ;RDH10265/2 R1A     ;ERICSSON ;RTXM228-702-C22 ;1.0  ;CU823M1UMH     ;20231226 ;RDH10265/2 R1A     ;0  ;1310.00 ;1310.00
 5 ;Up   ;S182-1 ;ERICSSON ;RTXM228-702-C22 ;1.0  ;CU823M1VFE     ;20231226 ;RDH10265/2 R1A     ;ERICSSON ;RTXM228-702-C22 ;1.0  ;CU823M1UP2     ;20231226 ;RDH10265/2 R1A     ;0  ;1310.00 ;1310.00
-------------------------------------------------------------------------------------------------------------------------------------

=====================================================================================================================================
ID ;LINK ;RiL    ;WL1     ;TEMP1 ;TXbs1 ;TXdBm1 ;RXdBm1 ;BER1   ;WL2     ;TEMP2 ;TXbs2 ;TXdBm2 ;RXdBm2 ;BER2   ;DlLoss ;UlLoss ;LENGTH ;TT
=====================================================================================================================================
 1 ;Up   ; S10-1 ;1310.00 ;42C   ;56%   ;-2.56  ;-1.58  ;   0   ;1310.00 ;39C   ;52%   ;-0.88  ;-3.71  ;   0   ;  1.15 ;   0.7 ;   21m ; 0
 2 ;Up   ; S11-1 ;1310.00 ;45C   ;56%   ;-2.35  ;-0.47  ;   0   ;1310.00 ;34C   ;55%   ;-1.60  ;-2.10  ;   0   ; -0.25 ; -1.13 ;   21m ; 0
 3 ;Up   ; S12-1 ;1310.00 ;45C   ;56%   ;-1.34  ;-1.53  ;   0   ;1310.00 ;39C   ;56%   ;-0.96  ;-0.85  ;   0   ; -0.49 ;  0.57 ;   71m ; 0
 4 ;Up   ;S180-1 ;1310.00 ;41C   ;56%   ;-1.74  ;-1.24  ;   0   ;1310.00 ;36C   ;55%   ;-1.34  ;-1.80  ;   0   ;  0.06 ;  -0.1 ;   20m ; 0
 5 ;Up   ;S182-1 ;1310.00 ;41C   ;49%   ;-0.75  ;-1.35  ;   0   ;1310.00 ;50C   ;60%   ;-1.34  ;-2.04  ;   0   ;  1.29 ;  0.01 ;   61m ; 0
-------------------------------------------------------------------------------------------------------------------------------------

=====================================================================================================================================
ID ;RiL    ;BOARD      ;SFPLNH  ;PORT ;VENDOR   ;VENDORPROD      ;REV  ;SERIAL         ;DATE     ;ERICSSONPROD       ;WL      ;TEMP  ;TXbs  ;TXdBm  ;RXdBm  ; BER
=====================================================================================================================================
 1 ; S10-1 ;BB6631     ;000100   ;  1 ;ERICSSON ;RTXM228-702-C22 ;1.0  ;CU823M1VE5     ;20231226 ;RDH10265/2 R1A     ;1310.00 ;42C   ;56%   ;-2.56  ;-1.58  ;   0
 2 ; S11-1 ;BB6631     ;000100   ;  2 ;ERICSSON ;RTXM228-702-C22 ;1.0  ;CU823M1VFL     ;20231226 ;RDH10265/2 R1A     ;1310.00 ;45C   ;56%   ;-2.35  ;-0.47  ;   0
 3 ; S12-1 ;BB6631     ;000100   ;  3 ;ERICSSON ;RTXM228-702-C22 ;1.0  ;CU823M1VF2     ;20231226 ;RDH10265/2 R1A     ;1310.00 ;45C   ;56%   ;-1.34  ;-1.53  ;   0
 4 ;S180-1 ;BB6631     ;000100   ;  4 ;ERICSSON ;RTXM228-702-C22 ;1.0  ;CU823M1VES     ;20231226 ;RDH10265/2 R1A     ;1310.00 ;41C   ;56%   ;-1.74  ;-1.24  ;   0
 5 ;S182-1 ;BB6631     ;000100   ;  5 ;ERICSSON ;RTXM228-702-C22 ;1.0  ;CU823M1VFE     ;20231226 ;RDH10265/2 R1A     ;1310.00 ;41C   ;49%   ;-0.75  ;-1.35  ;   0
 5 ;S182-1 ;RRU4415B7* ;BXP_2    ;  0 ;ERICSSON ;RTXM228-702-C22 ;1.0  ;CU823M1UP2     ;20231226 ;RDH10265/2 R1A     ;1310.00 ;50C   ;60%   ;-1.34  ;-2.04  ;   0
 2 ; S11-1 ;RRU2219B8  ;BXP_3    ;  0 ;ERICSSON ;RTXM228-702-C22 ;1.0  ;CU823M1UNA     ;20231226 ;RDH10265/2 R1A     ;1310.00 ;34C   ;55%   ;-1.60  ;-2.10  ;   0
 1 ; S10-1 ;RRU2219B8  ;BXP_4    ;  0 ;ERICSSON ;RTXM228-702-C22 ;1.0  ;CU823M1UN9     ;20231226 ;RDH10265/2 R1A     ;1310.00 ;39C   ;52%   ;-0.88  ;-3.71  ;   0
 3 ; S12-1 ;RRU2219B8  ;BXP_5    ;  0 ;ERICSSON ;RTXM228-702-C22 ;1.0  ;CU823M1UNP     ;20231226 ;RDH10265/2 R1A     ;1310.00 ;39C   ;56%   ;-0.96  ;-0.85  ;   0
 4 ;S180-1 ;RRU4415B7  ;BXP_6    ;  0 ;ERICSSON ;RTXM228-702-C22 ;1.0  ;CU823M1UMH     ;20231226 ;RDH10265/2 R1A     ;1310.00 ;36C   ;55%   ;-1.34  ;-1.80  ;   0
-------------------------------------------------------------------------------------------------------------------------------------
TN ;       ;BB6631     ;000100   ;IA2 ;ERICSSON ;NDAAF9-E201     ;E    ;APF235120145TW ;20231221 ;RPM777053/1000 R1B ;NA      ;NA    ;NA    ;NA     ;NA     ; 0/0
-------------------------------------------------------------------------------------------------------------------------------------

=====================================================================================================================================
BOARD  ;LNH    ;PORT       ;T ;S ;OpMode   ;AutoNeg ;MacAddress        ;VlanIds        ;LOS ;BER
=====================================================================================================================================
BB6631 ;000100 ;TN_IDL_A_1 ;E ;1 ;10G_FULL ;false   ;F4:3C:96:0C:47:E4 ;3901,3908,3910 ;0   ;NZ/0
BB6631 ;000100 ;TN_IDL_A_2 ;O ;1 ;10G_FULL ;false   ;F4:3C:96:0C:47:E5 ;3908           ;0   ;0/0
-------------------------------------------------------------------------------------------------------------------------------------

Last MO: 17475. Loaded 17475 MOs. Total: 17476 MOs.
radioClockState : RNT_TIME_LOCKED
-------------------------------------------------------------------------------------
Prio  ;ST  ;syncRefType  ;refStatus  ;opQualLevel  ;SyncReference
-------------------------------------------------------------------------------------
   1  ; 1  ;PTP_TIME     ;NO_FAULT   ;PRTC         ;Ptp=1,BoundaryOrdinaryClock=1 (G_8275_2 Router=45G_Traffic,InterfaceIPv4=LTE,AddressIPv4=LTE:SLAVE)
   2  ; 1  ;SYNC_E       ;NO_FAULT   ;PRTC         ;Synchronization=1,SyncEthInput=SyncE (SFP_DAC EthernetPort=TN_IDL_A_1)
-------------------------------------------------------------------------------------
nodeGroupRole   : SYNC_RECEIVER (syncNodePriority=3, selectionMode=NODE_PRIORITY)
-------------------------------------------------------------------------------------
DU  ;Port  ;sharedUnitRef (RiPortA - RiPortB)  ;remoteNodePriority  ;CandidateStatus
-------------------------------------------------------------------------------------
1   ;E     ;Fru=Radio-S182-1 (1 - 2)           ;1                   ;OK_ACTIVE
-------------------------------------------------------------------------------------

=====================================================================================================================================
FRU          ;LNH    ;BOARD      ;RF  ;BP  ;TX (W/dBm)  ;VSWR (RL)   ;RX (dBm) ;UEs/gUEs  ;Sector/AntennaGroup/Cells (State:CellIds:PCIs)
=====================================================================================================================================
Radio-S10-1  ;BXP_4  ;RRU2219B8  ; A  ;11  ;-           ;1.25 (19.0) ;         ;-/-       ;SE=10 AG=10 GT=ZA44D1/0 GT=ZA44D1/1 (1, 1)
Radio-S10-1  ;BXP_4  ;RRU2219B8  ; B  ;11  ;-           ;1.23 (19.9) ;         ;-/-       ;SE=10 AG=10 GT=ZA44D1/0 GT=ZA44D1/1 (1, 1)
Radio-S11-1  ;BXP_3  ;RRU2219B8  ; A  ;11  ;-           ;1.23 (19.9) ;         ;-/-       ;SE=11 AG=11 GT=ZA44D2/0 GT=ZA44D2/1 (1, 1)
Radio-S11-1  ;BXP_3  ;RRU2219B8  ; B  ;11  ;-           ;1.20 (20.8) ;         ;-/-       ;SE=11 AG=11 GT=ZA44D2/0 GT=ZA44D2/1 (1, 1)
Radio-S12-1  ;BXP_5  ;RRU2219B8  ; A  ;11  ;-           ;1.14 (23.8) ;         ;-/-       ;SE=12 AG=12 GT=ZA44D3/0 GT=ZA44D3/1 (1, 1)
Radio-S12-1  ;BXP_5  ;RRU2219B8  ; B  ;11  ;-           ;1.18 (21.7) ;         ;-/-       ;SE=12 AG=12 GT=ZA44D3/0 GT=ZA44D3/1 (1, 1)
Radio-S180-1 ;BXP_6  ;RRU4415B7  ; A  ;11  ;14.8 (41.7) ;1.05 (31.8) ;-97.2    ;16/-      ;SE=180 AG=180 FDD=ZA44L1 (1:21:199)
Radio-S180-1 ;BXP_6  ;RRU4415B7  ; B  ;11  ;16.2 (42.1) ;1.11 (25.7) ;-97.1    ;16/-      ;SE=180 AG=180 FDD=ZA44L1 (1:21:199)
Radio-S180-1 ;BXP_6  ;RRU4415B7  ; C  ;11  ;-           ;-           ;         ;          ;
Radio-S180-1 ;BXP_6  ;RRU4415B7  ; D  ;11  ;-           ;-           ;         ;          ;
Radio-S182-1 ;BXP_2  ;RRU4415B7* ; A  ;11  ;14.1 (41.5) ;1.08 (27.9) ;-92.2    ;46/-      ;SE=182* AG=182 FDD=ZA44L3 (1:23:440)
Radio-S182-1 ;BXP_2  ;RRU4415B7* ; B  ;11  ;14.8 (41.7) ;1.06 (30.5) ;-168.7   ;46/-      ;SE=182* AG=182 FDD=ZA44L3 (1:23:440)
Radio-S182-1 ;BXP_2  ;RRU4415B7* ; C  ;11  ;21.9 (43.4) ;1.03 (37.5) ;-96.4    ;4/-       ;SE=183* AG=183 FDD=ZA44L4 (1:24:214)
Radio-S182-1 ;BXP_2  ;RRU4415B7* ; D  ;11  ;-           ;1.04 (34.6) ;-96.6    ;4/-       ;SE=183* AG=183 FDD=ZA44L4 (1:24:214)
-------------------------------------------------------------------------------------------------------------------------------------

ZA44L> mfar

251125-10:55:59+0100 19.31.16.105 25.0h MSRBS_NODE_MODEL_25.Q1_693.28324.131_62ac stopfile=/tmp/2016359
.....
Last MO: 17477. Loaded 17477 MOs. Total: 17478 MOs.
..........................................
get /rop/A20251125.0815-0830_ZA44L.xml.gz /ericsson/log/amos/moshell_logfiles/t20251125_37258710_65084/logs_moshell/pmfiles/19.31.16.105/rop/A20251125.0815-0830_ZA44L.xml.gz ... OK
get /rop/A20251125.0830-0845_ZA44L.xml.gz /ericsson/log/amos/moshell_logfiles/t20251125_37258710_65084/logs_moshell/pmfiles/19.31.16.105/rop/A20251125.0830-0845_ZA44L.xml.gz ... OK
get /rop/A20251125.0845-0900_ZA44L.xml.gz /ericsson/log/amos/moshell_logfiles/t20251125_37258710_65084/logs_moshell/pmfiles/19.31.16.105/rop/A20251125.0845-0900_ZA44L.xml.gz ... OK

Using hardcoded thresholds: 3, 4.5, and 16.5
================================================================================================================================
SC     SE  Tx/Rx BrPair  RfPort1 - RfPort2               HW       Serial      Cell (State)   Samples   Med  Mean  SDev Pol Res Issue
================================================================================================================================
ZA44L1 180   2/2 0 (1,2) Radio-S180-1(A) Radio-S180-1(B) RRU4415  DH80205985  FDD=ZA44L1 (1)  360477   0.5   0.2   6.3  NA  OK Passed
ZA44L3 182   2/2 0 (1,2) Radio-S182-1(A) Radio-S182-1(B) RRU4415  DH80205990  FDD=ZA44L3 (1) 1014088   0.5   0.2   6.9  NA  OK Passed
ZA44L4 183   2/2 0 (1,2) Radio-S182-1(C) Radio-S182-1(D) RRU4415  DH80205990  FDD=ZA44L4 (1)  231377   0.5   0.6   7.3  NA  OK Passed
================================================================================================================================
Total: 3 SectorCarriers, 3 RfBranch Pairs (3 OK, 0 OKW, 0 NOK, 0 NT)
.....
Last MO: 17477. Loaded 17477 MOs. Total: 17478 MOs.

No NRSectorCarrier MOs are defined on the node.

ZA44L> mfitr

251125-10:56:14+0100 19.31.16.105 25.0h MSRBS_NODE_MODEL_25.Q1_693.28324.131_62ac stopfile=/tmp/2016359
.........
Last MO: 17477. Loaded 17477 MOs. Total: 17478 MOs.
.......
2025-11-25 10:56
================================================================================================================================
CELL       SC     FRU          BOARD     PUSCH  PUCCH       A      B      C      D  DELTA
================================================================================================================================
FDD=ZA44L1 ZA44L1 Radio-S180-1 RRU4415B7 -117.2 -117.7 -116.9 -116.5                  0.4
FDD=ZA44L3 ZA44L3 Radio-S182-1 RRU4415B7 -115.8 -117.8 -116.9 -117.3                  0.4
FDD=ZA44L4 ZA44L4 Radio-S182-1 RRU4415B7 -115.7 -117.4               -116.6 -116.8    0.2
================================================================================================================================
Bye...
Output has been logged to file /mta_fs/UserFiles/37258710/amosbatch/SDIR/ZA44L.log
