Logging to file /mta_fs/UserFiles/37258710/amosbatch/SDIR/ZA65L.log
                        __  __  ____   _____
                  /\   |  \/  |/ __ \ / ____|
                 /  \  | \  / | |  | | (___  
                / /\ \ | |\/| | |  | |\___ \ 
               / ____ \| |  | | |__| |____) |
              /_/    \_\_|  |_|\____/|_____/
              OSS Framework for MoShell-25.0h 
  Copyright (c) Ericsson AB 2001-2025 - All Rights Reserved
              
           
[1;31mWARNING: [0mthe AMOS version currently running is more than 29 weeks old and is unsupported.
Please upgrade as soon as possible to the latest released version, available from your local Ericsson support.

$amosrb_pid = 3042502

Checking ip contact...OK

HELP MENU            : h
BASIC MO COMMANDS    : m
OTHER MO COMMANDS    : n
OTHER COMMANDS       : o
PM COMMANDS          : p
QUIT                 : q

ZA65L> lt all

251125-16:07:01+0100 19.31.8.202 25.0h  stopfile=/tmp/3042369
Looking up temporary_amos account... OK.
Trying temporary_amos_t20251125_37258710_65084_131's password from amos lookupAccount ... OK

$ssh_pid = 3042964

Connected to 19.31.8.202 (SubNetwork=BBMM_rckomc_R,MeContext=ZA65L,ManagedElement=ZA65L)

Checking MOM version...MSRBS_NODE_MODEL_25.Q1_198665.224.73_bf81
Parsing MOM (cached): /ericsson/log/amos/moshell_logfiles/t20251125_37258710_65084/logs_moshell/tempfiles/scp-4-amos_20251125-160655_3042311/MSRBS_NODE_MODEL_25.Q1_198665.224.73_bf81.xml.cache.gz ......................................................................................................................................................................................................................Done.
Using paramfile /opt/ericsson/amos/moshell/commonjars/pm/PARAM_MSRBSG2_25.Q1.txt
Parsing file /opt/ericsson/amos/moshell/commonjars/pm/PARAM_MSRBSG2_25.Q1.txt ......................................................................................Done.
Using imomdfile /opt/ericsson/amos/moshell/commonjars/pm/IMOMD_MSRBS_22.Q4.txt
Using imomfile /opt/ericsson/amos/moshell/commonjars/pm/IMOM_MSRBS_25.Q1.txt
Connected to 19.31.8.202 (SubNetwork=BBMM_rckomc_R,MeContext=ZA65L,ManagedElement=ZA65L)

Last MO: 17558. Loaded 17558 MOs. Total: 17559 MOs.

ZA65L> st cell

251125-16:07:21+0100 19.31.8.202 25.0h MSRBS_NODE_MODEL_25.Q1_198665.224.73_bf81 stopfile=/tmp/3042369
===================================================================================
Proxy  Adm State     Op. State     MO
===================================================================================
   56  1 (UNLOCKED)  1 (ENABLED)   ENodeBFunction=1,EUtranCellFDD=ZA65L1
  251  1 (UNLOCKED)  1 (ENABLED)   ENodeBFunction=1,EUtranCellFDD=ZA65L2
  442  1 (UNLOCKED)  1 (ENABLED)   ENodeBFunction=1,EUtranCellFDD=ZA65L3
===================================================================================
Total: 3 MOs

ZA65L> st radio

251125-16:07:22+0100 19.31.8.202 25.0h MSRBS_NODE_MODEL_25.Q1_198665.224.73_bf81 stopfile=/tmp/3042369
===================================================================================
Proxy  Adm State     Op. State     MO
===================================================================================
 1952  1 (UNLOCKED)  1 (ENABLED)   Equipment=1,FieldReplaceableUnit=Radio-S180-1
 1967  1 (UNLOCKED)  1 (ENABLED)   Equipment=1,FieldReplaceableUnit=Radio-S182-1
 1982  1 (UNLOCKED)  1 (ENABLED)   Equipment=1,FieldReplaceableUnit=Radio-S210-1
 1999  1 (UNLOCKED)  1 (ENABLED)   Equipment=1,FieldReplaceableUnit=Radio-S211-1
 2016  1 (UNLOCKED)  1 (ENABLED)   Equipment=1,FieldReplaceableUnit=Radio-S212-1
17552  1 (UNLOCKED)  1 (ENABLED)   Transport=1,Synchronization=1,RadioEquipmentClock=1,RadioEquipmentClockReference=NTP1
17553  1 (UNLOCKED)  1 (ENABLED)   Transport=1,Synchronization=1,RadioEquipmentClock=1,RadioEquipmentClockReference=PTP
===================================================================================
Total: 7 MOs

ZA65L> sdir

251125-16:07:22+0100 19.31.8.202 25.0h MSRBS_NODE_MODEL_25.Q1_198665.224.73_bf81 stopfile=/tmp/3042369
INFO: Using amos lookupAccount credentials for the export login
...............................
get /rop/A20251125.1415-1430_ZA65L.xml.gz /ericsson/log/amos/moshell_logfiles/t20251125_37258710_65084/logs_moshell/pmfiles/19.31.8.202/rop/A20251125.1415-1430_ZA65L.xml.gz ... OK
get /rop/A20251125.1430-1445_ZA65L.xml.gz /ericsson/log/amos/moshell_logfiles/t20251125_37258710_65084/logs_moshell/pmfiles/19.31.8.202/rop/A20251125.1430-1445_ZA65L.xml.gz ... OK
get /rop/A20251125.1445-1500_ZA65L.xml.gz /ericsson/log/amos/moshell_logfiles/t20251125_37258710_65084/logs_moshell/pmfiles/19.31.8.202/rop/A20251125.1445-1500_ZA65L.xml.gz ... OK
....Checking available boards on node...

Collecting RCS board data ...
...................................................................................
..........................
...........................................................................................................................................................................................................................................................................................................
...........
Collecting TN data...
...............................................................................................................................................................................................................................................................................
Collecting RF data...
...
Collecting Alarms...
.Executing action Log.export()
...
Log=AlarmLog                    actionId=36172
........
Executing action LogM.exportAvailabilityLog()
..LogM=1,exportAvailabilityLog    actionId=36173
.....Parsing alarmLog.........Done.
Parsing availabilityLog.....Done.
........

Total: 5 CPRI links (5 OK, 0 OKW, 0 NOK, 0 NT)
.
+--------+                      +--------------------+
|        | A        O101     D2 |    Radio-S210-1    |
|        |-----------1----------| RRU227922B822B20C* |
|        |         OK-84m       |       BXP_2        |
|        |                      +--------------------+
|        |                                     |A  |B
|        |                 SE=210* AG=210 GT=ZA65D1/0
|        |                                GT=ZA65D1/8
|        |
|        |                      +--------------------+
|        | B        O101     D2 |    Radio-S211-1    |
|        |-----------2----------| RRU227922B822B20C* |
|        |         OK-83m       |       BXP_3        |
|        |                      +--------------------+
|        |                                     |A  |B
|        |                 SE=211* AG=211 GT=ZA65D2/0
|        |                                GT=ZA65D2/1
|        |
|        |                      +--------------------+
|        | C        O101     D2 |    Radio-S212-1    |
|        |-----------3----------| RRU227922B822B20C* |
|        |         OK-84m       |       BXP_4        |
|        |                      +--------------------+
|        |                                     |A  |B
|  BB-1  |                 SE=212* AG=212 GT=ZA65D3/0
| BB6630 |                                GT=ZA65D3/1
| 000100 |
|        |                      +---------------+
|        | D        O101     D1 | Radio-S180-1  |
|        |-----------4----------|   RRU4415B7   |
|        |         OK-84m       |     BXP_6     |
|        |                      +---------------+
|        |                        |A  |B  |C  |D
|        |                 SE=180 AG=180  |   |
|        |                    FDD=ZA65L1  |   |
|        |                         SE=181 AG=181
|        |                            FDD=ZA65L2
|        |
|        |                      +---------------+
|        | E        O101     D1 | Radio-S182-1  |
|        |-----------5----------|   RRU4415B7   |
|        |         OK-84m       |     BXP_5     |
|        |                      +---------------+
|        |                        |A  |B  |C  |D
|        |                 SE=182 AG=182  |   |
|        |                    FDD=ZA65L3  |   |
|        |
+--------+

=====================================================================================================================================
ID RiL    Type Res MO1-MO2                  BOARD1-BOARD2             AlmIDs Cells (States)                Issue (Failed checks)
=====================================================================================================================================
 1 S210-1 O101 OK  BB-1(A) Radio-S210-1(D2) BB6630 RRU227922B822B20C*        GT=ZA65D1/0 GT=ZA65D1/8 (1,1) Passed
 2 S211-1 O101 OK  BB-1(B) Radio-S211-1(D2) BB6630 RRU227922B822B20C*        GT=ZA65D2/0 GT=ZA65D2/1 (1,1) Passed
 3 S212-1 O101 OK  BB-1(C) Radio-S212-1(D2) BB6630 RRU227922B822B20C*        GT=ZA65D3/0 GT=ZA65D3/1 (1,1) Passed
 4 S180-1 O101 OK  BB-1(D) Radio-S180-1(D1) BB6630 RRU4415B7                 FDD=ZA65L1 FDD=ZA65L2 (1,1)   Passed
 5 S182-1 O101 OK  BB-1(E) Radio-S182-1(D1) BB6630 RRU4415B7                 FDD=ZA65L3 (1)                Passed
-------------------------------------------------------------------------------------------------------------------------------------

Node: RadioNode GL   CXP9024418/16_R8D21 (RCG123.3-3)   G2   GSM LTE-FDD 

=====================================================================================================================================
FRU          ;LNH    ;BOARD              ;ST ;FAULT ;OPER ;MAINT ;STAT ;PRODUCTNUMBER   ;REV     ;SERIAL        ;DATE     ;PMTEMP ; TEMP ; UPT ;VOLT ;SW                   ;
=====================================================================================================================================
BB-1         ;000100 ;BB6630             ; 1 ;  OFF ;  ON ;  OFF ;  ON ;KDU137848/11    ;R3D     ;E96A00Q8XU    ;20220330 ;3 (OK) ;      ;6.05 ;48   ;                     ;
Radio-S180-1 ;BXP_6  ;RRU4415B7          ; 1 ;  OFF ;  ON ;  OFF ; N/A ;KRC161495/1     ;R5F     ;B070855800    ;20220408 ;4 (OK) ; 40.5 ;5.82 ;54.3 ;CXP9013268%15_R101KB ; (Radio4415B7)
Radio-S182-1 ;BXP_5  ;RRU4415B7          ; 1 ;  OFF ;  ON ;  OFF ; N/A ;KRC161495/1     ;R5F     ;B070855778    ;20220408 ;4 (OK) ; 26.5 ;5.82 ;55.4 ;CXP9013268%15_R101KB ; (Radio4415B7)
Radio-S210-1 ;BXP_2  ;RRU227922B822B20C* ; 1 ;  OFF ;  ON ;  OFF ; N/A ;KRC161864/1     ;R1E     ;TU8U01L0DP    ;20220604 ;4 (OK) ; 35.0 ;5.82 ;54.8 ;CXP9013268%15_R101KB ; (Radio227922B822B20C)
Radio-S211-1 ;BXP_3  ;RRU227922B822B20C* ; 1 ;  OFF ;  ON ;  OFF ; N/A ;KRC161864/1     ;R1E     ;TU8U01KZAX    ;20220603 ;4 (OK) ; 36.0 ;5.82 ;53.2 ;CXP9013268%15_R101KB ; (Radio227922B822B20C)
Radio-S212-1 ;BXP_4  ;RRU227922B822B20C* ; 1 ;  OFF ;  ON ;  OFF ; N/A ;KRC161864/1     ;R1E     ;TU8U01KZAB    ;20220603 ;4 (OK) ; 53.0 ;5.82 ;55.3 ;CXP9013268%15_R101KB ; (Radio227922B822B20C)
-------------------------------------------------------------------------------------------------------------------------------------

=====================================================================================================================================
XPBOARD  ;ST ;FAULT ;OPER ;PRODUCTNUMBER ;REV ;SERIAL/NAME ;DATE     ; TEMP ;MO
=====================================================================================================================================
FAN      ; 1 ;N/A   ;N/A  ;BKV106217/1   ;N/A ;N/A         ;N/A      ;      ;SupportUnit=1 (FAN  BB-1)
-------------------------------------------------------------------------------------------------------------------------------------

=====================================================================================================================================
ID ;T ;RiL    ;BPBP ;BOARD1             ;LNH1 ;PORT ;R ;LINK ;RATE  ; BER ;BOARD2             ;LNH2 ;PORT ;R ;LINK ;RATE  ; BER ;LENGTH ;MO1 - MO2
=====================================================================================================================================
 1 ;O ;S210-1 ;1111 ;BB6630             ;000100 ; 1 ;M ;Up   ;10.1G ;   0 ;RRU227922B822B20C* ;BXP_2  ; 1 ;S ;Up   ;10.1G ;   0 ;   84m ;Fru=BB-1(A) Fru=Radio-S210-1(D2)
 2 ;O ;S211-1 ;1111 ;BB6630             ;000100 ; 2 ;M ;Up   ;10.1G ;   0 ;RRU227922B822B20C* ;BXP_3  ; 1 ;S ;Up   ;10.1G ;   0 ;   83m ;Fru=BB-1(B) Fru=Radio-S211-1(D2)
 3 ;O ;S212-1 ;1111 ;BB6630             ;000100 ; 3 ;M ;Up   ;10.1G ;   0 ;RRU227922B822B20C* ;BXP_4  ; 1 ;S ;Up   ;10.1G ;   0 ;   84m ;Fru=BB-1(C) Fru=Radio-S212-1(D2)
 4 ;O ;S180-1 ;1111 ;BB6630             ;000100 ; 4 ;M ;Up   ;10.1G ;   0 ;RRU4415B7          ;BXP_6  ; 0 ;S ;Up   ;10.1G ;   0 ;   84m ;Fru=BB-1(D) Fru=Radio-S180-1(D1)
 5 ;O ;S182-1 ;1111 ;BB6630             ;000100 ; 5 ;M ;Up   ;10.1G ;   0 ;RRU4415B7          ;BXP_5  ; 0 ;S ;Up   ;10.1G ;   0 ;   84m ;Fru=BB-1(E) Fru=Radio-S182-1(D1)
-------------------------------------------------------------------------------------------------------------------------------------

=====================================================================================================================================
ID ;LINK ;RiL    ;VENDOR1  ;VENDORPROD1      ;REV1 ;SERIAL1         ;DATE1    ;ERICSSONPROD1  ;VENDOR2  ;VENDORPROD2      ;REV2 ;SERIAL2         ;DATE2    ;ERICSSONPROD2  ;TT ;WL1     ;WL2    
=====================================================================================================================================
 1 ;Up   ;S210-1 ;ERICSSON ;LCP-10G3B4HDRME4 ;A    ;2220094A2452771 ;20220511 ;RDH10265/2 R1A ;ERICSSON ;LCP-10G3B4HDRME4 ;A    ;2220094A2452763 ;20220511 ;RDH10265/2 R1A ;0  ;1310.00 ;1310.00
 2 ;Up   ;S211-1 ;ERICSSON ;LCP-10G3B4HDRME4 ;A    ;2220094A2452757 ;20220511 ;RDH10265/2 R1A ;ERICSSON ;LCP-10G3B4HDRME4 ;A    ;2220094A2452778 ;20220511 ;RDH10265/2 R1A ;0  ;1310.00 ;1310.00
 3 ;Up   ;S212-1 ;ERICSSON ;LCP-10G3B4HDRME4 ;A    ;2220094A2452759 ;20220511 ;RDH10265/2 R1A ;ERICSSON ;LCP-10G3B4HDRME4 ;A    ;2220094A2452777 ;20220511 ;RDH10265/2 R1A ;0  ;1310.00 ;1310.00
 4 ;Up   ;S180-1 ;ERICSSON ;LCP-10G3B4HDRME4 ;A    ;2220094A2452774 ;20220511 ;RDH10265/2 R1A ;ERICSSON ;LCP-10G3B4HDRME4 ;A    ;2220094A2452769 ;20220511 ;RDH10265/2 R1A ;0  ;1310.00 ;1310.00
 5 ;Up   ;S182-1 ;ERICSSON ;LCP-10G3B4HDRME4 ;A    ;2220094A2452770 ;20220511 ;RDH10265/2 R1A ;ERICSSON ;LCP-10G3B4HDRME4 ;A    ;2220094A2452761 ;20220511 ;RDH10265/2 R1A ;0  ;1310.00 ;1310.00
-------------------------------------------------------------------------------------------------------------------------------------

=====================================================================================================================================
ID ;LINK ;RiL    ;WL1     ;TEMP1 ;TXbs1 ;TXdBm1 ;RXdBm1 ;BER1   ;WL2     ;TEMP2 ;TXbs2 ;TXdBm2 ;RXdBm2 ;BER2   ;DlLoss ;UlLoss ;LENGTH ;TT
=====================================================================================================================================
 1 ;Up   ;S210-1 ;1310.00 ;39C   ;42%   ;-3.27  ;-5.09  ;   0   ;1310.00 ;26C   ;28%   ;-3.33  ;-4.33  ;   0   ;  1.06 ;  1.76 ;   84m ; 0
 2 ;Up   ;S211-1 ;1310.00 ;40C   ;35%   ;-3.33  ;-3.49  ;   0   ;1310.00 ;27C   ;43%   ;-3.39  ;-3.68  ;   0   ;  0.35 ;   0.1 ;   83m ; 0
 3 ;Up   ;S212-1 ;1310.00 ;41C   ;36%   ;-3.05  ;-3.89  ;   0   ;1310.00 ;38C   ;34%   ;-3.04  ;-4.21  ;   0   ;  1.16 ;  0.85 ;   84m ; 0
 4 ;Up   ;S180-1 ;1310.00 ;39C   ;49%   ;-3.19  ;-4.57  ;   0   ;1310.00 ;32C   ;39%   ;-3.15  ;-5.24  ;   0   ;  2.05 ;  1.42 ;   84m ; 0
 5 ;Up   ;S182-1 ;1310.00 ;38C   ;32%   ;-3.33  ;-4.09  ;   0   ;1310.00 ;21C   ;30%   ;-3.32  ;-3.33  ;   0   ;     0 ;  0.77 ;   84m ; 0
-------------------------------------------------------------------------------------------------------------------------------------

=====================================================================================================================================
ID ;RiL    ;BOARD              ;SFPLNH  ;PORT ;VENDOR   ;VENDORPROD       ;REV  ;SERIAL          ;DATE     ;ERICSSONPROD   ;WL      ;TEMP  ;TXbs  ;TXdBm  ;RXdBm  ; BER
=====================================================================================================================================
 1 ;S210-1 ;BB6630             ;000100   ;  1 ;ERICSSON ;LCP-10G3B4HDRME4 ;A    ;2220094A2452771 ;20220511 ;RDH10265/2 R1A ;1310.00 ;39C   ;42%   ;-3.27  ;-5.09  ;   0
 2 ;S211-1 ;BB6630             ;000100   ;  2 ;ERICSSON ;LCP-10G3B4HDRME4 ;A    ;2220094A2452757 ;20220511 ;RDH10265/2 R1A ;1310.00 ;40C   ;35%   ;-3.33  ;-3.49  ;   0
 3 ;S212-1 ;BB6630             ;000100   ;  3 ;ERICSSON ;LCP-10G3B4HDRME4 ;A    ;2220094A2452759 ;20220511 ;RDH10265/2 R1A ;1310.00 ;41C   ;36%   ;-3.05  ;-3.89  ;   0
 4 ;S180-1 ;BB6630             ;000100   ;  4 ;ERICSSON ;LCP-10G3B4HDRME4 ;A    ;2220094A2452774 ;20220511 ;RDH10265/2 R1A ;1310.00 ;39C   ;49%   ;-3.19  ;-4.57  ;   0
 5 ;S182-1 ;BB6630             ;000100   ;  5 ;ERICSSON ;LCP-10G3B4HDRME4 ;A    ;2220094A2452770 ;20220511 ;RDH10265/2 R1A ;1310.00 ;38C   ;32%   ;-3.33  ;-4.09  ;   0
 1 ;S210-1 ;RRU227922B822B20C* ;BXP_2    ;  1 ;ERICSSON ;LCP-10G3B4HDRME4 ;A    ;2220094A2452763 ;20220511 ;RDH10265/2 R1A ;1310.00 ;26C   ;28%   ;-3.33  ;-4.33  ;   0
 2 ;S211-1 ;RRU227922B822B20C* ;BXP_3    ;  1 ;ERICSSON ;LCP-10G3B4HDRME4 ;A    ;2220094A2452778 ;20220511 ;RDH10265/2 R1A ;1310.00 ;27C   ;43%   ;-3.39  ;-3.68  ;   0
 3 ;S212-1 ;RRU227922B822B20C* ;BXP_4    ;  1 ;ERICSSON ;LCP-10G3B4HDRME4 ;A    ;2220094A2452777 ;20220511 ;RDH10265/2 R1A ;1310.00 ;38C   ;34%   ;-3.04  ;-4.21  ;   0
 5 ;S182-1 ;RRU4415B7          ;BXP_5    ;  0 ;ERICSSON ;LCP-10G3B4HDRME4 ;A    ;2220094A2452761 ;20220511 ;RDH10265/2 R1A ;1310.00 ;21C   ;30%   ;-3.32  ;-3.33  ;   0
 4 ;S180-1 ;RRU4415B7          ;BXP_6    ;  0 ;ERICSSON ;LCP-10G3B4HDRME4 ;A    ;2220094A2452769 ;20220511 ;RDH10265/2 R1A ;1310.00 ;32C   ;39%   ;-3.15  ;-5.24  ;   0
-------------------------------------------------------------------------------------------------------------------------------------
TN ;       ;BB6630             ;000100   ;  A ;ERICSSON ;LCP-10G3B4HDRME4 ;A    ;2220094A2452930 ;20220511 ;RDH10265/2 R1A ;0       ;39C   ;41%   ;-3.34  ;-4.03  ;NZ/0
-------------------------------------------------------------------------------------------------------------------------------------

=====================================================================================================================================
BOARD  ;LNH    ;PORT   ;T ;S ;OpMode   ;AutoNeg ;MacAddress        ;VlanIds        ;LOS ;BER
=====================================================================================================================================
BB6630 ;000100 ;IDL_A1 ;E ;1 ;10G_FULL ;false   ;F8:97:A9:05:C0:C7 ;3908           ;0   ;0/0
BB6630 ;000100 ;TN_A   ;O ;1 ;10G_FULL ;false   ;F8:97:A9:05:C0:C3 ;3901,3908,3910 ;0   ;NZ/0
-------------------------------------------------------------------------------------------------------------------------------------

radioClockState : RNT_TIME_LOCKED
-------------------------------------------------------------------------------------
Prio  ;ST  ;syncRefType    ;refStatus  ;opQualLevel  ;SyncReference
-------------------------------------------------------------------------------------
   1  ; 1  ;PTP_TIME       ;NO_FAULT   ;PRTC         ;Ptp=1,BoundaryOrdinaryClock=PTP (G_8275_1 EthernetPort=TN_A:SLAVE)
   2  ; 1  ;NTP_FREQUENCY  ;NO_FAULT   ;PRC          ;Ntp=1,NtpFrequencySync=NTP1 (10.31.0.54:32751 Router=45G_Traffic,InterfaceIPv4=LTE,AddressIPv4=LTE)
-------------------------------------------------------------------------------------
-------------------------------------------------------------------------------------
Prio  ;ST  ;assistRefStatus  ;recQualLevel  ;AssistingReference
-------------------------------------------------------------------------------------
   1  ; 0  ;UNKNOWN          ;PRTC          ;Synchronization=1,SyncEthInput=SyncE (SFP_OPTICAL EthernetPort=TN_A)
-------------------------------------------------------------------------------------
nodeGroupRole   : SYNC_RECEIVER (syncNodePriority=3, selectionMode=NODE_PRIORITY)
-------------------------------------------------------------------------------------
DU  ;Port  ;sharedUnitRef (RiPortA - RiPortB)  ;remoteNodePriority  ;CandidateStatus
-------------------------------------------------------------------------------------
1   ;C     ;Fru=Radio-S212-1 (2 - 1)           ;1                   ;OK_NOT_ACTIVE
1   ;B     ;Fru=Radio-S211-1 (2 - 1)           ;1                   ;OK_NOT_ACTIVE
1   ;A     ;Fru=Radio-S210-1 (2 - 1)           ;1                   ;OK_ACTIVE
-------------------------------------------------------------------------------------

=====================================================================================================================================
FRU          ;LNH    ;BOARD              ;RF  ;BP  ;TX (W/dBm)  ;VSWR (RL)   ;RX (dBm) ;UEs/gUEs  ;Sector/AntennaGroup/Cells (State:CellIds:PCIs)
=====================================================================================================================================
Radio-S180-1 ;BXP_6  ;RRU4415B7          ; A  ;11  ;20.4 (43.1) ;1.05 (32.2) ;-98.8    ;3/-       ;SE=180 AG=180 FDD=ZA65L1 (1:21:20)
Radio-S180-1 ;BXP_6  ;RRU4415B7          ; B  ;11  ;-           ;1.07 (29.6) ;-99.1    ;3/-       ;SE=180 AG=180 FDD=ZA65L1 (1:21:20)
Radio-S180-1 ;BXP_6  ;RRU4415B7          ; C  ;11  ;12.6 (41.0) ;1.18 (21.7) ;-98.7    ;6/-       ;SE=181 AG=181 FDD=ZA65L2 (1:22:174)
Radio-S180-1 ;BXP_6  ;RRU4415B7          ; D  ;11  ;14.8 (41.7) ;1.19 (21.4) ;-99.0    ;6/-       ;SE=181 AG=181 FDD=ZA65L2 (1:22:174)
Radio-S182-1 ;BXP_5  ;RRU4415B7          ; A  ;11  ;20.4 (43.1) ;1.10 (26.4) ;-99.7    ;0/-       ;SE=182 AG=182 FDD=ZA65L3 (1:23:466)
Radio-S182-1 ;BXP_5  ;RRU4415B7          ; B  ;11  ;-           ;1.12 (24.7) ;-99.6    ;0/-       ;SE=182 AG=182 FDD=ZA65L3 (1:23:466)
Radio-S182-1 ;BXP_5  ;RRU4415B7          ; C  ;11  ;-           ;-           ;         ;          ;
Radio-S182-1 ;BXP_5  ;RRU4415B7          ; D  ;11  ;-           ;-           ;         ;          ;
Radio-S210-1 ;BXP_2  ;RRU227922B822B20C* ; A  ;11  ;29.4 (44.7) ;1.21 (20.4) ;-97.9    ;-/-       ;SE=210* AG=210 GT=ZA65D1/0 GT=ZA65D1/8 (1, 1)
Radio-S210-1 ;BXP_2  ;RRU227922B822B20C* ; B  ;11  ;29.9 (44.8) ;1.15 (23.1) ;-98.0    ;-/-       ;SE=210* AG=210 GT=ZA65D1/0 GT=ZA65D1/8 (1, 1)
Radio-S211-1 ;BXP_3  ;RRU227922B822B20C* ; A  ;11  ;52.2 (47.2) ;1.25 (19.1) ;-93.6    ;-/-       ;SE=211* AG=211 GT=ZA65D2/0 GT=ZA65D2/1 (1, 1)
Radio-S211-1 ;BXP_3  ;RRU227922B822B20C* ; B  ;11  ;51.9 (47.2) ;1.30 (17.6) ;-96.9    ;-/-       ;SE=211* AG=211 GT=ZA65D2/0 GT=ZA65D2/1 (1, 1)
Radio-S212-1 ;BXP_4  ;RRU227922B822B20C* ; A  ;11  ;43.6 (46.4) ;1.30 (17.8) ;-93.8    ;-/-       ;SE=212* AG=212 GT=ZA65D3/0 GT=ZA65D3/1 (1, 1)
Radio-S212-1 ;BXP_4  ;RRU227922B822B20C* ; B  ;11  ;44.0 (46.4) ;1.23 (19.6) ;-94.8    ;-/-       ;SE=212* AG=212 GT=ZA65D3/0 GT=ZA65D3/1 (1, 1)
-------------------------------------------------------------------------------------------------------------------------------------

ZA65L> mfar

251125-16:09:47+0100 19.31.8.202 25.0h MSRBS_NODE_MODEL_25.Q1_198665.224.73_bf81 stopfile=/tmp/3042369
.....
Last MO: 17557. Loaded 17557 MOs. Total: 17558 MOs.
..........................................
get /rop/A20251125.1330-1345_ZA65L.xml.gz /ericsson/log/amos/moshell_logfiles/t20251125_37258710_65084/logs_moshell/pmfiles/19.31.8.202/rop/A20251125.1330-1345_ZA65L.xml.gz ... OK
get /rop/A20251125.1345-1400_ZA65L.xml.gz /ericsson/log/amos/moshell_logfiles/t20251125_37258710_65084/logs_moshell/pmfiles/19.31.8.202/rop/A20251125.1345-1400_ZA65L.xml.gz ... OK
get /rop/A20251125.1400-1415_ZA65L.xml.gz /ericsson/log/amos/moshell_logfiles/t20251125_37258710_65084/logs_moshell/pmfiles/19.31.8.202/rop/A20251125.1400-1415_ZA65L.xml.gz ... OK

Using hardcoded thresholds: 3, 4.5, and 16.5
================================================================================================================================
SC     SE  Tx/Rx BrPair  RfPort1 - RfPort2               HW       Serial      Cell (State)   Samples   Med  Mean  SDev Pol Res Issue
================================================================================================================================
ZA65L1 180   2/2 0 (1,2) Radio-S180-1(A) Radio-S180-1(B) RRU4415  B070855800  FDD=ZA65L1 (1)   75162   1.5   0.3   6.9  NA  OK Passed
ZA65L2 181   2/2 0 (1,2) Radio-S180-1(C) Radio-S180-1(D) RRU4415  B070855800  FDD=ZA65L2 (1)  141425  -0.5  -0.7   7.2  NA  OK Passed
ZA65L3 182   2/2 0 (1,2) Radio-S182-1(A) Radio-S182-1(B) RRU4415  B070855778  FDD=ZA65L3 (1)    2344   3.5   3.5   5.5  NA  NT Not enough data
================================================================================================================================
Total: 3 SectorCarriers, 3 RfBranch Pairs (2 OK, 0 OKW, 0 NOK, 1 NT)
.....
Last MO: 17557. Loaded 17557 MOs. Total: 17558 MOs.

No NRSectorCarrier MOs are defined on the node.

ZA65L> mfitr

251125-16:10:03+0100 19.31.8.202 25.0h MSRBS_NODE_MODEL_25.Q1_198665.224.73_bf81 stopfile=/tmp/3042369
.........
Last MO: 17557. Loaded 17557 MOs. Total: 17558 MOs.
.......
2025-11-25 16:10
================================================================================================================================
CELL       SC     FRU          BOARD     PUSCH  PUCCH       A      B      C      D  DELTA
================================================================================================================================
FDD=ZA65L1 ZA65L1 Radio-S180-1 RRU4415B7 -117.9 -118.1 -118.0 -118.1                  0.1
FDD=ZA65L2 ZA65L2 Radio-S180-1 RRU4415B7 -117.9 -118.1               -118.2 -118.2      0
FDD=ZA65L3 ZA65L3 Radio-S182-1 RRU4415B7 -118.5 -118.5 -118.6 -118.6                    0
================================================================================================================================
Bye...
Output has been logged to file /mta_fs/UserFiles/37258710/amosbatch/SDIR/ZA65L.log
