Logging to file /mta_fs/UserFiles/37258710/amosbatch/SDIR/ZA95L.log
                        __  __  ____   _____
                  /\   |  \/  |/ __ \ / ____|
                 /  \  | \  / | |  | | (___  
                / /\ \ | |\/| | |  | |\___ \ 
               / ____ \| |  | | |__| |____) |
              /_/    \_\_|  |_|\____/|_____/
              OSS Framework for MoShell-25.0h 
  Copyright (c) Ericsson AB 2001-2025 - All Rights Reserved
              
           
[1;31mWARNING: [0mthe AMOS version currently running is more than 29 weeks old and is unsupported.
Please upgrade as soon as possible to the latest released version, available from your local Ericsson support.

$amosrb_pid = 3138809

Checking ip contact...OK

HELP MENU            : h
BASIC MO COMMANDS    : m
OTHER MO COMMANDS    : n
OTHER COMMANDS       : o
PM COMMANDS          : p
QUIT                 : q

ZA95L> lt all

251125-16:38:05+0100 19.31.9.242 25.0h  stopfile=/tmp/3138717
Looking up temporary_amos account... OK.
Trying temporary_amos_t20251125_37258710_65084_131's password from amos lookupAccount ... OK

$ssh_pid = 3139287

Connected to 19.31.9.242 (SubNetwork=BBMM_rckomc_R,MeContext=ZA95L,ManagedElement=ZA95L)

Checking MOM version...MSRBS_NODE_MODEL_25.Q1_198665.224.73_bf81
Parsing MOM (cached): /ericsson/log/amos/moshell_logfiles/t20251125_37258710_65084/logs_moshell/tempfiles/scp-4-amos_20251125-163758_3138658/MSRBS_NODE_MODEL_25.Q1_198665.224.73_bf81.xml.cache.gz ......................................................................................................................................................................................................................Done.
Using paramfile /opt/ericsson/amos/moshell/commonjars/pm/PARAM_MSRBSG2_25.Q1.txt
Parsing file /opt/ericsson/amos/moshell/commonjars/pm/PARAM_MSRBSG2_25.Q1.txt ......................................................................................Done.
Using imomdfile /opt/ericsson/amos/moshell/commonjars/pm/IMOMD_MSRBS_22.Q4.txt
Using imomfile /opt/ericsson/amos/moshell/commonjars/pm/IMOM_MSRBS_25.Q1.txt
Connected to 19.31.9.242 (SubNetwork=BBMM_rckomc_R,MeContext=ZA95L,ManagedElement=ZA95L)

Last MO: 17156. Loaded 17156 MOs. Total: 17157 MOs.

ZA95L> st cell

251125-16:38:24+0100 19.31.9.242 25.0h MSRBS_NODE_MODEL_25.Q1_198665.224.73_bf81 stopfile=/tmp/3138717
===================================================================================
Proxy  Adm State     Op. State     MO
===================================================================================
   56  1 (UNLOCKED)  1 (ENABLED)   ENodeBFunction=1,EUtranCellFDD=ZA95L1
  187  1 (UNLOCKED)  1 (ENABLED)   ENodeBFunction=1,EUtranCellFDD=ZA95L2
  330  1 (UNLOCKED)  1 (ENABLED)   ENodeBFunction=1,EUtranCellFDD=ZA95L3
===================================================================================
Total: 3 MOs

ZA95L> st radio

251125-16:38:25+0100 19.31.9.242 25.0h MSRBS_NODE_MODEL_25.Q1_198665.224.73_bf81 stopfile=/tmp/3138717
===================================================================================
Proxy  Adm State     Op. State     MO
===================================================================================
 1640  1 (UNLOCKED)  1 (ENABLED)   Equipment=1,FieldReplaceableUnit=Radio-S180-1
 1655  1 (UNLOCKED)  1 (ENABLED)   Equipment=1,FieldReplaceableUnit=Radio-S182-1
 1670  1 (UNLOCKED)  1 (ENABLED)   Equipment=1,FieldReplaceableUnit=Radio-S210-1
 1687  1 (UNLOCKED)  1 (ENABLED)   Equipment=1,FieldReplaceableUnit=Radio-S211-1
 1704  1 (UNLOCKED)  1 (ENABLED)   Equipment=1,FieldReplaceableUnit=Radio-S212-1
17150  1 (UNLOCKED)  1 (ENABLED)   Transport=1,Synchronization=1,RadioEquipmentClock=1,RadioEquipmentClockReference=NTP1
17151  1 (UNLOCKED)  1 (ENABLED)   Transport=1,Synchronization=1,RadioEquipmentClock=1,RadioEquipmentClockReference=PTP
===================================================================================
Total: 7 MOs

ZA95L> sdir

251125-16:38:25+0100 19.31.9.242 25.0h MSRBS_NODE_MODEL_25.Q1_198665.224.73_bf81 stopfile=/tmp/3138717
INFO: Using amos lookupAccount credentials for the export login
...............................
get /rop/A20251125.1445-1500_ZA95L.xml.gz /ericsson/log/amos/moshell_logfiles/t20251125_37258710_65084/logs_moshell/pmfiles/19.31.9.242/rop/A20251125.1445-1500_ZA95L.xml.gz ... OK
get /rop/A20251125.1500-1515_ZA95L.xml.gz /ericsson/log/amos/moshell_logfiles/t20251125_37258710_65084/logs_moshell/pmfiles/19.31.9.242/rop/A20251125.1500-1515_ZA95L.xml.gz ... OK
get /rop/A20251125.1515-1530_ZA95L.xml.gz /ericsson/log/amos/moshell_logfiles/t20251125_37258710_65084/logs_moshell/pmfiles/19.31.9.242/rop/A20251125.1515-1530_ZA95L.xml.gz ... OK
....Checking available boards on node...

Collecting RCS board data ...
...................................................................................
..........................
.............................................................................................................................................................................................................................................................
.....
Collecting TN data...
.................................................................................................................................................
Getting MO data from node (58 MOs). Please wait...
0%                                             ~50%                                           ~100%
............................................................................................................................
Collecting RF data...
...
Collecting Alarms...
.Executing action Log.export()
...
Log=AlarmLog                    actionId=60443
............
Executing action LogM.exportAvailabilityLog()
..LogM=1,exportAvailabilityLog    actionId=60444
........Parsing alarmLog...........Done.
Parsing availabilityLog.......Done.
.............

Total: 5 CPRI links (5 OK, 0 OKW, 0 NOK, 0 NT)
.
+--------+                      +--------------------+
|        | A        O101     D2 |    Radio-S210-1    |
|        |-----------1----------| RRU227922B822B20C* |
|        |         OK-59m       |       BXP_5        |
|        |                      +--------------------+
|        |                                     |A  |B
|        |                 SE=210* AG=210 GT=ZA95D1/0
|        |                                GT=ZA95D1/1
|        |
|        |                      +--------------------+
|        | B        O101     D2 |    Radio-S211-1    |
|        |-----------2----------| RRU227922B822B20C* |
|        |         OK-58m       |       BXP_2        |
|        |                      +--------------------+
|        |                                     |A  |B
|        |                 SE=211* AG=211 GT=ZA95D2/0
|        |                                GT=ZA95D2/1
|        |
|        |                      +--------------------+
|        | C        O101     D2 |    Radio-S212-1    |
|        |-----------3----------| RRU227922B822B20C* |
|        |         OK-58m       |       BXP_6        |
|        |                      +--------------------+
|        |                                     |A  |B
|  BB-1  |                 SE=212* AG=212 GT=ZA95D3/0
| BB6630 |                                GT=ZA95D3/1
| 000100 |
|        |                      +---------------+
|        | D        O101     D1 | Radio-S180-1  |
|        |-----------4----------|   RRU4415B7   |
|        |         OK-58m       |     BXP_3     |
|        |                      +---------------+
|        |                        |A  |B  |C  |D
|        |                 SE=180 AG=180  |   |
|        |                    FDD=ZA95L1  |   |
|        |                         SE=181 AG=181
|        |                            FDD=ZA95L2
|        |
|        |                      +---------------+
|        | E        O101     D1 | Radio-S182-1  |
|        |-----------5----------|   RRU4415B7   |
|        |         OK-58m       |     BXP_4     |
|        |                      +---------------+
|        |                        |A  |B  |C  |D
|        |                 SE=182 AG=182  |   |
|        |                    FDD=ZA95L3  |   |
|        |
+--------+

=====================================================================================================================================
ID RiL    Type Res MO1-MO2                  BOARD1-BOARD2             AlmIDs Cells (States)                Issue (Failed checks)
=====================================================================================================================================
 1 S210-1 O101 OK  BB-1(A) Radio-S210-1(D2) BB6630 RRU227922B822B20C*        GT=ZA95D1/0 GT=ZA95D1/1 (1,1) Passed
 2 S211-1 O101 OK  BB-1(B) Radio-S211-1(D2) BB6630 RRU227922B822B20C*        GT=ZA95D2/0 GT=ZA95D2/1 (1,1) Passed
 3 S212-1 O101 OK  BB-1(C) Radio-S212-1(D2) BB6630 RRU227922B822B20C*        GT=ZA95D3/0 GT=ZA95D3/1 (1,1) Passed
 4 S180-1 O101 OK  BB-1(D) Radio-S180-1(D1) BB6630 RRU4415B7                 FDD=ZA95L1 FDD=ZA95L2 (1,1)   Passed
 5 S182-1 O101 OK  BB-1(E) Radio-S182-1(D1) BB6630 RRU4415B7                 FDD=ZA95L3 (1)                Passed
-------------------------------------------------------------------------------------------------------------------------------------

Node: RadioNode GL   CXP9024418/16_R8D21 (RCG123.3-3)   G2   GSM LTE-FDD 

=====================================================================================================================================
FRU          ;LNH    ;BOARD              ;ST ;FAULT ;OPER ;MAINT ;STAT ;PRODUCTNUMBER   ;REV     ;SERIAL        ;DATE     ;PMTEMP ; TEMP ; UPT ;VOLT ;SW                   ;
=====================================================================================================================================
BB-1         ;000100 ;BB6630             ; 1 ;  OFF ;  ON ;  OFF ;  ON ;KDU137848/11    ;R3D     ;E96A00QQ38    ;20220415 ;3 (OK) ;      ;11.8 ;48   ;                     ;
Radio-S180-1 ;BXP_3  ;RRU4415B7          ; 1 ;  OFF ;  ON ;  OFF ; N/A ;KRC161495/1     ;R5FC    ;TU8U01GLY4    ;20220403 ;4 (OK) ; 32.0 ;11.8 ;52.6 ;CXP9013268%15_R101KB ; (Radio4415B7)
Radio-S182-1 ;BXP_4  ;RRU4415B7          ; 1 ;  OFF ;  ON ;  OFF ; N/A ;KRC161495/1     ;R5FC    ;TU8U01H071    ;20220411 ;4 (OK) ; 26.6 ;11.8 ;53.6 ;CXP9013268%15_R101KB ; (Radio4415B7)
Radio-S210-1 ;BXP_5  ;RRU227922B822B20C* ; 1 ;  OFF ;  ON ;  OFF ; N/A ;KRC161864/1     ;R1E     ;TU8U01H1S2    ;20220411 ;4 (OK) ; 32.0 ;11.8 ;53.5 ;CXP9013268%15_R101KB ; (Radio227922B822B20C)
Radio-S211-1 ;BXP_2  ;RRU227922B822B20C* ; 1 ;  OFF ;  ON ;  OFF ; N/A ;KRC161864/1     ;R1E     ;TU8U01H4NQ    ;20220413 ;4 (OK) ; 37.0 ;11.8 ;53.7 ;CXP9013268%15_R101KB ; (Radio227922B822B20C)
Radio-S212-1 ;BXP_6  ;RRU227922B822B20C* ; 1 ;  OFF ;  ON ;  OFF ; N/A ;KRC161864/1     ;R1E     ;TU8U01GZQB    ;20220410 ;4 (OK) ; 36.0 ;11.8 ;53.7 ;CXP9013268%15_R101KB ; (Radio227922B822B20C)
-------------------------------------------------------------------------------------------------------------------------------------

=====================================================================================================================================
AntennaNearUnit                                     ;ST  ;TYPE   ;PRODUCTNR  ;REV                ;UNIQUEID             ;RfPort
=====================================================================================================================================
AntennaUnitGroup=180,AntennaNearUnit=RET_2600       ; 1  ;S-RET  ;AIMM20M11  ;WD81MANBRCU_VER.D  ;HWM1410EB007M36096y  ;FieldReplaceableUnit=Radio-S180-1,RfPort=R
AntennaUnitGroup=182,AntennaNearUnit=RET_2600       ; 1  ;S-RET  ;AIMM20M11  ;WD81MANBRCU_VER.D  ;HWM1410FC00WJ71610y  ;FieldReplaceableUnit=Radio-S182-1,RfPort=R
AntennaUnitGroup=210,AntennaNearUnit=RET_1800_2100  ; 1  ;S-RET  ;ARCU02004  ;RF11CIPT_VER.C     ;HWB29175099814709DF  ;FieldReplaceableUnit=Radio-S210-1,RfPort=R
AntennaUnitGroup=210,AntennaNearUnit=RET_2600_S2    ; 1  ;S-RET  ;AIMM20M11  ;WD81MANBRCU_VER.D  ;HWM1410FC011918310y  ;FieldReplaceableUnit=Radio-S210-1,RfPort=R
AntennaUnitGroup=210,AntennaNearUnit=RET_800_900    ; 1  ;S-RET  ;AIMM20M11  ;WD81MANBRCU_VER.D  ;HWM1410FC011757640r  ;FieldReplaceableUnit=Radio-S210-1,RfPort=R
AntennaUnitGroup=211,AntennaNearUnit=RET_1800_2100  ; 1  ;S-RET  ;ARCU02004  ;RF11CIPT_VER.C     ;HWB1881348481470B17  ;FieldReplaceableUnit=Radio-S211-1,RfPort=R
AntennaUnitGroup=211,AntennaNearUnit=RET_800_900    ; 1  ;S-RET  ;ARCU02004  ;RF11CIPT_VER.C     ;HWB62969839514709F3  ;FieldReplaceableUnit=Radio-S211-1,RfPort=R
AntennaUnitGroup=212,AntennaNearUnit=RET_1800_2100  ; 1  ;S-RET  ;ARCU02004  ;RF11CIPT_VER.C     ;HWB8117445421470AC9  ;FieldReplaceableUnit=Radio-S212-1,RfPort=R
AntennaUnitGroup=212,AntennaNearUnit=RET_800_900    ; 1  ;S-RET  ;ARCU02004  ;RF11CIPT_VER.C     ;HWB987530260148322T  ;FieldReplaceableUnit=Radio-S212-1,RfPort=R
-------------------------------------------------------------------------------------------------------------------------------------

=====================================================================================================================================
XPBOARD  ;ST ;FAULT ;OPER ;PRODUCTNUMBER ;REV ;SERIAL/NAME ;DATE     ; TEMP ;MO
=====================================================================================================================================
FAN      ; 1 ;N/A   ;N/A  ;BKV106217/1   ;N/A ;N/A         ;N/A      ;      ;SupportUnit=1 (FAN  BB-1)
-------------------------------------------------------------------------------------------------------------------------------------

=====================================================================================================================================
ID ;T ;RiL    ;BPBP ;BOARD1             ;LNH1 ;PORT ;R ;LINK ;RATE  ; BER ;BOARD2             ;LNH2 ;PORT ;R ;LINK ;RATE  ; BER ;LENGTH ;MO1 - MO2
=====================================================================================================================================
 1 ;O ;S210-1 ;1111 ;BB6630             ;000100 ; 1 ;M ;Up   ;10.1G ;   0 ;RRU227922B822B20C* ;BXP_5  ; 1 ;S ;Up   ;10.1G ;   0 ;   59m ;Fru=BB-1(A) Fru=Radio-S210-1(D2)
 2 ;O ;S211-1 ;1111 ;BB6630             ;000100 ; 2 ;M ;Up   ;10.1G ;   0 ;RRU227922B822B20C* ;BXP_2  ; 1 ;S ;Up   ;10.1G ;   0 ;   58m ;Fru=BB-1(B) Fru=Radio-S211-1(D2)
 3 ;O ;S212-1 ;1111 ;BB6630             ;000100 ; 3 ;M ;Up   ;10.1G ;   0 ;RRU227922B822B20C* ;BXP_6  ; 1 ;S ;Up   ;10.1G ;   0 ;   58m ;Fru=BB-1(C) Fru=Radio-S212-1(D2)
 4 ;O ;S180-1 ;1111 ;BB6630             ;000100 ; 4 ;M ;Up   ;10.1G ;   0 ;RRU4415B7          ;BXP_3  ; 0 ;S ;Up   ;10.1G ;   0 ;   58m ;Fru=BB-1(D) Fru=Radio-S180-1(D1)
 5 ;O ;S182-1 ;1111 ;BB6630             ;000100 ; 5 ;M ;Up   ;10.1G ;   0 ;RRU4415B7          ;BXP_4  ; 0 ;S ;Up   ;10.1G ;   0 ;   58m ;Fru=BB-1(E) Fru=Radio-S182-1(D1)
-------------------------------------------------------------------------------------------------------------------------------------

=====================================================================================================================================
ID ;LINK ;RiL    ;VENDOR1  ;VENDORPROD1      ;REV1 ;SERIAL1         ;DATE1    ;ERICSSONPROD1  ;VENDOR2  ;VENDORPROD2      ;REV2 ;SERIAL2         ;DATE2    ;ERICSSONPROD2  ;TT ;WL1     ;WL2    
=====================================================================================================================================
 1 ;Up   ;S210-1 ;ERICSSON ;LCP-10G3B4HDRME4 ;A    ;2208094A2451262 ;20220222 ;RDH10265/2 R1A ;ERICSSON ;SPP10ELRIDFREN   ;10   ;M5C2003980      ;20220411 ;RDH10265/2 R1A ;0  ;1310.00 ;1310.00
 2 ;Up   ;S211-1 ;ERICSSON ;LCP-10G3B4HDRME4 ;A    ;2208094A2451274 ;20220222 ;RDH10265/2 R1A ;ERICSSON ;SPP10ELRIDFREN   ;10   ;M5C2003436      ;20220411 ;RDH10265/2 R1A ;0  ;1310.00 ;1310.00
 3 ;Up   ;S212-1 ;ERICSSON ;LCP-10G3B4HDRME4 ;A    ;2208094A2451278 ;20220222 ;RDH10265/2 R1A ;ERICSSON ;SPP10ELRIDFREN   ;10   ;M5C2003357      ;20220411 ;RDH10265/2 R1A ;0  ;1310.00 ;1310.00
 4 ;Up   ;S180-1 ;ERICSSON ;LCP-10G3B4HDRME4 ;A    ;2208094A2451257 ;20220222 ;RDH10265/2 R1A ;ERICSSON ;SPP10ELRIDFREN   ;10   ;M592020580      ;20220408 ;RDH10265/2 R1A ;0  ;1310.00 ;1310.00
 5 ;Up   ;S182-1 ;ERICSSON ;EOLP-1396-02-I9  ;1.0  ;PM5H416256      ;20210707 ;RDH10265/2 R1A ;ERICSSON ;SPP10ELRIDFREN   ;10   ;M592020933      ;20220408 ;RDH10265/2 R1A ;0  ;1310.00 ;1310.00
-------------------------------------------------------------------------------------------------------------------------------------

=====================================================================================================================================
ID ;LINK ;RiL    ;WL1     ;TEMP1 ;TXbs1 ;TXdBm1 ;RXdBm1 ;BER1   ;WL2     ;TEMP2 ;TXbs2 ;TXdBm2 ;RXdBm2 ;BER2   ;DlLoss ;UlLoss ;LENGTH ;TT
=====================================================================================================================================
 1 ;Up   ;S210-1 ;1310.00 ;37C   ;38%   ;-3.27  ;-2.83  ;   0   ;1310.00 ;29C   ;41%   ;-2.50  ;-4.42  ;   0   ;  1.15 ;  0.33 ;   59m ; 0
 2 ;Up   ;S211-1 ;1310.00 ;36C   ;32%   ;-3.33  ;-1.62  ;   0   ;1310.00 ;32C   ;38%   ;-1.48  ;-4.26  ;   0   ;  0.93 ;  0.14 ;   58m ; 0
 3 ;Up   ;S212-1 ;1310.00 ;38C   ;32%   ;-3.25  ;-3.64  ;   0   ;1310.00 ;31C   ;31%   ;-1.61  ;-3.52  ;   0   ;  0.27 ;  2.03 ;   58m ; 0
 4 ;Up   ;S180-1 ;1310.00 ;36C   ;33%   ;-3.21  ;-1.18  ;   0   ;1310.00 ;28C   ;38%   ;-0.86  ;-3.23  ;   0   ;  0.02 ;  0.32 ;   58m ; 0
 5 ;Up   ;S182-1 ;1310.00 ;40C   ;43%   ;-1.45  ;-2.47  ;   0   ;1310.00 ;23C   ;30%   ;-1.44  ;-2.52  ;   0   ;  1.07 ;  1.03 ;   58m ; 0
-------------------------------------------------------------------------------------------------------------------------------------

=====================================================================================================================================
ID ;RiL    ;BOARD              ;SFPLNH  ;PORT ;VENDOR   ;VENDORPROD       ;REV  ;SERIAL          ;DATE     ;ERICSSONPROD   ;WL      ;TEMP  ;TXbs  ;TXdBm  ;RXdBm  ; BER
=====================================================================================================================================
 1 ;S210-1 ;BB6630             ;000100   ;  1 ;ERICSSON ;LCP-10G3B4HDRME4 ;A    ;2208094A2451262 ;20220222 ;RDH10265/2 R1A ;1310.00 ;37C   ;38%   ;-3.27  ;-2.83  ;   0
 2 ;S211-1 ;BB6630             ;000100   ;  2 ;ERICSSON ;LCP-10G3B4HDRME4 ;A    ;2208094A2451274 ;20220222 ;RDH10265/2 R1A ;1310.00 ;36C   ;32%   ;-3.33  ;-1.62  ;   0
 3 ;S212-1 ;BB6630             ;000100   ;  3 ;ERICSSON ;LCP-10G3B4HDRME4 ;A    ;2208094A2451278 ;20220222 ;RDH10265/2 R1A ;1310.00 ;38C   ;32%   ;-3.25  ;-3.64  ;   0
 4 ;S180-1 ;BB6630             ;000100   ;  4 ;ERICSSON ;LCP-10G3B4HDRME4 ;A    ;2208094A2451257 ;20220222 ;RDH10265/2 R1A ;1310.00 ;36C   ;33%   ;-3.21  ;-1.18  ;   0
 5 ;S182-1 ;BB6630             ;000100   ;  5 ;ERICSSON ;EOLP-1396-02-I9  ;1.0  ;PM5H416256      ;20210707 ;RDH10265/2 R1A ;1310.00 ;40C   ;43%   ;-1.45  ;-2.47  ;   0
 2 ;S211-1 ;RRU227922B822B20C* ;BXP_2    ;  1 ;ERICSSON ;SPP10ELRIDFREN   ;10   ;M5C2003436      ;20220411 ;RDH10265/2 R1A ;1310.00 ;32C   ;38%   ;-1.48  ;-4.26  ;   0
 4 ;S180-1 ;RRU4415B7          ;BXP_3    ;  0 ;ERICSSON ;SPP10ELRIDFREN   ;10   ;M592020580      ;20220408 ;RDH10265/2 R1A ;1310.00 ;28C   ;38%   ;-0.86  ;-3.23  ;   0
 5 ;S182-1 ;RRU4415B7          ;BXP_4    ;  0 ;ERICSSON ;SPP10ELRIDFREN   ;10   ;M592020933      ;20220408 ;RDH10265/2 R1A ;1310.00 ;23C   ;30%   ;-1.44  ;-2.52  ;   0
 1 ;S210-1 ;RRU227922B822B20C* ;BXP_5    ;  1 ;ERICSSON ;SPP10ELRIDFREN   ;10   ;M5C2003980      ;20220411 ;RDH10265/2 R1A ;1310.00 ;29C   ;41%   ;-2.50  ;-4.42  ;   0
 3 ;S212-1 ;RRU227922B822B20C* ;BXP_6    ;  1 ;ERICSSON ;SPP10ELRIDFREN   ;10   ;M5C2003357      ;20220411 ;RDH10265/2 R1A ;1310.00 ;31C   ;31%   ;-1.61  ;-3.52  ;   0
-------------------------------------------------------------------------------------------------------------------------------------
TN ;       ;BB6630             ;000100   ;  A ;ERICSSON ;LCP-10G3B4HDRME4 ;A    ;2208094A2451269 ;20220222 ;RDH10265/2 R1A ;0       ;35C   ;45%   ;-3.34  ;-2.08  ;NZ/0
-------------------------------------------------------------------------------------------------------------------------------------

=====================================================================================================================================
BOARD  ;LNH    ;PORT   ;T ;S ;OpMode   ;AutoNeg ;MacAddress        ;VlanIds        ;LOS ;BER
=====================================================================================================================================
BB6630 ;000100 ;IDL_A1 ;E ;1 ;10G_FULL ;false   ;F8:97:A9:07:E6:F9 ;3908           ;0   ;0/0
BB6630 ;000100 ;TN_A   ;O ;1 ;10G_FULL ;false   ;F8:97:A9:07:E6:F5 ;3901,3908,3910 ;0   ;NZ/0
-------------------------------------------------------------------------------------------------------------------------------------

radioClockState : RNT_TIME_LOCKED
-------------------------------------------------------------------------------------
Prio  ;ST  ;syncRefType    ;refStatus  ;opQualLevel  ;SyncReference
-------------------------------------------------------------------------------------
   1  ; 1  ;PTP_TIME       ;NO_FAULT   ;PRTC         ;Ptp=1,BoundaryOrdinaryClock=PTP (G_8275_1 EthernetPort=TN_A:SLAVE)
   2  ; 1  ;NTP_FREQUENCY  ;NO_FAULT   ;PRC          ;Ntp=1,NtpFrequencySync=NTP1 (10.31.0.54:32751 Router=45G_Traffic,InterfaceIPv4=LTE,AddressIPv4=LTE)
-------------------------------------------------------------------------------------
-------------------------------------------------------------------------------------
Prio  ;ST  ;assistRefStatus  ;recQualLevel  ;AssistingReference
-------------------------------------------------------------------------------------
   1  ; 0  ;UNKNOWN          ;PRTC          ;Synchronization=1,SyncEthInput=SyncE (SFP_OPTICAL EthernetPort=TN_A)
-------------------------------------------------------------------------------------
nodeGroupRole   : SYNC_RECEIVER (syncNodePriority=3, selectionMode=NODE_PRIORITY)
-------------------------------------------------------------------------------------
DU  ;Port  ;sharedUnitRef (RiPortA - RiPortB)  ;remoteNodePriority  ;CandidateStatus
-------------------------------------------------------------------------------------
1   ;C     ;Fru=Radio-S212-1 (2 - 1)           ;1                   ;OK_NOT_ACTIVE
1   ;B     ;Fru=Radio-S211-1 (2 - 1)           ;1                   ;OK_NOT_ACTIVE
1   ;A     ;Fru=Radio-S210-1 (2 - 1)           ;1                   ;OK_ACTIVE
-------------------------------------------------------------------------------------

=====================================================================================================================================
FRU          ;LNH    ;BOARD              ;RF  ;BP  ;TX (W/dBm)  ;VSWR (RL)   ;RX (dBm) ;UEs/gUEs  ;Sector/AntennaGroup/Cells (State:CellIds:PCIs)
=====================================================================================================================================
Radio-S180-1 ;BXP_3  ;RRU4415B7          ; A  ;11  ;12.6 (41.0) ;1.08 (28.5) ;-95.8    ;21/-      ;SE=180 AG=180 FDD=ZA95L1 (1:21:281)
Radio-S180-1 ;BXP_3  ;RRU4415B7          ; B  ;11  ;14.8 (41.7) ;1.03 (37.5) ;-95.0    ;21/-      ;SE=180 AG=180 FDD=ZA95L1 (1:21:281)
Radio-S180-1 ;BXP_3  ;RRU4415B7          ; C  ;11  ;15.1 (41.8) ;1.05 (32.3) ;-95.4    ;28/-      ;SE=181 AG=181 FDD=ZA95L2 (1:22:95)
Radio-S180-1 ;BXP_3  ;RRU4415B7          ; D  ;11  ;15.8 (42.0) ;1.10 (26.7) ;-95.8    ;28/-      ;SE=181 AG=181 FDD=ZA95L2 (1:22:95)
Radio-S182-1 ;BXP_4  ;RRU4415B7          ; A  ;11  ;21.9 (43.4) ;1.08 (28.4) ;-99.2    ;6/-       ;SE=182 AG=182 FDD=ZA95L3 (1:23:339)
Radio-S182-1 ;BXP_4  ;RRU4415B7          ; B  ;11  ;-           ;1.04 (33.9) ;-99.0    ;6/-       ;SE=182 AG=182 FDD=ZA95L3 (1:23:339)
Radio-S182-1 ;BXP_4  ;RRU4415B7          ; C  ;11  ;-           ;-           ;         ;          ;
Radio-S182-1 ;BXP_4  ;RRU4415B7          ; D  ;11  ;-           ;-           ;         ;          ;
Radio-S210-1 ;BXP_5  ;RRU227922B822B20C* ; A  ;11  ;24.1 (43.8) ;1.15 (23.4) ;-88.2    ;-/-       ;SE=210* AG=210 GT=ZA95D1/0 GT=ZA95D1/1 (1, 1)
Radio-S210-1 ;BXP_5  ;RRU227922B822B20C* ; B  ;11  ;14.3 (41.6) ;1.10 (26.8) ;-88.3    ;-/-       ;SE=210* AG=210 GT=ZA95D1/0 GT=ZA95D1/1 (1, 1)
Radio-S211-1 ;BXP_2  ;RRU227922B822B20C* ; A  ;11  ;32.5 (45.1) ;1.12 (24.9) ;-97.9    ;-/-       ;SE=211* AG=211 GT=ZA95D2/0 GT=ZA95D2/1 (1, 1)
Radio-S211-1 ;BXP_2  ;RRU227922B822B20C* ; B  ;11  ;23.4 (43.7) ;1.13 (24.3) ;-96.3    ;-/-       ;SE=211* AG=211 GT=ZA95D2/0 GT=ZA95D2/1 (1, 1)
Radio-S212-1 ;BXP_6  ;RRU227922B822B20C* ; A  ;11  ;34.1 (45.3) ;1.08 (28.4) ;-101.3   ;-/-       ;SE=212* AG=212 GT=ZA95D3/0 GT=ZA95D3/1 (1, 1)
Radio-S212-1 ;BXP_6  ;RRU227922B822B20C* ; B  ;11  ;24.8 (43.9) ;1.05 (33.0) ;-100.8   ;-/-       ;SE=212* AG=212 GT=ZA95D3/0 GT=ZA95D3/1 (1, 1)
-------------------------------------------------------------------------------------------------------------------------------------

ZA95L> mfar

251125-16:40:55+0100 19.31.9.242 25.0h MSRBS_NODE_MODEL_25.Q1_198665.224.73_bf81 stopfile=/tmp/3138717
.....
Last MO: 17155. Loaded 17155 MOs. Total: 17156 MOs.
..........................................
get /rop/A20251125.1400-1415_ZA95L.xml.gz /ericsson/log/amos/moshell_logfiles/t20251125_37258710_65084/logs_moshell/pmfiles/19.31.9.242/rop/A20251125.1400-1415_ZA95L.xml.gz ... OK
get /rop/A20251125.1415-1430_ZA95L.xml.gz /ericsson/log/amos/moshell_logfiles/t20251125_37258710_65084/logs_moshell/pmfiles/19.31.9.242/rop/A20251125.1415-1430_ZA95L.xml.gz ... OK
get /rop/A20251125.1430-1445_ZA95L.xml.gz /ericsson/log/amos/moshell_logfiles/t20251125_37258710_65084/logs_moshell/pmfiles/19.31.9.242/rop/A20251125.1430-1445_ZA95L.xml.gz ... OK

Using hardcoded thresholds: 3, 4.5, and 16.5
================================================================================================================================
SC     SE  Tx/Rx BrPair  RfPort1 - RfPort2               HW       Serial      Cell (State)   Samples   Med  Mean  SDev Pol Res Issue
================================================================================================================================
ZA95L1 180   2/2 0 (1,2) Radio-S180-1(A) Radio-S180-1(B) RRU4415  TU8U01GLY4  FDD=ZA95L1 (1)  669607  -2.5  -1.1   6.6  NA  OK Passed
ZA95L2 181   2/2 0 (1,2) Radio-S180-1(C) Radio-S180-1(D) RRU4415  TU8U01GLY4  FDD=ZA95L2 (1)  927169   0.5   0.0   6.9  NA  OK Passed
ZA95L3 182   2/2 0 (1,2) Radio-S182-1(A) Radio-S182-1(B) RRU4415  TU8U01H071  FDD=ZA95L3 (1)  249801  -1.5  -1.4   6.6  NA  OK Passed
================================================================================================================================
Total: 3 SectorCarriers, 3 RfBranch Pairs (3 OK, 0 OKW, 0 NOK, 0 NT)
.....
Last MO: 17155. Loaded 17155 MOs. Total: 17156 MOs.

No NRSectorCarrier MOs are defined on the node.

ZA95L> mfitr

251125-16:41:12+0100 19.31.9.242 25.0h MSRBS_NODE_MODEL_25.Q1_198665.224.73_bf81 stopfile=/tmp/3138717
.........
Last MO: 17155. Loaded 17155 MOs. Total: 17156 MOs.
.......
2025-11-25 16:41
================================================================================================================================
CELL       SC     FRU          BOARD     PUSCH  PUCCH       A      B      C      D  DELTA
================================================================================================================================
FDD=ZA95L1 ZA95L1 Radio-S180-1 RRU4415B7 -116.3 -118.1 -117.7 -117.1                  0.6
FDD=ZA95L2 ZA95L2 Radio-S180-1 RRU4415B7 -116.7 -117.5               -117.0 -117.0      0
FDD=ZA95L3 ZA95L3 Radio-S182-1 RRU4415B7 -119.0 -118.7 -118.8 -118.7                  0.1
================================================================================================================================
Bye...
Output has been logged to file /mta_fs/UserFiles/37258710/amosbatch/SDIR/ZA95L.log
