Logging to file /mta_fs/UserFiles/37258710/amosbatch/SDIR/ZC16E.log
                        __  __  ____   _____
                  /\   |  \/  |/ __ \ / ____|
                 /  \  | \  / | |  | | (___  
                / /\ \ | |\/| | |  | |\___ \ 
               / ____ \| |  | | |__| |____) |
              /_/    \_\_|  |_|\____/|_____/
              OSS Framework for MoShell-25.0h 
  Copyright (c) Ericsson AB 2001-2025 - All Rights Reserved
              
           
[1;31mWARNING: [0mthe AMOS version currently running is more than 29 weeks old and is unsupported.
Please upgrade as soon as possible to the latest released version, available from your local Ericsson support.

$amosrb_pid = 2698675

Checking ip contact...OK

HELP MENU            : h
BASIC MO COMMANDS    : m
OTHER MO COMMANDS    : n
OTHER COMMANDS       : o
PM COMMANDS          : p
QUIT                 : q

ZC16E> lt all

251125-14:21:06+0100 19.31.8.160 25.0h  stopfile=/tmp/2698387
Looking up temporary_amos account... OK.
Trying temporary_amos_t20251125_37258710_65084_131's password from amos lookupAccount ... OK

$ssh_pid = 2699265

Connected to 19.31.8.160 (SubNetwork=BBMM_rckomc_R,MeContext=ZC16E,ManagedElement=ZC16E)

Checking MOM version...MSRBS_NODE_MODEL_25.Q1_198665.224.73_bf81
Parsing MOM (cached): /ericsson/log/amos/moshell_logfiles/t20251125_37258710_65084/logs_moshell/tempfiles/scp-4-amos_20251125-142059_2698324/MSRBS_NODE_MODEL_25.Q1_198665.224.73_bf81.xml.cache.gz ......................................................................................................................................................................................................................Done.
Using paramfile /opt/ericsson/amos/moshell/commonjars/pm/PARAM_MSRBSG2_25.Q1.txt
Parsing file /opt/ericsson/amos/moshell/commonjars/pm/PARAM_MSRBSG2_25.Q1.txt ......................................................................................Done.
Using imomdfile /opt/ericsson/amos/moshell/commonjars/pm/IMOMD_MSRBS_22.Q4.txt
Using imomfile /opt/ericsson/amos/moshell/commonjars/pm/IMOM_MSRBS_25.Q1.txt
Connected to 19.31.8.160 (SubNetwork=BBMM_rckomc_R,MeContext=ZC16E,ManagedElement=ZC16E)

Last MO: 18436. Loaded 18436 MOs. Total: 18437 MOs.

ZC16E> st cell

251125-14:21:25+0100 19.31.8.160 25.0h MSRBS_NODE_MODEL_25.Q1_198665.224.73_bf81 stopfile=/tmp/2698387
===================================================================================
Proxy  Adm State     Op. State     MO
===================================================================================
   43  1 (UNLOCKED)  1 (ENABLED)   ENodeBFunction=1,EUtranCellFDD=ZC16E1
  160  1 (UNLOCKED)  1 (ENABLED)   ENodeBFunction=1,EUtranCellFDD=ZC16E2
  318  1 (UNLOCKED)  1 (ENABLED)   ENodeBFunction=1,EUtranCellFDD=ZC16E3
  429  1 (UNLOCKED)  1 (ENABLED)   ENodeBFunction=1,EUtranCellFDD=ZC16M1
  550  1 (UNLOCKED)  1 (ENABLED)   ENodeBFunction=1,EUtranCellFDD=ZC16M2
  745  1 (UNLOCKED)  1 (ENABLED)   ENodeBFunction=1,EUtranCellFDD=ZC16M3
  868  1 (UNLOCKED)  1 (ENABLED)   ENodeBFunction=1,EUtranCellFDD=ZC16T1
  998  1 (UNLOCKED)  1 (ENABLED)   ENodeBFunction=1,EUtranCellFDD=ZC16T2
 1189  1 (UNLOCKED)  1 (ENABLED)   ENodeBFunction=1,EUtranCellFDD=ZC16T3
 1836  1 (UNLOCKED)  1 (ENABLED)   ENodeBFunction=1,NbIotCell=ZC16N1
 1837  1 (UNLOCKED)  1 (ENABLED)   ENodeBFunction=1,NbIotCell=ZC16N2
 1838  1 (UNLOCKED)  1 (ENABLED)   ENodeBFunction=1,NbIotCell=ZC16N3
===================================================================================
Total: 12 MOs

ZC16E> st radio

251125-14:21:26+0100 19.31.8.160 25.0h MSRBS_NODE_MODEL_25.Q1_198665.224.73_bf81 stopfile=/tmp/2698387
===================================================================================
Proxy  Adm State     Op. State     MO
===================================================================================
 2825  1 (UNLOCKED)  1 (ENABLED)   Equipment=1,FieldReplaceableUnit=Radio-S100-1
 2848  1 (UNLOCKED)  1 (ENABLED)   Equipment=1,FieldReplaceableUnit=Radio-S102-1
 2871  1 (UNLOCKED)  1 (ENABLED)   Equipment=1,FieldReplaceableUnit=Radio-S210-1
 2888  1 (UNLOCKED)  1 (ENABLED)   Equipment=1,FieldReplaceableUnit=Radio-S211-1
 2905  1 (UNLOCKED)  1 (ENABLED)   Equipment=1,FieldReplaceableUnit=Radio-S212-1
18428  1 (UNLOCKED)  1 (ENABLED)   Transport=1,Synchronization=1,RadioEquipmentClock=1,RadioEquipmentClockReference=NTP1
18429  1 (UNLOCKED)  1 (ENABLED)   Transport=1,Synchronization=1,RadioEquipmentClock=1,RadioEquipmentClockReference=PTP8275_2
===================================================================================
Total: 7 MOs

ZC16E> sdir

251125-14:21:26+0100 19.31.8.160 25.0h MSRBS_NODE_MODEL_25.Q1_198665.224.73_bf81 stopfile=/tmp/2698387
INFO: Using amos lookupAccount credentials for the export login
.........................
get /rop/A20251125.1230-1245_ZC16E.xml.gz /ericsson/log/amos/moshell_logfiles/t20251125_37258710_65084/logs_moshell/pmfiles/19.31.8.160/rop/A20251125.1230-1245_ZC16E.xml.gz ... OK
get /rop/A20251125.1245-1300_ZC16E.xml.gz /ericsson/log/amos/moshell_logfiles/t20251125_37258710_65084/logs_moshell/pmfiles/19.31.8.160/rop/A20251125.1245-1300_ZC16E.xml.gz ... OK
get /rop/A20251125.1300-1315_ZC16E.xml.gz /ericsson/log/amos/moshell_logfiles/t20251125_37258710_65084/logs_moshell/pmfiles/19.31.8.160/rop/A20251125.1300-1315_ZC16E.xml.gz ... OK
....Checking available boards on node...

Collecting RCS board data ...
.....................................................................................
..........................
............................................................................................................................................................................................................................................................................................................
.....
Collecting TN data...
.....................................................................................................................
Getting MO data from node (75 MOs). Please wait...
0%                                             ~50%                                           ~100%
....................................................................................................................................
Collecting RF data...
....
Collecting Alarms...
.Executing action Log.export()
...
Log=AlarmLog                    actionId=11907
........
Executing action LogM.exportAvailabilityLog()
..LogM=1,exportAvailabilityLog    actionId=11908
........Parsing alarmLog........Done.
Parsing availabilityLog......Done.
........

Total: 5 CPRI links (5 OK, 0 OKW, 0 NOK, 0 NT)
.
+--------+                      +--------------------+
|        | A        O101     D1 |    Radio-S210-1    |
|        |-----------1----------| RRU227922B822B20C* |
|        |         OK-58m       |       BXP_2        |
|        |                      +--------------------+
|        |                                     |A  |B
|        |                  SE=210* AG=210 FDD=ZC16E1
|        |                                NIOT=ZC16N1
|        |
|        |                      +--------------------+
|        | B        O101     D1 |    Radio-S211-1    |
|        |-----------2----------| RRU227922B822B20C* |
|        |         OK-58m       |       BXP_3        |
|        |                      +--------------------+
|        |                                     |A  |B
|        |                  SE=211* AG=211 FDD=ZC16E2
|        |                                NIOT=ZC16N2
|        |
|        |                      +--------------------+
|        | C        O101     D1 |    Radio-S212-1    |
|        |-----------3----------| RRU227922B822B20C* |
|        |         OK-58m       |       BXP_4        |
|        |                      +--------------------+
|        |                                     |A  |B
|  BB-1  |                  SE=212* AG=212 FDD=ZC16E3
| BB6630 |                                NIOT=ZC16N3
| 000100 |
|        |                      +------------------+
|        | D        O101     D2 |   Radio-S100-1   |
|        |-----------4----------| RRU449944B144B3C |
|        |         OK-58m       |      BXP_5       |
|        |                      +------------------+
|        |                           |A  |B  |C  |D
|        |                    SE=100 AG=100  |   |
|        |            FDD=ZC16M1 FDD=ZC16T1  |   |
|        |                            SE=101 AG=101
|        |                    FDD=ZC16M2 FDD=ZC16T2
|        |
|        |                      +------------------+
|        | E        O101     D2 |   Radio-S102-1   |
|        |-----------5----------| RRU449944B144B3C |
|        |         OK-58m       |      BXP_6       |
|        |                      +------------------+
|        |                           |A  |B  |C  |D
|        |                    SE=102 AG=102  |   |
|        |            FDD=ZC16M3 FDD=ZC16T3  |   |
|        |
+--------+

=====================================================================================================================================
ID RiL    Type Res MO1-MO2                  BOARD1-BOARD2             AlmIDs Cells (States)                                        Issue (Failed checks)
=====================================================================================================================================
 1 S210-1 O101 OK  BB-1(A) Radio-S210-1(D1) BB6630 RRU227922B822B20C*        FDD=ZC16E1 NIOT=ZC16N1 (1,1)                          Passed
 2 S211-1 O101 OK  BB-1(B) Radio-S211-1(D1) BB6630 RRU227922B822B20C*        FDD=ZC16E2 NIOT=ZC16N2 (1,1)                          Passed
 3 S212-1 O101 OK  BB-1(C) Radio-S212-1(D1) BB6630 RRU227922B822B20C*        FDD=ZC16E3 NIOT=ZC16N3 (1,1)                          Passed
 4 S100-1 O101 OK  BB-1(D) Radio-S100-1(D2) BB6630 RRU449944B144B3C          FDD=ZC16M1 FDD=ZC16M2 FDD=ZC16T1 FDD=ZC16T2 (1,1,1,1) Passed
 5 S102-1 O101 OK  BB-1(E) Radio-S102-1(D2) BB6630 RRU449944B144B3C          FDD=ZC16M3 FDD=ZC16T3 (1,1)                           Passed
-------------------------------------------------------------------------------------------------------------------------------------

Node: RadioNode L   CXP9024418/16_R8D21 (RCG123.3-3)   G2   LTE-FDD,LTE-IoT 

=====================================================================================================================================
FRU          ;LNH    ;BOARD              ;ST ;FAULT ;OPER ;MAINT ;STAT ;PRODUCTNUMBER   ;REV     ;SERIAL        ;DATE     ;PMTEMP ; TEMP ; UPT ;VOLT ;SW                   ;
=====================================================================================================================================
BB-1         ;000100 ;BB6630             ; 1 ;  OFF ;  ON ;  OFF ;  ON ;KDU137848/11    ;R3D     ;E96A00KRU0    ;20211108 ;3 (OK) ;      ;14.0 ;48   ;                     ;
Radio-S100-1 ;BXP_5  ;RRU449944B144B3C   ; 1 ;  OFF ;  ON ;  OFF ; N/A ;KRC161787/1     ;R2G     ;TU8U01Q5JV    ;20220831 ;4 (OK) ; 36.5 ;21.9 ;52.9 ;CXP9013268%15_R101KB ; (Radio449944B144B3C)
Radio-S102-1 ;BXP_6  ;RRU449944B144B3C   ; 1 ;  OFF ;  ON ;  OFF ; N/A ;KRC161787/1     ;R2G     ;TU8U01Q52X    ;20220831 ;4 (OK) ; 32.5 ;21.9 ;53.7 ;CXP9013268%15_R101KB ; (Radio449944B144B3C)
Radio-S210-1 ;BXP_2  ;RRU227922B822B20C* ; 1 ;  OFF ;  ON ;  OFF ; N/A ;KRC161864/1     ;R1E     ;TU8U01Q772    ;20220901 ;4 (OK) ; 37.5 ;21.9 ;53.8 ;CXP9013268%15_R101KB ; (Radio227922B822B20C)
Radio-S211-1 ;BXP_3  ;RRU227922B822B20C* ; 1 ;  OFF ;  ON ;  OFF ; N/A ;KRC161864/1     ;R1E     ;TU8U01Q76W    ;20220901 ;4 (OK) ; 40.0 ;21.9 ;54.0 ;CXP9013268%15_R101KB ; (Radio227922B822B20C)
Radio-S212-1 ;BXP_4  ;RRU227922B822B20C* ; 1 ;  OFF ;  ON ;  OFF ; N/A ;KRC161864/1     ;R1E     ;TU8U01Q76Y    ;20220901 ;4 (OK) ; 38.5 ;21.9 ;53.9 ;CXP9013268%15_R101KB ; (Radio227922B822B20C)
-------------------------------------------------------------------------------------------------------------------------------------

=====================================================================================================================================
AntennaNearUnit                                     ;ST  ;TYPE   ;PRODUCTNR  ;REV  ;UNIQUEID             ;RfPort
=====================================================================================================================================
AntennaUnitGroup=210,AntennaNearUnit=RET_1800_2100  ; 1  ;S-RET  ;COMMRET2   ;6    ;CP0020CN106042929Y2  ;FieldReplaceableUnit=Radio-S210-1,RfPort=R
AntennaUnitGroup=210,AntennaNearUnit=RET_2600       ; 1  ;S-RET  ;COMMRET2   ;6    ;CP0020CN106042929Y3  ;FieldReplaceableUnit=Radio-S210-1,RfPort=R
AntennaUnitGroup=210,AntennaNearUnit=RET_800_900    ; 1  ;S-RET  ;COMMRET2   ;6    ;CP0020CN106042929R2  ;FieldReplaceableUnit=Radio-S210-1,RfPort=R
AntennaUnitGroup=211,AntennaNearUnit=RET_1800_2100  ; 1  ;S-RET  ;COMMRET2   ;6    ;CP0020CN106042948Y2  ;FieldReplaceableUnit=Radio-S211-1,RfPort=R
AntennaUnitGroup=211,AntennaNearUnit=RET_2600       ; 1  ;S-RET  ;COMMRET2   ;6    ;CP0020CN106042948Y3  ;FieldReplaceableUnit=Radio-S211-1,RfPort=R
AntennaUnitGroup=211,AntennaNearUnit=RET_800_900    ; 1  ;S-RET  ;COMMRET2   ;6    ;CP0020CN106042948R2  ;FieldReplaceableUnit=Radio-S211-1,RfPort=R
AntennaUnitGroup=212,AntennaNearUnit=RET_1800_2100  ; 1  ;S-RET  ;COMMRET2   ;6    ;CP0020CN106375143Y2  ;FieldReplaceableUnit=Radio-S212-1,RfPort=R
AntennaUnitGroup=212,AntennaNearUnit=RET_2600       ; 1  ;S-RET  ;COMMRET2   ;6    ;CP0020CN106375143Y3  ;FieldReplaceableUnit=Radio-S212-1,RfPort=R
AntennaUnitGroup=212,AntennaNearUnit=RET_800_900    ; 1  ;S-RET  ;COMMRET2   ;6    ;CP0020CN106375143R2  ;FieldReplaceableUnit=Radio-S212-1,RfPort=R
-------------------------------------------------------------------------------------------------------------------------------------

=====================================================================================================================================
XPBOARD  ;ST ;FAULT ;OPER ;PRODUCTNUMBER ;REV ;SERIAL/NAME ;DATE     ; TEMP ;MO
=====================================================================================================================================
FAN      ; 1 ;N/A   ;N/A  ;BKV106217/1   ;N/A ;N/A         ;N/A      ;      ;SupportUnit=1 (FAN  BB-1)
-------------------------------------------------------------------------------------------------------------------------------------

=====================================================================================================================================
ID ;T ;RiL    ;BPBP ;BOARD1             ;LNH1 ;PORT ;R ;LINK ;RATE  ; BER ;BOARD2             ;LNH2 ;PORT ;R ;LINK ;RATE  ; BER ;LENGTH ;MO1 - MO2
=====================================================================================================================================
 1 ;O ;S210-1 ;1111 ;BB6630             ;000100 ; 1 ;M ;Up   ;10.1G ;   0 ;RRU227922B822B20C* ;BXP_2  ; 0 ;S ;Up   ;10.1G ;   0 ;   58m ;Fru=BB-1(A) Fru=Radio-S210-1(D1)
 2 ;O ;S211-1 ;1111 ;BB6630             ;000100 ; 2 ;M ;Up   ;10.1G ;   0 ;RRU227922B822B20C* ;BXP_3  ; 0 ;S ;Up   ;10.1G ;   0 ;   58m ;Fru=BB-1(B) Fru=Radio-S211-1(D1)
 3 ;O ;S212-1 ;1111 ;BB6630             ;000100 ; 3 ;M ;Up   ;10.1G ;   0 ;RRU227922B822B20C* ;BXP_4  ; 0 ;S ;Up   ;10.1G ;   0 ;   58m ;Fru=BB-1(C) Fru=Radio-S212-1(D1)
 4 ;O ;S100-1 ;1111 ;BB6630             ;000100 ; 4 ;M ;Up   ;10.1G ;   0 ;RRU449944B144B3C   ;BXP_5  ; 1 ;S ;Up   ;10.1G ;   0 ;   58m ;Fru=BB-1(D) Fru=Radio-S100-1(D2)
 5 ;O ;S102-1 ;1111 ;BB6630             ;000100 ; 5 ;M ;Up   ;10.1G ;   0 ;RRU449944B144B3C   ;BXP_6  ; 1 ;S ;Up   ;10.1G ;   0 ;   58m ;Fru=BB-1(E) Fru=Radio-S102-1(D2)
-------------------------------------------------------------------------------------------------------------------------------------

=====================================================================================================================================
ID ;LINK ;RiL    ;VENDOR1  ;VENDORPROD1     ;REV1 ;SERIAL1    ;DATE1    ;ERICSSONPROD1  ;VENDOR2  ;VENDORPROD2     ;REV2 ;SERIAL2    ;DATE2    ;ERICSSONPROD2  ;TT ;WL1     ;WL2    
=====================================================================================================================================
 1 ;Up   ;S210-1 ;ERICSSON ;EOLP-1396-02-I9 ;1.0  ;PM1M157893 ;20210410 ;RDH10265/2 R1A ;ERICSSON ;EOLP-1396-02-I9 ;1.0  ;PM1M157900 ;20210410 ;RDH10265/2 R1A ;0  ;1310.00 ;1310.00
 2 ;Up   ;S211-1 ;ERICSSON ;EOLP-1396-02-I9 ;1.0  ;PM1M157881 ;20210410 ;RDH10265/2 R1A ;ERICSSON ;EOLP-1396-02-I9 ;1.0  ;PM1M157831 ;20210410 ;RDH10265/2 R1A ;0  ;1310.00 ;1310.00
 3 ;Up   ;S212-1 ;ERICSSON ;EOLP-1396-02-I9 ;1.0  ;PM1M157832 ;20210410 ;RDH10265/2 R1A ;ERICSSON ;EOLP-1396-02-I9 ;1.0  ;PM1M157806 ;20210410 ;RDH10265/2 R1A ;0  ;1310.00 ;1310.00
 4 ;Up   ;S100-1 ;ERICSSON ;EOLP-1396-02-I9 ;1.0  ;PM1M157803 ;20210410 ;RDH10265/2 R1A ;ERICSSON ;EOLP-1396-02-I9 ;1.0  ;PM1M157890 ;20210410 ;RDH10265/2 R1A ;0  ;1310.00 ;1310.00
 5 ;Up   ;S102-1 ;ERICSSON ;EOLP-1396-02-I9 ;1.0  ;PM1M157835 ;20210410 ;RDH10265/2 R1A ;ERICSSON ;EOLP-1396-02-I9 ;1.0  ;PM1M157855 ;20210410 ;RDH10265/2 R1A ;0  ;1310.00 ;1310.00
-------------------------------------------------------------------------------------------------------------------------------------

=====================================================================================================================================
ID ;LINK ;RiL    ;WL1     ;TEMP1 ;TXbs1 ;TXdBm1 ;RXdBm1 ;BER1   ;WL2     ;TEMP2 ;TXbs2 ;TXdBm2 ;RXdBm2 ;BER2   ;DlLoss ;UlLoss ;LENGTH ;TT
=====================================================================================================================================
 1 ;Up   ;S210-1 ;1310.00 ;46C   ;48%   ;-1.78  ;-1.02  ;   0   ;1310.00 ;36C   ;47%   ;-1.56  ;-1.98  ;   0   ;   0.2 ; -0.54 ;   58m ; 0
 2 ;Up   ;S211-1 ;1310.00 ;47C   ;47%   ;-1.91  ;-1.86  ;   0   ;1310.00 ;39C   ;46%   ;-2.25  ;-1.79  ;   0   ; -0.12 ; -0.39 ;   58m ; 0
 3 ;Up   ;S212-1 ;1310.00 ;48C   ;50%   ;-1.14  ;-2.11  ;   0   ;1310.00 ;36C   ;44%   ;-1.86  ;-1.67  ;   0   ;  0.53 ;  0.25 ;   58m ; 0
 4 ;Up   ;S100-1 ;1310.00 ;47C   ;45%   ;-2.01  ;-1.35  ;   0   ;1310.00 ;35C   ;43%   ;-1.59  ;-1.62  ;   0   ; -0.39 ; -0.24 ;   58m ; 0
 5 ;Up   ;S102-1 ;1310.00 ;46C   ;47%   ;-1.69  ;-1.73  ;   0   ;1310.00 ;32C   ;46%   ;-1.33  ;-2.68  ;   0   ;  0.99 ;   0.4 ;   58m ; 0
-------------------------------------------------------------------------------------------------------------------------------------

=====================================================================================================================================
ID ;RiL    ;BOARD              ;SFPLNH  ;PORT ;VENDOR   ;VENDORPROD      ;REV  ;SERIAL     ;DATE     ;ERICSSONPROD   ;WL      ;TEMP  ;TXbs  ;TXdBm  ;RXdBm  ; BER
=====================================================================================================================================
 1 ;S210-1 ;BB6630             ;000100   ;  1 ;ERICSSON ;EOLP-1396-02-I9 ;1.0  ;PM1M157893 ;20210410 ;RDH10265/2 R1A ;1310.00 ;46C   ;48%   ;-1.78  ;-1.02  ;   0
 2 ;S211-1 ;BB6630             ;000100   ;  2 ;ERICSSON ;EOLP-1396-02-I9 ;1.0  ;PM1M157881 ;20210410 ;RDH10265/2 R1A ;1310.00 ;47C   ;47%   ;-1.91  ;-1.86  ;   0
 3 ;S212-1 ;BB6630             ;000100   ;  3 ;ERICSSON ;EOLP-1396-02-I9 ;1.0  ;PM1M157832 ;20210410 ;RDH10265/2 R1A ;1310.00 ;48C   ;50%   ;-1.14  ;-2.11  ;   0
 4 ;S100-1 ;BB6630             ;000100   ;  4 ;ERICSSON ;EOLP-1396-02-I9 ;1.0  ;PM1M157803 ;20210410 ;RDH10265/2 R1A ;1310.00 ;47C   ;45%   ;-2.01  ;-1.35  ;   0
 5 ;S102-1 ;BB6630             ;000100   ;  5 ;ERICSSON ;EOLP-1396-02-I9 ;1.0  ;PM1M157835 ;20210410 ;RDH10265/2 R1A ;1310.00 ;46C   ;47%   ;-1.69  ;-1.73  ;   0
 1 ;S210-1 ;RRU227922B822B20C* ;BXP_2    ;  0 ;ERICSSON ;EOLP-1396-02-I9 ;1.0  ;PM1M157900 ;20210410 ;RDH10265/2 R1A ;1310.00 ;36C   ;47%   ;-1.56  ;-1.98  ;   0
 2 ;S211-1 ;RRU227922B822B20C* ;BXP_3    ;  0 ;ERICSSON ;EOLP-1396-02-I9 ;1.0  ;PM1M157831 ;20210410 ;RDH10265/2 R1A ;1310.00 ;39C   ;46%   ;-2.25  ;-1.79  ;   0
 3 ;S212-1 ;RRU227922B822B20C* ;BXP_4    ;  0 ;ERICSSON ;EOLP-1396-02-I9 ;1.0  ;PM1M157806 ;20210410 ;RDH10265/2 R1A ;1310.00 ;36C   ;44%   ;-1.86  ;-1.67  ;   0
 4 ;S100-1 ;RRU449944B144B3C   ;BXP_5    ;  1 ;ERICSSON ;EOLP-1396-02-I9 ;1.0  ;PM1M157890 ;20210410 ;RDH10265/2 R1A ;1310.00 ;35C   ;43%   ;-1.59  ;-1.62  ;   0
 5 ;S102-1 ;RRU449944B144B3C   ;BXP_6    ;  1 ;ERICSSON ;EOLP-1396-02-I9 ;1.0  ;PM1M157855 ;20210410 ;RDH10265/2 R1A ;1310.00 ;32C   ;46%   ;-1.33  ;-2.68  ;   0
-------------------------------------------------------------------------------------------------------------------------------------
TN ;       ;BB6630             ;000100   ;  A ;ERICSSON ;EOLP-1396-02-I9 ;1.0  ;PM1M157889 ;20210410 ;RDH10265/2 R1A ;0       ;42C   ;44%   ;-2.92  ;-12.92 ;NZ/0
TN ;       ;BB6630             ;000100   ;  B ;ERICSSON ;EOLP-1396-02-I9 ;1.0  ;PM1M157805 ;20210410 ;RDH10265/2 R1A ;0       ;42C   ;45%   ;-2.08  ;-1.74  ; 0/0
-------------------------------------------------------------------------------------------------------------------------------------

=====================================================================================================================================
BOARD  ;LNH    ;PORT   ;T ;S ;OpMode   ;AutoNeg ;MacAddress        ;VlanIds        ;LOS ;BER
=====================================================================================================================================
BB6630 ;000100 ;IDL_A1 ;E ;1 ;10G_FULL ;false   ;7C:72:6E:34:1D:2A ;3908           ;0   ;0/0
BB6630 ;000100 ;TN_A   ;O ;1 ;1G_FULL  ;true    ;7C:72:6E:34:1D:26 ;3901,3908,3910 ;0   ;NZ/0
BB6630 ;000100 ;TN_B   ;O ;1 ;10G_FULL ;false   ;7C:72:6E:34:1D:27 ;3901,3908,3910 ;0   ;0/0
-------------------------------------------------------------------------------------------------------------------------------------

radioClockState : RNT_TIME_LOCKED
-------------------------------------------------------------------------------------
Prio  ;ST  ;syncRefType    ;refStatus  ;opQualLevel  ;SyncReference
-------------------------------------------------------------------------------------
  *1  ; 1  ;PTP_TIME       ;NO_FAULT   ;PRTC         ;Ptp=1,BoundaryOrdinaryClock=1 (G_8275_2 Router=45G_Traffic,InterfaceIPv4=LTE,AddressIPv4=LTE:SLAVE)
   2  ; 1  ;NTP_FREQUENCY  ;NO_FAULT   ;PRC          ;Ntp=1,NtpFrequencySync=NTP1 (10.31.0.54:32751 Router=45G_Traffic,InterfaceIPv4=LTE,AddressIPv4=LTE)
-------------------------------------------------------------------------------------
nodeGroupRole   : SYNC_PROVIDER (syncNodePriority=1, selectionMode=NODE_PRIORITY)
-------------------------------------------------------------------------------------
DU  ;Port  ;sharedUnitRef (RiPortA - RiPortB)  ;remoteNodePriority  ;CandidateStatus
-------------------------------------------------------------------------------------
1   ;C     ;Fru=Radio-S212-1 (1 - 2)           ;3                   ;OK_NOT_ACTIVE
1   ;B     ;Fru=Radio-S211-1 (1 - 2)           ;3                   ;OK_NOT_ACTIVE
1   ;A     ;Fru=Radio-S210-1 (1 - 2)           ;3                   ;OK_NOT_ACTIVE
-------------------------------------------------------------------------------------

=====================================================================================================================================
FRU          ;LNH    ;BOARD              ;RF  ;BP  ;TX (W/dBm)  ;VSWR (RL)   ;RX (dBm) ;UEs/gUEs  ;Sector/AntennaGroup/Cells (State:CellIds:PCIs)
=====================================================================================================================================
Radio-S100-1 ;BXP_5  ;RRU449944B144B3C   ; A  ;11  ;6.6 (38.2)  ;1.30 (17.6) ;-84.4    ;17/-      ;SE=100 AG=100 FDD=ZC16M1 FDD=ZC16T1 (1:31:355, 1:41:3)
Radio-S100-1 ;BXP_5  ;RRU449944B144B3C   ; B  ;11  ;3.1 (34.9)  ;1.23 (19.7) ;-83.7    ;17/-      ;SE=100 AG=100 FDD=ZC16M1 FDD=ZC16T1 (1:31:355, 1:41:3)
Radio-S100-1 ;BXP_5  ;RRU449944B144B3C   ; C  ;11  ;7.3 (38.6)  ;1.30 (17.8) ;-86.4    ;31/-      ;SE=101 AG=101 FDD=ZC16M2 FDD=ZC16T2 (1:32:451, 1:42:106)
Radio-S100-1 ;BXP_5  ;RRU449944B144B3C   ; D  ;11  ;7.6 (38.8)  ;1.25 (19.0) ;-86.9    ;31/-      ;SE=101 AG=101 FDD=ZC16M2 FDD=ZC16T2 (1:32:451, 1:42:106)
Radio-S102-1 ;BXP_6  ;RRU449944B144B3C   ; A  ;11  ;8.8 (39.4)  ;1.19 (21.4) ;-88.0    ;13/-      ;SE=102 AG=102 FDD=ZC16M3 FDD=ZC16T3 (1:33:63, 1:43:6)
Radio-S102-1 ;BXP_6  ;RRU449944B144B3C   ; B  ;11  ;2.7 (34.3)  ;1.16 (22.5) ;-88.5    ;13/-      ;SE=102 AG=102 FDD=ZC16M3 FDD=ZC16T3 (1:33:63, 1:43:6)
Radio-S102-1 ;BXP_6  ;RRU449944B144B3C   ; C  ;11  ;-           ;-           ;         ;          ;
Radio-S102-1 ;BXP_6  ;RRU449944B144B3C   ; D  ;11  ;-           ;-           ;         ;          ;
Radio-S210-1 ;BXP_2  ;RRU227922B822B20C* ; A  ;11  ;5.5 (37.4)  ;1.27 (18.5) ;-93.3    ;0/-       ;SE=210* AG=210 FDD=ZC16E1 NIOT=ZC16N1 (1:61:93, 1:161:93)
Radio-S210-1 ;BXP_2  ;RRU227922B822B20C* ; B  ;11  ;3.3 (35.1)  ;1.25 (19.2) ;-87.2    ;0/-       ;SE=210* AG=210 FDD=ZC16E1 NIOT=ZC16N1 (1:61:93, 1:161:93)
Radio-S211-1 ;BXP_3  ;RRU227922B822B20C* ; A  ;11  ;10.2 (40.1) ;1.27 (18.4) ;-93.6    ;3/-       ;SE=211* AG=211 FDD=ZC16E2 NIOT=ZC16N2 (1:62:83, 1:162:83)
Radio-S211-1 ;BXP_3  ;RRU227922B822B20C* ; B  ;11  ;7.8 (38.9)  ;1.27 (18.5) ;-92.3    ;3/-       ;SE=211* AG=211 FDD=ZC16E2 NIOT=ZC16N2 (1:62:83, 1:162:83)
Radio-S212-1 ;BXP_4  ;RRU227922B822B20C* ; A  ;11  ;9.4 (39.8)  ;1.32 (17.1) ;-95.1    ;0/-       ;SE=212* AG=212 FDD=ZC16E3 NIOT=ZC16N3 (1:63:229, 1:163:229)
Radio-S212-1 ;BXP_4  ;RRU227922B822B20C* ; B  ;11  ;7.2 (38.6)  ;1.33 (17.0) ;-94.4    ;0/-       ;SE=212* AG=212 FDD=ZC16E3 NIOT=ZC16N3 (1:63:229, 1:163:229)
-------------------------------------------------------------------------------------------------------------------------------------

ZC16E> mfar

251125-14:24:03+0100 19.31.8.160 25.0h MSRBS_NODE_MODEL_25.Q1_198665.224.73_bf81 stopfile=/tmp/2698387
........
Last MO: 18443. Loaded 18443 MOs. Total: 18444 MOs.
.................................................
get /rop/A20251125.1145-1200_ZC16E.xml.gz /ericsson/log/amos/moshell_logfiles/t20251125_37258710_65084/logs_moshell/pmfiles/19.31.8.160/rop/A20251125.1145-1200_ZC16E.xml.gz ... OK
get /rop/A20251125.1200-1215_ZC16E.xml.gz /ericsson/log/amos/moshell_logfiles/t20251125_37258710_65084/logs_moshell/pmfiles/19.31.8.160/rop/A20251125.1200-1215_ZC16E.xml.gz ... OK
get /rop/A20251125.1215-1230_ZC16E.xml.gz /ericsson/log/amos/moshell_logfiles/t20251125_37258710_65084/logs_moshell/pmfiles/19.31.8.160/rop/A20251125.1215-1230_ZC16E.xml.gz ... OK

Using hardcoded thresholds: 3, 4.5, and 16.5
================================================================================================================================
SC     SE  Tx/Rx BrPair  RfPort1 - RfPort2               HW       Serial      Cell (State)   Samples   Med  Mean  SDev Pol Res Issue
================================================================================================================================
ZC16E1 210   2/2 0 (1,2) Radio-S210-1(A) Radio-S210-1(B) RRU2279  TU8U01Q772  FDD=ZC16E1 (1)   20082  -2.5  -3.2   7.8  NA OKW Possible RF Loss or PIM at Radio-S210-1(B)
ZC16E2 211   2/2 0 (1,2) Radio-S211-1(A) Radio-S211-1(B) RRU2279  TU8U01Q76W  FDD=ZC16E2 (1)   67235  -1.5  -1.2   7.0  NA  OK Passed
ZC16E3 212   2/2 0 (1,2) Radio-S212-1(A) Radio-S212-1(B) RRU2279  TU8U01Q76Y  FDD=ZC16E3 (1)    5794  -1.5  -1.5   6.9  NA  OK Passed
ZC16M1 100   2/2 0 (1,2) Radio-S100-1(A) Radio-S100-1(B) RRU4499  TU8U01Q5JV  FDD=ZC16M1 (1)   31225   0.5   0.3   6.5  NA  OK Passed
ZC16M2 101   2/2 0 (1,2) Radio-S100-1(C) Radio-S100-1(D) RRU4499  TU8U01Q5JV  FDD=ZC16M2 (1)   62099  -0.5  -0.5   7.3  NA  OK Passed
ZC16M3 102   2/2 0 (1,2) Radio-S102-1(A) Radio-S102-1(B) RRU4499  TU8U01Q52X  FDD=ZC16M3 (1)    8648   0.5   0.5   7.2  NA  OK Passed
ZC16T1 100   2/2 0 (1,2) Radio-S100-1(A) Radio-S100-1(B) RRU4499  TU8U01Q5JV  FDD=ZC16T1 (1)  157994  -0.5  -0.8   6.7  NA  OK Passed
ZC16T2 101   2/2 0 (1,2) Radio-S100-1(C) Radio-S100-1(D) RRU4499  TU8U01Q5JV  FDD=ZC16T2 (1)  159796   0.5   0.5   7.7  NA  OK Passed
ZC16T3 102   2/2 0 (1,2) Radio-S102-1(A) Radio-S102-1(B) RRU4499  TU8U01Q52X  FDD=ZC16T3 (1)   87707  -0.5  -0.6   7.4  NA  OK Passed
================================================================================================================================
Total: 9 SectorCarriers, 9 RfBranch Pairs (8 OK, 1 OKW, 0 NOK, 0 NT)
........
Last MO: 18443. Loaded 18443 MOs. Total: 18444 MOs.

No NRSectorCarrier MOs are defined on the node.

ZC16E> mfitr

251125-14:24:21+0100 19.31.8.160 25.0h MSRBS_NODE_MODEL_25.Q1_198665.224.73_bf81 stopfile=/tmp/2698387
.............
Last MO: 18443. Loaded 18443 MOs. Total: 18444 MOs.
..........
2025-11-25 14:25
================================================================================================================================
CELL       SC     FRU          BOARD             PUSCH  PUCCH       A      B      C      D  DELTA
================================================================================================================================
FDD=ZC16E1 ZC16E1 Radio-S210-1 RRU227922B822B20C -105.5 -115.0 -114.3 -104.6                  9.7
FDD=ZC16E2 ZC16E2 Radio-S211-1 RRU227922B822B20C -110.1 -109.3 -109.3 -110.3                    1
FDD=ZC16E3 ZC16E3 Radio-S212-1 RRU227922B822B20C -112.2 -112.9 -114.2 -112.6                  1.6
FDD=ZC16M1 ZC16M1 Radio-S100-1 RRU449944B144B3C  -116.4 -118.6 -118.1 -118.0                  0.1
FDD=ZC16M2 ZC16M2 Radio-S100-1 RRU449944B144B3C  -109.4 -112.7               -113.1 -111.3    1.8
FDD=ZC16M3 ZC16M3 Radio-S102-1 RRU449944B144B3C  -113.1 -117.5 -113.3 -113.6                  0.3
FDD=ZC16T1 ZC16T1 Radio-S100-1 RRU449944B144B3C  -109.8 -114.8 -111.2 -110.1                  1.1
FDD=ZC16T2 ZC16T2 Radio-S100-1 RRU449944B144B3C  -108.1 -111.7               -110.3 -110.6    0.3
FDD=ZC16T3 ZC16T3 Radio-S102-1 RRU449944B144B3C  -108.5 -113.6 -105.1 -105.9                  0.8
================================================================================================================================
Bye...
Output has been logged to file /mta_fs/UserFiles/37258710/amosbatch/SDIR/ZC16E.log
