Logging to file /mta_fs/UserFiles/37258710/amosbatch/SDIR/ZC21E.log
                        __  __  ____   _____
                  /\   |  \/  |/ __ \ / ____|
                 /  \  | \  / | |  | | (___  
                / /\ \ | |\/| | |  | |\___ \ 
               / ____ \| |  | | |__| |____) |
              /_/    \_\_|  |_|\____/|_____/
              OSS Framework for MoShell-25.0h 
  Copyright (c) Ericsson AB 2001-2025 - All Rights Reserved
              
           
[1;31mWARNING: [0mthe AMOS version currently running is more than 29 weeks old and is unsupported.
Please upgrade as soon as possible to the latest released version, available from your local Ericsson support.

$amosrb_pid = 3115918

Checking ip contact...OK

HELP MENU            : h
BASIC MO COMMANDS    : m
OTHER MO COMMANDS    : n
OTHER COMMANDS       : o
PM COMMANDS          : p
QUIT                 : q

ZC21E> lt all

251125-16:30:46+0100 19.31.10.227 25.0h  stopfile=/tmp/3115813
Looking up temporary_amos account... OK.
Trying temporary_amos_t20251125_37258710_65084_131's password from amos lookupAccount ... OK

$ssh_pid = 3116652

Connected to 19.31.10.227 (SubNetwork=BBMM_rckomc_R,MeContext=ZC21E,ManagedElement=ZC21E)

Checking MOM version...MSRBS_NODE_MODEL_25.Q1_198665.224.73_bf81
Parsing MOM (cached): /ericsson/log/amos/moshell_logfiles/t20251125_37258710_65084/logs_moshell/tempfiles/scp-4-amos_20251125-163039_3115733/MSRBS_NODE_MODEL_25.Q1_198665.224.73_bf81.xml.cache.gz ......................................................................................................................................................................................................................Done.
Using paramfile /opt/ericsson/amos/moshell/commonjars/pm/PARAM_MSRBSG2_25.Q1.txt
Parsing file /opt/ericsson/amos/moshell/commonjars/pm/PARAM_MSRBSG2_25.Q1.txt ......................................................................................Done.
Using imomdfile /opt/ericsson/amos/moshell/commonjars/pm/IMOMD_MSRBS_22.Q4.txt
Using imomfile /opt/ericsson/amos/moshell/commonjars/pm/IMOM_MSRBS_25.Q1.txt
Connected to 19.31.10.227 (SubNetwork=BBMM_rckomc_R,MeContext=ZC21E,ManagedElement=ZC21E)

Last MO: 18989. Loaded 18989 MOs. Total: 18990 MOs.

ZC21E> st cell

251125-16:31:06+0100 19.31.10.227 25.0h MSRBS_NODE_MODEL_25.Q1_198665.224.73_bf81 stopfile=/tmp/3115813
===================================================================================
Proxy  Adm State     Op. State     MO
===================================================================================
   43  1 (UNLOCKED)  1 (ENABLED)   ENodeBFunction=1,EUtranCellFDD=ZC21E1
  179  1 (UNLOCKED)  1 (ENABLED)   ENodeBFunction=1,EUtranCellFDD=ZC21E2
  397  1 (UNLOCKED)  1 (ENABLED)   ENodeBFunction=1,EUtranCellFDD=ZC21M1
  622  1 (UNLOCKED)  1 (ENABLED)   ENodeBFunction=1,EUtranCellFDD=ZC21M2
  841  1 (UNLOCKED)  1 (ENABLED)   ENodeBFunction=1,EUtranCellFDD=ZC21T1
 1038  1 (UNLOCKED)  1 (ENABLED)   ENodeBFunction=1,EUtranCellFDD=ZC21T2
 2294  1 (UNLOCKED)  1 (ENABLED)   ENodeBFunction=1,NbIotCell=ZC21N1
 2295  1 (UNLOCKED)  1 (ENABLED)   ENodeBFunction=1,NbIotCell=ZC21N2
===================================================================================
Total: 8 MOs

ZC21E> st radio

251125-16:31:07+0100 19.31.10.227 25.0h MSRBS_NODE_MODEL_25.Q1_198665.224.73_bf81 stopfile=/tmp/3115813
===================================================================================
Proxy  Adm State     Op. State     MO
===================================================================================
 3307  1 (UNLOCKED)  1 (ENABLED)   Equipment=1,FieldReplaceableUnit=Radio-S1-1
 3319  1 (UNLOCKED)  1 (ENABLED)   Equipment=1,FieldReplaceableUnit=Radio-S100-1
 3342  1 (UNLOCKED)  1 (ENABLED)   Equipment=1,FieldReplaceableUnit=Radio-S2-1
18982  1 (UNLOCKED)  1 (ENABLED)   Transport=1,Synchronization=1,RadioEquipmentClock=1,RadioEquipmentClockReference=PTP
18983  1 (UNLOCKED)  1 (ENABLED)   Transport=1,Synchronization=1,RadioEquipmentClock=1,RadioEquipmentClockReference=SyncE
===================================================================================
Total: 5 MOs

ZC21E> sdir

251125-16:31:07+0100 19.31.10.227 25.0h MSRBS_NODE_MODEL_25.Q1_198665.224.73_bf81 stopfile=/tmp/3115813
INFO: Using amos lookupAccount credentials for the export login
...........................
get /rop/A20251125.1445-1500_ZC21E.xml.gz /ericsson/log/amos/moshell_logfiles/t20251125_37258710_65084/logs_moshell/pmfiles/19.31.10.227/rop/A20251125.1445-1500_ZC21E.xml.gz ... OK
get /rop/A20251125.1500-1515_ZC21E.xml.gz /ericsson/log/amos/moshell_logfiles/t20251125_37258710_65084/logs_moshell/pmfiles/19.31.10.227/rop/A20251125.1500-1515_ZC21E.xml.gz ... OK
get /rop/A20251125.1515-1530_ZC21E.xml.gz /ericsson/log/amos/moshell_logfiles/t20251125_37258710_65084/logs_moshell/pmfiles/19.31.10.227/rop/A20251125.1515-1530_ZC21E.xml.gz ... OK
...Checking available boards on node...

Collecting RCS board data ...
...................................................................................
.
...................................................................................................................................................................................................................................................................................
......
Collecting TN data...
...................................................................................................................................................................................................................................................
Collecting RF data...
.
Collecting Alarms...
Executing action Log.export()
...
Log=AlarmLog                    actionId=27079
............
Executing action LogM.exportAvailabilityLog()
..LogM=1,exportAvailabilityLog    actionId=27080
............Parsing alarmLog..........Done.
Parsing availabilityLog........Done.
............

Total: 3 CPRI links (3 OK, 0 OKW, 0 NOK, 0 NT)

+--------+                      +------------+
|        | A        O98      D1 | Radio-S1-1 |
|        |-----------1----------| RRU2217B20 |
|        |         OK-58m       |   BXP_2    |
|        |                      +------------+
|        |                             |A  |B
|        |               SE=1 AG=1 FDD=ZC21E1
|        |                        NIOT=ZC21N1
|        |
|        |                      +------------+
|        | B        O98      D1 | Radio-S2-1 |
|        |-----------2----------| RRU2217B20 |
|        |         OK-63m       |   BXP_3    |
|  BB-1  |                      +------------+
| BB6630 |                             |A  |B
| 000100 |               SE=2 AG=2 FDD=ZC21E2
|        |                        NIOT=ZC21N2
|        |
|        |                      +------------------+
|        | D        O101     D2 |   Radio-S100-1   |
|        |-----------3----------| RRU449944B144B3C |
|        |         OK-64m       |      BXP_4       |
|        |                      +------------------+
|        |                           |A  |B  |C  |D
|        |                    SE=100 AG=100  |   |
|        |            FDD=ZC21M1 FDD=ZC21T1  |   |
|        |                            SE=101 AG=101
|        |                    FDD=ZC21M2 FDD=ZC21T2
|        |
+--------+

=====================================================================================================================================
ID RiL    Type Res MO1-MO2                  BOARD1-BOARD2           AlmIDs Cells (States)                                        Issue (Failed checks)
=====================================================================================================================================
 1 S1-1   O98  OK  BB-1(A) Radio-S1-1(D1)   BB6630 RRU2217B20              FDD=ZC21E1 NIOT=ZC21N1 (1,1)                          Passed
 2 S2-1   O98  OK  BB-1(B) Radio-S2-1(D1)   BB6630 RRU2217B20              FDD=ZC21E2 NIOT=ZC21N2 (1,1)                          Passed
 3 S100-1 O101 OK  BB-1(D) Radio-S100-1(D2) BB6630 RRU449944B144B3C        FDD=ZC21M1 FDD=ZC21M2 FDD=ZC21T1 FDD=ZC21T2 (1,1,1,1) Passed
-------------------------------------------------------------------------------------------------------------------------------------

Node: RadioNode L   CXP9024418/16_R8D21 (RCG123.3-3)   G2   LTE-FDD,LTE-IoT 

=====================================================================================================================================
FRU          ;LNH    ;BOARD            ;ST ;FAULT ;OPER ;MAINT ;STAT ;PRODUCTNUMBER   ;REV     ;SERIAL        ;DATE     ;PMTEMP ; TEMP ; UPT ;VOLT ;SW                   ;
=====================================================================================================================================
BB-1         ;000100 ;BB6630           ; 1 ;  OFF ;  ON ;  OFF ;  ON ;KDU137848/11    ;R3D     ;E96A00Q08U    ;20220325 ;3 (OK) ;      ;5.41 ;48   ;                     ;
Radio-S1-1   ;BXP_2  ;RRU2217B20       ; 1 ;  OFF ;  ON ;  OFF ; N/A ;KRC161549/1     ;R1S     ;TU8U01HY6N    ;20220430 ;4 (OK) ; 36.6 ;5.41 ;53.3 ;CXP9013268%9_R96JB   ; (Radio2217B20)
Radio-S100-1 ;BXP_4  ;RRU449944B144B3C ; 1 ;  OFF ;  ON ;  OFF ; N/A ;KRC161787/1     ;R2G     ;E23D955527    ;20220510 ;4 (OK) ; 39.7 ;5.41 ;52.0 ;CXP9013268%15_R101KB ; (Radio449944B144B3C)
Radio-S2-1   ;BXP_3  ;RRU2217B20       ; 1 ;  OFF ;  ON ;  OFF ; N/A ;KRC161549/1     ;R1S     ;TU8U01BTQ4    ;20220127 ;4 (OK) ; 31.5 ;5.41 ;53.3 ;CXP9013268%9_R96JB   ; (Radio2217B20)
-------------------------------------------------------------------------------------------------------------------------------------

=====================================================================================================================================
AntennaNearUnit                                   ;ST  ;TYPE   ;PRODUCTNR     ;REV                ;UNIQUEID             ;RfPort
=====================================================================================================================================
AntennaUnitGroup=1,AntennaNearUnit=RET_1800_2100  ; 1  ;S-RET  ;AIMM20M11v01  ;WD82MANBRCU_VER.D  ;HWM1883J501K71885yL  ;FieldReplaceableUnit=Radio-S1-1,RfPort=R
AntennaUnitGroup=1,AntennaNearUnit=RET_800        ; 1  ;S-RET  ;AIMM20D11v01  ;WD82MANHRCU_VER.B  ;HWM1716J6001U89480r  ;FieldReplaceableUnit=Radio-S1-1,RfPort=R
AntennaUnitGroup=1,AntennaNearUnit=RET_900        ; 1  ;S-RET  ;AIMM20D11v01  ;WD82MANHRCU_VER.B  ;HWM1716J6001V5405rr  ;FieldReplaceableUnit=Radio-S1-1,RfPort=R
AntennaUnitGroup=2,AntennaNearUnit=RET_1800_2100  ; 1  ;S-RET  ;AIMM20M11     ;WD81MANBRCU_VER.F  ;HWM1883H600144729yL  ;FieldReplaceableUnit=Radio-S2-1,RfPort=R
AntennaUnitGroup=2,AntennaNearUnit=RET_800        ; 1  ;S-RET  ;AIMM20D11v01  ;WD82MANHRCU_VER.B  ;HWM1716J6001W41380r  ;FieldReplaceableUnit=Radio-S2-1,RfPort=R
AntennaUnitGroup=2,AntennaNearUnit=RET_900        ; 1  ;S-RET  ;AIMM20D11v01  ;WD82MANHRCU_VER.B  ;HWM1716J6001X3922rr  ;FieldReplaceableUnit=Radio-S2-1,RfPort=R
-------------------------------------------------------------------------------------------------------------------------------------

=====================================================================================================================================
XPBOARD  ;ST ;FAULT ;OPER ;PRODUCTNUMBER ;REV ;SERIAL/NAME ;DATE     ; TEMP ;MO
=====================================================================================================================================
FAN      ; 1 ;N/A   ;N/A  ;BKV106217/1   ;N/A ;N/A         ;N/A      ;      ;SupportUnit=1 (FAN  BB-1)
-------------------------------------------------------------------------------------------------------------------------------------

=====================================================================================================================================
ID ;T ;RiL    ;BPBP ;BOARD1           ;LNH1 ;PORT ;R ;LINK ;RATE  ; BER ;BOARD2           ;LNH2 ;PORT ;R ;LINK ;RATE  ; BER ;LENGTH ;MO1 - MO2
=====================================================================================================================================
 1 ;O ;  S1-1 ;1111 ;BB6630           ;000100 ; 1 ;M ;Up   ;9.8G  ;   0 ;RRU2217B20       ;BXP_2  ; 0 ;S ;Up   ;9.8G  ;   0 ;   58m ;Fru=BB-1(A) Fru=Radio-S1-1(D1)
 2 ;O ;  S2-1 ;1111 ;BB6630           ;000100 ; 2 ;M ;Up   ;9.8G  ;   0 ;RRU2217B20       ;BXP_3  ; 0 ;S ;Up   ;9.8G  ;   0 ;   63m ;Fru=BB-1(B) Fru=Radio-S2-1(D1)
 3 ;O ;S100-1 ;1111 ;BB6630           ;000100 ; 4 ;M ;Up   ;10.1G ;   0 ;RRU449944B144B3C ;BXP_4  ; 1 ;S ;Up   ;10.1G ;   0 ;   64m ;Fru=BB-1(D) Fru=Radio-S100-1(D2)
-------------------------------------------------------------------------------------------------------------------------------------

=====================================================================================================================================
ID ;LINK ;RiL    ;VENDOR1      ;VENDORPROD1      ;REV1 ;SERIAL1         ;DATE1    ;ERICSSONPROD1  ;VENDOR2      ;VENDORPROD2      ;REV2 ;SERIAL2         ;DATE2    ;ERICSSONPROD2  ;TT ;WL1     ;WL2    
=====================================================================================================================================
 1 ;Up   ;  S1-1 ;ERICSSON     ;LCP-10G3B4HDRME4 ;A    ;2207094A2454173 ;20220216 ;RDH10265/2 R1A ;ERICSSON     ;LCP-10G3B4HDRME4 ;A    ;2207094A2454167 ;20220216 ;RDH10265/2 R1A ;0  ;1310.00 ;1310.00
 2 ;Up   ;  S2-1 ;ERICSSON     ;LCP-10G3B4HDRME4 ;A    ;2207094A2454171 ;20220216 ;RDH10265/2 R1A ;ERICSSON     ;LCP-10G3B4HDRME4 ;A    ;2207094A2454164 ;20220216 ;RDH10265/2 R1A ;0  ;1310.00 ;1310.00
 3 ;Up   ;S100-1 ;ERICSSON     ;LCP-10G3B4HDRME4 ;A    ;2207094A2454172 ;20220216 ;RDH10265/2 R1A ;ERICSSON     ;LCP-10G3B4HDRME4 ;A    ;2207094A2454162 ;20220216 ;RDH10265/2 R1A ;0  ;1310.00 ;1310.00
-------------------------------------------------------------------------------------------------------------------------------------

=====================================================================================================================================
ID ;LINK ;RiL    ;WL1     ;TEMP1 ;TXbs1 ;TXdBm1 ;RXdBm1 ;BER1   ;WL2     ;TEMP2 ;TXbs2 ;TXdBm2 ;RXdBm2 ;BER2   ;DlLoss ;UlLoss ;LENGTH ;TT
=====================================================================================================================================
 1 ;Up   ;  S1-1 ;1310.00 ;36C   ;44%   ;-3.55  ;-4.25  ;   0   ;1310.00 ;34C   ;39%   ;-3.29  ;-3.27  ;   0   ; -0.28 ;  0.96 ;   58m ; 0
 2 ;Up   ;  S2-1 ;1310.00 ;36C   ;45%   ;-3.43  ;-4.05  ;   0   ;1310.00 ;27C   ;30%   ;-3.24  ;-2.49  ;   0   ; -0.94 ;  0.81 ;   63m ; 0
 3 ;Up   ;S100-1 ;1310.00 ;35C   ;41%   ;-3.21  ;-4.38  ;   0   ;1310.00 ;35C   ;40%   ;-3.29  ;-2.12  ;   0   ; -1.09 ;  1.09 ;   64m ; 0
-------------------------------------------------------------------------------------------------------------------------------------

=====================================================================================================================================
ID ;RiL    ;BOARD            ;SFPLNH  ;PORT ;VENDOR       ;VENDORPROD       ;REV  ;SERIAL          ;DATE     ;ERICSSONPROD   ;WL      ;TEMP  ;TXbs  ;TXdBm  ;RXdBm  ; BER
=====================================================================================================================================
 1 ;  S1-1 ;BB6630           ;000100   ;  1 ;ERICSSON     ;LCP-10G3B4HDRME4 ;A    ;2207094A2454173 ;20220216 ;RDH10265/2 R1A ;1310.00 ;36C   ;44%   ;-3.55  ;-4.25  ;   0
 2 ;  S2-1 ;BB6630           ;000100   ;  2 ;ERICSSON     ;LCP-10G3B4HDRME4 ;A    ;2207094A2454171 ;20220216 ;RDH10265/2 R1A ;1310.00 ;36C   ;45%   ;-3.43  ;-4.05  ;   0
 3 ;S100-1 ;BB6630           ;000100   ;  4 ;ERICSSON     ;LCP-10G3B4HDRME4 ;A    ;2207094A2454172 ;20220216 ;RDH10265/2 R1A ;1310.00 ;35C   ;41%   ;-3.21  ;-4.38  ;   0
 1 ;  S1-1 ;RRU2217B20       ;BXP_2    ;  0 ;ERICSSON     ;LCP-10G3B4HDRME4 ;A    ;2207094A2454167 ;20220216 ;RDH10265/2 R1A ;1310.00 ;34C   ;39%   ;-3.29  ;-3.27  ;   0
 2 ;  S2-1 ;RRU2217B20       ;BXP_3    ;  0 ;ERICSSON     ;LCP-10G3B4HDRME4 ;A    ;2207094A2454164 ;20220216 ;RDH10265/2 R1A ;1310.00 ;27C   ;30%   ;-3.24  ;-2.49  ;   0
 3 ;S100-1 ;RRU449944B144B3C ;BXP_4    ;  1 ;ERICSSON     ;LCP-10G3B4HDRME4 ;A    ;2207094A2454162 ;20220216 ;RDH10265/2 R1A ;1310.00 ;35C   ;40%   ;-3.29  ;-2.12  ;   0
-------------------------------------------------------------------------------------------------------------------------------------
TN ;       ;BB6630           ;000100   ;  A ;FINISARCORP. ;FTLX1672D3BTL-EQ ;A    ;A7JA1TZ         ;20220508 ;NON-ERICSSON   ;0       ;35C   ;28%   ;0.30   ;-10.41 ;NZ/0
TN ;       ;BB6630           ;000100   ;  B ;ERICSSON     ;LCP-10G3B4HDRME4 ;A    ;2207094A2454166 ;20220216 ;RDH10265/2 R1A ;0       ;35C   ;40%   ;-3.21  ;-3.33  ; 0/0
-------------------------------------------------------------------------------------------------------------------------------------

=====================================================================================================================================
BOARD  ;LNH    ;PORT ;T ;S ;OpMode   ;AutoNeg ;MacAddress        ;VlanIds        ;LOS ;BER
=====================================================================================================================================
BB6630 ;000100 ;TN_A ;O ;1 ;1G_FULL  ;true    ;7C:72:6E:7B:7F:77 ;3901,3908,3910 ;0   ;NZ/0
BB6630 ;000100 ;TN_B ;O ;1 ;10G_FULL ;false   ;7C:72:6E:7B:7F:78 ;3901,3910      ;0   ;0/0
-------------------------------------------------------------------------------------------------------------------------------------

radioClockState : RNT_TIME_LOCKED
-------------------------------------------------------------------------------------
Prio  ;ST  ;syncRefType  ;refStatus  ;opQualLevel  ;SyncReference
-------------------------------------------------------------------------------------
  *1  ; 1  ;PTP_TIME     ;NO_FAULT   ;PRTC         ;Ptp=1,BoundaryOrdinaryClock=PTP (G_8275_1 EthernetPort=TN_A:SLAVE)
   2  ; 1  ;SYNC_E       ;NO_FAULT   ;PRC          ;Synchronization=1,SyncEthInput=SyncE (SFP_OPTICAL EthernetPort=TN_A)
-------------------------------------------------------------------------------------

=====================================================================================================================================
FRU          ;LNH    ;BOARD            ;RF  ;BP  ;TX (W/dBm)  ;VSWR (RL)   ;RX (dBm) ;UEs/gUEs  ;Sector/AntennaGroup/Cells (State:CellIds:PCIs)
=====================================================================================================================================
Radio-S1-1   ;BXP_2  ;RRU2217B20       ; A  ;11  ;-           ;1.24 (19.3) ;         ;9/-       ;SE=1 AG=1 FDD=ZC21E1 NIOT=ZC21N1 (1:61:310, 1:161:310)
Radio-S1-1   ;BXP_2  ;RRU2217B20       ; B  ;11  ;-           ;1.32 (17.1) ;         ;9/-       ;SE=1 AG=1 FDD=ZC21E1 NIOT=ZC21N1 (1:61:310, 1:161:310)
Radio-S2-1   ;BXP_3  ;RRU2217B20       ; A  ;11  ;-           ;1.31 (17.4) ;         ;9/-       ;SE=2 AG=2 FDD=ZC21E2 NIOT=ZC21N2 (1:62:333, 1:162:333)
Radio-S2-1   ;BXP_3  ;RRU2217B20       ; B  ;11  ;-           ;1.23 (19.8) ;         ;9/-       ;SE=2 AG=2 FDD=ZC21E2 NIOT=ZC21N2 (1:62:333, 1:162:333)
Radio-S100-1 ;BXP_4  ;RRU449944B144B3C ; A  ;11  ;47.5 (46.8) ;1.15 (23.4) ;-93.6    ;35/-      ;SE=100 AG=100 FDD=ZC21M1 FDD=ZC21T1 (1:31:298, 1:41:155)
Radio-S100-1 ;BXP_4  ;RRU449944B144B3C ; B  ;11  ;48.0 (46.8) ;1.09 (27.3) ;-93.3    ;35/-      ;SE=100 AG=100 FDD=ZC21M1 FDD=ZC21T1 (1:31:298, 1:41:155)
Radio-S100-1 ;BXP_4  ;RRU449944B144B3C ; C  ;11  ;25.5 (44.1) ;1.14 (23.9) ;-94.2    ;31/-      ;SE=101 AG=101 FDD=ZC21M2 FDD=ZC21T2 (1:32:420, 1:42:278)
Radio-S100-1 ;BXP_4  ;RRU449944B144B3C ; D  ;11  ;24.4 (43.9) ;1.06 (30.6) ;-94.5    ;31/-      ;SE=101 AG=101 FDD=ZC21M2 FDD=ZC21T2 (1:32:420, 1:42:278)
-------------------------------------------------------------------------------------------------------------------------------------

ZC21E> mfar

251125-16:33:28+0100 19.31.10.227 25.0h MSRBS_NODE_MODEL_25.Q1_198665.224.73_bf81 stopfile=/tmp/3115813
.....
Last MO: 18994. Loaded 18994 MOs. Total: 18995 MOs.
...........................................
get /rop/A20251125.1400-1415_ZC21E.xml.gz /ericsson/log/amos/moshell_logfiles/t20251125_37258710_65084/logs_moshell/pmfiles/19.31.10.227/rop/A20251125.1400-1415_ZC21E.xml.gz ... OK
get /rop/A20251125.1415-1430_ZC21E.xml.gz /ericsson/log/amos/moshell_logfiles/t20251125_37258710_65084/logs_moshell/pmfiles/19.31.10.227/rop/A20251125.1415-1430_ZC21E.xml.gz ... OK
get /rop/A20251125.1430-1445_ZC21E.xml.gz /ericsson/log/amos/moshell_logfiles/t20251125_37258710_65084/logs_moshell/pmfiles/19.31.10.227/rop/A20251125.1430-1445_ZC21E.xml.gz ... OK

Using hardcoded thresholds: 3, 4.5, and 16.5
================================================================================================================================
SC     SE  Tx/Rx BrPair  RfPort1 - RfPort2               HW       Serial      Cell (State)   Samples   Med  Mean  SDev Pol Res Issue
================================================================================================================================
ZC21E1   1   2/2 0 (1,2) Radio-S1-1(A) Radio-S1-1(B)     RRU2217  TU8U01HY6N  FDD=ZC21E1 (1)  198748   1.5   0.6   6.4  NA  OK Passed
ZC21E2   2   2/2 0 (1,2) Radio-S2-1(A) Radio-S2-1(B)     RRU2217  TU8U01BTQ4  FDD=ZC21E2 (1)  157070   0.5   0.1   7.3  NA  OK Passed
ZC21M1 100   2/2 0 (1,2) Radio-S100-1(A) Radio-S100-1(B) RRU4499  E23D955527  FDD=ZC21M1 (1)  192472   0.5   0.6   5.8  NA  OK Passed
ZC21M2 101   2/2 0 (1,2) Radio-S100-1(C) Radio-S100-1(D) RRU4499  E23D955527  FDD=ZC21M2 (1)   68339  -0.5  -0.7   7.2  NA  OK Passed
ZC21T1 100   2/2 0 (1,2) Radio-S100-1(A) Radio-S100-1(B) RRU4499  E23D955527  FDD=ZC21T1 (1)  334923   1.5   0.7   6.2  NA  OK Passed
ZC21T2 101   2/2 0 (1,2) Radio-S100-1(C) Radio-S100-1(D) RRU4499  E23D955527  FDD=ZC21T2 (1)  339501   1.5   1.2   7.3  NA  OK Passed
================================================================================================================================
Total: 6 SectorCarriers, 6 RfBranch Pairs (6 OK, 0 OKW, 0 NOK, 0 NT)
......
Last MO: 18994. Loaded 18994 MOs. Total: 18995 MOs.

No NRSectorCarrier MOs are defined on the node.

ZC21E> mfitr

251125-16:33:47+0100 19.31.10.227 25.0h MSRBS_NODE_MODEL_25.Q1_198665.224.73_bf81 stopfile=/tmp/3115813
.........
Last MO: 18994. Loaded 18994 MOs. Total: 18995 MOs.
.......
2025-11-25 16:34
================================================================================================================================
CELL       SC     FRU          BOARD            PUSCH  PUCCH       A      B      C      D  DELTA
================================================================================================================================
FDD=ZC21E1 ZC21E1 Radio-S1-1   RRU2217B20       -119.3 -118.1 -119.4 -118.5                  0.9
FDD=ZC21E2 ZC21E2 Radio-S2-1   RRU2217B20       -117.4 -115.7 -117.7 -118.4                  0.7
FDD=ZC21M1 ZC21M1 Radio-S100-1 RRU449944B144B3C -118.7 -118.7 -119.0 -119.0                    0
FDD=ZC21M2 ZC21M2 Radio-S100-1 RRU449944B144B3C -119.0 -118.9               -119.3 -119.5    0.2
FDD=ZC21T1 ZC21T1 Radio-S100-1 RRU449944B144B3C -115.6 -116.3 -114.9 -115.5                  0.6
FDD=ZC21T2 ZC21T2 Radio-S100-1 RRU449944B144B3C -117.3 -114.5               -117.3 -117.6    0.3
================================================================================================================================
Bye...
Output has been logged to file /mta_fs/UserFiles/37258710/amosbatch/SDIR/ZC21E.log
