Logging to file /mta_fs/UserFiles/37258710/amosbatch/SDIR/ZC50L.log
                        __  __  ____   _____
                  /\   |  \/  |/ __ \ / ____|
                 /  \  | \  / | |  | | (___  
                / /\ \ | |\/| | |  | |\___ \ 
               / ____ \| |  | | |__| |____) |
              /_/    \_\_|  |_|\____/|_____/
              OSS Framework for MoShell-25.0h 
  Copyright (c) Ericsson AB 2001-2025 - All Rights Reserved
              
           
[1;31mWARNING: [0mthe AMOS version currently running is more than 29 weeks old and is unsupported.
Please upgrade as soon as possible to the latest released version, available from your local Ericsson support.

$amosrb_pid = 2371732

Checking ip contact...OK

HELP MENU            : h
BASIC MO COMMANDS    : m
OTHER MO COMMANDS    : n
OTHER COMMANDS       : o
PM COMMANDS          : p
QUIT                 : q

ZC50L> lt all

251125-12:43:12+0100 19.31.10.157 25.0h  stopfile=/tmp/2371435
Looking up temporary_amos account... OK.
Trying temporary_amos_t20251125_37258710_65084_131's password from amos lookupAccount ... OK

$ssh_pid = 2372496

Connected to 19.31.10.157 (SubNetwork=BBMM_rckomc_R,MeContext=ZC50L,ManagedElement=ZC50L)

Checking MOM version...MSRBS_NODE_MODEL_25.Q1_693.28324.131_62ac
Parsing MOM (cached): /ericsson/log/amos/moshell_logfiles/t20251125_37258710_65084/logs_moshell/tempfiles/scp-4-amos_20251125-124305_2371378/MSRBS_NODE_MODEL_25.Q1_693.28324.131_62ac.xml.cache.gz ..................................................................................................................................................................................................................................Done.
Using paramfile /opt/ericsson/amos/moshell/commonjars/pm/PARAM_MSRBS_25.Q1.txt
Parsing file /opt/ericsson/amos/moshell/commonjars/pm/PARAM_MSRBS_25.Q1.txt .......................................................................................Done.
Using imomdfile /opt/ericsson/amos/moshell/commonjars/pm/IMOMD_MSRBS_22.Q4.txt
Using imomfile /opt/ericsson/amos/moshell/commonjars/pm/IMOM_MSRBS_25.Q1.txt
Connected to 19.31.10.157 (SubNetwork=BBMM_rckomc_R,MeContext=ZC50L,ManagedElement=ZC50L)

Last MO: 17442. Loaded 17442 MOs. Total: 17443 MOs.

ZC50L> st cell

251125-12:43:25+0100 19.31.10.157 25.0h MSRBS_NODE_MODEL_25.Q1_693.28324.131_62ac stopfile=/tmp/2371435
===================================================================================
Proxy  Adm State     Op. State     MO
===================================================================================
   52  1 (UNLOCKED)  1 (ENABLED)   ENodeBFunction=1,EUtranCellFDD=ZC50L1
  236  1 (UNLOCKED)  1 (ENABLED)   ENodeBFunction=1,EUtranCellFDD=ZC50L2
===================================================================================
Total: 2 MOs

ZC50L> st radio

251125-12:43:26+0100 19.31.10.157 25.0h MSRBS_NODE_MODEL_25.Q1_693.28324.131_62ac stopfile=/tmp/2371435
===================================================================================
Proxy  Adm State     Op. State     MO
===================================================================================
 1612  1 (UNLOCKED)  1 (ENABLED)   Equipment=1,FieldReplaceableUnit=Radio-S180-1
 1627  1 (UNLOCKED)  1 (ENABLED)   Equipment=1,FieldReplaceableUnit=Radio-S220-1
 1654  1 (UNLOCKED)  1 (ENABLED)   Equipment=1,FieldReplaceableUnit=Radio-S221-1
17436  1 (UNLOCKED)  1 (ENABLED)   Transport=1,Synchronization=1,RadioEquipmentClock=1,RadioEquipmentClockReference=PTP8275_2
17437  1 (UNLOCKED)  1 (ENABLED)   Transport=1,Synchronization=1,RadioEquipmentClock=1,RadioEquipmentClockReference=SyncE
===================================================================================
Total: 5 MOs

ZC50L> sdir

251125-12:43:26+0100 19.31.10.157 25.0h MSRBS_NODE_MODEL_25.Q1_693.28324.131_62ac stopfile=/tmp/2371435
INFO: Using amos lookupAccount credentials for the export login
...............................
get /rop/A20251125.1045-1100_ZC50L.xml.gz /ericsson/log/amos/moshell_logfiles/t20251125_37258710_65084/logs_moshell/pmfiles/19.31.10.157/rop/A20251125.1045-1100_ZC50L.xml.gz ... OK
get /rop/A20251125.1100-1115_ZC50L.xml.gz /ericsson/log/amos/moshell_logfiles/t20251125_37258710_65084/logs_moshell/pmfiles/19.31.10.157/rop/A20251125.1100-1115_ZC50L.xml.gz ... OK
get /rop/A20251125.1115-1130_ZC50L.xml.gz /ericsson/log/amos/moshell_logfiles/t20251125_37258710_65084/logs_moshell/pmfiles/19.31.10.157/rop/A20251125.1115-1130_ZC50L.xml.gz ... OK
...Checking available boards on node...

Collecting RCS board data ...
.......................................................................................................................
.
..............................................................................................................................................................................................................................................................
.........
Collecting TN data...
.......................................................................................................................................................................................................................................................
Collecting RF data...
..
Collecting Alarms...
Executing action Log.export()
...
Log=AlarmLog                    actionId=56413
........
Executing action LogM.exportAvailabilityLog()
..LogM=1,exportAvailabilityLog    actionId=56414
.....Parsing alarmLog........Done.
Parsing availabilityLog....Done.
......

Total: 3 CPRI links (3 OK, 0 OKW, 0 NOK, 0 NT)

+--------+                      +----------------------------+
|        | A        O101     D2 |        Radio-S220-1        |
|        |-----------1----------| RRU247924B824B2024B28BM01* |
|        |         OK-61m       |           BXP_3            |
|        |                      +----------------------------+
|        |                                     |A  |B  |C  |D
|        |             SE=220* AG=220 GT=ZC50D1/0 GT=ZC50D1/1
|        |
|        |                      +----------------------------+
|        | B        O101     D2 |        Radio-S221-1        |
|        |-----------2----------| RRU247924B824B2024B28BM01* |
|        |         OK-56m       |           BXP_2            |
|  BB-1  |                      +----------------------------+
| BB6631 |                                     |A  |B  |C  |D
| 000100 |             SE=221* AG=221 GT=ZC50D2/0 GT=ZC50D2/1
|        |
|        |                      +---------------+
|        | D        O101     D1 | Radio-S180-1  |
|        |-----------3----------|   RRU4415B7   |
|        |         OK-56m       |     BXP_4     |
|        |                      +---------------+
|        |                        |A  |B  |C  |D
|        |                 SE=180 AG=180  |   |
|        |                    FDD=ZC50L1  |   |
|        |                         SE=181 AG=181
|        |                            FDD=ZC50L2
|        |
+--------+

=====================================================================================================================================
ID RiL    Type Res MO1-MO2                  BOARD1-BOARD2                     AlmIDs Cells (States)                Issue (Failed checks)
=====================================================================================================================================
 1 S220-1 O101 OK  BB-1(A) Radio-S220-1(D2) BB6631 RRU247924B824B2024B28BM01*        GT=ZC50D1/0 GT=ZC50D1/1 (1,1) Passed
 2 S221-1 O101 OK  BB-1(B) Radio-S221-1(D2) BB6631 RRU247924B824B2024B28BM01*        GT=ZC50D2/0 GT=ZC50D2/1 (1,1) Passed
 3 S180-1 O101 OK  BB-1(D) Radio-S180-1(D1) BB6631 RRU4415B7                         FDD=ZC50L1 FDD=ZC50L2 (1,1)   Passed
-------------------------------------------------------------------------------------------------------------------------------------

Node: RadioNode GL   CXP2010174/2_R27J08 (25.Q1)   G3.1   GSM LTE-FDD 

=====================================================================================================================================
FRU          ;LNH    ;BOARD                      ;ST ;FAULT ;OPER ;MAINT ;STAT ;PRODUCTNUMBER   ;REV     ;SERIAL        ;DATE     ;PMTEMP ; TEMP ; UPT ;VOLT ;SW                   ;
=====================================================================================================================================
BB-1         ;000100 ;BB6631                     ; 1 ;  OFF ;  ON ;  OFF ;  ON ;KDU1370071/11   ;R3C     ;E96A010EJ2    ;20230515 ;3 (OK) ;      ;75.9 ;52   ;                     ;
Radio-S180-1 ;BXP_4  ;RRU4415B7                  ; 1 ;  OFF ;  ON ;  OFF ; N/A ;KRC161495/1     ;R5FC    ;TU8U01DDJT    ;20220216 ;4 (OK) ; 53.5 ;75.7 ;53.2 ;CXP9013268%15_R101LX ; (Radio4415B7)
Radio-S220-1 ;BXP_3  ;RRU247924B824B2024B28BM01* ; 1 ;  OFF ;  ON ;  OFF ; N/A ;KRC161832/1     ;R2G     ;E55K947350    ;20230415 ;4 (OK) ; 40.9 ;75.7 ;52.7 ;CXP9013268%15_R101LX ; (Radio247924B824B2024B28BM01)
Radio-S221-1 ;BXP_2  ;RRU247924B824B2024B28BM01* ; 1 ;  OFF ;  ON ;  OFF ; N/A ;KRC161832/1     ;R2G     ;E55K947337    ;20230415 ;4 (OK) ; 39.4 ;75.7 ;51.9 ;CXP9013268%15_R101LX ; (Radio247924B824B2024B28BM01)
-------------------------------------------------------------------------------------------------------------------------------------

=====================================================================================================================================
XPBOARD  ;ST ;FAULT ;OPER ;PRODUCTNUMBER ;REV ;SERIAL/NAME ;DATE     ; TEMP ;MO
=====================================================================================================================================
FAN08    ; 1 ;N/A   ;N/A  ;BKV106236/1   ;R2F ;DD111X7088  ;20220702 ; 39.4 ;SupportUnit=1 (FAN  BB-1)
-------------------------------------------------------------------------------------------------------------------------------------

=====================================================================================================================================
ID ;T ;RiL    ;BPBP ;BOARD1                     ;LNH1 ;PORT ;R ;LINK ;RATE  ; BER ;BOARD2                     ;LNH2 ;PORT ;R ;LINK ;RATE  ; BER ;LENGTH ;MO1 - MO2
=====================================================================================================================================
 1 ;O ;S220-1 ;1111 ;BB6631                     ;000100 ; 1 ;M ;Up   ;10.1G ;   0 ;RRU247924B824B2024B28BM01* ;BXP_3  ; 1 ;S ;Up   ;10.1G ;   0 ;   61m ;Fru=BB-1(A) Fru=Radio-S220-1(D2)
 2 ;O ;S221-1 ;1111 ;BB6631                     ;000100 ; 2 ;M ;Up   ;10.1G ;   0 ;RRU247924B824B2024B28BM01* ;BXP_2  ; 1 ;S ;Up   ;10.1G ;   0 ;   56m ;Fru=BB-1(B) Fru=Radio-S221-1(D2)
 3 ;O ;S180-1 ;1111 ;BB6631                     ;000100 ; 4 ;M ;Up   ;10.1G ;   0 ;RRU4415B7                  ;BXP_4  ; 0 ;S ;Up   ;10.1G ;   0 ;   56m ;Fru=BB-1(D) Fru=Radio-S180-1(D1)
-------------------------------------------------------------------------------------------------------------------------------------

=====================================================================================================================================
ID ;LINK ;RiL    ;VENDOR1  ;VENDORPROD1     ;REV1 ;SERIAL1        ;DATE1    ;ERICSSONPROD1      ;VENDOR2  ;VENDORPROD2     ;REV2 ;SERIAL2        ;DATE2    ;ERICSSONPROD2      ;TT ;WL1     ;WL2    
=====================================================================================================================================
 1 ;Up   ;S220-1 ;ERICSSON ;RTXM228-702-C22 ;1.0  ;HN230800013584 ;20230222 ;RDH10265/2 R1A     ;ERICSSON ;RTXM228-702-C22 ;1.0  ;HN230800013559 ;20230222 ;RDH10265/2 R1A     ;0  ;1310.00 ;1310.00
 2 ;Up   ;S221-1 ;ERICSSON ;RTXM228-702-C22 ;1.0  ;HN230800013583 ;20230222 ;RDH10265/2 R1A     ;ERICSSON ;RTXM228-702-C22 ;1.0  ;CU823E0AN6     ;20230506 ;RDH10265/2 R1A     ;0  ;1310.00 ;1310.00
 3 ;Up   ;S180-1 ;ERICSSON ;RTXM228-702-C22 ;1.0  ;HN230800013581 ;20230222 ;RDH10265/2 R1A     ;ERICSSON ;RTXM228-702-C22 ;1.0  ;HN230800013582 ;20230222 ;RDH10265/2 R1A     ;0  ;1310.00 ;1310.00
-------------------------------------------------------------------------------------------------------------------------------------

=====================================================================================================================================
ID ;LINK ;RiL    ;WL1     ;TEMP1 ;TXbs1 ;TXdBm1 ;RXdBm1 ;BER1   ;WL2     ;TEMP2 ;TXbs2 ;TXdBm2 ;RXdBm2 ;BER2   ;DlLoss ;UlLoss ;LENGTH ;TT
=====================================================================================================================================
 1 ;Up   ;S220-1 ;1310.00 ;37C   ;48%   ;-0.60  ;-1.34  ;   0   ;1310.00 ;40C   ;56%   ;-1.41  ;-1.35  ;   0   ;  0.75 ; -0.07 ;   61m ; 0
 2 ;Up   ;S221-1 ;1310.00 ;39C   ;56%   ;-2.08  ;-1.73  ;   0   ;1310.00 ;38C   ;55%   ;-1.27  ;-2.13  ;   0   ;  0.05 ;  0.46 ;   56m ; 0
 3 ;Up   ;S180-1 ;1310.00 ;37C   ;55%   ;-0.84  ;-1.06  ;   0   ;1310.00 ;47C   ;58%   ;-0.53  ;-0.21  ;   0   ; -0.63 ;  0.53 ;   56m ; 0
-------------------------------------------------------------------------------------------------------------------------------------

=====================================================================================================================================
ID ;RiL    ;BOARD                      ;SFPLNH  ;PORT ;VENDOR   ;VENDORPROD      ;REV  ;SERIAL         ;DATE     ;ERICSSONPROD       ;WL      ;TEMP  ;TXbs  ;TXdBm  ;RXdBm  ; BER
=====================================================================================================================================
 1 ;S220-1 ;BB6631                     ;000100   ;  1 ;ERICSSON ;RTXM228-702-C22 ;1.0  ;HN230800013584 ;20230222 ;RDH10265/2 R1A     ;1310.00 ;37C   ;48%   ;-0.60  ;-1.34  ;   0
 2 ;S221-1 ;BB6631                     ;000100   ;  2 ;ERICSSON ;RTXM228-702-C22 ;1.0  ;HN230800013583 ;20230222 ;RDH10265/2 R1A     ;1310.00 ;39C   ;56%   ;-2.08  ;-1.73  ;   0
 3 ;S180-1 ;BB6631                     ;000100   ;  4 ;ERICSSON ;RTXM228-702-C22 ;1.0  ;HN230800013581 ;20230222 ;RDH10265/2 R1A     ;1310.00 ;37C   ;55%   ;-0.84  ;-1.06  ;   0
 2 ;S221-1 ;RRU247924B824B2024B28BM01* ;BXP_2    ;  1 ;ERICSSON ;RTXM228-702-C22 ;1.0  ;CU823E0AN6     ;20230506 ;RDH10265/2 R1A     ;1310.00 ;38C   ;55%   ;-1.27  ;-2.13  ;   0
 1 ;S220-1 ;RRU247924B824B2024B28BM01* ;BXP_3    ;  1 ;ERICSSON ;RTXM228-702-C22 ;1.0  ;HN230800013559 ;20230222 ;RDH10265/2 R1A     ;1310.00 ;40C   ;56%   ;-1.41  ;-1.35  ;   0
 3 ;S180-1 ;RRU4415B7                  ;BXP_4    ;  0 ;ERICSSON ;RTXM228-702-C22 ;1.0  ;HN230800013582 ;20230222 ;RDH10265/2 R1A     ;1310.00 ;47C   ;58%   ;-0.53  ;-0.21  ;   0
-------------------------------------------------------------------------------------------------------------------------------------
TN ;       ;BB6631                     ;000100   ;IA2 ;ERICSSON ;42020201934     ;A0   ;202301200891   ;20230101 ;RPM777053/1000 R1B ;NA      ;NA    ;NA    ;NA     ;NA     ; 0/0
-------------------------------------------------------------------------------------------------------------------------------------

=====================================================================================================================================
BOARD  ;LNH    ;PORT       ;T ;S ;OpMode   ;AutoNeg ;MacAddress        ;VlanIds        ;LOS ;BER
=====================================================================================================================================
BB6631 ;000100 ;TN_IDL_A_1 ;E ;1 ;10G_FULL ;false   ;58:70:7F:81:C0:59 ;3901,3908,3910 ;0   ;NZ/0
BB6631 ;000100 ;TN_IDL_A_2 ;O ;1 ;10G_FULL ;false   ;58:70:7F:81:C0:5A ;3908           ;0   ;0/0
-------------------------------------------------------------------------------------------------------------------------------------

Last MO: 17444. Loaded 17444 MOs. Total: 17445 MOs.
radioClockState : RNT_TIME_LOCKED
-------------------------------------------------------------------------------------
Prio  ;ST  ;syncRefType  ;refStatus  ;opQualLevel  ;SyncReference
-------------------------------------------------------------------------------------
   1  ; 1  ;PTP_TIME     ;NO_FAULT   ;PRTC         ;Ptp=1,BoundaryOrdinaryClock=1 (G_8275_2 Router=45G_Traffic,InterfaceIPv4=LTE,AddressIPv4=LTE:SLAVE)
   2  ; 1  ;SYNC_E       ;NO_FAULT   ;PRTC         ;Synchronization=1,SyncEthInput=SyncE (SFP_DAC EthernetPort=TN_IDL_A_1)
-------------------------------------------------------------------------------------
nodeGroupRole   : SYNC_RECEIVER (syncNodePriority=3, selectionMode=NODE_PRIORITY)
-------------------------------------------------------------------------------------
DU  ;Port  ;sharedUnitRef (RiPortA - RiPortB)  ;remoteNodePriority  ;CandidateStatus
-------------------------------------------------------------------------------------
1   ;B     ;Fru=Radio-S221-1 (2 - 1)           ;1                   ;OK_NOT_ACTIVE
1   ;A     ;Fru=Radio-S220-1 (2 - 1)           ;1                   ;OK_ACTIVE
-------------------------------------------------------------------------------------

=====================================================================================================================================
FRU          ;LNH    ;BOARD                      ;RF  ;BP  ;TX (W/dBm)  ;VSWR (RL)   ;RX (dBm) ;UEs/gUEs  ;Sector/AntennaGroup/Cells (State:CellIds:PCIs)
=====================================================================================================================================
Radio-S180-1 ;BXP_4  ;RRU4415B7                  ; A  ;11  ;24.0 (43.8) ;1.08 (27.8) ;-96.4    ;13/-      ;SE=180 AG=180 FDD=ZC50L1 (1:21:465)
Radio-S180-1 ;BXP_4  ;RRU4415B7                  ; B  ;11  ;22.9 (43.6) ;1.08 (27.8) ;-98.1    ;13/-      ;SE=180 AG=180 FDD=ZC50L1 (1:21:465)
Radio-S180-1 ;BXP_4  ;RRU4415B7                  ; C  ;11  ;15.1 (41.8) ;1.07 (29.3) ;-97.2    ;17/-      ;SE=181 AG=181 FDD=ZC50L2 (1:22:341)
Radio-S180-1 ;BXP_4  ;RRU4415B7                  ; D  ;11  ;14.5 (41.6) ;1.09 (27.4) ;-93.7    ;17/-      ;SE=181 AG=181 FDD=ZC50L2 (1:22:341)
Radio-S220-1 ;BXP_3  ;RRU247924B824B2024B28BM01* ; A  ;11  ;26.6 (44.2) ;1.16 (22.4) ;-86.6    ;-/-       ;SE=220* AG=220 GT=ZC50D1/0 GT=ZC50D1/1 (1, 1)
Radio-S220-1 ;BXP_3  ;RRU247924B824B2024B28BM01* ; B  ;11  ;25.6 (44.1) ;1.16 (22.5) ;-87.8    ;-/-       ;SE=220* AG=220 GT=ZC50D1/0 GT=ZC50D1/1 (1, 1)
Radio-S220-1 ;BXP_3  ;RRU247924B824B2024B28BM01* ; C  ;11  ;16.2 (42.1) ;1.22 (20.0) ;-84.7    ;-/-       ;SE=220* AG=220 GT=ZC50D1/0 GT=ZC50D1/1 (1, 1)
Radio-S220-1 ;BXP_3  ;RRU247924B824B2024B28BM01* ; D  ;11  ;16.2 (42.1) ;1.10 (26.5) ;-87.1    ;-/-       ;SE=220* AG=220 GT=ZC50D1/0 GT=ZC50D1/1 (1, 1)
Radio-S221-1 ;BXP_2  ;RRU247924B824B2024B28BM01* ; A  ;11  ;21.4 (43.3) ;1.18 (21.5) ;-91.8    ;-/-       ;SE=221* AG=221 GT=ZC50D2/0 GT=ZC50D2/1 (1, 1)
Radio-S221-1 ;BXP_2  ;RRU247924B824B2024B28BM01* ; B  ;11  ;18.9 (42.8) ;1.23 (19.8) ;-85.6    ;-/-       ;SE=221* AG=221 GT=ZC50D2/0 GT=ZC50D2/1 (1, 1)
Radio-S221-1 ;BXP_2  ;RRU247924B824B2024B28BM01* ; C  ;11  ;10.5 (40.2) ;1.30 (17.8) ;-92.5    ;-/-       ;SE=221* AG=221 GT=ZC50D2/0 GT=ZC50D2/1 (1, 1)
Radio-S221-1 ;BXP_2  ;RRU247924B824B2024B28BM01* ; D  ;11  ;10.7 (40.3) ;1.23 (19.7) ;-89.8    ;-/-       ;SE=221* AG=221 GT=ZC50D2/0 GT=ZC50D2/1 (1, 1)
-------------------------------------------------------------------------------------------------------------------------------------

ZC50L> mfar

251125-12:45:35+0100 19.31.10.157 25.0h MSRBS_NODE_MODEL_25.Q1_693.28324.131_62ac stopfile=/tmp/2371435
....
Last MO: 17450. Loaded 17450 MOs. Total: 17451 MOs.
.........................................
get /rop/A20251125.1015-1030_ZC50L.xml.gz /ericsson/log/amos/moshell_logfiles/t20251125_37258710_65084/logs_moshell/pmfiles/19.31.10.157/rop/A20251125.1015-1030_ZC50L.xml.gz ... OK
get /rop/A20251125.1030-1045_ZC50L.xml.gz /ericsson/log/amos/moshell_logfiles/t20251125_37258710_65084/logs_moshell/pmfiles/19.31.10.157/rop/A20251125.1030-1045_ZC50L.xml.gz ... OK
get /rop/A20251125.1130-1145_ZC50L.xml.gz /ericsson/log/amos/moshell_logfiles/t20251125_37258710_65084/logs_moshell/pmfiles/19.31.10.157/rop/A20251125.1130-1145_ZC50L.xml.gz ... OK

Using hardcoded thresholds: 3, 4.5, and 16.5
================================================================================================================================
SC     SE  Tx/Rx BrPair  RfPort1 - RfPort2               HW       Serial      Cell (State)   Samples   Med  Mean  SDev Pol Res Issue
================================================================================================================================
ZC50L1 180   2/2 0 (1,2) Radio-S180-1(A) Radio-S180-1(B) RRU4415  TU8U01DDJT  FDD=ZC50L1 (1) 1096566  -1.5  -3.1   8.2  NA OKW Possible RF Loss or PIM at Radio-S180-1(B)
ZC50L2 181   2/2 0 (1,2) Radio-S180-1(C) Radio-S180-1(D) RRU4415  TU8U01DDJT  FDD=ZC50L2 (1)  804291  -0.5  -0.1   6.0  NA  OK Passed
================================================================================================================================
Total: 2 SectorCarriers, 2 RfBranch Pairs (1 OK, 1 OKW, 0 NOK, 0 NT)
....
Last MO: 17450. Loaded 17450 MOs. Total: 17451 MOs.

No NRSectorCarrier MOs are defined on the node.

ZC50L> mfitr

251125-12:45:49+0100 19.31.10.157 25.0h MSRBS_NODE_MODEL_25.Q1_693.28324.131_62ac stopfile=/tmp/2371435
.......
Last MO: 17450. Loaded 17450 MOs. Total: 17451 MOs.
.......
2025-11-25 12:46
================================================================================================================================
CELL       SC     FRU          BOARD     PUSCH  PUCCH       A      B      C      D  DELTA
================================================================================================================================
FDD=ZC50L1 ZC50L1 Radio-S180-1 RRU4415B7 -118.1 -118.2 -117.9 -117.7                  0.2
FDD=ZC50L2 ZC50L2 Radio-S180-1 RRU4415B7 -112.9 -112.1               -118.2 -118.1    0.1
================================================================================================================================
Bye...
Output has been logged to file /mta_fs/UserFiles/37258710/amosbatch/SDIR/ZC50L.log
