Logging to file /mta_fs/UserFiles/37258710/amosbatch/SDIR/ZC53T.log
                        __  __  ____   _____
                  /\   |  \/  |/ __ \ / ____|
                 /  \  | \  / | |  | | (___  
                / /\ \ | |\/| | |  | |\___ \ 
               / ____ \| |  | | |__| |____) |
              /_/    \_\_|  |_|\____/|_____/
              OSS Framework for MoShell-25.0h 
  Copyright (c) Ericsson AB 2001-2025 - All Rights Reserved
              
           
[1;31mWARNING: [0mthe AMOS version currently running is more than 29 weeks old and is unsupported.
Please upgrade as soon as possible to the latest released version, available from your local Ericsson support.

$amosrb_pid = 2587214

Checking ip contact...OK

HELP MENU            : h
BASIC MO COMMANDS    : m
OTHER MO COMMANDS    : n
OTHER COMMANDS       : o
PM COMMANDS          : p
QUIT                 : q

ZC53T> lt all

251125-13:48:06+0100 19.31.16.165 25.0h  stopfile=/tmp/2586993
Looking up temporary_amos account... OK.
Trying temporary_amos_t20251125_37258710_65084_131's password from amos lookupAccount ... OK

$ssh_pid = 2587717

Connected to 19.31.16.165 (SubNetwork=BBMM_rckomc_R,MeContext=ZC53T,ManagedElement=ZC53T)

Checking MOM version...MSRBS_NODE_MODEL_25.Q1_693.28324.131_62ac
Parsing MOM (cached): /ericsson/log/amos/moshell_logfiles/t20251125_37258710_65084/logs_moshell/tempfiles/scp-4-amos_20251125-134800_2586926/MSRBS_NODE_MODEL_25.Q1_693.28324.131_62ac.xml.cache.gz ..................................................................................................................................................................................................................................Done.
Using paramfile /opt/ericsson/amos/moshell/commonjars/pm/PARAM_MSRBS_25.Q1.txt
Parsing file /opt/ericsson/amos/moshell/commonjars/pm/PARAM_MSRBS_25.Q1.txt .......................................................................................Done.
Using imomdfile /opt/ericsson/amos/moshell/commonjars/pm/IMOMD_MSRBS_22.Q4.txt
Using imomfile /opt/ericsson/amos/moshell/commonjars/pm/IMOM_MSRBS_25.Q1.txt
Connected to 19.31.16.165 (SubNetwork=BBMM_rckomc_R,MeContext=ZC53T,ManagedElement=ZC53T)

Last MO: 18332. Loaded 18332 MOs. Total: 18333 MOs.

ZC53T> st cell

251125-13:48:19+0100 19.31.16.165 25.0h MSRBS_NODE_MODEL_25.Q1_693.28324.131_62ac stopfile=/tmp/2586993
===================================================================================
Proxy  Adm State     Op. State     MO
===================================================================================
   43  1 (UNLOCKED)  1 (ENABLED)   ENodeBFunction=1,EUtranCellFDD=ZC53E1
  230  1 (UNLOCKED)  1 (ENABLED)   ENodeBFunction=1,EUtranCellFDD=ZC53E2
  397  1 (UNLOCKED)  1 (ENABLED)   ENodeBFunction=1,EUtranCellFDD=ZC53M1
  502  1 (UNLOCKED)  1 (ENABLED)   ENodeBFunction=1,EUtranCellFDD=ZC53M2
  642  1 (UNLOCKED)  1 (ENABLED)   ENodeBFunction=1,EUtranCellFDD=ZC53T1
  747  1 (UNLOCKED)  1 (ENABLED)   ENodeBFunction=1,EUtranCellFDD=ZC53T2
 1579  1 (UNLOCKED)  1 (ENABLED)   ENodeBFunction=1,NbIotCell=ZC53N1
 1580  1 (UNLOCKED)  1 (ENABLED)   ENodeBFunction=1,NbIotCell=ZC53N2
===================================================================================
Total: 8 MOs

ZC53T> st radio

251125-13:48:20+0100 19.31.16.165 25.0h MSRBS_NODE_MODEL_25.Q1_693.28324.131_62ac stopfile=/tmp/2586993
===================================================================================
Proxy  Adm State     Op. State     MO
===================================================================================
 2445  1 (UNLOCKED)  1 (ENABLED)   Equipment=1,FieldReplaceableUnit=Radio-S100-1
 2468  1 (UNLOCKED)  1 (ENABLED)   Equipment=1,FieldReplaceableUnit=Radio-S210-1
 2485  1 (UNLOCKED)  1 (ENABLED)   Equipment=1,FieldReplaceableUnit=Radio-S211-1
18323  1 (UNLOCKED)  1 (ENABLED)   Transport=1,Synchronization=1,RadioEquipmentClock=1,RadioEquipmentClockReference=NTP1
18324  1 (UNLOCKED)  1 (ENABLED)   Transport=1,Synchronization=1,RadioEquipmentClock=1,RadioEquipmentClockReference=PTP
===================================================================================
Total: 5 MOs

ZC53T> sdir

251125-13:48:20+0100 19.31.16.165 25.0h MSRBS_NODE_MODEL_25.Q1_693.28324.131_62ac stopfile=/tmp/2586993
INFO: Using amos lookupAccount credentials for the export login
...............................
get /rop/A20251125.1200-1215_ZC53T.xml.gz /ericsson/log/amos/moshell_logfiles/t20251125_37258710_65084/logs_moshell/pmfiles/19.31.16.165/rop/A20251125.1200-1215_ZC53T.xml.gz ... OK
get /rop/A20251125.1215-1230_ZC53T.xml.gz /ericsson/log/amos/moshell_logfiles/t20251125_37258710_65084/logs_moshell/pmfiles/19.31.16.165/rop/A20251125.1215-1230_ZC53T.xml.gz ... OK
get /rop/A20251125.1230-1245_ZC53T.xml.gz /ericsson/log/amos/moshell_logfiles/t20251125_37258710_65084/logs_moshell/pmfiles/19.31.16.165/rop/A20251125.1230-1245_ZC53T.xml.gz ... OK
...Checking available boards on node...

Collecting RCS board data ...
.........................................................................................................................
.
.............................................................................................................................................................................................................................................................................................
......
Collecting TN data...
..........................................................................................................................................................................................................................................................................................................
Collecting RF data...
.
Collecting Alarms...
Executing action Log.export()
...
Log=AlarmLog                    actionId=4852
...............
Executing action LogM.exportAvailabilityLog()
..LogM=1,exportAvailabilityLog    actionId=4853
.....Parsing alarmLog.........Done.
Parsing availabilityLog......Done.
..........

Total: 3 CPRI links (3 OK, 0 OKW, 0 NOK, 0 NT)

+--------+                      +--------------------+
|        | A        O101     D1 |    Radio-S210-1    |
|        |-----------1----------| RRU227922B822B20C* |
|        |         OK-36m       |       BXP_4        |
|        |                      +--------------------+
|        |                                     |A  |B
|        |                  SE=210* AG=210 FDD=ZC53E1
|        |                                NIOT=ZC53N1
|        |
|        |                      +--------------------+
|        | B        O101     D1 |    Radio-S211-1    |
|        |-----------2----------| RRU227922B822B20C* |
|        |         OK-36m       |       BXP_2        |
|  BB-1  |                      +--------------------+
| BB6631 |                                     |A  |B
| 000100 |                  SE=211* AG=211 FDD=ZC53E2
|        |                                NIOT=ZC53N2
|        |
|        |                      +------------------+
|        | D        O101     D2 |   Radio-S100-1   |
|        |-----------3----------| RRU449944B144B3C |
|        |         OK-36m       |      BXP_3       |
|        |                      +------------------+
|        |                           |A  |B  |C  |D
|        |                    SE=100 AG=100  |   |
|        |            FDD=ZC53M1 FDD=ZC53T1  |   |
|        |                            SE=101 AG=101
|        |                    FDD=ZC53M2 FDD=ZC53T2
|        |
+--------+

=====================================================================================================================================
ID RiL    Type Res MO1-MO2                  BOARD1-BOARD2             AlmIDs Cells (States)                                        Issue (Failed checks)
=====================================================================================================================================
 1 S210-1 O101 OK  BB-1(A) Radio-S210-1(D1) BB6631 RRU227922B822B20C*        FDD=ZC53E1 NIOT=ZC53N1 (1,1)                          Passed
 2 S211-1 O101 OK  BB-1(B) Radio-S211-1(D1) BB6631 RRU227922B822B20C*        FDD=ZC53E2 NIOT=ZC53N2 (1,1)                          Passed
 3 S100-1 O101 OK  BB-1(D) Radio-S100-1(D2) BB6631 RRU449944B144B3C          FDD=ZC53M1 FDD=ZC53M2 FDD=ZC53T1 FDD=ZC53T2 (1,1,1,1) Passed
-------------------------------------------------------------------------------------------------------------------------------------

Node: RadioNode L   CXP2010174/2_R27J08 (25.Q1)   G3.1   LTE-FDD,LTE-IoT 

=====================================================================================================================================
FRU          ;LNH    ;BOARD              ;ST ;FAULT ;OPER ;MAINT ;STAT ;PRODUCTNUMBER   ;REV     ;SERIAL        ;DATE     ;PMTEMP ; TEMP ; UPT ;VOLT ;SW                   ;
=====================================================================================================================================
BB-1         ;000100 ;BB6631             ; 1 ;  OFF ;  ON ;  OFF ;  ON ;KDU1370071/11   ;R2A     ;E96A00YJK2    ;20230227 ;3 (OK) ;      ;2.52 ;52   ;                     ;
Radio-S100-1 ;BXP_3  ;RRU449944B144B3C   ; 1 ;  OFF ;  ON ;  OFF ; N/A ;KRC161787/1     ;R2F     ;E23E504277    ;20230223 ;4 (OK) ; 25.7 ;2.52 ;52.3 ;CXP9013268%15_R101LX ; (Radio449944B144B3C)
Radio-S210-1 ;BXP_4  ;RRU227922B822B20C* ; 1 ;  OFF ;  ON ;  OFF ; N/A ;KRC161864/1     ;R1F     ;TU8U01YRQ0    ;20230227 ;4 (OK) ; 30.5 ;2.52 ;52.6 ;CXP9013268%15_R101LX ; (Radio227922B822B20C)
Radio-S211-1 ;BXP_2  ;RRU227922B822B20C* ; 1 ;  OFF ;  ON ;  OFF ; N/A ;KRC161864/1     ;R1F     ;TU8U01YPRS    ;20230227 ;4 (OK) ; 30.0 ;2.52 ;52.7 ;CXP9013268%15_R101LX ; (Radio227922B822B20C)
-------------------------------------------------------------------------------------------------------------------------------------

=====================================================================================================================================
AntennaNearUnit                                     ;ST  ;TYPE   ;PRODUCTNR     ;REV                ;UNIQUEID             ;RfPort
=====================================================================================================================================
AntennaUnitGroup=210,AntennaNearUnit=RET_1800_2100  ; 1  ;S-RET  ;AIMM20M22v01  ;WD82MANBRCU_VER.D  ;HWM1964K502H1082Ly1  ;FieldReplaceableUnit=Radio-S210-1,RfPort=R
AntennaUnitGroup=210,AntennaNearUnit=RET_2600       ; 1  ;S-RET  ;AIMM20M22v01  ;WD82MANBRCU_VER.D  ;HWM1964K502J1925Ry2  ;FieldReplaceableUnit=Radio-S210-1,RfPort=R
AntennaUnitGroup=210,AntennaNearUnit=RET_800_900    ; 1  ;S-RET  ;AIMM20M22v01  ;WD82MANBRCU_VER.D  ;HWM1964K502F1550Lr1  ;FieldReplaceableUnit=Radio-S210-1,RfPort=R
AntennaUnitGroup=211,AntennaNearUnit=RET_1800_2100  ; 1  ;S-RET  ;AIMM20M22v01  ;WD82MANBRCU_VER.D  ;HWM1964K503G1520Ly1  ;FieldReplaceableUnit=Radio-S211-1,RfPort=R
AntennaUnitGroup=211,AntennaNearUnit=RET_2600       ; 1  ;S-RET  ;AIMM20M22v01  ;WD82MANBRCU_VER.D  ;HWM1964K503H1135Ry2  ;FieldReplaceableUnit=Radio-S211-1,RfPort=R
AntennaUnitGroup=211,AntennaNearUnit=RET_800_900    ; 1  ;S-RET  ;AIMM20M22v01  ;WD82MANBRCU_VER.D  ;HWM1964K503E1175Lr1  ;FieldReplaceableUnit=Radio-S211-1,RfPort=R
-------------------------------------------------------------------------------------------------------------------------------------

=====================================================================================================================================
XPBOARD  ;ST ;FAULT ;OPER ;PRODUCTNUMBER ;REV ;SERIAL/NAME ;DATE     ; TEMP ;MO
=====================================================================================================================================
FAN08    ; 1 ;N/A   ;N/A  ;BKV106236/1   ;R2G ;CE5100RM4L  ;20220801 ; 42.6 ;SupportUnit=1 (FAN  BB-1)
-------------------------------------------------------------------------------------------------------------------------------------

=====================================================================================================================================
ID ;T ;RiL    ;BPBP ;BOARD1             ;LNH1 ;PORT ;R ;LINK ;RATE  ; BER ;BOARD2             ;LNH2 ;PORT ;R ;LINK ;RATE  ; BER ;LENGTH ;MO1 - MO2
=====================================================================================================================================
 1 ;O ;S210-1 ;1111 ;BB6631             ;000100 ; 1 ;M ;Up   ;10.1G ;   0 ;RRU227922B822B20C* ;BXP_4  ; 0 ;S ;Up   ;10.1G ;   0 ;   36m ;Fru=BB-1(A) Fru=Radio-S210-1(D1)
 2 ;O ;S211-1 ;1111 ;BB6631             ;000100 ; 2 ;M ;Up   ;10.1G ;   0 ;RRU227922B822B20C* ;BXP_2  ; 0 ;S ;Up   ;10.1G ;   0 ;   36m ;Fru=BB-1(B) Fru=Radio-S211-1(D1)
 3 ;O ;S100-1 ;1111 ;BB6631             ;000100 ; 4 ;M ;Up   ;10.1G ;   0 ;RRU449944B144B3C   ;BXP_3  ; 1 ;S ;Up   ;10.1G ;   0 ;   36m ;Fru=BB-1(D) Fru=Radio-S100-1(D2)
-------------------------------------------------------------------------------------------------------------------------------------

=====================================================================================================================================
ID ;LINK ;RiL    ;VENDOR1  ;VENDORPROD1     ;REV1 ;SERIAL1        ;DATE1    ;ERICSSONPROD1      ;VENDOR2  ;VENDORPROD2     ;REV2 ;SERIAL2        ;DATE2    ;ERICSSONPROD2      ;TT ;WL1     ;WL2    
=====================================================================================================================================
 1 ;Up   ;S210-1 ;ERICSSON ;EOLP-1396-02-IY ;1.0  ;DZ8P200FG8     ;20230211 ;RDH10265/2 R1A     ;ERICSSON ;EOLP-1396-02-IY ;1.0  ;DZ8P200TD8     ;20230211 ;RDH10265/2 R1A     ;0  ;1310.00 ;1310.00
 2 ;Up   ;S211-1 ;ERICSSON ;EOLP-1396-02-IY ;1.0  ;DZ8P200TDN     ;20230211 ;RDH10265/2 R1A     ;ERICSSON ;EOLP-1396-02-IY ;1.0  ;DZ8P200TDB     ;20230211 ;RDH10265/2 R1A     ;0  ;1310.00 ;1310.00
 3 ;Up   ;S100-1 ;ERICSSON ;EOLP-1396-02-IY ;1.0  ;DZ8P200FF0     ;20230211 ;RDH10265/2 R1A     ;ERICSSON ;EOLP-1396-02-IY ;1.0  ;DZ8P200FF9     ;20230211 ;RDH10265/2 R1A     ;0  ;1310.00 ;1310.00
-------------------------------------------------------------------------------------------------------------------------------------

=====================================================================================================================================
ID ;LINK ;RiL    ;WL1     ;TEMP1 ;TXbs1 ;TXdBm1 ;RXdBm1 ;BER1   ;WL2     ;TEMP2 ;TXbs2 ;TXdBm2 ;RXdBm2 ;BER2   ;DlLoss ;UlLoss ;LENGTH ;TT
=====================================================================================================================================
 1 ;Up   ;S210-1 ;1310.00 ;37C   ;41%   ;-2.54  ;-3.24  ;   0   ;1310.00 ;25C   ;38%   ;-2.86  ;-2.77  ;   0   ;  0.23 ;  0.38 ;   36m ; 0
 2 ;Up   ;S211-1 ;1310.00 ;39C   ;41%   ;-2.08  ;-2.22  ;   0   ;1310.00 ;26C   ;39%   ;-1.71  ;-2.94  ;   0   ;  0.86 ;  0.51 ;   36m ; 0
 3 ;Up   ;S100-1 ;1310.00 ;41C   ;41%   ;-2.75  ;-3.52  ;   0   ;1310.00 ;24C   ;38%   ;-3.63  ;-2.67  ;   0   ; -0.08 ; -0.11 ;   36m ; 0
-------------------------------------------------------------------------------------------------------------------------------------

=====================================================================================================================================
ID ;RiL    ;BOARD              ;SFPLNH  ;PORT ;VENDOR   ;VENDORPROD      ;REV  ;SERIAL         ;DATE     ;ERICSSONPROD       ;WL      ;TEMP  ;TXbs  ;TXdBm  ;RXdBm  ; BER
=====================================================================================================================================
 1 ;S210-1 ;BB6631             ;000100   ;  1 ;ERICSSON ;EOLP-1396-02-IY ;1.0  ;DZ8P200FG8     ;20230211 ;RDH10265/2 R1A     ;1310.00 ;37C   ;41%   ;-2.54  ;-3.24  ;   0
 2 ;S211-1 ;BB6631             ;000100   ;  2 ;ERICSSON ;EOLP-1396-02-IY ;1.0  ;DZ8P200TDN     ;20230211 ;RDH10265/2 R1A     ;1310.00 ;39C   ;41%   ;-2.08  ;-2.22  ;   0
 3 ;S100-1 ;BB6631             ;000100   ;  4 ;ERICSSON ;EOLP-1396-02-IY ;1.0  ;DZ8P200FF0     ;20230211 ;RDH10265/2 R1A     ;1310.00 ;41C   ;41%   ;-2.75  ;-3.52  ;   0
 2 ;S211-1 ;RRU227922B822B20C* ;BXP_2    ;  0 ;ERICSSON ;EOLP-1396-02-IY ;1.0  ;DZ8P200TDB     ;20230211 ;RDH10265/2 R1A     ;1310.00 ;26C   ;39%   ;-1.71  ;-2.94  ;   0
 3 ;S100-1 ;RRU449944B144B3C   ;BXP_3    ;  1 ;ERICSSON ;EOLP-1396-02-IY ;1.0  ;DZ8P200FF9     ;20230211 ;RDH10265/2 R1A     ;1310.00 ;24C   ;38%   ;-3.63  ;-2.67  ;   0
 1 ;S210-1 ;RRU227922B822B20C* ;BXP_4    ;  0 ;ERICSSON ;EOLP-1396-02-IY ;1.0  ;DZ8P200TD8     ;20230211 ;RDH10265/2 R1A     ;1310.00 ;25C   ;38%   ;-2.86  ;-2.77  ;   0
-------------------------------------------------------------------------------------------------------------------------------------
TN ;       ;BB6631             ;000100   ; IB ;WTD      ;RTXM192-406-C25 ;3.0  ;HW224300662243 ;20221025 ;RDH10247/2 R2A     ;1310    ;39C   ;20%   ;-5.73  ;-11.80 ;NZ/0
TN ;       ;BB6631             ;000100   ;IA2 ;ERICSSON ;42020201934     ;A0   ;202246600670   ;20221107 ;RPM777053/1000 R1B ;NA      ;NA    ;NA    ;NA     ;NA     ; 0/0
-------------------------------------------------------------------------------------------------------------------------------------

=====================================================================================================================================
BOARD  ;LNH    ;PORT       ;T ;S ;OpMode   ;AutoNeg ;MacAddress        ;VlanIds        ;LOS ;BER
=====================================================================================================================================
BB6631 ;000100 ;TN_IDL_A_1 ;E ;1 ;10G_FULL ;false   ;E0:47:35:DF:1D:2A ;3901,3908,3910 ;0   ;0/0
BB6631 ;000100 ;TN_IDL_A_2 ;O ;1 ;10G_FULL ;false   ;E0:47:35:DF:1D:2B ;3908           ;0   ;0/0
BB6631 ;000100 ;TN_IDL_B   ;O ;1 ;1G_FULL  ;true    ;E0:47:35:DF:1D:2E ;3901,3908,3910 ;0   ;NZ/0
-------------------------------------------------------------------------------------------------------------------------------------

radioClockState : RNT_TIME_LOCKED
-------------------------------------------------------------------------------------
Prio  ;ST  ;syncRefType    ;refStatus  ;opQualLevel  ;SyncReference
-------------------------------------------------------------------------------------
  *1  ; 1  ;PTP_TIME       ;NO_FAULT   ;PRTC         ;Ptp=1,BoundaryOrdinaryClock=PTP (G_8275_1 EthernetPort=TN_IDL_B:SLAVE EthernetPort=TN_IDL_A_1:MASTER)
   2  ; 1  ;NTP_FREQUENCY  ;NO_FAULT   ;PRC          ;Ntp=1,NtpFrequencySync=NTP1 (10.31.0.54:32751 Router=45G_Traffic,InterfaceIPv4=LTE,AddressIPv4=LTE)
-------------------------------------------------------------------------------------
-------------------------------------------------------------------------------------
Prio  ;ST  ;assistRefStatus  ;recQualLevel  ;AssistingReference
-------------------------------------------------------------------------------------
   1  ; 1  ;NO_FAULT         ;PRC           ;Synchronization=1,SyncEthInput=SyncE (SFP_OPTICAL EthernetPort=TN_IDL_B)
-------------------------------------------------------------------------------------
nodeGroupRole   : SYNC_PROVIDER (syncNodePriority=1, selectionMode=NODE_PRIORITY)
-------------------------------------------------------------------------------------
DU  ;Port  ;sharedUnitRef (RiPortA - RiPortB)  ;remoteNodePriority  ;CandidateStatus
-------------------------------------------------------------------------------------
1   ;A     ;Fru=Radio-S210-1 (1 - 2)           ;3                   ;OK_NOT_ACTIVE
1   ;B     ;Fru=Radio-S211-1 (1 - 2)           ;3                   ;OK_NOT_ACTIVE
-------------------------------------------------------------------------------------

=====================================================================================================================================
FRU          ;LNH    ;BOARD              ;RF  ;BP  ;TX (W/dBm)  ;VSWR (RL)   ;RX (dBm) ;UEs/gUEs  ;Sector/AntennaGroup/Cells (State:CellIds:PCIs)
=====================================================================================================================================
Radio-S100-1 ;BXP_3  ;RRU449944B144B3C   ; A  ;11  ;39.9 (46.0) ;1.39 (15.7) ;-96.3    ;6/-       ;SE=100 AG=100 FDD=ZC53M1 FDD=ZC53T1 (1:31:243, 1:41:148)
Radio-S100-1 ;BXP_3  ;RRU449944B144B3C   ; B  ;11  ;-           ;1.26 (18.7) ;-95.9    ;6/-       ;SE=100 AG=100 FDD=ZC53M1 FDD=ZC53T1 (1:31:243, 1:41:148)
Radio-S100-1 ;BXP_3  ;RRU449944B144B3C   ; C  ;11  ;29.7 (44.7) ;1.19 (21.1) ;-95.6    ;3/-       ;SE=101 AG=101 FDD=ZC53M2 FDD=ZC53T2 (1:32:77, 1:42:4)
Radio-S100-1 ;BXP_3  ;RRU449944B144B3C   ; D  ;11  ;9.3 (39.7)  ;1.16 (22.7) ;-95.6    ;3/-       ;SE=101 AG=101 FDD=ZC53M2 FDD=ZC53T2 (1:32:77, 1:42:4)
Radio-S210-1 ;BXP_4  ;RRU227922B822B20C* ; A  ;11  ;36.3 (45.6) ;1.25 (19.1) ;-98.9    ;1/-       ;SE=210* AG=210 FDD=ZC53E1 NIOT=ZC53N1 (1:61:49, 1:161:49)
Radio-S210-1 ;BXP_4  ;RRU227922B822B20C* ; B  ;11  ;33.1 (45.2) ;1.19 (21.3) ;-95.0    ;1/-       ;SE=210* AG=210 FDD=ZC53E1 NIOT=ZC53N1 (1:61:49, 1:161:49)
Radio-S211-1 ;BXP_2  ;RRU227922B822B20C* ; A  ;11  ;23.4 (43.7) ;1.21 (20.4) ;-87.9    ;2/-       ;SE=211* AG=211 FDD=ZC53E2 NIOT=ZC53N2 (1:62:307, 1:162:307)
Radio-S211-1 ;BXP_2  ;RRU227922B822B20C* ; B  ;11  ;16.2 (42.1) ;1.16 (22.8) ;-92.6    ;2/-       ;SE=211* AG=211 FDD=ZC53E2 NIOT=ZC53N2 (1:62:307, 1:162:307)
-------------------------------------------------------------------------------------------------------------------------------------

ZC53T> mfar

251125-13:50:30+0100 19.31.16.165 25.0h MSRBS_NODE_MODEL_25.Q1_693.28324.131_62ac stopfile=/tmp/2586993
.....
Last MO: 18339. Loaded 18339 MOs. Total: 18340 MOs.
...............................................
get /rop/A20251125.1115-1130_ZC53T.xml.gz /ericsson/log/amos/moshell_logfiles/t20251125_37258710_65084/logs_moshell/pmfiles/19.31.16.165/rop/A20251125.1115-1130_ZC53T.xml.gz ... OK
get /rop/A20251125.1130-1145_ZC53T.xml.gz /ericsson/log/amos/moshell_logfiles/t20251125_37258710_65084/logs_moshell/pmfiles/19.31.16.165/rop/A20251125.1130-1145_ZC53T.xml.gz ... OK
get /rop/A20251125.1145-1200_ZC53T.xml.gz /ericsson/log/amos/moshell_logfiles/t20251125_37258710_65084/logs_moshell/pmfiles/19.31.16.165/rop/A20251125.1145-1200_ZC53T.xml.gz ... OK

Using hardcoded thresholds: 3, 4.5, and 16.5
================================================================================================================================
SC     SE  Tx/Rx BrPair  RfPort1 - RfPort2               HW       Serial      Cell (State)   Samples   Med  Mean  SDev Pol Res Issue
================================================================================================================================
ZC53E1 210   2/2 0 (1,2) Radio-S210-1(A) Radio-S210-1(B) RRU2279  TU8U01YRQ0  FDD=ZC53E1 (1)   36215   1.5   0.9   7.3  NA  OK Passed
ZC53E2 211   2/2 0 (1,2) Radio-S211-1(A) Radio-S211-1(B) RRU2279  TU8U01YPRS  FDD=ZC53E2 (1)   22523   0.5   0.1   6.4  NA  OK Passed
ZC53M1 100   2/2 0 (1,2) Radio-S100-1(A) Radio-S100-1(B) RRU4499  E23E504277  FDD=ZC53M1 (1)   54570  -2.5  -1.1   6.4  NA  OK Passed
ZC53M2 101   2/2 0 (1,2) Radio-S100-1(C) Radio-S100-1(D) RRU4499  E23E504277  FDD=ZC53M2 (1)    6930   0.5   0.6   6.3  NA  OK Passed
ZC53T1 100   2/2 0 (1,2) Radio-S100-1(A) Radio-S100-1(B) RRU4499  E23E504277  FDD=ZC53T1 (1)   79749  -0.5  -0.5   5.9  NA  OK Passed
ZC53T2 101   2/2 0 (1,2) Radio-S100-1(C) Radio-S100-1(D) RRU4499  E23E504277  FDD=ZC53T2 (1)  156408   0.5   0.7   5.9  NA  OK Passed
================================================================================================================================
Total: 6 SectorCarriers, 6 RfBranch Pairs (6 OK, 0 OKW, 0 NOK, 0 NT)
......
Last MO: 18339. Loaded 18339 MOs. Total: 18340 MOs.

No NRSectorCarrier MOs are defined on the node.

ZC53T> mfitr

251125-13:50:47+0100 19.31.16.165 25.0h MSRBS_NODE_MODEL_25.Q1_693.28324.131_62ac stopfile=/tmp/2586993
.........
Last MO: 18339. Loaded 18339 MOs. Total: 18340 MOs.
.......
2025-11-25 13:51
================================================================================================================================
CELL       SC     FRU          BOARD             PUSCH  PUCCH       A      B      C      D  DELTA
================================================================================================================================
FDD=ZC53E1 ZC53E1 Radio-S210-1 RRU227922B822B20C -116.5 -115.0 -117.6 -117.6                    0
FDD=ZC53E2 ZC53E2 Radio-S211-1 RRU227922B822B20C -118.2 -116.7 -117.9 -117.7                  0.2
FDD=ZC53M1 ZC53M1 Radio-S100-1 RRU449944B144B3C  -119.3 -119.6 -119.4 -118.9                  0.5
FDD=ZC53M2 ZC53M2 Radio-S100-1 RRU449944B144B3C  -119.4 -119.4               -119.4 -119.6    0.2
FDD=ZC53T1 ZC53T1 Radio-S100-1 RRU449944B144B3C  -118.5 -118.8 -117.7 -115.9                  1.8
FDD=ZC53T2 ZC53T2 Radio-S100-1 RRU449944B144B3C  -118.7 -117.9               -118.5 -118.4    0.1
================================================================================================================================
Bye...
Output has been logged to file /mta_fs/UserFiles/37258710/amosbatch/SDIR/ZC53T.log
