Logging to file /mta_fs/UserFiles/37258710/amosbatch/SDIR/ZC78F.log
                        __  __  ____   _____
                  /\   |  \/  |/ __ \ / ____|
                 /  \  | \  / | |  | | (___  
                / /\ \ | |\/| | |  | |\___ \ 
               / ____ \| |  | | |__| |____) |
              /_/    \_\_|  |_|\____/|_____/
              OSS Framework for MoShell-25.0h 
  Copyright (c) Ericsson AB 2001-2025 - All Rights Reserved
              
           
[1;31mWARNING: [0mthe AMOS version currently running is more than 29 weeks old and is unsupported.
Please upgrade as soon as possible to the latest released version, available from your local Ericsson support.

$amosrb_pid = 1796694

Checking ip contact...OK

HELP MENU            : h
BASIC MO COMMANDS    : m
OTHER MO COMMANDS    : n
OTHER COMMANDS       : o
PM COMMANDS          : p
QUIT                 : q

ZC78F> lt all

251125-09:50:37+0100 19.31.11.136 25.0h  stopfile=/tmp/1796603
Looking up temporary_amos account... OK.
Trying temporary_amos_t20251125_37258710_65084_131's password from amos lookupAccount ... OK

$ssh_pid = 1797054

Connected to 19.31.11.136 (SubNetwork=BBMM_rckomc_R,MeContext=ZC78F,ManagedElement=ZC78F)

Checking MOM version...MSRBS_NODE_MODEL_25.Q1_693.28324.131_62ac
Parsing MOM (cached): /ericsson/log/amos/moshell_logfiles/t20251125_37258710_65084/logs_moshell/tempfiles/scp-4-amos_20251125-095030_1796541/MSRBS_NODE_MODEL_25.Q1_693.28324.131_62ac.xml.cache.gz ..................................................................................................................................................................................................................................Done.
Using paramfile /opt/ericsson/amos/moshell/commonjars/pm/PARAM_MSRBS_25.Q1.txt
Parsing file /opt/ericsson/amos/moshell/commonjars/pm/PARAM_MSRBS_25.Q1.txt .......................................................................................Done.
Using imomdfile /opt/ericsson/amos/moshell/commonjars/pm/IMOMD_MSRBS_22.Q4.txt
Using imomfile /opt/ericsson/amos/moshell/commonjars/pm/IMOM_MSRBS_25.Q1.txt
Connected to 19.31.11.136 (SubNetwork=BBMM_rckomc_R,MeContext=ZC78F,ManagedElement=ZC78F)

Last MO: 18875. Loaded 18875 MOs. Total: 18876 MOs.

ZC78F> st cell

251125-09:50:51+0100 19.31.11.136 25.0h MSRBS_NODE_MODEL_25.Q1_693.28324.131_62ac stopfile=/tmp/1796603
===================================================================================
Proxy  Adm State     Op. State     MO
===================================================================================
   60  1 (UNLOCKED)  1 (ENABLED)   ENodeBFunction=1,EUtranCellFDD=ZC78E1
  206  1 (UNLOCKED)  1 (ENABLED)   ENodeBFunction=1,EUtranCellFDD=ZC78E3
  314  1 (UNLOCKED)  1 (ENABLED)   ENodeBFunction=1,EUtranCellFDD=ZC78F1
  385  1 (UNLOCKED)  1 (ENABLED)   ENodeBFunction=1,EUtranCellFDD=ZC78F3
  455  1 (UNLOCKED)  1 (ENABLED)   ENodeBFunction=1,EUtranCellFDD=ZC78F4
  525  1 (UNLOCKED)  1 (ENABLED)   ENodeBFunction=1,EUtranCellFDD=ZC78F6
  595  1 (UNLOCKED)  1 (ENABLED)   ENodeBFunction=1,EUtranCellFDD=ZC78L1
  704  1 (UNLOCKED)  1 (ENABLED)   ENodeBFunction=1,EUtranCellFDD=ZC78L3
  811  1 (UNLOCKED)  1 (ENABLED)   ENodeBFunction=1,EUtranCellFDD=ZC78L4
  950  1 (UNLOCKED)  1 (ENABLED)   ENodeBFunction=1,EUtranCellFDD=ZC78L6
 1074  1 (UNLOCKED)  1 (ENABLED)   ENodeBFunction=1,EUtranCellFDD=ZC78M3
 1187  1 (UNLOCKED)  1 (ENABLED)   ENodeBFunction=1,EUtranCellFDD=ZC78M6
 1296  1 (UNLOCKED)  1 (ENABLED)   ENodeBFunction=1,EUtranCellFDD=ZC78T3
 1409  1 (UNLOCKED)  1 (ENABLED)   ENodeBFunction=1,EUtranCellFDD=ZC78T6
 1982  1 (UNLOCKED)  1 (ENABLED)   ENodeBFunction=1,NbIotCell=ZC78N1
 1983  1 (UNLOCKED)  1 (ENABLED)   ENodeBFunction=1,NbIotCell=ZC78N3
===================================================================================
Total: 16 MOs

ZC78F> st radio

251125-09:50:51+0100 19.31.11.136 25.0h MSRBS_NODE_MODEL_25.Q1_693.28324.131_62ac stopfile=/tmp/1796603
===================================================================================
Proxy  Adm State     Op. State     MO
===================================================================================
 2840  1 (UNLOCKED)  1 (ENABLED)   Equipment=1,FieldReplaceableUnit=Radio-S102-1
 2863  1 (UNLOCKED)  1 (ENABLED)   Equipment=1,FieldReplaceableUnit=Radio-S180-1
 2878  1 (UNLOCKED)  1 (ENABLED)   Equipment=1,FieldReplaceableUnit=Radio-S183-1
 2893  1 (UNLOCKED)  1 (ENABLED)   Equipment=1,FieldReplaceableUnit=Radio-S20-1
 2906  1 (UNLOCKED)  1 (ENABLED)   Equipment=1,FieldReplaceableUnit=Radio-S22-1
 2919  1 (UNLOCKED)  1 (ENABLED)   Equipment=1,FieldReplaceableUnit=Radio-S220-1
 2946  1 (UNLOCKED)  1 (ENABLED)   Equipment=1,FieldReplaceableUnit=Radio-S222-1
 2973  1 (UNLOCKED)  1 (ENABLED)   Equipment=1,FieldReplaceableUnit=Radio-S223-1
 3000  1 (UNLOCKED)  1 (ENABLED)   Equipment=1,FieldReplaceableUnit=Radio-S225-1
 3027  1 (UNLOCKED)  1 (ENABLED)   Equipment=1,FieldReplaceableUnit=Radio-S23-1
 3040  1 (UNLOCKED)  1 (ENABLED)   Equipment=1,FieldReplaceableUnit=Radio-S25-1
18869  1 (UNLOCKED)  1 (ENABLED)   Transport=1,Synchronization=1,RadioEquipmentClock=1,RadioEquipmentClockReference=NTP1
18870  1 (UNLOCKED)  1 (ENABLED)   Transport=1,Synchronization=1,RadioEquipmentClock=1,RadioEquipmentClockReference=PTP
===================================================================================
Total: 13 MOs

ZC78F> sdir

251125-09:50:52+0100 19.31.11.136 25.0h MSRBS_NODE_MODEL_25.Q1_693.28324.131_62ac stopfile=/tmp/1796603
INFO: Using amos lookupAccount credentials for the export login
.......................
get /rop/A20251125.0800-0815_ZC78F.xml.gz /ericsson/log/amos/moshell_logfiles/t20251125_37258710_65084/logs_moshell/pmfiles/19.31.11.136/rop/A20251125.0800-0815_ZC78F.xml.gz ... OK
get /rop/A20251125.0815-0830_ZC78F.xml.gz /ericsson/log/amos/moshell_logfiles/t20251125_37258710_65084/logs_moshell/pmfiles/19.31.11.136/rop/A20251125.0815-0830_ZC78F.xml.gz ... OK
get /rop/A20251125.0830-0845_ZC78F.xml.gz /ericsson/log/amos/moshell_logfiles/t20251125_37258710_65084/logs_moshell/pmfiles/19.31.11.136/rop/A20251125.0830-0845_ZC78F.xml.gz ... OK
.....Checking available boards on node...

Collecting RCS board data ...
...........................................................................................................................
.....................................
.............................................................................................................................................................................................................................................................................................................................................................................................
...........
Collecting TN data...
...................................................................................................................................................
Getting MO data from node (128 MOs). Please wait...
0%                                             ~50%                                           ~100%
.....................................................................................................................................
Collecting RF data...
.......
Collecting Alarms...
Executing action Log.export()
...
Log=AlarmLog                    actionId=45722
............
Executing action LogM.exportAvailabilityLog()
..LogM=1,exportAvailabilityLog    actionId=45723
.....Parsing alarmLog........Done.
Parsing availabilityLog.....Done.
........

Total: 11 CPRI links (11 OK, 0 OKW, 0 NOK, 0 NT)
.
+--------+                      +----------------------------+
|        | A        O101     D2 |        Radio-S220-1        |
|        |-----------1----------| RRU247924B824B2024B28BM01* |
|        |         OK-58m       |           BXP_3            |
|        |                      +----------------------------+
|        |                                     |A  |B  |C  |D
|        |                         SE=220* AG=220 GT=ZC78D1/0
|        |                 GT=ZC78D1/8 FDD=ZC78E1 NIOT=ZC78N1
|        |
|        |                      +----------------------------+
|        | B        O101     D2 |        Radio-S222-1        |
|        |-----------2----------| RRU247924B824B2024B28BM01* |
|        |         OK-58m       |           BXP_6            |
|        |                      +----------------------------+
|        |                                     |A  |B  |C  |D
|        |                         SE=222* AG=222 GT=ZC78D3/0
|        |                 GT=ZC78D3/1 FDD=ZC78E3 NIOT=ZC78N3
|        |
|        |                      +----------------------------+
|        | C        O101     D2 |        Radio-S223-1        |
|        |-----------3----------| RRU247924B824B2024B28BM01* |
|        |         OK-54m       |           BXP_5            |
|        |                      +----------------------------+
|        |                                     |A  |B  |C  |D
|        |             SE=223* AG=223 GT=ZC78D4/0 GT=ZC78D4/8
|        |
|        |                      +---------------+
|        | D        O101     D1 | Radio-S180-1  |
|        |-----------4----------|   RRU4415B7   |
|        |         OK-58m       |     BXP_9     |
|        |                      +---------------+
|        |                        |A  |B  |C  |D
|        |                 SE=180 AG=180  |   |
|        |                    FDD=ZC78L1  |   |
|        |                         SE=182 AG=182
|        |                            FDD=ZC78L3
|        |
|  BB-1  |
| BB6631 |
| 000100 |                      +---------------+
|        | E        O101     D1 | Radio-S183-1  |
|        |-----------5----------|   RRU4415B7   |
|        |         OK-56m       |     BXP_7     |
|        |                      +---------------+
|        |                        |A  |B  |C  |D
|        |                 SE=183 AG=183  |   |
|        |                    FDD=ZC78L4  |   |
|        |                         SE=185 AG=185
|        |                            FDD=ZC78L6
|        |
|        |                      +----------------------------+
|        | F        O101     D2 |        Radio-S225-1        |
|        |-----------6----------| RRU247924B824B2024B28BM01* |
|        |         OK-56m       |           BXP_8            |
|        |                      +----------------------------+
|        |                                     |A  |B  |C  |D
|        |             SE=225* AG=225 GT=ZC78D6/0 GT=ZC78D6/1
|        |
|        |                      +-------------+           +-------------+           +-------------+           +-------------+
|        | G        O101     D1 | Radio-S20-1 | D2 O101 D1| Radio-S22-1 | D2 O101 D1| Radio-S23-1 | D2 O101 D1| Radio-S25-1 |
|        |-----------7----------| RRU2012B32A |-----9-----| RRU2012B32A |-----10----| RRU2012B32A |-----11----| RRU2012B32A |
|        |         OK-57m       |    BXP_2    |   OK-9m   |   BXP_10    |   OK-14m  |   BXP_11    |   OK-9m   |   BXP_12    |
|        |                      +-------------+           +-------------+           +-------------+           +-------------+
|        |                              |A  |B                    |A  |B                    |A  |B                    |A  |B
|        |              SE=20 AG=20 FDD=ZC78F1    SE=22 AG=22 FDD=ZC78F3    SE=23 AG=23 FDD=ZC78F4    SE=25 AG=25 FDD=ZC78F6
|        |
|        |                      +------------------+
|        | K        O101     D1 |   Radio-S102-1   |
|        |-----------8----------| RRU449944B144B3C |
|        |         OK-58m       |      BXP_4       |
|        |                      +------------------+
|        |                           |A  |B  |C  |D
|        |                    SE=102 AG=102  |   |
|        |            FDD=ZC78M3 FDD=ZC78T3  |   |
|        |                            SE=105 AG=105
|        |                    FDD=ZC78M6 FDD=ZC78T6
|        |
+--------+

=====================================================================================================================================
ID RiL    Type Res MO1-MO2                         BOARD1-BOARD2                     AlmIDs Cells (States)                                           Issue (Failed checks)
=====================================================================================================================================
 1 S220-1 O101 OK  BB-1(A) Radio-S220-1(D2)        BB6631 RRU247924B824B2024B28BM01*        FDD=ZC78E1 GT=ZC78D1/0 GT=ZC78D1/8 NIOT=ZC78N1 (1,1,1,1) Passed
 2 S222-1 O101 OK  BB-1(B) Radio-S222-1(D2)        BB6631 RRU247924B824B2024B28BM01*        FDD=ZC78E3 GT=ZC78D3/0 GT=ZC78D3/1 NIOT=ZC78N3 (1,1,1,1) Passed
 3 S223-1 O101 OK  BB-1(C) Radio-S223-1(D2)        BB6631 RRU247924B824B2024B28BM01*        GT=ZC78D4/0 GT=ZC78D4/8 (1,1)                            Passed
 4 S180-1 O101 OK  BB-1(D) Radio-S180-1(D1)        BB6631 RRU4415B7                         FDD=ZC78L1 FDD=ZC78L3 (1,1)                              Passed
 5 S183-1 O101 OK  BB-1(E) Radio-S183-1(D1)        BB6631 RRU4415B7                         FDD=ZC78L4 FDD=ZC78L6 (1,1)                              Passed
 6 S225-1 O101 OK  BB-1(F) Radio-S225-1(D2)        BB6631 RRU247924B824B2024B28BM01*        GT=ZC78D6/0 GT=ZC78D6/1 (1,1)                            Passed
 7 S20-1  O101 OK  BB-1(G) Radio-S20-1(D1)         BB6631 RRU2012B32A                       FDD=ZC78F1 (1)                                           Passed
 8 S102-1 O101 OK  BB-1(K) Radio-S102-1(D1)        BB6631 RRU449944B144B3C                  FDD=ZC78M3 FDD=ZC78M6 FDD=ZC78T3 FDD=ZC78T6 (1,1,1,1)    Passed
 9 S22-1  O101 OK  Radio-S20-1(D2) Radio-S22-1(D1) RRU2012B32A RRU2012B32A                  FDD=ZC78F3 (1)                                           Passed
10 S23-1  O101 OK  Radio-S22-1(D2) Radio-S23-1(D1) RRU2012B32A RRU2012B32A                  FDD=ZC78F4 (1)                                           Passed
11 S25-1  O101 OK  Radio-S23-1(D2) Radio-S25-1(D1) RRU2012B32A RRU2012B32A                  FDD=ZC78F6 (1)                                           Passed
-------------------------------------------------------------------------------------------------------------------------------------

Node: RadioNode GL   CXP2010174/2_R27J08 (25.Q1)   G3.1   GSM LTE-FDD,LTE-IoT 

=====================================================================================================================================
FRU          ;LNH    ;BOARD                      ;ST ;FAULT ;OPER ;MAINT ;STAT ;PRODUCTNUMBER   ;REV     ;SERIAL        ;DATE     ;PMTEMP ; TEMP ; UPT ;VOLT ;SW                   ;
=====================================================================================================================================
BB-1         ;000100 ;BB6631                     ; 1 ;  OFF ;  ON ;  OFF ;  ON ;KDU1370071/11   ;R3H     ;E96A015MGG    ;20240507 ;3 (OK) ;      ;25.0 ;53   ;                     ;
Radio-S102-1 ;BXP_4  ;RRU449944B144B3C           ; 1 ;  OFF ;  ON ;  OFF ; N/A ;KRC161787/1     ;R3A     ;E55N822660    ;20240427 ;4 (OK) ; 33.8 ;26.9 ;53.2 ;CXP9013268%15_R101LX ; (Radio449944B144B3C)
Radio-S180-1 ;BXP_9  ;RRU4415B7                  ; 1 ;  OFF ;  ON ;  OFF ; N/A ;KRC161495/1     ;R5FE    ;DH80220880    ;20240424 ;4 (OK) ; 41.5 ;26.9 ;53.0 ;CXP9013268%15_R101LX ; (Radio4415B7)
Radio-S183-1 ;BXP_7  ;RRU4415B7                  ; 1 ;  OFF ;  ON ;  OFF ; N/A ;KRC161495/1     ;R5FE    ;DH80220949    ;20240425 ;4 (OK) ; 39.5 ;26.9 ;52.9 ;CXP9013268%15_R101LX ; (Radio4415B7)
Radio-S20-1  ;BXP_2  ;RRU2012B32A                ; 1 ;  OFF ;  ON ;  OFF ; N/A ;KRC161604/1     ;R2C     ;TU8U01V956    ;20221209 ;4 (OK) ; 34.5 ;26.9 ;53.3 ;CXP9013268%15_R101LX ; (Radio2012B32A)
Radio-S22-1  ;BXP_10 ;RRU2012B32A                ; 1 ;  OFF ;  ON ;  OFF ; N/A ;KRC161604/1     ;R2C     ;TU8U02KKSA    ;20240606 ;4 (OK) ; 30.0 ;26.9 ;51.6 ;CXP9013268%15_R101LX ; (Radio2012B32A)
Radio-S220-1 ;BXP_3  ;RRU247924B824B2024B28BM01* ; 1 ;  OFF ;  ON ;  OFF ; N/A ;KRC161832/1     ;R2H     ;TU8U02HV4R    ;20240507 ;4 (OK) ; 42.3 ;26.9 ;52.6 ;CXP9013268%15_R101LX ; (Radio247924B824B2024B28BM01)
Radio-S222-1 ;BXP_6  ;RRU247924B824B2024B28BM01* ; 1 ;  OFF ;  ON ;  OFF ; N/A ;KRC161832/1     ;R2H     ;TU8U02HV4V    ;20240507 ;4 (OK) ; 40.2 ;26.9 ;53.1 ;CXP9013268%15_R101LX ; (Radio247924B824B2024B28BM01)
Radio-S223-1 ;BXP_5  ;RRU247924B824B2024B28BM01* ; 1 ;  OFF ;  ON ;  OFF ; N/A ;KRC161832/1     ;R2H     ;TU8U02DG2J    ;20240208 ;4 (OK) ; 38.1 ;26.9 ;52.9 ;CXP9013268%15_R101LX ; (Radio247924B824B2024B28BM01)
Radio-S225-1 ;BXP_8  ;RRU247924B824B2024B28BM01* ; 1 ;  OFF ;  ON ;  OFF ; N/A ;KRC161832/1     ;R2H     ;TU8U02HRRZ    ;20240506 ;4 (OK) ; 37.0 ;26.9 ;53.0 ;CXP9013268%15_R101LX ; (Radio247924B824B2024B28BM01)
Radio-S23-1  ;BXP_11 ;RRU2012B32A                ; 1 ;  OFF ;  ON ;  OFF ; N/A ;KRC161604/1     ;R2C     ;TU8U02KKSC    ;20240606 ;4 (OK) ; 31.8 ;26.8 ;51.3 ;CXP9013268%15_R101LX ; (Radio2012B32A)
Radio-S25-1  ;BXP_12 ;RRU2012B32A                ; 1 ;  OFF ;  ON ;  OFF ; N/A ;KRC161604/1     ;R2C     ;TU8U02KJRU    ;20240606 ;4 (OK) ; 30.3 ;26.8 ;51.9 ;CXP9013268%15_R101LX ; (Radio2012B32A)
-------------------------------------------------------------------------------------------------------------------------------------

=====================================================================================================================================
XPBOARD  ;ST ;FAULT ;OPER ;PRODUCTNUMBER ;REV ;SERIAL/NAME ;DATE     ; TEMP ;MO
=====================================================================================================================================
FAN08    ; 1 ;N/A   ;N/A  ;BKV106236/1   ;R2F ;DD13928445  ;20231219 ; 39.1 ;SupportUnit=1 (FAN  BB-1)
-------------------------------------------------------------------------------------------------------------------------------------

=====================================================================================================================================
ID ;T ;RiL    ;BPBP ;BOARD1                     ;LNH1 ;PORT ;R ;LINK ;RATE  ; BER ;BOARD2                     ;LNH2 ;PORT ;R ;LINK ;RATE  ; BER ;LENGTH ;MO1 - MO2
=====================================================================================================================================
 1 ;O ;S220-1 ;1111 ;BB6631                     ;000100 ; 1 ;M ;Up   ;10.1G ;   0 ;RRU247924B824B2024B28BM01* ;BXP_3  ; 1 ;S ;Up   ;10.1G ;   0 ;   58m ;Fru=BB-1(A) Fru=Radio-S220-1(D2)
 2 ;O ;S222-1 ;1111 ;BB6631                     ;000100 ; 2 ;M ;Up   ;10.1G ;   0 ;RRU247924B824B2024B28BM01* ;BXP_6  ; 1 ;S ;Up   ;10.1G ;   0 ;   58m ;Fru=BB-1(B) Fru=Radio-S222-1(D2)
 3 ;O ;S223-1 ;1111 ;BB6631                     ;000100 ; 3 ;M ;Up   ;10.1G ;   0 ;RRU247924B824B2024B28BM01* ;BXP_5  ; 1 ;S ;Up   ;10.1G ;   0 ;   54m ;Fru=BB-1(C) Fru=Radio-S223-1(D2)
 4 ;O ;S180-1 ;1111 ;BB6631                     ;000100 ; 4 ;M ;Up   ;10.1G ;   0 ;RRU4415B7                  ;BXP_9  ; 0 ;S ;Up   ;10.1G ;   0 ;   58m ;Fru=BB-1(D) Fru=Radio-S180-1(D1)
 5 ;O ;S183-1 ;1111 ;BB6631                     ;000100 ; 5 ;M ;Up   ;10.1G ;   0 ;RRU4415B7                  ;BXP_7  ; 0 ;S ;Up   ;10.1G ;   0 ;   56m ;Fru=BB-1(E) Fru=Radio-S183-1(D1)
 6 ;O ;S225-1 ;1111 ;BB6631                     ;000100 ; 6 ;M ;Up   ;10.1G ;   0 ;RRU247924B824B2024B28BM01* ;BXP_8  ; 1 ;S ;Up   ;10.1G ;   0 ;   56m ;Fru=BB-1(F) Fru=Radio-S225-1(D2)
 7 ;O ; S20-1 ;1111 ;BB6631                     ;000100 ; 7 ;M ;Up   ;10.1G ;   0 ;RRU2012B32A                ;BXP_2  ; 0 ;S ;Up   ;10.1G ;   0 ;   57m ;Fru=BB-1(G) Fru=Radio-S20-1(D1)
 8 ;O ;S102-1 ;1111 ;BB6631                     ;000100 ;10 ;M ;Up   ;10.1G ;   0 ;RRU449944B144B3C           ;BXP_4  ; 0 ;S ;Up   ;10.1G ;   0 ;   58m ;Fru=BB-1(K) Fru=Radio-S102-1(D1)
 9 ;O ; S22-1 ;1111 ;RRU2012B32A                ;BXP_2  ; 1 ;M ;Up   ;10.1G ;   0 ;RRU2012B32A                ;BXP_10 ; 0 ;S ;Up   ;10.1G ;   0 ;    9m ;Fru=Radio-S20-1(D2) Fru=Radio-S22-1(D1)
10 ;O ; S23-1 ;1111 ;RRU2012B32A                ;BXP_10 ; 1 ;M ;Up   ;10.1G ;   0 ;RRU2012B32A                ;BXP_11 ; 0 ;S ;Up   ;10.1G ;   0 ;   14m ;Fru=Radio-S22-1(D2) Fru=Radio-S23-1(D1)
11 ;O ; S25-1 ;1111 ;RRU2012B32A                ;BXP_11 ; 1 ;M ;Up   ;10.1G ;   0 ;RRU2012B32A                ;BXP_12 ; 0 ;S ;Up   ;10.1G ;   0 ;    9m ;Fru=Radio-S23-1(D2) Fru=Radio-S25-1(D1)
-------------------------------------------------------------------------------------------------------------------------------------

=====================================================================================================================================
ID ;LINK ;RiL    ;VENDOR1  ;VENDORPROD1     ;REV1 ;SERIAL1        ;DATE1    ;ERICSSONPROD1      ;VENDOR2  ;VENDORPROD2     ;REV2 ;SERIAL2        ;DATE2    ;ERICSSONPROD2      ;TT ;WL1     ;WL2    
=====================================================================================================================================
 1 ;Up   ;S220-1 ;ERICSSON ;EOLP-1396-02-IY ;1.0  ;DZ8Q4004DK     ;20240407 ;RDH10265/2 R1A     ;ERICSSON ;EOLP-1396-02-IY ;1.0  ;DZ8Q4004DJ     ;20240407 ;RDH10265/2 R1A     ;0  ;1310.00 ;1310.00
 2 ;Up   ;S222-1 ;ERICSSON ;EOLP-1396-02-IY ;1.0  ;DZ8Q4004CY     ;20240407 ;RDH10265/2 R1A     ;ERICSSON ;EOLP-1396-02-IY ;1.0  ;DZ8Q4004DG     ;20240407 ;RDH10265/2 R1A     ;0  ;1310.00 ;1310.00
 3 ;Up   ;S223-1 ;ERICSSON ;EOLP-1396-02-IY ;1.0  ;DZ8Q4004D1     ;20240407 ;RDH10265/2 R1A     ;ERICSSON ;EOLP-1396-02-IY ;1.0  ;DZ8Q4004DF     ;20240407 ;RDH10265/2 R1A     ;0  ;1310.00 ;1310.00
 4 ;Up   ;S180-1 ;ERICSSON ;EOLP-1396-02-IY ;1.0  ;DZ8Q4004CX     ;20240407 ;RDH10265/2 R1A     ;ERICSSON ;EOLP-1396-02-IY ;1.0  ;DZ8Q4003KA     ;20240407 ;RDH10265/2 R1A     ;0  ;1310.00 ;1310.00
 5 ;Up   ;S183-1 ;ERICSSON ;EOLP-1396-02-IY ;1.0  ;DZ8Q4004DH     ;20240407 ;RDH10265/2 R1A     ;ERICSSON ;EOLP-1396-02-IY ;1.0  ;DZ8Q4004CV     ;20240407 ;RDH10265/2 R1A     ;0  ;1310.00 ;1310.00
 6 ;Up   ;S225-1 ;ERICSSON ;EOLP-1396-02-IY ;1.0  ;DZ8Q4003KZ     ;20240407 ;RDH10265/2 R1A     ;ERICSSON ;EOLP-1396-02-IY ;1.0  ;DZ8Q4003LR     ;20240407 ;RDH10265/2 R1A     ;0  ;1310.00 ;1310.00
 7 ;Up   ; S20-1 ;ERICSSON ;EOLP-1396-02-IY ;1.0  ;DZ8Q4003LT     ;20240407 ;RDH10265/2 R1A     ;ERICSSON ;EOLP-1396-02-IY ;1.0  ;DZ8Q4003LC     ;20240407 ;RDH10265/2 R1A     ;0  ;1310.00 ;1310.00
 8 ;Up   ;S102-1 ;ERICSSON ;EOLP-1396-02-IY ;1.0  ;DZ8Q4003L7     ;20240407 ;RDH10265/2 R1A     ;ERICSSON ;EOLP-1396-02-IY ;1.0  ;DZ8Q4003K7     ;20240407 ;RDH10265/2 R1A     ;0  ;1310.00 ;1310.00
 9 ;Up   ; S22-1 ;ERICSSON ;EOLP-1396-02-IY ;1.0  ;DZ8Q4004CW     ;20240407 ;RDH10265/2 R1A     ;ERICSSON ;EOLP-1396-02-IY ;1.0  ;DZ8Q4003LX     ;20240407 ;RDH10265/2 R1A     ;0  ;1310.00 ;1310.00
10 ;Up   ; S23-1 ;ERICSSON ;EOLP-1396-02-IY ;1.0  ;DZ8Q4003MH     ;20240407 ;RDH10265/2 R1A     ;ERICSSON ;EOLP-1396-02-IY ;1.0  ;DZ8Q4004DQ     ;20240407 ;RDH10265/2 R1A     ;0  ;1310.00 ;1310.00
11 ;Up   ; S25-1 ;ERICSSON ;EOLP-1396-02-IY ;1.0  ;DZ8Q4003M6     ;20240407 ;RDH10265/2 R1A     ;ERICSSON ;EOLP-1396-02-IY ;1.0  ;DZ8Q4003L8     ;20240407 ;RDH10265/2 R1A     ;0  ;1310.00 ;1310.00
-------------------------------------------------------------------------------------------------------------------------------------

=====================================================================================================================================
ID ;LINK ;RiL    ;WL1     ;TEMP1 ;TXbs1 ;TXdBm1 ;RXdBm1 ;BER1   ;WL2     ;TEMP2 ;TXbs2 ;TXdBm2 ;RXdBm2 ;BER2   ;DlLoss ;UlLoss ;LENGTH ;TT
=====================================================================================================================================
 1 ;Up   ;S220-1 ;1310.00 ;45C   ;41%   ;-2.86  ;-2.43  ;   0   ;1310.00 ;40C   ;41%   ;-2.37  ;-2.98  ;   0   ;  0.12 ;  0.06 ;   58m ; 0
 2 ;Up   ;S222-1 ;1310.00 ;38C   ;42%   ;-2.64  ;-2.84  ;   0   ;1310.00 ;39C   ;40%   ;-2.58  ;-3.35  ;   0   ;  0.71 ;  0.26 ;   58m ; 0
 3 ;Up   ;S223-1 ;1310.00 ;38C   ;40%   ;-3.33  ;-3.05  ;   0   ;1310.00 ;40C   ;39%   ;-3.21  ;-3.12  ;   0   ; -0.21 ; -0.16 ;   54m ; 0
 4 ;Up   ;S180-1 ;1310.00 ;40C   ;40%   ;-2.46  ;-2.87  ;   0   ;1310.00 ;38C   ;40%   ;-2.80  ;-2.94  ;   0   ;  0.48 ;  0.07 ;   58m ; 0
 5 ;Up   ;S183-1 ;1310.00 ;39C   ;41%   ;-2.77  ;-3.35  ;   0   ;1310.00 ;37C   ;39%   ;-2.69  ;-3.35  ;   0   ;  0.58 ;  0.66 ;   56m ; 0
 6 ;Up   ;S225-1 ;1310.00 ;38C   ;41%   ;-3.04  ;-2.94  ;   0   ;1310.00 ;35C   ;38%   ;-2.53  ;-3.16  ;   0   ;  0.12 ;  0.41 ;   56m ; 0
 7 ;Up   ; S20-1 ;1310.00 ;40C   ;39%   ;-2.98  ;-3.24  ;   0   ;1310.00 ;36C   ;40%   ;-2.42  ;-3.40  ;   0   ;  0.42 ;  0.82 ;   57m ; 0
 8 ;Up   ;S102-1 ;1310.00 ;34C   ;39%   ;-3.55  ;-2.37  ;   0   ;1310.00 ;36C   ;39%   ;-2.37  ;-3.21  ;   0   ; -0.34 ;     0 ;   58m ; 0
 9 ;Up   ; S22-1 ;1310.00 ;30C   ;39%   ;-2.29  ;-2.94  ;   0   ;1310.00 ;30C   ;39%   ;-3.53  ;-2.25  ;   0   ; -0.04 ; -0.59 ;    9m ; 0
10 ;Up   ; S23-1 ;1310.00 ;31C   ;38%   ;-2.46  ;-3.99  ;   0   ;1310.00 ;33C   ;39%   ;-2.92  ;-3.02  ;   0   ;  0.56 ;  1.07 ;   14m ; 0
11 ;Up   ; S25-1 ;1310.00 ;30C   ;39%   ;-2.40  ;-2.67  ;   0   ;1310.00 ;30C   ;38%   ;-2.52  ;-2.43  ;   0   ;  0.03 ;  0.15 ;    9m ; 0
-------------------------------------------------------------------------------------------------------------------------------------

=====================================================================================================================================
ID ;RiL    ;BOARD                      ;SFPLNH  ;PORT ;VENDOR   ;VENDORPROD      ;REV  ;SERIAL         ;DATE     ;ERICSSONPROD       ;WL      ;TEMP  ;TXbs  ;TXdBm  ;RXdBm  ; BER
=====================================================================================================================================
 1 ;S220-1 ;BB6631                     ;000100   ;  1 ;ERICSSON ;EOLP-1396-02-IY ;1.0  ;DZ8Q4004DK     ;20240407 ;RDH10265/2 R1A     ;1310.00 ;45C   ;41%   ;-2.86  ;-2.43  ;   0
 2 ;S222-1 ;BB6631                     ;000100   ;  2 ;ERICSSON ;EOLP-1396-02-IY ;1.0  ;DZ8Q4004CY     ;20240407 ;RDH10265/2 R1A     ;1310.00 ;38C   ;42%   ;-2.64  ;-2.84  ;   0
 3 ;S223-1 ;BB6631                     ;000100   ;  3 ;ERICSSON ;EOLP-1396-02-IY ;1.0  ;DZ8Q4004D1     ;20240407 ;RDH10265/2 R1A     ;1310.00 ;38C   ;40%   ;-3.33  ;-3.05  ;   0
 4 ;S180-1 ;BB6631                     ;000100   ;  4 ;ERICSSON ;EOLP-1396-02-IY ;1.0  ;DZ8Q4004CX     ;20240407 ;RDH10265/2 R1A     ;1310.00 ;40C   ;40%   ;-2.46  ;-2.87  ;   0
 5 ;S183-1 ;BB6631                     ;000100   ;  5 ;ERICSSON ;EOLP-1396-02-IY ;1.0  ;DZ8Q4004DH     ;20240407 ;RDH10265/2 R1A     ;1310.00 ;39C   ;41%   ;-2.77  ;-3.35  ;   0
 6 ;S225-1 ;BB6631                     ;000100   ;  6 ;ERICSSON ;EOLP-1396-02-IY ;1.0  ;DZ8Q4003KZ     ;20240407 ;RDH10265/2 R1A     ;1310.00 ;38C   ;41%   ;-3.04  ;-2.94  ;   0
 7 ; S20-1 ;BB6631                     ;000100   ;  7 ;ERICSSON ;EOLP-1396-02-IY ;1.0  ;DZ8Q4003LT     ;20240407 ;RDH10265/2 R1A     ;1310.00 ;40C   ;39%   ;-2.98  ;-3.24  ;   0
 8 ;S102-1 ;BB6631                     ;000100   ; 10 ;ERICSSON ;EOLP-1396-02-IY ;1.0  ;DZ8Q4003L7     ;20240407 ;RDH10265/2 R1A     ;1310.00 ;34C   ;39%   ;-3.55  ;-2.37  ;   0
 9 ; S22-1 ;RRU2012B32A                ;BXP_10   ;  0 ;ERICSSON ;EOLP-1396-02-IY ;1.0  ;DZ8Q4003LX     ;20240407 ;RDH10265/2 R1A     ;1310.00 ;30C   ;39%   ;-3.53  ;-2.25  ;   0
10 ; S23-1 ;RRU2012B32A                ;BXP_10   ;  1 ;ERICSSON ;EOLP-1396-02-IY ;1.0  ;DZ8Q4003MH     ;20240407 ;RDH10265/2 R1A     ;1310.00 ;31C   ;38%   ;-2.46  ;-3.99  ;   0
10 ; S23-1 ;RRU2012B32A                ;BXP_11   ;  0 ;ERICSSON ;EOLP-1396-02-IY ;1.0  ;DZ8Q4004DQ     ;20240407 ;RDH10265/2 R1A     ;1310.00 ;33C   ;39%   ;-2.92  ;-3.02  ;   0
11 ; S25-1 ;RRU2012B32A                ;BXP_11   ;  1 ;ERICSSON ;EOLP-1396-02-IY ;1.0  ;DZ8Q4003M6     ;20240407 ;RDH10265/2 R1A     ;1310.00 ;30C   ;39%   ;-2.40  ;-2.67  ;   0
11 ; S25-1 ;RRU2012B32A                ;BXP_12   ;  0 ;ERICSSON ;EOLP-1396-02-IY ;1.0  ;DZ8Q4003L8     ;20240407 ;RDH10265/2 R1A     ;1310.00 ;30C   ;38%   ;-2.52  ;-2.43  ;   0
 7 ; S20-1 ;RRU2012B32A                ;BXP_2    ;  0 ;ERICSSON ;EOLP-1396-02-IY ;1.0  ;DZ8Q4003LC     ;20240407 ;RDH10265/2 R1A     ;1310.00 ;36C   ;40%   ;-2.42  ;-3.40  ;   0
 9 ; S22-1 ;RRU2012B32A                ;BXP_2    ;  1 ;ERICSSON ;EOLP-1396-02-IY ;1.0  ;DZ8Q4004CW     ;20240407 ;RDH10265/2 R1A     ;1310.00 ;30C   ;39%   ;-2.29  ;-2.94  ;   0
 1 ;S220-1 ;RRU247924B824B2024B28BM01* ;BXP_3    ;  1 ;ERICSSON ;EOLP-1396-02-IY ;1.0  ;DZ8Q4004DJ     ;20240407 ;RDH10265/2 R1A     ;1310.00 ;40C   ;41%   ;-2.37  ;-2.98  ;   0
 8 ;S102-1 ;RRU449944B144B3C           ;BXP_4    ;  0 ;ERICSSON ;EOLP-1396-02-IY ;1.0  ;DZ8Q4003K7     ;20240407 ;RDH10265/2 R1A     ;1310.00 ;36C   ;39%   ;-2.37  ;-3.21  ;   0
 3 ;S223-1 ;RRU247924B824B2024B28BM01* ;BXP_5    ;  1 ;ERICSSON ;EOLP-1396-02-IY ;1.0  ;DZ8Q4004DF     ;20240407 ;RDH10265/2 R1A     ;1310.00 ;40C   ;39%   ;-3.21  ;-3.12  ;   0
 2 ;S222-1 ;RRU247924B824B2024B28BM01* ;BXP_6    ;  1 ;ERICSSON ;EOLP-1396-02-IY ;1.0  ;DZ8Q4004DG     ;20240407 ;RDH10265/2 R1A     ;1310.00 ;39C   ;40%   ;-2.58  ;-3.35  ;   0
 5 ;S183-1 ;RRU4415B7                  ;BXP_7    ;  0 ;ERICSSON ;EOLP-1396-02-IY ;1.0  ;DZ8Q4004CV     ;20240407 ;RDH10265/2 R1A     ;1310.00 ;37C   ;39%   ;-2.69  ;-3.35  ;   0
 6 ;S225-1 ;RRU247924B824B2024B28BM01* ;BXP_8    ;  1 ;ERICSSON ;EOLP-1396-02-IY ;1.0  ;DZ8Q4003LR     ;20240407 ;RDH10265/2 R1A     ;1310.00 ;35C   ;38%   ;-2.53  ;-3.16  ;   0
 4 ;S180-1 ;RRU4415B7                  ;BXP_9    ;  0 ;ERICSSON ;EOLP-1396-02-IY ;1.0  ;DZ8Q4003KA     ;20240407 ;RDH10265/2 R1A     ;1310.00 ;38C   ;40%   ;-2.80  ;-2.94  ;   0
-------------------------------------------------------------------------------------------------------------------------------------
TN ;       ;BB6631                     ;000100   ;IA2 ;ERICSSON ;NDAAF9-E201     ;E    ;APF2417201120M ;20240428 ;RPM777053/1000 R1B ;NA      ;NA    ;NA    ;NA     ;NA     ; 0/0
-------------------------------------------------------------------------------------------------------------------------------------

=====================================================================================================================================
BOARD  ;LNH    ;PORT       ;T ;S ;OpMode   ;AutoNeg ;MacAddress        ;VlanIds        ;LOS ;BER
=====================================================================================================================================
BB6631 ;000100 ;TN_IDL_A_1 ;E ;1 ;10G_FULL ;false   ;E4:0D:3B:85:CB:89 ;3901,3908,3910 ;0   ;0/0
BB6631 ;000100 ;TN_IDL_A_2 ;O ;1 ;10G_FULL ;false   ;E4:0D:3B:85:CB:8A ;3908           ;0   ;0/0
-------------------------------------------------------------------------------------------------------------------------------------

radioClockState : RNT_TIME_LOCKED
-------------------------------------------------------------------------------------
Prio  ;ST  ;syncRefType    ;refStatus  ;opQualLevel  ;SyncReference
-------------------------------------------------------------------------------------
   1  ; 1  ;PTP_TIME       ;NO_FAULT   ;PRTC         ;Ptp=1,BoundaryOrdinaryClock=PTP (G_8275_1 EthernetPort=TN_IDL_A_1:SLAVE)
   2  ; 1  ;NTP_FREQUENCY  ;NO_FAULT   ;PRC          ;Ntp=1,NtpFrequencySync=NTP1 (10.31.0.54:32751 Router=45G_Traffic,InterfaceIPv4=LTE,AddressIPv4=LTE)
-------------------------------------------------------------------------------------
-------------------------------------------------------------------------------------
Prio  ;ST  ;assistRefStatus  ;recQualLevel  ;AssistingReference
-------------------------------------------------------------------------------------
   1  ; 0  ;UNKNOWN          ;PRTC          ;Synchronization=1,SyncEthInput=SyncE (SFP_DAC EthernetPort=TN_IDL_A_1)
-------------------------------------------------------------------------------------
nodeGroupRole   : SYNC_RECEIVER (syncNodePriority=3, selectionMode=NODE_PRIORITY)
-------------------------------------------------------------------------------------
DU  ;Port  ;sharedUnitRef (RiPortA - RiPortB)  ;remoteNodePriority  ;CandidateStatus
-------------------------------------------------------------------------------------
1   ;F     ;Fru=Radio-S225-1 (2 - 1)           ;1                   ;OK_NOT_ACTIVE
1   ;A     ;Fru=Radio-S220-1 (2 - 1)           ;1                   ;OK_NOT_ACTIVE
1   ;B     ;Fru=Radio-S222-1 (2 - 1)           ;1                   ;OK_NOT_ACTIVE
1   ;C     ;Fru=Radio-S223-1 (2 - 1)           ;1                   ;OK_ACTIVE
-------------------------------------------------------------------------------------

=====================================================================================================================================
FRU          ;LNH    ;BOARD                      ;RF  ;BP  ;TX (W/dBm)  ;VSWR (RL)   ;RX (dBm) ;UEs/gUEs  ;Sector/AntennaGroup/Cells (State:CellIds:PCIs)
=====================================================================================================================================
Radio-S102-1 ;BXP_4  ;RRU449944B144B3C           ; A  ;11  ;40.8 (46.1) ;1.14 (23.5) ;-95.2    ;5/-       ;SE=102 AG=102 FDD=ZC78M3 FDD=ZC78T3 (1:33:128, 1:43:343)
Radio-S102-1 ;BXP_4  ;RRU449944B144B3C           ; B  ;11  ;-           ;1.15 (23.1) ;-95.3    ;5/-       ;SE=102 AG=102 FDD=ZC78M3 FDD=ZC78T3 (1:33:128, 1:43:343)
Radio-S102-1 ;BXP_4  ;RRU449944B144B3C           ; C  ;11  ;41.8 (46.2) ;1.23 (19.7) ;-96.7    ;4/-       ;SE=105 AG=105 FDD=ZC78M6 FDD=ZC78T6 (1:36:258, 1:46:348)
Radio-S102-1 ;BXP_4  ;RRU449944B144B3C           ; D  ;11  ;-           ;1.31 (17.4) ;-96.7    ;4/-       ;SE=105 AG=105 FDD=ZC78M6 FDD=ZC78T6 (1:36:258, 1:46:348)
Radio-S180-1 ;BXP_9  ;RRU4415B7                  ; A  ;11  ;20.4 (43.1) ;1.23 (19.9) ;-98.6    ;0/-       ;SE=180 AG=180 FDD=ZC78L1 (1:21:353)
Radio-S180-1 ;BXP_9  ;RRU4415B7                  ; B  ;11  ;-           ;1.23 (19.9) ;-98.8    ;0/-       ;SE=180 AG=180 FDD=ZC78L1 (1:21:353)
Radio-S180-1 ;BXP_9  ;RRU4415B7                  ; C  ;11  ;20.9 (43.2) ;1.02 (40.0) ;-99.6    ;0/-       ;SE=182 AG=182 FDD=ZC78L3 (1:23:242)
Radio-S180-1 ;BXP_9  ;RRU4415B7                  ; D  ;11  ;-           ;1.07 (29.9) ;-99.5    ;0/-       ;SE=182 AG=182 FDD=ZC78L3 (1:23:242)
Radio-S183-1 ;BXP_7  ;RRU4415B7                  ; A  ;11  ;25.1 (44.0) ;1.26 (18.7) ;-94.2    ;9/-       ;SE=183 AG=183 FDD=ZC78L4 (1:24:275)
Radio-S183-1 ;BXP_7  ;RRU4415B7                  ; B  ;11  ;-           ;1.17 (22.3) ;-99.0    ;9/-       ;SE=183 AG=183 FDD=ZC78L4 (1:24:275)
Radio-S183-1 ;BXP_7  ;RRU4415B7                  ; C  ;11  ;21.9 (43.4) ;1.13 (24.2) ;-97.7    ;0/-       ;SE=185 AG=185 FDD=ZC78L6 (1:26:474)
Radio-S183-1 ;BXP_7  ;RRU4415B7                  ; D  ;11  ;-           ;1.17 (22.2) ;-98.9    ;0/-       ;SE=185 AG=185 FDD=ZC78L6 (1:26:474)
Radio-S20-1  ;BXP_2  ;RRU2012B32A                ; A  ;11  ;20.9 (43.2) ;1.17 (22.0) ;         ;0/-       ;SE=20 AG=20 FDD=ZC78F1 (1:81:108)
Radio-S20-1  ;BXP_2  ;RRU2012B32A                ; B  ;11  ;-           ;1.11 (25.7) ;         ;0/-       ;SE=20 AG=20 FDD=ZC78F1 (1:81:108)
Radio-S22-1  ;BXP_10 ;RRU2012B32A                ; A  ;11  ;19.5 (42.9) ;1.19 (21.3) ;         ;0/-       ;SE=22 AG=22 FDD=ZC78F3 (1:83:110)
Radio-S22-1  ;BXP_10 ;RRU2012B32A                ; B  ;11  ;-           ;1.11 (25.4) ;         ;0/-       ;SE=22 AG=22 FDD=ZC78F3 (1:83:110)
Radio-S220-1 ;BXP_3  ;RRU247924B824B2024B28BM01* ; A  ;11  ;19.0 (42.8) ;1.13 (24.1) ;-95.3    ;7/-       ;SE=220* AG=220 GT=ZC78D1/0 GT=ZC78D1/8 FDD=ZC78E1 NIOT=ZC78N1 (1, 1, 1:61:62, 1:161:62)
Radio-S220-1 ;BXP_3  ;RRU247924B824B2024B28BM01* ; B  ;11  ;19.1 (42.8) ;1.06 (31.2) ;-94.6    ;7/-       ;SE=220* AG=220 GT=ZC78D1/0 GT=ZC78D1/8 FDD=ZC78E1 NIOT=ZC78N1 (1, 1, 1:61:62, 1:161:62)
Radio-S220-1 ;BXP_3  ;RRU247924B824B2024B28BM01* ; C  ;11  ;7.8 (38.9)  ;1.12 (25.1) ;-94.7    ;7/-       ;SE=220* AG=220 GT=ZC78D1/0 GT=ZC78D1/8 FDD=ZC78E1 NIOT=ZC78N1 (1, 1, 1:61:62, 1:161:62)
Radio-S220-1 ;BXP_3  ;RRU247924B824B2024B28BM01* ; D  ;11  ;7.8 (38.9)  ;1.14 (23.7) ;-96.0    ;7/-       ;SE=220* AG=220 GT=ZC78D1/0 GT=ZC78D1/8 FDD=ZC78E1 NIOT=ZC78N1 (1, 1, 1:61:62, 1:161:62)
Radio-S222-1 ;BXP_6  ;RRU247924B824B2024B28BM01* ; A  ;11  ;20.0 (43.0) ;1.20 (20.7) ;-98.3    ;0/-       ;SE=222* AG=222 GT=ZC78D3/0 GT=ZC78D3/1 FDD=ZC78E3 NIOT=ZC78N3 (1, 1, 1:63:91, 1:163:91)
Radio-S222-1 ;BXP_6  ;RRU247924B824B2024B28BM01* ; B  ;11  ;11.4 (40.6) ;1.18 (21.7) ;-98.2    ;0/-       ;SE=222* AG=222 GT=ZC78D3/0 GT=ZC78D3/1 FDD=ZC78E3 NIOT=ZC78N3 (1, 1, 1:63:91, 1:163:91)
Radio-S222-1 ;BXP_6  ;RRU247924B824B2024B28BM01* ; C  ;11  ;7.4 (38.7)  ;1.13 (24.4) ;-98.2    ;0/-       ;SE=222* AG=222 GT=ZC78D3/0 GT=ZC78D3/1 FDD=ZC78E3 NIOT=ZC78N3 (1, 1, 1:63:91, 1:163:91)
Radio-S222-1 ;BXP_6  ;RRU247924B824B2024B28BM01* ; D  ;11  ;7.4 (38.7)  ;1.16 (22.4) ;-98.5    ;0/-       ;SE=222* AG=222 GT=ZC78D3/0 GT=ZC78D3/1 FDD=ZC78E3 NIOT=ZC78N3 (1, 1, 1:63:91, 1:163:91)
Radio-S223-1 ;BXP_5  ;RRU247924B824B2024B28BM01* ; A  ;11  ;16.5 (42.2) ;1.15 (23.2) ;-94.1    ;-/-       ;SE=223* AG=223 GT=ZC78D4/0 GT=ZC78D4/8 (1, 1)
Radio-S223-1 ;BXP_5  ;RRU247924B824B2024B28BM01* ; B  ;11  ;17.1 (42.3) ;1.20 (20.9) ;-94.4    ;-/-       ;SE=223* AG=223 GT=ZC78D4/0 GT=ZC78D4/8 (1, 1)
Radio-S223-1 ;BXP_5  ;RRU247924B824B2024B28BM01* ; C  ;11  ;13.5 (41.3) ;1.26 (18.9) ;-93.8    ;-/-       ;SE=223* AG=223 GT=ZC78D4/0 GT=ZC78D4/8 (1, 1)
Radio-S223-1 ;BXP_5  ;RRU247924B824B2024B28BM01* ; D  ;11  ;14.1 (41.5) ;1.29 (18.0) ;-94.4    ;-/-       ;SE=223* AG=223 GT=ZC78D4/0 GT=ZC78D4/8 (1, 1)
Radio-S225-1 ;BXP_8  ;RRU247924B824B2024B28BM01* ; A  ;11  ;19.4 (42.9) ;1.12 (24.9) ;-97.3    ;-/-       ;SE=225* AG=225 GT=ZC78D6/0 GT=ZC78D6/1 (1, 1)
Radio-S225-1 ;BXP_8  ;RRU247924B824B2024B28BM01* ; B  ;11  ;7.7 (38.8)  ;1.10 (26.2) ;-97.1    ;-/-       ;SE=225* AG=225 GT=ZC78D6/0 GT=ZC78D6/1 (1, 1)
Radio-S225-1 ;BXP_8  ;RRU247924B824B2024B28BM01* ; C  ;11  ;7.4 (38.7)  ;1.17 (22.1) ;-97.1    ;-/-       ;SE=225* AG=225 GT=ZC78D6/0 GT=ZC78D6/1 (1, 1)
Radio-S225-1 ;BXP_8  ;RRU247924B824B2024B28BM01* ; D  ;11  ;7.4 (38.7)  ;1.11 (25.7) ;-97.5    ;-/-       ;SE=225* AG=225 GT=ZC78D6/0 GT=ZC78D6/1 (1, 1)
Radio-S23-1  ;BXP_11 ;RRU2012B32A                ; A  ;11  ;23.4 (43.7) ;1.23 (19.7) ;         ;0/-       ;SE=23 AG=23 FDD=ZC78F4 (1:84:276)
Radio-S23-1  ;BXP_11 ;RRU2012B32A                ; B  ;11  ;-           ;1.32 (17.2) ;         ;0/-       ;SE=23 AG=23 FDD=ZC78F4 (1:84:276)
Radio-S25-1  ;BXP_12 ;RRU2012B32A                ; A  ;11  ;19.5 (42.9) ;1.05 (31.9) ;         ;0/-       ;SE=25 AG=25 FDD=ZC78F6 (1:86:104)
Radio-S25-1  ;BXP_12 ;RRU2012B32A                ; B  ;11  ;-           ;1.15 (23.4) ;         ;0/-       ;SE=25 AG=25 FDD=ZC78F6 (1:86:104)
-------------------------------------------------------------------------------------------------------------------------------------

ZC78F> mfar

251125-09:54:35+0100 19.31.11.136 25.0h MSRBS_NODE_MODEL_25.Q1_693.28324.131_62ac stopfile=/tmp/1796603
..............
Last MO: 18874. Loaded 18874 MOs. Total: 18875 MOs.
..............................................................
get /rop/A20251125.0715-0730_ZC78F.xml.gz /ericsson/log/amos/moshell_logfiles/t20251125_37258710_65084/logs_moshell/pmfiles/19.31.11.136/rop/A20251125.0715-0730_ZC78F.xml.gz ... OK
get /rop/A20251125.0730-0745_ZC78F.xml.gz /ericsson/log/amos/moshell_logfiles/t20251125_37258710_65084/logs_moshell/pmfiles/19.31.11.136/rop/A20251125.0730-0745_ZC78F.xml.gz ... OK
get /rop/A20251125.0745-0800_ZC78F.xml.gz /ericsson/log/amos/moshell_logfiles/t20251125_37258710_65084/logs_moshell/pmfiles/19.31.11.136/rop/A20251125.0745-0800_ZC78F.xml.gz ... OK

Using hardcoded thresholds: 3, 4.5, and 16.5
================================================================================================================================
SC     SE  Tx/Rx BrPair  RfPort1 - RfPort2               HW       Serial      Cell (State)   Samples   Med  Mean  SDev Pol Res Issue
================================================================================================================================
ZC78E1 220   2/4 0 (1,2) Radio-S220-1(A) Radio-S220-1(B) RRU2479  TU8U02HV4R  FDD=ZC78E1 (1)  184336  -0.5  -0.5   7.4  NA  OK Passed
ZC78E1 220   2/4 1 (2,3) Radio-S220-1(B) Radio-S220-1(C) RRU2479  TU8U02HV4R  FDD=ZC78E1 (1)  184336  -2.5  -2.5   7.9  NA  OK Passed
ZC78E1 220   2/4 2 (3,4) Radio-S220-1(C) Radio-S220-1(D) RRU2479  TU8U02HV4R  FDD=ZC78E1 (1)  184336   1.5   1.8   7.3  NA  OK Passed
ZC78E3 222   2/4 0 (1,2) Radio-S222-1(A) Radio-S222-1(B) RRU2479  TU8U02HV4V  FDD=ZC78E3 (1)     803  -2.5  -2.1   7.1  NA  NT Not enough data
ZC78E3 222   2/4 1 (2,3) Radio-S222-1(B) Radio-S222-1(C) RRU2479  TU8U02HV4V  FDD=ZC78E3 (1)     803   2.5   2.3   7.1  NA  NT Not enough data
ZC78E3 222   2/4 2 (3,4) Radio-S222-1(C) Radio-S222-1(D) RRU2479  TU8U02HV4V  FDD=ZC78E3 (1)     803  -2.5  -2.4   7.3  NA  NT Not enough data
ZC78F1  20   2/0 0 (1,2) Radio-S20-1(A) Radio-S20-1(B)   RRU2012  TU8U01V956  FDD=ZC78F1 (1)       0     0     0     0  NA  NT No data
ZC78F3  22   2/0 0 (1,2) Radio-S22-1(A) Radio-S22-1(B)   RRU2012  TU8U02KKSA  FDD=ZC78F3 (1)       0     0     0     0  NA  NT No data
ZC78F4  23   2/0 0 (1,2) Radio-S23-1(A) Radio-S23-1(B)   RRU2012  TU8U02KKSC  FDD=ZC78F4 (1)       0     0     0     0  NA  NT No data
ZC78F6  25   2/0 0 (1,2) Radio-S25-1(A) Radio-S25-1(B)   RRU2012  TU8U02KJRU  FDD=ZC78F6 (1)       0     0     0     0  NA  NT No data
ZC78L1 180   2/2 0 (1,2) Radio-S180-1(A) Radio-S180-1(B) RRU4415  DH80220880  FDD=ZC78L1 (1)    2511   0.5   0.0   7.9  NA  NT Not enough data
ZC78L3 182   2/2 0 (1,2) Radio-S180-1(C) Radio-S180-1(D) RRU4415  DH80220880  FDD=ZC78L3 (1)    1331  -1.5  -1.3   6.2  NA  NT Not enough data
ZC78L4 183   2/2 0 (1,2) Radio-S183-1(A) Radio-S183-1(B) RRU4415  DH80220949  FDD=ZC78L4 (1)   67883   0.5   1.0   7.2  NA  OK Passed
ZC78L6 185   2/2 0 (1,2) Radio-S183-1(C) Radio-S183-1(D) RRU4415  DH80220949  FDD=ZC78L6 (1)    4775  -4.5  -4.7   8.2  NA NOK RF Loss or PIM at Radio-S183-1(D)
ZC78M3 102   2/2 0 (1,2) Radio-S102-1(A) Radio-S102-1(B) RRU4499  E55N822660  FDD=ZC78M3 (1)    3257   0.5   0.1   6.7  NA  OK Passed
ZC78M6 105   2/2 0 (1,2) Radio-S102-1(C) Radio-S102-1(D) RRU4499  E55N822660  FDD=ZC78M6 (1)     355  -0.5  -0.2   4.5  NA  NT Not enough data
ZC78T3 102   2/2 0 (1,2) Radio-S102-1(A) Radio-S102-1(B) RRU4499  E55N822660  FDD=ZC78T3 (1)   10035   0.5   0.1   6.3  NA  OK Passed
ZC78T6 105   2/2 0 (1,2) Radio-S102-1(C) Radio-S102-1(D) RRU4499  E55N822660  FDD=ZC78T6 (1)   35806   1.5   1.7   7.3  NA  OK Passed
================================================================================================================================
Total: 14 SectorCarriers, 18 RfBranch Pairs (7 OK, 0 OKW, 1 NOK, 10 NT)
..............
Last MO: 18874. Loaded 18874 MOs. Total: 18875 MOs.

No NRSectorCarrier MOs are defined on the node.

ZC78F> mfitr

251125-09:54:54+0100 19.31.11.136 25.0h MSRBS_NODE_MODEL_25.Q1_693.28324.131_62ac stopfile=/tmp/1796603
........................
Last MO: 18874. Loaded 18874 MOs. Total: 18875 MOs.
................
2025-11-25 09:55
================================================================================================================================
CELL       SC     FRU          BOARD                     PUSCH  PUCCH       A      B      C      D  DELTA
================================================================================================================================
FDD=ZC78E1 ZC78E1 Radio-S220-1 RRU247924B824B2024B28BM01 -117.5 -116.7 -119.4 -118.3 -117.9 -119.4    1.5
FDD=ZC78E3 ZC78E3 Radio-S222-1 RRU247924B824B2024B28BM01 -118.8 -118.2 -119.3 -119.3 -119.2 -119.3    0.1
FDD=ZC78L1 ZC78L1 Radio-S180-1 RRU4415B7                 -117.0 -117.6 -118.7 -118.7                    0
FDD=ZC78L3 ZC78L3 Radio-S180-1 RRU4415B7                 -117.9 -118.1               -118.7 -118.5    0.2
FDD=ZC78L4 ZC78L4 Radio-S183-1 RRU4415B7                 -118.1 -115.7 -117.3 -118.9                  1.6
FDD=ZC78L6 ZC78L6 Radio-S183-1 RRU4415B7                 -118.3 -117.2               -118.6 -118.8    0.2
FDD=ZC78M3 ZC78M3 Radio-S102-1 RRU449944B144B3C          -118.1 -119.4 -115.3 -115.8                  0.5
FDD=ZC78M6 ZC78M6 Radio-S102-1 RRU449944B144B3C          -119.4 -119.5               -119.2 -119.4    0.2
FDD=ZC78T3 ZC78T3 Radio-S102-1 RRU449944B144B3C          -117.7 -117.8 -118.6 -118.7                  0.1
FDD=ZC78T6 ZC78T6 Radio-S102-1 RRU449944B144B3C          -119.3 -118.9               -119.6 -119.5    0.1
================================================================================================================================
Bye...
Output has been logged to file /mta_fs/UserFiles/37258710/amosbatch/SDIR/ZC78F.log
