Logging to file /mta_fs/UserFiles/37258710/amosbatch/SDIR/ZC98L.log
                        __  __  ____   _____
                  /\   |  \/  |/ __ \ / ____|
                 /  \  | \  / | |  | | (___  
                / /\ \ | |\/| | |  | |\___ \ 
               / ____ \| |  | | |__| |____) |
              /_/    \_\_|  |_|\____/|_____/
              OSS Framework for MoShell-25.0h 
  Copyright (c) Ericsson AB 2001-2025 - All Rights Reserved
              
           
[1;31mWARNING: [0mthe AMOS version currently running is more than 29 weeks old and is unsupported.
Please upgrade as soon as possible to the latest released version, available from your local Ericsson support.

$amosrb_pid = 3219997

Checking ip contact...OK

HELP MENU            : h
BASIC MO COMMANDS    : m
OTHER MO COMMANDS    : n
OTHER COMMANDS       : o
PM COMMANDS          : p
QUIT                 : q

ZC98L> lt all

251125-17:03:25+0100 19.31.16.237 25.0h  stopfile=/tmp/3219507
Looking up temporary_amos account... OK.
Trying temporary_amos_t20251125_37258710_65084_131's password from amos lookupAccount ... OK

$ssh_pid = 3220768

Connected to 19.31.16.237 (SubNetwork=BBMM_rckomc_R,MeContext=ZC98L,ManagedElement=ZC98L)

Checking MOM version...MSRBS_NODE_MODEL_25.Q1_198665.224.73_bf81
Parsing MOM (cached): /ericsson/log/amos/moshell_logfiles/t20251125_37258710_65084/logs_moshell/tempfiles/scp-4-amos_20251125-170319_3219448/MSRBS_NODE_MODEL_25.Q1_198665.224.73_bf81.xml.cache.gz ......................................................................................................................................................................................................................Done.
Using paramfile /opt/ericsson/amos/moshell/commonjars/pm/PARAM_MSRBSG2_25.Q1.txt
Parsing file /opt/ericsson/amos/moshell/commonjars/pm/PARAM_MSRBSG2_25.Q1.txt ......................................................................................Done.
Using imomdfile /opt/ericsson/amos/moshell/commonjars/pm/IMOMD_MSRBS_22.Q4.txt
Using imomfile /opt/ericsson/amos/moshell/commonjars/pm/IMOM_MSRBS_25.Q1.txt
Connected to 19.31.16.237 (SubNetwork=BBMM_rckomc_R,MeContext=ZC98L,ManagedElement=ZC98L)

Last MO: 16702. Loaded 16702 MOs. Total: 16703 MOs.

ZC98L> st cell

251125-17:03:44+0100 19.31.16.237 25.0h MSRBS_NODE_MODEL_25.Q1_198665.224.73_bf81 stopfile=/tmp/3219507
===================================================================================
Proxy  Adm State     Op. State     MO
===================================================================================
   52  1 (UNLOCKED)  1 (ENABLED)   ENodeBFunction=1,EUtranCellFDD=ZC98L1
  172  1 (UNLOCKED)  1 (ENABLED)   ENodeBFunction=1,EUtranCellFDD=ZC98L2
===================================================================================
Total: 2 MOs

ZC98L> st radio

251125-17:03:45+0100 19.31.16.237 25.0h MSRBS_NODE_MODEL_25.Q1_198665.224.73_bf81 stopfile=/tmp/3219507
===================================================================================
Proxy  Adm State     Op. State     MO
===================================================================================
 1196  1 (UNLOCKED)  1 (ENABLED)   Equipment=1,FieldReplaceableUnit=Radio-S180-1
 1211  1 (UNLOCKED)  1 (ENABLED)   Equipment=1,FieldReplaceableUnit=Radio-S210-1
 1228  1 (UNLOCKED)  1 (ENABLED)   Equipment=1,FieldReplaceableUnit=Radio-S211-1
16696  1 (UNLOCKED)  1 (ENABLED)   Transport=1,Synchronization=1,RadioEquipmentClock=1,RadioEquipmentClockReference=NTP1
16697  1 (UNLOCKED)  1 (ENABLED)   Transport=1,Synchronization=1,RadioEquipmentClock=1,RadioEquipmentClockReference=PTP
===================================================================================
Total: 5 MOs

ZC98L> sdir

251125-17:03:45+0100 19.31.16.237 25.0h MSRBS_NODE_MODEL_25.Q1_198665.224.73_bf81 stopfile=/tmp/3219507
INFO: Using amos lookupAccount credentials for the export login
...............................
get /rop/A20251125.1515-1530_ZC98L.xml.gz /ericsson/log/amos/moshell_logfiles/t20251125_37258710_65084/logs_moshell/pmfiles/19.31.16.237/rop/A20251125.1515-1530_ZC98L.xml.gz ... OK
get /rop/A20251125.1530-1545_ZC98L.xml.gz /ericsson/log/amos/moshell_logfiles/t20251125_37258710_65084/logs_moshell/pmfiles/19.31.16.237/rop/A20251125.1530-1545_ZC98L.xml.gz ... OK
get /rop/A20251125.1545-1600_ZC98L.xml.gz /ericsson/log/amos/moshell_logfiles/t20251125_37258710_65084/logs_moshell/pmfiles/19.31.16.237/rop/A20251125.1545-1600_ZC98L.xml.gz ... OK
...Checking available boards on node...

Collecting RCS board data ...
.................................................................................
.
...........................................................................................................................................................................................................................................................
.........
Collecting TN data...
............................................................................................................................................................................................................................................................................
Collecting RF data...
.
Collecting Alarms...
Executing action Log.export()
...
Log=AlarmLog                    actionId=4783
............
Executing action LogM.exportAvailabilityLog()
..LogM=1,exportAvailabilityLog    actionId=4784
........Parsing alarmLog.........Done.
Parsing availabilityLog........Done.
...........

Total: 3 CPRI links (3 OK, 0 OKW, 0 NOK, 0 NT)

+--------+                      +--------------------+
|        | A        O101     D2 |    Radio-S210-1    |
|        |-----------1----------| RRU227922B822B20C* |
|        |         OK-59m       |       BXP_3        |
|        |                      +--------------------+
|        |                                     |A  |B
|        |                 SE=210* AG=210 GT=ZC98D1/0
|        |                                GT=ZC98D1/1
|        |
|        |                      +--------------------+
|        | B        O101     D2 |    Radio-S211-1    |
|        |-----------2----------| RRU227922B822B20C* |
|        |         OK-58m       |       BXP_4        |
|  BB-1  |                      +--------------------+
| BB6630 |                                     |A  |B
| 000100 |                 SE=211* AG=211 GT=ZC98D2/0
|        |                                GT=ZC98D2/1
|        |
|        |                      +---------------+
|        | D        O101     D1 | Radio-S180-1  |
|        |-----------3----------|   RRU4415B7   |
|        |         OK-58m       |     BXP_2     |
|        |                      +---------------+
|        |                        |A  |B  |C  |D
|        |                 SE=180 AG=180  |   |
|        |                    FDD=ZC98L1  |   |
|        |                         SE=181 AG=181
|        |                            FDD=ZC98L2
|        |
+--------+

=====================================================================================================================================
ID RiL    Type Res MO1-MO2                  BOARD1-BOARD2             AlmIDs Cells (States)                Issue (Failed checks)
=====================================================================================================================================
 1 S210-1 O101 OK  BB-1(A) Radio-S210-1(D2) BB6630 RRU227922B822B20C*        GT=ZC98D1/0 GT=ZC98D1/1 (1,1) Passed
 2 S211-1 O101 OK  BB-1(B) Radio-S211-1(D2) BB6630 RRU227922B822B20C*        GT=ZC98D2/0 GT=ZC98D2/1 (1,1) Passed
 3 S180-1 O101 OK  BB-1(D) Radio-S180-1(D1) BB6630 RRU4415B7                 FDD=ZC98L1 FDD=ZC98L2 (1,1)   Passed
-------------------------------------------------------------------------------------------------------------------------------------

Node: RadioNode GL   CXP9024418/16_R8D21 (RCG123.3-3)   G2   GSM LTE-FDD 

=====================================================================================================================================
FRU          ;LNH    ;BOARD              ;ST ;FAULT ;OPER ;MAINT ;STAT ;PRODUCTNUMBER   ;REV     ;SERIAL        ;DATE     ;PMTEMP ; TEMP ; UPT ;VOLT ;SW                   ;
=====================================================================================================================================
BB-1         ;000100 ;BB6630             ; 1 ;  OFF ;  ON ;  OFF ;  ON ;KDU137848/11    ;R3E     ;E96A00NRTQ    ;20220224 ;3 (OK) ;      ;0.59 ;48   ;                     ;
Radio-S180-1 ;BXP_2  ;RRU4415B7          ; 1 ;  OFF ;  ON ;  OFF ; N/A ;KRC161495/1     ;R5FC    ;TU8U01FR57    ;20220319 ;4 (OK) ; 29.4 ;2.66 ;53.2 ;CXP9013268%15_R101KB ; (Radio4415B7)
Radio-S210-1 ;BXP_3  ;RRU227922B822B20C* ; 1 ;  OFF ;  ON ;  OFF ; N/A ;KRC161864/1     ;R1E     ;TU8U01G2SZ    ;20220324 ;4 (OK) ; 32.0 ;2.66 ;52.7 ;CXP9013268%15_R101KB ; (Radio227922B822B20C)
Radio-S211-1 ;BXP_4  ;RRU227922B822B20C* ; 1 ;  OFF ;  ON ;  OFF ; N/A ;KRC161864/1     ;R1E     ;TU8U01G2TW    ;20220324 ;4 (OK) ; 31.5 ;2.66 ;53.0 ;CXP9013268%15_R101KB ; (Radio227922B822B20C)
-------------------------------------------------------------------------------------------------------------------------------------

=====================================================================================================================================
XPBOARD  ;ST ;FAULT ;OPER ;PRODUCTNUMBER ;REV ;SERIAL/NAME ;DATE     ; TEMP ;MO
=====================================================================================================================================
FAN      ; 1 ;N/A   ;N/A  ;BKV106217/1   ;N/A ;N/A         ;N/A      ;      ;SupportUnit=1 (FAN  BB-1)
-------------------------------------------------------------------------------------------------------------------------------------

=====================================================================================================================================
ID ;T ;RiL    ;BPBP ;BOARD1             ;LNH1 ;PORT ;R ;LINK ;RATE  ; BER ;BOARD2             ;LNH2 ;PORT ;R ;LINK ;RATE  ; BER ;LENGTH ;MO1 - MO2
=====================================================================================================================================
 1 ;O ;S210-1 ;1111 ;BB6630             ;000100 ; 1 ;M ;Up   ;10.1G ;   0 ;RRU227922B822B20C* ;BXP_3  ; 1 ;S ;Up   ;10.1G ;   0 ;   59m ;Fru=BB-1(A) Fru=Radio-S210-1(D2)
 2 ;O ;S211-1 ;1111 ;BB6630             ;000100 ; 2 ;M ;Up   ;10.1G ;   0 ;RRU227922B822B20C* ;BXP_4  ; 1 ;S ;Up   ;10.1G ;   0 ;   58m ;Fru=BB-1(B) Fru=Radio-S211-1(D2)
 3 ;O ;S180-1 ;1111 ;BB6630             ;000100 ; 4 ;M ;Up   ;10.1G ;   0 ;RRU4415B7          ;BXP_2  ; 0 ;S ;Up   ;10.1G ;   0 ;   58m ;Fru=BB-1(D) Fru=Radio-S180-1(D1)
-------------------------------------------------------------------------------------------------------------------------------------

=====================================================================================================================================
ID ;LINK ;RiL    ;VENDOR1  ;VENDORPROD1     ;REV1 ;SERIAL1    ;DATE1    ;ERICSSONPROD1  ;VENDOR2  ;VENDORPROD2     ;REV2 ;SERIAL2    ;DATE2    ;ERICSSONPROD2  ;TT ;WL1     ;WL2    
=====================================================================================================================================
 1 ;Up   ;S210-1 ;ERICSSON ;EOLP-1396-02-I9 ;1.0  ;PM6J437431 ;20210919 ;RDH10265/2 R1A ;ERICSSON ;EOLP-1396-02-I9 ;1.0  ;PM6F170818 ;20210922 ;RDH10265/2 R1A ;0  ;1310.00 ;1310.00
 2 ;Up   ;S211-1 ;ERICSSON ;EOLP-1396-02-I9 ;1.0  ;PM6F170822 ;20210922 ;RDH10265/2 R1A ;ERICSSON ;EOLP-1396-02-I9 ;1.0  ;PM6J437471 ;20210919 ;RDH10265/2 R1A ;0  ;1310.00 ;1310.00
 3 ;Up   ;S180-1 ;ERICSSON ;EOLP-1396-02-I9 ;1.0  ;PM6F170883 ;20210922 ;RDH10265/2 R1A ;ERICSSON ;EOLP-1396-02-IY ;1.0  ;PM85328327 ;20211029 ;RDH10265/2 R1A ;0  ;1310.00 ;1310.00
-------------------------------------------------------------------------------------------------------------------------------------

=====================================================================================================================================
ID ;LINK ;RiL    ;WL1     ;TEMP1 ;TXbs1 ;TXdBm1 ;RXdBm1 ;BER1   ;WL2     ;TEMP2 ;TXbs2 ;TXdBm2 ;RXdBm2 ;BER2   ;DlLoss ;UlLoss ;LENGTH ;TT
=====================================================================================================================================
 1 ;Up   ;S210-1 ;1310.00 ;40C   ;44%   ;-1.88  ;-1.56  ;   0   ;1310.00 ;30C   ;45%   ;-1.81  ;-2.88  ;   0   ;     1 ; -0.25 ;   59m ; 0
 2 ;Up   ;S211-1 ;1310.00 ;41C   ;44%   ;-2.77  ;-5.10  ;   0   ;1310.00 ;29C   ;43%   ;-1.63  ;-3.07  ;   0   ;   0.3 ;  3.47 ;   58m ; 0
 3 ;Up   ;S180-1 ;1310.00 ;40C   ;45%   ;-2.40  ;-4.66  ;   0   ;1310.00 ;27C   ;38%   ;-2.99  ;-2.07  ;   0   ; -0.33 ;  1.67 ;   58m ; 0
-------------------------------------------------------------------------------------------------------------------------------------

=====================================================================================================================================
ID ;RiL    ;BOARD              ;SFPLNH  ;PORT ;VENDOR   ;VENDORPROD      ;REV  ;SERIAL     ;DATE     ;ERICSSONPROD   ;WL      ;TEMP  ;TXbs  ;TXdBm  ;RXdBm  ; BER
=====================================================================================================================================
 1 ;S210-1 ;BB6630             ;000100   ;  1 ;ERICSSON ;EOLP-1396-02-I9 ;1.0  ;PM6J437431 ;20210919 ;RDH10265/2 R1A ;1310.00 ;40C   ;44%   ;-1.88  ;-1.56  ;   0
 2 ;S211-1 ;BB6630             ;000100   ;  2 ;ERICSSON ;EOLP-1396-02-I9 ;1.0  ;PM6F170822 ;20210922 ;RDH10265/2 R1A ;1310.00 ;41C   ;44%   ;-2.77  ;-5.10  ;   0
 3 ;S180-1 ;BB6630             ;000100   ;  4 ;ERICSSON ;EOLP-1396-02-I9 ;1.0  ;PM6F170883 ;20210922 ;RDH10265/2 R1A ;1310.00 ;40C   ;45%   ;-2.40  ;-4.66  ;   0
 3 ;S180-1 ;RRU4415B7          ;BXP_2    ;  0 ;ERICSSON ;EOLP-1396-02-IY ;1.0  ;PM85328327 ;20211029 ;RDH10265/2 R1A ;1310.00 ;27C   ;38%   ;-2.99  ;-2.07  ;   0
 1 ;S210-1 ;RRU227922B822B20C* ;BXP_3    ;  1 ;ERICSSON ;EOLP-1396-02-I9 ;1.0  ;PM6F170818 ;20210922 ;RDH10265/2 R1A ;1310.00 ;30C   ;45%   ;-1.81  ;-2.88  ;   0
 2 ;S211-1 ;RRU227922B822B20C* ;BXP_4    ;  1 ;ERICSSON ;EOLP-1396-02-I9 ;1.0  ;PM6J437471 ;20210919 ;RDH10265/2 R1A ;1310.00 ;29C   ;43%   ;-1.63  ;-3.07  ;   0
-------------------------------------------------------------------------------------------------------------------------------------
TN ;       ;BB6630             ;000100   ;  A ;ERICSSON ;EOLP-1396-02-I9 ;1.0  ;PM6F170842 ;20210922 ;RDH10265/2 R1A ;0       ;38C   ;46%   ;-1.50  ;-1.67  ;NZ/0
-------------------------------------------------------------------------------------------------------------------------------------

=====================================================================================================================================
BOARD  ;LNH    ;PORT   ;T ;S ;OpMode   ;AutoNeg ;MacAddress        ;VlanIds        ;LOS ;BER
=====================================================================================================================================
BB6630 ;000100 ;IDL_A1 ;E ;1 ;10G_FULL ;false   ;7C:72:6E:74:88:D5 ;3908           ;0   ;0/0
BB6630 ;000100 ;TN_A   ;O ;1 ;10G_FULL ;false   ;7C:72:6E:74:88:D1 ;3901,3908,3910 ;0   ;NZ/0
-------------------------------------------------------------------------------------------------------------------------------------

radioClockState : RNT_TIME_LOCKED
-------------------------------------------------------------------------------------
Prio  ;ST  ;syncRefType    ;refStatus  ;opQualLevel  ;SyncReference
-------------------------------------------------------------------------------------
   1  ; 1  ;PTP_TIME       ;NO_FAULT   ;PRTC         ;Ptp=1,BoundaryOrdinaryClock=PTP (G_8275_1 EthernetPort=TN_A:SLAVE)
   2  ; 1  ;NTP_FREQUENCY  ;NO_FAULT   ;PRC          ;Ntp=1,NtpFrequencySync=NTP1 (10.31.0.54:32751 Router=45G_Traffic,InterfaceIPv4=LTE,AddressIPv4=LTE)
-------------------------------------------------------------------------------------
-------------------------------------------------------------------------------------
Prio  ;ST  ;assistRefStatus  ;recQualLevel  ;AssistingReference
-------------------------------------------------------------------------------------
   1  ; 0  ;UNKNOWN          ;PRTC          ;Synchronization=1,SyncEthInput=SyncE (SFP_OPTICAL EthernetPort=TN_A)
-------------------------------------------------------------------------------------
nodeGroupRole   : SYNC_RECEIVER (syncNodePriority=3, selectionMode=NODE_PRIORITY)
-------------------------------------------------------------------------------------
DU  ;Port  ;sharedUnitRef (RiPortA - RiPortB)  ;remoteNodePriority  ;CandidateStatus
-------------------------------------------------------------------------------------
1   ;B     ;Fru=Radio-S211-1 (2 - 1)           ;1                   ;OK_NOT_ACTIVE
1   ;A     ;Fru=Radio-S210-1 (2 - 1)           ;1                   ;OK_ACTIVE
-------------------------------------------------------------------------------------

=====================================================================================================================================
FRU          ;LNH    ;BOARD              ;RF  ;BP  ;TX (W/dBm)  ;VSWR (RL)   ;RX (dBm) ;UEs/gUEs  ;Sector/AntennaGroup/Cells (State:CellIds:PCIs)
=====================================================================================================================================
Radio-S180-1 ;BXP_2  ;RRU4415B7          ; A  ;11  ;20.4 (43.1) ;1.04 (33.7) ;-99.9    ;0/-       ;SE=180 AG=180 FDD=ZC98L1 (1:21:449)
Radio-S180-1 ;BXP_2  ;RRU4415B7          ; B  ;11  ;-           ;1.11 (25.6) ;-99.9    ;0/-       ;SE=180 AG=180 FDD=ZC98L1 (1:21:449)
Radio-S180-1 ;BXP_2  ;RRU4415B7          ; C  ;11  ;20.9 (43.2) ;1.23 (19.6) ;-99.7    ;1/-       ;SE=181 AG=181 FDD=ZC98L2 (1:22:314)
Radio-S180-1 ;BXP_2  ;RRU4415B7          ; D  ;11  ;-           ;1.18 (21.7) ;-99.3    ;1/-       ;SE=181 AG=181 FDD=ZC98L2 (1:22:314)
Radio-S210-1 ;BXP_3  ;RRU227922B822B20C* ; A  ;11  ;34.3 (45.4) ;1.17 (22.0) ;-97.4    ;-/-       ;SE=210* AG=210 GT=ZC98D1/0 GT=ZC98D1/1 (1, 1)
Radio-S210-1 ;BXP_3  ;RRU227922B822B20C* ; B  ;11  ;24.1 (43.8) ;1.14 (23.9) ;-99.6    ;-/-       ;SE=210* AG=210 GT=ZC98D1/0 GT=ZC98D1/1 (1, 1)
Radio-S211-1 ;BXP_4  ;RRU227922B822B20C* ; A  ;11  ;27.5 (44.4) ;1.22 (20.0) ;-100.1   ;-/-       ;SE=211* AG=211 GT=ZC98D2/0 GT=ZC98D2/1 (1, 1)
Radio-S211-1 ;BXP_4  ;RRU227922B822B20C* ; B  ;11  ;19.6 (42.9) ;1.23 (19.7) ;-98.4    ;-/-       ;SE=211* AG=211 GT=ZC98D2/0 GT=ZC98D2/1 (1, 1)
-------------------------------------------------------------------------------------------------------------------------------------

ZC98L> mfar

251125-17:05:55+0100 19.31.16.237 25.0h MSRBS_NODE_MODEL_25.Q1_198665.224.73_bf81 stopfile=/tmp/3219507
....
Last MO: 16708. Loaded 16708 MOs. Total: 16709 MOs.
........................................
get /rop/A20251125.1430-1445_ZC98L.xml.gz /ericsson/log/amos/moshell_logfiles/t20251125_37258710_65084/logs_moshell/pmfiles/19.31.16.237/rop/A20251125.1430-1445_ZC98L.xml.gz ... OK
get /rop/A20251125.1445-1500_ZC98L.xml.gz /ericsson/log/amos/moshell_logfiles/t20251125_37258710_65084/logs_moshell/pmfiles/19.31.16.237/rop/A20251125.1445-1500_ZC98L.xml.gz ... OK
get /rop/A20251125.1500-1515_ZC98L.xml.gz /ericsson/log/amos/moshell_logfiles/t20251125_37258710_65084/logs_moshell/pmfiles/19.31.16.237/rop/A20251125.1500-1515_ZC98L.xml.gz ... OK

Using hardcoded thresholds: 3, 4.5, and 16.5
================================================================================================================================
SC     SE  Tx/Rx BrPair  RfPort1 - RfPort2               HW       Serial      Cell (State)   Samples   Med  Mean  SDev Pol Res Issue
================================================================================================================================
ZC98L1 180   2/2 0 (1,2) Radio-S180-1(A) Radio-S180-1(B) RRU4415  TU8U01FR57  FDD=ZC98L1 (1)   14440   0.5  -0.0   6.8  NA  OK Passed
ZC98L2 181   2/2 0 (1,2) Radio-S180-1(C) Radio-S180-1(D) RRU4415  TU8U01FR57  FDD=ZC98L2 (1)   12723   0.5   0.6   6.7  NA  OK Passed
================================================================================================================================
Total: 2 SectorCarriers, 2 RfBranch Pairs (2 OK, 0 OKW, 0 NOK, 0 NT)
....
Last MO: 16708. Loaded 16708 MOs. Total: 16709 MOs.

No NRSectorCarrier MOs are defined on the node.

ZC98L> mfitr

251125-17:06:11+0100 19.31.16.237 25.0h MSRBS_NODE_MODEL_25.Q1_198665.224.73_bf81 stopfile=/tmp/3219507
......
Last MO: 16708. Loaded 16708 MOs. Total: 16709 MOs.
......
2025-11-25 17:06
================================================================================================================================
CELL       SC     FRU          BOARD     PUSCH  PUCCH       A      B      C      D  DELTA
================================================================================================================================
FDD=ZC98L1 ZC98L1 Radio-S180-1 RRU4415B7 -119.0 -119.3 -118.9 -118.4                  0.5
FDD=ZC98L2 ZC98L2 Radio-S180-1 RRU4415B7 -118.0 -118.5               -118.7 -118.4    0.3
================================================================================================================================
Bye...
Output has been logged to file /mta_fs/UserFiles/37258710/amosbatch/SDIR/ZC98L.log
